status file for recon-all
Mon Mar  9 01:08:16 CET 2026
#@# MotionCor Mon Mar  9 01:08:18 CET 2026
#@# Talairach Mon Mar  9 01:08:25 CET 2026
#@# Talairach Failure Detection Mon Mar  9 01:12:58 CET 2026
#@# Nu Intensity Correction Mon Mar  9 01:12:58 CET 2026
#@# Intensity Normalization Mon Mar  9 01:16:12 CET 2026
recon-all -s sub-v1s17x0050239_ses-1 finished without error at Mon Mar  9 01:17:47 CET 2026



#New# invocation of recon-all 



status file for recon-all
Mon Mar  9 01:25:42 CET 2026
#@# EM Registration Mon Mar  9 01:25:42 CET 2026
recon-all -s sub-v1s17x0050239_ses-1 finished without error at Mon Mar  9 01:28:08 CET 2026



#New# invocation of recon-all 



status file for recon-all
Mon Mar  9 01:28:10 CET 2026
#@# CA Normalize Mon Mar  9 01:28:10 CET 2026
#@# CA Reg Mon Mar  9 01:29:32 CET 2026
#@# SubCort Seg Mon Mar  9 02:22:07 CET 2026
#@# CC Seg Mon Mar  9 02:53:46 CET 2026
#@# Merge ASeg Mon Mar  9 02:54:22 CET 2026
#@# Intensity Normalization2 Mon Mar  9 02:54:22 CET 2026
#@# Mask BFS Mon Mar  9 02:56:42 CET 2026
#@# WM Segmentation Mon Mar  9 02:56:43 CET 2026
#@# Fill Mon Mar  9 02:58:45 CET 2026
recon-all -s sub-v1s17x0050239_ses-1 finished without error at Mon Mar  9 02:59:52 CET 2026



#New# invocation of recon-all 



status file for recon-all
Mon Mar  9 03:58:39 CET 2026
#@# white curv lh Mon Mar  9 03:58:39 CET 2026
#@# white area lh Mon Mar  9 03:58:39 CET 2026
#@# pial curv lh Mon Mar  9 03:58:39 CET 2026
#@# pial area lh Mon Mar  9 03:58:39 CET 2026
#@# thickness lh Mon Mar  9 03:58:39 CET 2026
#@# area and vertex vol lh Mon Mar  9 03:58:39 CET 2026
#@# white curv rh Mon Mar  9 03:58:39 CET 2026
#@# white area rh Mon Mar  9 03:58:39 CET 2026
#@# pial curv rh Mon Mar  9 03:58:39 CET 2026
#@# pial area rh Mon Mar  9 03:58:39 CET 2026
#@# thickness rh Mon Mar  9 03:58:39 CET 2026
#@# area and vertex vol rh Mon Mar  9 03:58:39 CET 2026
#@# Cortical ribbon mask Mon Mar  9 03:58:39 CET 2026
recon-all -s sub-v1s17x0050239_ses-1 finished without error at Mon Mar  9 04:04:31 CET 2026



#New# invocation of recon-all 



status file for recon-all
Mon Mar  9 04:13:31 CET 2026
#@# white curv lh Mon Mar  9 04:13:31 CET 2026
#@# white area lh Mon Mar  9 04:13:31 CET 2026
#@# pial curv lh Mon Mar  9 04:13:31 CET 2026
#@# pial area lh Mon Mar  9 04:13:31 CET 2026
#@# thickness lh Mon Mar  9 04:13:31 CET 2026
#@# area and vertex vol lh Mon Mar  9 04:13:31 CET 2026
#@# white curv rh Mon Mar  9 04:13:31 CET 2026
#@# white area rh Mon Mar  9 04:13:31 CET 2026
#@# pial curv rh Mon Mar  9 04:13:31 CET 2026
#@# pial area rh Mon Mar  9 04:13:31 CET 2026
#@# thickness rh Mon Mar  9 04:13:31 CET 2026
#@# area and vertex vol rh Mon Mar  9 04:13:31 CET 2026
#@# Curvature Stats lh Mon Mar  9 04:13:31 CET 2026
#@# Curvature Stats rh Mon Mar  9 04:13:35 CET 2026
#@# Relabel Hypointensities Mon Mar  9 04:13:38 CET 2026
#@# APas-to-ASeg Mon Mar  9 04:13:57 CET 2026
#@# AParc-to-ASeg aparc Mon Mar  9 04:14:08 CET 2026
#@# AParc-to-ASeg aparc.a2009s Mon Mar  9 04:14:57 CET 2026
#@# AParc-to-ASeg aparc.DKTatlas Mon Mar  9 04:15:42 CET 2026
#@# WMParc Mon Mar  9 04:16:27 CET 2026
#@# ASeg Stats Mon Mar  9 04:20:26 CET 2026
recon-all -s sub-v1s17x0050239_ses-1 finished without error at Mon Mar  9 04:21:06 CET 2026
