status file for recon-all
Mon Mar  9 02:59:57 CET 2026
#@# Tessellate lh Mon Mar  9 02:59:57 CET 2026
#@# Smooth1 lh Mon Mar  9 03:00:01 CET 2026
#@# Inflation1 lh Mon Mar  9 03:00:05 CET 2026
#@# QSphere lh Mon Mar  9 03:00:19 CET 2026
#@# Fix Topology lh Mon Mar  9 03:01:27 CET 2026
#@# Smooth2 lh Mon Mar  9 03:08:08 CET 2026
#@# Inflation2 lh Mon Mar  9 03:08:12 CET 2026
#@# Curv .H and .K lh Mon Mar  9 03:08:28 CET 2026
#@# Sphere lh Mon Mar  9 03:09:28 CET 2026
#@# Surf Reg lh Mon Mar  9 03:13:38 CET 2026
#@# Jacobian white lh Mon Mar  9 03:19:17 CET 2026
#@# AvgCurv lh Mon Mar  9 03:19:18 CET 2026
#@# Cortical Parc lh Mon Mar  9 03:19:19 CET 2026
#@# white curv lh Mon Mar  9 03:27:10 CET 2026
#@# white area lh Mon Mar  9 03:27:12 CET 2026
#@# pial curv lh Mon Mar  9 03:27:13 CET 2026
#@# pial area lh Mon Mar  9 03:27:16 CET 2026
#@# thickness lh Mon Mar  9 03:27:16 CET 2026
#@# area and vertex vol lh Mon Mar  9 03:27:55 CET 2026
#@# Curvature Stats lh Mon Mar  9 03:27:57 CET 2026
#@# Cortical Parc 2 lh Mon Mar  9 03:28:00 CET 2026
#@# Cortical Parc 3 lh Mon Mar  9 03:28:16 CET 2026
#@# WM/GM Contrast lh Mon Mar  9 03:28:28 CET 2026
recon-all -s sub-v1s17x0050239_ses-1 finished without error at Mon Mar  9 03:28:32 CET 2026



#New# invocation of recon-all 



status file for recon-all
Mon Mar  9 04:04:35 CET 2026
#@# white curv lh Mon Mar  9 04:04:35 CET 2026
#@# white area lh Mon Mar  9 04:04:35 CET 2026
#@# pial curv lh Mon Mar  9 04:04:35 CET 2026
#@# pial area lh Mon Mar  9 04:04:35 CET 2026
#@# thickness lh Mon Mar  9 04:04:35 CET 2026
#@# area and vertex vol lh Mon Mar  9 04:04:35 CET 2026
#@# Parcellation Stats lh Mon Mar  9 04:04:35 CET 2026
#@# Parcellation Stats 2 lh Mon Mar  9 04:05:02 CET 2026
#@# Parcellation Stats 3 lh Mon Mar  9 04:05:16 CET 2026
#@# BA_exvivo Labels lh Mon Mar  9 04:05:30 CET 2026
recon-all -s sub-v1s17x0050239_ses-1 finished without error at Mon Mar  9 04:09:02 CET 2026
