status file for recon-all
Mon Mar  9 03:25:03 CET 2026
#@# Tessellate rh Mon Mar  9 03:25:03 CET 2026
#@# Smooth1 rh Mon Mar  9 03:25:05 CET 2026
#@# Inflation1 rh Mon Mar  9 03:25:07 CET 2026
#@# QSphere rh Mon Mar  9 03:25:14 CET 2026
#@# Fix Topology rh Mon Mar  9 03:25:59 CET 2026
#@# Smooth2 rh Mon Mar  9 03:31:53 CET 2026
#@# Inflation2 rh Mon Mar  9 03:31:55 CET 2026
#@# Curv .H and .K rh Mon Mar  9 03:32:03 CET 2026
#@# Sphere rh Mon Mar  9 03:32:41 CET 2026
#@# Surf Reg rh Mon Mar  9 03:34:36 CET 2026
#@# Jacobian white rh Mon Mar  9 03:37:00 CET 2026
#@# AvgCurv rh Mon Mar  9 03:37:01 CET 2026
#@# Cortical Parc rh Mon Mar  9 03:37:01 CET 2026
#@# white curv rh Mon Mar  9 03:41:49 CET 2026
#@# white area rh Mon Mar  9 03:41:50 CET 2026
#@# pial curv rh Mon Mar  9 03:41:51 CET 2026
#@# pial area rh Mon Mar  9 03:41:52 CET 2026
#@# thickness rh Mon Mar  9 03:41:53 CET 2026
#@# area and vertex vol rh Mon Mar  9 03:42:13 CET 2026
#@# Curvature Stats rh Mon Mar  9 03:42:14 CET 2026
#@# Cortical Parc 2 rh Mon Mar  9 03:42:15 CET 2026
#@# Cortical Parc 3 rh Mon Mar  9 03:42:25 CET 2026
#@# WM/GM Contrast rh Mon Mar  9 03:42:33 CET 2026
recon-all -s sub-v1s17x0050250_ses-1 finished without error at Mon Mar  9 03:42:35 CET 2026



#New# invocation of recon-all 



status file for recon-all
Mon Mar  9 03:49:24 CET 2026
#@# white curv rh Mon Mar  9 03:49:24 CET 2026
#@# white area rh Mon Mar  9 03:49:24 CET 2026
#@# pial curv rh Mon Mar  9 03:49:24 CET 2026
#@# pial area rh Mon Mar  9 03:49:24 CET 2026
#@# thickness rh Mon Mar  9 03:49:24 CET 2026
#@# area and vertex vol rh Mon Mar  9 03:49:24 CET 2026
#@# Parcellation Stats rh Mon Mar  9 03:49:24 CET 2026
#@# Parcellation Stats 2 rh Mon Mar  9 03:49:40 CET 2026
#@# Parcellation Stats 3 rh Mon Mar  9 03:49:47 CET 2026
#@# BA_exvivo Labels rh Mon Mar  9 03:49:55 CET 2026
recon-all -s sub-v1s17x0050250_ses-1 finished without error at Mon Mar  9 03:51:44 CET 2026
