status file for recon-all
Mon Mar  9 03:07:43 CET 2026
#@# Tessellate lh Mon Mar  9 03:07:43 CET 2026
#@# Smooth1 lh Mon Mar  9 03:07:46 CET 2026
#@# Inflation1 lh Mon Mar  9 03:07:48 CET 2026
#@# QSphere lh Mon Mar  9 03:07:56 CET 2026
#@# Fix Topology lh Mon Mar  9 03:08:34 CET 2026
#@# Smooth2 lh Mon Mar  9 03:13:34 CET 2026
#@# Inflation2 lh Mon Mar  9 03:13:36 CET 2026
#@# Curv .H and .K lh Mon Mar  9 03:13:45 CET 2026
#@# Sphere lh Mon Mar  9 03:14:24 CET 2026
#@# Surf Reg lh Mon Mar  9 03:16:36 CET 2026
#@# Jacobian white lh Mon Mar  9 03:19:22 CET 2026
#@# AvgCurv lh Mon Mar  9 03:19:23 CET 2026
#@# Cortical Parc lh Mon Mar  9 03:19:23 CET 2026
#@# white curv lh Mon Mar  9 03:24:14 CET 2026
#@# white area lh Mon Mar  9 03:24:16 CET 2026
#@# pial curv lh Mon Mar  9 03:24:16 CET 2026
#@# pial area lh Mon Mar  9 03:24:17 CET 2026
#@# thickness lh Mon Mar  9 03:24:18 CET 2026
#@# area and vertex vol lh Mon Mar  9 03:24:38 CET 2026
#@# Curvature Stats lh Mon Mar  9 03:24:39 CET 2026
#@# Cortical Parc 2 lh Mon Mar  9 03:24:40 CET 2026
#@# Cortical Parc 3 lh Mon Mar  9 03:24:50 CET 2026
#@# WM/GM Contrast lh Mon Mar  9 03:24:58 CET 2026
recon-all -s sub-v1s17x0050250_ses-1 finished without error at Mon Mar  9 03:25:00 CET 2026



#New# invocation of recon-all 



status file for recon-all
Mon Mar  9 03:47:01 CET 2026
#@# white curv lh Mon Mar  9 03:47:01 CET 2026
#@# white area lh Mon Mar  9 03:47:01 CET 2026
#@# pial curv lh Mon Mar  9 03:47:01 CET 2026
#@# pial area lh Mon Mar  9 03:47:01 CET 2026
#@# thickness lh Mon Mar  9 03:47:01 CET 2026
#@# area and vertex vol lh Mon Mar  9 03:47:01 CET 2026
#@# Parcellation Stats lh Mon Mar  9 03:47:01 CET 2026
#@# Parcellation Stats 2 lh Mon Mar  9 03:47:16 CET 2026
#@# Parcellation Stats 3 lh Mon Mar  9 03:47:24 CET 2026
#@# BA_exvivo Labels lh Mon Mar  9 03:47:31 CET 2026
recon-all -s sub-v1s17x0050250_ses-1 finished without error at Mon Mar  9 03:49:20 CET 2026
