status file for recon-all
Mon Mar  9 02:32:34 CET 2026
#@# Tessellate lh Mon Mar  9 02:32:34 CET 2026
#@# Smooth1 lh Mon Mar  9 02:32:38 CET 2026
#@# Inflation1 lh Mon Mar  9 02:32:41 CET 2026
#@# QSphere lh Mon Mar  9 02:32:53 CET 2026
#@# Fix Topology lh Mon Mar  9 02:33:57 CET 2026
#@# Smooth2 lh Mon Mar  9 02:40:38 CET 2026
#@# Inflation2 lh Mon Mar  9 02:40:42 CET 2026
#@# Curv .H and .K lh Mon Mar  9 02:40:54 CET 2026
#@# Sphere lh Mon Mar  9 02:41:50 CET 2026
#@# Surf Reg lh Mon Mar  9 02:45:07 CET 2026
#@# Jacobian white lh Mon Mar  9 02:49:04 CET 2026
#@# AvgCurv lh Mon Mar  9 02:49:04 CET 2026
#@# Cortical Parc lh Mon Mar  9 02:49:05 CET 2026
#@# white curv lh Mon Mar  9 02:55:23 CET 2026
#@# white area lh Mon Mar  9 02:55:25 CET 2026
#@# pial curv lh Mon Mar  9 02:55:26 CET 2026
#@# pial area lh Mon Mar  9 02:55:28 CET 2026
#@# thickness lh Mon Mar  9 02:55:29 CET 2026
#@# area and vertex vol lh Mon Mar  9 02:56:05 CET 2026
#@# Curvature Stats lh Mon Mar  9 02:56:06 CET 2026
#@# Cortical Parc 2 lh Mon Mar  9 02:56:09 CET 2026
#@# Cortical Parc 3 lh Mon Mar  9 02:56:24 CET 2026
#@# WM/GM Contrast lh Mon Mar  9 02:56:35 CET 2026
recon-all -s sub-v1s17x0050233_ses-1 finished without error at Mon Mar  9 02:56:38 CET 2026



#New# invocation of recon-all 



status file for recon-all
Mon Mar  9 03:26:06 CET 2026
#@# white curv lh Mon Mar  9 03:26:06 CET 2026
#@# white area lh Mon Mar  9 03:26:06 CET 2026
#@# pial curv lh Mon Mar  9 03:26:06 CET 2026
#@# pial area lh Mon Mar  9 03:26:06 CET 2026
#@# thickness lh Mon Mar  9 03:26:06 CET 2026
#@# area and vertex vol lh Mon Mar  9 03:26:07 CET 2026
#@# Parcellation Stats lh Mon Mar  9 03:26:07 CET 2026
#@# Parcellation Stats 2 lh Mon Mar  9 03:26:31 CET 2026
#@# Parcellation Stats 3 lh Mon Mar  9 03:26:43 CET 2026
#@# BA_exvivo Labels lh Mon Mar  9 03:26:56 CET 2026
recon-all -s sub-v1s17x0050233_ses-1 finished without error at Mon Mar  9 03:29:41 CET 2026
