status file for recon-all
Mon Mar  9 03:00:56 CET 2026
#@# Tessellate lh Mon Mar  9 03:00:56 CET 2026
#@# Smooth1 lh Mon Mar  9 03:01:00 CET 2026
#@# Inflation1 lh Mon Mar  9 03:01:03 CET 2026
#@# QSphere lh Mon Mar  9 03:01:18 CET 2026
#@# Fix Topology lh Mon Mar  9 03:02:34 CET 2026
#@# Smooth2 lh Mon Mar  9 03:10:16 CET 2026
#@# Inflation2 lh Mon Mar  9 03:10:20 CET 2026
#@# Curv .H and .K lh Mon Mar  9 03:10:35 CET 2026
#@# Sphere lh Mon Mar  9 03:11:29 CET 2026
#@# Surf Reg lh Mon Mar  9 03:14:43 CET 2026
#@# Jacobian white lh Mon Mar  9 03:19:29 CET 2026
#@# AvgCurv lh Mon Mar  9 03:19:30 CET 2026
#@# Cortical Parc lh Mon Mar  9 03:19:31 CET 2026
#@# white curv lh Mon Mar  9 03:26:20 CET 2026
#@# white area lh Mon Mar  9 03:26:22 CET 2026
#@# pial curv lh Mon Mar  9 03:26:23 CET 2026
#@# pial area lh Mon Mar  9 03:26:25 CET 2026
#@# thickness lh Mon Mar  9 03:26:26 CET 2026
#@# area and vertex vol lh Mon Mar  9 03:26:59 CET 2026
#@# Curvature Stats lh Mon Mar  9 03:27:00 CET 2026
#@# Cortical Parc 2 lh Mon Mar  9 03:27:03 CET 2026
#@# Cortical Parc 3 lh Mon Mar  9 03:27:18 CET 2026
#@# WM/GM Contrast lh Mon Mar  9 03:27:29 CET 2026
recon-all -s sub-v1s17x0050243_ses-1 finished without error at Mon Mar  9 03:27:32 CET 2026



#New# invocation of recon-all 



status file for recon-all
Mon Mar  9 04:01:16 CET 2026
#@# white curv lh Mon Mar  9 04:01:17 CET 2026
#@# white area lh Mon Mar  9 04:01:17 CET 2026
#@# pial curv lh Mon Mar  9 04:01:17 CET 2026
#@# pial area lh Mon Mar  9 04:01:17 CET 2026
#@# thickness lh Mon Mar  9 04:01:17 CET 2026
#@# area and vertex vol lh Mon Mar  9 04:01:17 CET 2026
#@# Parcellation Stats lh Mon Mar  9 04:01:17 CET 2026
#@# Parcellation Stats 2 lh Mon Mar  9 04:01:39 CET 2026
#@# Parcellation Stats 3 lh Mon Mar  9 04:01:51 CET 2026
#@# BA_exvivo Labels lh Mon Mar  9 04:02:05 CET 2026
recon-all -s sub-v1s17x0050243_ses-1 finished without error at Mon Mar  9 04:04:53 CET 2026
