status file for recon-all
Mon Mar  9 01:15:38 CET 2026
#@# MotionCor Mon Mar  9 01:15:40 CET 2026
#@# Talairach Mon Mar  9 01:15:47 CET 2026
#@# Talairach Failure Detection Mon Mar  9 01:20:12 CET 2026
#@# Nu Intensity Correction Mon Mar  9 01:20:12 CET 2026
#@# Intensity Normalization Mon Mar  9 01:23:28 CET 2026
recon-all -s sub-v1s17x0050243_ses-1 finished without error at Mon Mar  9 01:25:07 CET 2026



#New# invocation of recon-all 



status file for recon-all
Mon Mar  9 01:32:56 CET 2026
#@# EM Registration Mon Mar  9 01:32:56 CET 2026
recon-all -s sub-v1s17x0050243_ses-1 finished without error at Mon Mar  9 01:34:52 CET 2026



#New# invocation of recon-all 



status file for recon-all
Mon Mar  9 01:34:55 CET 2026
#@# CA Normalize Mon Mar  9 01:34:55 CET 2026
#@# CA Reg Mon Mar  9 01:36:19 CET 2026
#@# SubCort Seg Mon Mar  9 02:24:01 CET 2026
#@# CC Seg Mon Mar  9 02:54:50 CET 2026
#@# Merge ASeg Mon Mar  9 02:55:30 CET 2026
#@# Intensity Normalization2 Mon Mar  9 02:55:30 CET 2026
#@# Mask BFS Mon Mar  9 02:57:47 CET 2026
#@# WM Segmentation Mon Mar  9 02:57:48 CET 2026
#@# Fill Mon Mar  9 02:59:52 CET 2026
recon-all -s sub-v1s17x0050243_ses-1 finished without error at Mon Mar  9 03:00:51 CET 2026



#New# invocation of recon-all 



status file for recon-all
Mon Mar  9 03:54:28 CET 2026
#@# white curv lh Mon Mar  9 03:54:28 CET 2026
#@# white area lh Mon Mar  9 03:54:28 CET 2026
#@# pial curv lh Mon Mar  9 03:54:28 CET 2026
#@# pial area lh Mon Mar  9 03:54:28 CET 2026
#@# thickness lh Mon Mar  9 03:54:28 CET 2026
#@# area and vertex vol lh Mon Mar  9 03:54:28 CET 2026
#@# white curv rh Mon Mar  9 03:54:28 CET 2026
#@# white area rh Mon Mar  9 03:54:28 CET 2026
#@# pial curv rh Mon Mar  9 03:54:28 CET 2026
#@# pial area rh Mon Mar  9 03:54:28 CET 2026
#@# thickness rh Mon Mar  9 03:54:28 CET 2026
#@# area and vertex vol rh Mon Mar  9 03:54:28 CET 2026
#@# Cortical ribbon mask Mon Mar  9 03:54:28 CET 2026
recon-all -s sub-v1s17x0050243_ses-1 finished without error at Mon Mar  9 04:01:13 CET 2026



#New# invocation of recon-all 



status file for recon-all
Mon Mar  9 04:08:32 CET 2026
#@# white curv lh Mon Mar  9 04:08:33 CET 2026
#@# white area lh Mon Mar  9 04:08:33 CET 2026
#@# pial curv lh Mon Mar  9 04:08:33 CET 2026
#@# pial area lh Mon Mar  9 04:08:33 CET 2026
#@# thickness lh Mon Mar  9 04:08:33 CET 2026
#@# area and vertex vol lh Mon Mar  9 04:08:33 CET 2026
#@# white curv rh Mon Mar  9 04:08:33 CET 2026
#@# white area rh Mon Mar  9 04:08:33 CET 2026
#@# pial curv rh Mon Mar  9 04:08:33 CET 2026
#@# pial area rh Mon Mar  9 04:08:33 CET 2026
#@# thickness rh Mon Mar  9 04:08:33 CET 2026
#@# area and vertex vol rh Mon Mar  9 04:08:33 CET 2026
#@# Curvature Stats lh Mon Mar  9 04:08:33 CET 2026
#@# Curvature Stats rh Mon Mar  9 04:08:36 CET 2026
#@# Relabel Hypointensities Mon Mar  9 04:08:38 CET 2026
#@# APas-to-ASeg Mon Mar  9 04:08:55 CET 2026
#@# AParc-to-ASeg aparc Mon Mar  9 04:09:03 CET 2026
#@# AParc-to-ASeg aparc.a2009s Mon Mar  9 04:09:54 CET 2026
#@# AParc-to-ASeg aparc.DKTatlas Mon Mar  9 04:10:48 CET 2026
#@# WMParc Mon Mar  9 04:11:44 CET 2026
#@# ASeg Stats Mon Mar  9 04:15:54 CET 2026
recon-all -s sub-v1s17x0050243_ses-1 finished without error at Mon Mar  9 04:16:35 CET 2026
