status file for recon-all
Mon Mar  9 03:27:36 CET 2026
#@# Tessellate rh Mon Mar  9 03:27:36 CET 2026
#@# Smooth1 rh Mon Mar  9 03:27:40 CET 2026
#@# Inflation1 rh Mon Mar  9 03:27:43 CET 2026
#@# QSphere rh Mon Mar  9 03:27:58 CET 2026
#@# Fix Topology rh Mon Mar  9 03:29:17 CET 2026
#@# Smooth2 rh Mon Mar  9 03:36:36 CET 2026
#@# Inflation2 rh Mon Mar  9 03:36:40 CET 2026
#@# Curv .H and .K rh Mon Mar  9 03:36:55 CET 2026
#@# Sphere rh Mon Mar  9 03:37:48 CET 2026
#@# Surf Reg rh Mon Mar  9 03:41:30 CET 2026
#@# Jacobian white rh Mon Mar  9 03:46:29 CET 2026
#@# AvgCurv rh Mon Mar  9 03:46:30 CET 2026
#@# Cortical Parc rh Mon Mar  9 03:46:31 CET 2026
#@# white curv rh Mon Mar  9 03:53:10 CET 2026
#@# white area rh Mon Mar  9 03:53:12 CET 2026
#@# pial curv rh Mon Mar  9 03:53:12 CET 2026
#@# pial area rh Mon Mar  9 03:53:15 CET 2026
#@# thickness rh Mon Mar  9 03:53:15 CET 2026
#@# area and vertex vol rh Mon Mar  9 03:53:49 CET 2026
#@# Curvature Stats rh Mon Mar  9 03:53:50 CET 2026
#@# Cortical Parc 2 rh Mon Mar  9 03:53:53 CET 2026
#@# Cortical Parc 3 rh Mon Mar  9 03:54:08 CET 2026
#@# WM/GM Contrast rh Mon Mar  9 03:54:19 CET 2026
recon-all -s sub-v1s17x0050243_ses-1 finished without error at Mon Mar  9 03:54:22 CET 2026



#New# invocation of recon-all 



status file for recon-all
Mon Mar  9 04:04:54 CET 2026
#@# white curv rh Mon Mar  9 04:04:55 CET 2026
#@# white area rh Mon Mar  9 04:04:55 CET 2026
#@# pial curv rh Mon Mar  9 04:04:55 CET 2026
#@# pial area rh Mon Mar  9 04:04:55 CET 2026
#@# thickness rh Mon Mar  9 04:04:55 CET 2026
#@# area and vertex vol rh Mon Mar  9 04:04:55 CET 2026
#@# Parcellation Stats rh Mon Mar  9 04:04:55 CET 2026
#@# Parcellation Stats 2 rh Mon Mar  9 04:05:17 CET 2026
#@# Parcellation Stats 3 rh Mon Mar  9 04:05:29 CET 2026
#@# BA_exvivo Labels rh Mon Mar  9 04:05:40 CET 2026
recon-all -s sub-v1s17x0050243_ses-1 finished without error at Mon Mar  9 04:08:29 CET 2026
