status file for recon-all
Mon Mar  9 01:32:39 CET 2026
#@# MotionCor Mon Mar  9 01:32:40 CET 2026
#@# Talairach Mon Mar  9 01:32:48 CET 2026
#@# Talairach Failure Detection Mon Mar  9 01:37:14 CET 2026
#@# Nu Intensity Correction Mon Mar  9 01:37:14 CET 2026
#@# Intensity Normalization Mon Mar  9 01:40:29 CET 2026
recon-all -s sub-v1s17x0050246_ses-1 finished without error at Mon Mar  9 01:42:00 CET 2026



#New# invocation of recon-all 



status file for recon-all
Mon Mar  9 01:49:46 CET 2026
#@# EM Registration Mon Mar  9 01:49:46 CET 2026
recon-all -s sub-v1s17x0050246_ses-1 finished without error at Mon Mar  9 01:51:29 CET 2026



#New# invocation of recon-all 



status file for recon-all
Mon Mar  9 01:51:30 CET 2026
#@# CA Normalize Mon Mar  9 01:51:30 CET 2026
#@# CA Reg Mon Mar  9 01:52:51 CET 2026
#@# SubCort Seg Mon Mar  9 02:42:38 CET 2026
#@# CC Seg Mon Mar  9 03:14:12 CET 2026
#@# Merge ASeg Mon Mar  9 03:14:49 CET 2026
#@# Intensity Normalization2 Mon Mar  9 03:14:49 CET 2026
#@# Mask BFS Mon Mar  9 03:17:07 CET 2026
#@# WM Segmentation Mon Mar  9 03:17:07 CET 2026
#@# Fill Mon Mar  9 03:19:13 CET 2026
recon-all -s sub-v1s17x0050246_ses-1 finished without error at Mon Mar  9 03:20:15 CET 2026



#New# invocation of recon-all 



status file for recon-all
Mon Mar  9 04:18:27 CET 2026
#@# white curv lh Mon Mar  9 04:18:27 CET 2026
#@# white area lh Mon Mar  9 04:18:27 CET 2026
#@# pial curv lh Mon Mar  9 04:18:27 CET 2026
#@# pial area lh Mon Mar  9 04:18:27 CET 2026
#@# thickness lh Mon Mar  9 04:18:27 CET 2026
#@# area and vertex vol lh Mon Mar  9 04:18:27 CET 2026
#@# white curv rh Mon Mar  9 04:18:27 CET 2026
#@# white area rh Mon Mar  9 04:18:27 CET 2026
#@# pial curv rh Mon Mar  9 04:18:27 CET 2026
#@# pial area rh Mon Mar  9 04:18:27 CET 2026
#@# thickness rh Mon Mar  9 04:18:27 CET 2026
#@# area and vertex vol rh Mon Mar  9 04:18:27 CET 2026
#@# Cortical ribbon mask Mon Mar  9 04:18:27 CET 2026
recon-all -s sub-v1s17x0050246_ses-1 finished without error at Mon Mar  9 04:23:12 CET 2026



#New# invocation of recon-all 



status file for recon-all
Mon Mar  9 04:30:44 CET 2026
#@# white curv lh Mon Mar  9 04:30:45 CET 2026
#@# white area lh Mon Mar  9 04:30:45 CET 2026
#@# pial curv lh Mon Mar  9 04:30:45 CET 2026
#@# pial area lh Mon Mar  9 04:30:45 CET 2026
#@# thickness lh Mon Mar  9 04:30:45 CET 2026
#@# area and vertex vol lh Mon Mar  9 04:30:45 CET 2026
#@# white curv rh Mon Mar  9 04:30:45 CET 2026
#@# white area rh Mon Mar  9 04:30:45 CET 2026
#@# pial curv rh Mon Mar  9 04:30:45 CET 2026
#@# pial area rh Mon Mar  9 04:30:45 CET 2026
#@# thickness rh Mon Mar  9 04:30:45 CET 2026
#@# area and vertex vol rh Mon Mar  9 04:30:45 CET 2026
#@# Curvature Stats lh Mon Mar  9 04:30:45 CET 2026
#@# Curvature Stats rh Mon Mar  9 04:30:48 CET 2026
#@# Relabel Hypointensities Mon Mar  9 04:30:51 CET 2026
#@# APas-to-ASeg Mon Mar  9 04:31:07 CET 2026
#@# AParc-to-ASeg aparc Mon Mar  9 04:31:16 CET 2026
#@# AParc-to-ASeg aparc.a2009s Mon Mar  9 04:32:13 CET 2026
#@# AParc-to-ASeg aparc.DKTatlas Mon Mar  9 04:33:07 CET 2026
#@# WMParc Mon Mar  9 04:34:02 CET 2026
#@# ASeg Stats Mon Mar  9 04:38:11 CET 2026
recon-all -s sub-v1s17x0050246_ses-1 finished without error at Mon Mar  9 04:38:53 CET 2026
