status file for recon-all
Mon Mar  9 03:46:25 CET 2026
#@# Tessellate rh Mon Mar  9 03:46:25 CET 2026
#@# Smooth1 rh Mon Mar  9 03:46:29 CET 2026
#@# Inflation1 rh Mon Mar  9 03:46:32 CET 2026
#@# QSphere rh Mon Mar  9 03:46:47 CET 2026
#@# Fix Topology rh Mon Mar  9 03:48:01 CET 2026
#@# Smooth2 rh Mon Mar  9 04:00:56 CET 2026
#@# Inflation2 rh Mon Mar  9 04:01:00 CET 2026
#@# Curv .H and .K rh Mon Mar  9 04:01:16 CET 2026
#@# Sphere rh Mon Mar  9 04:02:11 CET 2026
#@# Surf Reg rh Mon Mar  9 04:04:48 CET 2026
#@# Jacobian white rh Mon Mar  9 04:09:52 CET 2026
#@# AvgCurv rh Mon Mar  9 04:09:52 CET 2026
#@# Cortical Parc rh Mon Mar  9 04:09:53 CET 2026
#@# white curv rh Mon Mar  9 04:17:06 CET 2026
#@# white area rh Mon Mar  9 04:17:08 CET 2026
#@# pial curv rh Mon Mar  9 04:17:09 CET 2026
#@# pial area rh Mon Mar  9 04:17:11 CET 2026
#@# thickness rh Mon Mar  9 04:17:12 CET 2026
#@# area and vertex vol rh Mon Mar  9 04:17:48 CET 2026
#@# Curvature Stats rh Mon Mar  9 04:17:49 CET 2026
#@# Cortical Parc 2 rh Mon Mar  9 04:17:52 CET 2026
#@# Cortical Parc 3 rh Mon Mar  9 04:18:08 CET 2026
#@# WM/GM Contrast rh Mon Mar  9 04:18:19 CET 2026
recon-all -s sub-v1s17x0050246_ses-1 finished without error at Mon Mar  9 04:18:22 CET 2026



#New# invocation of recon-all 



status file for recon-all
Mon Mar  9 04:26:57 CET 2026
#@# white curv rh Mon Mar  9 04:26:57 CET 2026
#@# white area rh Mon Mar  9 04:26:57 CET 2026
#@# pial curv rh Mon Mar  9 04:26:57 CET 2026
#@# pial area rh Mon Mar  9 04:26:57 CET 2026
#@# thickness rh Mon Mar  9 04:26:57 CET 2026
#@# area and vertex vol rh Mon Mar  9 04:26:57 CET 2026
#@# Parcellation Stats rh Mon Mar  9 04:26:57 CET 2026
#@# Parcellation Stats 2 rh Mon Mar  9 04:27:22 CET 2026
#@# Parcellation Stats 3 rh Mon Mar  9 04:27:34 CET 2026
#@# BA_exvivo Labels rh Mon Mar  9 04:27:46 CET 2026
recon-all -s sub-v1s17x0050246_ses-1 finished without error at Mon Mar  9 04:30:38 CET 2026
