status file for recon-all
Mon Mar  9 03:20:19 CET 2026
#@# Tessellate lh Mon Mar  9 03:20:19 CET 2026
#@# Smooth1 lh Mon Mar  9 03:20:23 CET 2026
#@# Inflation1 lh Mon Mar  9 03:20:26 CET 2026
#@# QSphere lh Mon Mar  9 03:20:40 CET 2026
#@# Fix Topology lh Mon Mar  9 03:21:57 CET 2026
#@# Smooth2 lh Mon Mar  9 03:28:35 CET 2026
#@# Inflation2 lh Mon Mar  9 03:28:38 CET 2026
#@# Curv .H and .K lh Mon Mar  9 03:28:54 CET 2026
#@# Sphere lh Mon Mar  9 03:29:48 CET 2026
#@# Surf Reg lh Mon Mar  9 03:33:25 CET 2026
#@# Jacobian white lh Mon Mar  9 03:37:49 CET 2026
#@# AvgCurv lh Mon Mar  9 03:37:50 CET 2026
#@# Cortical Parc lh Mon Mar  9 03:37:50 CET 2026
#@# white curv lh Mon Mar  9 03:45:06 CET 2026
#@# white area lh Mon Mar  9 03:45:08 CET 2026
#@# pial curv lh Mon Mar  9 03:45:09 CET 2026
#@# pial area lh Mon Mar  9 03:45:11 CET 2026
#@# thickness lh Mon Mar  9 03:45:12 CET 2026
#@# area and vertex vol lh Mon Mar  9 03:45:48 CET 2026
#@# Curvature Stats lh Mon Mar  9 03:45:49 CET 2026
#@# Cortical Parc 2 lh Mon Mar  9 03:45:52 CET 2026
#@# Cortical Parc 3 lh Mon Mar  9 03:46:08 CET 2026
#@# WM/GM Contrast lh Mon Mar  9 03:46:19 CET 2026
recon-all -s sub-v1s17x0050246_ses-1 finished without error at Mon Mar  9 03:46:22 CET 2026



#New# invocation of recon-all 



status file for recon-all
Mon Mar  9 04:23:18 CET 2026
#@# white curv lh Mon Mar  9 04:23:19 CET 2026
#@# white area lh Mon Mar  9 04:23:19 CET 2026
#@# pial curv lh Mon Mar  9 04:23:19 CET 2026
#@# pial area lh Mon Mar  9 04:23:19 CET 2026
#@# thickness lh Mon Mar  9 04:23:19 CET 2026
#@# area and vertex vol lh Mon Mar  9 04:23:19 CET 2026
#@# Parcellation Stats lh Mon Mar  9 04:23:19 CET 2026
#@# Parcellation Stats 2 lh Mon Mar  9 04:23:42 CET 2026
#@# Parcellation Stats 3 lh Mon Mar  9 04:23:54 CET 2026
#@# BA_exvivo Labels lh Mon Mar  9 04:24:05 CET 2026
recon-all -s sub-v1s17x0050246_ses-1 finished without error at Mon Mar  9 04:26:54 CET 2026
