status file for recon-all
Mon Mar  9 04:28:18 CET 2026
#@# Tessellate rh Mon Mar  9 04:28:18 CET 2026
#@# Smooth1 rh Mon Mar  9 04:28:22 CET 2026
#@# Inflation1 rh Mon Mar  9 04:28:25 CET 2026
#@# QSphere rh Mon Mar  9 04:28:39 CET 2026
#@# Fix Topology rh Mon Mar  9 04:29:46 CET 2026
#@# Smooth2 rh Mon Mar  9 04:43:32 CET 2026
#@# Inflation2 rh Mon Mar  9 04:43:35 CET 2026
#@# Curv .H and .K rh Mon Mar  9 04:43:50 CET 2026
#@# Sphere rh Mon Mar  9 04:44:41 CET 2026
#@# Surf Reg rh Mon Mar  9 04:48:34 CET 2026
#@# Jacobian white rh Mon Mar  9 04:53:35 CET 2026
#@# AvgCurv rh Mon Mar  9 04:53:36 CET 2026
#@# Cortical Parc rh Mon Mar  9 04:53:37 CET 2026
#@# white curv rh Mon Mar  9 05:00:09 CET 2026
#@# white area rh Mon Mar  9 05:00:11 CET 2026
#@# pial curv rh Mon Mar  9 05:00:11 CET 2026
#@# pial area rh Mon Mar  9 05:00:14 CET 2026
#@# thickness rh Mon Mar  9 05:00:14 CET 2026
#@# area and vertex vol rh Mon Mar  9 05:00:47 CET 2026
#@# Curvature Stats rh Mon Mar  9 05:00:49 CET 2026
#@# Cortical Parc 2 rh Mon Mar  9 05:00:52 CET 2026
#@# Cortical Parc 3 rh Mon Mar  9 05:01:06 CET 2026
#@# WM/GM Contrast rh Mon Mar  9 05:01:18 CET 2026
recon-all -s sub-v1s17x0050257_ses-1 finished without error at Mon Mar  9 05:01:22 CET 2026



#New# invocation of recon-all 



status file for recon-all
Mon Mar  9 05:11:45 CET 2026
#@# white curv rh Mon Mar  9 05:11:45 CET 2026
#@# white area rh Mon Mar  9 05:11:45 CET 2026
#@# pial curv rh Mon Mar  9 05:11:45 CET 2026
#@# pial area rh Mon Mar  9 05:11:45 CET 2026
#@# thickness rh Mon Mar  9 05:11:45 CET 2026
#@# area and vertex vol rh Mon Mar  9 05:11:45 CET 2026
#@# Parcellation Stats rh Mon Mar  9 05:11:45 CET 2026
#@# Parcellation Stats 2 rh Mon Mar  9 05:12:07 CET 2026
#@# Parcellation Stats 3 rh Mon Mar  9 05:12:18 CET 2026
#@# BA_exvivo Labels rh Mon Mar  9 05:12:29 CET 2026
recon-all -s sub-v1s17x0050257_ses-1 finished without error at Mon Mar  9 05:15:23 CET 2026
