/out/sourcedata/freesurfer/sub-v1s17x0051133_ses-1/mri
/opt/freesurfer/bin/talairach_avi
--i orig_nu.mgz --xfm transforms/talairach.auto.xfm
talairach_avi 7.3.2
Linux dna086 5.14.0-427.37.1.el9_4.x86_64 #1 SMP PREEMPT_DYNAMIC Fri Sep 13 12:41:50 EDT 2024 x86_64 x86_64 x86_64 GNU/Linux
Thu Mar 12 11:49:21 CET 2026
mri_convert orig_nu.mgz talsrcimg.img 
reading from orig_nu.mgz...
TR=0.00, TE=0.00, TI=0.00, flip angle=0.00
i_ras = (-1, 3.0559e-10, 0)
j_ras = (0, 9.31323e-10, -1)
k_ras = (1.56433e-09, 1, 0)
writing to talsrcimg.img...
Analyze Output Matrix
-1.00000   0.00000   0.00000   128.73111;
 0.00000   0.00000   1.00000  -121.83247;
 0.00000  -1.00000   0.00000   117.59750;
 0.00000   0.00000   0.00000   1.00000;
--------------------
INFO: set hdr.hist.orient to -1
mpr2mni305 talsrcimg
Thu Mar 12 11:49:21 CET 2026
/opt/freesurfer/bin/mpr2mni305 talsrcimg
mpr2mni305 7.3.2
target=711-2C_as_mni_average_305

---------------------------------------------------------------------
analyzeto4dfp talsrcimg -O0 -y
---------------------------------------------------------------------

freesurfer ifh2hdr.c
Thu Mar 12 11:49:21 2026
Writing: talsrcimg.4dfp.hdr
freesurfer analyzeto4dfp.c
Reading: talsrcimg.hdr
header size 348 bytes
hdr.dime.datatype	offset=70	value=2
hdr.dime.bitpix		offset=72	value=8
hdr.hist.orient		offset=252	value=-1
dimensionality     4
dimensions       256       256       256         1
Reading: talsrcimg.img
Writing: talsrcimg.4dfp.img
Writing: talsrcimg.4dfp.ifh
ifh2hdr talsrcimg -r0to255
ori=2

---------------------------------------------------------------------
gauss_4dfp talsrcimg 1.1
---------------------------------------------------------------------

freesurfer gauss_4dfp.c
Reading: talsrcimg.4dfp.img
Writing: talsrcimg_g11.4dfp.img
image dimensions 256 256 256 padded to 288 288 288
processing volume 1freesurfer ifh2hdr.c
Thu Mar 12 11:49:23 2026
Writing: talsrcimg_g11.4dfp.hdr

Writing: talsrcimg_g11.4dfp.ifh
including: talsrcimg.4dfp.img.rec in talsrcimg_g11.4dfp.img.rec

---------------------------------------------------------------------
imgreg_4dfp /opt/freesurfer/average/711-2C_as_mni_average_305 none talsrcimg_g11 none talsrcimg_to_711-2C_as_mni_average_305_t4 4355
---------------------------------------------------------------------

freesurfer imgreg_4dfp.c
/opt/freesurfer/average/711-2C_as_mni_average_305.4dfp.img
       256       256       256         1
  1.000000  1.000000  1.000000
orientation T byte_order littleendian
Reading image: /opt/freesurfer/average/711-2C_as_mni_average_305.4dfp.img
dimensions:      256       256       256
mmppix:       1.0000   -1.0000   -1.0000
center:     128.0000 -129.0000 -129.0000
talsrcimg_g11.4dfp.img
       256       256       256         1
  1.000000  1.000000  1.000000
orientation T byte_order littleendian
Reading image: talsrcimg_g11.4dfp.img
dimensions:      256       256       256
mmppix:       1.0000   -1.0000   -1.0000
center:     128.0000 -129.0000 -129.0000
t4_read: open error in t4_sub.f l:  41 t4_file(1:l)talsrcimg_to_711-2C_as_mni_average_305_t4 
t4_read: transform initialized to I4
rotation matrix determinant  1.000000
image alignment mode   4355 decimal     1103 hex
   -7.5000  -45.0000  -45.0000 7505.6572   12.3051
    0.0000  -45.0000  -45.0000 7845.1860   12.3309
    7.5000  -45.0000  -45.0000 7499.0894   12.3282
   -7.5000  -37.5000  -45.0000 8199.9697   12.1307
    0.0000  -37.5000  -45.0000 8571.4814   12.1546
    7.5000  -37.5000  -45.0000 8181.3091   12.1511
   -7.5000  -30.0000  -45.0000 9267.0244   12.0923
    0.0000  -30.0000  -45.0000 9672.3086   12.1137
    7.5000  -30.0000  -45.0000 9218.7051   12.1097
   -7.5000  -22.5000  -45.000010354.7568   12.1175
    0.0000  -22.5000  -45.000010799.1348   12.1381
    7.5000  -22.5000  -45.000010276.3740   12.1338
   -7.5000  -15.0000  -45.000011339.6777   12.1117
    0.0000  -15.0000  -45.000011821.1025   12.1346
    7.5000  -15.0000  -45.000011279.0215   12.1311
   -7.5000   -7.5000  -45.000012267.5762   12.0727
    0.0000   -7.5000  -45.000012786.9414   12.0979
    7.5000   -7.5000  -45.000012207.4277   12.0950
   -7.5000    0.0000  -45.000013171.3721   12.0358
    0.0000    0.0000  -45.000013737.5498   12.0609
    7.5000    0.0000  -45.000013077.3691   12.0579
   -7.5000    7.5000  -45.000012974.4062   12.0426
    0.0000    7.5000  -45.000013546.5225   12.0662
    7.5000    7.5000  -45.000012911.8701   12.0629
   -7.5000   15.0000  -45.000012651.0537   12.0852
    0.0000   15.0000  -45.000013194.9043   12.1066
    7.5000   15.0000  -45.000012584.6641   12.1025
   -7.5000   22.5000  -45.000012289.1055   12.1157
    0.0000   22.5000  -45.000012784.6924   12.1363
    7.5000   22.5000  -45.000012210.0596   12.1320
   -7.5000   30.0000  -45.000011848.7012   11.9503
    0.0000   30.0000  -45.000012309.4746   11.9729
    7.5000   30.0000  -45.000011739.2988   11.9695
   -7.5000   37.5000  -45.000011448.8867   11.9118
    0.0000   37.5000  -45.000011900.7305   11.9366
    7.5000   37.5000  -45.000011342.5986   11.9338
   -7.5000   45.0000  -45.000010607.8428   11.5738
    0.0000   45.0000  -45.000011018.6035   11.5980
    7.5000   45.0000  -45.000010496.5576   11.5951
   -7.5000  -45.0000  -37.5000 7918.6313   12.3005
    0.0000  -45.0000  -37.5000 8269.2041   12.3264
    7.5000  -45.0000  -37.5000 7904.1963   12.3310
   -7.5000  -37.5000  -37.5000 8649.2744   12.1247
    0.0000  -37.5000  -37.5000 9033.6865   12.1509
    7.5000  -37.5000  -37.5000 8630.8545   12.1566
   -7.5000  -30.0000  -37.5000 9769.0176   12.0879
    0.0000  -30.0000  -37.500010196.3486   12.1137
    7.5000  -30.0000  -37.5000 9719.4023   12.1184
   -7.5000  -22.5000  -37.500010894.3740   12.1154
    0.0000  -22.5000  -37.500011346.8086   12.1399
    7.5000  -22.5000  -37.500010812.8223   12.1424
   -7.5000  -15.0000  -37.500011939.0391   12.1112
    0.0000  -15.0000  -37.500012438.1143   12.1357
    7.5000  -15.0000  -37.500011869.8525   12.1367
   -7.5000   -7.5000  -37.500012931.2256   12.0705
    0.0000   -7.5000  -37.500013456.9688   12.0955
    7.5000   -7.5000  -37.500012842.0117   12.0976
   -7.5000    0.0000  -37.500013862.4912   12.0307
    0.0000    0.0000  -37.500014436.0869   12.0559
    7.5000    0.0000  -37.500013754.1201   12.0602
   -7.5000    7.5000  -37.500013645.2676   12.0368
    0.0000    7.5000  -37.500014258.6025   12.0628
    7.5000    7.5000  -37.500013567.2861   12.0684
   -7.5000   15.0000  -37.500013281.2344   12.0807
    0.0000   15.0000  -37.500013848.4922   12.1065
    7.5000   15.0000  -37.500013200.4424   12.1112
   -7.5000   22.5000  -37.500012872.5898   12.1137
    0.0000   22.5000  -37.500013411.9336   12.1381
    7.5000   22.5000  -37.500012803.0967   12.1406
   -7.5000   30.0000  -37.500012373.4473   11.9498
    0.0000   30.0000  -37.500012878.6309   11.9740
    7.5000   30.0000  -37.500012284.7812   11.9750
   -7.5000   37.5000  -37.500011942.5254   11.9096
    0.0000   37.5000  -37.500012424.8750   11.9343
    7.5000   37.5000  -37.500011866.7803   11.9364
   -7.5000   45.0000  -37.500011042.3828   11.5689
    0.0000   45.0000  -37.500011458.0088   11.5932
    7.5000   45.0000  -37.500010969.5771   11.5974
   -7.5000  -45.0000  -30.0000 8456.3838   12.8133
    0.0000  -45.0000  -30.0000 8821.3086   12.8345
    7.5000  -45.0000  -30.0000 8436.8369   12.8505
   -7.5000  -37.5000  -30.0000 9242.3965   12.6266
    0.0000  -37.5000  -30.0000 9649.5742   12.6500
    7.5000  -37.5000  -30.0000 9214.5518   12.6672
   -7.5000  -30.0000  -30.000010422.1348   12.5870
    0.0000  -30.0000  -30.000010865.7314   12.6123
    7.5000  -30.0000  -30.000010363.3379   12.6294
   -7.5000  -22.5000  -30.000011594.4756   12.6179
    0.0000  -22.5000  -30.000012080.3975   12.6416
    7.5000  -22.5000  -30.000011531.4336   12.6566
   -7.5000  -15.0000  -30.000012706.4600   12.6164
    0.0000  -15.0000  -30.000013262.0928   12.6384
    7.5000  -15.0000  -30.000012661.5967   12.6512
   -7.5000   -7.5000  -30.000013773.2148   12.5751
    0.0000   -7.5000  -30.000014352.6445   12.5961
    7.5000   -7.5000  -30.000013715.5918   12.6093
   -7.5000    0.0000  -30.000014752.6357   12.5323
    0.0000    0.0000  -30.000015392.1279   12.5531
    7.5000    0.0000  -30.000014678.1973   12.5682
   -7.5000    7.5000  -30.000014503.4551   12.5354
    0.0000    7.5000  -30.000015159.7627   12.5587
    7.5000    7.5000  -30.000014427.2080   12.5756
   -7.5000   15.0000  -30.000014087.3965   12.5797
    0.0000   15.0000  -30.000014711.6768   12.6049
    7.5000   15.0000  -30.000014031.2998   12.6219
   -7.5000   22.5000  -30.000013670.6035   12.6147
    0.0000   22.5000  -30.000014267.7031   12.6384
    7.5000   22.5000  -30.000013603.6709   12.6534
   -7.5000   30.0000  -30.000013080.2939   12.4495
    0.0000   30.0000  -30.000013644.0791   12.4711
    7.5000   30.0000  -30.000013005.6631   12.4838
   -7.5000   37.5000  -30.000012606.4785   12.4087
    0.0000   37.5000  -30.000013129.8809   12.4295
    7.5000   37.5000  -30.000012535.8330   12.4424
   -7.5000   45.0000  -30.000011648.9727   12.0602
    0.0000   45.0000  -30.000012087.5264   12.0802
    7.5000   45.0000  -30.000011590.7148   12.0948
   -7.5000  -45.0000  -22.5000 8983.1846   13.2553
    0.0000  -45.0000  -22.5000 9385.1709   13.2707
    7.5000  -45.0000  -22.5000 8957.6562   13.2897
   -7.5000  -37.5000  -22.5000 9810.2686   13.0602
    0.0000  -37.5000  -22.500010252.3184   13.0772
    7.5000  -37.5000  -22.5000 9766.0049   13.0955
   -7.5000  -30.0000  -22.500011032.3311   13.0164
    0.0000  -30.0000  -22.500011533.8711   13.0353
    7.5000  -30.0000  -22.500010998.8818   13.0551
   -7.5000  -22.5000  -22.500012255.4209   13.0481
    0.0000  -22.5000  -22.500012801.4189   13.0655
    7.5000  -22.5000  -22.500012225.5059   13.0856
   -7.5000  -15.0000  -22.500013449.3438   13.0481
    0.0000  -15.0000  -22.500014057.8232   13.0641
    7.5000  -15.0000  -22.500013406.6094   13.0836
   -7.5000   -7.5000  -22.500014581.1143   13.0083
    0.0000   -7.5000  -22.500015249.4131   13.0238
    7.5000   -7.5000  -22.500014539.4062   13.0425
   -7.5000    0.0000  -22.500015626.8330   12.9654
    0.0000    0.0000  -22.500016338.3027   12.9805
    7.5000    0.0000  -22.500015553.2305   12.9983
   -7.5000    7.5000  -22.500015359.6387   12.9659
    0.0000    7.5000  -22.500016086.0293   12.9830
    7.5000    7.5000  -22.500015282.3818   13.0012
   -7.5000   15.0000  -22.500014870.3486   13.0087
    0.0000   15.0000  -22.500015571.9297   13.0277
    7.5000   15.0000  -22.500014827.4824   13.0474
   -7.5000   22.5000  -22.500014382.7051   13.0439
    0.0000   22.5000  -22.500015051.1631   13.0613
    7.5000   22.5000  -22.500014340.2998   13.0815
   -7.5000   30.0000  -22.500013690.5537   12.8774
    0.0000   30.0000  -22.500014299.6797   12.8932
    7.5000   30.0000  -22.500013630.4141   12.9124
   -7.5000   37.5000  -22.500013193.8145   12.8382
    0.0000   37.5000  -22.500013743.3359   12.8535
    7.5000   37.5000  -22.500013132.5107   12.8719
   -7.5000   45.0000  -22.500012198.5420   12.4863
    0.0000   45.0000  -22.500012675.4062   12.5008
    7.5000   45.0000  -22.500012140.4580   12.5180
   -7.5000  -45.0000  -15.0000 9478.3555   13.5811
    0.0000  -45.0000  -15.0000 9923.0137   13.5958
    7.5000  -45.0000  -15.0000 9449.0635   13.6066
   -7.5000  -37.5000  -15.000010336.0938   13.3823
    0.0000  -37.5000  -15.000010812.4365   13.3965
    7.5000  -37.5000  -15.000010310.0098   13.4050
   -7.5000  -30.0000  -15.000011602.7461   13.3348
    0.0000  -30.0000  -15.000012137.1475   13.3492
    7.5000  -30.0000  -15.000011580.2129   13.3598
   -7.5000  -22.5000  -15.000012863.0127   13.3643
    0.0000  -22.5000  -15.000013447.5195   13.3772
    7.5000  -22.5000  -15.000012838.4424   13.3905
   -7.5000  -15.0000  -15.000014090.7549   13.3629
    0.0000  -15.0000  -15.000014738.1006   13.3764
    7.5000  -15.0000  -15.000014048.9932   13.3911
   -7.5000   -7.5000  -15.000015301.1279   13.3249
    0.0000   -7.5000  -15.000016031.1406   13.3398
    7.5000   -7.5000  -15.000015242.2627   13.3531
   -7.5000    0.0000  -15.000016430.7891   13.2848
    0.0000    0.0000  -15.000017230.8789   13.2989
    7.5000    0.0000  -15.000016345.9365   13.3087
   -7.5000    7.5000  -15.000016186.6514   13.2856
    0.0000    7.5000  -15.000017042.4336   13.2999
    7.5000    7.5000  -15.000016119.8398   13.3084
   -7.5000   15.0000  -15.000015639.6924   13.3271
    0.0000   15.0000  -15.000016446.8535   13.3414
    7.5000   15.0000  -15.000015612.3682   13.3520
   -7.5000   22.5000  -15.000015041.8799   13.3595
    0.0000   22.5000  -15.000015766.3252   13.3723
    7.5000   22.5000  -15.000015022.0576   13.3856
   -7.5000   30.0000  -15.000014211.1660   13.1899
    0.0000   30.0000  -15.000014866.6387   13.2032
    7.5000   30.0000  -15.000014163.8760   13.2178
   -7.5000   37.5000  -15.000013734.2480   13.1525
    0.0000   37.5000  -15.000014332.2529   13.1671
    7.5000   37.5000  -15.000013647.7002   13.1803
   -7.5000   45.0000  -15.000012722.6553   12.8016
    0.0000   45.0000  -15.000013249.2012   12.8153
    7.5000   45.0000  -15.000012637.1895   12.8247
   -7.5000  -45.0000   -7.5000 9924.7881   13.7442
    0.0000  -45.0000   -7.500010389.9883   13.7659
    7.5000  -45.0000   -7.5000 9885.6670   13.7660
   -7.5000  -37.5000   -7.500010818.9023   13.5468
    0.0000  -37.5000   -7.500011311.4355   13.5659
    7.5000  -37.5000   -7.500010786.5938   13.5637
   -7.5000  -30.0000   -7.500012144.2324   13.5000
    0.0000  -30.0000   -7.500012683.9756   13.5169
    7.5000  -30.0000   -7.500012110.7305   13.5157
   -7.5000  -22.5000   -7.500013446.2041   13.5274
    0.0000  -22.5000   -7.500014036.2803   13.5433
    7.5000  -22.5000   -7.500013428.9463   13.5445
   -7.5000  -15.0000   -7.500014695.8623   13.5226
    0.0000  -15.0000   -7.500015355.2363   13.5414
    7.5000  -15.0000   -7.500014680.9199   13.5448
   -7.5000   -7.5000   -7.500015973.2637   13.4831
    0.0000   -7.5000   -7.500016720.9141   13.5046
    7.5000   -7.5000   -7.500015969.3584   13.5073
   -7.5000    0.0000   -7.500017194.1074   13.4442
    0.0000    0.0000   -7.500018054.3848   13.4651
    7.5000    0.0000   -7.500017157.2051   13.4647
   -7.5000    7.5000   -7.500017059.8320   13.4486
    0.0000    7.5000   -7.500018021.6094   13.4677
    7.5000    7.5000   -7.500016967.5254   13.4656
   -7.5000   15.0000   -7.500016577.9961   13.4921
    0.0000   15.0000   -7.500017511.8867   13.5090
    7.5000   15.0000   -7.500016460.9727   13.5078
   -7.5000   22.5000   -7.500015884.2900   13.5210
    0.0000   22.5000   -7.500016660.1035   13.5369
    7.5000   22.5000   -7.500015777.1631   13.5381
   -7.5000   30.0000   -7.500014874.2754   13.3472
    0.0000   30.0000   -7.500015566.2852   13.3658
    7.5000   30.0000   -7.500014776.7969   13.3691
   -7.5000   37.5000   -7.500014313.4365   13.3082
    0.0000   37.5000   -7.500014951.3135   13.3295
    7.5000   37.5000   -7.500014201.0723   13.3322
   -7.5000   45.0000   -7.500013276.8096   12.9577
    0.0000   45.0000   -7.500013846.2295   12.9778
    7.5000   45.0000   -7.500013180.7373   12.9774
   -7.5000  -45.0000    0.000010256.4453   13.7697
    0.0000  -45.0000    0.000010747.3076   13.7987
    7.5000  -45.0000    0.000010245.5176   13.7956
   -7.5000  -37.5000    0.000011191.0381   13.5746
    0.0000  -37.5000    0.000011689.7324   13.6013
    7.5000  -37.5000    0.000011181.7178   13.5974
   -7.5000  -30.0000    0.000012535.2988   13.5316
    0.0000  -30.0000    0.000013062.4150   13.5556
    7.5000  -30.0000    0.000012517.3545   13.5511
   -7.5000  -22.5000    0.000013857.0117   13.5598
    0.0000  -22.5000    0.000014404.1318   13.5828
    7.5000  -22.5000    0.000013851.0830   13.5780
   -7.5000  -15.0000    0.000015181.0752   13.5533
    0.0000  -15.0000    0.000015762.9697   13.5790
    7.5000  -15.0000    0.000015150.3379   13.5751
   -7.5000   -7.5000    0.000016502.9121   13.5097
    0.0000   -7.5000    0.000017187.6016   13.5378
    7.5000   -7.5000    0.000016470.2910   13.5346
   -7.5000    0.0000    0.000017741.4531   13.4684
    0.0000    0.0000    0.000018545.3340   13.4964
    7.5000    0.0000    0.000017672.7207   13.4931
   -7.5000    7.5000    0.000017599.6445   13.4760
    0.0000    7.5000    0.000018450.7012   13.5024
    7.5000    7.5000    0.000017449.3867   13.4987
   -7.5000   15.0000    0.000017161.4375   13.5237
    0.0000   15.0000    0.000018046.1211   13.5476
    7.5000   15.0000    0.000016978.6992   13.5430
   -7.5000   22.5000    0.000016478.7402   13.5534
    0.0000   22.5000    0.000017271.8965   13.5764
    7.5000   22.5000    0.000016303.7295   13.5716
   -7.5000   30.0000    0.000015434.6064   13.3779
    0.0000   30.0000    0.000016159.7480   13.4032
    7.5000   30.0000    0.000015270.4492   13.3994
   -7.5000   37.5000    0.000014786.7002   13.3348
    0.0000   37.5000    0.000015448.9639   13.3626
    7.5000   37.5000    0.000014649.0781   13.3595
   -7.5000   45.0000    0.000013709.6699   12.9820
    0.0000   45.0000    0.000014287.1885   13.0090
    7.5000   45.0000    0.000013598.8496   13.0058
   -7.5000  -45.0000    7.5000 9749.4121   13.7646
    0.0000  -45.0000    7.500010194.7119   13.7935
    7.5000  -45.0000    7.5000 9753.2617   13.7988
   -7.5000  -37.5000    7.500010656.9932   13.5679
    0.0000  -37.5000    7.500011105.7627   13.5972
    7.5000  -37.5000    7.500010648.4014   13.6036
   -7.5000  -30.0000    7.500011941.0098   13.5266
    0.0000  -30.0000    7.500012439.8838   13.5555
    7.5000  -30.0000    7.500011926.5264   13.5608
   -7.5000  -22.5000    7.500013221.2676   13.5575
    0.0000  -22.5000    7.500013759.9072   13.5849
    7.5000  -22.5000    7.500013191.8809   13.5876
   -7.5000  -15.0000    7.500014501.1660   13.5527
    0.0000  -15.0000    7.500015066.5869   13.5802
    7.5000  -15.0000    7.500014444.3184   13.5813
   -7.5000   -7.5000    7.500015755.7119   13.5072
    0.0000   -7.5000    7.500016391.7363   13.5352
    7.5000   -7.5000    7.500015693.4824   13.5375
   -7.5000    0.0000    7.500016862.9395   13.4627
    0.0000    0.0000    7.500017557.3984   13.4909
    7.5000    0.0000    7.500016779.2461   13.4957
   -7.5000    7.5000    7.500016649.8418   13.4695
    0.0000    7.5000    7.500017358.7168   13.4986
    7.5000    7.5000    7.500016533.7305   13.5048
   -7.5000   15.0000    7.500016261.1484   13.5187
    0.0000   15.0000    7.500016983.0664   13.5475
    7.5000   15.0000    7.500016119.1191   13.5528
   -7.5000   22.5000    7.500015641.6143   13.5511
    0.0000   22.5000    7.500016341.6426   13.5785
    7.5000   22.5000    7.500015527.5088   13.5812
   -7.5000   30.0000    7.500014670.1162   13.3773
    0.0000   30.0000    7.500015334.0527   13.4044
    7.5000   30.0000    7.500014563.5283   13.4056
   -7.5000   37.5000    7.500014096.1172   13.3324
    0.0000   37.5000    7.500014721.5244   13.3600
    7.5000   37.5000    7.500013977.1162   13.3623
   -7.5000   45.0000    7.500013091.6338   12.9765
    0.0000   45.0000    7.500013629.1992   13.0037
    7.5000   45.0000    7.500012990.3398   13.0083
   -7.5000  -45.0000   15.0000 9168.6494   13.7652
    0.0000  -45.0000   15.0000 9583.3506   13.7880
    7.5000  -45.0000   15.0000 9161.0410   13.8052
   -7.5000  -37.5000   15.000010007.3389   13.5645
    0.0000  -37.5000   15.000010435.8525   13.5897
    7.5000  -37.5000   15.0000 9986.7578   13.6082
   -7.5000  -30.0000   15.000011218.7793   13.5220
    0.0000  -30.0000   15.000011688.3623   13.5491
    7.5000  -30.0000   15.000011200.3945   13.5675
   -7.5000  -22.5000   15.000012425.8340   13.5552
    0.0000  -22.5000   15.000012920.7334   13.5807
    7.5000  -22.5000   15.000012380.8184   13.5968
   -7.5000  -15.0000   15.000013602.6689   13.5536
    0.0000  -15.0000   15.000014124.4443   13.5772
    7.5000  -15.0000   15.000013555.7500   13.5910
   -7.5000   -7.5000   15.000014739.3076   13.5092
    0.0000   -7.5000   15.000015298.4463   13.5318
    7.5000   -7.5000   15.000014689.5547   13.5459
   -7.5000    0.0000   15.000015746.3926   13.4631
    0.0000    0.0000   15.000016339.7627   13.4855
    7.5000    0.0000   15.000015678.9160   13.5018
   -7.5000    7.5000   15.000015529.1377   13.4665
    0.0000    7.5000   15.000016129.7666   13.4915
    7.5000    7.5000   15.000015468.2998   13.5097
   -7.5000   15.0000   15.000015199.7246   13.5141
    0.0000   15.0000   15.000015815.7793   13.5412
    7.5000   15.0000   15.000015119.5781   13.5595
   -7.5000   22.5000   15.000014658.5938   13.5488
    0.0000   22.5000   15.000015274.8672   13.5743
    7.5000   22.5000   15.000014590.0293   13.5904
   -7.5000   30.0000   15.000013730.9482   13.3782
    0.0000   30.0000   15.000014310.2588   13.4015
    7.5000   30.0000   15.000013658.8760   13.4151
   -7.5000   37.5000   15.000013193.6553   13.3344
    0.0000   37.5000   15.000013762.6992   13.3567
    7.5000   37.5000   15.000013127.7646   13.3706
   -7.5000   45.0000   15.000012255.5928   12.9769
    0.0000   45.0000   15.000012781.6514   12.9985
    7.5000   45.0000   15.000012187.3320   13.0142
   -7.5000  -45.0000   22.5000 8543.6895   13.8512
    0.0000  -45.0000   22.5000 8938.2051   13.8679
    7.5000  -45.0000   22.5000 8540.4961   13.8880
   -7.5000  -37.5000   22.5000 9320.7969   13.6459
    0.0000  -37.5000   22.5000 9733.5684   13.6643
    7.5000  -37.5000   22.5000 9312.3252   13.6837
   -7.5000  -30.0000   22.500010434.3604   13.5999
    0.0000  -30.0000   22.500010896.9521   13.6204
    7.5000  -30.0000   22.500010434.1299   13.6412
   -7.5000  -22.5000   22.500011522.0137   13.6332
    0.0000  -22.5000   22.500012004.4531   13.6522
    7.5000  -22.5000   22.500011514.0508   13.6735
   -7.5000  -15.0000   22.500012595.4619   13.6332
    0.0000  -15.0000   22.500013106.5137   13.6507
    7.5000  -15.0000   22.500012578.3096   13.6714
   -7.5000   -7.5000   22.500013619.6055   13.5914
    0.0000   -7.5000   22.500014161.1875   13.6083
    7.5000   -7.5000   22.500013580.9805   13.6281
   -7.5000    0.0000   22.500014547.1279   13.5463
    0.0000    0.0000   22.500015109.6455   13.5626
    7.5000    0.0000   22.500014484.7900   13.5814
   -7.5000    7.5000   22.500014354.0693   13.5468
    0.0000    7.5000   22.500014917.5547   13.5653
    7.5000    7.5000   22.500014298.9092   13.5845
   -7.5000   15.0000   22.500014029.9219   13.5919
    0.0000   15.0000   22.500014605.7227   13.6124
    7.5000   15.0000   22.500013979.3359   13.6332
   -7.5000   22.5000   22.500013549.3613   13.6268
    0.0000   22.5000   22.500014118.3330   13.6457
    7.5000   22.5000   22.500013505.5527   13.6670
   -7.5000   30.0000   22.500012689.2666   13.4568
    0.0000   30.0000   22.500013221.3535   13.4740
    7.5000   30.0000   22.500012654.9395   13.4944
   -7.5000   37.5000   22.500012219.9375   13.4155
    0.0000   37.5000   22.500012708.2891   13.4321
    7.5000   37.5000   22.500012168.6875   13.4517
   -7.5000   45.0000   22.500011344.6904   13.0570
    0.0000   45.0000   22.500011799.7754   13.0727
    7.5000   45.0000   22.500011280.3252   13.0909
   -7.5000  -45.0000   30.0000 7914.3662   14.0984
    0.0000  -45.0000   30.0000 8287.8828   14.1150
    7.5000  -45.0000   30.0000 7929.7793   14.1266
   -7.5000  -37.5000   30.0000 8618.3975   13.8873
    0.0000  -37.5000   30.0000 9035.8086   13.9032
    7.5000  -37.5000   30.0000 8631.2842   13.9122
   -7.5000  -30.0000   30.0000 9640.8613   13.8376
    0.0000  -30.0000   30.000010088.9980   13.8536
    7.5000  -30.0000   30.0000 9650.3447   13.8645
   -7.5000  -22.5000   30.000010638.9766   13.8694
    0.0000  -22.5000   30.000011105.8691   13.8841
    7.5000  -22.5000   30.000010635.0547   13.8976
   -7.5000  -15.0000   30.000011592.8447   13.8679
    0.0000  -15.0000   30.000012076.1514   13.8832
    7.5000  -15.0000   30.000011582.9385   13.8986
   -7.5000   -7.5000   30.000012513.2139   13.8268
    0.0000   -7.5000   30.000013014.1865   13.8435
    7.5000   -7.5000   30.000012493.7979   13.8577
   -7.5000    0.0000   30.000013350.9893   13.7835
    0.0000    0.0000   30.000013853.3330   13.7995
    7.5000    0.0000   30.000013307.4062   13.8100
   -7.5000    7.5000   30.000013167.3398   13.7846
    0.0000    7.5000   30.000013668.7637   13.8006
    7.5000    7.5000   30.000013129.2031   13.8096
   -7.5000   15.0000   30.000012857.1113   13.8293
    0.0000   15.0000   30.000013395.6416   13.8454
    7.5000   15.0000   30.000012842.0439   13.8561
   -7.5000   22.5000   30.000012435.4893   13.8629
    0.0000   22.5000   30.000012965.1924   13.8776
    7.5000   22.5000   30.000012416.3994   13.8910
   -7.5000   30.0000   30.000011650.3008   13.6884
    0.0000   30.0000   30.000012130.6631   13.7036
    7.5000   30.0000   30.000011617.5635   13.7187
   -7.5000   37.5000   30.000011221.1699   13.6478
    0.0000   37.5000   30.000011688.5068   13.6644
    7.5000   37.5000   30.000011175.3223   13.6784
   -7.5000   45.0000   30.000010408.7646   13.2857
    0.0000   45.0000   30.000010839.3779   13.3011
    7.5000   45.0000   30.000010357.4150   13.3113
   -7.5000  -45.0000   37.5000 7575.1631   14.4895
    0.0000  -45.0000   37.5000 7957.1035   14.5154
    7.5000  -45.0000   37.5000 7611.3906   14.5163
   -7.5000  -37.5000   37.5000 8243.9531   14.2696
    0.0000  -37.5000   37.5000 8674.1533   14.2923
    7.5000  -37.5000   37.5000 8277.8320   14.2902
   -7.5000  -30.0000   37.5000 9226.0479   14.2182
    0.0000  -30.0000   37.5000 9681.0859   14.2386
    7.5000  -30.0000   37.5000 9246.4932   14.2371
   -7.5000  -22.5000   37.500010166.5625   14.2503
    0.0000  -22.5000   37.500010632.0947   14.2703
    7.5000  -22.5000   37.500010178.9326   14.2715
   -7.5000  -15.0000   37.500011065.8350   14.2461
    0.0000  -15.0000   37.500011551.2891   14.2697
    7.5000  -15.0000   37.500011077.3955   14.2737
   -7.5000   -7.5000   37.500011929.9062   14.2015
    0.0000   -7.5000   37.500012427.7256   14.2278
    7.5000   -7.5000   37.500011938.4238   14.2315
   -7.5000    0.0000   37.500012699.5449   14.1571
    0.0000    0.0000   37.500013201.5635   14.1820
    7.5000    0.0000   37.500012687.8857   14.1823
   -7.5000    7.5000   37.500012497.2979   14.1610
    0.0000    7.5000   37.500012990.0068   14.1835
    7.5000    7.5000   37.500012474.7637   14.1815
   -7.5000   15.0000   37.500012234.7656   14.2095
    0.0000   15.0000   37.500012740.0566   14.2298
    7.5000   15.0000   37.500012225.8779   14.2283
   -7.5000   22.5000   37.500011841.6055   14.2436
    0.0000   22.5000   37.500012344.2705   14.2636
    7.5000   22.5000   37.500011843.3135   14.2648
   -7.5000   30.0000   37.500011097.1152   14.0617
    0.0000   30.0000   37.500011571.2021   14.0850
    7.5000   30.0000   37.500011087.7686   14.0890
   -7.5000   37.5000   37.500010680.1582   14.0177
    0.0000   37.5000   37.500011146.4629   14.0437
    7.5000   37.5000   37.500010665.0391   14.0473
   -7.5000   45.0000   37.5000 9905.9072   13.6458
    0.0000   45.0000   37.500010326.1924   13.6699
    7.5000   45.0000   37.5000 9863.6631   13.6701
   -7.5000  -45.0000   45.0000 6928.4878   14.8953
    0.0000  -45.0000   45.0000 7273.8438   14.9339
    7.5000  -45.0000   45.0000 6972.1934   14.9388
   -7.5000  -37.5000   45.0000 7536.9224   14.6666
    0.0000  -37.5000   45.0000 7936.6616   14.7020
    7.5000  -37.5000   45.0000 7589.7729   14.7052
   -7.5000  -30.0000   45.0000 8425.1689   14.6161
    0.0000  -30.0000   45.0000 8859.2578   14.6480
    7.5000  -30.0000   45.0000 8467.1641   14.6499
   -7.5000  -22.5000   45.0000 9279.6826   14.6504
    0.0000  -22.5000   45.0000 9725.6924   14.6815
    7.5000  -22.5000   45.0000 9312.7676   14.6835
   -7.5000  -15.0000   45.000010102.8105   14.6430
    0.0000  -15.0000   45.000010556.0049   14.6775
    7.5000  -15.0000   45.000010131.5801   14.6813
   -7.5000   -7.5000   45.000010866.5293   14.5914
    0.0000   -7.5000   45.000011328.7803   14.6289
    7.5000   -7.5000   45.000010881.4609   14.6336
   -7.5000    0.0000   45.000011551.5527   14.5427
    0.0000    0.0000   45.000012038.3770   14.5800
    7.5000    0.0000   45.000011566.2041   14.5843
   -7.5000    7.5000   45.000011379.8457   14.5508
    0.0000    7.5000   45.000011849.7539   14.5859
    7.5000    7.5000   45.000011373.8818   14.5890
   -7.5000   15.0000   45.000011146.0693   14.6068
    0.0000   15.0000   45.000011617.0107   14.6386
    7.5000   15.0000   45.000011131.4502   14.6405
   -7.5000   22.5000   45.000010784.0039   14.6435
    0.0000   22.5000   45.000011252.2559   14.6745
    7.5000   22.5000   45.000010774.2402   14.6765
   -7.5000   30.0000   45.000010111.9375   14.4522
    0.0000   30.0000   45.000010539.4990   14.4863
    7.5000   30.0000   45.000010089.3086   14.4900
   -7.5000   37.5000   45.0000 9735.9922   14.4013
    0.0000   37.5000   45.000010151.0488   14.4383
    7.5000   37.5000   45.0000 9730.0186   14.4430
   -7.5000   45.0000   45.0000 9027.7373   14.0239
    0.0000   45.0000   45.0000 9413.3633   14.0598
    7.5000   45.0000   45.0000 9003.2451   14.0639

---------------------------------------------------------------------
imgreg_4dfp /opt/freesurfer/average/711-2C_as_mni_average_305 /opt/freesurfer/average/711-2B_as_mni_average_305_mask talsrcimg_g11 none talsrcimg_to_711-2C_as_mni_average_305_t4 4355
---------------------------------------------------------------------

freesurfer imgreg_4dfp.c
/opt/freesurfer/average/711-2C_as_mni_average_305.4dfp.img
       256       256       256         1
  1.000000  1.000000  1.000000
orientation T byte_order littleendian
Reading image: /opt/freesurfer/average/711-2C_as_mni_average_305.4dfp.img
dimensions:      256       256       256
mmppix:       1.0000   -1.0000   -1.0000
center:     128.0000 -129.0000 -129.0000
/opt/freesurfer/average/711-2B_as_mni_average_305_mask.4dfp.img
       256       256       256         1
  1.000000  1.000000  1.000000
orientation T byte_order littleendian
Reading mask: /opt/freesurfer/average/711-2B_as_mni_average_305_mask.4dfp.img (2306576 pixels)
talsrcimg_g11.4dfp.img
       256       256       256         1
  1.000000  1.000000  1.000000
orientation T byte_order littleendian
Reading image: talsrcimg_g11.4dfp.img
dimensions:      256       256       256
mmppix:       1.0000   -1.0000   -1.0000
center:     128.0000 -129.0000 -129.0000
rotation matrix determinant  1.000000
image alignment mode   4355 decimal     1103 hex
   -7.5000  -45.0000  -45.0000 2027.3099   16.0429
    0.0000  -45.0000  -45.0000 2036.4219   16.0703
    7.5000  -45.0000  -45.0000 2026.0612   16.2590
   -7.5000  -37.5000  -45.0000 2148.7593   14.3090
    0.0000  -37.5000  -45.0000 2157.3770   14.2887
    7.5000  -37.5000  -45.0000 2142.5181   14.4437
   -7.5000  -30.0000  -45.0000 2258.6140   12.9835
    0.0000  -30.0000  -45.0000 2265.5447   12.9387
    7.5000  -30.0000  -45.0000 2243.7236   13.0937
   -7.5000  -22.5000  -45.0000 2355.7158   11.9085
    0.0000  -22.5000  -45.0000 2363.9910   11.8538
    7.5000  -22.5000  -45.0000 2341.2568   12.0008
   -7.5000  -15.0000  -45.0000 2422.6169   11.0776
    0.0000  -15.0000  -45.0000 2432.7808   11.0243
    7.5000  -15.0000  -45.0000 2413.3826   11.1469
   -7.5000   -7.5000  -45.0000 2478.8535   10.4629
    0.0000   -7.5000  -45.0000 2487.9524   10.3858
    7.5000   -7.5000  -45.0000 2464.4060   10.5187
   -7.5000    0.0000  -45.0000 2522.3389   10.0722
    0.0000    0.0000  -45.0000 2531.6047    9.9848
    7.5000    0.0000  -45.0000 2504.0103   10.1200
   -7.5000    7.5000  -45.0000 2538.6838    9.8879
    0.0000    7.5000  -45.0000 2546.7144    9.8069
    7.5000    7.5000  -45.0000 2523.9355    9.9397
   -7.5000   15.0000  -45.0000 2544.8000    9.8575
    0.0000   15.0000  -45.0000 2551.0869    9.7754
    7.5000   15.0000  -45.0000 2529.0217    9.9309
   -7.5000   22.5000  -45.0000 2536.7905   10.0369
    0.0000   22.5000  -45.0000 2542.3411    9.9610
    7.5000   22.5000  -45.0000 2518.8711   10.1119
   -7.5000   30.0000  -45.0000 2507.2043   10.4239
    0.0000   30.0000  -45.0000 2515.5623   10.3323
    7.5000   30.0000  -45.0000 2488.6860   10.4897
   -7.5000   37.5000  -45.0000 2452.6699   11.0036
    0.0000   37.5000  -45.0000 2461.7949   10.9060
    7.5000   37.5000  -45.0000 2431.2668   11.0747
   -7.5000   45.0000  -45.0000 2371.2058   11.7966
    0.0000   45.0000  -45.0000 2381.5923   11.7017
    7.5000   45.0000  -45.0000 2349.2756   11.8733
   -7.5000  -45.0000  -37.5000 2087.1995   15.1683
    0.0000  -45.0000  -37.5000 2097.3638   15.1294
    7.5000  -45.0000  -37.5000 2084.9646   15.3120
   -7.5000  -37.5000  -37.5000 2212.4734   13.4858
    0.0000  -37.5000  -37.5000 2224.4624   13.4480
    7.5000  -37.5000  -37.5000 2206.6257   13.6125
   -7.5000  -30.0000  -37.5000 2324.1321   12.1908
    0.0000  -30.0000  -37.5000 2335.2363   12.1603
    7.5000  -30.0000  -37.5000 2310.3040   12.3192
   -7.5000  -22.5000  -37.5000 2420.3728   11.1567
    0.0000  -22.5000  -37.5000 2429.4546   11.1201
    7.5000  -22.5000  -37.5000 2406.8000   11.2633
   -7.5000  -15.0000  -37.5000 2496.6770   10.3449
    0.0000  -15.0000  -37.5000 2506.2539   10.2990
    7.5000  -15.0000  -37.5000 2485.1233   10.4422
   -7.5000   -7.5000  -37.5000 2557.1997    9.7466
    0.0000   -7.5000  -37.5000 2566.2778    9.6780
    7.5000   -7.5000  -37.5000 2544.4373    9.8306
   -7.5000    0.0000  -37.5000 2608.6147    9.3722
    0.0000    0.0000  -37.5000 2617.6975    9.2922
    7.5000    0.0000  -37.5000 2591.0066    9.4296
   -7.5000    7.5000  -37.5000 2636.2717    9.1741
    0.0000    7.5000  -37.5000 2645.9231    9.0960
    7.5000    7.5000  -37.5000 2618.3457    9.2315
   -7.5000   15.0000  -37.5000 2649.7522    9.1252
    0.0000   15.0000  -37.5000 2657.4875    9.0573
    7.5000   15.0000  -37.5000 2629.5198    9.2034
   -7.5000   22.5000  -37.5000 2641.7500    9.3169
    0.0000   22.5000  -37.5000 2653.4434    9.2351
    7.5000   22.5000  -37.5000 2623.2168    9.3868
   -7.5000   30.0000  -37.5000 2610.8120    9.7013
    0.0000   30.0000  -37.5000 2625.8452    9.6124
    7.5000   30.0000  -37.5000 2591.8037    9.7663
   -7.5000   37.5000  -37.5000 2548.2332   10.2666
    0.0000   37.5000  -37.5000 2561.7910   10.1643
    7.5000   37.5000  -37.5000 2528.0581   10.3401
   -7.5000   45.0000  -37.5000 2459.3848   11.0220
    0.0000   45.0000  -37.5000 2470.0791   10.9133
    7.5000   45.0000  -37.5000 2436.0916   11.0885
   -7.5000  -45.0000  -30.0000 2185.2944   14.8915
    0.0000  -45.0000  -30.0000 2194.1111   14.8514
    7.5000  -45.0000  -30.0000 2176.2271   15.0393
   -7.5000  -37.5000  -30.0000 2315.4719   13.2001
    0.0000  -37.5000  -30.0000 2327.1851   13.1578
    7.5000  -37.5000  -30.0000 2303.3511   13.3523
   -7.5000  -30.0000  -30.0000 2425.6648   11.9128
    0.0000  -30.0000  -30.0000 2432.4600   11.8769
    7.5000  -30.0000  -30.0000 2409.3586   12.0518
   -7.5000  -22.5000  -30.0000 2524.5894   10.8709
    0.0000  -22.5000  -30.0000 2533.6074   10.8424
    7.5000  -22.5000  -30.0000 2511.0432   10.9868
   -7.5000  -15.0000  -30.0000 2609.2766   10.0385
    0.0000  -15.0000  -30.0000 2623.2317    9.9989
    7.5000  -15.0000  -30.0000 2598.8650   10.1544
   -7.5000   -7.5000  -30.0000 2680.2134    9.4404
    0.0000   -7.5000  -30.0000 2689.6689    9.3769
    7.5000   -7.5000  -30.0000 2670.4155    9.5356
   -7.5000    0.0000  -30.0000 2737.1570    9.0418
    0.0000    0.0000  -30.0000 2752.1140    8.9765
    7.5000    0.0000  -30.0000 2727.1152    9.1240
   -7.5000    7.5000  -30.0000 2777.3606    8.8345
    0.0000    7.5000  -30.0000 2793.7361    8.7637
    7.5000    7.5000  -30.0000 2760.5393    8.9120
   -7.5000   15.0000  -30.0000 2802.3193    8.7721
    0.0000   15.0000  -30.0000 2814.4116    8.6948
    7.5000   15.0000  -30.0000 2780.4851    8.8624
   -7.5000   22.5000  -30.0000 2797.8794    8.9522
    0.0000   22.5000  -30.0000 2813.6040    8.8676
    7.5000   22.5000  -30.0000 2774.3030    9.0473
   -7.5000   30.0000  -30.0000 2759.4014    9.3588
    0.0000   30.0000  -30.0000 2778.9749    9.2642
    7.5000   30.0000  -30.0000 2739.3276    9.4366
   -7.5000   37.5000  -30.0000 2685.5183    9.9330
    0.0000   37.5000  -30.0000 2703.3462    9.8349
    7.5000   37.5000  -30.0000 2666.7783   10.0062
   -7.5000   45.0000  -30.0000 2587.1091   10.7018
    0.0000   45.0000  -30.0000 2598.0986   10.5941
    7.5000   45.0000  -30.0000 2565.2100   10.7717
   -7.5000  -45.0000  -22.5000 2250.9285   14.5710
    0.0000  -45.0000  -22.5000 2260.9468   14.5338
    7.5000  -45.0000  -22.5000 2242.5161   14.7365
   -7.5000  -37.5000  -22.5000 2381.0774   12.9007
    0.0000  -37.5000  -22.5000 2390.9055   12.8404
    7.5000  -37.5000  -22.5000 2367.1528   13.0207
   -7.5000  -30.0000  -22.5000 2491.8870   11.6203
    0.0000  -30.0000  -22.5000 2501.1233   11.5733
    7.5000  -30.0000  -22.5000 2479.6016   11.7309
   -7.5000  -22.5000  -22.5000 2592.7542   10.5552
    0.0000  -22.5000  -22.5000 2604.4424   10.5092
    7.5000  -22.5000  -22.5000 2584.5713   10.6708
   -7.5000  -15.0000  -22.5000 2688.6614    9.7205
    0.0000  -15.0000  -22.5000 2701.8611    9.6684
    7.5000  -15.0000  -22.5000 2678.8308    9.8202
   -7.5000   -7.5000  -22.5000 2775.4600    9.1178
    0.0000   -7.5000  -22.5000 2786.6875    9.0461
    7.5000   -7.5000  -22.5000 2765.7529    9.1939
   -7.5000    0.0000  -22.5000 2844.5276    8.7016
    0.0000    0.0000  -22.5000 2860.0493    8.6416
    7.5000    0.0000  -22.5000 2831.5222    8.7797
   -7.5000    7.5000  -22.5000 2894.1606    8.4896
    0.0000    7.5000  -22.5000 2915.3303    8.4180
    7.5000    7.5000  -22.5000 2873.9517    8.5690
   -7.5000   15.0000  -22.5000 2922.7346    8.4134
    0.0000   15.0000  -22.5000 2942.8608    8.3226
    7.5000   15.0000  -22.5000 2897.0728    8.5101
   -7.5000   22.5000  -22.5000 2915.6011    8.5765
    0.0000   22.5000  -22.5000 2938.0549    8.4761
    7.5000   22.5000  -22.5000 2888.8093    8.6858
   -7.5000   30.0000  -22.5000 2864.1489    8.9799
    0.0000   30.0000  -22.5000 2889.1904    8.8756
    7.5000   30.0000  -22.5000 2844.1448    9.0755
   -7.5000   37.5000  -22.5000 2782.5754    9.5734
    0.0000   37.5000  -22.5000 2802.6421    9.4652
    7.5000   37.5000  -22.5000 2765.5349    9.6599
   -7.5000   45.0000  -22.5000 2673.3870   10.3553
    0.0000   45.0000  -22.5000 2690.5576   10.2474
    7.5000   45.0000  -22.5000 2655.0146   10.4449
   -7.5000  -45.0000  -15.0000 2284.1570   14.3544
    0.0000  -45.0000  -15.0000 2299.1653   14.2833
    7.5000  -45.0000  -15.0000 2275.7644   14.4908
   -7.5000  -37.5000  -15.0000 2413.2927   12.6671
    0.0000  -37.5000  -15.0000 2427.1333   12.5815
    7.5000  -37.5000  -15.0000 2402.9563   12.7842
   -7.5000  -30.0000  -15.0000 2521.4622   11.3593
    0.0000  -30.0000  -15.0000 2536.7869   11.2858
    7.5000  -30.0000  -15.0000 2515.8350   11.4784
   -7.5000  -22.5000  -15.0000 2622.7930   10.3003
    0.0000  -22.5000  -15.0000 2638.5874   10.2173
    7.5000  -22.5000  -15.0000 2617.4482   10.3937
   -7.5000  -15.0000  -15.0000 2724.3267    9.4511
    0.0000  -15.0000  -15.0000 2740.8420    9.3704
    7.5000  -15.0000  -15.0000 2718.5569    9.5182
   -7.5000   -7.5000  -15.0000 2828.0713    8.8441
    0.0000   -7.5000  -15.0000 2845.1479    8.7547
    7.5000   -7.5000  -15.0000 2819.5588    8.8839
   -7.5000    0.0000  -15.0000 2914.1379    8.4379
    0.0000    0.0000  -15.0000 2933.4722    8.3491
    7.5000    0.0000  -15.0000 2899.3860    8.4861
   -7.5000    7.5000  -15.0000 2970.1628    8.2311
    0.0000    7.5000  -15.0000 3002.5493    8.1403
    7.5000    7.5000  -15.0000 2953.9324    8.2905
   -7.5000   15.0000  -15.0000 3001.5752    8.1503
    0.0000   15.0000  -15.0000 3033.2427    8.0544
    7.5000   15.0000  -15.0000 2976.1904    8.2438
   -7.5000   22.5000  -15.0000 2990.8621    8.2858
    0.0000   22.5000  -15.0000 3021.3723    8.1676
    7.5000   22.5000  -15.0000 2964.3455    8.3950
   -7.5000   30.0000  -15.0000 2927.4624    8.6719
    0.0000   30.0000  -15.0000 2955.2734    8.5601
    7.5000   30.0000  -15.0000 2906.9045    8.7710
   -7.5000   37.5000  -15.0000 2836.7617    9.2927
    0.0000   37.5000  -15.0000 2862.8435    9.1677
    7.5000   37.5000  -15.0000 2819.2947    9.3637
   -7.5000   45.0000  -15.0000 2718.0317   10.1016
    0.0000   45.0000  -15.0000 2738.6333    9.9727
    7.5000   45.0000  -15.0000 2698.3550   10.1585
   -7.5000  -45.0000   -7.5000 2303.0884   14.2122
    0.0000  -45.0000   -7.5000 2323.3640   14.0469
    7.5000  -45.0000   -7.5000 2296.3210   14.2478
   -7.5000  -37.5000   -7.5000 2427.0291   12.5038
    0.0000  -37.5000   -7.5000 2442.4150   12.3802
    7.5000  -37.5000   -7.5000 2420.6526   12.5690
   -7.5000  -30.0000   -7.5000 2535.4277   11.1900
    0.0000  -30.0000   -7.5000 2547.2236   11.0901
    7.5000  -30.0000   -7.5000 2527.5881   11.2851
   -7.5000  -22.5000   -7.5000 2637.4285   10.1321
    0.0000  -22.5000   -7.5000 2648.6511   10.0270
    7.5000  -22.5000   -7.5000 2630.3171   10.2111
   -7.5000  -15.0000   -7.5000 2740.9871    9.2550
    0.0000  -15.0000   -7.5000 2755.4639    9.1633
    7.5000  -15.0000   -7.5000 2735.7495    9.3333
   -7.5000   -7.5000   -7.5000 2849.4304    8.6323
    0.0000   -7.5000   -7.5000 2871.4473    8.5444
    7.5000   -7.5000   -7.5000 2848.0918    8.6892
   -7.5000    0.0000   -7.5000 2942.6194    8.2613
    0.0000    0.0000   -7.5000 2969.7271    8.1648
    7.5000    0.0000   -7.5000 2933.9971    8.3075
   -7.5000    7.5000   -7.5000 3014.3862    8.1019
    0.0000    7.5000   -7.5000 3053.8708    8.0074
    7.5000    7.5000   -7.5000 2996.9680    8.1485
   -7.5000   15.0000   -7.5000 3044.9192    8.0524
    0.0000   15.0000   -7.5000 3089.2268    7.9860
    7.5000   15.0000   -7.5000 3017.4680    8.1056
   -7.5000   22.5000   -7.5000 3022.5608    8.1614
    0.0000   22.5000   -7.5000 3055.4817    8.0706
    7.5000   22.5000   -7.5000 2995.5151    8.2317
   -7.5000   30.0000   -7.5000 2952.0117    8.4915
    0.0000   30.0000   -7.5000 2980.6030    8.3835
    7.5000   30.0000   -7.5000 2932.3411    8.5768
   -7.5000   37.5000   -7.5000 2850.7830    9.0971
    0.0000   37.5000   -7.5000 2878.0239    8.9894
    7.5000   37.5000   -7.5000 2836.6770    9.1666
   -7.5000   45.0000   -7.5000 2725.4648    9.9201
    0.0000   45.0000   -7.5000 2748.7937    9.7981
    7.5000   45.0000   -7.5000 2713.0547    9.9825
   -7.5000  -45.0000    0.0000 2298.5081   14.1886
    0.0000  -45.0000    0.0000 2321.3870   14.0148
    7.5000  -45.0000    0.0000 2296.5703   14.2216
   -7.5000  -37.5000    0.0000 2425.3672   12.4805
    0.0000  -37.5000    0.0000 2443.9495   12.3322
    7.5000  -37.5000    0.0000 2427.3315   12.5389
   -7.5000  -30.0000    0.0000 2533.9365   11.1702
    0.0000  -30.0000    0.0000 2552.7185   11.0285
    7.5000  -30.0000    0.0000 2530.6404   11.2462
   -7.5000  -22.5000    0.0000 2635.5703   10.1123
    0.0000  -22.5000    0.0000 2651.1416    9.9717
    7.5000  -22.5000    0.0000 2634.5645   10.1867
   -7.5000  -15.0000    0.0000 2744.1370    9.2600
    0.0000  -15.0000    0.0000 2757.9497    9.1370
    7.5000  -15.0000    0.0000 2741.4651    9.3167
   -7.5000   -7.5000    0.0000 2852.2856    8.6362
    0.0000   -7.5000    0.0000 2873.4861    8.5319
    7.5000   -7.5000    0.0000 2852.7500    8.6816
   -7.5000    0.0000    0.0000 2941.1270    8.2622
    0.0000    0.0000    0.0000 2968.8774    8.1583
    7.5000    0.0000    0.0000 2938.7446    8.2925
   -7.5000    7.5000    0.0000 3012.0090    8.1015
    0.0000    7.5000    0.0000 3052.6665    8.0214
    7.5000    7.5000    0.0000 2998.5820    8.1240
   -7.5000   15.0000    0.0000 3034.8550    8.0830
    0.0000   15.0000    0.0000 3082.3569    8.0109
    7.5000   15.0000    0.0000 3012.0176    8.1199
   -7.5000   22.5000    0.0000 3000.8718    8.2422
    0.0000   22.5000    0.0000 3035.5205    8.1574
    7.5000   22.5000    0.0000 2984.1670    8.2794
   -7.5000   30.0000    0.0000 2932.9885    8.5813
    0.0000   30.0000    0.0000 2960.3071    8.4921
    7.5000   30.0000    0.0000 2919.0984    8.6206
   -7.5000   37.5000    0.0000 2835.1350    9.1286
    0.0000   37.5000    0.0000 2857.7251    9.0339
    7.5000   37.5000    0.0000 2823.7825    9.1780
   -7.5000   45.0000    0.0000 2712.6985    9.8862
    0.0000   45.0000    0.0000 2729.5815    9.7714
    7.5000   45.0000    0.0000 2702.6702    9.9450
   -7.5000  -45.0000    7.5000 2279.4294   14.2973
    0.0000  -45.0000    7.5000 2300.9780   14.0840
    7.5000  -45.0000    7.5000 2280.5894   14.3201
   -7.5000  -37.5000    7.5000 2414.0891   12.6144
    0.0000  -37.5000    7.5000 2436.8816   12.3978
    7.5000  -37.5000    7.5000 2417.4065   12.6528
   -7.5000  -30.0000    7.5000 2525.4683   11.3377
    0.0000  -30.0000    7.5000 2549.9949   11.1468
    7.5000  -30.0000    7.5000 2525.0405   11.3767
   -7.5000  -22.5000    7.5000 2626.3911   10.3022
    0.0000  -22.5000    7.5000 2646.7700   10.1453
    7.5000  -22.5000    7.5000 2627.1179   10.3363
   -7.5000  -15.0000    7.5000 2732.4106    9.4643
    0.0000  -15.0000    7.5000 2749.9768    9.3301
    7.5000  -15.0000    7.5000 2733.6221    9.4953
   -7.5000   -7.5000    7.5000 2838.6030    8.8307
    0.0000   -7.5000    7.5000 2861.3916    8.7104
    7.5000   -7.5000    7.5000 2841.6919    8.8544
   -7.5000    0.0000    7.5000 2922.2080    8.4309
    0.0000    0.0000    7.5000 2947.5486    8.3275
    7.5000    0.0000    7.5000 2922.1772    8.4489
   -7.5000    7.5000    7.5000 2973.4585    8.2543
    0.0000    7.5000    7.5000 3011.9424    8.1571
    7.5000    7.5000    7.5000 2967.9595    8.2762
   -7.5000   15.0000    7.5000 2988.1865    8.2752
    0.0000   15.0000    7.5000 3027.2988    8.1694
    7.5000   15.0000    7.5000 2977.4893    8.2893
   -7.5000   22.5000    7.5000 2949.6619    8.4928
    0.0000   22.5000    7.5000 2980.2029    8.4003
    7.5000   22.5000    7.5000 2940.7048    8.5181
   -7.5000   30.0000    7.5000 2880.4609    8.8360
    0.0000   30.0000    7.5000 2906.2334    8.7409
    7.5000   30.0000    7.5000 2873.7383    8.8680
   -7.5000   37.5000    7.5000 2783.4692    9.3617
    0.0000   37.5000    7.5000 2804.2915    9.2663
    7.5000   37.5000    7.5000 2777.1326    9.4048
   -7.5000   45.0000    7.5000 2665.3513   10.0848
    0.0000   45.0000    7.5000 2682.3455    9.9639
    7.5000   45.0000    7.5000 2663.2876   10.1220
   -7.5000  -45.0000   15.0000 2249.8899   14.6174
    0.0000  -45.0000   15.0000 2265.0710   14.3943
    7.5000  -45.0000   15.0000 2251.8650   14.6311
   -7.5000  -37.5000   15.0000 2386.2874   12.9234
    0.0000  -37.5000   15.0000 2404.6428   12.7130
    7.5000  -37.5000   15.0000 2387.2188   12.9330
   -7.5000  -30.0000   15.0000 2502.2996   11.6486
    0.0000  -30.0000   15.0000 2523.6355   11.4476
    7.5000  -30.0000   15.0000 2505.1438   11.6701
   -7.5000  -22.5000   15.0000 2602.2334   10.6349
    0.0000  -22.5000   15.0000 2622.5576   10.4410
    7.5000  -22.5000   15.0000 2603.5623   10.6312
   -7.5000  -15.0000   15.0000 2704.3354    9.8000
    0.0000  -15.0000   15.0000 2726.9900    9.6219
    7.5000  -15.0000   15.0000 2708.0168    9.7955
   -7.5000   -7.5000   15.0000 2809.2542    9.1512
    0.0000   -7.5000   15.0000 2832.1531    9.0026
    7.5000   -7.5000   15.0000 2808.3635    9.1620
   -7.5000    0.0000   15.0000 2884.4939    8.7384
    0.0000    0.0000   15.0000 2910.4788    8.6196
    7.5000    0.0000   15.0000 2883.8506    8.7557
   -7.5000    7.5000   15.0000 2920.2549    8.5687
    0.0000    7.5000   15.0000 2953.5361    8.4447
    7.5000    7.5000   15.0000 2919.4690    8.5887
   -7.5000   15.0000   15.0000 2919.9290    8.6174
    0.0000   15.0000   15.0000 2952.4382    8.5144
    7.5000   15.0000   15.0000 2914.1475    8.6325
   -7.5000   22.5000   15.0000 2875.3228    8.8743
    0.0000   22.5000   15.0000 2904.1235    8.7691
    7.5000   22.5000   15.0000 2869.2590    8.8763
   -7.5000   30.0000   15.0000 2806.3237    9.2313
    0.0000   30.0000   15.0000 2828.5664    9.1392
    7.5000   30.0000   15.0000 2799.5510    9.2602
   -7.5000   37.5000   15.0000 2712.5784    9.7388
    0.0000   37.5000   15.0000 2731.6824    9.6560
    7.5000   37.5000   15.0000 2708.6790    9.7809
   -7.5000   45.0000   15.0000 2602.0369   10.4303
    0.0000   45.0000   15.0000 2617.5586   10.3329
    7.5000   45.0000   15.0000 2601.8650   10.4805
   -7.5000  -45.0000   22.5000 2211.6462   15.1154
    0.0000  -45.0000   22.5000 2228.4692   14.8684
    7.5000  -45.0000   22.5000 2216.5337   15.0863
   -7.5000  -37.5000   22.5000 2351.1021   13.3763
    0.0000  -37.5000   22.5000 2370.2437   13.1471
    7.5000  -37.5000   22.5000 2355.9021   13.3581
   -7.5000  -30.0000   22.5000 2466.3572   12.0761
    0.0000  -30.0000   22.5000 2490.8809   11.8657
    7.5000  -30.0000   22.5000 2472.8804   12.0571
   -7.5000  -22.5000   22.5000 2565.8262   11.0648
    0.0000  -22.5000   22.5000 2589.8132   10.8520
    7.5000  -22.5000   22.5000 2571.1094   11.0438
   -7.5000  -15.0000   22.5000 2665.7302   10.2304
    0.0000  -15.0000   22.5000 2691.8833   10.0304
    7.5000  -15.0000   22.5000 2669.6936   10.2177
   -7.5000   -7.5000   22.5000 2759.1455    9.5909
    0.0000   -7.5000   22.5000 2788.0938    9.4188
    7.5000   -7.5000   22.5000 2761.2644    9.5867
   -7.5000    0.0000   22.5000 2828.3232    9.1897
    0.0000    0.0000   22.5000 2857.7681    9.0395
    7.5000    0.0000   22.5000 2830.7188    9.1883
   -7.5000    7.5000   22.5000 2854.4114    9.0213
    0.0000    7.5000   22.5000 2885.9646    8.8900
    7.5000    7.5000   22.5000 2852.5408    9.0303
   -7.5000   15.0000   22.5000 2837.8525    9.0881
    0.0000   15.0000   22.5000 2867.4194    8.9806
    7.5000   15.0000   22.5000 2835.7854    9.1043
   -7.5000   22.5000   22.5000 2790.0649    9.3463
    0.0000   22.5000   22.5000 2816.0381    9.2432
    7.5000   22.5000   22.5000 2788.9443    9.3575
   -7.5000   30.0000   22.5000 2719.1624    9.7376
    0.0000   30.0000   22.5000 2740.8118    9.6339
    7.5000   30.0000   22.5000 2719.9377    9.7530
   -7.5000   37.5000   22.5000 2631.3191   10.2450
    0.0000   37.5000   22.5000 2647.2739   10.1603
    7.5000   37.5000   22.5000 2629.9253   10.2843
   -7.5000   45.0000   22.5000 2528.0061   10.9394
    0.0000   45.0000   22.5000 2542.6018   10.8415
    7.5000   45.0000   22.5000 2525.3982   10.9767
   -7.5000  -45.0000   30.0000 2167.8862   15.8023
    0.0000  -45.0000   30.0000 2188.1135   15.5658
    7.5000  -45.0000   30.0000 2176.6255   15.7323
   -7.5000  -37.5000   30.0000 2304.6318   13.9921
    0.0000  -37.5000   30.0000 2333.5483   13.7565
    7.5000  -37.5000   30.0000 2313.1582   13.9430
   -7.5000  -30.0000   30.0000 2418.5090   12.6683
    0.0000  -30.0000   30.0000 2445.9038   12.4574
    7.5000  -30.0000   30.0000 2426.3162   12.6383
   -7.5000  -22.5000   30.0000 2515.6760   11.6273
    0.0000  -22.5000   30.0000 2540.7195   11.4244
    7.5000  -22.5000   30.0000 2522.0081   11.6064
   -7.5000  -15.0000   30.0000 2607.1418   10.7925
    0.0000  -15.0000   30.0000 2633.2385   10.5883
    7.5000  -15.0000   30.0000 2612.4414   10.7712
   -7.5000   -7.5000   30.0000 2690.9104   10.1498
    0.0000   -7.5000   30.0000 2719.4026    9.9756
    7.5000   -7.5000   30.0000 2696.7175   10.1432
   -7.5000    0.0000   30.0000 2747.0750    9.7605
    0.0000    0.0000   30.0000 2773.2917    9.6080
    7.5000    0.0000   30.0000 2750.6821    9.7546
   -7.5000    7.5000   30.0000 2767.2854    9.6154
    0.0000    7.5000   30.0000 2795.1030    9.4727
    7.5000    7.5000   30.0000 2769.1887    9.6070
   -7.5000   15.0000   30.0000 2748.1362    9.6760
    0.0000   15.0000   30.0000 2779.2708    9.5635
    7.5000   15.0000   30.0000 2753.4365    9.6895
   -7.5000   22.5000   30.0000 2701.2683    9.9468
    0.0000   22.5000   30.0000 2728.2166    9.8222
    7.5000   22.5000   30.0000 2703.8687    9.9427
   -7.5000   30.0000   30.0000 2631.1179   10.3524
    0.0000   30.0000   30.0000 2649.9526   10.2303
    7.5000   30.0000   30.0000 2630.4556   10.3565
   -7.5000   37.5000   30.0000 2546.1589   10.8810
    0.0000   37.5000   30.0000 2564.3787   10.7681
    7.5000   37.5000   30.0000 2540.7686   10.8964
   -7.5000   45.0000   30.0000 2443.8274   11.5703
    0.0000   45.0000   30.0000 2457.7200   11.4530
    7.5000   45.0000   30.0000 2438.8325   11.5803
   -7.5000  -45.0000   37.5000 2114.0371   16.7291
    0.0000  -45.0000   37.5000 2139.8311   16.5105
    7.5000  -45.0000   37.5000 2126.2751   16.6390
   -7.5000  -37.5000   37.5000 2247.7822   14.8173
    0.0000  -37.5000   37.5000 2282.2744   14.6386
    7.5000  -37.5000   37.5000 2260.2036   14.7633
   -7.5000  -30.0000   37.5000 2360.5522   13.4425
    0.0000  -30.0000   37.5000 2392.6125   13.2595
    7.5000  -30.0000   37.5000 2370.1785   13.3968
   -7.5000  -22.5000   37.5000 2453.3936   12.3930
    0.0000  -22.5000   37.5000 2481.4805   12.1832
    7.5000  -22.5000   37.5000 2461.0037   12.3439
   -7.5000  -15.0000   37.5000 2535.0137   11.5278
    0.0000  -15.0000   37.5000 2563.9470   11.3304
    7.5000  -15.0000   37.5000 2542.4326   11.4867
   -7.5000   -7.5000   37.5000 2609.9741   10.8688
    0.0000   -7.5000   37.5000 2637.5898   10.6945
    7.5000   -7.5000   37.5000 2619.3413   10.8459
   -7.5000    0.0000   37.5000 2652.8997   10.4791
    0.0000    0.0000   37.5000 2679.6860   10.3263
    7.5000    0.0000   37.5000 2660.2080   10.4579
   -7.5000    7.5000   37.5000 2665.7974   10.3209
    0.0000    7.5000   37.5000 2689.7419   10.1986
    7.5000    7.5000   37.5000 2670.2407   10.3064
   -7.5000   15.0000   37.5000 2649.1406   10.3975
    0.0000   15.0000   37.5000 2675.5671   10.2903
    7.5000   15.0000   37.5000 2657.5476   10.3865
   -7.5000   22.5000   37.5000 2608.8030   10.6580
    0.0000   22.5000   37.5000 2632.9197   10.5374
    7.5000   22.5000   37.5000 2617.0647   10.6539
   -7.5000   30.0000   37.5000 2541.3142   11.0838
    0.0000   30.0000   37.5000 2561.2827   10.9707
    7.5000   30.0000   37.5000 2545.0979   11.1028
   -7.5000   37.5000   37.5000 2458.5903   11.6454
    0.0000   37.5000   37.5000 2475.9602   11.5323
    7.5000   37.5000   37.5000 2457.9126   11.6527
   -7.5000   45.0000   37.5000 2354.3884   12.3519
    0.0000   45.0000   37.5000 2369.0161   12.2548
    7.5000   45.0000   37.5000 2352.8367   12.3615
   -7.5000  -45.0000   45.0000 2047.8750   17.9033
    0.0000  -45.0000   45.0000 2076.3130   17.6770
    7.5000  -45.0000   45.0000 2063.1226   17.8093
   -7.5000  -37.5000   45.0000 2179.4153   15.8991
    0.0000  -37.5000   45.0000 2217.2466   15.7234
    7.5000  -37.5000   45.0000 2195.7532   15.8241
   -7.5000  -30.0000   45.0000 2289.6672   14.4344
    0.0000  -30.0000   45.0000 2326.1870   14.2516
    7.5000  -30.0000   45.0000 2301.0007   14.3907
   -7.5000  -22.5000   45.0000 2378.4570   13.3153
    0.0000  -22.5000   45.0000 2407.9805   13.1393
    7.5000  -22.5000   45.0000 2386.0933   13.2786
   -7.5000  -15.0000   45.0000 2457.0137   12.4248
    0.0000  -15.0000   45.0000 2483.0100   12.2488
    7.5000  -15.0000   45.0000 2463.4949   12.3895
   -7.5000   -7.5000   45.0000 2518.5681   11.7436
    0.0000   -7.5000   45.0000 2543.6016   11.5701
    7.5000   -7.5000   45.0000 2527.2119   11.7119
   -7.5000    0.0000   45.0000 2553.6279   11.3360
    0.0000    0.0000   45.0000 2578.7422   11.1927
    7.5000    0.0000   45.0000 2562.9846   11.3136
   -7.5000    7.5000   45.0000 2565.5708   11.1476
    0.0000    7.5000   45.0000 2589.9961   11.0425
    7.5000    7.5000   45.0000 2571.8831   11.1332
   -7.5000   15.0000   45.0000 2545.8357   11.2379
    0.0000   15.0000   45.0000 2571.2429   11.1164
    7.5000   15.0000   45.0000 2554.3604   11.2135
   -7.5000   22.5000   45.0000 2505.8044   11.5059
    0.0000   22.5000   45.0000 2529.8308   11.4045
    7.5000   22.5000   45.0000 2513.6931   11.4839
   -7.5000   30.0000   45.0000 2443.3794   11.9480
    0.0000   30.0000   45.0000 2463.2993   11.8555
    7.5000   30.0000   45.0000 2445.5022   11.9584
   -7.5000   37.5000   45.0000 2363.4136   12.5151
    0.0000   37.5000   45.0000 2379.3687   12.4293
    7.5000   37.5000   45.0000 2364.9961   12.5425
   -7.5000   45.0000   45.0000 2261.6401   13.2521
    0.0000   45.0000   45.0000 2275.4177   13.1794
    7.5000   45.0000   45.0000 2260.9216   13.2770

---------------------------------------------------------------------
imgreg_4dfp /opt/freesurfer/average/711-2C_as_mni_average_305 /opt/freesurfer/average/711-2B_as_mni_average_305_mask talsrcimg_g11 none talsrcimg_to_711-2C_as_mni_average_305_t4 1283
---------------------------------------------------------------------

freesurfer imgreg_4dfp.c
/opt/freesurfer/average/711-2C_as_mni_average_305.4dfp.img
       256       256       256         1
  1.000000  1.000000  1.000000
orientation T byte_order littleendian
Reading image: /opt/freesurfer/average/711-2C_as_mni_average_305.4dfp.img
dimensions:      256       256       256
mmppix:       1.0000   -1.0000   -1.0000
center:     128.0000 -129.0000 -129.0000
/opt/freesurfer/average/711-2B_as_mni_average_305_mask.4dfp.img
       256       256       256         1
  1.000000  1.000000  1.000000
orientation T byte_order littleendian
Reading mask: /opt/freesurfer/average/711-2B_as_mni_average_305_mask.4dfp.img (2306576 pixels)
talsrcimg_g11.4dfp.img
       256       256       256         1
  1.000000  1.000000  1.000000
orientation T byte_order littleendian
Reading image: talsrcimg_g11.4dfp.img
dimensions:      256       256       256
mmppix:       1.0000   -1.0000   -1.0000
center:     128.0000 -129.0000 -129.0000
rotation matrix determinant  1.000000
fimgreg.f
image alignment mode   1283 decimal      503 hex
parameters
    0.0000   15.0000   -7.5000    0.0000    0.0000    0.0000
eta,q 0.96893  7.97463
niter,ni,del,rscale     5    3   12.0000    1.2000
parameter  3 -0.612045 -> -0.500000 qaram    1.1500
parameters
   -1.1166   15.3085   -4.0500   -0.4088   -1.1609    0.7679
eta,q 0.96895  8.02627
  0.0412  0.0398  0.0463  0.0337  0.0356  0.0361
  0.0361  0.0361  0.0412  0.0328  0.0323  0.0338
  0.0340  0.0346  0.0369  0.0325  0.0310  0.0321
  0.0344  0.0339  0.0337  0.0318  0.0319  0.0311
  0.0365  0.0340  0.0321  0.0317  0.0336  0.0311
  0.0417  0.0350  0.0317  0.0327  0.0358  0.0323
  0.0498  0.0389  0.0327  0.0351  0.0391  0.0343
niter,ni,del,rscale     5    3   12.0000    1.2000
parameters
   -0.7548   14.6652   -4.0241    0.3610   -1.5733    0.7345
eta,q 0.96949  8.02136
  0.0459  0.0368  0.0398  0.0345  0.0364  0.0347
  0.0380  0.0326  0.0351  0.0333  0.0329  0.0326
  0.0325  0.0312  0.0322  0.0324  0.0307  0.0311
  0.0310  0.0311  0.0310  0.0310  0.0306  0.0305
  0.0324  0.0322  0.0317  0.0304  0.0321  0.0309
  0.0361  0.0350  0.0347  0.0315  0.0344  0.0325
  0.0423  0.0396  0.0401  0.0338  0.0376  0.0350
niter,ni,del,rscale     4    3   12.0000    1.2000
parameters
   -0.5941   14.4308   -3.7550    0.6345   -1.6819    0.6979
eta,q 0.96970  8.01533
  0.0448  0.0385  0.0395  0.0346  0.0368  0.0346
  0.0368  0.0335  0.0346  0.0333  0.0333  0.0325
  0.0315  0.0310  0.0319  0.0319  0.0307  0.0309
  0.0305  0.0306  0.0305  0.0304  0.0303  0.0303
  0.0323  0.0319  0.0308  0.0304  0.0315  0.0307
  0.0363  0.0349  0.0334  0.0321  0.0337  0.0324
  0.0426  0.0392  0.0386  0.0348  0.0370  0.0349
niter,ni,del,rscale     3    3   12.0000    1.2000
parameters
   -0.5497   14.2853   -3.6529    0.7822   -1.7067    0.6762
eta,q 0.96979  8.01257
  0.0442  0.0390  0.0388  0.0347  0.0368  0.0346
  0.0361  0.0338  0.0341  0.0333  0.0333  0.0325
  0.0310  0.0310  0.0316  0.0318  0.0307  0.0308
  0.0303  0.0303  0.0303  0.0303  0.0302  0.0302
  0.0323  0.0317  0.0306  0.0305  0.0313  0.0306
  0.0365  0.0350  0.0335  0.0323  0.0334  0.0323
  0.0429  0.0393  0.0388  0.0351  0.0367  0.0349
niter,ni,del,rscale     2    3   12.0000    1.2000
parameters
   -0.5341   14.2130   -3.6001    0.8571   -1.7114    0.6628
eta,q 0.96982  8.01119
  0.0440  0.0393  0.0386  0.0347  0.0368  0.0346
  0.0359  0.0340  0.0339  0.0333  0.0333  0.0324
  0.0308  0.0310  0.0315  0.0317  0.0307  0.0308
  0.0302  0.0302  0.0302  0.0302  0.0302  0.0302
  0.0323  0.0316  0.0306  0.0306  0.0312  0.0306
  0.0365  0.0349  0.0335  0.0324  0.0334  0.0323
  0.0428  0.0392  0.0388  0.0353  0.0366  0.0348
niter,ni,del,rscale     1    3   12.0000    1.2000
parameters
   -0.5289   14.1750   -3.5757    0.8972   -1.7120    0.6563
eta,q 0.96984  8.01054
  0.0439  0.0395  0.0385  0.0347  0.0368  0.0346
  0.0358  0.0342  0.0338  0.0333  0.0333  0.0324
  0.0307  0.0310  0.0314  0.0316  0.0307  0.0308
  0.0302  0.0302  0.0302  0.0302  0.0302  0.0302
  0.0323  0.0315  0.0306  0.0306  0.0312  0.0306
  0.0365  0.0349  0.0335  0.0325  0.0333  0.0323
  0.0428  0.0392  0.0388  0.0354  0.0366  0.0348
registration optimization eta report
parameter search radius
    6.0000    6.0000    6.9000    6.0000    6.0000    6.0000
100000*second partial in parameter space
       37.       25.       18.       13.       18.       13.
  0.0439  0.0395  0.0385  0.0347  0.0368  0.0346
  0.0358  0.0342  0.0338  0.0333  0.0333  0.0324
  0.0307  0.0310  0.0314  0.0316  0.0307  0.0308
  0.0302  0.0302  0.0302  0.0302  0.0302  0.0302
  0.0323  0.0315  0.0306  0.0306  0.0312  0.0306
  0.0365  0.0349  0.0335  0.0325  0.0333  0.0323
  0.0428  0.0392  0.0388  0.0354  0.0366  0.0348
   -0.5289   14.1750   -3.5757    0.8972   -1.7120    0.6563
eta,q 0.96984  8.01054

---------------------------------------------------------------------
imgreg_4dfp /opt/freesurfer/average/711-2C_as_mni_average_305 /opt/freesurfer/average/711-2B_as_mni_average_305_mask talsrcimg_g11 none talsrcimg_to_711-2C_as_mni_average_305_t4 3335
---------------------------------------------------------------------

freesurfer imgreg_4dfp.c
/opt/freesurfer/average/711-2C_as_mni_average_305.4dfp.img
       256       256       256         1
  1.000000  1.000000  1.000000
orientation T byte_order littleendian
Reading image: /opt/freesurfer/average/711-2C_as_mni_average_305.4dfp.img
dimensions:      256       256       256
mmppix:       1.0000   -1.0000   -1.0000
center:     128.0000 -129.0000 -129.0000
/opt/freesurfer/average/711-2B_as_mni_average_305_mask.4dfp.img
       256       256       256         1
  1.000000  1.000000  1.000000
orientation T byte_order littleendian
Reading mask: /opt/freesurfer/average/711-2B_as_mni_average_305_mask.4dfp.img (2306576 pixels)
talsrcimg_g11.4dfp.img
       256       256       256         1
  1.000000  1.000000  1.000000
orientation T byte_order littleendian
Reading image: talsrcimg_g11.4dfp.img
dimensions:      256       256       256
mmppix:       1.0000   -1.0000   -1.0000
center:     128.0000 -129.0000 -129.0000
fimgreg.f
image alignment mode   3335 decimal      D07 hex
parameters
   -0.5289   14.1750   -3.5757   -0.0512   -0.0183   -0.0569
   -1.0986    3.0050    1.1450   -1.5316   -2.9876    1.5652
eta,q 0.97346  7.98888
niter,ni,del,rscale     5    3    5.0000    1.2000
parameter 12  0.541255 ->  0.500000 qaram    1.1500
parameters
   -0.5563   13.5662   -3.6007   -3.4147   -2.3736   -2.7123
   -1.2536    3.3275    0.5098   -4.2858   -3.9328   -2.5748
eta,q 0.97481  7.66877
  0.0292  0.0274  0.0279  0.0264  0.0267  0.0263  0.0279  0.0291  0.0267  0.0262  0.0261  0.0255
  0.0277  0.0267  0.0271  0.0260  0.0260  0.0260  0.0267  0.0275  0.0261  0.0257  0.0257  0.0252
  0.0268  0.0264  0.0266  0.0260  0.0257  0.0257  0.0260  0.0263  0.0258  0.0255  0.0255  0.0252
  0.0265  0.0265  0.0264  0.0264  0.0259  0.0257  0.0257  0.0257  0.0257  0.0257  0.0255  0.0255
  0.0269  0.0271  0.0266  0.0273  0.0267  0.0265  0.0260  0.0259  0.0260  0.0264  0.0257  0.0260
  0.0278  0.0279  0.0271  0.0288  0.0279  0.0286  0.0269  0.0269  0.0264  0.0276  0.0260  0.0266
  0.0293  0.0290  0.0279  0.0314  0.0297  0.0317  0.0280  0.0287  0.0271  0.0291  0.0265  0.0274
niter,ni,del,rscale     5    3    5.0000    1.2000
parameters
   -0.3623   13.3597   -4.0611   -3.4931   -2.0188   -3.0729
   -1.5244    3.4991    0.6987   -4.3511   -4.0399   -2.3528
eta,q 0.97490  7.66587
  0.0281  0.0266  0.0258  0.0268  0.0270  0.0265  0.0272  0.0284  0.0265  0.0270  0.0259  0.0266
  0.0266  0.0257  0.0254  0.0259  0.0261  0.0257  0.0260  0.0267  0.0258  0.0259  0.0255  0.0258
  0.0256  0.0252  0.0252  0.0253  0.0254  0.0253  0.0253  0.0256  0.0253  0.0253  0.0252  0.0253
  0.0252  0.0252  0.0251  0.0251  0.0251  0.0251  0.0251  0.0251  0.0251  0.0251  0.0251  0.0251
  0.0253  0.0255  0.0254  0.0253  0.0251  0.0251  0.0255  0.0254  0.0252  0.0253  0.0252  0.0252
  0.0261  0.0261  0.0259  0.0259  0.0257  0.0256  0.0263  0.0264  0.0257  0.0259  0.0255  0.0257
  0.0273  0.0270  0.0267  0.0270  0.0268  0.0273  0.0275  0.0282  0.0264  0.0271  0.0260  0.0264
niter,ni,del,rscale     4    3    5.0000    1.2000
parameters
   -0.3395   13.3991   -4.1601   -3.5465   -2.0195   -3.2220
   -1.5667    3.5362    0.7493   -4.3120   -4.0026   -2.4224
eta,q 0.97490  7.65837
  0.0277  0.0269  0.0260  0.0268  0.0268  0.0266  0.0273  0.0283  0.0265  0.0270  0.0259  0.0265
  0.0263  0.0258  0.0255  0.0259  0.0259  0.0257  0.0261  0.0267  0.0257  0.0259  0.0255  0.0257
  0.0254  0.0252  0.0252  0.0253  0.0254  0.0252  0.0254  0.0255  0.0253  0.0253  0.0252  0.0253
  0.0251  0.0251  0.0251  0.0251  0.0251  0.0251  0.0251  0.0251  0.0251  0.0251  0.0251  0.0251
  0.0254  0.0253  0.0252  0.0253  0.0252  0.0251  0.0254  0.0254  0.0252  0.0253  0.0252  0.0253
  0.0262  0.0259  0.0256  0.0259  0.0258  0.0255  0.0262  0.0265  0.0257  0.0259  0.0255  0.0258
  0.0276  0.0267  0.0262  0.0269  0.0270  0.0270  0.0273  0.0283  0.0264  0.0270  0.0259  0.0265
niter,ni,del,rscale     3    3    5.0000    1.2000
parameters
   -0.3323   13.4304   -4.2130   -3.5672   -2.0135   -3.2528
   -1.5805    3.5446    0.7278   -4.2589   -3.9770   -2.4875
eta,q 0.97489  7.65656
  0.0276  0.0269  0.0261  0.0268  0.0268  0.0266  0.0273  0.0283  0.0264  0.0270  0.0259  0.0265
  0.0263  0.0258  0.0255  0.0259  0.0259  0.0257  0.0262  0.0266  0.0257  0.0259  0.0255  0.0257
  0.0254  0.0252  0.0252  0.0253  0.0254  0.0252  0.0254  0.0255  0.0253  0.0253  0.0252  0.0253
  0.0251  0.0251  0.0251  0.0251  0.0251  0.0251  0.0251  0.0251  0.0251  0.0251  0.0251  0.0251
  0.0254  0.0253  0.0252  0.0253  0.0252  0.0251  0.0254  0.0254  0.0252  0.0253  0.0252  0.0253
  0.0262  0.0259  0.0256  0.0258  0.0258  0.0254  0.0262  0.0265  0.0257  0.0259  0.0255  0.0258
  0.0276  0.0267  0.0262  0.0269  0.0270  0.0269  0.0273  0.0283  0.0265  0.0270  0.0259  0.0265
niter,ni,del,rscale     2    3    5.0000    1.2000
parameters
   -0.3314   13.4449   -4.2354   -3.5719   -2.0057   -3.2609
   -1.5793    3.5498    0.7138   -4.2319   -3.9519   -2.5153
eta,q 0.97489  7.65631
  0.0276  0.0268  0.0261  0.0268  0.0268  0.0266  0.0273  0.0283  0.0264  0.0270  0.0259  0.0265
  0.0262  0.0258  0.0256  0.0259  0.0259  0.0257  0.0262  0.0266  0.0257  0.0259  0.0255  0.0257
  0.0254  0.0252  0.0252  0.0253  0.0254  0.0252  0.0254  0.0255  0.0253  0.0253  0.0252  0.0253
  0.0251  0.0251  0.0251  0.0251  0.0251  0.0251  0.0251  0.0251  0.0251  0.0251  0.0251  0.0251
  0.0254  0.0253  0.0252  0.0253  0.0252  0.0251  0.0254  0.0254  0.0252  0.0253  0.0252  0.0253
  0.0263  0.0259  0.0256  0.0258  0.0258  0.0254  0.0262  0.0265  0.0257  0.0259  0.0255  0.0258
  0.0276  0.0267  0.0262  0.0269  0.0270  0.0269  0.0273  0.0283  0.0265  0.0270  0.0259  0.0265
registration optimization eta report
parameter search radius
    2.4000    2.4000    2.4000    7.2000    7.2000    7.2000
    7.2000    7.2000    7.2000    7.2000    7.2000    8.2800
100000*second partial in parameter space
       43.       29.       18.        3.        3.        3.
        4.        6.        3.        4.        2.        2.
  0.0276  0.0268  0.0261  0.0268  0.0268  0.0266  0.0273  0.0283  0.0264  0.0270  0.0259  0.0265
  0.0262  0.0258  0.0256  0.0259  0.0259  0.0257  0.0262  0.0266  0.0257  0.0259  0.0255  0.0257
  0.0254  0.0252  0.0252  0.0253  0.0254  0.0252  0.0254  0.0255  0.0253  0.0253  0.0252  0.0253
  0.0251  0.0251  0.0251  0.0251  0.0251  0.0251  0.0251  0.0251  0.0251  0.0251  0.0251  0.0251
  0.0254  0.0253  0.0252  0.0253  0.0252  0.0251  0.0254  0.0254  0.0252  0.0253  0.0252  0.0253
  0.0263  0.0259  0.0256  0.0258  0.0258  0.0254  0.0262  0.0265  0.0257  0.0259  0.0255  0.0258
  0.0276  0.0267  0.0262  0.0269  0.0270  0.0269  0.0273  0.0283  0.0265  0.0270  0.0259  0.0265
   -0.3314   13.4449   -4.2354   -3.5719   -2.0057   -3.2609
   -1.5793    3.5498    0.7138   -4.2319   -3.9519   -2.5153
eta,q 0.97489  7.65631

---------------------------------------------------------------------
imgreg_4dfp /opt/freesurfer/average/711-2C_as_mni_average_305 /opt/freesurfer/average/711-2B_as_mni_average_305_mask talsrcimg_g11 none talsrcimg_to_711-2C_as_mni_average_305_t4 2311
---------------------------------------------------------------------

freesurfer imgreg_4dfp.c
/opt/freesurfer/average/711-2C_as_mni_average_305.4dfp.img
       256       256       256         1
  1.000000  1.000000  1.000000
orientation T byte_order littleendian
Reading image: /opt/freesurfer/average/711-2C_as_mni_average_305.4dfp.img
dimensions:      256       256       256
mmppix:       1.0000   -1.0000   -1.0000
center:     128.0000 -129.0000 -129.0000
/opt/freesurfer/average/711-2B_as_mni_average_305_mask.4dfp.img
       256       256       256         1
  1.000000  1.000000  1.000000
orientation T byte_order littleendian
Reading mask: /opt/freesurfer/average/711-2B_as_mni_average_305_mask.4dfp.img (2306576 pixels)
talsrcimg_g11.4dfp.img
       256       256       256         1
  1.000000  1.000000  1.000000
orientation T byte_order littleendian
Reading image: talsrcimg_g11.4dfp.img
dimensions:      256       256       256
mmppix:       1.0000   -1.0000   -1.0000
center:     128.0000 -129.0000 -129.0000
fimgreg.f
image alignment mode   2311 decimal      907 hex
parameters
   -0.3314   13.4449   -4.2354   -3.5719   -2.0057   -3.2609
   -1.5793    3.5498    0.7138   -4.2319   -3.9519   -2.5153
eta,q 0.97489  7.65631
niter,ni,del,rscale     5    3    5.0000    0.8000
parameters
   -0.3354   13.3786   -4.2092   -3.5181   -1.6853   -2.2386
   -1.4967    3.6979    0.8628   -4.0349   -4.0573   -2.4767
eta,q 0.97494  7.70688
  0.0262  0.0258  0.0256  0.0259  0.0259  0.0258  0.0262  0.0267  0.0257  0.0260  0.0254  0.0256
  0.0256  0.0254  0.0253  0.0254  0.0255  0.0254  0.0256  0.0258  0.0254  0.0255  0.0252  0.0253
  0.0252  0.0252  0.0252  0.0252  0.0252  0.0252  0.0252  0.0253  0.0252  0.0252  0.0251  0.0251
  0.0251  0.0251  0.0251  0.0251  0.0251  0.0251  0.0251  0.0251  0.0251  0.0251  0.0251  0.0251
  0.0252  0.0252  0.0251  0.0252  0.0251  0.0251  0.0252  0.0252  0.0251  0.0251  0.0251  0.0251
  0.0256  0.0255  0.0253  0.0254  0.0253  0.0251  0.0255  0.0257  0.0253  0.0254  0.0252  0.0253
  0.0263  0.0259  0.0255  0.0258  0.0258  0.0254  0.0261  0.0265  0.0257  0.0259  0.0255  0.0256
niter,ni,del,rscale     4    3    5.0000    0.7000
parameters
   -0.3658   13.2940   -4.0320   -3.3765   -1.5210   -1.8875
   -1.4421    3.6982    0.9936   -4.0470   -4.2668   -2.2789
eta,q 0.97498  7.73103
  0.0259  0.0256  0.0255  0.0257  0.0257  0.0255  0.0259  0.0262  0.0255  0.0257  0.0253  0.0254
  0.0254  0.0253  0.0253  0.0253  0.0254  0.0252  0.0254  0.0255  0.0253  0.0254  0.0251  0.0252
  0.0251  0.0251  0.0251  0.0251  0.0252  0.0251  0.0251  0.0251  0.0251  0.0251  0.0250  0.0251
  0.0251  0.0251  0.0251  0.0250  0.0250  0.0250  0.0250  0.0250  0.0250  0.0250  0.0250  0.0250
  0.0252  0.0252  0.0251  0.0251  0.0251  0.0250  0.0251  0.0252  0.0251  0.0251  0.0251  0.0250
  0.0255  0.0254  0.0251  0.0253  0.0253  0.0251  0.0254  0.0255  0.0252  0.0253  0.0252  0.0252
  0.0260  0.0257  0.0253  0.0256  0.0257  0.0254  0.0259  0.0262  0.0255  0.0257  0.0254  0.0254
niter,ni,del,rscale     3    3    5.0000    0.6000
parameters
   -0.3877   13.2326   -3.9551   -3.3625   -1.4282   -1.6212
   -1.4104    3.7134    1.1542   -4.0188   -4.3750   -2.1741
eta,q 0.97500  7.74464
  0.0257  0.0254  0.0253  0.0255  0.0255  0.0253  0.0257  0.0259  0.0254  0.0255  0.0252  0.0253
  0.0253  0.0252  0.0252  0.0252  0.0253  0.0252  0.0253  0.0254  0.0252  0.0253  0.0251  0.0252
  0.0251  0.0250  0.0251  0.0251  0.0251  0.0251  0.0251  0.0251  0.0251  0.0251  0.0250  0.0250
  0.0250  0.0250  0.0250  0.0250  0.0250  0.0250  0.0250  0.0250  0.0250  0.0250  0.0250  0.0250
  0.0251  0.0251  0.0250  0.0251  0.0250  0.0250  0.0251  0.0251  0.0250  0.0250  0.0250  0.0250
  0.0253  0.0253  0.0251  0.0252  0.0252  0.0250  0.0253  0.0254  0.0251  0.0252  0.0251  0.0251
  0.0257  0.0255  0.0253  0.0254  0.0255  0.0253  0.0256  0.0259  0.0254  0.0255  0.0252  0.0253
niter,ni,del,rscale     2    3    5.0000    0.5000
parameters
   -0.4023   13.2018   -3.9148   -3.3739   -1.3377   -1.3400
   -1.4014    3.7353    1.2420   -3.9563   -4.4099   -2.1356
eta,q 0.97502  7.75743
  0.0255  0.0253  0.0252  0.0253  0.0254  0.0252  0.0254  0.0256  0.0253  0.0254  0.0251  0.0252
  0.0252  0.0251  0.0251  0.0251  0.0252  0.0251  0.0252  0.0253  0.0251  0.0252  0.0251  0.0251
  0.0250  0.0250  0.0250  0.0250  0.0251  0.0251  0.0250  0.0250  0.0250  0.0250  0.0250  0.0250
  0.0250  0.0250  0.0250  0.0250  0.0250  0.0250  0.0250  0.0250  0.0250  0.0250  0.0250  0.0250
  0.0251  0.0250  0.0250  0.0250  0.0250  0.0250  0.0250  0.0251  0.0250  0.0250  0.0250  0.0250
  0.0252  0.0252  0.0251  0.0251  0.0251  0.0250  0.0252  0.0253  0.0251  0.0251  0.0251  0.0251
  0.0255  0.0253  0.0252  0.0253  0.0253  0.0252  0.0254  0.0256  0.0252  0.0254  0.0251  0.0252
niter,ni,del,rscale     1    3    5.0000    0.4000
parameters
   -0.4189   13.1891   -3.8929   -3.4037   -1.2533   -1.0469
   -1.3852    3.7569    1.2954   -3.8928   -4.4194   -2.1629
eta,q 0.97503  7.76939
  0.0253  0.0252  0.0251  0.0252  0.0252  0.0252  0.0253  0.0254  0.0251  0.0252  0.0251  0.0251
  0.0251  0.0251  0.0250  0.0251  0.0251  0.0251  0.0251  0.0251  0.0251  0.0251  0.0250  0.0250
  0.0250  0.0250  0.0250  0.0250  0.0250  0.0250  0.0250  0.0250  0.0250  0.0250  0.0250  0.0250
  0.0250  0.0250  0.0250  0.0250  0.0250  0.0250  0.0250  0.0250  0.0250  0.0250  0.0250  0.0250
  0.0250  0.0250  0.0250  0.0250  0.0250  0.0250  0.0250  0.0250  0.0250  0.0250  0.0250  0.0250
  0.0251  0.0251  0.0250  0.0251  0.0251  0.0250  0.0251  0.0251  0.0250  0.0251  0.0250  0.0250
  0.0253  0.0252  0.0251  0.0252  0.0252  0.0251  0.0253  0.0254  0.0251  0.0252  0.0251  0.0251
registration optimization eta report
parameter search radius
    0.8000    0.8000    0.8000    2.4000    2.4000    2.4000
    2.4000    2.4000    2.4000    2.4000    2.4000    2.4000
100000*second partial in parameter space
       47.       33.       21.        3.        4.        3.
        5.        7.        3.        5.        2.        2.
  0.0253  0.0252  0.0251  0.0252  0.0252  0.0252  0.0253  0.0254  0.0251  0.0252  0.0251  0.0251
  0.0251  0.0251  0.0250  0.0251  0.0251  0.0251  0.0251  0.0251  0.0251  0.0251  0.0250  0.0250
  0.0250  0.0250  0.0250  0.0250  0.0250  0.0250  0.0250  0.0250  0.0250  0.0250  0.0250  0.0250
  0.0250  0.0250  0.0250  0.0250  0.0250  0.0250  0.0250  0.0250  0.0250  0.0250  0.0250  0.0250
  0.0250  0.0250  0.0250  0.0250  0.0250  0.0250  0.0250  0.0250  0.0250  0.0250  0.0250  0.0250
  0.0251  0.0251  0.0250  0.0251  0.0251  0.0250  0.0251  0.0251  0.0250  0.0251  0.0250  0.0250
  0.0253  0.0252  0.0251  0.0252  0.0252  0.0251  0.0253  0.0254  0.0251  0.0252  0.0251  0.0251
   -0.4189   13.1891   -3.8929   -3.4037   -1.2533   -1.0469
   -1.3852    3.7569    1.2954   -3.8928   -4.4194   -2.1629
eta,q 0.97503  7.76939

---------------------------------------------------------------------
imgreg_4dfp /opt/freesurfer/average/711-2C_as_mni_average_305 /opt/freesurfer/average/711-2B_as_mni_average_305_mask talsrcimg_g11 none talsrcimg_to_711-2C_as_mni_average_305_t4 2311
---------------------------------------------------------------------

freesurfer imgreg_4dfp.c
/opt/freesurfer/average/711-2C_as_mni_average_305.4dfp.img
       256       256       256         1
  1.000000  1.000000  1.000000
orientation T byte_order littleendian
Reading image: /opt/freesurfer/average/711-2C_as_mni_average_305.4dfp.img
dimensions:      256       256       256
mmppix:       1.0000   -1.0000   -1.0000
center:     128.0000 -129.0000 -129.0000
/opt/freesurfer/average/711-2B_as_mni_average_305_mask.4dfp.img
       256       256       256         1
  1.000000  1.000000  1.000000
orientation T byte_order littleendian
Reading mask: /opt/freesurfer/average/711-2B_as_mni_average_305_mask.4dfp.img (2306576 pixels)
talsrcimg_g11.4dfp.img
       256       256       256         1
  1.000000  1.000000  1.000000
orientation T byte_order littleendian
Reading image: talsrcimg_g11.4dfp.img
dimensions:      256       256       256
mmppix:       1.0000   -1.0000   -1.0000
center:     128.0000 -129.0000 -129.0000
fimgreg.f
image alignment mode   2311 decimal      907 hex
parameters
   -0.4189   13.1891   -3.8929   -3.4037   -1.2533   -1.0469
   -1.3852    3.7569    1.2954   -3.8928   -4.4194   -2.1629
eta,q 0.97503  7.76939
niter,ni,del,rscale     5    3    5.0000    0.8000
parameters
   -0.4279   13.2499   -3.9079   -3.3073   -1.5211   -1.9982
   -1.4695    3.6317    1.1372   -4.2374   -4.3605   -2.1579
eta,q 0.97497  7.72955
  0.0262  0.0259  0.0255  0.0258  0.0258  0.0254  0.0261  0.0265  0.0256  0.0258  0.0254  0.0255
  0.0255  0.0254  0.0252  0.0253  0.0254  0.0252  0.0255  0.0257  0.0253  0.0254  0.0252  0.0253
  0.0251  0.0251  0.0250  0.0251  0.0251  0.0251  0.0251  0.0252  0.0251  0.0251  0.0251  0.0251
  0.0250  0.0250  0.0250  0.0250  0.0250  0.0250  0.0250  0.0250  0.0250  0.0250  0.0250  0.0250
  0.0251  0.0251  0.0250  0.0251  0.0251  0.0250  0.0252  0.0252  0.0251  0.0251  0.0251  0.0251
  0.0255  0.0253  0.0252  0.0253  0.0254  0.0255  0.0256  0.0258  0.0253  0.0255  0.0252  0.0253
  0.0262  0.0257  0.0255  0.0258  0.0261  0.0265  0.0262  0.0267  0.0257  0.0261  0.0254  0.0256
niter,ni,del,rscale     4    3    5.0000    0.7000
parameters
   -0.3842   13.2213   -3.9425   -3.3570   -1.5505   -1.9513
   -1.4738    3.6683    1.1241   -4.1791   -4.3659   -2.1457
eta,q 0.97498  7.72865
  0.0260  0.0256  0.0254  0.0256  0.0257  0.0255  0.0259  0.0262  0.0255  0.0257  0.0253  0.0254
  0.0255  0.0253  0.0252  0.0253  0.0253  0.0252  0.0254  0.0256  0.0253  0.0254  0.0251  0.0252
  0.0251  0.0251  0.0251  0.0251  0.0251  0.0251  0.0251  0.0251  0.0251  0.0251  0.0250  0.0251
  0.0250  0.0250  0.0250  0.0250  0.0250  0.0250  0.0250  0.0250  0.0250  0.0250  0.0250  0.0250
  0.0251  0.0251  0.0251  0.0251  0.0251  0.0250  0.0251  0.0252  0.0251  0.0251  0.0251  0.0251
  0.0254  0.0253  0.0252  0.0253  0.0253  0.0251  0.0254  0.0255  0.0252  0.0253  0.0252  0.0252
  0.0259  0.0257  0.0254  0.0256  0.0257  0.0256  0.0259  0.0262  0.0255  0.0257  0.0253  0.0254
niter,ni,del,rscale     3    3    5.0000    0.6000
parameters
   -0.3850   13.2109   -3.9286   -3.3756   -1.4572   -1.6477
   -1.4453    3.7020    1.1846   -4.0641   -4.4033   -2.1313
eta,q 0.97500  7.74224
  0.0257  0.0255  0.0253  0.0255  0.0255  0.0253  0.0257  0.0259  0.0254  0.0256  0.0252  0.0253
  0.0253  0.0252  0.0252  0.0252  0.0253  0.0252  0.0253  0.0254  0.0252  0.0253  0.0251  0.0251
  0.0251  0.0251  0.0251  0.0251  0.0251  0.0251  0.0251  0.0251  0.0251  0.0251  0.0250  0.0250
  0.0250  0.0250  0.0250  0.0250  0.0250  0.0250  0.0250  0.0250  0.0250  0.0250  0.0250  0.0250
  0.0251  0.0251  0.0250  0.0251  0.0250  0.0250  0.0251  0.0251  0.0250  0.0250  0.0250  0.0250
  0.0253  0.0252  0.0251  0.0252  0.0252  0.0250  0.0253  0.0254  0.0252  0.0252  0.0251  0.0251
  0.0257  0.0255  0.0253  0.0254  0.0255  0.0253  0.0256  0.0259  0.0254  0.0255  0.0252  0.0253
niter,ni,del,rscale     2    3    5.0000    0.5000
parameters
   -0.4018   13.1963   -3.9060   -3.3627   -1.3514   -1.3412
   -1.4081    3.7310    1.2472   -3.9800   -4.4329   -2.1263
eta,q 0.97502  7.75732
  0.0255  0.0253  0.0252  0.0253  0.0254  0.0252  0.0255  0.0256  0.0253  0.0254  0.0251  0.0252
  0.0252  0.0251  0.0251  0.0251  0.0252  0.0251  0.0252  0.0253  0.0251  0.0252  0.0250  0.0251
  0.0250  0.0250  0.0250  0.0250  0.0251  0.0251  0.0250  0.0250  0.0250  0.0250  0.0250  0.0250
  0.0250  0.0250  0.0250  0.0250  0.0250  0.0250  0.0250  0.0250  0.0250  0.0250  0.0250  0.0250
  0.0251  0.0250  0.0250  0.0250  0.0250  0.0250  0.0250  0.0251  0.0250  0.0250  0.0250  0.0250
  0.0252  0.0252  0.0251  0.0251  0.0251  0.0250  0.0252  0.0252  0.0251  0.0251  0.0251  0.0251
  0.0255  0.0253  0.0252  0.0253  0.0253  0.0252  0.0254  0.0256  0.0252  0.0254  0.0251  0.0252
niter,ni,del,rscale     1    3    5.0000    0.4000
parameters
   -0.4162   13.1913   -3.8881   -3.4069   -1.2424   -1.0481
   -1.3752    3.7574    1.3111   -3.8896   -4.4180   -2.1441
eta,q 0.97503  7.76965
  0.0253  0.0252  0.0251  0.0252  0.0252  0.0252  0.0253  0.0254  0.0251  0.0252  0.0251  0.0251
  0.0251  0.0251  0.0251  0.0251  0.0251  0.0251  0.0251  0.0251  0.0251  0.0251  0.0250  0.0250
  0.0250  0.0250  0.0250  0.0250  0.0250  0.0250  0.0250  0.0250  0.0250  0.0250  0.0250  0.0250
  0.0250  0.0250  0.0250  0.0250  0.0250  0.0250  0.0250  0.0250  0.0250  0.0250  0.0250  0.0250
  0.0250  0.0250  0.0250  0.0250  0.0250  0.0250  0.0250  0.0250  0.0250  0.0250  0.0250  0.0250
  0.0251  0.0251  0.0250  0.0251  0.0251  0.0250  0.0251  0.0251  0.0250  0.0251  0.0250  0.0250
  0.0253  0.0252  0.0251  0.0252  0.0252  0.0251  0.0253  0.0254  0.0251  0.0252  0.0251  0.0251
registration optimization eta report
parameter search radius
    0.8000    0.8000    0.8000    2.4000    2.4000    2.4000
    2.4000    2.4000    2.4000    2.4000    2.4000    2.4000
100000*second partial in parameter space
       47.       33.       21.        3.        4.        3.
        5.        7.        3.        5.        2.        2.
  0.0253  0.0252  0.0251  0.0252  0.0252  0.0252  0.0253  0.0254  0.0251  0.0252  0.0251  0.0251
  0.0251  0.0251  0.0251  0.0251  0.0251  0.0251  0.0251  0.0251  0.0251  0.0251  0.0250  0.0250
  0.0250  0.0250  0.0250  0.0250  0.0250  0.0250  0.0250  0.0250  0.0250  0.0250  0.0250  0.0250
  0.0250  0.0250  0.0250  0.0250  0.0250  0.0250  0.0250  0.0250  0.0250  0.0250  0.0250  0.0250
  0.0250  0.0250  0.0250  0.0250  0.0250  0.0250  0.0250  0.0250  0.0250  0.0250  0.0250  0.0250
  0.0251  0.0251  0.0250  0.0251  0.0251  0.0250  0.0251  0.0251  0.0250  0.0251  0.0250  0.0250
  0.0253  0.0252  0.0251  0.0252  0.0252  0.0251  0.0253  0.0254  0.0251  0.0252  0.0251  0.0251
   -0.4162   13.1913   -3.8881   -3.4069   -1.2424   -1.0481
   -1.3752    3.7574    1.3111   -3.8896   -4.4180   -2.1441
eta,q 0.97503  7.76965

---------------------------------------------------------------------
compute_vox2vox talsrcimg talsrcimg_to_711-2C_as_mni_average_305_t4 /opt/freesurfer/average/711-2C_as_mni_average_305
---------------------------------------------------------------------

freesurfer compute_vox2vox.c
Reading: talsrcimg.4dfp.ifh
Reading: talsrcimg_to_711-2C_as_mni_average_305_t4
Reading: /opt/freesurfer/average/711-2C_as_mni_average_305.4dfp.ifh
Writing: talsrcimg_to_711-2C_as_mni_average_305_t4_vox2vox.txt

start time Thu Mar 12 11:49:21 CET 2026
end		time Thu Mar 12 11:49:35 CET 2026

mpr2mni305 success

avi2talxfm orig_nu.mgz /opt/freesurfer/average/mni305.cor.mgz talsrcimg_to_711-2C_as_mni_average_305_t4_vox2vox.txt transforms/talairach.auto.xfm
avi2talxfm done
mv -f /out/sourcedata/freesurfer/sub-v1s17x0051133_ses-1/mri/talsrcimg_to_711-2C_as_mni_average_305_t4_vox2vox.txt /out/sourcedata/freesurfer/sub-v1s17x0051133_ses-1/mri/transforms/talsrcimg_to_711-2C_as_mni_average_305_t4_vox2vox.txt
lta_convert --src orig_nu.mgz --trg /opt/freesurfer/average/mni305.cor.mgz --inxfm transforms/talairach.auto.xfm --outlta transforms/talairach.auto.xfm.lta --subject fsaverage
7.3.2

--src: orig_nu.mgz src image (geometry).
--trg: /opt/freesurfer/average/mni305.cor.mgz trg image (geometry).
--inmni: transforms/talairach.auto.xfm input MNI/XFM transform.
--outlta: transforms/talairach.auto.xfm.lta output LTA.
--s: fsaverage subject name
 LTA read, type : 1
 1.03332  -0.03870   0.01355   0.77193;
 0.04588   1.00974   0.02256  -3.31054;
-0.01191   0.04028   1.01329  -1.91254;
 0.00000   0.00000   0.00000   1.00000;
setting subject to fsaverage
Writing  LTA to file transforms/talairach.auto.xfm.lta...
lta_convert successful.
 
 
Started at Thu Mar 12 11:49:21 CET 2026
Ended   at Thu Mar 12 11:49:35 CET 2026
talairach_avi done
