/out/sourcedata/freesurfer/sub-v1s17x0050251_ses-1/mri
/opt/freesurfer/bin/talairach_avi
--i orig_nu.mgz --xfm transforms/talairach.auto.xfm
talairach_avi 7.3.2
Linux dna050 5.14.0-427.37.1.el9_4.x86_64 #1 SMP PREEMPT_DYNAMIC Fri Sep 13 12:41:50 EDT 2024 x86_64 x86_64 x86_64 GNU/Linux
Mon Mar  9 01:59:23 CET 2026
mri_convert orig_nu.mgz talsrcimg.img 
reading from orig_nu.mgz...
TR=0.00, TE=0.00, TI=0.00, flip angle=0.00
i_ras = (-1, 1.01136e-09, 0)
j_ras = (0, -3.49246e-10, -1)
k_ras = (8.51287e-10, 1, -1.16415e-10)
writing to talsrcimg.img...
Analyze Output Matrix
-1.00000   0.00000   0.00000   129.59076;
 0.00000  -0.00000   1.00000  -126.33490;
 0.00000  -1.00000  -0.00000   112.44278;
 0.00000   0.00000   0.00000   1.00000;
--------------------
INFO: set hdr.hist.orient to -1
mpr2mni305 talsrcimg
Mon Mar  9 01:59:24 CET 2026
/opt/freesurfer/bin/mpr2mni305 talsrcimg
mpr2mni305 7.3.2
target=711-2C_as_mni_average_305

---------------------------------------------------------------------
analyzeto4dfp talsrcimg -O0 -y
---------------------------------------------------------------------

freesurfer ifh2hdr.c
Mon Mar  9 01:59:24 2026
Writing: talsrcimg.4dfp.hdr
freesurfer analyzeto4dfp.c
Reading: talsrcimg.hdr
header size 348 bytes
hdr.dime.datatype	offset=70	value=2
hdr.dime.bitpix		offset=72	value=8
hdr.hist.orient		offset=252	value=-1
dimensionality     4
dimensions       256       256       256         1
Reading: talsrcimg.img
Writing: talsrcimg.4dfp.img
Writing: talsrcimg.4dfp.ifh
ifh2hdr talsrcimg -r0to252
ori=2

---------------------------------------------------------------------
gauss_4dfp talsrcimg 1.1
---------------------------------------------------------------------

freesurfer gauss_4dfp.c
Reading: talsrcimg.4dfp.img
Writing: talsrcimg_g11.4dfp.img
image dimensions 256 256 256 padded to 288 288 288
processing volume 1freesurfer ifh2hdr.c
Mon Mar  9 01:59:26 2026
Writing: talsrcimg_g11.4dfp.hdr

Writing: talsrcimg_g11.4dfp.ifh
including: talsrcimg.4dfp.img.rec in talsrcimg_g11.4dfp.img.rec

---------------------------------------------------------------------
imgreg_4dfp /opt/freesurfer/average/711-2C_as_mni_average_305 none talsrcimg_g11 none talsrcimg_to_711-2C_as_mni_average_305_t4 4355
---------------------------------------------------------------------

freesurfer imgreg_4dfp.c
/opt/freesurfer/average/711-2C_as_mni_average_305.4dfp.img
       256       256       256         1
  1.000000  1.000000  1.000000
orientation T byte_order littleendian
Reading image: /opt/freesurfer/average/711-2C_as_mni_average_305.4dfp.img
dimensions:      256       256       256
mmppix:       1.0000   -1.0000   -1.0000
center:     128.0000 -129.0000 -129.0000
talsrcimg_g11.4dfp.img
       256       256       256         1
  1.000000  1.000000  1.000000
orientation T byte_order littleendian
Reading image: talsrcimg_g11.4dfp.img
dimensions:      256       256       256
mmppix:       1.0000   -1.0000   -1.0000
center:     128.0000 -129.0000 -129.0000
t4_read: open error in t4_sub.f l:  41 t4_file(1:l)talsrcimg_to_711-2C_as_mni_average_305_t4 
t4_read: transform initialized to I4
rotation matrix determinant  1.000000
image alignment mode   4355 decimal     1103 hex
   -7.5000  -45.0000  -45.0000 7545.9146   13.2041
    0.0000  -45.0000  -45.0000 7864.3037   13.2295
    7.5000  -45.0000  -45.0000 7513.1660   13.2210
   -7.5000  -37.5000  -45.0000 8240.4531   13.0501
    0.0000  -37.5000  -45.0000 8588.6084   13.0672
    7.5000  -37.5000  -45.0000 8217.4512   13.0557
   -7.5000  -30.0000  -45.0000 9288.5469   12.9831
    0.0000  -30.0000  -45.0000 9676.3506   12.9950
    7.5000  -30.0000  -45.0000 9236.9844   12.9862
   -7.5000  -22.5000  -45.000010319.9277   12.9780
    0.0000  -22.5000  -45.000010740.0098   12.9939
    7.5000  -22.5000  -45.000010248.1475   12.9918
   -7.5000  -15.0000  -45.000011280.2373   12.9669
    0.0000  -15.0000  -45.000011733.9590   12.9906
    7.5000  -15.0000  -45.000011197.8086   12.9918
   -7.5000   -7.5000  -45.000012175.7881   12.9578
    0.0000   -7.5000  -45.000012642.1865   12.9854
    7.5000   -7.5000  -45.000012058.5176   12.9833
   -7.5000    0.0000  -45.000012950.6816   12.9589
    0.0000    0.0000  -45.000013449.0615   12.9838
    7.5000    0.0000  -45.000012807.2051   12.9759
   -7.5000    7.5000  -45.000012749.9180   12.9711
    0.0000    7.5000  -45.000013238.2744   12.9882
    7.5000    7.5000  -45.000012602.6416   12.9768
   -7.5000   15.0000  -45.000012441.8027   12.9811
    0.0000   15.0000  -45.000012897.8281   12.9931
    7.5000   15.0000  -45.000012289.1504   12.9843
   -7.5000   22.5000  -45.000011971.5518   12.9762
    0.0000   22.5000  -45.000012405.6191   12.9920
    7.5000   22.5000  -45.000011839.4482   12.9900
   -7.5000   30.0000  -45.000011449.9736   12.7941
    0.0000   30.0000  -45.000011853.2783   12.8174
    7.5000   30.0000  -45.000011306.2021   12.8186
   -7.5000   37.5000  -45.000011246.4443   12.7851
    0.0000   37.5000  -45.000011668.6865   12.8123
    7.5000   37.5000  -45.000011129.3721   12.8103
   -7.5000   45.0000  -45.000010513.3262   12.4615
    0.0000   45.0000  -45.000010903.4609   12.4855
    7.5000   45.0000  -45.000010408.1514   12.4779
   -7.5000  -45.0000  -37.5000 7892.1812   13.2062
    0.0000  -45.0000  -37.5000 8231.9580   13.2323
    7.5000  -45.0000  -37.5000 7875.8066   13.2228
   -7.5000  -37.5000  -37.5000 8653.1953   13.0549
    0.0000  -37.5000  -37.5000 9010.3984   13.0715
    7.5000  -37.5000  -37.5000 8616.1992   13.0583
   -7.5000  -30.0000  -37.5000 9767.0918   12.9843
    0.0000  -30.0000  -37.500010150.3564   12.9947
    7.5000  -30.0000  -37.5000 9680.0771   12.9855
   -7.5000  -22.5000  -37.500010825.3125   12.9722
    0.0000  -22.5000  -37.500011250.1572   12.9868
    7.5000  -22.5000  -37.500010729.9785   12.9868
   -7.5000  -15.0000  -37.500011823.0361   12.9574
    0.0000  -15.0000  -37.500012289.8994   12.9811
    7.5000  -15.0000  -37.500011721.9102   12.9855
   -7.5000   -7.5000  -37.500012748.4297   12.9529
    0.0000   -7.5000  -37.500013229.4043   12.9813
    7.5000   -7.5000  -37.500012606.6221   12.9808
   -7.5000    0.0000  -37.500013553.0645   12.9611
    0.0000    0.0000  -37.500014063.8584   12.9866
    7.5000    0.0000  -37.500013389.1016   12.9778
   -7.5000    7.5000  -37.500013344.3652   12.9759
    0.0000    7.5000  -37.500013851.3115   12.9924
    7.5000    7.5000  -37.500013176.4746   12.9794
   -7.5000   15.0000  -37.500013028.4951   12.9824
    0.0000   15.0000  -37.500013505.8301   12.9927
    7.5000   15.0000  -37.500012869.1660   12.9836
   -7.5000   22.5000  -37.500012536.9648   12.9703
    0.0000   22.5000  -37.500012988.2119   12.9849
    7.5000   22.5000  -37.500012392.3467   12.9849
   -7.5000   30.0000  -37.500011954.8408   12.7847
    0.0000   30.0000  -37.500012394.4053   12.8081
    7.5000   30.0000  -37.500011834.5928   12.8124
   -7.5000   37.5000  -37.500011723.4941   12.7803
    0.0000   37.5000  -37.500012163.6504   12.8083
    7.5000   37.5000  -37.500011620.7764   12.8078
   -7.5000   45.0000  -37.500010931.1758   12.4637
    0.0000   45.0000  -37.500011325.6191   12.4882
    7.5000   45.0000  -37.500010847.1816   12.4797
   -7.5000  -45.0000  -30.0000 8379.5498   13.7685
    0.0000  -45.0000  -30.0000 8732.2324   13.7925
    7.5000  -45.0000  -30.0000 8363.9609   13.7808
   -7.5000  -37.5000  -30.0000 9191.8555   13.6126
    0.0000  -37.5000  -30.0000 9581.7100   13.6269
    7.5000  -37.5000  -30.0000 9155.2871   13.6114
   -7.5000  -30.0000  -30.000010355.1133   13.5377
    0.0000  -30.0000  -30.000010784.3672   13.5462
    7.5000  -30.0000  -30.000010290.5020   13.5369
   -7.5000  -22.5000  -30.000011471.7754   13.5211
    0.0000  -22.5000  -30.000011926.2520   13.5346
    7.5000  -22.5000  -30.000011396.5537   13.5365
   -7.5000  -15.0000  -30.000012529.1621   13.5033
    0.0000  -15.0000  -30.000013021.0918   13.5260
    7.5000  -15.0000  -30.000012434.6602   13.5322
   -7.5000   -7.5000  -30.000013527.3848   13.5003
    0.0000   -7.5000  -30.000014052.6914   13.5274
    7.5000   -7.5000  -30.000013401.7822   13.5266
   -7.5000    0.0000  -30.000014353.8682   13.5128
    0.0000    0.0000  -30.000014909.7998   13.5364
    7.5000    0.0000  -30.000014196.7627   13.5253
   -7.5000    7.5000  -30.000014122.0742   13.5304
    0.0000    7.5000  -30.000014662.4668   13.5446
    7.5000    7.5000  -30.000013968.9727   13.5293
   -7.5000   15.0000  -30.000013787.9170   13.5356
    0.0000   15.0000  -30.000014296.7393   13.5441
    7.5000   15.0000  -30.000013645.1680   13.5349
   -7.5000   22.5000  -30.000013278.2744   13.5177
    0.0000   22.5000  -30.000013770.0889   13.5312
    7.5000   22.5000  -30.000013152.7607   13.5332
   -7.5000   30.0000  -30.000012661.6338   13.3246
    0.0000   30.0000  -30.000013134.1758   13.3470
    7.5000   30.0000  -30.000012549.3711   13.3531
   -7.5000   37.5000  -30.000012386.1191   13.3217
    0.0000   37.5000  -30.000012853.2764   13.3484
    7.5000   37.5000  -30.000012293.0752   13.3476
   -7.5000   45.0000  -30.000011518.7871   13.0038
    0.0000   45.0000  -30.000011943.0508   13.0265
    7.5000   45.0000  -30.000011450.8848   13.0157
   -7.5000  -45.0000  -22.5000 8821.8174   14.2469
    0.0000  -45.0000  -22.5000 9212.9238   14.2677
    7.5000  -45.0000  -22.5000 8825.7256   14.2548
   -7.5000  -37.5000  -22.5000 9675.6680   14.0848
    0.0000  -37.5000  -22.500010097.7451   14.0969
    7.5000  -37.5000  -22.5000 9658.1992   14.0812
   -7.5000  -30.0000  -22.500010901.5957   14.0100
    0.0000  -30.0000  -22.500011357.7051   14.0182
    7.5000  -30.0000  -22.500010851.9785   14.0098
   -7.5000  -22.5000  -22.500012087.6230   13.9964
    0.0000  -22.5000  -22.500012569.5225   14.0102
    7.5000  -22.5000  -22.500012018.7090   14.0130
   -7.5000  -15.0000  -22.500013200.3389   13.9789
    0.0000  -15.0000  -22.500013722.2598   14.0008
    7.5000  -15.0000  -22.500013106.9277   14.0064
   -7.5000   -7.5000  -22.500014270.5762   13.9725
    0.0000   -7.5000  -22.500014853.3047   13.9973
    7.5000   -7.5000  -22.500014163.9355   13.9950
   -7.5000    0.0000  -22.500015154.6631   13.9820
    0.0000    0.0000  -22.500015767.3516   14.0025
    7.5000    0.0000  -22.500015019.8350   13.9902
   -7.5000    7.5000  -22.500014839.5283   14.0000
    0.0000    7.5000  -22.500015444.3389   14.0119
    7.5000    7.5000  -22.500014726.9219   13.9964
   -7.5000   15.0000  -22.500014501.9932   14.0079
    0.0000   15.0000  -22.500015042.3799   14.0160
    7.5000   15.0000  -22.500014377.5234   14.0077
   -7.5000   22.5000  -22.500013993.0879   13.9920
    0.0000   22.5000  -22.500014512.4863   14.0058
    7.5000   22.5000  -22.500013853.6699   14.0086
   -7.5000   30.0000  -22.500013333.6309   13.7960
    0.0000   30.0000  -22.500013827.8184   13.8177
    7.5000   30.0000  -22.500013177.7578   13.8231
   -7.5000   37.5000  -22.500013041.0439   13.7897
    0.0000   37.5000  -22.500013521.3799   13.8142
    7.5000   37.5000  -22.500012896.0215   13.8119
   -7.5000   45.0000  -22.500012110.9688   13.4653
    0.0000   45.0000  -22.500012559.6338   13.4851
    7.5000   45.0000  -22.500011991.7920   13.4732
   -7.5000  -45.0000  -15.0000 9274.0674   14.5857
    0.0000  -45.0000  -15.0000 9671.8711   14.6062
    7.5000  -45.0000  -15.0000 9270.6738   14.5940
   -7.5000  -37.5000  -15.000010162.1836   14.4172
    0.0000  -37.5000  -15.000010587.8184   14.4297
    7.5000  -37.5000  -15.000010118.9473   14.4157
   -7.5000  -30.0000  -15.000011429.4307   14.3442
    0.0000  -30.0000  -15.000011899.2236   14.3536
    7.5000  -30.0000  -15.000011346.7402   14.3461
   -7.5000  -22.5000  -15.000012688.6006   14.3371
    0.0000  -22.5000  -15.000013193.6230   14.3521
    7.5000  -22.5000  -15.000012557.1475   14.3535
   -7.5000  -15.0000  -15.000013867.4277   14.3225
    0.0000  -15.0000  -15.000014413.0117   14.3449
    7.5000  -15.0000  -15.000013729.7773   14.3475
   -7.5000   -7.5000  -15.000014963.2197   14.3114
    0.0000   -7.5000  -15.000015581.0479   14.3360
    7.5000   -7.5000  -15.000014836.8320   14.3320
   -7.5000    0.0000  -15.000015941.0127   14.3143
    0.0000    0.0000  -15.000016621.7168   14.3345
    7.5000    0.0000  -15.000015800.1279   14.3230
   -7.5000    7.5000  -15.000015638.0195   14.3303
    0.0000    7.5000  -15.000016299.2842   14.3427
    7.5000    7.5000  -15.000015502.9561   14.3290
   -7.5000   15.0000  -15.000015276.1006   14.3420
    0.0000   15.0000  -15.000015857.1299   14.3514
    7.5000   15.0000  -15.000015086.6689   14.3439
   -7.5000   22.5000  -15.000014737.1934   14.3320
    0.0000   22.5000  -15.000015268.0342   14.3469
    7.5000   22.5000  -15.000014488.0811   14.3483
   -7.5000   30.0000  -15.000014024.5127   14.1371
    0.0000   30.0000  -15.000014521.5127   14.1592
    7.5000   30.0000  -15.000013735.5576   14.1618
   -7.5000   37.5000  -15.000013688.0400   14.1261
    0.0000   37.5000  -15.000014179.0928   14.1504
    7.5000   37.5000  -15.000013421.9326   14.1465
   -7.5000   45.0000  -15.000012692.1396   13.7937
    0.0000   45.0000  -15.000013152.8506   13.8132
    7.5000   45.0000  -15.000012463.6270   13.8021
   -7.5000  -45.0000   -7.5000 9681.2920   14.7494
    0.0000  -45.0000   -7.500010088.6279   14.7736
    7.5000  -45.0000   -7.5000 9651.5283   14.7630
   -7.5000  -37.5000   -7.500010623.1885   14.5768
    0.0000  -37.5000   -7.500011064.1289   14.5929
    7.5000  -37.5000   -7.500010546.5674   14.5802
   -7.5000  -30.0000   -7.500011955.5840   14.5041
    0.0000  -30.0000   -7.500012444.7607   14.5161
    7.5000  -30.0000   -7.500011864.9854   14.5075
   -7.5000  -22.5000   -7.500013281.0654   14.5012
    0.0000  -22.5000   -7.500013815.7920   14.5180
    7.5000  -22.5000   -7.500013157.9121   14.5162
   -7.5000  -15.0000   -7.500014505.9727   14.4894
    0.0000  -15.0000   -7.500015076.5674   14.5138
    7.5000  -15.0000   -7.500014372.2002   14.5137
   -7.5000   -7.5000   -7.500015642.3574   14.4765
    0.0000   -7.5000   -7.500016275.0273   14.5038
    7.5000   -7.5000   -7.500015511.2666   14.4996
   -7.5000    0.0000   -7.500016810.9180   14.4751
    0.0000    0.0000   -7.500017514.9492   14.4989
    7.5000    0.0000   -7.500016586.8125   14.4891
   -7.5000    7.5000   -7.500016697.9277   14.4888
    0.0000    7.5000   -7.500017453.1680   14.5048
    7.5000    7.5000   -7.500016388.4629   14.4924
   -7.5000   15.0000   -7.500016371.8281   14.5019
    0.0000   15.0000   -7.500017067.8027   14.5139
    7.5000   15.0000   -7.500015936.7197   14.5053
   -7.5000   22.5000   -7.500015697.3730   14.4944
    0.0000   22.5000   -7.500016298.6992   14.5112
    7.5000   22.5000   -7.500015204.8252   14.5094
   -7.5000   30.0000   -7.500014807.4570   14.3015
    0.0000   30.0000   -7.500015346.2119   14.3255
    7.5000   30.0000   -7.500014348.0693   14.3254
   -7.5000   37.5000   -7.500014364.7070   14.2888
    0.0000   37.5000   -7.500014881.4014   14.3158
    7.5000   37.5000   -7.500013978.1719   14.3115
   -7.5000   45.0000   -7.500013256.3633   13.9513
    0.0000   45.0000   -7.500013761.8418   13.9742
    7.5000   45.0000   -7.500012983.4316   13.9648
   -7.5000  -45.0000    0.000010015.5957   14.7758
    0.0000  -45.0000    0.000010416.0771   14.8042
    7.5000  -45.0000    0.0000 9936.5439   14.7946
   -7.5000  -37.5000    0.000010996.5557   14.6033
    0.0000  -37.5000    0.000011436.6631   14.6225
    7.5000  -37.5000    0.000010907.8750   14.6096
   -7.5000  -30.0000    0.000012388.7100   14.5284
    0.0000  -30.0000    0.000012895.1445   14.5417
    7.5000  -30.0000    0.000012296.8281   14.5319
   -7.5000  -22.5000    0.000013778.9580   14.5227
    0.0000  -22.5000    0.000014331.6064   14.5405
    7.5000  -22.5000    0.000013651.5830   14.5382
   -7.5000  -15.0000    0.000015056.8281   14.5103
    0.0000  -15.0000    0.000015664.6172   14.5368
    7.5000  -15.0000    0.000014859.8184   14.5381
   -7.5000   -7.5000    0.000016232.8477   14.5000
    0.0000   -7.5000    0.000016863.9277   14.5309
    7.5000   -7.5000    0.000016003.0469   14.5286
   -7.5000    0.0000    0.000017409.1426   14.5013
    0.0000    0.0000    0.000018082.5957   14.5292
    7.5000    0.0000    0.000017093.8105   14.5203
   -7.5000    7.5000    0.000017326.8574   14.5150
    0.0000    7.5000    0.000018084.6191   14.5341
    7.5000    7.5000    0.000016888.4141   14.5214
   -7.5000   15.0000    0.000016966.1074   14.5262
    0.0000   15.0000    0.000017732.2500   14.5396
    7.5000   15.0000    0.000016476.6641   14.5297
   -7.5000   22.5000    0.000016218.0918   14.5160
    0.0000   22.5000    0.000016902.7070   14.5337
    7.5000   22.5000    0.000015752.2979   14.5314
   -7.5000   30.0000    0.000015281.2168   14.3225
    0.0000   30.0000    0.000015906.5576   14.3486
    7.5000   30.0000    0.000014869.1064   14.3499
   -7.5000   37.5000    0.000014813.0352   14.3124
    0.0000   37.5000    0.000015416.5713   14.3429
    7.5000   37.5000    0.000014477.9590   14.3406
   -7.5000   45.0000    0.000013650.4629   13.9776
    0.0000   45.0000    0.000014209.3623   14.0044
    7.5000   45.0000    0.000013417.4199   13.9959
   -7.5000  -45.0000    7.5000 9526.5859   14.7781
    0.0000  -45.0000    7.5000 9910.4424   14.8073
    7.5000  -45.0000    7.5000 9420.6025   14.7967
   -7.5000  -37.5000    7.500010501.6631   14.6088
    0.0000  -37.5000    7.500010929.9287   14.6274
    7.5000  -37.5000    7.500010365.3867   14.6125
   -7.5000  -30.0000    7.500011861.7012   14.5298
    0.0000  -30.0000    7.500012345.9922   14.5414
    7.5000  -30.0000    7.500011711.0625   14.5312
   -7.5000  -22.5000    7.500013183.4551   14.5162
    0.0000  -22.5000    7.500013701.6123   14.5325
    7.5000  -22.5000    7.500013009.4102   14.5326
   -7.5000  -15.0000    7.500014371.3477   14.4997
    0.0000  -15.0000    7.500014941.9424   14.5262
    7.5000  -15.0000    7.500014203.3037   14.5311
   -7.5000   -7.5000    7.500015446.6709   14.4946
    0.0000   -7.5000    7.500016025.2373   14.5264
    7.5000   -7.5000    7.500015300.1543   14.5259
   -7.5000    0.0000    7.500016501.7480   14.5039
    0.0000    0.0000    7.500017141.6270   14.5324
    7.5000    0.0000    7.500016332.5977   14.5225
   -7.5000    7.5000    7.500016347.1709   14.5204
    0.0000    7.5000    7.500016974.3145   14.5389
    7.5000    7.5000    7.500016089.1475   14.5243
   -7.5000   15.0000    7.500015966.8311   14.5276
    0.0000   15.0000    7.500016548.9980   14.5392
    7.5000   15.0000    7.500015719.8984   14.5290
   -7.5000   22.5000    7.500015361.3408   14.5094
    0.0000   22.5000    7.500015904.0742   14.5257
    7.5000   22.5000    7.500015095.6426   14.5258
   -7.5000   30.0000    7.500014598.1260   14.3120
    0.0000   30.0000    7.500015086.5859   14.3382
    7.5000   30.0000    7.500014309.0449   14.3430
   -7.5000   37.5000    7.500014183.0166   14.3071
    0.0000   37.5000    7.500014678.4775   14.3384
    7.5000   37.5000    7.500013939.7793   14.3379
   -7.5000   45.0000    7.500013079.6748   13.9800
    0.0000   45.0000    7.500013560.6133   14.0075
    7.5000   45.0000    7.500012895.1426   13.9980
   -7.5000  -45.0000   15.0000 8906.7100   14.8060
    0.0000  -45.0000   15.0000 9268.0654   14.8319
    7.5000  -45.0000   15.0000 8778.6719   14.8193
   -7.5000  -37.5000   15.0000 9844.6699   14.6382
    0.0000  -37.5000   15.000010226.3604   14.6536
    7.5000  -37.5000   15.0000 9688.0156   14.6368
   -7.5000  -30.0000   15.000011107.6533   14.5575
    0.0000  -30.0000   15.000011545.4287   14.5666
    7.5000  -30.0000   15.000010974.6729   14.5566
   -7.5000  -22.5000   15.000012308.9717   14.5395
    0.0000  -22.5000   15.000012807.9297   14.5541
    7.5000  -22.5000   15.000012197.8623   14.5562
   -7.5000  -15.0000   15.000013391.1172   14.5203
    0.0000  -15.0000   15.000013941.2051   14.5448
    7.5000  -15.0000   15.000013330.0352   14.5515
   -7.5000   -7.5000   15.000014436.5557   14.5172
    0.0000   -7.5000   15.000015007.8193   14.5464
    7.5000   -7.5000   15.000014394.7148   14.5456
   -7.5000    0.0000   15.000015419.4834   14.5307
    0.0000    0.0000   15.000016076.2168   14.5562
    7.5000    0.0000   15.000015355.5615   14.5441
   -7.5000    7.5000   15.000015222.2900   14.5497
    0.0000    7.5000   15.000015836.6182   14.5650
    7.5000    7.5000   15.000015125.7373   14.5485
   -7.5000   15.0000   15.000014839.6533   14.5552
    0.0000   15.0000   15.000015403.1211   14.5644
    7.5000   15.0000   15.000014762.8779   14.5544
   -7.5000   22.5000   15.000014331.8750   14.5327
    0.0000   22.5000   15.000014879.1133   14.5473
    7.5000   22.5000   15.000014238.6611   14.5494
   -7.5000   30.0000   15.000013673.6943   14.3324
    0.0000   30.0000   15.000014172.5967   14.3565
    7.5000   30.0000   15.000013523.6787   14.3632
   -7.5000   37.5000   15.000013310.2070   14.3293
    0.0000   37.5000   15.000013806.5176   14.3581
    7.5000   37.5000   15.000013161.4912   14.3573
   -7.5000   45.0000   15.000012292.7363   14.0059
    0.0000   45.0000   15.000012760.9951   14.0305
    7.5000   45.0000   15.000012157.2783   14.0189
   -7.5000  -45.0000   22.5000 8210.4658   14.9510
    0.0000  -45.0000   22.5000 8555.1836   14.9732
    7.5000  -45.0000   22.5000 8118.5044   14.9596
   -7.5000  -37.5000   22.5000 9067.4277   14.7794
    0.0000  -37.5000   22.5000 9455.1533   14.7922
    7.5000  -37.5000   22.5000 8970.0000   14.7758
   -7.5000  -30.0000   22.500010235.4375   14.7000
    0.0000  -30.0000   22.500010672.6396   14.7087
    7.5000  -30.0000   22.500010168.1006   14.7000
   -7.5000  -22.5000   22.500011360.0293   14.6852
    0.0000  -22.5000   22.500011866.2578   14.6998
    7.5000  -22.5000   22.500011316.1504   14.7028
   -7.5000  -15.0000   22.500012397.2139   14.6663
    0.0000  -15.0000   22.500012939.1289   14.6894
    7.5000  -15.0000   22.500012373.7588   14.6954
   -7.5000   -7.5000   22.500013405.8438   14.6596
    0.0000   -7.5000   22.500013973.1318   14.6858
    7.5000   -7.5000   22.500013390.4121   14.6835
   -7.5000    0.0000   22.500014326.1055   14.6700
    0.0000    0.0000   22.500014946.7412   14.6918
    7.5000    0.0000   22.500014272.6133   14.6789
   -7.5000    7.5000   22.500014113.7754   14.6894
    0.0000    7.5000   22.500014662.8467   14.7021
    7.5000    7.5000   22.500014041.6211   14.6859
   -7.5000   15.0000   22.500013719.1934   14.6977
    0.0000   15.0000   22.500014243.0645   14.7064
    7.5000   15.0000   22.500013684.5645   14.6977
   -7.5000   22.5000   22.500013278.1416   14.6783
    0.0000   22.5000   22.500013797.0215   14.6929
    7.5000   22.5000   22.500013231.8672   14.6959
   -7.5000   30.0000   22.500012678.7119   14.4764
    0.0000   30.0000   22.500013175.0225   14.4993
    7.5000   30.0000   22.500012600.5020   14.5052
   -7.5000   37.5000   22.500012359.9961   14.4699
    0.0000   37.5000   22.500012836.3223   14.4958
    7.5000   37.5000   22.500012264.7373   14.4935
   -7.5000   45.0000   22.500011425.4482   14.1402
    0.0000   45.0000   22.500011885.5957   14.1612
    7.5000   45.0000   22.500011342.5586   14.1488
   -7.5000  -45.0000   30.0000 7532.6611   15.2533
    0.0000  -45.0000   30.0000 7858.5571   15.2754
    7.5000  -45.0000   30.0000 7454.4102   15.2628
   -7.5000  -37.5000   30.0000 8316.2480   15.0737
    0.0000  -37.5000   30.0000 8681.7256   15.0872
    7.5000  -37.5000   30.0000 8244.8799   15.0726
   -7.5000  -30.0000   30.0000 9394.6602   14.9964
    0.0000  -30.0000   30.0000 9814.9980   15.0060
    7.5000  -30.0000   30.0000 9357.8105   14.9979
   -7.5000  -22.5000   30.000010434.3955   14.9879
    0.0000  -22.5000   30.000010915.3945   15.0028
    7.5000  -22.5000   30.000010412.6230   15.0038
   -7.5000  -15.0000   30.000011409.6562   14.9699
    0.0000  -15.0000   30.000011912.8965   14.9927
    7.5000  -15.0000   30.000011395.2373   14.9953
   -7.5000   -7.5000   30.000012346.1680   14.9567
    0.0000   -7.5000   30.000012880.1875   14.9826
    7.5000   -7.5000   30.000012346.3418   14.9786
   -7.5000    0.0000   30.000013174.7090   14.9606
    0.0000    0.0000   30.000013733.5693   14.9824
    7.5000    0.0000   30.000013159.1826   14.9706
   -7.5000    7.5000   30.000012961.3145   14.9800
    0.0000    7.5000   30.000013493.4365   14.9934
    7.5000    7.5000   30.000012952.4355   14.9791
   -7.5000   15.0000   30.000012610.0186   14.9941
    0.0000   15.0000   30.000013127.5840   15.0037
    7.5000   15.0000   30.000012618.4814   14.9955
   -7.5000   22.5000   30.000012224.4551   14.9809
    0.0000   22.5000   30.000012703.0811   14.9958
    7.5000   22.5000   30.000012192.3887   14.9968
   -7.5000   30.0000   30.000011671.6221   14.7762
    0.0000   30.0000   30.000012141.3145   14.7986
    7.5000   30.0000   30.000011619.5928   14.8012
   -7.5000   37.5000   30.000011381.6064   14.7631
    0.0000   37.5000   30.000011840.3545   14.7887
    7.5000   37.5000   30.000011308.7588   14.7847
   -7.5000   45.0000   30.000010534.8086   14.4203
    0.0000   45.0000   30.000010948.9463   14.4413
    7.5000   45.0000   30.000010460.1094   14.4300
   -7.5000  -45.0000   37.5000 7175.7651   15.7275
    0.0000  -45.0000   37.5000 7481.2002   15.7514
    7.5000  -45.0000   37.5000 7097.4609   15.7387
   -7.5000  -37.5000   37.5000 7922.4990   15.5287
    0.0000  -37.5000   37.5000 8279.1143   15.5436
    7.5000  -37.5000   37.5000 7863.3340   15.5279
   -7.5000  -30.0000   37.5000 8951.3320   15.4447
    0.0000  -30.0000   37.5000 9362.7910   15.4547
    7.5000  -30.0000   37.5000 8926.1729   15.4432
   -7.5000  -22.5000   37.5000 9961.2168   15.4430
    0.0000  -22.5000   37.500010422.2188   15.4579
    7.5000  -22.5000   37.5000 9939.3750   15.4544
   -7.5000  -15.0000   37.500010900.6621   15.4325
    0.0000  -15.0000   37.500011393.4873   15.4557
    7.5000  -15.0000   37.500010887.8633   15.4547
   -7.5000   -7.5000   37.500011799.7266   15.4193
    0.0000   -7.5000   37.500012313.2441   15.4464
    7.5000   -7.5000   37.500011796.7637   15.4410
   -7.5000    0.0000   37.500012591.1787   15.4165
    0.0000    0.0000   37.500013126.7734   15.4402
    7.5000    0.0000   37.500012565.2432   15.4284
   -7.5000    7.5000   37.500012385.9434   15.4291
    0.0000    7.5000   37.500012887.5254   15.4439
    7.5000    7.5000   37.500012371.7764   15.4285
   -7.5000   15.0000   37.500012063.3672   15.4422
    0.0000   15.0000   37.500012539.2236   15.4522
    7.5000   15.0000   37.500012046.7148   15.4407
   -7.5000   22.5000   37.500011678.0781   15.4358
    0.0000   22.5000   37.500012137.1787   15.4506
    7.5000   22.5000   37.500011648.8066   15.4471
   -7.5000   30.0000   37.500011161.4961   15.2328
    0.0000   30.0000   37.500011606.0195   15.2556
    7.5000   30.0000   37.500011115.3818   15.2547
   -7.5000   37.5000   37.500010885.4346   15.2198
    0.0000   37.5000   37.500011332.0898   15.2465
    7.5000   37.5000   37.500010836.8906   15.2412
   -7.5000   45.0000   37.500010086.0518   14.8598
    0.0000   45.0000   37.500010478.2080   14.8825
    7.5000   45.0000   37.500010020.5234   14.8712
   -7.5000  -45.0000   45.0000 6511.0874   16.2281
    0.0000  -45.0000   45.0000 6791.5068   16.2562
    7.5000  -45.0000   45.0000 6453.4644   16.2411
   -7.5000  -37.5000   45.0000 7194.6284   16.0195
    0.0000  -37.5000   45.0000 7533.2046   16.0375
    7.5000  -37.5000   45.0000 7162.0645   16.0180
   -7.5000  -30.0000   45.0000 8144.1401   15.9283
    0.0000  -30.0000   45.0000 8526.2705   15.9386
    7.5000  -30.0000   45.0000 8123.6074   15.9225
   -7.5000  -22.5000   45.0000 9076.6973   15.9205
    0.0000  -22.5000   45.0000 9489.7910   15.9342
    7.5000  -22.5000   45.0000 9055.0312   15.9274
   -7.5000  -15.0000   45.0000 9962.8682   15.9045
    0.0000  -15.0000   45.000010409.3730   15.9274
    7.5000  -15.0000   45.0000 9941.0762   15.9254
   -7.5000   -7.5000   45.000010792.7959   15.8927
    0.0000   -7.5000   45.000011266.6240   15.9219
    7.5000   -7.5000   45.000010778.9678   15.9158
   -7.5000    0.0000   45.000011504.5557   15.8955
    0.0000    0.0000   45.000011988.9844   15.9230
    7.5000    0.0000   45.000011482.8721   15.9091
   -7.5000    7.5000   45.000011299.7031   15.9125
    0.0000    7.5000   45.000011763.3682   15.9304
    7.5000    7.5000   45.000011291.5732   15.9113
   -7.5000   15.0000   45.000011012.9443   15.9256
    0.0000   15.0000   45.000011458.6973   15.9360
    7.5000   15.0000   45.000011010.7979   15.9199
   -7.5000   22.5000   45.000010662.6445   15.9130
    0.0000   22.5000   45.000011099.1387   15.9267
    7.5000   22.5000   45.000010664.5635   15.9198
   -7.5000   30.0000   45.000010202.6943   15.6972
    0.0000   30.0000   45.000010620.4707   15.7199
    7.5000   30.0000   45.000010180.9297   15.7179
   -7.5000   37.5000   45.0000 9958.9473   15.6856
    0.0000   37.5000   45.000010368.9346   15.7145
    7.5000   37.5000   45.0000 9928.0771   15.7084
   -7.5000   45.0000   45.0000 9244.7451   15.3284
    0.0000   45.0000   45.0000 9613.7861   15.3549
    7.5000   45.0000   45.0000 9189.6045   15.3415

---------------------------------------------------------------------
imgreg_4dfp /opt/freesurfer/average/711-2C_as_mni_average_305 /opt/freesurfer/average/711-2B_as_mni_average_305_mask talsrcimg_g11 none talsrcimg_to_711-2C_as_mni_average_305_t4 4355
---------------------------------------------------------------------

freesurfer imgreg_4dfp.c
/opt/freesurfer/average/711-2C_as_mni_average_305.4dfp.img
       256       256       256         1
  1.000000  1.000000  1.000000
orientation T byte_order littleendian
Reading image: /opt/freesurfer/average/711-2C_as_mni_average_305.4dfp.img
dimensions:      256       256       256
mmppix:       1.0000   -1.0000   -1.0000
center:     128.0000 -129.0000 -129.0000
/opt/freesurfer/average/711-2B_as_mni_average_305_mask.4dfp.img
       256       256       256         1
  1.000000  1.000000  1.000000
orientation T byte_order littleendian
Reading mask: /opt/freesurfer/average/711-2B_as_mni_average_305_mask.4dfp.img (2306576 pixels)
talsrcimg_g11.4dfp.img
       256       256       256         1
  1.000000  1.000000  1.000000
orientation T byte_order littleendian
Reading image: talsrcimg_g11.4dfp.img
dimensions:      256       256       256
mmppix:       1.0000   -1.0000   -1.0000
center:     128.0000 -129.0000 -129.0000
rotation matrix determinant  1.000000
image alignment mode   4355 decimal     1103 hex
   -7.5000  -37.5000  -45.0000 2151.8809   14.9023
    0.0000  -37.5000  -45.0000 2162.1226   14.7618
    7.5000  -37.5000  -45.0000 2148.8855   14.8362
   -7.5000  -30.0000  -45.0000 2273.1597   13.4328
    0.0000  -30.0000  -45.0000 2285.8401   13.3005
    7.5000  -30.0000  -45.0000 2267.1077   13.3704
   -7.5000  -22.5000  -45.0000 2373.2458   12.2495
    0.0000  -22.5000  -45.0000 2386.1936   12.1421
    7.5000  -22.5000  -45.0000 2366.1858   12.2332
   -7.5000  -15.0000  -45.0000 2452.7114   11.3716
    0.0000  -15.0000  -45.0000 2465.5691   11.2616
    7.5000  -15.0000  -45.0000 2444.6377   11.3565
   -7.5000   -7.5000  -45.0000 2512.9346   10.7729
    0.0000   -7.5000  -45.0000 2521.2778   10.6616
    7.5000   -7.5000  -45.0000 2502.1587   10.7567
   -7.5000    0.0000  -45.0000 2540.4707   10.4502
    0.0000    0.0000  -45.0000 2556.4067   10.3169
    7.5000    0.0000  -45.0000 2531.7253   10.4323
   -7.5000    7.5000  -45.0000 2542.3486   10.3288
    0.0000    7.5000  -45.0000 2560.0186   10.2148
    7.5000    7.5000  -45.0000 2540.6880   10.3288
   -7.5000   15.0000  -45.0000 2522.9351   10.4312
    0.0000   15.0000  -45.0000 2539.8264   10.3116
    7.5000   15.0000  -45.0000 2520.3726   10.4518
   -7.5000   22.5000  -45.0000 2490.4382   10.7086
    0.0000   22.5000  -45.0000 2509.6978   10.5983
    7.5000   22.5000  -45.0000 2490.2747   10.7498
   -7.5000   30.0000  -45.0000 2440.0474   11.1917
    0.0000   30.0000  -45.0000 2455.4312   11.0728
    7.5000   30.0000  -45.0000 2438.4141   11.2309
   -7.5000   37.5000  -45.0000 2367.1167   11.9006
    0.0000   37.5000  -45.0000 2384.6157   11.7574
    7.5000   37.5000  -45.0000 2366.4180   11.9297
   -7.5000   45.0000  -45.0000 2274.2637   12.8497
    0.0000   45.0000  -45.0000 2288.5134   12.7076
    7.5000   45.0000  -45.0000 2273.8311   12.8701
   -7.5000   52.5000  -45.0000 2145.2952   14.0492
    0.0000   52.5000  -45.0000 2157.3628   13.9186
    7.5000   52.5000  -45.0000 2141.5239   14.0853
   -7.5000  -37.5000  -37.5000 2198.5173   14.2066
    0.0000  -37.5000  -37.5000 2214.1865   14.0628
    7.5000  -37.5000  -37.5000 2202.3193   14.1500
   -7.5000  -30.0000  -37.5000 2327.6597   12.7523
    0.0000  -30.0000  -37.5000 2341.4136   12.6061
    7.5000  -30.0000  -37.5000 2322.4692   12.6838
   -7.5000  -22.5000  -37.5000 2434.7114   11.5726
    0.0000  -22.5000  -37.5000 2446.7734   11.4556
    7.5000  -22.5000  -37.5000 2427.4597   11.5390
   -7.5000  -15.0000  -37.5000 2519.2905   10.7026
    0.0000  -15.0000  -37.5000 2532.2573   10.6007
    7.5000  -15.0000  -37.5000 2512.3518   10.6988
   -7.5000   -7.5000  -37.5000 2585.6187   10.1018
    0.0000   -7.5000  -37.5000 2596.3828   10.0046
    7.5000   -7.5000  -37.5000 2578.6177   10.1064
   -7.5000    0.0000  -37.5000 2622.2571    9.7706
    0.0000    0.0000  -37.5000 2636.6018    9.6649
    7.5000    0.0000  -37.5000 2621.3247    9.7598
   -7.5000    7.5000  -37.5000 2637.2415    9.6316
    0.0000    7.5000  -37.5000 2654.5437    9.5266
    7.5000    7.5000  -37.5000 2632.5732    9.6277
   -7.5000   15.0000  -37.5000 2623.4365    9.7268
    0.0000   15.0000  -37.5000 2640.8933    9.6118
    7.5000   15.0000  -37.5000 2618.4104    9.7473
   -7.5000   22.5000  -37.5000 2591.3931    9.9829
    0.0000   22.5000  -37.5000 2608.6143    9.8793
    7.5000   22.5000  -37.5000 2586.1155   10.0347
   -7.5000   30.0000  -37.5000 2534.9724   10.4345
    0.0000   30.0000  -37.5000 2555.5684   10.3030
    7.5000   30.0000  -37.5000 2535.1199   10.4703
   -7.5000   37.5000  -37.5000 2458.7598   11.0717
    0.0000   37.5000  -37.5000 2477.6968   10.9204
    7.5000   37.5000  -37.5000 2458.2930   11.0863
   -7.5000   45.0000  -37.5000 2358.7239   11.9537
    0.0000   45.0000  -37.5000 2373.6636   11.8096
    7.5000   45.0000  -37.5000 2355.7874   11.9631
   -7.5000   52.5000  -37.5000 2220.0217   13.0615
    0.0000   52.5000  -37.5000 2236.6094   12.9227
    7.5000   52.5000  -37.5000 2218.2786   13.0861
   -7.5000  -37.5000  -30.0000 2279.3867   14.0590
    0.0000  -37.5000  -30.0000 2294.7393   13.9025
    7.5000  -37.5000  -30.0000 2282.9961   14.0168
   -7.5000  -30.0000  -30.0000 2410.8867   12.5505
    0.0000  -30.0000  -30.0000 2426.6772   12.4255
    7.5000  -30.0000  -30.0000 2409.8413   12.5232
   -7.5000  -22.5000  -30.0000 2526.6792   11.3560
    0.0000  -22.5000  -30.0000 2540.2686   11.2488
    7.5000  -22.5000  -30.0000 2523.8552   11.3541
   -7.5000  -15.0000  -30.0000 2625.2136   10.4535
    0.0000  -15.0000  -30.0000 2636.8025   10.3634
    7.5000  -15.0000  -30.0000 2620.3501   10.4772
   -7.5000   -7.5000  -30.0000 2699.6948    9.8485
    0.0000   -7.5000  -30.0000 2714.5752    9.7635
    7.5000   -7.5000  -30.0000 2698.3989    9.8725
   -7.5000    0.0000  -30.0000 2743.7283    9.4844
    0.0000    0.0000  -30.0000 2764.7461    9.3941
    7.5000    0.0000  -30.0000 2746.5310    9.5097
   -7.5000    7.5000  -30.0000 2770.0923    9.3192
    0.0000    7.5000  -30.0000 2793.5940    9.2094
    7.5000    7.5000  -30.0000 2773.2268    9.3349
   -7.5000   15.0000  -30.0000 2764.7515    9.3998
    0.0000   15.0000  -30.0000 2787.3127    9.2823
    7.5000   15.0000  -30.0000 2761.6013    9.4356
   -7.5000   22.5000  -30.0000 2731.6655    9.6676
    0.0000   22.5000  -30.0000 2753.6558    9.5431
    7.5000   22.5000  -30.0000 2730.3088    9.7172
   -7.5000   30.0000  -30.0000 2673.7246   10.1034
    0.0000   30.0000  -30.0000 2694.2957    9.9750
    7.5000   30.0000  -30.0000 2674.7705   10.1381
   -7.5000   37.5000  -30.0000 2591.0188   10.7125
    0.0000   37.5000  -30.0000 2613.0173   10.5699
    7.5000   37.5000  -30.0000 2592.7698   10.7209
   -7.5000   45.0000  -30.0000 2483.2151   11.5581
    0.0000   45.0000  -30.0000 2500.0244   11.4186
    7.5000   45.0000  -30.0000 2480.9636   11.5738
   -7.5000   52.5000  -30.0000 2337.3542   12.6244
    0.0000   52.5000  -30.0000 2354.2090   12.4923
    7.5000   52.5000  -30.0000 2335.0728   12.6720
   -7.5000  -37.5000  -22.5000 2320.9441   13.7989
    0.0000  -37.5000  -22.5000 2340.8191   13.6785
    7.5000  -37.5000  -22.5000 2328.6716   13.8320
   -7.5000  -30.0000  -22.5000 2459.8511   12.2918
    0.0000  -30.0000  -22.5000 2473.7446   12.1747
    7.5000  -30.0000  -22.5000 2455.3291   12.3214
   -7.5000  -22.5000  -22.5000 2582.6162   11.1098
    0.0000  -22.5000  -22.5000 2597.5046   10.9964
    7.5000  -22.5000  -22.5000 2577.6113   11.1384
   -7.5000  -15.0000  -22.5000 2693.6802   10.2015
    0.0000  -15.0000  -22.5000 2705.1653   10.1037
    7.5000  -15.0000  -22.5000 2687.2449   10.2428
   -7.5000   -7.5000  -22.5000 2781.9321    9.5602
    0.0000   -7.5000  -22.5000 2801.0039    9.4810
    7.5000   -7.5000  -22.5000 2781.5972    9.5981
   -7.5000    0.0000  -22.5000 2834.0305    9.1823
    0.0000    0.0000  -22.5000 2858.9956    9.0981
    7.5000    0.0000  -22.5000 2840.2969    9.2246
   -7.5000    7.5000  -22.5000 2864.9402    8.9732
    0.0000    7.5000  -22.5000 2898.0063    8.8731
    7.5000    7.5000  -22.5000 2873.7957    9.0213
   -7.5000   15.0000  -22.5000 2870.3574    9.0296
    0.0000   15.0000  -22.5000 2896.9861    8.9049
    7.5000   15.0000  -22.5000 2869.5466    9.0919
   -7.5000   22.5000  -22.5000 2838.0479    9.3062
    0.0000   22.5000  -22.5000 2861.6875    9.1765
    7.5000   22.5000  -22.5000 2834.7776    9.3774
   -7.5000   30.0000  -22.5000 2776.7896    9.7292
    0.0000   30.0000  -22.5000 2802.9065    9.5825
    7.5000   30.0000  -22.5000 2775.8337    9.7647
   -7.5000   37.5000  -22.5000 2689.4434   10.3184
    0.0000   37.5000  -22.5000 2715.7549   10.1638
    7.5000   37.5000  -22.5000 2688.3762   10.3413
   -7.5000   45.0000  -22.5000 2576.4563   11.1335
    0.0000   45.0000  -22.5000 2596.9285   10.9920
    7.5000   45.0000  -22.5000 2571.6482   11.1681
   -7.5000   52.5000  -22.5000 2421.7468   12.1869
    0.0000   52.5000  -22.5000 2444.4360   12.0412
    7.5000   52.5000  -22.5000 2419.1155   12.2374
   -7.5000  -37.5000  -15.0000 2336.3530   13.6581
    0.0000  -37.5000  -15.0000 2349.8826   13.5121
    7.5000  -37.5000  -15.0000 2337.9824   13.7070
   -7.5000  -30.0000  -15.0000 2469.2788   12.1107
    0.0000  -30.0000  -15.0000 2482.3682   11.9932
    7.5000  -30.0000  -15.0000 2464.2061   12.1506
   -7.5000  -22.5000  -15.0000 2596.1365   10.9381
    0.0000  -22.5000  -15.0000 2611.9421   10.8225
    7.5000  -22.5000  -15.0000 2588.7437   10.9591
   -7.5000  -15.0000  -15.0000 2716.4612   10.0236
    0.0000  -15.0000  -15.0000 2732.2390    9.9106
    7.5000  -15.0000  -15.0000 2710.6218   10.0434
   -7.5000   -7.5000  -15.0000 2815.2458    9.3569
    0.0000   -7.5000  -15.0000 2838.5979    9.2579
    7.5000   -7.5000  -15.0000 2815.5586    9.3927
   -7.5000    0.0000  -15.0000 2882.5637    8.9528
    0.0000    0.0000  -15.0000 2909.4851    8.8755
    7.5000    0.0000  -15.0000 2889.5332    8.9992
   -7.5000    7.5000  -15.0000 2925.3816    8.7463
    0.0000    7.5000  -15.0000 2960.1104    8.6551
    7.5000    7.5000  -15.0000 2932.1660    8.7955
   -7.5000   15.0000  -15.0000 2945.7563    8.7513
    0.0000   15.0000  -15.0000 2970.1069    8.6607
    7.5000   15.0000  -15.0000 2933.1841    8.8287
   -7.5000   22.5000  -15.0000 2910.5552    9.0042
    0.0000   22.5000  -15.0000 2936.5837    8.8928
    7.5000   22.5000  -15.0000 2895.5237    9.0754
   -7.5000   30.0000  -15.0000 2847.3193    9.3901
    0.0000   30.0000  -15.0000 2868.6426    9.2717
    7.5000   30.0000  -15.0000 2836.3462    9.4400
   -7.5000   37.5000  -15.0000 2747.8918    9.9635
    0.0000   37.5000  -15.0000 2777.6162    9.8303
    7.5000   37.5000  -15.0000 2747.9377    9.9877
   -7.5000   45.0000  -15.0000 2631.9307   10.7895
    0.0000   45.0000  -15.0000 2654.7925   10.6489
    7.5000   45.0000  -15.0000 2626.5981   10.8184
   -7.5000   52.5000  -15.0000 2472.3423   11.8624
    0.0000   52.5000  -15.0000 2497.7527   11.7161
    7.5000   52.5000  -15.0000 2468.3672   11.9036
   -7.5000  -37.5000   -7.5000 2328.2058   13.6452
    0.0000  -37.5000   -7.5000 2339.3879   13.5131
    7.5000  -37.5000   -7.5000 2323.6792   13.6954
   -7.5000  -30.0000   -7.5000 2454.5413   12.0828
    0.0000  -30.0000   -7.5000 2467.0544   11.9525
    7.5000  -30.0000   -7.5000 2449.4231   12.1215
   -7.5000  -22.5000   -7.5000 2582.8745   10.8615
    0.0000  -22.5000   -7.5000 2599.3440   10.7360
    7.5000  -22.5000   -7.5000 2576.7817   10.8923
   -7.5000  -15.0000   -7.5000 2701.1245    9.9111
    0.0000  -15.0000   -7.5000 2718.6018    9.8012
    7.5000  -15.0000   -7.5000 2701.0325    9.9611
   -7.5000   -7.5000   -7.5000 2806.4185    9.2394
    0.0000   -7.5000   -7.5000 2830.4668    9.1497
    7.5000   -7.5000   -7.5000 2813.4622    9.2982
   -7.5000    0.0000   -7.5000 2901.2825    8.8293
    0.0000    0.0000   -7.5000 2924.5542    8.7581
    7.5000    0.0000   -7.5000 2902.4500    8.8799
   -7.5000    7.5000   -7.5000 2963.1929    8.6698
    0.0000    7.5000   -7.5000 2992.0569    8.6146
    7.5000    7.5000   -7.5000 2961.3770    8.6740
   -7.5000   15.0000   -7.5000 2990.7937    8.6392
    0.0000   15.0000   -7.5000 3017.7000    8.5913
    7.5000   15.0000   -7.5000 2970.7676    8.6765
   -7.5000   22.5000   -7.5000 2958.5083    8.8067
    0.0000   22.5000   -7.5000 2988.5259    8.7432
    7.5000   22.5000   -7.5000 2935.5745    8.8510
   -7.5000   30.0000   -7.5000 2884.7322    9.1488
    0.0000   30.0000   -7.5000 2910.5562    9.0734
    7.5000   30.0000   -7.5000 2868.9180    9.1997
   -7.5000   37.5000   -7.5000 2779.4771    9.7065
    0.0000   37.5000   -7.5000 2805.6108    9.6029
    7.5000   37.5000   -7.5000 2774.2053    9.7489
   -7.5000   45.0000   -7.5000 2656.7656   10.5390
    0.0000   45.0000   -7.5000 2680.6367   10.4217
    7.5000   45.0000   -7.5000 2651.2830   10.5863
   -7.5000   52.5000   -7.5000 2491.8997   11.6098
    0.0000   52.5000   -7.5000 2516.8516   11.4891
    7.5000   52.5000   -7.5000 2489.2336   11.6556
   -7.5000  -37.5000    0.0000 2308.8169   13.8180
    0.0000  -37.5000    0.0000 2319.4226   13.6765
    7.5000  -37.5000    0.0000 2299.5977   13.8864
   -7.5000  -30.0000    0.0000 2430.8733   12.2018
    0.0000  -30.0000    0.0000 2442.9504   12.0789
    7.5000  -30.0000    0.0000 2424.7405   12.2896
   -7.5000  -22.5000    0.0000 2554.9941   10.9619
    0.0000  -22.5000    0.0000 2566.9631   10.8436
    7.5000  -22.5000    0.0000 2553.4829   11.0280
   -7.5000  -15.0000    0.0000 2669.2913   10.0067
    0.0000  -15.0000    0.0000 2683.7136    9.9185
    7.5000  -15.0000    0.0000 2672.2449   10.0636
   -7.5000   -7.5000    0.0000 2780.1438    9.3177
    0.0000   -7.5000    0.0000 2800.4927    9.2377
    7.5000   -7.5000    0.0000 2783.8379    9.3637
   -7.5000    0.0000    0.0000 2886.5364    8.8490
    0.0000    0.0000    0.0000 2906.1804    8.7822
    7.5000    0.0000    0.0000 2879.8313    8.9054
   -7.5000    7.5000    0.0000 2967.9763    8.6631
    0.0000    7.5000    0.0000 2989.6123    8.5998
    7.5000    7.5000    0.0000 2948.8811    8.6928
   -7.5000   15.0000    0.0000 3006.1882    8.6343
    0.0000   15.0000    0.0000 3027.0349    8.6173
    7.5000   15.0000    0.0000 2970.6331    8.6811
   -7.5000   22.5000    0.0000 2975.3535    8.7730
    0.0000   22.5000    0.0000 2998.6257    8.7403
    7.5000   22.5000    0.0000 2938.5808    8.8332
   -7.5000   30.0000    0.0000 2892.8335    9.1047
    0.0000   30.0000    0.0000 2915.9531    9.0517
    7.5000   30.0000    0.0000 2869.6897    9.1884
   -7.5000   37.5000    0.0000 2787.5833    9.6561
    0.0000   37.5000    0.0000 2805.8882    9.5763
    7.5000   37.5000    0.0000 2774.8525    9.7323
   -7.5000   45.0000    0.0000 2656.9502   10.4774
    0.0000   45.0000    0.0000 2677.0801   10.3452
    7.5000   45.0000    0.0000 2653.1187   10.5120
   -7.5000   52.5000    0.0000 2492.9648   11.5222
    0.0000   52.5000    0.0000 2510.4873   11.3761
    7.5000   52.5000    0.0000 2489.1882   11.5473
   -7.5000  -37.5000    7.5000 2280.1895   14.2480
    0.0000  -37.5000    7.5000 2286.9067   14.1223
    7.5000  -37.5000    7.5000 2263.5359   14.3348
   -7.5000  -30.0000    7.5000 2401.0002   12.5666
    0.0000  -30.0000    7.5000 2408.7759   12.4694
    7.5000  -30.0000    7.5000 2387.2480   12.6610
   -7.5000  -22.5000    7.5000 2519.3750   11.2473
    0.0000  -22.5000    7.5000 2529.8718   11.1436
    7.5000  -22.5000    7.5000 2512.3191   11.3366
   -7.5000  -15.0000    7.5000 2634.4158   10.2478
    0.0000  -15.0000    7.5000 2652.6140   10.1394
    7.5000  -15.0000    7.5000 2636.7859   10.3264
   -7.5000   -7.5000    7.5000 2746.3499    9.5175
    0.0000   -7.5000    7.5000 2766.2439    9.4156
    7.5000   -7.5000    7.5000 2748.7373    9.5881
   -7.5000    0.0000    7.5000 2850.4492    9.0277
    0.0000    0.0000    7.5000 2871.1914    8.9411
    7.5000    0.0000    7.5000 2849.3108    9.0997
   -7.5000    7.5000    7.5000 2938.1775    8.8032
    0.0000    7.5000    7.5000 2958.3438    8.7245
    7.5000    7.5000    7.5000 2919.9753    8.8484
   -7.5000   15.0000    7.5000 2976.9814    8.7450
    0.0000   15.0000    7.5000 2998.8940    8.6838
    7.5000   15.0000    7.5000 2949.8127    8.8135
   -7.5000   22.5000    7.5000 2948.6707    8.9131
    0.0000   22.5000    7.5000 2973.2783    8.8114
    7.5000   22.5000    7.5000 2921.2559    8.9933
   -7.5000   30.0000    7.5000 2875.3914    9.2815
    0.0000   30.0000    7.5000 2896.6128    9.1809
    7.5000   30.0000    7.5000 2853.0449    9.3597
   -7.5000   37.5000    7.5000 2767.7031    9.8517
    0.0000   37.5000    7.5000 2781.5693    9.7573
    7.5000   37.5000    7.5000 2754.1348    9.9268
   -7.5000   45.0000    7.5000 2638.1514   10.6517
    0.0000   45.0000    7.5000 2650.1821   10.5429
    7.5000   45.0000    7.5000 2628.4517   10.7081
   -7.5000   52.5000    7.5000 2475.2251   11.6479
    0.0000   52.5000    7.5000 2486.9741   11.5276
    7.5000   52.5000    7.5000 2466.9426   11.6835
   -7.5000  -37.5000   15.0000 2238.1902   14.8412
    0.0000  -37.5000   15.0000 2242.0659   14.7359
    7.5000  -37.5000   15.0000 2217.3855   14.9540
   -7.5000  -30.0000   15.0000 2360.8882   13.0242
    0.0000  -30.0000   15.0000 2368.7156   12.9361
    7.5000  -30.0000   15.0000 2347.3486   13.1885
   -7.5000  -22.5000   15.0000 2480.4766   11.6353
    0.0000  -22.5000   15.0000 2490.8406   11.5457
    7.5000  -22.5000   15.0000 2471.1118   11.7814
   -7.5000  -15.0000   15.0000 2592.7732   10.5857
    0.0000  -15.0000   15.0000 2608.0366   10.4903
    7.5000  -15.0000   15.0000 2593.3662   10.7195
   -7.5000   -7.5000   15.0000 2708.4558    9.8362
    0.0000   -7.5000   15.0000 2724.6118    9.7356
    7.5000   -7.5000   15.0000 2706.8008    9.9609
   -7.5000    0.0000   15.0000 2805.3640    9.3850
    0.0000    0.0000   15.0000 2824.4685    9.2803
    7.5000    0.0000   15.0000 2802.1777    9.4535
   -7.5000    7.5000   15.0000 2880.7795    9.1433
    0.0000    7.5000   15.0000 2901.4602    9.0501
    7.5000    7.5000   15.0000 2866.3149    9.1877
   -7.5000   15.0000   15.0000 2912.8560    9.0588
    0.0000   15.0000   15.0000 2932.9587    8.9513
    7.5000   15.0000   15.0000 2894.1350    9.1202
   -7.5000   22.5000   15.0000 2891.9622    9.2351
    0.0000   22.5000   15.0000 2914.5186    9.1235
    7.5000   22.5000   15.0000 2874.2664    9.3018
   -7.5000   30.0000   15.0000 2829.3628    9.6061
    0.0000   30.0000   15.0000 2846.2686    9.5141
    7.5000   30.0000   15.0000 2808.5344    9.6779
   -7.5000   37.5000   15.0000 2727.9023   10.1853
    0.0000   37.5000   15.0000 2737.6289   10.0912
    7.5000   37.5000   15.0000 2709.2578   10.2570
   -7.5000   45.0000   15.0000 2597.5569   10.9839
    0.0000   45.0000   15.0000 2608.0005   10.8796
    7.5000   45.0000   15.0000 2584.8635   11.0363
   -7.5000   52.5000   15.0000 2438.2000   11.9547
    0.0000   52.5000   15.0000 2450.3833   11.8380
    7.5000   52.5000   15.0000 2428.3071   11.9996
   -7.5000  -37.5000   22.5000 2183.5461   15.4662
    0.0000  -37.5000   22.5000 2193.3401   15.3718
    7.5000  -37.5000   22.5000 2171.7490   15.6585
   -7.5000  -30.0000   22.5000 2309.7087   13.6192
    0.0000  -30.0000   22.5000 2322.5259   13.5410
    7.5000  -30.0000   22.5000 2303.8176   13.8224
   -7.5000  -22.5000   22.5000 2430.4753   12.1864
    0.0000  -22.5000   22.5000 2446.8357   12.0868
    7.5000  -22.5000   22.5000 2423.4717   12.3603
   -7.5000  -15.0000   22.5000 2548.3237   11.0997
    0.0000  -15.0000   22.5000 2566.1199   11.0035
    7.5000  -15.0000   22.5000 2541.6379   11.2549
   -7.5000   -7.5000   22.5000 2660.5105   10.3447
    0.0000   -7.5000   22.5000 2676.0759   10.2384
    7.5000   -7.5000   22.5000 2654.4260   10.4825
   -7.5000    0.0000   22.5000 2752.2244    9.9034
    0.0000    0.0000   22.5000 2768.3059    9.7891
    7.5000    0.0000   22.5000 2742.0508    9.9619
   -7.5000    7.5000   22.5000 2813.7273    9.6306
    0.0000    7.5000   22.5000 2833.9939    9.5107
    7.5000    7.5000   22.5000 2797.6157    9.6722
   -7.5000   15.0000   22.5000 2834.7671    9.5364
    0.0000   15.0000   22.5000 2854.3674    9.3946
    7.5000   15.0000   22.5000 2819.6421    9.5915
   -7.5000   22.5000   22.5000 2814.9656    9.6976
    0.0000   22.5000   22.5000 2834.4233    9.5816
    7.5000   22.5000   22.5000 2804.2236    9.7658
   -7.5000   30.0000   22.5000 2755.4861   10.0825
    0.0000   30.0000   22.5000 2771.9749    9.9739
    7.5000   30.0000   22.5000 2740.7998   10.1529
   -7.5000   37.5000   22.5000 2662.3040   10.6679
    0.0000   37.5000   22.5000 2670.8914   10.5559
    7.5000   37.5000   22.5000 2646.6514   10.7288
   -7.5000   45.0000   22.5000 2541.9011   11.4472
    0.0000   45.0000   22.5000 2551.3447   11.3502
    7.5000   45.0000   22.5000 2528.7910   11.5138
   -7.5000   52.5000   22.5000 2389.2380   12.4054
    0.0000   52.5000   22.5000 2401.4119   12.3036
    7.5000   52.5000   22.5000 2378.5039   12.4595
   -7.5000  -37.5000   30.0000 2125.4780   16.2807
    0.0000  -37.5000   30.0000 2139.4880   16.2087
    7.5000  -37.5000   30.0000 2116.7896   16.5042
   -7.5000  -30.0000   30.0000 2253.1616   14.3668
    0.0000  -30.0000   30.0000 2270.0205   14.2843
    7.5000  -30.0000   30.0000 2250.0391   14.5932
   -7.5000  -22.5000   30.0000 2375.5657   12.8662
    0.0000  -22.5000   30.0000 2390.3796   12.7886
    7.5000  -22.5000   30.0000 2363.1860   13.0922
   -7.5000  -15.0000   30.0000 2492.0415   11.7544
    0.0000  -15.0000   30.0000 2505.9973   11.6693
    7.5000  -15.0000   30.0000 2478.7058   11.9581
   -7.5000   -7.5000   30.0000 2598.6982   10.9883
    0.0000   -7.5000   30.0000 2614.2490   10.8886
    7.5000   -7.5000   30.0000 2587.7336   11.1419
   -7.5000    0.0000   30.0000 2682.7661   10.5181
    0.0000    0.0000   30.0000 2696.0444   10.4079
    7.5000    0.0000   30.0000 2667.4165   10.6100
   -7.5000    7.5000   30.0000 2733.2756   10.2327
    0.0000    7.5000   30.0000 2753.3425   10.1011
    7.5000    7.5000   30.0000 2720.6843   10.3045
   -7.5000   15.0000   30.0000 2750.2910   10.1461
    0.0000   15.0000   30.0000 2767.3552   10.0265
    7.5000   15.0000   30.0000 2739.0310   10.2073
   -7.5000   22.5000   30.0000 2729.3926   10.2957
    0.0000   22.5000   30.0000 2743.4561   10.1962
    7.5000   22.5000   30.0000 2718.7327   10.3714
   -7.5000   30.0000   30.0000 2670.1897   10.6594
    0.0000   30.0000   30.0000 2686.8064   10.5446
    7.5000   30.0000   30.0000 2658.8635   10.7328
   -7.5000   37.5000   30.0000 2584.3850   11.2263
    0.0000   37.5000   30.0000 2594.8650   11.1259
    7.5000   37.5000   30.0000 2567.1396   11.3045
   -7.5000   45.0000   30.0000 2474.2886   12.0087
    0.0000   45.0000   30.0000 2478.5571   11.9081
    7.5000   45.0000   30.0000 2456.9373   12.0744
   -7.5000   52.5000   30.0000 2327.7632   12.9637
    0.0000   52.5000   30.0000 2334.5420   12.8581
    7.5000   52.5000   30.0000 2313.3018   13.0241
   -7.5000  -37.5000   37.5000 2072.5862   17.3564
    0.0000  -37.5000   37.5000 2081.1655   17.3066
    7.5000  -37.5000   37.5000 2056.2290   17.6280
   -7.5000  -30.0000   37.5000 2196.4167   15.3067
    0.0000  -30.0000   37.5000 2209.6658   15.2609
    7.5000  -30.0000   37.5000 2185.7341   15.5851
   -7.5000  -22.5000   37.5000 2318.0708   13.7454
    0.0000  -22.5000   37.5000 2330.0559   13.6760
    7.5000  -22.5000   37.5000 2299.9102   14.0096
   -7.5000  -15.0000   37.5000 2427.2832   12.5998
    0.0000  -15.0000   37.5000 2443.3289   12.5030
    7.5000  -15.0000   37.5000 2412.2090   12.8055
   -7.5000   -7.5000   37.5000 2525.6938   11.8003
    0.0000   -7.5000   37.5000 2540.4304   11.6903
    7.5000   -7.5000   37.5000 2512.6902   11.9478
   -7.5000    0.0000   37.5000 2598.3848   11.2971
    0.0000    0.0000   37.5000 2614.2151   11.1691
    7.5000    0.0000   37.5000 2583.2292   11.3984
   -7.5000    7.5000   37.5000 2647.2551   10.9829
    0.0000    7.5000   37.5000 2663.9897   10.8593
    7.5000    7.5000   37.5000 2635.8057   11.0651
   -7.5000   15.0000   37.5000 2659.9470   10.9021
    0.0000   15.0000   37.5000 2674.2488   10.7915
    7.5000   15.0000   37.5000 2650.5632   10.9669
   -7.5000   22.5000   37.5000 2631.5742   11.0483
    0.0000   22.5000   37.5000 2646.2375   10.9542
    7.5000   22.5000   37.5000 2624.6414   11.1239
   -7.5000   30.0000   37.5000 2577.8022   11.3851
    0.0000   30.0000   37.5000 2588.8977   11.2782
    7.5000   30.0000   37.5000 2568.7510   11.4709
   -7.5000   37.5000   37.5000 2502.5051   11.9173
    0.0000   37.5000   37.5000 2514.7571   11.8167
    7.5000   37.5000   37.5000 2491.6919   11.9967
   -7.5000   45.0000   37.5000 2405.6382   12.6668
    0.0000   45.0000   37.5000 2411.6343   12.5550
    7.5000   45.0000   37.5000 2390.9631   12.7398
   -7.5000   52.5000   37.5000 2259.6929   13.6326
    0.0000   52.5000   37.5000 2267.1133   13.5126
    7.5000   52.5000   37.5000 2249.1726   13.6942
   -7.5000  -37.5000   45.0000 1999.9506   18.7432
    0.0000  -37.5000   45.0000 2009.3323   18.7116
    7.5000  -37.5000   45.0000 1984.6324   19.1048
   -7.5000  -30.0000   45.0000 2127.2310   16.5382
    0.0000  -30.0000   45.0000 2139.3953   16.4859
    7.5000  -30.0000   45.0000 2111.0554   16.8734
   -7.5000  -22.5000   45.0000 2246.5498   14.8592
    0.0000  -22.5000   45.0000 2257.8569   14.7938
    7.5000  -22.5000   45.0000 2225.0393   15.1213
   -7.5000  -15.0000   45.0000 2354.7891   13.6547
    0.0000  -15.0000   45.0000 2368.7166   13.5455
    7.5000  -15.0000   45.0000 2336.6604   13.8451
   -7.5000   -7.5000   45.0000 2445.9478   12.7956
    0.0000   -7.5000   45.0000 2460.1213   12.7040
    7.5000   -7.5000   45.0000 2432.2412   12.9543
   -7.5000    0.0000   45.0000 2507.9995   12.2406
    0.0000    0.0000   45.0000 2524.0620   12.1204
    7.5000    0.0000   45.0000 2495.5420   12.3652
   -7.5000    7.5000   45.0000 2547.7314   11.8916
    0.0000    7.5000   45.0000 2561.5967   11.7774
    7.5000    7.5000   45.0000 2536.1628   11.9922
   -7.5000   15.0000   45.0000 2558.0188   11.8077
    0.0000   15.0000   45.0000 2568.1299   11.7077
    7.5000   15.0000   45.0000 2550.3835   11.8883
   -7.5000   22.5000   45.0000 2528.6455   11.9246
    0.0000   22.5000   45.0000 2542.5420   11.8455
    7.5000   22.5000   45.0000 2528.4509   12.0164
   -7.5000   30.0000   45.0000 2478.2944   12.2553
    0.0000   30.0000   45.0000 2490.3020   12.1572
    7.5000   30.0000   45.0000 2472.7456   12.3560
   -7.5000   37.5000   45.0000 2411.1614   12.7534
    0.0000   37.5000   45.0000 2421.7256   12.6500
    7.5000   37.5000   45.0000 2400.7725   12.8596
   -7.5000   45.0000   45.0000 2326.6165   13.4660
    0.0000   45.0000   45.0000 2334.8679   13.3514
    7.5000   45.0000   45.0000 2312.4744   13.5719
   -7.5000   52.5000   45.0000 2191.5447   14.4094
    0.0000   52.5000   45.0000 2199.3662   14.3136
    7.5000   52.5000   45.0000 2177.3674   14.5162

---------------------------------------------------------------------
imgreg_4dfp /opt/freesurfer/average/711-2C_as_mni_average_305 /opt/freesurfer/average/711-2B_as_mni_average_305_mask talsrcimg_g11 none talsrcimg_to_711-2C_as_mni_average_305_t4 1283
---------------------------------------------------------------------

freesurfer imgreg_4dfp.c
/opt/freesurfer/average/711-2C_as_mni_average_305.4dfp.img
       256       256       256         1
  1.000000  1.000000  1.000000
orientation T byte_order littleendian
Reading image: /opt/freesurfer/average/711-2C_as_mni_average_305.4dfp.img
dimensions:      256       256       256
mmppix:       1.0000   -1.0000   -1.0000
center:     128.0000 -129.0000 -129.0000
/opt/freesurfer/average/711-2B_as_mni_average_305_mask.4dfp.img
       256       256       256         1
  1.000000  1.000000  1.000000
orientation T byte_order littleendian
Reading mask: /opt/freesurfer/average/711-2B_as_mni_average_305_mask.4dfp.img (2306576 pixels)
talsrcimg_g11.4dfp.img
       256       256       256         1
  1.000000  1.000000  1.000000
orientation T byte_order littleendian
Reading image: talsrcimg_g11.4dfp.img
dimensions:      256       256       256
mmppix:       1.0000   -1.0000   -1.0000
center:     128.0000 -129.0000 -129.0000
rotation matrix determinant  1.000000
fimgreg.f
image alignment mode   1283 decimal      503 hex
parameters
    0.0000   15.0000    0.0000    0.0000    0.0000    0.0000
eta,q 0.95228  8.58094
niter,ni,del,rscale     5    3   12.0000    1.2000
parameter  4  1.624201 ->  0.500000 qaram    1.1500
parameter  6  1.666819 ->  0.500000 qaram    1.1500
parameters
   -0.7997   15.7006   -1.4757   -3.4500   -2.0412   -3.4500
eta,q 0.95851  8.57296
  0.0556  0.0575  0.0505  0.0449  0.0476  0.0402
  0.0516  0.0538  0.0503  0.0457  0.0456  0.0411
  0.0497  0.0508  0.0497  0.0476  0.0452  0.0429
  0.0497  0.0493  0.0489  0.0493  0.0461  0.0452
  0.0510  0.0490  0.0492  0.0513  0.0478  0.0479
  0.0542  0.0505  0.0519  0.0542  0.0494  0.0512
  0.0606  0.0551  0.0566  0.0574  0.0519  0.0546
niter,ni,del,rscale     6    3   12.0000    1.2000
parameter  4  0.720244 ->  0.500000 qaram    1.3225
parameters
   -0.6990   16.5826   -2.3685   -7.4175   -1.2596   -6.5811
eta,q 0.96210  8.58084
  0.0538  0.0521  0.0450  0.0396  0.0469  0.0400
  0.0461  0.0468  0.0425  0.0389  0.0431  0.0383
  0.0423  0.0433  0.0413  0.0396  0.0404  0.0379
  0.0415  0.0415  0.0415  0.0413  0.0390  0.0390
  0.0431  0.0418  0.0424  0.0441  0.0395  0.0417
  0.0465  0.0435  0.0444  0.0472  0.0413  0.0453
  0.0520  0.0473  0.0481  0.0514  0.0435  0.0487
niter,ni,del,rscale     6    3   12.0000    1.2000
parameters
   -1.1653   18.6090   -3.5207   -9.0084   -0.2070   -7.1108
eta,q 0.96531  8.61847
  0.0483  0.0523  0.0398  0.0426  0.0448  0.0411
  0.0417  0.0444  0.0369  0.0356  0.0401  0.0374
  0.0385  0.0403  0.0360  0.0344  0.0364  0.0350
  0.0379  0.0378  0.0363  0.0360  0.0348  0.0348
  0.0397  0.0363  0.0374  0.0390  0.0351  0.0361
  0.0444  0.0370  0.0401  0.0432  0.0367  0.0391
  0.0520  0.0402  0.0444  0.0478  0.0396  0.0431
niter,ni,del,rscale     5    3   12.0000    1.2000
parameters
   -1.5081   18.9052   -3.9039   -9.2660    0.1540   -7.2703
eta,q 0.96583  8.62067
  0.0480  0.0479  0.0403  0.0456  0.0430  0.0417
  0.0400  0.0410  0.0358  0.0382  0.0383  0.0375
  0.0354  0.0368  0.0344  0.0338  0.0352  0.0347
  0.0347  0.0346  0.0344  0.0344  0.0342  0.0342
  0.0372  0.0348  0.0352  0.0368  0.0350  0.0355
  0.0428  0.0386  0.0376  0.0403  0.0374  0.0382
  0.0508  0.0463  0.0415  0.0454  0.0408  0.0421
niter,ni,del,rscale     4    3   12.0000    1.2000
parameters
   -1.5934   18.9456   -3.9543   -9.3535    0.2442   -7.2906
eta,q 0.96591  8.61906
  0.0494  0.0471  0.0412  0.0458  0.0423  0.0420
  0.0409  0.0402  0.0360  0.0388  0.0377  0.0377
  0.0356  0.0361  0.0341  0.0338  0.0348  0.0347
  0.0342  0.0342  0.0341  0.0341  0.0341  0.0341
  0.0364  0.0349  0.0348  0.0364  0.0351  0.0353
  0.0419  0.0395  0.0370  0.0399  0.0378  0.0379
  0.0499  0.0475  0.0407  0.0450  0.0414  0.0418
niter,ni,del,rscale     3    3   12.0000    1.2000
parameters
   -1.6139   18.9647   -3.9723   -9.3809    0.2624   -7.2945
eta,q 0.96594  8.61878
  0.0498  0.0472  0.0413  0.0459  0.0421  0.0421
  0.0411  0.0401  0.0361  0.0390  0.0375  0.0377
  0.0357  0.0360  0.0341  0.0338  0.0347  0.0347
  0.0341  0.0341  0.0341  0.0341  0.0341  0.0341
  0.0362  0.0349  0.0348  0.0363  0.0352  0.0353
  0.0416  0.0396  0.0369  0.0397  0.0379  0.0379
  0.0496  0.0476  0.0406  0.0449  0.0416  0.0418
registration optimization eta report
parameter search radius
    6.0000    6.0000    6.0000    7.9350    6.0000    6.9000
100000*second partial in parameter space
       43.       37.       20.       18.       22.       16.
  0.0498  0.0472  0.0413  0.0459  0.0421  0.0421
  0.0411  0.0401  0.0361  0.0390  0.0375  0.0377
  0.0357  0.0360  0.0341  0.0338  0.0347  0.0347
  0.0341  0.0341  0.0341  0.0341  0.0341  0.0341
  0.0362  0.0349  0.0348  0.0363  0.0352  0.0353
  0.0416  0.0396  0.0369  0.0397  0.0379  0.0379
  0.0496  0.0476  0.0406  0.0449  0.0416  0.0418
   -1.6139   18.9647   -3.9723   -9.3809    0.2624   -7.2945
eta,q 0.96594  8.61878

---------------------------------------------------------------------
imgreg_4dfp /opt/freesurfer/average/711-2C_as_mni_average_305 /opt/freesurfer/average/711-2B_as_mni_average_305_mask talsrcimg_g11 none talsrcimg_to_711-2C_as_mni_average_305_t4 3335
---------------------------------------------------------------------

freesurfer imgreg_4dfp.c
/opt/freesurfer/average/711-2C_as_mni_average_305.4dfp.img
       256       256       256         1
  1.000000  1.000000  1.000000
orientation T byte_order littleendian
Reading image: /opt/freesurfer/average/711-2C_as_mni_average_305.4dfp.img
dimensions:      256       256       256
mmppix:       1.0000   -1.0000   -1.0000
center:     128.0000 -129.0000 -129.0000
/opt/freesurfer/average/711-2B_as_mni_average_305_mask.4dfp.img
       256       256       256         1
  1.000000  1.000000  1.000000
orientation T byte_order littleendian
Reading mask: /opt/freesurfer/average/711-2B_as_mni_average_305_mask.4dfp.img (2306576 pixels)
talsrcimg_g11.4dfp.img
       256       256       256         1
  1.000000  1.000000  1.000000
orientation T byte_order littleendian
Reading image: talsrcimg_g11.4dfp.img
dimensions:      256       256       256
mmppix:       1.0000   -1.0000   -1.0000
center:     128.0000 -129.0000 -129.0000
fimgreg.f
image alignment mode   3335 decimal      D07 hex
parameters
   -1.6139   18.9647   -3.9723   -0.8104   -2.1453   -1.3384
   12.6012    1.6214  -12.6968   16.2252    0.4580  -16.2996
eta,q 0.96628  8.63399
niter,ni,del,rscale     5    3    5.0000    1.2000
parameter  5  1.858592 ->  0.500000 qaram    1.1500
parameter 11  1.043724 ->  0.500000 qaram    1.1500
parameter 12 -0.653618 -> -0.500000 qaram    1.1500
parameters
   -1.3977   19.0075   -3.8728   -3.4870   -6.2853   -4.0642
   11.0361    1.7593  -11.4816   16.0621   -3.6820  -12.1596
eta,q 0.97099  8.19369
  0.0369  0.0360  0.0349  0.0341  0.0286  0.0303  0.0311  0.0327  0.0322  0.0324  0.0292  0.0311
  0.0353  0.0349  0.0342  0.0337  0.0298  0.0299  0.0303  0.0313  0.0311  0.0310  0.0293  0.0304
  0.0342  0.0341  0.0338  0.0335  0.0314  0.0300  0.0299  0.0303  0.0303  0.0301  0.0295  0.0298
  0.0337  0.0337  0.0337  0.0337  0.0335  0.0302  0.0300  0.0299  0.0299  0.0298  0.0298  0.0293
  0.0338  0.0338  0.0338  0.0343  0.0363  0.0304  0.0305  0.0300  0.0298  0.0301  0.0302  0.0291
  0.0346  0.0346  0.0341  0.0357  0.0393  0.0313  0.0314  0.0309  0.0303  0.0312  0.0307  0.0290
  0.0360  0.0359  0.0347  0.0379  0.0424  0.0335  0.0326  0.0327  0.0311  0.0327  0.0314  0.0291
niter,ni,del,rscale     7    3    5.0000    1.2000
parameter  5  0.906350 ->  0.500000 qaram    1.3225
parameters
   -1.3988   18.7324   -2.7910   -3.9798  -11.0463   -3.3848
   10.6542    1.8521  -11.6410   16.1323   -5.5888  -12.0625
eta,q 0.97347  7.99633
  0.0315  0.0308  0.0309  0.0300  0.0263  0.0284  0.0285  0.0296  0.0283  0.0293  0.0270  0.0278
  0.0301  0.0296  0.0300  0.0292  0.0265  0.0275  0.0274  0.0280  0.0273  0.0277  0.0267  0.0271
  0.0293  0.0291  0.0294  0.0288  0.0273  0.0269  0.0268  0.0270  0.0268  0.0269  0.0265  0.0267
  0.0290  0.0290  0.0290  0.0288  0.0287  0.0266  0.0266  0.0266  0.0266  0.0266  0.0266  0.0265
  0.0293  0.0295  0.0288  0.0289  0.0308  0.0267  0.0269  0.0268  0.0268  0.0269  0.0268  0.0267
  0.0301  0.0304  0.0288  0.0294  0.0337  0.0270  0.0277  0.0278  0.0275  0.0278  0.0272  0.0271
  0.0315  0.0317  0.0291  0.0305  0.0371  0.0279  0.0289  0.0296  0.0284  0.0291  0.0278  0.0277
niter,ni,del,rscale     7    3    5.0000    1.2000
parameters
   -1.4018   18.9319   -2.4306   -3.7928  -14.8636   -3.4181
   10.4887    1.8878  -11.6153   16.7598   -5.6314  -13.0631
eta,q 0.97380  7.84504
  0.0290  0.0293  0.0280  0.0280  0.0271  0.0279  0.0281  0.0291  0.0278  0.0287  0.0270  0.0272
  0.0277  0.0279  0.0273  0.0271  0.0264  0.0270  0.0271  0.0276  0.0269  0.0272  0.0266  0.0266
  0.0268  0.0269  0.0268  0.0266  0.0262  0.0264  0.0264  0.0266  0.0264  0.0264  0.0263  0.0262
  0.0265  0.0265  0.0265  0.0265  0.0265  0.0262  0.0262  0.0262  0.0262  0.0262  0.0262  0.0262
  0.0268  0.0267  0.0265  0.0266  0.0278  0.0264  0.0265  0.0265  0.0264  0.0264  0.0263  0.0265
  0.0277  0.0274  0.0268  0.0270  0.0298  0.0269  0.0272  0.0275  0.0269  0.0269  0.0266  0.0270
  0.0290  0.0285  0.0273  0.0278  0.0328  0.0280  0.0282  0.0291  0.0278  0.0278  0.0270  0.0278
niter,ni,del,rscale     6    3    5.0000    1.2000
parameters
   -1.4215   19.2507   -2.4048   -4.6130  -15.6573   -3.5267
   10.3142    1.9956  -11.5940   17.5032   -5.6572  -13.4221
eta,q 0.97388  7.77738
  0.0286  0.0287  0.0273  0.0273  0.0284  0.0277  0.0280  0.0290  0.0277  0.0285  0.0269  0.0272
  0.0272  0.0274  0.0267  0.0265  0.0270  0.0269  0.0270  0.0275  0.0268  0.0271  0.0265  0.0266
  0.0264  0.0266  0.0263  0.0261  0.0263  0.0263  0.0263  0.0265  0.0263  0.0263  0.0262  0.0262
  0.0262  0.0262  0.0262  0.0262  0.0261  0.0261  0.0261  0.0261  0.0261  0.0261  0.0261  0.0261
  0.0265  0.0262  0.0263  0.0265  0.0264  0.0263  0.0264  0.0263  0.0263  0.0263  0.0262  0.0263
  0.0273  0.0267  0.0267  0.0269  0.0276  0.0269  0.0271  0.0273  0.0268  0.0267  0.0265  0.0268
  0.0286  0.0276  0.0273  0.0278  0.0295  0.0279  0.0281  0.0289  0.0276  0.0276  0.0269  0.0275
niter,ni,del,rscale     5    3    5.0000    1.2000
parameters
   -1.4390   19.4997   -2.5464   -4.9728  -16.1334   -3.7674
   10.2472    2.0521  -11.4993   18.1531   -5.7307  -13.7539
eta,q 0.97394  7.73889
  0.0285  0.0284  0.0271  0.0274  0.0285  0.0276  0.0280  0.0288  0.0276  0.0283  0.0268  0.0272
  0.0272  0.0272  0.0265  0.0266  0.0271  0.0268  0.0270  0.0274  0.0268  0.0270  0.0264  0.0266
  0.0264  0.0264  0.0262  0.0261  0.0262  0.0263  0.0263  0.0264  0.0263  0.0263  0.0262  0.0262
  0.0261  0.0261  0.0261  0.0261  0.0261  0.0261  0.0261  0.0261  0.0261  0.0261  0.0261  0.0261
  0.0264  0.0262  0.0263  0.0264  0.0263  0.0263  0.0263  0.0263  0.0262  0.0262  0.0262  0.0263
  0.0273  0.0267  0.0267  0.0269  0.0273  0.0268  0.0270  0.0273  0.0267  0.0267  0.0264  0.0267
  0.0285  0.0276  0.0274  0.0276  0.0292  0.0279  0.0280  0.0288  0.0276  0.0275  0.0269  0.0274
niter,ni,del,rscale     4    3    5.0000    1.2000
parameters
   -1.4377   19.7232   -2.7393   -5.3247  -16.6233   -4.1153
   10.1641    2.1200  -11.4351   18.8248   -5.7372  -14.0693
eta,q 0.97400  7.69637
  0.0285  0.0283  0.0270  0.0274  0.0284  0.0274  0.0279  0.0287  0.0276  0.0281  0.0268  0.0271
  0.0271  0.0271  0.0264  0.0265  0.0270  0.0267  0.0269  0.0273  0.0268  0.0269  0.0264  0.0265
  0.0263  0.0264  0.0261  0.0261  0.0262  0.0262  0.0262  0.0264  0.0262  0.0262  0.0261  0.0261
  0.0261  0.0261  0.0260  0.0260  0.0260  0.0260  0.0260  0.0260  0.0260  0.0260  0.0260  0.0260
  0.0264  0.0261  0.0262  0.0264  0.0263  0.0263  0.0263  0.0262  0.0262  0.0261  0.0261  0.0262
  0.0272  0.0267  0.0267  0.0269  0.0272  0.0268  0.0270  0.0272  0.0267  0.0266  0.0263  0.0266
  0.0284  0.0276  0.0274  0.0276  0.0291  0.0278  0.0280  0.0287  0.0275  0.0274  0.0268  0.0273
niter,ni,del,rscale     3    3    5.0000    1.2000
parameters
   -1.4277   19.9737   -2.9816   -5.7363  -17.1957   -4.6001
   10.0671    2.1993  -11.3839   19.6065   -5.7053  -14.4034
eta,q 0.97408  7.64403
  0.0284  0.0282  0.0268  0.0274  0.0282  0.0273  0.0278  0.0286  0.0275  0.0281  0.0267  0.0270
  0.0271  0.0271  0.0263  0.0265  0.0269  0.0265  0.0268  0.0273  0.0267  0.0269  0.0263  0.0264
  0.0263  0.0263  0.0260  0.0260  0.0261  0.0261  0.0261  0.0263  0.0261  0.0262  0.0260  0.0260
  0.0260  0.0260  0.0260  0.0260  0.0259  0.0259  0.0259  0.0259  0.0259  0.0259  0.0259  0.0259
  0.0263  0.0261  0.0262  0.0263  0.0263  0.0262  0.0262  0.0262  0.0261  0.0260  0.0260  0.0261
  0.0271  0.0266  0.0266  0.0269  0.0272  0.0267  0.0269  0.0271  0.0267  0.0265  0.0263  0.0265
  0.0283  0.0275  0.0273  0.0276  0.0290  0.0277  0.0279  0.0286  0.0275  0.0272  0.0267  0.0272
niter,ni,del,rscale     2    3    5.0000    1.2000
parameters
   -1.4001   20.2911   -3.3026   -6.1820  -17.9364   -5.2558
    9.9391    2.3210  -11.3673   20.5637   -5.6566  -14.8205
eta,q 0.97421  7.57981
  0.0284  0.0283  0.0267  0.0274  0.0280  0.0271  0.0277  0.0286  0.0274  0.0280  0.0266  0.0268
  0.0270  0.0271  0.0262  0.0264  0.0267  0.0263  0.0267  0.0272  0.0266  0.0269  0.0262  0.0263
  0.0262  0.0263  0.0259  0.0259  0.0260  0.0259  0.0260  0.0262  0.0260  0.0261  0.0259  0.0259
  0.0259  0.0259  0.0259  0.0259  0.0258  0.0258  0.0258  0.0258  0.0258  0.0258  0.0258  0.0258
  0.0262  0.0260  0.0261  0.0263  0.0262  0.0262  0.0261  0.0260  0.0260  0.0259  0.0259  0.0260
  0.0270  0.0265  0.0266  0.0269  0.0271  0.0267  0.0268  0.0270  0.0265  0.0263  0.0261  0.0264
  0.0282  0.0273  0.0272  0.0276  0.0289  0.0276  0.0278  0.0285  0.0274  0.0270  0.0266  0.0270
niter,ni,del,rscale     1    3    5.0000    1.2000
parameters
   -1.3449   20.6957   -3.7367   -6.6127  -18.8625   -6.1402
    9.7434    2.5253  -11.3779   21.6057   -5.5891  -15.3368
eta,q 0.97442  7.50313
  0.0283  0.0282  0.0264  0.0273  0.0277  0.0268  0.0275  0.0285  0.0272  0.0280  0.0264  0.0265
  0.0270  0.0270  0.0260  0.0264  0.0265  0.0261  0.0265  0.0271  0.0263  0.0268  0.0260  0.0260
  0.0261  0.0262  0.0258  0.0258  0.0258  0.0257  0.0258  0.0260  0.0258  0.0260  0.0257  0.0257
  0.0258  0.0258  0.0258  0.0257  0.0257  0.0257  0.0256  0.0256  0.0256  0.0256  0.0256  0.0256
  0.0260  0.0258  0.0260  0.0261  0.0261  0.0261  0.0259  0.0258  0.0258  0.0257  0.0257  0.0258
  0.0268  0.0262  0.0265  0.0268  0.0270  0.0266  0.0266  0.0268  0.0264  0.0261  0.0259  0.0262
  0.0281  0.0270  0.0271  0.0276  0.0288  0.0275  0.0276  0.0283  0.0272  0.0269  0.0265  0.0267
registration optimization eta report
parameter search radius
    2.4000    2.4000    2.4000    7.2000    9.5220    7.2000
    7.2000    7.2000    7.2000    7.2000    8.2800    8.2800
100000*second partial in parameter space
       41.       31.       18.        3.        3.        3.
        4.        5.        3.        4.        1.        1.
  0.0283  0.0282  0.0264  0.0273  0.0277  0.0268  0.0275  0.0285  0.0272  0.0280  0.0264  0.0265
  0.0270  0.0270  0.0260  0.0264  0.0265  0.0261  0.0265  0.0271  0.0263  0.0268  0.0260  0.0260
  0.0261  0.0262  0.0258  0.0258  0.0258  0.0257  0.0258  0.0260  0.0258  0.0260  0.0257  0.0257
  0.0258  0.0258  0.0258  0.0257  0.0257  0.0257  0.0256  0.0256  0.0256  0.0256  0.0256  0.0256
  0.0260  0.0258  0.0260  0.0261  0.0261  0.0261  0.0259  0.0258  0.0258  0.0257  0.0257  0.0258
  0.0268  0.0262  0.0265  0.0268  0.0270  0.0266  0.0266  0.0268  0.0264  0.0261  0.0259  0.0262
  0.0281  0.0270  0.0271  0.0276  0.0288  0.0275  0.0276  0.0283  0.0272  0.0269  0.0265  0.0267
   -1.3449   20.6957   -3.7367   -6.6127  -18.8625   -6.1402
    9.7434    2.5253  -11.3779   21.6057   -5.5891  -15.3368
eta,q 0.97442  7.50313

---------------------------------------------------------------------
imgreg_4dfp /opt/freesurfer/average/711-2C_as_mni_average_305 /opt/freesurfer/average/711-2B_as_mni_average_305_mask talsrcimg_g11 none talsrcimg_to_711-2C_as_mni_average_305_t4 2311
---------------------------------------------------------------------

freesurfer imgreg_4dfp.c
/opt/freesurfer/average/711-2C_as_mni_average_305.4dfp.img
       256       256       256         1
  1.000000  1.000000  1.000000
orientation T byte_order littleendian
Reading image: /opt/freesurfer/average/711-2C_as_mni_average_305.4dfp.img
dimensions:      256       256       256
mmppix:       1.0000   -1.0000   -1.0000
center:     128.0000 -129.0000 -129.0000
/opt/freesurfer/average/711-2B_as_mni_average_305_mask.4dfp.img
       256       256       256         1
  1.000000  1.000000  1.000000
orientation T byte_order littleendian
Reading mask: /opt/freesurfer/average/711-2B_as_mni_average_305_mask.4dfp.img (2306576 pixels)
talsrcimg_g11.4dfp.img
       256       256       256         1
  1.000000  1.000000  1.000000
orientation T byte_order littleendian
Reading image: talsrcimg_g11.4dfp.img
dimensions:      256       256       256
mmppix:       1.0000   -1.0000   -1.0000
center:     128.0000 -129.0000 -129.0000
fimgreg.f
image alignment mode   2311 decimal      907 hex
parameters
   -1.3449   20.6957   -3.7367   -6.6127  -18.8625   -6.1402
    9.7434    2.5253  -11.3779   21.6057   -5.5891  -15.3368
eta,q 0.97442  7.50313
niter,ni,del,rscale     5    3    5.0000    0.8000
parameters
   -1.2514   21.1319   -4.2542   -7.1410  -20.0068   -7.1606
    9.5167    2.8320  -11.4900   22.3840   -5.5141  -16.0731
eta,q 0.97469  7.41119
  0.0268  0.0268  0.0257  0.0263  0.0258  0.0258  0.0262  0.0268  0.0261  0.0267  0.0257  0.0256
  0.0262  0.0262  0.0255  0.0258  0.0255  0.0255  0.0257  0.0261  0.0257  0.0260  0.0255  0.0254
  0.0258  0.0258  0.0255  0.0255  0.0254  0.0254  0.0254  0.0256  0.0254  0.0256  0.0254  0.0253
  0.0256  0.0256  0.0255  0.0255  0.0255  0.0254  0.0254  0.0253  0.0253  0.0253  0.0253  0.0253
  0.0257  0.0255  0.0257  0.0257  0.0257  0.0256  0.0255  0.0254  0.0255  0.0254  0.0254  0.0254
  0.0260  0.0256  0.0259  0.0261  0.0260  0.0260  0.0258  0.0258  0.0257  0.0256  0.0255  0.0256
  0.0266  0.0259  0.0263  0.0266  0.0264  0.0263  0.0264  0.0265  0.0262  0.0260  0.0256  0.0258
niter,ni,del,rscale     4    3    5.0000    0.7000
parameters
   -1.1439   21.4983   -4.7761   -7.2304  -20.5990   -7.9359
    9.3633    2.9994  -11.5723   22.9653   -5.7224  -16.7520
eta,q 0.97485  7.36850
  0.0263  0.0263  0.0253  0.0260  0.0257  0.0256  0.0258  0.0263  0.0258  0.0263  0.0254  0.0253
  0.0258  0.0258  0.0252  0.0256  0.0254  0.0253  0.0255  0.0257  0.0255  0.0257  0.0253  0.0252
  0.0255  0.0255  0.0252  0.0253  0.0252  0.0252  0.0252  0.0253  0.0252  0.0253  0.0252  0.0252
  0.0253  0.0253  0.0253  0.0252  0.0252  0.0252  0.0252  0.0252  0.0252  0.0252  0.0252  0.0252
  0.0254  0.0253  0.0254  0.0253  0.0254  0.0254  0.0253  0.0253  0.0253  0.0252  0.0252  0.0252
  0.0256  0.0254  0.0256  0.0256  0.0256  0.0256  0.0255  0.0256  0.0255  0.0254  0.0253  0.0253
  0.0260  0.0256  0.0258  0.0261  0.0259  0.0260  0.0260  0.0261  0.0259  0.0258  0.0254  0.0255
niter,ni,del,rscale     3    3    5.0000    0.6000
parameters
   -1.0914   21.6807   -5.1758   -7.2114  -20.8790   -8.5159
    9.2837    3.0987  -11.5850   23.2662   -5.8851  -17.1397
eta,q 0.97492  7.34559
  0.0258  0.0258  0.0252  0.0258  0.0255  0.0254  0.0256  0.0259  0.0256  0.0259  0.0253  0.0252
  0.0255  0.0255  0.0251  0.0254  0.0253  0.0252  0.0253  0.0255  0.0253  0.0255  0.0252  0.0251
  0.0252  0.0253  0.0251  0.0252  0.0251  0.0251  0.0251  0.0252  0.0251  0.0252  0.0251  0.0251
  0.0251  0.0251  0.0251  0.0251  0.0251  0.0251  0.0251  0.0251  0.0251  0.0251  0.0251  0.0251
  0.0252  0.0252  0.0252  0.0252  0.0252  0.0252  0.0251  0.0252  0.0251  0.0251  0.0251  0.0251
  0.0254  0.0253  0.0253  0.0254  0.0254  0.0254  0.0253  0.0254  0.0253  0.0253  0.0252  0.0252
  0.0257  0.0255  0.0255  0.0258  0.0257  0.0257  0.0256  0.0258  0.0256  0.0256  0.0253  0.0253
niter,ni,del,rscale     2    3    5.0000    0.5000
parameters
   -1.0707   21.7656   -5.4246   -7.1537  -21.0357   -8.8500
    9.2490    3.1570  -11.5923   23.4299   -5.9613  -17.3366
eta,q 0.97494  7.33435
  0.0255  0.0255  0.0252  0.0256  0.0254  0.0253  0.0254  0.0256  0.0254  0.0256  0.0252  0.0252
  0.0253  0.0253  0.0251  0.0253  0.0252  0.0252  0.0252  0.0253  0.0252  0.0253  0.0251  0.0251
  0.0251  0.0251  0.0251  0.0251  0.0251  0.0251  0.0251  0.0251  0.0251  0.0251  0.0251  0.0251
  0.0251  0.0251  0.0251  0.0251  0.0251  0.0251  0.0251  0.0251  0.0251  0.0251  0.0251  0.0251
  0.0251  0.0251  0.0251  0.0251  0.0251  0.0251  0.0251  0.0251  0.0251  0.0251  0.0251  0.0251
  0.0253  0.0252  0.0252  0.0253  0.0253  0.0253  0.0252  0.0253  0.0252  0.0252  0.0251  0.0251
  0.0255  0.0254  0.0253  0.0255  0.0255  0.0255  0.0254  0.0256  0.0254  0.0255  0.0252  0.0252
niter,ni,del,rscale     1    3    5.0000    0.4000
parameters
   -1.0594   21.8198   -5.5486   -7.1260  -21.1131   -9.0162
    9.2468    3.1889  -11.5882   23.5304   -5.9694  -17.4387
eta,q 0.97495  7.32927
  0.0253  0.0253  0.0251  0.0254  0.0253  0.0252  0.0253  0.0254  0.0253  0.0254  0.0251  0.0251
  0.0252  0.0252  0.0251  0.0252  0.0251  0.0251  0.0252  0.0252  0.0252  0.0252  0.0251  0.0251
  0.0251  0.0251  0.0251  0.0251  0.0251  0.0251  0.0251  0.0251  0.0251  0.0251  0.0251  0.0251
  0.0251  0.0251  0.0251  0.0251  0.0251  0.0250  0.0250  0.0250  0.0250  0.0250  0.0250  0.0250
  0.0251  0.0251  0.0251  0.0251  0.0251  0.0251  0.0251  0.0251  0.0251  0.0251  0.0251  0.0251
  0.0252  0.0251  0.0251  0.0252  0.0252  0.0252  0.0252  0.0252  0.0252  0.0252  0.0251  0.0251
  0.0253  0.0253  0.0252  0.0254  0.0253  0.0253  0.0253  0.0254  0.0253  0.0253  0.0251  0.0251
registration optimization eta report
parameter search radius
    0.8000    0.8000    0.8000    2.4000    2.4000    2.4000
    2.4000    2.4000    2.4000    2.4000    2.4000    2.4000
100000*second partial in parameter space
       43.       37.       16.        5.        4.        4.
        4.        6.        4.        5.        2.        1.
  0.0253  0.0253  0.0251  0.0254  0.0253  0.0252  0.0253  0.0254  0.0253  0.0254  0.0251  0.0251
  0.0252  0.0252  0.0251  0.0252  0.0251  0.0251  0.0252  0.0252  0.0252  0.0252  0.0251  0.0251
  0.0251  0.0251  0.0251  0.0251  0.0251  0.0251  0.0251  0.0251  0.0251  0.0251  0.0251  0.0251
  0.0251  0.0251  0.0251  0.0251  0.0251  0.0250  0.0250  0.0250  0.0250  0.0250  0.0250  0.0250
  0.0251  0.0251  0.0251  0.0251  0.0251  0.0251  0.0251  0.0251  0.0251  0.0251  0.0251  0.0251
  0.0252  0.0251  0.0251  0.0252  0.0252  0.0252  0.0252  0.0252  0.0252  0.0252  0.0251  0.0251
  0.0253  0.0253  0.0252  0.0254  0.0253  0.0253  0.0253  0.0254  0.0253  0.0253  0.0251  0.0251
   -1.0594   21.8198   -5.5486   -7.1260  -21.1131   -9.0162
    9.2468    3.1889  -11.5882   23.5304   -5.9694  -17.4387
eta,q 0.97495  7.32927

---------------------------------------------------------------------
imgreg_4dfp /opt/freesurfer/average/711-2C_as_mni_average_305 /opt/freesurfer/average/711-2B_as_mni_average_305_mask talsrcimg_g11 none talsrcimg_to_711-2C_as_mni_average_305_t4 2311
---------------------------------------------------------------------

freesurfer imgreg_4dfp.c
/opt/freesurfer/average/711-2C_as_mni_average_305.4dfp.img
       256       256       256         1
  1.000000  1.000000  1.000000
orientation T byte_order littleendian
Reading image: /opt/freesurfer/average/711-2C_as_mni_average_305.4dfp.img
dimensions:      256       256       256
mmppix:       1.0000   -1.0000   -1.0000
center:     128.0000 -129.0000 -129.0000
/opt/freesurfer/average/711-2B_as_mni_average_305_mask.4dfp.img
       256       256       256         1
  1.000000  1.000000  1.000000
orientation T byte_order littleendian
Reading mask: /opt/freesurfer/average/711-2B_as_mni_average_305_mask.4dfp.img (2306576 pixels)
talsrcimg_g11.4dfp.img
       256       256       256         1
  1.000000  1.000000  1.000000
orientation T byte_order littleendian
Reading image: talsrcimg_g11.4dfp.img
dimensions:      256       256       256
mmppix:       1.0000   -1.0000   -1.0000
center:     128.0000 -129.0000 -129.0000
fimgreg.f
image alignment mode   2311 decimal      907 hex
parameters
   -1.0594   21.8198   -5.5486   -7.1260  -21.1131   -9.0162
    9.2468    3.1889  -11.5882   23.5304   -5.9694  -17.4387
eta,q 0.97495  7.32926
niter,ni,del,rscale     5    3    5.0000    0.8000
parameters
   -1.0533   21.8541   -5.5945   -7.1409  -21.0012   -8.9490
    9.1877    3.1517  -11.5511   23.6547   -5.9718  -17.5138
eta,q 0.97495  7.33647
  0.0261  0.0260  0.0254  0.0262  0.0260  0.0259  0.0260  0.0264  0.0260  0.0263  0.0254  0.0254
  0.0255  0.0255  0.0252  0.0256  0.0255  0.0254  0.0255  0.0257  0.0255  0.0256  0.0252  0.0252
  0.0252  0.0252  0.0251  0.0252  0.0251  0.0251  0.0252  0.0252  0.0252  0.0252  0.0251  0.0251
  0.0250  0.0251  0.0250  0.0250  0.0250  0.0250  0.0250  0.0250  0.0250  0.0250  0.0251  0.0251
  0.0252  0.0251  0.0251  0.0252  0.0252  0.0252  0.0252  0.0252  0.0252  0.0252  0.0251  0.0251
  0.0255  0.0254  0.0253  0.0256  0.0254  0.0254  0.0255  0.0257  0.0255  0.0256  0.0252  0.0252
  0.0261  0.0259  0.0255  0.0262  0.0258  0.0258  0.0260  0.0265  0.0260  0.0261  0.0254  0.0254
niter,ni,del,rscale     4    3    5.0000    0.7000
parameters
   -1.0529   21.8583   -5.5949   -7.1543  -21.0567   -8.9715
    9.1865    3.1589  -11.5552   23.6382   -5.9961  -17.5428
eta,q 0.97495  7.33320
  0.0259  0.0258  0.0254  0.0259  0.0257  0.0257  0.0258  0.0261  0.0258  0.0260  0.0253  0.0253
  0.0254  0.0254  0.0252  0.0255  0.0253  0.0253  0.0254  0.0255  0.0254  0.0255  0.0252  0.0252
  0.0251  0.0251  0.0251  0.0252  0.0251  0.0251  0.0251  0.0252  0.0251  0.0251  0.0251  0.0251
  0.0251  0.0251  0.0251  0.0251  0.0250  0.0250  0.0251  0.0251  0.0251  0.0251  0.0250  0.0250
  0.0251  0.0251  0.0251  0.0252  0.0252  0.0251  0.0251  0.0252  0.0251  0.0252  0.0251  0.0251
  0.0254  0.0254  0.0252  0.0255  0.0254  0.0254  0.0254  0.0255  0.0254  0.0255  0.0252  0.0252
  0.0259  0.0258  0.0254  0.0259  0.0257  0.0257  0.0258  0.0261  0.0258  0.0260  0.0253  0.0253
niter,ni,del,rscale     3    3    5.0000    0.6000
parameters
   -1.0545   21.8611   -5.6067   -7.1451  -21.0948   -9.0307
    9.1926    3.1715  -11.5614   23.6170   -5.9852  -17.5056
eta,q 0.97495  7.32992
  0.0257  0.0256  0.0253  0.0257  0.0256  0.0255  0.0256  0.0258  0.0256  0.0257  0.0253  0.0252
  0.0253  0.0253  0.0251  0.0254  0.0253  0.0253  0.0253  0.0254  0.0253  0.0254  0.0251  0.0251
  0.0251  0.0251  0.0251  0.0251  0.0251  0.0251  0.0251  0.0251  0.0251  0.0251  0.0251  0.0251
  0.0250  0.0251  0.0250  0.0250  0.0250  0.0250  0.0250  0.0250  0.0250  0.0250  0.0250  0.0250
  0.0251  0.0251  0.0251  0.0251  0.0251  0.0251  0.0251  0.0251  0.0251  0.0251  0.0251  0.0251
  0.0253  0.0253  0.0252  0.0254  0.0253  0.0253  0.0253  0.0254  0.0253  0.0254  0.0251  0.0251
  0.0257  0.0256  0.0253  0.0257  0.0256  0.0255  0.0256  0.0258  0.0256  0.0257  0.0253  0.0252
niter,ni,del,rscale     2    3    5.0000    0.5000
parameters
   -1.0527   21.8589   -5.6258   -7.1247  -21.1363   -9.0884
    9.1949    3.1850  -11.5744   23.6144   -6.0005  -17.5046
eta,q 0.97495  7.32743
  0.0255  0.0254  0.0252  0.0255  0.0254  0.0254  0.0254  0.0256  0.0254  0.0255  0.0252  0.0252
  0.0252  0.0252  0.0251  0.0253  0.0252  0.0252  0.0252  0.0253  0.0252  0.0253  0.0251  0.0251
  0.0251  0.0251  0.0251  0.0251  0.0251  0.0251  0.0251  0.0251  0.0251  0.0251  0.0251  0.0251
  0.0251  0.0250  0.0250  0.0250  0.0250  0.0250  0.0250  0.0251  0.0250  0.0250  0.0250  0.0250
  0.0251  0.0251  0.0251  0.0251  0.0251  0.0251  0.0251  0.0251  0.0251  0.0251  0.0251  0.0251
  0.0252  0.0252  0.0251  0.0253  0.0252  0.0252  0.0252  0.0253  0.0252  0.0253  0.0251  0.0251
  0.0255  0.0254  0.0252  0.0255  0.0254  0.0254  0.0254  0.0256  0.0254  0.0255  0.0252  0.0252
niter,ni,del,rscale     1    3    5.0000    0.4000
parameters
   -1.0478   21.8650   -5.6401   -7.0990  -21.1660   -9.1184
    9.2072    3.1942  -11.5716   23.6145   -5.9897  -17.5006
eta,q 0.97495  7.32637
  0.0253  0.0253  0.0252  0.0254  0.0253  0.0253  0.0253  0.0254  0.0253  0.0254  0.0251  0.0251
  0.0252  0.0252  0.0251  0.0252  0.0252  0.0251  0.0252  0.0252  0.0252  0.0252  0.0251  0.0251
  0.0251  0.0251  0.0251  0.0251  0.0251  0.0251  0.0251  0.0251  0.0251  0.0251  0.0251  0.0251
  0.0250  0.0250  0.0250  0.0250  0.0250  0.0250  0.0250  0.0250  0.0250  0.0250  0.0250  0.0250
  0.0251  0.0251  0.0251  0.0251  0.0251  0.0251  0.0251  0.0251  0.0251  0.0251  0.0251  0.0251
  0.0252  0.0252  0.0251  0.0252  0.0252  0.0252  0.0252  0.0252  0.0252  0.0252  0.0251  0.0251
  0.0253  0.0253  0.0252  0.0254  0.0253  0.0253  0.0253  0.0254  0.0253  0.0254  0.0251  0.0251
registration optimization eta report
parameter search radius
    0.8000    0.8000    0.8000    2.4000    2.4000    2.4000
    2.4000    2.4000    2.4000    2.4000    2.4000    2.4000
100000*second partial in parameter space
       43.       37.       17.        5.        4.        4.
        4.        6.        4.        5.        2.        1.
  0.0253  0.0253  0.0252  0.0254  0.0253  0.0253  0.0253  0.0254  0.0253  0.0254  0.0251  0.0251
  0.0252  0.0252  0.0251  0.0252  0.0252  0.0251  0.0252  0.0252  0.0252  0.0252  0.0251  0.0251
  0.0251  0.0251  0.0251  0.0251  0.0251  0.0251  0.0251  0.0251  0.0251  0.0251  0.0251  0.0251
  0.0250  0.0250  0.0250  0.0250  0.0250  0.0250  0.0250  0.0250  0.0250  0.0250  0.0250  0.0250
  0.0251  0.0251  0.0251  0.0251  0.0251  0.0251  0.0251  0.0251  0.0251  0.0251  0.0251  0.0251
  0.0252  0.0252  0.0251  0.0252  0.0252  0.0252  0.0252  0.0252  0.0252  0.0252  0.0251  0.0251
  0.0253  0.0253  0.0252  0.0254  0.0253  0.0253  0.0253  0.0254  0.0253  0.0254  0.0251  0.0251
   -1.0478   21.8650   -5.6401   -7.0990  -21.1660   -9.1184
    9.2072    3.1942  -11.5716   23.6145   -5.9897  -17.5006
eta,q 0.97495  7.32637

---------------------------------------------------------------------
compute_vox2vox talsrcimg talsrcimg_to_711-2C_as_mni_average_305_t4 /opt/freesurfer/average/711-2C_as_mni_average_305
---------------------------------------------------------------------

freesurfer compute_vox2vox.c
Reading: talsrcimg.4dfp.ifh
Reading: talsrcimg_to_711-2C_as_mni_average_305_t4
Reading: /opt/freesurfer/average/711-2C_as_mni_average_305.4dfp.ifh
Writing: talsrcimg_to_711-2C_as_mni_average_305_t4_vox2vox.txt

start time Mon Mar 9 01:59:24 CET 2026
end		time Mon Mar 9 02:00:53 CET 2026

mpr2mni305 success

avi2talxfm orig_nu.mgz /opt/freesurfer/average/mni305.cor.mgz talsrcimg_to_711-2C_as_mni_average_305_t4_vox2vox.txt transforms/talairach.auto.xfm
avi2talxfm done
mv -f /out/sourcedata/freesurfer/sub-v1s17x0050251_ses-1/mri/talsrcimg_to_711-2C_as_mni_average_305_t4_vox2vox.txt /out/sourcedata/freesurfer/sub-v1s17x0050251_ses-1/mri/transforms/talsrcimg_to_711-2C_as_mni_average_305_t4_vox2vox.txt
lta_convert --src orig_nu.mgz --trg /opt/freesurfer/average/mni305.cor.mgz --inxfm transforms/talairach.auto.xfm --outlta transforms/talairach.auto.xfm.lta --subject fsaverage
7.3.2

--src: orig_nu.mgz src image (geometry).
--trg: /opt/freesurfer/average/mni305.cor.mgz trg image (geometry).
--inmni: transforms/talairach.auto.xfm input MNI/XFM transform.
--outlta: transforms/talairach.auto.xfm.lta output LTA.
--s: fsaverage subject name
 LTA read, type : 1
 1.06054  -0.00481  -0.12493   1.12864;
 0.09443   1.03990   0.21982   2.00996;
 0.12739  -0.31220   1.18430  -7.46880;
 0.00000   0.00000   0.00000   1.00000;
setting subject to fsaverage
Writing  LTA to file transforms/talairach.auto.xfm.lta...
lta_convert successful.
 
 
Started at Mon Mar 9 01:59:23 CET 2026
Ended   at Mon Mar  9 02:00:53 CET 2026
talairach_avi done
