status file for recon-all
Mon Mar  9 00:56:06 CET 2026
#@# MotionCor Mon Mar  9 00:56:08 CET 2026
#@# Talairach Mon Mar  9 00:56:15 CET 2026
#@# Talairach Failure Detection Mon Mar  9 01:00:39 CET 2026
#@# Nu Intensity Correction Mon Mar  9 01:00:39 CET 2026
#@# Intensity Normalization Mon Mar  9 01:03:53 CET 2026
recon-all -s sub-v1s17x0050234_ses-1 finished without error at Mon Mar  9 01:05:32 CET 2026



#New# invocation of recon-all 



status file for recon-all
Mon Mar  9 01:12:57 CET 2026
#@# EM Registration Mon Mar  9 01:12:57 CET 2026
recon-all -s sub-v1s17x0050234_ses-1 finished without error at Mon Mar  9 01:14:12 CET 2026



#New# invocation of recon-all 



status file for recon-all
Mon Mar  9 01:14:16 CET 2026
#@# CA Normalize Mon Mar  9 01:14:16 CET 2026
#@# CA Reg Mon Mar  9 01:15:37 CET 2026
#@# SubCort Seg Mon Mar  9 01:57:52 CET 2026
#@# CC Seg Mon Mar  9 02:33:12 CET 2026
#@# Merge ASeg Mon Mar  9 02:33:49 CET 2026
#@# Intensity Normalization2 Mon Mar  9 02:33:49 CET 2026
#@# Mask BFS Mon Mar  9 02:36:13 CET 2026
#@# WM Segmentation Mon Mar  9 02:36:13 CET 2026
#@# Fill Mon Mar  9 02:38:26 CET 2026
recon-all -s sub-v1s17x0050234_ses-1 finished without error at Mon Mar  9 02:39:26 CET 2026



#New# invocation of recon-all 



status file for recon-all
Mon Mar  9 03:30:23 CET 2026
#@# white curv lh Mon Mar  9 03:30:23 CET 2026
#@# white area lh Mon Mar  9 03:30:23 CET 2026
#@# pial curv lh Mon Mar  9 03:30:23 CET 2026
#@# pial area lh Mon Mar  9 03:30:23 CET 2026
#@# thickness lh Mon Mar  9 03:30:23 CET 2026
#@# area and vertex vol lh Mon Mar  9 03:30:23 CET 2026
#@# white curv rh Mon Mar  9 03:30:23 CET 2026
#@# white area rh Mon Mar  9 03:30:23 CET 2026
#@# pial curv rh Mon Mar  9 03:30:23 CET 2026
#@# pial area rh Mon Mar  9 03:30:23 CET 2026
#@# thickness rh Mon Mar  9 03:30:23 CET 2026
#@# area and vertex vol rh Mon Mar  9 03:30:23 CET 2026
#@# Cortical ribbon mask Mon Mar  9 03:30:23 CET 2026
recon-all -s sub-v1s17x0050234_ses-1 finished without error at Mon Mar  9 03:38:10 CET 2026



#New# invocation of recon-all 



status file for recon-all
Mon Mar  9 03:45:39 CET 2026
#@# white curv lh Mon Mar  9 03:45:39 CET 2026
#@# white area lh Mon Mar  9 03:45:39 CET 2026
#@# pial curv lh Mon Mar  9 03:45:39 CET 2026
#@# pial area lh Mon Mar  9 03:45:39 CET 2026
#@# thickness lh Mon Mar  9 03:45:39 CET 2026
#@# area and vertex vol lh Mon Mar  9 03:45:39 CET 2026
#@# white curv rh Mon Mar  9 03:45:39 CET 2026
#@# white area rh Mon Mar  9 03:45:39 CET 2026
#@# pial curv rh Mon Mar  9 03:45:39 CET 2026
#@# pial area rh Mon Mar  9 03:45:39 CET 2026
#@# thickness rh Mon Mar  9 03:45:39 CET 2026
#@# area and vertex vol rh Mon Mar  9 03:45:39 CET 2026
#@# Curvature Stats lh Mon Mar  9 03:45:39 CET 2026
#@# Curvature Stats rh Mon Mar  9 03:45:41 CET 2026
#@# Relabel Hypointensities Mon Mar  9 03:45:44 CET 2026
#@# APas-to-ASeg Mon Mar  9 03:46:01 CET 2026
#@# AParc-to-ASeg aparc Mon Mar  9 03:46:09 CET 2026
#@# AParc-to-ASeg aparc.a2009s Mon Mar  9 03:46:54 CET 2026
#@# AParc-to-ASeg aparc.DKTatlas Mon Mar  9 03:47:38 CET 2026
#@# WMParc Mon Mar  9 03:48:22 CET 2026
#@# ASeg Stats Mon Mar  9 03:51:56 CET 2026
recon-all -s sub-v1s17x0050234_ses-1 finished without error at Mon Mar  9 03:52:28 CET 2026
