status file for recon-all
Mon Mar  9 03:04:40 CET 2026
#@# Tessellate rh Mon Mar  9 03:04:40 CET 2026
#@# Smooth1 rh Mon Mar  9 03:04:44 CET 2026
#@# Inflation1 rh Mon Mar  9 03:04:47 CET 2026
#@# QSphere rh Mon Mar  9 03:04:59 CET 2026
#@# Fix Topology rh Mon Mar  9 03:06:03 CET 2026
#@# Smooth2 rh Mon Mar  9 03:13:24 CET 2026
#@# Inflation2 rh Mon Mar  9 03:13:28 CET 2026
#@# Curv .H and .K rh Mon Mar  9 03:13:40 CET 2026
#@# Sphere rh Mon Mar  9 03:14:38 CET 2026
#@# Surf Reg rh Mon Mar  9 03:18:04 CET 2026
#@# Jacobian white rh Mon Mar  9 03:22:31 CET 2026
#@# AvgCurv rh Mon Mar  9 03:22:32 CET 2026
#@# Cortical Parc rh Mon Mar  9 03:22:33 CET 2026
#@# white curv rh Mon Mar  9 03:29:02 CET 2026
#@# white area rh Mon Mar  9 03:29:04 CET 2026
#@# pial curv rh Mon Mar  9 03:29:05 CET 2026
#@# pial area rh Mon Mar  9 03:29:07 CET 2026
#@# thickness rh Mon Mar  9 03:29:08 CET 2026
#@# area and vertex vol rh Mon Mar  9 03:29:44 CET 2026
#@# Curvature Stats rh Mon Mar  9 03:29:46 CET 2026
#@# Cortical Parc 2 rh Mon Mar  9 03:29:48 CET 2026
#@# Cortical Parc 3 rh Mon Mar  9 03:30:04 CET 2026
#@# WM/GM Contrast rh Mon Mar  9 03:30:15 CET 2026
recon-all -s sub-v1s17x0050234_ses-1 finished without error at Mon Mar  9 03:30:19 CET 2026



#New# invocation of recon-all 



status file for recon-all
Mon Mar  9 03:41:53 CET 2026
#@# white curv rh Mon Mar  9 03:41:53 CET 2026
#@# white area rh Mon Mar  9 03:41:53 CET 2026
#@# pial curv rh Mon Mar  9 03:41:53 CET 2026
#@# pial area rh Mon Mar  9 03:41:53 CET 2026
#@# thickness rh Mon Mar  9 03:41:53 CET 2026
#@# area and vertex vol rh Mon Mar  9 03:41:53 CET 2026
#@# Parcellation Stats rh Mon Mar  9 03:41:53 CET 2026
#@# Parcellation Stats 2 rh Mon Mar  9 03:42:19 CET 2026
#@# Parcellation Stats 3 rh Mon Mar  9 03:42:32 CET 2026
#@# BA_exvivo Labels rh Mon Mar  9 03:42:45 CET 2026
recon-all -s sub-v1s17x0050234_ses-1 finished without error at Mon Mar  9 03:45:35 CET 2026
