status file for recon-all
Mon Mar  9 02:39:30 CET 2026
#@# Tessellate lh Mon Mar  9 02:39:30 CET 2026
#@# Smooth1 lh Mon Mar  9 02:39:34 CET 2026
#@# Inflation1 lh Mon Mar  9 02:39:37 CET 2026
#@# QSphere lh Mon Mar  9 02:39:47 CET 2026
#@# Fix Topology lh Mon Mar  9 02:40:50 CET 2026
#@# Smooth2 lh Mon Mar  9 02:47:32 CET 2026
#@# Inflation2 lh Mon Mar  9 02:47:35 CET 2026
#@# Curv .H and .K lh Mon Mar  9 02:47:47 CET 2026
#@# Sphere lh Mon Mar  9 02:48:45 CET 2026
#@# Surf Reg lh Mon Mar  9 02:52:31 CET 2026
#@# Jacobian white lh Mon Mar  9 02:56:59 CET 2026
#@# AvgCurv lh Mon Mar  9 02:57:00 CET 2026
#@# Cortical Parc lh Mon Mar  9 02:57:01 CET 2026
#@# white curv lh Mon Mar  9 03:03:21 CET 2026
#@# white area lh Mon Mar  9 03:03:23 CET 2026
#@# pial curv lh Mon Mar  9 03:03:24 CET 2026
#@# pial area lh Mon Mar  9 03:03:26 CET 2026
#@# thickness lh Mon Mar  9 03:03:26 CET 2026
#@# area and vertex vol lh Mon Mar  9 03:04:02 CET 2026
#@# Curvature Stats lh Mon Mar  9 03:04:04 CET 2026
#@# Cortical Parc 2 lh Mon Mar  9 03:04:06 CET 2026
#@# Cortical Parc 3 lh Mon Mar  9 03:04:21 CET 2026
#@# WM/GM Contrast lh Mon Mar  9 03:04:33 CET 2026
recon-all -s sub-v1s17x0050234_ses-1 finished without error at Mon Mar  9 03:04:36 CET 2026



#New# invocation of recon-all 



status file for recon-all
Mon Mar  9 03:38:15 CET 2026
#@# white curv lh Mon Mar  9 03:38:15 CET 2026
#@# white area lh Mon Mar  9 03:38:15 CET 2026
#@# pial curv lh Mon Mar  9 03:38:15 CET 2026
#@# pial area lh Mon Mar  9 03:38:15 CET 2026
#@# thickness lh Mon Mar  9 03:38:15 CET 2026
#@# area and vertex vol lh Mon Mar  9 03:38:15 CET 2026
#@# Parcellation Stats lh Mon Mar  9 03:38:15 CET 2026
#@# Parcellation Stats 2 lh Mon Mar  9 03:38:40 CET 2026
#@# Parcellation Stats 3 lh Mon Mar  9 03:38:52 CET 2026
#@# BA_exvivo Labels lh Mon Mar  9 03:39:05 CET 2026
recon-all -s sub-v1s17x0050234_ses-1 finished without error at Mon Mar  9 03:41:51 CET 2026
