/out/sourcedata/freesurfer/sub-v1s17x0051139_ses-1/mri
/opt/freesurfer/bin/talairach_avi
--i orig_nu.mgz --xfm transforms/talairach.auto.xfm
talairach_avi 7.3.2
Linux dna079 5.14.0-427.37.1.el9_4.x86_64 #1 SMP PREEMPT_DYNAMIC Fri Sep 13 12:41:50 EDT 2024 x86_64 x86_64 x86_64 GNU/Linux
Mon Mar  9 03:08:19 CET 2026
mri_convert orig_nu.mgz talsrcimg.img 
reading from orig_nu.mgz...
TR=0.00, TE=0.00, TI=0.00, flip angle=0.00
i_ras = (-1, 2.56478e-10, 0)
j_ras = (0, -1.16415e-10, -1)
k_ras = (-2.36469e-11, 1, -1.16415e-10)
writing to talsrcimg.img...
Analyze Output Matrix
-1.00000   0.00000  -0.00000   129.01614;
 0.00000  -0.00000   1.00000  -128.54364;
 0.00000  -1.00000  -0.00000   103.96681;
 0.00000   0.00000   0.00000   1.00000;
--------------------
INFO: set hdr.hist.orient to -1
mpr2mni305 talsrcimg
Mon Mar  9 03:08:19 CET 2026
/opt/freesurfer/bin/mpr2mni305 talsrcimg
mpr2mni305 7.3.2
target=711-2C_as_mni_average_305

---------------------------------------------------------------------
analyzeto4dfp talsrcimg -O0 -y
---------------------------------------------------------------------

freesurfer ifh2hdr.c
Mon Mar  9 03:08:19 2026
Writing: talsrcimg.4dfp.hdr
freesurfer analyzeto4dfp.c
Reading: talsrcimg.hdr
header size 348 bytes
hdr.dime.datatype	offset=70	value=2
hdr.dime.bitpix		offset=72	value=8
hdr.hist.orient		offset=252	value=-1
dimensionality     4
dimensions       256       256       256         1
Reading: talsrcimg.img
Writing: talsrcimg.4dfp.img
Writing: talsrcimg.4dfp.ifh
ifh2hdr talsrcimg -r0to251
ori=2

---------------------------------------------------------------------
gauss_4dfp talsrcimg 1.1
---------------------------------------------------------------------

freesurfer gauss_4dfp.c
Reading: talsrcimg.4dfp.img
Writing: talsrcimg_g11.4dfp.img
image dimensions 256 256 256 padded to 288 288 288
processing volume 1freesurfer ifh2hdr.c
Mon Mar  9 03:08:21 2026
Writing: talsrcimg_g11.4dfp.hdr

Writing: talsrcimg_g11.4dfp.ifh
including: talsrcimg.4dfp.img.rec in talsrcimg_g11.4dfp.img.rec

---------------------------------------------------------------------
imgreg_4dfp /opt/freesurfer/average/711-2C_as_mni_average_305 none talsrcimg_g11 none talsrcimg_to_711-2C_as_mni_average_305_t4 4355
---------------------------------------------------------------------

freesurfer imgreg_4dfp.c
/opt/freesurfer/average/711-2C_as_mni_average_305.4dfp.img
       256       256       256         1
  1.000000  1.000000  1.000000
orientation T byte_order littleendian
Reading image: /opt/freesurfer/average/711-2C_as_mni_average_305.4dfp.img
dimensions:      256       256       256
mmppix:       1.0000   -1.0000   -1.0000
center:     128.0000 -129.0000 -129.0000
talsrcimg_g11.4dfp.img
       256       256       256         1
  1.000000  1.000000  1.000000
orientation T byte_order littleendian
Reading image: talsrcimg_g11.4dfp.img
dimensions:      256       256       256
mmppix:       1.0000   -1.0000   -1.0000
center:     128.0000 -129.0000 -129.0000
t4_read: open error in t4_sub.f l:  41 t4_file(1:l)talsrcimg_to_711-2C_as_mni_average_305_t4 
t4_read: transform initialized to I4
rotation matrix determinant  1.000000
image alignment mode   4355 decimal     1103 hex
   -7.5000  -45.0000  -45.0000 6531.1084   14.8738
    0.0000  -45.0000  -45.0000 6822.7222   14.8530
    7.5000  -45.0000  -45.0000 6557.9277   14.8391
   -7.5000  -37.5000  -45.0000 7174.4517   14.6184
    0.0000  -37.5000  -45.0000 7497.1973   14.5898
    7.5000  -37.5000  -45.0000 7194.6064   14.5799
   -7.5000  -30.0000  -45.0000 8115.7046   14.4771
    0.0000  -30.0000  -45.0000 8497.0869   14.4486
    7.5000  -30.0000  -45.0000 8146.2842   14.4394
   -7.5000  -22.5000  -45.0000 9118.4883   14.4241
    0.0000  -22.5000  -45.0000 9555.5684   14.4053
    7.5000  -22.5000  -45.0000 9156.3857   14.3908
   -7.5000  -15.0000  -45.000010067.9180   14.4134
    0.0000  -15.0000  -45.000010559.6992   14.4038
    7.5000  -15.0000  -45.000010105.1055   14.3842
   -7.5000   -7.5000  -45.000011003.4727   14.3936
    0.0000   -7.5000  -45.000011540.8721   14.3836
    7.5000   -7.5000  -45.000011006.4805   14.3644
   -7.5000    0.0000  -45.000011842.7998   14.3818
    0.0000    0.0000  -45.000012417.0449   14.3631
    7.5000    0.0000  -45.000011829.9463   14.3487
   -7.5000    7.5000  -45.000011709.5605   14.3935
    0.0000    7.5000  -45.000012286.5371   14.3657
    7.5000    7.5000  -45.000011725.8896   14.3563
   -7.5000   15.0000  -45.000011468.8799   14.4152
    0.0000   15.0000  -45.000012037.6641   14.3869
    7.5000   15.0000  -45.000011464.1797   14.3776
   -7.5000   22.5000  -45.000011183.2637   14.4212
    0.0000   22.5000  -45.000011697.9365   14.4024
    7.5000   22.5000  -45.000011179.2471   14.3879
   -7.5000   30.0000  -45.000010748.6338   14.2213
    0.0000   30.0000  -45.000011238.0957   14.2119
    7.5000   30.0000  -45.000010740.7871   14.1925
   -7.5000   37.5000  -45.000010672.3291   14.2018
    0.0000   37.5000  -45.000011137.1191   14.1919
    7.5000   37.5000  -45.000010642.7773   14.1730
   -7.5000   45.0000  -45.000010178.7031   13.8298
    0.0000   45.0000  -45.000010628.7285   13.8118
    7.5000   45.0000  -45.000010164.0137   13.7980
   -7.5000  -45.0000  -37.5000 6852.7598   14.8840
    0.0000  -45.0000  -37.5000 7168.8018   14.8681
    7.5000  -45.0000  -37.5000 6883.8359   14.8560
   -7.5000  -37.5000  -37.5000 7533.1763   14.6148
    0.0000  -37.5000  -37.5000 7899.3647   14.5910
    7.5000  -37.5000  -37.5000 7566.3071   14.5823
   -7.5000  -30.0000  -37.5000 8582.0107   14.4692
    0.0000  -30.0000  -37.5000 9001.7852   14.4472
    7.5000  -30.0000  -37.5000 8608.2676   14.4382
   -7.5000  -22.5000  -37.5000 9640.2002   14.4257
    0.0000  -22.5000  -37.500010104.3252   14.4149
    7.5000  -22.5000  -37.5000 9665.0791   14.4007
   -7.5000  -15.0000  -37.500010631.6494   14.4273
    0.0000  -15.0000  -37.500011118.5186   14.4256
    7.5000  -15.0000  -37.500010640.8457   14.4072
   -7.5000   -7.5000  -37.500011600.0059   14.4104
    0.0000   -7.5000  -37.500012151.6562   14.4065
    7.5000   -7.5000  -37.500011586.3584   14.3894
   -7.5000    0.0000  -37.500012484.0107   14.3908
    0.0000    0.0000  -37.500013078.1377   14.3766
    7.5000    0.0000  -37.500012461.9150   14.3641
   -7.5000    7.5000  -37.500012342.0303   14.3903
    0.0000    7.5000  -37.500012931.7080   14.3671
    7.5000    7.5000  -37.500012325.7500   14.3587
   -7.5000   15.0000  -37.500012089.8086   14.4074
    0.0000   15.0000  -37.500012673.4971   14.3855
    7.5000   15.0000  -37.500012062.8945   14.3765
   -7.5000   22.5000  -37.500011786.8398   14.4228
    0.0000   22.5000  -37.500012331.3828   14.4120
    7.5000   22.5000  -37.500011755.5332   14.3978
   -7.5000   30.0000  -37.500011305.3682   14.2350
    0.0000   30.0000  -37.500011823.3604   14.2333
    7.5000   30.0000  -37.500011283.7803   14.2152
   -7.5000   37.5000  -37.500011200.7256   14.2183
    0.0000   37.5000  -37.500011683.1895   14.2145
    7.5000   37.5000  -37.500011147.0742   14.1976
   -7.5000   45.0000  -37.500010653.1758   13.8385
    0.0000   45.0000  -37.500011130.5674   13.8248
    7.5000   45.0000  -37.500010615.1436   13.8128
   -7.5000  -45.0000  -30.0000 7301.0259   15.5117
    0.0000  -45.0000  -30.0000 7636.7217   15.4958
    7.5000  -45.0000  -30.0000 7329.1245   15.4816
   -7.5000  -37.5000  -30.0000 8063.7837   15.2243
    0.0000  -37.5000  -30.0000 8443.8984   15.1997
    7.5000  -37.5000  -30.0000 8087.2485   15.1889
   -7.5000  -30.0000  -30.0000 9196.8662   15.0680
    0.0000  -30.0000  -30.0000 9626.4316   15.0465
    7.5000  -30.0000  -30.0000 9207.0430   15.0347
   -7.5000  -22.5000  -30.000010307.7949   15.0224
    0.0000  -22.5000  -30.000010795.5020   15.0152
    7.5000  -22.5000  -30.000010339.6055   14.9983
   -7.5000  -15.0000  -30.000011348.9238   15.0282
    0.0000  -15.0000  -30.000011873.9785   15.0314
    7.5000  -15.0000  -30.000011361.6055   15.0106
   -7.5000   -7.5000  -30.000012364.9883   15.0151
    0.0000   -7.5000  -30.000012945.0518   15.0142
    7.5000   -7.5000  -30.000012345.3828   14.9949
   -7.5000    0.0000  -30.000013309.5312   14.9954
    0.0000    0.0000  -30.000013942.6289   14.9814
    7.5000    0.0000  -30.000013295.7295   14.9671
   -7.5000    7.5000  -30.000013138.1768   14.9906
    0.0000    7.5000  -30.000013766.1523   14.9667
    7.5000    7.5000  -30.000013119.0605   14.9562
   -7.5000   15.0000  -30.000012858.6572   15.0035
    0.0000   15.0000  -30.000013473.5479   14.9823
    7.5000   15.0000  -30.000012833.0186   14.9706
   -7.5000   22.5000  -30.000012515.9434   15.0179
    0.0000   22.5000  -30.000013116.4463   15.0107
    7.5000   22.5000  -30.000012476.7422   14.9937
   -7.5000   30.0000  -30.000012009.7686   14.8293
    0.0000   30.0000  -30.000012582.1338   14.8325
    7.5000   30.0000  -30.000011963.6836   14.8120
   -7.5000   37.5000  -30.000011864.0410   14.8164
    0.0000   37.5000  -30.000012424.0352   14.8155
    7.5000   37.5000  -30.000011815.2842   14.7965
   -7.5000   45.0000  -30.000011242.3662   14.4304
    0.0000   45.0000  -30.000011763.1045   14.4170
    7.5000   45.0000  -30.000011212.3223   14.4032
   -7.5000  -45.0000  -22.5000 7737.2944   16.0341
    0.0000  -45.0000  -22.5000 8113.8320   16.0123
    7.5000  -45.0000  -22.5000 7766.2295   15.9933
   -7.5000  -37.5000  -22.5000 8553.1201   15.7455
    0.0000  -37.5000  -22.5000 8965.2129   15.7139
    7.5000  -37.5000  -22.5000 8583.7217   15.6991
   -7.5000  -30.0000  -22.5000 9743.4561   15.5828
    0.0000  -30.0000  -22.500010193.8701   15.5538
    7.5000  -30.0000  -22.5000 9764.7881   15.5385
   -7.5000  -22.5000  -22.500010925.0986   15.5238
    0.0000  -22.5000  -22.500011434.9199   15.5103
    7.5000  -22.5000  -22.500010951.4199   15.4896
   -7.5000  -15.0000  -22.500012033.0664   15.5203
    0.0000  -15.0000  -22.500012603.6738   15.5187
    7.5000  -15.0000  -22.500012033.8945   15.4932
   -7.5000   -7.5000  -22.500013089.0352   15.5091
    0.0000   -7.5000  -22.500013714.7783   15.5036
    7.5000   -7.5000  -22.500013087.0859   15.4791
   -7.5000    0.0000  -22.500014071.1270   15.4991
    0.0000    0.0000  -22.500014761.6787   15.4798
    7.5000    0.0000  -22.500014072.5293   15.4608
   -7.5000    7.5000  -22.500013901.7930   15.5035
    0.0000    7.5000  -22.500014570.4727   15.4729
    7.5000    7.5000  -22.500013879.9434   15.4586
   -7.5000   15.0000  -22.500013579.8994   15.5161
    0.0000   15.0000  -22.500014226.7363   15.4875
    7.5000   15.0000  -22.500013555.2441   15.4723
   -7.5000   22.5000  -22.500013207.0977   15.5181
    0.0000   22.5000  -22.500013851.1807   15.5046
    7.5000   22.5000  -22.500013158.8320   15.4838
   -7.5000   30.0000  -22.500012685.4268   15.3173
    0.0000   30.0000  -22.500013293.9268   15.3157
    7.5000   30.0000  -22.500012643.7168   15.2906
   -7.5000   37.5000  -22.500012488.9033   15.3062
    0.0000   37.5000  -22.500013113.2070   15.3008
    7.5000   37.5000  -22.500012467.7275   15.2767
   -7.5000   45.0000  -22.500011806.2295   14.9264
    0.0000   45.0000  -22.500012367.3887   14.9078
    7.5000   45.0000  -22.500011791.2988   14.8895
   -7.5000  -45.0000  -15.0000 8155.9990   16.4082
    0.0000  -45.0000  -15.0000 8549.9346   16.3798
    7.5000  -45.0000  -15.0000 8190.1421   16.3581
   -7.5000  -37.5000  -15.0000 9008.2041   16.1269
    0.0000  -37.5000  -15.0000 9424.3418   16.0887
    7.5000  -37.5000  -15.0000 9041.5957   16.0723
   -7.5000  -30.0000  -15.000010246.0820   15.9629
    0.0000  -30.0000  -15.000010715.4551   15.9261
    7.5000  -30.0000  -15.000010270.4678   15.9104
   -7.5000  -22.5000  -15.000011507.9873   15.8912
    0.0000  -22.5000  -15.000012035.1328   15.8688
    7.5000  -22.5000  -15.000011507.0801   15.8474
   -7.5000  -15.0000  -15.000012707.8848   15.8750
    0.0000  -15.0000  -15.000013325.7178   15.8646
    7.5000  -15.0000  -15.000012707.1553   15.8372
   -7.5000   -7.5000  -15.000013798.9873   15.8620
    0.0000   -7.5000  -15.000014467.0332   15.8492
    7.5000   -7.5000  -15.000013821.9219   15.8216
   -7.5000    0.0000  -15.000014821.7715   15.8614
    0.0000    0.0000  -15.000015550.3311   15.8360
    7.5000    0.0000  -15.000014826.4531   15.8142
   -7.5000    7.5000  -15.000014638.7773   15.8786
    0.0000    7.5000  -15.000015336.0957   15.8417
    7.5000    7.5000  -15.000014617.9453   15.8259
   -7.5000   15.0000  -15.000014263.0762   15.8946
    0.0000   15.0000  -15.000014905.1973   15.8581
    7.5000   15.0000  -15.000014261.4082   15.8427
   -7.5000   22.5000  -15.000013846.5371   15.8847
    0.0000   22.5000  -15.000014479.9375   15.8622
    7.5000   22.5000  -15.000013829.2119   15.8409
   -7.5000   30.0000  -15.000013307.9551   15.6695
    0.0000   30.0000  -15.000013935.5596   15.6593
    7.5000   30.0000  -15.000013305.9746   15.6322
   -7.5000   37.5000  -15.000013107.9375   15.6567
    0.0000   37.5000  -15.000013754.0869   15.6441
    7.5000   37.5000  -15.000013115.2070   15.6169
   -7.5000   45.0000  -15.000012378.2402   15.2845
    0.0000   45.0000  -15.000012981.9873   15.2601
    7.5000   45.0000  -15.000012373.7383   15.2391
   -7.5000  -45.0000   -7.5000 8541.6289   16.6002
    0.0000  -45.0000   -7.5000 8941.0156   16.5717
    7.5000  -45.0000   -7.5000 8572.7090   16.5523
   -7.5000  -37.5000   -7.5000 9442.9043   16.3221
    0.0000  -37.5000   -7.5000 9867.5576   16.2844
    7.5000  -37.5000   -7.5000 9469.1260   16.2704
   -7.5000  -30.0000   -7.500010758.8145   16.1620
    0.0000  -30.0000   -7.500011242.8701   16.1245
    7.5000  -30.0000   -7.500010775.8721   16.1118
   -7.5000  -22.5000   -7.500012111.4707   16.0911
    0.0000  -22.5000   -7.500012664.3467   16.0658
    7.5000  -22.5000   -7.500012111.9961   16.0472
   -7.5000  -15.0000   -7.500013375.3555   16.0708
    0.0000  -15.0000   -7.500014014.4902   16.0567
    7.5000  -15.0000   -7.500013382.6807   16.0316
   -7.5000   -7.5000   -7.500014504.9482   16.0520
    0.0000   -7.5000   -7.500015188.2090   16.0370
    7.5000   -7.5000   -7.500014529.2168   16.0115
   -7.5000    0.0000   -7.500015573.6230   16.0493
    0.0000    0.0000   -7.500016326.6543   16.0236
    7.5000    0.0000   -7.500015608.0791   16.0040
   -7.5000    7.5000   -7.500015460.3691   16.0707
    0.0000    7.5000   -7.500016151.9414   16.0342
    7.5000    7.5000   -7.500015469.4980   16.0208
   -7.5000   15.0000   -7.500015107.3828   16.0928
    0.0000   15.0000   -7.500015713.0615   16.0556
    7.5000   15.0000   -7.500015099.2734   16.0430
   -7.5000   22.5000   -7.500014646.4629   16.0827
    0.0000   22.5000   -7.500015191.1729   16.0573
    7.5000   22.5000   -7.500014608.4736   16.0388
   -7.5000   30.0000   -7.500014060.4531   15.8624
    0.0000   30.0000   -7.500014644.2100   15.8484
    7.5000   30.0000   -7.500014034.4414   15.8236
   -7.5000   37.5000   -7.500013829.5596   15.8439
    0.0000   37.5000   -7.500014455.7324   15.8290
    7.5000   37.5000   -7.500013812.6211   15.8039
   -7.5000   45.0000   -7.500013040.2988   15.4685
    0.0000   45.0000   -7.500013691.4141   15.4438
    7.5000   45.0000   -7.500013011.0176   15.4248
   -7.5000  -45.0000    0.0000 8856.1914   16.6436
    0.0000  -45.0000    0.0000 9276.5996   16.6203
    7.5000  -45.0000    0.0000 8881.7402   16.6048
   -7.5000  -37.5000    0.0000 9827.3242   16.3578
    0.0000  -37.5000    0.000010286.1406   16.3257
    7.5000  -37.5000    0.0000 9849.5879   16.3148
   -7.5000  -30.0000    0.000011212.2295   16.1996
    0.0000  -30.0000    0.000011724.7803   16.1678
    7.5000  -30.0000    0.000011219.8691   16.1575
   -7.5000  -22.5000    0.000012610.5098   16.1404
    0.0000  -22.5000    0.000013203.3711   16.1194
    7.5000  -22.5000    0.000012627.9697   16.1031
   -7.5000  -15.0000    0.000013902.0518   16.1284
    0.0000  -15.0000    0.000014526.7529   16.1177
    7.5000  -15.0000    0.000013928.4189   16.0957
   -7.5000   -7.5000    0.000015058.3750   16.1063
    0.0000   -7.5000    0.000015695.5830   16.0951
    7.5000   -7.5000    0.000015119.9121   16.0736
   -7.5000    0.0000    0.000016153.1318   16.0930
    0.0000    0.0000    0.000016878.7383   16.0720
    7.5000    0.0000    0.000016212.9482   16.0560
   -7.5000    7.5000    0.000016143.3389   16.1061
    0.0000    7.5000    0.000016916.5527   16.0750
    7.5000    7.5000    0.000016162.2002   16.0645
   -7.5000   15.0000    0.000015921.3809   16.1304
    0.0000   15.0000    0.000016622.6992   16.0987
    7.5000   15.0000    0.000015896.9121   16.0884
   -7.5000   22.5000    0.000015468.0674   16.1319
    0.0000   22.5000    0.000016056.5127   16.1109
    7.5000   22.5000    0.000015432.1660   16.0947
   -7.5000   30.0000    0.000014782.5078   15.9197
    0.0000   30.0000    0.000015364.7812   15.9091
    7.5000   30.0000    0.000014716.8057   15.8874
   -7.5000   37.5000    0.000014475.9268   15.8978
    0.0000   37.5000    0.000015098.3438   15.8868
    7.5000   37.5000    0.000014400.7393   15.8656
   -7.5000   45.0000    0.000013600.7158   15.5118
    0.0000   45.0000    0.000014230.8662   15.4916
    7.5000   45.0000    0.000013539.7354   15.4762
   -7.5000  -45.0000    7.5000 8477.6016   16.6556
    0.0000  -45.0000    7.5000 8879.9248   16.6378
    7.5000  -45.0000    7.5000 8499.1162   16.6242
   -7.5000  -37.5000    7.5000 9442.5771   16.3543
    0.0000  -37.5000    7.5000 9881.4248   16.3277
    7.5000  -37.5000    7.5000 9464.5908   16.3179
   -7.5000  -30.0000    7.500010773.2422   16.1915
    0.0000  -30.0000    7.500011272.3477   16.1668
    7.5000  -30.0000    7.500010798.1465   16.1567
   -7.5000  -22.5000    7.500012117.1973   16.1427
    0.0000  -22.5000    7.500012682.3301   16.1306
    7.5000  -22.5000    7.500012151.9785   16.1148
   -7.5000  -15.0000    7.500013349.9316   16.1445
    0.0000  -15.0000    7.500013937.5195   16.1426
    7.5000  -15.0000    7.500013381.9404   16.1220
   -7.5000   -7.5000    7.500014479.4326   16.1256
    0.0000   -7.5000    7.500015090.7363   16.1212
    7.5000   -7.5000    7.500014514.5928   16.1021
   -7.5000    0.0000    7.500015522.9375   16.1037
    0.0000    0.0000    7.500016223.5859   16.0878
    7.5000    0.0000    7.500015576.0059   16.0739
   -7.5000    7.5000    7.500015455.2559   16.1031
    0.0000    7.5000    7.500016284.1748   16.0772
    7.5000    7.5000    7.500015517.5186   16.0677
   -7.5000   15.0000    7.500015234.7881   16.1223
    0.0000   15.0000    7.500015991.4033   16.0977
    7.5000   15.0000    7.500015237.0010   16.0877
   -7.5000   22.5000    7.500014808.7949   16.1343
    0.0000   22.5000    7.500015513.3145   16.1222
    7.5000   22.5000    7.500014805.6006   16.1063
   -7.5000   30.0000    7.500014191.4736   15.9356
    0.0000   30.0000    7.500014873.9512   15.9337
    7.5000   30.0000    7.500014155.2539   15.9134
   -7.5000   37.5000    7.500013931.2217   15.9169
    0.0000   37.5000    7.500014588.5273   15.9126
    7.5000   37.5000    7.500013882.2910   15.8937
   -7.5000   45.0000    7.500013066.3389   15.5221
    0.0000   45.0000    7.500013653.1602   15.5068
    7.5000   45.0000    7.500013016.0947   15.4934
   -7.5000  -45.0000   15.0000 8013.4175   16.6575
    0.0000  -45.0000   15.0000 8389.8193   16.6404
    7.5000  -45.0000   15.0000 8031.2349   16.6253
   -7.5000  -37.5000   15.0000 8925.5547   16.3489
    0.0000  -37.5000   15.0000 9368.7344   16.3225
    7.5000  -37.5000   15.0000 8949.9365   16.3109
   -7.5000  -30.0000   15.000010184.4033   16.1810
    0.0000  -30.0000   15.000010708.2129   16.1579
    7.5000  -30.0000   15.000010232.5850   16.1453
   -7.5000  -22.5000   15.000011443.6465   16.1321
    0.0000  -22.5000   15.000012030.3193   16.1243
    7.5000  -22.5000   15.000011498.1406   16.1062
   -7.5000  -15.0000   15.000012596.2207   16.1383
    0.0000  -15.0000   15.000013234.6299   16.1418
    7.5000  -15.0000   15.000012652.6689   16.1194
   -7.5000   -7.5000   15.000013711.1211   16.1242
    0.0000   -7.5000   15.000014320.3545   16.1232
    7.5000   -7.5000   15.000013743.4756   16.1026
   -7.5000    0.0000   15.000014742.2695   16.1030
    0.0000    0.0000   15.000015400.3730   16.0880
    7.5000    0.0000   15.000014779.7314   16.0727
   -7.5000    7.5000   15.000014708.6035   16.0979
    0.0000    7.5000   15.000015363.0010   16.0722
    7.5000    7.5000   15.000014740.7959   16.0609
   -7.5000   15.0000   15.000014440.4834   16.1118
    0.0000   15.0000   15.000015022.4688   16.0890
    7.5000   15.0000   15.000014437.8164   16.0765
   -7.5000   22.5000   15.000014014.0176   16.1237
    0.0000   22.5000   15.000014576.8633   16.1159
    7.5000   22.5000   15.000014012.7354   16.0978
   -7.5000   30.0000   15.000013467.5430   15.9294
    0.0000   30.0000   15.000014027.7168   15.9328
    7.5000   30.0000   15.000013455.5342   15.9108
   -7.5000   37.5000   15.000013242.4502   15.9155
    0.0000   37.5000   15.000013820.8398   15.9146
    7.5000   37.5000   15.000013228.1338   15.8942
   -7.5000   45.0000   15.000012430.4912   15.5215
    0.0000   45.0000   15.000012957.8311   15.5070
    7.5000   45.0000   15.000012402.2529   15.4922
   -7.5000  -45.0000   22.5000 7482.1548   16.7258
    0.0000  -45.0000   22.5000 7825.7041   16.7025
    7.5000  -45.0000   22.5000 7492.4160   16.6828
   -7.5000  -37.5000   22.5000 8365.6494   16.4232
    0.0000  -37.5000   22.5000 8780.6475   16.3898
    7.5000  -37.5000   22.5000 8371.0107   16.3743
   -7.5000  -30.0000   22.5000 9551.6211   16.2528
    0.0000  -30.0000   22.500010035.0078   16.2221
    7.5000  -30.0000   22.5000 9581.6289   16.2061
   -7.5000  -22.5000   22.500010717.2324   16.1911
    0.0000  -22.5000   22.500011266.3701   16.1767
    7.5000  -22.5000   22.500010776.5498   16.1551
   -7.5000  -15.0000   22.500011807.3916   16.1874
    0.0000  -15.0000   22.500012375.5381   16.1855
    7.5000  -15.0000   22.500011864.3330   16.1591
   -7.5000   -7.5000   22.500012848.5703   16.1756
    0.0000   -7.5000   22.500013411.2129   16.1696
    7.5000   -7.5000   22.500012892.6406   16.1442
   -7.5000    0.0000   22.500013837.6162   16.1650
    0.0000    0.0000   22.500014451.4326   16.1444
    7.5000    0.0000   22.500013883.3164   16.1248
   -7.5000    7.5000   22.500013762.8281   16.1696
    0.0000    7.5000   22.500014338.7578   16.1372
    7.5000    7.5000   22.500013791.1113   16.1223
   -7.5000   15.0000   22.500013472.3164   16.1829
    0.0000   15.0000   22.500013991.0332   16.1526
    7.5000   15.0000   22.500013481.4551   16.1367
   -7.5000   22.5000   22.500013085.5908   16.1827
    0.0000   22.5000   22.500013590.1748   16.1683
    7.5000   22.5000   22.500013091.0342   16.1467
   -7.5000   30.0000   22.500012595.0674   15.9779
    0.0000   30.0000   22.500013087.6475   15.9760
    7.5000   30.0000   22.500012607.2012   15.9499
   -7.5000   37.5000   22.500012424.6143   15.9662
    0.0000   37.5000   22.500012927.8496   15.9603
    7.5000   37.5000   22.500012426.4053   15.9352
   -7.5000   45.0000   22.500011691.0938   15.5812
    0.0000   45.0000   22.500012174.1064   15.5614
    7.5000   45.0000   22.500011678.0576   15.5424
   -7.5000  -45.0000   30.0000 6907.5591   16.8694
    0.0000  -45.0000   30.0000 7217.1055   16.8394
    7.5000  -45.0000   30.0000 6923.4194   16.8171
   -7.5000  -37.5000   30.0000 7732.6133   16.5778
    0.0000  -37.5000   30.0000 8102.3003   16.5373
    7.5000  -37.5000   30.0000 7756.0405   16.5201
   -7.5000  -30.0000   30.0000 8834.8818   16.4085
    0.0000  -30.0000   30.0000 9258.5713   16.3691
    7.5000  -30.0000   30.0000 8863.5332   16.3526
   -7.5000  -22.5000   30.0000 9914.8545   16.3339
    0.0000  -22.5000   30.000010396.1719   16.3094
    7.5000  -22.5000   30.0000 9951.4502   16.2871
   -7.5000  -15.0000   30.000010912.3828   16.3154
    0.0000  -15.0000   30.000011431.6455   16.3037
    7.5000  -15.0000   30.000010965.4766   16.2754
   -7.5000   -7.5000   30.000011870.3916   16.3003
    0.0000   -7.5000   30.000012422.0176   16.2865
    7.5000   -7.5000   30.000011920.2686   16.2582
   -7.5000    0.0000   30.000012778.9023   16.2995
    0.0000    0.0000   30.000013396.6172   16.2727
    7.5000    0.0000   30.000012834.7148   16.2504
   -7.5000    7.5000   30.000012709.5312   16.3190
    0.0000    7.5000   30.000013272.8379   16.2799
    7.5000    7.5000   30.000012735.0869   16.2635
   -7.5000   15.0000   30.000012442.1016   16.3373
    0.0000   15.0000   30.000012954.2773   16.2982
    7.5000   15.0000   30.000012457.9844   16.2820
   -7.5000   22.5000   30.000012076.4912   16.3253
    0.0000   22.5000   30.000012553.9463   16.3009
    7.5000   22.5000   30.000012085.3047   16.2786
   -7.5000   30.0000   30.000011629.4736   16.1042
    0.0000   30.0000   30.000012093.9697   16.0927
    7.5000   30.0000   30.000011660.5098   16.0648
   -7.5000   37.5000   30.000011477.6670   16.0893
    0.0000   37.5000   30.000011961.2734   16.0757
    7.5000   37.5000   30.000011508.0801   16.0478
   -7.5000   45.0000   30.000010832.0293   15.7109
    0.0000   45.0000   30.000011292.4580   15.6850
    7.5000   45.0000   30.000010834.5703   15.6635
   -7.5000  -45.0000   37.5000 6601.5952   17.1775
    0.0000  -45.0000   37.5000 6886.3936   17.1496
    7.5000  -45.0000   37.5000 6628.7407   17.1304
   -7.5000  -37.5000   37.5000 7381.0347   16.8768
    0.0000  -37.5000   37.5000 7726.4502   16.8387
    7.5000  -37.5000   37.5000 7413.1704   16.8252
   -7.5000  -30.0000   37.5000 8416.8623   16.7010
    0.0000  -30.0000   37.5000 8817.3096   16.6622
    7.5000  -30.0000   37.5000 8454.6318   16.6506
   -7.5000  -22.5000   37.5000 9448.9707   16.6243
    0.0000  -22.5000   37.5000 9893.7441   16.5978
    7.5000  -22.5000   37.5000 9474.8379   16.5802
   -7.5000  -15.0000   37.500010420.2070   16.6057
    0.0000  -15.0000   37.500010924.3682   16.5914
    7.5000  -15.0000   37.500010464.2920   16.5669
   -7.5000   -7.5000   37.500011370.1514   16.5906
    0.0000   -7.5000   37.500011938.1396   16.5762
    7.5000   -7.5000   37.500011418.2959   16.5509
   -7.5000    0.0000   37.500012230.3281   16.5895
    0.0000    0.0000   37.500012858.7676   16.5645
    7.5000    0.0000   37.500012294.6318   16.5450
   -7.5000    7.5000   37.500012162.5557   16.6087
    0.0000    7.5000   37.500012735.3564   16.5718
    7.5000    7.5000   37.500012191.6299   16.5590
   -7.5000   15.0000   37.500011906.6309   16.6273
    0.0000   15.0000   37.500012441.4893   16.5887
    7.5000   15.0000   37.500011929.9023   16.5772
   -7.5000   22.5000   37.500011537.7295   16.6156
    0.0000   22.5000   37.500012042.1465   16.5891
    7.5000   22.5000   37.500011573.0605   16.5715
   -7.5000   30.0000   37.500011114.8809   16.3908
    0.0000   30.0000   37.500011571.4619   16.3767
    7.5000   30.0000   37.500011149.3799   16.3525
   -7.5000   37.5000   37.500011000.6367   16.3758
    0.0000   37.5000   37.500011449.3545   16.3617
    7.5000   37.5000   37.500011039.7031   16.3367
   -7.5000   45.0000   37.500010386.8174   15.9903
    0.0000   45.0000   37.500010832.2061   15.9663
    7.5000   45.0000   37.500010412.7617   15.9475
   -7.5000  -45.0000   45.0000 6002.8320   17.5749
    0.0000  -45.0000   45.0000 6268.7119   17.5520
    7.5000  -45.0000   45.0000 6018.9170   17.5350
   -7.5000  -37.5000   45.0000 6720.0591   17.2533
    0.0000  -37.5000   45.0000 7029.5371   17.2206
    7.5000  -37.5000   45.0000 6749.9067   17.2092
   -7.5000  -30.0000   45.0000 7657.7495   17.0743
    0.0000  -30.0000   45.0000 8019.7100   17.0412
    7.5000  -30.0000   45.0000 7697.4341   17.0312
   -7.5000  -22.5000   45.0000 8609.2598   17.0077
    0.0000  -22.5000   45.0000 9013.4141   16.9861
    7.5000  -22.5000   45.0000 8624.2617   16.9696
   -7.5000  -15.0000   45.0000 9528.7920   16.9955
    0.0000  -15.0000   45.0000 9992.4893   16.9853
    7.5000  -15.0000   45.0000 9560.8564   16.9621
   -7.5000   -7.5000   45.000010394.9707   16.9727
    0.0000   -7.5000   45.000010921.9316   16.9626
    7.5000   -7.5000   45.000010448.8008   16.9393
   -7.5000    0.0000   45.000011211.4951   16.9588
    0.0000    0.0000   45.000011777.2451   16.9384
    7.5000    0.0000   45.000011272.4590   16.9209
   -7.5000    7.5000   45.000011131.3916   16.9718
    0.0000    7.5000   45.000011654.5908   16.9401
    7.5000    7.5000   45.000011173.3428   16.9292
   -7.5000   15.0000   45.000010885.8701   16.9968
    0.0000   15.0000   45.000011384.3428   16.9640
    7.5000   15.0000   45.000010918.9307   16.9540
   -7.5000   22.5000   45.000010555.9326   16.9986
    0.0000   22.5000   45.000011026.1309   16.9771
    7.5000   22.5000   45.000010599.9434   16.9606
   -7.5000   30.0000   45.000010185.0781   16.7740
    0.0000   30.0000   45.000010611.2412   16.7640
    7.5000   30.0000   45.000010214.2363   16.7411
   -7.5000   37.5000   45.000010104.4971   16.7516
    0.0000   37.5000   45.000010518.2197   16.7416
    7.5000   37.5000   45.000010129.0850   16.7186
   -7.5000   45.0000   45.0000 9534.9238   16.3537
    0.0000   45.0000   45.0000 9956.5732   16.3340
    7.5000   45.0000   45.0000 9567.3105   16.3172

---------------------------------------------------------------------
imgreg_4dfp /opt/freesurfer/average/711-2C_as_mni_average_305 /opt/freesurfer/average/711-2B_as_mni_average_305_mask talsrcimg_g11 none talsrcimg_to_711-2C_as_mni_average_305_t4 4355
---------------------------------------------------------------------

freesurfer imgreg_4dfp.c
/opt/freesurfer/average/711-2C_as_mni_average_305.4dfp.img
       256       256       256         1
  1.000000  1.000000  1.000000
orientation T byte_order littleendian
Reading image: /opt/freesurfer/average/711-2C_as_mni_average_305.4dfp.img
dimensions:      256       256       256
mmppix:       1.0000   -1.0000   -1.0000
center:     128.0000 -129.0000 -129.0000
/opt/freesurfer/average/711-2B_as_mni_average_305_mask.4dfp.img
       256       256       256         1
  1.000000  1.000000  1.000000
orientation T byte_order littleendian
Reading mask: /opt/freesurfer/average/711-2B_as_mni_average_305_mask.4dfp.img (2306576 pixels)
talsrcimg_g11.4dfp.img
       256       256       256         1
  1.000000  1.000000  1.000000
orientation T byte_order littleendian
Reading image: talsrcimg_g11.4dfp.img
dimensions:      256       256       256
mmppix:       1.0000   -1.0000   -1.0000
center:     128.0000 -129.0000 -129.0000
rotation matrix determinant  1.000000
image alignment mode   4355 decimal     1103 hex
   -7.5000  -37.5000  -45.0000 1908.9919   18.2572
    0.0000  -37.5000  -45.0000 1928.1639   18.0881
    7.5000  -37.5000  -45.0000 1916.3541   18.1740
   -7.5000  -30.0000  -45.0000 2027.0139   16.2251
    0.0000  -30.0000  -45.0000 2047.9192   16.0718
    7.5000  -30.0000  -45.0000 2037.4052   16.1610
   -7.5000  -22.5000  -45.0000 2146.4827   14.6563
    0.0000  -22.5000  -45.0000 2169.8079   14.5348
    7.5000  -22.5000  -45.0000 2159.1470   14.5792
   -7.5000  -15.0000  -45.0000 2243.6052   13.3663
    0.0000  -15.0000  -45.0000 2267.3557   13.2560
    7.5000  -15.0000  -45.0000 2256.4751   13.3083
   -7.5000   -7.5000  -45.0000 2327.3503   12.4103
    0.0000   -7.5000  -45.0000 2349.9688   12.3149
    7.5000   -7.5000  -45.0000 2333.2566   12.3609
   -7.5000    0.0000  -45.0000 2372.8716   11.8391
    0.0000    0.0000  -45.0000 2397.5657   11.7656
    7.5000    0.0000  -45.0000 2374.4824   11.8204
   -7.5000    7.5000  -45.0000 2394.5681   11.5528
    0.0000    7.5000  -45.0000 2421.2080   11.4552
    7.5000    7.5000  -45.0000 2400.0891   11.5136
   -7.5000   15.0000  -45.0000 2396.7957   11.5242
    0.0000   15.0000  -45.0000 2424.8496   11.4086
    7.5000   15.0000  -45.0000 2404.0083   11.4697
   -7.5000   22.5000  -45.0000 2392.5986   11.6201
    0.0000   22.5000  -45.0000 2418.5059   11.5017
    7.5000   22.5000  -45.0000 2399.8928   11.5658
   -7.5000   30.0000  -45.0000 2363.0427   11.9670
    0.0000   30.0000  -45.0000 2392.2930   11.8360
    7.5000   30.0000  -45.0000 2370.3564   11.9087
   -7.5000   37.5000  -45.0000 2312.6013   12.5429
    0.0000   37.5000  -45.0000 2338.6958   12.4090
    7.5000   37.5000  -45.0000 2321.1084   12.4765
   -7.5000   45.0000  -45.0000 2242.8933   13.3696
    0.0000   45.0000  -45.0000 2264.5942   13.2115
    7.5000   45.0000  -45.0000 2249.9961   13.2813
   -7.5000   52.5000  -45.0000 2130.1379   14.3706
    0.0000   52.5000  -45.0000 2151.4536   14.1603
    7.5000   52.5000  -45.0000 2133.6538   14.2776
   -7.5000  -37.5000  -37.5000 1954.5770   17.1774
    0.0000  -37.5000  -37.5000 1976.9934   17.0400
    7.5000  -37.5000  -37.5000 1969.0087   17.1599
   -7.5000  -30.0000  -37.5000 2092.4744   15.2716
    0.0000  -30.0000  -37.5000 2114.7747   15.1571
    7.5000  -30.0000  -37.5000 2103.3816   15.2238
   -7.5000  -22.5000  -37.5000 2218.3811   13.7712
    0.0000  -22.5000  -37.5000 2243.5088   13.6776
    7.5000  -22.5000  -37.5000 2228.4509   13.7161
   -7.5000  -15.0000  -37.5000 2322.0405   12.5534
    0.0000  -15.0000  -37.5000 2344.6130   12.4604
    7.5000  -15.0000  -37.5000 2330.0154   12.5005
   -7.5000   -7.5000  -37.5000 2410.7395   11.6338
    0.0000   -7.5000  -37.5000 2433.4094   11.5626
    7.5000   -7.5000  -37.5000 2415.5222   11.5888
   -7.5000    0.0000  -37.5000 2465.6187   11.0611
    0.0000    0.0000  -37.5000 2490.0413   10.9844
    7.5000    0.0000  -37.5000 2468.7510   11.0233
   -7.5000    7.5000  -37.5000 2498.1599   10.7606
    0.0000    7.5000  -37.5000 2520.2585   10.6767
    7.5000    7.5000  -37.5000 2502.1118   10.7282
   -7.5000   15.0000  -37.5000 2502.4807   10.7078
    0.0000   15.0000  -37.5000 2528.4971   10.6175
    7.5000   15.0000  -37.5000 2509.1973   10.6667
   -7.5000   22.5000  -37.5000 2495.1162   10.8317
    0.0000   22.5000  -37.5000 2520.4780   10.7413
    7.5000   22.5000  -37.5000 2498.5754   10.7975
   -7.5000   30.0000  -37.5000 2462.8892   11.1298
    0.0000   30.0000  -37.5000 2487.9666   11.0452
    7.5000   30.0000  -37.5000 2470.2107   11.1077
   -7.5000   37.5000  -37.5000 2411.7068   11.6286
    0.0000   37.5000  -37.5000 2435.9824   11.5276
    7.5000   37.5000  -37.5000 2416.3853   11.5887
   -7.5000   45.0000  -37.5000 2331.9905   12.3654
    0.0000   45.0000  -37.5000 2357.2302   12.2345
    7.5000   45.0000  -37.5000 2339.6162   12.2944
   -7.5000   52.5000  -37.5000 2215.3916   13.2697
    0.0000   52.5000  -37.5000 2237.9519   13.1038
    7.5000   52.5000  -37.5000 2219.4502   13.1922
   -7.5000  -37.5000  -30.0000 2041.2545   16.8704
    0.0000  -37.5000  -30.0000 2060.7161   16.7049
    7.5000  -37.5000  -30.0000 2053.7212   16.8278
   -7.5000  -30.0000  -30.0000 2192.2295   14.9629
    0.0000  -30.0000  -30.0000 2211.3586   14.8465
    7.5000  -30.0000  -30.0000 2198.0391   14.9171
   -7.5000  -22.5000  -30.0000 2321.5630   13.4542
    0.0000  -22.5000  -30.0000 2344.7817   13.3545
    7.5000  -22.5000  -30.0000 2330.1179   13.4226
   -7.5000  -15.0000  -30.0000 2432.0071   12.2392
    0.0000  -15.0000  -30.0000 2454.8406   12.1405
    7.5000  -15.0000  -30.0000 2438.7910   12.2110
   -7.5000   -7.5000  -30.0000 2528.9722   11.3236
    0.0000   -7.5000  -30.0000 2551.8613   11.2395
    7.5000   -7.5000  -30.0000 2533.7495   11.2737
   -7.5000    0.0000  -30.0000 2602.3889   10.7155
    0.0000    0.0000  -30.0000 2629.0903   10.6292
    7.5000    0.0000  -30.0000 2609.0183   10.6608
   -7.5000    7.5000  -30.0000 2639.7490   10.3968
    0.0000    7.5000  -30.0000 2663.8186   10.3201
    7.5000    7.5000  -30.0000 2645.4543   10.3449
   -7.5000   15.0000  -30.0000 2655.7991   10.2921
    0.0000   15.0000  -30.0000 2679.6389   10.2307
    7.5000   15.0000  -30.0000 2657.3074   10.2659
   -7.5000   22.5000  -30.0000 2646.0500   10.4314
    0.0000   22.5000  -30.0000 2674.1392   10.3745
    7.5000   22.5000  -30.0000 2647.3950   10.4253
   -7.5000   30.0000  -30.0000 2610.9258   10.7498
    0.0000   30.0000  -30.0000 2638.6116   10.6930
    7.5000   30.0000  -30.0000 2616.0032   10.7277
   -7.5000   37.5000  -30.0000 2553.2471   11.2239
    0.0000   37.5000  -30.0000 2581.7322   11.1259
    7.5000   37.5000  -30.0000 2558.7930   11.1751
   -7.5000   45.0000  -30.0000 2468.0359   11.9173
    0.0000   45.0000  -30.0000 2498.5063   11.7851
    7.5000   45.0000  -30.0000 2476.7979   11.8269
   -7.5000   52.5000  -30.0000 2343.4602   12.7413
    0.0000   52.5000  -30.0000 2368.9585   12.6004
    7.5000   52.5000  -30.0000 2348.9478   12.6767
   -7.5000  -37.5000  -22.5000 2095.9639   16.5237
    0.0000  -37.5000  -22.5000 2118.4226   16.3735
    7.5000  -37.5000  -22.5000 2104.5098   16.4986
   -7.5000  -30.0000  -22.5000 2248.8396   14.6197
    0.0000  -30.0000  -22.5000 2269.7148   14.4631
    7.5000  -30.0000  -22.5000 2254.8589   14.5751
   -7.5000  -22.5000  -22.5000 2385.5916   13.0904
    0.0000  -22.5000  -22.5000 2409.1636   12.9591
    7.5000  -22.5000  -22.5000 2392.6570   13.0436
   -7.5000  -15.0000  -22.5000 2505.9231   11.8901
    0.0000  -15.0000  -22.5000 2532.1616   11.7721
    7.5000  -15.0000  -22.5000 2511.7959   11.8389
   -7.5000   -7.5000  -22.5000 2610.1389   10.9692
    0.0000   -7.5000  -22.5000 2640.7878   10.8528
    7.5000   -7.5000  -22.5000 2618.4587   10.9120
   -7.5000    0.0000  -22.5000 2696.0073   10.3204
    0.0000    0.0000  -22.5000 2727.0000   10.2288
    7.5000    0.0000  -22.5000 2704.6497   10.2859
   -7.5000    7.5000  -22.5000 2743.9231    9.9832
    0.0000    7.5000  -22.5000 2775.9026    9.8976
    7.5000    7.5000  -22.5000 2753.4106    9.9289
   -7.5000   15.0000  -22.5000 2770.3140    9.8590
    0.0000   15.0000  -22.5000 2800.2349    9.7788
    7.5000   15.0000  -22.5000 2772.6531    9.8282
   -7.5000   22.5000  -22.5000 2768.5459    9.9779
    0.0000   22.5000  -22.5000 2802.3335    9.9007
    7.5000   22.5000  -22.5000 2769.7615    9.9532
   -7.5000   30.0000  -22.5000 2729.1638   10.2869
    0.0000   30.0000  -22.5000 2765.1006   10.2234
    7.5000   30.0000  -22.5000 2736.6716   10.2555
   -7.5000   37.5000  -22.5000 2665.4978   10.7567
    0.0000   37.5000  -22.5000 2699.0500   10.6629
    7.5000   37.5000  -22.5000 2673.5437   10.7004
   -7.5000   45.0000  -22.5000 2576.9561   11.4064
    0.0000   45.0000  -22.5000 2604.6038   11.2881
    7.5000   45.0000  -22.5000 2583.0688   11.3292
   -7.5000   52.5000  -22.5000 2441.7852   12.2082
    0.0000   52.5000  -22.5000 2468.3718   12.0752
    7.5000   52.5000  -22.5000 2447.9568   12.1448
   -7.5000  -37.5000  -15.0000 2115.6362   16.2742
    0.0000  -37.5000  -15.0000 2136.6575   16.1129
    7.5000  -37.5000  -15.0000 2124.0129   16.2653
   -7.5000  -30.0000  -15.0000 2269.5647   14.3417
    0.0000  -30.0000  -15.0000 2293.1870   14.1547
    7.5000  -30.0000  -15.0000 2274.1660   14.2876
   -7.5000  -22.5000  -15.0000 2412.9785   12.8083
    0.0000  -22.5000  -15.0000 2438.7507   12.6441
    7.5000  -22.5000  -15.0000 2416.8821   12.7367
   -7.5000  -15.0000  -15.0000 2541.7153   11.6142
    0.0000  -15.0000  -15.0000 2572.4841   11.4687
    7.5000  -15.0000  -15.0000 2550.3225   11.5247
   -7.5000   -7.5000  -15.0000 2650.6265   10.6832
    0.0000   -7.5000  -15.0000 2685.0134   10.5437
    7.5000   -7.5000  -15.0000 2665.7551   10.6008
   -7.5000    0.0000  -15.0000 2743.9004   10.0273
    0.0000    0.0000  -15.0000 2783.1704    9.8969
    7.5000    0.0000  -15.0000 2760.9209    9.9646
   -7.5000    7.5000  -15.0000 2807.6924    9.6351
    0.0000    7.5000  -15.0000 2849.7253    9.5151
    7.5000    7.5000  -15.0000 2821.2351    9.5841
   -7.5000   15.0000  -15.0000 2842.3457    9.4800
    0.0000   15.0000  -15.0000 2882.5076    9.3418
    7.5000   15.0000  -15.0000 2853.2063    9.4394
   -7.5000   22.5000  -15.0000 2849.7209    9.5598
    0.0000   22.5000  -15.0000 2890.0925    9.4381
    7.5000   22.5000  -15.0000 2858.4966    9.5300
   -7.5000   30.0000  -15.0000 2811.9622    9.8684
    0.0000   30.0000  -15.0000 2851.8381    9.7549
    7.5000   30.0000  -15.0000 2822.7520    9.8172
   -7.5000   37.5000  -15.0000 2743.2744   10.3455
    0.0000   37.5000  -15.0000 2780.4480   10.2330
    7.5000   37.5000  -15.0000 2753.0413   10.2716
   -7.5000   45.0000  -15.0000 2646.5295   10.9633
    0.0000   45.0000  -15.0000 2681.0156   10.8261
    7.5000   45.0000  -15.0000 2654.6084   10.8922
   -7.5000   52.5000  -15.0000 2504.6521   11.7547
    0.0000   52.5000  -15.0000 2532.9248   11.5995
    7.5000   52.5000  -15.0000 2510.0837   11.6912
   -7.5000  -37.5000   -7.5000 2120.1750   16.1426
    0.0000  -37.5000   -7.5000 2139.2961   15.8779
    7.5000  -37.5000   -7.5000 2127.3757   16.0847
   -7.5000  -30.0000   -7.5000 2266.7483   14.1968
    0.0000  -30.0000   -7.5000 2290.8950   13.9702
    7.5000  -30.0000   -7.5000 2276.0852   14.1138
   -7.5000  -22.5000   -7.5000 2417.0398   12.6458
    0.0000  -22.5000   -7.5000 2440.6692   12.4440
    7.5000  -22.5000   -7.5000 2424.0559   12.5686
   -7.5000  -15.0000   -7.5000 2548.2019   11.4231
    0.0000  -15.0000   -7.5000 2579.7085   11.2516
    7.5000  -15.0000   -7.5000 2561.8384   11.3462
   -7.5000   -7.5000   -7.5000 2661.8906   10.4751
    0.0000   -7.5000   -7.5000 2695.6218   10.3110
    7.5000   -7.5000   -7.5000 2678.6440   10.4075
   -7.5000    0.0000   -7.5000 2762.6018    9.8081
    0.0000    0.0000   -7.5000 2803.7524    9.6498
    7.5000    0.0000   -7.5000 2787.3240    9.7382
   -7.5000    7.5000   -7.5000 2844.9985    9.3983
    0.0000    7.5000   -7.5000 2892.6030    9.2344
    7.5000    7.5000   -7.5000 2868.1003    9.3287
   -7.5000   15.0000   -7.5000 2897.0649    9.2245
    0.0000   15.0000   -7.5000 2946.9534    9.0209
    7.5000   15.0000   -7.5000 2911.0366    9.1751
   -7.5000   22.5000   -7.5000 2907.9878    9.2765
    0.0000   22.5000   -7.5000 2949.7859    9.0851
    7.5000   22.5000   -7.5000 2913.7825    9.2444
   -7.5000   30.0000   -7.5000 2866.8135    9.5642
    0.0000   30.0000   -7.5000 2905.4866    9.4183
    7.5000   30.0000   -7.5000 2871.9026    9.5121
   -7.5000   37.5000   -7.5000 2790.9167   10.0076
    0.0000   37.5000   -7.5000 2830.5120    9.8690
    7.5000   37.5000   -7.5000 2798.0178    9.9405
   -7.5000   45.0000   -7.5000 2690.0547   10.6119
    0.0000   45.0000   -7.5000 2728.0583   10.4728
    7.5000   45.0000   -7.5000 2698.2598   10.5508
   -7.5000   52.5000   -7.5000 2541.7090   11.4380
    0.0000   52.5000   -7.5000 2571.5884   11.2722
    7.5000   52.5000   -7.5000 2545.3862   11.3499
   -7.5000  -37.5000    0.0000 2115.8096   16.2491
    0.0000  -37.5000    0.0000 2134.4849   16.0111
    7.5000  -37.5000    0.0000 2122.5461   16.2032
   -7.5000  -30.0000    0.0000 2258.5999   14.2289
    0.0000  -30.0000    0.0000 2281.6116   14.0181
    7.5000  -30.0000    0.0000 2264.9458   14.1837
   -7.5000  -22.5000    0.0000 2402.2896   12.6430
    0.0000  -22.5000    0.0000 2429.3091   12.4264
    7.5000  -22.5000    0.0000 2411.2539   12.5785
   -7.5000  -15.0000    0.0000 2530.2695   11.3815
    0.0000  -15.0000    0.0000 2558.9121   11.1703
    7.5000  -15.0000    0.0000 2545.2795   11.3145
   -7.5000   -7.5000    0.0000 2650.9792   10.4028
    0.0000   -7.5000    0.0000 2680.6055   10.1951
    7.5000   -7.5000    0.0000 2669.7329   10.3487
   -7.5000    0.0000    0.0000 2758.9016    9.7071
    0.0000    0.0000    0.0000 2796.4971    9.5094
    7.5000    0.0000    0.0000 2781.9443    9.6589
   -7.5000    7.5000    0.0000 2852.7761    9.3144
    0.0000    7.5000    0.0000 2901.2891    9.1333
    7.5000    7.5000    0.0000 2875.9553    9.2405
   -7.5000   15.0000    0.0000 2913.0483    9.1716
    0.0000   15.0000    0.0000 2967.3862    8.9865
    7.5000   15.0000    0.0000 2928.5398    9.0899
   -7.5000   22.5000    0.0000 2931.1748    9.1958
    0.0000   22.5000    0.0000 2981.8157    9.0237
    7.5000   22.5000    0.0000 2941.2913    9.1467
   -7.5000   30.0000    0.0000 2895.2246    9.3865
    0.0000   30.0000    0.0000 2938.0935    9.2275
    7.5000   30.0000    0.0000 2898.2954    9.3486
   -7.5000   37.5000    0.0000 2814.6794    9.7887
    0.0000   37.5000    0.0000 2856.7729    9.6274
    7.5000   37.5000    0.0000 2821.1238    9.7306
   -7.5000   45.0000    0.0000 2705.5527   10.4358
    0.0000   45.0000    0.0000 2741.4561   10.2930
    7.5000   45.0000    0.0000 2712.6597   10.3676
   -7.5000   52.5000    0.0000 2554.1963   11.2569
    0.0000   52.5000    0.0000 2582.8755   11.1312
    7.5000   52.5000    0.0000 2557.9744   11.1828
   -7.5000  -37.5000    7.5000 2107.1250   16.4888
    0.0000  -37.5000    7.5000 2126.7156   16.2603
    7.5000  -37.5000    7.5000 2111.2363   16.5058
   -7.5000  -30.0000    7.5000 2242.8921   14.4461
    0.0000  -30.0000    7.5000 2268.2136   14.2003
    7.5000  -30.0000    7.5000 2248.8950   14.4034
   -7.5000  -22.5000    7.5000 2376.6560   12.8325
    0.0000  -22.5000    7.5000 2406.7915   12.5783
    7.5000  -22.5000    7.5000 2390.0320   12.7658
   -7.5000  -15.0000    7.5000 2498.4453   11.5298
    0.0000  -15.0000    7.5000 2526.8362   11.2823
    7.5000  -15.0000    7.5000 2513.3918   11.4671
   -7.5000   -7.5000    7.5000 2622.3855   10.5170
    0.0000   -7.5000    7.5000 2652.7700   10.3092
    7.5000   -7.5000    7.5000 2634.2437   10.4689
   -7.5000    0.0000    7.5000 2736.4971    9.8020
    0.0000    0.0000    7.5000 2770.1267    9.6114
    7.5000    0.0000    7.5000 2749.8877    9.7556
   -7.5000    7.5000    7.5000 2834.2883    9.3837
    0.0000    7.5000    7.5000 2886.6497    9.2210
    7.5000    7.5000    7.5000 2856.1553    9.3314
   -7.5000   15.0000    7.5000 2902.6882    9.2056
    0.0000   15.0000    7.5000 2960.4277    9.0538
    7.5000   15.0000    7.5000 2916.0215    9.1491
   -7.5000   22.5000    7.5000 2926.8162    9.1984
    0.0000   22.5000    7.5000 2979.9385    9.0647
    7.5000   22.5000    7.5000 2935.8865    9.1548
   -7.5000   30.0000    7.5000 2889.7065    9.3835
    0.0000   30.0000    7.5000 2932.7129    9.2686
    7.5000   30.0000    7.5000 2896.1343    9.3336
   -7.5000   37.5000    7.5000 2809.6033    9.8082
    0.0000   37.5000    7.5000 2846.5093    9.6802
    7.5000   37.5000    7.5000 2814.0732    9.7489
   -7.5000   45.0000    7.5000 2695.0691   10.4845
    0.0000   45.0000    7.5000 2724.0598   10.3475
    7.5000   45.0000    7.5000 2700.1423   10.4115
   -7.5000   52.5000    7.5000 2541.0835   11.3039
    0.0000   52.5000    7.5000 2568.6304   11.1535
    7.5000   52.5000    7.5000 2548.0757   11.2191
   -7.5000  -37.5000   15.0000 2082.1353   16.9405
    0.0000  -37.5000   15.0000 2108.7070   16.6980
    7.5000  -37.5000   15.0000 2088.2388   16.9491
   -7.5000  -30.0000   15.0000 2213.7756   14.8343
    0.0000  -30.0000   15.0000 2242.4341   14.5852
    7.5000  -30.0000   15.0000 2222.5554   14.7839
   -7.5000  -22.5000   15.0000 2343.1643   13.1631
    0.0000  -22.5000   15.0000 2373.6125   12.9193
    7.5000  -22.5000   15.0000 2356.9158   13.1119
   -7.5000  -15.0000   15.0000 2461.4617   11.8259
    0.0000  -15.0000   15.0000 2491.8872   11.6196
    7.5000  -15.0000   15.0000 2471.5413   11.7856
   -7.5000   -7.5000   15.0000 2581.8005   10.8114
    0.0000   -7.5000   15.0000 2613.4021   10.6117
    7.5000   -7.5000   15.0000 2591.9050   10.7681
   -7.5000    0.0000   15.0000 2693.3684   10.1026
    0.0000    0.0000   15.0000 2729.7913    9.8917
    7.5000    0.0000   15.0000 2705.9941   10.0370
   -7.5000    7.5000   15.0000 2795.0986    9.6702
    0.0000    7.5000   15.0000 2842.7236    9.4642
    7.5000    7.5000   15.0000 2811.4048    9.6014
   -7.5000   15.0000   15.0000 2866.7664    9.4322
    0.0000   15.0000   15.0000 2916.6145    9.2368
    7.5000   15.0000   15.0000 2877.0286    9.3803
   -7.5000   22.5000   15.0000 2890.5994    9.4114
    0.0000   22.5000   15.0000 2937.4375    9.2277
    7.5000   22.5000   15.0000 2897.9985    9.3614
   -7.5000   30.0000   15.0000 2852.3677    9.6118
    0.0000   30.0000   15.0000 2893.9258    9.4774
    7.5000   30.0000   15.0000 2860.5342    9.5525
   -7.5000   37.5000   15.0000 2766.8010   10.0650
    0.0000   37.5000   15.0000 2804.7109    9.9317
    7.5000   37.5000   15.0000 2777.3911    9.9874
   -7.5000   45.0000   15.0000 2658.8225   10.7193
    0.0000   45.0000   15.0000 2688.8562   10.5729
    7.5000   45.0000   15.0000 2666.7808   10.6217
   -7.5000   52.5000   15.0000 2508.7351   11.5498
    0.0000   52.5000   15.0000 2527.3716   11.3915
    7.5000   52.5000   15.0000 2511.3120   11.4395
   -7.5000  -37.5000   22.5000 2048.1167   17.6419
    0.0000  -37.5000   22.5000 2070.6731   17.3296
    7.5000  -37.5000   22.5000 2052.0681   17.5776
   -7.5000  -30.0000   22.5000 2178.9651   15.3989
    0.0000  -30.0000   22.5000 2203.0710   15.1662
    7.5000  -30.0000   22.5000 2184.6960   15.3586
   -7.5000  -22.5000   22.5000 2301.2339   13.6538
    0.0000  -22.5000   22.5000 2329.5706   13.4233
    7.5000  -22.5000   22.5000 2314.1580   13.6199
   -7.5000  -15.0000   22.5000 2416.0718   12.2750
    0.0000  -15.0000   22.5000 2447.9377   12.0694
    7.5000  -15.0000   22.5000 2427.5955   12.2439
   -7.5000   -7.5000   22.5000 2534.2241   11.2487
    0.0000   -7.5000   22.5000 2565.6846   11.0328
    7.5000   -7.5000   22.5000 2545.9756   11.1893
   -7.5000    0.0000   22.5000 2645.3633   10.5377
    0.0000    0.0000   22.5000 2679.1157   10.3007
    7.5000    0.0000   22.5000 2657.6467   10.4611
   -7.5000    7.5000   22.5000 2743.1479   10.0781
    0.0000    7.5000   22.5000 2780.4438    9.8684
    7.5000    7.5000   22.5000 2756.8789    9.9841
   -7.5000   15.0000   22.5000 2806.6782    9.8176
    0.0000   15.0000   22.5000 2845.5227    9.5945
    7.5000   15.0000   22.5000 2815.5791    9.7323
   -7.5000   22.5000   22.5000 2825.5608    9.7903
    0.0000   22.5000   22.5000 2859.2866    9.6038
    7.5000   22.5000   22.5000 2832.2354    9.7079
   -7.5000   30.0000   22.5000 2786.6555   10.0241
    0.0000   30.0000   22.5000 2819.6301    9.8657
    7.5000   30.0000   22.5000 2800.5288    9.9459
   -7.5000   37.5000   22.5000 2707.1689   10.4696
    0.0000   37.5000   22.5000 2739.8777   10.3287
    7.5000   37.5000   22.5000 2716.5037   10.3982
   -7.5000   45.0000   22.5000 2606.5100   11.1120
    0.0000   45.0000   22.5000 2637.5735   10.9568
    7.5000   45.0000   22.5000 2613.3284   11.0093
   -7.5000   52.5000   22.5000 2459.7434   11.9133
    0.0000   52.5000   22.5000 2486.7495   11.7376
    7.5000   52.5000   22.5000 2465.2981   11.7954
   -7.5000  -37.5000   30.0000 1989.5981   18.5450
    0.0000  -37.5000   30.0000 2003.6699   18.2404
    7.5000  -37.5000   30.0000 1997.6737   18.4726
   -7.5000  -30.0000   30.0000 2122.6028   16.1654
    0.0000  -30.0000   30.0000 2140.7275   15.9090
    7.5000  -30.0000   30.0000 2129.7764   16.1286
   -7.5000  -22.5000   30.0000 2245.0762   14.3106
    0.0000  -22.5000   30.0000 2269.3806   14.0815
    7.5000  -22.5000   30.0000 2253.9419   14.2711
   -7.5000  -15.0000   30.0000 2362.7053   12.8775
    0.0000  -15.0000   30.0000 2392.8748   12.6600
    7.5000  -15.0000   30.0000 2373.8252   12.8345
   -7.5000   -7.5000   30.0000 2477.0911   11.8092
    0.0000   -7.5000   30.0000 2509.5002   11.5820
    7.5000   -7.5000   30.0000 2488.6465   11.7520
   -7.5000    0.0000   30.0000 2583.6006   11.0854
    0.0000    0.0000   30.0000 2621.8499   10.8718
    7.5000    0.0000   30.0000 2596.5493   11.0025
   -7.5000    7.5000   30.0000 2673.7429   10.6112
    0.0000    7.5000   30.0000 2711.4419   10.3994
    7.5000    7.5000   30.0000 2683.8652   10.5234
   -7.5000   15.0000   30.0000 2726.4429   10.3499
    0.0000   15.0000   30.0000 2760.9749   10.1288
    7.5000   15.0000   30.0000 2734.5342   10.2476
   -7.5000   22.5000   30.0000 2734.0100   10.3097
    0.0000   22.5000   30.0000 2761.5542   10.1277
    7.5000   22.5000   30.0000 2739.1382   10.2252
   -7.5000   30.0000   30.0000 2696.1934   10.5497
    0.0000   30.0000   30.0000 2725.6477   10.3954
    7.5000   30.0000   30.0000 2711.4565   10.4490
   -7.5000   37.5000   30.0000 2623.6309   10.9873
    0.0000   37.5000   30.0000 2655.7349   10.8288
    7.5000   37.5000   30.0000 2637.3989   10.8840
   -7.5000   45.0000   30.0000 2535.0632   11.6419
    0.0000   45.0000   30.0000 2563.3438   11.4636
    7.5000   45.0000   30.0000 2539.6323   11.5267
   -7.5000   52.5000   30.0000 2402.4961   12.4318
    0.0000   52.5000   30.0000 2427.3149   12.2355
    7.5000   52.5000   30.0000 2404.0820   12.3158
   -7.5000  -37.5000   37.5000 1921.8146   19.7227
    0.0000  -37.5000   37.5000 1933.2990   19.4444
    7.5000  -37.5000   37.5000 1930.4264   19.7033
   -7.5000  -30.0000   37.5000 2056.5581   17.1517
    0.0000  -30.0000   37.5000 2073.9629   16.8945
    7.5000  -30.0000   37.5000 2064.5767   17.1369
   -7.5000  -22.5000   37.5000 2183.1250   15.1853
    0.0000  -22.5000   37.5000 2204.1235   14.9510
    7.5000  -22.5000   37.5000 2187.2659   15.1264
   -7.5000  -15.0000   37.5000 2299.6484   13.6764
    0.0000  -15.0000   37.5000 2328.4666   13.4563
    7.5000  -15.0000   37.5000 2309.6509   13.6188
   -7.5000   -7.5000   37.5000 2414.3311   12.5735
    0.0000   -7.5000   37.5000 2447.5005   12.3654
    7.5000   -7.5000   37.5000 2422.4285   12.5047
   -7.5000    0.0000   37.5000 2510.7717   11.8086
    0.0000    0.0000   37.5000 2549.2817   11.6137
    7.5000    0.0000   37.5000 2521.9253   11.7366
   -7.5000    7.5000   37.5000 2593.5322   11.3042
    0.0000    7.5000   37.5000 2632.5024   11.1071
    7.5000    7.5000   37.5000 2600.4724   11.2321
   -7.5000   15.0000   37.5000 2636.5996   11.0475
    0.0000   15.0000   37.5000 2668.5776   10.8666
    7.5000   15.0000   37.5000 2641.1912   10.9720
   -7.5000   22.5000   37.5000 2635.9807   10.9995
    0.0000   22.5000   37.5000 2662.8760   10.8356
    7.5000   22.5000   37.5000 2643.9878   10.9176
   -7.5000   30.0000   37.5000 2598.0549   11.2225
    0.0000   30.0000   37.5000 2622.5962   11.0573
    7.5000   30.0000   37.5000 2609.8369   11.1201
   -7.5000   37.5000   37.5000 2532.3335   11.6427
    0.0000   37.5000   37.5000 2556.5537   11.4883
    7.5000   37.5000   37.5000 2547.7969   11.5490
   -7.5000   45.0000   37.5000 2452.4915   12.2849
    0.0000   45.0000   37.5000 2475.5671   12.0952
    7.5000   45.0000   37.5000 2459.5212   12.1548
   -7.5000   52.5000   37.5000 2336.4414   13.0416
    0.0000   52.5000   37.5000 2361.0728   12.8469
    7.5000   52.5000   37.5000 2340.8643   12.9320
   -7.5000  -37.5000   45.0000 1851.5609   21.1835
    0.0000  -37.5000   45.0000 1863.1615   20.9116
    7.5000  -37.5000   45.0000 1856.0116   21.2094
   -7.5000  -30.0000   45.0000 1988.4587   18.3936
    0.0000  -30.0000   45.0000 2004.4216   18.1637
    7.5000  -30.0000   45.0000 1994.0759   18.4049
   -7.5000  -22.5000   45.0000 2112.1616   16.3180
    0.0000  -22.5000   45.0000 2134.0781   16.0788
    7.5000  -22.5000   45.0000 2114.2019   16.2751
   -7.5000  -15.0000   45.0000 2228.7036   14.7392
    0.0000  -15.0000   45.0000 2255.3193   14.5454
    7.5000  -15.0000   45.0000 2233.8713   14.6849
   -7.5000   -7.5000   45.0000 2337.0532   13.5612
    0.0000   -7.5000   45.0000 2366.1880   13.3826
    7.5000   -7.5000   45.0000 2343.9292   13.5115
   -7.5000    0.0000   45.0000 2429.2292   12.7464
    0.0000    0.0000   45.0000 2464.4116   12.5689
    7.5000    0.0000   45.0000 2441.3767   12.6824
   -7.5000    7.5000   45.0000 2500.5420   12.2079
    0.0000    7.5000   45.0000 2531.5603   12.0312
    7.5000    7.5000   45.0000 2508.9705   12.1530
   -7.5000   15.0000   45.0000 2532.8499   11.9274
    0.0000   15.0000   45.0000 2557.8584   11.7724
    7.5000   15.0000   45.0000 2540.5471   11.8702
   -7.5000   22.5000   45.0000 2532.1694   11.8706
    0.0000   22.5000   45.0000 2555.5906   11.7200
    7.5000   22.5000   45.0000 2542.8816   11.8094
   -7.5000   30.0000   45.0000 2500.9119   12.0758
    0.0000   30.0000   45.0000 2519.4670   11.9355
    7.5000   30.0000   45.0000 2509.2256   12.0021
   -7.5000   37.5000   45.0000 2443.8687   12.5017
    0.0000   37.5000   45.0000 2460.3086   12.3601
    7.5000   37.5000   45.0000 2451.0461   12.4146
   -7.5000   45.0000   45.0000 2364.1597   13.1022
    0.0000   45.0000   45.0000 2387.1970   12.9496
    7.5000   45.0000   45.0000 2373.9016   12.9955
   -7.5000   52.5000   45.0000 2257.5525   13.8416
    0.0000   52.5000   45.0000 2282.1567   13.6482
    7.5000   52.5000   45.0000 2262.1780   13.7285

---------------------------------------------------------------------
imgreg_4dfp /opt/freesurfer/average/711-2C_as_mni_average_305 /opt/freesurfer/average/711-2B_as_mni_average_305_mask talsrcimg_g11 none talsrcimg_to_711-2C_as_mni_average_305_t4 1283
---------------------------------------------------------------------

freesurfer imgreg_4dfp.c
/opt/freesurfer/average/711-2C_as_mni_average_305.4dfp.img
       256       256       256         1
  1.000000  1.000000  1.000000
orientation T byte_order littleendian
Reading image: /opt/freesurfer/average/711-2C_as_mni_average_305.4dfp.img
dimensions:      256       256       256
mmppix:       1.0000   -1.0000   -1.0000
center:     128.0000 -129.0000 -129.0000
/opt/freesurfer/average/711-2B_as_mni_average_305_mask.4dfp.img
       256       256       256         1
  1.000000  1.000000  1.000000
orientation T byte_order littleendian
Reading mask: /opt/freesurfer/average/711-2B_as_mni_average_305_mask.4dfp.img (2306576 pixels)
talsrcimg_g11.4dfp.img
       256       256       256         1
  1.000000  1.000000  1.000000
orientation T byte_order littleendian
Reading image: talsrcimg_g11.4dfp.img
dimensions:      256       256       256
mmppix:       1.0000   -1.0000   -1.0000
center:     128.0000 -129.0000 -129.0000
rotation matrix determinant  1.000000
fimgreg.f
image alignment mode   1283 decimal      503 hex
parameters
    0.0000   22.5000    0.0000    0.0000    0.0000    0.0000
eta,q 0.93694  8.98508
niter,ni,del,rscale     5    3   12.0000    1.2000
parameter  3 -0.587924 -> -0.500000 qaram    1.1500
parameter  4  2.127742 ->  0.500000 qaram    1.1500
parameter  6  0.566228 ->  0.500000 qaram    1.1500
parameters
    0.4403   19.8763    3.4500   -3.4500    0.0752   -3.4500
eta,q 0.94508  8.94982
  0.0770  0.0645  0.0699  0.0531  0.0621  0.0557
  0.0708  0.0614  0.0650  0.0552  0.0591  0.0549
  0.0662  0.0608  0.0619  0.0581  0.0568  0.0551
  0.0634  0.0630  0.0608  0.0597  0.0560  0.0560
  0.0643  0.0667  0.0604  0.0613  0.0569  0.0581
  0.0687  0.0712  0.0598  0.0652  0.0586  0.0607
  0.0737  0.0767  0.0595  0.0699  0.0619  0.0638
niter,ni,del,rscale     7    3   12.0000    1.2000
parameter  4  1.166315 ->  0.500000 qaram    1.3225
parameters
    0.1980   21.5257    2.9313   -7.4175    0.6276   -2.7016
eta,q 0.95044  8.92371
  0.0673  0.0713  0.0606  0.0510  0.0576  0.0575
  0.0607  0.0627  0.0572  0.0499  0.0540  0.0539
  0.0558  0.0569  0.0559  0.0513  0.0515  0.0512
  0.0549  0.0548  0.0554  0.0555  0.0499  0.0497
  0.0574  0.0557  0.0558  0.0584  0.0498  0.0499
  0.0626  0.0570  0.0586  0.0609  0.0522  0.0519
  0.0688  0.0586  0.0627  0.0656  0.0556  0.0549
niter,ni,del,rscale     7    3   12.0000    1.2000
parameters
   -0.2028   22.9475    2.3408   -9.9874    1.3506   -3.0416
eta,q 0.95183  8.91873
  0.0619  0.0658  0.0566  0.0534  0.0570  0.0552
  0.0554  0.0586  0.0531  0.0494  0.0529  0.0516
  0.0504  0.0527  0.0502  0.0484  0.0499  0.0489
  0.0496  0.0493  0.0487  0.0488  0.0484  0.0482
  0.0527  0.0489  0.0504  0.0532  0.0485  0.0497
  0.0584  0.0515  0.0545  0.0590  0.0505  0.0528
  0.0647  0.0554  0.0607  0.0624  0.0538  0.0563
niter,ni,del,rscale     6    3   12.0000    1.2000
parameters
   -0.4508   24.2260    1.4277  -12.3599    1.4037   -3.1068
eta,q 0.95289  8.97316
  0.0630  0.0628  0.0541  0.0509  0.0554  0.0547
  0.0555  0.0557  0.0508  0.0485  0.0501  0.0515
  0.0497  0.0508  0.0488  0.0470  0.0472  0.0487
  0.0482  0.0481  0.0477  0.0480  0.0471  0.0471
  0.0515  0.0480  0.0487  0.0500  0.0484  0.0482
  0.0580  0.0506  0.0532  0.0547  0.0506  0.0515
  0.0647  0.0538  0.0605  0.0603  0.0543  0.0553
niter,ni,del,rscale     5    3   12.0000    1.2000
parameters
   -0.3903   25.6554    0.6472  -14.6738    1.0376   -2.9700
eta,q 0.95570  9.01818
  0.0644  0.0603  0.0538  0.0502  0.0517  0.0528
  0.0564  0.0549  0.0491  0.0468  0.0469  0.0498
  0.0499  0.0498  0.0472  0.0443  0.0446  0.0468
  0.0471  0.0471  0.0472  0.0470  0.0445  0.0444
  0.0492  0.0475  0.0483  0.0496  0.0459  0.0448
  0.0560  0.0490  0.0516  0.0532  0.0486  0.0484
  0.0639  0.0521  0.0580  0.0578  0.0532  0.0534
niter,ni,del,rscale     4    3   12.0000    1.2000
parameters
   -0.1694   26.5550    0.0511  -15.3969    0.9016   -2.7872
eta,q 0.95684  9.00675
  0.0632  0.0593  0.0538  0.0531  0.0510  0.0521
  0.0549  0.0543  0.0473  0.0492  0.0464  0.0486
  0.0474  0.0480  0.0442  0.0441  0.0438  0.0454
  0.0443  0.0443  0.0442  0.0440  0.0432  0.0432
  0.0464  0.0451  0.0466  0.0479  0.0444  0.0437
  0.0529  0.0485  0.0508  0.0516  0.0470  0.0472
  0.0609  0.0534  0.0566  0.0559  0.0515  0.0522
niter,ni,del,rscale     3    3   12.0000    1.2000
parameters
   -0.1308   26.7388   -0.0882  -15.6233    0.8696   -2.7254
eta,q 0.95699  9.00599
  0.0611  0.0576  0.0556  0.0542  0.0510  0.0517
  0.0528  0.0520  0.0483  0.0502  0.0465  0.0483
  0.0457  0.0454  0.0440  0.0451  0.0438  0.0450
  0.0432  0.0432  0.0433  0.0432  0.0430  0.0430
  0.0460  0.0458  0.0456  0.0469  0.0440  0.0438
  0.0527  0.0503  0.0499  0.0509  0.0467  0.0473
  0.0604  0.0560  0.0555  0.0549  0.0511  0.0523
niter,ni,del,rscale     2    3   12.0000    1.2000
parameters
   -0.1125   26.7921   -0.1425  -15.7042    0.8526   -2.7065
eta,q 0.95704  9.00595
  0.0609  0.0572  0.0560  0.0545  0.0510  0.0516
  0.0525  0.0515  0.0486  0.0505  0.0465  0.0481
  0.0454  0.0450  0.0440  0.0455  0.0438  0.0449
  0.0430  0.0430  0.0430  0.0430  0.0430  0.0430
  0.0460  0.0461  0.0454  0.0465  0.0440  0.0438
  0.0527  0.0507  0.0497  0.0507  0.0466  0.0473
  0.0603  0.0566  0.0554  0.0547  0.0510  0.0523
niter,ni,del,rscale     1    3   12.0000    1.2000
parameters
   -0.1038   26.8072   -0.1653  -15.7365    0.8440   -2.7001
eta,q 0.95706  9.00605
  0.0608  0.0571  0.0562  0.0546  0.0510  0.0515
  0.0524  0.0513  0.0487  0.0506  0.0465  0.0481
  0.0453  0.0448  0.0440  0.0457  0.0438  0.0448
  0.0430  0.0430  0.0430  0.0430  0.0429  0.0429
  0.0460  0.0461  0.0453  0.0464  0.0439  0.0438
  0.0527  0.0508  0.0497  0.0506  0.0466  0.0473
  0.0603  0.0568  0.0554  0.0546  0.0510  0.0523
registration optimization eta report
parameter search radius
    6.0000    6.0000    6.9000    7.9350    6.0000    6.9000
100000*second partial in parameter space
       48.       37.       27.       17.       22.       18.
  0.0608  0.0571  0.0562  0.0546  0.0510  0.0515
  0.0524  0.0513  0.0487  0.0506  0.0465  0.0481
  0.0453  0.0448  0.0440  0.0457  0.0438  0.0448
  0.0430  0.0430  0.0430  0.0430  0.0429  0.0429
  0.0460  0.0461  0.0453  0.0464  0.0439  0.0438
  0.0527  0.0508  0.0497  0.0506  0.0466  0.0473
  0.0603  0.0568  0.0554  0.0546  0.0510  0.0523
   -0.1038   26.8072   -0.1653  -15.7365    0.8440   -2.7001
eta,q 0.95706  9.00605

---------------------------------------------------------------------
imgreg_4dfp /opt/freesurfer/average/711-2C_as_mni_average_305 /opt/freesurfer/average/711-2B_as_mni_average_305_mask talsrcimg_g11 none talsrcimg_to_711-2C_as_mni_average_305_t4 3335
---------------------------------------------------------------------

freesurfer imgreg_4dfp.c
/opt/freesurfer/average/711-2C_as_mni_average_305.4dfp.img
       256       256       256         1
  1.000000  1.000000  1.000000
orientation T byte_order littleendian
Reading image: /opt/freesurfer/average/711-2C_as_mni_average_305.4dfp.img
dimensions:      256       256       256
mmppix:       1.0000   -1.0000   -1.0000
center:     128.0000 -129.0000 -129.0000
/opt/freesurfer/average/711-2B_as_mni_average_305_mask.4dfp.img
       256       256       256         1
  1.000000  1.000000  1.000000
orientation T byte_order littleendian
Reading mask: /opt/freesurfer/average/711-2B_as_mni_average_305_mask.4dfp.img (2306576 pixels)
talsrcimg_g11.4dfp.img
       256       256       256         1
  1.000000  1.000000  1.000000
orientation T byte_order littleendian
Reading image: talsrcimg_g11.4dfp.img
dimensions:      256       256       256
mmppix:       1.0000   -1.0000   -1.0000
center:     128.0000 -129.0000 -129.0000
fimgreg.f
image alignment mode   3335 decimal      D07 hex
parameters
   -0.1038   26.8072   -0.1653   -0.1219   -3.8738   -3.7585
    4.9333   -0.1386   -4.7103   27.1581    1.4730  -27.1185
eta,q 0.95652  8.99953
niter,ni,del,rscale     5    3    5.0000    1.2000
parameter  4  1.443464 ->  0.500000 qaram    1.1500
parameter  5  2.546829 ->  0.500000 qaram    1.1500
parameter 10  0.736283 ->  0.500000 qaram    1.1500
parameters
   -0.1284   26.4680   -0.0358   -4.2619   -8.0138   -7.1264
    3.1263   -0.3176   -4.8750   23.0181   -0.7302  -26.1404
eta,q 0.96785  8.48490
  0.0463  0.0449  0.0453  0.0371  0.0317  0.0343  0.0353  0.0377  0.0356  0.0327  0.0327  0.0341
  0.0447  0.0440  0.0443  0.0382  0.0337  0.0341  0.0343  0.0357  0.0347  0.0322  0.0323  0.0331
  0.0438  0.0435  0.0437  0.0403  0.0361  0.0340  0.0339  0.0343  0.0341  0.0327  0.0322  0.0324
  0.0435  0.0435  0.0434  0.0434  0.0387  0.0344  0.0340  0.0338  0.0339  0.0339  0.0323  0.0322
  0.0438  0.0439  0.0435  0.0471  0.0417  0.0354  0.0347  0.0344  0.0341  0.0353  0.0326  0.0322
  0.0448  0.0448  0.0441  0.0514  0.0453  0.0375  0.0361  0.0359  0.0348  0.0372  0.0332  0.0326
  0.0464  0.0459  0.0450  0.0564  0.0490  0.0407  0.0379  0.0382  0.0358  0.0397  0.0340  0.0333
niter,ni,del,rscale     7    3    5.0000    1.2000
parameter  4  0.743656 ->  0.500000 qaram    1.3225
parameter  5  1.161325 ->  0.500000 qaram    1.3225
parameters
    0.1008   26.5124    0.1735   -9.0229  -12.7748   -9.3254
    3.2342   -0.4274   -4.8105   22.2805   -2.0761  -27.6157
eta,q 0.97281  8.01144
  0.0362  0.0346  0.0340  0.0301  0.0269  0.0283  0.0299  0.0306  0.0295  0.0308  0.0278  0.0281
  0.0341  0.0333  0.0330  0.0302  0.0273  0.0276  0.0285  0.0288  0.0283  0.0289  0.0275  0.0275
  0.0328  0.0325  0.0324  0.0308  0.0284  0.0273  0.0276  0.0277  0.0276  0.0276  0.0273  0.0272
  0.0321  0.0321  0.0321  0.0321  0.0303  0.0275  0.0273  0.0273  0.0273  0.0273  0.0273  0.0273
  0.0323  0.0323  0.0322  0.0347  0.0330  0.0282  0.0276  0.0277  0.0275  0.0280  0.0275  0.0276
  0.0333  0.0332  0.0326  0.0382  0.0361  0.0292  0.0284  0.0289  0.0283  0.0299  0.0278  0.0282
  0.0349  0.0345  0.0334  0.0425  0.0393  0.0306  0.0298  0.0308  0.0294  0.0324  0.0283  0.0290
niter,ni,del,rscale     7    3    5.0000    1.2000
parameters
    0.2893   26.2594   -0.0472  -12.2906  -16.8365   -9.7014
    3.1495   -0.3043   -4.7267   22.7266   -1.1992  -28.3331
eta,q 0.97375  7.68921
  0.0307  0.0293  0.0284  0.0280  0.0275  0.0283  0.0285  0.0300  0.0282  0.0306  0.0272  0.0274
  0.0289  0.0280  0.0276  0.0272  0.0266  0.0272  0.0273  0.0282  0.0272  0.0285  0.0268  0.0267
  0.0277  0.0273  0.0272  0.0269  0.0263  0.0265  0.0266  0.0269  0.0266  0.0270  0.0265  0.0263
  0.0272  0.0272  0.0271  0.0271  0.0269  0.0263  0.0263  0.0263  0.0263  0.0263  0.0263  0.0263
  0.0274  0.0277  0.0274  0.0280  0.0285  0.0267  0.0266  0.0266  0.0265  0.0266  0.0263  0.0265
  0.0282  0.0288  0.0280  0.0302  0.0312  0.0275  0.0274  0.0279  0.0272  0.0279  0.0265  0.0271
  0.0298  0.0303  0.0289  0.0338  0.0345  0.0287  0.0286  0.0298  0.0281  0.0299  0.0269  0.0278
niter,ni,del,rscale     6    3    5.0000    1.2000
parameters
    0.2111   26.2757    0.1159  -12.8836  -17.6360   -9.5772
    2.9762   -0.2773   -4.9779   23.0361   -0.9564  -28.2707
eta,q 0.97378  7.63474
  0.0289  0.0287  0.0279  0.0286  0.0290  0.0285  0.0284  0.0298  0.0280  0.0304  0.0271  0.0276
  0.0274  0.0274  0.0271  0.0270  0.0276  0.0274  0.0272  0.0281  0.0270  0.0283  0.0267  0.0269
  0.0265  0.0265  0.0265  0.0263  0.0266  0.0266  0.0265  0.0268  0.0264  0.0268  0.0264  0.0264
  0.0262  0.0263  0.0263  0.0262  0.0262  0.0262  0.0262  0.0262  0.0262  0.0262  0.0262  0.0262
  0.0266  0.0266  0.0264  0.0266  0.0267  0.0265  0.0266  0.0266  0.0265  0.0266  0.0263  0.0264
  0.0277  0.0274  0.0268  0.0274  0.0280  0.0272  0.0274  0.0279  0.0272  0.0279  0.0265  0.0268
  0.0293  0.0286  0.0275  0.0294  0.0305  0.0284  0.0286  0.0299  0.0282  0.0299  0.0270  0.0275
niter,ni,del,rscale     5    3    5.0000    1.2000
parameters
    0.1712   26.3221    0.2222  -12.9613  -17.7905   -9.4571
    2.9567   -0.2632   -5.0459   23.1282   -0.9091  -28.2226
eta,q 0.97379  7.62942
  0.0290  0.0287  0.0278  0.0289  0.0293  0.0285  0.0285  0.0298  0.0281  0.0302  0.0270  0.0276
  0.0275  0.0274  0.0270  0.0272  0.0278  0.0274  0.0273  0.0281  0.0271  0.0281  0.0266  0.0268
  0.0265  0.0265  0.0264  0.0263  0.0267  0.0266  0.0265  0.0268  0.0264  0.0267  0.0264  0.0264
  0.0262  0.0262  0.0262  0.0262  0.0262  0.0262  0.0262  0.0262  0.0262  0.0262  0.0262  0.0262
  0.0266  0.0265  0.0264  0.0265  0.0265  0.0264  0.0265  0.0266  0.0265  0.0266  0.0263  0.0264
  0.0276  0.0273  0.0268  0.0273  0.0276  0.0272  0.0273  0.0279  0.0271  0.0280  0.0266  0.0268
  0.0292  0.0285  0.0275  0.0289  0.0299  0.0284  0.0285  0.0299  0.0281  0.0300  0.0270  0.0275
niter,ni,del,rscale     4    3    5.0000    1.2000
parameters
    0.1700   26.3440    0.2757  -12.9727  -17.8292   -9.3904
    2.9530   -0.2503   -5.0692   23.1587   -0.9101  -28.1999
eta,q 0.97379  7.62976
  0.0291  0.0287  0.0277  0.0289  0.0294  0.0285  0.0285  0.0298  0.0281  0.0301  0.0270  0.0276
  0.0275  0.0273  0.0269  0.0272  0.0279  0.0273  0.0273  0.0281  0.0271  0.0281  0.0266  0.0268
  0.0265  0.0265  0.0264  0.0263  0.0268  0.0266  0.0265  0.0268  0.0264  0.0267  0.0264  0.0264
  0.0262  0.0262  0.0262  0.0262  0.0262  0.0262  0.0262  0.0262  0.0262  0.0262  0.0262  0.0262
  0.0266  0.0265  0.0264  0.0265  0.0265  0.0264  0.0265  0.0266  0.0265  0.0267  0.0263  0.0264
  0.0275  0.0273  0.0268  0.0273  0.0276  0.0272  0.0273  0.0279  0.0271  0.0280  0.0266  0.0269
  0.0291  0.0285  0.0276  0.0289  0.0298  0.0284  0.0285  0.0299  0.0281  0.0301  0.0271  0.0276
niter,ni,del,rscale     3    3    5.0000    1.2000
parameters
    0.1726   26.3514    0.3016  -12.9722  -17.8404   -9.3587
    2.9495   -0.2422   -5.0748   23.1691   -0.9004  -28.1892
eta,q 0.97378  7.63044
  0.0291  0.0287  0.0277  0.0289  0.0294  0.0284  0.0285  0.0298  0.0281  0.0301  0.0270  0.0276
  0.0275  0.0273  0.0269  0.0272  0.0279  0.0273  0.0273  0.0281  0.0271  0.0281  0.0266  0.0268
  0.0265  0.0265  0.0264  0.0263  0.0268  0.0265  0.0265  0.0268  0.0265  0.0267  0.0263  0.0264
  0.0262  0.0262  0.0262  0.0262  0.0262  0.0262  0.0262  0.0262  0.0262  0.0262  0.0262  0.0262
  0.0266  0.0265  0.0264  0.0265  0.0265  0.0264  0.0265  0.0266  0.0265  0.0267  0.0263  0.0264
  0.0275  0.0274  0.0269  0.0272  0.0275  0.0272  0.0273  0.0279  0.0271  0.0280  0.0266  0.0269
  0.0291  0.0285  0.0276  0.0289  0.0297  0.0285  0.0285  0.0299  0.0281  0.0301  0.0271  0.0276
niter,ni,del,rscale     2    3    5.0000    1.2000
parameters
    0.1740   26.3553    0.3116  -12.9711  -17.8422   -9.3420
    2.9504   -0.2391   -5.0748   23.1731   -0.9014  -28.1780
eta,q 0.97378  7.63090
  0.0291  0.0286  0.0277  0.0289  0.0294  0.0284  0.0285  0.0298  0.0281  0.0301  0.0270  0.0276
  0.0275  0.0273  0.0269  0.0272  0.0279  0.0273  0.0273  0.0281  0.0271  0.0281  0.0266  0.0268
  0.0265  0.0265  0.0264  0.0263  0.0268  0.0265  0.0265  0.0268  0.0265  0.0267  0.0263  0.0264
  0.0262  0.0262  0.0262  0.0262  0.0262  0.0262  0.0262  0.0262  0.0262  0.0262  0.0262  0.0262
  0.0266  0.0266  0.0264  0.0265  0.0265  0.0264  0.0265  0.0266  0.0265  0.0267  0.0263  0.0264
  0.0275  0.0274  0.0269  0.0272  0.0275  0.0272  0.0273  0.0279  0.0271  0.0281  0.0266  0.0269
  0.0291  0.0285  0.0276  0.0289  0.0297  0.0285  0.0285  0.0299  0.0281  0.0301  0.0271  0.0276
registration optimization eta report
parameter search radius
    2.4000    2.4000    2.4000    9.5220    9.5220    7.2000
    7.2000    7.2000    7.2000    8.2800    7.2000    7.2000
100000*second partial in parameter space
       50.       41.       25.        3.        4.        4.
        4.        7.        4.        6.        2.        3.
  0.0291  0.0286  0.0277  0.0289  0.0294  0.0284  0.0285  0.0298  0.0281  0.0301  0.0270  0.0276
  0.0275  0.0273  0.0269  0.0272  0.0279  0.0273  0.0273  0.0281  0.0271  0.0281  0.0266  0.0268
  0.0265  0.0265  0.0264  0.0263  0.0268  0.0265  0.0265  0.0268  0.0265  0.0267  0.0263  0.0264
  0.0262  0.0262  0.0262  0.0262  0.0262  0.0262  0.0262  0.0262  0.0262  0.0262  0.0262  0.0262
  0.0266  0.0266  0.0264  0.0265  0.0265  0.0264  0.0265  0.0266  0.0265  0.0267  0.0263  0.0264
  0.0275  0.0274  0.0269  0.0272  0.0275  0.0272  0.0273  0.0279  0.0271  0.0281  0.0266  0.0269
  0.0291  0.0285  0.0276  0.0289  0.0297  0.0285  0.0285  0.0299  0.0281  0.0301  0.0271  0.0276
    0.1740   26.3553    0.3116  -12.9711  -17.8422   -9.3420
    2.9504   -0.2391   -5.0748   23.1731   -0.9014  -28.1780
eta,q 0.97378  7.63090

---------------------------------------------------------------------
imgreg_4dfp /opt/freesurfer/average/711-2C_as_mni_average_305 /opt/freesurfer/average/711-2B_as_mni_average_305_mask talsrcimg_g11 none talsrcimg_to_711-2C_as_mni_average_305_t4 2311
---------------------------------------------------------------------

freesurfer imgreg_4dfp.c
/opt/freesurfer/average/711-2C_as_mni_average_305.4dfp.img
       256       256       256         1
  1.000000  1.000000  1.000000
orientation T byte_order littleendian
Reading image: /opt/freesurfer/average/711-2C_as_mni_average_305.4dfp.img
dimensions:      256       256       256
mmppix:       1.0000   -1.0000   -1.0000
center:     128.0000 -129.0000 -129.0000
/opt/freesurfer/average/711-2B_as_mni_average_305_mask.4dfp.img
       256       256       256         1
  1.000000  1.000000  1.000000
orientation T byte_order littleendian
Reading mask: /opt/freesurfer/average/711-2B_as_mni_average_305_mask.4dfp.img (2306576 pixels)
talsrcimg_g11.4dfp.img
       256       256       256         1
  1.000000  1.000000  1.000000
orientation T byte_order littleendian
Reading image: talsrcimg_g11.4dfp.img
dimensions:      256       256       256
mmppix:       1.0000   -1.0000   -1.0000
center:     128.0000 -129.0000 -129.0000
fimgreg.f
image alignment mode   2311 decimal      907 hex
parameters
    0.1740   26.3553    0.3116  -12.9711  -17.8422   -9.3420
    2.9504   -0.2391   -5.0748   23.1731   -0.9014  -28.1780
eta,q 0.97378  7.63090
niter,ni,del,rscale     5    3    5.0000    0.8000
parameters
    0.1693   26.3116    0.2940  -13.4634  -17.3518   -9.2761
    2.8543   -0.0382   -5.0929   23.1415   -0.6793  -27.9618
eta,q 0.97383  7.62739
  0.0275  0.0273  0.0269  0.0267  0.0273  0.0273  0.0273  0.0281  0.0271  0.0276  0.0266  0.0269
  0.0268  0.0267  0.0265  0.0263  0.0268  0.0267  0.0267  0.0272  0.0266  0.0268  0.0264  0.0265
  0.0264  0.0263  0.0263  0.0262  0.0264  0.0263  0.0263  0.0265  0.0263  0.0263  0.0262  0.0263
  0.0262  0.0262  0.0262  0.0262  0.0262  0.0262  0.0262  0.0262  0.0262  0.0262  0.0262  0.0262
  0.0264  0.0264  0.0263  0.0263  0.0262  0.0263  0.0263  0.0263  0.0263  0.0263  0.0262  0.0262
  0.0268  0.0268  0.0265  0.0265  0.0265  0.0266  0.0267  0.0269  0.0266  0.0268  0.0263  0.0264
  0.0275  0.0274  0.0269  0.0268  0.0269  0.0273  0.0273  0.0279  0.0271  0.0277  0.0265  0.0268
niter,ni,del,rscale     4    3    5.0000    0.7000
parameters
    0.1833   26.2915    0.2811  -13.5454  -17.3042   -9.3225
    2.8322    0.0033   -5.1463   23.1066   -0.6042  -27.9187
eta,q 0.97384  7.62301
  0.0272  0.0270  0.0267  0.0266  0.0269  0.0270  0.0270  0.0276  0.0268  0.0273  0.0265  0.0267
  0.0266  0.0265  0.0264  0.0263  0.0265  0.0266  0.0266  0.0269  0.0265  0.0267  0.0263  0.0264
  0.0263  0.0263  0.0262  0.0262  0.0263  0.0263  0.0263  0.0264  0.0262  0.0263  0.0262  0.0262
  0.0262  0.0262  0.0262  0.0262  0.0262  0.0262  0.0262  0.0262  0.0262  0.0262  0.0262  0.0262
  0.0263  0.0263  0.0262  0.0262  0.0262  0.0263  0.0263  0.0263  0.0262  0.0263  0.0262  0.0262
  0.0266  0.0266  0.0264  0.0264  0.0265  0.0266  0.0266  0.0268  0.0265  0.0267  0.0263  0.0264
  0.0272  0.0271  0.0267  0.0266  0.0269  0.0271  0.0271  0.0276  0.0269  0.0273  0.0265  0.0267
niter,ni,del,rscale     3    3    5.0000    0.6000
parameters
    0.1830   26.2796    0.2697  -13.7109  -17.3092   -9.3288
    2.8118    0.0474   -5.1762   23.1077   -0.5423  -27.9103
eta,q 0.97385  7.61457
  0.0269  0.0268  0.0265  0.0265  0.0267  0.0268  0.0268  0.0273  0.0267  0.0270  0.0264  0.0265
  0.0265  0.0264  0.0263  0.0263  0.0264  0.0265  0.0265  0.0267  0.0264  0.0265  0.0263  0.0263
  0.0262  0.0262  0.0262  0.0262  0.0262  0.0262  0.0262  0.0263  0.0262  0.0263  0.0262  0.0262
  0.0262  0.0262  0.0262  0.0262  0.0262  0.0262  0.0262  0.0262  0.0262  0.0262  0.0262  0.0262
  0.0263  0.0262  0.0262  0.0262  0.0262  0.0262  0.0262  0.0263  0.0262  0.0262  0.0262  0.0262
  0.0265  0.0265  0.0263  0.0263  0.0264  0.0264  0.0265  0.0266  0.0264  0.0265  0.0263  0.0263
  0.0269  0.0268  0.0266  0.0265  0.0267  0.0268  0.0268  0.0273  0.0267  0.0270  0.0264  0.0265
niter,ni,del,rscale     2    3    5.0000    0.5000
parameters
    0.1841   26.2775    0.2542  -13.8755  -17.3169   -9.3256
    2.7786    0.0769   -5.1947   23.1193   -0.4778  -27.9325
eta,q 0.97385  7.60686
  0.0267  0.0266  0.0264  0.0264  0.0265  0.0266  0.0266  0.0269  0.0265  0.0267  0.0263  0.0264
  0.0264  0.0264  0.0263  0.0262  0.0263  0.0264  0.0264  0.0265  0.0263  0.0264  0.0262  0.0263
  0.0262  0.0262  0.0262  0.0262  0.0262  0.0262  0.0262  0.0263  0.0262  0.0262  0.0262  0.0262
  0.0262  0.0262  0.0262  0.0262  0.0262  0.0261  0.0261  0.0261  0.0261  0.0262  0.0262  0.0261
  0.0262  0.0262  0.0262  0.0262  0.0262  0.0262  0.0262  0.0262  0.0262  0.0262  0.0262  0.0262
  0.0264  0.0264  0.0263  0.0263  0.0263  0.0264  0.0264  0.0265  0.0263  0.0264  0.0262  0.0263
  0.0267  0.0266  0.0264  0.0264  0.0265  0.0266  0.0266  0.0269  0.0265  0.0267  0.0263  0.0264
niter,ni,del,rscale     1    3    5.0000    0.4000
parameters
    0.1786   26.2758    0.2437  -14.0175  -17.3420   -9.3263
    2.7694    0.1075   -5.2223   23.1376   -0.4647  -27.9554
eta,q 0.97385  7.59959
  0.0265  0.0264  0.0263  0.0263  0.0264  0.0264  0.0265  0.0267  0.0264  0.0265  0.0263  0.0263
  0.0263  0.0263  0.0262  0.0262  0.0263  0.0263  0.0263  0.0264  0.0262  0.0263  0.0262  0.0262
  0.0262  0.0262  0.0262  0.0262  0.0262  0.0262  0.0262  0.0262  0.0262  0.0262  0.0262  0.0262
  0.0261  0.0262  0.0261  0.0261  0.0261  0.0261  0.0261  0.0261  0.0261  0.0261  0.0261  0.0261
  0.0262  0.0262  0.0262  0.0262  0.0262  0.0262  0.0262  0.0262  0.0262  0.0262  0.0262  0.0262
  0.0263  0.0263  0.0262  0.0262  0.0263  0.0263  0.0263  0.0264  0.0263  0.0263  0.0262  0.0262
  0.0265  0.0264  0.0263  0.0263  0.0264  0.0264  0.0265  0.0267  0.0264  0.0265  0.0263  0.0263
registration optimization eta report
parameter search radius
    0.8000    0.8000    0.8000    2.4000    2.4000    2.4000
    2.4000    2.4000    2.4000    2.4000    2.4000    2.4000
100000*second partial in parameter space
       54.       46.       27.        3.        4.        5.
        5.        9.        4.        6.        2.        3.
  0.0265  0.0264  0.0263  0.0263  0.0264  0.0264  0.0265  0.0267  0.0264  0.0265  0.0263  0.0263
  0.0263  0.0263  0.0262  0.0262  0.0263  0.0263  0.0263  0.0264  0.0262  0.0263  0.0262  0.0262
  0.0262  0.0262  0.0262  0.0262  0.0262  0.0262  0.0262  0.0262  0.0262  0.0262  0.0262  0.0262
  0.0261  0.0262  0.0261  0.0261  0.0261  0.0261  0.0261  0.0261  0.0261  0.0261  0.0261  0.0261
  0.0262  0.0262  0.0262  0.0262  0.0262  0.0262  0.0262  0.0262  0.0262  0.0262  0.0262  0.0262
  0.0263  0.0263  0.0262  0.0262  0.0263  0.0263  0.0263  0.0264  0.0263  0.0263  0.0262  0.0262
  0.0265  0.0264  0.0263  0.0263  0.0264  0.0264  0.0265  0.0267  0.0264  0.0265  0.0263  0.0263
    0.1786   26.2758    0.2437  -14.0175  -17.3420   -9.3263
    2.7694    0.1075   -5.2223   23.1376   -0.4647  -27.9554
eta,q 0.97385  7.59959

---------------------------------------------------------------------
imgreg_4dfp /opt/freesurfer/average/711-2C_as_mni_average_305 /opt/freesurfer/average/711-2B_as_mni_average_305_mask talsrcimg_g11 none talsrcimg_to_711-2C_as_mni_average_305_t4 2311
---------------------------------------------------------------------

freesurfer imgreg_4dfp.c
/opt/freesurfer/average/711-2C_as_mni_average_305.4dfp.img
       256       256       256         1
  1.000000  1.000000  1.000000
orientation T byte_order littleendian
Reading image: /opt/freesurfer/average/711-2C_as_mni_average_305.4dfp.img
dimensions:      256       256       256
mmppix:       1.0000   -1.0000   -1.0000
center:     128.0000 -129.0000 -129.0000
/opt/freesurfer/average/711-2B_as_mni_average_305_mask.4dfp.img
       256       256       256         1
  1.000000  1.000000  1.000000
orientation T byte_order littleendian
Reading mask: /opt/freesurfer/average/711-2B_as_mni_average_305_mask.4dfp.img (2306576 pixels)
talsrcimg_g11.4dfp.img
       256       256       256         1
  1.000000  1.000000  1.000000
orientation T byte_order littleendian
Reading image: talsrcimg_g11.4dfp.img
dimensions:      256       256       256
mmppix:       1.0000   -1.0000   -1.0000
center:     128.0000 -129.0000 -129.0000
fimgreg.f
image alignment mode   2311 decimal      907 hex
parameters
    0.1786   26.2758    0.2437  -14.0175  -17.3420   -9.3263
    2.7694    0.1075   -5.2223   23.1376   -0.4647  -27.9554
eta,q 0.97385  7.59959
niter,ni,del,rscale     5    3    5.0000    0.8000
parameters
    0.1844   26.3051    0.2575  -13.5492  -17.3493   -9.4214
    2.8462   -0.0246   -5.1934   23.1083   -0.5666  -27.9387
eta,q 0.97383  7.61804
  0.0275  0.0273  0.0268  0.0270  0.0271  0.0272  0.0273  0.0279  0.0271  0.0276  0.0266  0.0268
  0.0268  0.0267  0.0265  0.0265  0.0266  0.0267  0.0267  0.0270  0.0266  0.0268  0.0264  0.0265
  0.0263  0.0263  0.0262  0.0262  0.0263  0.0263  0.0263  0.0264  0.0263  0.0263  0.0262  0.0262
  0.0261  0.0261  0.0262  0.0261  0.0262  0.0262  0.0262  0.0262  0.0262  0.0262  0.0262  0.0262
  0.0263  0.0263  0.0262  0.0262  0.0263  0.0263  0.0263  0.0264  0.0263  0.0263  0.0262  0.0262
  0.0268  0.0267  0.0265  0.0264  0.0266  0.0267  0.0267  0.0271  0.0266  0.0268  0.0264  0.0265
  0.0275  0.0272  0.0268  0.0266  0.0271  0.0274  0.0273  0.0282  0.0271  0.0276  0.0266  0.0268
niter,ni,del,rscale     4    3    5.0000    0.7000
parameters
    0.1810   26.2873    0.2458  -13.5986  -17.3054   -9.3903
    2.8296   -0.0022   -5.1706   23.0961   -0.5419  -27.9443
eta,q 0.97384  7.61827
  0.0272  0.0270  0.0267  0.0266  0.0269  0.0270  0.0270  0.0276  0.0269  0.0273  0.0265  0.0267
  0.0266  0.0265  0.0264  0.0263  0.0265  0.0266  0.0266  0.0269  0.0265  0.0267  0.0263  0.0264
  0.0263  0.0262  0.0262  0.0262  0.0263  0.0263  0.0263  0.0264  0.0262  0.0263  0.0262  0.0262
  0.0262  0.0262  0.0262  0.0262  0.0262  0.0262  0.0262  0.0262  0.0262  0.0262  0.0262  0.0262
  0.0263  0.0263  0.0262  0.0262  0.0262  0.0262  0.0263  0.0263  0.0262  0.0263  0.0262  0.0262
  0.0266  0.0266  0.0264  0.0264  0.0265  0.0265  0.0266  0.0268  0.0265  0.0267  0.0263  0.0264
  0.0272  0.0270  0.0267  0.0266  0.0269  0.0270  0.0271  0.0276  0.0269  0.0273  0.0265  0.0267
niter,ni,del,rscale     3    3    5.0000    0.6000
parameters
    0.1823   26.2803    0.2431  -13.7261  -17.3098   -9.3726
    2.8137    0.0395   -5.1969   23.1066   -0.5230  -27.9393
eta,q 0.97384  7.61270
  0.0269  0.0268  0.0265  0.0265  0.0267  0.0268  0.0268  0.0273  0.0267  0.0270  0.0264  0.0265
  0.0265  0.0264  0.0263  0.0263  0.0264  0.0265  0.0265  0.0267  0.0264  0.0265  0.0263  0.0263
  0.0262  0.0262  0.0262  0.0262  0.0262  0.0262  0.0262  0.0263  0.0262  0.0263  0.0262  0.0262
  0.0262  0.0262  0.0262  0.0262  0.0262  0.0262  0.0262  0.0262  0.0262  0.0262  0.0262  0.0262
  0.0263  0.0262  0.0262  0.0262  0.0262  0.0262  0.0262  0.0263  0.0262  0.0262  0.0262  0.0262
  0.0265  0.0265  0.0263  0.0263  0.0264  0.0264  0.0265  0.0266  0.0264  0.0265  0.0263  0.0263
  0.0269  0.0268  0.0265  0.0265  0.0267  0.0268  0.0268  0.0273  0.0267  0.0270  0.0264  0.0265
niter,ni,del,rscale     2    3    5.0000    0.5000
parameters
    0.1805   26.2779    0.2377  -13.8690  -17.3234   -9.3550
    2.7854    0.0703   -5.2007   23.1218   -0.4884  -27.9506
eta,q 0.97385  7.60620
  0.0267  0.0266  0.0264  0.0264  0.0265  0.0266  0.0266  0.0269  0.0265  0.0267  0.0263  0.0264
  0.0264  0.0264  0.0263  0.0262  0.0263  0.0264  0.0264  0.0265  0.0263  0.0264  0.0262  0.0263
  0.0262  0.0262  0.0262  0.0262  0.0262  0.0262  0.0262  0.0263  0.0262  0.0262  0.0262  0.0262
  0.0262  0.0262  0.0262  0.0262  0.0262  0.0262  0.0262  0.0261  0.0262  0.0262  0.0262  0.0261
  0.0262  0.0262  0.0262  0.0262  0.0262  0.0262  0.0262  0.0262  0.0262  0.0262  0.0262  0.0262
  0.0264  0.0264  0.0263  0.0263  0.0263  0.0264  0.0264  0.0265  0.0263  0.0264  0.0262  0.0263
  0.0267  0.0266  0.0264  0.0264  0.0266  0.0266  0.0266  0.0269  0.0265  0.0267  0.0263  0.0264
niter,ni,del,rscale     1    3    5.0000    0.4000
parameters
    0.1807   26.2749    0.2337  -14.0172  -17.3356   -9.3342
    2.7719    0.1067   -5.2158   23.1333   -0.4554  -27.9594
eta,q 0.97386  7.59964
  0.0265  0.0264  0.0263  0.0263  0.0264  0.0264  0.0265  0.0267  0.0264  0.0265  0.0263  0.0263
  0.0263  0.0263  0.0262  0.0262  0.0263  0.0263  0.0263  0.0264  0.0263  0.0263  0.0262  0.0262
  0.0262  0.0262  0.0262  0.0262  0.0262  0.0262  0.0262  0.0262  0.0262  0.0262  0.0262  0.0262
  0.0262  0.0261  0.0261  0.0261  0.0261  0.0261  0.0261  0.0261  0.0261  0.0261  0.0261  0.0261
  0.0262  0.0262  0.0262  0.0262  0.0262  0.0262  0.0262  0.0262  0.0262  0.0262  0.0262  0.0262
  0.0263  0.0263  0.0262  0.0262  0.0263  0.0263  0.0263  0.0264  0.0263  0.0263  0.0262  0.0262
  0.0265  0.0264  0.0263  0.0263  0.0264  0.0264  0.0265  0.0266  0.0264  0.0265  0.0263  0.0263
registration optimization eta report
parameter search radius
    0.8000    0.8000    0.8000    2.4000    2.4000    2.4000
    2.4000    2.4000    2.4000    2.4000    2.4000    2.4000
100000*second partial in parameter space
       54.       46.       27.        3.        5.        5.
        5.        9.        4.        6.        2.        3.
  0.0265  0.0264  0.0263  0.0263  0.0264  0.0264  0.0265  0.0267  0.0264  0.0265  0.0263  0.0263
  0.0263  0.0263  0.0262  0.0262  0.0263  0.0263  0.0263  0.0264  0.0263  0.0263  0.0262  0.0262
  0.0262  0.0262  0.0262  0.0262  0.0262  0.0262  0.0262  0.0262  0.0262  0.0262  0.0262  0.0262
  0.0262  0.0261  0.0261  0.0261  0.0261  0.0261  0.0261  0.0261  0.0261  0.0261  0.0261  0.0261
  0.0262  0.0262  0.0262  0.0262  0.0262  0.0262  0.0262  0.0262  0.0262  0.0262  0.0262  0.0262
  0.0263  0.0263  0.0262  0.0262  0.0263  0.0263  0.0263  0.0264  0.0263  0.0263  0.0262  0.0262
  0.0265  0.0264  0.0263  0.0263  0.0264  0.0264  0.0265  0.0266  0.0264  0.0265  0.0263  0.0263
    0.1807   26.2749    0.2337  -14.0172  -17.3356   -9.3342
    2.7719    0.1067   -5.2158   23.1333   -0.4554  -27.9594
eta,q 0.97386  7.59964

---------------------------------------------------------------------
compute_vox2vox talsrcimg talsrcimg_to_711-2C_as_mni_average_305_t4 /opt/freesurfer/average/711-2C_as_mni_average_305
---------------------------------------------------------------------

freesurfer compute_vox2vox.c
Reading: talsrcimg.4dfp.ifh
Reading: talsrcimg_to_711-2C_as_mni_average_305_t4
Reading: /opt/freesurfer/average/711-2C_as_mni_average_305.4dfp.ifh
Writing: talsrcimg_to_711-2C_as_mni_average_305_t4_vox2vox.txt

start time Mon Mar 9 03:08:19 CET 2026
end		time Mon Mar 9 03:08:33 CET 2026

mpr2mni305 success

avi2talxfm orig_nu.mgz /opt/freesurfer/average/mni305.cor.mgz talsrcimg_to_711-2C_as_mni_average_305_t4_vox2vox.txt transforms/talairach.auto.xfm
avi2talxfm done
mv -f /out/sourcedata/freesurfer/sub-v1s17x0051139_ses-1/mri/talsrcimg_to_711-2C_as_mni_average_305_t4_vox2vox.txt /out/sourcedata/freesurfer/sub-v1s17x0051139_ses-1/mri/transforms/talsrcimg_to_711-2C_as_mni_average_305_t4_vox2vox.txt
lta_convert --src orig_nu.mgz --trg /opt/freesurfer/average/mni305.cor.mgz --inxfm transforms/talairach.auto.xfm --outlta transforms/talairach.auto.xfm.lta --subject fsaverage
7.3.2

--src: orig_nu.mgz src image (geometry).
--trg: /opt/freesurfer/average/mni305.cor.mgz trg image (geometry).
--inmni: transforms/talairach.auto.xfm input MNI/XFM transform.
--outlta: transforms/talairach.auto.xfm.lta output LTA.
--s: fsaverage subject name
 LTA read, type : 1
 1.16087   0.00788  -0.03626  -0.18105;
 0.02616   1.01551   0.34260  -1.11581;
 0.06593  -0.28369   1.11155  -1.48112;
 0.00000   0.00000   0.00000   1.00000;
setting subject to fsaverage
Writing  LTA to file transforms/talairach.auto.xfm.lta...
lta_convert successful.
 
 
Started at Mon Mar 9 03:08:19 CET 2026
Ended   at Mon Mar  9 03:08:33 CET 2026
talairach_avi done
