/out/sourcedata/freesurfer/sub-v1s17x0050248_ses-1/mri
/opt/freesurfer/bin/talairach_avi
--i orig_nu.mgz --xfm transforms/talairach.auto.xfm
talairach_avi 7.3.2
Linux dna030 5.14.0-427.37.1.el9_4.x86_64 #1 SMP PREEMPT_DYNAMIC Fri Sep 13 12:41:50 EDT 2024 x86_64 x86_64 x86_64 GNU/Linux
Mon Mar  9 01:52:51 CET 2026
mri_convert orig_nu.mgz talsrcimg.img 
reading from orig_nu.mgz...
TR=0.00, TE=0.00, TI=0.00, flip angle=0.00
i_ras = (-1, 1.47702e-09, 0)
j_ras = (0, -4.65661e-10, -1)
k_ras = (-1.47702e-09, 1, 4.65661e-10)
writing to talsrcimg.img...
Analyze Output Matrix
-1.00000   0.00000  -0.00000   130.02773;
 0.00000  -0.00000   1.00000  -129.48882;
 0.00000  -1.00000   0.00000   109.78110;
 0.00000   0.00000   0.00000   1.00000;
--------------------
INFO: set hdr.hist.orient to -1
mpr2mni305 talsrcimg
Mon Mar  9 01:52:51 CET 2026
/opt/freesurfer/bin/mpr2mni305 talsrcimg
mpr2mni305 7.3.2
target=711-2C_as_mni_average_305

---------------------------------------------------------------------
analyzeto4dfp talsrcimg -O0 -y
---------------------------------------------------------------------

freesurfer ifh2hdr.c
Mon Mar  9 01:52:51 2026
Writing: talsrcimg.4dfp.hdr
freesurfer analyzeto4dfp.c
Reading: talsrcimg.hdr
header size 348 bytes
hdr.dime.datatype	offset=70	value=2
hdr.dime.bitpix		offset=72	value=8
hdr.hist.orient		offset=252	value=-1
dimensionality     4
dimensions       256       256       256         1
Reading: talsrcimg.img
Writing: talsrcimg.4dfp.img
Writing: talsrcimg.4dfp.ifh
ifh2hdr talsrcimg -r0to248
ori=2

---------------------------------------------------------------------
gauss_4dfp talsrcimg 1.1
---------------------------------------------------------------------

freesurfer gauss_4dfp.c
Reading: talsrcimg.4dfp.img
Writing: talsrcimg_g11.4dfp.img
image dimensions 256 256 256 padded to 288 288 288
processing volume 1freesurfer ifh2hdr.c
Mon Mar  9 01:52:53 2026
Writing: talsrcimg_g11.4dfp.hdr

Writing: talsrcimg_g11.4dfp.ifh
including: talsrcimg.4dfp.img.rec in talsrcimg_g11.4dfp.img.rec

---------------------------------------------------------------------
imgreg_4dfp /opt/freesurfer/average/711-2C_as_mni_average_305 none talsrcimg_g11 none talsrcimg_to_711-2C_as_mni_average_305_t4 4355
---------------------------------------------------------------------

freesurfer imgreg_4dfp.c
/opt/freesurfer/average/711-2C_as_mni_average_305.4dfp.img
       256       256       256         1
  1.000000  1.000000  1.000000
orientation T byte_order littleendian
Reading image: /opt/freesurfer/average/711-2C_as_mni_average_305.4dfp.img
dimensions:      256       256       256
mmppix:       1.0000   -1.0000   -1.0000
center:     128.0000 -129.0000 -129.0000
talsrcimg_g11.4dfp.img
       256       256       256         1
  1.000000  1.000000  1.000000
orientation T byte_order littleendian
Reading image: talsrcimg_g11.4dfp.img
dimensions:      256       256       256
mmppix:       1.0000   -1.0000   -1.0000
center:     128.0000 -129.0000 -129.0000
t4_read: open error in t4_sub.f l:  41 t4_file(1:l)talsrcimg_to_711-2C_as_mni_average_305_t4 
t4_read: transform initialized to I4
rotation matrix determinant  1.000000
image alignment mode   4355 decimal     1103 hex
   -7.5000  -45.0000  -45.0000 6477.8057   15.8647
    0.0000  -45.0000  -45.0000 6789.9893   15.8579
    7.5000  -45.0000  -45.0000 6544.6846   15.8445
   -7.5000  -37.5000  -45.0000 7153.5679   15.6056
    0.0000  -37.5000  -45.0000 7495.2036   15.5986
    7.5000  -37.5000  -45.0000 7228.2139   15.5889
   -7.5000  -30.0000  -45.0000 8162.8706   15.4263
    0.0000  -30.0000  -45.0000 8560.7227   15.4176
    7.5000  -30.0000  -45.0000 8246.9648   15.4055
   -7.5000  -22.5000  -45.0000 9190.8184   15.3657
    0.0000  -22.5000  -45.0000 9648.5420   15.3571
    7.5000  -22.5000  -45.0000 9271.7373   15.3376
   -7.5000  -15.0000  -45.000010183.6826   15.3791
    0.0000  -15.0000  -45.000010685.2246   15.3711
    7.5000  -15.0000  -45.000010251.4766   15.3468
   -7.5000   -7.5000  -45.000011090.5840   15.4276
    0.0000   -7.5000  -45.000011632.2803   15.4200
    7.5000   -7.5000  -45.000011151.3984   15.3983
   -7.5000    0.0000  -45.000011841.6484   15.4628
    0.0000    0.0000  -45.000012407.9668   15.4558
    7.5000    0.0000  -45.000011900.3477   15.4409
   -7.5000    7.5000  -45.000011704.8008   15.4465
    0.0000    7.5000  -45.000012285.1182   15.4391
    7.5000    7.5000  -45.000011743.5352   15.4291
   -7.5000   15.0000  -45.000011518.5332   15.3971
    0.0000   15.0000  -45.000012082.0771   15.3885
    7.5000   15.0000  -45.000011518.8193   15.3765
   -7.5000   22.5000  -45.000011203.4941   15.3628
    0.0000   22.5000  -45.000011772.8096   15.3542
    7.5000   22.5000  -45.000011218.8477   15.3346
   -7.5000   30.0000  -45.000010812.5254   15.1742
    0.0000   30.0000  -45.000011379.1348   15.1663
    7.5000   30.0000  -45.000010841.5488   15.1423
   -7.5000   37.5000  -45.000010723.5684   15.2220
    0.0000   37.5000  -45.000011264.6670   15.2145
    7.5000   37.5000  -45.000010731.6416   15.1931
   -7.5000   45.0000  -45.000010280.4834   14.8694
    0.0000   45.0000  -45.000010781.9473   14.8626
    7.5000   45.0000  -45.000010244.3457   14.8483
   -7.5000  -45.0000  -37.5000 6851.9248   15.8762
    0.0000  -45.0000  -37.5000 7187.4150   15.8690
    7.5000  -45.0000  -37.5000 6924.8208   15.8578
   -7.5000  -37.5000  -37.5000 7565.5840   15.6121
    0.0000  -37.5000  -37.5000 7943.6895   15.6054
    7.5000  -37.5000  -37.5000 7640.6499   15.5971
   -7.5000  -30.0000  -37.5000 8650.3213   15.4308
    0.0000  -30.0000  -37.5000 9066.6465   15.4250
    7.5000  -30.0000  -37.5000 8714.5752   15.4147
   -7.5000  -22.5000  -37.5000 9732.7773   15.3732
    0.0000  -22.5000  -37.500010203.7939   15.3689
    7.5000  -22.5000  -37.5000 9782.8564   15.3530
   -7.5000  -15.0000  -37.500010748.1963   15.3911
    0.0000  -15.0000  -37.500011265.8262   15.3862
    7.5000  -15.0000  -37.500010804.0293   15.3668
   -7.5000   -7.5000  -37.500011683.6416   15.4412
    0.0000   -7.5000  -37.500012248.2891   15.4344
    7.5000   -7.5000  -37.500011746.1230   15.4168
   -7.5000    0.0000  -37.500012462.2607   15.4744
    0.0000    0.0000  -37.500013059.0137   15.4668
    7.5000    0.0000  -37.500012513.0537   15.4543
   -7.5000    7.5000  -37.500012341.7764   15.4534
    0.0000    7.5000  -37.500012932.9482   15.4465
    7.5000    7.5000  -37.500012365.0146   15.4379
   -7.5000   15.0000  -37.500012135.9961   15.4016
    0.0000   15.0000  -37.500012738.2314   15.3959
    7.5000   15.0000  -37.500012118.0156   15.3857
   -7.5000   22.5000  -37.500011781.2705   15.3703
    0.0000   22.5000  -37.500012386.1348   15.3660
    7.5000   22.5000  -37.500011779.8984   15.3501
   -7.5000   30.0000  -37.500011348.0449   15.1860
    0.0000   30.0000  -37.500011948.8027   15.1812
    7.5000   30.0000  -37.500011369.9375   15.1620
   -7.5000   37.5000  -37.500011218.4941   15.2354
    0.0000   37.5000  -37.500011796.6982   15.2287
    7.5000   37.5000  -37.500011229.3135   15.2114
   -7.5000   45.0000  -37.500010726.5029   14.8805
    0.0000   45.0000  -37.500011239.5059   14.8732
    7.5000   45.0000  -37.500010695.3428   14.8612
   -7.5000  -45.0000  -30.0000 7308.3887   16.5648
    0.0000  -45.0000  -30.0000 7683.6909   16.5535
    7.5000  -45.0000  -30.0000 7390.4116   16.5411
   -7.5000  -37.5000  -30.0000 8088.0449   16.2796
    0.0000  -37.5000  -30.0000 8480.0869   16.2673
    7.5000  -37.5000  -30.0000 8163.1787   16.2549
   -7.5000  -30.0000  -30.0000 9261.8311   16.0844
    0.0000  -30.0000  -30.0000 9698.4170   16.0766
    7.5000  -30.0000  -30.0000 9325.5225   16.0643
   -7.5000  -22.5000  -30.000010408.6104   16.0271
    0.0000  -22.5000  -30.000010902.9932   16.0254
    7.5000  -22.5000  -30.000010467.1582   16.0131
   -7.5000  -15.0000  -30.000011463.8389   16.0533
    0.0000  -15.0000  -30.000012000.7930   16.0523
    7.5000  -15.0000  -30.000011506.3916   16.0395
   -7.5000   -7.5000  -30.000012440.1553   16.1113
    0.0000   -7.5000  -30.000013032.0508   16.1048
    7.5000   -7.5000  -30.000012487.8809   16.0912
   -7.5000    0.0000  -30.000013270.4785   16.1440
    0.0000    0.0000  -30.000013904.2451   16.1321
    7.5000    0.0000  -30.000013287.7148   16.1185
   -7.5000    7.5000  -30.000013141.6807   16.1140
    0.0000    7.5000  -30.000013777.0947   16.1015
    7.5000    7.5000  -30.000013123.9756   16.0889
   -7.5000   15.0000  -30.000012887.0352   16.0541
    0.0000   15.0000  -30.000013538.2979   16.0464
    7.5000   15.0000  -30.000012861.7090   16.0343
   -7.5000   22.5000  -30.000012513.6426   16.0224
    0.0000   22.5000  -30.000013169.5371   16.0207
    7.5000   22.5000  -30.000012491.0430   16.0083
   -7.5000   30.0000  -30.000012090.2246   15.8409
    0.0000   30.0000  -30.000012728.8398   15.8399
    7.5000   30.0000  -30.000012082.2559   15.8273
   -7.5000   37.5000  -30.000011929.5576   15.8981
    0.0000   37.5000  -30.000012535.1504   15.8917
    7.5000   37.5000  -30.000011892.5400   15.8783
   -7.5000   45.0000  -30.000011332.7910   15.5358
    0.0000   45.0000  -30.000011870.5850   15.5243
    7.5000   45.0000  -30.000011273.4082   15.5113
   -7.5000  -45.0000  -22.5000 7758.4375   17.1435
    0.0000  -45.0000  -22.5000 8144.6543   17.1281
    7.5000  -45.0000  -22.5000 7842.2764   17.1120
   -7.5000  -37.5000  -22.5000 8616.2588   16.8431
    0.0000  -37.5000  -22.5000 9028.4512   16.8239
    7.5000  -37.5000  -22.5000 8674.9219   16.8060
   -7.5000  -30.0000  -22.5000 9862.2041   16.6375
    0.0000  -30.0000  -22.500010335.5137   16.6238
    7.5000  -30.0000  -22.5000 9905.4756   16.6072
   -7.5000  -22.5000  -22.500011064.0039   16.5784
    0.0000  -22.5000  -22.500011570.9141   16.5745
    7.5000  -22.5000  -22.500011083.5977   16.5615
   -7.5000  -15.0000  -22.500012161.9297   16.6089
    0.0000  -15.0000  -22.500012724.7021   16.6087
    7.5000  -15.0000  -22.500012196.0508   16.5970
   -7.5000   -7.5000  -22.500013209.9502   16.6727
    0.0000   -7.5000  -22.500013815.0254   16.6660
    7.5000   -7.5000  -22.500013220.4463   16.6515
   -7.5000    0.0000  -22.500014109.8887   16.7059
    0.0000    0.0000  -22.500014760.4004   16.6899
    7.5000    0.0000  -22.500014074.9834   16.6724
   -7.5000    7.5000  -22.500013913.2129   16.6710
    0.0000    7.5000  -22.500014562.1865   16.6516
    7.5000    7.5000  -22.500013870.1885   16.6335
   -7.5000   15.0000  -22.500013620.3535   16.6064
    0.0000   15.0000  -22.500014265.6680   16.5927
    7.5000   15.0000  -22.500013547.1191   16.5762
   -7.5000   22.5000  -22.500013238.3389   16.5724
    0.0000   22.5000  -22.500013879.7676   16.5685
    7.5000   22.5000  -22.500013145.9648   16.5555
   -7.5000   30.0000  -22.500012798.2412   16.3917
    0.0000   30.0000  -22.500013436.0479   16.3915
    7.5000   30.0000  -22.500012741.6982   16.3799
   -7.5000   37.5000  -22.500012596.7705   16.4546
    0.0000   37.5000  -22.500013203.9316   16.4480
    7.5000   37.5000  -22.500012523.7275   16.4337
   -7.5000   45.0000  -22.500011904.4053   16.0887
    0.0000   45.0000  -22.500012454.1895   16.0732
    7.5000   45.0000  -22.500011800.5361   16.0564
   -7.5000  -45.0000  -15.0000 8236.4316   17.5425
    0.0000  -45.0000  -15.0000 8637.8584   17.5264
    7.5000  -45.0000  -15.0000 8304.1572   17.5069
   -7.5000  -37.5000  -15.0000 9175.1592   17.2407
    0.0000  -37.5000  -15.0000 9611.6094   17.2196
    7.5000  -37.5000  -15.0000 9196.0049   17.1986
   -7.5000  -30.0000  -15.000010480.4199   17.0335
    0.0000  -30.0000  -15.000010957.2334   17.0156
    7.5000  -30.0000  -15.000010484.8467   16.9954
   -7.5000  -22.5000  -15.000011713.4170   16.9705
    0.0000  -22.5000  -15.000012219.1680   16.9622
    7.5000  -22.5000  -15.000011707.8770   16.9441
   -7.5000  -15.0000  -15.000012863.1016   16.9968
    0.0000  -15.0000  -15.000013426.0801   16.9936
    7.5000  -15.0000  -15.000012872.2578   16.9762
   -7.5000   -7.5000  -15.000013993.6494   17.0591
    0.0000   -7.5000  -15.000014569.0889   17.0513
    7.5000   -7.5000  -15.000013947.2422   17.0318
   -7.5000    0.0000  -15.000014966.9023   17.0942
    0.0000    0.0000  -15.000015558.6494   17.0776
    7.5000    0.0000  -15.000014854.5049   17.0564
   -7.5000    7.5000  -15.000014729.7080   17.0639
    0.0000    7.5000  -15.000015327.1123   17.0425
    7.5000    7.5000  -15.000014605.5898   17.0213
   -7.5000   15.0000  -15.000014424.1826   17.0016
    0.0000   15.0000  -15.000014965.6572   16.9838
    7.5000   15.0000  -15.000014237.2393   16.9637
   -7.5000   22.5000  -15.000013981.8613   16.9636
    0.0000   22.5000  -15.000014546.5859   16.9553
    7.5000   22.5000  -15.000013828.8008   16.9372
   -7.5000   30.0000  -15.000013499.7275   16.7768
    0.0000   30.0000  -15.000014081.4463   16.7737
    7.5000   30.0000  -15.000013388.2461   16.7565
   -7.5000   37.5000  -15.000013232.7676   16.8383
    0.0000   37.5000  -15.000013797.3643   16.8306
    7.5000   37.5000  -15.000013124.0449   16.8114
   -7.5000   45.0000  -15.000012451.6143   16.4725
    0.0000   45.0000  -15.000012967.6211   16.4565
    7.5000   45.0000  -15.000012299.3994   16.4361
   -7.5000  -45.0000   -7.5000 8737.6719   17.7261
    0.0000  -45.0000   -7.5000 9149.6553   17.7140
    7.5000  -45.0000   -7.5000 8762.1973   17.6953
   -7.5000  -37.5000   -7.5000 9721.1621   17.4320
    0.0000  -37.5000   -7.500010178.2031   17.4169
    7.5000  -37.5000   -7.5000 9743.8906   17.3995
   -7.5000  -30.0000   -7.500011089.5439   17.2284
    0.0000  -30.0000   -7.500011565.1279   17.2129
    7.5000  -30.0000   -7.500011073.3018   17.1944
   -7.5000  -22.5000   -7.500012361.0068   17.1610
    0.0000  -22.5000   -7.500012876.0352   17.1500
    7.5000  -22.5000   -7.500012341.8604   17.1279
   -7.5000  -15.0000   -7.500013554.5781   17.1792
    0.0000  -15.0000   -7.500014117.6367   17.1716
    7.5000  -15.0000   -7.500013536.0537   17.1470
   -7.5000   -7.5000   -7.500014708.8779   17.2364
    0.0000   -7.5000   -7.500015319.8701   17.2277
    7.5000   -7.5000   -7.500014678.2334   17.2037
   -7.5000    0.0000   -7.500015771.8350   17.2749
    0.0000    0.0000   -7.500016394.5039   17.2626
    7.5000    0.0000   -7.500015659.1357   17.2420
   -7.5000    7.5000   -7.500015679.4902   17.2534
    0.0000    7.5000   -7.500016190.9404   17.2378
    7.5000    7.5000   -7.500015439.4941   17.2203
   -7.5000   15.0000   -7.500015309.5488   17.1959
    0.0000   15.0000   -7.500015742.0371   17.1805
    7.5000   15.0000   -7.500015045.3125   17.1621
   -7.5000   22.5000   -7.500014833.0586   17.1522
    0.0000   22.5000   -7.500015310.7461   17.1412
    7.5000   22.5000   -7.500014623.5596   17.1191
   -7.5000   30.0000   -7.500014273.5312   16.9564
    0.0000   30.0000   -7.500014786.0391   16.9489
    7.5000   30.0000   -7.500014115.3379   16.9246
   -7.5000   37.5000   -7.500013928.9434   17.0128
    0.0000   37.5000   -7.500014457.9395   17.0042
    7.5000   37.5000   -7.500013806.4473   16.9806
   -7.5000   45.0000   -7.500013041.1846   16.6497
    0.0000   45.0000   -7.500013555.2188   16.6379
    7.5000   45.0000   -7.500012897.7256   16.6180
   -7.5000  -45.0000    0.0000 9085.2002   17.7530
    0.0000  -45.0000    0.0000 9536.7334   17.7453
    7.5000  -45.0000    0.0000 9130.6445   17.7304
   -7.5000  -37.5000    0.000010116.5020   17.4631
    0.0000  -37.5000    0.000010608.9746   17.4552
    7.5000  -37.5000    0.000010160.7500   17.4443
   -7.5000  -30.0000    0.000011539.3643   17.2624
    0.0000  -30.0000    0.000012053.9062   17.2527
    7.5000  -30.0000    0.000011537.8340   17.2391
   -7.5000  -22.5000    0.000012861.4619   17.1946
    0.0000  -22.5000    0.000013406.1738   17.1850
    7.5000  -22.5000    0.000012849.0127   17.1631
   -7.5000  -15.0000    0.000014123.2148   17.2096
    0.0000  -15.0000    0.000014663.1338   17.2006
    7.5000  -15.0000    0.000014088.8535   17.1734
   -7.5000   -7.5000    0.000015292.0674   17.2638
    0.0000   -7.5000    0.000015852.0293   17.2553
    7.5000   -7.5000    0.000015255.3223   17.2310
   -7.5000    0.0000    0.000016374.4424   17.3033
    0.0000    0.0000    0.000017001.2305   17.2954
    7.5000    0.0000    0.000016313.7227   17.2787
   -7.5000    7.5000    0.000016228.0312   17.2851
    0.0000    7.5000    0.000016869.3730   17.2767
    7.5000    7.5000    0.000016206.0088   17.2655
   -7.5000   15.0000    0.000015857.1631   17.2297
    0.0000   15.0000    0.000016444.9355   17.2200
    7.5000   15.0000    0.000015866.4727   17.2067
   -7.5000   22.5000    0.000015498.9307   17.1857
    0.0000   22.5000    0.000016109.8398   17.1761
    7.5000   22.5000    0.000015416.6113   17.1543
   -7.5000   30.0000    0.000014917.2080   16.9869
    0.0000   30.0000    0.000015521.8799   16.9780
    7.5000   30.0000    0.000014806.5703   16.9512
   -7.5000   37.5000    0.000014498.1387   17.0404
    0.0000   37.5000    0.000015101.4072   17.0320
    7.5000   37.5000    0.000014429.5449   17.0080
   -7.5000   45.0000    0.000013467.5596   16.6784
    0.0000   45.0000    0.000014027.8418   16.6708
    7.5000   45.0000    0.000013385.9639   16.6547
   -7.5000  -45.0000    7.5000 8699.7041   17.7659
    0.0000  -45.0000    7.5000 9114.5869   17.7579
    7.5000  -45.0000    7.5000 8759.2002   17.7453
   -7.5000  -37.5000    7.5000 9707.8535   17.4703
    0.0000  -37.5000    7.500010176.7158   17.4629
    7.5000  -37.5000    7.5000 9765.9658   17.4535
   -7.5000  -30.0000    7.500011064.7090   17.2675
    0.0000  -30.0000    7.500011584.7959   17.2610
    7.5000  -30.0000    7.500011119.0586   17.2495
   -7.5000  -22.5000    7.500012331.7070   17.2031
    0.0000  -22.5000    7.500012893.4443   17.1982
    7.5000  -22.5000    7.500012385.1074   17.1804
   -7.5000  -15.0000    7.500013506.5137   17.2231
    0.0000  -15.0000    7.500014121.0352   17.2176
    7.5000  -15.0000    7.500013566.1650   17.1959
   -7.5000   -7.5000    7.500014647.5264   17.2791
    0.0000   -7.5000    7.500015300.3662   17.2715
    7.5000   -7.5000    7.500014688.9023   17.2519
   -7.5000    0.0000    7.500015635.2598   17.3162
    0.0000    0.0000    7.500016402.1289   17.3078
    7.5000    0.0000    7.500015723.3672   17.2938
   -7.5000    7.5000    7.500015408.1504   17.2928
    0.0000    7.5000    7.500016218.7617   17.2851
    7.5000    7.5000    7.500015579.2402   17.2754
   -7.5000   15.0000    7.500015096.1436   17.2348
    0.0000   15.0000    7.500015868.6660   17.2285
    7.5000   15.0000    7.500015251.7393   17.2171
   -7.5000   22.5000    7.500014796.7490   17.1942
    0.0000   22.5000    7.500015538.5469   17.1894
    7.5000   22.5000    7.500014858.0088   17.1716
   -7.5000   30.0000    7.500014263.6338   17.0002
    0.0000   30.0000    7.500014946.3936   16.9948
    7.5000   30.0000    7.500014284.0596   16.9733
   -7.5000   37.5000    7.500013906.5830   17.0555
    0.0000   37.5000    7.500014518.5684   17.0480
    7.5000   37.5000    7.500013903.3154   17.0286
   -7.5000   45.0000    7.500012883.9863   16.6909
    0.0000   45.0000    7.500013418.9004   16.6827
    7.5000   45.0000    7.500012862.4551   16.6692
   -7.5000  -45.0000   15.0000 8180.4292   17.7882
    0.0000  -45.0000   15.0000 8576.4688   17.7760
    7.5000  -45.0000   15.0000 8229.1553   17.7628
   -7.5000  -37.5000   15.0000 9116.3945   17.4819
    0.0000  -37.5000   15.0000 9570.9375   17.4687
    7.5000  -37.5000   15.0000 9176.4219   17.4554
   -7.5000  -30.0000   15.000010390.9424   17.2723
    0.0000  -30.0000   15.000010910.1689   17.2639
    7.5000  -30.0000   15.000010480.2441   17.2508
   -7.5000  -22.5000   15.000011625.6191   17.2108
    0.0000  -22.5000   15.000012206.0479   17.2090
    7.5000  -22.5000   15.000011726.5625   17.1957
   -7.5000  -15.0000   15.000012773.9463   17.2389
    0.0000  -15.0000   15.000013416.2891   17.2379
    7.5000  -15.0000   15.000012873.3994   17.2241
   -7.5000   -7.5000   15.000013870.2100   17.3012
    0.0000   -7.5000   15.000014564.3916   17.2942
    7.5000   -7.5000   15.000013985.6250   17.2796
   -7.5000    0.0000   15.000014810.4375   17.3363
    0.0000    0.0000   15.000015553.3096   17.3235
    7.5000    0.0000   15.000014943.7666   17.3090
   -7.5000    7.5000   15.000014566.3564   17.3041
    0.0000    7.5000   15.000015259.1338   17.2906
    7.5000    7.5000   15.000014717.8125   17.2771
   -7.5000   15.0000   15.000014251.2266   17.2398
    0.0000   15.0000   15.000014881.8564   17.2315
    7.5000   15.0000   15.000014377.2285   17.2185
   -7.5000   22.5000   15.000013921.6113   17.2019
    0.0000   22.5000   15.000014532.7363   17.2001
    7.5000   22.5000   15.000013998.2715   17.1868
   -7.5000   30.0000   15.000013445.2002   17.0158
    0.0000   30.0000   15.000014027.9004   17.0148
    7.5000   30.0000   15.000013507.7285   17.0012
   -7.5000   37.5000   15.000013182.9404   17.0772
    0.0000   37.5000   15.000013732.5107   17.0704
    7.5000   37.5000   15.000013210.0361   17.0559
   -7.5000   45.0000   15.000012220.4189   16.7102
    0.0000   45.0000   15.000012744.5645   16.6978
    7.5000   45.0000   15.000012230.5166   16.6838
   -7.5000  -45.0000   22.5000 7599.1567   17.8075
    0.0000  -45.0000   22.5000 7983.5493   17.7914
    7.5000  -45.0000   22.5000 7644.2124   17.7746
   -7.5000  -37.5000   22.5000 8459.5127   17.4953
    0.0000  -37.5000   22.5000 8901.9912   17.4753
    7.5000  -37.5000   22.5000 8533.7979   17.4566
   -7.5000  -30.0000   22.5000 9658.9404   17.2817
    0.0000  -30.0000   22.500010158.0928   17.2673
    7.5000  -30.0000   22.5000 9761.7090   17.2501
   -7.5000  -22.5000   22.500010827.2422   17.2202
    0.0000  -22.5000   22.500011384.1035   17.2161
    7.5000  -22.5000   22.500010932.1514   17.2025
   -7.5000  -15.0000   22.500011911.2646   17.2519
    0.0000  -15.0000   22.500012524.8701   17.2516
    7.5000  -15.0000   22.500012013.6621   17.2392
   -7.5000   -7.5000   22.500012931.5713   17.3182
    0.0000   -7.5000   22.500013567.9443   17.3110
    7.5000   -7.5000   22.500013024.5264   17.2958
   -7.5000    0.0000   22.500013808.4473   17.3527
    0.0000    0.0000   22.500014448.7822   17.3359
    7.5000    0.0000   22.500013907.7129   17.3177
   -7.5000    7.5000   22.500013605.0254   17.3165
    0.0000    7.5000   22.500014196.2646   17.2962
    7.5000    7.5000   22.500013692.2686   17.2773
   -7.5000   15.0000   22.500013306.3887   17.2493
    0.0000   15.0000   22.500013875.4258   17.2350
    7.5000   15.0000   22.500013381.8057   17.2179
   -7.5000   22.5000   22.500012977.8555   17.2114
    0.0000   22.5000   22.500013527.2246   17.2072
    7.5000   22.5000   22.500013051.7393   17.1937
   -7.5000   30.0000   22.500012557.2217   17.0286
    0.0000   30.0000   22.500013081.7529   17.0283
    7.5000   30.0000   22.500012596.5352   17.0161
   -7.5000   37.5000   22.500012324.9375   17.0940
    0.0000   37.5000   22.500012850.5068   17.0870
    7.5000   37.5000   22.500012364.3418   17.0720
   -7.5000   45.0000   22.500011428.4775   16.7260
    0.0000   45.0000   22.500011930.3857   16.7098
    7.5000   45.0000   22.500011460.1406   16.6922
   -7.5000  -45.0000   30.0000 7015.8364   17.9669
    0.0000  -45.0000   30.0000 7345.5923   17.9501
    7.5000  -45.0000   30.0000 7038.1396   17.9301
   -7.5000  -37.5000   30.0000 7805.5005   17.6545
    0.0000  -37.5000   30.0000 8178.0625   17.6325
    7.5000  -37.5000   30.0000 7862.4165   17.6110
   -7.5000  -30.0000   30.0000 8919.4346   17.4401
    0.0000  -30.0000   30.0000 9352.1582   17.4214
    7.5000  -30.0000   30.0000 8977.9014   17.4006
   -7.5000  -22.5000   30.0000 9991.5996   17.3750
    0.0000  -22.5000   30.000010488.9600   17.3662
    7.5000  -22.5000   30.000010041.8496   17.3475
   -7.5000  -15.0000   30.000010978.2090   17.4024
    0.0000  -15.0000   30.000011536.9844   17.3990
    7.5000  -15.0000   30.000011053.3105   17.3809
   -7.5000   -7.5000   30.000011897.9707   17.4670
    0.0000   -7.5000   30.000012488.3252   17.4587
    7.5000   -7.5000   30.000011978.1426   17.4387
   -7.5000    0.0000   30.000012709.9043   17.5032
    0.0000    0.0000   30.000013313.2588   17.4859
    7.5000    0.0000   30.000012774.4209   17.4642
   -7.5000    7.5000   30.000012542.7344   17.4716
    0.0000    7.5000   30.000013105.5215   17.4493
    7.5000    7.5000   30.000012601.2412   17.4276
   -7.5000   15.0000   30.000012265.3877   17.4070
    0.0000   15.0000   30.000012801.7461   17.3884
    7.5000   15.0000   30.000012327.3906   17.3678
   -7.5000   22.5000   30.000011951.0781   17.3660
    0.0000   22.5000   30.000012468.7158   17.3572
    7.5000   22.5000   30.000012011.5469   17.3386
   -7.5000   30.0000   30.000011576.1367   17.1772
    0.0000   30.0000   30.000012070.2725   17.1738
    7.5000   30.0000   30.000011624.6172   17.1560
   -7.5000   37.5000   30.000011365.5273   17.2409
    0.0000   37.5000   30.000011879.8447   17.2328
    7.5000   37.5000   30.000011433.2031   17.2130
   -7.5000   45.0000   30.000010555.1670   16.8710
    0.0000   45.0000   30.000011032.9453   16.8544
    7.5000   45.0000   30.000010575.6006   16.8335
   -7.5000  -45.0000   37.5000 6686.9463   18.3293
    0.0000  -45.0000   37.5000 6987.8276   18.3166
    7.5000  -45.0000   37.5000 6709.6431   18.2969
   -7.5000  -37.5000   37.5000 7448.7544   18.0145
    0.0000  -37.5000   37.5000 7795.7178   17.9990
    7.5000  -37.5000   37.5000 7490.3989   17.9814
   -7.5000  -30.0000   37.5000 8531.3828   17.7973
    0.0000  -30.0000   37.5000 8925.8516   17.7811
    7.5000  -30.0000   37.5000 8564.0840   17.7624
   -7.5000  -22.5000   37.5000 9565.4092   17.7265
    0.0000  -22.5000   37.500010023.8350   17.7144
    7.5000  -22.5000   37.5000 9597.0186   17.6913
   -7.5000  -15.0000   37.500010491.0186   17.7468
    0.0000  -15.0000   37.500011013.6621   17.7380
    7.5000  -15.0000   37.500010551.0342   17.7116
   -7.5000   -7.5000   37.500011357.8740   17.8078
    0.0000   -7.5000   37.500011917.3896   17.7981
    7.5000   -7.5000   37.500011426.5732   17.7724
   -7.5000    0.0000   37.500012136.5547   17.8482
    0.0000    0.0000   37.500012687.9277   17.8353
    7.5000    0.0000   37.500012186.7910   17.8136
   -7.5000    7.5000   37.500011971.2861   17.8242
    0.0000    7.5000   37.500012493.8789   17.8083
    7.5000    7.5000   37.500012009.0107   17.7904
   -7.5000   15.0000   37.500011700.8096   17.7626
    0.0000   15.0000   37.500012219.9189   17.7466
    7.5000   15.0000   37.500011747.5410   17.7280
   -7.5000   22.5000   37.500011376.3584   17.7173
    0.0000   22.5000   37.500011893.0723   17.7053
    7.5000   22.5000   37.500011444.3096   17.6822
   -7.5000   30.0000   37.500011047.6904   17.5171
    0.0000   30.0000   37.500011548.2842   17.5084
    7.5000   30.0000   37.500011093.3994   17.4824
   -7.5000   37.5000   37.500010906.7764   17.5774
    0.0000   37.5000   37.500011404.4961   17.5678
    7.5000   37.5000   37.500010951.0879   17.5424
   -7.5000   45.0000   37.500010108.4688   17.2036
    0.0000   45.0000   37.500010555.7871   17.1912
    7.5000   45.0000   37.500010148.4062   17.1703
   -7.5000  -45.0000   45.0000 6081.9712   18.7781
    0.0000  -45.0000   45.0000 6351.1152   18.7691
    7.5000  -45.0000   45.0000 6111.7124   18.7536
   -7.5000  -37.5000   45.0000 6798.5742   18.4472
    0.0000  -37.5000   45.0000 7100.3394   18.4377
    7.5000  -37.5000   45.0000 6836.4126   18.4268
   -7.5000  -30.0000   45.0000 7778.3696   18.2211
    0.0000  -30.0000   45.0000 8128.4116   18.2091
    7.5000  -30.0000   45.0000 7808.6235   18.1949
   -7.5000  -22.5000   45.0000 8716.3330   18.1490
    0.0000  -22.5000   45.0000 9126.6240   18.1371
    7.5000  -22.5000   45.0000 8748.3838   18.1132
   -7.5000  -15.0000   45.0000 9582.3730   18.1699
    0.0000  -15.0000   45.000010030.1240   18.1589
    7.5000  -15.0000   45.0000 9607.1084   18.1290
   -7.5000   -7.5000   45.000010369.7471   18.2312
    0.0000   -7.5000   45.000010861.8838   18.2212
    7.5000   -7.5000   45.000010412.0059   18.1949
   -7.5000    0.0000   45.000011061.8750   18.2724
    0.0000    0.0000   45.000011550.8535   18.2633
    7.5000    0.0000   45.000011092.3633   18.2458
   -7.5000    7.5000   45.000010909.1768   18.2473
    0.0000    7.5000   45.000011383.7334   18.2374
    7.5000    7.5000   45.000010941.4766   18.2261
   -7.5000   15.0000   45.000010660.6445   18.1844
    0.0000   15.0000   45.000011131.8076   18.1725
    7.5000   15.0000   45.000010707.6631   18.1585
   -7.5000   22.5000   45.000010375.3359   18.1395
    0.0000   22.5000   45.000010843.7422   18.1276
    7.5000   22.5000   45.000010443.1367   18.1038
   -7.5000   30.0000   45.000010067.1221   17.9331
    0.0000   30.0000   45.000010523.6855   17.9223
    7.5000   30.0000   45.000010122.7246   17.8928
   -7.5000   37.5000   45.0000 9991.9756   17.9937
    0.0000   37.5000   45.000010451.8076   17.9838
    7.5000   37.5000   45.000010041.6602   17.9579
   -7.5000   45.0000   45.0000 9246.8018   17.6205
    0.0000   45.0000   45.0000 9666.4082   17.6117
    7.5000   45.0000   45.0000 9295.2100   17.5948

---------------------------------------------------------------------
imgreg_4dfp /opt/freesurfer/average/711-2C_as_mni_average_305 /opt/freesurfer/average/711-2B_as_mni_average_305_mask talsrcimg_g11 none talsrcimg_to_711-2C_as_mni_average_305_t4 4355
---------------------------------------------------------------------

freesurfer imgreg_4dfp.c
/opt/freesurfer/average/711-2C_as_mni_average_305.4dfp.img
       256       256       256         1
  1.000000  1.000000  1.000000
orientation T byte_order littleendian
Reading image: /opt/freesurfer/average/711-2C_as_mni_average_305.4dfp.img
dimensions:      256       256       256
mmppix:       1.0000   -1.0000   -1.0000
center:     128.0000 -129.0000 -129.0000
/opt/freesurfer/average/711-2B_as_mni_average_305_mask.4dfp.img
       256       256       256         1
  1.000000  1.000000  1.000000
orientation T byte_order littleendian
Reading mask: /opt/freesurfer/average/711-2B_as_mni_average_305_mask.4dfp.img (2306576 pixels)
talsrcimg_g11.4dfp.img
       256       256       256         1
  1.000000  1.000000  1.000000
orientation T byte_order littleendian
Reading image: talsrcimg_g11.4dfp.img
dimensions:      256       256       256
mmppix:       1.0000   -1.0000   -1.0000
center:     128.0000 -129.0000 -129.0000
rotation matrix determinant  1.000000
image alignment mode   4355 decimal     1103 hex
   -7.5000  -45.0000  -45.0000 1756.1715   22.5503
    0.0000  -45.0000  -45.0000 1761.5924   22.3785
    7.5000  -45.0000  -45.0000 1762.7911   22.3910
   -7.5000  -37.5000  -45.0000 1888.0956   19.5517
    0.0000  -37.5000  -45.0000 1898.8104   19.3845
    7.5000  -37.5000  -45.0000 1900.4082   19.4068
   -7.5000  -30.0000  -45.0000 2018.0488   17.2015
    0.0000  -30.0000  -45.0000 2037.3455   17.0493
    7.5000  -30.0000  -45.0000 2038.4895   17.0633
   -7.5000  -22.5000  -45.0000 2139.6655   15.4184
    0.0000  -22.5000  -45.0000 2162.6404   15.2603
    7.5000  -22.5000  -45.0000 2161.8247   15.3009
   -7.5000  -15.0000  -45.0000 2243.6699   14.1502
    0.0000  -15.0000  -45.0000 2267.3584   13.9850
    7.5000  -15.0000  -45.0000 2266.5791   14.0302
   -7.5000   -7.5000  -45.0000 2319.2395   13.2772
    0.0000   -7.5000  -45.0000 2342.9709   13.1547
    7.5000   -7.5000  -45.0000 2340.9663   13.1728
   -7.5000    0.0000  -45.0000 2356.9529   12.7292
    0.0000    0.0000  -45.0000 2379.0798   12.6076
    7.5000    0.0000  -45.0000 2374.6975   12.6310
   -7.5000    7.5000  -45.0000 2378.4919   12.4158
    0.0000    7.5000  -45.0000 2405.3286   12.3102
    7.5000    7.5000  -45.0000 2397.8843   12.3004
   -7.5000   15.0000  -45.0000 2385.3833   12.2908
    0.0000   15.0000  -45.0000 2410.4033   12.1624
    7.5000   15.0000  -45.0000 2402.7485   12.1798
   -7.5000   22.5000  -45.0000 2367.2996   12.4062
    0.0000   22.5000  -45.0000 2394.7966   12.2594
    7.5000   22.5000  -45.0000 2389.8911   12.2973
   -7.5000   30.0000  -45.0000 2335.2200   12.7579
    0.0000   30.0000  -45.0000 2364.8809   12.6029
    7.5000   30.0000  -45.0000 2357.1799   12.6362
   -7.5000   37.5000  -45.0000 2285.8958   13.4279
    0.0000   37.5000  -45.0000 2315.0098   13.2628
    7.5000   37.5000  -45.0000 2306.4497   13.3052
   -7.5000   45.0000  -45.0000 2215.3772   14.4159
    0.0000   45.0000  -45.0000 2242.2800   14.2384
    7.5000   45.0000  -45.0000 2230.2891   14.3278
   -7.5000  -45.0000  -37.5000 1806.5975   21.2227
    0.0000  -45.0000  -37.5000 1816.8082   20.9790
    7.5000  -45.0000  -37.5000 1819.0804   21.0698
   -7.5000  -37.5000  -37.5000 1942.9823   18.3690
    0.0000  -37.5000  -37.5000 1962.0120   18.1770
    7.5000  -37.5000  -37.5000 1964.0507   18.1890
   -7.5000  -30.0000  -37.5000 2086.1294   16.1507
    0.0000  -30.0000  -37.5000 2105.8459   15.9904
    7.5000  -30.0000  -37.5000 2106.8979   15.9848
   -7.5000  -22.5000  -37.5000 2214.9258   14.4645
    0.0000  -22.5000  -37.5000 2235.5979   14.3035
    7.5000  -22.5000  -37.5000 2231.2720   14.3221
   -7.5000  -15.0000  -37.5000 2318.1726   13.2333
    0.0000  -15.0000  -37.5000 2342.3997   13.0912
    7.5000  -15.0000  -37.5000 2339.5095   13.1257
   -7.5000   -7.5000  -37.5000 2396.2778   12.3933
    0.0000   -7.5000  -37.5000 2421.2866   12.2422
    7.5000   -7.5000  -37.5000 2417.0229   12.2721
   -7.5000    0.0000  -37.5000 2436.9131   11.8489
    0.0000    0.0000  -37.5000 2463.1794   11.7056
    7.5000    0.0000  -37.5000 2458.1675   11.7310
   -7.5000    7.5000  -37.5000 2478.5469   11.5224
    0.0000    7.5000  -37.5000 2501.0303   11.4131
    7.5000    7.5000  -37.5000 2494.8184   11.4184
   -7.5000   15.0000  -37.5000 2496.6680   11.3599
    0.0000   15.0000  -37.5000 2519.8889   11.2653
    7.5000   15.0000  -37.5000 2509.1003   11.2950
   -7.5000   22.5000  -37.5000 2479.5837   11.4658
    0.0000   22.5000  -37.5000 2506.6443   11.3758
    7.5000   22.5000  -37.5000 2498.4087   11.4128
   -7.5000   30.0000  -37.5000 2442.5037   11.8383
    0.0000   30.0000  -37.5000 2474.7712   11.7304
    7.5000   30.0000  -37.5000 2461.1567   11.7801
   -7.5000   37.5000  -37.5000 2387.7759   12.4864
    0.0000   37.5000  -37.5000 2418.2883   12.3579
    7.5000   37.5000  -37.5000 2407.2290   12.4020
   -7.5000   45.0000  -37.5000 2311.7463   13.3926
    0.0000   45.0000  -37.5000 2338.5637   13.2517
    7.5000   45.0000  -37.5000 2326.3938   13.3090
   -7.5000  -45.0000  -30.0000 1879.1736   20.7973
    0.0000  -45.0000  -30.0000 1896.6570   20.5630
    7.5000  -45.0000  -30.0000 1894.5240   20.5846
   -7.5000  -37.5000  -30.0000 2027.5061   17.9902
    0.0000  -37.5000  -30.0000 2049.8625   17.7227
    7.5000  -37.5000  -30.0000 2050.3884   17.7659
   -7.5000  -30.0000  -30.0000 2181.0271   15.8201
    0.0000  -30.0000  -30.0000 2205.1086   15.5824
    7.5000  -30.0000  -30.0000 2207.1567   15.6282
   -7.5000  -22.5000  -30.0000 2313.8638   14.1356
    0.0000  -22.5000  -30.0000 2338.6855   13.9543
    7.5000  -22.5000  -30.0000 2338.5146   13.9851
   -7.5000  -15.0000  -30.0000 2419.1331   12.8998
    0.0000  -15.0000  -30.0000 2445.0701   12.7249
    7.5000  -15.0000  -30.0000 2443.1013   12.7608
   -7.5000   -7.5000  -30.0000 2506.0166   12.0324
    0.0000   -7.5000  -30.0000 2532.4546   11.8797
    7.5000   -7.5000  -30.0000 2530.6279   11.9101
   -7.5000    0.0000  -30.0000 2560.7524   11.4525
    0.0000    0.0000  -30.0000 2589.6550   11.2845
    7.5000    0.0000  -30.0000 2585.2937   11.3180
   -7.5000    7.5000  -30.0000 2613.1833   11.0870
    0.0000    7.5000  -30.0000 2642.3618   10.9668
    7.5000    7.5000  -30.0000 2632.3540   10.9871
   -7.5000   15.0000  -30.0000 2642.5190   10.8981
    0.0000   15.0000  -30.0000 2670.7178   10.8218
    7.5000   15.0000  -30.0000 2655.2097   10.8554
   -7.5000   22.5000  -30.0000 2635.3250   11.0089
    0.0000   22.5000  -30.0000 2667.2109   10.9243
    7.5000   22.5000  -30.0000 2648.6196   10.9755
   -7.5000   30.0000  -30.0000 2597.9053   11.3985
    0.0000   30.0000  -30.0000 2632.5483   11.3029
    7.5000   30.0000  -30.0000 2616.3269   11.3542
   -7.5000   37.5000  -30.0000 2537.1350   12.0729
    0.0000   37.5000  -30.0000 2572.0938   11.9550
    7.5000   37.5000  -30.0000 2553.7197   12.0008
   -7.5000   45.0000  -30.0000 2447.4783   12.9526
    0.0000   45.0000  -30.0000 2475.5305   12.8179
    7.5000   45.0000  -30.0000 2457.4805   12.8571
   -7.5000  -45.0000  -22.5000 1931.9056   20.3227
    0.0000  -45.0000  -22.5000 1952.1550   20.0212
    7.5000  -45.0000  -22.5000 1950.2410   20.0687
   -7.5000  -37.5000  -22.5000 2089.6931   17.5926
    0.0000  -37.5000  -22.5000 2110.1453   17.2319
    7.5000  -37.5000  -22.5000 2110.7820   17.3087
   -7.5000  -30.0000  -22.5000 2247.6206   15.4164
    0.0000  -30.0000  -22.5000 2271.8059   15.1502
    7.5000  -30.0000  -22.5000 2269.1084   15.1848
   -7.5000  -22.5000  -22.5000 2379.9736   13.7341
    0.0000  -22.5000  -22.5000 2403.1831   13.5214
    7.5000  -22.5000  -22.5000 2400.4890   13.5711
   -7.5000  -15.0000  -22.5000 2485.1914   12.4992
    0.0000  -15.0000  -22.5000 2516.4077   12.3106
    7.5000  -15.0000  -22.5000 2516.3962   12.3598
   -7.5000   -7.5000  -22.5000 2585.8792   11.6182
    0.0000   -7.5000  -22.5000 2618.5593   11.4328
    7.5000   -7.5000  -22.5000 2617.8044   11.4847
   -7.5000    0.0000  -22.5000 2662.2227   10.9956
    0.0000    0.0000  -22.5000 2694.8301   10.8285
    7.5000    0.0000  -22.5000 2688.6379   10.8707
   -7.5000    7.5000  -22.5000 2723.7742   10.6026
    0.0000    7.5000  -22.5000 2757.4944   10.4555
    7.5000    7.5000  -22.5000 2747.6682   10.5023
   -7.5000   15.0000  -22.5000 2760.3618   10.4123
    0.0000   15.0000  -22.5000 2796.2285   10.2939
    7.5000   15.0000  -22.5000 2774.6213   10.3572
   -7.5000   22.5000  -22.5000 2759.0398   10.5245
    0.0000   22.5000  -22.5000 2796.7324   10.3998
    7.5000   22.5000  -22.5000 2769.2280   10.4564
   -7.5000   30.0000  -22.5000 2724.7078   10.8973
    0.0000   30.0000  -22.5000 2759.3052   10.7879
    7.5000   30.0000  -22.5000 2738.7195   10.8549
   -7.5000   37.5000  -22.5000 2654.0115   11.5405
    0.0000   37.5000  -22.5000 2685.8696   11.4394
    7.5000   37.5000  -22.5000 2665.3367   11.5006
   -7.5000   45.0000  -22.5000 2552.9182   12.4070
    0.0000   45.0000  -22.5000 2579.1216   12.2817
    7.5000   45.0000  -22.5000 2555.5999   12.3484
   -7.5000  -45.0000  -15.0000 1960.3198   19.9710
    0.0000  -45.0000  -15.0000 1980.5000   19.5781
    7.5000  -45.0000  -15.0000 1981.4362   19.7149
   -7.5000  -37.5000  -15.0000 2120.0476   17.2583
    0.0000  -37.5000  -15.0000 2145.8342   16.8685
    7.5000  -37.5000  -15.0000 2142.5576   16.9462
   -7.5000  -30.0000  -15.0000 2278.7288   15.0887
    0.0000  -30.0000  -15.0000 2304.7253   14.7381
    7.5000  -30.0000  -15.0000 2300.0979   14.8143
   -7.5000  -22.5000  -15.0000 2408.3909   13.3807
    0.0000  -22.5000  -15.0000 2434.9954   13.0908
    7.5000  -22.5000  -15.0000 2431.2651   13.2063
   -7.5000  -15.0000  -15.0000 2521.5947   12.1556
    0.0000  -15.0000  -15.0000 2551.7288   11.9019
    7.5000  -15.0000  -15.0000 2550.5576   11.9922
   -7.5000   -7.5000  -15.0000 2637.3376   11.2555
    0.0000   -7.5000  -15.0000 2665.0466   11.0350
    7.5000   -7.5000  -15.0000 2663.2632   11.1145
   -7.5000    0.0000  -15.0000 2730.4319   10.6205
    0.0000    0.0000  -15.0000 2762.5085   10.4009
    7.5000    0.0000  -15.0000 2752.3667   10.4802
   -7.5000    7.5000  -15.0000 2803.0891   10.2128
    0.0000    7.5000  -15.0000 2844.4165    9.9864
    7.5000    7.5000  -15.0000 2828.5391   10.0750
   -7.5000   15.0000  -15.0000 2857.0735   10.0227
    0.0000   15.0000  -15.0000 2896.1538    9.8038
    7.5000   15.0000  -15.0000 2866.1018    9.9127
   -7.5000   22.5000  -15.0000 2859.3931   10.1201
    0.0000   22.5000  -15.0000 2900.9175    9.9235
    7.5000   22.5000  -15.0000 2865.7698   10.0149
   -7.5000   30.0000  -15.0000 2815.7849   10.4777
    0.0000   30.0000  -15.0000 2851.9709   10.3257
    7.5000   30.0000  -15.0000 2823.8994   10.4017
   -7.5000   37.5000  -15.0000 2732.9595   11.0747
    0.0000   37.5000  -15.0000 2760.9180   10.9269
    7.5000   37.5000  -15.0000 2739.2532   11.0019
   -7.5000   45.0000  -15.0000 2617.3225   11.9547
    0.0000   45.0000  -15.0000 2641.3213   11.7863
    7.5000   45.0000  -15.0000 2618.9600   11.8650
   -7.5000  -45.0000   -7.5000 1977.4283   19.8102
    0.0000  -45.0000   -7.5000 2002.6693   19.3226
    7.5000  -45.0000   -7.5000 1998.1305   19.4537
   -7.5000  -37.5000   -7.5000 2138.9529   17.0562
    0.0000  -37.5000   -7.5000 2167.0095   16.6166
    7.5000  -37.5000   -7.5000 2162.2383   16.7436
   -7.5000  -30.0000   -7.5000 2291.2729   14.8141
    0.0000  -30.0000   -7.5000 2316.0562   14.4505
    7.5000  -30.0000   -7.5000 2310.2578   14.5836
   -7.5000  -22.5000   -7.5000 2419.0576   13.1034
    0.0000  -22.5000   -7.5000 2442.5579   12.7827
    7.5000  -22.5000   -7.5000 2440.9612   12.9264
   -7.5000  -15.0000   -7.5000 2539.6033   11.8398
    0.0000  -15.0000   -7.5000 2565.5095   11.5680
    7.5000  -15.0000   -7.5000 2562.7131   11.6996
   -7.5000   -7.5000   -7.5000 2662.3242   10.9399
    0.0000   -7.5000   -7.5000 2689.9617   10.6838
    7.5000   -7.5000   -7.5000 2682.9187   10.8123
   -7.5000    0.0000   -7.5000 2763.1074   10.3037
    0.0000    0.0000   -7.5000 2799.1289   10.0632
    7.5000    0.0000   -7.5000 2782.0144   10.1671
   -7.5000    7.5000   -7.5000 2860.5352    9.8899
    0.0000    7.5000   -7.5000 2899.4202    9.6489
    7.5000    7.5000   -7.5000 2875.0312    9.7607
   -7.5000   15.0000   -7.5000 2926.0771    9.7060
    0.0000   15.0000   -7.5000 2972.7473    9.4355
    7.5000   15.0000   -7.5000 2935.4253    9.5773
   -7.5000   22.5000   -7.5000 2936.1816    9.8054
    0.0000   22.5000   -7.5000 2979.2947    9.5754
    7.5000   22.5000   -7.5000 2940.3228    9.6949
   -7.5000   30.0000   -7.5000 2876.0010   10.1612
    0.0000   30.0000   -7.5000 2910.8979    9.9675
    7.5000   30.0000   -7.5000 2880.5247   10.0734
   -7.5000   37.5000   -7.5000 2780.6506   10.7255
    0.0000   37.5000   -7.5000 2806.9521   10.5414
    7.5000   37.5000   -7.5000 2783.2126   10.6334
   -7.5000   45.0000   -7.5000 2654.8459   11.6062
    0.0000   45.0000   -7.5000 2678.3459   11.4232
    7.5000   45.0000   -7.5000 2657.6880   11.4801
   -7.5000  -45.0000    0.0000 1977.5785   19.7712
    0.0000  -45.0000    0.0000 2001.2721   19.2754
    7.5000  -45.0000    0.0000 1996.7017   19.3833
   -7.5000  -37.5000    0.0000 2143.6777   16.9482
    0.0000  -37.5000    0.0000 2172.3130   16.5316
    7.5000  -37.5000    0.0000 2163.1846   16.6830
   -7.5000  -30.0000    0.0000 2294.0322   14.7106
    0.0000  -30.0000    0.0000 2317.2517   14.3292
    7.5000  -30.0000    0.0000 2310.0137   14.4955
   -7.5000  -22.5000    0.0000 2417.0015   13.0037
    0.0000  -22.5000    0.0000 2438.5103   12.6643
    7.5000  -22.5000    0.0000 2433.2852   12.8363
   -7.5000  -15.0000    0.0000 2542.4412   11.7512
    0.0000  -15.0000    0.0000 2560.3799   11.4454
    7.5000  -15.0000    0.0000 2555.8650   11.6038
   -7.5000   -7.5000    0.0000 2666.6001   10.8333
    0.0000   -7.5000    0.0000 2690.2708   10.5528
    7.5000   -7.5000    0.0000 2679.0015   10.6986
   -7.5000    0.0000    0.0000 2778.0295   10.1668
    0.0000    0.0000    0.0000 2805.3313    9.9161
    7.5000    0.0000    0.0000 2785.4626   10.0551
   -7.5000    7.5000    0.0000 2882.5576    9.7495
    0.0000    7.5000    0.0000 2918.1880    9.5611
    7.5000    7.5000    0.0000 2886.1609    9.6796
   -7.5000   15.0000    0.0000 2951.7683    9.5944
    0.0000   15.0000    0.0000 3005.6089    9.4121
    7.5000   15.0000    0.0000 2959.7588    9.5549
   -7.5000   22.5000    0.0000 2976.6956    9.6686
    0.0000   22.5000    0.0000 3030.3711    9.5059
    7.5000   22.5000    0.0000 2973.4041    9.6386
   -7.5000   30.0000    0.0000 2901.1697   10.0398
    0.0000   30.0000    0.0000 2942.5229    9.8953
    7.5000   30.0000    0.0000 2905.5918    9.9608
   -7.5000   37.5000    0.0000 2795.1873   10.5884
    0.0000   37.5000    0.0000 2825.8142   10.4103
    7.5000   37.5000    0.0000 2802.0889   10.4708
   -7.5000   45.0000    0.0000 2661.9087   11.4519
    0.0000   45.0000    0.0000 2688.2607   11.2785
    7.5000   45.0000    0.0000 2666.4792   11.3118
   -7.5000  -45.0000    7.5000 1956.9583   19.9775
    0.0000  -45.0000    7.5000 1975.5383   19.5462
    7.5000  -45.0000    7.5000 1970.5345   19.7383
   -7.5000  -37.5000    7.5000 2130.3315   17.1310
    0.0000  -37.5000    7.5000 2153.2810   16.7126
    7.5000  -37.5000    7.5000 2143.8862   16.9434
   -7.5000  -30.0000    7.5000 2283.5295   14.8280
    0.0000  -30.0000    7.5000 2305.9727   14.4611
    7.5000  -30.0000    7.5000 2298.2466   14.6814
   -7.5000  -22.5000    7.5000 2415.2002   13.1035
    0.0000  -22.5000    7.5000 2434.2515   12.7808
    7.5000  -22.5000    7.5000 2425.1299   12.9698
   -7.5000  -15.0000    7.5000 2538.4717   11.8496
    0.0000  -15.0000    7.5000 2557.3430   11.5700
    7.5000  -15.0000    7.5000 2542.1072   11.7309
   -7.5000   -7.5000    7.5000 2663.0293   10.9435
    0.0000   -7.5000    7.5000 2683.3298   10.7006
    7.5000   -7.5000    7.5000 2659.3784   10.8476
   -7.5000    0.0000    7.5000 2770.4043   10.2978
    0.0000    0.0000    7.5000 2798.7764   10.0771
    7.5000    0.0000    7.5000 2765.5242   10.2296
   -7.5000    7.5000    7.5000 2864.7612    9.8568
    0.0000    7.5000    7.5000 2905.0974    9.7130
    7.5000    7.5000    7.5000 2865.9888    9.8257
   -7.5000   15.0000    7.5000 2929.9121    9.6715
    0.0000   15.0000    7.5000 2974.8542    9.5359
    7.5000   15.0000    7.5000 2930.4722    9.6780
   -7.5000   22.5000    7.5000 2950.2744    9.7815
    0.0000   22.5000    7.5000 2991.5359    9.6550
    7.5000   22.5000    7.5000 2942.9875    9.7605
   -7.5000   30.0000    7.5000 2881.0408   10.1642
    0.0000   30.0000    7.5000 2917.9932   10.0406
    7.5000   30.0000    7.5000 2881.9504   10.0979
   -7.5000   37.5000    7.5000 2778.3101   10.7189
    0.0000   37.5000    7.5000 2809.2573   10.5480
    7.5000   37.5000    7.5000 2782.6909   10.6070
   -7.5000   45.0000    7.5000 2648.6042   11.5497
    0.0000   45.0000    7.5000 2673.8521   11.3599
    7.5000   45.0000    7.5000 2653.1138   11.3937
   -7.5000  -45.0000   15.0000 1923.3302   20.3439
    0.0000  -45.0000   15.0000 1936.5739   19.9737
    7.5000  -45.0000   15.0000 1928.2040   20.2612
   -7.5000  -37.5000   15.0000 2098.9502   17.4338
    0.0000  -37.5000   15.0000 2119.3682   17.0839
    7.5000  -37.5000   15.0000 2110.3533   17.3245
   -7.5000  -30.0000   15.0000 2260.7268   15.0969
    0.0000  -30.0000   15.0000 2282.5049   14.8078
    7.5000  -30.0000   15.0000 2270.9441   15.0079
   -7.5000  -22.5000   15.0000 2401.8953   13.3837
    0.0000  -22.5000   15.0000 2418.5544   13.1483
    7.5000  -22.5000   15.0000 2400.8728   13.3516
   -7.5000  -15.0000   15.0000 2519.1157   12.1730
    0.0000  -15.0000   15.0000 2536.7747   11.9646
    7.5000  -15.0000   15.0000 2511.6196   12.1551
   -7.5000   -7.5000   15.0000 2640.9116   11.3000
    0.0000   -7.5000   15.0000 2659.5032   11.0893
    7.5000   -7.5000   15.0000 2628.2439   11.2811
   -7.5000    0.0000   15.0000 2743.4651   10.6497
    0.0000    0.0000   15.0000 2766.2390   10.4472
    7.5000    0.0000   15.0000 2728.1697   10.6101
   -7.5000    7.5000   15.0000 2827.2458   10.1839
    0.0000    7.5000   15.0000 2855.8713    9.9986
    7.5000    7.5000   15.0000 2817.4905   10.1558
   -7.5000   15.0000   15.0000 2881.3411    9.9772
    0.0000   15.0000   15.0000 2910.4951    9.8066
    7.5000   15.0000   15.0000 2873.9248    9.9353
   -7.5000   22.5000   15.0000 2885.0615   10.0876
    0.0000   22.5000   15.0000 2916.7776    9.9428
    7.5000   22.5000   15.0000 2879.3403   10.0187
   -7.5000   30.0000   15.0000 2822.7495   10.4474
    0.0000   30.0000   15.0000 2853.1279   10.3043
    7.5000   30.0000   15.0000 2821.9792   10.3688
   -7.5000   37.5000   15.0000 2731.3911   11.0075
    0.0000   37.5000   15.0000 2752.0012   10.8527
    7.5000   37.5000   15.0000 2727.7473   10.9220
   -7.5000   45.0000   15.0000 2607.4250   11.8132
    0.0000   45.0000   15.0000 2629.1565   11.6549
    7.5000   45.0000   15.0000 2608.7673   11.6961
   -7.5000  -45.0000   22.5000 1887.0770   21.0059
    0.0000  -45.0000   22.5000 1897.7694   20.6935
    7.5000  -45.0000   22.5000 1882.2101   21.0117
   -7.5000  -37.5000   22.5000 2062.7246   17.9758
    0.0000  -37.5000   22.5000 2079.3108   17.7159
    7.5000  -37.5000   22.5000 2062.9185   17.9603
   -7.5000  -30.0000   22.5000 2229.1025   15.5948
    0.0000  -30.0000   22.5000 2246.0962   15.3777
    7.5000  -30.0000   22.5000 2230.8298   15.6038
   -7.5000  -22.5000   22.5000 2371.7627   13.8573
    0.0000  -22.5000   22.5000 2388.1541   13.6743
    7.5000  -22.5000   22.5000 2365.9783   13.8978
   -7.5000  -15.0000   22.5000 2488.5239   12.6690
    0.0000  -15.0000   22.5000 2509.9753   12.4846
    7.5000  -15.0000   22.5000 2480.9990   12.6905
   -7.5000   -7.5000   22.5000 2603.8442   11.7882
    0.0000   -7.5000   22.5000 2626.3843   11.5958
    7.5000   -7.5000   22.5000 2588.7966   11.7865
   -7.5000    0.0000   22.5000 2696.0083   11.1326
    0.0000    0.0000   22.5000 2721.1121   10.9122
    7.5000    0.0000   22.5000 2681.1782   11.0943
   -7.5000    7.5000   22.5000 2771.5383   10.6775
    0.0000    7.5000   22.5000 2797.0266   10.4640
    7.5000    7.5000   22.5000 2756.7698   10.6175
   -7.5000   15.0000   22.5000 2813.9651   10.4628
    0.0000   15.0000   22.5000 2836.4944   10.2856
    7.5000   15.0000   22.5000 2799.3594   10.3910
   -7.5000   22.5000   22.5000 2804.5862   10.5511
    0.0000   22.5000   22.5000 2831.3184   10.3852
    7.5000   22.5000   22.5000 2796.2849   10.4775
   -7.5000   30.0000   22.5000 2746.1526   10.8892
    0.0000   30.0000   22.5000 2770.5447   10.7264
    7.5000   30.0000   22.5000 2738.2656   10.8101
   -7.5000   37.5000   22.5000 2659.7473   11.4331
    0.0000   37.5000   22.5000 2680.9861   11.2628
    7.5000   37.5000   22.5000 2656.5088   11.3289
   -7.5000   45.0000   22.5000 2549.9309   12.2080
    0.0000   45.0000   22.5000 2572.0312   12.0534
    7.5000   45.0000   22.5000 2549.0408   12.1167
   -7.5000  -45.0000   30.0000 1848.2312   21.9803
    0.0000  -45.0000   30.0000 1857.4711   21.7079
    7.5000  -45.0000   30.0000 1839.9486   21.9977
   -7.5000  -37.5000   30.0000 2020.6913   18.7487
    0.0000  -37.5000   30.0000 2032.6699   18.5149
    7.5000  -37.5000   30.0000 2019.3831   18.7706
   -7.5000  -30.0000   30.0000 2185.7761   16.3085
    0.0000  -30.0000   30.0000 2200.6711   16.0922
    7.5000  -30.0000   30.0000 2183.7930   16.3304
   -7.5000  -22.5000   30.0000 2327.7473   14.5520
    0.0000  -22.5000   30.0000 2345.3896   14.3728
    7.5000  -22.5000   30.0000 2316.2324   14.5719
   -7.5000  -15.0000   30.0000 2443.1792   13.3222
    0.0000  -15.0000   30.0000 2462.7893   13.1676
    7.5000  -15.0000   30.0000 2428.2876   13.3537
   -7.5000   -7.5000   30.0000 2548.4128   12.4270
    0.0000   -7.5000   30.0000 2568.3083   12.2523
    7.5000   -7.5000   30.0000 2529.7078   12.4452
   -7.5000    0.0000   30.0000 2629.0266   11.7735
    0.0000    0.0000   30.0000 2652.2529   11.5640
    7.5000    0.0000   30.0000 2609.8391   11.7228
   -7.5000    7.5000   30.0000 2694.4629   11.3141
    0.0000    7.5000   30.0000 2715.1880   11.1287
    7.5000    7.5000   30.0000 2677.7671   11.2546
   -7.5000   15.0000   30.0000 2722.5286   11.0990
    0.0000   15.0000   30.0000 2742.4395   10.9219
    7.5000   15.0000   30.0000 2709.6106   11.0381
   -7.5000   22.5000   30.0000 2712.4656   11.1471
    0.0000   22.5000   30.0000 2732.7292   10.9865
    7.5000   22.5000   30.0000 2700.3364   11.0861
   -7.5000   30.0000   30.0000 2657.9966   11.4667
    0.0000   30.0000   30.0000 2674.9866   11.3194
    7.5000   30.0000   30.0000 2644.8486   11.4027
   -7.5000   37.5000   30.0000 2572.8086   12.0074
    0.0000   37.5000   30.0000 2593.8472   11.8387
    7.5000   37.5000   30.0000 2569.8188   11.9129
   -7.5000   45.0000   30.0000 2476.8196   12.7600
    0.0000   45.0000   30.0000 2496.9192   12.5770
    7.5000   45.0000   30.0000 2469.3408   12.6639
   -7.5000  -45.0000   37.5000 1801.1807   23.2190
    0.0000  -45.0000   37.5000 1810.9865   22.9412
    7.5000  -45.0000   37.5000 1794.3890   23.2686
   -7.5000  -37.5000   37.5000 1974.5251   19.8243
    0.0000  -37.5000   37.5000 1986.8564   19.5782
    7.5000  -37.5000   37.5000 1969.1204   19.8550
   -7.5000  -30.0000   37.5000 2139.3159   17.2799
    0.0000  -30.0000   37.5000 2152.0959   17.0815
    7.5000  -30.0000   37.5000 2129.1113   17.2946
   -7.5000  -22.5000   37.5000 2279.3530   15.4715
    0.0000  -22.5000   37.5000 2294.0186   15.3167
    7.5000  -22.5000   37.5000 2263.9717   15.4878
   -7.5000  -15.0000   37.5000 2386.4302   14.1951
    0.0000  -15.0000   37.5000 2403.8960   14.0528
    7.5000  -15.0000   37.5000 2368.8330   14.2148
   -7.5000   -7.5000   37.5000 2480.7256   13.2642
    0.0000   -7.5000   37.5000 2499.6997   13.0989
    7.5000   -7.5000   37.5000 2462.5015   13.2557
   -7.5000    0.0000   37.5000 2554.8672   12.5918
    0.0000    0.0000   37.5000 2568.5520   12.3852
    7.5000    0.0000   37.5000 2534.6897   12.5302
   -7.5000    7.5000   37.5000 2607.5212   12.1240
    0.0000    7.5000   37.5000 2618.7258   11.9447
    7.5000    7.5000   37.5000 2587.2893   12.0408
   -7.5000   15.0000   37.5000 2624.0610   11.8838
    0.0000   15.0000   37.5000 2639.0732   11.7224
    7.5000   15.0000   37.5000 2608.7026   11.8169
   -7.5000   22.5000   37.5000 2605.8020   11.9280
    0.0000   22.5000   37.5000 2623.8264   11.7710
    7.5000   22.5000   37.5000 2597.6191   11.8504
   -7.5000   30.0000   37.5000 2566.6577   12.2264
    0.0000   30.0000   37.5000 2583.8333   12.0820
    7.5000   30.0000   37.5000 2553.4331   12.1478
   -7.5000   37.5000   37.5000 2491.9482   12.7510
    0.0000   37.5000   37.5000 2509.9260   12.6015
    7.5000   37.5000   37.5000 2481.5403   12.6739
   -7.5000   45.0000   37.5000 2395.9478   13.4983
    0.0000   45.0000   37.5000 2410.8657   13.3421
    7.5000   45.0000   37.5000 2388.6445   13.4149
   -7.5000  -45.0000   45.0000 1744.5645   24.8374
    0.0000  -45.0000   45.0000 1754.7528   24.5490
    7.5000  -45.0000   45.0000 1737.8558   24.9752
   -7.5000  -37.5000   45.0000 1920.7866   21.2387
    0.0000  -37.5000   45.0000 1930.1154   20.9798
    7.5000  -37.5000   45.0000 1913.0464   21.2999
   -7.5000  -30.0000   45.0000 2081.1233   18.5922
    0.0000  -30.0000   45.0000 2091.7642   18.3684
    7.5000  -30.0000   45.0000 2067.1753   18.6140
   -7.5000  -22.5000   45.0000 2213.1765   16.6618
    0.0000  -22.5000   45.0000 2224.7085   16.5068
    7.5000  -22.5000   45.0000 2193.3508   16.6934
   -7.5000  -15.0000   45.0000 2315.9233   15.2947
    0.0000  -15.0000   45.0000 2326.6323   15.1705
    7.5000  -15.0000   45.0000 2289.2776   15.3263
   -7.5000   -7.5000   45.0000 2402.2456   14.3297
    0.0000   -7.5000   45.0000 2413.0798   14.1518
    7.5000   -7.5000   45.0000 2381.2490   14.2992
   -7.5000    0.0000   45.0000 2464.8770   13.5988
    0.0000    0.0000   45.0000 2471.1904   13.4054
    7.5000    0.0000   45.0000 2443.0056   13.5306
   -7.5000    7.5000   45.0000 2505.2390   13.1006
    0.0000    7.5000   45.0000 2510.9863   12.9238
    7.5000    7.5000   45.0000 2486.6682   13.0239
   -7.5000   15.0000   45.0000 2514.1702   12.8526
    0.0000   15.0000   45.0000 2524.8904   12.6878
    7.5000   15.0000   45.0000 2499.5234   12.7928
   -7.5000   22.5000   45.0000 2496.9309   12.8832
    0.0000   22.5000   45.0000 2511.4631   12.7395
    7.5000   22.5000   45.0000 2492.0925   12.7971
   -7.5000   30.0000   45.0000 2456.9768   13.1635
    0.0000   30.0000   45.0000 2470.3821   13.0141
    7.5000   30.0000   45.0000 2448.9641   13.0845
   -7.5000   37.5000   45.0000 2399.3765   13.6589
    0.0000   37.5000   45.0000 2413.6501   13.5339
    7.5000   37.5000   45.0000 2387.7444   13.6117
   -7.5000   45.0000   45.0000 2309.1589   14.4296
    0.0000   45.0000   45.0000 2321.1741   14.2862
    7.5000   45.0000   45.0000 2299.9536   14.3831

---------------------------------------------------------------------
imgreg_4dfp /opt/freesurfer/average/711-2C_as_mni_average_305 /opt/freesurfer/average/711-2B_as_mni_average_305_mask talsrcimg_g11 none talsrcimg_to_711-2C_as_mni_average_305_t4 1283
---------------------------------------------------------------------

freesurfer imgreg_4dfp.c
/opt/freesurfer/average/711-2C_as_mni_average_305.4dfp.img
       256       256       256         1
  1.000000  1.000000  1.000000
orientation T byte_order littleendian
Reading image: /opt/freesurfer/average/711-2C_as_mni_average_305.4dfp.img
dimensions:      256       256       256
mmppix:       1.0000   -1.0000   -1.0000
center:     128.0000 -129.0000 -129.0000
/opt/freesurfer/average/711-2B_as_mni_average_305_mask.4dfp.img
       256       256       256         1
  1.000000  1.000000  1.000000
orientation T byte_order littleendian
Reading mask: /opt/freesurfer/average/711-2B_as_mni_average_305_mask.4dfp.img (2306576 pixels)
talsrcimg_g11.4dfp.img
       256       256       256         1
  1.000000  1.000000  1.000000
orientation T byte_order littleendian
Reading image: talsrcimg_g11.4dfp.img
dimensions:      256       256       256
mmppix:       1.0000   -1.0000   -1.0000
center:     128.0000 -129.0000 -129.0000
rotation matrix determinant  1.000000
fimgreg.f
image alignment mode   1283 decimal      503 hex
parameters
    0.0000   22.5000    0.0000    0.0000    0.0000    0.0000
eta,q 0.95283  9.49411
niter,ni,del,rscale     5    3   12.0000    1.2000
parameter  5 -1.022466 -> -0.500000 qaram    1.1500
parameters
   -0.0002   20.3818    0.6059   -0.8258    3.4500    0.4682
eta,q 0.95694  9.34103
  0.0623  0.0537  0.0599  0.0547  0.0625  0.0494
  0.0570  0.0497  0.0553  0.0497  0.0573  0.0464
  0.0528  0.0489  0.0510  0.0478  0.0522  0.0442
  0.0506  0.0506  0.0489  0.0488  0.0482  0.0432
  0.0513  0.0541  0.0500  0.0514  0.0448  0.0433
  0.0555  0.0599  0.0529  0.0541  0.0428  0.0451
  0.0638  0.0684  0.0563  0.0564  0.0434  0.0479
niter,ni,del,rscale     5    3   12.0000    1.2000
parameters
   -0.9367   20.8051    0.3463   -1.0720    4.8750    0.2929
eta,q 0.95842  9.35840
  0.0552  0.0583  0.0536  0.0506  0.0577  0.0475
  0.0481  0.0496  0.0483  0.0453  0.0517  0.0445
  0.0432  0.0436  0.0439  0.0426  0.0463  0.0423
  0.0431  0.0425  0.0427  0.0426  0.0425  0.0416
  0.0476  0.0440  0.0454  0.0442  0.0417  0.0425
  0.0558  0.0476  0.0500  0.0472  0.0447  0.0451
  0.0648  0.0536  0.0550  0.0508  0.0497  0.0482
niter,ni,del,rscale     4    3   12.0000    1.2000
parameters
   -1.4029   20.8989    0.1966   -1.2145    5.3492    0.2073
eta,q 0.95859  9.36412
  0.0570  0.0558  0.0535  0.0496  0.0550  0.0476
  0.0497  0.0472  0.0477  0.0441  0.0488  0.0446
  0.0435  0.0419  0.0432  0.0414  0.0439  0.0424
  0.0416  0.0415  0.0415  0.0415  0.0414  0.0414
  0.0454  0.0434  0.0438  0.0430  0.0427  0.0422
  0.0533  0.0474  0.0489  0.0457  0.0465  0.0448
  0.0624  0.0539  0.0543  0.0492  0.0519  0.0481
niter,ni,del,rscale     3    3   12.0000    1.2000
parameters
   -1.5615   20.9363    0.1403   -1.2806    5.5187    0.1845
eta,q 0.95857  9.36571
  0.0585  0.0556  0.0538  0.0497  0.0540  0.0477
  0.0508  0.0470  0.0479  0.0442  0.0479  0.0447
  0.0442  0.0418  0.0433  0.0414  0.0432  0.0425
  0.0414  0.0414  0.0415  0.0415  0.0414  0.0414
  0.0443  0.0434  0.0434  0.0429  0.0431  0.0421
  0.0517  0.0476  0.0484  0.0455  0.0472  0.0447
  0.0608  0.0541  0.0540  0.0488  0.0528  0.0480
niter,ni,del,rscale     2    3   12.0000    1.2000
parameters
   -1.6157   20.9550    0.1210   -1.3115    5.5722    0.1784
eta,q 0.95855  9.36635
  0.0591  0.0555  0.0539  0.0498  0.0537  0.0477
  0.0512  0.0470  0.0480  0.0442  0.0476  0.0448
  0.0445  0.0418  0.0433  0.0414  0.0430  0.0425
  0.0414  0.0414  0.0415  0.0415  0.0414  0.0414
  0.0440  0.0434  0.0433  0.0429  0.0433  0.0421
  0.0512  0.0477  0.0483  0.0454  0.0474  0.0447
  0.0602  0.0542  0.0539  0.0487  0.0531  0.0479
registration optimization eta report
parameter search radius
    6.0000    6.0000    6.0000    6.0000    6.9000    6.0000
100000*second partial in parameter space
       49.       38.       34.       22.       25.       17.
  0.0591  0.0555  0.0539  0.0498  0.0537  0.0477
  0.0512  0.0470  0.0480  0.0442  0.0476  0.0448
  0.0445  0.0418  0.0433  0.0414  0.0430  0.0425
  0.0414  0.0414  0.0415  0.0415  0.0414  0.0414
  0.0440  0.0434  0.0433  0.0429  0.0433  0.0421
  0.0512  0.0477  0.0483  0.0454  0.0474  0.0447
  0.0602  0.0542  0.0539  0.0487  0.0531  0.0479
   -1.6157   20.9550    0.1210   -1.3115    5.5722    0.1784
eta,q 0.95855  9.36635

---------------------------------------------------------------------
imgreg_4dfp /opt/freesurfer/average/711-2C_as_mni_average_305 /opt/freesurfer/average/711-2B_as_mni_average_305_mask talsrcimg_g11 none talsrcimg_to_711-2C_as_mni_average_305_t4 3335
---------------------------------------------------------------------

freesurfer imgreg_4dfp.c
/opt/freesurfer/average/711-2C_as_mni_average_305.4dfp.img
       256       256       256         1
  1.000000  1.000000  1.000000
orientation T byte_order littleendian
Reading image: /opt/freesurfer/average/711-2C_as_mni_average_305.4dfp.img
dimensions:      256       256       256
mmppix:       1.0000   -1.0000   -1.0000
center:     128.0000 -129.0000 -129.0000
/opt/freesurfer/average/711-2B_as_mni_average_305_mask.4dfp.img
       256       256       256         1
  1.000000  1.000000  1.000000
orientation T byte_order littleendian
Reading mask: /opt/freesurfer/average/711-2B_as_mni_average_305_mask.4dfp.img (2306576 pixels)
talsrcimg_g11.4dfp.img
       256       256       256         1
  1.000000  1.000000  1.000000
orientation T byte_order littleendian
Reading image: talsrcimg_g11.4dfp.img
dimensions:      256       256       256
mmppix:       1.0000   -1.0000   -1.0000
center:     128.0000 -129.0000 -129.0000
fimgreg.f
image alignment mode   3335 decimal      D07 hex
parameters
   -1.6157   20.9550    0.1210   -0.4730   -0.0260   -0.4986
   -0.0891   -9.7145    0.3099    2.2586    9.7100   -2.2781
eta,q 0.95857  9.42171
niter,ni,del,rscale     5    3    5.0000    1.2000
parameter  4  2.106880 ->  0.500000 qaram    1.1500
parameter  5  1.760226 ->  0.500000 qaram    1.1500
parameter  6  0.618057 ->  0.500000 qaram    1.1500
parameter 11  0.767658 ->  0.500000 qaram    1.1500
parameters
   -1.7106   21.2439    0.0325   -4.6130   -4.1660   -4.6386
   -0.6337   -9.6185    0.6466    0.6862    5.5700   -1.9204
eta,q 0.97204  8.90510
  0.0439  0.0436  0.0432  0.0325  0.0286  0.0293  0.0316  0.0340  0.0313  0.0308  0.0280  0.0297
  0.0425  0.0426  0.0421  0.0343  0.0300  0.0290  0.0300  0.0314  0.0300  0.0295  0.0279  0.0288
  0.0416  0.0418  0.0415  0.0374  0.0320  0.0290  0.0291  0.0295  0.0292  0.0288  0.0282  0.0282
  0.0414  0.0414  0.0414  0.0414  0.0350  0.0305  0.0289  0.0289  0.0289  0.0289  0.0287  0.0280
  0.0418  0.0414  0.0416  0.0458  0.0384  0.0336  0.0295  0.0295  0.0291  0.0298  0.0296  0.0281
  0.0428  0.0419  0.0423  0.0505  0.0421  0.0376  0.0307  0.0312  0.0297  0.0315  0.0308  0.0286
  0.0443  0.0429  0.0434  0.0557  0.0464  0.0424  0.0324  0.0338  0.0309  0.0335  0.0323  0.0294
niter,ni,del,rscale     7    3    5.0000    1.2000
parameter  4  0.656169 ->  0.500000 qaram    1.3225
parameter  5  0.580725 ->  0.500000 qaram    1.3225
parameters
   -1.5657   21.3511   -0.3166   -9.3740   -8.9270   -6.2736
   -0.4502   -9.6506    1.2763    0.8795    2.7335   -2.2894
eta,q 0.97543  8.46921
  0.0322  0.0308  0.0293  0.0264  0.0253  0.0264  0.0277  0.0286  0.0268  0.0275  0.0252  0.0259
  0.0300  0.0292  0.0284  0.0260  0.0246  0.0254  0.0262  0.0264  0.0258  0.0259  0.0247  0.0251
  0.0286  0.0283  0.0280  0.0263  0.0249  0.0249  0.0252  0.0251  0.0251  0.0250  0.0246  0.0247
  0.0280  0.0279  0.0279  0.0279  0.0260  0.0245  0.0248  0.0248  0.0247  0.0247  0.0248  0.0246
  0.0282  0.0282  0.0283  0.0310  0.0279  0.0248  0.0251  0.0253  0.0249  0.0251  0.0252  0.0248
  0.0294  0.0289  0.0291  0.0354  0.0309  0.0268  0.0260  0.0266  0.0254  0.0259  0.0259  0.0254
  0.0313  0.0303  0.0304  0.0403  0.0347  0.0304  0.0274  0.0285  0.0262  0.0271  0.0268  0.0262
niter,ni,del,rscale     7    3    5.0000    1.2000
parameters
   -1.2478   21.9904    0.5136  -11.5291  -10.6490   -6.1226
   -0.2907   -9.4357    2.4646    1.4940    2.3021   -2.4323
eta,q 0.97574  8.30112
  0.0287  0.0283  0.0269  0.0265  0.0267  0.0272  0.0270  0.0283  0.0262  0.0272  0.0254  0.0257
  0.0267  0.0265  0.0257  0.0252  0.0256  0.0260  0.0256  0.0262  0.0253  0.0255  0.0248  0.0249
  0.0253  0.0252  0.0249  0.0245  0.0246  0.0249  0.0247  0.0248  0.0246  0.0246  0.0244  0.0244
  0.0246  0.0245  0.0243  0.0241  0.0243  0.0243  0.0243  0.0243  0.0243  0.0242  0.0243  0.0243
  0.0246  0.0244  0.0241  0.0250  0.0252  0.0242  0.0246  0.0247  0.0243  0.0245  0.0244  0.0245
  0.0255  0.0248  0.0243  0.0275  0.0270  0.0251  0.0255  0.0259  0.0246  0.0251  0.0249  0.0250
  0.0271  0.0256  0.0248  0.0318  0.0299  0.0277  0.0268  0.0278  0.0253  0.0262  0.0257  0.0258
niter,ni,del,rscale     6    3    5.0000    1.2000
parameters
   -1.3712   22.4088    0.5867  -11.9133  -11.3726   -6.3162
   -0.3302   -9.5230    3.0486    2.2080    2.0481   -2.6748
eta,q 0.97568  8.24484
  0.0270  0.0271  0.0258  0.0273  0.0269  0.0270  0.0269  0.0279  0.0259  0.0270  0.0254  0.0257
  0.0254  0.0257  0.0250  0.0258  0.0258  0.0258  0.0255  0.0259  0.0251  0.0255  0.0249  0.0249
  0.0245  0.0247  0.0244  0.0248  0.0248  0.0248  0.0246  0.0247  0.0246  0.0246  0.0245  0.0245
  0.0243  0.0243  0.0242  0.0242  0.0242  0.0243  0.0243  0.0243  0.0243  0.0243  0.0243  0.0243
  0.0247  0.0243  0.0243  0.0242  0.0246  0.0243  0.0247  0.0248  0.0244  0.0245  0.0245  0.0245
  0.0259  0.0247  0.0248  0.0255  0.0261  0.0254  0.0256  0.0261  0.0248  0.0251  0.0249  0.0251
  0.0276  0.0256  0.0257  0.0286  0.0284  0.0280  0.0269  0.0281  0.0255  0.0260  0.0256  0.0259
niter,ni,del,rscale     5    3    5.0000    1.2000
parameters
   -1.4478   22.7313    0.4720  -12.0593  -11.8358   -6.5595
   -0.2984   -9.6179    3.3374    3.0269    1.9084   -2.9565
eta,q 0.97563  8.21015
  0.0271  0.0268  0.0256  0.0274  0.0270  0.0270  0.0269  0.0278  0.0257  0.0269  0.0255  0.0257
  0.0255  0.0256  0.0249  0.0258  0.0258  0.0258  0.0256  0.0259  0.0250  0.0255  0.0249  0.0249
  0.0246  0.0247  0.0244  0.0248  0.0249  0.0248  0.0247  0.0248  0.0246  0.0246  0.0245  0.0245
  0.0243  0.0243  0.0243  0.0243  0.0243  0.0243  0.0244  0.0244  0.0244  0.0244  0.0244  0.0244
  0.0247  0.0244  0.0245  0.0242  0.0246  0.0243  0.0247  0.0248  0.0245  0.0246  0.0245  0.0246
  0.0258  0.0248  0.0250  0.0254  0.0259  0.0254  0.0255  0.0261  0.0249  0.0251  0.0249  0.0251
  0.0275  0.0258  0.0260  0.0282  0.0280  0.0280  0.0269  0.0280  0.0256  0.0258  0.0256  0.0259
niter,ni,del,rscale     4    3    5.0000    1.2000
parameters
   -1.4862   23.0512    0.3179  -12.2295  -12.3137   -6.8324
   -0.2395   -9.6632    3.4496    3.9508    1.9107   -3.2608
eta,q 0.97557  8.17361
  0.0272  0.0267  0.0256  0.0273  0.0269  0.0269  0.0269  0.0277  0.0257  0.0268  0.0255  0.0257
  0.0256  0.0256  0.0249  0.0258  0.0258  0.0258  0.0256  0.0259  0.0250  0.0255  0.0249  0.0250
  0.0247  0.0248  0.0245  0.0248  0.0249  0.0248  0.0247  0.0248  0.0246  0.0247  0.0246  0.0245
  0.0244  0.0244  0.0243  0.0243  0.0244  0.0244  0.0244  0.0244  0.0244  0.0244  0.0244  0.0244
  0.0247  0.0244  0.0245  0.0243  0.0246  0.0243  0.0247  0.0248  0.0245  0.0246  0.0245  0.0246
  0.0258  0.0249  0.0251  0.0254  0.0258  0.0254  0.0255  0.0260  0.0249  0.0250  0.0249  0.0251
  0.0274  0.0258  0.0260  0.0281  0.0278  0.0280  0.0269  0.0278  0.0257  0.0257  0.0255  0.0259
niter,ni,del,rscale     3    3    5.0000    1.2000
parameters
   -1.5057   23.4087    0.1462  -12.4286  -12.9183   -7.1992
   -0.1815   -9.6703    3.3216    5.0075    2.2292   -3.5033
eta,q 0.97554  8.12782
  0.0272  0.0267  0.0256  0.0272  0.0267  0.0267  0.0268  0.0276  0.0256  0.0268  0.0255  0.0256
  0.0257  0.0256  0.0249  0.0257  0.0257  0.0257  0.0256  0.0259  0.0250  0.0255  0.0250  0.0250
  0.0247  0.0248  0.0245  0.0248  0.0248  0.0248  0.0248  0.0248  0.0246  0.0247  0.0246  0.0246
  0.0244  0.0244  0.0244  0.0244  0.0244  0.0244  0.0244  0.0244  0.0244  0.0244  0.0245  0.0245
  0.0248  0.0244  0.0246  0.0243  0.0247  0.0244  0.0247  0.0248  0.0246  0.0246  0.0245  0.0246
  0.0257  0.0249  0.0251  0.0254  0.0258  0.0253  0.0255  0.0259  0.0250  0.0249  0.0248  0.0251
  0.0273  0.0257  0.0260  0.0280  0.0277  0.0279  0.0268  0.0276  0.0257  0.0256  0.0254  0.0258
niter,ni,del,rscale     2    3    5.0000    1.2000
parameters
   -1.5178   23.8170   -0.0226  -12.6943  -13.7007   -7.6712
   -0.1586   -9.5890    2.9071    6.0905    2.9382   -3.6122
eta,q 0.97557  8.06756
  0.0271  0.0268  0.0255  0.0269  0.0266  0.0265  0.0267  0.0274  0.0255  0.0267  0.0255  0.0256
  0.0257  0.0257  0.0249  0.0256  0.0255  0.0256  0.0255  0.0259  0.0249  0.0255  0.0250  0.0250
  0.0248  0.0249  0.0245  0.0248  0.0248  0.0248  0.0247  0.0249  0.0246  0.0248  0.0246  0.0246
  0.0245  0.0245  0.0244  0.0244  0.0244  0.0244  0.0245  0.0245  0.0245  0.0245  0.0244  0.0244
  0.0248  0.0244  0.0246  0.0244  0.0248  0.0245  0.0247  0.0248  0.0246  0.0245  0.0245  0.0246
  0.0257  0.0248  0.0251  0.0253  0.0259  0.0253  0.0255  0.0257  0.0251  0.0249  0.0247  0.0250
  0.0272  0.0256  0.0260  0.0278  0.0277  0.0277  0.0267  0.0274  0.0258  0.0256  0.0252  0.0257
niter,ni,del,rscale     1    3    5.0000    1.2000
parameters
   -1.5247   24.1847   -0.1287  -13.0461  -14.4410   -8.1530
   -0.1891   -9.4182    2.2486    6.9548    3.7352   -3.6106
eta,q 0.97563  8.00481
  0.0270  0.0267  0.0255  0.0267  0.0266  0.0264  0.0265  0.0273  0.0254  0.0266  0.0255  0.0255
  0.0256  0.0256  0.0249  0.0253  0.0254  0.0255  0.0254  0.0259  0.0248  0.0255  0.0250  0.0249
  0.0247  0.0249  0.0245  0.0246  0.0247  0.0247  0.0247  0.0249  0.0245  0.0248  0.0246  0.0245
  0.0244  0.0244  0.0244  0.0244  0.0244  0.0244  0.0244  0.0244  0.0244  0.0244  0.0244  0.0244
  0.0247  0.0244  0.0245  0.0244  0.0247  0.0245  0.0247  0.0247  0.0246  0.0245  0.0244  0.0245
  0.0256  0.0248  0.0250  0.0252  0.0258  0.0253  0.0254  0.0256  0.0251  0.0250  0.0247  0.0249
  0.0270  0.0257  0.0258  0.0275  0.0276  0.0275  0.0265  0.0272  0.0258  0.0258  0.0252  0.0256
registration optimization eta report
parameter search radius
    2.4000    2.4000    2.4000    9.5220    9.5220    8.2800
    7.2000    7.2000    7.2000    7.2000    8.2800    7.2000
100000*second partial in parameter space
       45.       31.       23.        3.        3.        4.
        4.        5.        2.        3.        1.        2.
  0.0270  0.0267  0.0255  0.0267  0.0266  0.0264  0.0265  0.0273  0.0254  0.0266  0.0255  0.0255
  0.0256  0.0256  0.0249  0.0253  0.0254  0.0255  0.0254  0.0259  0.0248  0.0255  0.0250  0.0249
  0.0247  0.0249  0.0245  0.0246  0.0247  0.0247  0.0247  0.0249  0.0245  0.0248  0.0246  0.0245
  0.0244  0.0244  0.0244  0.0244  0.0244  0.0244  0.0244  0.0244  0.0244  0.0244  0.0244  0.0244
  0.0247  0.0244  0.0245  0.0244  0.0247  0.0245  0.0247  0.0247  0.0246  0.0245  0.0244  0.0245
  0.0256  0.0248  0.0250  0.0252  0.0258  0.0253  0.0254  0.0256  0.0251  0.0250  0.0247  0.0249
  0.0270  0.0257  0.0258  0.0275  0.0276  0.0275  0.0265  0.0272  0.0258  0.0258  0.0252  0.0256
   -1.5247   24.1847   -0.1287  -13.0461  -14.4410   -8.1530
   -0.1891   -9.4182    2.2486    6.9548    3.7352   -3.6106
eta,q 0.97563  8.00481

---------------------------------------------------------------------
imgreg_4dfp /opt/freesurfer/average/711-2C_as_mni_average_305 /opt/freesurfer/average/711-2B_as_mni_average_305_mask talsrcimg_g11 none talsrcimg_to_711-2C_as_mni_average_305_t4 2311
---------------------------------------------------------------------

freesurfer imgreg_4dfp.c
/opt/freesurfer/average/711-2C_as_mni_average_305.4dfp.img
       256       256       256         1
  1.000000  1.000000  1.000000
orientation T byte_order littleendian
Reading image: /opt/freesurfer/average/711-2C_as_mni_average_305.4dfp.img
dimensions:      256       256       256
mmppix:       1.0000   -1.0000   -1.0000
center:     128.0000 -129.0000 -129.0000
/opt/freesurfer/average/711-2B_as_mni_average_305_mask.4dfp.img
       256       256       256         1
  1.000000  1.000000  1.000000
orientation T byte_order littleendian
Reading mask: /opt/freesurfer/average/711-2B_as_mni_average_305_mask.4dfp.img (2306576 pixels)
talsrcimg_g11.4dfp.img
       256       256       256         1
  1.000000  1.000000  1.000000
orientation T byte_order littleendian
Reading image: talsrcimg_g11.4dfp.img
dimensions:      256       256       256
mmppix:       1.0000   -1.0000   -1.0000
center:     128.0000 -129.0000 -129.0000
fimgreg.f
image alignment mode   2311 decimal      907 hex
parameters
   -1.5247   24.1847   -0.1287  -13.0461  -14.4410   -8.1530
   -0.1891   -9.4182    2.2486    6.9548    3.7352   -3.6106
eta,q 0.97563  8.00481
niter,ni,del,rscale     5    3    5.0000    0.8000
parameters
   -1.5307   24.4491   -0.1540  -12.8870  -14.2744   -7.6170
   -0.0975   -9.3549    1.8910    7.2604    3.9107   -4.0444
eta,q 0.97566  8.03723
  0.0255  0.0255  0.0249  0.0247  0.0250  0.0252  0.0254  0.0257  0.0249  0.0253  0.0247  0.0248
  0.0249  0.0249  0.0246  0.0245  0.0247  0.0248  0.0248  0.0250  0.0246  0.0248  0.0245  0.0245
  0.0245  0.0246  0.0244  0.0244  0.0245  0.0245  0.0245  0.0246  0.0244  0.0245  0.0244  0.0244
  0.0244  0.0244  0.0244  0.0243  0.0244  0.0243  0.0244  0.0244  0.0243  0.0243  0.0244  0.0243
  0.0245  0.0244  0.0244  0.0244  0.0244  0.0244  0.0245  0.0245  0.0244  0.0244  0.0244  0.0244
  0.0249  0.0246  0.0246  0.0244  0.0246  0.0246  0.0248  0.0249  0.0247  0.0247  0.0245  0.0246
  0.0255  0.0249  0.0250  0.0247  0.0250  0.0249  0.0253  0.0257  0.0250  0.0251  0.0247  0.0250
niter,ni,del,rscale     4    3    5.0000    0.7000
parameters
   -1.4886   24.4471   -0.1507  -12.8878  -14.2070   -7.5017
   -0.0503   -9.2958    1.7729    7.3271    3.8539   -4.1214
eta,q 0.97565  8.04405
  0.0253  0.0250  0.0248  0.0246  0.0248  0.0249  0.0251  0.0254  0.0248  0.0250  0.0246  0.0247
  0.0248  0.0246  0.0245  0.0244  0.0246  0.0246  0.0247  0.0249  0.0245  0.0246  0.0245  0.0245
  0.0245  0.0244  0.0244  0.0243  0.0244  0.0244  0.0244  0.0245  0.0244  0.0244  0.0244  0.0244
  0.0243  0.0243  0.0243  0.0243  0.0243  0.0243  0.0243  0.0243  0.0243  0.0243  0.0243  0.0243
  0.0244  0.0244  0.0244  0.0244  0.0244  0.0244  0.0244  0.0245  0.0244  0.0244  0.0244  0.0244
  0.0247  0.0246  0.0245  0.0244  0.0245  0.0245  0.0247  0.0248  0.0246  0.0246  0.0245  0.0245
  0.0252  0.0250  0.0248  0.0246  0.0249  0.0248  0.0251  0.0254  0.0248  0.0250  0.0246  0.0248
niter,ni,del,rscale     3    3    5.0000    0.6000
parameters
   -1.4784   24.4441   -0.1484  -12.9087  -14.1167   -7.4719
   -0.0455   -9.2565    1.7799    7.3064    3.8041   -4.1425
eta,q 0.97566  8.04757
  0.0250  0.0248  0.0247  0.0245  0.0247  0.0247  0.0249  0.0252  0.0247  0.0248  0.0245  0.0246
  0.0246  0.0246  0.0245  0.0244  0.0245  0.0245  0.0246  0.0247  0.0245  0.0245  0.0244  0.0245
  0.0244  0.0244  0.0244  0.0243  0.0244  0.0244  0.0244  0.0244  0.0244  0.0244  0.0244  0.0244
  0.0243  0.0243  0.0243  0.0243  0.0243  0.0243  0.0243  0.0243  0.0243  0.0243  0.0243  0.0243
  0.0244  0.0244  0.0244  0.0244  0.0244  0.0244  0.0244  0.0244  0.0244  0.0244  0.0244  0.0244
  0.0246  0.0246  0.0245  0.0244  0.0245  0.0245  0.0246  0.0247  0.0245  0.0246  0.0244  0.0245
  0.0250  0.0248  0.0247  0.0245  0.0247  0.0247  0.0249  0.0251  0.0247  0.0248  0.0245  0.0246
niter,ni,del,rscale     2    3    5.0000    0.5000
parameters
   -1.4753   24.4389   -0.1469  -12.9168  -13.9995   -7.5148
   -0.0570   -9.2281    1.8081    7.2586    3.7892   -4.0985
eta,q 0.97566  8.05022
  0.0248  0.0247  0.0246  0.0244  0.0246  0.0246  0.0247  0.0249  0.0246  0.0247  0.0245  0.0245
  0.0245  0.0245  0.0244  0.0244  0.0245  0.0244  0.0245  0.0246  0.0244  0.0245  0.0244  0.0244
  0.0244  0.0244  0.0244  0.0243  0.0244  0.0243  0.0244  0.0244  0.0244  0.0244  0.0244  0.0244
  0.0243  0.0243  0.0243  0.0243  0.0243  0.0243  0.0243  0.0243  0.0243  0.0243  0.0243  0.0243
  0.0244  0.0244  0.0244  0.0243  0.0243  0.0244  0.0244  0.0244  0.0244  0.0244  0.0244  0.0244
  0.0245  0.0245  0.0244  0.0244  0.0244  0.0245  0.0245  0.0246  0.0244  0.0245  0.0244  0.0244
  0.0248  0.0247  0.0246  0.0244  0.0246  0.0246  0.0247  0.0249  0.0246  0.0247  0.0245  0.0245
niter,ni,del,rscale     1    3    5.0000    0.4000
parameters
   -1.4724   24.4221   -0.1535  -13.0072  -13.9042   -7.6382
   -0.0856   -9.1701    1.7969    7.2493    3.8533   -4.0164
eta,q 0.97567  8.04548
  0.0246  0.0245  0.0245  0.0244  0.0245  0.0245  0.0246  0.0247  0.0245  0.0245  0.0244  0.0245
  0.0245  0.0244  0.0244  0.0243  0.0244  0.0244  0.0244  0.0245  0.0244  0.0244  0.0244  0.0244
  0.0244  0.0244  0.0244  0.0243  0.0244  0.0243  0.0244  0.0244  0.0244  0.0244  0.0243  0.0244
  0.0243  0.0243  0.0243  0.0243  0.0243  0.0243  0.0243  0.0243  0.0243  0.0243  0.0243  0.0243
  0.0244  0.0244  0.0244  0.0243  0.0243  0.0244  0.0244  0.0244  0.0244  0.0244  0.0243  0.0243
  0.0245  0.0244  0.0244  0.0244  0.0244  0.0244  0.0245  0.0245  0.0244  0.0244  0.0244  0.0244
  0.0246  0.0246  0.0245  0.0244  0.0245  0.0245  0.0246  0.0247  0.0245  0.0245  0.0244  0.0245
registration optimization eta report
parameter search radius
    0.8000    0.8000    0.8000    2.4000    2.4000    2.4000
    2.4000    2.4000    2.4000    2.4000    2.4000    2.4000
100000*second partial in parameter space
       44.       34.       23.        1.        3.        3.
        4.        6.        3.        4.        1.        2.
  0.0246  0.0245  0.0245  0.0244  0.0245  0.0245  0.0246  0.0247  0.0245  0.0245  0.0244  0.0245
  0.0245  0.0244  0.0244  0.0243  0.0244  0.0244  0.0244  0.0245  0.0244  0.0244  0.0244  0.0244
  0.0244  0.0244  0.0244  0.0243  0.0244  0.0243  0.0244  0.0244  0.0244  0.0244  0.0243  0.0244
  0.0243  0.0243  0.0243  0.0243  0.0243  0.0243  0.0243  0.0243  0.0243  0.0243  0.0243  0.0243
  0.0244  0.0244  0.0244  0.0243  0.0243  0.0244  0.0244  0.0244  0.0244  0.0244  0.0243  0.0243
  0.0245  0.0244  0.0244  0.0244  0.0244  0.0244  0.0245  0.0245  0.0244  0.0244  0.0244  0.0244
  0.0246  0.0246  0.0245  0.0244  0.0245  0.0245  0.0246  0.0247  0.0245  0.0245  0.0244  0.0245
   -1.4724   24.4221   -0.1535  -13.0072  -13.9042   -7.6382
   -0.0856   -9.1701    1.7969    7.2493    3.8533   -4.0164
eta,q 0.97567  8.04548

---------------------------------------------------------------------
imgreg_4dfp /opt/freesurfer/average/711-2C_as_mni_average_305 /opt/freesurfer/average/711-2B_as_mni_average_305_mask talsrcimg_g11 none talsrcimg_to_711-2C_as_mni_average_305_t4 2311
---------------------------------------------------------------------

freesurfer imgreg_4dfp.c
/opt/freesurfer/average/711-2C_as_mni_average_305.4dfp.img
       256       256       256         1
  1.000000  1.000000  1.000000
orientation T byte_order littleendian
Reading image: /opt/freesurfer/average/711-2C_as_mni_average_305.4dfp.img
dimensions:      256       256       256
mmppix:       1.0000   -1.0000   -1.0000
center:     128.0000 -129.0000 -129.0000
/opt/freesurfer/average/711-2B_as_mni_average_305_mask.4dfp.img
       256       256       256         1
  1.000000  1.000000  1.000000
orientation T byte_order littleendian
Reading mask: /opt/freesurfer/average/711-2B_as_mni_average_305_mask.4dfp.img (2306576 pixels)
talsrcimg_g11.4dfp.img
       256       256       256         1
  1.000000  1.000000  1.000000
orientation T byte_order littleendian
Reading image: talsrcimg_g11.4dfp.img
dimensions:      256       256       256
mmppix:       1.0000   -1.0000   -1.0000
center:     128.0000 -129.0000 -129.0000
fimgreg.f
image alignment mode   2311 decimal      907 hex
parameters
   -1.4724   24.4221   -0.1535  -13.0072  -13.9042   -7.6382
   -0.0856   -9.1701    1.7969    7.2493    3.8533   -4.0164
eta,q 0.97567  8.04548
niter,ni,del,rscale     5    3    5.0000    0.8000
parameters
   -1.4664   24.4098   -0.1800  -12.8240  -14.2439   -7.6236
   -0.0685   -9.2797    1.7736    7.3037    3.8343   -4.0668
eta,q 0.97566  8.04132
  0.0255  0.0252  0.0249  0.0247  0.0249  0.0251  0.0253  0.0256  0.0249  0.0252  0.0247  0.0248
  0.0248  0.0247  0.0246  0.0245  0.0246  0.0247  0.0248  0.0250  0.0246  0.0247  0.0245  0.0246
  0.0245  0.0244  0.0244  0.0243  0.0244  0.0244  0.0245  0.0245  0.0244  0.0244  0.0244  0.0244
  0.0243  0.0243  0.0243  0.0243  0.0243  0.0243  0.0243  0.0243  0.0243  0.0243  0.0243  0.0243
  0.0245  0.0244  0.0244  0.0244  0.0244  0.0244  0.0245  0.0245  0.0244  0.0244  0.0244  0.0244
  0.0248  0.0247  0.0246  0.0244  0.0247  0.0246  0.0248  0.0250  0.0246  0.0247  0.0245  0.0246
  0.0255  0.0252  0.0249  0.0247  0.0252  0.0251  0.0253  0.0258  0.0249  0.0252  0.0247  0.0249
niter,ni,del,rscale     4    3    5.0000    0.7000
parameters
   -1.4684   24.4496   -0.1601  -12.9216  -14.2066   -7.5119
   -0.0653   -9.2501    1.7612    7.3419    3.8473   -4.1198
eta,q 0.97566  8.04200
  0.0252  0.0250  0.0248  0.0246  0.0248  0.0249  0.0251  0.0254  0.0248  0.0250  0.0246  0.0247
  0.0247  0.0247  0.0245  0.0244  0.0246  0.0246  0.0247  0.0249  0.0245  0.0246  0.0245  0.0245
  0.0244  0.0244  0.0244  0.0243  0.0244  0.0244  0.0244  0.0245  0.0244  0.0244  0.0244  0.0244
  0.0243  0.0243  0.0243  0.0243  0.0243  0.0243  0.0243  0.0243  0.0243  0.0243  0.0243  0.0243
  0.0244  0.0244  0.0244  0.0244  0.0244  0.0244  0.0244  0.0245  0.0244  0.0244  0.0244  0.0244
  0.0247  0.0246  0.0245  0.0244  0.0245  0.0245  0.0247  0.0248  0.0245  0.0246  0.0244  0.0245
  0.0252  0.0250  0.0248  0.0246  0.0249  0.0248  0.0251  0.0254  0.0248  0.0250  0.0246  0.0247
niter,ni,del,rscale     3    3    5.0000    0.6000
parameters
   -1.4727   24.4473   -0.1458  -12.9835  -14.1337   -7.5133
   -0.0778   -9.2078    1.7389    7.3289    3.8808   -4.0981
eta,q 0.97565  8.04186
  0.0250  0.0248  0.0247  0.0245  0.0247  0.0247  0.0249  0.0252  0.0247  0.0248  0.0245  0.0246
  0.0246  0.0246  0.0245  0.0244  0.0245  0.0245  0.0246  0.0247  0.0245  0.0245  0.0244  0.0245
  0.0244  0.0244  0.0244  0.0243  0.0244  0.0244  0.0244  0.0244  0.0244  0.0244  0.0244  0.0244
  0.0243  0.0243  0.0243  0.0243  0.0243  0.0243  0.0243  0.0243  0.0243  0.0243  0.0243  0.0243
  0.0244  0.0244  0.0244  0.0244  0.0244  0.0244  0.0244  0.0244  0.0244  0.0244  0.0244  0.0244
  0.0246  0.0246  0.0245  0.0244  0.0245  0.0245  0.0246  0.0247  0.0245  0.0246  0.0244  0.0245
  0.0250  0.0248  0.0247  0.0245  0.0247  0.0247  0.0249  0.0251  0.0247  0.0248  0.0245  0.0246
niter,ni,del,rscale     2    3    5.0000    0.5000
parameters
   -1.4737   24.4391   -0.1455  -13.1241  -14.0615   -7.6069
   -0.1162   -9.1358    1.6997    7.3104    3.9659   -3.9671
eta,q 0.97566  8.03446
  0.0248  0.0247  0.0246  0.0244  0.0246  0.0246  0.0247  0.0249  0.0246  0.0247  0.0245  0.0246
  0.0245  0.0245  0.0244  0.0244  0.0245  0.0244  0.0245  0.0246  0.0244  0.0245  0.0244  0.0244
  0.0244  0.0244  0.0244  0.0243  0.0244  0.0243  0.0244  0.0244  0.0244  0.0244  0.0244  0.0244
  0.0243  0.0243  0.0243  0.0243  0.0243  0.0243  0.0243  0.0243  0.0243  0.0243  0.0243  0.0243
  0.0244  0.0244  0.0244  0.0244  0.0244  0.0244  0.0244  0.0244  0.0244  0.0244  0.0243  0.0244
  0.0245  0.0245  0.0244  0.0244  0.0244  0.0245  0.0245  0.0246  0.0244  0.0245  0.0244  0.0244
  0.0248  0.0247  0.0246  0.0244  0.0246  0.0246  0.0247  0.0249  0.0246  0.0247  0.0245  0.0245
niter,ni,del,rscale     1    3    5.0000    0.4000
parameters
   -1.4763   24.4357   -0.1468  -13.5521  -14.0927   -7.8927
   -0.2524   -8.9488    1.5256    7.3392    4.2715   -3.7187
eta,q 0.97569  8.00279
  0.0246  0.0246  0.0245  0.0244  0.0245  0.0245  0.0245  0.0248  0.0244  0.0245  0.0244  0.0245
  0.0245  0.0244  0.0244  0.0243  0.0244  0.0244  0.0244  0.0245  0.0244  0.0244  0.0244  0.0244
  0.0244  0.0244  0.0244  0.0243  0.0244  0.0243  0.0243  0.0244  0.0243  0.0243  0.0243  0.0243
  0.0243  0.0243  0.0243  0.0243  0.0243  0.0243  0.0243  0.0243  0.0243  0.0243  0.0243  0.0243
  0.0244  0.0244  0.0244  0.0244  0.0243  0.0244  0.0244  0.0243  0.0243  0.0243  0.0243  0.0243
  0.0245  0.0244  0.0244  0.0244  0.0244  0.0244  0.0245  0.0245  0.0244  0.0244  0.0243  0.0244
  0.0246  0.0245  0.0245  0.0244  0.0245  0.0245  0.0246  0.0246  0.0245  0.0245  0.0244  0.0244
registration optimization eta report
parameter search radius
    0.8000    0.8000    0.8000    2.4000    2.4000    2.4000
    2.4000    2.4000    2.4000    2.4000    2.4000    2.4000
100000*second partial in parameter space
       45.       33.       22.        1.        3.        3.
        4.        6.        3.        4.        1.        2.
  0.0246  0.0246  0.0245  0.0244  0.0245  0.0245  0.0245  0.0248  0.0244  0.0245  0.0244  0.0245
  0.0245  0.0244  0.0244  0.0243  0.0244  0.0244  0.0244  0.0245  0.0244  0.0244  0.0244  0.0244
  0.0244  0.0244  0.0244  0.0243  0.0244  0.0243  0.0243  0.0244  0.0243  0.0243  0.0243  0.0243
  0.0243  0.0243  0.0243  0.0243  0.0243  0.0243  0.0243  0.0243  0.0243  0.0243  0.0243  0.0243
  0.0244  0.0244  0.0244  0.0244  0.0243  0.0244  0.0244  0.0243  0.0243  0.0243  0.0243  0.0243
  0.0245  0.0244  0.0244  0.0244  0.0244  0.0244  0.0245  0.0245  0.0244  0.0244  0.0243  0.0244
  0.0246  0.0245  0.0245  0.0244  0.0245  0.0245  0.0246  0.0246  0.0245  0.0245  0.0244  0.0244
   -1.4763   24.4357   -0.1468  -13.5521  -14.0927   -7.8927
   -0.2524   -8.9488    1.5256    7.3392    4.2715   -3.7187
eta,q 0.97569  8.00279

---------------------------------------------------------------------
compute_vox2vox talsrcimg talsrcimg_to_711-2C_as_mni_average_305_t4 /opt/freesurfer/average/711-2C_as_mni_average_305
---------------------------------------------------------------------

freesurfer compute_vox2vox.c
Reading: talsrcimg.4dfp.ifh
Reading: talsrcimg_to_711-2C_as_mni_average_305_t4
Reading: /opt/freesurfer/average/711-2C_as_mni_average_305.4dfp.ifh
Writing: talsrcimg_to_711-2C_as_mni_average_305_t4_vox2vox.txt

start time Mon Mar 9 01:52:51 CET 2026
end		time Mon Mar 9 01:54:19 CET 2026

mpr2mni305 success

avi2talxfm orig_nu.mgz /opt/freesurfer/average/mni305.cor.mgz talsrcimg_to_711-2C_as_mni_average_305_t4_vox2vox.txt transforms/talairach.auto.xfm
avi2talxfm done
mv -f /out/sourcedata/freesurfer/sub-v1s17x0050248_ses-1/mri/talsrcimg_to_711-2C_as_mni_average_305_t4_vox2vox.txt /out/sourcedata/freesurfer/sub-v1s17x0050248_ses-1/mri/transforms/talsrcimg_to_711-2C_as_mni_average_305_t4_vox2vox.txt
lta_convert --src orig_nu.mgz --trg /opt/freesurfer/average/mni305.cor.mgz --inxfm transforms/talairach.auto.xfm --outlta transforms/talairach.auto.xfm.lta --subject fsaverage
7.3.2

--src: orig_nu.mgz src image (geometry).
--trg: /opt/freesurfer/average/mni305.cor.mgz trg image (geometry).
--inmni: transforms/talairach.auto.xfm input MNI/XFM transform.
--outlta: transforms/talairach.auto.xfm.lta output LTA.
--s: fsaverage subject name
 LTA read, type : 1
 1.15113   0.11119   0.00819   0.65550;
-0.05402   1.07674   0.04645   0.49458;
-0.01583  -0.09396   1.15993  -6.21190;
 0.00000   0.00000   0.00000   1.00000;
setting subject to fsaverage
Writing  LTA to file transforms/talairach.auto.xfm.lta...
lta_convert successful.
 
 
Started at Mon Mar 9 01:52:51 CET 2026
Ended   at Mon Mar  9 01:54:20 CET 2026
talairach_avi done
