/out/sourcedata/freesurfer/sub-v1s17x0050250_ses-1/mri
/opt/freesurfer/bin/talairach_avi
--i orig_nu.mgz --xfm transforms/talairach.auto.xfm
talairach_avi 7.3.2
Linux dna079 5.14.0-427.37.1.el9_4.x86_64 #1 SMP PREEMPT_DYNAMIC Fri Sep 13 12:41:50 EDT 2024 x86_64 x86_64 x86_64 GNU/Linux
Mon Mar  9 01:58:21 CET 2026
mri_convert orig_nu.mgz talsrcimg.img 
reading from orig_nu.mgz...
TR=0.00, TE=0.00, TI=0.00, flip angle=0.00
i_ras = (-1, -6.82121e-11, 0)
j_ras = (2.32831e-10, 0, -1)
k_ras = (6.81837e-11, 1, 7.27596e-12)
writing to talsrcimg.img...
Analyze Output Matrix
-1.00000   0.00000   0.00000   128.11743;
-0.00000   0.00000   1.00000  -108.55167;
 0.00000  -1.00000   0.00000   102.81810;
 0.00000   0.00000   0.00000   1.00000;
--------------------
INFO: set hdr.hist.orient to -1
mpr2mni305 talsrcimg
Mon Mar  9 01:58:21 CET 2026
/opt/freesurfer/bin/mpr2mni305 talsrcimg
mpr2mni305 7.3.2
target=711-2C_as_mni_average_305

---------------------------------------------------------------------
analyzeto4dfp talsrcimg -O0 -y
---------------------------------------------------------------------

freesurfer ifh2hdr.c
Mon Mar  9 01:58:21 2026
Writing: talsrcimg.4dfp.hdr
freesurfer analyzeto4dfp.c
Reading: talsrcimg.hdr
header size 348 bytes
hdr.dime.datatype	offset=70	value=2
hdr.dime.bitpix		offset=72	value=8
hdr.hist.orient		offset=252	value=-1
dimensionality     4
dimensions       256       256       256         1
Reading: talsrcimg.img
Writing: talsrcimg.4dfp.img
Writing: talsrcimg.4dfp.ifh
ifh2hdr talsrcimg -r0to255
ori=2

---------------------------------------------------------------------
gauss_4dfp talsrcimg 1.1
---------------------------------------------------------------------

freesurfer gauss_4dfp.c
Reading: talsrcimg.4dfp.img
Writing: talsrcimg_g11.4dfp.img
image dimensions 256 256 256 padded to 288 288 288
processing volume 1freesurfer ifh2hdr.c
Mon Mar  9 01:58:23 2026
Writing: talsrcimg_g11.4dfp.hdr

Writing: talsrcimg_g11.4dfp.ifh
including: talsrcimg.4dfp.img.rec in talsrcimg_g11.4dfp.img.rec

---------------------------------------------------------------------
imgreg_4dfp /opt/freesurfer/average/711-2C_as_mni_average_305 none talsrcimg_g11 none talsrcimg_to_711-2C_as_mni_average_305_t4 4355
---------------------------------------------------------------------

freesurfer imgreg_4dfp.c
/opt/freesurfer/average/711-2C_as_mni_average_305.4dfp.img
       256       256       256         1
  1.000000  1.000000  1.000000
orientation T byte_order littleendian
Reading image: /opt/freesurfer/average/711-2C_as_mni_average_305.4dfp.img
dimensions:      256       256       256
mmppix:       1.0000   -1.0000   -1.0000
center:     128.0000 -129.0000 -129.0000
talsrcimg_g11.4dfp.img
       256       256       256         1
  1.000000  1.000000  1.000000
orientation T byte_order littleendian
Reading image: talsrcimg_g11.4dfp.img
dimensions:      256       256       256
mmppix:       1.0000   -1.0000   -1.0000
center:     128.0000 -129.0000 -129.0000
t4_read: open error in t4_sub.f l:  41 t4_file(1:l)talsrcimg_to_711-2C_as_mni_average_305_t4 
t4_read: transform initialized to I4
rotation matrix determinant  1.000000
image alignment mode   4355 decimal     1103 hex
   -7.5000  -45.0000  -45.0000 7854.6572   13.0276
    0.0000  -45.0000  -45.0000 8223.6240   13.0349
    7.5000  -45.0000  -45.0000 7841.1094   13.0370
   -7.5000  -37.5000  -45.0000 8532.4990   12.9024
    0.0000  -37.5000  -45.0000 8937.6875   12.9168
    7.5000  -37.5000  -45.0000 8507.1885   12.9202
   -7.5000  -30.0000  -45.0000 9583.1338   12.8912
    0.0000  -30.0000  -45.000010028.5850   12.9040
    7.5000  -30.0000  -45.0000 9535.2900   12.9095
   -7.5000  -22.5000  -45.000010618.5508   12.9014
    0.0000  -22.5000  -45.000011073.2891   12.9054
    7.5000  -22.5000  -45.000010546.2656   12.9119
   -7.5000  -15.0000  -45.000011560.6914   12.9085
    0.0000  -15.0000  -45.000012064.7715   12.9066
    7.5000  -15.0000  -45.000011488.5361   12.9121
   -7.5000   -7.5000  -45.000012336.2783   12.9060
    0.0000   -7.5000  -45.000012868.2520   12.9057
    7.5000   -7.5000  -45.000012278.6104   12.9090
   -7.5000    0.0000  -45.000012980.9922   12.8973
    0.0000    0.0000  -45.000013539.3701   12.9044
    7.5000    0.0000  -45.000012939.0586   12.9064
   -7.5000    7.5000  -45.000012771.6973   12.8895
    0.0000    7.5000  -45.000013310.6875   12.9037
    7.5000    7.5000  -45.000012685.4453   12.9071
   -7.5000   15.0000  -45.000012512.9795   12.8911
    0.0000   15.0000  -45.000013050.4463   12.9039
    7.5000   15.0000  -45.000012420.5801   12.9094
   -7.5000   22.5000  -45.000012017.0146   12.8996
    0.0000   22.5000  -45.000012534.5117   12.9036
    7.5000   22.5000  -45.000011915.6572   12.9102
   -7.5000   30.0000  -45.000011334.9521   12.7364
    0.0000   30.0000  -45.000011810.3662   12.7346
    7.5000   30.0000  -45.000011217.5332   12.7401
   -7.5000   37.5000  -45.000011081.8408   12.7340
    0.0000   37.5000  -45.000011532.8760   12.7337
    7.5000   37.5000  -45.000010952.4062   12.7370
   -7.5000   45.0000  -45.000010203.7158   12.4023
    0.0000   45.0000  -45.000010632.8965   12.4091
    7.5000   45.0000  -45.000010112.0176   12.4111
   -7.5000  -45.0000  -37.5000 8232.9033   13.0111
    0.0000  -45.0000  -37.5000 8620.5801   13.0183
    7.5000  -45.0000  -37.5000 8208.7852   13.0232
   -7.5000  -37.5000  -37.5000 8943.8516   12.8839
    0.0000  -37.5000  -37.5000 9368.2920   12.8973
    7.5000  -37.5000  -37.5000 8916.4082   12.9010
   -7.5000  -30.0000  -37.500010028.2520   12.8599
    0.0000  -30.0000  -37.500010507.2383   12.8726
    7.5000  -30.0000  -37.5000 9985.1426   12.8786
   -7.5000  -22.5000  -37.500011094.1250   12.8589
    0.0000  -22.5000  -37.500011598.6738   12.8649
    7.5000  -22.5000  -37.500011029.9512   12.8747
   -7.5000  -15.0000  -37.500012074.7168   12.8672
    0.0000  -15.0000  -37.500012625.3193   12.8684
    7.5000  -15.0000  -37.500012004.3770   12.8794
   -7.5000   -7.5000  -37.500012893.9414   12.8785
    0.0000   -7.5000  -37.500013463.4971   12.8801
    7.5000   -7.5000  -37.500012838.8135   12.8883
   -7.5000    0.0000  -37.500013553.5254   12.8813
    0.0000    0.0000  -37.500014140.7490   12.8884
    7.5000    0.0000  -37.500013491.3125   12.8930
   -7.5000    7.5000  -37.500013314.7139   12.8710
    0.0000    7.5000  -37.500013888.7979   12.8843
    7.5000    7.5000  -37.500013216.0898   12.8880
   -7.5000   15.0000  -37.500013048.9863   12.8598
    0.0000   15.0000  -37.500013640.4453   12.8726
    7.5000   15.0000  -37.500012949.1582   12.8785
   -7.5000   22.5000  -37.500012522.4268   12.8571
    0.0000   22.5000  -37.500013095.0029   12.8631
    7.5000   22.5000  -37.500012426.0166   12.8730
   -7.5000   30.0000  -37.500011758.6191   12.6957
    0.0000   30.0000  -37.500012279.6963   12.6969
    7.5000   30.0000  -37.500011667.1094   12.7077
   -7.5000   37.5000  -37.500011469.6543   12.7069
    0.0000   37.5000  -37.500011942.3359   12.7085
    7.5000   37.5000  -37.500011365.1777   12.7165
   -7.5000   45.0000  -37.500010596.2607   12.3869
    0.0000   45.0000  -37.500011013.9209   12.3937
    7.5000   45.0000  -37.500010510.0176   12.3982
   -7.5000  -45.0000  -30.0000 8706.5342   13.5552
    0.0000  -45.0000  -30.0000 9106.8057   13.5628
    7.5000  -45.0000  -30.0000 8680.3154   13.5696
   -7.5000  -37.5000  -30.0000 9452.4131   13.4160
    0.0000  -37.5000  -30.0000 9895.5332   13.4301
    7.5000  -37.5000  -30.0000 9418.0293   13.4343
   -7.5000  -30.0000  -30.000010594.6914   13.3802
    0.0000  -30.0000  -30.000011080.4834   13.3944
    7.5000  -30.0000  -30.000010541.2158   13.4005
   -7.5000  -22.5000  -30.000011696.1885   13.3751
    0.0000  -22.5000  -30.000012239.8545   13.3833
    7.5000  -22.5000  -30.000011636.2520   13.3944
   -7.5000  -15.0000  -30.000012725.8633   13.3901
    0.0000  -15.0000  -30.000013302.7461   13.3935
    7.5000  -15.0000  -30.000012646.0771   13.4071
   -7.5000   -7.5000  -30.000013588.5703   13.4132
    0.0000   -7.5000  -30.000014197.3027   13.4159
    7.5000   -7.5000  -30.000013520.7031   13.4269
   -7.5000    0.0000  -30.000014285.7021   13.4206
    0.0000    0.0000  -30.000014917.4570   13.4281
    7.5000    0.0000  -30.000014203.9180   13.4347
   -7.5000    7.5000  -30.000014009.4307   13.4026
    0.0000    7.5000  -30.000014620.0186   13.4167
    7.5000    7.5000  -30.000013896.3721   13.4209
   -7.5000   15.0000  -30.000013726.9189   13.3801
    0.0000   15.0000  -30.000014344.9463   13.3943
    7.5000   15.0000  -30.000013610.8008   13.4004
   -7.5000   22.5000  -30.000013184.5342   13.3719
    0.0000   22.5000  -30.000013808.4004   13.3801
    7.5000   22.5000  -30.000013081.4932   13.3912
   -7.5000   30.0000  -30.000012372.3457   13.2130
    0.0000   30.0000  -30.000012949.7314   13.2163
    7.5000   30.0000  -30.000012292.2471   13.2297
   -7.5000   37.5000  -30.000012021.4844   13.2357
    0.0000   37.5000  -30.000012551.3076   13.2384
    7.5000   37.5000  -30.000011924.9385   13.2492
   -7.5000   45.0000  -30.000011087.9121   12.9150
    0.0000   45.0000  -30.000011550.1084   12.9222
    7.5000   45.0000  -30.000011031.6318   12.9286
   -7.5000  -45.0000  -22.5000 9138.2090   14.0372
    0.0000  -45.0000  -22.5000 9549.5576   14.0448
    7.5000  -45.0000  -22.5000 9115.5225   14.0506
   -7.5000  -37.5000  -22.5000 9938.5635   13.8888
    0.0000  -37.5000  -22.500010392.2451   13.9040
    7.5000  -37.5000  -22.5000 9890.2461   13.9086
   -7.5000  -30.0000  -22.500011136.8164   13.8557
    0.0000  -30.0000  -22.500011628.1777   13.8711
    7.5000  -30.0000  -22.500011076.5791   13.8771
   -7.5000  -22.5000  -22.500012269.6943   13.8598
    0.0000  -22.5000  -22.500012821.3057   13.8680
    7.5000  -22.5000  -22.500012204.8564   13.8770
   -7.5000  -15.0000  -22.500013346.5898   13.8803
    0.0000  -15.0000  -22.500013932.5449   13.8826
    7.5000  -15.0000  -22.500013256.4824   13.8932
   -7.5000   -7.5000  -22.500014286.6406   13.8994
    0.0000   -7.5000  -22.500014932.7061   13.9010
    7.5000   -7.5000  -22.500014203.4043   13.9097
   -7.5000    0.0000  -22.500015063.1279   13.8981
    0.0000    0.0000  -22.500015716.8682   13.9056
    7.5000    0.0000  -22.500014955.3877   13.9113
   -7.5000    7.5000  -22.500014720.4912   13.8750
    0.0000    7.5000  -22.500015333.6963   13.8902
    7.5000    7.5000  -22.500014598.5371   13.8948
   -7.5000   15.0000  -22.500014403.6348   13.8557
    0.0000   15.0000  -22.500015033.1416   13.8710
    7.5000   15.0000  -22.500014259.8018   13.8770
   -7.5000   22.5000  -22.500013825.9053   13.8555
    0.0000   22.5000  -22.500014453.1396   13.8637
    7.5000   22.5000  -22.500013691.3369   13.8727
   -7.5000   30.0000  -22.500012977.8604   13.6988
    0.0000   30.0000  -22.500013567.5840   13.7010
    7.5000   30.0000  -22.500012871.5029   13.7115
   -7.5000   37.5000  -22.500012562.0557   13.7175
    0.0000   37.5000  -22.500013099.0107   13.7192
    7.5000   37.5000  -22.500012434.3955   13.7277
   -7.5000   45.0000  -22.500011571.3887   13.3845
    0.0000   45.0000  -22.500012061.7324   13.3918
    7.5000   45.0000  -22.500011490.6777   13.3973
   -7.5000  -45.0000  -15.0000 9576.6953   14.3919
    0.0000  -45.0000  -15.0000 9990.5576   14.3995
    7.5000  -45.0000  -15.0000 9542.2432   14.4023
   -7.5000  -37.5000  -15.000010407.0166   14.2411
    0.0000  -37.5000  -15.000010857.7773   14.2577
    7.5000  -37.5000  -15.000010351.3506   14.2623
   -7.5000  -30.0000  -15.000011624.9170   14.2205
    0.0000  -30.0000  -15.000012125.4121   14.2364
    7.5000  -30.0000  -15.000011567.3848   14.2425
   -7.5000  -22.5000  -15.000012775.5498   14.2374
    0.0000  -22.5000  -15.000013325.9170   14.2438
    7.5000  -22.5000  -15.000012709.7529   14.2497
   -7.5000  -15.0000  -15.000013903.0234   14.2580
    0.0000  -15.0000  -15.000014466.2744   14.2569
    7.5000  -15.0000  -15.000013824.9121   14.2618
   -7.5000   -7.5000  -15.000015034.2490   14.2630
    0.0000   -7.5000  -15.000015687.5088   14.2624
    7.5000   -7.5000  -15.000014932.9531   14.2658
   -7.5000    0.0000  -15.000015939.6992   14.2490
    0.0000    0.0000  -15.000016652.3965   14.2566
    7.5000    0.0000  -15.000015773.7070   14.2593
   -7.5000    7.5000  -15.000015610.9219   14.2271
    0.0000    7.5000  -15.000016242.7314   14.2436
    7.5000    7.5000  -15.000015381.1016   14.2481
   -7.5000   15.0000  -15.000015198.4082   14.2204
    0.0000   15.0000  -15.000015833.5146   14.2363
    7.5000   15.0000  -15.000014952.7012   14.2424
   -7.5000   22.5000  -15.000014556.8740   14.2323
    0.0000   22.5000  -15.000015208.1436   14.2388
    7.5000   22.5000  -15.000014336.5684   14.2446
   -7.5000   30.0000  -15.000013643.7021   14.0735
    0.0000   30.0000  -15.000014271.6445   14.0724
    7.5000   30.0000  -15.000013467.4404   14.0772
   -7.5000   37.5000  -15.000013172.8418   14.0784
    0.0000   37.5000  -15.000013739.7803   14.0778
    7.5000   37.5000  -15.000012969.0400   14.0812
   -7.5000   45.0000  -15.000012135.6943   13.7308
    0.0000   45.0000  -15.000012638.8848   13.7381
    7.5000   45.0000  -15.000011946.8584   13.7407
   -7.5000  -45.0000   -7.500010000.0771   14.5629
    0.0000  -45.0000   -7.500010437.4521   14.5709
    7.5000  -45.0000   -7.5000 9972.7383   14.5720
   -7.5000  -37.5000   -7.500010844.2695   14.4172
    0.0000  -37.5000   -7.500011326.3896   14.4343
    7.5000  -37.5000   -7.500010801.6162   14.4384
   -7.5000  -30.0000   -7.500012076.8232   14.4064
    0.0000  -30.0000   -7.500012608.7539   14.4219
    7.5000  -30.0000   -7.500012034.7793   14.4279
   -7.5000  -22.5000   -7.500013268.7119   14.4264
    0.0000  -22.5000   -7.500013810.8301   14.4310
    7.5000  -22.5000   -7.500013201.7832   14.4358
   -7.5000  -15.0000   -7.500014481.5381   14.4407
    0.0000  -15.0000   -7.500015047.5420   14.4374
    7.5000  -15.0000   -7.500014397.1709   14.4399
   -7.5000   -7.5000   -7.500015797.5791   14.4354
    0.0000   -7.5000   -7.500016599.2500   14.4338
    7.5000   -7.5000   -7.500015613.5967   14.4346
   -7.5000    0.0000   -7.500016909.2129   14.4177
    0.0000    0.0000   -7.500017772.0801   14.4255
    7.5000    0.0000   -7.500016605.4512   14.4265
   -7.5000    7.5000   -7.500016503.1270   14.4029
    0.0000    7.5000   -7.500017256.7422   14.4199
    7.5000    7.5000   -7.500016171.1973   14.4239
   -7.5000   15.0000   -7.500015984.9824   14.4063
    0.0000   15.0000   -7.500016703.4062   14.4218
    7.5000   15.0000   -7.500015665.9512   14.4278
   -7.5000   22.5000   -7.500015257.8457   14.4197
    0.0000   22.5000   -7.500015979.5791   14.4243
    7.5000   22.5000   -7.500014958.1494   14.4291
   -7.5000   30.0000   -7.500014283.3896   14.2534
    0.0000   30.0000   -7.500014970.8682   14.2502
    7.5000   30.0000   -7.500014003.6426   14.2527
   -7.5000   37.5000   -7.500013697.2129   14.2482
    0.0000   37.5000   -7.500014336.6445   14.2467
    7.5000   37.5000   -7.500013424.0068   14.2474
   -7.5000   45.0000   -7.500012580.6348   13.8959
    0.0000   45.0000   -7.500013151.3486   13.9035
    7.5000   45.0000   -7.500012334.7715   13.9045
   -7.5000  -45.0000    0.000010344.9414   14.5782
    0.0000  -45.0000    0.000010835.7607   14.5864
    7.5000  -45.0000    0.000010335.0781   14.5888
   -7.5000  -37.5000    0.000011236.1670   14.4381
    0.0000  -37.5000    0.000011753.2539   14.4542
    7.5000  -37.5000    0.000011213.2627   14.4580
   -7.5000  -30.0000    0.000012527.0078   14.4255
    0.0000  -30.0000    0.000013072.2949   14.4399
    7.5000  -30.0000    0.000012458.4648   14.4461
   -7.5000  -22.5000    0.000013750.0078   14.4370
    0.0000  -22.5000    0.000014338.9209   14.4415
    7.5000  -22.5000    0.000013658.1582   14.4488
   -7.5000  -15.0000    0.000015016.2959   14.4449
    0.0000  -15.0000    0.000015663.2373   14.4428
    7.5000  -15.0000    0.000014876.1240   14.4490
   -7.5000   -7.5000    0.000016306.9121   14.4421
    0.0000   -7.5000    0.000017199.7734   14.4419
    7.5000   -7.5000    0.000016061.4795   14.4455
   -7.5000    0.0000    0.000017404.7129   14.4324
    0.0000    0.0000    0.000018475.0527   14.4404
    7.5000    0.0000    0.000017084.5820   14.4427
   -7.5000    7.5000    0.000017088.0781   14.4237
    0.0000    7.5000    0.000018117.0723   14.4396
    7.5000    7.5000    0.000016757.9258   14.4434
   -7.5000   15.0000    0.000016607.9199   14.4255
    0.0000   15.0000    0.000017572.9746   14.4398
    7.5000   15.0000    0.000016245.2070   14.4460
   -7.5000   22.5000    0.000015833.4463   14.4303
    0.0000   22.5000    0.000016738.9766   14.4349
    7.5000   22.5000    0.000015468.2617   14.4422
   -7.5000   30.0000    0.000014753.4922   14.2580
    0.0000   30.0000    0.000015527.4160   14.2559
    7.5000   30.0000    0.000014440.2686   14.2620
   -7.5000   37.5000    0.000014052.0234   14.2552
    0.0000   37.5000    0.000014742.6436   14.2549
    7.5000   37.5000    0.000013803.7061   14.2586
   -7.5000   45.0000    0.000012921.1680   13.9112
    0.0000   45.0000    0.000013491.1367   13.9189
    7.5000   45.0000    0.000012711.2188   13.9211
   -7.5000  -45.0000    7.5000 9793.8730   14.5598
    0.0000  -45.0000    7.500010299.0557   14.5679
    7.5000  -45.0000    7.5000 9770.8398   14.5733
   -7.5000  -37.5000    7.500010640.8838   14.4175
    0.0000  -37.5000    7.500011192.8086   14.4324
    7.5000  -37.5000    7.500010608.2236   14.4365
   -7.5000  -30.0000    7.500011879.1514   14.3906
    0.0000  -30.0000    7.500012474.0859   14.4048
    7.5000  -30.0000    7.500011791.6230   14.4115
   -7.5000  -22.5000    7.500013066.1738   14.3894
    0.0000  -22.5000    7.500013680.1416   14.3962
    7.5000  -22.5000    7.500012960.4336   14.4072
   -7.5000  -15.0000    7.500014303.9600   14.3988
    0.0000  -15.0000    7.500014969.4697   14.4001
    7.5000  -15.0000    7.500014164.5635   14.4123
   -7.5000   -7.5000    7.500015408.6035   14.4114
    0.0000   -7.5000    7.500016207.1377   14.4132
    7.5000   -7.5000    7.500015233.5000   14.4223
   -7.5000    0.0000    7.500016311.4541   14.4145
    0.0000    0.0000    7.500017113.2383   14.4224
    7.5000    0.0000    7.500016105.9199   14.4276
   -7.5000    7.5000    7.500015989.7607   14.4030
    0.0000    7.5000    7.500016770.9883   14.4179
    7.5000    7.5000    7.500015784.0400   14.4220
   -7.5000   15.0000    7.500015599.8516   14.3905
    0.0000   15.0000    7.500016385.4023   14.4047
    7.5000   15.0000    7.500015372.5352   14.4114
   -7.5000   22.5000    7.500014954.7139   14.3828
    0.0000   22.5000    7.500015729.6367   14.3895
    7.5000   22.5000    7.500014732.1123   14.4005
   -7.5000   30.0000    7.500014009.8594   14.2124
    0.0000   30.0000    7.500014720.2168   14.2137
    7.5000   30.0000    7.500013810.6211   14.2258
   -7.5000   37.5000    7.500013330.9893   14.2249
    0.0000   37.5000    7.500013980.0264   14.2267
    7.5000   37.5000    7.500013161.7910   14.2356
   -7.5000   45.0000    7.500012250.1260   13.8939
    0.0000   45.0000    7.500012819.5811   13.9015
    7.5000   45.0000    7.500012104.9639   13.9066
   -7.5000  -45.0000   15.0000 9037.8584   14.5579
    0.0000  -45.0000   15.0000 9507.5859   14.5660
    7.5000  -45.0000   15.0000 9000.7666   14.5733
   -7.5000  -37.5000   15.0000 9842.9600   14.4083
    0.0000  -37.5000   15.000010352.7559   14.4234
    7.5000  -37.5000   15.0000 9798.8916   14.4280
   -7.5000  -30.0000   15.000011007.2578   14.3699
    0.0000  -30.0000   15.000011537.4170   14.3851
    7.5000  -30.0000   15.000010941.7119   14.3916
   -7.5000  -22.5000   15.000012145.0293   14.3644
    0.0000  -22.5000   15.000012675.3398   14.3732
    7.5000  -22.5000   15.000012058.1123   14.3852
   -7.5000  -15.0000   15.000013232.9863   14.3806
    0.0000  -15.0000   15.000013810.5039   14.3842
    7.5000  -15.0000   15.000013140.3916   14.3987
   -7.5000   -7.5000   15.000014182.2119   14.4053
    0.0000   -7.5000   15.000014817.8799   14.4083
    7.5000   -7.5000   15.000014105.1035   14.4200
   -7.5000    0.0000   15.000014984.3525   14.4132
    0.0000    0.0000   15.000015626.9844   14.4213
    7.5000    0.0000   15.000014933.0361   14.4284
   -7.5000    7.5000   15.000014669.5635   14.3940
    0.0000    7.5000   15.000015286.9170   14.4090
    7.5000    7.5000   15.000014604.8984   14.4136
   -7.5000   15.0000   15.000014280.4219   14.3698
    0.0000   15.0000   15.000014888.7197   14.3851
    7.5000   15.0000   15.000014190.8516   14.3916
   -7.5000   22.5000   15.000013785.4688   14.3578
    0.0000   22.5000   15.000014382.3496   14.3666
    7.5000   22.5000   15.000013665.6787   14.3785
   -7.5000   30.0000   15.000013028.6143   14.1944
    0.0000   30.0000   15.000013606.6455   14.1980
    7.5000   30.0000   15.000012908.7666   14.2124
   -7.5000   37.5000   15.000012499.5186   14.2189
    0.0000   37.5000   15.000013042.1406   14.2218
    7.5000   37.5000   15.000012373.6396   14.2334
   -7.5000   45.0000   15.000011477.2627   13.8927
    0.0000   45.0000   15.000011996.7256   13.9005
    7.5000   45.0000   15.000011375.0107   13.9073
   -7.5000  -45.0000   22.5000 8245.1270   14.7302
    0.0000  -45.0000   22.5000 8658.7305   14.7382
    7.5000  -45.0000   22.5000 8237.4277   14.7444
   -7.5000  -37.5000   22.5000 8996.1396   14.5723
    0.0000  -37.5000   22.5000 9438.3086   14.5885
    7.5000  -37.5000   22.5000 8985.0732   14.5934
   -7.5000  -30.0000   22.500010054.8916   14.5370
    0.0000  -30.0000   22.500010521.7939   14.5533
    7.5000  -30.0000   22.500010042.4053   14.5597
   -7.5000  -22.5000   22.500011109.0078   14.5415
    0.0000  -22.5000   22.500011582.3828   14.5502
    7.5000  -22.5000   22.500011062.3486   14.5598
   -7.5000  -15.0000   22.500012092.9434   14.5638
    0.0000  -15.0000   22.500012633.8613   14.5661
    7.5000  -15.0000   22.500012059.4912   14.5775
   -7.5000   -7.5000   22.500012984.1738   14.5842
    0.0000   -7.5000   22.500013548.2256   14.5859
    7.5000   -7.5000   22.500012951.2158   14.5952
   -7.5000    0.0000   22.500013751.3271   14.5827
    0.0000    0.0000   22.500014348.4678   14.5907
    7.5000    0.0000   22.500013729.5479   14.5967
   -7.5000    7.5000   22.500013470.2725   14.5578
    0.0000    7.5000   22.500014058.8193   14.5739
    7.5000    7.5000   22.500013441.2090   14.5787
   -7.5000   15.0000   22.500013092.1650   14.5369
    0.0000   15.0000   22.500013673.4873   14.5532
    7.5000   15.0000   22.500013040.1895   14.5596
   -7.5000   22.5000   22.500012661.5771   14.5348
    0.0000   22.5000   22.500013200.7090   14.5435
    7.5000   22.5000   22.500012582.3691   14.5531
   -7.5000   30.0000   22.500012027.1494   14.3753
    0.0000   30.0000   22.500012545.1777   14.3776
    7.5000   30.0000   22.500011947.3545   14.3888
   -7.5000   37.5000   22.500011565.0342   14.3954
    0.0000   37.5000   22.500012062.5791   14.3972
    7.5000   37.5000   22.500011482.5859   14.4063
   -7.5000   45.0000   22.500010621.2578   14.0560
    0.0000   45.0000   22.500011086.1592   14.0637
    7.5000   45.0000   22.500010561.6201   14.0695
   -7.5000  -45.0000   30.0000 7531.8066   15.0914
    0.0000  -45.0000   30.0000 7870.5923   15.0995
    7.5000  -45.0000   30.0000 7525.9312   15.1018
   -7.5000  -37.5000   30.0000 8209.9512   14.9257
    0.0000  -37.5000   30.0000 8586.6953   14.9433
    7.5000  -37.5000   30.0000 8216.6523   14.9476
   -7.5000  -30.0000   30.0000 9195.7236   14.9046
    0.0000  -30.0000   30.0000 9614.5566   14.9216
    7.5000  -30.0000   30.0000 9205.9160   14.9277
   -7.5000  -22.5000   30.000010153.9707   14.9265
    0.0000  -22.5000   30.000010597.8691   14.9333
    7.5000  -22.5000   30.000010144.7891   14.9391
   -7.5000  -15.0000   30.000011058.8643   14.9516
    0.0000  -15.0000   30.000011525.1680   14.9504
    7.5000  -15.0000   30.000011051.5527   14.9551
   -7.5000   -7.5000   30.000011902.7393   14.9558
    0.0000   -7.5000   30.000012394.8701   14.9550
    7.5000   -7.5000   30.000011881.2354   14.9581
   -7.5000    0.0000   30.000012603.3174   14.9366
    0.0000    0.0000   30.000013148.4219   14.9445
    7.5000    0.0000   30.000012583.4170   14.9467
   -7.5000    7.5000   30.000012359.1621   14.9104
    0.0000    7.5000   30.000012873.2539   14.9279
    7.5000    7.5000   30.000012315.6523   14.9322
   -7.5000   15.0000   30.000011984.2822   14.9046
    0.0000   15.0000   30.000012490.2129   14.9215
    7.5000   15.0000   30.000011932.4619   14.9276
   -7.5000   22.5000   30.000011597.8545   14.9196
    0.0000   22.5000   30.000012085.3232   14.9264
    7.5000   22.5000   30.000011541.1934   14.9323
   -7.5000   30.0000   30.000011048.1768   14.7581
    0.0000   30.0000   30.000011535.9180   14.7569
    7.5000   30.0000   30.000010993.5215   14.7615
   -7.5000   37.5000   30.000010655.2354   14.7622
    0.0000   37.5000   30.000011124.4863   14.7615
    7.5000   37.5000   30.000010591.5508   14.7645
   -7.5000   45.0000   30.0000 9777.9766   14.3971
    0.0000   45.0000   30.000010209.5283   14.4048
    7.5000   45.0000   30.0000 9724.8809   14.4069
   -7.5000  -45.0000   37.5000 7162.8286   15.6497
    0.0000  -45.0000   37.5000 7495.0703   15.6578
    7.5000  -45.0000   37.5000 7158.1387   15.6595
   -7.5000  -37.5000   37.5000 7824.8809   15.4787
    0.0000  -37.5000   37.5000 8184.7222   15.4975
    7.5000  -37.5000   37.5000 7829.2578   15.5030
   -7.5000  -30.0000   37.5000 8772.2188   15.4721
    0.0000  -30.0000   37.5000 9176.7979   15.4895
    7.5000  -30.0000   37.5000 8770.1006   15.4975
   -7.5000  -22.5000   37.5000 9686.1543   15.5054
    0.0000  -22.5000   37.500010125.6992   15.5102
    7.5000  -22.5000   37.5000 9683.0674   15.5168
   -7.5000  -15.0000   37.500010552.9414   15.5274
    0.0000  -15.0000   37.500011025.8652   15.5228
    7.5000  -15.0000   37.500010529.6533   15.5264
   -7.5000   -7.5000   37.500011342.3564   15.5142
    0.0000   -7.5000   37.500011834.6953   15.5113
    7.5000   -7.5000   37.500011329.6719   15.5127
   -7.5000    0.0000   37.500011995.7451   15.4825
    0.0000    0.0000   37.500012533.8027   15.4903
    7.5000    0.0000   37.500011994.5742   15.4920
   -7.5000    7.5000   37.500011754.7734   15.4622
    0.0000    7.5000   37.500012267.3252   15.4809
    7.5000    7.5000   37.500011738.8281   15.4863
   -7.5000   15.0000   37.500011424.5811   15.4720
    0.0000   15.0000   37.500011913.4385   15.4894
    7.5000   15.0000   37.500011384.5020   15.4973
   -7.5000   22.5000   37.500011079.5684   15.4983
    0.0000   22.5000   37.500011549.2617   15.5031
    7.5000   22.5000   37.500011018.3467   15.5096
   -7.5000   30.0000   37.500010584.2500   15.3264
    0.0000   30.0000   37.500011048.7002   15.3219
    7.5000   30.0000   37.500010513.4678   15.3255
   -7.5000   37.5000   37.500010213.5068   15.3135
    0.0000   37.5000   37.500010670.9199   15.3105
    7.5000   37.5000   37.500010158.6084   15.3119
   -7.5000   45.0000   37.5000 9352.5225   14.9234
    0.0000   45.0000   37.5000 9782.4062   14.9309
    7.5000   45.0000   37.5000 9310.0342   14.9325
   -7.5000  -45.0000   45.0000 6511.9536   16.2333
    0.0000  -45.0000   45.0000 6829.5645   16.2436
    7.5000  -45.0000   45.0000 6511.9434   16.2492
   -7.5000  -37.5000   45.0000 7124.7720   16.0619
    0.0000  -37.5000   45.0000 7460.6680   16.0808
    7.5000  -37.5000   45.0000 7129.0010   16.0879
   -7.5000  -30.0000   45.0000 7988.4668   16.0604
    0.0000  -30.0000   45.0000 8381.3438   16.0771
    7.5000  -30.0000   45.0000 7974.1460   16.0876
   -7.5000  -22.5000   45.0000 8830.7725   16.0876
    0.0000  -22.5000   45.0000 9271.0176   16.0935
    7.5000  -22.5000   45.0000 8821.1406   16.1062
   -7.5000  -15.0000   45.0000 9615.3945   16.0965
    0.0000  -15.0000   45.000010079.9102   16.0954
    7.5000  -15.0000   45.0000 9597.7393   16.1071
   -7.5000   -7.5000   45.000010350.9824   16.0768
    0.0000   -7.5000   45.000010826.2129   16.0778
    7.5000   -7.5000   45.000010331.0020   16.0858
   -7.5000    0.0000   45.000010944.4697   16.0515
    0.0000    0.0000   45.000011453.3887   16.0616
    7.5000    0.0000   45.000010937.4443   16.0670
   -7.5000    7.5000   45.000010718.7891   16.0439
    0.0000    7.5000   45.000011220.9375   16.0627
    7.5000    7.5000   45.000010703.2109   16.0696
   -7.5000   15.0000   45.000010431.3369   16.0603
    0.0000   15.0000   45.000010906.4648   16.0770
    7.5000   15.0000   45.000010394.1074   16.0875
   -7.5000   22.5000   45.000010113.3701   16.0801
    0.0000   22.5000   45.000010585.1406   16.0860
    7.5000   22.5000   45.000010067.0205   16.0987
   -7.5000   30.0000   45.0000 9674.6738   15.8868
    0.0000   30.0000   45.000010121.5605   15.8857
    7.5000   30.0000   45.0000 9624.6309   15.8972
   -7.5000   37.5000   45.0000 9334.2998   15.8674
    0.0000   37.5000   45.0000 9774.7656   15.8684
    7.5000   37.5000   45.0000 9302.3223   15.8762
   -7.5000   45.0000   45.0000 8556.4326   15.4788
    0.0000   45.0000   45.0000 8950.1445   15.4885
    7.5000   45.0000   45.0000 8514.4600   15.4937

---------------------------------------------------------------------
imgreg_4dfp /opt/freesurfer/average/711-2C_as_mni_average_305 /opt/freesurfer/average/711-2B_as_mni_average_305_mask talsrcimg_g11 none talsrcimg_to_711-2C_as_mni_average_305_t4 4355
---------------------------------------------------------------------

freesurfer imgreg_4dfp.c
/opt/freesurfer/average/711-2C_as_mni_average_305.4dfp.img
       256       256       256         1
  1.000000  1.000000  1.000000
orientation T byte_order littleendian
Reading image: /opt/freesurfer/average/711-2C_as_mni_average_305.4dfp.img
dimensions:      256       256       256
mmppix:       1.0000   -1.0000   -1.0000
center:     128.0000 -129.0000 -129.0000
/opt/freesurfer/average/711-2B_as_mni_average_305_mask.4dfp.img
       256       256       256         1
  1.000000  1.000000  1.000000
orientation T byte_order littleendian
Reading mask: /opt/freesurfer/average/711-2B_as_mni_average_305_mask.4dfp.img (2306576 pixels)
talsrcimg_g11.4dfp.img
       256       256       256         1
  1.000000  1.000000  1.000000
orientation T byte_order littleendian
Reading image: talsrcimg_g11.4dfp.img
dimensions:      256       256       256
mmppix:       1.0000   -1.0000   -1.0000
center:     128.0000 -129.0000 -129.0000
rotation matrix determinant  1.000000
image alignment mode   4355 decimal     1103 hex
   -7.5000  -45.0000  -45.0000 2052.0862   15.1908
    0.0000  -45.0000  -45.0000 2063.7812   15.1617
    7.5000  -45.0000  -45.0000 2049.2192   15.2565
   -7.5000  -37.5000  -45.0000 2177.5796   13.6164
    0.0000  -37.5000  -45.0000 2194.8479   13.6040
    7.5000  -37.5000  -45.0000 2171.5847   13.6742
   -7.5000  -30.0000  -45.0000 2297.8352   12.3399
    0.0000  -30.0000  -45.0000 2315.4106   12.3007
    7.5000  -30.0000  -45.0000 2288.5117   12.4011
   -7.5000  -22.5000  -45.0000 2401.2017   11.3079
    0.0000  -22.5000  -45.0000 2414.5596   11.2403
    7.5000  -22.5000  -45.0000 2388.5740   11.3820
   -7.5000  -15.0000  -45.0000 2472.3186   10.5553
    0.0000  -15.0000  -45.0000 2487.1252   10.4700
    7.5000  -15.0000  -45.0000 2460.0078   10.6050
   -7.5000   -7.5000  -45.0000 2510.9124   10.0990
    0.0000   -7.5000  -45.0000 2526.0081   10.0123
    7.5000   -7.5000  -45.0000 2499.0151   10.1408
   -7.5000    0.0000  -45.0000 2523.9961    9.8669
    0.0000    0.0000  -45.0000 2539.3879    9.7848
    7.5000    0.0000  -45.0000 2515.7222    9.9157
   -7.5000    7.5000  -45.0000 2534.1096    9.8552
    0.0000    7.5000  -45.0000 2547.2539    9.7669
    7.5000    7.5000  -45.0000 2520.7930    9.8892
   -7.5000   15.0000  -45.0000 2515.5618   10.0595
    0.0000   15.0000  -45.0000 2530.6348    9.9853
    7.5000   15.0000  -45.0000 2504.1118   10.1216
   -7.5000   22.5000  -45.0000 2479.6008   10.4952
    0.0000   22.5000  -45.0000 2498.6355   10.4097
    7.5000   22.5000  -45.0000 2468.3994   10.5630
   -7.5000   30.0000  -45.0000 2424.9971   11.1118
    0.0000   30.0000  -45.0000 2445.4285   11.0204
    7.5000   30.0000  -45.0000 2413.3088   11.1653
   -7.5000   37.5000  -45.0000 2343.2253   11.9526
    0.0000   37.5000  -45.0000 2360.1904   11.8815
    7.5000   37.5000  -45.0000 2332.3530   12.0216
   -7.5000   45.0000  -45.0000 2239.5596   13.0266
    0.0000   45.0000  -45.0000 2256.4250   12.9725
    7.5000   45.0000  -45.0000 2229.0557   13.1127
   -7.5000  -45.0000  -37.5000 2103.2222   14.4658
    0.0000  -45.0000  -37.5000 2117.5037   14.4148
    7.5000  -45.0000  -37.5000 2098.4375   14.5348
   -7.5000  -37.5000  -37.5000 2235.8625   12.9329
    0.0000  -37.5000  -37.5000 2253.6279   12.8617
    7.5000  -37.5000  -37.5000 2230.1152   12.9840
   -7.5000  -30.0000  -37.5000 2358.8960   11.6617
    0.0000  -30.0000  -37.5000 2378.6882   11.6049
    7.5000  -30.0000  -37.5000 2350.4285   11.7189
   -7.5000  -22.5000  -37.5000 2466.4197   10.6808
    0.0000  -22.5000  -37.5000 2481.3799   10.6061
    7.5000  -22.5000  -37.5000 2455.0271   10.7433
   -7.5000  -15.0000  -37.5000 2542.2432    9.9441
    0.0000  -15.0000  -37.5000 2561.2231    9.8642
    7.5000  -15.0000  -37.5000 2534.5964    9.9945
   -7.5000   -7.5000  -37.5000 2591.7651    9.4782
    0.0000   -7.5000  -37.5000 2608.3901    9.3947
    7.5000   -7.5000  -37.5000 2585.9043    9.5204
   -7.5000    0.0000  -37.5000 2613.1731    9.2239
    0.0000    0.0000  -37.5000 2630.2012    9.1406
    7.5000    0.0000  -37.5000 2604.4944    9.2734
   -7.5000    7.5000  -37.5000 2632.2498    9.1570
    0.0000    7.5000  -37.5000 2648.2747    9.0815
    7.5000    7.5000  -37.5000 2618.0171    9.2114
   -7.5000   15.0000  -37.5000 2614.6978    9.3635
    0.0000   15.0000  -37.5000 2635.6797    9.2963
    7.5000   15.0000  -37.5000 2603.1978    9.4363
   -7.5000   22.5000  -37.5000 2580.8882    9.7746
    0.0000   22.5000  -37.5000 2605.9937    9.6900
    7.5000   22.5000  -37.5000 2571.4204    9.8436
   -7.5000   30.0000  -37.5000 2520.0393   10.3704
    0.0000   30.0000  -37.5000 2542.8291   10.2598
    7.5000   30.0000  -37.5000 2509.7952   10.4204
   -7.5000   37.5000  -37.5000 2433.3459   11.1619
    0.0000   37.5000  -37.5000 2453.4170   11.0625
    7.5000   37.5000  -37.5000 2424.4600   11.2190
   -7.5000   45.0000  -37.5000 2322.6257   12.1517
    0.0000   45.0000  -37.5000 2338.9719   12.0542
    7.5000   45.0000  -37.5000 2317.9607   12.2081
   -7.5000  -45.0000  -30.0000 2179.4351   14.3314
    0.0000  -45.0000  -30.0000 2191.0964   14.2753
    7.5000  -45.0000  -30.0000 2170.6287   14.4051
   -7.5000  -37.5000  -30.0000 2319.2214   12.7800
    0.0000  -37.5000  -30.0000 2334.9519   12.6960
    7.5000  -37.5000  -30.0000 2307.8293   12.8284
   -7.5000  -30.0000  -30.0000 2447.5020   11.4970
    0.0000  -30.0000  -30.0000 2467.6287   11.4225
    7.5000  -30.0000  -30.0000 2435.5039   11.5550
   -7.5000  -22.5000  -30.0000 2556.7527   10.5078
    0.0000  -22.5000  -30.0000 2575.7793   10.4183
    7.5000  -22.5000  -30.0000 2546.3850   10.5696
   -7.5000  -15.0000  -30.0000 2643.1421    9.7644
    0.0000  -15.0000  -30.0000 2664.0725    9.6891
    7.5000  -15.0000  -30.0000 2633.3186    9.8200
   -7.5000   -7.5000  -30.0000 2705.4524    9.2580
    0.0000   -7.5000  -30.0000 2725.5439    9.1777
    7.5000   -7.5000  -30.0000 2701.2295    9.3083
   -7.5000    0.0000  -30.0000 2739.2168    8.9582
    0.0000    0.0000  -30.0000 2762.5330    8.8723
    7.5000    0.0000  -30.0000 2735.2795    9.0169
   -7.5000    7.5000  -30.0000 2766.8975    8.8495
    0.0000    7.5000  -30.0000 2790.7212    8.7792
    7.5000    7.5000  -30.0000 2756.3926    8.9311
   -7.5000   15.0000  -30.0000 2756.4177    9.0822
    0.0000   15.0000  -30.0000 2782.2593    9.0087
    7.5000   15.0000  -30.0000 2745.4402    9.1552
   -7.5000   22.5000  -30.0000 2725.8228    9.4841
    0.0000   22.5000  -30.0000 2752.0010    9.3870
    7.5000   22.5000  -30.0000 2717.8003    9.5428
   -7.5000   30.0000  -30.0000 2657.1045   10.0622
    0.0000   30.0000  -30.0000 2683.6987    9.9391
    7.5000   30.0000  -30.0000 2649.5874   10.1129
   -7.5000   37.5000  -30.0000 2560.9829   10.8172
    0.0000   37.5000  -30.0000 2581.9932   10.7017
    7.5000   37.5000  -30.0000 2552.1333   10.8671
   -7.5000   45.0000  -30.0000 2438.2473   11.7933
    0.0000   45.0000  -30.0000 2455.1484   11.6876
    7.5000   45.0000  -30.0000 2432.0405   11.8495
   -7.5000  -45.0000  -22.5000 2219.6001   14.1882
    0.0000  -45.0000  -22.5000 2228.4070   14.1055
    7.5000  -45.0000  -22.5000 2211.0574   14.2714
   -7.5000  -37.5000  -22.5000 2359.9553   12.5975
    0.0000  -37.5000  -22.5000 2377.7456   12.5180
    7.5000  -37.5000  -22.5000 2351.2368   12.6590
   -7.5000  -30.0000  -22.5000 2493.8396   11.3290
    0.0000  -30.0000  -22.5000 2511.9727   11.2556
    7.5000  -30.0000  -22.5000 2481.7615   11.3881
   -7.5000  -22.5000  -22.5000 2604.8018   10.3415
    0.0000  -22.5000  -22.5000 2625.3982   10.2686
    7.5000  -22.5000  -22.5000 2595.7471   10.4191
   -7.5000  -15.0000  -22.5000 2701.6128    9.6009
    0.0000  -15.0000  -22.5000 2726.9436    9.5198
    7.5000  -15.0000  -22.5000 2694.2380    9.6572
   -7.5000   -7.5000  -22.5000 2780.6218    9.0701
    0.0000   -7.5000  -22.5000 2806.4536    8.9802
    7.5000   -7.5000  -22.5000 2778.4871    9.1250
   -7.5000    0.0000  -22.5000 2832.3140    8.7390
    0.0000    0.0000  -22.5000 2857.7051    8.6363
    7.5000    0.0000  -22.5000 2828.0237    8.7936
   -7.5000    7.5000  -22.5000 2870.3745    8.6098
    0.0000    7.5000  -22.5000 2895.1768    8.5093
    7.5000    7.5000  -22.5000 2859.4963    8.6958
   -7.5000   15.0000  -22.5000 2869.2634    8.8092
    0.0000   15.0000  -22.5000 2895.3638    8.7309
    7.5000   15.0000  -22.5000 2854.7283    8.8963
   -7.5000   22.5000  -22.5000 2833.8188    9.2087
    0.0000   22.5000  -22.5000 2860.1885    9.1077
    7.5000   22.5000  -22.5000 2820.8853    9.2710
   -7.5000   30.0000  -22.5000 2755.8962    9.7490
    0.0000   30.0000  -22.5000 2776.9797    9.6491
    7.5000   30.0000  -22.5000 2747.8696    9.8138
   -7.5000   37.5000  -22.5000 2650.7783   10.4916
    0.0000   37.5000  -22.5000 2671.8511   10.3726
    7.5000   37.5000  -22.5000 2642.3918   10.5579
   -7.5000   45.0000  -22.5000 2518.0107   11.4570
    0.0000   45.0000  -22.5000 2536.8879   11.3409
    7.5000   45.0000  -22.5000 2508.0454   11.5542
   -7.5000  -45.0000  -15.0000 2226.7939   14.1520
    0.0000  -45.0000  -15.0000 2241.3157   14.0167
    7.5000  -45.0000  -15.0000 2222.8455   14.2196
   -7.5000  -37.5000  -15.0000 2369.1411   12.5280
    0.0000  -37.5000  -15.0000 2388.8315   12.3895
    7.5000  -37.5000  -15.0000 2362.4944   12.5916
   -7.5000  -30.0000  -15.0000 2496.5000   11.2474
    0.0000  -30.0000  -15.0000 2516.2542   11.1330
    7.5000  -30.0000  -15.0000 2491.7568   11.3281
   -7.5000  -22.5000  -15.0000 2609.4692   10.2588
    0.0000  -22.5000  -15.0000 2631.1836   10.1523
    7.5000  -22.5000  -15.0000 2605.4011   10.3295
   -7.5000  -15.0000  -15.0000 2718.3303    9.5011
    0.0000  -15.0000  -15.0000 2736.8755    9.3900
    7.5000  -15.0000  -15.0000 2711.3860    9.5566
   -7.5000   -7.5000  -15.0000 2814.6548    8.9845
    0.0000   -7.5000  -15.0000 2838.6011    8.8758
    7.5000   -7.5000  -15.0000 2812.6218    9.0296
   -7.5000    0.0000  -15.0000 2884.0149    8.6497
    0.0000    0.0000  -15.0000 2910.9934    8.5337
    7.5000    0.0000  -15.0000 2879.9167    8.6802
   -7.5000    7.5000  -15.0000 2938.2622    8.4921
    0.0000    7.5000  -15.0000 2964.9836    8.3622
    7.5000    7.5000  -15.0000 2921.2373    8.5563
   -7.5000   15.0000  -15.0000 2939.5798    8.6553
    0.0000   15.0000  -15.0000 2969.9919    8.5359
    7.5000   15.0000  -15.0000 2916.6191    8.7218
   -7.5000   22.5000  -15.0000 2896.1399    9.0290
    0.0000   22.5000  -15.0000 2924.7249    8.9045
    7.5000   22.5000  -15.0000 2877.3584    9.0862
   -7.5000   30.0000  -15.0000 2812.7012    9.5428
    0.0000   30.0000  -15.0000 2832.5273    9.4168
    7.5000   30.0000  -15.0000 2797.4141    9.6183
   -7.5000   37.5000  -15.0000 2701.0452   10.2743
    0.0000   37.5000  -15.0000 2719.4802   10.1428
    7.5000   37.5000  -15.0000 2688.8281   10.3493
   -7.5000   45.0000  -15.0000 2563.7842   11.2584
    0.0000   45.0000  -15.0000 2579.7695   11.1246
    7.5000   45.0000  -15.0000 2546.9268   11.3377
   -7.5000  -45.0000   -7.5000 2212.2634   14.1995
    0.0000  -45.0000   -7.5000 2230.2542   13.9932
    7.5000  -45.0000   -7.5000 2214.1370   14.2203
   -7.5000  -37.5000   -7.5000 2350.8450   12.5187
    0.0000  -37.5000   -7.5000 2372.7104   12.3455
    7.5000  -37.5000   -7.5000 2349.9705   12.5569
   -7.5000  -30.0000   -7.5000 2475.4551   11.2258
    0.0000  -30.0000   -7.5000 2494.2986   11.0778
    7.5000  -30.0000   -7.5000 2474.7334   11.2965
   -7.5000  -22.5000   -7.5000 2593.3140   10.2469
    0.0000  -22.5000   -7.5000 2609.7544   10.1093
    7.5000  -22.5000   -7.5000 2590.0886   10.3057
   -7.5000  -15.0000   -7.5000 2709.6663    9.5043
    0.0000  -15.0000   -7.5000 2722.7432    9.3785
    7.5000  -15.0000   -7.5000 2704.3816    9.5405
   -7.5000   -7.5000   -7.5000 2818.6763    8.9973
    0.0000   -7.5000   -7.5000 2834.8452    8.8966
    7.5000   -7.5000   -7.5000 2815.7686    9.0178
   -7.5000    0.0000   -7.5000 2906.0149    8.6938
    0.0000    0.0000   -7.5000 2931.2913    8.6269
    7.5000    0.0000   -7.5000 2900.3486    8.6824
   -7.5000    7.5000   -7.5000 2971.6189    8.4988
    0.0000    7.5000   -7.5000 3004.0276    8.4076
    7.5000    7.5000   -7.5000 2947.9807    8.5344
   -7.5000   15.0000   -7.5000 2972.9670    8.5598
    0.0000   15.0000   -7.5000 3009.9717    8.4613
    7.5000   15.0000   -7.5000 2944.6296    8.6227
   -7.5000   22.5000   -7.5000 2916.5063    8.8908
    0.0000   22.5000   -7.5000 2953.6235    8.7881
    7.5000   22.5000   -7.5000 2895.3699    8.9462
   -7.5000   30.0000   -7.5000 2826.6929    9.3909
    0.0000   30.0000   -7.5000 2851.3743    9.3067
    7.5000   30.0000   -7.5000 2809.1155    9.4336
   -7.5000   37.5000   -7.5000 2710.6272   10.1002
    0.0000   37.5000   -7.5000 2732.4895   10.0158
    7.5000   37.5000   -7.5000 2698.5322   10.1312
   -7.5000   45.0000   -7.5000 2573.6655   11.0810
    0.0000   45.0000   -7.5000 2591.5479   10.9963
    7.5000   45.0000   -7.5000 2560.1982   11.1122
   -7.5000  -45.0000    0.0000 2187.5186   14.5015
    0.0000  -45.0000    0.0000 2200.0386   14.3117
    7.5000  -45.0000    0.0000 2190.4773   14.5332
   -7.5000  -37.5000    0.0000 2324.1592   12.7534
    0.0000  -37.5000    0.0000 2340.4375   12.5463
    7.5000  -37.5000    0.0000 2327.1758   12.8050
   -7.5000  -30.0000    0.0000 2447.0098   11.4376
    0.0000  -30.0000    0.0000 2460.6309   11.2448
    7.5000  -30.0000    0.0000 2446.8296   11.4838
   -7.5000  -22.5000    0.0000 2564.0120   10.4400
    0.0000  -22.5000    0.0000 2577.3928   10.2853
    7.5000  -22.5000    0.0000 2561.4922   10.4849
   -7.5000  -15.0000    0.0000 2687.3438    9.6870
    0.0000  -15.0000    0.0000 2702.2124    9.5645
    7.5000  -15.0000    0.0000 2682.7041    9.7155
   -7.5000   -7.5000    0.0000 2801.4500    9.1647
    0.0000   -7.5000    0.0000 2820.5103    9.0717
    7.5000   -7.5000    0.0000 2798.7122    9.1522
   -7.5000    0.0000    0.0000 2895.9026    8.8500
    0.0000    0.0000    0.0000 2930.0024    8.8244
    7.5000    0.0000    0.0000 2883.8228    8.8284
   -7.5000    7.5000    0.0000 2959.1724    8.6596
    0.0000    7.5000    0.0000 3000.6797    8.6538
    7.5000    7.5000    0.0000 2937.7012    8.6827
   -7.5000   15.0000    0.0000 2968.7705    8.6857
    0.0000   15.0000    0.0000 3010.6863    8.6498
    7.5000   15.0000    0.0000 2942.2124    8.7309
   -7.5000   22.5000    0.0000 2915.3997    8.9454
    0.0000   22.5000    0.0000 2952.9641    8.8914
    7.5000   22.5000    0.0000 2890.4221    8.9692
   -7.5000   30.0000    0.0000 2814.6741    9.4314
    0.0000   30.0000    0.0000 2839.4133    9.3410
    7.5000   30.0000    0.0000 2797.3442    9.4339
   -7.5000   37.5000    0.0000 2692.9280   10.1291
    0.0000   37.5000    0.0000 2716.4888   10.0117
    7.5000   37.5000    0.0000 2683.1238   10.1386
   -7.5000   45.0000    0.0000 2559.1863   11.0892
    0.0000   45.0000    0.0000 2573.5051   10.9796
    7.5000   45.0000    0.0000 2548.6548   11.1124
   -7.5000  -45.0000    7.5000 2150.1750   15.0945
    0.0000  -45.0000    7.5000 2162.0728   14.9345
    7.5000  -45.0000    7.5000 2147.3650   15.1529
   -7.5000  -37.5000    7.5000 2288.0229   13.2237
    0.0000  -37.5000    7.5000 2303.4800   13.0656
    7.5000  -37.5000    7.5000 2290.7451   13.3059
   -7.5000  -30.0000    7.5000 2411.1309   11.8609
    0.0000  -30.0000    7.5000 2425.8188   11.7046
    7.5000  -30.0000    7.5000 2408.1787   11.9163
   -7.5000  -22.5000    7.5000 2530.0522   10.8217
    0.0000  -22.5000    7.5000 2544.8562   10.7072
    7.5000  -22.5000    7.5000 2522.5239   10.8943
   -7.5000  -15.0000    7.5000 2654.4553   10.0599
    0.0000  -15.0000    7.5000 2670.2302    9.9474
    7.5000  -15.0000    7.5000 2644.4978   10.1146
   -7.5000   -7.5000    7.5000 2768.7241    9.5037
    0.0000   -7.5000    7.5000 2787.5608    9.4203
    7.5000   -7.5000    7.5000 2759.8716    9.5093
   -7.5000    0.0000    7.5000 2857.7339    9.1214
    0.0000    0.0000    7.5000 2885.1196    9.0311
    7.5000    0.0000    7.5000 2842.7754    9.1243
   -7.5000    7.5000    7.5000 2918.3750    8.9331
    0.0000    7.5000    7.5000 2948.1282    8.8281
    7.5000    7.5000    7.5000 2897.8367    8.9520
   -7.5000   15.0000    7.5000 2929.9109    8.9801
    0.0000   15.0000    7.5000 2959.4258    8.8982
    7.5000   15.0000    7.5000 2903.8140    8.9879
   -7.5000   22.5000    7.5000 2875.7188    9.2515
    0.0000   22.5000    7.5000 2905.2964    9.1604
    7.5000   22.5000    7.5000 2852.9219    9.2462
   -7.5000   30.0000    7.5000 2775.7161    9.7336
    0.0000   30.0000    7.5000 2804.5010    9.6333
    7.5000   30.0000    7.5000 2759.8711    9.7253
   -7.5000   37.5000    7.5000 2651.5210   10.3883
    0.0000   37.5000    7.5000 2672.8179   10.2659
    7.5000   37.5000    7.5000 2639.1516   10.3847
   -7.5000   45.0000    7.5000 2522.9119   11.3035
    0.0000   45.0000    7.5000 2538.3633   11.1809
    7.5000   45.0000    7.5000 2513.7917   11.3128
   -7.5000  -45.0000   15.0000 2097.6531   15.8924
    0.0000  -45.0000   15.0000 2108.9417   15.7697
    7.5000  -45.0000   15.0000 2094.5359   15.9897
   -7.5000  -37.5000   15.0000 2242.8176   13.9399
    0.0000  -37.5000   15.0000 2257.0603   13.8198
    7.5000  -37.5000   15.0000 2241.3757   14.0002
   -7.5000  -30.0000   15.0000 2370.6152   12.4589
    0.0000  -30.0000   15.0000 2389.0701   12.3429
    7.5000  -30.0000   15.0000 2364.7053   12.5349
   -7.5000  -22.5000   15.0000 2491.1902   11.3613
    0.0000  -22.5000   15.0000 2509.4895   11.2204
    7.5000  -22.5000   15.0000 2483.4253   11.4415
   -7.5000  -15.0000   15.0000 2606.8042   10.5413
    0.0000  -15.0000   15.0000 2626.0227   10.3925
    7.5000  -15.0000   15.0000 2601.0513   10.6051
   -7.5000   -7.5000   15.0000 2716.2854    9.9025
    0.0000   -7.5000   15.0000 2733.5422    9.7891
    7.5000   -7.5000   15.0000 2710.2053    9.9421
   -7.5000    0.0000   15.0000 2799.0103    9.4845
    0.0000    0.0000   15.0000 2821.1677    9.3381
    7.5000    0.0000   15.0000 2786.3730    9.5398
   -7.5000    7.5000   15.0000 2848.0010    9.2901
    0.0000    7.5000   15.0000 2869.5601    9.1731
    7.5000    7.5000   15.0000 2831.0791    9.3394
   -7.5000   15.0000   15.0000 2852.0071    9.3297
    0.0000   15.0000   15.0000 2873.9443    9.2298
    7.5000   15.0000   15.0000 2833.1890    9.3565
   -7.5000   22.5000   15.0000 2799.4675    9.6476
    0.0000   22.5000   15.0000 2821.4937    9.5344
    7.5000   22.5000   15.0000 2778.7498    9.6437
   -7.5000   30.0000   15.0000 2710.1106   10.1574
    0.0000   30.0000   15.0000 2737.3691   10.0110
    7.5000   30.0000   15.0000 2695.2644   10.1274
   -7.5000   37.5000   15.0000 2595.1846   10.8362
    0.0000   37.5000   15.0000 2612.8672   10.7090
    7.5000   37.5000   15.0000 2582.9856   10.8264
   -7.5000   45.0000   15.0000 2471.2180   11.7270
    0.0000   45.0000   15.0000 2488.8979   11.6070
    7.5000   45.0000   15.0000 2464.4319   11.7493
   -7.5000  -45.0000   22.5000 2041.9442   16.7786
    0.0000  -45.0000   22.5000 2050.7900   16.6548
    7.5000  -45.0000   22.5000 2041.0834   16.9132
   -7.5000  -37.5000   22.5000 2190.5852   14.7274
    0.0000  -37.5000   22.5000 2204.4412   14.5828
    7.5000  -37.5000   22.5000 2188.4397   14.8305
   -7.5000  -30.0000   22.5000 2317.2734   13.1540
    0.0000  -30.0000   22.5000 2337.7451   12.9879
    7.5000  -30.0000   22.5000 2317.0098   13.2613
   -7.5000  -22.5000   22.5000 2440.5071   11.9944
    0.0000  -22.5000   22.5000 2459.2881   11.8002
    7.5000  -22.5000   22.5000 2433.9060   12.0794
   -7.5000  -15.0000   22.5000 2552.4573   11.1086
    0.0000  -15.0000   22.5000 2574.0029   10.9475
    7.5000  -15.0000   22.5000 2546.6289   11.1795
   -7.5000   -7.5000   22.5000 2653.2219   10.4366
    0.0000   -7.5000   22.5000 2672.8093   10.2796
    7.5000   -7.5000   22.5000 2644.6660   10.5029
   -7.5000    0.0000   22.5000 2725.0120   10.0119
    0.0000    0.0000   22.5000 2745.6191    9.8745
    7.5000    0.0000   22.5000 2711.4204   10.0775
   -7.5000    7.5000   22.5000 2763.9907    9.8153
    0.0000    7.5000   22.5000 2783.2329    9.7033
    7.5000    7.5000   22.5000 2749.6284    9.8671
   -7.5000   15.0000   22.5000 2756.5430    9.8521
    0.0000   15.0000   22.5000 2777.4219    9.7531
    7.5000   15.0000   22.5000 2742.3850    9.9000
   -7.5000   22.5000   22.5000 2706.2722   10.1648
    0.0000   22.5000   22.5000 2726.0867   10.0568
    7.5000   22.5000   22.5000 2690.5254   10.1902
   -7.5000   30.0000   22.5000 2624.9282   10.6727
    0.0000   30.0000   22.5000 2646.3225   10.5298
    7.5000   30.0000   22.5000 2611.5859   10.6695
   -7.5000   37.5000   22.5000 2525.4644   11.3591
    0.0000   37.5000   22.5000 2541.4888   11.2198
    7.5000   37.5000   22.5000 2511.1497   11.3756
   -7.5000   45.0000   22.5000 2407.4409   12.2684
    0.0000   45.0000   22.5000 2420.5232   12.1672
    7.5000   45.0000   22.5000 2398.7520   12.2981
   -7.5000  -45.0000   30.0000 1988.2177   17.8152
    0.0000  -45.0000   30.0000 1993.3763   17.5978
    7.5000  -45.0000   30.0000 1983.4280   17.9182
   -7.5000  -37.5000   30.0000 2135.3506   15.6210
    0.0000  -37.5000   30.0000 2149.7305   15.4120
    7.5000  -37.5000   30.0000 2133.1912   15.7180
   -7.5000  -30.0000   30.0000 2261.6221   13.9779
    0.0000  -30.0000   30.0000 2283.7412   13.7751
    7.5000  -30.0000   30.0000 2260.5457   14.1037
   -7.5000  -22.5000   30.0000 2380.0259   12.7620
    0.0000  -22.5000   30.0000 2399.0701   12.5627
    7.5000  -22.5000   30.0000 2372.5837   12.8629
   -7.5000  -15.0000   30.0000 2481.9885   11.8336
    0.0000  -15.0000   30.0000 2498.5029   11.6649
    7.5000  -15.0000   30.0000 2475.0422   11.9238
   -7.5000   -7.5000   30.0000 2573.1116   11.1572
    0.0000   -7.5000   30.0000 2591.1606   10.9712
    7.5000   -7.5000   30.0000 2562.6208   11.2306
   -7.5000    0.0000   30.0000 2636.9351   10.7084
    0.0000    0.0000   30.0000 2654.5947   10.5631
    7.5000    0.0000   30.0000 2622.6802   10.7654
   -7.5000    7.5000   30.0000 2670.9194   10.4965
    0.0000    7.5000   30.0000 2684.4224   10.3828
    7.5000    7.5000   30.0000 2657.2493   10.5513
   -7.5000   15.0000   30.0000 2652.0854   10.5592
    0.0000   15.0000   30.0000 2667.3616   10.4539
    7.5000   15.0000   30.0000 2638.2932   10.5991
   -7.5000   22.5000   30.0000 2603.8633   10.8605
    0.0000   22.5000   30.0000 2616.2610   10.7578
    7.5000   22.5000   30.0000 2591.8530   10.8993
   -7.5000   30.0000   30.0000 2534.2542   11.3365
    0.0000   30.0000   30.0000 2553.6963   11.2063
    7.5000   30.0000   30.0000 2524.1255   11.3666
   -7.5000   37.5000   30.0000 2447.1160   12.0155
    0.0000   37.5000   30.0000 2464.6121   11.8662
    7.5000   37.5000   30.0000 2435.0015   12.0367
   -7.5000   45.0000   30.0000 2335.6113   12.9154
    0.0000   45.0000   30.0000 2347.8008   12.8064
    7.5000   45.0000   30.0000 2323.9641   12.9696
   -7.5000  -45.0000   37.5000 1923.9294   19.0530
    0.0000  -45.0000   37.5000 1932.1140   18.8283
    7.5000  -45.0000   37.5000 1918.9961   19.1362
   -7.5000  -37.5000   37.5000 2074.6206   16.7341
    0.0000  -37.5000   37.5000 2088.1213   16.4950
    7.5000  -37.5000   37.5000 2070.4338   16.8353
   -7.5000  -30.0000   37.5000 2200.5237   15.0256
    0.0000  -30.0000   37.5000 2220.3994   14.7861
    7.5000  -30.0000   37.5000 2194.3770   15.1040
   -7.5000  -22.5000   37.5000 2310.2153   13.7231
    0.0000  -22.5000   37.5000 2328.9172   13.5305
    7.5000  -22.5000   37.5000 2302.6104   13.8037
   -7.5000  -15.0000   37.5000 2405.9106   12.7418
    0.0000  -15.0000   37.5000 2423.9893   12.5702
    7.5000  -15.0000   37.5000 2396.4253   12.8298
   -7.5000   -7.5000   37.5000 2486.6831   12.0367
    0.0000   -7.5000   37.5000 2507.0554   11.8686
    7.5000   -7.5000   37.5000 2478.4302   12.1188
   -7.5000    0.0000   37.5000 2540.6470   11.5414
    0.0000    0.0000   37.5000 2555.6460   11.4281
    7.5000    0.0000   37.5000 2529.6462   11.6175
   -7.5000    7.5000   37.5000 2562.8794   11.3535
    0.0000    7.5000   37.5000 2574.4763   11.2548
    7.5000    7.5000   37.5000 2552.3613   11.4108
   -7.5000   15.0000   37.5000 2546.3589   11.4219
    0.0000   15.0000   37.5000 2554.2358   11.3420
    7.5000   15.0000   37.5000 2532.6038   11.4778
   -7.5000   22.5000   37.5000 2502.5220   11.6983
    0.0000   22.5000   37.5000 2512.3306   11.6320
    7.5000   22.5000   37.5000 2489.9578   11.7597
   -7.5000   30.0000   37.5000 2439.6035   12.1713
    0.0000   30.0000   37.5000 2455.8730   12.0740
    7.5000   30.0000   37.5000 2427.8999   12.2131
   -7.5000   37.5000   37.5000 2359.3459   12.8308
    0.0000   37.5000   37.5000 2376.2285   12.6996
    7.5000   37.5000   37.5000 2352.6619   12.8524
   -7.5000   45.0000   37.5000 2251.0115   13.7227
    0.0000   45.0000   37.5000 2269.2188   13.6084
    7.5000   45.0000   37.5000 2242.0361   13.7825
   -7.5000  -45.0000   45.0000 1847.4121   20.7034
    0.0000  -45.0000   45.0000 1858.2089   20.4448
    7.5000  -45.0000   45.0000 1843.6946   20.7679
   -7.5000  -37.5000   45.0000 1996.9359   18.1539
    0.0000  -37.5000   45.0000 2012.8074   17.9032
    7.5000  -37.5000   45.0000 1992.4294   18.2533
   -7.5000  -30.0000   45.0000 2123.4387   16.2808
    0.0000  -30.0000   45.0000 2141.5703   16.0925
    7.5000  -30.0000   45.0000 2113.4629   16.3755
   -7.5000  -22.5000   45.0000 2227.5034   14.8777
    0.0000  -22.5000   45.0000 2251.5510   14.7239
    7.5000  -22.5000   45.0000 2218.9199   14.9597
   -7.5000  -15.0000   45.0000 2318.5000   13.8539
    0.0000  -15.0000   45.0000 2338.2971   13.6920
    7.5000  -15.0000   45.0000 2309.9507   13.9416
   -7.5000   -7.5000   45.0000 2396.5667   13.0956
    0.0000   -7.5000   45.0000 2415.9443   12.9588
    7.5000   -7.5000   45.0000 2389.3936   13.1640
   -7.5000    0.0000   45.0000 2442.1306   12.5661
    0.0000    0.0000   45.0000 2453.7451   12.4639
    7.5000    0.0000   45.0000 2432.8059   12.6317
   -7.5000    7.5000   45.0000 2453.7322   12.3851
    0.0000    7.5000   45.0000 2468.1536   12.2860
    7.5000    7.5000   45.0000 2443.2336   12.4362
   -7.5000   15.0000   45.0000 2436.9282   12.4416
    0.0000   15.0000   45.0000 2449.7720   12.3875
    7.5000   15.0000   45.0000 2423.7490   12.5073
   -7.5000   22.5000   45.0000 2399.0432   12.6887
    0.0000   22.5000   45.0000 2416.3528   12.6318
    7.5000   22.5000   45.0000 2387.7961   12.7501
   -7.5000   30.0000   45.0000 2342.1721   13.1790
    0.0000   30.0000   45.0000 2357.2812   13.1153
    7.5000   30.0000   45.0000 2327.2456   13.2609
   -7.5000   37.5000   45.0000 2257.6138   13.8340
    0.0000   37.5000   45.0000 2275.7219   13.7608
    7.5000   37.5000   45.0000 2250.6904   13.8889
   -7.5000   45.0000   45.0000 2156.4863   14.7436
    0.0000   45.0000   45.0000 2171.9878   14.6487
    7.5000   45.0000   45.0000 2146.6199   14.8263

---------------------------------------------------------------------
imgreg_4dfp /opt/freesurfer/average/711-2C_as_mni_average_305 /opt/freesurfer/average/711-2B_as_mni_average_305_mask talsrcimg_g11 none talsrcimg_to_711-2C_as_mni_average_305_t4 1283
---------------------------------------------------------------------

freesurfer imgreg_4dfp.c
/opt/freesurfer/average/711-2C_as_mni_average_305.4dfp.img
       256       256       256         1
  1.000000  1.000000  1.000000
orientation T byte_order littleendian
Reading image: /opt/freesurfer/average/711-2C_as_mni_average_305.4dfp.img
dimensions:      256       256       256
mmppix:       1.0000   -1.0000   -1.0000
center:     128.0000 -129.0000 -129.0000
/opt/freesurfer/average/711-2B_as_mni_average_305_mask.4dfp.img
       256       256       256         1
  1.000000  1.000000  1.000000
orientation T byte_order littleendian
Reading mask: /opt/freesurfer/average/711-2B_as_mni_average_305_mask.4dfp.img (2306576 pixels)
talsrcimg_g11.4dfp.img
       256       256       256         1
  1.000000  1.000000  1.000000
orientation T byte_order littleendian
Reading image: talsrcimg_g11.4dfp.img
dimensions:      256       256       256
mmppix:       1.0000   -1.0000   -1.0000
center:     128.0000 -129.0000 -129.0000
rotation matrix determinant  1.000000
fimgreg.f
image alignment mode   1283 decimal      503 hex
parameters
    0.0000   15.0000    0.0000    0.0000    0.0000    0.0000
eta,q 0.94449  8.63209
niter,ni,del,rscale     5    3   12.0000    1.2000
parameter  2  0.663482 ->  0.500000 qaram    1.1500
parameter  3  0.948217 ->  0.500000 qaram    1.1500
parameter  4  1.599365 ->  0.500000 qaram    1.1500
parameters
   -1.0402   11.5500   -3.4500   -3.4500   -0.0719   -0.6398
eta,q 0.95405  8.34750
  0.0652  0.0544  0.0513  0.0463  0.0546  0.0505
  0.0602  0.0553  0.0499  0.0459  0.0504  0.0477
  0.0568  0.0554  0.0511  0.0476  0.0474  0.0462
  0.0568  0.0562  0.0551  0.0496  0.0462  0.0462
  0.0606  0.0596  0.0585  0.0515  0.0473  0.0473
  0.0657  0.0641  0.0618  0.0536  0.0509  0.0496
  0.0732  0.0698  0.0667  0.0559  0.0549  0.0524
niter,ni,del,rscale     7    3   12.0000    1.2000
parameter  4  0.645889 ->  0.500000 qaram    1.3225
parameters
   -1.0997   12.8136   -4.1602   -7.4175   -0.0043   -0.5740
eta,q 0.95565  8.40444
  0.0625  0.0622  0.0546  0.0465  0.0548  0.0508
  0.0546  0.0542  0.0509  0.0446  0.0503  0.0476
  0.0487  0.0475  0.0479  0.0448  0.0461  0.0450
  0.0459  0.0460  0.0468  0.0470  0.0443  0.0443
  0.0488  0.0473  0.0484  0.0494  0.0460  0.0455
  0.0557  0.0490  0.0535  0.0513  0.0498  0.0477
  0.0628  0.0527  0.0591  0.0539  0.0545  0.0501
niter,ni,del,rscale     7    3   12.0000    1.2000
parameters
   -1.1550   14.8572   -4.7207   -8.2701    0.1739   -0.4905
eta,q 0.95781  8.32357
  0.0627  0.0577  0.0526  0.0502  0.0528  0.0503
  0.0540  0.0537  0.0478  0.0464  0.0483  0.0463
  0.0472  0.0493  0.0442  0.0425  0.0439  0.0431
  0.0443  0.0443  0.0427  0.0429  0.0422  0.0422
  0.0479  0.0427  0.0443  0.0460  0.0437  0.0436
  0.0553  0.0441  0.0503  0.0494  0.0472  0.0463
  0.0627  0.0498  0.0569  0.0526  0.0518  0.0494
niter,ni,del,rscale     6    3   12.0000    1.2000
parameters
   -1.2000   14.8540   -5.0307   -8.4693    0.1858   -0.4418
eta,q 0.95784  8.31591
  0.0609  0.0544  0.0528  0.0512  0.0523  0.0501
  0.0519  0.0503  0.0478  0.0478  0.0477  0.0462
  0.0448  0.0452  0.0438  0.0437  0.0435  0.0430
  0.0422  0.0422  0.0422  0.0423  0.0421  0.0421
  0.0456  0.0435  0.0433  0.0451  0.0439  0.0436
  0.0529  0.0488  0.0488  0.0484  0.0475  0.0463
  0.0607  0.0560  0.0556  0.0516  0.0521  0.0495
niter,ni,del,rscale     5    3   12.0000    1.2000
parameters
   -1.2331   14.8698   -5.1328   -8.5369    0.1911   -0.4197
eta,q 0.95786  8.31369
  0.0608  0.0545  0.0532  0.0514  0.0522  0.0500
  0.0518  0.0504  0.0482  0.0481  0.0477  0.0461
  0.0448  0.0453  0.0440  0.0440  0.0435  0.0430
  0.0422  0.0422  0.0421  0.0422  0.0421  0.0421
  0.0455  0.0436  0.0429  0.0450  0.0439  0.0436
  0.0527  0.0489  0.0480  0.0482  0.0475  0.0463
  0.0606  0.0558  0.0548  0.0514  0.0521  0.0495
niter,ni,del,rscale     4    3   12.0000    1.2000
parameters
   -1.2460   14.8836   -5.1642   -8.5612    0.1933   -0.4110
eta,q 0.95786  8.31290
  0.0609  0.0545  0.0534  0.0515  0.0521  0.0500
  0.0519  0.0504  0.0484  0.0482  0.0476  0.0461
  0.0448  0.0453  0.0441  0.0441  0.0435  0.0430
  0.0421  0.0421  0.0421  0.0422  0.0421  0.0421
  0.0454  0.0437  0.0428  0.0450  0.0439  0.0436
  0.0526  0.0490  0.0478  0.0481  0.0475  0.0463
  0.0604  0.0558  0.0546  0.0514  0.0521  0.0495
registration optimization eta report
parameter search radius
    6.0000    6.9000    6.9000    7.9350    6.0000    6.0000
100000*second partial in parameter space
       50.       26.       25.       13.       27.       21.
  0.0609  0.0545  0.0534  0.0515  0.0521  0.0500
  0.0519  0.0504  0.0484  0.0482  0.0476  0.0461
  0.0448  0.0453  0.0441  0.0441  0.0435  0.0430
  0.0421  0.0421  0.0421  0.0422  0.0421  0.0421
  0.0454  0.0437  0.0428  0.0450  0.0439  0.0436
  0.0526  0.0490  0.0478  0.0481  0.0475  0.0463
  0.0604  0.0558  0.0546  0.0514  0.0521  0.0495
   -1.2460   14.8836   -5.1642   -8.5612    0.1933   -0.4110
eta,q 0.95786  8.31290

---------------------------------------------------------------------
imgreg_4dfp /opt/freesurfer/average/711-2C_as_mni_average_305 /opt/freesurfer/average/711-2B_as_mni_average_305_mask talsrcimg_g11 none talsrcimg_to_711-2C_as_mni_average_305_t4 3335
---------------------------------------------------------------------

freesurfer imgreg_4dfp.c
/opt/freesurfer/average/711-2C_as_mni_average_305.4dfp.img
       256       256       256         1
  1.000000  1.000000  1.000000
orientation T byte_order littleendian
Reading image: /opt/freesurfer/average/711-2C_as_mni_average_305.4dfp.img
dimensions:      256       256       256
mmppix:       1.0000   -1.0000   -1.0000
center:     128.0000 -129.0000 -129.0000
/opt/freesurfer/average/711-2B_as_mni_average_305_mask.4dfp.img
       256       256       256         1
  1.000000  1.000000  1.000000
orientation T byte_order littleendian
Reading mask: /opt/freesurfer/average/711-2B_as_mni_average_305_mask.4dfp.img (2306576 pixels)
talsrcimg_g11.4dfp.img
       256       256       256         1
  1.000000  1.000000  1.000000
orientation T byte_order littleendian
Reading image: talsrcimg_g11.4dfp.img
dimensions:      256       256       256
mmppix:       1.0000   -1.0000   -1.0000
center:     128.0000 -129.0000 -129.0000
fimgreg.f
image alignment mode   3335 decimal      D07 hex
parameters
   -1.2460   14.8836   -5.1642   -0.0031   -1.1172   -1.1148
    0.7595   -0.2268   -0.7173   14.8886    0.3373  -14.8865
eta,q 0.95643  8.43084
niter,ni,del,rscale     5    3    5.0000    1.2000
parameter  4  1.034248 ->  0.500000 qaram    1.1500
parameter  5  8.288009 ->  0.500000 qaram    1.1500
parameter  6  0.896142 ->  0.500000 qaram    1.1500
parameter 11  0.561106 ->  0.500000 qaram    1.1500
parameters
   -1.1476   15.0949   -4.9478   -4.1431   -5.2572   -5.2548
   -0.2735   -0.2605   -0.6170   11.6173   -3.8027  -13.5715
eta,q 0.96856  8.16800
  0.0465  0.0456  0.0455  0.0402  0.0318  0.0328  0.0345  0.0372  0.0346  0.0332  0.0318  0.0337
  0.0450  0.0446  0.0446  0.0406  0.0351  0.0329  0.0335  0.0349  0.0335  0.0321  0.0315  0.0326
  0.0439  0.0439  0.0439  0.0416  0.0382  0.0337  0.0329  0.0334  0.0330  0.0320  0.0316  0.0319
  0.0436  0.0436  0.0436  0.0435  0.0408  0.0360  0.0329  0.0329  0.0329  0.0329  0.0319  0.0315
  0.0438  0.0437  0.0436  0.0462  0.0439  0.0404  0.0334  0.0334  0.0331  0.0342  0.0326  0.0315
  0.0446  0.0442  0.0441  0.0496  0.0475  0.0448  0.0344  0.0349  0.0336  0.0359  0.0335  0.0318
  0.0461  0.0449  0.0450  0.0533  0.0511  0.0493  0.0356  0.0374  0.0344  0.0382  0.0347  0.0325
niter,ni,del,rscale     7    3    5.0000    1.2000
parameter  3  0.601722 ->  0.500000 qaram    1.1500
parameter  5  2.156689 ->  0.500000 qaram    1.3225
parameters
   -0.9149   14.4274   -6.3278   -6.4865  -10.0182   -8.6959
    0.3121    0.1556    0.1173   11.5383   -7.3486  -15.8556
eta,q 0.97474  7.90129
  0.0350  0.0322  0.0310  0.0319  0.0240  0.0259  0.0288  0.0293  0.0283  0.0290  0.0258  0.0260
  0.0332  0.0316  0.0306  0.0310  0.0248  0.0257  0.0273  0.0273  0.0270  0.0273  0.0255  0.0254
  0.0320  0.0313  0.0307  0.0305  0.0271  0.0256  0.0262  0.0260  0.0261  0.0261  0.0255  0.0253
  0.0314  0.0314  0.0313  0.0305  0.0304  0.0253  0.0257  0.0257  0.0257  0.0257  0.0257  0.0254
  0.0316  0.0319  0.0324  0.0314  0.0338  0.0269  0.0258  0.0260  0.0258  0.0260  0.0260  0.0260
  0.0324  0.0329  0.0338  0.0334  0.0369  0.0312  0.0267  0.0269  0.0264  0.0273  0.0264  0.0267
  0.0339  0.0343  0.0354  0.0364  0.0406  0.0363  0.0280  0.0284  0.0275  0.0293  0.0269  0.0277
niter,ni,del,rscale     7    3    5.0000    1.2000
parameter  5  0.516559 ->  0.500000 qaram    1.5209
parameters
   -0.7010   14.4077   -6.7160   -6.0271  -15.4934   -9.7686
    0.0743   -0.0757    0.8328   12.1175   -6.8934  -17.7180
eta,q 0.97589  7.71894
  0.0288  0.0281  0.0265  0.0282  0.0255  0.0258  0.0266  0.0277  0.0263  0.0269  0.0254  0.0248
  0.0271  0.0265  0.0256  0.0268  0.0244  0.0248  0.0253  0.0257  0.0253  0.0254  0.0247  0.0243
  0.0259  0.0256  0.0252  0.0257  0.0239  0.0243  0.0245  0.0244  0.0245  0.0245  0.0243  0.0241
  0.0253  0.0252  0.0252  0.0252  0.0252  0.0242  0.0242  0.0242  0.0242  0.0242  0.0242  0.0242
  0.0254  0.0256  0.0256  0.0253  0.0282  0.0240  0.0246  0.0250  0.0243  0.0244  0.0243  0.0246
  0.0263  0.0266  0.0263  0.0261  0.0321  0.0251  0.0256  0.0263  0.0248  0.0250  0.0246  0.0251
  0.0278  0.0282  0.0274  0.0278  0.0355  0.0282  0.0268  0.0278  0.0256  0.0261  0.0250  0.0258
niter,ni,del,rscale     7    3    5.0000    1.2000
parameters
   -0.6487   15.0648   -6.6287   -4.8667  -16.2638   -9.5140
   -0.1118   -0.1210    0.9768   13.3506   -6.8288  -18.1554
eta,q 0.97608  7.76063
  0.0271  0.0277  0.0255  0.0268  0.0288  0.0262  0.0264  0.0277  0.0258  0.0268  0.0252  0.0250
  0.0256  0.0260  0.0247  0.0256  0.0267  0.0250  0.0251  0.0256  0.0248  0.0253  0.0244  0.0244
  0.0245  0.0248  0.0241  0.0246  0.0249  0.0243  0.0243  0.0242  0.0242  0.0243  0.0240  0.0240
  0.0241  0.0241  0.0239  0.0239  0.0238  0.0240  0.0240  0.0240  0.0240  0.0240  0.0239  0.0239
  0.0244  0.0239  0.0241  0.0238  0.0242  0.0237  0.0243  0.0247  0.0241  0.0240  0.0242  0.0241
  0.0253  0.0243  0.0245  0.0244  0.0272  0.0242  0.0253  0.0259  0.0247  0.0244  0.0245  0.0246
  0.0269  0.0252  0.0254  0.0258  0.0315  0.0264  0.0267  0.0274  0.0257  0.0253  0.0250  0.0252
niter,ni,del,rscale     6    3    5.0000    1.2000
parameters
   -0.6839   15.2485   -6.6963   -4.8339  -16.6225   -9.4940
   -0.0226   -0.1989    1.1457   13.8254   -6.9436  -18.3366
eta,q 0.97603  7.75409
  0.0267  0.0264  0.0253  0.0264  0.0290  0.0261  0.0266  0.0276  0.0257  0.0262  0.0252  0.0251
  0.0253  0.0251  0.0245  0.0252  0.0269  0.0250  0.0252  0.0255  0.0248  0.0249  0.0244  0.0245
  0.0243  0.0243  0.0240  0.0244  0.0251  0.0243  0.0243  0.0242  0.0242  0.0242  0.0240  0.0241
  0.0239  0.0239  0.0239  0.0239  0.0239  0.0240  0.0240  0.0240  0.0240  0.0240  0.0240  0.0240
  0.0243  0.0240  0.0241  0.0241  0.0239  0.0236  0.0243  0.0247  0.0241  0.0241  0.0242  0.0241
  0.0253  0.0247  0.0246  0.0249  0.0265  0.0243  0.0252  0.0259  0.0247  0.0246  0.0246  0.0246
  0.0270  0.0258  0.0255  0.0266  0.0309  0.0267  0.0265  0.0274  0.0256  0.0256  0.0251  0.0252
niter,ni,del,rscale     5    3    5.0000    1.2000
parameters
   -0.7227   15.3528   -6.7671   -4.8993  -16.8149   -9.6163
    0.0012   -0.2896    1.2738   14.0761   -7.1119  -18.4567
eta,q 0.97598  7.74194
  0.0267  0.0263  0.0254  0.0264  0.0291  0.0261  0.0266  0.0276  0.0257  0.0260  0.0252  0.0252
  0.0253  0.0250  0.0246  0.0253  0.0270  0.0250  0.0252  0.0256  0.0248  0.0248  0.0245  0.0245
  0.0243  0.0243  0.0241  0.0244  0.0252  0.0243  0.0244  0.0243  0.0242  0.0242  0.0241  0.0241
  0.0240  0.0240  0.0240  0.0240  0.0240  0.0240  0.0240  0.0240  0.0240  0.0240  0.0240  0.0240
  0.0243  0.0241  0.0242  0.0242  0.0239  0.0237  0.0243  0.0247  0.0242  0.0242  0.0243  0.0242
  0.0253  0.0248  0.0247  0.0250  0.0263  0.0244  0.0252  0.0260  0.0247  0.0247  0.0247  0.0246
  0.0270  0.0259  0.0256  0.0267  0.0307  0.0269  0.0265  0.0275  0.0256  0.0257  0.0251  0.0252
niter,ni,del,rscale     4    3    5.0000    1.2000
parameters
   -0.7497   15.4291   -6.8356   -4.9823  -16.9421   -9.7474
    0.0055   -0.3629    1.3813   14.2457   -7.2484  -18.5533
eta,q 0.97596  7.73047
  0.0268  0.0262  0.0255  0.0264  0.0291  0.0261  0.0266  0.0276  0.0257  0.0259  0.0253  0.0252
  0.0254  0.0250  0.0246  0.0253  0.0270  0.0250  0.0252  0.0256  0.0248  0.0248  0.0245  0.0246
  0.0244  0.0243  0.0241  0.0244  0.0253  0.0243  0.0244  0.0243  0.0243  0.0242  0.0241  0.0242
  0.0240  0.0240  0.0240  0.0240  0.0240  0.0240  0.0241  0.0241  0.0240  0.0241  0.0241  0.0240
  0.0243  0.0242  0.0242  0.0242  0.0238  0.0237  0.0244  0.0248  0.0242  0.0242  0.0243  0.0242
  0.0254  0.0248  0.0247  0.0251  0.0262  0.0244  0.0253  0.0260  0.0247  0.0247  0.0247  0.0246
  0.0270  0.0260  0.0256  0.0268  0.0305  0.0269  0.0266  0.0275  0.0256  0.0257  0.0252  0.0252
niter,ni,del,rscale     3    3    5.0000    1.2000
parameters
   -0.7714   15.4886   -6.9016   -5.0521  -17.0398   -9.8704
    0.0091   -0.4188    1.4634   14.3843   -7.3542  -18.6416
eta,q 0.97593  7.72067
  0.0268  0.0262  0.0255  0.0264  0.0290  0.0261  0.0266  0.0277  0.0257  0.0259  0.0253  0.0252
  0.0254  0.0250  0.0247  0.0253  0.0270  0.0250  0.0253  0.0257  0.0248  0.0248  0.0246  0.0246
  0.0244  0.0243  0.0242  0.0245  0.0253  0.0244  0.0244  0.0244  0.0243  0.0242  0.0241  0.0242
  0.0240  0.0240  0.0240  0.0240  0.0240  0.0241  0.0241  0.0241  0.0241  0.0241  0.0241  0.0241
  0.0244  0.0242  0.0242  0.0243  0.0239  0.0238  0.0244  0.0248  0.0242  0.0242  0.0243  0.0242
  0.0254  0.0249  0.0248  0.0251  0.0261  0.0245  0.0253  0.0260  0.0247  0.0247  0.0247  0.0246
  0.0270  0.0260  0.0256  0.0268  0.0305  0.0269  0.0266  0.0275  0.0256  0.0257  0.0252  0.0253
niter,ni,del,rscale     2    3    5.0000    1.2000
parameters
   -0.7889   15.5393   -6.9592   -5.1105  -17.1216   -9.9727
    0.0167   -0.4687    1.5354   14.5068   -7.4293  -18.7192
eta,q 0.97591  7.71252
  0.0269  0.0262  0.0255  0.0265  0.0290  0.0262  0.0266  0.0277  0.0257  0.0259  0.0253  0.0253
  0.0254  0.0250  0.0247  0.0254  0.0270  0.0250  0.0253  0.0257  0.0248  0.0248  0.0246  0.0246
  0.0244  0.0243  0.0242  0.0245  0.0253  0.0244  0.0244  0.0244  0.0243  0.0242  0.0241  0.0242
  0.0241  0.0241  0.0241  0.0241  0.0241  0.0241  0.0241  0.0241  0.0241  0.0241  0.0241  0.0241
  0.0244  0.0242  0.0243  0.0243  0.0239  0.0238  0.0244  0.0248  0.0242  0.0243  0.0243  0.0243
  0.0254  0.0249  0.0248  0.0251  0.0261  0.0245  0.0253  0.0260  0.0247  0.0248  0.0248  0.0247
  0.0270  0.0260  0.0256  0.0268  0.0304  0.0269  0.0266  0.0275  0.0256  0.0257  0.0252  0.0253
niter,ni,del,rscale     1    3    5.0000    1.2000
parameters
   -0.8042   15.5829   -7.0117   -5.1573  -17.1889  -10.0618
    0.0203   -0.5097    1.5906   14.6140   -7.4787  -18.7811
eta,q 0.97589  7.70583
  0.0269  0.0262  0.0256  0.0265  0.0290  0.0262  0.0266  0.0277  0.0257  0.0259  0.0254  0.0253
  0.0254  0.0250  0.0247  0.0254  0.0270  0.0251  0.0253  0.0257  0.0248  0.0248  0.0246  0.0246
  0.0245  0.0243  0.0242  0.0245  0.0253  0.0244  0.0244  0.0244  0.0243  0.0243  0.0242  0.0242
  0.0241  0.0241  0.0241  0.0241  0.0241  0.0241  0.0241  0.0241  0.0241  0.0241  0.0241  0.0241
  0.0244  0.0243  0.0243  0.0243  0.0239  0.0239  0.0244  0.0248  0.0243  0.0243  0.0244  0.0243
  0.0254  0.0249  0.0248  0.0251  0.0260  0.0246  0.0253  0.0260  0.0248  0.0248  0.0248  0.0247
  0.0270  0.0260  0.0257  0.0268  0.0304  0.0269  0.0266  0.0275  0.0257  0.0258  0.0253  0.0253
registration optimization eta report
parameter search radius
    2.4000    2.4000    2.7600    8.2800   10.9503    8.2800
    7.2000    7.2000    7.2000    7.2000    8.2800    7.2000
100000*second partial in parameter space
       49.       35.       20.        4.        5.        4.
        5.        7.        3.        3.        2.        2.
  0.0269  0.0262  0.0256  0.0265  0.0290  0.0262  0.0266  0.0277  0.0257  0.0259  0.0254  0.0253
  0.0254  0.0250  0.0247  0.0254  0.0270  0.0251  0.0253  0.0257  0.0248  0.0248  0.0246  0.0246
  0.0245  0.0243  0.0242  0.0245  0.0253  0.0244  0.0244  0.0244  0.0243  0.0243  0.0242  0.0242
  0.0241  0.0241  0.0241  0.0241  0.0241  0.0241  0.0241  0.0241  0.0241  0.0241  0.0241  0.0241
  0.0244  0.0243  0.0243  0.0243  0.0239  0.0239  0.0244  0.0248  0.0243  0.0243  0.0244  0.0243
  0.0254  0.0249  0.0248  0.0251  0.0260  0.0246  0.0253  0.0260  0.0248  0.0248  0.0248  0.0247
  0.0270  0.0260  0.0257  0.0268  0.0304  0.0269  0.0266  0.0275  0.0257  0.0258  0.0253  0.0253
   -0.8042   15.5829   -7.0117   -5.1573  -17.1889  -10.0618
    0.0203   -0.5097    1.5906   14.6140   -7.4787  -18.7811
eta,q 0.97589  7.70583

---------------------------------------------------------------------
imgreg_4dfp /opt/freesurfer/average/711-2C_as_mni_average_305 /opt/freesurfer/average/711-2B_as_mni_average_305_mask talsrcimg_g11 none talsrcimg_to_711-2C_as_mni_average_305_t4 2311
---------------------------------------------------------------------

freesurfer imgreg_4dfp.c
/opt/freesurfer/average/711-2C_as_mni_average_305.4dfp.img
       256       256       256         1
  1.000000  1.000000  1.000000
orientation T byte_order littleendian
Reading image: /opt/freesurfer/average/711-2C_as_mni_average_305.4dfp.img
dimensions:      256       256       256
mmppix:       1.0000   -1.0000   -1.0000
center:     128.0000 -129.0000 -129.0000
/opt/freesurfer/average/711-2B_as_mni_average_305_mask.4dfp.img
       256       256       256         1
  1.000000  1.000000  1.000000
orientation T byte_order littleendian
Reading mask: /opt/freesurfer/average/711-2B_as_mni_average_305_mask.4dfp.img (2306576 pixels)
talsrcimg_g11.4dfp.img
       256       256       256         1
  1.000000  1.000000  1.000000
orientation T byte_order littleendian
Reading image: talsrcimg_g11.4dfp.img
dimensions:      256       256       256
mmppix:       1.0000   -1.0000   -1.0000
center:     128.0000 -129.0000 -129.0000
fimgreg.f
image alignment mode   2311 decimal      907 hex
parameters
   -0.8042   15.5829   -7.0117   -5.1573  -17.1889  -10.0618
    0.0203   -0.5097    1.5906   14.6140   -7.4787  -18.7811
eta,q 0.97589  7.70583
niter,ni,del,rscale     5    3    5.0000    0.8000
parameters
   -0.7901   15.6382   -7.0715   -4.7376  -15.1373   -8.4255
   -0.3148    0.0204    1.4343   14.9186   -6.6671  -18.6457
eta,q 0.97642  7.86934
  0.0255  0.0250  0.0246  0.0252  0.0258  0.0246  0.0248  0.0260  0.0244  0.0248  0.0243  0.0243
  0.0247  0.0245  0.0243  0.0247  0.0252  0.0242  0.0241  0.0248  0.0240  0.0241  0.0239  0.0239
  0.0243  0.0242  0.0241  0.0243  0.0246  0.0239  0.0237  0.0239  0.0237  0.0238  0.0237  0.0237
  0.0241  0.0241  0.0241  0.0241  0.0241  0.0238  0.0236  0.0236  0.0236  0.0236  0.0236  0.0236
  0.0242  0.0242  0.0242  0.0242  0.0238  0.0236  0.0238  0.0237  0.0237  0.0236  0.0236  0.0236
  0.0247  0.0245  0.0244  0.0244  0.0238  0.0236  0.0244  0.0243  0.0240  0.0239  0.0237  0.0239
  0.0254  0.0249  0.0247  0.0249  0.0243  0.0239  0.0252  0.0251  0.0245  0.0245  0.0239  0.0242
niter,ni,del,rscale     4    3    5.0000    0.7000
parameters
   -0.8012   15.3680   -6.9235   -4.1899  -15.1044   -7.1692
   -0.1439    0.6250    1.4420   14.6449   -4.9392  -18.6573
eta,q 0.97682  7.94072
  0.0246  0.0241  0.0241  0.0244  0.0247  0.0243  0.0244  0.0252  0.0239  0.0241  0.0240  0.0237
  0.0241  0.0237  0.0238  0.0240  0.0242  0.0240  0.0238  0.0243  0.0236  0.0236  0.0237  0.0234
  0.0237  0.0236  0.0236  0.0237  0.0238  0.0238  0.0235  0.0236  0.0233  0.0233  0.0234  0.0232
  0.0236  0.0236  0.0235  0.0235  0.0235  0.0235  0.0233  0.0233  0.0232  0.0232  0.0233  0.0232
  0.0237  0.0238  0.0236  0.0236  0.0236  0.0233  0.0234  0.0233  0.0233  0.0234  0.0232  0.0232
  0.0241  0.0242  0.0237  0.0237  0.0240  0.0233  0.0237  0.0237  0.0235  0.0237  0.0232  0.0234
  0.0247  0.0248  0.0239  0.0241  0.0249  0.0239  0.0243  0.0244  0.0239  0.0243  0.0233  0.0237
niter,ni,del,rscale     3    3    5.0000    0.6000
parameters
   -0.7871   15.2194   -6.8453   -3.0712  -14.7660   -6.4029
   -0.2742    1.0066    0.9156   14.1957   -3.7704  -18.6067
eta,q 0.97719  8.00664
  0.0240  0.0237  0.0237  0.0240  0.0243  0.0242  0.0237  0.0245  0.0233  0.0235  0.0235  0.0233
  0.0236  0.0234  0.0234  0.0236  0.0238  0.0239  0.0233  0.0237  0.0230  0.0231  0.0232  0.0230
  0.0233  0.0232  0.0232  0.0233  0.0234  0.0235  0.0230  0.0232  0.0229  0.0229  0.0230  0.0229
  0.0232  0.0232  0.0232  0.0232  0.0231  0.0231  0.0229  0.0229  0.0229  0.0229  0.0229  0.0228
  0.0233  0.0233  0.0232  0.0231  0.0231  0.0229  0.0230  0.0229  0.0230  0.0230  0.0228  0.0229
  0.0235  0.0236  0.0233  0.0232  0.0234  0.0231  0.0233  0.0233  0.0232  0.0234  0.0229  0.0230
  0.0240  0.0240  0.0236  0.0234  0.0240  0.0238  0.0238  0.0240  0.0236  0.0240  0.0230  0.0233
niter,ni,del,rscale     2    3    5.0000    0.5000
parameters
   -0.8131   15.1018   -6.7216   -2.6913  -14.5079   -5.9987
   -0.2036    0.9368    0.5805   13.9382   -3.4178  -18.4043
eta,q 0.97731  8.03088
  0.0234  0.0232  0.0233  0.0234  0.0237  0.0239  0.0233  0.0237  0.0230  0.0233  0.0231  0.0231
  0.0231  0.0230  0.0230  0.0231  0.0233  0.0236  0.0230  0.0232  0.0228  0.0229  0.0229  0.0229
  0.0229  0.0228  0.0229  0.0229  0.0230  0.0231  0.0228  0.0228  0.0227  0.0227  0.0228  0.0227
  0.0228  0.0228  0.0228  0.0228  0.0228  0.0228  0.0227  0.0227  0.0227  0.0227  0.0227  0.0227
  0.0229  0.0229  0.0228  0.0228  0.0228  0.0227  0.0228  0.0228  0.0228  0.0228  0.0227  0.0227
  0.0231  0.0231  0.0229  0.0229  0.0230  0.0230  0.0230  0.0232  0.0230  0.0231  0.0228  0.0228
  0.0235  0.0235  0.0231  0.0232  0.0235  0.0236  0.0233  0.0238  0.0233  0.0235  0.0229  0.0230
niter,ni,del,rscale     1    3    5.0000    0.4000
parameters
   -0.8363   15.0245   -6.6103   -2.7087  -14.3985   -5.7695
   -0.0955    0.8707    0.4893   13.7830   -3.3469  -18.2820
eta,q 0.97734  8.03651
  0.0231  0.0230  0.0231  0.0230  0.0233  0.0236  0.0231  0.0233  0.0229  0.0230  0.0229  0.0229
  0.0228  0.0228  0.0229  0.0228  0.0230  0.0232  0.0229  0.0230  0.0228  0.0228  0.0228  0.0228
  0.0227  0.0227  0.0228  0.0227  0.0228  0.0229  0.0227  0.0227  0.0227  0.0227  0.0227  0.0227
  0.0227  0.0227  0.0227  0.0227  0.0227  0.0227  0.0227  0.0227  0.0227  0.0227  0.0227  0.0227
  0.0227  0.0228  0.0227  0.0227  0.0227  0.0227  0.0227  0.0227  0.0227  0.0227  0.0227  0.0227
  0.0229  0.0229  0.0228  0.0228  0.0229  0.0229  0.0228  0.0230  0.0228  0.0229  0.0227  0.0227
  0.0231  0.0231  0.0229  0.0230  0.0232  0.0234  0.0230  0.0234  0.0230  0.0232  0.0229  0.0229
registration optimization eta report
parameter search radius
    0.8000    0.8000    0.8000    2.4000    2.4000    2.4000
    2.4000    2.4000    2.4000    2.4000    2.4000    2.4000
100000*second partial in parameter space
       63.       57.       45.        6.       10.       14.
        7.       12.        5.        8.        4.        4.
  0.0231  0.0230  0.0231  0.0230  0.0233  0.0236  0.0231  0.0233  0.0229  0.0230  0.0229  0.0229
  0.0228  0.0228  0.0229  0.0228  0.0230  0.0232  0.0229  0.0230  0.0228  0.0228  0.0228  0.0228
  0.0227  0.0227  0.0228  0.0227  0.0228  0.0229  0.0227  0.0227  0.0227  0.0227  0.0227  0.0227
  0.0227  0.0227  0.0227  0.0227  0.0227  0.0227  0.0227  0.0227  0.0227  0.0227  0.0227  0.0227
  0.0227  0.0228  0.0227  0.0227  0.0227  0.0227  0.0227  0.0227  0.0227  0.0227  0.0227  0.0227
  0.0229  0.0229  0.0228  0.0228  0.0229  0.0229  0.0228  0.0230  0.0228  0.0229  0.0227  0.0227
  0.0231  0.0231  0.0229  0.0230  0.0232  0.0234  0.0230  0.0234  0.0230  0.0232  0.0229  0.0229
   -0.8363   15.0245   -6.6103   -2.7087  -14.3985   -5.7695
   -0.0955    0.8707    0.4893   13.7830   -3.3469  -18.2820
eta,q 0.97734  8.03651

---------------------------------------------------------------------
imgreg_4dfp /opt/freesurfer/average/711-2C_as_mni_average_305 /opt/freesurfer/average/711-2B_as_mni_average_305_mask talsrcimg_g11 none talsrcimg_to_711-2C_as_mni_average_305_t4 2311
---------------------------------------------------------------------

freesurfer imgreg_4dfp.c
/opt/freesurfer/average/711-2C_as_mni_average_305.4dfp.img
       256       256       256         1
  1.000000  1.000000  1.000000
orientation T byte_order littleendian
Reading image: /opt/freesurfer/average/711-2C_as_mni_average_305.4dfp.img
dimensions:      256       256       256
mmppix:       1.0000   -1.0000   -1.0000
center:     128.0000 -129.0000 -129.0000
/opt/freesurfer/average/711-2B_as_mni_average_305_mask.4dfp.img
       256       256       256         1
  1.000000  1.000000  1.000000
orientation T byte_order littleendian
Reading mask: /opt/freesurfer/average/711-2B_as_mni_average_305_mask.4dfp.img (2306576 pixels)
talsrcimg_g11.4dfp.img
       256       256       256         1
  1.000000  1.000000  1.000000
orientation T byte_order littleendian
Reading image: talsrcimg_g11.4dfp.img
dimensions:      256       256       256
mmppix:       1.0000   -1.0000   -1.0000
center:     128.0000 -129.0000 -129.0000
fimgreg.f
image alignment mode   2311 decimal      907 hex
parameters
   -0.8363   15.0245   -6.6103   -2.7087  -14.3985   -5.7695
   -0.0955    0.8707    0.4893   13.7830   -3.3469  -18.2820
eta,q 0.97734  8.03651
niter,ni,del,rscale     5    3    5.0000    0.8000
parameters
   -0.8525   14.9595   -6.5380   -3.2044  -14.7768   -6.3875
    0.0573    0.5934    0.5136   13.7064   -3.6040  -18.0811
eta,q 0.97719  7.99821
  0.0242  0.0240  0.0239  0.0237  0.0243  0.0242  0.0244  0.0248  0.0239  0.0242  0.0234  0.0236
  0.0234  0.0232  0.0232  0.0232  0.0236  0.0239  0.0235  0.0237  0.0233  0.0235  0.0231  0.0232
  0.0228  0.0228  0.0228  0.0228  0.0230  0.0232  0.0230  0.0230  0.0229  0.0230  0.0229  0.0229
  0.0227  0.0227  0.0227  0.0226  0.0227  0.0227  0.0228  0.0228  0.0228  0.0228  0.0228  0.0228
  0.0228  0.0228  0.0227  0.0228  0.0229  0.0230  0.0229  0.0232  0.0229  0.0230  0.0229  0.0229
  0.0234  0.0234  0.0231  0.0234  0.0237  0.0241  0.0234  0.0240  0.0233  0.0235  0.0232  0.0231
  0.0243  0.0242  0.0237  0.0244  0.0252  0.0261  0.0242  0.0253  0.0238  0.0243  0.0236  0.0235
niter,ni,del,rscale     4    3    5.0000    0.7000
parameters
   -0.8264   14.9998   -6.6411   -2.9614  -14.6384   -6.4200
   -0.0292    0.7251    0.5220   13.7320   -3.5494  -18.1905
eta,q 0.97721  8.00932
  0.0240  0.0239  0.0234  0.0237  0.0243  0.0241  0.0239  0.0247  0.0236  0.0239  0.0233  0.0234
  0.0234  0.0233  0.0231  0.0233  0.0236  0.0238  0.0233  0.0237  0.0232  0.0233  0.0230  0.0230
  0.0230  0.0230  0.0229  0.0230  0.0231  0.0233  0.0229  0.0231  0.0229  0.0229  0.0228  0.0228
  0.0228  0.0228  0.0228  0.0228  0.0228  0.0228  0.0228  0.0228  0.0228  0.0228  0.0228  0.0228
  0.0229  0.0229  0.0229  0.0228  0.0228  0.0228  0.0229  0.0229  0.0229  0.0229  0.0228  0.0229
  0.0233  0.0232  0.0232  0.0231  0.0233  0.0234  0.0233  0.0235  0.0231  0.0233  0.0230  0.0231
  0.0239  0.0238  0.0237  0.0236  0.0243  0.0247  0.0240  0.0245  0.0236  0.0239  0.0233  0.0234
niter,ni,del,rscale     3    3    5.0000    0.6000
parameters
   -0.8329   15.0036   -6.6701   -2.8103  -14.5137   -6.1548
   -0.0720    0.8154    0.4989   13.7429   -3.4287  -18.2450
eta,q 0.97729  8.02301
  0.0236  0.0236  0.0233  0.0235  0.0239  0.0240  0.0235  0.0242  0.0233  0.0236  0.0232  0.0232
  0.0232  0.0231  0.0230  0.0232  0.0234  0.0237  0.0231  0.0234  0.0230  0.0231  0.0229  0.0229
  0.0229  0.0229  0.0228  0.0229  0.0230  0.0232  0.0228  0.0229  0.0228  0.0228  0.0228  0.0227
  0.0228  0.0228  0.0228  0.0228  0.0228  0.0228  0.0227  0.0227  0.0227  0.0227  0.0227  0.0227
  0.0229  0.0229  0.0229  0.0228  0.0228  0.0227  0.0228  0.0228  0.0228  0.0228  0.0228  0.0228
  0.0232  0.0231  0.0231  0.0230  0.0232  0.0231  0.0231  0.0233  0.0230  0.0231  0.0229  0.0229
  0.0237  0.0236  0.0234  0.0234  0.0239  0.0240  0.0236  0.0241  0.0234  0.0236  0.0231  0.0232
niter,ni,del,rscale     2    3    5.0000    0.5000
parameters
   -0.8407   14.9936   -6.6229   -2.7641  -14.4329   -5.9031
   -0.0759    0.8383    0.4842   13.7209   -3.3704  -18.2380
eta,q 0.97733  8.03131
  0.0233  0.0232  0.0232  0.0232  0.0236  0.0238  0.0233  0.0237  0.0231  0.0233  0.0230  0.0230
  0.0230  0.0229  0.0229  0.0230  0.0232  0.0235  0.0229  0.0232  0.0229  0.0230  0.0228  0.0228
  0.0228  0.0228  0.0228  0.0228  0.0229  0.0230  0.0227  0.0228  0.0227  0.0227  0.0227  0.0227
  0.0227  0.0227  0.0227  0.0227  0.0227  0.0227  0.0227  0.0227  0.0227  0.0227  0.0227  0.0227
  0.0228  0.0228  0.0227  0.0227  0.0227  0.0227  0.0227  0.0228  0.0227  0.0227  0.0227  0.0227
  0.0230  0.0230  0.0229  0.0229  0.0230  0.0230  0.0229  0.0231  0.0229  0.0230  0.0228  0.0228
  0.0233  0.0233  0.0231  0.0232  0.0236  0.0237  0.0233  0.0237  0.0231  0.0234  0.0230  0.0230
niter,ni,del,rscale     1    3    5.0000    0.4000
parameters
   -0.8471   14.9784   -6.5706   -2.7561  -14.3690   -5.7341
   -0.0724    0.8509    0.4768   13.6839   -3.3422  -18.2119
eta,q 0.97735  8.03620
  0.0231  0.0230  0.0230  0.0230  0.0232  0.0235  0.0230  0.0234  0.0229  0.0231  0.0229  0.0229
  0.0228  0.0228  0.0228  0.0228  0.0230  0.0232  0.0228  0.0230  0.0228  0.0228  0.0228  0.0227
  0.0227  0.0227  0.0227  0.0227  0.0228  0.0229  0.0227  0.0227  0.0227  0.0227  0.0227  0.0227
  0.0227  0.0227  0.0227  0.0227  0.0227  0.0227  0.0227  0.0227  0.0226  0.0226  0.0226  0.0226
  0.0227  0.0227  0.0227  0.0227  0.0227  0.0227  0.0227  0.0227  0.0227  0.0227  0.0227  0.0227
  0.0228  0.0228  0.0228  0.0228  0.0229  0.0229  0.0228  0.0230  0.0228  0.0229  0.0227  0.0227
  0.0231  0.0230  0.0229  0.0230  0.0232  0.0234  0.0230  0.0233  0.0230  0.0231  0.0229  0.0229
registration optimization eta report
parameter search radius
    0.8000    0.8000    0.8000    2.4000    2.4000    2.4000
    2.4000    2.4000    2.4000    2.4000    2.4000    2.4000
100000*second partial in parameter space
       63.       57.       45.        6.       10.       14.
        7.       12.        5.        8.        4.        4.
  0.0231  0.0230  0.0230  0.0230  0.0232  0.0235  0.0230  0.0234  0.0229  0.0231  0.0229  0.0229
  0.0228  0.0228  0.0228  0.0228  0.0230  0.0232  0.0228  0.0230  0.0228  0.0228  0.0228  0.0227
  0.0227  0.0227  0.0227  0.0227  0.0228  0.0229  0.0227  0.0227  0.0227  0.0227  0.0227  0.0227
  0.0227  0.0227  0.0227  0.0227  0.0227  0.0227  0.0227  0.0227  0.0226  0.0226  0.0226  0.0226
  0.0227  0.0227  0.0227  0.0227  0.0227  0.0227  0.0227  0.0227  0.0227  0.0227  0.0227  0.0227
  0.0228  0.0228  0.0228  0.0228  0.0229  0.0229  0.0228  0.0230  0.0228  0.0229  0.0227  0.0227
  0.0231  0.0230  0.0229  0.0230  0.0232  0.0234  0.0230  0.0233  0.0230  0.0231  0.0229  0.0229
   -0.8471   14.9784   -6.5706   -2.7561  -14.3690   -5.7341
   -0.0724    0.8509    0.4768   13.6839   -3.3422  -18.2119
eta,q 0.97735  8.03620

---------------------------------------------------------------------
compute_vox2vox talsrcimg talsrcimg_to_711-2C_as_mni_average_305_t4 /opt/freesurfer/average/711-2C_as_mni_average_305
---------------------------------------------------------------------

freesurfer compute_vox2vox.c
Reading: talsrcimg.4dfp.ifh
Reading: talsrcimg_to_711-2C_as_mni_average_305_t4
Reading: /opt/freesurfer/average/711-2C_as_mni_average_305.4dfp.ifh
Writing: talsrcimg_to_711-2C_as_mni_average_305_t4_vox2vox.txt

start time Mon Mar 9 01:58:21 CET 2026
end		time Mon Mar 9 01:58:35 CET 2026

mpr2mni305 success

avi2talxfm orig_nu.mgz /opt/freesurfer/average/mni305.cor.mgz talsrcimg_to_711-2C_as_mni_average_305_t4_vox2vox.txt transforms/talairach.auto.xfm
avi2talxfm done
mv -f /out/sourcedata/freesurfer/sub-v1s17x0050250_ses-1/mri/talsrcimg_to_711-2C_as_mni_average_305_t4_vox2vox.txt /out/sourcedata/freesurfer/sub-v1s17x0050250_ses-1/mri/transforms/talsrcimg_to_711-2C_as_mni_average_305_t4_vox2vox.txt
lta_convert --src orig_nu.mgz --trg /opt/freesurfer/average/mni305.cor.mgz --inxfm transforms/talairach.auto.xfm --outlta transforms/talairach.auto.xfm.lta --subject fsaverage
7.3.2

--src: orig_nu.mgz src image (geometry).
--trg: /opt/freesurfer/average/mni305.cor.mgz trg image (geometry).
--inmni: transforms/talairach.auto.xfm input MNI/XFM transform.
--outlta: transforms/talairach.auto.xfm.lta output LTA.
--s: fsaverage subject name
 LTA read, type : 1
 1.02803  -0.00912  -0.00107   1.88365;
 0.03429   1.02876   0.21882  -11.73716;
-0.01120  -0.16434   1.13284   14.78882;
 0.00000   0.00000   0.00000   1.00000;
setting subject to fsaverage
Writing  LTA to file transforms/talairach.auto.xfm.lta...
lta_convert successful.
 
 
Started at Mon Mar 9 01:58:21 CET 2026
Ended   at Mon Mar  9 01:58:35 CET 2026
talairach_avi done
