status file for recon-all
Mon Mar  9 04:08:40 CET 2026
#@# Tessellate rh Mon Mar  9 04:08:40 CET 2026
#@# Smooth1 rh Mon Mar  9 04:08:43 CET 2026
#@# Inflation1 rh Mon Mar  9 04:08:46 CET 2026
#@# QSphere rh Mon Mar  9 04:08:59 CET 2026
#@# Fix Topology rh Mon Mar  9 04:10:18 CET 2026
#@# Smooth2 rh Mon Mar  9 04:16:23 CET 2026
#@# Inflation2 rh Mon Mar  9 04:16:26 CET 2026
#@# Curv .H and .K rh Mon Mar  9 04:16:41 CET 2026
#@# Sphere rh Mon Mar  9 04:17:30 CET 2026
#@# Surf Reg rh Mon Mar  9 04:20:48 CET 2026
#@# Jacobian white rh Mon Mar  9 04:25:26 CET 2026
#@# AvgCurv rh Mon Mar  9 04:25:27 CET 2026
#@# Cortical Parc rh Mon Mar  9 04:25:28 CET 2026
#@# white curv rh Mon Mar  9 04:31:50 CET 2026
#@# white area rh Mon Mar  9 04:31:52 CET 2026
#@# pial curv rh Mon Mar  9 04:31:53 CET 2026
#@# pial area rh Mon Mar  9 04:31:54 CET 2026
#@# thickness rh Mon Mar  9 04:31:55 CET 2026
#@# area and vertex vol rh Mon Mar  9 04:32:26 CET 2026
#@# Curvature Stats rh Mon Mar  9 04:32:28 CET 2026
#@# Cortical Parc 2 rh Mon Mar  9 04:32:30 CET 2026
#@# Cortical Parc 3 rh Mon Mar  9 04:32:44 CET 2026
#@# WM/GM Contrast rh Mon Mar  9 04:32:55 CET 2026
recon-all -s sub-v1s17x0050252_ses-1 finished without error at Mon Mar  9 04:32:58 CET 2026



#New# invocation of recon-all 



status file for recon-all
Mon Mar  9 04:43:14 CET 2026
#@# white curv rh Mon Mar  9 04:43:14 CET 2026
#@# white area rh Mon Mar  9 04:43:14 CET 2026
#@# pial curv rh Mon Mar  9 04:43:14 CET 2026
#@# pial area rh Mon Mar  9 04:43:14 CET 2026
#@# thickness rh Mon Mar  9 04:43:14 CET 2026
#@# area and vertex vol rh Mon Mar  9 04:43:14 CET 2026
#@# Parcellation Stats rh Mon Mar  9 04:43:14 CET 2026
#@# Parcellation Stats 2 rh Mon Mar  9 04:43:34 CET 2026
#@# Parcellation Stats 3 rh Mon Mar  9 04:43:44 CET 2026
#@# BA_exvivo Labels rh Mon Mar  9 04:43:54 CET 2026
recon-all -s sub-v1s17x0050252_ses-1 finished without error at Mon Mar  9 04:46:35 CET 2026
