/out/sourcedata/freesurfer/sub-v1s17x0050271_ses-1/mri
/opt/freesurfer/bin/talairach_avi
--i orig_nu.mgz --xfm transforms/talairach.auto.xfm
talairach_avi 7.3.2
Linux dna060 5.14.0-427.37.1.el9_4.x86_64 #1 SMP PREEMPT_DYNAMIC Fri Sep 13 12:41:50 EDT 2024 x86_64 x86_64 x86_64 GNU/Linux
Thu Mar 12 11:46:40 CET 2026
mri_convert orig_nu.mgz talsrcimg.img 
reading from orig_nu.mgz...
TR=0.00, TE=0.00, TI=0.00, flip angle=0.00
i_ras = (-1, 2.88492e-09, 3.72529e-09)
j_ras = (0, 0, -1)
k_ras = (-2.88856e-09, 1, 0)
writing to talsrcimg.img...
Analyze Output Matrix
-1.00000   0.00000  -0.00000   129.96338;
 0.00000   0.00000   1.00000  -127.42113;
 0.00000  -1.00000   0.00000   119.42329;
 0.00000   0.00000   0.00000   1.00000;
--------------------
INFO: set hdr.hist.orient to -1
mpr2mni305 talsrcimg
Thu Mar 12 11:46:40 CET 2026
/opt/freesurfer/bin/mpr2mni305 talsrcimg
mpr2mni305 7.3.2
target=711-2C_as_mni_average_305

---------------------------------------------------------------------
analyzeto4dfp talsrcimg -O0 -y
---------------------------------------------------------------------

freesurfer ifh2hdr.c
Thu Mar 12 11:46:41 2026
Writing: talsrcimg.4dfp.hdr
freesurfer analyzeto4dfp.c
Reading: talsrcimg.hdr
header size 348 bytes
hdr.dime.datatype	offset=70	value=2
hdr.dime.bitpix		offset=72	value=8
hdr.hist.orient		offset=252	value=-1
dimensionality     4
dimensions       256       256       256         1
Reading: talsrcimg.img
Writing: talsrcimg.4dfp.img
Writing: talsrcimg.4dfp.ifh
ifh2hdr talsrcimg -r0to255
ori=2

---------------------------------------------------------------------
gauss_4dfp talsrcimg 1.1
---------------------------------------------------------------------

freesurfer gauss_4dfp.c
Reading: talsrcimg.4dfp.img
Writing: talsrcimg_g11.4dfp.img
image dimensions 256 256 256 padded to 288 288 288
processing volume 1freesurfer ifh2hdr.c
Thu Mar 12 11:46:42 2026
Writing: talsrcimg_g11.4dfp.hdr

Writing: talsrcimg_g11.4dfp.ifh
including: talsrcimg.4dfp.img.rec in talsrcimg_g11.4dfp.img.rec

---------------------------------------------------------------------
imgreg_4dfp /opt/freesurfer/average/711-2C_as_mni_average_305 none talsrcimg_g11 none talsrcimg_to_711-2C_as_mni_average_305_t4 4355
---------------------------------------------------------------------

freesurfer imgreg_4dfp.c
/opt/freesurfer/average/711-2C_as_mni_average_305.4dfp.img
       256       256       256         1
  1.000000  1.000000  1.000000
orientation T byte_order littleendian
Reading image: /opt/freesurfer/average/711-2C_as_mni_average_305.4dfp.img
dimensions:      256       256       256
mmppix:       1.0000   -1.0000   -1.0000
center:     128.0000 -129.0000 -129.0000
talsrcimg_g11.4dfp.img
       256       256       256         1
  1.000000  1.000000  1.000000
orientation T byte_order littleendian
Reading image: talsrcimg_g11.4dfp.img
dimensions:      256       256       256
mmppix:       1.0000   -1.0000   -1.0000
center:     128.0000 -129.0000 -129.0000
t4_read: open error in t4_sub.f l:  41 t4_file(1:l)talsrcimg_to_711-2C_as_mni_average_305_t4 
t4_read: transform initialized to I4
rotation matrix determinant  1.000000
image alignment mode   4355 decimal     1103 hex
   -7.5000  -45.0000  -45.0000 7472.9229   14.1769
    0.0000  -45.0000  -45.0000 7836.9473   14.1691
    7.5000  -45.0000  -45.0000 7519.5488   14.1580
   -7.5000  -37.5000  -45.0000 8151.0400   14.0868
    0.0000  -37.5000  -45.0000 8553.9561   14.0801
    7.5000  -37.5000  -45.0000 8207.3291   14.0707
   -7.5000  -30.0000  -45.0000 9129.6289   14.0843
    0.0000  -30.0000  -45.0000 9592.2588   14.0736
    7.5000  -30.0000  -45.0000 9193.5654   14.0698
   -7.5000  -22.5000  -45.000010111.9297   14.0908
    0.0000  -22.5000  -45.000010591.7021   14.0750
    7.5000  -22.5000  -45.000010133.4473   14.0741
   -7.5000  -15.0000  -45.000010979.5234   14.0962
    0.0000  -15.0000  -45.000011501.1660   14.0788
    7.5000  -15.0000  -45.000011006.8789   14.0752
   -7.5000   -7.5000  -45.000011703.3730   14.0935
    0.0000   -7.5000  -45.000012240.6396   14.0804
    7.5000   -7.5000  -45.000011749.8975   14.0723
   -7.5000    0.0000  -45.000012399.7930   14.0874
    0.0000    0.0000  -45.000012953.2617   14.0798
    7.5000    0.0000  -45.000012391.2744   14.0688
   -7.5000    7.5000  -45.000012134.8984   14.0836
    0.0000    7.5000  -45.000012673.7432   14.0768
    7.5000    7.5000  -45.000012103.9092   14.0674
   -7.5000   15.0000  -45.000011734.5889   14.0843
    0.0000   15.0000  -45.000012248.0547   14.0736
    7.5000   15.0000  -45.000011728.8037   14.0698
   -7.5000   22.5000  -45.000011253.5020   14.0889
    0.0000   22.5000  -45.000011738.1074   14.0730
    7.5000   22.5000  -45.000011254.6016   14.0722
   -7.5000   30.0000  -45.000010754.9062   13.9084
    0.0000   30.0000  -45.000011210.2754   13.8911
    7.5000   30.0000  -45.000010719.8301   13.8876
   -7.5000   37.5000  -45.000010577.6660   13.9057
    0.0000   37.5000  -45.000011021.4639   13.8928
    7.5000   37.5000  -45.000010520.6445   13.8847
   -7.5000   45.0000  -45.0000 9692.6787   13.5467
    0.0000   45.0000  -45.000010087.8701   13.5395
    7.5000   45.0000  -45.0000 9663.6826   13.5289
   -7.5000  -45.0000  -37.5000 7874.9639   14.1914
    0.0000  -45.0000  -37.5000 8262.1777   14.1804
    7.5000  -45.0000  -37.5000 7909.4072   14.1666
   -7.5000  -37.5000  -37.5000 8600.3623   14.0997
    0.0000  -37.5000  -37.5000 9022.0693   14.0879
    7.5000  -37.5000  -37.5000 8636.5264   14.0731
   -7.5000  -30.0000  -37.5000 9623.0771   14.0965
    0.0000  -30.0000  -37.500010090.0273   14.0808
    7.5000  -30.0000  -37.5000 9667.4180   14.0668
   -7.5000  -22.5000  -37.500010612.2295   14.1045
    0.0000  -22.5000  -37.500011111.6260   14.0860
    7.5000  -22.5000  -37.500010639.1738   14.0732
   -7.5000  -15.0000  -37.500011505.0117   14.1116
    0.0000  -15.0000  -37.500012058.4141   14.0934
    7.5000  -15.0000  -37.500011550.7402   14.0802
   -7.5000   -7.5000  -37.500012276.8828   14.1089
    0.0000   -7.5000  -37.500012840.7520   14.0946
    7.5000   -7.5000  -37.500012314.8193   14.0814
   -7.5000    0.0000  -37.500012979.0020   14.1018
    0.0000    0.0000  -37.500013550.8838   14.0910
    7.5000    0.0000  -37.500012962.7168   14.0774
   -7.5000    7.5000  -37.500012693.8818   14.0965
    0.0000    7.5000  -37.500013264.6270   14.0847
    7.5000    7.5000  -37.500012665.8203   14.0698
   -7.5000   15.0000  -37.500012307.6191   14.0964
    0.0000   15.0000  -37.500012849.7998   14.0808
    7.5000   15.0000  -37.500012279.7500   14.0668
   -7.5000   22.5000  -37.500011792.1064   14.1025
    0.0000   22.5000  -37.500012305.5059   14.0840
    7.5000   22.5000  -37.500011782.3496   14.0713
   -7.5000   30.0000  -37.500011215.7852   13.9236
    0.0000   30.0000  -37.500011673.9551   13.9056
    7.5000   30.0000  -37.500011153.6777   13.8926
   -7.5000   37.5000  -37.500011000.6465   13.9209
    0.0000   37.5000  -37.500011421.8945   13.9068
    7.5000   37.5000  -37.500010910.6914   13.8937
   -7.5000   45.0000  -37.500010063.5859   13.5606
    0.0000   45.0000  -37.500010455.6777   13.5502
    7.5000   45.0000  -37.500010019.3789   13.5371
   -7.5000  -45.0000  -30.0000 8408.1738   14.7826
    0.0000  -45.0000  -30.0000 8804.3564   14.7736
    7.5000  -45.0000  -30.0000 8431.5781   14.7607
   -7.5000  -37.5000  -30.0000 9172.3818   14.6871
    0.0000  -37.5000  -30.0000 9595.8770   14.6762
    7.5000  -37.5000  -30.0000 9203.0488   14.6610
   -7.5000  -30.0000  -30.000010253.0371   14.6844
    0.0000  -30.0000  -30.000010732.1807   14.6695
    7.5000  -30.0000  -30.000010286.1650   14.6518
   -7.5000  -22.5000  -30.000011287.1592   14.6939
    0.0000  -22.5000  -30.000011798.5381   14.6775
    7.5000  -22.5000  -30.000011314.2920   14.6595
   -7.5000  -15.0000  -30.000012231.3506   14.7013
    0.0000  -15.0000  -30.000012801.9268   14.6864
    7.5000  -15.0000  -30.000012264.4844   14.6694
   -7.5000   -7.5000  -30.000013036.4307   14.6974
    0.0000   -7.5000  -30.000013630.4756   14.6861
    7.5000   -7.5000  -30.000013048.7344   14.6721
   -7.5000    0.0000  -30.000013723.1396   14.6894
    0.0000    0.0000  -30.000014333.9404   14.6805
    7.5000    0.0000  -30.000013713.4639   14.6680
   -7.5000    7.5000  -30.000013432.0410   14.6837
    0.0000    7.5000  -30.000014042.4531   14.6728
    7.5000    7.5000  -30.000013381.7832   14.6575
   -7.5000   15.0000  -30.000013048.1895   14.6843
    0.0000   15.0000  -30.000013642.8545   14.6695
    7.5000   15.0000  -30.000013008.0674   14.6518
   -7.5000   22.5000  -30.000012534.7324   14.6904
    0.0000   22.5000  -30.000013088.3066   14.6740
    7.5000   22.5000  -30.000012512.6660   14.6559
   -7.5000   30.0000  -30.000011856.5967   14.5068
    0.0000   30.0000  -30.000012344.5928   14.4921
    7.5000   30.0000  -30.000011791.1328   14.4753
   -7.5000   37.5000  -30.000011577.9609   14.5029
    0.0000   37.5000  -30.000012022.9688   14.4918
    7.5000   37.5000  -30.000011507.5986   14.4780
   -7.5000   45.0000  -30.000010600.4678   14.1360
    0.0000   45.0000  -30.000010999.2314   14.1275
    7.5000   45.0000  -30.000010548.0000   14.1154
   -7.5000  -45.0000  -22.5000 8885.8730   15.2687
    0.0000  -45.0000  -22.5000 9290.9678   15.2658
    7.5000  -45.0000  -22.5000 8916.8184   15.2575
   -7.5000  -37.5000  -22.5000 9689.9834   15.1714
    0.0000  -37.5000  -22.500010123.0869   15.1676
    7.5000  -37.5000  -22.5000 9715.7627   15.1590
   -7.5000  -30.0000  -22.500010832.2666   15.1696
    0.0000  -30.0000  -22.500011312.8564   15.1618
    7.5000  -30.0000  -22.500010845.3496   15.1531
   -7.5000  -22.5000  -22.500011909.2637   15.1790
    0.0000  -22.5000  -22.500012448.5879   15.1684
    7.5000  -22.5000  -22.500011925.4639   15.1594
   -7.5000  -15.0000  -22.500012923.9355   15.1848
    0.0000  -15.0000  -22.500013519.2305   15.1747
    7.5000  -15.0000  -22.500012925.1484   15.1653
   -7.5000   -7.5000  -22.500013778.8809   15.1802
    0.0000   -7.5000  -22.500014409.0684   15.1738
    7.5000   -7.5000  -22.500013774.2646   15.1652
   -7.5000    0.0000  -22.500014464.8945   15.1726
    0.0000    0.0000  -22.500015096.7832   15.1698
    7.5000    0.0000  -22.500014442.3584   15.1617
   -7.5000    7.5000  -22.500014147.5127   15.1678
    0.0000    7.5000  -22.500014773.5449   15.1641
    7.5000    7.5000  -22.500014078.3730   15.1555
   -7.5000   15.0000  -22.500013764.1816   15.1695
    0.0000   15.0000  -22.500014361.8613   15.1618
    7.5000   15.0000  -22.500013697.0205   15.1530
   -7.5000   22.5000  -22.500013224.0078   15.1743
    0.0000   22.5000  -22.500013810.9443   15.1638
    7.5000   22.5000  -22.500013180.2295   15.1547
   -7.5000   30.0000  -22.500012450.6973   14.9862
    0.0000   30.0000  -22.500012970.2910   14.9762
    7.5000   30.0000  -22.500012395.0938   14.9669
   -7.5000   37.5000  -22.500012132.6348   14.9816
    0.0000   37.5000  -22.500012617.4707   14.9753
    7.5000   37.5000  -22.500012056.0010   14.9668
   -7.5000   45.0000  -22.500011122.5547   14.6120
    0.0000   45.0000  -22.500011555.6172   14.6093
    7.5000   45.0000  -22.500011054.3867   14.6015
   -7.5000  -45.0000  -15.0000 9377.1465   15.6194
    0.0000  -45.0000  -15.0000 9805.0566   15.6201
    7.5000  -45.0000  -15.0000 9407.1875   15.6140
   -7.5000  -37.5000  -15.000010234.8135   15.5217
    0.0000  -37.5000  -15.000010671.1309   15.5233
    7.5000  -37.5000  -15.000010247.0088   15.5201
   -7.5000  -30.0000  -15.000011419.4199   15.5211
    0.0000  -30.0000  -15.000011888.5342   15.5185
    7.5000  -30.0000  -15.000011423.7646   15.5203
   -7.5000  -22.5000  -15.000012505.1133   15.5295
    0.0000  -22.5000  -15.000013073.9473   15.5218
    7.5000  -22.5000  -15.000012525.1924   15.5252
   -7.5000  -15.0000  -15.000013544.8633   15.5336
    0.0000  -15.0000  -15.000014181.0391   15.5243
    7.5000  -15.0000  -15.000013560.6387   15.5248
   -7.5000   -7.5000  -15.000014470.0967   15.5283
    0.0000   -7.5000  -15.000015171.1445   15.5233
    7.5000   -7.5000  -15.000014484.8906   15.5196
   -7.5000    0.0000  -15.000015222.7217   15.5212
    0.0000    0.0000  -15.000015937.1406   15.5220
    7.5000    0.0000  -15.000015214.3301   15.5160
   -7.5000    7.5000  -15.000014898.6895   15.5181
    0.0000    7.5000  -15.000015533.9678   15.5197
    7.5000    7.5000  -15.000014804.4102   15.5164
   -7.5000   15.0000  -15.000014490.0605   15.5210
    0.0000   15.0000  -15.000015089.0449   15.5185
    7.5000   15.0000  -15.000014386.2812   15.5203
   -7.5000   22.5000  -15.000013885.7422   15.5240
    0.0000   22.5000  -15.000014468.6123   15.5163
    7.5000   22.5000  -15.000013790.5098   15.5197
   -7.5000   30.0000  -15.000013023.1572   15.3325
    0.0000   30.0000  -15.000013587.3311   15.3234
    7.5000   30.0000  -15.000012960.7236   15.3239
   -7.5000   37.5000  -15.000012647.8193   15.3273
    0.0000   37.5000  -15.000013188.0723   15.3224
    7.5000   37.5000  -15.000012559.8477   15.3187
   -7.5000   45.0000  -15.000011620.6182   14.9568
    0.0000   45.0000  -15.000012108.5117   14.9575
    7.5000   45.0000  -15.000011524.7471   14.9517
   -7.5000  -45.0000   -7.5000 9830.3896   15.8094
    0.0000  -45.0000   -7.500010324.0791   15.8071
    7.5000  -45.0000   -7.5000 9870.4922   15.7989
   -7.5000  -37.5000   -7.500010746.0234   15.7110
    0.0000  -37.5000   -7.500011234.4629   15.7105
    7.5000  -37.5000   -7.500010746.3281   15.7059
   -7.5000  -30.0000   -7.500012001.6064   15.7102
    0.0000  -30.0000   -7.500012507.6943   15.7052
    7.5000  -30.0000   -7.500011985.8145   15.7085
   -7.5000  -22.5000   -7.500013143.7793   15.7174
    0.0000  -22.5000   -7.500013687.6855   15.7059
    7.5000  -22.5000   -7.500013122.2637   15.7128
   -7.5000  -15.0000   -7.500014156.5801   15.7214
    0.0000  -15.0000   -7.500014757.6729   15.7074
    7.5000  -15.0000   -7.500014128.4990   15.7102
   -7.5000   -7.5000   -7.500015137.0742   15.7167
    0.0000   -7.5000   -7.500015871.1543   15.7075
    7.5000   -7.5000   -7.500015147.0635   15.7034
   -7.5000    0.0000   -7.500016083.7070   15.7100
    0.0000    0.0000   -7.500016934.4902   15.7078
    7.5000    0.0000   -7.500016088.8633   15.6996
   -7.5000    7.5000   -7.500015821.4521   15.7074
    0.0000    7.5000   -7.500016594.9570   15.7069
    7.5000    7.5000   -7.500015708.5312   15.7022
   -7.5000   15.0000   -7.500015380.5820   15.7101
    0.0000   15.0000   -7.500016100.5410   15.7052
    7.5000   15.0000   -7.500015202.1377   15.7085
   -7.5000   22.5000   -7.500014662.4492   15.7102
    0.0000   22.5000   -7.500015318.7061   15.6987
    7.5000   22.5000   -7.500014505.5381   15.7055
   -7.5000   30.0000   -7.500013692.5215   15.5175
    0.0000   30.0000   -7.500014299.9609   15.5037
    7.5000   30.0000   -7.500013577.8613   15.5065
   -7.5000   37.5000   -7.500013213.5117   15.5129
    0.0000   37.5000   -7.500013778.9268   15.5038
    7.5000   37.5000   -7.500013088.9580   15.4998
   -7.5000   45.0000   -7.500012145.0723   15.1415
    0.0000   45.0000   -7.500012610.2402   15.1393
    7.5000   45.0000   -7.500011981.9502   15.1315
   -7.5000  -45.0000    0.000010229.2354   15.8642
    0.0000  -45.0000    0.000010725.3271   15.8555
    7.5000  -45.0000    0.000010260.3164   15.8431
   -7.5000  -37.5000    0.000011175.3984   15.7635
    0.0000  -37.5000    0.000011678.1152   15.7559
    7.5000  -37.5000    0.000011183.9873   15.7454
   -7.5000  -30.0000    0.000012466.2559   15.7606
    0.0000  -30.0000    0.000012999.6328   15.7487
    7.5000  -30.0000    0.000012447.6143   15.7444
   -7.5000  -22.5000    0.000013643.6016   15.7679
    0.0000  -22.5000    0.000014251.3418   15.7502
    7.5000  -22.5000    0.000013624.1729   15.7493
   -7.5000  -15.0000    0.000014673.8867   15.7740
    0.0000  -15.0000    0.000015301.4365   15.7545
    7.5000  -15.0000    0.000014663.1357   15.7505
   -7.5000   -7.5000    0.000015685.3057   15.7710
    0.0000   -7.5000    0.000016439.7695   15.7563
    7.5000   -7.5000    0.000015671.3799   15.7472
   -7.5000    0.0000    0.000016738.9941   15.7641
    0.0000    0.0000    0.000017713.9609   15.7557
    7.5000    0.0000    0.000016711.8906   15.7434
   -7.5000    7.5000    0.000016457.1230   15.7599
    0.0000    7.5000    0.000017448.6562   15.7523
    7.5000    7.5000    0.000016431.6035   15.7418
   -7.5000   15.0000    0.000015939.2402   15.7606
    0.0000   15.0000    0.000016868.7930   15.7487
    7.5000   15.0000    0.000015875.4658   15.7444
   -7.5000   22.5000    0.000015207.8877   15.7607
    0.0000   22.5000    0.000015995.9912   15.7430
    7.5000   22.5000    0.000015112.0830   15.7420
   -7.5000   30.0000    0.000014207.4844   15.5699
    0.0000   30.0000    0.000014863.8818   15.5506
    7.5000   30.0000    0.000014118.6602   15.5467
   -7.5000   37.5000    0.000013657.2529   15.5669
    0.0000   37.5000    0.000014215.7422   15.5524
    7.5000   37.5000    0.000013537.0781   15.5434
   -7.5000   45.0000    0.000012546.3027   15.1948
    0.0000   45.0000    0.000013016.4746   15.1867
    7.5000   45.0000    0.000012413.5947   15.1748
   -7.5000  -45.0000    7.5000 9755.7363   15.8806
    0.0000  -45.0000    7.500010241.2383   15.8682
    7.5000  -45.0000    7.5000 9782.8564   15.8528
   -7.5000  -37.5000    7.500010691.1113   15.7780
    0.0000  -37.5000    7.500011191.1699   15.7647
    7.5000  -37.5000    7.500010708.2344   15.7481
   -7.5000  -30.0000    7.500011954.5283   15.7743
    0.0000  -30.0000    7.500012509.2051   15.7568
    7.5000  -30.0000    7.500011958.7578   15.7411
   -7.5000  -22.5000    7.500013063.6924   15.7833
    0.0000  -22.5000    7.500013682.3164   15.7626
    7.5000  -22.5000    7.500013098.9277   15.7483
   -7.5000  -15.0000    7.500014081.4473   15.7913
    0.0000  -15.0000    7.500014665.3428   15.7709
    7.5000  -15.0000    7.500014106.8164   15.7562
   -7.5000   -7.5000    7.500015059.0078   15.7882
    0.0000   -7.5000    7.500015699.6729   15.7722
    7.5000   -7.5000    7.500015048.0273   15.7574
   -7.5000    0.0000    7.500015961.1377   15.7803
    0.0000    0.0000    7.500016684.9883   15.7682
    7.5000    0.0000    7.500015971.5488   15.7530
   -7.5000    7.5000    7.500015562.6631   15.7743
    0.0000    7.5000    7.500016264.6797   15.7611
    7.5000    7.5000    7.500015629.6621   15.7445
   -7.5000   15.0000    7.500015098.2334   15.7743
    0.0000   15.0000    7.500015764.4072   15.7568
    7.5000   15.0000    7.500015146.1377   15.7411
   -7.5000   22.5000    7.500014516.7686   15.7760
    0.0000   22.5000    7.500015149.8877   15.7553
    7.5000   22.5000    7.500014503.3340   15.7411
   -7.5000   30.0000    7.500013616.7197   15.5869
    0.0000   30.0000    7.500014180.8047   15.5668
    7.5000   30.0000    7.500013597.5215   15.5522
   -7.5000   37.5000    7.500013065.0596   15.5839
    0.0000   37.5000    7.500013584.0098   15.5681
    7.5000   37.5000    7.500013022.9697   15.5535
   -7.5000   45.0000    7.500012013.4746   15.2104
    0.0000   45.0000    7.500012490.1348   15.1987
    7.5000   45.0000    7.500011940.7119   15.1841
   -7.5000  -45.0000   15.0000 9157.3945   15.8818
    0.0000  -45.0000   15.0000 9623.3848   15.8720
    7.5000  -45.0000   15.0000 9196.7617   15.8583
   -7.5000  -37.5000   15.000010053.6826   15.7791
    0.0000  -37.5000   15.000010530.2520   15.7674
    7.5000  -37.5000   15.000010076.3486   15.7510
   -7.5000  -30.0000   15.000011233.8320   15.7761
    0.0000  -30.0000   15.000011769.7715   15.7602
    7.5000  -30.0000   15.000011264.7227   15.7412
   -7.5000  -22.5000   15.000012271.8701   15.7864
    0.0000  -22.5000   15.000012838.6211   15.7687
    7.5000  -22.5000   15.000012320.3184   15.7494
   -7.5000  -15.0000   15.000013264.4307   15.7943
    0.0000  -15.0000   15.000013823.5898   15.7783
    7.5000  -15.0000   15.000013291.0420   15.7600
   -7.5000   -7.5000   15.000014216.4736   15.7901
    0.0000   -7.5000   15.000014818.9629   15.7780
    7.5000   -7.5000   15.000014179.1807   15.7630
   -7.5000    0.0000   15.000014992.1602   15.7816
    0.0000    0.0000   15.000015633.0732   15.7720
    7.5000    0.0000   15.000015035.9824   15.7585
   -7.5000    7.5000   15.000014580.8330   15.7754
    0.0000    7.5000   15.000015208.2998   15.7638
    7.5000    7.5000   15.000014694.2686   15.7473
   -7.5000   15.0000   15.000014157.6475   15.7761
    0.0000   15.0000   15.000014752.8887   15.7602
    7.5000   15.0000   15.000014243.1406   15.7412
   -7.5000   22.5000   15.000013672.0215   15.7791
    0.0000   22.5000   15.000014252.1250   15.7614
    7.5000   22.5000   15.000013697.6328   15.7421
   -7.5000   30.0000   15.000012874.9775   15.5899
    0.0000   30.0000   15.000013417.0635   15.5741
    7.5000   30.0000   15.000012914.7080   15.5560
   -7.5000   37.5000   15.000012352.8408   15.5858
    0.0000   37.5000   15.000012862.6953   15.5738
    7.5000   37.5000   15.000012342.1143   15.5590
   -7.5000   45.0000   15.000011363.5176   15.2116
    0.0000   45.0000   15.000011815.4678   15.2024
    7.5000   45.0000   15.000011301.6660   15.1894
   -7.5000  -45.0000   22.5000 8502.2188   15.9759
    0.0000  -45.0000   22.5000 8931.3203   15.9729
    7.5000  -45.0000   22.5000 8536.4932   15.9641
   -7.5000  -37.5000   22.5000 9315.2764   15.8736
    0.0000  -37.5000   22.5000 9768.8535   15.8697
    7.5000  -37.5000   22.5000 9351.0166   15.8605
   -7.5000  -30.0000   22.500010418.8936   15.8719
    0.0000  -30.0000   22.500010916.1768   15.8637
    7.5000  -30.0000   22.500010453.3525   15.8544
   -7.5000  -22.5000   22.500011404.0850   15.8816
    0.0000  -22.5000   22.500011934.9912   15.8704
    7.5000  -22.5000   22.500011465.0625   15.8609
   -7.5000  -15.0000   22.500012378.3232   15.8875
    0.0000  -15.0000   22.500012919.4668   15.8767
    7.5000  -15.0000   22.500012382.7490   15.8668
   -7.5000   -7.5000   22.500013276.5898   15.8825
    0.0000   -7.5000   22.500013887.0859   15.8757
    7.5000   -7.5000   22.500013284.0986   15.8666
   -7.5000    0.0000   22.500013985.5225   15.8747
    0.0000    0.0000   22.500014599.4707   15.8717
    7.5000    0.0000   22.500014057.3887   15.8630
   -7.5000    7.5000   22.500013604.3896   15.8699
    0.0000    7.5000   22.500014169.4160   15.8660
    7.5000    7.5000   22.500013693.4932   15.8568
   -7.5000   15.0000   22.500013197.7871   15.8719
    0.0000   15.0000   22.500013738.6660   15.8637
    7.5000   15.0000   22.500013268.1328   15.8543
   -7.5000   22.5000   22.500012757.6865   15.8743
    0.0000   22.5000   22.500013286.2930   15.8631
    7.5000   22.5000   22.500012802.5049   15.8535
   -7.5000   30.0000   22.500012043.4551   15.6819
    0.0000   30.0000   22.500012557.4492   15.6713
    7.5000   30.0000   22.500012106.1016   15.6614
   -7.5000   37.5000   22.500011545.9648   15.6769
    0.0000   37.5000   22.500012028.1689   15.6702
    7.5000   37.5000   22.500011572.6924   15.6613
   -7.5000   45.0000   22.500010634.9736   15.3013
    0.0000   45.0000   22.500011076.3838   15.2985
    7.5000   45.0000   22.500010609.2061   15.2901
   -7.5000  -45.0000   30.0000 7835.2715   16.2068
    0.0000  -45.0000   30.0000 8226.3037   16.2078
    7.5000  -45.0000   30.0000 7863.9951   16.2011
   -7.5000  -37.5000   30.0000 8565.5996   16.1045
    0.0000  -37.5000   30.0000 8988.0879   16.1063
    7.5000  -37.5000   30.0000 8593.7432   16.1024
   -7.5000  -30.0000   30.0000 9587.2344   16.1047
    0.0000  -30.0000   30.000010056.8506   16.1021
    7.5000  -30.0000   30.0000 9608.3418   16.1038
   -7.5000  -22.5000   30.000010524.8330   16.1131
    0.0000  -22.5000   30.000011016.3252   16.1053
    7.5000  -22.5000   30.000010561.4023   16.1089
   -7.5000  -15.0000   30.000011442.8320   16.1160
    0.0000  -15.0000   30.000011958.4385   16.1068
    7.5000  -15.0000   30.000011453.4980   16.1075
   -7.5000   -7.5000   30.000012277.4824   16.1096
    0.0000   -7.5000   30.000012828.6172   16.1048
    7.5000   -7.5000   30.000012292.1328   16.1009
   -7.5000    0.0000   30.000012941.5381   16.1026
    0.0000    0.0000   30.000013483.5684   16.1037
    7.5000    0.0000   30.000012997.2100   16.0970
   -7.5000    7.5000   30.000012600.7275   16.1007
    0.0000    7.5000   30.000013105.1182   16.1024
    7.5000    7.5000   30.000012646.3115   16.0986
   -7.5000   15.0000   30.000012199.4434   16.1046
    0.0000   15.0000   30.000012695.4023   16.1021
    7.5000   15.0000   30.000012239.3301   16.1037
   -7.5000   22.5000   30.000011792.4424   16.1057
    0.0000   22.5000   30.000012280.1260   16.0979
    7.5000   22.5000   30.000011834.3682   16.1015
   -7.5000   30.0000   30.000011162.9346   15.9075
    0.0000   30.0000   30.000011637.0498   15.8983
    7.5000   30.0000   30.000011211.1025   15.8991
   -7.5000   37.5000   30.000010679.9688   15.9011
    0.0000   37.5000   30.000011146.4863   15.8964
    7.5000   37.5000   30.000010721.2754   15.8925
   -7.5000   45.0000   30.0000 9837.3584   15.5211
    0.0000   45.0000   30.000010250.7920   15.5221
    7.5000   45.0000   30.0000 9840.6133   15.5156
   -7.5000  -45.0000   37.5000 7471.8140   16.6129
    0.0000  -45.0000   37.5000 7827.8438   16.6093
    7.5000  -45.0000   37.5000 7474.0205   16.5977
   -7.5000  -37.5000   37.5000 8171.4785   16.5041
    0.0000  -37.5000   37.5000 8563.5586   16.5024
    7.5000  -37.5000   37.5000 8171.9897   16.4951
   -7.5000  -30.0000   37.5000 9149.9521   16.5041
    0.0000  -30.0000   37.5000 9580.8340   16.4976
    7.5000  -30.0000   37.5000 9146.5928   16.4997
   -7.5000  -22.5000   37.500010069.2275   16.5138
    0.0000  -22.5000   37.500010532.7041   16.5004
    7.5000  -22.5000   37.500010053.5908   16.5063
   -7.5000  -15.0000   37.500010951.8789   16.5185
    0.0000  -15.0000   37.500011442.5244   16.5025
    7.5000  -15.0000   37.500010934.8301   16.5038
   -7.5000   -7.5000   37.500011742.1777   16.5120
    0.0000   -7.5000   37.500012248.5371   16.5013
    7.5000   -7.5000   37.500011757.6348   16.4944
   -7.5000    0.0000   37.500012381.1924   16.5033
    0.0000    0.0000   37.500012896.7275   16.4999
    7.5000    0.0000   37.500012421.9277   16.4884
   -7.5000    7.5000   37.500012061.3330   16.5001
    0.0000    7.5000   37.500012553.6924   16.4984
    7.5000    7.5000   37.500012098.8467   16.4911
   -7.5000   15.0000   37.500011680.5840   16.5041
    0.0000   15.0000   37.500012167.8613   16.4976
    7.5000   15.0000   37.500011707.7891   16.4997
   -7.5000   22.5000   37.500011281.8789   16.5062
    0.0000   22.5000   37.500011759.4482   16.4928
    7.5000   22.5000   37.500011335.6328   16.4987
   -7.5000   30.0000   37.500010712.7783   16.3047
    0.0000   30.0000   37.500011175.0225   16.2890
    7.5000   30.0000   37.500010745.9199   16.2902
   -7.5000   37.5000   37.500010268.3428   16.2984
    0.0000   37.5000   37.500010725.3115   16.2878
    7.5000   37.5000   37.500010288.3301   16.2810
   -7.5000   45.0000   37.5000 9455.4580   15.9073
    0.0000   45.0000   37.5000 9858.9785   15.9040
    7.5000   45.0000   37.5000 9443.7080   15.8929
   -7.5000  -45.0000   45.0000 6784.3179   17.0609
    0.0000  -45.0000   45.0000 7087.4297   17.0532
    7.5000  -45.0000   45.0000 6791.6885   17.0378
   -7.5000  -37.5000   45.0000 7442.8364   16.9498
    0.0000  -37.5000   45.0000 7779.6997   16.9429
    7.5000  -37.5000   45.0000 7422.1533   16.9298
   -7.5000  -30.0000   45.0000 8334.1367   16.9533
    0.0000  -30.0000   45.0000 8730.4033   16.9403
    7.5000  -30.0000   45.0000 8328.6074   16.9339
   -7.5000  -22.5000   45.0000 9190.5820   16.9623
    0.0000  -22.5000   45.0000 9621.1445   16.9419
    7.5000  -22.5000   45.0000 9159.0527   16.9388
   -7.5000  -15.0000   45.000010000.2695   16.9634
    0.0000  -15.0000   45.000010452.7998   16.9411
    7.5000  -15.0000   45.0000 9967.0312   16.9345
   -7.5000   -7.5000   45.000010722.0322   16.9532
    0.0000   -7.5000   45.000011188.1201   16.9378
    7.5000   -7.5000   45.000010710.3428   16.9258
   -7.5000    0.0000   45.000011305.1094   16.9444
    0.0000    0.0000   45.000011782.1074   16.9370
    7.5000    0.0000   45.000011315.7637   16.9217
   -7.5000    7.5000   45.000011032.8574   16.9456
    0.0000    7.5000   45.000011487.2236   16.9387
    7.5000    7.5000   45.000011044.0000   16.9255
   -7.5000   15.0000   45.000010665.8965   16.9533
    0.0000   15.0000   45.000011127.5869   16.9403
    7.5000   15.0000   45.000010705.7451   16.9338
   -7.5000   22.5000   45.000010318.5840   16.9544
    0.0000   22.5000   45.000010763.5488   16.9340
    7.5000   22.5000   45.000010361.6182   16.9309
   -7.5000   30.0000   45.0000 9822.7197   16.7424
    0.0000   30.0000   45.000010252.4131   16.7204
    7.5000   30.0000   45.0000 9834.5010   16.7139
   -7.5000   37.5000   45.0000 9428.3496   16.7323
    0.0000   37.5000   45.0000 9843.9639   16.7171
    7.5000   37.5000   45.0000 9442.2627   16.7053
   -7.5000   45.0000   45.0000 8683.6201   16.3399
    0.0000   45.0000   45.0000 9062.2656   16.3327
    7.5000   45.0000   45.0000 8680.2119   16.3180

---------------------------------------------------------------------
imgreg_4dfp /opt/freesurfer/average/711-2C_as_mni_average_305 /opt/freesurfer/average/711-2B_as_mni_average_305_mask talsrcimg_g11 none talsrcimg_to_711-2C_as_mni_average_305_t4 4355
---------------------------------------------------------------------

freesurfer imgreg_4dfp.c
/opt/freesurfer/average/711-2C_as_mni_average_305.4dfp.img
       256       256       256         1
  1.000000  1.000000  1.000000
orientation T byte_order littleendian
Reading image: /opt/freesurfer/average/711-2C_as_mni_average_305.4dfp.img
dimensions:      256       256       256
mmppix:       1.0000   -1.0000   -1.0000
center:     128.0000 -129.0000 -129.0000
/opt/freesurfer/average/711-2B_as_mni_average_305_mask.4dfp.img
       256       256       256         1
  1.000000  1.000000  1.000000
orientation T byte_order littleendian
Reading mask: /opt/freesurfer/average/711-2B_as_mni_average_305_mask.4dfp.img (2306576 pixels)
talsrcimg_g11.4dfp.img
       256       256       256         1
  1.000000  1.000000  1.000000
orientation T byte_order littleendian
Reading image: talsrcimg_g11.4dfp.img
dimensions:      256       256       256
mmppix:       1.0000   -1.0000   -1.0000
center:     128.0000 -129.0000 -129.0000
rotation matrix determinant  1.000000
image alignment mode   4355 decimal     1103 hex
   -7.5000  -45.0000  -45.0000 1940.4958   16.8003
    0.0000  -45.0000  -45.0000 1949.2949   16.6130
    7.5000  -45.0000  -45.0000 1940.3281   16.6832
   -7.5000  -37.5000  -45.0000 2071.4475   14.9218
    0.0000  -37.5000  -45.0000 2088.6565   14.7571
    7.5000  -37.5000  -45.0000 2079.8408   14.8060
   -7.5000  -30.0000  -45.0000 2192.5818   13.4916
    0.0000  -30.0000  -45.0000 2213.3308   13.3524
    7.5000  -30.0000  -45.0000 2203.7942   13.4285
   -7.5000  -22.5000  -45.0000 2300.2368   12.3940
    0.0000  -22.5000  -45.0000 2321.4612   12.2655
    7.5000  -22.5000  -45.0000 2312.9841   12.3548
   -7.5000  -15.0000  -45.0000 2371.3396   11.6097
    0.0000  -15.0000  -45.0000 2395.2676   11.4876
    7.5000  -15.0000  -45.0000 2387.0581   11.5579
   -7.5000   -7.5000  -45.0000 2407.5044   11.1273
    0.0000   -7.5000  -45.0000 2432.5764   10.9637
    7.5000   -7.5000  -45.0000 2423.5828   11.0545
   -7.5000    0.0000  -45.0000 2432.5107   10.8701
    0.0000    0.0000  -45.0000 2456.9978   10.7015
    7.5000    0.0000  -45.0000 2441.3911   10.7975
   -7.5000    7.5000  -45.0000 2428.9119   10.8487
    0.0000    7.5000  -45.0000 2452.8464   10.6947
    7.5000    7.5000  -45.0000 2440.3481   10.7757
   -7.5000   15.0000  -45.0000 2399.3350   11.0171
    0.0000   15.0000  -45.0000 2423.0613   10.8635
    7.5000   15.0000  -45.0000 2408.8555   10.9746
   -7.5000   22.5000  -45.0000 2352.0991   11.4298
    0.0000   22.5000  -45.0000 2374.8887   11.2693
    7.5000   22.5000  -45.0000 2360.8230   11.3749
   -7.5000   30.0000  -45.0000 2286.6538   12.0738
    0.0000   30.0000  -45.0000 2311.7837   11.9175
    7.5000   30.0000  -45.0000 2293.5906   12.0351
   -7.5000   37.5000  -45.0000 2205.7192   13.0012
    0.0000   37.5000  -45.0000 2225.8091   12.8485
    7.5000   37.5000  -45.0000 2208.5439   12.9588
   -7.5000   45.0000  -45.0000 2099.5691   14.2694
    0.0000   45.0000  -45.0000 2117.2625   14.0889
    7.5000   45.0000  -45.0000 2103.8291   14.1891
   -7.5000  -45.0000  -37.5000 1990.0535   15.9257
    0.0000  -45.0000  -37.5000 2002.6759   15.7193
    7.5000  -45.0000  -37.5000 1994.1796   15.7934
   -7.5000  -37.5000  -37.5000 2129.3582   14.1331
    0.0000  -37.5000  -37.5000 2146.9729   13.9512
    7.5000  -37.5000  -37.5000 2138.6260   14.0153
   -7.5000  -30.0000  -37.5000 2254.3540   12.7223
    0.0000  -30.0000  -37.5000 2277.9863   12.5570
    7.5000  -30.0000  -37.5000 2265.1367   12.6443
   -7.5000  -22.5000  -37.5000 2362.0295   11.6546
    0.0000  -22.5000  -37.5000 2385.3635   11.5118
    7.5000  -22.5000  -37.5000 2375.3657   11.6121
   -7.5000  -15.0000  -37.5000 2438.2058   10.8874
    0.0000  -15.0000  -37.5000 2468.6841   10.7505
    7.5000  -15.0000  -37.5000 2459.3005   10.8408
   -7.5000   -7.5000  -37.5000 2488.7681   10.3967
    0.0000   -7.5000  -37.5000 2515.3562   10.2450
    7.5000   -7.5000  -37.5000 2506.8193   10.3393
   -7.5000    0.0000  -37.5000 2523.8147   10.1321
    0.0000    0.0000  -37.5000 2547.3245    9.9863
    7.5000    0.0000  -37.5000 2531.6621   10.0714
   -7.5000    7.5000  -37.5000 2530.6321   10.0848
    0.0000    7.5000  -37.5000 2553.5029    9.9465
    7.5000    7.5000  -37.5000 2537.8003   10.0381
   -7.5000   15.0000  -37.5000 2502.6990   10.2843
    0.0000   15.0000  -37.5000 2528.0027   10.1391
    7.5000   15.0000  -37.5000 2511.1697   10.2484
   -7.5000   22.5000  -37.5000 2451.2471   10.6801
    0.0000   22.5000  -37.5000 2480.3652   10.5157
    7.5000   22.5000  -37.5000 2463.3418   10.6413
   -7.5000   30.0000  -37.5000 2381.7456   11.2748
    0.0000   30.0000  -37.5000 2408.3979   11.1275
    7.5000   30.0000  -37.5000 2388.1292   11.2279
   -7.5000   37.5000  -37.5000 2288.6169   12.1229
    0.0000   37.5000  -37.5000 2311.0359   11.9804
    7.5000   37.5000  -37.5000 2293.0378   12.0704
   -7.5000   45.0000  -37.5000 2175.1331   13.2731
    0.0000   45.0000  -37.5000 2194.5518   13.1082
    7.5000   45.0000  -37.5000 2182.2466   13.1953
   -7.5000  -45.0000  -30.0000 2065.1321   15.7095
    0.0000  -45.0000  -30.0000 2081.9250   15.4727
    7.5000  -45.0000  -30.0000 2071.0984   15.5695
   -7.5000  -37.5000  -30.0000 2211.1111   13.8878
    0.0000  -37.5000  -30.0000 2230.6680   13.6760
    7.5000  -37.5000  -30.0000 2221.5728   13.7689
   -7.5000  -30.0000  -30.0000 2339.0088   12.4471
    0.0000  -30.0000  -30.0000 2366.7864   12.2766
    7.5000  -30.0000  -30.0000 2356.6560   12.3913
   -7.5000  -22.5000  -30.0000 2456.9465   11.3813
    0.0000  -22.5000  -30.0000 2483.7334   11.2131
    7.5000  -22.5000  -30.0000 2472.7725   11.3319
   -7.5000  -15.0000  -30.0000 2549.3931   10.5952
    0.0000  -15.0000  -30.0000 2582.7122   10.4386
    7.5000  -15.0000  -30.0000 2570.1045   10.5447
   -7.5000   -7.5000  -30.0000 2611.2422   10.0816
    0.0000   -7.5000  -30.0000 2643.9055    9.9240
    7.5000   -7.5000  -30.0000 2632.0022   10.0067
   -7.5000    0.0000  -30.0000 2651.6096    9.7812
    0.0000    0.0000  -30.0000 2684.0371    9.6387
    7.5000    0.0000  -30.0000 2667.8987    9.7301
   -7.5000    7.5000  -30.0000 2673.5669    9.7184
    0.0000    7.5000  -30.0000 2702.1187    9.5850
    7.5000    7.5000  -30.0000 2681.0381    9.6801
   -7.5000   15.0000  -30.0000 2650.5364    9.9333
    0.0000   15.0000  -30.0000 2678.1206    9.7838
    7.5000   15.0000  -30.0000 2654.5735    9.8939
   -7.5000   22.5000  -30.0000 2599.5542   10.3111
    0.0000   22.5000  -30.0000 2629.4719   10.1714
    7.5000   22.5000  -30.0000 2609.8696   10.2924
   -7.5000   30.0000  -30.0000 2521.7959   10.8875
    0.0000   30.0000  -30.0000 2549.0217   10.7642
    7.5000   30.0000  -30.0000 2526.6040   10.8799
   -7.5000   37.5000  -30.0000 2416.4526   11.7065
    0.0000   37.5000  -30.0000 2437.5393   11.5640
    7.5000   37.5000  -30.0000 2420.2139   11.6816
   -7.5000   45.0000  -30.0000 2291.2842   12.8205
    0.0000   45.0000  -30.0000 2309.3096   12.6574
    7.5000   45.0000  -30.0000 2295.5161   12.7725
   -7.5000  -45.0000  -22.5000 2110.0288   15.4523
    0.0000  -45.0000  -22.5000 2126.1411   15.1531
    7.5000  -45.0000  -22.5000 2118.1335   15.2865
   -7.5000  -37.5000  -22.5000 2256.9380   13.5740
    0.0000  -37.5000  -22.5000 2278.1001   13.3223
    7.5000  -37.5000  -22.5000 2272.4871   13.4664
   -7.5000  -30.0000  -22.5000 2391.9465   12.1246
    0.0000  -30.0000  -22.5000 2417.5222   11.9256
    7.5000  -30.0000  -22.5000 2409.4531   12.0460
   -7.5000  -22.5000  -22.5000 2514.9009   11.0460
    0.0000  -22.5000  -22.5000 2546.0303   10.8742
    7.5000  -22.5000  -22.5000 2534.1907   10.9862
   -7.5000  -15.0000  -22.5000 2622.7764   10.2574
    0.0000  -15.0000  -22.5000 2659.6484   10.0993
    7.5000  -15.0000  -22.5000 2644.7913   10.1963
   -7.5000   -7.5000  -22.5000 2708.4451    9.7215
    0.0000   -7.5000  -22.5000 2744.5442    9.5752
    7.5000   -7.5000  -22.5000 2730.4023    9.6581
   -7.5000    0.0000  -22.5000 2757.0571    9.3877
    0.0000    0.0000  -22.5000 2793.8196    9.2594
    7.5000    0.0000  -22.5000 2779.0955    9.3554
   -7.5000    7.5000  -22.5000 2789.9238    9.3062
    0.0000    7.5000  -22.5000 2825.6699    9.1783
    7.5000    7.5000  -22.5000 2799.5078    9.2653
   -7.5000   15.0000  -22.5000 2767.9268    9.5187
    0.0000   15.0000  -22.5000 2794.9167    9.3754
    7.5000   15.0000  -22.5000 2772.3870    9.4709
   -7.5000   22.5000  -22.5000 2711.7507    9.8773
    0.0000   22.5000  -22.5000 2743.2808    9.7401
    7.5000   22.5000  -22.5000 2721.0955    9.8557
   -7.5000   30.0000  -22.5000 2623.7808   10.4255
    0.0000   30.0000  -22.5000 2651.4370   10.2935
    7.5000   30.0000  -22.5000 2628.0845   10.4282
   -7.5000   37.5000  -22.5000 2510.6033   11.2274
    0.0000   37.5000  -22.5000 2531.5271   11.0885
    7.5000   37.5000  -22.5000 2510.6030   11.2282
   -7.5000   45.0000  -22.5000 2374.5061   12.2994
    0.0000   45.0000  -22.5000 2396.5159   12.1451
    7.5000   45.0000  -22.5000 2377.1179   12.2770
   -7.5000  -45.0000  -15.0000 2126.6787   15.2891
    0.0000  -45.0000  -15.0000 2146.4934   14.9733
    7.5000  -45.0000  -15.0000 2140.9951   15.1082
   -7.5000  -37.5000  -15.0000 2274.3452   13.3696
    0.0000  -37.5000  -15.0000 2295.9233   13.1041
    7.5000  -37.5000  -15.0000 2292.7498   13.2667
   -7.5000  -30.0000  -15.0000 2411.5728   11.9025
    0.0000  -30.0000  -15.0000 2432.2871   11.6817
    7.5000  -30.0000  -15.0000 2429.1064   11.8204
   -7.5000  -22.5000  -15.0000 2539.3220   10.7767
    0.0000  -22.5000  -15.0000 2567.7141   10.5942
    7.5000  -22.5000  -15.0000 2558.2126   10.7227
   -7.5000  -15.0000  -15.0000 2660.9519    9.9584
    0.0000  -15.0000  -15.0000 2690.1130    9.8177
    7.5000  -15.0000  -15.0000 2678.9692    9.9137
   -7.5000   -7.5000  -15.0000 2761.8069    9.4178
    0.0000   -7.5000  -15.0000 2798.5364    9.2919
    7.5000   -7.5000  -15.0000 2783.9573    9.3707
   -7.5000    0.0000  -15.0000 2831.6755    9.1013
    0.0000    0.0000  -15.0000 2877.2478    8.9751
    7.5000    0.0000  -15.0000 2854.1084    9.0540
   -7.5000    7.5000  -15.0000 2876.0125    8.9930
    0.0000    7.5000  -15.0000 2919.6765    8.8471
    7.5000    7.5000  -15.0000 2881.8826    8.9448
   -7.5000   15.0000  -15.0000 2852.1277    9.1902
    0.0000   15.0000  -15.0000 2885.9763    9.0510
    7.5000   15.0000  -15.0000 2852.1814    9.1344
   -7.5000   22.5000  -15.0000 2786.8052    9.5223
    0.0000   22.5000  -15.0000 2817.3567    9.3765
    7.5000   22.5000  -15.0000 2788.7385    9.4788
   -7.5000   30.0000  -15.0000 2691.6316   10.0131
    0.0000   30.0000  -15.0000 2719.8323    9.8652
    7.5000   30.0000  -15.0000 2690.9153    9.9968
   -7.5000   37.5000  -15.0000 2567.6418   10.7983
    0.0000   37.5000  -15.0000 2593.3533   10.6474
    7.5000   37.5000  -15.0000 2568.9517   10.7832
   -7.5000   45.0000  -15.0000 2422.5054   11.8958
    0.0000   45.0000  -15.0000 2446.9968   11.7319
    7.5000   45.0000  -15.0000 2422.2629   11.8646
   -7.5000  -45.0000   -7.5000 2133.2942   15.1610
    0.0000  -45.0000   -7.5000 2157.2583   14.9132
    7.5000  -45.0000   -7.5000 2148.7271   15.0307
   -7.5000  -37.5000   -7.5000 2276.5557   13.2513
    0.0000  -37.5000   -7.5000 2299.7029   13.0248
    7.5000  -37.5000   -7.5000 2291.5044   13.1616
   -7.5000  -30.0000   -7.5000 2410.1768   11.7601
    0.0000  -30.0000   -7.5000 2431.1077   11.5517
    7.5000  -30.0000   -7.5000 2420.2944   11.7150
   -7.5000  -22.5000   -7.5000 2542.5376   10.6410
    0.0000  -22.5000   -7.5000 2568.1750   10.4347
    7.5000  -22.5000   -7.5000 2553.9148   10.5794
   -7.5000  -15.0000   -7.5000 2672.8301    9.7787
    0.0000  -15.0000   -7.5000 2700.8369    9.6064
    7.5000  -15.0000   -7.5000 2680.9541    9.7282
   -7.5000   -7.5000   -7.5000 2790.0276    9.2135
    0.0000   -7.5000   -7.5000 2823.7253    9.0753
    7.5000   -7.5000   -7.5000 2800.1799    9.1740
   -7.5000    0.0000   -7.5000 2873.3469    8.9470
    0.0000    0.0000   -7.5000 2917.1018    8.8552
    7.5000    0.0000   -7.5000 2890.9487    8.8912
   -7.5000    7.5000   -7.5000 2926.9790    8.8502
    0.0000    7.5000   -7.5000 2982.4436    8.7537
    7.5000    7.5000   -7.5000 2937.6331    8.7989
   -7.5000   15.0000   -7.5000 2911.6763    8.9992
    0.0000   15.0000   -7.5000 2955.3218    8.8888
    7.5000   15.0000   -7.5000 2908.5208    8.9297
   -7.5000   22.5000   -7.5000 2835.0996    9.2791
    0.0000   22.5000   -7.5000 2864.9182    9.1493
    7.5000   22.5000   -7.5000 2832.1206    9.2083
   -7.5000   30.0000   -7.5000 2729.9287    9.7259
    0.0000   30.0000   -7.5000 2749.8682    9.5823
    7.5000   30.0000   -7.5000 2721.7588    9.6812
   -7.5000   37.5000   -7.5000 2598.0125   10.5229
    0.0000   37.5000   -7.5000 2619.5608   10.3688
    7.5000   37.5000   -7.5000 2594.8455   10.4664
   -7.5000   45.0000   -7.5000 2447.2402   11.6410
    0.0000   45.0000   -7.5000 2465.2751   11.4684
    7.5000   45.0000   -7.5000 2442.7563   11.5703
   -7.5000  -45.0000    0.0000 2128.8284   15.2890
    0.0000  -45.0000    0.0000 2158.1235   15.0235
    7.5000  -45.0000    0.0000 2140.8806   15.1649
   -7.5000  -37.5000    0.0000 2274.4329   13.2966
    0.0000  -37.5000    0.0000 2298.0940   13.0503
    7.5000  -37.5000    0.0000 2283.1899   13.2297
   -7.5000  -30.0000    0.0000 2405.0632   11.7870
    0.0000  -30.0000    0.0000 2425.4619   11.5583
    7.5000  -30.0000    0.0000 2407.1477   11.7388
   -7.5000  -22.5000    0.0000 2536.7971   10.6524
    0.0000  -22.5000    0.0000 2557.3066   10.4478
    7.5000  -22.5000    0.0000 2535.5583   10.6009
   -7.5000  -15.0000    0.0000 2665.2729    9.7818
    0.0000  -15.0000    0.0000 2691.0557    9.6235
    7.5000  -15.0000    0.0000 2666.0906    9.7450
   -7.5000   -7.5000    0.0000 2788.7664    9.1901
    0.0000   -7.5000    0.0000 2815.1960    9.0597
    7.5000   -7.5000    0.0000 2786.7944    9.1776
   -7.5000    0.0000    0.0000 2883.5415    8.9145
    0.0000    0.0000    0.0000 2919.0569    8.8360
    7.5000    0.0000    0.0000 2888.5239    8.8927
   -7.5000    7.5000    0.0000 2942.3391    8.8466
    0.0000    7.5000    0.0000 2992.7056    8.7854
    7.5000    7.5000    0.0000 2944.0898    8.8203
   -7.5000   15.0000    0.0000 2931.7634    8.9511
    0.0000   15.0000    0.0000 2978.2903    8.8730
    7.5000   15.0000    0.0000 2923.2307    8.9197
   -7.5000   22.5000    0.0000 2849.6897    9.2331
    0.0000   22.5000    0.0000 2882.6599    9.1242
    7.5000   22.5000    0.0000 2841.5068    9.2010
   -7.5000   30.0000    0.0000 2731.9395    9.7092
    0.0000   30.0000    0.0000 2758.1570    9.5604
    7.5000   30.0000    0.0000 2729.9487    9.6414
   -7.5000   37.5000    0.0000 2600.8528   10.4786
    0.0000   37.5000    0.0000 2622.5554   10.3195
    7.5000   37.5000    0.0000 2597.9641   10.3916
   -7.5000   45.0000    0.0000 2452.1179   11.5567
    0.0000   45.0000    0.0000 2465.4878   11.3669
    7.5000   45.0000    0.0000 2444.4302   11.4659
   -7.5000  -45.0000    7.5000 2112.9253   15.5416
    0.0000  -45.0000    7.5000 2142.4463   15.2557
    7.5000  -45.0000    7.5000 2122.5676   15.4276
   -7.5000  -37.5000    7.5000 2262.6833   13.4976
    0.0000  -37.5000    7.5000 2285.5076   13.2659
    7.5000  -37.5000    7.5000 2266.0552   13.4648
   -7.5000  -30.0000    7.5000 2392.0862   11.9840
    0.0000  -30.0000    7.5000 2413.0557   11.7729
    7.5000  -30.0000    7.5000 2388.1133   11.9687
   -7.5000  -22.5000    7.5000 2520.4563   10.8408
    0.0000  -22.5000    7.5000 2539.2754   10.6533
    7.5000  -22.5000    7.5000 2511.8809   10.8260
   -7.5000  -15.0000    7.5000 2650.1177    9.9531
    0.0000  -15.0000    7.5000 2667.8511    9.7992
    7.5000  -15.0000    7.5000 2638.9631    9.9596
   -7.5000   -7.5000    7.5000 2769.4465    9.3558
    0.0000   -7.5000    7.5000 2789.6680    9.1972
    7.5000   -7.5000    7.5000 2757.2810    9.3583
   -7.5000    0.0000    7.5000 2864.7690    9.0467
    0.0000    0.0000    7.5000 2892.2422    8.9200
    7.5000    0.0000    7.5000 2857.8259    9.0252
   -7.5000    7.5000    7.5000 2918.6470    8.9264
    0.0000    7.5000    7.5000 2952.1538    8.8087
    7.5000    7.5000    7.5000 2907.2566    8.9210
   -7.5000   15.0000    7.5000 2902.5757    9.0233
    0.0000   15.0000    7.5000 2936.5217    8.8810
    7.5000   15.0000    7.5000 2892.5251    9.0156
   -7.5000   22.5000    7.5000 2828.2979    9.3678
    0.0000   22.5000    7.5000 2859.3525    9.2184
    7.5000   22.5000    7.5000 2814.7388    9.3339
   -7.5000   30.0000    7.5000 2710.9170    9.9129
    0.0000   30.0000    7.5000 2736.1838    9.7444
    7.5000   30.0000    7.5000 2705.9998    9.8448
   -7.5000   37.5000    7.5000 2579.6763   10.6619
    0.0000   37.5000    7.5000 2597.7512   10.4823
    7.5000   37.5000    7.5000 2576.7290   10.5833
   -7.5000   45.0000    7.5000 2435.1438   11.6780
    0.0000   45.0000    7.5000 2450.0483   11.4880
    7.5000   45.0000    7.5000 2428.3474   11.5849
   -7.5000  -45.0000   15.0000 2079.3311   15.9351
    0.0000  -45.0000   15.0000 2102.7166   15.7043
    7.5000  -45.0000   15.0000 2081.2112   15.9260
   -7.5000  -37.5000   15.0000 2234.1826   13.8505
    0.0000  -37.5000   15.0000 2255.5283   13.6403
    7.5000  -37.5000   15.0000 2231.2122   13.8719
   -7.5000  -30.0000   15.0000 2366.9644   12.3204
    0.0000  -30.0000   15.0000 2389.6433   12.1186
    7.5000  -30.0000   15.0000 2361.7400   12.3214
   -7.5000  -22.5000   15.0000 2492.5715   11.1432
    0.0000  -22.5000   15.0000 2511.8660   10.9672
    7.5000  -22.5000   15.0000 2482.7266   11.1551
   -7.5000  -15.0000   15.0000 2622.0542   10.2616
    0.0000  -15.0000   15.0000 2639.7573   10.0925
    7.5000  -15.0000   15.0000 2604.8496   10.2804
   -7.5000   -7.5000   15.0000 2738.3171    9.6805
    0.0000   -7.5000   15.0000 2752.1807    9.5082
    7.5000   -7.5000   15.0000 2716.8850    9.6681
   -7.5000    0.0000   15.0000 2820.1118    9.3519
    0.0000    0.0000   15.0000 2839.9248    9.2192
    7.5000    0.0000   15.0000 2801.2695    9.3229
   -7.5000    7.5000   15.0000 2855.9570    9.1890
    0.0000    7.5000   15.0000 2882.6204    9.0468
    7.5000    7.5000   15.0000 2839.7556    9.2059
   -7.5000   15.0000   15.0000 2838.8667    9.2944
    0.0000   15.0000   15.0000 2865.6096    9.1453
    7.5000   15.0000   15.0000 2828.5256    9.2741
   -7.5000   22.5000   15.0000 2777.3965    9.6535
    0.0000   22.5000   15.0000 2803.5530    9.4982
    7.5000   22.5000   15.0000 2762.3821    9.6113
   -7.5000   30.0000   15.0000 2668.3884   10.2308
    0.0000   30.0000   15.0000 2691.2939   10.0539
    7.5000   30.0000   15.0000 2662.7756   10.1582
   -7.5000   37.5000   15.0000 2540.9429   10.9666
    0.0000   37.5000   15.0000 2558.3137   10.8121
    7.5000   37.5000   15.0000 2534.6575   10.9100
   -7.5000   45.0000   15.0000 2401.5276   11.9391
    0.0000   45.0000   15.0000 2416.4919   11.7797
    7.5000   45.0000   15.0000 2391.0955   11.8806
   -7.5000  -45.0000   22.5000 2036.3634   16.5196
    0.0000  -45.0000   22.5000 2051.5786   16.3435
    7.5000  -45.0000   22.5000 2033.2560   16.5993
   -7.5000  -37.5000   22.5000 2191.1895   14.3713
    0.0000  -37.5000   22.5000 2206.8374   14.1875
    7.5000  -37.5000   22.5000 2183.8872   14.4401
   -7.5000  -30.0000   22.5000 2328.2170   12.7884
    0.0000  -30.0000   22.5000 2345.5806   12.6112
    7.5000  -30.0000   22.5000 2317.4153   12.8409
   -7.5000  -22.5000   22.5000 2455.6797   11.6054
    0.0000  -22.5000   22.5000 2473.7188   11.4200
    7.5000  -22.5000   22.5000 2442.5005   11.6450
   -7.5000  -15.0000   22.5000 2581.7029   10.7290
    0.0000  -15.0000   22.5000 2599.3799   10.5482
    7.5000  -15.0000   22.5000 2558.8501   10.7621
   -7.5000   -7.5000   22.5000 2688.3857   10.1675
    0.0000   -7.5000   22.5000 2704.1243   10.0088
    7.5000   -7.5000   22.5000 2665.5222   10.1528
   -7.5000    0.0000   22.5000 2758.1340    9.7888
    0.0000    0.0000   22.5000 2778.2378    9.6484
    7.5000    0.0000   22.5000 2735.7651    9.7970
   -7.5000    7.5000   22.5000 2785.6892    9.6139
    0.0000    7.5000   22.5000 2802.7305    9.4759
    7.5000    7.5000   22.5000 2763.6897    9.6379
   -7.5000   15.0000   22.5000 2763.0073    9.7107
    0.0000   15.0000   22.5000 2784.2715    9.5710
    7.5000   15.0000   22.5000 2749.7021    9.6915
   -7.5000   22.5000   22.5000 2705.2563   10.0778
    0.0000   22.5000   22.5000 2724.0818    9.9254
    7.5000   22.5000   22.5000 2691.7949   10.0333
   -7.5000   30.0000   22.5000 2605.6069   10.6402
    0.0000   30.0000   22.5000 2627.6829   10.4646
    7.5000   30.0000   22.5000 2600.8430   10.5759
   -7.5000   37.5000   22.5000 2486.2224   11.3903
    0.0000   37.5000   22.5000 2502.5378   11.2213
    7.5000   37.5000   22.5000 2481.0051   11.3280
   -7.5000   45.0000   22.5000 2357.5171   12.3493
    0.0000   45.0000   22.5000 2372.5129   12.1915
    7.5000   45.0000   22.5000 2348.3511   12.2826
   -7.5000  -45.0000   30.0000 1989.2953   17.3724
    0.0000  -45.0000   30.0000 2000.1952   17.2325
    7.5000  -45.0000   30.0000 1983.5983   17.4612
   -7.5000  -37.5000   30.0000 2142.3169   15.1041
    0.0000  -37.5000   30.0000 2153.7390   14.9600
    7.5000  -37.5000   30.0000 2128.3740   15.2167
   -7.5000  -30.0000   30.0000 2279.5896   13.4671
    0.0000  -30.0000   30.0000 2294.3740   13.3044
    7.5000  -30.0000   30.0000 2261.4932   13.5395
   -7.5000  -22.5000   30.0000 2404.1873   12.2398
    0.0000  -22.5000   30.0000 2419.5962   12.0729
    7.5000  -22.5000   30.0000 2388.2180   12.3090
   -7.5000  -15.0000   30.0000 2524.4578   11.3698
    0.0000  -15.0000   30.0000 2537.6772   11.2043
    7.5000  -15.0000   30.0000 2498.9546   11.4104
   -7.5000   -7.5000   30.0000 2622.2068   10.7666
    0.0000   -7.5000   30.0000 2635.8093   10.6137
    7.5000   -7.5000   30.0000 2595.2866   10.7823
   -7.5000    0.0000   30.0000 2680.2791   10.3779
    0.0000    0.0000   30.0000 2695.4111   10.2266
    7.5000    0.0000   30.0000 2652.4622   10.4179
   -7.5000    7.5000   30.0000 2700.4556   10.2157
    0.0000    7.5000   30.0000 2709.0923   10.0751
    7.5000    7.5000   30.0000 2675.3232   10.2421
   -7.5000   15.0000   30.0000 2674.9636   10.2831
    0.0000   15.0000   30.0000 2692.2695   10.1487
    7.5000   15.0000   30.0000 2658.5276   10.2816
   -7.5000   22.5000   30.0000 2618.8552   10.6335
    0.0000   22.5000   30.0000 2635.3171   10.4840
    7.5000   22.5000   30.0000 2605.5046   10.6149
   -7.5000   30.0000   30.0000 2533.1079   11.1589
    0.0000   30.0000   30.0000 2547.1912   10.9986
    7.5000   30.0000   30.0000 2522.1768   11.1180
   -7.5000   37.5000   30.0000 2421.5317   11.8832
    0.0000   37.5000   30.0000 2437.0083   11.7392
    7.5000   37.5000   30.0000 2413.7100   11.8518
   -7.5000   45.0000   30.0000 2298.2739   12.8291
    0.0000   45.0000   30.0000 2312.0732   12.7089
    7.5000   45.0000   30.0000 2289.5715   12.8143
   -7.5000  -45.0000   37.5000 1939.0316   18.5162
    0.0000  -45.0000   37.5000 1947.6189   18.3704
    7.5000  -45.0000   37.5000 1927.1609   18.5981
   -7.5000  -37.5000   37.5000 2090.4841   16.0977
    0.0000  -37.5000   37.5000 2097.5020   15.9731
    7.5000  -37.5000   37.5000 2070.9373   16.2239
   -7.5000  -30.0000   37.5000 2225.9373   14.3550
    0.0000  -30.0000   37.5000 2234.5959   14.2246
    7.5000  -30.0000   37.5000 2201.7053   14.4592
   -7.5000  -22.5000   37.5000 2349.6511   13.0977
    0.0000  -22.5000   37.5000 2357.9553   12.9413
    7.5000  -22.5000   37.5000 2320.8679   13.1579
   -7.5000  -15.0000   37.5000 2459.7588   12.1935
    0.0000  -15.0000   37.5000 2467.4607   12.0402
    7.5000  -15.0000   37.5000 2426.2124   12.2336
   -7.5000   -7.5000   37.5000 2544.2349   11.5521
    0.0000   -7.5000   37.5000 2552.2415   11.4070
    7.5000   -7.5000   37.5000 2513.4973   11.5999
   -7.5000    0.0000   37.5000 2591.7756   11.1297
    0.0000    0.0000   37.5000 2601.1245   11.0032
    7.5000    0.0000   37.5000 2563.4443   11.1956
   -7.5000    7.5000   37.5000 2606.3262   10.9678
    0.0000    7.5000   37.5000 2611.1260   10.8411
    7.5000    7.5000   37.5000 2581.9109   11.0095
   -7.5000   15.0000   37.5000 2583.7722   11.0151
    0.0000   15.0000   37.5000 2593.9431   10.9057
    7.5000   15.0000   37.5000 2564.3242   11.0342
   -7.5000   22.5000   37.5000 2529.3569   11.3467
    0.0000   22.5000   37.5000 2541.2183   11.2061
    7.5000   22.5000   37.5000 2517.0452   11.3439
   -7.5000   30.0000   37.5000 2460.2524   11.7917
    0.0000   30.0000   37.5000 2470.3665   11.6607
    7.5000   30.0000   37.5000 2441.6677   11.8062
   -7.5000   37.5000   37.5000 2355.4915   12.5140
    0.0000   37.5000   37.5000 2368.1462   12.3835
    7.5000   37.5000   37.5000 2339.4290   12.5148
   -7.5000   45.0000   37.5000 2233.4919   13.4758
    0.0000   45.0000   37.5000 2242.8577   13.3558
    7.5000   45.0000   37.5000 2219.3574   13.4725
   -7.5000  -45.0000   45.0000 1879.0653   19.9273
    0.0000  -45.0000   45.0000 1882.2362   19.7929
    7.5000  -45.0000   45.0000 1866.0503   20.1461
   -7.5000  -37.5000   45.0000 2030.3445   17.3732
    0.0000  -37.5000   45.0000 2035.1079   17.2435
    7.5000  -37.5000   45.0000 2007.5393   17.5058
   -7.5000  -30.0000   45.0000 2162.1018   15.5086
    0.0000  -30.0000   45.0000 2170.2217   15.3861
    7.5000  -30.0000   45.0000 2137.5376   15.6063
   -7.5000  -22.5000   45.0000 2283.0134   14.1834
    0.0000  -22.5000   45.0000 2287.5334   14.0575
    7.5000  -22.5000   45.0000 2247.6462   14.2480
   -7.5000  -15.0000   45.0000 2384.7725   13.2198
    0.0000  -15.0000   45.0000 2386.9897   13.0941
    7.5000  -15.0000   45.0000 2347.9189   13.2538
   -7.5000   -7.5000   45.0000 2457.1104   12.5393
    0.0000   -7.5000   45.0000 2462.5959   12.4055
    7.5000   -7.5000   45.0000 2423.7710   12.5974
   -7.5000    0.0000   45.0000 2494.8835   12.0756
    0.0000    0.0000   45.0000 2497.9795   11.9662
    7.5000    0.0000   45.0000 2467.1560   12.1398
   -7.5000    7.5000   45.0000 2507.6460   11.8810
    0.0000    7.5000   45.0000 2510.3682   11.7673
    7.5000    7.5000   45.0000 2481.9861   11.9225
   -7.5000   15.0000   45.0000 2483.7146   11.9010
    0.0000   15.0000   45.0000 2491.1702   11.7941
    7.5000   15.0000   45.0000 2466.7842   11.9284
   -7.5000   22.5000   45.0000 2434.1870   12.2166
    0.0000   22.5000   45.0000 2442.9307   12.0738
    7.5000   22.5000   45.0000 2421.7561   12.2049
   -7.5000   30.0000   45.0000 2372.7654   12.6477
    0.0000   30.0000   45.0000 2384.7827   12.5131
    7.5000   30.0000   45.0000 2355.5037   12.6313
   -7.5000   37.5000   45.0000 2283.6914   13.3306
    0.0000   37.5000   45.0000 2291.1416   13.1871
    7.5000   37.5000   45.0000 2264.0437   13.2929
   -7.5000   45.0000   45.0000 2164.1677   14.2994
    0.0000   45.0000   45.0000 2171.3374   14.1808
    7.5000   45.0000   45.0000 2148.3250   14.2774

---------------------------------------------------------------------
imgreg_4dfp /opt/freesurfer/average/711-2C_as_mni_average_305 /opt/freesurfer/average/711-2B_as_mni_average_305_mask talsrcimg_g11 none talsrcimg_to_711-2C_as_mni_average_305_t4 1283
---------------------------------------------------------------------

freesurfer imgreg_4dfp.c
/opt/freesurfer/average/711-2C_as_mni_average_305.4dfp.img
       256       256       256         1
  1.000000  1.000000  1.000000
orientation T byte_order littleendian
Reading image: /opt/freesurfer/average/711-2C_as_mni_average_305.4dfp.img
dimensions:      256       256       256
mmppix:       1.0000   -1.0000   -1.0000
center:     128.0000 -129.0000 -129.0000
/opt/freesurfer/average/711-2B_as_mni_average_305_mask.4dfp.img
       256       256       256         1
  1.000000  1.000000  1.000000
orientation T byte_order littleendian
Reading mask: /opt/freesurfer/average/711-2B_as_mni_average_305_mask.4dfp.img (2306576 pixels)
talsrcimg_g11.4dfp.img
       256       256       256         1
  1.000000  1.000000  1.000000
orientation T byte_order littleendian
Reading image: talsrcimg_g11.4dfp.img
dimensions:      256       256       256
mmppix:       1.0000   -1.0000   -1.0000
center:     128.0000 -129.0000 -129.0000
rotation matrix determinant  1.000000
fimgreg.f
image alignment mode   1283 decimal      503 hex
parameters
    0.0000    7.5000    0.0000    0.0000    0.0000    0.0000
eta,q 0.93979  8.77476
niter,ni,del,rscale     5    3   12.0000    1.2000
parameter  3  0.571386 ->  0.500000 qaram    1.1500
parameter  5 -0.689258 -> -0.500000 qaram    1.1500
parameter  6 -0.767755 -> -0.500000 qaram    1.1500
parameters
    0.2378    9.9454   -3.4500   -1.8652    3.4500    3.4500
eta,q 0.94830  8.75676
  0.0740  0.0792  0.0589  0.0594  0.0681  0.0631
  0.0679  0.0706  0.0576  0.0576  0.0636  0.0597
  0.0637  0.0647  0.0583  0.0571  0.0602  0.0567
  0.0612  0.0609  0.0596  0.0575  0.0571  0.0542
  0.0621  0.0594  0.0619  0.0590  0.0547  0.0523
  0.0669  0.0602  0.0653  0.0617  0.0543  0.0517
  0.0723  0.0626  0.0701  0.0648  0.0555  0.0525
niter,ni,del,rscale     7    3   12.0000    1.2000
parameters
   -0.6632   10.6549   -3.1048   -2.7980    4.4400    3.2586
eta,q 0.94929  8.79394
  0.0645  0.0662  0.0637  0.0563  0.0626  0.0572
  0.0572  0.0603  0.0567  0.0531  0.0579  0.0541
  0.0523  0.0547  0.0519  0.0512  0.0539  0.0515
  0.0517  0.0513  0.0511  0.0513  0.0510  0.0507
  0.0563  0.0520  0.0530  0.0530  0.0512  0.0520
  0.0648  0.0557  0.0563  0.0563  0.0539  0.0547
  0.0741  0.0613  0.0603  0.0604  0.0581  0.0578
niter,ni,del,rscale     6    3   12.0000    1.2000
parameters
   -1.2355   11.1689   -3.1709   -3.6532    5.1048    2.9893
eta,q 0.95016  8.79707
  0.0653  0.0653  0.0616  0.0554  0.0615  0.0569
  0.0571  0.0590  0.0547  0.0522  0.0570  0.0538
  0.0515  0.0534  0.0506  0.0502  0.0528  0.0508
  0.0507  0.0505  0.0503  0.0503  0.0500  0.0499
  0.0546  0.0513  0.0526  0.0520  0.0508  0.0514
  0.0621  0.0555  0.0559  0.0550  0.0538  0.0545
  0.0711  0.0615  0.0608  0.0592  0.0585  0.0579
niter,ni,del,rscale     5    3   12.0000    1.2000
parameters
   -1.5834   11.6009   -3.2070   -4.1923    5.4335    2.8364
eta,q 0.95060  8.79801
  0.0661  0.0645  0.0612  0.0554  0.0609  0.0570
  0.0570  0.0585  0.0540  0.0523  0.0563  0.0537
  0.0509  0.0527  0.0498  0.0497  0.0517  0.0507
  0.0498  0.0496  0.0495  0.0495  0.0494  0.0494
  0.0536  0.0507  0.0516  0.0511  0.0508  0.0508
  0.0606  0.0553  0.0549  0.0540  0.0541  0.0540
  0.0691  0.0615  0.0604  0.0578  0.0596  0.0578
niter,ni,del,rscale     4    3   12.0000    1.2000
parameters
   -1.7488   11.8829   -3.2245   -4.5084    5.5760    2.7687
eta,q 0.95076  8.79788
  0.0671  0.0638  0.0610  0.0556  0.0607  0.0571
  0.0574  0.0581  0.0536  0.0526  0.0560  0.0538
  0.0509  0.0522  0.0495  0.0497  0.0512  0.0507
  0.0494  0.0493  0.0493  0.0493  0.0492  0.0492
  0.0530  0.0509  0.0511  0.0505  0.0509  0.0504
  0.0598  0.0557  0.0544  0.0535  0.0546  0.0537
  0.0680  0.0620  0.0601  0.0571  0.0604  0.0577
niter,ni,del,rscale     3    3   12.0000    1.2000
parameters
   -1.8210   12.0402   -3.2294   -4.6725    5.6333    2.7428
eta,q 0.95080  8.79766
  0.0678  0.0634  0.0610  0.0559  0.0607  0.0571
  0.0578  0.0579  0.0534  0.0528  0.0559  0.0538
  0.0510  0.0518  0.0494  0.0499  0.0511  0.0508
  0.0492  0.0492  0.0492  0.0492  0.0492  0.0492
  0.0527  0.0511  0.0509  0.0503  0.0511  0.0503
  0.0594  0.0560  0.0542  0.0531  0.0549  0.0536
  0.0675  0.0627  0.0600  0.0567  0.0608  0.0576
niter,ni,del,rscale     2    3   12.0000    1.2000
parameters
   -1.8506   12.1224   -3.2359   -4.7530    5.6536    2.7291
eta,q 0.95080  8.79800
  0.0682  0.0631  0.0609  0.0560  0.0607  0.0571
  0.0581  0.0577  0.0533  0.0530  0.0558  0.0538
  0.0511  0.0516  0.0493  0.0500  0.0510  0.0508
  0.0492  0.0492  0.0492  0.0492  0.0492  0.0492
  0.0526  0.0513  0.0509  0.0502  0.0511  0.0502
  0.0593  0.0563  0.0541  0.0530  0.0550  0.0535
  0.0674  0.0631  0.0600  0.0565  0.0610  0.0576
niter,ni,del,rscale     1    3   12.0000    1.2000
parameters
   -1.8622   12.1618   -3.2393   -4.7901    5.6607    2.7221
eta,q 0.95080  8.79821
  0.0683  0.0630  0.0609  0.0561  0.0607  0.0571
  0.0582  0.0576  0.0533  0.0530  0.0558  0.0538
  0.0512  0.0515  0.0493  0.0500  0.0510  0.0508
  0.0492  0.0492  0.0492  0.0492  0.0492  0.0492
  0.0526  0.0514  0.0509  0.0502  0.0511  0.0502
  0.0593  0.0564  0.0540  0.0529  0.0551  0.0535
  0.0673  0.0633  0.0599  0.0564  0.0610  0.0576
registration optimization eta report
parameter search radius
    6.0000    6.0000    6.9000    6.0000    6.9000    6.9000
100000*second partial in parameter space
       51.       37.       24.       19.       24.       17.
  0.0683  0.0630  0.0609  0.0561  0.0607  0.0571
  0.0582  0.0576  0.0533  0.0530  0.0558  0.0538
  0.0512  0.0515  0.0493  0.0500  0.0510  0.0508
  0.0492  0.0492  0.0492  0.0492  0.0492  0.0492
  0.0526  0.0514  0.0509  0.0502  0.0511  0.0502
  0.0593  0.0564  0.0540  0.0529  0.0551  0.0535
  0.0673  0.0633  0.0599  0.0564  0.0610  0.0576
   -1.8622   12.1618   -3.2393   -4.7901    5.6607    2.7221
eta,q 0.95080  8.79821

---------------------------------------------------------------------
imgreg_4dfp /opt/freesurfer/average/711-2C_as_mni_average_305 /opt/freesurfer/average/711-2B_as_mni_average_305_mask talsrcimg_g11 none talsrcimg_to_711-2C_as_mni_average_305_t4 3335
---------------------------------------------------------------------

freesurfer imgreg_4dfp.c
/opt/freesurfer/average/711-2C_as_mni_average_305.4dfp.img
       256       256       256         1
  1.000000  1.000000  1.000000
orientation T byte_order littleendian
Reading image: /opt/freesurfer/average/711-2C_as_mni_average_305.4dfp.img
dimensions:      256       256       256
mmppix:       1.0000   -1.0000   -1.0000
center:     128.0000 -129.0000 -129.0000
/opt/freesurfer/average/711-2B_as_mni_average_305_mask.4dfp.img
       256       256       256         1
  1.000000  1.000000  1.000000
orientation T byte_order littleendian
Reading mask: /opt/freesurfer/average/711-2B_as_mni_average_305_mask.4dfp.img (2306576 pixels)
talsrcimg_g11.4dfp.img
       256       256       256         1
  1.000000  1.000000  1.000000
orientation T byte_order littleendian
Reading image: talsrcimg_g11.4dfp.img
dimensions:      256       256       256
mmppix:       1.0000   -1.0000   -1.0000
center:     128.0000 -129.0000 -129.0000
fimgreg.f
image alignment mode   3335 decimal      D07 hex
parameters
   -1.8622   12.1618   -3.2393   -0.5999   -0.4226   -0.8352
   -3.9099  -10.2147    4.7261    7.8744    9.8637   -8.3099
eta,q 0.94991  8.83427
niter,ni,del,rscale     5    3    5.0000    1.2000
parameter  4  1.153743 ->  0.500000 qaram    1.1500
parameter  5  2.565818 ->  0.500000 qaram    1.1500
parameter  6  0.734556 ->  0.500000 qaram    1.1500
parameter 11  0.798633 ->  0.500000 qaram    1.1500
parameters
   -1.8848   12.0281   -3.2564   -4.7399   -4.5626   -4.9752
   -2.8634   -9.2375    5.2326    6.7516    5.7237   -4.9113
eta,q 0.96026  8.18535
  0.0531  0.0516  0.0514  0.0461  0.0384  0.0403  0.0438  0.0447  0.0428  0.0427  0.0400  0.0419
  0.0514  0.0507  0.0507  0.0471  0.0407  0.0406  0.0423  0.0428  0.0417  0.0413  0.0399  0.0410
  0.0504  0.0502  0.0502  0.0483  0.0439  0.0411  0.0412  0.0415  0.0410  0.0406  0.0401  0.0404
  0.0501  0.0501  0.0501  0.0501  0.0474  0.0415  0.0407  0.0407  0.0406  0.0406  0.0405  0.0400
  0.0505  0.0503  0.0502  0.0526  0.0511  0.0421  0.0408  0.0407  0.0407  0.0414  0.0410  0.0398
  0.0515  0.0509  0.0507  0.0559  0.0555  0.0435  0.0414  0.0416  0.0413  0.0426  0.0418  0.0398
  0.0532  0.0520  0.0514  0.0600  0.0605  0.0462  0.0424  0.0431  0.0423  0.0443  0.0427  0.0400
niter,ni,del,rscale     7    3    5.0000    1.2000
parameter  4  0.896492 ->  0.500000 qaram    1.3225
parameter  5  1.865242 ->  0.500000 qaram    1.3225
parameters
   -1.6432   12.3538   -2.5890   -9.5009   -9.3236   -8.3202
   -3.1213   -8.5032    4.9977    6.4019    4.8266   -3.2007
eta,q 0.96757  7.55975
  0.0429  0.0428  0.0414  0.0373  0.0308  0.0338  0.0347  0.0370  0.0341  0.0351  0.0335  0.0342
  0.0414  0.0414  0.0405  0.0374  0.0326  0.0328  0.0335  0.0350  0.0333  0.0336  0.0329  0.0334
  0.0403  0.0403  0.0400  0.0383  0.0349  0.0327  0.0328  0.0334  0.0328  0.0327  0.0326  0.0329
  0.0397  0.0397  0.0396  0.0395  0.0376  0.0332  0.0326  0.0326  0.0326  0.0326  0.0325  0.0325
  0.0398  0.0397  0.0396  0.0412  0.0413  0.0342  0.0330  0.0328  0.0328  0.0330  0.0328  0.0324
  0.0405  0.0404  0.0397  0.0437  0.0453  0.0354  0.0338  0.0338  0.0334  0.0339  0.0333  0.0326
  0.0419  0.0415  0.0401  0.0471  0.0497  0.0370  0.0350  0.0357  0.0343  0.0357  0.0340  0.0332
niter,ni,del,rscale     7    3    5.0000    1.2000
parameter  5  1.071072 ->  0.500000 qaram    1.5209
parameters
   -1.8503   12.7820   -2.6925  -12.4585  -14.7988   -8.6497
   -3.3422   -8.4908    4.5589    7.7439    5.1090   -3.7324
eta,q 0.97135  7.15701
  0.0348  0.0353  0.0336  0.0337  0.0280  0.0315  0.0310  0.0322  0.0303  0.0327  0.0300  0.0298
  0.0334  0.0339  0.0328  0.0325  0.0285  0.0301  0.0298  0.0303  0.0294  0.0307  0.0293  0.0291
  0.0326  0.0329  0.0324  0.0319  0.0297  0.0291  0.0290  0.0291  0.0289  0.0294  0.0288  0.0288
  0.0324  0.0324  0.0323  0.0323  0.0319  0.0288  0.0288  0.0287  0.0287  0.0287  0.0287  0.0287
  0.0330  0.0324  0.0325  0.0337  0.0347  0.0292  0.0291  0.0292  0.0290  0.0288  0.0288  0.0289
  0.0341  0.0328  0.0330  0.0354  0.0382  0.0303  0.0300  0.0304  0.0297  0.0294  0.0292  0.0294
  0.0358  0.0338  0.0338  0.0378  0.0426  0.0319  0.0313  0.0321  0.0307  0.0305  0.0298  0.0301
niter,ni,del,rscale     7    3    5.0000    1.2000
parameters
   -1.8420   13.3270   -3.0610  -12.9678  -20.0679   -8.6019
   -3.3754   -8.5951    4.5884   10.3275    4.9716   -4.5705
eta,q 0.97283  6.91083
  0.0314  0.0318  0.0295  0.0320  0.0287  0.0301  0.0299  0.0304  0.0293  0.0312  0.0283  0.0280
  0.0299  0.0303  0.0289  0.0303  0.0277  0.0288  0.0286  0.0287  0.0283  0.0295  0.0277  0.0275
  0.0290  0.0292  0.0286  0.0290  0.0275  0.0278  0.0277  0.0277  0.0277  0.0282  0.0273  0.0272
  0.0287  0.0287  0.0286  0.0285  0.0285  0.0275  0.0275  0.0275  0.0275  0.0275  0.0272  0.0272
  0.0290  0.0286  0.0288  0.0292  0.0305  0.0278  0.0278  0.0279  0.0277  0.0272  0.0273  0.0274
  0.0299  0.0290  0.0294  0.0308  0.0336  0.0287  0.0286  0.0289  0.0283  0.0274  0.0277  0.0279
  0.0314  0.0298  0.0302  0.0328  0.0374  0.0300  0.0299  0.0305  0.0292  0.0281  0.0284  0.0285
niter,ni,del,rscale     6    3    5.0000    1.2000
parameters
   -1.8408   14.5027   -3.8166  -13.4077  -22.2557   -9.6481
   -3.3791   -8.6605    4.6692   13.1326    5.0655   -6.1876
eta,q 0.97402  6.79312
  0.0298  0.0310  0.0271  0.0303  0.0292  0.0285  0.0288  0.0293  0.0284  0.0301  0.0273  0.0266
  0.0284  0.0293  0.0267  0.0286  0.0277  0.0274  0.0276  0.0277  0.0274  0.0286  0.0266  0.0262
  0.0275  0.0280  0.0266  0.0273  0.0267  0.0267  0.0268  0.0267  0.0267  0.0274  0.0262  0.0260
  0.0272  0.0272  0.0267  0.0266  0.0266  0.0265  0.0265  0.0265  0.0265  0.0265  0.0260  0.0260
  0.0275  0.0267  0.0271  0.0271  0.0278  0.0271  0.0268  0.0269  0.0267  0.0261  0.0262  0.0263
  0.0283  0.0268  0.0277  0.0290  0.0298  0.0282  0.0276  0.0278  0.0273  0.0262  0.0266  0.0268
  0.0298  0.0272  0.0285  0.0314  0.0329  0.0297  0.0288  0.0293  0.0283  0.0271  0.0272  0.0274
niter,ni,del,rscale     5    3    5.0000    1.2000
parameters
   -1.7816   15.3036   -4.4658  -13.2558  -23.1552   -9.9181
   -3.3613   -8.6495    4.7360   14.2424    5.2963   -7.8144
eta,q 0.97448  6.76531
  0.0286  0.0295  0.0262  0.0298  0.0294  0.0281  0.0280  0.0286  0.0278  0.0290  0.0269  0.0261
  0.0272  0.0279  0.0258  0.0280  0.0276  0.0269  0.0267  0.0269  0.0267  0.0275  0.0262  0.0257
  0.0263  0.0267  0.0257  0.0266  0.0262  0.0260  0.0259  0.0259  0.0260  0.0263  0.0257  0.0255
  0.0260  0.0260  0.0257  0.0256  0.0256  0.0257  0.0257  0.0257  0.0257  0.0257  0.0256  0.0256
  0.0262  0.0257  0.0260  0.0258  0.0263  0.0260  0.0260  0.0260  0.0259  0.0256  0.0257  0.0259
  0.0270  0.0260  0.0266  0.0275  0.0283  0.0270  0.0267  0.0270  0.0266  0.0263  0.0261  0.0263
  0.0284  0.0267  0.0274  0.0300  0.0313  0.0285  0.0280  0.0285  0.0278  0.0276  0.0267  0.0269
niter,ni,del,rscale     4    3    5.0000    1.2000
parameters
   -1.7609   15.5524   -4.7930  -13.1474  -23.3995   -9.8716
   -3.3031   -8.6718    4.8273   14.9050    5.4894   -8.6330
eta,q 0.97457  6.76743
  0.0280  0.0281  0.0263  0.0296  0.0296  0.0281  0.0279  0.0285  0.0277  0.0287  0.0268  0.0262
  0.0267  0.0268  0.0258  0.0279  0.0278  0.0269  0.0266  0.0268  0.0265  0.0271  0.0261  0.0257
  0.0258  0.0259  0.0255  0.0264  0.0263  0.0259  0.0258  0.0258  0.0258  0.0260  0.0256  0.0255
  0.0255  0.0255  0.0255  0.0255  0.0255  0.0255  0.0255  0.0255  0.0255  0.0255  0.0255  0.0255
  0.0258  0.0256  0.0257  0.0257  0.0259  0.0258  0.0258  0.0259  0.0257  0.0256  0.0256  0.0257
  0.0266  0.0262  0.0262  0.0274  0.0276  0.0267  0.0266  0.0269  0.0264  0.0264  0.0260  0.0261
  0.0280  0.0272  0.0269  0.0299  0.0305  0.0281  0.0278  0.0285  0.0276  0.0278  0.0266  0.0266
niter,ni,del,rscale     3    3    5.0000    1.2000
parameters
   -1.7725   15.6666   -4.9346  -13.1297  -23.5370   -9.8386
   -3.2577   -8.7132    4.8683   15.2308    5.5975   -9.0146
eta,q 0.97458  6.76765
  0.0279  0.0278  0.0264  0.0296  0.0297  0.0281  0.0278  0.0285  0.0276  0.0284  0.0267  0.0263
  0.0265  0.0265  0.0258  0.0278  0.0278  0.0268  0.0266  0.0267  0.0264  0.0269  0.0260  0.0258
  0.0257  0.0257  0.0255  0.0263  0.0263  0.0259  0.0257  0.0257  0.0257  0.0259  0.0256  0.0255
  0.0254  0.0254  0.0254  0.0254  0.0254  0.0254  0.0254  0.0254  0.0254  0.0254  0.0254  0.0254
  0.0257  0.0256  0.0256  0.0257  0.0258  0.0258  0.0257  0.0258  0.0257  0.0256  0.0256  0.0256
  0.0266  0.0263  0.0260  0.0274  0.0275  0.0267  0.0265  0.0268  0.0264  0.0265  0.0260  0.0260
  0.0279  0.0273  0.0267  0.0300  0.0304  0.0281  0.0278  0.0285  0.0276  0.0280  0.0267  0.0265
niter,ni,del,rscale     2    3    5.0000    1.2000
parameters
   -1.7840   15.7271   -4.9938  -13.1322  -23.6121   -9.8223
   -3.2280   -8.7462    4.8883   15.3854    5.6597   -9.1970
eta,q 0.97458  6.76742
  0.0279  0.0276  0.0264  0.0295  0.0297  0.0280  0.0278  0.0285  0.0275  0.0283  0.0267  0.0264
  0.0265  0.0264  0.0259  0.0278  0.0278  0.0268  0.0265  0.0267  0.0264  0.0268  0.0260  0.0258
  0.0257  0.0257  0.0255  0.0263  0.0263  0.0258  0.0257  0.0257  0.0257  0.0258  0.0256  0.0255
  0.0254  0.0254  0.0254  0.0254  0.0254  0.0254  0.0254  0.0254  0.0254  0.0254  0.0254  0.0254
  0.0257  0.0256  0.0256  0.0257  0.0257  0.0258  0.0257  0.0258  0.0257  0.0257  0.0256  0.0256
  0.0265  0.0263  0.0259  0.0274  0.0275  0.0267  0.0265  0.0268  0.0264  0.0266  0.0260  0.0259
  0.0279  0.0274  0.0266  0.0300  0.0303  0.0281  0.0278  0.0285  0.0275  0.0282  0.0267  0.0265
niter,ni,del,rscale     1    3    5.0000    1.2000
parameters
   -1.7928   15.7578   -5.0221  -13.1344  -23.6464   -9.8188
   -3.2124   -8.7650    4.8967   15.4587    5.6851   -9.2723
eta,q 0.97457  6.76724
  0.0279  0.0276  0.0265  0.0296  0.0297  0.0280  0.0278  0.0285  0.0275  0.0283  0.0267  0.0264
  0.0265  0.0264  0.0259  0.0278  0.0278  0.0268  0.0265  0.0267  0.0264  0.0268  0.0260  0.0259
  0.0257  0.0257  0.0255  0.0263  0.0263  0.0258  0.0257  0.0257  0.0257  0.0258  0.0256  0.0255
  0.0254  0.0254  0.0254  0.0254  0.0254  0.0254  0.0254  0.0254  0.0254  0.0254  0.0254  0.0254
  0.0257  0.0257  0.0255  0.0257  0.0257  0.0258  0.0257  0.0258  0.0257  0.0257  0.0256  0.0256
  0.0265  0.0264  0.0259  0.0275  0.0274  0.0267  0.0265  0.0268  0.0264  0.0266  0.0260  0.0259
  0.0279  0.0274  0.0265  0.0300  0.0303  0.0281  0.0278  0.0284  0.0275  0.0282  0.0267  0.0264
registration optimization eta report
parameter search radius
    2.4000    2.4000    2.4000    9.5220   10.9503    8.2800
    7.2000    7.2000    7.2000    7.2000    8.2800    7.2000
100000*second partial in parameter space
       43.       36.       19.        5.        4.        4.
        5.        6.        4.        5.        2.        2.
  0.0279  0.0276  0.0265  0.0296  0.0297  0.0280  0.0278  0.0285  0.0275  0.0283  0.0267  0.0264
  0.0265  0.0264  0.0259  0.0278  0.0278  0.0268  0.0265  0.0267  0.0264  0.0268  0.0260  0.0259
  0.0257  0.0257  0.0255  0.0263  0.0263  0.0258  0.0257  0.0257  0.0257  0.0258  0.0256  0.0255
  0.0254  0.0254  0.0254  0.0254  0.0254  0.0254  0.0254  0.0254  0.0254  0.0254  0.0254  0.0254
  0.0257  0.0257  0.0255  0.0257  0.0257  0.0258  0.0257  0.0258  0.0257  0.0257  0.0256  0.0256
  0.0265  0.0264  0.0259  0.0275  0.0274  0.0267  0.0265  0.0268  0.0264  0.0266  0.0260  0.0259
  0.0279  0.0274  0.0265  0.0300  0.0303  0.0281  0.0278  0.0284  0.0275  0.0282  0.0267  0.0264
   -1.7928   15.7578   -5.0221  -13.1344  -23.6464   -9.8188
   -3.2124   -8.7650    4.8967   15.4587    5.6851   -9.2723
eta,q 0.97457  6.76724

---------------------------------------------------------------------
imgreg_4dfp /opt/freesurfer/average/711-2C_as_mni_average_305 /opt/freesurfer/average/711-2B_as_mni_average_305_mask talsrcimg_g11 none talsrcimg_to_711-2C_as_mni_average_305_t4 2311
---------------------------------------------------------------------

freesurfer imgreg_4dfp.c
/opt/freesurfer/average/711-2C_as_mni_average_305.4dfp.img
       256       256       256         1
  1.000000  1.000000  1.000000
orientation T byte_order littleendian
Reading image: /opt/freesurfer/average/711-2C_as_mni_average_305.4dfp.img
dimensions:      256       256       256
mmppix:       1.0000   -1.0000   -1.0000
center:     128.0000 -129.0000 -129.0000
/opt/freesurfer/average/711-2B_as_mni_average_305_mask.4dfp.img
       256       256       256         1
  1.000000  1.000000  1.000000
orientation T byte_order littleendian
Reading mask: /opt/freesurfer/average/711-2B_as_mni_average_305_mask.4dfp.img (2306576 pixels)
talsrcimg_g11.4dfp.img
       256       256       256         1
  1.000000  1.000000  1.000000
orientation T byte_order littleendian
Reading image: talsrcimg_g11.4dfp.img
dimensions:      256       256       256
mmppix:       1.0000   -1.0000   -1.0000
center:     128.0000 -129.0000 -129.0000
fimgreg.f
image alignment mode   2311 decimal      907 hex
parameters
   -1.7928   15.7578   -5.0221  -13.1344  -23.6464   -9.8188
   -3.2124   -8.7650    4.8967   15.4587    5.6851   -9.2723
eta,q 0.97457  6.76724
niter,ni,del,rscale     5    3    5.0000    0.8000
parameters
   -1.7933   15.7455   -5.0129  -12.4205  -22.8719   -9.8359
   -3.2399   -8.7893    4.8977   15.5453    5.6494   -9.2346
eta,q 0.97470  6.81722
  0.0265  0.0263  0.0259  0.0270  0.0267  0.0263  0.0265  0.0268  0.0263  0.0267  0.0258  0.0258
  0.0259  0.0258  0.0257  0.0263  0.0261  0.0258  0.0258  0.0259  0.0258  0.0260  0.0255  0.0255
  0.0255  0.0255  0.0255  0.0258  0.0256  0.0254  0.0254  0.0254  0.0254  0.0255  0.0253  0.0254
  0.0254  0.0254  0.0254  0.0254  0.0254  0.0253  0.0253  0.0253  0.0253  0.0253  0.0253  0.0253
  0.0256  0.0255  0.0255  0.0254  0.0253  0.0254  0.0255  0.0255  0.0254  0.0254  0.0254  0.0254
  0.0259  0.0259  0.0256  0.0257  0.0256  0.0258  0.0258  0.0260  0.0258  0.0259  0.0255  0.0255
  0.0265  0.0264  0.0259  0.0264  0.0261  0.0264  0.0265  0.0268  0.0263  0.0266  0.0258  0.0258
niter,ni,del,rscale     4    3    5.0000    0.7000
parameters
   -1.8109   15.6554   -5.0622  -12.4023  -22.7500   -9.8791
   -3.2230   -8.8014    4.9097   15.4939    5.7006   -9.2070
eta,q 0.97471  6.82005
  0.0262  0.0260  0.0257  0.0264  0.0262  0.0261  0.0262  0.0264  0.0261  0.0263  0.0257  0.0257
  0.0257  0.0256  0.0255  0.0259  0.0258  0.0257  0.0257  0.0258  0.0257  0.0258  0.0255  0.0255
  0.0254  0.0254  0.0253  0.0255  0.0254  0.0254  0.0254  0.0254  0.0254  0.0254  0.0253  0.0253
  0.0253  0.0253  0.0253  0.0253  0.0253  0.0253  0.0253  0.0253  0.0253  0.0253  0.0253  0.0253
  0.0254  0.0254  0.0253  0.0254  0.0253  0.0254  0.0254  0.0254  0.0254  0.0254  0.0253  0.0253
  0.0257  0.0257  0.0255  0.0257  0.0256  0.0257  0.0257  0.0258  0.0256  0.0258  0.0254  0.0255
  0.0262  0.0262  0.0257  0.0264  0.0261  0.0261  0.0262  0.0264  0.0261  0.0264  0.0256  0.0257
niter,ni,del,rscale     3    3    5.0000    0.6000
parameters
   -1.8144   15.6344   -5.0689  -12.3244  -22.6802   -9.8953
   -3.2232   -8.8231    4.9050   15.4953    5.6936   -9.2075
eta,q 0.97471  6.82472
  0.0260  0.0258  0.0256  0.0261  0.0259  0.0259  0.0260  0.0261  0.0259  0.0261  0.0256  0.0256
  0.0256  0.0255  0.0254  0.0257  0.0256  0.0256  0.0256  0.0256  0.0256  0.0256  0.0254  0.0254
  0.0254  0.0253  0.0253  0.0254  0.0254  0.0254  0.0254  0.0254  0.0254  0.0254  0.0253  0.0253
  0.0253  0.0253  0.0253  0.0253  0.0253  0.0253  0.0253  0.0253  0.0253  0.0253  0.0253  0.0253
  0.0254  0.0254  0.0253  0.0253  0.0253  0.0254  0.0254  0.0254  0.0254  0.0254  0.0253  0.0253
  0.0256  0.0256  0.0254  0.0256  0.0255  0.0256  0.0256  0.0257  0.0256  0.0256  0.0254  0.0254
  0.0260  0.0259  0.0256  0.0261  0.0259  0.0259  0.0260  0.0261  0.0259  0.0261  0.0256  0.0256
niter,ni,del,rscale     2    3    5.0000    0.5000
parameters
   -1.8226   15.6249   -5.0724  -12.2476  -22.6292   -9.9039
   -3.2349   -8.8418    4.9281   15.4994    5.6953   -9.2217
eta,q 0.97472  6.82908
  0.0258  0.0257  0.0255  0.0259  0.0258  0.0257  0.0258  0.0258  0.0257  0.0258  0.0255  0.0255
  0.0255  0.0255  0.0254  0.0256  0.0255  0.0255  0.0255  0.0255  0.0255  0.0255  0.0254  0.0254
  0.0253  0.0253  0.0253  0.0254  0.0254  0.0253  0.0253  0.0253  0.0253  0.0253  0.0253  0.0253
  0.0253  0.0253  0.0253  0.0253  0.0253  0.0253  0.0253  0.0253  0.0253  0.0253  0.0253  0.0253
  0.0253  0.0253  0.0253  0.0253  0.0253  0.0253  0.0253  0.0253  0.0253  0.0253  0.0253  0.0253
  0.0255  0.0255  0.0254  0.0255  0.0255  0.0255  0.0255  0.0255  0.0255  0.0255  0.0254  0.0254
  0.0258  0.0257  0.0255  0.0259  0.0257  0.0257  0.0258  0.0258  0.0257  0.0258  0.0255  0.0255
niter,ni,del,rscale     1    3    5.0000    0.4000
parameters
   -1.8220   15.6159   -5.0768  -12.1901  -22.6004   -9.9126
   -3.2472   -8.8487    4.9388   15.5085    5.7077   -9.2417
eta,q 0.97472  6.83210
  0.0256  0.0255  0.0254  0.0257  0.0256  0.0256  0.0256  0.0256  0.0255  0.0256  0.0254  0.0254
  0.0254  0.0254  0.0253  0.0255  0.0254  0.0254  0.0254  0.0254  0.0254  0.0254  0.0253  0.0253
  0.0253  0.0253  0.0253  0.0253  0.0253  0.0253  0.0253  0.0253  0.0253  0.0253  0.0253  0.0253
  0.0253  0.0253  0.0253  0.0253  0.0253  0.0253  0.0253  0.0253  0.0253  0.0253  0.0253  0.0253
  0.0253  0.0253  0.0253  0.0253  0.0253  0.0253  0.0253  0.0253  0.0253  0.0253  0.0253  0.0253
  0.0254  0.0254  0.0253  0.0254  0.0254  0.0254  0.0254  0.0254  0.0254  0.0254  0.0253  0.0253
  0.0256  0.0255  0.0254  0.0257  0.0256  0.0256  0.0256  0.0256  0.0255  0.0256  0.0254  0.0254
registration optimization eta report
parameter search radius
    0.8000    0.8000    0.8000    2.4000    2.4000    2.4000
    2.4000    2.4000    2.4000    2.4000    2.4000    2.4000
100000*second partial in parameter space
       48.       40.       21.        7.        5.        5.
        5.        6.        5.        6.        2.        2.
  0.0256  0.0255  0.0254  0.0257  0.0256  0.0256  0.0256  0.0256  0.0255  0.0256  0.0254  0.0254
  0.0254  0.0254  0.0253  0.0255  0.0254  0.0254  0.0254  0.0254  0.0254  0.0254  0.0253  0.0253
  0.0253  0.0253  0.0253  0.0253  0.0253  0.0253  0.0253  0.0253  0.0253  0.0253  0.0253  0.0253
  0.0253  0.0253  0.0253  0.0253  0.0253  0.0253  0.0253  0.0253  0.0253  0.0253  0.0253  0.0253
  0.0253  0.0253  0.0253  0.0253  0.0253  0.0253  0.0253  0.0253  0.0253  0.0253  0.0253  0.0253
  0.0254  0.0254  0.0253  0.0254  0.0254  0.0254  0.0254  0.0254  0.0254  0.0254  0.0253  0.0253
  0.0256  0.0255  0.0254  0.0257  0.0256  0.0256  0.0256  0.0256  0.0255  0.0256  0.0254  0.0254
   -1.8220   15.6159   -5.0768  -12.1901  -22.6004   -9.9126
   -3.2472   -8.8487    4.9388   15.5085    5.7077   -9.2417
eta,q 0.97472  6.83210

---------------------------------------------------------------------
imgreg_4dfp /opt/freesurfer/average/711-2C_as_mni_average_305 /opt/freesurfer/average/711-2B_as_mni_average_305_mask talsrcimg_g11 none talsrcimg_to_711-2C_as_mni_average_305_t4 2311
---------------------------------------------------------------------

freesurfer imgreg_4dfp.c
/opt/freesurfer/average/711-2C_as_mni_average_305.4dfp.img
       256       256       256         1
  1.000000  1.000000  1.000000
orientation T byte_order littleendian
Reading image: /opt/freesurfer/average/711-2C_as_mni_average_305.4dfp.img
dimensions:      256       256       256
mmppix:       1.0000   -1.0000   -1.0000
center:     128.0000 -129.0000 -129.0000
/opt/freesurfer/average/711-2B_as_mni_average_305_mask.4dfp.img
       256       256       256         1
  1.000000  1.000000  1.000000
orientation T byte_order littleendian
Reading mask: /opt/freesurfer/average/711-2B_as_mni_average_305_mask.4dfp.img (2306576 pixels)
talsrcimg_g11.4dfp.img
       256       256       256         1
  1.000000  1.000000  1.000000
orientation T byte_order littleendian
Reading image: talsrcimg_g11.4dfp.img
dimensions:      256       256       256
mmppix:       1.0000   -1.0000   -1.0000
center:     128.0000 -129.0000 -129.0000
fimgreg.f
image alignment mode   2311 decimal      907 hex
parameters
   -1.8220   15.6159   -5.0768  -12.1901  -22.6004   -9.9126
   -3.2472   -8.8487    4.9388   15.5085    5.7077   -9.2417
eta,q 0.97472  6.83210
niter,ni,del,rscale     5    3    5.0000    0.8000
parameters
   -1.8241   15.6302   -5.1005  -12.4926  -22.7651   -9.8851
   -3.2066   -8.8069    4.9008   15.4709    5.7434   -9.2052
eta,q 0.97470  6.81581
  0.0265  0.0263  0.0258  0.0265  0.0263  0.0264  0.0265  0.0268  0.0263  0.0266  0.0258  0.0258
  0.0258  0.0257  0.0255  0.0259  0.0258  0.0258  0.0258  0.0259  0.0258  0.0259  0.0255  0.0255
  0.0254  0.0254  0.0253  0.0255  0.0254  0.0254  0.0254  0.0254  0.0254  0.0255  0.0254  0.0253
  0.0253  0.0253  0.0253  0.0253  0.0253  0.0253  0.0253  0.0253  0.0253  0.0253  0.0253  0.0253
  0.0254  0.0254  0.0253  0.0254  0.0254  0.0254  0.0254  0.0255  0.0254  0.0254  0.0254  0.0254
  0.0258  0.0257  0.0255  0.0260  0.0258  0.0258  0.0258  0.0259  0.0258  0.0259  0.0255  0.0255
  0.0265  0.0263  0.0258  0.0270  0.0265  0.0263  0.0265  0.0267  0.0263  0.0267  0.0258  0.0258
niter,ni,del,rscale     4    3    5.0000    0.7000
parameters
   -1.8169   15.6434   -5.0697  -12.4125  -22.7372   -9.8815
   -3.2134   -8.8228    4.9007   15.4795    5.7011   -9.2049
eta,q 0.97471  6.81988
  0.0262  0.0261  0.0257  0.0264  0.0261  0.0261  0.0262  0.0264  0.0261  0.0263  0.0257  0.0257
  0.0257  0.0256  0.0255  0.0259  0.0257  0.0257  0.0257  0.0258  0.0257  0.0258  0.0255  0.0255
  0.0254  0.0254  0.0253  0.0255  0.0254  0.0254  0.0254  0.0254  0.0254  0.0254  0.0253  0.0253
  0.0253  0.0253  0.0253  0.0253  0.0253  0.0253  0.0253  0.0253  0.0253  0.0253  0.0253  0.0253
  0.0254  0.0254  0.0253  0.0254  0.0254  0.0254  0.0254  0.0254  0.0254  0.0254  0.0253  0.0253
  0.0257  0.0256  0.0255  0.0257  0.0257  0.0257  0.0257  0.0258  0.0256  0.0257  0.0255  0.0255
  0.0262  0.0261  0.0257  0.0264  0.0262  0.0261  0.0262  0.0264  0.0261  0.0263  0.0257  0.0257
niter,ni,del,rscale     3    3    5.0000    0.6000
parameters
   -1.8185   15.6330   -5.0660  -12.3325  -22.6723   -9.8879
   -3.2211   -8.8252    4.9144   15.4880    5.6968   -9.2122
eta,q 0.97471  6.82489
  0.0260  0.0259  0.0256  0.0261  0.0259  0.0259  0.0260  0.0261  0.0259  0.0261  0.0256  0.0256
  0.0256  0.0255  0.0254  0.0257  0.0256  0.0256  0.0256  0.0256  0.0256  0.0256  0.0254  0.0254
  0.0254  0.0253  0.0253  0.0254  0.0254  0.0254  0.0254  0.0254  0.0254  0.0254  0.0253  0.0253
  0.0253  0.0253  0.0253  0.0253  0.0253  0.0253  0.0253  0.0253  0.0253  0.0253  0.0253  0.0253
  0.0254  0.0254  0.0253  0.0253  0.0253  0.0254  0.0254  0.0254  0.0254  0.0254  0.0253  0.0253
  0.0256  0.0256  0.0254  0.0256  0.0256  0.0256  0.0256  0.0256  0.0255  0.0256  0.0254  0.0254
  0.0260  0.0259  0.0256  0.0261  0.0259  0.0259  0.0260  0.0261  0.0259  0.0261  0.0256  0.0256
niter,ni,del,rscale     2    3    5.0000    0.5000
parameters
   -1.8223   15.6242   -5.0712  -12.2526  -22.6293   -9.9020
   -3.2374   -8.8359    4.9295   15.5049    5.6930   -9.2120
eta,q 0.97472  6.82898
  0.0258  0.0257  0.0255  0.0259  0.0257  0.0257  0.0258  0.0258  0.0257  0.0258  0.0255  0.0255
  0.0255  0.0255  0.0254  0.0256  0.0255  0.0255  0.0255  0.0255  0.0255  0.0255  0.0254  0.0254
  0.0253  0.0253  0.0253  0.0254  0.0254  0.0253  0.0253  0.0253  0.0253  0.0254  0.0253  0.0253
  0.0253  0.0253  0.0253  0.0253  0.0253  0.0253  0.0253  0.0253  0.0253  0.0253  0.0253  0.0253
  0.0253  0.0253  0.0253  0.0253  0.0253  0.0253  0.0253  0.0254  0.0253  0.0253  0.0253  0.0253
  0.0255  0.0255  0.0254  0.0255  0.0255  0.0255  0.0255  0.0255  0.0255  0.0255  0.0254  0.0254
  0.0258  0.0257  0.0255  0.0259  0.0257  0.0257  0.0258  0.0258  0.0257  0.0258  0.0255  0.0255
niter,ni,del,rscale     1    3    5.0000    0.4000
parameters
   -1.8245   15.6138   -5.0693  -12.1972  -22.5974   -9.9004
   -3.2482   -8.8534    4.9493   15.4989    5.7017   -9.2294
eta,q 0.97472  6.83216
  0.0256  0.0255  0.0254  0.0257  0.0256  0.0256  0.0256  0.0256  0.0256  0.0256  0.0254  0.0254
  0.0254  0.0254  0.0253  0.0255  0.0254  0.0254  0.0254  0.0254  0.0254  0.0254  0.0253  0.0253
  0.0253  0.0253  0.0253  0.0253  0.0253  0.0253  0.0253  0.0253  0.0253  0.0253  0.0253  0.0253
  0.0253  0.0253  0.0253  0.0253  0.0253  0.0253  0.0253  0.0253  0.0253  0.0253  0.0253  0.0253
  0.0253  0.0253  0.0253  0.0253  0.0253  0.0253  0.0253  0.0253  0.0253  0.0253  0.0253  0.0253
  0.0254  0.0254  0.0253  0.0254  0.0254  0.0254  0.0254  0.0254  0.0254  0.0254  0.0253  0.0253
  0.0256  0.0255  0.0254  0.0257  0.0256  0.0256  0.0256  0.0256  0.0255  0.0256  0.0254  0.0254
registration optimization eta report
parameter search radius
    0.8000    0.8000    0.8000    2.4000    2.4000    2.4000
    2.4000    2.4000    2.4000    2.4000    2.4000    2.4000
100000*second partial in parameter space
       48.       40.       21.        7.        5.        5.
        5.        6.        5.        6.        2.        2.
  0.0256  0.0255  0.0254  0.0257  0.0256  0.0256  0.0256  0.0256  0.0256  0.0256  0.0254  0.0254
  0.0254  0.0254  0.0253  0.0255  0.0254  0.0254  0.0254  0.0254  0.0254  0.0254  0.0253  0.0253
  0.0253  0.0253  0.0253  0.0253  0.0253  0.0253  0.0253  0.0253  0.0253  0.0253  0.0253  0.0253
  0.0253  0.0253  0.0253  0.0253  0.0253  0.0253  0.0253  0.0253  0.0253  0.0253  0.0253  0.0253
  0.0253  0.0253  0.0253  0.0253  0.0253  0.0253  0.0253  0.0253  0.0253  0.0253  0.0253  0.0253
  0.0254  0.0254  0.0253  0.0254  0.0254  0.0254  0.0254  0.0254  0.0254  0.0254  0.0253  0.0253
  0.0256  0.0255  0.0254  0.0257  0.0256  0.0256  0.0256  0.0256  0.0255  0.0256  0.0254  0.0254
   -1.8245   15.6138   -5.0693  -12.1972  -22.5974   -9.9004
   -3.2482   -8.8534    4.9493   15.4989    5.7017   -9.2294
eta,q 0.97472  6.83216

---------------------------------------------------------------------
compute_vox2vox talsrcimg talsrcimg_to_711-2C_as_mni_average_305_t4 /opt/freesurfer/average/711-2C_as_mni_average_305
---------------------------------------------------------------------

freesurfer compute_vox2vox.c
Reading: talsrcimg.4dfp.ifh
Reading: talsrcimg_to_711-2C_as_mni_average_305_t4
Reading: /opt/freesurfer/average/711-2C_as_mni_average_305.4dfp.ifh
Writing: talsrcimg_to_711-2C_as_mni_average_305_t4_vox2vox.txt

start time Thu Mar 12 11:46:40 CET 2026
end		time Thu Mar 12 11:48:08 CET 2026

mpr2mni305 success

avi2talxfm orig_nu.mgz /opt/freesurfer/average/mni305.cor.mgz talsrcimg_to_711-2C_as_mni_average_305_t4_vox2vox.txt transforms/talairach.auto.xfm
avi2talxfm done
mv -f /out/sourcedata/freesurfer/sub-v1s17x0050271_ses-1/mri/talsrcimg_to_711-2C_as_mni_average_305_t4_vox2vox.txt /out/sourcedata/freesurfer/sub-v1s17x0050271_ses-1/mri/transforms/talsrcimg_to_711-2C_as_mni_average_305_t4_vox2vox.txt
lta_convert --src orig_nu.mgz --trg /opt/freesurfer/average/mni305.cor.mgz --inxfm transforms/talairach.auto.xfm --outlta transforms/talairach.auto.xfm.lta --subject fsaverage
7.3.2

--src: orig_nu.mgz src image (geometry).
--trg: /opt/freesurfer/average/mni305.cor.mgz trg image (geometry).
--inmni: transforms/talairach.auto.xfm input MNI/XFM transform.
--outlta: transforms/talairach.auto.xfm.lta output LTA.
--s: fsaverage subject name
 LTA read, type : 1
 1.12903   0.10073   0.05939   1.06598;
-0.07726   1.08068   0.12562   3.02789;
-0.05672  -0.22283   1.26300  -8.67424;
 0.00000   0.00000   0.00000   1.00000;
setting subject to fsaverage
Writing  LTA to file transforms/talairach.auto.xfm.lta...
lta_convert successful.
 
 
Started at Thu Mar 12 11:46:40 CET 2026
Ended   at Thu Mar 12 11:48:08 CET 2026
talairach_avi done
