/out/sourcedata/freesurfer/sub-v1s17x0050245_ses-1/mri
/opt/freesurfer/bin/talairach_avi
--i orig_nu.mgz --xfm transforms/talairach.auto.xfm
talairach_avi 7.3.2
Linux dna020 5.14.0-427.37.1.el9_4.x86_64 #1 SMP PREEMPT_DYNAMIC Fri Sep 13 12:41:50 EDT 2024 x86_64 x86_64 x86_64 GNU/Linux
Mon Mar  9 01:25:39 CET 2026
mri_convert orig_nu.mgz talsrcimg.img 
reading from orig_nu.mgz...
TR=0.00, TE=0.00, TI=0.00, flip angle=0.00
i_ras = (-1, 3.25963e-09, 3.72529e-09)
j_ras = (3.72529e-09, 9.31323e-10, -1)
k_ras = (4.19095e-09, 1, 0)
writing to talsrcimg.img...
Analyze Output Matrix
-1.00000   0.00000   0.00000   127.30412;
 0.00000   0.00000   1.00000  -132.80750;
 0.00000  -1.00000   0.00000   109.58150;
 0.00000   0.00000   0.00000   1.00000;
--------------------
INFO: set hdr.hist.orient to -1
mpr2mni305 talsrcimg
Mon Mar  9 01:25:39 CET 2026
/opt/freesurfer/bin/mpr2mni305 talsrcimg
mpr2mni305 7.3.2
target=711-2C_as_mni_average_305

---------------------------------------------------------------------
analyzeto4dfp talsrcimg -O0 -y
---------------------------------------------------------------------

freesurfer ifh2hdr.c
Mon Mar  9 01:25:39 2026
Writing: talsrcimg.4dfp.hdr
freesurfer analyzeto4dfp.c
Reading: talsrcimg.hdr
header size 348 bytes
hdr.dime.datatype	offset=70	value=2
hdr.dime.bitpix		offset=72	value=8
hdr.hist.orient		offset=252	value=-1
dimensionality     4
dimensions       256       256       256         1
Reading: talsrcimg.img
Writing: talsrcimg.4dfp.img
Writing: talsrcimg.4dfp.ifh
ifh2hdr talsrcimg -r0to241
ori=2

---------------------------------------------------------------------
gauss_4dfp talsrcimg 1.1
---------------------------------------------------------------------

freesurfer gauss_4dfp.c
Reading: talsrcimg.4dfp.img
Writing: talsrcimg_g11.4dfp.img
image dimensions 256 256 256 padded to 288 288 288
processing volume 1freesurfer ifh2hdr.c
Mon Mar  9 01:25:41 2026
Writing: talsrcimg_g11.4dfp.hdr

Writing: talsrcimg_g11.4dfp.ifh
including: talsrcimg.4dfp.img.rec in talsrcimg_g11.4dfp.img.rec

---------------------------------------------------------------------
imgreg_4dfp /opt/freesurfer/average/711-2C_as_mni_average_305 none talsrcimg_g11 none talsrcimg_to_711-2C_as_mni_average_305_t4 4355
---------------------------------------------------------------------

freesurfer imgreg_4dfp.c
/opt/freesurfer/average/711-2C_as_mni_average_305.4dfp.img
       256       256       256         1
  1.000000  1.000000  1.000000
orientation T byte_order littleendian
Reading image: /opt/freesurfer/average/711-2C_as_mni_average_305.4dfp.img
dimensions:      256       256       256
mmppix:       1.0000   -1.0000   -1.0000
center:     128.0000 -129.0000 -129.0000
talsrcimg_g11.4dfp.img
       256       256       256         1
  1.000000  1.000000  1.000000
orientation T byte_order littleendian
Reading image: talsrcimg_g11.4dfp.img
dimensions:      256       256       256
mmppix:       1.0000   -1.0000   -1.0000
center:     128.0000 -129.0000 -129.0000
t4_read: open error in t4_sub.f l:  41 t4_file(1:l)talsrcimg_to_711-2C_as_mni_average_305_t4 
t4_read: transform initialized to I4
rotation matrix determinant  1.000000
image alignment mode   4355 decimal     1103 hex
   -7.5000  -45.0000  -45.0000 6609.0083   13.9534
    0.0000  -45.0000  -45.0000 6937.8184   13.9746
    7.5000  -45.0000  -45.0000 6689.3550   13.9688
   -7.5000  -37.5000  -45.0000 7240.6704   13.7653
    0.0000  -37.5000  -45.0000 7604.0610   13.7873
    7.5000  -37.5000  -45.0000 7316.5742   13.7851
   -7.5000  -30.0000  -45.0000 8166.8198   13.6596
    0.0000  -30.0000  -45.0000 8576.5029   13.6775
    7.5000  -30.0000  -45.0000 8234.9854   13.6668
   -7.5000  -22.5000  -45.0000 9131.8818   13.6553
    0.0000  -22.5000  -45.0000 9604.7422   13.6708
    7.5000  -22.5000  -45.0000 9196.8926   13.6489
   -7.5000  -15.0000  -45.000010046.4697   13.6537
    0.0000  -15.0000  -45.000010561.7803   13.6695
    7.5000  -15.0000  -45.000010101.2588   13.6440
   -7.5000   -7.5000  -45.000010926.5938   13.6419
    0.0000   -7.5000  -45.000011465.6348   13.6591
    7.5000   -7.5000  -45.000010970.6465   13.6409
   -7.5000    0.0000  -45.000011646.6514   13.6310
    0.0000    0.0000  -45.000012226.7988   13.6511
    7.5000    0.0000  -45.000011698.5488   13.6445
   -7.5000    7.5000  -45.000011480.6982   13.6333
    0.0000    7.5000  -45.000012057.9424   13.6543
    7.5000    7.5000  -45.000011511.1572   13.6515
   -7.5000   15.0000  -45.000011265.5908   13.6457
    0.0000   15.0000  -45.000011874.3271   13.6635
    7.5000   15.0000  -45.000011308.9492   13.6528
   -7.5000   22.5000  -45.000011034.4170   13.6533
    0.0000   22.5000  -45.000011610.1885   13.6689
    7.5000   22.5000  -45.000011072.4707   13.6469
   -7.5000   30.0000  -45.000010565.0107   13.4717
    0.0000   30.0000  -45.000011109.3936   13.4873
    7.5000   30.0000  -45.000010613.4658   13.4622
   -7.5000   37.5000  -45.000010358.6953   13.4601
    0.0000   37.5000  -45.000010883.2881   13.4771
    7.5000   37.5000  -45.000010400.5361   13.4591
   -7.5000   45.0000  -45.0000 9821.0957   13.1079
    0.0000   45.0000  -45.000010326.7139   13.1272
    7.5000   45.0000  -45.0000 9870.3291   13.1208
   -7.5000  -45.0000  -37.5000 6964.6021   13.9232
    0.0000  -45.0000  -37.5000 7321.3345   13.9358
    7.5000  -45.0000  -37.5000 7041.8262   13.9229
   -7.5000  -37.5000  -37.5000 7635.2256   13.7272
    0.0000  -37.5000  -37.5000 8017.2568   13.7424
    7.5000  -37.5000  -37.5000 7700.6929   13.7361
   -7.5000  -30.0000  -37.5000 8628.3691   13.6183
    0.0000  -30.0000  -37.5000 9055.3633   13.6317
    7.5000  -30.0000  -37.5000 8683.4229   13.6184
   -7.5000  -22.5000  -37.5000 9657.0957   13.6187
    0.0000  -22.5000  -37.500010148.6455   13.6298
    7.5000  -22.5000  -37.5000 9709.4668   13.6040
   -7.5000  -15.0000  -37.500010634.2363   13.6247
    0.0000  -15.0000  -37.500011163.7070   13.6342
    7.5000  -15.0000  -37.500010684.6670   13.6025
   -7.5000   -7.5000  -37.500011526.5820   13.6165
    0.0000   -7.5000  -37.500012102.9922   13.6258
    7.5000   -7.5000  -37.500011579.6260   13.6000
   -7.5000    0.0000  -37.500012308.9453   13.6017
    0.0000    0.0000  -37.500012898.9326   13.6136
    7.5000    0.0000  -37.500012348.6455   13.6005
   -7.5000    7.5000  -37.500012131.9346   13.5958
    0.0000    7.5000  -37.500012749.2061   13.6101
    7.5000    7.5000  -37.500012156.0264   13.6034
   -7.5000   15.0000  -37.500011884.9912   13.6044
    0.0000   15.0000  -37.500012505.1123   13.6177
    7.5000   15.0000  -37.500011909.3496   13.6043
   -7.5000   22.5000  -37.500011631.5371   13.6167
    0.0000   22.5000  -37.500012210.1016   13.6278
    7.5000   22.5000  -37.500011640.7529   13.6020
   -7.5000   30.0000  -37.500011133.0205   13.4432
    0.0000   30.0000  -37.500011691.4150   13.4525
    7.5000   30.0000  -37.500011149.7041   13.4212
   -7.5000   37.5000  -37.500010918.1621   13.4350
    0.0000   37.5000  -37.500011448.2734   13.4442
    7.5000   37.5000  -37.500010940.7568   13.4188
   -7.5000   45.0000  -37.500010343.4199   13.0797
    0.0000   45.0000  -37.500010835.0059   13.0911
    7.5000   45.0000  -37.500010358.1123   13.0785
   -7.5000  -45.0000  -30.0000 7439.3506   14.5122
    0.0000  -45.0000  -30.0000 7825.0078   14.5206
    7.5000  -45.0000  -30.0000 7515.6758   14.4991
   -7.5000  -37.5000  -30.0000 8160.3555   14.3065
    0.0000  -37.5000  -30.0000 8583.8408   14.3187
    7.5000  -37.5000  -30.0000 8234.5986   14.3051
   -7.5000  -30.0000  -30.0000 9250.5342   14.1882
    0.0000  -30.0000  -30.0000 9713.2500   14.1997
    7.5000  -30.0000  -30.0000 9306.5107   14.1810
   -7.5000  -22.5000  -30.000010354.8350   14.1860
    0.0000  -22.5000  -30.000010865.8232   14.1944
    7.5000  -22.5000  -30.000010409.3896   14.1637
   -7.5000  -15.0000  -30.000011375.8740   14.1939
    0.0000  -15.0000  -30.000011924.4824   14.1991
    7.5000  -15.0000  -30.000011443.9160   14.1614
   -7.5000   -7.5000  -30.000012336.5898   14.1897
    0.0000   -7.5000  -30.000012935.0869   14.1944
    7.5000   -7.5000  -30.000012398.5537   14.1611
   -7.5000    0.0000  -30.000013153.3301   14.1773
    0.0000    0.0000  -30.000013774.3242   14.1853
    7.5000    0.0000  -30.000013206.9131   14.1640
   -7.5000    7.5000  -30.000012977.0898   14.1693
    0.0000    7.5000  -30.000013605.1240   14.1807
    7.5000    7.5000  -30.000012990.4219   14.1670
   -7.5000   15.0000  -30.000012713.4160   14.1737
    0.0000   15.0000  -30.000013345.1895   14.1851
    7.5000   15.0000  -30.000012708.4561   14.1663
   -7.5000   22.5000  -30.000012435.1592   14.1825
    0.0000   22.5000  -30.000013056.8936   14.1909
    7.5000   22.5000  -30.000012418.3838   14.1602
   -7.5000   30.0000  -30.000011909.6641   14.0061
    0.0000   30.0000  -30.000012526.2324   14.0113
    7.5000   30.0000  -30.000011895.9932   13.9740
   -7.5000   37.5000  -30.000011669.6367   14.0020
    0.0000   37.5000  -30.000012235.4971   14.0066
    7.5000   37.5000  -30.000011661.8408   13.9737
   -7.5000   45.0000  -30.000011014.6152   13.6432
    0.0000   45.0000  -30.000011516.9209   13.6509
    7.5000   45.0000  -30.000010996.4824   13.6304
   -7.5000  -45.0000  -22.5000 7926.2490   15.0249
    0.0000  -45.0000  -22.5000 8327.2822   15.0399
    7.5000  -45.0000  -22.5000 8005.8179   15.0184
   -7.5000  -37.5000  -22.5000 8715.7354   14.8201
    0.0000  -37.5000  -22.5000 9150.7041   14.8379
    7.5000  -37.5000  -22.5000 8792.6797   14.8218
   -7.5000  -30.0000  -22.5000 9878.6348   14.6967
    0.0000  -30.0000  -22.500010349.1348   14.7120
    7.5000  -30.0000  -22.5000 9937.7197   14.6911
   -7.5000  -22.5000  -22.500011034.4375   14.6867
    0.0000  -22.5000  -22.500011546.6016   14.6979
    7.5000  -22.5000  -22.500011076.3457   14.6673
   -7.5000  -15.0000  -22.500012113.0713   14.6880
    0.0000  -15.0000  -22.500012685.8213   14.6967
    7.5000  -15.0000  -22.500012170.7910   14.6608
   -7.5000   -7.5000  -22.500013139.9863   14.6842
    0.0000   -7.5000  -22.500013771.5645   14.6941
    7.5000   -7.5000  -22.500013190.8252   14.6625
   -7.5000    0.0000  -22.500014033.1045   14.6786
    0.0000    0.0000  -22.500014679.1670   14.6929
    7.5000    0.0000  -22.500014082.3145   14.6715
   -7.5000    7.5000  -22.500013804.1279   14.6775
    0.0000    7.5000  -22.500014468.7627   14.6946
    7.5000    7.5000  -22.500013802.8027   14.6785
   -7.5000   15.0000  -22.500013541.5615   14.6817
    0.0000   15.0000  -22.500014182.1465   14.6969
    7.5000   15.0000  -22.500013488.2383   14.6759
   -7.5000   22.5000  -22.500013259.5107   14.6821
    0.0000   22.5000  -22.500013902.3467   14.6933
    7.5000   22.5000  -22.500013191.0010   14.6626
   -7.5000   30.0000  -22.500012725.5176   14.4958
    0.0000   30.0000  -22.500013359.3164   14.5045
    7.5000   30.0000  -22.500012676.8789   14.4690
   -7.5000   37.5000  -22.500012435.4258   14.4921
    0.0000   37.5000  -22.500013042.3984   14.5019
    7.5000   37.5000  -22.500012393.9785   14.4708
   -7.5000   45.0000  -22.500011662.2568   14.1363
    0.0000   45.0000  -22.500012192.9854   14.1500
    7.5000   45.0000  -22.500011609.0859   14.1294
   -7.5000  -45.0000  -15.0000 8422.9180   15.3956
    0.0000  -45.0000  -15.0000 8842.2627   15.4194
    7.5000  -45.0000  -15.0000 8501.4131   15.4043
   -7.5000  -37.5000  -15.0000 9265.8457   15.1958
    0.0000  -37.5000  -15.0000 9696.9902   15.2204
    7.5000  -37.5000  -15.0000 9320.4463   15.2073
   -7.5000  -30.0000  -15.000010470.8584   15.0737
    0.0000  -30.0000  -15.000010947.3535   15.0934
    7.5000  -30.0000  -15.000010500.7422   15.0736
   -7.5000  -22.5000  -15.000011683.3408   15.0585
    0.0000  -22.5000  -15.000012194.8701   15.0742
    7.5000  -22.5000  -15.000011699.2285   15.0460
   -7.5000  -15.0000  -15.000012806.9893   15.0507
    0.0000  -15.0000  -15.000013375.4795   15.0662
    7.5000  -15.0000  -15.000012819.8018   15.0352
   -7.5000   -7.5000  -15.000013927.7744   15.0424
    0.0000   -7.5000  -15.000014531.1924   15.0607
    7.5000   -7.5000  -15.000013937.3818   15.0357
   -7.5000    0.0000  -15.000014930.3984   15.0410
    0.0000    0.0000  -15.000015587.2607   15.0637
    7.5000    0.0000  -15.000014947.5771   15.0482
   -7.5000    7.5000  -15.000014695.8027   15.0494
    0.0000    7.5000  -15.000015331.7734   15.0732
    7.5000    7.5000  -15.000014650.8428   15.0601
   -7.5000   15.0000  -15.000014389.1113   15.0584
    0.0000   15.0000  -15.000014975.8105   15.0780
    7.5000   15.0000  -15.000014285.8291   15.0582
   -7.5000   22.5000  -15.000014076.9004   15.0531
    0.0000   22.5000  -15.000014681.5693   15.0688
    7.5000   22.5000  -15.000013973.2012   15.0405
   -7.5000   30.0000  -15.000013508.5195   14.8559
    0.0000   30.0000  -15.000014158.5908   14.8712
    7.5000   30.0000  -15.000013455.2881   14.8406
   -7.5000   37.5000  -15.000013194.5127   14.8477
    0.0000   37.5000  -15.000013805.4902   14.8658
    7.5000   37.5000  -15.000013149.4697   14.8411
   -7.5000   45.0000  -15.000012314.8564   14.4940
    0.0000   45.0000  -15.000012867.0527   14.5159
    7.5000   45.0000  -15.000012245.5361   14.5009
   -7.5000  -45.0000   -7.5000 8901.4502   15.5707
    0.0000  -45.0000   -7.5000 9350.9443   15.5983
    7.5000  -45.0000   -7.5000 8978.5439   15.5899
   -7.5000  -37.5000   -7.5000 9794.8262   15.3698
    0.0000  -37.5000   -7.500010273.4863   15.3972
    7.5000  -37.5000   -7.5000 9854.6230   15.3904
   -7.5000  -30.0000   -7.500011070.6338   15.2512
    0.0000  -30.0000   -7.500011570.8145   15.2729
    7.5000  -30.0000   -7.500011089.3223   15.2573
   -7.5000  -22.5000   -7.500012336.9141   15.2388
    0.0000  -22.5000   -7.500012863.1719   15.2572
    7.5000  -22.5000   -7.500012331.0254   15.2318
   -7.5000  -15.0000   -7.500013493.0361   15.2298
    0.0000  -15.0000   -7.500014054.9199   15.2492
    7.5000  -15.0000   -7.500013486.3184   15.2217
   -7.5000   -7.5000   -7.500014677.3096   15.2168
    0.0000   -7.5000   -7.500015298.3164   15.2392
    7.5000   -7.5000   -7.500014686.9023   15.2192
   -7.5000    0.0000   -7.500015872.6162   15.2120
    0.0000    0.0000   -7.500016602.0664   15.2382
    7.5000    0.0000   -7.500015873.0469   15.2290
   -7.5000    7.5000   -7.500015713.8066   15.2221
    0.0000    7.5000   -7.500016478.9961   15.2485
    7.5000    7.5000   -7.500015666.5889   15.2414
   -7.5000   15.0000   -7.500015400.5908   15.2358
    0.0000   15.0000   -7.500016071.3643   15.2574
    7.5000   15.0000   -7.500015253.0732   15.2418
   -7.5000   22.5000   -7.500015010.0771   15.2316
    0.0000   22.5000   -7.500015687.1670   15.2500
    7.5000   22.5000   -7.500014882.1865   15.2247
   -7.5000   30.0000   -7.500014335.4668   15.0323
    0.0000   30.0000   -7.500015053.7959   15.0514
    7.5000   30.0000   -7.500014272.9521   15.0243
   -7.5000   37.5000   -7.500013988.4863   15.0195
    0.0000   37.5000   -7.500014680.3193   15.0415
    7.5000   37.5000   -7.500013918.6963   15.0219
   -7.5000   45.0000   -7.500012997.9844   14.6615
    0.0000   45.0000   -7.500013639.4893   14.6867
    7.5000   45.0000   -7.500012900.1494   14.6778
   -7.5000  -45.0000    0.0000 9299.3184   15.5891
    0.0000  -45.0000    0.0000 9779.5352   15.6131
    7.5000  -45.0000    0.0000 9393.3926   15.6065
   -7.5000  -37.5000    0.000010259.4238   15.3792
    0.0000  -37.5000    0.000010774.9736   15.4040
    7.5000  -37.5000    0.000010340.3818   15.4014
   -7.5000  -30.0000    0.000011606.1992   15.2612
    0.0000  -30.0000    0.000012172.7920   15.2815
    7.5000  -30.0000    0.000011646.4951   15.2694
   -7.5000  -22.5000    0.000012906.0273   15.2566
    0.0000  -22.5000    0.000013530.1602   15.2742
    7.5000  -22.5000    0.000012932.5264   15.2497
   -7.5000  -15.0000    0.000014079.2383   15.2549
    0.0000  -15.0000    0.000014745.1660   15.2728
    7.5000  -15.0000    0.000014101.7568   15.2444
   -7.5000   -7.5000    0.000015298.4492   15.2418
    0.0000   -7.5000    0.000016005.2100   15.2613
    7.5000   -7.5000    0.000015325.3369   15.2409
   -7.5000    0.0000    0.000016560.7812   15.2295
    0.0000    0.0000    0.000017577.0840   15.2522
    7.5000    0.0000    0.000016641.3145   15.2448
   -7.5000    7.5000    0.000016641.5000   15.2319
    0.0000    7.5000    0.000017908.2520   15.2556
    7.5000    7.5000    0.000016709.8105   15.2524
   -7.5000   15.0000    0.000016419.3926   15.2457
    0.0000   15.0000    0.000017567.5430   15.2659
    7.5000   15.0000    0.000016375.9434   15.2538
   -7.5000   22.5000    0.000015922.8838   15.2495
    0.0000   22.5000    0.000016915.3906   15.2670
    7.5000   22.5000    0.000015862.9141   15.2426
   -7.5000   30.0000    0.000015090.4131   15.0575
    0.0000   30.0000    0.000016004.4434   15.0752
    7.5000   30.0000    0.000015066.2402   15.0471
   -7.5000   37.5000    0.000014649.0176   15.0445
    0.0000   37.5000    0.000015513.6582   15.0638
    7.5000   37.5000    0.000014617.7432   15.0437
   -7.5000   45.0000    0.000013579.2715   14.6795
    0.0000   45.0000    0.000014355.2822   14.7014
    7.5000   45.0000    0.000013534.7549   14.6942
   -7.5000  -45.0000    7.5000 8947.4844   15.5804
    0.0000  -45.0000    7.5000 9473.6719   15.5945
    7.5000  -45.0000    7.5000 9056.2373   15.5800
   -7.5000  -37.5000    7.5000 9894.3770   15.3611
    0.0000  -37.5000    7.500010485.6738   15.3781
    7.5000  -37.5000    7.5000 9998.4248   15.3710
   -7.5000  -30.0000    7.500011209.5869   15.2393
    0.0000  -30.0000    7.500011861.7061   15.2542
    7.5000  -30.0000    7.500011285.0996   15.2393
   -7.5000  -22.5000    7.500012484.1387   15.2397
    0.0000  -22.5000    7.500013217.1074   15.2521
    7.5000  -22.5000    7.500012552.4395   15.2232
   -7.5000  -15.0000    7.500013639.1084   15.2464
    0.0000  -15.0000    7.500014411.2930   15.2570
    7.5000  -15.0000    7.500013707.9736   15.2215
   -7.5000   -7.5000    7.500014780.4482   15.2372
    0.0000   -7.5000    7.500015572.8262   15.2476
    7.5000   -7.5000    7.500014830.3506   15.2188
   -7.5000    0.0000    7.500015887.8711   15.2207
    0.0000    0.0000    7.500016987.7402   15.2340
    7.5000    0.0000    7.500015960.4111   15.2193
   -7.5000    7.5000    7.500015938.0576   15.2141
    0.0000    7.5000    7.500017249.8887   15.2300
    7.5000    7.5000    7.500016041.6035   15.2225
   -7.5000   15.0000    7.500015672.5605   15.2237
    0.0000   15.0000    7.500016901.0527   15.2385
    7.5000   15.0000    7.500015800.3672   15.2235
   -7.5000   22.5000    7.500015159.5703   15.2325
    0.0000   22.5000    7.500016278.0010   15.2449
    7.5000   22.5000    7.500015290.7070   15.2161
   -7.5000   30.0000    7.500014437.8291   15.0491
    0.0000   30.0000    7.500015475.3438   15.0596
    7.5000   30.0000    7.500014530.3408   15.0245
   -7.5000   37.5000    7.500014074.3242   15.0400
    0.0000   37.5000    7.500014995.0352   15.0503
    7.5000   37.5000    7.500014101.8838   15.0218
   -7.5000   45.0000    7.500013051.2773   14.6710
    0.0000   45.0000    7.500013824.5273   14.6838
    7.5000   45.0000    7.500013041.3818   14.6697
   -7.5000  -45.0000   15.0000 8447.5967   15.5840
    0.0000  -45.0000   15.0000 8946.9131   15.5930
    7.5000  -45.0000   15.0000 8552.3535   15.5699
   -7.5000  -37.5000   15.0000 9401.4619   15.3631
    0.0000  -37.5000   15.0000 9941.5879   15.3762
    7.5000  -37.5000   15.0000 9488.2637   15.3616
   -7.5000  -30.0000   15.000010662.2607   15.2361
    0.0000  -30.0000   15.000011264.2666   15.2484
    7.5000  -30.0000   15.000010756.8721   15.2283
   -7.5000  -22.5000   15.000011890.9170   15.2337
    0.0000  -22.5000   15.000012571.7734   15.2427
    7.5000  -22.5000   15.000011969.6396   15.2097
   -7.5000  -15.0000   15.000013016.2061   15.2422
    0.0000  -15.0000   15.000013702.1406   15.2478
    7.5000  -15.0000   15.000013037.7070   15.2073
   -7.5000   -7.5000   15.000014082.0371   15.2377
    0.0000   -7.5000   15.000014797.8887   15.2427
    7.5000   -7.5000   15.000014077.5430   15.2070
   -7.5000    0.0000   15.000015076.4404   15.2243
    0.0000    0.0000   15.000015999.9043   15.2329
    7.5000    0.0000   15.000015106.5469   15.2101
   -7.5000    7.5000   15.000014968.5000   15.2157
    0.0000    7.5000   15.000015943.4658   15.2280
    7.5000    7.5000   15.000015053.5225   15.2133
   -7.5000   15.0000   15.000014591.4023   15.2204
    0.0000   15.0000   15.000015466.2188   15.2327
    7.5000   15.0000   15.000014713.8711   15.2125
   -7.5000   22.5000   15.000014176.3271   15.2265
    0.0000   22.5000   15.000015001.9346   15.2356
    7.5000   22.5000   15.000014287.7598   15.2026
   -7.5000   30.0000   15.000013641.1787   15.0449
    0.0000   30.0000   15.000014454.5098   15.0505
    7.5000   30.0000   15.000013711.0830   15.0104
   -7.5000   37.5000   15.000013417.4902   15.0405
    0.0000   37.5000   15.000014187.7627   15.0455
    7.5000   37.5000   15.000013423.0303   15.0101
   -7.5000   45.0000   15.000012455.5166   14.6745
    0.0000   45.0000   15.000013133.5811   14.6828
    7.5000   45.0000   15.000012433.7256   14.6607
   -7.5000  -45.0000   22.5000 7886.9438   15.6865
    0.0000  -45.0000   22.5000 8307.0439   15.7024
    7.5000  -45.0000   22.5000 7947.6616   15.6797
   -7.5000  -37.5000   22.5000 8789.6123   15.4716
    0.0000  -37.5000   22.5000 9250.8525   15.4904
    7.5000  -37.5000   22.5000 8842.6943   15.4734
   -7.5000  -30.0000   22.5000 9986.6084   15.3422
    0.0000  -30.0000   22.500010524.0869   15.3582
    7.5000  -30.0000   22.500010043.2051   15.3363
   -7.5000  -22.5000   22.500011143.3105   15.3317
    0.0000  -22.5000   22.500011743.1074   15.3435
    7.5000  -22.5000   22.500011181.3027   15.3113
   -7.5000  -15.0000   22.500012197.1143   15.3328
    0.0000  -15.0000   22.500012793.6865   15.3421
    7.5000  -15.0000   22.500012209.7031   15.3043
   -7.5000   -7.5000   22.500013201.8652   15.3288
    0.0000   -7.5000   22.500013869.6758   15.3392
    7.5000   -7.5000   22.500013225.8115   15.3061
   -7.5000    0.0000   22.500014178.1201   15.3230
    0.0000    0.0000   22.500014960.1055   15.3380
    7.5000    0.0000   22.500014243.6973   15.3155
   -7.5000    7.5000   22.500014032.6523   15.3219
    0.0000    7.5000   22.500014786.1514   15.3399
    7.5000    7.5000   22.500014130.0420   15.3229
   -7.5000   15.0000   22.500013651.6650   15.3264
    0.0000   15.0000   22.500014324.5596   15.3424
    7.5000   15.0000   22.500013756.5273   15.3204
   -7.5000   22.5000   22.500013253.0020   15.3245
    0.0000   22.5000   22.500013899.3027   15.3363
    7.5000   22.5000   22.500013333.7471   15.3041
   -7.5000   30.0000   22.500012809.6650   15.1344
    0.0000   30.0000   22.500013447.5781   15.1435
    7.5000   30.0000   22.500012861.2588   15.1063
   -7.5000   37.5000   22.500012653.9795   15.1304
    0.0000   37.5000   22.500013275.6289   15.1407
    7.5000   37.5000   22.500012658.0908   15.1080
   -7.5000   45.0000   22.500011782.5146   14.7696
    0.0000   45.0000   22.500012353.5068   14.7841
    7.5000   45.0000   22.500011774.2607   14.7624
   -7.5000  -45.0000   30.0000 7299.1787   15.9337
    0.0000  -45.0000   30.0000 7678.9688   15.9579
    7.5000  -45.0000   30.0000 7346.6074   15.9410
   -7.5000  -37.5000   30.0000 8148.8071   15.7214
    0.0000  -37.5000   30.0000 8566.8320   15.7463
    7.5000  -37.5000   30.0000 8177.9004   15.7315
   -7.5000  -30.0000   30.0000 9271.0361   15.5908
    0.0000  -30.0000   30.0000 9738.8633   15.6106
    7.5000  -30.0000   30.0000 9289.5498   15.5888
   -7.5000  -22.5000   30.000010354.4443   15.5747
    0.0000  -22.5000   30.000010848.2393   15.5904
    7.5000  -22.5000   30.000010356.1807   15.5599
   -7.5000  -15.0000   30.000011355.8066   15.5677
    0.0000  -15.0000   30.000011855.9756   15.5832
    7.5000  -15.0000   30.000011338.9980   15.5499
   -7.5000   -7.5000   30.000012311.2285   15.5603
    0.0000   -7.5000   30.000012905.5859   15.5787
    7.5000   -7.5000   30.000012324.6387   15.5516
   -7.5000    0.0000   30.000013240.7305   15.5593
    0.0000    0.0000   30.000013897.7529   15.5823
    7.5000    0.0000   30.000013297.6826   15.5649
   -7.5000    7.5000   30.000013089.0107   15.5668
    0.0000    7.5000   30.000013727.7812   15.5910
    7.5000    7.5000   30.000013160.8447   15.5761
   -7.5000   15.0000   30.000012734.6230   15.5747
    0.0000   15.0000   30.000013335.3389   15.5944
    7.5000   15.0000   30.000012798.8779   15.5726
   -7.5000   22.5000   30.000012323.0605   15.5674
    0.0000   22.5000   30.000012929.7002   15.5831
    7.5000   22.5000   30.000012385.2783   15.5526
   -7.5000   30.0000   30.000011918.3467   15.3663
    0.0000   30.0000   30.000012496.3135   15.3815
    7.5000   30.0000   30.000011952.2373   15.3487
   -7.5000   37.5000   30.000011829.9951   15.3589
    0.0000   37.5000   30.000012385.2812   15.3771
    7.5000   37.5000   30.000011828.3955   15.3504
   -7.5000   45.0000   30.000011063.0039   14.9973
    0.0000   45.0000   30.000011576.9258   15.0195
    7.5000   45.0000   30.000011052.4209   15.0028
   -7.5000  -45.0000   37.5000 7023.3154   16.2718
    0.0000  -45.0000   37.5000 7364.1294   16.3023
    7.5000  -45.0000   37.5000 7049.4292   16.2931
   -7.5000  -37.5000   37.5000 7842.2905   16.0470
    0.0000  -37.5000   37.5000 8209.4551   16.0766
    7.5000  -37.5000   37.5000 7860.7817   16.0687
   -7.5000  -30.0000   37.5000 8916.9268   15.9168
    0.0000  -30.0000   37.5000 9328.9385   15.9393
    7.5000  -30.0000   37.5000 8925.5732   15.9211
   -7.5000  -22.5000   37.5000 9963.7715   15.9083
    0.0000  -22.5000   37.500010409.8965   15.9268
    7.5000  -22.5000   37.5000 9971.2715   15.8981
   -7.5000  -15.0000   37.500010940.8535   15.9041
    0.0000  -15.0000   37.500011418.1484   15.9242
    7.5000  -15.0000   37.500010940.4375   15.8936
   -7.5000   -7.5000   37.500011879.1123   15.8909
    0.0000   -7.5000   37.500012445.5693   15.9150
    7.5000   -7.5000   37.500011902.8584   15.8933
   -7.5000    0.0000   37.500012772.8311   15.8812
    0.0000    0.0000   37.500013374.0352   15.9101
    7.5000    0.0000   37.500012818.8340   15.9001
   -7.5000    7.5000   37.500012619.7344   15.8864
    0.0000    7.5000   37.500013193.8740   15.9150
    7.5000    7.5000   37.500012651.1484   15.9066
   -7.5000   15.0000   37.500012273.9287   15.9000
    0.0000   15.0000   37.500012829.1523   15.9224
    7.5000   15.0000   37.500012300.0752   15.9042
   -7.5000   22.5000   37.500011870.4238   15.9008
    0.0000   22.5000   37.500012441.2559   15.9194
    7.5000   22.5000   37.500011908.9639   15.8906
   -7.5000   30.0000   37.500011474.2852   15.6982
    0.0000   30.0000   37.500012016.5859   15.7181
    7.5000   30.0000   37.500011490.6250   15.6879
   -7.5000   37.5000   37.500011407.4453   15.6852
    0.0000   37.5000   37.500011945.3301   15.7091
    7.5000   37.5000   37.500011407.0537   15.6876
   -7.5000   45.0000   37.500010696.0381   15.3077
    0.0000   45.0000   37.500011186.6719   15.3355
    7.5000   45.0000   37.500010674.0674   15.3258
   -7.5000  -45.0000   45.0000 6443.9980   16.6178
    0.0000  -45.0000   45.0000 6756.8394   16.6484
    7.5000  -45.0000   45.0000 6450.3413   16.6413
   -7.5000  -37.5000   45.0000 7181.1050   16.3672
    0.0000  -37.5000   45.0000 7514.9180   16.3978
    7.5000  -37.5000   45.0000 7191.3140   16.3946
   -7.5000  -30.0000   45.0000 8156.9888   16.2327
    0.0000  -30.0000   45.0000 8519.1270   16.2565
    7.5000  -30.0000   45.0000 8168.7617   16.2414
   -7.5000  -22.5000   45.0000 9146.9639   16.2394
    0.0000  -22.5000   45.0000 9543.7119   16.2593
    7.5000  -22.5000   45.0000 9141.8789   16.2296
   -7.5000  -15.0000   45.000010068.4951   16.2486
    0.0000  -15.0000   45.000010507.8350   16.2694
    7.5000  -15.0000   45.000010065.7207   16.2358
   -7.5000   -7.5000   45.000010939.3838   16.2323
    0.0000   -7.5000   45.000011453.0791   16.2566
    7.5000   -7.5000   45.000010951.8955   16.2332
   -7.5000    0.0000   45.000011750.2227   16.2072
    0.0000    0.0000   45.000012267.9541   16.2361
    7.5000    0.0000   45.000011772.0928   16.2280
   -7.5000    7.5000   45.000011583.2041   16.1994
    0.0000    7.5000   45.000012098.1973   16.2286
    7.5000    7.5000   45.000011601.8701   16.2248
   -7.5000   15.0000   45.000011287.0820   16.2151
    0.0000   15.0000   45.000011790.2617   16.2387
    7.5000   15.0000   45.000011282.0635   16.2236
   -7.5000   22.5000   45.000010921.6934   16.2317
    0.0000   22.5000   45.000011430.5205   16.2516
    7.5000   22.5000   45.000010942.0693   16.2219
   -7.5000   30.0000   45.000010534.1182   16.0369
    0.0000   30.0000   45.000011019.5264   16.0575
    7.5000   30.0000   45.000010553.6650   16.0243
   -7.5000   37.5000   45.000010476.8584   16.0209
    0.0000   37.5000   45.000010973.2793   16.0448
    7.5000   37.5000   45.000010482.2695   16.0217
   -7.5000   45.0000   45.0000 9848.8467   15.6290
    0.0000   45.0000   45.000010316.3730   15.6568
    7.5000   45.0000   45.0000 9839.6602   15.6491

---------------------------------------------------------------------
imgreg_4dfp /opt/freesurfer/average/711-2C_as_mni_average_305 /opt/freesurfer/average/711-2B_as_mni_average_305_mask talsrcimg_g11 none talsrcimg_to_711-2C_as_mni_average_305_t4 4355
---------------------------------------------------------------------

freesurfer imgreg_4dfp.c
/opt/freesurfer/average/711-2C_as_mni_average_305.4dfp.img
       256       256       256         1
  1.000000  1.000000  1.000000
orientation T byte_order littleendian
Reading image: /opt/freesurfer/average/711-2C_as_mni_average_305.4dfp.img
dimensions:      256       256       256
mmppix:       1.0000   -1.0000   -1.0000
center:     128.0000 -129.0000 -129.0000
/opt/freesurfer/average/711-2B_as_mni_average_305_mask.4dfp.img
       256       256       256         1
  1.000000  1.000000  1.000000
orientation T byte_order littleendian
Reading mask: /opt/freesurfer/average/711-2B_as_mni_average_305_mask.4dfp.img (2306576 pixels)
talsrcimg_g11.4dfp.img
       256       256       256         1
  1.000000  1.000000  1.000000
orientation T byte_order littleendian
Reading image: talsrcimg_g11.4dfp.img
dimensions:      256       256       256
mmppix:       1.0000   -1.0000   -1.0000
center:     128.0000 -129.0000 -129.0000
rotation matrix determinant  1.000000
image alignment mode   4355 decimal     1103 hex
   -7.5000  -37.5000  -45.0000 1949.1609   18.0108
    0.0000  -37.5000  -45.0000 1972.2382   17.8442
    7.5000  -37.5000  -45.0000 1961.5109   17.8375
   -7.5000  -30.0000  -45.0000 2062.0164   16.0693
    0.0000  -30.0000  -45.0000 2085.3582   15.9258
    7.5000  -30.0000  -45.0000 2076.6060   15.8979
   -7.5000  -22.5000  -45.0000 2176.8022   14.5652
    0.0000  -22.5000  -45.0000 2202.8657   14.4376
    7.5000  -22.5000  -45.0000 2194.8413   14.4044
   -7.5000  -15.0000  -45.0000 2270.3652   13.3872
    0.0000  -15.0000  -45.0000 2294.8091   13.2739
    7.5000  -15.0000  -45.0000 2288.0757   13.2439
   -7.5000   -7.5000  -45.0000 2343.9666   12.4975
    0.0000   -7.5000  -45.0000 2365.0093   12.3776
    7.5000   -7.5000  -45.0000 2360.4941   12.3658
   -7.5000    0.0000  -45.0000 2376.9050   11.9536
    0.0000    0.0000  -45.0000 2401.4443   11.8136
    7.5000    0.0000  -45.0000 2388.8191   11.8291
   -7.5000    7.5000  -45.0000 2390.1772   11.7463
    0.0000    7.5000  -45.0000 2415.0420   11.6218
    7.5000    7.5000  -45.0000 2400.2632   11.6438
   -7.5000   15.0000  -45.0000 2386.1843   11.8025
    0.0000   15.0000  -45.0000 2412.5063   11.6852
    7.5000   15.0000  -45.0000 2400.5588   11.6928
   -7.5000   22.5000  -45.0000 2367.2253   12.0875
    0.0000   22.5000  -45.0000 2389.3633   11.9846
    7.5000   22.5000  -45.0000 2375.9500   12.0140
   -7.5000   30.0000  -45.0000 2325.3416   12.6637
    0.0000   30.0000  -45.0000 2347.2637   12.5514
    7.5000   30.0000  -45.0000 2332.5686   12.5856
   -7.5000   37.5000  -45.0000 2263.9692   13.4681
    0.0000   37.5000  -45.0000 2286.9434   13.3566
    7.5000   37.5000  -45.0000 2273.0933   13.4090
   -7.5000   45.0000  -45.0000 2182.3181   14.5447
    0.0000   45.0000  -45.0000 2205.2742   14.4151
    7.5000   45.0000  -45.0000 2193.2583   14.4528
   -7.5000   52.5000  -45.0000 2068.3059   15.7570
    0.0000   52.5000  -45.0000 2087.0320   15.6093
    7.5000   52.5000  -45.0000 2074.9795   15.7285
   -7.5000  -37.5000  -37.5000 2003.5652   16.9448
    0.0000  -37.5000  -37.5000 2027.4696   16.7459
    7.5000  -37.5000  -37.5000 2017.1758   16.7354
   -7.5000  -30.0000  -37.5000 2125.0781   15.1017
    0.0000  -30.0000  -37.5000 2150.1338   14.9172
    7.5000  -30.0000  -37.5000 2139.9475   14.8930
   -7.5000  -22.5000  -37.5000 2247.1035   13.6895
    0.0000  -22.5000  -37.5000 2276.6035   13.5570
    7.5000  -22.5000  -37.5000 2264.8154   13.5240
   -7.5000  -15.0000  -37.5000 2347.2769   12.5645
    0.0000  -15.0000  -37.5000 2373.7705   12.4265
    7.5000  -15.0000  -37.5000 2368.1094   12.4304
   -7.5000   -7.5000  -37.5000 2421.6936   11.7047
    0.0000   -7.5000  -37.5000 2448.1584   11.5649
    7.5000   -7.5000  -37.5000 2441.0820   11.5546
   -7.5000    0.0000  -37.5000 2467.7051   11.1252
    0.0000    0.0000  -37.5000 2493.5872   11.0134
    7.5000    0.0000  -37.5000 2481.3528   11.0200
   -7.5000    7.5000  -37.5000 2491.6719   10.8807
    0.0000    7.5000  -37.5000 2521.0334   10.7689
    7.5000    7.5000  -37.5000 2502.3259   10.7839
   -7.5000   15.0000  -37.5000 2491.0947   10.9226
    0.0000   15.0000  -37.5000 2520.3008   10.7941
    7.5000   15.0000  -37.5000 2505.4849   10.8076
   -7.5000   22.5000  -37.5000 2467.8743   11.2149
    0.0000   22.5000  -37.5000 2491.2776   11.0981
    7.5000   22.5000  -37.5000 2477.1780   11.1226
   -7.5000   30.0000  -37.5000 2418.4277   11.7245
    0.0000   30.0000  -37.5000 2444.7488   11.6168
    7.5000   30.0000  -37.5000 2428.9446   11.6490
   -7.5000   37.5000  -37.5000 2357.4502   12.4458
    0.0000   37.5000  -37.5000 2383.5667   12.3177
    7.5000   37.5000  -37.5000 2368.2512   12.3484
   -7.5000   45.0000  -37.5000 2274.1782   13.3733
    0.0000   45.0000  -37.5000 2296.6404   13.2462
    7.5000   45.0000  -37.5000 2284.0623   13.3046
   -7.5000   52.5000  -37.5000 2153.5654   14.4959
    0.0000   52.5000  -37.5000 2178.3853   14.3505
    7.5000   52.5000  -37.5000 2163.5349   14.4342
   -7.5000  -37.5000  -30.0000 2089.7378   16.6112
    0.0000  -37.5000  -30.0000 2116.3652   16.3758
    7.5000  -37.5000  -30.0000 2108.7117   16.3760
   -7.5000  -30.0000  -30.0000 2220.9114   14.7766
    0.0000  -30.0000  -30.0000 2248.9370   14.5914
    7.5000  -30.0000  -30.0000 2241.3638   14.5816
   -7.5000  -22.5000  -30.0000 2349.5701   13.3486
    0.0000  -22.5000  -30.0000 2382.4463   13.1824
    7.5000  -22.5000  -30.0000 2371.1965   13.2071
   -7.5000  -15.0000  -30.0000 2453.4104   12.2240
    0.0000  -15.0000  -30.0000 2484.3477   12.0600
    7.5000  -15.0000  -30.0000 2476.7219   12.0966
   -7.5000   -7.5000  -30.0000 2535.4468   11.3722
    0.0000   -7.5000  -30.0000 2563.8760   11.1993
    7.5000   -7.5000  -30.0000 2555.8040   11.2123
   -7.5000    0.0000  -30.0000 2588.8254   10.7917
    0.0000    0.0000  -30.0000 2618.8901   10.6418
    7.5000    0.0000  -30.0000 2607.4478   10.6425
   -7.5000    7.5000  -30.0000 2630.1543   10.5036
    0.0000    7.5000  -30.0000 2659.4836   10.3493
    7.5000    7.5000  -30.0000 2641.5449   10.3705
   -7.5000   15.0000  -30.0000 2640.3296   10.4854
    0.0000   15.0000  -30.0000 2669.3394   10.3616
    7.5000   15.0000  -30.0000 2649.8223   10.3634
   -7.5000   22.5000  -30.0000 2616.2754   10.7783
    0.0000   22.5000  -30.0000 2643.8521   10.6627
    7.5000   22.5000  -30.0000 2625.4485   10.6715
   -7.5000   30.0000  -30.0000 2566.7139   11.2735
    0.0000   30.0000  -30.0000 2598.3655   11.1408
    7.5000   30.0000  -30.0000 2576.5078   11.1689
   -7.5000   37.5000  -30.0000 2500.4768   11.9444
    0.0000   37.5000  -30.0000 2529.1401   11.8266
    7.5000   37.5000  -30.0000 2510.3059   11.8231
   -7.5000   45.0000  -30.0000 2407.1426   12.8247
    0.0000   45.0000  -30.0000 2430.8928   12.6914
    7.5000   45.0000  -30.0000 2417.0640   12.7181
   -7.5000   52.5000  -30.0000 2276.4272   13.8999
    0.0000   52.5000  -30.0000 2298.3823   13.7651
    7.5000   52.5000  -30.0000 2283.6047   13.8135
   -7.5000  -37.5000  -22.5000 2145.1643   16.2271
    0.0000  -37.5000  -22.5000 2175.3264   15.9450
    7.5000  -37.5000  -22.5000 2168.3701   15.9793
   -7.5000  -30.0000  -22.5000 2281.5771   14.4285
    0.0000  -30.0000  -22.5000 2312.8928   14.1749
    7.5000  -30.0000  -22.5000 2308.1321   14.2146
   -7.5000  -22.5000  -22.5000 2411.1360   12.9840
    0.0000  -22.5000  -22.5000 2443.6111   12.7717
    7.5000  -22.5000  -22.5000 2437.4958   12.8180
   -7.5000  -15.0000  -22.5000 2521.5420   11.8510
    0.0000  -15.0000  -22.5000 2551.8157   11.6618
    7.5000  -15.0000  -22.5000 2546.1045   11.7046
   -7.5000   -7.5000  -22.5000 2614.7021   10.9854
    0.0000   -7.5000  -22.5000 2645.2754   10.8159
    7.5000   -7.5000  -22.5000 2636.4897   10.8451
   -7.5000    0.0000  -22.5000 2681.2710   10.4056
    0.0000    0.0000  -22.5000 2711.0637   10.2344
    7.5000    0.0000  -22.5000 2705.4763   10.2621
   -7.5000    7.5000  -22.5000 2725.4709   10.0811
    0.0000    7.5000  -22.5000 2760.5984    9.9278
    7.5000    7.5000  -22.5000 2741.1848    9.9525
   -7.5000   15.0000  -22.5000 2749.7864   10.0349
    0.0000   15.0000  -22.5000 2781.3389    9.9043
    7.5000   15.0000  -22.5000 2756.6897    9.9075
   -7.5000   22.5000  -22.5000 2734.9792   10.3039
    0.0000   22.5000  -22.5000 2767.2273   10.1907
    7.5000   22.5000  -22.5000 2742.2090   10.1906
   -7.5000   30.0000  -22.5000 2684.6853   10.7933
    0.0000   30.0000  -22.5000 2719.8191   10.6559
    7.5000   30.0000  -22.5000 2699.1453   10.6596
   -7.5000   37.5000  -22.5000 2612.5242   11.4180
    0.0000   37.5000  -22.5000 2644.6384   11.2814
    7.5000   37.5000  -22.5000 2622.3811   11.2969
   -7.5000   45.0000  -22.5000 2510.9707   12.2550
    0.0000   45.0000  -22.5000 2533.3481   12.1165
    7.5000   45.0000  -22.5000 2516.8342   12.1524
   -7.5000   52.5000  -22.5000 2369.9849   13.2864
    0.0000   52.5000  -22.5000 2391.1428   13.1458
    7.5000   52.5000  -22.5000 2377.6948   13.1886
   -7.5000  -37.5000  -15.0000 2168.9939   15.9435
    0.0000  -37.5000  -15.0000 2195.0928   15.6228
    7.5000  -37.5000  -15.0000 2190.9670   15.6440
   -7.5000  -30.0000  -15.0000 2304.8210   14.1288
    0.0000  -30.0000  -15.0000 2333.9670   13.8313
    7.5000  -30.0000  -15.0000 2330.2275   13.8691
   -7.5000  -22.5000  -15.0000 2437.3247   12.6848
    0.0000  -22.5000  -15.0000 2465.1479   12.4116
    7.5000  -22.5000  -15.0000 2462.8535   12.4546
   -7.5000  -15.0000  -15.0000 2548.1123   11.5632
    0.0000  -15.0000  -15.0000 2578.2656   11.3319
    7.5000  -15.0000  -15.0000 2571.1125   11.3709
   -7.5000   -7.5000  -15.0000 2653.2341   10.6817
    0.0000   -7.5000  -15.0000 2678.4758   10.4808
    7.5000   -7.5000  -15.0000 2672.5569   10.5315
   -7.5000    0.0000  -15.0000 2740.2451   10.0923
    0.0000    0.0000  -15.0000 2766.8518    9.9235
    7.5000    0.0000  -15.0000 2761.9177    9.9585
   -7.5000    7.5000  -15.0000 2785.6465    9.7571
    0.0000    7.5000  -15.0000 2817.2830    9.5927
    7.5000    7.5000  -15.0000 2802.0186    9.6270
   -7.5000   15.0000  -15.0000 2820.3406    9.6475
    0.0000   15.0000  -15.0000 2853.2490    9.4871
    7.5000   15.0000  -15.0000 2828.0090    9.5438
   -7.5000   22.5000  -15.0000 2813.1587    9.8900
    0.0000   22.5000  -15.0000 2846.3857    9.7362
    7.5000   22.5000  -15.0000 2821.4619    9.7754
   -7.5000   30.0000  -15.0000 2761.7107   10.3386
    0.0000   30.0000  -15.0000 2797.0422   10.1785
    7.5000   30.0000  -15.0000 2777.9976   10.1948
   -7.5000   37.5000  -15.0000 2684.1240   10.9249
    0.0000   37.5000  -15.0000 2713.8357   10.7599
    7.5000   37.5000  -15.0000 2698.0552   10.8127
   -7.5000   45.0000  -15.0000 2576.3013   11.7343
    0.0000   45.0000  -15.0000 2600.9011   11.5613
    7.5000   45.0000  -15.0000 2584.0361   11.6484
   -7.5000   52.5000  -15.0000 2431.3896   12.7512
    0.0000   52.5000  -15.0000 2459.3208   12.5777
    7.5000   52.5000  -15.0000 2439.2751   12.6753
   -7.5000  -37.5000   -7.5000 2171.8591   15.6993
    0.0000  -37.5000   -7.5000 2195.2349   15.3908
    7.5000  -37.5000   -7.5000 2192.6711   15.4017
   -7.5000  -30.0000   -7.5000 2309.9150   13.8275
    0.0000  -30.0000   -7.5000 2333.7524   13.5555
    7.5000  -30.0000   -7.5000 2331.2620   13.5848
   -7.5000  -22.5000   -7.5000 2438.1382   12.4128
    0.0000  -22.5000   -7.5000 2459.7993   12.1611
    7.5000  -22.5000   -7.5000 2459.1199   12.1892
   -7.5000  -15.0000   -7.5000 2549.5781   11.3008
    0.0000  -15.0000   -7.5000 2570.3164   11.0821
    7.5000  -15.0000   -7.5000 2568.7673   11.1090
   -7.5000   -7.5000   -7.5000 2664.3840   10.4408
    0.0000   -7.5000   -7.5000 2681.2109   10.2524
    7.5000   -7.5000   -7.5000 2678.2617   10.2978
   -7.5000    0.0000   -7.5000 2768.4143    9.8948
    0.0000    0.0000   -7.5000 2784.5652    9.7486
    7.5000    0.0000   -7.5000 2781.0042    9.7653
   -7.5000    7.5000   -7.5000 2827.5750    9.5710
    0.0000    7.5000   -7.5000 2861.0952    9.4227
    7.5000    7.5000   -7.5000 2844.2969    9.4348
   -7.5000   15.0000   -7.5000 2874.2466    9.4298
    0.0000   15.0000   -7.5000 2909.3162    9.2729
    7.5000   15.0000   -7.5000 2878.4619    9.3054
   -7.5000   22.5000   -7.5000 2871.5742    9.5823
    0.0000   22.5000   -7.5000 2908.8594    9.4181
    7.5000   22.5000   -7.5000 2876.6555    9.4606
   -7.5000   30.0000   -7.5000 2810.7595    9.9669
    0.0000   30.0000   -7.5000 2848.4790    9.8295
    7.5000   30.0000   -7.5000 2823.2207    9.8343
   -7.5000   37.5000   -7.5000 2732.4224   10.4983
    0.0000   37.5000   -7.5000 2763.3340   10.3580
    7.5000   37.5000   -7.5000 2744.1418   10.3996
   -7.5000   45.0000   -7.5000 2620.0974   11.2695
    0.0000   45.0000   -7.5000 2646.9253   11.1055
    7.5000   45.0000   -7.5000 2626.5520   11.1788
   -7.5000   52.5000   -7.5000 2468.3962   12.2759
    0.0000   52.5000   -7.5000 2495.3013   12.1321
    7.5000   52.5000   -7.5000 2475.4250   12.2154
   -7.5000  -37.5000    0.0000 2163.9116   15.6592
    0.0000  -37.5000    0.0000 2180.6289   15.4204
    7.5000  -37.5000    0.0000 2179.8811   15.4016
   -7.5000  -30.0000    0.0000 2299.6497   13.7550
    0.0000  -30.0000    0.0000 2317.8247   13.5455
    7.5000  -30.0000    0.0000 2313.2661   13.5479
   -7.5000  -22.5000    0.0000 2423.0916   12.3150
    0.0000  -22.5000    0.0000 2438.7124   12.1213
    7.5000  -22.5000    0.0000 2437.1138   12.1223
   -7.5000  -15.0000    0.0000 2537.3884   11.1795
    0.0000  -15.0000    0.0000 2553.3701   11.0396
    7.5000  -15.0000    0.0000 2550.9399   11.0428
   -7.5000   -7.5000    0.0000 2663.5757   10.3309
    0.0000   -7.5000    0.0000 2679.2888   10.2208
    7.5000   -7.5000    0.0000 2670.4890   10.2251
   -7.5000    0.0000    0.0000 2776.9607    9.7806
    0.0000    0.0000    0.0000 2796.6797    9.7121
    7.5000    0.0000    0.0000 2781.5823    9.6773
   -7.5000    7.5000    0.0000 2857.3948    9.5094
    0.0000    7.5000    0.0000 2895.6953    9.5009
    7.5000    7.5000    0.0000 2871.0085    9.4257
   -7.5000   15.0000    0.0000 2912.2051    9.3903
    0.0000   15.0000    0.0000 2958.3682    9.3266
    7.5000   15.0000    0.0000 2917.5061    9.3138
   -7.5000   22.5000    0.0000 2916.3103    9.4465
    0.0000   22.5000    0.0000 2960.7522    9.3601
    7.5000   22.5000    0.0000 2920.2793    9.3433
   -7.5000   30.0000    0.0000 2848.5693    9.7268
    0.0000   30.0000    0.0000 2888.7793    9.6271
    7.5000   30.0000    0.0000 2853.1768    9.6274
   -7.5000   37.5000    0.0000 2764.3521   10.1929
    0.0000   37.5000    0.0000 2795.4907   10.0728
    7.5000   37.5000    0.0000 2765.6013   10.1161
   -7.5000   45.0000    0.0000 2645.9421   10.9505
    0.0000   45.0000    0.0000 2669.3586   10.8342
    7.5000   45.0000    0.0000 2651.5637   10.8756
   -7.5000   52.5000    0.0000 2488.2939   11.9511
    0.0000   52.5000    0.0000 2509.7656   11.8515
    7.5000   52.5000    0.0000 2491.7061   11.9072
   -7.5000  -37.5000    7.5000 2147.7302   15.8624
    0.0000  -37.5000    7.5000 2167.3992   15.6859
    7.5000  -37.5000    7.5000 2158.7388   15.6354
   -7.5000  -30.0000    7.5000 2280.9343   13.9128
    0.0000  -30.0000    7.5000 2298.6201   13.7726
    7.5000  -30.0000    7.5000 2287.5652   13.7458
   -7.5000  -22.5000    7.5000 2402.3445   12.4329
    0.0000  -22.5000    7.5000 2420.6677   12.3212
    7.5000  -22.5000    7.5000 2408.0483   12.3094
   -7.5000  -15.0000    7.5000 2516.6973   11.2751
    0.0000  -15.0000    7.5000 2536.4658   11.2048
    7.5000  -15.0000    7.5000 2522.3845   11.1991
   -7.5000   -7.5000    7.5000 2648.9207   10.3862
    0.0000   -7.5000    7.5000 2667.3071   10.3142
    7.5000   -7.5000    7.5000 2648.5056   10.3330
   -7.5000    0.0000    7.5000 2769.9688    9.7736
    0.0000    0.0000    7.5000 2791.7253    9.7300
    7.5000    0.0000    7.5000 2765.7605    9.7403
   -7.5000    7.5000    7.5000 2865.1741    9.4733
    0.0000    7.5000    7.5000 2908.3047    9.5047
    7.5000    7.5000    7.5000 2866.6538    9.4609
   -7.5000   15.0000    7.5000 2928.4624    9.3518
    0.0000   15.0000    7.5000 2979.2195    9.3499
    7.5000   15.0000    7.5000 2928.6213    9.3456
   -7.5000   22.5000    7.5000 2934.2239    9.3505
    0.0000   22.5000    7.5000 2982.1685    9.3029
    7.5000   22.5000    7.5000 2933.6326    9.3599
   -7.5000   30.0000    7.5000 2866.9900    9.6032
    0.0000   30.0000    7.5000 2910.0081    9.5348
    7.5000   30.0000    7.5000 2864.1719    9.6004
   -7.5000   37.5000    7.5000 2771.8276   10.0982
    0.0000   37.5000    7.5000 2800.3667   10.0132
    7.5000   37.5000    7.5000 2763.4958   10.0690
   -7.5000   45.0000    7.5000 2648.3010   10.8620
    0.0000   45.0000    7.5000 2668.1484   10.7678
    7.5000   45.0000    7.5000 2647.5029   10.8070
   -7.5000   52.5000    7.5000 2490.2800   11.8246
    0.0000   52.5000    7.5000 2508.8210   11.7062
    7.5000   52.5000    7.5000 2492.8489   11.7597
   -7.5000  -37.5000   15.0000 2118.1558   16.3513
    0.0000  -37.5000   15.0000 2137.1895   16.2196
    7.5000  -37.5000   15.0000 2123.2012   16.2141
   -7.5000  -30.0000   15.0000 2252.3269   14.2729
    0.0000  -30.0000   15.0000 2269.8457   14.1408
    7.5000  -30.0000   15.0000 2259.3408   14.1847
   -7.5000  -22.5000   15.0000 2373.1965   12.7191
    0.0000  -22.5000   15.0000 2394.3848   12.5995
    7.5000  -22.5000   15.0000 2377.4836   12.6659
   -7.5000  -15.0000   15.0000 2492.5740   11.5109
    0.0000  -15.0000   15.0000 2509.0691   11.3940
    7.5000  -15.0000   15.0000 2493.4697   11.4507
   -7.5000   -7.5000   15.0000 2626.3308   10.5814
    0.0000   -7.5000   15.0000 2646.2227   10.4728
    7.5000   -7.5000   15.0000 2621.3220   10.5275
   -7.5000    0.0000   15.0000 2744.5864    9.9084
    0.0000    0.0000   15.0000 2766.3835    9.8454
    7.5000    0.0000   15.0000 2740.4385    9.8832
   -7.5000    7.5000   15.0000 2843.7051    9.5436
    0.0000    7.5000   15.0000 2881.5869    9.5258
    7.5000    7.5000   15.0000 2840.9697    9.5427
   -7.5000   15.0000   15.0000 2908.0881    9.3305
    0.0000   15.0000   15.0000 2948.5859    9.2479
    7.5000   15.0000   15.0000 2903.9456    9.3599
   -7.5000   22.5000   15.0000 2920.4485    9.3423
    0.0000   22.5000   15.0000 2957.7454    9.2330
    7.5000   22.5000   15.0000 2920.4155    9.3596
   -7.5000   30.0000   15.0000 2858.9438    9.6705
    0.0000   30.0000   15.0000 2895.0962    9.5528
    7.5000   30.0000   15.0000 2854.8442    9.6623
   -7.5000   37.5000   15.0000 2757.2195   10.2712
    0.0000   37.5000   15.0000 2785.4917   10.1503
    7.5000   37.5000   15.0000 2747.4177   10.2391
   -7.5000   45.0000   15.0000 2624.5781   11.0475
    0.0000   45.0000   15.0000 2641.8562   10.9373
    7.5000   45.0000   15.0000 2618.1055   11.0045
   -7.5000   52.5000   15.0000 2473.2073   11.9416
    0.0000   52.5000   15.0000 2483.4846   11.8323
    7.5000   52.5000   15.0000 2467.0676   11.9005
   -7.5000  -37.5000   22.5000 2071.4417   16.9263
    0.0000  -37.5000   22.5000 2088.5396   16.7432
    7.5000  -37.5000   22.5000 2075.8938   16.8309
   -7.5000  -30.0000   22.5000 2214.9993   14.7486
    0.0000  -30.0000   22.5000 2232.3643   14.5887
    7.5000  -30.0000   22.5000 2219.6436   14.7044
   -7.5000  -22.5000   22.5000 2344.3516   13.1220
    0.0000  -22.5000   22.5000 2364.8931   12.9817
    7.5000  -22.5000   22.5000 2345.4304   13.1002
   -7.5000  -15.0000   22.5000 2468.0366   11.8364
    0.0000  -15.0000   22.5000 2486.2673   11.7240
    7.5000  -15.0000   22.5000 2462.7673   11.8302
   -7.5000   -7.5000   22.5000 2592.6255   10.8683
    0.0000   -7.5000   22.5000 2614.4890   10.7586
    7.5000   -7.5000   22.5000 2587.7314   10.8752
   -7.5000    0.0000   22.5000 2710.0325   10.2059
    0.0000    0.0000   22.5000 2732.6885   10.1274
    7.5000    0.0000   22.5000 2705.7520   10.2037
   -7.5000    7.5000   22.5000 2803.2278    9.8053
    0.0000    7.5000   22.5000 2834.8411    9.7091
    7.5000    7.5000   22.5000 2797.1296    9.8311
   -7.5000   15.0000   22.5000 2858.9319    9.5728
    0.0000   15.0000   22.5000 2884.3164    9.4449
    7.5000   15.0000   22.5000 2847.8167    9.6184
   -7.5000   22.5000   22.5000 2867.5974    9.6018
    0.0000   22.5000   22.5000 2892.6699    9.4808
    7.5000   22.5000   22.5000 2858.2573    9.6151
   -7.5000   30.0000   22.5000 2812.7913    9.9497
    0.0000   30.0000   22.5000 2842.6677    9.7976
    7.5000   30.0000   22.5000 2808.8499    9.9059
   -7.5000   37.5000   22.5000 2723.3521   10.5346
    0.0000   37.5000   22.5000 2748.4131   10.3769
    7.5000   37.5000   22.5000 2715.8354   10.4854
   -7.5000   45.0000   22.5000 2588.7205   11.3294
    0.0000   45.0000   22.5000 2606.5063   11.1969
    7.5000   45.0000   22.5000 2582.4546   11.3003
   -7.5000   52.5000   22.5000 2434.5889   12.2401
    0.0000   52.5000   22.5000 2449.3516   12.1317
    7.5000   52.5000   22.5000 2429.5469   12.2410
   -7.5000  -37.5000   30.0000 2020.7843   17.6097
    0.0000  -37.5000   30.0000 2029.1897   17.4159
    7.5000  -37.5000   30.0000 2019.6368   17.6105
   -7.5000  -30.0000   30.0000 2171.0120   15.3445
    0.0000  -30.0000   30.0000 2185.2981   15.1731
    7.5000  -30.0000   30.0000 2169.8447   15.3433
   -7.5000  -22.5000   30.0000 2307.3169   13.6421
    0.0000  -22.5000   30.0000 2325.0288   13.4762
    7.5000  -22.5000   30.0000 2303.7029   13.6415
   -7.5000  -15.0000   30.0000 2433.2490   12.3416
    0.0000  -15.0000   30.0000 2450.3586   12.1640
    7.5000  -15.0000   30.0000 2426.6013   12.3444
   -7.5000   -7.5000   30.0000 2553.5930   11.3469
    0.0000   -7.5000   30.0000 2573.1941   11.1924
    7.5000   -7.5000   30.0000 2546.7776   11.3621
   -7.5000    0.0000   30.0000 2668.7275   10.6536
    0.0000    0.0000   30.0000 2686.8391   10.5511
    7.5000    0.0000   30.0000 2660.7915   10.6819
   -7.5000    7.5000   30.0000 2750.2039   10.2398
    0.0000    7.5000   30.0000 2772.0791   10.1111
    7.5000    7.5000   30.0000 2738.5806   10.2903
   -7.5000   15.0000   30.0000 2789.8142   10.0120
    0.0000   15.0000   30.0000 2808.0046    9.8963
    7.5000   15.0000   30.0000 2775.1978   10.0623
   -7.5000   22.5000   30.0000 2785.4507   10.0602
    0.0000   22.5000   30.0000 2808.7703    9.9483
    7.5000   22.5000   30.0000 2776.1177   10.0775
   -7.5000   30.0000   30.0000 2737.0825   10.3715
    0.0000   30.0000   30.0000 2758.9438   10.2522
    7.5000   30.0000   30.0000 2732.4851   10.3457
   -7.5000   37.5000   30.0000 2660.1729   10.9428
    0.0000   37.5000   30.0000 2679.0366   10.8172
    7.5000   37.5000   30.0000 2649.1494   10.9230
   -7.5000   45.0000   30.0000 2538.5369   11.7454
    0.0000   45.0000   30.0000 2551.5762   11.6228
    7.5000   45.0000   30.0000 2528.8987   11.7550
   -7.5000   52.5000   30.0000 2389.0176   12.6798
    0.0000   52.5000   30.0000 2400.2285   12.5518
    7.5000   52.5000   30.0000 2380.0464   12.6868
   -7.5000  -37.5000   37.5000 1973.9114   18.4872
    0.0000  -37.5000   37.5000 1977.3943   18.2221
    7.5000  -37.5000   37.5000 1970.0886   18.5215
   -7.5000  -30.0000   37.5000 2124.4844   16.1323
    0.0000  -30.0000   37.5000 2134.0046   15.9025
    7.5000  -30.0000   37.5000 2123.2729   16.1360
   -7.5000  -22.5000   37.5000 2262.8867   14.3456
    0.0000  -22.5000   37.5000 2276.4844   14.1195
    7.5000  -22.5000   37.5000 2258.7864   14.3528
   -7.5000  -15.0000   37.5000 2388.1243   12.9749
    0.0000  -15.0000   37.5000 2403.5383   12.7738
    7.5000  -15.0000   37.5000 2381.5229   13.0024
   -7.5000   -7.5000   37.5000 2505.2717   11.9663
    0.0000   -7.5000   37.5000 2524.4329   11.7926
    7.5000   -7.5000   37.5000 2494.5186   12.0168
   -7.5000    0.0000   37.5000 2608.0493   11.2680
    0.0000    0.0000   37.5000 2629.3999   11.1188
    7.5000    0.0000   37.5000 2596.9746   11.3294
   -7.5000    7.5000   37.5000 2681.1326   10.8187
    0.0000    7.5000   37.5000 2700.2888   10.6898
    7.5000    7.5000   37.5000 2666.7764   10.8827
   -7.5000   15.0000   37.5000 2709.9045   10.6080
    0.0000   15.0000   37.5000 2723.4839   10.4973
    7.5000   15.0000   37.5000 2692.7007   10.6566
   -7.5000   22.5000   37.5000 2695.4800   10.6669
    0.0000   22.5000   37.5000 2714.9731   10.5676
    7.5000   22.5000   37.5000 2684.8132   10.6908
   -7.5000   30.0000   37.5000 2652.1174   10.9397
    0.0000   30.0000   37.5000 2671.2573   10.8294
    7.5000   30.0000   37.5000 2645.7219   10.9291
   -7.5000   37.5000   37.5000 2579.2515   11.5000
    0.0000   37.5000   37.5000 2598.7048   11.3741
    7.5000   37.5000   37.5000 2571.5840   11.4967
   -7.5000   45.0000   37.5000 2474.7244   12.2682
    0.0000   45.0000   37.5000 2486.9695   12.1348
    7.5000   45.0000   37.5000 2460.7803   12.2977
   -7.5000   52.5000   37.5000 2331.6609   13.1798
    0.0000   52.5000   37.5000 2343.1709   13.0939
    7.5000   52.5000   37.5000 2323.8176   13.2328
   -7.5000  -37.5000   45.0000 1921.6426   19.6448
    0.0000  -37.5000   45.0000 1926.2362   19.3753
    7.5000  -37.5000   45.0000 1915.1528   19.6754
   -7.5000  -30.0000   45.0000 2069.3337   17.0829
    0.0000  -30.0000   45.0000 2077.5315   16.8362
    7.5000  -30.0000   45.0000 2065.7639   17.1210
   -7.5000  -22.5000   45.0000 2210.2385   15.2004
    0.0000  -22.5000   45.0000 2223.0283   14.9555
    7.5000  -22.5000   45.0000 2204.0356   15.2219
   -7.5000  -15.0000   45.0000 2334.4224   13.7924
    0.0000  -15.0000   45.0000 2349.4690   13.5849
    7.5000  -15.0000   45.0000 2325.2776   13.8297
   -7.5000   -7.5000   45.0000 2440.6218   12.7598
    0.0000   -7.5000   45.0000 2456.7441   12.5903
    7.5000   -7.5000   45.0000 2430.0671   12.8224
   -7.5000    0.0000   45.0000 2535.3401   12.0459
    0.0000    0.0000   45.0000 2549.4160   11.8936
    7.5000    0.0000   45.0000 2521.2676   12.1262
   -7.5000    7.5000   45.0000 2596.4539   11.5518
    0.0000    7.5000   45.0000 2608.9502   11.4340
    7.5000    7.5000   45.0000 2578.0559   11.6430
   -7.5000   15.0000   45.0000 2620.3069   11.3681
    0.0000   15.0000   45.0000 2629.9885   11.2499
    7.5000   15.0000   45.0000 2597.9346   11.4192
   -7.5000   22.5000   45.0000 2602.6230   11.4035
    0.0000   22.5000   45.0000 2617.2874   11.3040
    7.5000   22.5000   45.0000 2589.6116   11.4289
   -7.5000   30.0000   45.0000 2558.1414   11.6465
    0.0000   30.0000   45.0000 2574.0237   11.5519
    7.5000   30.0000   45.0000 2551.0718   11.6599
   -7.5000   37.5000   45.0000 2493.8406   12.1498
    0.0000   37.5000   45.0000 2510.9587   12.0505
    7.5000   37.5000   45.0000 2484.2539   12.1762
   -7.5000   45.0000   45.0000 2401.4221   12.8758
    0.0000   45.0000   45.0000 2418.2161   12.7723
    7.5000   45.0000   45.0000 2389.3967   12.9456
   -7.5000   52.5000   45.0000 2263.8403   13.8343
    0.0000   52.5000   45.0000 2279.0122   13.7198
    7.5000   52.5000   45.0000 2257.8169   13.8874

---------------------------------------------------------------------
imgreg_4dfp /opt/freesurfer/average/711-2C_as_mni_average_305 /opt/freesurfer/average/711-2B_as_mni_average_305_mask talsrcimg_g11 none talsrcimg_to_711-2C_as_mni_average_305_t4 1283
---------------------------------------------------------------------

freesurfer imgreg_4dfp.c
/opt/freesurfer/average/711-2C_as_mni_average_305.4dfp.img
       256       256       256         1
  1.000000  1.000000  1.000000
orientation T byte_order littleendian
Reading image: /opt/freesurfer/average/711-2C_as_mni_average_305.4dfp.img
dimensions:      256       256       256
mmppix:       1.0000   -1.0000   -1.0000
center:     128.0000 -129.0000 -129.0000
/opt/freesurfer/average/711-2B_as_mni_average_305_mask.4dfp.img
       256       256       256         1
  1.000000  1.000000  1.000000
orientation T byte_order littleendian
Reading mask: /opt/freesurfer/average/711-2B_as_mni_average_305_mask.4dfp.img (2306576 pixels)
talsrcimg_g11.4dfp.img
       256       256       256         1
  1.000000  1.000000  1.000000
orientation T byte_order littleendian
Reading image: talsrcimg_g11.4dfp.img
dimensions:      256       256       256
mmppix:       1.0000   -1.0000   -1.0000
center:     128.0000 -129.0000 -129.0000
rotation matrix determinant  1.000000
fimgreg.f
image alignment mode   1283 decimal      503 hex
parameters
    0.0000   22.5000    7.5000    0.0000    0.0000    0.0000
eta,q 0.93484  9.28448
niter,ni,del,rscale     5    3   12.0000    1.2000
parameter  2  0.934901 ->  0.500000 qaram    1.1500
parameter  4  1.478442 ->  0.500000 qaram    1.1500
parameters
    0.4438   19.0500    6.1350   -3.4500   -0.0221    1.6276
eta,q 0.94402  9.19977
  0.0757  0.0588  0.0640  0.0569  0.0624  0.0657
  0.0703  0.0599  0.0614  0.0563  0.0586  0.0618
  0.0668  0.0621  0.0607  0.0579  0.0567  0.0589
  0.0652  0.0647  0.0608  0.0608  0.0566  0.0566
  0.0651  0.0682  0.0622  0.0634  0.0582  0.0560
  0.0679  0.0745  0.0651  0.0656  0.0596  0.0572
  0.0735  0.0826  0.0691  0.0685  0.0613  0.0597
niter,ni,del,rscale     6    3   12.0000    1.2000
parameters
    0.3530   19.7137    5.3313   -5.0296   -0.2123    1.4237
eta,q 0.94492  9.22526
  0.0696  0.0728  0.0615  0.0597  0.0610  0.0611
  0.0626  0.0648  0.0580  0.0581  0.0569  0.0581
  0.0577  0.0581  0.0561  0.0555  0.0551  0.0559
  0.0560  0.0560  0.0560  0.0558  0.0551  0.0551
  0.0579  0.0572  0.0578  0.0587  0.0565  0.0563
  0.0633  0.0611  0.0609  0.0618  0.0585  0.0589
  0.0703  0.0672  0.0650  0.0650  0.0606  0.0617
niter,ni,del,rscale     5    3   12.0000    1.2000
parameters
    0.5790   20.2653    4.8755   -5.6484   -0.4135    1.5002
eta,q 0.94513  9.23450
  0.0701  0.0708  0.0619  0.0604  0.0610  0.0616
  0.0632  0.0629  0.0577  0.0590  0.0569  0.0584
  0.0576  0.0576  0.0552  0.0566  0.0550  0.0560
  0.0551  0.0550  0.0551  0.0549  0.0549  0.0549
  0.0560  0.0567  0.0567  0.0568  0.0562  0.0559
  0.0611  0.0607  0.0597  0.0600  0.0583  0.0584
  0.0687  0.0661  0.0637  0.0632  0.0608  0.0611
niter,ni,del,rscale     4    3   12.0000    1.2000
parameters
    0.6897   20.4745    4.6730   -5.8563   -0.5312    1.5731
eta,q 0.94514  9.23929
  0.0696  0.0683  0.0627  0.0608  0.0613  0.0616
  0.0627  0.0614  0.0582  0.0592  0.0571  0.0584
  0.0572  0.0569  0.0552  0.0572  0.0551  0.0560
  0.0549  0.0548  0.0549  0.0548  0.0549  0.0549
  0.0561  0.0570  0.0565  0.0559  0.0562  0.0559
  0.0614  0.0609  0.0593  0.0590  0.0583  0.0584
  0.0692  0.0664  0.0632  0.0625  0.0609  0.0611
niter,ni,del,rscale     3    3   12.0000    1.2000
parameters
    0.7342   20.5344    4.5875   -5.9029   -0.5909    1.6122
eta,q 0.94515  9.23996
  0.0695  0.0674  0.0631  0.0608  0.0615  0.0615
  0.0625  0.0609  0.0584  0.0592  0.0572  0.0583
  0.0571  0.0566  0.0554  0.0575  0.0552  0.0560
  0.0549  0.0548  0.0549  0.0548  0.0549  0.0548
  0.0563  0.0571  0.0564  0.0555  0.0561  0.0560
  0.0618  0.0610  0.0592  0.0586  0.0583  0.0585
  0.0696  0.0665  0.0630  0.0622  0.0609  0.0612
niter,ni,del,rscale     2    3   12.0000    1.2000
parameters
    0.7563   20.5470    4.5604   -5.9043   -0.6214    1.6289
eta,q 0.94517  9.23946
  0.0695  0.0671  0.0633  0.0609  0.0616  0.0615
  0.0625  0.0607  0.0586  0.0592  0.0573  0.0583
  0.0571  0.0566  0.0554  0.0575  0.0552  0.0559
  0.0548  0.0548  0.0548  0.0548  0.0548  0.0548
  0.0564  0.0571  0.0563  0.0554  0.0560  0.0560
  0.0619  0.0610  0.0591  0.0585  0.0583  0.0585
  0.0697  0.0666  0.0629  0.0621  0.0609  0.0612
registration optimization eta report
parameter search radius
    6.0000    6.9000    6.0000    6.9000    6.0000    6.0000
100000*second partial in parameter space
       41.       24.       23.       13.       18.       17.
  0.0695  0.0671  0.0633  0.0609  0.0616  0.0615
  0.0625  0.0607  0.0586  0.0592  0.0573  0.0583
  0.0571  0.0566  0.0554  0.0575  0.0552  0.0559
  0.0548  0.0548  0.0548  0.0548  0.0548  0.0548
  0.0564  0.0571  0.0563  0.0554  0.0560  0.0560
  0.0619  0.0610  0.0591  0.0585  0.0583  0.0585
  0.0697  0.0666  0.0629  0.0621  0.0609  0.0612
    0.7563   20.5470    4.5604   -5.9043   -0.6214    1.6289
eta,q 0.94517  9.23946

---------------------------------------------------------------------
imgreg_4dfp /opt/freesurfer/average/711-2C_as_mni_average_305 /opt/freesurfer/average/711-2B_as_mni_average_305_mask talsrcimg_g11 none talsrcimg_to_711-2C_as_mni_average_305_t4 3335
---------------------------------------------------------------------

freesurfer imgreg_4dfp.c
/opt/freesurfer/average/711-2C_as_mni_average_305.4dfp.img
       256       256       256         1
  1.000000  1.000000  1.000000
orientation T byte_order littleendian
Reading image: /opt/freesurfer/average/711-2C_as_mni_average_305.4dfp.img
dimensions:      256       256       256
mmppix:       1.0000   -1.0000   -1.0000
center:     128.0000 -129.0000 -129.0000
/opt/freesurfer/average/711-2B_as_mni_average_305_mask.4dfp.img
       256       256       256         1
  1.000000  1.000000  1.000000
orientation T byte_order littleendian
Reading mask: /opt/freesurfer/average/711-2B_as_mni_average_305_mask.4dfp.img (2306576 pixels)
talsrcimg_g11.4dfp.img
       256       256       256         1
  1.000000  1.000000  1.000000
orientation T byte_order littleendian
Reading image: talsrcimg_g11.4dfp.img
dimensions:      256       256       256
mmppix:       1.0000   -1.0000   -1.0000
center:     128.0000 -129.0000 -129.0000
fimgreg.f
image alignment mode   3335 decimal      D07 hex
parameters
    0.7563   20.5470    4.5604   -0.0463   -0.5739   -0.5363
   -2.9390    0.7860    2.8424   10.3132   -1.0846  -10.2861
eta,q 0.94397  9.32726
niter,ni,del,rscale     5    3    5.0000    1.2000
parameter  4  1.806633 ->  0.500000 qaram    1.1500
parameter  5  4.285681 ->  0.500000 qaram    1.1500
parameter  6  1.685395 ->  0.500000 qaram    1.1500
parameters
    0.2816   20.8609    4.9678   -4.1863   -4.7139   -4.6763
   -2.3388   -0.6621    2.0499   11.3068   -2.6024   -6.9938
eta,q 0.95740  8.85307
  0.0574  0.0584  0.0577  0.0513  0.0422  0.0417  0.0456  0.0452  0.0444  0.0464  0.0435  0.0448
  0.0564  0.0573  0.0568  0.0521  0.0454  0.0427  0.0443  0.0438  0.0435  0.0446  0.0431  0.0439
  0.0560  0.0564  0.0562  0.0536  0.0489  0.0443  0.0435  0.0430  0.0431  0.0435  0.0429  0.0433
  0.0560  0.0559  0.0559  0.0559  0.0525  0.0464  0.0431  0.0431  0.0430  0.0430  0.0429  0.0429
  0.0566  0.0560  0.0559  0.0585  0.0567  0.0486  0.0432  0.0440  0.0433  0.0430  0.0432  0.0426
  0.0576  0.0565  0.0562  0.0611  0.0613  0.0514  0.0438  0.0457  0.0441  0.0435  0.0436  0.0426
  0.0592  0.0574  0.0568  0.0640  0.0657  0.0549  0.0449  0.0480  0.0452  0.0449  0.0444  0.0430
niter,ni,del,rscale     7    3    5.0000    1.2000
parameter  4  0.698741 ->  0.500000 qaram    1.3225
parameter  5  1.859104 ->  0.500000 qaram    1.3225
parameters
    0.0956   20.8325    5.8364   -8.9473   -9.4749   -8.2773
   -1.4163   -0.9504    2.2264   10.4629   -1.7436   -6.7984
eta,q 0.96511  8.28233
  0.0452  0.0445  0.0454  0.0411  0.0335  0.0361  0.0380  0.0384  0.0371  0.0372  0.0358  0.0359
  0.0436  0.0433  0.0442  0.0411  0.0349  0.0353  0.0366  0.0365  0.0360  0.0359  0.0353  0.0354
  0.0428  0.0427  0.0432  0.0413  0.0375  0.0350  0.0355  0.0353  0.0352  0.0351  0.0350  0.0350
  0.0426  0.0426  0.0426  0.0423  0.0411  0.0355  0.0350  0.0349  0.0349  0.0349  0.0349  0.0349
  0.0431  0.0428  0.0423  0.0443  0.0449  0.0373  0.0351  0.0355  0.0351  0.0356  0.0349  0.0350
  0.0443  0.0435  0.0425  0.0472  0.0491  0.0401  0.0357  0.0369  0.0358  0.0368  0.0351  0.0353
  0.0461  0.0445  0.0431  0.0502  0.0541  0.0435  0.0368  0.0389  0.0369  0.0385  0.0355  0.0358
niter,ni,del,rscale     7    3    5.0000    1.2000
parameter  5  1.034016 ->  0.500000 qaram    1.5209
parameters
    0.0352   21.0295    5.0232  -10.6579  -14.9500  -10.2883
   -1.2661   -1.0171    1.4893   11.3812   -1.9533   -9.5652
eta,q 0.96828  7.85879
  0.0376  0.0379  0.0353  0.0364  0.0309  0.0337  0.0340  0.0357  0.0330  0.0352  0.0325  0.0320
  0.0361  0.0364  0.0348  0.0352  0.0317  0.0326  0.0329  0.0337  0.0323  0.0334  0.0321  0.0318
  0.0352  0.0353  0.0347  0.0348  0.0329  0.0319  0.0322  0.0323  0.0319  0.0323  0.0319  0.0317
  0.0349  0.0349  0.0349  0.0347  0.0347  0.0320  0.0319  0.0319  0.0319  0.0319  0.0318  0.0318
  0.0352  0.0350  0.0353  0.0350  0.0378  0.0329  0.0321  0.0324  0.0321  0.0320  0.0319  0.0322
  0.0363  0.0358  0.0359  0.0364  0.0419  0.0347  0.0327  0.0338  0.0327  0.0326  0.0322  0.0327
  0.0380  0.0371  0.0368  0.0392  0.0461  0.0371  0.0338  0.0359  0.0335  0.0338  0.0325  0.0334
niter,ni,del,rscale     7    3    5.0000    1.2000
parameters
   -0.0888   21.6286    3.9132  -11.0976  -20.2492  -11.5075
   -1.4316   -1.0536    1.6020   13.8291   -2.2471  -10.7638
eta,q 0.97054  7.53807
  0.0342  0.0351  0.0317  0.0335  0.0312  0.0325  0.0322  0.0339  0.0317  0.0345  0.0303  0.0303
  0.0328  0.0335  0.0313  0.0319  0.0300  0.0310  0.0309  0.0318  0.0307  0.0324  0.0298  0.0297
  0.0319  0.0323  0.0313  0.0311  0.0300  0.0301  0.0301  0.0303  0.0301  0.0308  0.0296  0.0295
  0.0317  0.0317  0.0316  0.0313  0.0312  0.0298  0.0298  0.0298  0.0298  0.0298  0.0295  0.0295
  0.0321  0.0316  0.0321  0.0316  0.0331  0.0306  0.0302  0.0303  0.0300  0.0295  0.0296  0.0297
  0.0332  0.0320  0.0328  0.0322  0.0361  0.0324  0.0311  0.0318  0.0306  0.0298  0.0299  0.0303
  0.0348  0.0328  0.0337  0.0338  0.0405  0.0349  0.0324  0.0340  0.0316  0.0307  0.0304  0.0310
niter,ni,del,rscale     6    3    5.0000    1.2000
parameters
   -0.1562   22.3531    3.1577  -11.8961  -21.3601  -12.5935
   -1.5639   -1.1289    1.7835   15.4986   -2.7443  -11.3197
eta,q 0.97126  7.42373
  0.0324  0.0336  0.0297  0.0317  0.0329  0.0316  0.0316  0.0330  0.0310  0.0329  0.0296  0.0298
  0.0307  0.0317  0.0292  0.0299  0.0307  0.0302  0.0301  0.0308  0.0299  0.0310  0.0291  0.0292
  0.0298  0.0303  0.0291  0.0289  0.0292  0.0292  0.0292  0.0294  0.0292  0.0296  0.0288  0.0288
  0.0295  0.0295  0.0292  0.0291  0.0289  0.0289  0.0289  0.0289  0.0289  0.0289  0.0288  0.0288
  0.0299  0.0292  0.0297  0.0299  0.0300  0.0295  0.0293  0.0294  0.0291  0.0288  0.0289  0.0290
  0.0310  0.0296  0.0304  0.0308  0.0320  0.0313  0.0303  0.0310  0.0298  0.0293  0.0293  0.0294
  0.0327  0.0305  0.0313  0.0322  0.0348  0.0339  0.0317  0.0332  0.0308  0.0303  0.0298  0.0301
niter,ni,del,rscale     5    3    5.0000    1.2000
parameters
   -0.1876   22.8690    2.5931  -11.8503  -22.1584  -13.6006
   -1.6489   -1.0650    1.8181   16.7653   -2.9610  -11.6163
eta,q 0.97149  7.37012
  0.0319  0.0324  0.0294  0.0320  0.0327  0.0314  0.0313  0.0328  0.0306  0.0321  0.0295  0.0296
  0.0301  0.0306  0.0288  0.0300  0.0306  0.0299  0.0299  0.0306  0.0295  0.0304  0.0289  0.0290
  0.0291  0.0294  0.0286  0.0287  0.0291  0.0289  0.0289  0.0291  0.0288  0.0292  0.0286  0.0286
  0.0287  0.0287  0.0287  0.0286  0.0286  0.0286  0.0286  0.0286  0.0286  0.0286  0.0285  0.0285
  0.0292  0.0287  0.0290  0.0294  0.0295  0.0292  0.0290  0.0291  0.0288  0.0286  0.0287  0.0287
  0.0303  0.0292  0.0297  0.0303  0.0314  0.0309  0.0300  0.0305  0.0295  0.0292  0.0290  0.0291
  0.0320  0.0302  0.0306  0.0314  0.0342  0.0336  0.0314  0.0326  0.0306  0.0303  0.0296  0.0298
niter,ni,del,rscale     4    3    5.0000    1.2000
parameters
   -0.1529   23.2930    2.1605  -11.9256  -22.8374  -14.4223
   -1.7702   -0.9392    1.6655   17.7621   -2.9454  -11.8391
eta,q 0.97163  7.32406
  0.0318  0.0318  0.0293  0.0318  0.0326  0.0313  0.0311  0.0325  0.0304  0.0316  0.0294  0.0295
  0.0300  0.0301  0.0287  0.0299  0.0305  0.0298  0.0297  0.0304  0.0293  0.0300  0.0289  0.0289
  0.0289  0.0290  0.0284  0.0285  0.0289  0.0288  0.0287  0.0289  0.0287  0.0290  0.0285  0.0285
  0.0285  0.0285  0.0285  0.0284  0.0284  0.0284  0.0284  0.0284  0.0284  0.0284  0.0284  0.0284
  0.0289  0.0285  0.0288  0.0293  0.0292  0.0289  0.0288  0.0289  0.0287  0.0285  0.0285  0.0285
  0.0299  0.0291  0.0294  0.0303  0.0311  0.0305  0.0298  0.0302  0.0295  0.0291  0.0289  0.0290
  0.0316  0.0300  0.0303  0.0314  0.0339  0.0332  0.0312  0.0323  0.0306  0.0303  0.0294  0.0296
niter,ni,del,rscale     3    3    5.0000    1.2000
parameters
   -0.0974   23.6468    1.8348  -12.0875  -23.3701  -15.0220
   -1.8658   -0.8255    1.4745   18.4908   -2.8609  -12.0471
eta,q 0.97172  7.28691
  0.0316  0.0314  0.0293  0.0317  0.0325  0.0313  0.0309  0.0323  0.0303  0.0313  0.0294  0.0293
  0.0299  0.0299  0.0287  0.0298  0.0304  0.0298  0.0295  0.0303  0.0292  0.0298  0.0288  0.0288
  0.0288  0.0288  0.0284  0.0284  0.0289  0.0287  0.0286  0.0288  0.0285  0.0288  0.0284  0.0284
  0.0284  0.0284  0.0283  0.0283  0.0283  0.0283  0.0283  0.0283  0.0283  0.0283  0.0283  0.0283
  0.0287  0.0284  0.0286  0.0293  0.0290  0.0287  0.0287  0.0287  0.0286  0.0284  0.0284  0.0284
  0.0297  0.0290  0.0292  0.0303  0.0309  0.0302  0.0297  0.0301  0.0294  0.0291  0.0288  0.0288
  0.0313  0.0300  0.0301  0.0314  0.0336  0.0328  0.0310  0.0321  0.0305  0.0303  0.0293  0.0295
niter,ni,del,rscale     2    3    5.0000    1.2000
parameters
   -0.0492   23.9120    1.6082  -12.2381  -23.7340  -15.4210
   -1.9143   -0.7572    1.3560   18.9739   -2.8216  -12.2177
eta,q 0.97177  7.26170
  0.0315  0.0311  0.0293  0.0317  0.0326  0.0313  0.0309  0.0321  0.0303  0.0311  0.0293  0.0293
  0.0297  0.0296  0.0287  0.0298  0.0305  0.0298  0.0295  0.0301  0.0292  0.0297  0.0287  0.0287
  0.0287  0.0287  0.0283  0.0284  0.0289  0.0287  0.0285  0.0287  0.0285  0.0287  0.0284  0.0283
  0.0283  0.0283  0.0283  0.0282  0.0282  0.0282  0.0282  0.0282  0.0282  0.0282  0.0282  0.0282
  0.0286  0.0284  0.0285  0.0292  0.0289  0.0285  0.0286  0.0287  0.0285  0.0284  0.0283  0.0284
  0.0296  0.0290  0.0290  0.0303  0.0307  0.0299  0.0296  0.0300  0.0293  0.0292  0.0287  0.0288
  0.0312  0.0301  0.0298  0.0314  0.0334  0.0324  0.0309  0.0320  0.0305  0.0305  0.0293  0.0294
niter,ni,del,rscale     1    3    5.0000    1.2000
parameters
   -0.0231   24.0827    1.4671  -12.3372  -23.9421  -15.6660
   -1.9289   -0.7262    1.3112   19.2774   -2.8322  -12.3508
eta,q 0.97178  7.24734
  0.0313  0.0309  0.0294  0.0318  0.0327  0.0313  0.0309  0.0320  0.0304  0.0310  0.0293  0.0293
  0.0296  0.0295  0.0287  0.0298  0.0305  0.0299  0.0295  0.0301  0.0292  0.0296  0.0287  0.0287
  0.0286  0.0286  0.0283  0.0285  0.0289  0.0287  0.0285  0.0287  0.0285  0.0286  0.0283  0.0283
  0.0282  0.0282  0.0282  0.0282  0.0282  0.0282  0.0282  0.0282  0.0282  0.0282  0.0282  0.0282
  0.0286  0.0284  0.0284  0.0292  0.0288  0.0285  0.0286  0.0287  0.0285  0.0284  0.0283  0.0284
  0.0296  0.0291  0.0289  0.0303  0.0306  0.0298  0.0295  0.0300  0.0292  0.0293  0.0287  0.0288
  0.0312  0.0302  0.0297  0.0314  0.0332  0.0322  0.0309  0.0320  0.0304  0.0306  0.0293  0.0293
registration optimization eta report
parameter search radius
    2.4000    2.4000    2.4000    9.5220   10.9503    8.2800
    7.2000    7.2000    7.2000    7.2000    7.2000    7.2000
100000*second partial in parameter space
       52.       40.       23.        4.        4.        5.
        5.        7.        4.        5.        2.        2.
  0.0313  0.0309  0.0294  0.0318  0.0327  0.0313  0.0309  0.0320  0.0304  0.0310  0.0293  0.0293
  0.0296  0.0295  0.0287  0.0298  0.0305  0.0299  0.0295  0.0301  0.0292  0.0296  0.0287  0.0287
  0.0286  0.0286  0.0283  0.0285  0.0289  0.0287  0.0285  0.0287  0.0285  0.0286  0.0283  0.0283
  0.0282  0.0282  0.0282  0.0282  0.0282  0.0282  0.0282  0.0282  0.0282  0.0282  0.0282  0.0282
  0.0286  0.0284  0.0284  0.0292  0.0288  0.0285  0.0286  0.0287  0.0285  0.0284  0.0283  0.0284
  0.0296  0.0291  0.0289  0.0303  0.0306  0.0298  0.0295  0.0300  0.0292  0.0293  0.0287  0.0288
  0.0312  0.0302  0.0297  0.0314  0.0332  0.0322  0.0309  0.0320  0.0304  0.0306  0.0293  0.0293
   -0.0231   24.0827    1.4671  -12.3372  -23.9421  -15.6660
   -1.9289   -0.7262    1.3112   19.2774   -2.8322  -12.3508
eta,q 0.97178  7.24734

---------------------------------------------------------------------
imgreg_4dfp /opt/freesurfer/average/711-2C_as_mni_average_305 /opt/freesurfer/average/711-2B_as_mni_average_305_mask talsrcimg_g11 none talsrcimg_to_711-2C_as_mni_average_305_t4 2311
---------------------------------------------------------------------

freesurfer imgreg_4dfp.c
/opt/freesurfer/average/711-2C_as_mni_average_305.4dfp.img
       256       256       256         1
  1.000000  1.000000  1.000000
orientation T byte_order littleendian
Reading image: /opt/freesurfer/average/711-2C_as_mni_average_305.4dfp.img
dimensions:      256       256       256
mmppix:       1.0000   -1.0000   -1.0000
center:     128.0000 -129.0000 -129.0000
/opt/freesurfer/average/711-2B_as_mni_average_305_mask.4dfp.img
       256       256       256         1
  1.000000  1.000000  1.000000
orientation T byte_order littleendian
Reading mask: /opt/freesurfer/average/711-2B_as_mni_average_305_mask.4dfp.img (2306576 pixels)
talsrcimg_g11.4dfp.img
       256       256       256         1
  1.000000  1.000000  1.000000
orientation T byte_order littleendian
Reading image: talsrcimg_g11.4dfp.img
dimensions:      256       256       256
mmppix:       1.0000   -1.0000   -1.0000
center:     128.0000 -129.0000 -129.0000
fimgreg.f
image alignment mode   2311 decimal      907 hex
parameters
   -0.0231   24.0827    1.4671  -12.3372  -23.9421  -15.6660
   -1.9289   -0.7262    1.3112   19.2774   -2.8322  -12.3508
eta,q 0.97178  7.24734
niter,ni,del,rscale     5    3    5.0000    0.8000
parameters
   -0.0307   24.1652    1.4039  -13.1072  -23.6897  -15.1743
   -2.0154   -0.7448    1.3413   19.3454   -2.8649  -12.6696
eta,q 0.97188  7.23851
  0.0296  0.0294  0.0288  0.0291  0.0294  0.0295  0.0294  0.0299  0.0291  0.0294  0.0286  0.0286
  0.0288  0.0288  0.0284  0.0285  0.0288  0.0289  0.0287  0.0289  0.0286  0.0287  0.0283  0.0283
  0.0284  0.0284  0.0283  0.0282  0.0283  0.0284  0.0283  0.0283  0.0282  0.0283  0.0282  0.0282
  0.0282  0.0282  0.0282  0.0282  0.0282  0.0282  0.0281  0.0281  0.0281  0.0281  0.0281  0.0281
  0.0284  0.0283  0.0283  0.0286  0.0282  0.0282  0.0283  0.0283  0.0282  0.0282  0.0282  0.0282
  0.0289  0.0286  0.0285  0.0292  0.0286  0.0285  0.0288  0.0290  0.0286  0.0287  0.0283  0.0284
  0.0296  0.0291  0.0289  0.0298  0.0292  0.0291  0.0295  0.0299  0.0291  0.0293  0.0286  0.0287
niter,ni,del,rscale     4    3    5.0000    0.7000
parameters
   -0.0332   24.1794    1.5093  -13.2787  -23.7090  -14.9605
   -2.0501   -0.7629    1.3525   19.3685   -2.8947  -12.7456
eta,q 0.97190  7.23728
  0.0292  0.0289  0.0286  0.0291  0.0290  0.0291  0.0291  0.0295  0.0289  0.0291  0.0285  0.0285
  0.0286  0.0285  0.0284  0.0286  0.0285  0.0286  0.0286  0.0287  0.0285  0.0285  0.0283  0.0283
  0.0282  0.0282  0.0282  0.0282  0.0282  0.0283  0.0282  0.0283  0.0282  0.0282  0.0281  0.0281
  0.0281  0.0281  0.0281  0.0281  0.0281  0.0281  0.0281  0.0281  0.0281  0.0281  0.0281  0.0281
  0.0283  0.0282  0.0281  0.0283  0.0282  0.0282  0.0282  0.0283  0.0282  0.0282  0.0281  0.0282
  0.0286  0.0285  0.0283  0.0287  0.0285  0.0284  0.0286  0.0287  0.0284  0.0285  0.0283  0.0283
  0.0292  0.0289  0.0285  0.0293  0.0290  0.0290  0.0291  0.0295  0.0289  0.0291  0.0285  0.0285
niter,ni,del,rscale     3    3    5.0000    0.6000
parameters
   -0.0361   24.1805    1.5636  -13.3277  -23.7006  -14.8409
   -2.0539   -0.7768    1.3546   19.3515   -2.9031  -12.7733
eta,q 0.97190  7.23882
  0.0289  0.0287  0.0285  0.0289  0.0287  0.0288  0.0289  0.0291  0.0287  0.0288  0.0284  0.0284
  0.0285  0.0284  0.0283  0.0285  0.0284  0.0285  0.0284  0.0286  0.0283  0.0284  0.0282  0.0282
  0.0282  0.0282  0.0282  0.0282  0.0282  0.0282  0.0282  0.0282  0.0282  0.0282  0.0281  0.0281
  0.0281  0.0281  0.0281  0.0281  0.0281  0.0281  0.0281  0.0281  0.0281  0.0281  0.0281  0.0281
  0.0282  0.0282  0.0281  0.0282  0.0282  0.0282  0.0282  0.0282  0.0282  0.0282  0.0281  0.0281
  0.0285  0.0284  0.0282  0.0285  0.0284  0.0284  0.0284  0.0286  0.0283  0.0284  0.0282  0.0282
  0.0289  0.0287  0.0284  0.0290  0.0288  0.0288  0.0289  0.0291  0.0287  0.0288  0.0284  0.0284
niter,ni,del,rscale     2    3    5.0000    0.5000
parameters
   -0.0422   24.1699    1.5981  -13.3482  -23.6770  -14.7491
   -2.0544   -0.7881    1.3647   19.3287   -2.9166  -12.7793
eta,q 0.97190  7.24104
  0.0287  0.0285  0.0284  0.0287  0.0285  0.0286  0.0286  0.0288  0.0285  0.0286  0.0283  0.0283
  0.0283  0.0283  0.0282  0.0284  0.0283  0.0283  0.0283  0.0284  0.0283  0.0283  0.0282  0.0282
  0.0282  0.0281  0.0281  0.0282  0.0281  0.0282  0.0282  0.0282  0.0281  0.0281  0.0281  0.0281
  0.0281  0.0281  0.0281  0.0281  0.0281  0.0281  0.0281  0.0281  0.0281  0.0281  0.0281  0.0281
  0.0282  0.0281  0.0281  0.0282  0.0281  0.0281  0.0282  0.0282  0.0281  0.0282  0.0281  0.0281
  0.0284  0.0283  0.0282  0.0284  0.0283  0.0283  0.0283  0.0284  0.0283  0.0283  0.0282  0.0282
  0.0287  0.0285  0.0283  0.0287  0.0285  0.0286  0.0286  0.0288  0.0285  0.0286  0.0283  0.0283
niter,ni,del,rscale     1    3    5.0000    0.4000
parameters
   -0.0411   24.1595    1.6152  -13.3620  -23.6464  -14.6801
   -2.0625   -0.7939    1.3844   19.3005   -2.9471  -12.8094
eta,q 0.97190  7.24320
  0.0285  0.0283  0.0283  0.0285  0.0284  0.0284  0.0284  0.0286  0.0283  0.0284  0.0282  0.0282
  0.0283  0.0282  0.0282  0.0283  0.0282  0.0283  0.0283  0.0283  0.0282  0.0282  0.0282  0.0282
  0.0281  0.0281  0.0281  0.0281  0.0281  0.0281  0.0281  0.0281  0.0281  0.0281  0.0281  0.0281
  0.0281  0.0281  0.0281  0.0281  0.0281  0.0281  0.0281  0.0281  0.0281  0.0281  0.0281  0.0281
  0.0281  0.0281  0.0281  0.0281  0.0281  0.0281  0.0281  0.0282  0.0281  0.0281  0.0281  0.0281
  0.0283  0.0282  0.0282  0.0283  0.0282  0.0282  0.0283  0.0283  0.0282  0.0282  0.0282  0.0282
  0.0285  0.0284  0.0282  0.0285  0.0284  0.0284  0.0284  0.0286  0.0283  0.0284  0.0282  0.0282
registration optimization eta report
parameter search radius
    0.8000    0.8000    0.8000    2.4000    2.4000    2.4000
    2.4000    2.4000    2.4000    2.4000    2.4000    2.4000
100000*second partial in parameter space
       56.       41.       24.        7.        5.        6.
        6.        8.        4.        6.        2.        2.
  0.0285  0.0283  0.0283  0.0285  0.0284  0.0284  0.0284  0.0286  0.0283  0.0284  0.0282  0.0282
  0.0283  0.0282  0.0282  0.0283  0.0282  0.0283  0.0283  0.0283  0.0282  0.0282  0.0282  0.0282
  0.0281  0.0281  0.0281  0.0281  0.0281  0.0281  0.0281  0.0281  0.0281  0.0281  0.0281  0.0281
  0.0281  0.0281  0.0281  0.0281  0.0281  0.0281  0.0281  0.0281  0.0281  0.0281  0.0281  0.0281
  0.0281  0.0281  0.0281  0.0281  0.0281  0.0281  0.0281  0.0282  0.0281  0.0281  0.0281  0.0281
  0.0283  0.0282  0.0282  0.0283  0.0282  0.0282  0.0283  0.0283  0.0282  0.0282  0.0282  0.0282
  0.0285  0.0284  0.0282  0.0285  0.0284  0.0284  0.0284  0.0286  0.0283  0.0284  0.0282  0.0282
   -0.0411   24.1595    1.6152  -13.3620  -23.6464  -14.6801
   -2.0625   -0.7939    1.3844   19.3005   -2.9471  -12.8094
eta,q 0.97190  7.24320

---------------------------------------------------------------------
imgreg_4dfp /opt/freesurfer/average/711-2C_as_mni_average_305 /opt/freesurfer/average/711-2B_as_mni_average_305_mask talsrcimg_g11 none talsrcimg_to_711-2C_as_mni_average_305_t4 2311
---------------------------------------------------------------------

freesurfer imgreg_4dfp.c
/opt/freesurfer/average/711-2C_as_mni_average_305.4dfp.img
       256       256       256         1
  1.000000  1.000000  1.000000
orientation T byte_order littleendian
Reading image: /opt/freesurfer/average/711-2C_as_mni_average_305.4dfp.img
dimensions:      256       256       256
mmppix:       1.0000   -1.0000   -1.0000
center:     128.0000 -129.0000 -129.0000
/opt/freesurfer/average/711-2B_as_mni_average_305_mask.4dfp.img
       256       256       256         1
  1.000000  1.000000  1.000000
orientation T byte_order littleendian
Reading mask: /opt/freesurfer/average/711-2B_as_mni_average_305_mask.4dfp.img (2306576 pixels)
talsrcimg_g11.4dfp.img
       256       256       256         1
  1.000000  1.000000  1.000000
orientation T byte_order littleendian
Reading image: talsrcimg_g11.4dfp.img
dimensions:      256       256       256
mmppix:       1.0000   -1.0000   -1.0000
center:     128.0000 -129.0000 -129.0000
fimgreg.f
image alignment mode   2311 decimal      907 hex
parameters
   -0.0411   24.1595    1.6152  -13.3620  -23.6464  -14.6801
   -2.0625   -0.7939    1.3844   19.3005   -2.9471  -12.8094
eta,q 0.97190  7.24320
niter,ni,del,rscale     5    3    5.0000    0.8000
parameters
   -0.0364   24.1576    1.6197  -13.3046  -23.7339  -14.8604
   -2.0521   -0.7647    1.3578   19.3244   -2.9337  -12.7110
eta,q 0.97190  7.23768
  0.0295  0.0291  0.0287  0.0295  0.0292  0.0292  0.0294  0.0299  0.0291  0.0293  0.0286  0.0286
  0.0287  0.0286  0.0284  0.0288  0.0286  0.0286  0.0287  0.0289  0.0285  0.0287  0.0283  0.0284
  0.0283  0.0282  0.0282  0.0283  0.0282  0.0282  0.0283  0.0283  0.0282  0.0283  0.0282  0.0282
  0.0281  0.0281  0.0281  0.0281  0.0281  0.0281  0.0281  0.0281  0.0281  0.0281  0.0281  0.0281
  0.0283  0.0282  0.0282  0.0283  0.0282  0.0282  0.0283  0.0283  0.0282  0.0282  0.0282  0.0282
  0.0287  0.0286  0.0284  0.0288  0.0286  0.0287  0.0287  0.0289  0.0286  0.0286  0.0283  0.0283
  0.0295  0.0291  0.0287  0.0294  0.0293  0.0295  0.0294  0.0299  0.0291  0.0293  0.0286  0.0286
niter,ni,del,rscale     4    3    5.0000    0.7000
parameters
   -0.0359   24.1694    1.5895  -13.3207  -23.7254  -14.8568
   -2.0579   -0.7622    1.3635   19.3298   -2.9282  -12.7390
eta,q 0.97190  7.23747
  0.0292  0.0289  0.0285  0.0292  0.0290  0.0290  0.0291  0.0295  0.0289  0.0290  0.0285  0.0285
  0.0286  0.0285  0.0283  0.0286  0.0285  0.0286  0.0286  0.0287  0.0284  0.0285  0.0283  0.0283
  0.0282  0.0282  0.0281  0.0282  0.0282  0.0282  0.0282  0.0283  0.0282  0.0282  0.0281  0.0281
  0.0281  0.0281  0.0281  0.0281  0.0281  0.0281  0.0281  0.0281  0.0281  0.0281  0.0281  0.0281
  0.0282  0.0282  0.0282  0.0283  0.0282  0.0282  0.0282  0.0283  0.0282  0.0282  0.0281  0.0282
  0.0286  0.0285  0.0283  0.0287  0.0285  0.0285  0.0286  0.0287  0.0284  0.0285  0.0283  0.0283
  0.0292  0.0289  0.0286  0.0292  0.0290  0.0291  0.0291  0.0295  0.0289  0.0290  0.0285  0.0285
niter,ni,del,rscale     3    3    5.0000    0.6000
parameters
   -0.0355   24.1718    1.5904  -13.3344  -23.6949  -14.7970
   -2.0661   -0.7727    1.3579   19.3253   -2.9174  -12.7601
eta,q 0.97190  7.23961
  0.0289  0.0287  0.0284  0.0290  0.0287  0.0288  0.0289  0.0291  0.0287  0.0288  0.0284  0.0284
  0.0285  0.0284  0.0283  0.0285  0.0284  0.0285  0.0284  0.0286  0.0284  0.0284  0.0282  0.0282
  0.0282  0.0282  0.0281  0.0282  0.0282  0.0282  0.0282  0.0282  0.0282  0.0282  0.0281  0.0281
  0.0281  0.0281  0.0281  0.0281  0.0281  0.0281  0.0281  0.0281  0.0281  0.0281  0.0281  0.0281
  0.0282  0.0282  0.0281  0.0282  0.0282  0.0282  0.0282  0.0282  0.0282  0.0282  0.0281  0.0281
  0.0285  0.0284  0.0283  0.0285  0.0284  0.0284  0.0284  0.0286  0.0284  0.0284  0.0282  0.0282
  0.0289  0.0287  0.0284  0.0290  0.0287  0.0288  0.0289  0.0291  0.0287  0.0288  0.0284  0.0284
niter,ni,del,rscale     2    3    5.0000    0.5000
parameters
   -0.0387   24.1618    1.6056  -13.3551  -23.6693  -14.7295
   -2.0573   -0.7781    1.3713   19.3125   -2.9322  -12.7833
eta,q 0.97190  7.24139
  0.0287  0.0285  0.0283  0.0287  0.0285  0.0286  0.0286  0.0288  0.0285  0.0286  0.0283  0.0283
  0.0284  0.0283  0.0282  0.0284  0.0283  0.0283  0.0283  0.0284  0.0283  0.0283  0.0282  0.0282
  0.0282  0.0281  0.0281  0.0282  0.0281  0.0282  0.0282  0.0282  0.0281  0.0281  0.0281  0.0281
  0.0281  0.0281  0.0281  0.0281  0.0281  0.0281  0.0281  0.0281  0.0281  0.0281  0.0281  0.0281
  0.0282  0.0281  0.0281  0.0282  0.0281  0.0281  0.0282  0.0282  0.0281  0.0282  0.0281  0.0281
  0.0284  0.0283  0.0282  0.0284  0.0283  0.0283  0.0283  0.0284  0.0283  0.0283  0.0282  0.0282
  0.0287  0.0285  0.0283  0.0287  0.0285  0.0286  0.0286  0.0288  0.0285  0.0286  0.0283  0.0283
niter,ni,del,rscale     1    3    5.0000    0.4000
parameters
   -0.0413   24.1559    1.6268  -13.3601  -23.6492  -14.6670
   -2.0611   -0.7839    1.3860   19.2895   -2.9438  -12.8273
eta,q 0.97190  7.24347
  0.0285  0.0283  0.0283  0.0285  0.0284  0.0284  0.0284  0.0286  0.0284  0.0284  0.0282  0.0282
  0.0283  0.0282  0.0282  0.0283  0.0282  0.0283  0.0283  0.0283  0.0282  0.0282  0.0282  0.0282
  0.0281  0.0281  0.0281  0.0281  0.0281  0.0281  0.0281  0.0282  0.0281  0.0281  0.0281  0.0281
  0.0281  0.0281  0.0281  0.0281  0.0281  0.0281  0.0281  0.0281  0.0281  0.0281  0.0281  0.0281
  0.0281  0.0281  0.0281  0.0281  0.0281  0.0281  0.0281  0.0282  0.0281  0.0281  0.0281  0.0281
  0.0283  0.0282  0.0282  0.0283  0.0282  0.0282  0.0283  0.0283  0.0282  0.0282  0.0282  0.0282
  0.0285  0.0284  0.0282  0.0285  0.0284  0.0284  0.0284  0.0286  0.0283  0.0284  0.0282  0.0282
registration optimization eta report
parameter search radius
    0.8000    0.8000    0.8000    2.4000    2.4000    2.4000
    2.4000    2.4000    2.4000    2.4000    2.4000    2.4000
100000*second partial in parameter space
       56.       41.       24.        7.        5.        6.
        6.        8.        4.        6.        2.        2.
  0.0285  0.0283  0.0283  0.0285  0.0284  0.0284  0.0284  0.0286  0.0284  0.0284  0.0282  0.0282
  0.0283  0.0282  0.0282  0.0283  0.0282  0.0283  0.0283  0.0283  0.0282  0.0282  0.0282  0.0282
  0.0281  0.0281  0.0281  0.0281  0.0281  0.0281  0.0281  0.0282  0.0281  0.0281  0.0281  0.0281
  0.0281  0.0281  0.0281  0.0281  0.0281  0.0281  0.0281  0.0281  0.0281  0.0281  0.0281  0.0281
  0.0281  0.0281  0.0281  0.0281  0.0281  0.0281  0.0281  0.0282  0.0281  0.0281  0.0281  0.0281
  0.0283  0.0282  0.0282  0.0283  0.0282  0.0282  0.0283  0.0283  0.0282  0.0282  0.0282  0.0282
  0.0285  0.0284  0.0282  0.0285  0.0284  0.0284  0.0284  0.0286  0.0283  0.0284  0.0282  0.0282
   -0.0413   24.1559    1.6268  -13.3601  -23.6492  -14.6670
   -2.0611   -0.7839    1.3860   19.2895   -2.9438  -12.8273
eta,q 0.97190  7.24347

---------------------------------------------------------------------
compute_vox2vox talsrcimg talsrcimg_to_711-2C_as_mni_average_305_t4 /opt/freesurfer/average/711-2C_as_mni_average_305
---------------------------------------------------------------------

freesurfer compute_vox2vox.c
Reading: talsrcimg.4dfp.ifh
Reading: talsrcimg_to_711-2C_as_mni_average_305_t4
Reading: /opt/freesurfer/average/711-2C_as_mni_average_305.4dfp.ifh
Writing: talsrcimg_to_711-2C_as_mni_average_305_t4_vox2vox.txt

start time Mon Mar 9 01:25:39 CET 2026
end		time Mon Mar 9 01:27:05 CET 2026

mpr2mni305 success

avi2talxfm orig_nu.mgz /opt/freesurfer/average/mni305.cor.mgz talsrcimg_to_711-2C_as_mni_average_305_t4_vox2vox.txt transforms/talairach.auto.xfm
avi2talxfm done
mv -f /out/sourcedata/freesurfer/sub-v1s17x0050245_ses-1/mri/talsrcimg_to_711-2C_as_mni_average_305_t4_vox2vox.txt /out/sourcedata/freesurfer/sub-v1s17x0050245_ses-1/mri/transforms/talsrcimg_to_711-2C_as_mni_average_305_t4_vox2vox.txt
lta_convert --src orig_nu.mgz --trg /opt/freesurfer/average/mni305.cor.mgz --inxfm transforms/talairach.auto.xfm --outlta transforms/talairach.auto.xfm.lta --subject fsaverage
7.3.2

--src: orig_nu.mgz src image (geometry).
--trg: /opt/freesurfer/average/mni305.cor.mgz trg image (geometry).
--inmni: transforms/talairach.auto.xfm input MNI/XFM transform.
--outlta: transforms/talairach.auto.xfm.lta output LTA.
--s: fsaverage subject name
 LTA read, type : 1
 1.15381   0.00343   0.03172   1.86504;
 0.03531   1.12911   0.19065   1.74949;
-0.02987  -0.28532   1.26100  -6.93318;
 0.00000   0.00000   0.00000   1.00000;
setting subject to fsaverage
Writing  LTA to file transforms/talairach.auto.xfm.lta...
lta_convert successful.
 
 
Started at Mon Mar 9 01:25:39 CET 2026
Ended   at Mon Mar  9 01:27:05 CET 2026
talairach_avi done
