status file for recon-all
Mon Mar  9 03:27:20 CET 2026
#@# Tessellate lh Mon Mar  9 03:27:20 CET 2026
#@# Smooth1 lh Mon Mar  9 03:27:22 CET 2026
#@# Inflation1 lh Mon Mar  9 03:27:24 CET 2026
#@# QSphere lh Mon Mar  9 03:27:33 CET 2026
#@# Fix Topology lh Mon Mar  9 03:28:19 CET 2026
#@# Smooth2 lh Mon Mar  9 03:33:24 CET 2026
#@# Inflation2 lh Mon Mar  9 03:33:27 CET 2026
#@# Curv .H and .K lh Mon Mar  9 03:33:36 CET 2026
#@# Sphere lh Mon Mar  9 03:34:17 CET 2026
#@# Surf Reg lh Mon Mar  9 03:35:42 CET 2026
#@# Jacobian white lh Mon Mar  9 03:38:18 CET 2026
#@# AvgCurv lh Mon Mar  9 03:38:19 CET 2026
#@# Cortical Parc lh Mon Mar  9 03:38:19 CET 2026
#@# white curv lh Mon Mar  9 03:43:52 CET 2026
#@# white area lh Mon Mar  9 03:43:54 CET 2026
#@# pial curv lh Mon Mar  9 03:43:54 CET 2026
#@# pial area lh Mon Mar  9 03:43:56 CET 2026
#@# thickness lh Mon Mar  9 03:43:56 CET 2026
#@# area and vertex vol lh Mon Mar  9 03:44:17 CET 2026
#@# Curvature Stats lh Mon Mar  9 03:44:18 CET 2026
#@# Cortical Parc 2 lh Mon Mar  9 03:44:20 CET 2026
#@# Cortical Parc 3 lh Mon Mar  9 03:44:30 CET 2026
#@# WM/GM Contrast lh Mon Mar  9 03:44:38 CET 2026
recon-all -s sub-v1s17x0050259_ses-1 finished without error at Mon Mar  9 03:44:40 CET 2026



#New# invocation of recon-all 



status file for recon-all
Mon Mar  9 04:11:30 CET 2026
#@# white curv lh Mon Mar  9 04:11:30 CET 2026
#@# white area lh Mon Mar  9 04:11:30 CET 2026
#@# pial curv lh Mon Mar  9 04:11:30 CET 2026
#@# pial area lh Mon Mar  9 04:11:30 CET 2026
#@# thickness lh Mon Mar  9 04:11:30 CET 2026
#@# area and vertex vol lh Mon Mar  9 04:11:30 CET 2026
#@# Parcellation Stats lh Mon Mar  9 04:11:30 CET 2026
#@# Parcellation Stats 2 lh Mon Mar  9 04:11:46 CET 2026
#@# Parcellation Stats 3 lh Mon Mar  9 04:11:54 CET 2026
#@# BA_exvivo Labels lh Mon Mar  9 04:12:02 CET 2026
recon-all -s sub-v1s17x0050259_ses-1 finished without error at Mon Mar  9 04:13:58 CET 2026
