status file for recon-all
Mon Mar  9 02:12:40 CET 2026
#@# MotionCor Mon Mar  9 02:12:42 CET 2026
#@# Talairach Mon Mar  9 02:12:47 CET 2026
#@# Talairach Failure Detection Mon Mar  9 02:15:38 CET 2026
#@# Nu Intensity Correction Mon Mar  9 02:15:39 CET 2026
#@# Intensity Normalization Mon Mar  9 02:18:23 CET 2026
recon-all -s sub-v1s17x0050259_ses-1 finished without error at Mon Mar  9 02:19:23 CET 2026



#New# invocation of recon-all 



status file for recon-all
Mon Mar  9 02:25:29 CET 2026
#@# EM Registration Mon Mar  9 02:25:29 CET 2026
recon-all -s sub-v1s17x0050259_ses-1 finished without error at Mon Mar  9 02:26:53 CET 2026



#New# invocation of recon-all 



status file for recon-all
Mon Mar  9 02:26:55 CET 2026
#@# CA Normalize Mon Mar  9 02:26:55 CET 2026
#@# CA Reg Mon Mar  9 02:27:45 CET 2026
#@# SubCort Seg Mon Mar  9 03:01:02 CET 2026
#@# CC Seg Mon Mar  9 03:23:06 CET 2026
#@# Merge ASeg Mon Mar  9 03:23:27 CET 2026
#@# Intensity Normalization2 Mon Mar  9 03:23:27 CET 2026
#@# Mask BFS Mon Mar  9 03:24:54 CET 2026
#@# WM Segmentation Mon Mar  9 03:24:55 CET 2026
#@# Fill Mon Mar  9 03:26:35 CET 2026
recon-all -s sub-v1s17x0050259_ses-1 finished without error at Mon Mar  9 03:27:15 CET 2026



#New# invocation of recon-all 



status file for recon-all
Mon Mar  9 04:07:32 CET 2026
#@# white curv lh Mon Mar  9 04:07:32 CET 2026
#@# white area lh Mon Mar  9 04:07:32 CET 2026
#@# pial curv lh Mon Mar  9 04:07:32 CET 2026
#@# pial area lh Mon Mar  9 04:07:32 CET 2026
#@# thickness lh Mon Mar  9 04:07:32 CET 2026
#@# area and vertex vol lh Mon Mar  9 04:07:32 CET 2026
#@# white curv rh Mon Mar  9 04:07:32 CET 2026
#@# white area rh Mon Mar  9 04:07:32 CET 2026
#@# pial curv rh Mon Mar  9 04:07:32 CET 2026
#@# pial area rh Mon Mar  9 04:07:32 CET 2026
#@# thickness rh Mon Mar  9 04:07:32 CET 2026
#@# area and vertex vol rh Mon Mar  9 04:07:32 CET 2026
#@# Cortical ribbon mask Mon Mar  9 04:07:32 CET 2026
recon-all -s sub-v1s17x0050259_ses-1 finished without error at Mon Mar  9 04:11:27 CET 2026



#New# invocation of recon-all 



status file for recon-all
Mon Mar  9 04:16:36 CET 2026
#@# white curv lh Mon Mar  9 04:16:36 CET 2026
#@# white area lh Mon Mar  9 04:16:36 CET 2026
#@# pial curv lh Mon Mar  9 04:16:36 CET 2026
#@# pial area lh Mon Mar  9 04:16:36 CET 2026
#@# thickness lh Mon Mar  9 04:16:36 CET 2026
#@# area and vertex vol lh Mon Mar  9 04:16:36 CET 2026
#@# white curv rh Mon Mar  9 04:16:36 CET 2026
#@# white area rh Mon Mar  9 04:16:36 CET 2026
#@# pial curv rh Mon Mar  9 04:16:36 CET 2026
#@# pial area rh Mon Mar  9 04:16:36 CET 2026
#@# thickness rh Mon Mar  9 04:16:36 CET 2026
#@# area and vertex vol rh Mon Mar  9 04:16:36 CET 2026
#@# Curvature Stats lh Mon Mar  9 04:16:36 CET 2026
#@# Curvature Stats rh Mon Mar  9 04:16:38 CET 2026
#@# Relabel Hypointensities Mon Mar  9 04:16:39 CET 2026
#@# APas-to-ASeg Mon Mar  9 04:16:50 CET 2026
#@# AParc-to-ASeg aparc Mon Mar  9 04:16:56 CET 2026
#@# AParc-to-ASeg aparc.a2009s Mon Mar  9 04:17:18 CET 2026
#@# AParc-to-ASeg aparc.DKTatlas Mon Mar  9 04:17:43 CET 2026
#@# WMParc Mon Mar  9 04:18:07 CET 2026
#@# ASeg Stats Mon Mar  9 04:20:16 CET 2026
recon-all -s sub-v1s17x0050259_ses-1 finished without error at Mon Mar  9 04:20:36 CET 2026
