status file for recon-all
Mon Mar  9 03:44:42 CET 2026
#@# Tessellate rh Mon Mar  9 03:44:42 CET 2026
#@# Smooth1 rh Mon Mar  9 03:44:44 CET 2026
#@# Inflation1 rh Mon Mar  9 03:44:47 CET 2026
#@# QSphere rh Mon Mar  9 03:44:55 CET 2026
#@# Fix Topology rh Mon Mar  9 03:45:43 CET 2026
#@# Smooth2 rh Mon Mar  9 03:54:57 CET 2026
#@# Inflation2 rh Mon Mar  9 03:55:00 CET 2026
#@# Curv .H and .K rh Mon Mar  9 03:55:11 CET 2026
#@# Sphere rh Mon Mar  9 03:55:51 CET 2026
#@# Surf Reg rh Mon Mar  9 03:58:06 CET 2026
#@# Jacobian white rh Mon Mar  9 04:01:04 CET 2026
#@# AvgCurv rh Mon Mar  9 04:01:05 CET 2026
#@# Cortical Parc rh Mon Mar  9 04:01:06 CET 2026
#@# white curv rh Mon Mar  9 04:06:39 CET 2026
#@# white area rh Mon Mar  9 04:06:41 CET 2026
#@# pial curv rh Mon Mar  9 04:06:41 CET 2026
#@# pial area rh Mon Mar  9 04:06:42 CET 2026
#@# thickness rh Mon Mar  9 04:06:43 CET 2026
#@# area and vertex vol rh Mon Mar  9 04:07:04 CET 2026
#@# Curvature Stats rh Mon Mar  9 04:07:06 CET 2026
#@# Cortical Parc 2 rh Mon Mar  9 04:07:07 CET 2026
#@# Cortical Parc 3 rh Mon Mar  9 04:07:18 CET 2026
#@# WM/GM Contrast rh Mon Mar  9 04:07:25 CET 2026
recon-all -s sub-v1s17x0050259_ses-1 finished without error at Mon Mar  9 04:07:28 CET 2026



#New# invocation of recon-all 



status file for recon-all
Mon Mar  9 04:14:01 CET 2026
#@# white curv rh Mon Mar  9 04:14:01 CET 2026
#@# white area rh Mon Mar  9 04:14:01 CET 2026
#@# pial curv rh Mon Mar  9 04:14:01 CET 2026
#@# pial area rh Mon Mar  9 04:14:01 CET 2026
#@# thickness rh Mon Mar  9 04:14:01 CET 2026
#@# area and vertex vol rh Mon Mar  9 04:14:01 CET 2026
#@# Parcellation Stats rh Mon Mar  9 04:14:01 CET 2026
#@# Parcellation Stats 2 rh Mon Mar  9 04:14:18 CET 2026
#@# Parcellation Stats 3 rh Mon Mar  9 04:14:27 CET 2026
#@# BA_exvivo Labels rh Mon Mar  9 04:14:35 CET 2026
recon-all -s sub-v1s17x0050259_ses-1 finished without error at Mon Mar  9 04:16:33 CET 2026
