status file for recon-all
Thu Mar 12 13:55:53 CET 2026
#@# Tessellate rh Thu Mar 12 13:55:53 CET 2026
#@# Smooth1 rh Thu Mar 12 13:55:57 CET 2026
#@# Inflation1 rh Thu Mar 12 13:56:00 CET 2026
#@# QSphere rh Thu Mar 12 13:56:13 CET 2026
#@# Fix Topology rh Thu Mar 12 13:57:25 CET 2026
#@# Smooth2 rh Thu Mar 12 14:03:17 CET 2026
#@# Inflation2 rh Thu Mar 12 14:03:20 CET 2026
#@# Curv .H and .K rh Thu Mar 12 14:03:34 CET 2026
#@# Sphere rh Thu Mar 12 14:04:19 CET 2026
#@# Surf Reg rh Thu Mar 12 14:07:28 CET 2026
#@# Jacobian white rh Thu Mar 12 14:11:24 CET 2026
#@# AvgCurv rh Thu Mar 12 14:11:25 CET 2026
#@# Cortical Parc rh Thu Mar 12 14:11:26 CET 2026
#@# white curv rh Thu Mar 12 14:18:02 CET 2026
#@# white area rh Thu Mar 12 14:18:03 CET 2026
#@# pial curv rh Thu Mar 12 14:18:04 CET 2026
#@# pial area rh Thu Mar 12 14:18:06 CET 2026
#@# thickness rh Thu Mar 12 14:18:07 CET 2026
#@# area and vertex vol rh Thu Mar 12 14:18:35 CET 2026
#@# Curvature Stats rh Thu Mar 12 14:18:36 CET 2026
#@# Cortical Parc 2 rh Thu Mar 12 14:18:39 CET 2026
#@# Cortical Parc 3 rh Thu Mar 12 14:18:52 CET 2026
#@# WM/GM Contrast rh Thu Mar 12 14:19:02 CET 2026
recon-all -s sub-v1s17x0050271_ses-1 finished without error at Thu Mar 12 14:19:06 CET 2026



#New# invocation of recon-all 



status file for recon-all
Thu Mar 12 14:26:18 CET 2026
#@# white curv rh Thu Mar 12 14:26:18 CET 2026
#@# white area rh Thu Mar 12 14:26:18 CET 2026
#@# pial curv rh Thu Mar 12 14:26:18 CET 2026
#@# pial area rh Thu Mar 12 14:26:18 CET 2026
#@# thickness rh Thu Mar 12 14:26:18 CET 2026
#@# area and vertex vol rh Thu Mar 12 14:26:18 CET 2026
#@# Parcellation Stats rh Thu Mar 12 14:26:18 CET 2026
#@# Parcellation Stats 2 rh Thu Mar 12 14:26:36 CET 2026
#@# Parcellation Stats 3 rh Thu Mar 12 14:26:45 CET 2026
#@# BA_exvivo Labels rh Thu Mar 12 14:26:54 CET 2026
recon-all -s sub-v1s17x0050271_ses-1 finished without error at Thu Mar 12 14:29:28 CET 2026
