status file for recon-all
Mon Mar  9 05:00:15 CET 2026
#@# Tessellate rh Mon Mar  9 05:00:15 CET 2026
#@# Smooth1 rh Mon Mar  9 05:00:18 CET 2026
#@# Inflation1 rh Mon Mar  9 05:00:20 CET 2026
#@# QSphere rh Mon Mar  9 05:00:36 CET 2026
#@# Fix Topology rh Mon Mar  9 05:01:50 CET 2026
#@# Smooth2 rh Mon Mar  9 05:12:03 CET 2026
#@# Inflation2 rh Mon Mar  9 05:12:05 CET 2026
#@# Curv .H and .K rh Mon Mar  9 05:12:19 CET 2026
#@# Sphere rh Mon Mar  9 05:13:01 CET 2026
#@# Surf Reg rh Mon Mar  9 05:19:02 CET 2026
#@# Jacobian white rh Mon Mar  9 05:25:29 CET 2026
#@# AvgCurv rh Mon Mar  9 05:25:30 CET 2026
#@# Cortical Parc rh Mon Mar  9 05:25:31 CET 2026
#@# white curv rh Mon Mar  9 05:40:52 CET 2026
#@# white area rh Mon Mar  9 05:40:54 CET 2026
#@# pial curv rh Mon Mar  9 05:40:55 CET 2026
#@# pial area rh Mon Mar  9 05:40:56 CET 2026
#@# thickness rh Mon Mar  9 05:40:57 CET 2026
#@# area and vertex vol rh Mon Mar  9 05:41:19 CET 2026
#@# Curvature Stats rh Mon Mar  9 05:41:20 CET 2026
#@# Cortical Parc 2 rh Mon Mar  9 05:41:22 CET 2026
#@# Cortical Parc 3 rh Mon Mar  9 05:41:33 CET 2026
#@# WM/GM Contrast rh Mon Mar  9 05:41:41 CET 2026
recon-all -s sub-v1s17x0051141_ses-1 finished without error at Mon Mar  9 05:41:44 CET 2026



#New# invocation of recon-all 



status file for recon-all
Mon Mar  9 05:49:35 CET 2026
#@# white curv rh Mon Mar  9 05:49:35 CET 2026
#@# white area rh Mon Mar  9 05:49:35 CET 2026
#@# pial curv rh Mon Mar  9 05:49:35 CET 2026
#@# pial area rh Mon Mar  9 05:49:35 CET 2026
#@# thickness rh Mon Mar  9 05:49:35 CET 2026
#@# area and vertex vol rh Mon Mar  9 05:49:35 CET 2026
#@# Parcellation Stats rh Mon Mar  9 05:49:35 CET 2026
#@# Parcellation Stats 2 rh Mon Mar  9 05:49:54 CET 2026
#@# Parcellation Stats 3 rh Mon Mar  9 05:50:03 CET 2026
#@# BA_exvivo Labels rh Mon Mar  9 05:50:12 CET 2026
recon-all -s sub-v1s17x0051141_ses-1 finished without error at Mon Mar  9 05:52:25 CET 2026
