status file for recon-all
Mon Mar  9 03:08:28 CET 2026
#@# MotionCor Mon Mar  9 03:08:29 CET 2026
#@# Talairach Mon Mar  9 03:08:35 CET 2026
#@# Talairach Failure Detection Mon Mar  9 03:11:25 CET 2026
#@# Nu Intensity Correction Mon Mar  9 03:11:25 CET 2026
#@# Intensity Normalization Mon Mar  9 03:14:10 CET 2026
recon-all -s sub-v1s17x0051141_ses-1 finished without error at Mon Mar  9 03:15:12 CET 2026



#New# invocation of recon-all 



status file for recon-all
Mon Mar  9 03:21:31 CET 2026
#@# EM Registration Mon Mar  9 03:21:31 CET 2026
recon-all -s sub-v1s17x0051141_ses-1 finished without error at Mon Mar  9 03:22:57 CET 2026



#New# invocation of recon-all 



status file for recon-all
Mon Mar  9 03:22:59 CET 2026
#@# CA Normalize Mon Mar  9 03:22:59 CET 2026
#@# CA Reg Mon Mar  9 03:23:52 CET 2026
#@# SubCort Seg Mon Mar  9 04:07:17 CET 2026
#@# CC Seg Mon Mar  9 04:29:41 CET 2026
#@# Merge ASeg Mon Mar  9 04:30:18 CET 2026
#@# Intensity Normalization2 Mon Mar  9 04:30:18 CET 2026
#@# Mask BFS Mon Mar  9 04:31:44 CET 2026
#@# WM Segmentation Mon Mar  9 04:31:45 CET 2026
#@# Fill Mon Mar  9 04:33:25 CET 2026
recon-all -s sub-v1s17x0051141_ses-1 finished without error at Mon Mar  9 04:34:03 CET 2026



#New# invocation of recon-all 



status file for recon-all
Mon Mar  9 05:41:49 CET 2026
#@# white curv lh Mon Mar  9 05:41:49 CET 2026
#@# white area lh Mon Mar  9 05:41:49 CET 2026
#@# pial curv lh Mon Mar  9 05:41:49 CET 2026
#@# pial area lh Mon Mar  9 05:41:49 CET 2026
#@# thickness lh Mon Mar  9 05:41:49 CET 2026
#@# area and vertex vol lh Mon Mar  9 05:41:49 CET 2026
#@# white curv rh Mon Mar  9 05:41:49 CET 2026
#@# white area rh Mon Mar  9 05:41:49 CET 2026
#@# pial curv rh Mon Mar  9 05:41:49 CET 2026
#@# pial area rh Mon Mar  9 05:41:49 CET 2026
#@# thickness rh Mon Mar  9 05:41:49 CET 2026
#@# area and vertex vol rh Mon Mar  9 05:41:49 CET 2026
#@# Cortical ribbon mask Mon Mar  9 05:41:49 CET 2026
recon-all -s sub-v1s17x0051141_ses-1 finished without error at Mon Mar  9 05:46:35 CET 2026



#New# invocation of recon-all 



status file for recon-all
Mon Mar  9 05:52:29 CET 2026
#@# white curv lh Mon Mar  9 05:52:29 CET 2026
#@# white area lh Mon Mar  9 05:52:29 CET 2026
#@# pial curv lh Mon Mar  9 05:52:29 CET 2026
#@# pial area lh Mon Mar  9 05:52:29 CET 2026
#@# thickness lh Mon Mar  9 05:52:29 CET 2026
#@# area and vertex vol lh Mon Mar  9 05:52:29 CET 2026
#@# white curv rh Mon Mar  9 05:52:29 CET 2026
#@# white area rh Mon Mar  9 05:52:29 CET 2026
#@# pial curv rh Mon Mar  9 05:52:29 CET 2026
#@# pial area rh Mon Mar  9 05:52:29 CET 2026
#@# thickness rh Mon Mar  9 05:52:29 CET 2026
#@# area and vertex vol rh Mon Mar  9 05:52:29 CET 2026
#@# Curvature Stats lh Mon Mar  9 05:52:29 CET 2026
#@# Curvature Stats rh Mon Mar  9 05:52:31 CET 2026
#@# Relabel Hypointensities Mon Mar  9 05:52:34 CET 2026
#@# APas-to-ASeg Mon Mar  9 05:52:45 CET 2026
#@# AParc-to-ASeg aparc Mon Mar  9 05:52:52 CET 2026
#@# AParc-to-ASeg aparc.a2009s Mon Mar  9 05:53:27 CET 2026
#@# AParc-to-ASeg aparc.DKTatlas Mon Mar  9 05:53:56 CET 2026
#@# WMParc Mon Mar  9 05:54:27 CET 2026
#@# ASeg Stats Mon Mar  9 05:56:37 CET 2026
recon-all -s sub-v1s17x0051141_ses-1 finished without error at Mon Mar  9 05:56:57 CET 2026
