/out/sourcedata/freesurfer/sub-v1s17x0050234_ses-1/mri
/opt/freesurfer/bin/talairach_avi
--i orig_nu.mgz --xfm transforms/talairach.auto.xfm
talairach_avi 7.3.2
Linux dna009 5.14.0-427.37.1.el9_4.x86_64 #1 SMP PREEMPT_DYNAMIC Fri Sep 13 12:41:50 EDT 2024 x86_64 x86_64 x86_64 GNU/Linux
Mon Mar  9 00:59:11 CET 2026
mri_convert orig_nu.mgz talsrcimg.img 
reading from orig_nu.mgz...
TR=0.00, TE=0.00, TI=0.00, flip angle=0.00
i_ras = (-1, 1.31695e-09, -4.65661e-10)
j_ras = (0, 9.31323e-10, -1)
k_ras = (-5.04224e-09, 1, 0)
writing to talsrcimg.img...
Analyze Output Matrix
-1.00000   0.00000  -0.00000   131.07855;
 0.00000   0.00000   1.00000  -132.76115;
-0.00000  -1.00000   0.00000   111.03972;
 0.00000   0.00000   0.00000   1.00000;
--------------------
INFO: set hdr.hist.orient to -1
mpr2mni305 talsrcimg
Mon Mar  9 00:59:11 CET 2026
/opt/freesurfer/bin/mpr2mni305 talsrcimg
mpr2mni305 7.3.2
target=711-2C_as_mni_average_305

---------------------------------------------------------------------
analyzeto4dfp talsrcimg -O0 -y
---------------------------------------------------------------------

freesurfer ifh2hdr.c
Mon Mar  9 00:59:11 2026
Writing: talsrcimg.4dfp.hdr
freesurfer analyzeto4dfp.c
Reading: talsrcimg.hdr
header size 348 bytes
hdr.dime.datatype	offset=70	value=2
hdr.dime.bitpix		offset=72	value=8
hdr.hist.orient		offset=252	value=-1
dimensionality     4
dimensions       256       256       256         1
Reading: talsrcimg.img
Writing: talsrcimg.4dfp.img
Writing: talsrcimg.4dfp.ifh
ifh2hdr talsrcimg -r0to255
ori=2

---------------------------------------------------------------------
gauss_4dfp talsrcimg 1.1
---------------------------------------------------------------------

freesurfer gauss_4dfp.c
Reading: talsrcimg.4dfp.img
Writing: talsrcimg_g11.4dfp.img
image dimensions 256 256 256 padded to 288 288 288
processing volume 1freesurfer ifh2hdr.c
Mon Mar  9 00:59:13 2026
Writing: talsrcimg_g11.4dfp.hdr

Writing: talsrcimg_g11.4dfp.ifh
including: talsrcimg.4dfp.img.rec in talsrcimg_g11.4dfp.img.rec

---------------------------------------------------------------------
imgreg_4dfp /opt/freesurfer/average/711-2C_as_mni_average_305 none talsrcimg_g11 none talsrcimg_to_711-2C_as_mni_average_305_t4 4355
---------------------------------------------------------------------

freesurfer imgreg_4dfp.c
/opt/freesurfer/average/711-2C_as_mni_average_305.4dfp.img
       256       256       256         1
  1.000000  1.000000  1.000000
orientation T byte_order littleendian
Reading image: /opt/freesurfer/average/711-2C_as_mni_average_305.4dfp.img
dimensions:      256       256       256
mmppix:       1.0000   -1.0000   -1.0000
center:     128.0000 -129.0000 -129.0000
talsrcimg_g11.4dfp.img
       256       256       256         1
  1.000000  1.000000  1.000000
orientation T byte_order littleendian
Reading image: talsrcimg_g11.4dfp.img
dimensions:      256       256       256
mmppix:       1.0000   -1.0000   -1.0000
center:     128.0000 -129.0000 -129.0000
t4_read: open error in t4_sub.f l:  41 t4_file(1:l)talsrcimg_to_711-2C_as_mni_average_305_t4 
t4_read: transform initialized to I4
rotation matrix determinant  1.000000
image alignment mode   4355 decimal     1103 hex
   -7.5000  -45.0000  -45.0000 7042.3735   13.9653
    0.0000  -45.0000  -45.0000 7394.7417   13.9824
    7.5000  -45.0000  -45.0000 7096.6255   13.9775
   -7.5000  -37.5000  -45.0000 7647.1855   13.7771
    0.0000  -37.5000  -45.0000 8002.5708   13.7994
    7.5000  -37.5000  -45.0000 7689.0732   13.7945
   -7.5000  -30.0000  -45.0000 8552.0596   13.6576
    0.0000  -30.0000  -45.0000 8942.0850   13.6862
    7.5000  -30.0000  -45.0000 8587.6367   13.6799
   -7.5000  -22.5000  -45.0000 9516.6045   13.6309
    0.0000  -22.5000  -45.0000 9946.5928   13.6592
    7.5000  -22.5000  -45.0000 9532.1348   13.6505
   -7.5000  -15.0000  -45.000010409.5684   13.6178
    0.0000  -15.0000  -45.000010892.7031   13.6403
    7.5000  -15.0000  -45.000010417.5410   13.6307
   -7.5000   -7.5000  -45.000011246.9971   13.6196
    0.0000   -7.5000  -45.000011763.8496   13.6360
    7.5000   -7.5000  -45.000011249.7305   13.6284
   -7.5000    0.0000  -45.000012010.6445   13.6325
    0.0000    0.0000  -45.000012561.8447   13.6481
    7.5000    0.0000  -45.000012010.6816   13.6431
   -7.5000    7.5000  -45.000011872.2168   13.6439
    0.0000    7.5000  -45.000012371.8877   13.6659
    7.5000    7.5000  -45.000011841.1592   13.6612
   -7.5000   15.0000  -45.000011539.0762   13.6441
    0.0000   15.0000  -45.000012018.7676   13.6726
    7.5000   15.0000  -45.000011489.0312   13.6662
   -7.5000   22.5000  -45.000011132.9502   13.6290
    0.0000   22.5000  -45.000011585.1826   13.6573
    7.5000   22.5000  -45.000011062.5020   13.6485
   -7.5000   30.0000  -45.000010711.6650   13.4363
    0.0000   30.0000  -45.000011147.0225   13.4586
    7.5000   30.0000  -45.000010654.5283   13.4490
   -7.5000   37.5000  -45.000010500.6953   13.4381
    0.0000   37.5000  -45.000010922.3691   13.4543
    7.5000   37.5000  -45.000010454.6943   13.4468
   -7.5000   45.0000  -45.0000 9785.4570   13.1093
    0.0000   45.0000  -45.000010166.9795   13.1243
    7.5000   45.0000  -45.0000 9727.6133   13.1195
   -7.5000  -45.0000  -37.5000 7451.6753   13.9021
    0.0000  -45.0000  -37.5000 7795.3296   13.9201
    7.5000  -45.0000  -37.5000 7498.3120   13.9189
   -7.5000  -37.5000  -37.5000 8101.3774   13.7189
    0.0000  -37.5000  -37.5000 8469.8262   13.7387
    7.5000  -37.5000  -37.5000 8137.6606   13.7377
   -7.5000  -30.0000  -37.5000 9056.7939   13.5980
    0.0000  -30.0000  -37.5000 9480.3633   13.6220
    7.5000  -30.0000  -37.5000 9107.4297   13.6207
   -7.5000  -22.5000  -37.500010081.0820   13.5669
    0.0000  -22.5000  -37.500010542.8486   13.5925
    7.5000  -22.5000  -37.500010103.9463   13.5890
   -7.5000  -15.0000  -37.500011041.0303   13.5506
    0.0000  -15.0000  -37.500011539.9990   13.5738
    7.5000  -15.0000  -37.500011035.6084   13.5691
   -7.5000   -7.5000  -37.500011904.8789   13.5545
    0.0000   -7.5000  -37.500012447.5332   13.5733
    7.5000   -7.5000  -37.500011911.2217   13.5698
   -7.5000    0.0000  -37.500012731.1680   13.5728
    0.0000    0.0000  -37.500013318.5244   13.5895
    7.5000    0.0000  -37.500012711.4072   13.5879
   -7.5000    7.5000  -37.500012574.3506   13.5867
    0.0000    7.5000  -37.500013137.9590   13.6062
    7.5000    7.5000  -37.500012527.1924   13.6054
   -7.5000   15.0000  -37.500012196.8135   13.5847
    0.0000   15.0000  -37.500012744.2070   13.6086
    7.5000   15.0000  -37.500012151.9277   13.6072
   -7.5000   22.5000  -37.500011730.1816   13.5650
    0.0000   22.5000  -37.500012233.4980   13.5905
    7.5000   22.5000  -37.500011679.2363   13.5871
   -7.5000   30.0000  -37.500011290.9268   13.3700
    0.0000   30.0000  -37.500011746.9629   13.3929
    7.5000   30.0000  -37.500011231.6592   13.3883
   -7.5000   37.5000  -37.500011082.1768   13.3738
    0.0000   37.5000  -37.500011520.0674   13.3924
    7.5000   37.5000  -37.500011031.1162   13.3890
   -7.5000   45.0000  -37.500010305.4258   13.0519
    0.0000   45.0000  -37.500010698.9385   13.0679
    7.5000   45.0000  -37.500010252.6084   13.0664
   -7.5000  -45.0000  -30.0000 7997.5771   14.4897
    0.0000  -45.0000  -30.0000 8357.1348   14.5125
    7.5000  -45.0000  -30.0000 8035.7388   14.5122
   -7.5000  -37.5000  -30.0000 8717.2725   14.3043
    0.0000  -37.5000  -30.0000 9112.1426   14.3265
    7.5000  -37.5000  -30.0000 8744.6406   14.3260
   -7.5000  -30.0000  -30.0000 9765.1299   14.1799
    0.0000  -30.0000  -30.000010217.8018   14.2037
    7.5000  -30.0000  -30.0000 9797.2988   14.2028
   -7.5000  -22.5000  -30.000010838.1768   14.1439
    0.0000  -22.5000  -30.000011347.0498   14.1686
    7.5000  -22.5000  -30.000010851.8545   14.1660
   -7.5000  -15.0000  -30.000011865.1699   14.1216
    0.0000  -15.0000  -30.000012409.1035   14.1453
    7.5000  -15.0000  -30.000011859.1211   14.1419
   -7.5000   -7.5000  -30.000012804.1074   14.1241
    0.0000   -7.5000  -30.000013377.8779   14.1460
    7.5000   -7.5000  -30.000012796.2051   14.1440
   -7.5000    0.0000  -30.000013708.7578   14.1467
    0.0000    0.0000  -30.000014294.2959   14.1677
    7.5000    0.0000  -30.000013653.1670   14.1671
   -7.5000    7.5000  -30.000013493.9268   14.1664
    0.0000    7.5000  -30.000014071.9287   14.1881
    7.5000    7.5000  -30.000013433.1406   14.1878
   -7.5000   15.0000  -30.000013075.6992   14.1660
    0.0000   15.0000  -30.000013634.1875   14.1897
    7.5000   15.0000  -30.000013035.1104   14.1887
   -7.5000   22.5000  -30.000012557.2686   14.1405
    0.0000   22.5000  -30.000013083.2861   14.1651
    7.5000   22.5000  -30.000012512.5781   14.1626
   -7.5000   30.0000  -30.000012031.6367   13.9348
    0.0000   30.0000  -30.000012524.4482   13.9581
    7.5000   30.0000  -30.000011964.8232   13.9548
   -7.5000   37.5000  -30.000011824.2373   13.9372
    0.0000   37.5000  -30.000012288.6689   13.9589
    7.5000   37.5000  -30.000011741.8818   13.9568
   -7.5000   45.0000  -30.000010981.5420   13.6137
    0.0000   45.0000  -30.000011405.6240   13.6340
    7.5000   45.0000  -30.000010914.6289   13.6334
   -7.5000  -45.0000  -22.5000 8550.2197   15.0026
    0.0000  -45.0000  -22.5000 8933.6182   15.0282
    7.5000  -45.0000  -22.5000 8569.9883   15.0247
   -7.5000  -37.5000  -22.5000 9302.6992   14.8119
    0.0000  -37.5000  -22.5000 9744.9863   14.8386
    7.5000  -37.5000  -22.5000 9323.3984   14.8340
   -7.5000  -30.0000  -22.500010418.6240   14.6870
    0.0000  -30.0000  -22.500010927.4209   14.7146
    7.5000  -30.0000  -22.500010434.2598   14.7085
   -7.5000  -22.5000  -22.500011548.1377   14.6510
    0.0000  -22.5000  -22.500012082.1738   14.6766
    7.5000  -22.5000  -22.500011549.7725   14.6691
   -7.5000  -15.0000  -22.500012644.2021   14.6266
    0.0000  -15.0000  -22.500013226.0947   14.6488
    7.5000  -15.0000  -22.500012649.0430   14.6414
   -7.5000   -7.5000  -22.500013659.0957   14.6257
    0.0000   -7.5000  -22.500014283.3369   14.6472
    7.5000   -7.5000  -22.500013659.8066   14.6419
   -7.5000    0.0000  -22.500014590.0166   14.6466
    0.0000    0.0000  -22.500015233.5723   14.6701
    7.5000    0.0000  -22.500014541.0010   14.6664
   -7.5000    7.5000  -22.500014393.4521   14.6691
    0.0000    7.5000  -22.500014992.7344   14.6952
    7.5000    7.5000  -22.500014299.5498   14.6908
   -7.5000   15.0000  -22.500013970.7197   14.6725
    0.0000   15.0000  -22.500014530.1484   14.7001
    7.5000   15.0000  -22.500013909.0439   14.6939
   -7.5000   22.5000  -22.500013387.0938   14.6464
    0.0000   22.5000  -22.500013922.1729   14.6720
    7.5000   22.5000  -22.500013330.1631   14.6645
   -7.5000   30.0000  -22.500012752.6152   14.4352
    0.0000   30.0000  -22.500013263.2012   14.4572
    7.5000   30.0000  -22.500012705.1338   14.4499
   -7.5000   37.5000  -22.500012502.1768   14.4344
    0.0000   37.5000  -22.500012991.9893   14.4556
    7.5000   37.5000  -22.500012445.9160   14.4504
   -7.5000   45.0000  -22.500011611.9131   14.1054
    0.0000   45.0000  -22.500012042.3770   14.1280
    7.5000   45.0000  -22.500011550.9336   14.1245
   -7.5000  -45.0000  -15.0000 9063.9189   15.3723
    0.0000  -45.0000  -15.0000 9474.5508   15.3979
    7.5000  -45.0000  -15.0000 9077.3291   15.3903
   -7.5000  -37.5000  -15.0000 9867.1797   15.1728
    0.0000  -37.5000  -15.000010334.8682   15.2030
    7.5000  -37.5000  -15.0000 9888.6133   15.1937
   -7.5000  -30.0000  -15.000011077.8770   15.0476
    0.0000  -30.0000  -15.000011597.0000   15.0805
    7.5000  -30.0000  -15.000011098.1875   15.0682
   -7.5000  -22.5000  -15.000012264.7744   15.0161
    0.0000  -22.5000  -15.000012813.7021   15.0448
    7.5000  -22.5000  -15.000012276.7627   15.0307
   -7.5000  -15.0000  -15.000013400.2217   14.9949
    0.0000  -15.0000  -15.000014029.2051   15.0169
    7.5000  -15.0000  -15.000013431.2520   15.0036
   -7.5000   -7.5000  -15.000014475.1514   14.9916
    0.0000   -7.5000  -15.000015151.7939   15.0114
    7.5000   -7.5000  -15.000014490.4580   15.0014
   -7.5000    0.0000  -15.000015469.2617   15.0067
    0.0000    0.0000  -15.000016182.1992   15.0300
    7.5000    0.0000  -15.000015438.3682   15.0224
   -7.5000    7.5000  -15.000015249.4082   15.0266
    0.0000    7.5000  -15.000015913.7090   15.0562
    7.5000    7.5000  -15.000015169.5322   15.0471
   -7.5000   15.0000  -15.000014820.9678   15.0327
    0.0000   15.0000  -15.000015431.0918   15.0655
    7.5000   15.0000  -15.000014755.8379   15.0532
   -7.5000   22.5000  -15.000014184.5459   15.0107
    0.0000   22.5000  -15.000014755.6533   15.0395
    7.5000   22.5000  -15.000014118.6172   15.0253
   -7.5000   30.0000  -15.000013463.4580   14.8009
    0.0000   30.0000  -15.000014025.8838   14.8225
    7.5000   30.0000  -15.000013424.8398   14.8094
   -7.5000   37.5000  -15.000013174.5283   14.7976
    0.0000   37.5000  -15.000013708.7520   14.8171
    7.5000   37.5000  -15.000013121.1230   14.8072
   -7.5000   45.0000  -15.000012235.1104   14.4609
    0.0000   45.0000  -15.000012708.8027   14.4834
    7.5000   45.0000  -15.000012189.2920   14.4760
   -7.5000  -45.0000   -7.5000 9572.6328   15.5452
    0.0000  -45.0000   -7.500010003.9346   15.5678
    7.5000  -45.0000   -7.5000 9602.3809   15.5593
   -7.5000  -37.5000   -7.500010442.1377   15.3377
    0.0000  -37.5000   -7.500010932.1797   15.3672
    7.5000  -37.5000   -7.500010481.8496   15.3576
   -7.5000  -30.0000   -7.500011764.3477   15.2096
    0.0000  -30.0000   -7.500012309.9941   15.2446
    7.5000  -30.0000   -7.500011786.5488   15.2320
   -7.5000  -22.5000   -7.500013022.5195   15.1820
    0.0000  -22.5000   -7.500013625.7842   15.2137
    7.5000  -22.5000   -7.500013041.1523   15.1985
   -7.5000  -15.0000   -7.500014209.2939   15.1662
    0.0000  -15.0000   -7.500014888.7158   15.1896
    7.5000  -15.0000   -7.500014232.9316   15.1747
   -7.5000   -7.5000   -7.500015329.0215   15.1642
    0.0000   -7.5000   -7.500016062.8291   15.1826
    7.5000   -7.5000   -7.500015327.7588   15.1710
   -7.5000    0.0000   -7.500016376.2949   15.1753
    0.0000    0.0000   -7.500017143.5508   15.1960
    7.5000    0.0000   -7.500016337.0088   15.1875
   -7.5000    7.5000   -7.500016155.9814   15.1901
    0.0000    7.5000   -7.500016907.4492   15.2190
    7.5000    7.5000   -7.500016073.4014   15.2096
   -7.5000   15.0000   -7.500015699.5059   15.1946
    0.0000   15.0000   -7.500016370.6621   15.2295
    7.5000   15.0000   -7.500015615.5977   15.2168
   -7.5000   22.5000   -7.500015010.2910   15.1749
    0.0000   22.5000   -7.500015671.7236   15.2066
    7.5000   22.5000   -7.500014908.0430   15.1915
   -7.5000   30.0000   -7.500014257.8271   14.9695
    0.0000   30.0000   -7.500014862.3438   14.9927
    7.5000   30.0000   -7.500014149.6543   14.9779
   -7.5000   37.5000   -7.500013915.0811   14.9675
    0.0000   37.5000   -7.500014502.2930   14.9857
    7.5000   37.5000   -7.500013820.7705   14.9742
   -7.5000   45.0000   -7.500012904.4111   14.6262
    0.0000   45.0000   -7.500013410.7715   14.6461
    7.5000   45.0000   -7.500012835.7637   14.6379
   -7.5000  -45.0000    0.000010033.0000   15.5618
    0.0000  -45.0000    0.000010485.9385   15.5808
    7.5000  -45.0000    0.000010076.9678   15.5754
   -7.5000  -37.5000    0.000010958.7090   15.3525
    0.0000  -37.5000    0.000011478.7412   15.3773
    7.5000  -37.5000    0.000011001.7217   15.3718
   -7.5000  -30.0000    0.000012353.4717   15.2198
    0.0000  -30.0000    0.000012934.4893   15.2515
    7.5000  -30.0000    0.000012377.7295   15.2444
   -7.5000  -22.5000    0.000013724.0703   15.1905
    0.0000  -22.5000    0.000014366.8662   15.2218
    7.5000  -22.5000    0.000013733.0830   15.2120
   -7.5000  -15.0000    0.000014970.7725   15.1763
    0.0000  -15.0000    0.000015681.2822   15.2012
    7.5000  -15.0000    0.000014971.5088   15.1905
   -7.5000   -7.5000    0.000016123.9033   15.1784
    0.0000   -7.5000    0.000016867.2031   15.1966
    7.5000   -7.5000    0.000016113.1660   15.1881
   -7.5000    0.0000    0.000017220.4434   15.1924
    0.0000    0.0000    0.000018009.1406   15.2098
    7.5000    0.0000    0.000017192.1816   15.2043
   -7.5000    7.5000    0.000017101.6445   15.2047
    0.0000    7.5000    0.000017936.5566   15.2291
    7.5000    7.5000    0.000017017.9043   15.2239
   -7.5000   15.0000    0.000016698.8027   15.2048
    0.0000   15.0000    0.000017498.6543   15.2364
    7.5000   15.0000    0.000016501.4355   15.2292
   -7.5000   22.5000    0.000015919.0186   15.1834
    0.0000   22.5000    0.000016695.9062   15.2147
    7.5000   22.5000    0.000015699.0908   15.2049
   -7.5000   30.0000    0.000015027.1006   14.9798
    0.0000   30.0000    0.000015732.5479   15.0045
    7.5000   30.0000    0.000014821.4727   14.9939
   -7.5000   37.5000    0.000014607.5566   14.9820
    0.0000   37.5000    0.000015267.0391   15.0000
    7.5000   37.5000    0.000014440.0449   14.9916
   -7.5000   45.0000    0.000013550.5713   14.6438
    0.0000   45.0000    0.000014101.2158   14.6605
    7.5000   45.0000    0.000013413.8438   14.6552
   -7.5000  -45.0000    7.5000 9732.5137   15.5542
    0.0000  -45.0000    7.500010180.3770   15.5744
    7.5000  -45.0000    7.5000 9771.4854   15.5730
   -7.5000  -37.5000    7.500010649.9316   15.3493
    0.0000  -37.5000    7.500011144.5322   15.3715
    7.5000  -37.5000    7.500010678.6943   15.3704
   -7.5000  -30.0000    7.500012004.4551   15.2141
    0.0000  -30.0000    7.500012563.9004   15.2410
    7.5000  -30.0000    7.500012020.9502   15.2395
   -7.5000  -22.5000    7.500013378.9141   15.1794
    0.0000  -22.5000    7.500013986.7686   15.2079
    7.5000  -22.5000    7.500013367.5752   15.2041
   -7.5000  -15.0000    7.500014638.2236   15.1611
    0.0000  -15.0000    7.500015327.9805   15.1870
    7.5000  -15.0000    7.500014613.4160   15.1818
   -7.5000   -7.5000    7.500015765.5596   15.1654
    0.0000   -7.5000    7.500016527.0039   15.1864
    7.5000   -7.5000    7.500015735.6709   15.1826
   -7.5000    0.0000    7.500016840.3418   15.1859
    0.0000    0.0000    7.500017672.8301   15.2045
    7.5000    0.0000    7.500016813.8379   15.2028
   -7.5000    7.5000    7.500016804.1152   15.2015
    0.0000    7.5000    7.500017724.1172   15.2232
    7.5000    7.5000    7.500016678.1152   15.2223
   -7.5000   15.0000    7.500016423.3945   15.1992
    0.0000   15.0000    7.500017390.1562   15.2259
    7.5000   15.0000    7.500016179.1562   15.2244
   -7.5000   22.5000    7.500015606.0762   15.1723
    0.0000   22.5000    7.500016489.7891   15.2008
    7.5000   22.5000    7.500015380.8359   15.1970
   -7.5000   30.0000    7.500014696.6084   14.9649
    0.0000   30.0000    7.500015438.0957   14.9904
    7.5000   30.0000    7.500014476.2783   14.9853
   -7.5000   37.5000    7.500014203.3076   14.9691
    0.0000   37.5000    7.500014873.4951   14.9899
    7.5000   37.5000    7.500014034.6660   14.9861
   -7.5000   45.0000    7.500013158.6689   14.6374
    0.0000   45.0000    7.500013729.6973   14.6554
    7.5000   45.0000    7.500013011.5176   14.6537
   -7.5000  -45.0000   15.0000 9347.3291   15.5595
    0.0000  -45.0000   15.0000 9787.2969   15.5840
    7.5000  -45.0000   15.0000 9359.2246   15.5837
   -7.5000  -37.5000   15.000010243.7246   15.3605
    0.0000  -37.5000   15.000010727.1445   15.3843
    7.5000  -37.5000   15.000010243.0498   15.3838
   -7.5000  -30.0000   15.000011543.8408   15.2269
    0.0000  -30.0000   15.000012102.0791   15.2525
    7.5000  -30.0000   15.000011543.2178   15.2515
   -7.5000  -22.5000   15.000012865.1514   15.1882
    0.0000  -22.5000   15.000013494.5264   15.2147
    7.5000  -22.5000   15.000012846.5078   15.2120
   -7.5000  -15.0000   15.000014095.4424   15.1643
    0.0000  -15.0000   15.000014782.1084   15.1897
    7.5000  -15.0000   15.000014058.3730   15.1861
   -7.5000   -7.5000   15.000015204.2334   15.1669
    0.0000   -7.5000   15.000015934.6797   15.1905
    7.5000   -7.5000   15.000015159.4492   15.1883
   -7.5000    0.0000   15.000016222.5996   15.1912
    0.0000    0.0000   15.000016972.6836   15.2138
    7.5000    0.0000   15.000016178.7041   15.2131
   -7.5000    7.5000   15.000016070.4697   15.2124
    0.0000    7.5000   15.000016845.7793   15.2357
    7.5000    7.5000   15.000015977.0645   15.2354
   -7.5000   15.0000   15.000015628.2158   15.2119
    0.0000   15.0000   15.000016401.7949   15.2374
    7.5000   15.0000   15.000015512.0459   15.2364
   -7.5000   22.5000   15.000014922.1943   15.1812
    0.0000   22.5000   15.000015644.1670   15.2076
    7.5000   22.5000   15.000014835.8984   15.2049
   -7.5000   30.0000   15.000014111.0732   14.9681
    0.0000   30.0000   15.000014763.3887   14.9931
    7.5000   30.0000   15.000014008.5771   14.9895
   -7.5000   37.5000   15.000013621.9873   14.9706
    0.0000   37.5000   15.000014237.1943   14.9939
    7.5000   37.5000   15.000013523.7305   14.9917
   -7.5000   45.0000   15.000012605.6719   14.6426
    0.0000   45.0000   15.000013170.6680   14.6644
    7.5000   45.0000   15.000012485.8613   14.6637
   -7.5000  -45.0000   22.5000 8851.2783   15.5739
    0.0000  -45.0000   22.5000 9279.2852   15.6005
    7.5000  -45.0000   22.5000 8848.4141   15.5969
   -7.5000  -37.5000   22.5000 9733.2471   15.3759
    0.0000  -37.5000   22.500010199.1582   15.4037
    7.5000  -37.5000   22.5000 9732.6660   15.3989
   -7.5000  -30.0000   22.500010964.5967   15.2463
    0.0000  -30.0000   22.500011497.9053   15.2750
    7.5000  -30.0000   22.500010955.7266   15.2687
   -7.5000  -22.5000   22.500012198.0986   15.2089
    0.0000  -22.5000   22.500012787.7676   15.2355
    7.5000  -22.5000   22.500012200.6699   15.2277
   -7.5000  -15.0000   22.500013331.6094   15.1836
    0.0000  -15.0000   22.500013953.7607   15.2066
    7.5000  -15.0000   22.500013321.6953   15.1990
   -7.5000   -7.5000   22.500014362.9707   15.1826
    0.0000   -7.5000   22.500014998.7510   15.2050
    7.5000   -7.5000   22.500014350.6436   15.1995
   -7.5000    0.0000   22.500015351.1719   15.2044
    0.0000    0.0000   22.500016016.4072   15.2287
    7.5000    0.0000   22.500015312.9248   15.2249
   -7.5000    7.5000   22.500015161.3467   15.2277
    0.0000    7.5000   22.500015900.3174   15.2548
    7.5000    7.5000   22.500015107.2549   15.2502
   -7.5000   15.0000   22.500014708.4248   15.2313
    0.0000   15.0000   22.500015407.2275   15.2598
    7.5000   15.0000   22.500014670.7285   15.2535
   -7.5000   22.5000   22.500014076.5508   15.2018
    0.0000   22.5000   22.500014708.8145   15.2284
    7.5000   22.5000   22.500014059.0107   15.2206
   -7.5000   30.0000   22.500013357.7188   14.9871
    0.0000   30.0000   22.500013945.8936   15.0098
    7.5000   30.0000   22.500013314.0020   15.0022
   -7.5000   37.5000   22.500012925.3740   14.9861
    0.0000   37.5000   22.500013496.8555   15.0082
    7.5000   37.5000   22.500012857.9922   15.0028
   -7.5000   45.0000   22.500011965.3076   14.6553
    0.0000   45.0000   22.500012500.6025   14.6788
    7.5000   45.0000   22.500011881.7266   14.6751
   -7.5000  -45.0000   30.0000 8225.0811   15.5974
    0.0000  -45.0000   30.0000 8608.8887   15.6232
    7.5000  -45.0000   30.0000 8220.7656   15.6154
   -7.5000  -37.5000   30.0000 9045.4316   15.3948
    0.0000  -37.5000   30.0000 9486.6211   15.4253
    7.5000  -37.5000   30.0000 9057.6182   15.4157
   -7.5000  -30.0000   30.000010190.6172   15.2676
    0.0000  -30.0000   30.000010690.8350   15.3008
    7.5000  -30.0000   30.000010206.1230   15.2883
   -7.5000  -22.5000   30.000011338.7568   15.2356
    0.0000  -22.5000   30.000011870.4326   15.2647
    7.5000  -22.5000   30.000011345.9336   15.2503
   -7.5000  -15.0000   30.000012386.0576   15.2142
    0.0000  -15.0000   30.000012942.0000   15.2363
    7.5000  -15.0000   30.000012399.7666   15.2227
   -7.5000   -7.5000   30.000013378.7451   15.2109
    0.0000   -7.5000   30.000013956.0518   15.2307
    7.5000   -7.5000   30.000013390.2793   15.2205
   -7.5000    0.0000   30.000014299.6211   15.2261
    0.0000    0.0000   30.000014945.7256   15.2496
    7.5000    0.0000   30.000014307.7568   15.2418
   -7.5000    7.5000   30.000014108.6777   15.2463
    0.0000    7.5000   30.000014800.1045   15.2762
    7.5000    7.5000   30.000014086.0420   15.2668
   -7.5000   15.0000   30.000013726.8037   15.2525
    0.0000   15.0000   30.000014360.0840   15.2856
    7.5000   15.0000   30.000013708.3125   15.2730
   -7.5000   22.5000   30.000013172.6553   15.2286
    0.0000   22.5000   30.000013747.2021   15.2576
    7.5000   22.5000   30.000013157.1465   15.2432
   -7.5000   30.0000   30.000012513.8047   15.0173
    0.0000   30.0000   30.000013068.6270   15.0391
    7.5000   30.0000   30.000012475.1074   15.0257
   -7.5000   37.5000   30.000012093.3916   15.0140
    0.0000   37.5000   30.000012623.9834   15.0336
    7.5000   37.5000   30.000012047.5576   15.0235
   -7.5000   45.0000   30.000011175.5176   14.6762
    0.0000   45.0000   30.000011665.8613   14.6989
    7.5000   45.0000   30.000011127.2393   14.6913
   -7.5000  -45.0000   37.5000 7856.1445   15.7532
    0.0000  -45.0000   37.5000 8226.0264   15.7760
    7.5000  -45.0000   37.5000 7852.7070   15.7670
   -7.5000  -37.5000   37.5000 8635.9170   15.5403
    0.0000  -37.5000   37.5000 9043.9570   15.5702
    7.5000  -37.5000   37.5000 8650.5469   15.5600
   -7.5000  -30.0000   37.5000 9756.1348   15.4088
    0.0000  -30.0000   37.500010203.5967   15.4444
    7.5000  -30.0000   37.5000 9773.4570   15.4312
   -7.5000  -22.5000   37.500010870.9053   15.3805
    0.0000  -22.5000   37.500011353.0166   15.4128
    7.5000  -22.5000   37.500010889.6211   15.3971
   -7.5000  -15.0000   37.500011896.5020   15.3646
    0.0000  -15.0000   37.500012418.0000   15.3884
    7.5000  -15.0000   37.500011920.6553   15.3730
   -7.5000   -7.5000   37.500012869.1914   15.3628
    0.0000   -7.5000   37.500013436.7207   15.3815
    7.5000   -7.5000   37.500012888.0127   15.3694
   -7.5000    0.0000   37.500013765.1064   15.3743
    0.0000    0.0000   37.500014381.7393   15.3952
    7.5000    0.0000   37.500013770.6982   15.3861
   -7.5000    7.5000   37.500013563.0215   15.3891
    0.0000    7.5000   37.500014188.4590   15.4183
    7.5000    7.5000   37.500013536.8975   15.4085
   -7.5000   15.0000   37.500013201.7129   15.3934
    0.0000   15.0000   37.500013771.6289   15.4289
    7.5000   15.0000   37.500013169.6592   15.4157
   -7.5000   22.5000   37.500012681.2217   15.3734
    0.0000   22.5000   37.500013230.8281   15.4056
    7.5000   22.5000   37.500012672.3564   15.3900
   -7.5000   30.0000   37.500012073.9375   15.1657
    0.0000   30.0000   37.500012593.9062   15.1893
    7.5000   30.0000   37.500012041.2344   15.1741
   -7.5000   37.5000   37.500011670.1406   15.1640
    0.0000   37.5000   37.500012177.3340   15.1824
    7.5000   37.5000   37.500011628.7539   15.1704
   -7.5000   45.0000   37.500010794.3564   14.8190
    0.0000   45.0000   37.500011252.7422   14.8392
    7.5000   45.0000   37.500010749.9580   14.8305
   -7.5000  -45.0000   45.0000 7163.0200   15.9287
    0.0000  -45.0000   45.0000 7498.9341   15.9482
    7.5000  -45.0000   45.0000 7166.3364   15.9423
   -7.5000  -37.5000   45.0000 7875.0776   15.7100
    0.0000  -37.5000   45.0000 8229.7588   15.7355
    7.5000  -37.5000   45.0000 7880.2979   15.7296
   -7.5000  -30.0000   45.0000 8902.8643   15.5709
    0.0000  -30.0000   45.0000 9297.7939   15.6033
    7.5000  -30.0000   45.0000 8907.4521   15.5958
   -7.5000  -22.5000   45.0000 9933.2695   15.5387
    0.0000  -22.5000   45.000010363.3643   15.5707
    7.5000  -22.5000   45.0000 9926.6465   15.5602
   -7.5000  -15.0000   45.000010891.2607   15.5216
    0.0000  -15.0000   45.000011346.1855   15.5471
    7.5000  -15.0000   45.000010889.9121   15.5354
   -7.5000   -7.5000   45.000011776.7148   15.5233
    0.0000   -7.5000   45.000012277.9648   15.5419
    7.5000   -7.5000   45.000011770.5547   15.5325
   -7.5000    0.0000   45.000012589.7090   15.5394
    0.0000    0.0000   45.000013119.8350   15.5572
    7.5000    0.0000   45.000012564.3584   15.5512
   -7.5000    7.5000   45.000012411.5449   15.5542
    0.0000    7.5000   45.000012951.8125   15.5793
    7.5000    7.5000   45.000012370.6182   15.5737
   -7.5000   15.0000   45.000012079.7441   15.5550
    0.0000   15.0000   45.000012588.2275   15.5874
    7.5000   15.0000   45.000012059.7051   15.5799
   -7.5000   22.5000   45.000011611.3633   15.5314
    0.0000   22.5000   45.000012107.3428   15.5634
    7.5000   22.5000   45.000011609.2832   15.5529
   -7.5000   30.0000   45.000011061.3213   15.3194
    0.0000   30.0000   45.000011531.2725   15.3446
    7.5000   30.0000   45.000011031.5557   15.3330
   -7.5000   37.5000   45.000010707.9609   15.3211
    0.0000   37.5000   45.000011163.7373   15.3394
    7.5000   37.5000   45.000010659.8057   15.3302
   -7.5000   45.0000   45.0000 9925.3125   14.9850
    0.0000   45.0000   45.000010325.9277   15.0022
    7.5000   45.0000   45.0000 9873.6836   14.9963

---------------------------------------------------------------------
imgreg_4dfp /opt/freesurfer/average/711-2C_as_mni_average_305 /opt/freesurfer/average/711-2B_as_mni_average_305_mask talsrcimg_g11 none talsrcimg_to_711-2C_as_mni_average_305_t4 4355
---------------------------------------------------------------------

freesurfer imgreg_4dfp.c
/opt/freesurfer/average/711-2C_as_mni_average_305.4dfp.img
       256       256       256         1
  1.000000  1.000000  1.000000
orientation T byte_order littleendian
Reading image: /opt/freesurfer/average/711-2C_as_mni_average_305.4dfp.img
dimensions:      256       256       256
mmppix:       1.0000   -1.0000   -1.0000
center:     128.0000 -129.0000 -129.0000
/opt/freesurfer/average/711-2B_as_mni_average_305_mask.4dfp.img
       256       256       256         1
  1.000000  1.000000  1.000000
orientation T byte_order littleendian
Reading mask: /opt/freesurfer/average/711-2B_as_mni_average_305_mask.4dfp.img (2306576 pixels)
talsrcimg_g11.4dfp.img
       256       256       256         1
  1.000000  1.000000  1.000000
orientation T byte_order littleendian
Reading image: talsrcimg_g11.4dfp.img
dimensions:      256       256       256
mmppix:       1.0000   -1.0000   -1.0000
center:     128.0000 -129.0000 -129.0000
rotation matrix determinant  1.000000
image alignment mode   4355 decimal     1103 hex
   -7.5000  -45.0000  -45.0000 1980.4176   19.2150
    0.0000  -45.0000  -45.0000 1996.6107   19.1778
    7.5000  -45.0000  -45.0000 1985.2185   19.2632
   -7.5000  -37.5000  -45.0000 2087.1956   17.2207
    0.0000  -37.5000  -45.0000 2100.2412   17.1376
    7.5000  -37.5000  -45.0000 2090.3157   17.2173
   -7.5000  -30.0000  -45.0000 2176.7090   15.6401
    0.0000  -30.0000  -45.0000 2190.6843   15.5217
    7.5000  -30.0000  -45.0000 2179.0010   15.6103
   -7.5000  -22.5000  -45.0000 2254.7012   14.4453
    0.0000  -22.5000  -45.0000 2271.3196   14.3192
    7.5000  -22.5000  -45.0000 2256.9766   14.4087
   -7.5000  -15.0000  -45.0000 2298.3040   13.6105
    0.0000  -15.0000  -45.0000 2320.1008   13.4943
    7.5000  -15.0000  -45.0000 2302.7283   13.5845
   -7.5000   -7.5000  -45.0000 2331.6245   13.0641
    0.0000   -7.5000  -45.0000 2353.2537   12.9374
    7.5000   -7.5000  -45.0000 2335.6548   13.0356
   -7.5000    0.0000  -45.0000 2345.8713   12.8231
    0.0000    0.0000  -45.0000 2368.3381   12.6582
    7.5000    0.0000  -45.0000 2350.3325   12.7805
   -7.5000    7.5000  -45.0000 2351.2717   12.7132
    0.0000    7.5000  -45.0000 2367.0413   12.5695
    7.5000    7.5000  -45.0000 2352.5769   12.6938
   -7.5000   15.0000  -45.0000 2348.8857   12.8214
    0.0000   15.0000  -45.0000 2364.4792   12.6861
    7.5000   15.0000  -45.0000 2349.9438   12.8215
   -7.5000   22.5000  -45.0000 2324.1392   13.1757
    0.0000   22.5000  -45.0000 2339.5430   13.0112
    7.5000   22.5000  -45.0000 2323.0022   13.1669
   -7.5000   30.0000  -45.0000 2283.6780   13.7096
    0.0000   30.0000  -45.0000 2297.5315   13.5641
    7.5000   30.0000  -45.0000 2279.8652   13.7252
   -7.5000   37.5000  -45.0000 2225.4966   14.5035
    0.0000   37.5000  -45.0000 2243.6892   14.3525
    7.5000   37.5000  -45.0000 2223.7778   14.5386
   -7.5000   45.0000  -45.0000 2153.5383   15.6090
    0.0000   45.0000  -45.0000 2166.4700   15.4458
    7.5000   45.0000  -45.0000 2146.9531   15.6616
   -7.5000  -45.0000  -37.5000 2048.5518   18.0000
    0.0000  -45.0000  -37.5000 2060.5786   17.9041
    7.5000  -45.0000  -37.5000 2048.6921   18.0120
   -7.5000  -37.5000  -37.5000 2163.3330   16.1157
    0.0000  -37.5000  -37.5000 2173.6924   16.0112
    7.5000  -37.5000  -37.5000 2162.6350   16.1299
   -7.5000  -30.0000  -37.5000 2256.8560   14.6288
    0.0000  -30.0000  -37.5000 2273.6541   14.5246
    7.5000  -30.0000  -37.5000 2260.4023   14.6190
   -7.5000  -22.5000  -37.5000 2341.3972   13.4701
    0.0000  -22.5000  -37.5000 2359.8789   13.3512
    7.5000  -22.5000  -37.5000 2346.7551   13.4574
   -7.5000  -15.0000  -37.5000 2394.0969   12.6050
    0.0000  -15.0000  -37.5000 2413.8486   12.4936
    7.5000  -15.0000  -37.5000 2401.2195   12.6031
   -7.5000   -7.5000  -37.5000 2429.5002   12.0797
    0.0000   -7.5000  -37.5000 2451.0413   11.9607
    7.5000   -7.5000  -37.5000 2437.2087   12.0691
   -7.5000    0.0000  -37.5000 2448.4561   11.8020
    0.0000    0.0000  -37.5000 2469.4358   11.6725
    7.5000    0.0000  -37.5000 2454.8079   11.8007
   -7.5000    7.5000  -37.5000 2450.4878   11.7463
    0.0000    7.5000  -37.5000 2469.4409   11.6298
    7.5000    7.5000  -37.5000 2455.5454   11.7571
   -7.5000   15.0000  -37.5000 2452.0481   11.8115
    0.0000   15.0000  -37.5000 2470.0342   11.6978
    7.5000   15.0000  -37.5000 2451.7703   11.8361
   -7.5000   22.5000  -37.5000 2430.8289   12.0937
    0.0000   22.5000  -37.5000 2447.6228   11.9671
    7.5000   22.5000  -37.5000 2427.8284   12.1082
   -7.5000   30.0000  -37.5000 2391.8889   12.5356
    0.0000   30.0000  -37.5000 2404.8440   12.4236
    7.5000   30.0000  -37.5000 2387.3657   12.5736
   -7.5000   37.5000  -37.5000 2332.5171   13.2660
    0.0000   37.5000  -37.5000 2346.1248   13.1301
    7.5000   37.5000  -37.5000 2327.0632   13.3111
   -7.5000   45.0000  -37.5000 2252.2117   14.2868
    0.0000   45.0000  -37.5000 2266.5574   14.1297
    7.5000   45.0000  -37.5000 2244.7476   14.3394
   -7.5000  -45.0000  -30.0000 2140.5793   17.5341
    0.0000  -45.0000  -30.0000 2151.7390   17.4125
    7.5000  -45.0000  -30.0000 2142.1963   17.5698
   -7.5000  -37.5000  -30.0000 2265.6821   15.7440
    0.0000  -37.5000  -30.0000 2280.9644   15.6361
    7.5000  -37.5000  -30.0000 2268.5698   15.7400
   -7.5000  -30.0000  -30.0000 2370.5288   14.2549
    0.0000  -30.0000  -30.0000 2390.2261   14.1455
    7.5000  -30.0000  -30.0000 2377.8069   14.2435
   -7.5000  -22.5000  -30.0000 2461.0942   13.0496
    0.0000  -22.5000  -30.0000 2482.7351   12.9387
    7.5000  -22.5000  -30.0000 2469.2568   13.0358
   -7.5000  -15.0000  -30.0000 2526.3708   12.1447
    0.0000  -15.0000  -30.0000 2546.9165   12.0262
    7.5000  -15.0000  -30.0000 2536.1394   12.1387
   -7.5000   -7.5000  -30.0000 2569.1841   11.6063
    0.0000   -7.5000  -30.0000 2587.2114   11.4981
    7.5000   -7.5000  -30.0000 2578.2156   11.5965
   -7.5000    0.0000  -30.0000 2601.7205   11.3058
    0.0000    0.0000  -30.0000 2619.1990   11.1946
    7.5000    0.0000  -30.0000 2601.1714   11.3101
   -7.5000    7.5000  -30.0000 2603.2361   11.2468
    0.0000    7.5000  -30.0000 2622.5391   11.1417
    7.5000    7.5000  -30.0000 2606.3042   11.2730
   -7.5000   15.0000  -30.0000 2601.1956   11.2939
    0.0000   15.0000  -30.0000 2621.4182   11.2039
    7.5000   15.0000  -30.0000 2599.9250   11.3510
   -7.5000   22.5000  -30.0000 2586.0859   11.5328
    0.0000   22.5000  -30.0000 2601.0198   11.4258
    7.5000   22.5000  -30.0000 2581.9961   11.5782
   -7.5000   30.0000  -30.0000 2546.6345   11.9308
    0.0000   30.0000  -30.0000 2563.3848   11.8144
    7.5000   30.0000  -30.0000 2539.8999   11.9747
   -7.5000   37.5000  -30.0000 2482.2173   12.6146
    0.0000   37.5000  -30.0000 2496.5176   12.4911
    7.5000   37.5000  -30.0000 2471.9089   12.6438
   -7.5000   45.0000  -30.0000 2390.1924   13.6069
    0.0000   45.0000  -30.0000 2405.7122   13.4419
    7.5000   45.0000  -30.0000 2381.2478   13.6357
   -7.5000  -45.0000  -22.5000 2208.2202   17.0877
    0.0000  -45.0000  -22.5000 2218.5205   16.9356
    7.5000  -45.0000  -22.5000 2211.6475   17.0760
   -7.5000  -37.5000  -22.5000 2338.5322   15.2850
    0.0000  -37.5000  -22.5000 2354.8853   15.1862
    7.5000  -37.5000  -22.5000 2342.9849   15.2799
   -7.5000  -30.0000  -22.5000 2447.4634   13.7903
    0.0000  -30.0000  -22.5000 2468.8052   13.7218
    7.5000  -30.0000  -22.5000 2454.8179   13.7882
   -7.5000  -22.5000  -22.5000 2541.5188   12.5659
    0.0000  -22.5000  -22.5000 2560.0527   12.4654
    7.5000  -22.5000  -22.5000 2552.3083   12.5491
   -7.5000  -15.0000  -22.5000 2618.1960   11.6457
    0.0000  -15.0000  -22.5000 2637.9875   11.5404
    7.5000  -15.0000  -22.5000 2633.0642   11.6452
   -7.5000   -7.5000  -22.5000 2674.7466   11.0753
    0.0000   -7.5000  -22.5000 2696.7825   10.9712
    7.5000   -7.5000  -22.5000 2686.1282   11.0847
   -7.5000    0.0000  -22.5000 2708.2737   10.7663
    0.0000    0.0000  -22.5000 2730.6333   10.6626
    7.5000    0.0000  -22.5000 2710.4753   10.7722
   -7.5000    7.5000  -22.5000 2726.7603   10.6792
    0.0000    7.5000  -22.5000 2749.5181   10.5726
    7.5000    7.5000  -22.5000 2728.9812   10.6862
   -7.5000   15.0000  -22.5000 2726.5081   10.7466
    0.0000   15.0000  -22.5000 2749.0283   10.6194
    7.5000   15.0000  -22.5000 2729.8733   10.7693
   -7.5000   22.5000  -22.5000 2715.7683   10.9401
    0.0000   22.5000  -22.5000 2736.5806   10.8437
    7.5000   22.5000  -22.5000 2713.1555   10.9913
   -7.5000   30.0000  -22.5000 2673.4368   11.3079
    0.0000   30.0000  -22.5000 2697.0376   11.1962
    7.5000   30.0000  -22.5000 2671.4900   11.3607
   -7.5000   37.5000  -22.5000 2605.5706   11.9422
    0.0000   37.5000  -22.5000 2626.1169   11.8309
    7.5000   37.5000  -22.5000 2598.8220   11.9827
   -7.5000   45.0000  -22.5000 2509.1836   12.8705
    0.0000   45.0000  -22.5000 2524.9512   12.7371
    7.5000   45.0000  -22.5000 2501.8662   12.9207
   -7.5000  -45.0000  -15.0000 2239.6558   16.6648
    0.0000  -45.0000  -15.0000 2254.5867   16.5416
    7.5000  -45.0000  -15.0000 2242.9399   16.6137
   -7.5000  -37.5000  -15.0000 2373.0315   14.8578
    0.0000  -37.5000  -15.0000 2394.7795   14.7559
    7.5000  -37.5000  -15.0000 2381.0618   14.8397
   -7.5000  -30.0000  -15.0000 2491.0112   13.3865
    0.0000  -30.0000  -15.0000 2513.8274   13.2888
    7.5000  -30.0000  -15.0000 2502.1855   13.3729
   -7.5000  -22.5000  -15.0000 2587.2195   12.1443
    0.0000  -22.5000  -15.0000 2605.8977   12.0434
    7.5000  -22.5000  -15.0000 2604.2993   12.1393
   -7.5000  -15.0000  -15.0000 2675.2000   11.2278
    0.0000  -15.0000  -15.0000 2699.0146   11.1334
    7.5000  -15.0000  -15.0000 2693.5789   11.2305
   -7.5000   -7.5000  -15.0000 2743.7568   10.5849
    0.0000   -7.5000  -15.0000 2770.0166   10.4870
    7.5000   -7.5000  -15.0000 2758.9111   10.5995
   -7.5000    0.0000  -15.0000 2784.7634   10.2493
    0.0000    0.0000  -15.0000 2813.4316   10.1355
    7.5000    0.0000  -15.0000 2792.5139   10.2616
   -7.5000    7.5000  -15.0000 2816.8525   10.1419
    0.0000    7.5000  -15.0000 2842.3616   10.0268
    7.5000    7.5000  -15.0000 2820.0356   10.1490
   -7.5000   15.0000  -15.0000 2824.2195   10.1961
    0.0000   15.0000  -15.0000 2854.3560   10.0636
    7.5000   15.0000  -15.0000 2827.5278   10.2082
   -7.5000   22.5000  -15.0000 2814.8171   10.3881
    0.0000   22.5000  -15.0000 2842.5808   10.2709
    7.5000   22.5000  -15.0000 2810.1436   10.4248
   -7.5000   30.0000  -15.0000 2767.2485   10.7205
    0.0000   30.0000  -15.0000 2796.7332   10.6059
    7.5000   30.0000  -15.0000 2766.5144   10.7684
   -7.5000   37.5000  -15.0000 2695.3433   11.3196
    0.0000   37.5000  -15.0000 2722.3030   11.2118
    7.5000   37.5000  -15.0000 2692.7305   11.3673
   -7.5000   45.0000  -15.0000 2595.6853   12.2101
    0.0000   45.0000  -15.0000 2612.9448   12.0739
    7.5000   45.0000  -15.0000 2588.2961   12.2515
   -7.5000  -45.0000   -7.5000 2249.1746   16.3050
    0.0000  -45.0000   -7.5000 2266.5156   16.1210
    7.5000  -45.0000   -7.5000 2256.3582   16.2479
   -7.5000  -37.5000   -7.5000 2386.1118   14.4924
    0.0000  -37.5000   -7.5000 2408.4819   14.3450
    7.5000  -37.5000   -7.5000 2400.3901   14.4709
   -7.5000  -30.0000   -7.5000 2510.9485   13.0140
    0.0000  -30.0000   -7.5000 2533.7581   12.9061
    7.5000  -30.0000   -7.5000 2526.1616   12.9970
   -7.5000  -22.5000   -7.5000 2614.0276   11.7996
    0.0000  -22.5000   -7.5000 2637.5535   11.7011
    7.5000  -22.5000   -7.5000 2632.3979   11.7888
   -7.5000  -15.0000   -7.5000 2706.9753   10.8646
    0.0000  -15.0000   -7.5000 2733.8850   10.7617
    7.5000  -15.0000   -7.5000 2725.2732   10.8526
   -7.5000   -7.5000   -7.5000 2786.3240   10.1907
    0.0000   -7.5000   -7.5000 2814.5701   10.0906
    7.5000   -7.5000   -7.5000 2800.1865   10.1786
   -7.5000    0.0000   -7.5000 2842.6191    9.8072
    0.0000    0.0000   -7.5000 2868.9919    9.7109
    7.5000    0.0000   -7.5000 2852.1482    9.8100
   -7.5000    7.5000   -7.5000 2880.4856    9.6855
    0.0000    7.5000   -7.5000 2908.7981    9.5828
    7.5000    7.5000   -7.5000 2885.9351    9.6868
   -7.5000   15.0000   -7.5000 2901.4055    9.7109
    0.0000   15.0000   -7.5000 2932.6653    9.5899
    7.5000   15.0000   -7.5000 2902.0649    9.7167
   -7.5000   22.5000   -7.5000 2893.5337    9.8795
    0.0000   22.5000   -7.5000 2928.1511    9.7633
    7.5000   22.5000   -7.5000 2878.8843    9.9186
   -7.5000   30.0000   -7.5000 2847.2117   10.2085
    0.0000   30.0000   -7.5000 2876.8655   10.1042
    7.5000   30.0000   -7.5000 2836.7812   10.2578
   -7.5000   37.5000   -7.5000 2769.5774   10.7849
    0.0000   37.5000   -7.5000 2795.8062   10.6718
    7.5000   37.5000   -7.5000 2763.5640   10.8253
   -7.5000   45.0000   -7.5000 2657.9734   11.6377
    0.0000   45.0000   -7.5000 2678.5056   11.4998
    7.5000   45.0000   -7.5000 2652.4973   11.6663
   -7.5000  -45.0000    0.0000 2244.7913   16.1436
    0.0000  -45.0000    0.0000 2262.3733   15.9343
    7.5000  -45.0000    0.0000 2256.0679   16.0589
   -7.5000  -37.5000    0.0000 2382.9875   14.2958
    0.0000  -37.5000    0.0000 2404.7058   14.1453
    7.5000  -37.5000    0.0000 2397.2371   14.2631
   -7.5000  -30.0000    0.0000 2511.4253   12.8073
    0.0000  -30.0000    0.0000 2531.9392   12.6996
    7.5000  -30.0000    0.0000 2524.6138   12.7835
   -7.5000  -22.5000    0.0000 2621.1172   11.6026
    0.0000  -22.5000    0.0000 2644.2778   11.4931
    7.5000  -22.5000    0.0000 2638.1909   11.5796
   -7.5000  -15.0000    0.0000 2719.3965   10.6330
    0.0000  -15.0000    0.0000 2745.0317   10.5284
    7.5000  -15.0000    0.0000 2735.1418   10.6118
   -7.5000   -7.5000    0.0000 2808.3586    9.9388
    0.0000   -7.5000    0.0000 2833.5530    9.8382
    7.5000   -7.5000    0.0000 2821.2693    9.9250
   -7.5000    0.0000    0.0000 2876.1970    9.5411
    0.0000    0.0000    0.0000 2900.7908    9.4361
    7.5000    0.0000    0.0000 2886.2864    9.5282
   -7.5000    7.5000    0.0000 2926.2390    9.4118
    0.0000    7.5000    0.0000 2956.3623    9.3073
    7.5000    7.5000    0.0000 2933.0886    9.3973
   -7.5000   15.0000    0.0000 2955.2307    9.4362
    0.0000   15.0000    0.0000 2986.9321    9.3403
    7.5000   15.0000    0.0000 2950.0190    9.4149
   -7.5000   22.5000    0.0000 2950.3682    9.5628
    0.0000   22.5000    0.0000 2986.2122    9.4643
    7.5000   22.5000    0.0000 2931.8979    9.5749
   -7.5000   30.0000    0.0000 2899.9641    9.8812
    0.0000   30.0000    0.0000 2927.7456    9.7892
    7.5000   30.0000    0.0000 2880.9775    9.9018
   -7.5000   37.5000    0.0000 2815.4587   10.4379
    0.0000   37.5000    0.0000 2837.0156   10.3338
    7.5000   37.5000    0.0000 2803.3816   10.4663
   -7.5000   45.0000    0.0000 2701.0498   11.2832
    0.0000   45.0000    0.0000 2718.0554   11.1542
    7.5000   45.0000    0.0000 2689.9050   11.3029
   -7.5000  -45.0000    7.5000 2230.2292   16.2144
    0.0000  -45.0000    7.5000 2249.9744   16.0088
    7.5000  -45.0000    7.5000 2241.9023   16.1505
   -7.5000  -37.5000    7.5000 2366.4600   14.3573
    0.0000  -37.5000    7.5000 2387.1238   14.1767
    7.5000  -37.5000    7.5000 2377.6289   14.3074
   -7.5000  -30.0000    7.5000 2489.4875   12.8306
    0.0000  -30.0000    7.5000 2512.4355   12.6774
    7.5000  -30.0000    7.5000 2504.0723   12.8070
   -7.5000  -22.5000    7.5000 2606.6196   11.5687
    0.0000  -22.5000    7.5000 2628.8938   11.4325
    7.5000  -22.5000    7.5000 2618.3198   11.5538
   -7.5000  -15.0000    7.5000 2714.3108   10.5643
    0.0000  -15.0000    7.5000 2736.6882   10.4585
    7.5000  -15.0000    7.5000 2724.0767   10.5574
   -7.5000   -7.5000    7.5000 2809.3970    9.8651
    0.0000   -7.5000    7.5000 2830.9890    9.7751
    7.5000   -7.5000    7.5000 2816.8496    9.8698
   -7.5000    0.0000    7.5000 2886.6060    9.4433
    0.0000    0.0000    7.5000 2911.9998    9.3586
    7.5000    0.0000    7.5000 2893.0952    9.4460
   -7.5000    7.5000    7.5000 2955.3064    9.2851
    0.0000    7.5000    7.5000 2984.3254    9.1918
    7.5000    7.5000    7.5000 2953.7524    9.2853
   -7.5000   15.0000    7.5000 2988.7048    9.3054
    0.0000   15.0000    7.5000 3020.0505    9.2204
    7.5000   15.0000    7.5000 2978.6257    9.2680
   -7.5000   22.5000    7.5000 2977.5515    9.4257
    0.0000   22.5000    7.5000 3006.8977    9.3378
    7.5000   22.5000    7.5000 2956.0112    9.4041
   -7.5000   30.0000    7.5000 2922.6887    9.7364
    0.0000   30.0000    7.5000 2946.2729    9.6339
    7.5000   30.0000    7.5000 2895.2344    9.7583
   -7.5000   37.5000    7.5000 2831.4719   10.2973
    0.0000   37.5000    7.5000 2850.4465   10.1735
    7.5000   37.5000    7.5000 2813.9595   10.3418
   -7.5000   45.0000    7.5000 2715.5549   11.1277
    0.0000   45.0000    7.5000 2732.3755   10.9923
    7.5000   45.0000    7.5000 2700.3291   11.1668
   -7.5000  -45.0000   15.0000 2207.4612   16.5493
    0.0000  -45.0000   15.0000 2224.5264   16.3528
    7.5000  -45.0000   15.0000 2215.8115   16.5028
   -7.5000  -37.5000   15.0000 2340.2866   14.6202
    0.0000  -37.5000   15.0000 2354.6067   14.4799
    7.5000  -37.5000   15.0000 2346.0107   14.5731
   -7.5000  -30.0000   15.0000 2457.8579   13.0333
    0.0000  -30.0000   15.0000 2476.3960   12.9077
    7.5000  -30.0000   15.0000 2465.0525   13.0234
   -7.5000  -22.5000   15.0000 2574.1709   11.7221
    0.0000  -22.5000   15.0000 2593.7617   11.5898
    7.5000  -22.5000   15.0000 2579.1799   11.7307
   -7.5000  -15.0000   15.0000 2682.1199   10.7120
    0.0000  -15.0000   15.0000 2698.5864   10.6031
    7.5000  -15.0000   15.0000 2684.4038   10.7215
   -7.5000   -7.5000   15.0000 2785.4092    9.9893
    0.0000   -7.5000   15.0000 2801.4736    9.9066
    7.5000   -7.5000   15.0000 2783.9058   10.0131
   -7.5000    0.0000   15.0000 2874.6208    9.5095
    0.0000    0.0000   15.0000 2894.1091    9.4251
    7.5000    0.0000   15.0000 2868.5957    9.5401
   -7.5000    7.5000   15.0000 2949.5789    9.2964
    0.0000    7.5000   15.0000 2977.3328    9.1926
    7.5000    7.5000   15.0000 2937.6257    9.3348
   -7.5000   15.0000   15.0000 2983.9065    9.2698
    0.0000   15.0000   15.0000 3017.5093    9.1526
    7.5000   15.0000   15.0000 2967.1101    9.2826
   -7.5000   22.5000   15.0000 2967.7312    9.4107
    0.0000   22.5000   15.0000 2993.9502    9.2971
    7.5000   22.5000   15.0000 2941.5979    9.4434
   -7.5000   30.0000   15.0000 2906.0667    9.7887
    0.0000   30.0000   15.0000 2926.3379    9.6646
    7.5000   30.0000   15.0000 2880.3679    9.8326
   -7.5000   37.5000   15.0000 2813.7063   10.3804
    0.0000   37.5000   15.0000 2826.4114   10.2532
    7.5000   37.5000   15.0000 2793.8711   10.4147
   -7.5000   45.0000   15.0000 2697.6431   11.1819
    0.0000   45.0000   15.0000 2711.4148   11.0646
    7.5000   45.0000   15.0000 2680.1165   11.2310
   -7.5000  -45.0000   22.5000 2173.1804   17.1666
    0.0000  -45.0000   22.5000 2188.4966   16.9704
    7.5000  -45.0000   22.5000 2170.4475   17.1483
   -7.5000  -37.5000   22.5000 2299.8479   15.1509
    0.0000  -37.5000   22.5000 2315.2434   15.0044
    7.5000  -37.5000   22.5000 2301.8857   15.1637
   -7.5000  -30.0000   22.5000 2414.1982   13.4823
    0.0000  -30.0000   22.5000 2429.8694   13.3407
    7.5000  -30.0000   22.5000 2414.1646   13.5107
   -7.5000  -22.5000   22.5000 2529.9556   12.1071
    0.0000  -22.5000   22.5000 2547.6152   11.9725
    7.5000  -22.5000   22.5000 2532.4082   12.1336
   -7.5000  -15.0000   22.5000 2638.6875   11.0391
    0.0000  -15.0000   22.5000 2654.5747   10.9032
    7.5000  -15.0000   22.5000 2637.2742   11.0610
   -7.5000   -7.5000   22.5000 2743.4551   10.2560
    0.0000   -7.5000   22.5000 2758.0752   10.1394
    7.5000   -7.5000   22.5000 2738.4575   10.2862
   -7.5000    0.0000   22.5000 2839.4326    9.7492
    0.0000    0.0000   22.5000 2855.8220    9.6512
    7.5000    0.0000   22.5000 2829.2275    9.7867
   -7.5000    7.5000   22.5000 2911.8113    9.5239
    0.0000    7.5000   22.5000 2933.3787    9.4385
    7.5000    7.5000   22.5000 2895.3130    9.5582
   -7.5000   15.0000   22.5000 2945.5037    9.4500
    0.0000   15.0000   22.5000 2971.3240    9.3673
    7.5000   15.0000   22.5000 2926.4229    9.4861
   -7.5000   22.5000   22.5000 2925.4172    9.6142
    0.0000   22.5000   22.5000 2945.0889    9.5059
    7.5000   22.5000   22.5000 2902.5823    9.6645
   -7.5000   30.0000   22.5000 2866.3794   10.0026
    0.0000   30.0000   22.5000 2884.5334    9.8739
    7.5000   30.0000   22.5000 2842.4570   10.0503
   -7.5000   37.5000   22.5000 2770.9141   10.6187
    0.0000   37.5000   22.5000 2785.0286   10.4923
    7.5000   37.5000   22.5000 2753.1868   10.6473
   -7.5000   45.0000   22.5000 2655.0122   11.4460
    0.0000   45.0000   22.5000 2668.0688   11.3380
    7.5000   45.0000   22.5000 2637.6746   11.4880
   -7.5000  -45.0000   30.0000 2116.0850   17.9825
    0.0000  -45.0000   30.0000 2132.3135   17.7725
    7.5000  -45.0000   30.0000 2111.6296   18.0185
   -7.5000  -37.5000   30.0000 2247.2405   15.8055
    0.0000  -37.5000   30.0000 2266.6326   15.6616
    7.5000  -37.5000   30.0000 2248.2168   15.8754
   -7.5000  -30.0000   30.0000 2367.3665   14.0265
    0.0000  -30.0000   30.0000 2384.9573   13.8933
    7.5000  -30.0000   30.0000 2366.2346   14.0941
   -7.5000  -22.5000   30.0000 2486.4473   12.5940
    0.0000  -22.5000   30.0000 2500.7615   12.4568
    7.5000  -22.5000   30.0000 2482.8247   12.6587
   -7.5000  -15.0000   30.0000 2592.4990   11.4911
    0.0000  -15.0000   30.0000 2603.5432   11.3626
    7.5000  -15.0000   30.0000 2586.4614   11.5414
   -7.5000   -7.5000   30.0000 2698.2322   10.7030
    0.0000   -7.5000   30.0000 2706.4585   10.5726
    7.5000   -7.5000   30.0000 2684.5063   10.7538
   -7.5000    0.0000   30.0000 2783.8611   10.2038
    0.0000    0.0000   30.0000 2799.0850   10.0873
    7.5000    0.0000   30.0000 2770.4963   10.2483
   -7.5000    7.5000   30.0000 2846.5347    9.9371
    0.0000    7.5000   30.0000 2867.3164    9.8511
    7.5000    7.5000   30.0000 2827.4382    9.9717
   -7.5000   15.0000   30.0000 2873.3625    9.8851
    0.0000   15.0000   30.0000 2895.1055    9.7875
    7.5000   15.0000   30.0000 2851.4265    9.9413
   -7.5000   22.5000   30.0000 2854.9536   10.0597
    0.0000   22.5000   30.0000 2869.7227    9.9670
    7.5000   22.5000   30.0000 2834.1489   10.1131
   -7.5000   30.0000   30.0000 2801.2522   10.4364
    0.0000   30.0000   30.0000 2816.1206   10.3396
    7.5000   30.0000   30.0000 2776.8403   10.4975
   -7.5000   37.5000   30.0000 2712.4202   11.0147
    0.0000   37.5000   30.0000 2725.2561   10.9110
    7.5000   37.5000   30.0000 2692.2090   11.0658
   -7.5000   45.0000   30.0000 2599.1389   11.8250
    0.0000   45.0000   30.0000 2612.2063   11.7166
    7.5000   45.0000   30.0000 2585.1445   11.8642
   -7.5000  -45.0000   37.5000 2057.0269   18.9397
    0.0000  -45.0000   37.5000 2072.3835   18.7548
    7.5000  -45.0000   37.5000 2052.9109   19.0415
   -7.5000  -37.5000   37.5000 2187.2998   16.6028
    0.0000  -37.5000   37.5000 2204.2874   16.4689
    7.5000  -37.5000   37.5000 2186.2324   16.7229
   -7.5000  -30.0000   37.5000 2312.5869   14.7631
    0.0000  -30.0000   37.5000 2327.0059   14.5882
    7.5000  -30.0000   37.5000 2308.1658   14.8624
   -7.5000  -22.5000   37.5000 2435.2678   13.2638
    0.0000  -22.5000   37.5000 2445.5637   13.0941
    7.5000  -22.5000   37.5000 2425.9888   13.3563
   -7.5000  -15.0000   37.5000 2540.9629   12.1374
    0.0000  -15.0000   37.5000 2548.7451   11.9737
    7.5000  -15.0000   37.5000 2531.1550   12.1978
   -7.5000   -7.5000   37.5000 2640.8494   11.3240
    0.0000   -7.5000   37.5000 2654.2073   11.1840
    7.5000   -7.5000   37.5000 2627.5090   11.3946
   -7.5000    0.0000   37.5000 2719.2102   10.8211
    0.0000    0.0000   37.5000 2734.2190   10.7011
    7.5000    0.0000   37.5000 2702.7002   10.8778
   -7.5000    7.5000   37.5000 2772.8875   10.5287
    0.0000    7.5000   37.5000 2790.2712   10.4170
    7.5000    7.5000   37.5000 2753.0459   10.5747
   -7.5000   15.0000   37.5000 2790.7424   10.4781
    0.0000   15.0000   37.5000 2808.3269   10.3639
    7.5000   15.0000   37.5000 2765.2288   10.5368
   -7.5000   22.5000   37.5000 2771.8433   10.6512
    0.0000   22.5000   37.5000 2784.5596   10.5568
    7.5000   22.5000   37.5000 2750.1479   10.7199
   -7.5000   30.0000   37.5000 2721.0334   11.0116
    0.0000   30.0000   37.5000 2733.2046   10.9243
    7.5000   30.0000   37.5000 2699.4563   11.0857
   -7.5000   37.5000   37.5000 2637.7239   11.5949
    0.0000   37.5000   37.5000 2652.9895   11.4759
    7.5000   37.5000   37.5000 2620.7234   11.6556
   -7.5000   45.0000   37.5000 2531.8821   12.4007
    0.0000   45.0000   37.5000 2541.7681   12.2736
    7.5000   45.0000   37.5000 2520.0063   12.4502
   -7.5000  -45.0000   45.0000 1992.6450   20.1543
    0.0000  -45.0000   45.0000 2007.8621   19.9190
    7.5000  -45.0000   45.0000 1993.9873   20.2647
   -7.5000  -37.5000   45.0000 2123.8662   17.6368
    0.0000  -37.5000   45.0000 2143.0125   17.4381
    7.5000  -37.5000   45.0000 2123.6057   17.7353
   -7.5000  -30.0000   45.0000 2250.5024   15.6761
    0.0000  -30.0000   45.0000 2265.3130   15.4700
    7.5000  -30.0000   45.0000 2242.6436   15.7901
   -7.5000  -22.5000   45.0000 2371.0486   14.1135
    0.0000  -22.5000   45.0000 2386.3425   13.9114
    7.5000  -22.5000   45.0000 2361.8755   14.2055
   -7.5000  -15.0000   45.0000 2480.9294   12.9382
    0.0000  -15.0000   45.0000 2491.5569   12.7630
    7.5000  -15.0000   45.0000 2468.0439   13.0080
   -7.5000   -7.5000   45.0000 2570.8728   12.1314
    0.0000   -7.5000   45.0000 2582.9248   11.9685
    7.5000   -7.5000   45.0000 2554.0151   12.2076
   -7.5000    0.0000   45.0000 2640.7729   11.5910
    0.0000    0.0000   45.0000 2651.1118   11.4450
    7.5000    0.0000   45.0000 2620.4373   11.6590
   -7.5000    7.5000   45.0000 2691.5276   11.2726
    0.0000    7.5000   45.0000 2703.6931   11.1390
    7.5000    7.5000   45.0000 2666.4783   11.3322
   -7.5000   15.0000   45.0000 2698.7102   11.2137
    0.0000   15.0000   45.0000 2714.4575   11.0852
    7.5000   15.0000   45.0000 2677.7676   11.2796
   -7.5000   22.5000   45.0000 2673.7515   11.3982
    0.0000   22.5000   45.0000 2686.5496   11.2851
    7.5000   22.5000   45.0000 2656.0615   11.4758
   -7.5000   30.0000   45.0000 2631.9817   11.7094
    0.0000   30.0000   45.0000 2643.7563   11.6067
    7.5000   30.0000   45.0000 2611.3208   11.8045
   -7.5000   37.5000   45.0000 2563.2759   12.2419
    0.0000   37.5000   45.0000 2575.3701   12.1405
    7.5000   37.5000   45.0000 2537.7781   12.3311
   -7.5000   45.0000   45.0000 2464.9807   13.0626
    0.0000   45.0000   45.0000 2475.7666   12.9671
    7.5000   45.0000   45.0000 2447.1267   13.1563

---------------------------------------------------------------------
imgreg_4dfp /opt/freesurfer/average/711-2C_as_mni_average_305 /opt/freesurfer/average/711-2B_as_mni_average_305_mask talsrcimg_g11 none talsrcimg_to_711-2C_as_mni_average_305_t4 1283
---------------------------------------------------------------------

freesurfer imgreg_4dfp.c
/opt/freesurfer/average/711-2C_as_mni_average_305.4dfp.img
       256       256       256         1
  1.000000  1.000000  1.000000
orientation T byte_order littleendian
Reading image: /opt/freesurfer/average/711-2C_as_mni_average_305.4dfp.img
dimensions:      256       256       256
mmppix:       1.0000   -1.0000   -1.0000
center:     128.0000 -129.0000 -129.0000
/opt/freesurfer/average/711-2B_as_mni_average_305_mask.4dfp.img
       256       256       256         1
  1.000000  1.000000  1.000000
orientation T byte_order littleendian
Reading mask: /opt/freesurfer/average/711-2B_as_mni_average_305_mask.4dfp.img (2306576 pixels)
talsrcimg_g11.4dfp.img
       256       256       256         1
  1.000000  1.000000  1.000000
orientation T byte_order littleendian
Reading image: talsrcimg_g11.4dfp.img
dimensions:      256       256       256
mmppix:       1.0000   -1.0000   -1.0000
center:     128.0000 -129.0000 -129.0000
rotation matrix determinant  1.000000
fimgreg.f
image alignment mode   1283 decimal      503 hex
parameters
    0.0000   15.0000    7.5000    0.0000    0.0000    0.0000
eta,q 0.94654  9.21309
niter,ni,del,rscale     5    3   12.0000    1.2000
parameter  3 -0.808475 -> -0.500000 qaram    1.1500
parameter  4  7.685174 ->  0.500000 qaram    1.1500
parameters
   -0.2731   15.7293   10.9500   -3.4500    0.7946    1.8079
eta,q 0.95480  9.13458
  0.0611  0.0605  0.0618  0.0439  0.0533  0.0528
  0.0572  0.0568  0.0596  0.0450  0.0492  0.0495
  0.0545  0.0544  0.0560  0.0476  0.0466  0.0471
  0.0539  0.0537  0.0535  0.0508  0.0456  0.0455
  0.0547  0.0539  0.0519  0.0540  0.0458  0.0452
  0.0573  0.0552  0.0505  0.0565  0.0470  0.0460
  0.0633  0.0576  0.0521  0.0587  0.0500  0.0474
niter,ni,del,rscale     6    3   12.0000    1.2000
parameter  4  1.607944 ->  0.500000 qaram    1.3225
parameters
   -0.8571   16.8736   10.1799   -7.4175    1.4253    1.5739
eta,q 0.95875  9.17988
  0.0537  0.0561  0.0522  0.0399  0.0493  0.0451
  0.0488  0.0504  0.0492  0.0410  0.0453  0.0425
  0.0459  0.0464  0.0463  0.0426  0.0426  0.0413
  0.0452  0.0452  0.0452  0.0452  0.0414  0.0413
  0.0473  0.0453  0.0466  0.0488  0.0418  0.0419
  0.0516  0.0465  0.0508  0.0527  0.0436  0.0430
  0.0577  0.0497  0.0577  0.0559  0.0465  0.0456
niter,ni,del,rscale     6    3   12.0000    1.2000
parameter  4  1.045880 ->  0.500000 qaram    1.5209
parameters
   -1.7219   18.3940    9.1685  -11.9801    1.9492    1.3302
eta,q 0.96469  9.20504
  0.0498  0.0527  0.0473  0.0361  0.0424  0.0410
  0.0442  0.0457  0.0437  0.0352  0.0389  0.0379
  0.0415  0.0423  0.0408  0.0370  0.0367  0.0359
  0.0412  0.0411  0.0403  0.0402  0.0355  0.0353
  0.0438  0.0401  0.0424  0.0444  0.0353  0.0363
  0.0493  0.0410  0.0472  0.0488  0.0370  0.0387
  0.0560  0.0442  0.0535  0.0530  0.0408  0.0419
niter,ni,del,rscale     6    3   12.0000    1.2000
parameters
   -1.6963   19.1346    7.8738  -13.1313    2.0063    1.8179
eta,q 0.96625  9.23656
  0.0493  0.0487  0.0418  0.0438  0.0402  0.0411
  0.0414  0.0425  0.0373  0.0398  0.0369  0.0376
  0.0367  0.0383  0.0348  0.0347  0.0348  0.0351
  0.0353  0.0353  0.0347  0.0344  0.0338  0.0338
  0.0372  0.0348  0.0375  0.0380  0.0340  0.0342
  0.0421  0.0379  0.0428  0.0436  0.0365  0.0362
  0.0483  0.0443  0.0504  0.0495  0.0403  0.0391
niter,ni,del,rscale     5    3   12.0000    1.2000
parameters
   -1.7442   19.3111    7.6396  -13.5922    1.9492    1.9319
eta,q 0.96631  9.23884
  0.0476  0.0469  0.0447  0.0449  0.0398  0.0402
  0.0400  0.0406  0.0386  0.0409  0.0365  0.0369
  0.0352  0.0362  0.0350  0.0364  0.0346  0.0346
  0.0337  0.0337  0.0337  0.0337  0.0337  0.0337
  0.0358  0.0354  0.0354  0.0364  0.0341  0.0345
  0.0411  0.0400  0.0394  0.0417  0.0366  0.0367
  0.0474  0.0453  0.0466  0.0481  0.0403  0.0397
niter,ni,del,rscale     4    3   12.0000    1.2000
parameters
   -1.7516   19.4184    7.5746  -13.7825    1.9299    1.9703
eta,q 0.96625  9.24055
  0.0475  0.0465  0.0453  0.0453  0.0399  0.0400
  0.0401  0.0403  0.0390  0.0411  0.0366  0.0368
  0.0353  0.0359  0.0353  0.0372  0.0346  0.0346
  0.0337  0.0337  0.0337  0.0337  0.0337  0.0337
  0.0355  0.0359  0.0352  0.0358  0.0342  0.0346
  0.0408  0.0404  0.0390  0.0409  0.0366  0.0368
  0.0470  0.0452  0.0460  0.0475  0.0402  0.0398
niter,ni,del,rscale     3    3   12.0000    1.2000
parameters
   -1.7574   19.4690    7.5469  -13.8653    1.9239    1.9825
eta,q 0.96621  9.24122
  0.0474  0.0462  0.0455  0.0455  0.0399  0.0400
  0.0401  0.0400  0.0391  0.0412  0.0366  0.0368
  0.0354  0.0357  0.0354  0.0376  0.0347  0.0346
  0.0337  0.0337  0.0338  0.0338  0.0338  0.0338
  0.0356  0.0363  0.0352  0.0356  0.0342  0.0347
  0.0408  0.0405  0.0390  0.0406  0.0366  0.0368
  0.0470  0.0451  0.0459  0.0472  0.0401  0.0399
registration optimization eta report
parameter search radius
    6.0000    6.0000    6.9000    9.1253    6.0000    6.0000
100000*second partial in parameter space
       37.       32.       25.       14.       17.       17.
  0.0474  0.0462  0.0455  0.0455  0.0399  0.0400
  0.0401  0.0400  0.0391  0.0412  0.0366  0.0368
  0.0354  0.0357  0.0354  0.0376  0.0347  0.0346
  0.0337  0.0337  0.0338  0.0338  0.0338  0.0338
  0.0356  0.0363  0.0352  0.0356  0.0342  0.0347
  0.0408  0.0405  0.0390  0.0406  0.0366  0.0368
  0.0470  0.0451  0.0459  0.0472  0.0401  0.0399
   -1.7574   19.4690    7.5469  -13.8653    1.9239    1.9825
eta,q 0.96621  9.24122

---------------------------------------------------------------------
imgreg_4dfp /opt/freesurfer/average/711-2C_as_mni_average_305 /opt/freesurfer/average/711-2B_as_mni_average_305_mask talsrcimg_g11 none talsrcimg_to_711-2C_as_mni_average_305_t4 3335
---------------------------------------------------------------------

freesurfer imgreg_4dfp.c
/opt/freesurfer/average/711-2C_as_mni_average_305.4dfp.img
       256       256       256         1
  1.000000  1.000000  1.000000
orientation T byte_order littleendian
Reading image: /opt/freesurfer/average/711-2C_as_mni_average_305.4dfp.img
dimensions:      256       256       256
mmppix:       1.0000   -1.0000   -1.0000
center:     128.0000 -129.0000 -129.0000
/opt/freesurfer/average/711-2B_as_mni_average_305_mask.4dfp.img
       256       256       256         1
  1.000000  1.000000  1.000000
orientation T byte_order littleendian
Reading mask: /opt/freesurfer/average/711-2B_as_mni_average_305_mask.4dfp.img (2306576 pixels)
talsrcimg_g11.4dfp.img
       256       256       256         1
  1.000000  1.000000  1.000000
orientation T byte_order littleendian
Reading image: talsrcimg_g11.4dfp.img
dimensions:      256       256       256
mmppix:       1.0000   -1.0000   -1.0000
center:     128.0000 -129.0000 -129.0000
fimgreg.f
image alignment mode   3335 decimal      D07 hex
parameters
   -1.7574   19.4690    7.5469   -0.1162   -2.9441   -2.9685
   -2.5546   -4.0864    3.4575   23.8369    3.3572  -23.9505
eta,q 0.96628  9.20286
niter,ni,del,rscale     5    3    5.0000    1.2000
parameter  5  0.850270 ->  0.500000 qaram    1.1500
parameter  6  0.846510 ->  0.500000 qaram    1.1500
parameter 11  0.510288 ->  0.500000 qaram    1.1500
parameters
   -1.9717   19.2367    7.1731   -0.1433   -7.0841   -7.1085
   -0.9649   -4.5310    2.9203   23.8084   -0.7828  -21.3218
eta,q 0.96990  8.75345
  0.0357  0.0352  0.0346  0.0354  0.0321  0.0300  0.0338  0.0331  0.0319  0.0324  0.0304  0.0328
  0.0345  0.0343  0.0340  0.0344  0.0321  0.0304  0.0323  0.0317  0.0311  0.0314  0.0303  0.0317
  0.0338  0.0338  0.0337  0.0338  0.0326  0.0311  0.0312  0.0308  0.0306  0.0307  0.0303  0.0309
  0.0337  0.0337  0.0337  0.0336  0.0336  0.0322  0.0306  0.0305  0.0305  0.0304  0.0305  0.0303
  0.0342  0.0340  0.0340  0.0339  0.0349  0.0337  0.0305  0.0309  0.0307  0.0307  0.0307  0.0301
  0.0351  0.0348  0.0346  0.0344  0.0366  0.0364  0.0309  0.0321  0.0314  0.0313  0.0311  0.0303
  0.0365  0.0359  0.0354  0.0353  0.0390  0.0398  0.0318  0.0339  0.0324  0.0324  0.0317  0.0307
niter,ni,del,rscale     7    3    5.0000    1.2000
parameters
   -2.2375   19.3929    7.0377   -0.7478   -8.9623  -10.9471
   -0.7982   -4.4672    3.6002   23.3899   -0.4868  -21.1580
eta,q 0.97086  8.46320
  0.0321  0.0323  0.0311  0.0317  0.0313  0.0300  0.0315  0.0321  0.0309  0.0304  0.0300  0.0304
  0.0308  0.0311  0.0305  0.0307  0.0305  0.0293  0.0303  0.0307  0.0301  0.0296  0.0295  0.0297
  0.0301  0.0304  0.0301  0.0301  0.0300  0.0293  0.0295  0.0296  0.0295  0.0292  0.0292  0.0293
  0.0301  0.0301  0.0300  0.0300  0.0300  0.0299  0.0292  0.0292  0.0292  0.0291  0.0291  0.0291
  0.0306  0.0302  0.0302  0.0304  0.0307  0.0310  0.0294  0.0295  0.0292  0.0293  0.0292  0.0293
  0.0316  0.0308  0.0307  0.0312  0.0319  0.0326  0.0302  0.0305  0.0297  0.0298  0.0295  0.0297
  0.0331  0.0318  0.0314  0.0322  0.0335  0.0354  0.0313  0.0321  0.0304  0.0307  0.0298  0.0303
niter,ni,del,rscale     6    3    5.0000    1.2000
parameters
   -2.3094   19.7714    5.9618   -1.1752   -9.9865  -12.8086
   -1.0122   -4.5938    3.6335   25.8220   -0.5863  -22.2654
eta,q 0.97152  8.36006
  0.0315  0.0315  0.0293  0.0307  0.0302  0.0306  0.0307  0.0315  0.0301  0.0306  0.0293  0.0293
  0.0301  0.0303  0.0289  0.0296  0.0295  0.0294  0.0296  0.0300  0.0293  0.0297  0.0288  0.0288
  0.0293  0.0295  0.0289  0.0290  0.0290  0.0287  0.0289  0.0290  0.0289  0.0290  0.0286  0.0285
  0.0291  0.0291  0.0291  0.0289  0.0288  0.0289  0.0287  0.0287  0.0287  0.0287  0.0285  0.0285
  0.0295  0.0292  0.0296  0.0293  0.0291  0.0299  0.0290  0.0291  0.0288  0.0285  0.0286  0.0288
  0.0304  0.0296  0.0304  0.0300  0.0300  0.0312  0.0298  0.0301  0.0293  0.0286  0.0289  0.0293
  0.0317  0.0303  0.0314  0.0311  0.0313  0.0329  0.0310  0.0318  0.0300  0.0291  0.0293  0.0299
niter,ni,del,rscale     5    3    5.0000    1.2000
parameters
   -2.3102   20.5895    4.8452   -1.6066  -12.3194  -14.5470
   -1.1885   -4.5326    3.1048   28.6381    0.3277  -23.5079
eta,q 0.97247  8.22024
  0.0310  0.0313  0.0284  0.0299  0.0287  0.0298  0.0298  0.0308  0.0291  0.0303  0.0286  0.0282
  0.0296  0.0300  0.0281  0.0289  0.0282  0.0287  0.0288  0.0293  0.0284  0.0293  0.0281  0.0277
  0.0287  0.0290  0.0281  0.0282  0.0280  0.0280  0.0281  0.0283  0.0280  0.0284  0.0277  0.0275
  0.0285  0.0285  0.0283  0.0280  0.0280  0.0279  0.0279  0.0279  0.0279  0.0279  0.0276  0.0276
  0.0288  0.0283  0.0288  0.0284  0.0284  0.0289  0.0281  0.0282  0.0281  0.0276  0.0276  0.0278
  0.0296  0.0285  0.0296  0.0293  0.0294  0.0304  0.0289  0.0292  0.0287  0.0277  0.0278  0.0282
  0.0310  0.0290  0.0307  0.0304  0.0309  0.0322  0.0300  0.0307  0.0295  0.0282  0.0283  0.0287
niter,ni,del,rscale     4    3    5.0000    1.2000
parameters
   -2.1548   21.3811    3.8431   -1.9989  -13.6100  -15.6232
   -1.3006   -4.3654    2.6115   29.6107    0.8099  -24.7640
eta,q 0.97296  8.13053
  0.0303  0.0305  0.0275  0.0292  0.0283  0.0293  0.0291  0.0302  0.0286  0.0293  0.0281  0.0276
  0.0288  0.0291  0.0272  0.0281  0.0276  0.0282  0.0280  0.0286  0.0277  0.0281  0.0276  0.0272
  0.0279  0.0281  0.0271  0.0273  0.0272  0.0274  0.0273  0.0275  0.0272  0.0274  0.0272  0.0271
  0.0275  0.0275  0.0273  0.0271  0.0271  0.0271  0.0271  0.0271  0.0271  0.0271  0.0271  0.0271
  0.0277  0.0273  0.0278  0.0276  0.0274  0.0278  0.0274  0.0274  0.0274  0.0271  0.0271  0.0273
  0.0284  0.0276  0.0285  0.0285  0.0282  0.0292  0.0281  0.0284  0.0280  0.0275  0.0274  0.0277
  0.0297  0.0281  0.0295  0.0296  0.0296  0.0309  0.0292  0.0299  0.0290  0.0283  0.0279  0.0282
niter,ni,del,rscale     3    3    5.0000    1.2000
parameters
   -2.0517   21.7076    3.3129   -2.1263  -13.8365  -16.1818
   -1.2530   -4.2983    2.4973   30.1808    0.8510  -25.3837
eta,q 0.97302  8.10973
  0.0297  0.0292  0.0277  0.0292  0.0285  0.0295  0.0291  0.0300  0.0287  0.0290  0.0280  0.0277
  0.0283  0.0281  0.0272  0.0281  0.0277  0.0283  0.0279  0.0284  0.0277  0.0279  0.0274  0.0272
  0.0274  0.0274  0.0270  0.0273  0.0272  0.0274  0.0272  0.0274  0.0272  0.0272  0.0271  0.0270
  0.0270  0.0270  0.0270  0.0270  0.0270  0.0270  0.0270  0.0270  0.0270  0.0270  0.0270  0.0270
  0.0273  0.0271  0.0273  0.0273  0.0271  0.0275  0.0272  0.0273  0.0272  0.0271  0.0271  0.0271
  0.0280  0.0275  0.0279  0.0282  0.0277  0.0287  0.0279  0.0283  0.0278  0.0275  0.0274  0.0275
  0.0292  0.0283  0.0287  0.0294  0.0289  0.0304  0.0290  0.0299  0.0288  0.0284  0.0280  0.0279
niter,ni,del,rscale     2    3    5.0000    1.2000
parameters
   -2.0215   21.8243    3.0399   -2.1449  -13.9275  -16.4792
   -1.2346   -4.2690    2.4710   30.4540    0.8649  -25.6738
eta,q 0.97302  8.10206
  0.0294  0.0288  0.0278  0.0293  0.0286  0.0296  0.0290  0.0299  0.0287  0.0288  0.0280  0.0278
  0.0281  0.0278  0.0273  0.0281  0.0278  0.0284  0.0279  0.0284  0.0278  0.0278  0.0274  0.0273
  0.0273  0.0272  0.0270  0.0273  0.0272  0.0274  0.0272  0.0274  0.0272  0.0272  0.0271  0.0270
  0.0270  0.0270  0.0270  0.0270  0.0270  0.0270  0.0270  0.0270  0.0270  0.0270  0.0270  0.0270
  0.0272  0.0271  0.0272  0.0273  0.0270  0.0273  0.0272  0.0273  0.0272  0.0271  0.0271  0.0271
  0.0280  0.0276  0.0276  0.0282  0.0276  0.0285  0.0279  0.0283  0.0278  0.0276  0.0274  0.0274
  0.0293  0.0284  0.0283  0.0293  0.0288  0.0301  0.0290  0.0299  0.0288  0.0286  0.0280  0.0279
niter,ni,del,rscale     1    3    5.0000    1.2000
parameters
   -2.0093   21.8786    2.8997   -2.1517  -13.9680  -16.6370
   -1.2302   -4.2549    2.4620   30.5836    0.8552  -25.7999
eta,q 0.97301  8.09812
  0.0294  0.0287  0.0279  0.0293  0.0286  0.0296  0.0290  0.0299  0.0287  0.0288  0.0280  0.0278
  0.0281  0.0277  0.0274  0.0282  0.0278  0.0284  0.0279  0.0284  0.0278  0.0277  0.0274  0.0273
  0.0272  0.0272  0.0271  0.0273  0.0273  0.0275  0.0272  0.0274  0.0272  0.0272  0.0271  0.0270
  0.0270  0.0270  0.0270  0.0270  0.0270  0.0270  0.0270  0.0270  0.0270  0.0270  0.0270  0.0270
  0.0273  0.0272  0.0271  0.0273  0.0271  0.0273  0.0272  0.0274  0.0272  0.0271  0.0271  0.0271
  0.0281  0.0277  0.0275  0.0282  0.0276  0.0284  0.0279  0.0284  0.0278  0.0276  0.0274  0.0274
  0.0293  0.0285  0.0282  0.0293  0.0288  0.0300  0.0290  0.0299  0.0288  0.0286  0.0280  0.0279
registration optimization eta report
parameter search radius
    2.4000    2.4000    2.4000    7.2000    8.2800    8.2800
    7.2000    7.2000    7.2000    7.2000    8.2800    7.2000
100000*second partial in parameter space
       41.       28.       19.        4.        3.        4.
        4.        6.        3.        3.        1.        2.
  0.0294  0.0287  0.0279  0.0293  0.0286  0.0296  0.0290  0.0299  0.0287  0.0288  0.0280  0.0278
  0.0281  0.0277  0.0274  0.0282  0.0278  0.0284  0.0279  0.0284  0.0278  0.0277  0.0274  0.0273
  0.0272  0.0272  0.0271  0.0273  0.0273  0.0275  0.0272  0.0274  0.0272  0.0272  0.0271  0.0270
  0.0270  0.0270  0.0270  0.0270  0.0270  0.0270  0.0270  0.0270  0.0270  0.0270  0.0270  0.0270
  0.0273  0.0272  0.0271  0.0273  0.0271  0.0273  0.0272  0.0274  0.0272  0.0271  0.0271  0.0271
  0.0281  0.0277  0.0275  0.0282  0.0276  0.0284  0.0279  0.0284  0.0278  0.0276  0.0274  0.0274
  0.0293  0.0285  0.0282  0.0293  0.0288  0.0300  0.0290  0.0299  0.0288  0.0286  0.0280  0.0279
   -2.0093   21.8786    2.8997   -2.1517  -13.9680  -16.6370
   -1.2302   -4.2549    2.4620   30.5836    0.8552  -25.7999
eta,q 0.97301  8.09812

---------------------------------------------------------------------
imgreg_4dfp /opt/freesurfer/average/711-2C_as_mni_average_305 /opt/freesurfer/average/711-2B_as_mni_average_305_mask talsrcimg_g11 none talsrcimg_to_711-2C_as_mni_average_305_t4 2311
---------------------------------------------------------------------

freesurfer imgreg_4dfp.c
/opt/freesurfer/average/711-2C_as_mni_average_305.4dfp.img
       256       256       256         1
  1.000000  1.000000  1.000000
orientation T byte_order littleendian
Reading image: /opt/freesurfer/average/711-2C_as_mni_average_305.4dfp.img
dimensions:      256       256       256
mmppix:       1.0000   -1.0000   -1.0000
center:     128.0000 -129.0000 -129.0000
/opt/freesurfer/average/711-2B_as_mni_average_305_mask.4dfp.img
       256       256       256         1
  1.000000  1.000000  1.000000
orientation T byte_order littleendian
Reading mask: /opt/freesurfer/average/711-2B_as_mni_average_305_mask.4dfp.img (2306576 pixels)
talsrcimg_g11.4dfp.img
       256       256       256         1
  1.000000  1.000000  1.000000
orientation T byte_order littleendian
Reading image: talsrcimg_g11.4dfp.img
dimensions:      256       256       256
mmppix:       1.0000   -1.0000   -1.0000
center:     128.0000 -129.0000 -129.0000
fimgreg.f
image alignment mode   2311 decimal      907 hex
parameters
   -2.0093   21.8786    2.8997   -2.1517  -13.9680  -16.6370
   -1.2302   -4.2549    2.4620   30.5836    0.8552  -25.7999
eta,q 0.97301  8.09811
niter,ni,del,rscale     5    3    5.0000    0.8000
parameters
   -2.0189   21.8691    2.8338   -2.1595  -13.3751  -16.4061
   -1.2123   -4.2336    2.5053   30.6732    0.9422  -26.1411
eta,q 0.97305  8.13324
  0.0281  0.0277  0.0274  0.0282  0.0276  0.0282  0.0279  0.0284  0.0278  0.0277  0.0273  0.0273
  0.0275  0.0273  0.0272  0.0276  0.0273  0.0276  0.0274  0.0276  0.0273  0.0273  0.0271  0.0271
  0.0271  0.0271  0.0270  0.0271  0.0271  0.0272  0.0271  0.0271  0.0271  0.0270  0.0270  0.0270
  0.0270  0.0270  0.0270  0.0270  0.0270  0.0270  0.0269  0.0269  0.0269  0.0269  0.0269  0.0269
  0.0271  0.0271  0.0271  0.0271  0.0270  0.0270  0.0271  0.0271  0.0270  0.0270  0.0270  0.0270
  0.0275  0.0273  0.0272  0.0276  0.0271  0.0274  0.0274  0.0276  0.0273  0.0272  0.0271  0.0272
  0.0281  0.0277  0.0275  0.0282  0.0274  0.0280  0.0279  0.0283  0.0278  0.0277  0.0273  0.0274
niter,ni,del,rscale     4    3    5.0000    0.7000
parameters
   -2.0272   21.7988    2.8756   -2.1802  -13.2397  -16.2546
   -1.1817   -4.2640    2.5045   30.6828    0.9606  -26.1671
eta,q 0.97307  8.14310
  0.0278  0.0275  0.0274  0.0279  0.0274  0.0279  0.0277  0.0280  0.0276  0.0275  0.0272  0.0272
  0.0273  0.0272  0.0271  0.0274  0.0272  0.0274  0.0273  0.0274  0.0272  0.0272  0.0271  0.0271
  0.0270  0.0270  0.0270  0.0271  0.0270  0.0271  0.0270  0.0270  0.0270  0.0270  0.0270  0.0270
  0.0269  0.0269  0.0269  0.0269  0.0269  0.0269  0.0269  0.0269  0.0269  0.0269  0.0269  0.0269
  0.0271  0.0270  0.0270  0.0271  0.0270  0.0270  0.0270  0.0271  0.0270  0.0270  0.0270  0.0270
  0.0273  0.0273  0.0271  0.0274  0.0271  0.0273  0.0273  0.0275  0.0272  0.0272  0.0271  0.0271
  0.0278  0.0276  0.0273  0.0279  0.0274  0.0278  0.0277  0.0280  0.0276  0.0275  0.0272  0.0272
niter,ni,del,rscale     3    3    5.0000    0.6000
parameters
   -2.0410   21.7697    2.9237   -2.1741  -13.1038  -16.1396
   -1.1644   -4.2976    2.5229   30.6846    1.0094  -26.1790
eta,q 0.97308  8.15283
  0.0275  0.0274  0.0272  0.0276  0.0273  0.0276  0.0275  0.0277  0.0274  0.0273  0.0271  0.0272
  0.0272  0.0271  0.0271  0.0273  0.0271  0.0273  0.0272  0.0273  0.0271  0.0271  0.0270  0.0270
  0.0270  0.0270  0.0270  0.0270  0.0270  0.0270  0.0270  0.0270  0.0270  0.0270  0.0270  0.0269
  0.0269  0.0269  0.0269  0.0269  0.0269  0.0269  0.0269  0.0269  0.0269  0.0269  0.0269  0.0269
  0.0270  0.0270  0.0270  0.0270  0.0269  0.0270  0.0270  0.0270  0.0270  0.0270  0.0269  0.0269
  0.0272  0.0271  0.0270  0.0273  0.0271  0.0272  0.0272  0.0273  0.0271  0.0271  0.0270  0.0270
  0.0276  0.0274  0.0272  0.0276  0.0273  0.0276  0.0275  0.0278  0.0274  0.0273  0.0271  0.0271
niter,ni,del,rscale     2    3    5.0000    0.5000
parameters
   -2.0524   21.7416    2.9620   -2.1744  -12.9794  -16.0344
   -1.1490   -4.3300    2.5267   30.6873    1.0205  -26.1995
eta,q 0.97308  8.16163
  0.0273  0.0272  0.0271  0.0274  0.0272  0.0274  0.0273  0.0275  0.0272  0.0272  0.0271  0.0271
  0.0271  0.0270  0.0270  0.0272  0.0271  0.0272  0.0271  0.0272  0.0271  0.0271  0.0270  0.0270
  0.0270  0.0270  0.0270  0.0270  0.0270  0.0270  0.0270  0.0270  0.0270  0.0270  0.0269  0.0269
  0.0269  0.0269  0.0269  0.0269  0.0269  0.0269  0.0269  0.0269  0.0269  0.0269  0.0269  0.0269
  0.0270  0.0270  0.0269  0.0270  0.0269  0.0270  0.0270  0.0270  0.0270  0.0270  0.0269  0.0269
  0.0271  0.0271  0.0270  0.0272  0.0270  0.0271  0.0271  0.0272  0.0271  0.0270  0.0270  0.0270
  0.0274  0.0272  0.0271  0.0274  0.0272  0.0274  0.0273  0.0275  0.0272  0.0272  0.0271  0.0271
niter,ni,del,rscale     1    3    5.0000    0.4000
parameters
   -2.0629   21.7124    2.9908   -2.1625  -12.8801  -15.9496
   -1.1303   -4.3538    2.5392   30.6672    1.0026  -26.1884
eta,q 0.97309  8.16854
  0.0272  0.0271  0.0271  0.0272  0.0271  0.0273  0.0272  0.0273  0.0271  0.0271  0.0270  0.0270
  0.0270  0.0270  0.0270  0.0271  0.0270  0.0271  0.0270  0.0271  0.0270  0.0270  0.0270  0.0270
  0.0269  0.0269  0.0269  0.0270  0.0269  0.0270  0.0269  0.0270  0.0269  0.0269  0.0269  0.0269
  0.0269  0.0269  0.0269  0.0269  0.0269  0.0269  0.0269  0.0269  0.0269  0.0269  0.0269  0.0269
  0.0270  0.0269  0.0269  0.0270  0.0269  0.0269  0.0269  0.0270  0.0269  0.0269  0.0269  0.0269
  0.0271  0.0270  0.0270  0.0271  0.0270  0.0270  0.0270  0.0271  0.0270  0.0270  0.0270  0.0270
  0.0272  0.0271  0.0270  0.0272  0.0271  0.0272  0.0272  0.0273  0.0271  0.0271  0.0270  0.0270
registration optimization eta report
parameter search radius
    0.8000    0.8000    0.8000    2.4000    2.4000    2.4000
    2.4000    2.4000    2.4000    2.4000    2.4000    2.4000
100000*second partial in parameter space
       44.       31.       21.        6.        3.        6.
        4.        7.        4.        3.        2.        2.
  0.0272  0.0271  0.0271  0.0272  0.0271  0.0273  0.0272  0.0273  0.0271  0.0271  0.0270  0.0270
  0.0270  0.0270  0.0270  0.0271  0.0270  0.0271  0.0270  0.0271  0.0270  0.0270  0.0270  0.0270
  0.0269  0.0269  0.0269  0.0270  0.0269  0.0270  0.0269  0.0270  0.0269  0.0269  0.0269  0.0269
  0.0269  0.0269  0.0269  0.0269  0.0269  0.0269  0.0269  0.0269  0.0269  0.0269  0.0269  0.0269
  0.0270  0.0269  0.0269  0.0270  0.0269  0.0269  0.0269  0.0270  0.0269  0.0269  0.0269  0.0269
  0.0271  0.0270  0.0270  0.0271  0.0270  0.0270  0.0270  0.0271  0.0270  0.0270  0.0270  0.0270
  0.0272  0.0271  0.0270  0.0272  0.0271  0.0272  0.0272  0.0273  0.0271  0.0271  0.0270  0.0270
   -2.0629   21.7124    2.9908   -2.1625  -12.8801  -15.9496
   -1.1303   -4.3538    2.5392   30.6672    1.0026  -26.1884
eta,q 0.97309  8.16854

---------------------------------------------------------------------
imgreg_4dfp /opt/freesurfer/average/711-2C_as_mni_average_305 /opt/freesurfer/average/711-2B_as_mni_average_305_mask talsrcimg_g11 none talsrcimg_to_711-2C_as_mni_average_305_t4 2311
---------------------------------------------------------------------

freesurfer imgreg_4dfp.c
/opt/freesurfer/average/711-2C_as_mni_average_305.4dfp.img
       256       256       256         1
  1.000000  1.000000  1.000000
orientation T byte_order littleendian
Reading image: /opt/freesurfer/average/711-2C_as_mni_average_305.4dfp.img
dimensions:      256       256       256
mmppix:       1.0000   -1.0000   -1.0000
center:     128.0000 -129.0000 -129.0000
/opt/freesurfer/average/711-2B_as_mni_average_305_mask.4dfp.img
       256       256       256         1
  1.000000  1.000000  1.000000
orientation T byte_order littleendian
Reading mask: /opt/freesurfer/average/711-2B_as_mni_average_305_mask.4dfp.img (2306576 pixels)
talsrcimg_g11.4dfp.img
       256       256       256         1
  1.000000  1.000000  1.000000
orientation T byte_order littleendian
Reading image: talsrcimg_g11.4dfp.img
dimensions:      256       256       256
mmppix:       1.0000   -1.0000   -1.0000
center:     128.0000 -129.0000 -129.0000
fimgreg.f
image alignment mode   2311 decimal      907 hex
parameters
   -2.0629   21.7124    2.9908   -2.1625  -12.8801  -15.9496
   -1.1303   -4.3538    2.5392   30.6672    1.0026  -26.1884
eta,q 0.97309  8.16855
niter,ni,del,rscale     5    3    5.0000    0.8000
parameters
   -2.0592   21.7229    3.0226   -2.1925  -13.2508  -16.0799
   -1.1361   -4.3214    2.4971   30.5694    0.9674  -26.0140
eta,q 0.97308  8.14466
  0.0280  0.0277  0.0275  0.0281  0.0274  0.0280  0.0279  0.0284  0.0277  0.0276  0.0273  0.0274
  0.0274  0.0273  0.0272  0.0275  0.0272  0.0275  0.0274  0.0276  0.0273  0.0272  0.0271  0.0271
  0.0270  0.0270  0.0270  0.0271  0.0270  0.0271  0.0270  0.0271  0.0270  0.0270  0.0270  0.0270
  0.0269  0.0269  0.0269  0.0269  0.0269  0.0269  0.0269  0.0269  0.0269  0.0269  0.0269  0.0269
  0.0270  0.0270  0.0270  0.0271  0.0270  0.0271  0.0270  0.0271  0.0270  0.0270  0.0270  0.0270
  0.0274  0.0273  0.0271  0.0275  0.0272  0.0275  0.0274  0.0276  0.0273  0.0273  0.0271  0.0271
  0.0280  0.0277  0.0274  0.0281  0.0277  0.0282  0.0279  0.0283  0.0278  0.0277  0.0273  0.0273
niter,ni,del,rscale     4    3    5.0000    0.7000
parameters
   -2.0524   21.7522    3.0079   -2.1828  -13.1980  -16.0949
   -1.1514   -4.3047    2.5158   30.5895    0.9942  -26.0544
eta,q 0.97307  8.14749
  0.0278  0.0275  0.0273  0.0279  0.0274  0.0278  0.0277  0.0280  0.0276  0.0275  0.0272  0.0272
  0.0273  0.0272  0.0271  0.0274  0.0272  0.0274  0.0272  0.0274  0.0272  0.0272  0.0270  0.0270
  0.0270  0.0270  0.0270  0.0270  0.0270  0.0271  0.0270  0.0270  0.0270  0.0270  0.0270  0.0269
  0.0269  0.0269  0.0269  0.0269  0.0269  0.0269  0.0269  0.0269  0.0269  0.0269  0.0269  0.0269
  0.0270  0.0270  0.0270  0.0270  0.0269  0.0270  0.0270  0.0271  0.0270  0.0270  0.0270  0.0270
  0.0273  0.0272  0.0271  0.0274  0.0271  0.0273  0.0273  0.0274  0.0272  0.0272  0.0270  0.0271
  0.0278  0.0275  0.0273  0.0279  0.0274  0.0279  0.0277  0.0280  0.0276  0.0275  0.0272  0.0272
niter,ni,del,rscale     3    3    5.0000    0.6000
parameters
   -2.0527   21.7465    2.9924   -2.1759  -13.0732  -16.0629
   -1.1500   -4.3178    2.5275   30.6175    0.9975  -26.0894
eta,q 0.97308  8.15462
  0.0276  0.0274  0.0272  0.0276  0.0273  0.0276  0.0275  0.0277  0.0274  0.0273  0.0271  0.0271
  0.0272  0.0271  0.0271  0.0273  0.0271  0.0273  0.0272  0.0273  0.0271  0.0271  0.0270  0.0270
  0.0270  0.0270  0.0270  0.0270  0.0270  0.0270  0.0270  0.0270  0.0270  0.0270  0.0269  0.0269
  0.0269  0.0269  0.0269  0.0269  0.0269  0.0269  0.0269  0.0269  0.0269  0.0269  0.0269  0.0269
  0.0270  0.0270  0.0270  0.0270  0.0269  0.0270  0.0270  0.0270  0.0270  0.0270  0.0269  0.0269
  0.0272  0.0271  0.0271  0.0272  0.0270  0.0272  0.0272  0.0273  0.0271  0.0271  0.0270  0.0270
  0.0275  0.0274  0.0272  0.0276  0.0273  0.0276  0.0275  0.0277  0.0274  0.0273  0.0271  0.0271
niter,ni,del,rscale     2    3    5.0000    0.5000
parameters
   -2.0599   21.7273    3.0005   -2.1687  -12.9574  -16.0019
   -1.1355   -4.3346    2.5404   30.6414    1.0160  -26.1297
eta,q 0.97308  8.16244
  0.0274  0.0272  0.0271  0.0274  0.0272  0.0274  0.0273  0.0275  0.0272  0.0272  0.0271  0.0271
  0.0271  0.0270  0.0270  0.0272  0.0271  0.0272  0.0271  0.0272  0.0271  0.0271  0.0270  0.0270
  0.0270  0.0269  0.0269  0.0270  0.0270  0.0270  0.0270  0.0270  0.0270  0.0270  0.0269  0.0269
  0.0269  0.0269  0.0269  0.0269  0.0269  0.0269  0.0269  0.0269  0.0269  0.0269  0.0269  0.0269
  0.0270  0.0270  0.0269  0.0270  0.0269  0.0270  0.0270  0.0270  0.0270  0.0270  0.0269  0.0269
  0.0271  0.0271  0.0270  0.0271  0.0270  0.0271  0.0271  0.0272  0.0271  0.0270  0.0270  0.0270
  0.0274  0.0272  0.0271  0.0274  0.0272  0.0274  0.0273  0.0275  0.0272  0.0272  0.0271  0.0271
niter,ni,del,rscale     1    3    5.0000    0.4000
parameters
   -2.0674   21.7073    3.0190   -2.1663  -12.8535  -15.9223
   -1.1299   -4.3626    2.5363   30.6502    1.0359  -26.1722
eta,q 0.97309  8.17001
  0.0272  0.0271  0.0271  0.0272  0.0271  0.0273  0.0272  0.0273  0.0271  0.0271  0.0270  0.0270
  0.0270  0.0270  0.0270  0.0271  0.0270  0.0271  0.0270  0.0271  0.0270  0.0270  0.0270  0.0270
  0.0269  0.0269  0.0269  0.0270  0.0269  0.0270  0.0269  0.0269  0.0269  0.0269  0.0269  0.0269
  0.0269  0.0269  0.0269  0.0269  0.0269  0.0269  0.0269  0.0269  0.0269  0.0269  0.0269  0.0269
  0.0270  0.0269  0.0269  0.0270  0.0269  0.0269  0.0269  0.0270  0.0269  0.0269  0.0269  0.0269
  0.0270  0.0270  0.0270  0.0271  0.0270  0.0270  0.0270  0.0271  0.0270  0.0270  0.0270  0.0270
  0.0272  0.0271  0.0270  0.0272  0.0271  0.0272  0.0272  0.0273  0.0271  0.0271  0.0270  0.0270
registration optimization eta report
parameter search radius
    0.8000    0.8000    0.8000    2.4000    2.4000    2.4000
    2.4000    2.4000    2.4000    2.4000    2.4000    2.4000
100000*second partial in parameter space
       43.       31.       21.        6.        3.        6.
        4.        7.        4.        3.        2.        2.
  0.0272  0.0271  0.0271  0.0272  0.0271  0.0273  0.0272  0.0273  0.0271  0.0271  0.0270  0.0270
  0.0270  0.0270  0.0270  0.0271  0.0270  0.0271  0.0270  0.0271  0.0270  0.0270  0.0270  0.0270
  0.0269  0.0269  0.0269  0.0270  0.0269  0.0270  0.0269  0.0269  0.0269  0.0269  0.0269  0.0269
  0.0269  0.0269  0.0269  0.0269  0.0269  0.0269  0.0269  0.0269  0.0269  0.0269  0.0269  0.0269
  0.0270  0.0269  0.0269  0.0270  0.0269  0.0269  0.0269  0.0270  0.0269  0.0269  0.0269  0.0269
  0.0270  0.0270  0.0270  0.0271  0.0270  0.0270  0.0270  0.0271  0.0270  0.0270  0.0270  0.0270
  0.0272  0.0271  0.0270  0.0272  0.0271  0.0272  0.0272  0.0273  0.0271  0.0271  0.0270  0.0270
   -2.0674   21.7073    3.0190   -2.1663  -12.8535  -15.9223
   -1.1299   -4.3626    2.5363   30.6502    1.0359  -26.1722
eta,q 0.97309  8.17001

---------------------------------------------------------------------
compute_vox2vox talsrcimg talsrcimg_to_711-2C_as_mni_average_305_t4 /opt/freesurfer/average/711-2C_as_mni_average_305
---------------------------------------------------------------------

freesurfer compute_vox2vox.c
Reading: talsrcimg.4dfp.ifh
Reading: talsrcimg_to_711-2C_as_mni_average_305_t4
Reading: /opt/freesurfer/average/711-2C_as_mni_average_305.4dfp.ifh
Writing: talsrcimg_to_711-2C_as_mni_average_305_t4_vox2vox.txt

start time Mon Mar 9 00:59:11 CET 2026
end		time Mon Mar 9 01:00:37 CET 2026

mpr2mni305 success

avi2talxfm orig_nu.mgz /opt/freesurfer/average/mni305.cor.mgz talsrcimg_to_711-2C_as_mni_average_305_t4_vox2vox.txt transforms/talairach.auto.xfm
avi2talxfm done
mv -f /out/sourcedata/freesurfer/sub-v1s17x0050234_ses-1/mri/talsrcimg_to_711-2C_as_mni_average_305_t4_vox2vox.txt /out/sourcedata/freesurfer/sub-v1s17x0050234_ses-1/mri/transforms/talsrcimg_to_711-2C_as_mni_average_305_t4_vox2vox.txt
lta_convert --src orig_nu.mgz --trg /opt/freesurfer/average/mni305.cor.mgz --inxfm transforms/talairach.auto.xfm --outlta transforms/talairach.auto.xfm.lta --subject fsaverage
7.3.2

--src: orig_nu.mgz src image (geometry).
--trg: /opt/freesurfer/average/mni305.cor.mgz trg image (geometry).
--inmni: transforms/talairach.auto.xfm input MNI/XFM transform.
--outlta: transforms/talairach.auto.xfm.lta output LTA.
--s: fsaverage subject name
 LTA read, type : 1
 1.02100   0.04340   0.02627  -0.03426;
-0.01967   1.07117   0.32144  -0.33801;
-0.02279  -0.37800   1.03367  -4.53148;
 0.00000   0.00000   0.00000   1.00000;
setting subject to fsaverage
Writing  LTA to file transforms/talairach.auto.xfm.lta...
lta_convert successful.
 
 
Started at Mon Mar 9 00:59:11 CET 2026
Ended   at Mon Mar  9 01:00:37 CET 2026
talairach_avi done
