status file for recon-all
Mon Mar  9 01:09:40 CET 2026
#@# MotionCor Mon Mar  9 01:09:42 CET 2026
#@# Talairach Mon Mar  9 01:09:49 CET 2026
#@# Talairach Failure Detection Mon Mar  9 01:14:17 CET 2026
#@# Nu Intensity Correction Mon Mar  9 01:14:17 CET 2026
#@# Intensity Normalization Mon Mar  9 01:17:32 CET 2026
recon-all -s sub-v1s17x0050240_ses-1 finished without error at Mon Mar  9 01:19:03 CET 2026



#New# invocation of recon-all 



status file for recon-all
Mon Mar  9 01:26:38 CET 2026
#@# EM Registration Mon Mar  9 01:26:38 CET 2026
recon-all -s sub-v1s17x0050240_ses-1 finished without error at Mon Mar  9 01:28:25 CET 2026



#New# invocation of recon-all 



status file for recon-all
Mon Mar  9 01:28:29 CET 2026
#@# CA Normalize Mon Mar  9 01:28:29 CET 2026
#@# CA Reg Mon Mar  9 01:29:51 CET 2026
#@# SubCort Seg Mon Mar  9 02:13:43 CET 2026
#@# CC Seg Mon Mar  9 02:41:48 CET 2026
#@# Merge ASeg Mon Mar  9 02:42:31 CET 2026
#@# Intensity Normalization2 Mon Mar  9 02:42:31 CET 2026
#@# Mask BFS Mon Mar  9 02:44:48 CET 2026
#@# WM Segmentation Mon Mar  9 02:44:48 CET 2026
#@# Fill Mon Mar  9 02:46:46 CET 2026
recon-all -s sub-v1s17x0050240_ses-1 finished without error at Mon Mar  9 02:47:51 CET 2026



#New# invocation of recon-all 



status file for recon-all
Mon Mar  9 03:30:00 CET 2026
#@# white curv lh Mon Mar  9 03:30:00 CET 2026
#@# white area lh Mon Mar  9 03:30:00 CET 2026
#@# pial curv lh Mon Mar  9 03:30:00 CET 2026
#@# pial area lh Mon Mar  9 03:30:00 CET 2026
#@# thickness lh Mon Mar  9 03:30:00 CET 2026
#@# area and vertex vol lh Mon Mar  9 03:30:00 CET 2026
#@# white curv rh Mon Mar  9 03:30:00 CET 2026
#@# white area rh Mon Mar  9 03:30:00 CET 2026
#@# pial curv rh Mon Mar  9 03:30:00 CET 2026
#@# pial area rh Mon Mar  9 03:30:00 CET 2026
#@# thickness rh Mon Mar  9 03:30:00 CET 2026
#@# area and vertex vol rh Mon Mar  9 03:30:00 CET 2026
#@# Cortical ribbon mask Mon Mar  9 03:30:00 CET 2026
recon-all -s sub-v1s17x0050240_ses-1 finished without error at Mon Mar  9 03:34:24 CET 2026



#New# invocation of recon-all 



status file for recon-all
Mon Mar  9 03:40:56 CET 2026
#@# white curv lh Mon Mar  9 03:40:56 CET 2026
#@# white area lh Mon Mar  9 03:40:56 CET 2026
#@# pial curv lh Mon Mar  9 03:40:56 CET 2026
#@# pial area lh Mon Mar  9 03:40:56 CET 2026
#@# thickness lh Mon Mar  9 03:40:56 CET 2026
#@# area and vertex vol lh Mon Mar  9 03:40:56 CET 2026
#@# white curv rh Mon Mar  9 03:40:56 CET 2026
#@# white area rh Mon Mar  9 03:40:56 CET 2026
#@# pial curv rh Mon Mar  9 03:40:56 CET 2026
#@# pial area rh Mon Mar  9 03:40:56 CET 2026
#@# thickness rh Mon Mar  9 03:40:56 CET 2026
#@# area and vertex vol rh Mon Mar  9 03:40:56 CET 2026
#@# Curvature Stats lh Mon Mar  9 03:40:56 CET 2026
#@# Curvature Stats rh Mon Mar  9 03:40:59 CET 2026
#@# Relabel Hypointensities Mon Mar  9 03:41:01 CET 2026
#@# APas-to-ASeg Mon Mar  9 03:41:16 CET 2026
#@# AParc-to-ASeg aparc Mon Mar  9 03:41:24 CET 2026
#@# AParc-to-ASeg aparc.a2009s Mon Mar  9 03:41:59 CET 2026
#@# AParc-to-ASeg aparc.DKTatlas Mon Mar  9 03:42:34 CET 2026
#@# WMParc Mon Mar  9 03:43:11 CET 2026
#@# ASeg Stats Mon Mar  9 03:46:37 CET 2026
recon-all -s sub-v1s17x0050240_ses-1 finished without error at Mon Mar  9 03:47:14 CET 2026
