status file for recon-all
Mon Mar  9 02:47:55 CET 2026
#@# Tessellate lh Mon Mar  9 02:47:55 CET 2026
#@# Smooth1 lh Mon Mar  9 02:47:59 CET 2026
#@# Inflation1 lh Mon Mar  9 02:48:02 CET 2026
#@# QSphere lh Mon Mar  9 02:48:14 CET 2026
#@# Fix Topology lh Mon Mar  9 02:49:09 CET 2026
#@# Smooth2 lh Mon Mar  9 02:54:32 CET 2026
#@# Inflation2 lh Mon Mar  9 02:54:35 CET 2026
#@# Curv .H and .K lh Mon Mar  9 02:54:48 CET 2026
#@# Sphere lh Mon Mar  9 02:55:35 CET 2026
#@# Surf Reg lh Mon Mar  9 02:57:34 CET 2026
#@# Jacobian white lh Mon Mar  9 03:01:19 CET 2026
#@# AvgCurv lh Mon Mar  9 03:01:20 CET 2026
#@# Cortical Parc lh Mon Mar  9 03:01:20 CET 2026
#@# white curv lh Mon Mar  9 03:07:19 CET 2026
#@# white area lh Mon Mar  9 03:07:21 CET 2026
#@# pial curv lh Mon Mar  9 03:07:22 CET 2026
#@# pial area lh Mon Mar  9 03:07:23 CET 2026
#@# thickness lh Mon Mar  9 03:07:24 CET 2026
#@# area and vertex vol lh Mon Mar  9 03:07:54 CET 2026
#@# Curvature Stats lh Mon Mar  9 03:07:55 CET 2026
#@# Cortical Parc 2 lh Mon Mar  9 03:07:58 CET 2026
#@# Cortical Parc 3 lh Mon Mar  9 03:08:10 CET 2026
#@# WM/GM Contrast lh Mon Mar  9 03:08:21 CET 2026
recon-all -s sub-v1s17x0050240_ses-1 finished without error at Mon Mar  9 03:08:24 CET 2026



#New# invocation of recon-all 



status file for recon-all
Mon Mar  9 03:34:28 CET 2026
#@# white curv lh Mon Mar  9 03:34:28 CET 2026
#@# white area lh Mon Mar  9 03:34:28 CET 2026
#@# pial curv lh Mon Mar  9 03:34:28 CET 2026
#@# pial area lh Mon Mar  9 03:34:28 CET 2026
#@# thickness lh Mon Mar  9 03:34:28 CET 2026
#@# area and vertex vol lh Mon Mar  9 03:34:28 CET 2026
#@# Parcellation Stats lh Mon Mar  9 03:34:28 CET 2026
#@# Parcellation Stats 2 lh Mon Mar  9 03:34:47 CET 2026
#@# Parcellation Stats 3 lh Mon Mar  9 03:34:57 CET 2026
#@# BA_exvivo Labels lh Mon Mar  9 03:35:06 CET 2026
recon-all -s sub-v1s17x0050240_ses-1 finished without error at Mon Mar  9 03:37:40 CET 2026
