status file for recon-all
Mon Mar  9 03:08:25 CET 2026
#@# Tessellate rh Mon Mar  9 03:08:26 CET 2026
#@# Smooth1 rh Mon Mar  9 03:08:29 CET 2026
#@# Inflation1 rh Mon Mar  9 03:08:32 CET 2026
#@# QSphere rh Mon Mar  9 03:08:44 CET 2026
#@# Fix Topology rh Mon Mar  9 03:09:49 CET 2026
#@# Smooth2 rh Mon Mar  9 03:16:03 CET 2026
#@# Inflation2 rh Mon Mar  9 03:16:06 CET 2026
#@# Curv .H and .K rh Mon Mar  9 03:16:20 CET 2026
#@# Sphere rh Mon Mar  9 03:17:08 CET 2026
#@# Surf Reg rh Mon Mar  9 03:19:14 CET 2026
#@# Jacobian white rh Mon Mar  9 03:22:51 CET 2026
#@# AvgCurv rh Mon Mar  9 03:22:52 CET 2026
#@# Cortical Parc rh Mon Mar  9 03:22:52 CET 2026
#@# white curv rh Mon Mar  9 03:28:50 CET 2026
#@# white area rh Mon Mar  9 03:28:52 CET 2026
#@# pial curv rh Mon Mar  9 03:28:53 CET 2026
#@# pial area rh Mon Mar  9 03:28:55 CET 2026
#@# thickness rh Mon Mar  9 03:28:55 CET 2026
#@# area and vertex vol rh Mon Mar  9 03:29:25 CET 2026
#@# Curvature Stats rh Mon Mar  9 03:29:27 CET 2026
#@# Cortical Parc 2 rh Mon Mar  9 03:29:29 CET 2026
#@# Cortical Parc 3 rh Mon Mar  9 03:29:43 CET 2026
#@# WM/GM Contrast rh Mon Mar  9 03:29:53 CET 2026
recon-all -s sub-v1s17x0050240_ses-1 finished without error at Mon Mar  9 03:29:56 CET 2026



#New# invocation of recon-all 



status file for recon-all
Mon Mar  9 03:37:43 CET 2026
#@# white curv rh Mon Mar  9 03:37:43 CET 2026
#@# white area rh Mon Mar  9 03:37:43 CET 2026
#@# pial curv rh Mon Mar  9 03:37:43 CET 2026
#@# pial area rh Mon Mar  9 03:37:43 CET 2026
#@# thickness rh Mon Mar  9 03:37:43 CET 2026
#@# area and vertex vol rh Mon Mar  9 03:37:43 CET 2026
#@# Parcellation Stats rh Mon Mar  9 03:37:43 CET 2026
#@# Parcellation Stats 2 rh Mon Mar  9 03:38:02 CET 2026
#@# Parcellation Stats 3 rh Mon Mar  9 03:38:12 CET 2026
#@# BA_exvivo Labels rh Mon Mar  9 03:38:21 CET 2026
recon-all -s sub-v1s17x0050240_ses-1 finished without error at Mon Mar  9 03:40:52 CET 2026
