/out/sourcedata/freesurfer/sub-v1s17x0050235_ses-1/mri
/opt/freesurfer/bin/talairach_avi
--i orig_nu.mgz --xfm transforms/talairach.auto.xfm
talairach_avi 7.3.2
Linux dna030 5.14.0-427.37.1.el9_4.x86_64 #1 SMP PREEMPT_DYNAMIC Fri Sep 13 12:41:50 EDT 2024 x86_64 x86_64 x86_64 GNU/Linux
Mon Mar  9 00:59:07 CET 2026
mri_convert orig_nu.mgz talsrcimg.img 
reading from orig_nu.mgz...
TR=0.00, TE=0.00, TI=0.00, flip angle=0.00
i_ras = (-1, 8.00355e-11, 0)
j_ras = (0, 0, -1)
k_ras = (-8.00355e-11, 1, 0)
writing to talsrcimg.img...
Analyze Output Matrix
-1.00000   0.00000  -0.00000   128.98190;
 0.00000   0.00000   1.00000  -127.48416;
 0.00000  -1.00000   0.00000   121.65643;
 0.00000   0.00000   0.00000   1.00000;
--------------------
INFO: set hdr.hist.orient to -1
mpr2mni305 talsrcimg
Mon Mar  9 00:59:07 CET 2026
/opt/freesurfer/bin/mpr2mni305 talsrcimg
mpr2mni305 7.3.2
target=711-2C_as_mni_average_305

---------------------------------------------------------------------
analyzeto4dfp talsrcimg -O0 -y
---------------------------------------------------------------------

freesurfer ifh2hdr.c
Mon Mar  9 00:59:08 2026
Writing: talsrcimg.4dfp.hdr
freesurfer analyzeto4dfp.c
Reading: talsrcimg.hdr
header size 348 bytes
hdr.dime.datatype	offset=70	value=2
hdr.dime.bitpix		offset=72	value=8
hdr.hist.orient		offset=252	value=-1
dimensionality     4
dimensions       256       256       256         1
Reading: talsrcimg.img
Writing: talsrcimg.4dfp.img
Writing: talsrcimg.4dfp.ifh
ifh2hdr talsrcimg -r0to255
ori=2

---------------------------------------------------------------------
gauss_4dfp talsrcimg 1.1
---------------------------------------------------------------------

freesurfer gauss_4dfp.c
Reading: talsrcimg.4dfp.img
Writing: talsrcimg_g11.4dfp.img
image dimensions 256 256 256 padded to 288 288 288
processing volume 1freesurfer ifh2hdr.c
Mon Mar  9 00:59:09 2026
Writing: talsrcimg_g11.4dfp.hdr

Writing: talsrcimg_g11.4dfp.ifh
including: talsrcimg.4dfp.img.rec in talsrcimg_g11.4dfp.img.rec

---------------------------------------------------------------------
imgreg_4dfp /opt/freesurfer/average/711-2C_as_mni_average_305 none talsrcimg_g11 none talsrcimg_to_711-2C_as_mni_average_305_t4 4355
---------------------------------------------------------------------

freesurfer imgreg_4dfp.c
/opt/freesurfer/average/711-2C_as_mni_average_305.4dfp.img
       256       256       256         1
  1.000000  1.000000  1.000000
orientation T byte_order littleendian
Reading image: /opt/freesurfer/average/711-2C_as_mni_average_305.4dfp.img
dimensions:      256       256       256
mmppix:       1.0000   -1.0000   -1.0000
center:     128.0000 -129.0000 -129.0000
talsrcimg_g11.4dfp.img
       256       256       256         1
  1.000000  1.000000  1.000000
orientation T byte_order littleendian
Reading image: talsrcimg_g11.4dfp.img
dimensions:      256       256       256
mmppix:       1.0000   -1.0000   -1.0000
center:     128.0000 -129.0000 -129.0000
t4_read: open error in t4_sub.f l:  41 t4_file(1:l)talsrcimg_to_711-2C_as_mni_average_305_t4 
t4_read: transform initialized to I4
rotation matrix determinant  1.000000
image alignment mode   4355 decimal     1103 hex
   -7.5000  -45.0000  -45.0000 7203.8032   12.3950
    0.0000  -45.0000  -45.0000 7533.9150   12.4145
    7.5000  -45.0000  -45.0000 7197.1943   12.4020
   -7.5000  -37.5000  -45.0000 7866.4956   12.3032
    0.0000  -37.5000  -45.0000 8232.1396   12.3224
    7.5000  -37.5000  -45.0000 7832.8564   12.3113
   -7.5000  -30.0000  -45.0000 8859.4082   12.2714
    0.0000  -30.0000  -45.0000 9273.8037   12.2915
    7.5000  -30.0000  -45.0000 8816.5840   12.2809
   -7.5000  -22.5000  -45.0000 9874.0010   12.2414
    0.0000  -22.5000  -45.000010330.2803   12.2631
    7.5000  -22.5000  -45.0000 9819.8945   12.2519
   -7.5000  -15.0000  -45.000010774.4658   12.2280
    0.0000  -15.0000  -45.000011274.9033   12.2501
    7.5000  -15.0000  -45.000010711.7432   12.2378
   -7.5000   -7.5000  -45.000011563.7236   12.2471
    0.0000   -7.5000  -45.000012093.4863   12.2675
    7.5000   -7.5000  -45.000011471.5674   12.2547
   -7.5000    0.0000  -45.000012259.4736   12.2773
    0.0000    0.0000  -45.000012820.9541   12.2964
    7.5000    0.0000  -45.000012155.4668   12.2842
   -7.5000    7.5000  -45.000012024.4795   12.2872
    0.0000    7.5000  -45.000012578.0391   12.3063
    7.5000    7.5000  -45.000011945.9004   12.2952
   -7.5000   15.0000  -45.000011680.9668   12.2704
    0.0000   15.0000  -45.000012215.1504   12.2905
    7.5000   15.0000  -45.000011617.3057   12.2798
   -7.5000   22.5000  -45.000011295.2217   12.2397
    0.0000   22.5000  -45.000011817.0967   12.2614
    7.5000   22.5000  -45.000011238.9697   12.2502
   -7.5000   30.0000  -45.000010890.2256   12.0651
    0.0000   30.0000  -45.000011378.7090   12.0868
    7.5000   30.0000  -45.000010812.9053   12.0747
   -7.5000   37.5000  -45.000010518.0957   12.0839
    0.0000   37.5000  -45.000011007.1963   12.1041
    7.5000   37.5000  -45.000010467.6035   12.0914
   -7.5000   45.0000  -45.0000 9659.0166   11.8061
    0.0000   45.0000  -45.000010096.3545   11.8245
    7.5000   45.0000  -45.0000 9629.1152   11.8127
   -7.5000  -45.0000  -37.5000 7681.0122   12.3763
    0.0000  -45.0000  -37.5000 8025.4834   12.3949
    7.5000  -45.0000  -37.5000 7648.3110   12.3844
   -7.5000  -37.5000  -37.5000 8389.6953   12.2848
    0.0000  -37.5000  -37.5000 8755.3916   12.3050
    7.5000  -37.5000  -37.5000 8332.1416   12.2963
   -7.5000  -30.0000  -37.5000 9420.9307   12.2533
    0.0000  -30.0000  -37.5000 9843.8809   12.2750
    7.5000  -30.0000  -37.5000 9362.7578   12.2672
   -7.5000  -22.5000  -37.500010474.8701   12.2231
    0.0000  -22.5000  -37.500010946.7744   12.2453
    7.5000  -22.5000  -37.500010419.0117   12.2366
   -7.5000  -15.0000  -37.500011426.9219   12.2093
    0.0000  -15.0000  -37.500011929.3594   12.2302
    7.5000  -15.0000  -37.500011352.6895   12.2199
   -7.5000   -7.5000  -37.500012237.4834   12.2283
    0.0000   -7.5000  -37.500012773.9072   12.2472
    7.5000   -7.5000  -37.500012138.8027   12.2362
   -7.5000    0.0000  -37.500012976.5312   12.2588
    0.0000    0.0000  -37.500013531.8535   12.2771
    7.5000    0.0000  -37.500012863.3203   12.2669
   -7.5000    7.5000  -37.500012724.0381   12.2688
    0.0000    7.5000  -37.500013286.9199   12.2889
    7.5000    7.5000  -37.500012625.6201   12.2802
   -7.5000   15.0000  -37.500012348.7275   12.2523
    0.0000   15.0000  -37.500012903.0996   12.2740
    7.5000   15.0000  -37.500012258.2031   12.2661
   -7.5000   22.5000  -37.500011900.3359   12.2215
    0.0000   22.5000  -37.500012439.5801   12.2436
    7.5000   22.5000  -37.500011830.9023   12.2349
   -7.5000   30.0000  -37.500011429.5400   12.0466
    0.0000   30.0000  -37.500011936.4922   12.0673
    7.5000   30.0000  -37.500011360.0146   12.0571
   -7.5000   37.5000  -37.500011047.3477   12.0654
    0.0000   37.5000  -37.500011549.5967   12.0840
    7.5000   37.5000  -37.500010986.2041   12.0731
   -7.5000   45.0000  -37.500010128.3145   11.7883
    0.0000   45.0000  -37.500010576.4277   11.8060
    7.5000   45.0000  -37.500010094.1035   11.7961
   -7.5000  -45.0000  -30.0000 8270.2246   12.8782
    0.0000  -45.0000  -30.0000 8630.6113   12.8966
    7.5000  -45.0000  -30.0000 8228.6992   12.8833
   -7.5000  -37.5000  -30.0000 9018.0654   12.7819
    0.0000  -37.5000  -30.0000 9423.6436   12.8027
    7.5000  -37.5000  -30.0000 8969.2061   12.7918
   -7.5000  -30.0000  -30.000010118.7979   12.7491
    0.0000  -30.0000  -30.000010565.6631   12.7723
    7.5000  -30.0000  -30.000010060.7900   12.7634
   -7.5000  -22.5000  -30.000011238.4727   12.7195
    0.0000  -22.5000  -30.000011747.4209   12.7430
    7.5000  -22.5000  -30.000011166.2793   12.7338
   -7.5000  -15.0000  -30.000012251.4902   12.7067
    0.0000  -15.0000  -30.000012778.3213   12.7281
    7.5000  -15.0000  -30.000012148.2480   12.7169
   -7.5000   -7.5000  -30.000013083.5811   12.7262
    0.0000   -7.5000  -30.000013627.3076   12.7448
    7.5000   -7.5000  -30.000012973.1396   12.7320
   -7.5000    0.0000  -30.000013835.0781   12.7561
    0.0000    0.0000  -30.000014423.3418   12.7743
    7.5000    0.0000  -30.000013721.3125   12.7614
   -7.5000    7.5000  -30.000013572.6074   12.7651
    0.0000    7.5000  -30.000014163.9775   12.7858
    7.5000    7.5000  -30.000013462.2676   12.7748
   -7.5000   15.0000  -30.000013179.4004   12.7481
    0.0000   15.0000  -30.000013780.9150   12.7712
    7.5000   15.0000  -30.000013081.8818   12.7623
   -7.5000   22.5000  -30.000012700.3994   12.7165
    0.0000   22.5000  -30.000013275.2480   12.7400
    7.5000   22.5000  -30.000012602.4434   12.7307
   -7.5000   30.0000  -30.000012117.5459   12.5385
    0.0000   30.0000  -30.000012651.0928   12.5597
    7.5000   30.0000  -30.000012018.7119   12.5486
   -7.5000   37.5000  -30.000011710.7969   12.5578
    0.0000   37.5000  -30.000012201.4951   12.5762
    7.5000   37.5000  -30.000011633.1943   12.5635
   -7.5000   45.0000  -30.000010721.7363   12.2756
    0.0000   45.0000  -30.000011171.8584   12.2931
    7.5000   45.0000  -30.000010679.9814   12.2806
   -7.5000  -45.0000  -22.5000 8820.1504   13.3222
    0.0000  -45.0000  -22.5000 9213.6553   13.3414
    7.5000  -45.0000  -22.5000 8779.5840   13.3227
   -7.5000  -37.5000  -22.5000 9615.1514   13.2207
    0.0000  -37.5000  -22.500010037.1680   13.2410
    7.5000  -37.5000  -22.5000 9568.6289   13.2244
   -7.5000  -30.0000  -22.500010778.2285   13.1862
    0.0000  -30.0000  -22.500011236.1504   13.2087
    7.5000  -30.0000  -22.500010720.3291   13.1948
   -7.5000  -22.5000  -22.500011943.7676   13.1577
    0.0000  -22.5000  -22.500012460.4121   13.1816
    7.5000  -22.5000  -22.500011868.0664   13.1684
   -7.5000  -15.0000  -22.500012986.8691   13.1472
    0.0000  -15.0000  -22.500013526.6885   13.1702
    7.5000  -15.0000  -22.500012887.5557   13.1555
   -7.5000   -7.5000  -22.500013860.0703   13.1674
    0.0000   -7.5000  -22.500014432.3184   13.1878
    7.5000   -7.5000  -22.500013751.0879   13.1707
   -7.5000    0.0000  -22.500014621.3330   13.1961
    0.0000    0.0000  -22.500015253.5586   13.2151
    7.5000    0.0000  -22.500014507.0840   13.1969
   -7.5000    7.5000  -22.500014322.5010   13.2032
    0.0000    7.5000  -22.500014975.5127   13.2234
    7.5000    7.5000  -22.500014203.9062   13.2069
   -7.5000   15.0000  -22.500013922.3135   13.1850
    0.0000   15.0000  -22.500014567.2412   13.2075
    7.5000   15.0000  -22.500013803.7402   13.1936
   -7.5000   22.5000  -22.500013415.4629   13.1536
    0.0000   22.5000  -22.500014049.0264   13.1776
    7.5000   22.5000  -22.500013296.9443   13.1643
   -7.5000   30.0000  -22.500012736.9912   12.9752
    0.0000   30.0000  -22.500013300.7500   12.9980
    7.5000   30.0000  -22.500012604.4209   12.9834
   -7.5000   37.5000  -22.500012287.0234   12.9952
    0.0000   37.5000  -22.500012804.5332   13.0153
    7.5000   37.5000  -22.500012172.9072   12.9985
   -7.5000   45.0000  -22.500011244.0742   12.7085
    0.0000   45.0000  -22.500011711.6631   12.7268
    7.5000   45.0000  -22.500011180.0117   12.7093
   -7.5000  -45.0000  -15.0000 9372.7842   13.6598
    0.0000  -45.0000  -15.0000 9785.3789   13.6803
    7.5000  -45.0000  -15.0000 9329.0488   13.6592
   -7.5000  -37.5000  -15.000010209.5117   13.5553
    0.0000  -37.5000  -15.000010642.6748   13.5750
    7.5000  -37.5000  -15.000010165.3965   13.5551
   -7.5000  -30.0000  -15.000011424.3428   13.5198
    0.0000  -30.0000  -15.000011907.6182   13.5409
    7.5000  -30.0000  -15.000011370.2949   13.5230
   -7.5000  -22.5000  -15.000012601.9297   13.4913
    0.0000  -22.5000  -15.000013138.8223   13.5150
    7.5000  -22.5000  -15.000012542.2070   13.4981
   -7.5000  -15.0000  -15.000013654.9619   13.4814
    0.0000  -15.0000  -15.000014229.2764   13.5060
    7.5000  -15.0000  -15.000013588.5137   13.4884
   -7.5000   -7.5000  -15.000014598.3291   13.5019
    0.0000   -7.5000  -15.000015212.3574   13.5244
    7.5000   -7.5000  -15.000014506.3848   13.5049
   -7.5000    0.0000  -15.000015430.1406   13.5304
    0.0000    0.0000  -15.000016100.6592   13.5508
    7.5000    0.0000  -15.000015301.2002   13.5300
   -7.5000    7.5000  -15.000015074.4980   13.5374
    0.0000    7.5000  -15.000015780.1406   13.5570
    7.5000    7.5000  -15.000014913.5010   13.5372
   -7.5000   15.0000  -15.000014608.4502   13.5186
    0.0000   15.0000  -15.000015295.5928   13.5398
    7.5000   15.0000  -15.000014441.0615   13.5219
   -7.5000   22.5000  -15.000014060.8643   13.4865
    0.0000   22.5000  -15.000014713.6924   13.5102
    7.5000   22.5000  -15.000013898.5312   13.4933
   -7.5000   30.0000  -15.000013289.2744   13.3070
    0.0000   30.0000  -15.000013871.5459   13.3312
    7.5000   30.0000  -15.000013102.8369   13.3138
   -7.5000   37.5000  -15.000012810.2305   13.3271
    0.0000   37.5000  -15.000013344.2080   13.3494
    7.5000   37.5000  -15.000012638.4619   13.3301
   -7.5000   45.0000  -15.000011756.8057   13.0384
    0.0000   45.0000  -15.000012256.7734   13.0579
    7.5000   45.0000  -15.000011639.8652   13.0379
   -7.5000  -45.0000   -7.5000 9938.8213   13.8398
    0.0000  -45.0000   -7.500010398.4346   13.8614
    7.5000  -45.0000   -7.5000 9898.6260   13.8428
   -7.5000  -37.5000   -7.500010806.3428   13.7355
    0.0000  -37.5000   -7.500011275.5664   13.7558
    7.5000  -37.5000   -7.500010766.6973   13.7384
   -7.5000  -30.0000   -7.500012058.6953   13.7000
    0.0000  -30.0000   -7.500012581.5547   13.7211
    7.5000  -30.0000   -7.500012023.3662   13.7048
   -7.5000  -22.5000   -7.500013268.3896   13.6691
    0.0000  -22.5000   -7.500013815.9717   13.6930
    7.5000  -22.5000   -7.500013213.4463   13.6769
   -7.5000  -15.0000   -7.500014343.8047   13.6569
    0.0000  -15.0000   -7.500014926.1670   13.6820
    7.5000  -15.0000   -7.500014289.2646   13.6652
   -7.5000   -7.5000   -7.500015359.5361   13.6776
    0.0000   -7.5000   -7.500016023.0479   13.7011
    7.5000   -7.5000   -7.500015278.6934   13.6832
   -7.5000    0.0000   -7.500016341.2910   13.7085
    0.0000    0.0000   -7.500017148.0059   13.7298
    7.5000    0.0000   -7.500016156.9951   13.7116
   -7.5000    7.5000   -7.500015933.3643   13.7176
    0.0000    7.5000   -7.500016725.8848   13.7377
    7.5000    7.5000   -7.500015740.9736   13.7204
   -7.5000   15.0000   -7.500015410.0352   13.6988
    0.0000   15.0000   -7.500016137.9375   13.7200
    7.5000   15.0000   -7.500015239.6309   13.7037
   -7.5000   22.5000   -7.500014797.3252   13.6628
    0.0000   22.5000   -7.500015473.6973   13.6867
    7.5000   22.5000   -7.500014647.0928   13.6706
   -7.5000   30.0000   -7.500013908.1777   13.4798
    0.0000   30.0000   -7.500014516.7012   13.5046
    7.5000   30.0000   -7.500013733.4883   13.4880
   -7.5000   37.5000   -7.500013371.3926   13.5002
    0.0000   37.5000   -7.500013928.3701   13.5234
    7.5000   37.5000   -7.500013183.6074   13.5057
   -7.5000   45.0000   -7.500012278.6602   13.2124
    0.0000   45.0000   -7.500012783.9619   13.2329
    7.5000   45.0000   -7.500012142.0918   13.2154
   -7.5000  -45.0000    0.000010443.0010   13.8704
    0.0000  -45.0000    0.000010937.4443   13.8921
    7.5000  -45.0000    0.000010400.5342   13.8781
   -7.5000  -37.5000    0.000011332.2891   13.7676
    0.0000  -37.5000    0.000011842.1807   13.7891
    7.5000  -37.5000    0.000011302.2305   13.7767
   -7.5000  -30.0000    0.000012607.6660   13.7320
    0.0000  -30.0000    0.000013181.8633   13.7545
    7.5000  -30.0000    0.000012582.6875   13.7426
   -7.5000  -22.5000    0.000013830.4395   13.6984
    0.0000  -22.5000    0.000014429.5195   13.7227
    7.5000  -22.5000    0.000013771.0400   13.7102
   -7.5000  -15.0000    0.000014891.7080   13.6835
    0.0000  -15.0000    0.000015499.2695   13.7082
    7.5000  -15.0000    0.000014849.1836   13.6944
   -7.5000   -7.5000    0.000015926.7773   13.7048
    0.0000   -7.5000    0.000016679.7402   13.7277
    7.5000   -7.5000    0.000015877.9775   13.7133
   -7.5000    0.0000    0.000017005.1484   13.7386
    0.0000    0.0000    0.000017897.9805   13.7600
    7.5000    0.0000    0.000016816.5918   13.7463
   -7.5000    7.5000    0.000016693.6719   13.7497
    0.0000    7.5000    0.000017506.6895   13.7711
    7.5000    7.5000    0.000016464.3145   13.7587
   -7.5000   15.0000    0.000016173.9971   13.7309
    0.0000   15.0000    0.000016924.2598   13.7533
    7.5000   15.0000    0.000015972.0225   13.7415
   -7.5000   22.5000    0.000015480.3594   13.6921
    0.0000   22.5000    0.000016152.6885   13.7164
    7.5000   22.5000    0.000015303.8887   13.7038
   -7.5000   30.0000    0.000014439.5293   13.5064
    0.0000   30.0000    0.000015067.2617   13.5308
    7.5000   30.0000    0.000014285.3271   13.5172
   -7.5000   37.5000    0.000013831.2129   13.5275
    0.0000   37.5000    0.000014417.5176   13.5500
    7.5000   37.5000    0.000013660.2100   13.5359
   -7.5000   45.0000    0.000012700.6191   13.2424
    0.0000   45.0000    0.000013237.7500   13.2630
    7.5000   45.0000    0.000012578.6797   13.2498
   -7.5000  -45.0000    7.500010098.5781   13.8494
    0.0000  -45.0000    7.500010576.8682   13.8702
    7.5000  -45.0000    7.500010074.5264   13.8584
   -7.5000  -37.5000    7.500010966.9609   13.7470
    0.0000  -37.5000    7.500011478.1475   13.7696
    7.5000  -37.5000    7.500010945.6914   13.7599
   -7.5000  -30.0000    7.500012177.2744   13.7118
    0.0000  -30.0000    7.500012752.0244   13.7361
    7.5000  -30.0000    7.500012174.1035   13.7273
   -7.5000  -22.5000    7.500013347.8955   13.6780
    0.0000  -22.5000    7.500013952.9268   13.7029
    7.5000  -22.5000    7.500013323.4023   13.6931
   -7.5000  -15.0000    7.500014378.8027   13.6625
    0.0000  -15.0000    7.500015017.2568   13.6860
    7.5000  -15.0000    7.500014337.4971   13.6744
   -7.5000   -7.5000    7.500015357.2783   13.6838
    0.0000   -7.5000    7.500016154.4990   13.7049
    7.5000   -7.5000    7.500015320.4961   13.6926
   -7.5000    0.0000    7.500016349.5088   13.7179
    0.0000    0.0000    7.500017265.0215   13.7385
    7.5000    0.0000    7.500016229.8301   13.7269
   -7.5000    7.5000    7.500016113.3916   13.7291
    0.0000    7.5000    7.500016968.1602   13.7516
    7.5000    7.5000    7.500015952.4697   13.7418
   -7.5000   15.0000    7.500015687.2266   13.7106
    0.0000   15.0000    7.500016479.1211   13.7349
    7.5000   15.0000    7.500015510.0996   13.7261
   -7.5000   22.5000    7.500015004.9697   13.6717
    0.0000   22.5000    7.500015702.4609   13.6965
    7.5000   22.5000    7.500014848.9268   13.6868
   -7.5000   30.0000    7.500013913.8203   13.4857
    0.0000   30.0000    7.500014507.5068   13.5088
    7.5000   30.0000    7.500013805.0518   13.4975
   -7.5000   37.5000    7.500013301.2998   13.5067
    0.0000   37.5000    7.500013809.0840   13.5276
    7.5000   37.5000    7.500013178.2588   13.5154
   -7.5000   45.0000    7.500012247.3809   13.2225
    0.0000   45.0000    7.500012694.8857   13.2423
    7.5000   45.0000    7.500012144.2197   13.2312
   -7.5000  -45.0000   15.0000 9573.1855   13.8291
    0.0000  -45.0000   15.000010043.4434   13.8488
    7.5000  -45.0000   15.0000 9567.1787   13.8345
   -7.5000  -37.5000   15.000010390.3613   13.7257
    0.0000  -37.5000   15.000010903.8213   13.7480
    7.5000  -37.5000   15.000010385.0615   13.7362
   -7.5000  -30.0000   15.000011585.7393   13.6905
    0.0000  -30.0000   15.000012140.6152   13.7154
    7.5000  -30.0000   15.000011568.1562   13.7058
   -7.5000  -22.5000   15.000012751.1836   13.6587
    0.0000  -22.5000   15.000013320.6309   13.6839
    7.5000  -22.5000   15.000012714.5605   13.6740
   -7.5000  -15.0000   15.000013775.4648   13.6449
    0.0000  -15.0000   15.000014371.9951   13.6679
    7.5000  -15.0000   15.000013733.8145   13.6558
   -7.5000   -7.5000   15.000014723.2891   13.6659
    0.0000   -7.5000   15.000015428.4189   13.6859
    7.5000   -7.5000   15.000014701.9883   13.6721
   -7.5000    0.0000   15.000015570.2461   13.6980
    0.0000    0.0000   15.000016287.3330   13.7175
    7.5000    0.0000   15.000015521.9062   13.7037
   -7.5000    7.5000   15.000015224.1143   13.7076
    0.0000    7.5000   15.000015887.0420   13.7299
    7.5000    7.5000   15.000015188.5361   13.7181
   -7.5000   15.0000   15.000014813.4297   13.6893
    0.0000   15.0000   15.000015483.6875   13.7142
    7.5000   15.0000   15.000014770.3359   13.7046
   -7.5000   22.5000   15.000014271.9561   13.6524
    0.0000   22.5000   15.000014944.3574   13.6776
    7.5000   22.5000   15.000014214.9922   13.6677
   -7.5000   30.0000   15.000013252.1494   13.4683
    0.0000   30.0000   15.000013861.8477   13.4910
    7.5000   30.0000   15.000013198.6768   13.4791
   -7.5000   37.5000   15.000012646.3281   13.4890
    0.0000   37.5000   15.000013191.1562   13.5087
    7.5000   37.5000   15.000012580.2344   13.4951
   -7.5000   45.0000   15.000011653.2891   13.2033
    0.0000   45.0000   15.000012129.3857   13.2221
    7.5000   45.0000   15.000011584.1475   13.2088
   -7.5000  -45.0000   22.5000 8939.5303   13.8295
    0.0000  -45.0000   22.5000 9376.7158   13.8495
    7.5000  -45.0000   22.5000 8937.9131   13.8301
   -7.5000  -37.5000   22.5000 9725.6895   13.7242
    0.0000  -37.5000   22.500010199.9717   13.7452
    7.5000  -37.5000   22.5000 9724.4902   13.7280
   -7.5000  -30.0000   22.500010885.1963   13.6883
    0.0000  -30.0000   22.500011394.1035   13.7117
    7.5000  -30.0000   22.500010867.5996   13.6973
   -7.5000  -22.5000   22.500011982.0576   13.6588
    0.0000  -22.5000   22.500012510.8027   13.6836
    7.5000  -22.5000   22.500011957.1514   13.6699
   -7.5000  -15.0000   22.500012964.6191   13.6479
    0.0000  -15.0000   22.500013526.2402   13.6718
    7.5000  -15.0000   22.500012961.3945   13.6565
   -7.5000   -7.5000   22.500013854.0088   13.6689
    0.0000   -7.5000   22.500014467.3965   13.6900
    7.5000   -7.5000   22.500013839.8896   13.6723
   -7.5000    0.0000   22.500014628.8662   13.6986
    0.0000    0.0000   22.500015215.4541   13.7184
    7.5000    0.0000   22.500014611.5166   13.6995
   -7.5000    7.5000   22.500014260.2207   13.7061
    0.0000    7.5000   22.500014818.9648   13.7270
    7.5000    7.5000   22.500014264.4941   13.7098
   -7.5000   15.0000   22.500013855.2129   13.6872
    0.0000   15.0000   22.500014375.8457   13.7105
    7.5000   15.0000   22.500013850.7188   13.6961
   -7.5000   22.5000   22.500013380.5322   13.6525
    0.0000   22.5000   22.500013884.7578   13.6773
    7.5000   22.5000   22.500013365.3018   13.6636
   -7.5000   30.0000   22.500012477.0137   13.4712
    0.0000   30.0000   22.500012925.3418   13.4949
    7.5000   30.0000   22.500012432.0576   13.4798
   -7.5000   37.5000   22.500011924.1943   13.4920
    0.0000   37.5000   22.500012372.7256   13.5128
    7.5000   37.5000   22.500011877.2031   13.4954
   -7.5000   45.0000   22.500011007.5977   13.2039
    0.0000   45.0000   22.500011446.3066   13.2229
    7.5000   45.0000   22.500010963.5830   13.2047
   -7.5000  -45.0000   30.0000 8235.1377   13.8996
    0.0000  -45.0000   30.0000 8638.0293   13.9205
    7.5000  -45.0000   30.0000 8237.5947   13.8989
   -7.5000  -37.5000   30.0000 8963.2852   13.7928
    0.0000  -37.5000   30.0000 9402.5664   13.8128
    7.5000  -37.5000   30.0000 8968.3447   13.7924
   -7.5000  -30.0000   30.000010040.4990   13.7564
    0.0000  -30.0000   30.000010518.3184   13.7779
    7.5000  -30.0000   30.000010032.3984   13.7596
   -7.5000  -22.5000   30.000011061.1436   13.7274
    0.0000  -22.5000   30.000011559.4180   13.7515
    7.5000  -22.5000   30.000011048.0898   13.7342
   -7.5000  -15.0000   30.000011981.7998   13.7174
    0.0000  -15.0000   30.000012533.9385   13.7424
    7.5000  -15.0000   30.000011991.0850   13.7244
   -7.5000   -7.5000   30.000012826.9023   13.7383
    0.0000   -7.5000   30.000013411.7969   13.7613
    7.5000   -7.5000   30.000012837.4736   13.7414
   -7.5000    0.0000   30.000013529.0439   13.7675
    0.0000    0.0000   30.000014087.0000   13.7882
    7.5000    0.0000   30.000013533.0566   13.7669
   -7.5000    7.5000   30.000013183.0928   13.7745
    0.0000    7.5000   30.000013732.4131   13.7945
    7.5000    7.5000   30.000013185.5107   13.7742
   -7.5000   15.0000   30.000012800.3994   13.7553
    0.0000   15.0000   30.000013334.9922   13.7767
    7.5000   15.0000   30.000012794.9941   13.7585
   -7.5000   22.5000   30.000012375.1855   13.7210
    0.0000   22.5000   30.000012873.3057   13.7451
    7.5000   22.5000   30.000012366.7900   13.7279
   -7.5000   30.0000   30.000011555.9385   13.5399
    0.0000   30.0000   30.000011992.0674   13.5645
    7.5000   30.0000   30.000011523.0205   13.5468
   -7.5000   37.5000   30.000011059.2051   13.5605
    0.0000   37.5000   30.000011483.0244   13.5832
    7.5000   37.5000   30.000011014.9141   13.5635
   -7.5000   45.0000   30.000010212.0166   13.2703
    0.0000   45.0000   30.000010623.2617   13.2902
    7.5000   45.0000   30.000010180.5361   13.2698
   -7.5000  -45.0000   37.5000 7839.0527   14.0626
    0.0000  -45.0000   37.5000 8211.0840   14.0850
    7.5000  -45.0000   37.5000 7833.7109   14.0656
   -7.5000  -37.5000   37.5000 8544.9072   13.9555
    0.0000  -37.5000   37.5000 8954.1660   13.9764
    7.5000  -37.5000   37.5000 8530.2900   13.9581
   -7.5000  -30.0000   37.5000 9550.5674   13.9189
    0.0000  -30.0000   37.500010008.2871   13.9407
    7.5000  -30.0000   37.5000 9546.5635   13.9234
   -7.5000  -22.5000   37.500010523.6338   13.8867
    0.0000  -22.5000   37.500011003.2070   13.9112
    7.5000  -22.5000   37.500010511.3105   13.8941
   -7.5000  -15.0000   37.500011406.7607   13.8736
    0.0000  -15.0000   37.500011928.0352   13.8996
    7.5000  -15.0000   37.500011415.9990   13.8818
   -7.5000   -7.5000   37.500012205.3984   13.8950
    0.0000   -7.5000   37.500012761.3633   13.9193
    7.5000   -7.5000   37.500012212.1895   13.9006
   -7.5000    0.0000   37.500012880.0068   13.9273
    0.0000    0.0000   37.500013423.3877   13.9494
    7.5000    0.0000   37.500012886.8662   13.9303
   -7.5000    7.5000   37.500012552.2422   13.9370
    0.0000    7.5000   37.500013089.0195   13.9578
    7.5000    7.5000   37.500012562.3877   13.9396
   -7.5000   15.0000   37.500012183.0557   13.9177
    0.0000   15.0000   37.500012685.4102   13.9395
    7.5000   15.0000   37.500012180.5459   13.9222
   -7.5000   22.5000   37.500011811.1631   13.8803
    0.0000   22.5000   37.500012283.1318   13.9048
    7.5000   22.5000   37.500011792.9951   13.8877
   -7.5000   30.0000   37.500011043.0596   13.6941
    0.0000   30.0000   37.500011495.7490   13.7197
    7.5000   30.0000   37.500011012.9170   13.7021
   -7.5000   37.5000   37.500010579.8213   13.7152
    0.0000   37.5000   37.500011018.8740   13.7392
    7.5000   37.5000   37.500010539.4463   13.7207
   -7.5000   45.0000   37.5000 9782.6689   13.4243
    0.0000   45.0000   37.500010196.2129   13.4456
    7.5000   45.0000   37.5000 9755.0547   13.4272
   -7.5000  -45.0000   45.0000 7124.8975   14.2744
    0.0000  -45.0000   45.0000 7455.3765   14.2970
    7.5000  -45.0000   45.0000 7112.5518   14.2809
   -7.5000  -37.5000   45.0000 7767.2983   14.1688
    0.0000  -37.5000   45.0000 8137.8115   14.1911
    7.5000  -37.5000   45.0000 7743.3882   14.1760
   -7.5000  -30.0000   45.0000 8690.6826   14.1333
    0.0000  -30.0000   45.0000 9107.9629   14.1566
    7.5000  -30.0000   45.0000 8660.5381   14.1414
   -7.5000  -22.5000   45.0000 9568.8750   14.0953
    0.0000  -22.5000   45.000010033.5088   14.1204
    7.5000  -22.5000   45.0000 9555.2773   14.1048
   -7.5000  -15.0000   45.000010380.1895   14.0749
    0.0000  -15.0000   45.000010869.9629   14.1005
    7.5000  -15.0000   45.000010363.4961   14.0841
   -7.5000   -7.5000   45.000011096.1211   14.0959
    0.0000   -7.5000   45.000011608.6074   14.1197
    7.5000   -7.5000   45.000011077.3613   14.1031
   -7.5000    0.0000   45.000011693.9902   14.1340
    0.0000    0.0000   45.000012201.3193   14.1562
    7.5000    0.0000   45.000011669.5586   14.1404
   -7.5000    7.5000   45.000011405.3750   14.1497
    0.0000    7.5000   45.000011892.5625   14.1719
    7.5000    7.5000   45.000011392.5957   14.1568
   -7.5000   15.0000   45.000011088.1865   14.1321
    0.0000   15.0000   45.000011563.1680   14.1553
    7.5000   15.0000   45.000011073.6709   14.1402
   -7.5000   22.5000   45.000010773.4521   14.0887
    0.0000   22.5000   45.000011219.4648   14.1139
    7.5000   22.5000   45.000010748.2861   14.0982
   -7.5000   30.0000   45.000010083.6055   13.8915
    0.0000   30.0000   45.000010516.2373   13.9168
    7.5000   30.0000   45.000010061.9922   13.9006
   -7.5000   37.5000   45.0000 9672.2871   13.9123
    0.0000   37.5000   45.000010091.9805   13.9357
    7.5000   37.5000   45.0000 9640.9756   13.9194
   -7.5000   45.0000   45.0000 8965.6436   13.6297
    0.0000   45.0000   45.0000 9358.2979   13.6511
    7.5000   45.0000   45.0000 8928.6299   13.6359

---------------------------------------------------------------------
imgreg_4dfp /opt/freesurfer/average/711-2C_as_mni_average_305 /opt/freesurfer/average/711-2B_as_mni_average_305_mask talsrcimg_g11 none talsrcimg_to_711-2C_as_mni_average_305_t4 4355
---------------------------------------------------------------------

freesurfer imgreg_4dfp.c
/opt/freesurfer/average/711-2C_as_mni_average_305.4dfp.img
       256       256       256         1
  1.000000  1.000000  1.000000
orientation T byte_order littleendian
Reading image: /opt/freesurfer/average/711-2C_as_mni_average_305.4dfp.img
dimensions:      256       256       256
mmppix:       1.0000   -1.0000   -1.0000
center:     128.0000 -129.0000 -129.0000
/opt/freesurfer/average/711-2B_as_mni_average_305_mask.4dfp.img
       256       256       256         1
  1.000000  1.000000  1.000000
orientation T byte_order littleendian
Reading mask: /opt/freesurfer/average/711-2B_as_mni_average_305_mask.4dfp.img (2306576 pixels)
talsrcimg_g11.4dfp.img
       256       256       256         1
  1.000000  1.000000  1.000000
orientation T byte_order littleendian
Reading image: talsrcimg_g11.4dfp.img
dimensions:      256       256       256
mmppix:       1.0000   -1.0000   -1.0000
center:     128.0000 -129.0000 -129.0000
rotation matrix determinant  1.000000
image alignment mode   4355 decimal     1103 hex
   -7.5000  -45.0000  -45.0000 1911.7688   15.7749
    0.0000  -45.0000  -45.0000 1926.7863   15.7350
    7.5000  -45.0000  -45.0000 1917.3871   15.7949
   -7.5000  -37.5000  -45.0000 2027.4290   14.0309
    0.0000  -37.5000  -45.0000 2043.7000   13.9786
    7.5000  -37.5000  -45.0000 2026.9429   14.0549
   -7.5000  -30.0000  -45.0000 2133.4768   12.6742
    0.0000  -30.0000  -45.0000 2149.8716   12.6150
    7.5000  -30.0000  -45.0000 2134.5815   12.6962
   -7.5000  -22.5000  -45.0000 2224.3306   11.6327
    0.0000  -22.5000  -45.0000 2240.2644   11.6124
    7.5000  -22.5000  -45.0000 2223.7346   11.6786
   -7.5000  -15.0000  -45.0000 2281.4656   10.9049
    0.0000  -15.0000  -45.0000 2295.1938   10.8759
    7.5000  -15.0000  -45.0000 2279.1450   10.9472
   -7.5000   -7.5000  -45.0000 2323.3264   10.3947
    0.0000   -7.5000  -45.0000 2336.6531   10.3384
    7.5000   -7.5000  -45.0000 2317.5898   10.4355
   -7.5000    0.0000  -45.0000 2344.8774   10.1042
    0.0000    0.0000  -45.0000 2360.3508   10.0491
    7.5000    0.0000  -45.0000 2335.5527   10.1430
   -7.5000    7.5000  -45.0000 2344.1323   10.0537
    0.0000    7.5000  -45.0000 2358.9946    9.9954
    7.5000    7.5000  -45.0000 2340.1746   10.0956
   -7.5000   15.0000  -45.0000 2329.6428   10.1814
    0.0000   15.0000  -45.0000 2346.1455   10.1210
    7.5000   15.0000  -45.0000 2326.0869   10.2192
   -7.5000   22.5000  -45.0000 2299.5117   10.4995
    0.0000   22.5000  -45.0000 2316.3330   10.4331
    7.5000   22.5000  -45.0000 2295.1323   10.5587
   -7.5000   30.0000  -45.0000 2253.3508   11.0777
    0.0000   30.0000  -45.0000 2268.9065   11.0207
    7.5000   30.0000  -45.0000 2246.0015   11.1498
   -7.5000   37.5000  -45.0000 2182.3787   11.9397
    0.0000   37.5000  -45.0000 2198.9026   11.8905
    7.5000   37.5000  -45.0000 2177.1616   12.0102
   -7.5000   45.0000  -45.0000 2091.3267   13.0654
    0.0000   45.0000  -45.0000 2102.8569   13.0256
    7.5000   45.0000  -45.0000 2082.3396   13.1488
   -7.5000  -45.0000  -37.5000 1985.9006   14.6548
    0.0000  -45.0000  -37.5000 1999.8121   14.6193
    7.5000  -45.0000  -37.5000 1990.0244   14.6841
   -7.5000  -37.5000  -37.5000 2111.1265   13.0517
    0.0000  -37.5000  -37.5000 2125.4817   13.0158
    7.5000  -37.5000  -37.5000 2107.3804   13.0642
   -7.5000  -30.0000  -37.5000 2218.0486   11.7641
    0.0000  -30.0000  -37.5000 2236.0386   11.7027
    7.5000  -30.0000  -37.5000 2215.8289   11.8018
   -7.5000  -22.5000  -37.5000 2309.8154   10.7903
    0.0000  -22.5000  -37.5000 2331.2397   10.7352
    7.5000  -22.5000  -37.5000 2312.3909   10.8154
   -7.5000  -15.0000  -37.5000 2372.4824   10.0866
    0.0000  -15.0000  -37.5000 2388.0625   10.0394
    7.5000  -15.0000  -37.5000 2372.7507   10.1133
   -7.5000   -7.5000  -37.5000 2419.0701    9.5985
    0.0000   -7.5000  -37.5000 2433.8867    9.5330
    7.5000   -7.5000  -37.5000 2414.9419    9.6382
   -7.5000    0.0000  -37.5000 2451.7031    9.3438
    0.0000    0.0000  -37.5000 2467.4365    9.2684
    7.5000    0.0000  -37.5000 2445.5068    9.3819
   -7.5000    7.5000  -37.5000 2460.1477    9.2873
    0.0000    7.5000  -37.5000 2476.6609    9.2177
    7.5000    7.5000  -37.5000 2455.8320    9.3199
   -7.5000   15.0000  -37.5000 2448.1809    9.4062
    0.0000   15.0000  -37.5000 2468.0884    9.3359
    7.5000   15.0000  -37.5000 2440.9995    9.4499
   -7.5000   22.5000  -37.5000 2414.1006    9.7271
    0.0000   22.5000  -37.5000 2433.8850    9.6491
    7.5000   22.5000  -37.5000 2406.5369    9.7586
   -7.5000   30.0000  -37.5000 2359.2671   10.2675
    0.0000   30.0000  -37.5000 2379.2739   10.1897
    7.5000   30.0000  -37.5000 2350.0500   10.2914
   -7.5000   37.5000  -37.5000 2281.2781   11.0446
    0.0000   37.5000  -37.5000 2302.2329   10.9634
    7.5000   37.5000  -37.5000 2273.0327   11.0732
   -7.5000   45.0000  -37.5000 2179.9727   12.0604
    0.0000   45.0000  -37.5000 2196.9915   12.0063
    7.5000   45.0000  -37.5000 2172.2573   12.1130
   -7.5000  -45.0000  -30.0000 2085.1602   14.2359
    0.0000  -45.0000  -30.0000 2103.3262   14.1194
    7.5000  -45.0000  -30.0000 2088.7498   14.2235
   -7.5000  -37.5000  -30.0000 2219.6184   12.6391
    0.0000  -37.5000  -30.0000 2237.7773   12.5430
    7.5000  -37.5000  -30.0000 2220.9497   12.6445
   -7.5000  -30.0000  -30.0000 2333.2681   11.3474
    0.0000  -30.0000  -30.0000 2352.1941   11.2662
    7.5000  -30.0000  -30.0000 2334.9485   11.3767
   -7.5000  -22.5000  -30.0000 2435.4390   10.3807
    0.0000  -22.5000  -30.0000 2456.6433   10.3108
    7.5000  -22.5000  -30.0000 2438.9446   10.4060
   -7.5000  -15.0000  -30.0000 2504.9158    9.6726
    0.0000  -15.0000  -30.0000 2524.0881    9.6100
    7.5000  -15.0000  -30.0000 2506.2717    9.6977
   -7.5000   -7.5000  -30.0000 2553.1174    9.2025
    0.0000   -7.5000  -30.0000 2571.3245    9.1384
    7.5000   -7.5000  -30.0000 2554.5793    9.2367
   -7.5000    0.0000  -30.0000 2599.8098    8.9310
    0.0000    0.0000  -30.0000 2617.1636    8.8567
    7.5000    0.0000  -30.0000 2596.6814    8.9693
   -7.5000    7.5000  -30.0000 2620.7986    8.8609
    0.0000    7.5000  -30.0000 2639.0657    8.7906
    7.5000    7.5000  -30.0000 2614.7500    8.9009
   -7.5000   15.0000  -30.0000 2609.3591    9.0013
    0.0000   15.0000  -30.0000 2633.2070    8.9366
    7.5000   15.0000  -30.0000 2603.9199    9.0439
   -7.5000   22.5000  -30.0000 2573.4387    9.3294
    0.0000   22.5000  -30.0000 2599.2622    9.2534
    7.5000   22.5000  -30.0000 2563.0149    9.3713
   -7.5000   30.0000  -30.0000 2509.3000    9.8615
    0.0000   30.0000  -30.0000 2534.6956    9.7751
    7.5000   30.0000  -30.0000 2499.9722    9.8683
   -7.5000   37.5000  -30.0000 2419.5168   10.5907
    0.0000   37.5000  -30.0000 2440.9326   10.5055
    7.5000   37.5000  -30.0000 2412.0713   10.6025
   -7.5000   45.0000  -30.0000 2308.8997   11.5946
    0.0000   45.0000  -30.0000 2326.4475   11.5080
    7.5000   45.0000  -30.0000 2300.8669   11.6062
   -7.5000  -45.0000  -22.5000 2154.5659   13.7401
    0.0000  -45.0000  -22.5000 2173.6487   13.6290
    7.5000  -45.0000  -22.5000 2157.8831   13.7467
   -7.5000  -37.5000  -22.5000 2291.2939   12.1773
    0.0000  -37.5000  -22.5000 2311.8333   12.0847
    7.5000  -37.5000  -22.5000 2296.6799   12.1983
   -7.5000  -30.0000  -22.5000 2407.6897   10.9380
    0.0000  -30.0000  -22.5000 2428.2361   10.8285
    7.5000  -30.0000  -22.5000 2412.7202   10.9563
   -7.5000  -22.5000  -22.5000 2517.1130    9.9559
    0.0000  -22.5000  -22.5000 2537.9009    9.8834
    7.5000  -22.5000  -22.5000 2521.8894    9.9839
   -7.5000  -15.0000  -22.5000 2601.4910    9.2360
    0.0000  -15.0000  -22.5000 2621.1724    9.1662
    7.5000  -15.0000  -22.5000 2603.8647    9.2674
   -7.5000   -7.5000  -22.5000 2665.1191    8.7612
    0.0000   -7.5000  -22.5000 2684.0156    8.7037
    7.5000   -7.5000  -22.5000 2666.0474    8.8094
   -7.5000    0.0000  -22.5000 2714.9575    8.4973
    0.0000    0.0000  -22.5000 2739.6299    8.4368
    7.5000    0.0000  -22.5000 2717.0337    8.5375
   -7.5000    7.5000  -22.5000 2748.1455    8.4122
    0.0000    7.5000  -22.5000 2775.3184    8.3507
    7.5000    7.5000  -22.5000 2741.8809    8.4436
   -7.5000   15.0000  -22.5000 2741.7178    8.5588
    0.0000   15.0000  -22.5000 2766.5022    8.4924
    7.5000   15.0000  -22.5000 2733.4180    8.6044
   -7.5000   22.5000  -22.5000 2700.3174    8.8915
    0.0000   22.5000  -22.5000 2729.9492    8.8140
    7.5000   22.5000  -22.5000 2691.7979    8.9160
   -7.5000   30.0000  -22.5000 2628.1047    9.3964
    0.0000   30.0000  -22.5000 2654.4297    9.3111
    7.5000   30.0000  -22.5000 2618.7498    9.4056
   -7.5000   37.5000  -22.5000 2527.6543   10.1151
    0.0000   37.5000  -22.5000 2549.3130   10.0303
    7.5000   37.5000  -22.5000 2521.2429   10.1192
   -7.5000   45.0000  -22.5000 2400.2402   11.1050
    0.0000   45.0000  -22.5000 2419.5403   11.0093
    7.5000   45.0000  -22.5000 2394.4280   11.1085
   -7.5000  -45.0000  -15.0000 2195.6704   13.3268
    0.0000  -45.0000  -15.0000 2213.9182   13.2027
    7.5000  -45.0000  -15.0000 2197.2444   13.3651
   -7.5000  -37.5000  -15.0000 2328.7715   11.7944
    0.0000  -37.5000  -15.0000 2345.1016   11.6975
    7.5000  -37.5000  -15.0000 2334.0259   11.8323
   -7.5000  -30.0000  -15.0000 2445.4465   10.5701
    0.0000  -30.0000  -15.0000 2465.3977   10.4702
    7.5000  -30.0000  -15.0000 2451.1780   10.6119
   -7.5000  -22.5000  -15.0000 2561.8423    9.5914
    0.0000  -22.5000  -15.0000 2582.3301    9.5140
    7.5000  -22.5000  -15.0000 2569.6704    9.6319
   -7.5000  -15.0000  -15.0000 2659.9004    8.8669
    0.0000  -15.0000  -15.0000 2680.7549    8.7942
    7.5000  -15.0000  -15.0000 2666.7324    8.9029
   -7.5000   -7.5000  -15.0000 2744.8628    8.3946
    0.0000   -7.5000  -15.0000 2767.4463    8.3305
    7.5000   -7.5000  -15.0000 2748.7368    8.4269
   -7.5000    0.0000  -15.0000 2806.8613    8.1484
    0.0000    0.0000  -15.0000 2834.7366    8.0782
    7.5000    0.0000  -15.0000 2808.6116    8.1731
   -7.5000    7.5000  -15.0000 2851.8928    8.0528
    0.0000    7.5000  -15.0000 2886.4377    7.9844
    7.5000    7.5000  -15.0000 2838.7117    8.0865
   -7.5000   15.0000  -15.0000 2843.0767    8.1925
    0.0000   15.0000  -15.0000 2875.0623    8.1117
    7.5000   15.0000  -15.0000 2829.0493    8.2259
   -7.5000   22.5000  -15.0000 2795.6116    8.4946
    0.0000   22.5000  -15.0000 2824.4207    8.4142
    7.5000   22.5000  -15.0000 2786.7812    8.5119
   -7.5000   30.0000  -15.0000 2708.2878    8.9834
    0.0000   30.0000  -15.0000 2735.1426    8.9000
    7.5000   30.0000  -15.0000 2701.4016    9.0046
   -7.5000   37.5000  -15.0000 2597.1841    9.7266
    0.0000   37.5000  -15.0000 2618.3660    9.6258
    7.5000   37.5000  -15.0000 2589.9961    9.7309
   -7.5000   45.0000  -15.0000 2463.0186   10.7091
    0.0000   45.0000  -15.0000 2485.1011   10.6042
    7.5000   45.0000  -15.0000 2455.2227   10.7169
   -7.5000  -45.0000   -7.5000 2216.0508   13.0462
    0.0000  -45.0000   -7.5000 2238.2886   12.9291
    7.5000  -45.0000   -7.5000 2217.6228   13.0825
   -7.5000  -37.5000   -7.5000 2345.6228   11.5106
    0.0000  -37.5000   -7.5000 2364.3269   11.3895
    7.5000  -37.5000   -7.5000 2349.8821   11.5669
   -7.5000  -30.0000   -7.5000 2463.1655   10.2751
    0.0000  -30.0000   -7.5000 2485.6697   10.1534
    7.5000  -30.0000   -7.5000 2470.1440   10.3266
   -7.5000  -22.5000   -7.5000 2585.7290    9.2951
    0.0000  -22.5000   -7.5000 2607.3552    9.1908
    7.5000  -22.5000   -7.5000 2590.4155    9.3329
   -7.5000  -15.0000   -7.5000 2698.7478    8.5717
    0.0000  -15.0000   -7.5000 2721.8147    8.4838
    7.5000  -15.0000   -7.5000 2702.7314    8.6098
   -7.5000   -7.5000   -7.5000 2799.2615    8.1096
    0.0000   -7.5000   -7.5000 2826.8594    8.0266
    7.5000   -7.5000   -7.5000 2802.1750    8.1385
   -7.5000    0.0000   -7.5000 2880.2266    7.8872
    0.0000    0.0000   -7.5000 2916.3103    7.8014
    7.5000    0.0000   -7.5000 2878.8896    7.8852
   -7.5000    7.5000   -7.5000 2933.6997    7.8142
    0.0000    7.5000   -7.5000 2979.6680    7.7346
    7.5000    7.5000   -7.5000 2916.0276    7.8280
   -7.5000   15.0000   -7.5000 2919.5601    7.9132
    0.0000   15.0000   -7.5000 2959.9463    7.8410
    7.5000   15.0000   -7.5000 2898.1501    7.9619
   -7.5000   22.5000   -7.5000 2856.1001    8.1889
    0.0000   22.5000   -7.5000 2889.2385    8.1062
    7.5000   22.5000   -7.5000 2842.8171    8.2379
   -7.5000   30.0000   -7.5000 2755.3906    8.6843
    0.0000   30.0000   -7.5000 2787.7144    8.5708
    7.5000   30.0000   -7.5000 2753.1814    8.7087
   -7.5000   37.5000   -7.5000 2638.2773    9.4161
    0.0000   37.5000   -7.5000 2662.8657    9.2912
    7.5000   37.5000   -7.5000 2631.7756    9.4243
   -7.5000   45.0000   -7.5000 2495.6289   10.3862
    0.0000   45.0000   -7.5000 2520.8445   10.2592
    7.5000   45.0000   -7.5000 2492.1350   10.3839
   -7.5000  -45.0000    0.0000 2227.8708   12.9076
    0.0000  -45.0000    0.0000 2251.1624   12.7959
    7.5000  -45.0000    0.0000 2225.0774   12.9569
   -7.5000  -37.5000    0.0000 2356.1687   11.3565
    0.0000  -37.5000    0.0000 2375.9446   11.2308
    7.5000  -37.5000    0.0000 2355.3899   11.4183
   -7.5000  -30.0000    0.0000 2473.0024   10.1016
    0.0000  -30.0000    0.0000 2492.8025    9.9883
    7.5000  -30.0000    0.0000 2475.2378   10.1675
   -7.5000  -22.5000    0.0000 2597.6919    9.1236
    0.0000  -22.5000    0.0000 2616.9360    9.0229
    7.5000  -22.5000    0.0000 2599.6562    9.1716
   -7.5000  -15.0000    0.0000 2716.1108    8.3959
    0.0000  -15.0000    0.0000 2736.6985    8.3225
    7.5000  -15.0000    0.0000 2717.0483    8.4339
   -7.5000   -7.5000    0.0000 2825.1965    7.9345
    0.0000   -7.5000    0.0000 2852.6724    7.8707
    7.5000   -7.5000    0.0000 2827.3530    7.9811
   -7.5000    0.0000    0.0000 2920.0710    7.7363
    0.0000    0.0000    0.0000 2961.1045    7.6698
    7.5000    0.0000    0.0000 2913.4460    7.7477
   -7.5000    7.5000    0.0000 2982.5845    7.6846
    0.0000    7.5000    0.0000 3035.6687    7.6205
    7.5000    7.5000    0.0000 2958.1455    7.6919
   -7.5000   15.0000    0.0000 2963.7798    7.7934
    0.0000   15.0000    0.0000 3012.9453    7.7183
    7.5000   15.0000    0.0000 2936.7122    7.8366
   -7.5000   22.5000    0.0000 2886.1797    8.0528
    0.0000   22.5000    0.0000 2920.1638    7.9752
    7.5000   22.5000    0.0000 2867.7939    8.0975
   -7.5000   30.0000    0.0000 2775.2239    8.5093
    0.0000   30.0000    0.0000 2806.4519    8.4228
    7.5000   30.0000    0.0000 2769.3408    8.5405
   -7.5000   37.5000    0.0000 2648.3379    9.2160
    0.0000   37.5000    0.0000 2673.5933    9.1112
    7.5000   37.5000    0.0000 2644.5300    9.2190
   -7.5000   45.0000    0.0000 2502.9451   10.1600
    0.0000   45.0000    0.0000 2526.9395   10.0477
    7.5000   45.0000    0.0000 2502.4768   10.1442
   -7.5000  -45.0000    7.5000 2222.7910   12.9398
    0.0000  -45.0000    7.5000 2242.9260   12.8314
    7.5000  -45.0000    7.5000 2214.9578   13.0220
   -7.5000  -37.5000    7.5000 2353.7200   11.3734
    0.0000  -37.5000    7.5000 2374.1780   11.2443
    7.5000  -37.5000    7.5000 2348.2432   11.4544
   -7.5000  -30.0000    7.5000 2472.1013   10.1078
    0.0000  -30.0000    7.5000 2494.7568    9.9891
    7.5000  -30.0000    7.5000 2470.5181   10.1741
   -7.5000  -22.5000    7.5000 2598.6763    9.1376
    0.0000  -22.5000    7.5000 2619.6240    9.0215
    7.5000  -22.5000    7.5000 2598.3208    9.1830
   -7.5000  -15.0000    7.5000 2715.6006    8.4147
    0.0000  -15.0000    7.5000 2738.8643    8.3278
    7.5000  -15.0000    7.5000 2714.0056    8.4618
   -7.5000   -7.5000    7.5000 2827.0837    7.9598
    0.0000   -7.5000    7.5000 2852.6501    7.9014
    7.5000   -7.5000    7.5000 2825.1265    8.0062
   -7.5000    0.0000    7.5000 2920.9751    7.7453
    0.0000    0.0000    7.5000 2958.6411    7.7137
    7.5000    0.0000    7.5000 2908.8198    7.7714
   -7.5000    7.5000    7.5000 2974.7161    7.6960
    0.0000    7.5000    7.5000 3019.9272    7.6394
    7.5000    7.5000    7.5000 2953.6355    7.7212
   -7.5000   15.0000    7.5000 2955.2224    7.8333
    0.0000   15.0000    7.5000 3000.3669    7.7533
    7.5000   15.0000    7.5000 2934.4807    7.8529
   -7.5000   22.5000    7.5000 2880.5437    8.0978
    0.0000   22.5000    7.5000 2919.2993    8.0071
    7.5000   22.5000    7.5000 2863.7942    8.1187
   -7.5000   30.0000    7.5000 2767.5305    8.5348
    0.0000   30.0000    7.5000 2797.0964    8.4309
    7.5000   30.0000    7.5000 2756.8518    8.5587
   -7.5000   37.5000    7.5000 2637.6108    9.1867
    0.0000   37.5000    7.5000 2658.3435    9.0708
    7.5000   37.5000    7.5000 2633.0295    9.1922
   -7.5000   45.0000    7.5000 2493.0947   10.0698
    0.0000   45.0000    7.5000 2511.0730    9.9366
    7.5000   45.0000    7.5000 2488.5359   10.0708
   -7.5000  -45.0000   15.0000 2198.9756   13.1499
    0.0000  -45.0000   15.0000 2214.5916   13.0432
    7.5000  -45.0000   15.0000 2189.6230   13.2822
   -7.5000  -37.5000   15.0000 2335.2351   11.5497
    0.0000  -37.5000   15.0000 2355.1750   11.4211
    7.5000  -37.5000   15.0000 2326.0698   11.6454
   -7.5000  -30.0000   15.0000 2456.3821   10.2938
    0.0000  -30.0000   15.0000 2478.0229   10.1824
    7.5000  -30.0000   15.0000 2450.2366   10.3708
   -7.5000  -22.5000   15.0000 2578.9954    9.3383
    0.0000  -22.5000   15.0000 2601.7192    9.2244
    7.5000  -22.5000   15.0000 2574.9207    9.3950
   -7.5000  -15.0000   15.0000 2694.1406    8.6495
    0.0000  -15.0000   15.0000 2712.0884    8.5395
    7.5000  -15.0000   15.0000 2686.6228    8.6994
   -7.5000   -7.5000   15.0000 2798.9312    8.2005
    0.0000   -7.5000   15.0000 2822.9458    8.1129
    7.5000   -7.5000   15.0000 2793.3425    8.2365
   -7.5000    0.0000   15.0000 2878.7170    7.9368
    0.0000    0.0000   15.0000 2913.8501    7.8577
    7.5000    0.0000   15.0000 2866.6978    7.9806
   -7.5000    7.5000   15.0000 2916.8965    7.8657
    0.0000    7.5000   15.0000 2950.4880    7.7619
    7.5000    7.5000   15.0000 2902.5503    7.9152
   -7.5000   15.0000   15.0000 2896.4338    7.9853
    0.0000   15.0000   15.0000 2927.2964    7.9012
    7.5000   15.0000   15.0000 2881.1475    8.0258
   -7.5000   22.5000   15.0000 2832.9834    8.2844
    0.0000   22.5000   15.0000 2865.6692    8.1931
    7.5000   22.5000   15.0000 2818.5305    8.3079
   -7.5000   30.0000   15.0000 2719.7129    8.7398
    0.0000   30.0000   15.0000 2744.1836    8.6428
    7.5000   30.0000   15.0000 2710.9268    8.7510
   -7.5000   37.5000   15.0000 2596.7568    9.3408
    0.0000   37.5000   15.0000 2615.9077    9.2382
    7.5000   37.5000   15.0000 2590.5032    9.3503
   -7.5000   45.0000   15.0000 2458.8625   10.1562
    0.0000   45.0000   15.0000 2476.1077   10.0456
    7.5000   45.0000   15.0000 2454.5620   10.1645
   -7.5000  -45.0000   22.5000 2158.2449   13.5922
    0.0000  -45.0000   22.5000 2170.2529   13.4779
    7.5000  -45.0000   22.5000 2150.3059   13.7086
   -7.5000  -37.5000   22.5000 2298.2678   11.9706
    0.0000  -37.5000   22.5000 2314.7312   11.8475
    7.5000  -37.5000   22.5000 2287.4209   12.0522
   -7.5000  -30.0000   22.5000 2425.6516   10.6983
    0.0000  -30.0000   22.5000 2444.2290   10.5610
    7.5000  -30.0000   22.5000 2415.1853   10.7568
   -7.5000  -22.5000   22.5000 2545.8064    9.7355
    0.0000  -22.5000   22.5000 2568.9526    9.5929
    7.5000  -22.5000   22.5000 2539.7795    9.7786
   -7.5000  -15.0000   22.5000 2657.4302    9.0194
    0.0000  -15.0000   22.5000 2675.8262    8.8945
    7.5000  -15.0000   22.5000 2651.1379    9.0557
   -7.5000   -7.5000   22.5000 2751.3313    8.5463
    0.0000   -7.5000   22.5000 2771.0229    8.4421
    7.5000   -7.5000   22.5000 2743.4685    8.5814
   -7.5000    0.0000   22.5000 2812.4224    8.2894
    0.0000    0.0000   22.5000 2841.2461    8.1637
    7.5000    0.0000   22.5000 2801.3545    8.3236
   -7.5000    7.5000   22.5000 2837.0215    8.1921
    0.0000    7.5000   22.5000 2862.0715    8.0745
    7.5000    7.5000   22.5000 2824.6992    8.2312
   -7.5000   15.0000   22.5000 2810.0251    8.2922
    0.0000   15.0000   22.5000 2833.8147    8.1900
    7.5000   15.0000   22.5000 2798.2385    8.3356
   -7.5000   22.5000   22.5000 2749.8235    8.5777
    0.0000   22.5000   22.5000 2777.0911    8.4612
    7.5000   22.5000   22.5000 2739.4468    8.5986
   -7.5000   30.0000   22.5000 2646.0173    9.0363
    0.0000   30.0000   22.5000 2667.7349    8.9032
    7.5000   30.0000   22.5000 2640.7529    9.0481
   -7.5000   37.5000   22.5000 2533.3135    9.6490
    0.0000   37.5000   22.5000 2551.0181    9.5188
    7.5000   37.5000   22.5000 2529.6489    9.6586
   -7.5000   45.0000   22.5000 2403.7083   10.4726
    0.0000   45.0000   22.5000 2420.4011   10.3538
    7.5000   45.0000   22.5000 2401.3259   10.4759
   -7.5000  -45.0000   30.0000 2105.1167   14.2154
    0.0000  -45.0000   30.0000 2118.3962   14.1216
    7.5000  -45.0000   30.0000 2099.2590   14.3357
   -7.5000  -37.5000   30.0000 2245.7229   12.5491
    0.0000  -37.5000   30.0000 2263.1323   12.4247
    7.5000  -37.5000   30.0000 2237.1357   12.6334
   -7.5000  -30.0000   30.0000 2373.8931   11.2491
    0.0000  -30.0000   30.0000 2396.5525   11.1110
    7.5000  -30.0000   30.0000 2365.4282   11.3154
   -7.5000  -22.5000   30.0000 2493.5312   10.2569
    0.0000  -22.5000   30.0000 2513.1992   10.1230
    7.5000  -22.5000   30.0000 2485.6316   10.3186
   -7.5000  -15.0000   30.0000 2595.8738    9.5281
    0.0000  -15.0000   30.0000 2618.2781    9.4197
    7.5000  -15.0000   30.0000 2588.6384    9.5857
   -7.5000   -7.5000   30.0000 2679.4626    9.0483
    0.0000   -7.5000   30.0000 2702.9873    8.9442
    7.5000   -7.5000   30.0000 2671.8596    9.0995
   -7.5000    0.0000   30.0000 2728.4971    8.7800
    0.0000    0.0000   30.0000 2753.5308    8.6459
    7.5000    0.0000   30.0000 2717.8147    8.8167
   -7.5000    7.5000   30.0000 2738.8384    8.6699
    0.0000    7.5000   30.0000 2762.0562    8.5501
    7.5000    7.5000   30.0000 2728.4785    8.7021
   -7.5000   15.0000   30.0000 2705.7136    8.7555
    0.0000   15.0000   30.0000 2735.0767    8.6424
    7.5000   15.0000   30.0000 2699.9768    8.7727
   -7.5000   22.5000   30.0000 2650.7366    9.0057
    0.0000   22.5000   30.0000 2674.4963    8.8971
    7.5000   22.5000   30.0000 2646.4951    9.0224
   -7.5000   30.0000   30.0000 2562.9529    9.4524
    0.0000   30.0000   30.0000 2579.2290    9.3342
    7.5000   30.0000   30.0000 2555.1484    9.4721
   -7.5000   37.5000   30.0000 2460.4062   10.0405
    0.0000   37.5000   30.0000 2474.5171    9.9375
    7.5000   37.5000   30.0000 2452.4485   10.0763
   -7.5000   45.0000   30.0000 2337.3936   10.8674
    0.0000   45.0000   30.0000 2354.5203   10.7575
    7.5000   45.0000   30.0000 2332.8435   10.8852
   -7.5000  -45.0000   37.5000 2052.5615   15.0687
    0.0000  -45.0000   37.5000 2065.9255   14.9937
    7.5000  -45.0000   37.5000 2044.0784   15.2037
   -7.5000  -37.5000   37.5000 2191.9224   13.3316
    0.0000  -37.5000   37.5000 2208.7244   13.2175
    7.5000  -37.5000   37.5000 2182.2083   13.4021
   -7.5000  -30.0000   37.5000 2313.3452   11.9757
    0.0000  -30.0000   37.5000 2334.2241   11.8560
    7.5000  -30.0000   37.5000 2307.4163   12.0333
   -7.5000  -22.5000   37.5000 2428.3413   10.9219
    0.0000  -22.5000   37.5000 2448.3293   10.8195
    7.5000  -22.5000   37.5000 2420.5259   11.0003
   -7.5000  -15.0000   37.5000 2524.8823   10.1680
    0.0000  -15.0000   37.5000 2544.3918   10.0800
    7.5000  -15.0000   37.5000 2518.5930   10.2422
   -7.5000   -7.5000   37.5000 2595.2046    9.6869
    0.0000   -7.5000   37.5000 2620.2373    9.5852
    7.5000   -7.5000   37.5000 2588.4941    9.7562
   -7.5000    0.0000   37.5000 2635.3479    9.4027
    0.0000    0.0000   37.5000 2656.5388    9.3022
    7.5000    0.0000   37.5000 2626.5828    9.4612
   -7.5000    7.5000   37.5000 2636.0315    9.2981
    0.0000    7.5000   37.5000 2656.4080    9.2014
    7.5000    7.5000   37.5000 2628.6882    9.3426
   -7.5000   15.0000   37.5000 2603.0874    9.3464
    0.0000   15.0000   37.5000 2626.2051    9.2484
    7.5000   15.0000   37.5000 2600.7415    9.3691
   -7.5000   22.5000   37.5000 2550.8179    9.5894
    0.0000   22.5000   37.5000 2572.1765    9.4778
    7.5000   22.5000   37.5000 2549.5027    9.6137
   -7.5000   30.0000   37.5000 2472.1069   10.0137
    0.0000   30.0000   37.5000 2494.1980    9.9058
    7.5000   30.0000   37.5000 2471.5344   10.0349
   -7.5000   37.5000   37.5000 2376.8333   10.6291
    0.0000   37.5000   37.5000 2393.6426   10.5203
    7.5000   37.5000   37.5000 2369.7991   10.6596
   -7.5000   45.0000   37.5000 2261.0706   11.4323
    0.0000   45.0000   37.5000 2274.8428   11.3357
    7.5000   45.0000   37.5000 2255.0244   11.4597
   -7.5000  -45.0000   45.0000 1993.2833   16.1853
    0.0000  -45.0000   45.0000 2007.8823   16.1209
    7.5000  -45.0000   45.0000 1982.9512   16.3455
   -7.5000  -37.5000   45.0000 2127.6257   14.3532
    0.0000  -37.5000   45.0000 2144.2485   14.2649
    7.5000  -37.5000   45.0000 2117.4290   14.4341
   -7.5000  -30.0000   45.0000 2246.8015   12.8795
    0.0000  -30.0000   45.0000 2268.9258   12.8117
    7.5000  -30.0000   45.0000 2235.6096   12.9601
   -7.5000  -22.5000   45.0000 2356.7546   11.7679
    0.0000  -22.5000   45.0000 2380.6841   11.6972
    7.5000  -22.5000   45.0000 2350.3083   11.8514
   -7.5000  -15.0000   45.0000 2444.2524   10.9722
    0.0000  -15.0000   45.0000 2467.1025   10.8958
    7.5000  -15.0000   45.0000 2438.5876   11.0435
   -7.5000   -7.5000   45.0000 2501.7439   10.4754
    0.0000   -7.5000   45.0000 2526.7136   10.3848
    7.5000   -7.5000   45.0000 2497.2219   10.5448
   -7.5000    0.0000   45.0000 2528.6348   10.1789
    0.0000    0.0000   45.0000 2546.3613   10.1018
    7.5000    0.0000   45.0000 2520.4739   10.2497
   -7.5000    7.5000   45.0000 2527.4092   10.0517
    0.0000    7.5000   45.0000 2545.5315    9.9687
    7.5000    7.5000   45.0000 2520.2253   10.1084
   -7.5000   15.0000   45.0000 2501.2026   10.0774
    0.0000   15.0000   45.0000 2521.2793   10.0002
    7.5000   15.0000   45.0000 2497.3691   10.1147
   -7.5000   22.5000   45.0000 2451.3608   10.3249
    0.0000   22.5000   45.0000 2470.1750   10.2429
    7.5000   22.5000   45.0000 2447.8882   10.3675
   -7.5000   30.0000   45.0000 2380.9321   10.7564
    0.0000   30.0000   45.0000 2403.5176   10.6429
    7.5000   30.0000   45.0000 2381.4092   10.7814
   -7.5000   37.5000   45.0000 2292.1555   11.3737
    0.0000   37.5000   45.0000 2309.9890   11.2624
    7.5000   37.5000   45.0000 2286.5356   11.4045
   -7.5000   45.0000   45.0000 2184.4556   12.1840
    0.0000   45.0000   45.0000 2198.6760   12.0757
    7.5000   45.0000   45.0000 2174.9348   12.2011

---------------------------------------------------------------------
imgreg_4dfp /opt/freesurfer/average/711-2C_as_mni_average_305 /opt/freesurfer/average/711-2B_as_mni_average_305_mask talsrcimg_g11 none talsrcimg_to_711-2C_as_mni_average_305_t4 1283
---------------------------------------------------------------------

freesurfer imgreg_4dfp.c
/opt/freesurfer/average/711-2C_as_mni_average_305.4dfp.img
       256       256       256         1
  1.000000  1.000000  1.000000
orientation T byte_order littleendian
Reading image: /opt/freesurfer/average/711-2C_as_mni_average_305.4dfp.img
dimensions:      256       256       256
mmppix:       1.0000   -1.0000   -1.0000
center:     128.0000 -129.0000 -129.0000
/opt/freesurfer/average/711-2B_as_mni_average_305_mask.4dfp.img
       256       256       256         1
  1.000000  1.000000  1.000000
orientation T byte_order littleendian
Reading mask: /opt/freesurfer/average/711-2B_as_mni_average_305_mask.4dfp.img (2306576 pixels)
talsrcimg_g11.4dfp.img
       256       256       256         1
  1.000000  1.000000  1.000000
orientation T byte_order littleendian
Reading image: talsrcimg_g11.4dfp.img
dimensions:      256       256       256
mmppix:       1.0000   -1.0000   -1.0000
center:     128.0000 -129.0000 -129.0000
rotation matrix determinant  1.000000
fimgreg.f
image alignment mode   1283 decimal      503 hex
parameters
    0.0000    7.5000    0.0000    0.0000    0.0000    0.0000
eta,q 0.95279  7.58911
niter,ni,del,rscale     5    3   12.0000    1.2000
parameter  3 -0.502491 -> -0.500000 qaram    1.1500
parameters
   -0.9534    9.1156    3.4500   -0.5691    0.4305   -0.8820
eta,q 0.95706  7.50808
  0.0577  0.0641  0.0570  0.0476  0.0533  0.0481
  0.0504  0.0553  0.0524  0.0442  0.0489  0.0453
  0.0466  0.0487  0.0491  0.0433  0.0450  0.0433
  0.0468  0.0462  0.0465  0.0433  0.0432  0.0432
  0.0510  0.0465  0.0439  0.0442  0.0439  0.0451
  0.0579  0.0481  0.0438  0.0461  0.0467  0.0482
  0.0658  0.0508  0.0467  0.0491  0.0512  0.0515
niter,ni,del,rscale     5    3   12.0000    1.2000
parameters
   -1.1731    9.9331    2.2293   -2.0630    0.5269   -1.1554
eta,q 0.95688  7.54658
  0.0601  0.0582  0.0505  0.0455  0.0523  0.0482
  0.0515  0.0491  0.0471  0.0428  0.0477  0.0457
  0.0450  0.0439  0.0444  0.0430  0.0442  0.0438
  0.0429  0.0429  0.0432  0.0434  0.0431  0.0431
  0.0465  0.0441  0.0459  0.0443  0.0442  0.0439
  0.0541  0.0465  0.0516  0.0462  0.0473  0.0462
  0.0619  0.0502  0.0598  0.0492  0.0516  0.0494
niter,ni,del,rscale     4    3   12.0000    1.2000
parameters
   -1.2304   10.5535    1.7487   -2.6903    0.6535   -1.2476
eta,q 0.95673  7.56202
  0.0611  0.0569  0.0523  0.0471  0.0522  0.0484
  0.0522  0.0477  0.0478  0.0434  0.0477  0.0459
  0.0456  0.0433  0.0451  0.0427  0.0443  0.0440
  0.0431  0.0431  0.0434  0.0436  0.0433  0.0433
  0.0460  0.0442  0.0446  0.0443  0.0444  0.0439
  0.0532  0.0463  0.0490  0.0456  0.0473  0.0460
  0.0613  0.0505  0.0562  0.0479  0.0513  0.0488
niter,ni,del,rscale     3    3   12.0000    1.2000
parameters
   -1.2659   10.8407    1.5967   -3.0049    0.7288   -1.2605
eta,q 0.95671  7.56476
  0.0616  0.0554  0.0533  0.0478  0.0520  0.0485
  0.0524  0.0469  0.0484  0.0439  0.0475  0.0460
  0.0457  0.0431  0.0452  0.0426  0.0442  0.0442
  0.0433  0.0433  0.0434  0.0435  0.0433  0.0433
  0.0461  0.0444  0.0442  0.0444  0.0445  0.0438
  0.0533  0.0470  0.0482  0.0454  0.0474  0.0459
  0.0615  0.0517  0.0552  0.0476  0.0514  0.0487
niter,ni,del,rscale     2    3   12.0000    1.2000
parameters
   -1.2861   10.9870    1.5260   -3.1602    0.7591   -1.2585
eta,q 0.95670  7.56561
  0.0619  0.0550  0.0536  0.0481  0.0519  0.0485
  0.0525  0.0467  0.0485  0.0442  0.0474  0.0460
  0.0458  0.0431  0.0452  0.0426  0.0442  0.0442
  0.0433  0.0433  0.0434  0.0434  0.0433  0.0433
  0.0461  0.0444  0.0441  0.0444  0.0445  0.0438
  0.0533  0.0474  0.0480  0.0454  0.0474  0.0459
  0.0616  0.0524  0.0550  0.0474  0.0515  0.0487
niter,ni,del,rscale     1    3   12.0000    1.2000
parameters
   -1.2936   11.0590    1.4938   -3.2388    0.7717   -1.2576
eta,q 0.95670  7.56590
  0.0620  0.0548  0.0537  0.0483  0.0518  0.0485
  0.0526  0.0466  0.0486  0.0443  0.0473  0.0461
  0.0458  0.0431  0.0453  0.0426  0.0442  0.0442
  0.0433  0.0433  0.0433  0.0433  0.0433  0.0433
  0.0461  0.0445  0.0440  0.0445  0.0445  0.0438
  0.0533  0.0476  0.0479  0.0454  0.0474  0.0459
  0.0616  0.0528  0.0549  0.0473  0.0515  0.0488
registration optimization eta report
parameter search radius
    6.0000    6.0000    6.9000    6.0000    6.0000    6.0000
100000*second partial in parameter space
       50.       30.       23.       13.       23.       15.
  0.0620  0.0548  0.0537  0.0483  0.0518  0.0485
  0.0526  0.0466  0.0486  0.0443  0.0473  0.0461
  0.0458  0.0431  0.0453  0.0426  0.0442  0.0442
  0.0433  0.0433  0.0433  0.0433  0.0433  0.0433
  0.0461  0.0445  0.0440  0.0445  0.0445  0.0438
  0.0533  0.0476  0.0479  0.0454  0.0474  0.0459
  0.0616  0.0528  0.0549  0.0473  0.0515  0.0488
   -1.2936   11.0590    1.4938   -3.2388    0.7717   -1.2576
eta,q 0.95670  7.56590

---------------------------------------------------------------------
imgreg_4dfp /opt/freesurfer/average/711-2C_as_mni_average_305 /opt/freesurfer/average/711-2B_as_mni_average_305_mask talsrcimg_g11 none talsrcimg_to_711-2C_as_mni_average_305_t4 3335
---------------------------------------------------------------------

freesurfer imgreg_4dfp.c
/opt/freesurfer/average/711-2C_as_mni_average_305.4dfp.img
       256       256       256         1
  1.000000  1.000000  1.000000
orientation T byte_order littleendian
Reading image: /opt/freesurfer/average/711-2C_as_mni_average_305.4dfp.img
dimensions:      256       256       256
mmppix:       1.0000   -1.0000   -1.0000
center:     128.0000 -129.0000 -129.0000
/opt/freesurfer/average/711-2B_as_mni_average_305_mask.4dfp.img
       256       256       256         1
  1.000000  1.000000  1.000000
orientation T byte_order littleendian
Reading mask: /opt/freesurfer/average/711-2B_as_mni_average_305_mask.4dfp.img (2306576 pixels)
talsrcimg_g11.4dfp.img
       256       256       256         1
  1.000000  1.000000  1.000000
orientation T byte_order littleendian
Reading image: talsrcimg_g11.4dfp.img
dimensions:      256       256       256
mmppix:       1.0000   -1.0000   -1.0000
center:     128.0000 -129.0000 -129.0000
fimgreg.f
image alignment mode   3335 decimal      D07 hex
parameters
   -1.2936   11.0590    1.4938   -0.0332   -0.1855   -0.1688
    2.2674   -1.2203   -2.1946    5.6779    1.3468   -5.6492
eta,q 0.95630  7.60809
niter,ni,del,rscale     5    3    5.0000    1.2000
parameter  4  0.711535 ->  0.500000 qaram    1.1500
parameter  5  1.706746 ->  0.500000 qaram    1.1500
parameter  6  1.355013 ->  0.500000 qaram    1.1500
parameters
   -1.3377   11.5791    1.0883   -4.1732   -4.3255   -4.3088
    1.5062   -0.8133   -1.5705    3.0079   -2.0964   -6.4582
eta,q 0.96703  7.17577
  0.0464  0.0463  0.0444  0.0419  0.0365  0.0322  0.0352  0.0374  0.0359  0.0342  0.0333  0.0337
  0.0449  0.0452  0.0438  0.0418  0.0377  0.0332  0.0342  0.0355  0.0347  0.0335  0.0330  0.0332
  0.0440  0.0443  0.0435  0.0422  0.0394  0.0351  0.0337  0.0342  0.0339  0.0332  0.0330  0.0330
  0.0437  0.0437  0.0436  0.0435  0.0419  0.0381  0.0336  0.0336  0.0336  0.0336  0.0332  0.0330
  0.0440  0.0436  0.0438  0.0458  0.0450  0.0417  0.0340  0.0338  0.0337  0.0345  0.0337  0.0331
  0.0450  0.0440  0.0444  0.0489  0.0483  0.0461  0.0348  0.0349  0.0343  0.0362  0.0345  0.0335
  0.0467  0.0448  0.0452  0.0527  0.0519  0.0509  0.0360  0.0367  0.0352  0.0384  0.0355  0.0341
niter,ni,del,rscale     7    3    5.0000    1.2000
parameter  5  0.776493 ->  0.500000 qaram    1.3225
parameter  6  0.779933 ->  0.500000 qaram    1.3225
parameters
   -1.0522   11.6118    0.4931   -5.5478   -9.0865   -9.0698
    1.5466   -0.4351   -0.5110    3.6564   -3.7217   -4.5812
eta,q 0.97099  6.77612
  0.0362  0.0351  0.0337  0.0345  0.0310  0.0286  0.0311  0.0325  0.0314  0.0321  0.0296  0.0303
  0.0346  0.0339  0.0330  0.0336  0.0311  0.0290  0.0301  0.0308  0.0303  0.0306  0.0292  0.0297
  0.0335  0.0332  0.0328  0.0331  0.0317  0.0297  0.0294  0.0296  0.0296  0.0296  0.0291  0.0293
  0.0330  0.0329  0.0329  0.0328  0.0329  0.0312  0.0292  0.0292  0.0292  0.0291  0.0291  0.0291
  0.0330  0.0331  0.0334  0.0331  0.0348  0.0341  0.0294  0.0294  0.0292  0.0293  0.0294  0.0290
  0.0337  0.0338  0.0342  0.0344  0.0376  0.0379  0.0300  0.0303  0.0296  0.0300  0.0297  0.0291
  0.0350  0.0350  0.0352  0.0372  0.0412  0.0428  0.0311  0.0319  0.0304  0.0312  0.0303  0.0294
niter,ni,del,rscale     7    3    5.0000    1.2000
parameters
   -0.9987   11.9325    0.5151   -5.4494  -12.5631  -12.7563
    1.3829   -0.2784   -0.1682    3.6274   -3.3542   -2.4650
eta,q 0.97190  6.51251
  0.0315  0.0318  0.0301  0.0308  0.0298  0.0293  0.0299  0.0313  0.0296  0.0307  0.0289  0.0292
  0.0302  0.0304  0.0295  0.0298  0.0290  0.0284  0.0290  0.0297  0.0288  0.0293  0.0285  0.0287
  0.0293  0.0294  0.0291  0.0293  0.0287  0.0282  0.0284  0.0286  0.0284  0.0284  0.0282  0.0283
  0.0290  0.0290  0.0290  0.0290  0.0290  0.0287  0.0281  0.0281  0.0281  0.0281  0.0281  0.0281
  0.0292  0.0291  0.0291  0.0289  0.0301  0.0298  0.0284  0.0284  0.0282  0.0285  0.0282  0.0281
  0.0300  0.0297  0.0295  0.0295  0.0321  0.0325  0.0290  0.0294  0.0286  0.0294  0.0284  0.0282
  0.0313  0.0306  0.0301  0.0310  0.0349  0.0368  0.0301  0.0311  0.0294  0.0306  0.0288  0.0284
niter,ni,del,rscale     6    3    5.0000    1.2000
parameters
   -1.0919   12.2414    0.0232   -5.9458  -13.6609  -14.2392
    1.4497   -0.4526   -0.4855    3.8143   -2.2270   -1.3943
eta,q 0.97211  6.40370
  0.0301  0.0304  0.0286  0.0294  0.0300  0.0303  0.0298  0.0308  0.0290  0.0304  0.0288  0.0288
  0.0290  0.0292  0.0282  0.0284  0.0288  0.0289  0.0288  0.0293  0.0284  0.0290  0.0284  0.0283
  0.0283  0.0284  0.0280  0.0281  0.0282  0.0280  0.0282  0.0283  0.0280  0.0282  0.0281  0.0280
  0.0281  0.0281  0.0281  0.0280  0.0280  0.0280  0.0279  0.0279  0.0279  0.0279  0.0279  0.0279
  0.0284  0.0282  0.0283  0.0281  0.0284  0.0287  0.0281  0.0283  0.0281  0.0282  0.0279  0.0279
  0.0292  0.0286  0.0288  0.0285  0.0295  0.0300  0.0287  0.0294  0.0285  0.0290  0.0281  0.0280
  0.0305  0.0294  0.0294  0.0299  0.0314  0.0327  0.0298  0.0312  0.0293  0.0300  0.0284  0.0284
niter,ni,del,rscale     5    3    5.0000    1.2000
parameters
   -1.1418   12.5128   -0.6795   -5.9877  -14.2341  -15.5353
    1.5813   -0.6689   -1.2414    4.3487   -0.8865   -1.1048
eta,q 0.97240  6.33766
  0.0299  0.0299  0.0283  0.0293  0.0300  0.0301  0.0295  0.0305  0.0286  0.0301  0.0286  0.0284
  0.0288  0.0288  0.0279  0.0282  0.0287  0.0287  0.0286  0.0290  0.0280  0.0288  0.0282  0.0280
  0.0281  0.0282  0.0278  0.0278  0.0280  0.0278  0.0279  0.0280  0.0277  0.0280  0.0278  0.0277
  0.0279  0.0279  0.0279  0.0278  0.0278  0.0278  0.0277  0.0277  0.0277  0.0277  0.0276  0.0276
  0.0281  0.0280  0.0282  0.0279  0.0281  0.0285  0.0278  0.0281  0.0279  0.0278  0.0276  0.0277
  0.0289  0.0284  0.0287  0.0282  0.0290  0.0297  0.0284  0.0292  0.0284  0.0285  0.0278  0.0279
  0.0302  0.0291  0.0293  0.0293  0.0307  0.0320  0.0294  0.0310  0.0291  0.0294  0.0281  0.0283
niter,ni,del,rscale     4    3    5.0000    1.2000
parameters
   -1.1906   12.8536   -1.3109   -6.1125  -14.8091  -16.6609
    1.8103   -0.8992   -1.8983    5.2101   -0.2839   -1.1020
eta,q 0.97264  6.27854
  0.0297  0.0297  0.0281  0.0290  0.0297  0.0301  0.0293  0.0302  0.0285  0.0298  0.0283  0.0281
  0.0285  0.0286  0.0277  0.0279  0.0285  0.0286  0.0283  0.0287  0.0278  0.0286  0.0279  0.0277
  0.0278  0.0279  0.0275  0.0275  0.0277  0.0276  0.0277  0.0277  0.0275  0.0278  0.0275  0.0274
  0.0276  0.0276  0.0276  0.0275  0.0275  0.0275  0.0274  0.0274  0.0274  0.0274  0.0274  0.0274
  0.0279  0.0277  0.0279  0.0277  0.0279  0.0283  0.0275  0.0278  0.0276  0.0275  0.0274  0.0274
  0.0286  0.0281  0.0284  0.0280  0.0289  0.0296  0.0281  0.0289  0.0281  0.0280  0.0276  0.0277
  0.0299  0.0288  0.0291  0.0291  0.0304  0.0316  0.0291  0.0307  0.0289  0.0289  0.0281  0.0281
niter,ni,del,rscale     3    3    5.0000    1.2000
parameters
   -1.2653   13.2267   -1.8107   -6.2277  -15.3518  -17.5458
    2.0753   -1.0930   -1.9712    6.1720   -0.3924   -1.1722
eta,q 0.97281  6.23247
  0.0293  0.0295  0.0280  0.0289  0.0296  0.0301  0.0291  0.0300  0.0285  0.0296  0.0281  0.0280
  0.0282  0.0284  0.0275  0.0277  0.0284  0.0285  0.0281  0.0285  0.0278  0.0284  0.0276  0.0275
  0.0276  0.0277  0.0273  0.0272  0.0275  0.0275  0.0275  0.0275  0.0274  0.0276  0.0273  0.0273
  0.0274  0.0274  0.0273  0.0273  0.0273  0.0273  0.0272  0.0272  0.0272  0.0272  0.0272  0.0272
  0.0276  0.0274  0.0276  0.0275  0.0277  0.0280  0.0274  0.0276  0.0274  0.0273  0.0273  0.0273
  0.0284  0.0278  0.0281  0.0279  0.0287  0.0294  0.0279  0.0287  0.0279  0.0278  0.0276  0.0276
  0.0296  0.0285  0.0289  0.0288  0.0302  0.0312  0.0289  0.0304  0.0286  0.0286  0.0281  0.0280
niter,ni,del,rscale     2    3    5.0000    1.2000
parameters
   -1.3493   13.5865   -2.2062   -6.3646  -15.8828  -18.2958
    2.2775   -1.2428   -1.6847    7.1078   -0.7167   -1.2917
eta,q 0.97294  6.19291
  0.0291  0.0293  0.0279  0.0288  0.0295  0.0300  0.0289  0.0299  0.0286  0.0293  0.0279  0.0278
  0.0280  0.0282  0.0274  0.0276  0.0283  0.0285  0.0280  0.0284  0.0278  0.0282  0.0274  0.0274
  0.0274  0.0275  0.0272  0.0271  0.0274  0.0274  0.0274  0.0274  0.0273  0.0275  0.0272  0.0271
  0.0272  0.0272  0.0272  0.0271  0.0271  0.0271  0.0271  0.0271  0.0271  0.0271  0.0271  0.0271
  0.0275  0.0272  0.0274  0.0274  0.0275  0.0278  0.0272  0.0275  0.0272  0.0271  0.0272  0.0272
  0.0282  0.0276  0.0279  0.0278  0.0286  0.0292  0.0278  0.0285  0.0277  0.0276  0.0276  0.0274
  0.0294  0.0283  0.0286  0.0287  0.0301  0.0310  0.0288  0.0302  0.0284  0.0284  0.0281  0.0279
niter,ni,del,rscale     1    3    5.0000    1.2000
parameters
   -1.4277   13.9095   -2.5202   -6.5307  -16.3378  -18.8867
    2.3907   -1.3607   -1.4132    7.8614   -0.8782   -1.4798
eta,q 0.97301  6.16010
  0.0290  0.0291  0.0279  0.0287  0.0294  0.0300  0.0288  0.0298  0.0286  0.0292  0.0279  0.0277
  0.0279  0.0281  0.0273  0.0276  0.0282  0.0285  0.0279  0.0283  0.0278  0.0281  0.0274  0.0273
  0.0273  0.0274  0.0271  0.0270  0.0273  0.0274  0.0273  0.0274  0.0273  0.0274  0.0271  0.0271
  0.0271  0.0271  0.0270  0.0270  0.0270  0.0270  0.0270  0.0270  0.0270  0.0270  0.0270  0.0270
  0.0273  0.0271  0.0273  0.0273  0.0274  0.0276  0.0272  0.0274  0.0271  0.0271  0.0271  0.0271
  0.0281  0.0275  0.0277  0.0278  0.0285  0.0291  0.0278  0.0284  0.0276  0.0276  0.0275  0.0274
  0.0293  0.0282  0.0284  0.0287  0.0300  0.0309  0.0287  0.0300  0.0284  0.0284  0.0280  0.0278
registration optimization eta report
parameter search radius
    2.4000    2.4000    2.4000    8.2800    9.5220    9.5220
    7.2000    7.2000    7.2000    7.2000    7.2000    7.2000
100000*second partial in parameter space
       36.       28.       19.        3.        3.        4.
        3.        5.        3.        3.        2.        2.
  0.0290  0.0291  0.0279  0.0287  0.0294  0.0300  0.0288  0.0298  0.0286  0.0292  0.0279  0.0277
  0.0279  0.0281  0.0273  0.0276  0.0282  0.0285  0.0279  0.0283  0.0278  0.0281  0.0274  0.0273
  0.0273  0.0274  0.0271  0.0270  0.0273  0.0274  0.0273  0.0274  0.0273  0.0274  0.0271  0.0271
  0.0271  0.0271  0.0270  0.0270  0.0270  0.0270  0.0270  0.0270  0.0270  0.0270  0.0270  0.0270
  0.0273  0.0271  0.0273  0.0273  0.0274  0.0276  0.0272  0.0274  0.0271  0.0271  0.0271  0.0271
  0.0281  0.0275  0.0277  0.0278  0.0285  0.0291  0.0278  0.0284  0.0276  0.0276  0.0275  0.0274
  0.0293  0.0282  0.0284  0.0287  0.0300  0.0309  0.0287  0.0300  0.0284  0.0284  0.0280  0.0278
   -1.4277   13.9095   -2.5202   -6.5307  -16.3378  -18.8867
    2.3907   -1.3607   -1.4132    7.8614   -0.8782   -1.4798
eta,q 0.97301  6.16010

---------------------------------------------------------------------
imgreg_4dfp /opt/freesurfer/average/711-2C_as_mni_average_305 /opt/freesurfer/average/711-2B_as_mni_average_305_mask talsrcimg_g11 none talsrcimg_to_711-2C_as_mni_average_305_t4 2311
---------------------------------------------------------------------

freesurfer imgreg_4dfp.c
/opt/freesurfer/average/711-2C_as_mni_average_305.4dfp.img
       256       256       256         1
  1.000000  1.000000  1.000000
orientation T byte_order littleendian
Reading image: /opt/freesurfer/average/711-2C_as_mni_average_305.4dfp.img
dimensions:      256       256       256
mmppix:       1.0000   -1.0000   -1.0000
center:     128.0000 -129.0000 -129.0000
/opt/freesurfer/average/711-2B_as_mni_average_305_mask.4dfp.img
       256       256       256         1
  1.000000  1.000000  1.000000
orientation T byte_order littleendian
Reading mask: /opt/freesurfer/average/711-2B_as_mni_average_305_mask.4dfp.img (2306576 pixels)
talsrcimg_g11.4dfp.img
       256       256       256         1
  1.000000  1.000000  1.000000
orientation T byte_order littleendian
Reading image: talsrcimg_g11.4dfp.img
dimensions:      256       256       256
mmppix:       1.0000   -1.0000   -1.0000
center:     128.0000 -129.0000 -129.0000
fimgreg.f
image alignment mode   2311 decimal      907 hex
parameters
   -1.4277   13.9095   -2.5202   -6.5307  -16.3378  -18.8867
    2.3907   -1.3607   -1.4132    7.8614   -0.8782   -1.4798
eta,q 0.97301  6.16010
niter,ni,del,rscale     5    3    5.0000    0.8000
parameters
   -1.4878   14.1017   -2.7480   -7.3266  -16.2374  -19.0339
    2.4443   -1.3186   -1.3402    8.2616   -0.8226   -1.9107
eta,q 0.97309  6.13256
  0.0278  0.0279  0.0273  0.0274  0.0277  0.0279  0.0278  0.0283  0.0276  0.0279  0.0274  0.0272
  0.0274  0.0274  0.0271  0.0270  0.0273  0.0274  0.0273  0.0276  0.0273  0.0274  0.0271  0.0270
  0.0271  0.0271  0.0270  0.0269  0.0270  0.0271  0.0270  0.0271  0.0270  0.0271  0.0270  0.0269
  0.0270  0.0270  0.0270  0.0270  0.0269  0.0269  0.0269  0.0269  0.0269  0.0269  0.0269  0.0269
  0.0271  0.0270  0.0271  0.0271  0.0270  0.0270  0.0270  0.0271  0.0270  0.0270  0.0270  0.0270
  0.0274  0.0272  0.0273  0.0273  0.0272  0.0275  0.0273  0.0276  0.0272  0.0272  0.0271  0.0271
  0.0280  0.0275  0.0276  0.0276  0.0277  0.0281  0.0277  0.0283  0.0276  0.0276  0.0274  0.0273
niter,ni,del,rscale     4    3    5.0000    0.7000
parameters
   -1.5480   14.2263   -2.8502   -7.4868  -16.2410  -19.0855
    2.4877   -1.3658   -1.3366    8.5124   -0.7636   -2.1565
eta,q 0.97311  6.12647
  0.0276  0.0276  0.0272  0.0274  0.0275  0.0277  0.0275  0.0280  0.0274  0.0276  0.0273  0.0271
  0.0272  0.0272  0.0270  0.0271  0.0272  0.0273  0.0272  0.0274  0.0271  0.0272  0.0271  0.0270
  0.0270  0.0270  0.0269  0.0269  0.0270  0.0270  0.0270  0.0270  0.0270  0.0270  0.0269  0.0269
  0.0269  0.0269  0.0269  0.0269  0.0269  0.0269  0.0269  0.0269  0.0269  0.0269  0.0269  0.0269
  0.0270  0.0269  0.0270  0.0270  0.0270  0.0270  0.0270  0.0270  0.0270  0.0269  0.0269  0.0269
  0.0273  0.0271  0.0271  0.0272  0.0271  0.0273  0.0272  0.0274  0.0271  0.0271  0.0270  0.0270
  0.0277  0.0274  0.0273  0.0274  0.0275  0.0278  0.0275  0.0280  0.0274  0.0275  0.0272  0.0272
niter,ni,del,rscale     3    3    5.0000    0.6000
parameters
   -1.5721   14.2874   -2.8982   -7.6650  -16.2215  -19.0917
    2.5159   -1.3677   -1.3750    8.6596   -0.7248   -2.3034
eta,q 0.97312  6.12143
  0.0274  0.0273  0.0272  0.0273  0.0273  0.0275  0.0274  0.0277  0.0273  0.0274  0.0272  0.0271
  0.0271  0.0271  0.0270  0.0270  0.0271  0.0272  0.0271  0.0273  0.0271  0.0271  0.0270  0.0270
  0.0269  0.0269  0.0269  0.0269  0.0269  0.0270  0.0269  0.0270  0.0269  0.0270  0.0269  0.0269
  0.0269  0.0269  0.0269  0.0269  0.0269  0.0269  0.0269  0.0269  0.0269  0.0269  0.0269  0.0269
  0.0270  0.0269  0.0269  0.0270  0.0269  0.0269  0.0269  0.0270  0.0269  0.0269  0.0269  0.0269
  0.0271  0.0270  0.0270  0.0271  0.0271  0.0272  0.0271  0.0273  0.0271  0.0271  0.0270  0.0270
  0.0274  0.0272  0.0272  0.0273  0.0273  0.0275  0.0273  0.0277  0.0273  0.0273  0.0272  0.0271
niter,ni,del,rscale     2    3    5.0000    0.5000
parameters
   -1.5913   14.3260   -2.9187   -7.8449  -16.2187  -19.0704
    2.5203   -1.3534   -1.4027    8.7484   -0.6784   -2.4246
eta,q 0.97312  6.11626
  0.0272  0.0272  0.0271  0.0271  0.0272  0.0273  0.0272  0.0275  0.0272  0.0272  0.0271  0.0270
  0.0270  0.0270  0.0270  0.0270  0.0270  0.0271  0.0270  0.0271  0.0270  0.0270  0.0270  0.0269
  0.0269  0.0269  0.0269  0.0269  0.0269  0.0269  0.0269  0.0269  0.0269  0.0269  0.0269  0.0269
  0.0269  0.0269  0.0269  0.0269  0.0269  0.0269  0.0269  0.0269  0.0269  0.0269  0.0269  0.0269
  0.0269  0.0269  0.0269  0.0269  0.0269  0.0269  0.0269  0.0269  0.0269  0.0269  0.0269  0.0269
  0.0271  0.0270  0.0270  0.0271  0.0270  0.0271  0.0270  0.0271  0.0270  0.0270  0.0270  0.0269
  0.0273  0.0271  0.0271  0.0272  0.0272  0.0273  0.0272  0.0274  0.0272  0.0272  0.0271  0.0270
niter,ni,del,rscale     1    3    5.0000    0.4000
parameters
   -1.6036   14.3417   -2.9286   -7.9735  -16.2075  -19.0393
    2.5095   -1.3481   -1.4217    8.7988   -0.6777   -2.5102
eta,q 0.97313  6.11318
  0.0271  0.0271  0.0270  0.0271  0.0271  0.0272  0.0271  0.0272  0.0270  0.0271  0.0270  0.0270
  0.0270  0.0270  0.0269  0.0269  0.0270  0.0270  0.0270  0.0270  0.0270  0.0270  0.0269  0.0269
  0.0269  0.0269  0.0269  0.0269  0.0269  0.0269  0.0269  0.0269  0.0269  0.0269  0.0269  0.0269
  0.0269  0.0269  0.0269  0.0269  0.0269  0.0269  0.0269  0.0269  0.0269  0.0269  0.0269  0.0269
  0.0269  0.0269  0.0269  0.0269  0.0269  0.0269  0.0269  0.0269  0.0269  0.0269  0.0269  0.0269
  0.0270  0.0270  0.0269  0.0270  0.0270  0.0270  0.0270  0.0270  0.0270  0.0270  0.0269  0.0269
  0.0271  0.0270  0.0270  0.0271  0.0271  0.0272  0.0271  0.0272  0.0271  0.0271  0.0270  0.0270
registration optimization eta report
parameter search radius
    0.8000    0.8000    0.8000    2.4000    2.4000    2.4000
    2.4000    2.4000    2.4000    2.4000    2.4000    2.4000
100000*second partial in parameter space
       38.       28.       20.        3.        3.        5.
        4.        6.        3.        4.        2.        2.
  0.0271  0.0271  0.0270  0.0271  0.0271  0.0272  0.0271  0.0272  0.0270  0.0271  0.0270  0.0270
  0.0270  0.0270  0.0269  0.0269  0.0270  0.0270  0.0270  0.0270  0.0270  0.0270  0.0269  0.0269
  0.0269  0.0269  0.0269  0.0269  0.0269  0.0269  0.0269  0.0269  0.0269  0.0269  0.0269  0.0269
  0.0269  0.0269  0.0269  0.0269  0.0269  0.0269  0.0269  0.0269  0.0269  0.0269  0.0269  0.0269
  0.0269  0.0269  0.0269  0.0269  0.0269  0.0269  0.0269  0.0269  0.0269  0.0269  0.0269  0.0269
  0.0270  0.0270  0.0269  0.0270  0.0270  0.0270  0.0270  0.0270  0.0270  0.0270  0.0269  0.0269
  0.0271  0.0270  0.0270  0.0271  0.0271  0.0272  0.0271  0.0272  0.0271  0.0271  0.0270  0.0270
   -1.6036   14.3417   -2.9286   -7.9735  -16.2075  -19.0393
    2.5095   -1.3481   -1.4217    8.7988   -0.6777   -2.5102
eta,q 0.97313  6.11318

---------------------------------------------------------------------
imgreg_4dfp /opt/freesurfer/average/711-2C_as_mni_average_305 /opt/freesurfer/average/711-2B_as_mni_average_305_mask talsrcimg_g11 none talsrcimg_to_711-2C_as_mni_average_305_t4 2311
---------------------------------------------------------------------

freesurfer imgreg_4dfp.c
/opt/freesurfer/average/711-2C_as_mni_average_305.4dfp.img
       256       256       256         1
  1.000000  1.000000  1.000000
orientation T byte_order littleendian
Reading image: /opt/freesurfer/average/711-2C_as_mni_average_305.4dfp.img
dimensions:      256       256       256
mmppix:       1.0000   -1.0000   -1.0000
center:     128.0000 -129.0000 -129.0000
/opt/freesurfer/average/711-2B_as_mni_average_305_mask.4dfp.img
       256       256       256         1
  1.000000  1.000000  1.000000
orientation T byte_order littleendian
Reading mask: /opt/freesurfer/average/711-2B_as_mni_average_305_mask.4dfp.img (2306576 pixels)
talsrcimg_g11.4dfp.img
       256       256       256         1
  1.000000  1.000000  1.000000
orientation T byte_order littleendian
Reading image: talsrcimg_g11.4dfp.img
dimensions:      256       256       256
mmppix:       1.0000   -1.0000   -1.0000
center:     128.0000 -129.0000 -129.0000
fimgreg.f
image alignment mode   2311 decimal      907 hex
parameters
   -1.6036   14.3417   -2.9286   -7.9735  -16.2075  -19.0393
    2.5095   -1.3481   -1.4217    8.7988   -0.6777   -2.5102
eta,q 0.97313  6.11318
niter,ni,del,rscale     5    3    5.0000    0.8000
parameters
   -1.5945   14.3924   -2.9424   -7.4928  -16.3172  -19.2257
    2.5381   -1.4117   -1.3936    8.8412   -0.6701   -2.3792
eta,q 0.97310  6.12218
  0.0279  0.0276  0.0274  0.0278  0.0276  0.0279  0.0277  0.0282  0.0276  0.0277  0.0274  0.0273
  0.0273  0.0272  0.0271  0.0273  0.0272  0.0274  0.0273  0.0275  0.0272  0.0273  0.0271  0.0271
  0.0270  0.0270  0.0269  0.0270  0.0270  0.0270  0.0270  0.0271  0.0270  0.0270  0.0269  0.0269
  0.0269  0.0269  0.0269  0.0269  0.0269  0.0269  0.0269  0.0269  0.0269  0.0269  0.0269  0.0269
  0.0270  0.0270  0.0269  0.0270  0.0270  0.0270  0.0270  0.0271  0.0270  0.0270  0.0269  0.0269
  0.0273  0.0272  0.0271  0.0272  0.0272  0.0274  0.0272  0.0276  0.0272  0.0273  0.0271  0.0270
  0.0278  0.0275  0.0274  0.0274  0.0277  0.0281  0.0277  0.0283  0.0276  0.0277  0.0274  0.0272
niter,ni,del,rscale     4    3    5.0000    0.7000
parameters
   -1.5855   14.3853   -2.9660   -7.5830  -16.2999  -19.2252
    2.5368   -1.3987   -1.4051    8.8219   -0.6625   -2.3992
eta,q 0.97311  6.11935
  0.0276  0.0274  0.0273  0.0274  0.0275  0.0277  0.0275  0.0280  0.0274  0.0275  0.0273  0.0271
  0.0272  0.0271  0.0271  0.0271  0.0272  0.0273  0.0272  0.0274  0.0271  0.0272  0.0271  0.0270
  0.0270  0.0269  0.0269  0.0269  0.0270  0.0270  0.0270  0.0270  0.0270  0.0270  0.0269  0.0269
  0.0269  0.0269  0.0269  0.0269  0.0269  0.0269  0.0269  0.0269  0.0269  0.0269  0.0269  0.0269
  0.0270  0.0270  0.0269  0.0270  0.0269  0.0270  0.0270  0.0270  0.0269  0.0270  0.0269  0.0269
  0.0272  0.0271  0.0271  0.0272  0.0271  0.0273  0.0272  0.0274  0.0271  0.0272  0.0271  0.0270
  0.0276  0.0274  0.0273  0.0274  0.0275  0.0277  0.0275  0.0280  0.0274  0.0275  0.0273  0.0272
niter,ni,del,rscale     3    3    5.0000    0.6000
parameters
   -1.5904   14.3757   -2.9633   -7.7223  -16.2592  -19.1777
    2.5443   -1.3784   -1.4133    8.8316   -0.6677   -2.4364
eta,q 0.97312  6.11703
  0.0274  0.0273  0.0272  0.0273  0.0273  0.0275  0.0274  0.0277  0.0273  0.0274  0.0272  0.0271
  0.0271  0.0271  0.0270  0.0270  0.0271  0.0272  0.0271  0.0273  0.0271  0.0271  0.0270  0.0270
  0.0269  0.0269  0.0269  0.0269  0.0269  0.0270  0.0269  0.0270  0.0269  0.0269  0.0269  0.0269
  0.0269  0.0269  0.0269  0.0269  0.0269  0.0269  0.0269  0.0269  0.0269  0.0269  0.0269  0.0269
  0.0270  0.0269  0.0269  0.0270  0.0269  0.0269  0.0269  0.0270  0.0269  0.0269  0.0269  0.0269
  0.0271  0.0271  0.0270  0.0271  0.0271  0.0271  0.0271  0.0272  0.0271  0.0271  0.0270  0.0270
  0.0274  0.0273  0.0272  0.0273  0.0273  0.0275  0.0274  0.0277  0.0273  0.0274  0.0272  0.0271
niter,ni,del,rscale     2    3    5.0000    0.5000
parameters
   -1.6012   14.3730   -2.9632   -7.8633  -16.2347  -19.1307
    2.5341   -1.3656   -1.4261    8.8352   -0.6526   -2.4817
eta,q 0.97312  6.11408
  0.0272  0.0272  0.0271  0.0272  0.0272  0.0273  0.0272  0.0275  0.0271  0.0272  0.0271  0.0270
  0.0270  0.0270  0.0270  0.0270  0.0270  0.0271  0.0270  0.0271  0.0270  0.0270  0.0270  0.0269
  0.0269  0.0269  0.0269  0.0269  0.0269  0.0269  0.0269  0.0269  0.0269  0.0269  0.0269  0.0269
  0.0269  0.0269  0.0269  0.0269  0.0269  0.0269  0.0269  0.0269  0.0269  0.0269  0.0269  0.0269
  0.0269  0.0269  0.0269  0.0269  0.0269  0.0269  0.0269  0.0269  0.0269  0.0269  0.0269  0.0269
  0.0271  0.0270  0.0270  0.0270  0.0270  0.0271  0.0270  0.0271  0.0270  0.0270  0.0270  0.0269
  0.0273  0.0272  0.0271  0.0272  0.0272  0.0273  0.0272  0.0274  0.0272  0.0272  0.0271  0.0270
niter,ni,del,rscale     1    3    5.0000    0.4000
parameters
   -1.6089   14.3617   -2.9520   -7.9965  -16.2098  -19.0635
    2.5289   -1.3454   -1.4420    8.8409   -0.6511   -2.5588
eta,q 0.97312  6.11188
  0.0271  0.0270  0.0270  0.0271  0.0271  0.0272  0.0271  0.0273  0.0271  0.0271  0.0270  0.0270
  0.0270  0.0269  0.0269  0.0269  0.0270  0.0270  0.0270  0.0270  0.0270  0.0270  0.0269  0.0269
  0.0269  0.0269  0.0269  0.0269  0.0269  0.0269  0.0269  0.0269  0.0269  0.0269  0.0269  0.0269
  0.0269  0.0269  0.0269  0.0269  0.0269  0.0269  0.0269  0.0269  0.0269  0.0269  0.0269  0.0269
  0.0269  0.0269  0.0269  0.0269  0.0269  0.0269  0.0269  0.0269  0.0269  0.0269  0.0269  0.0269
  0.0270  0.0270  0.0269  0.0270  0.0270  0.0270  0.0270  0.0270  0.0270  0.0270  0.0269  0.0269
  0.0271  0.0271  0.0270  0.0271  0.0271  0.0272  0.0271  0.0272  0.0271  0.0271  0.0270  0.0270
registration optimization eta report
parameter search radius
    0.8000    0.8000    0.8000    2.4000    2.4000    2.4000
    2.4000    2.4000    2.4000    2.4000    2.4000    2.4000
100000*second partial in parameter space
       38.       27.       20.        3.        3.        5.
        4.        6.        3.        4.        2.        2.
  0.0271  0.0270  0.0270  0.0271  0.0271  0.0272  0.0271  0.0273  0.0271  0.0271  0.0270  0.0270
  0.0270  0.0269  0.0269  0.0269  0.0270  0.0270  0.0270  0.0270  0.0270  0.0270  0.0269  0.0269
  0.0269  0.0269  0.0269  0.0269  0.0269  0.0269  0.0269  0.0269  0.0269  0.0269  0.0269  0.0269
  0.0269  0.0269  0.0269  0.0269  0.0269  0.0269  0.0269  0.0269  0.0269  0.0269  0.0269  0.0269
  0.0269  0.0269  0.0269  0.0269  0.0269  0.0269  0.0269  0.0269  0.0269  0.0269  0.0269  0.0269
  0.0270  0.0270  0.0269  0.0270  0.0270  0.0270  0.0270  0.0270  0.0270  0.0270  0.0269  0.0269
  0.0271  0.0271  0.0270  0.0271  0.0271  0.0272  0.0271  0.0272  0.0271  0.0271  0.0270  0.0270
   -1.6089   14.3617   -2.9520   -7.9965  -16.2098  -19.0635
    2.5289   -1.3454   -1.4420    8.8409   -0.6511   -2.5588
eta,q 0.97312  6.11188

---------------------------------------------------------------------
compute_vox2vox talsrcimg talsrcimg_to_711-2C_as_mni_average_305_t4 /opt/freesurfer/average/711-2C_as_mni_average_305
---------------------------------------------------------------------

freesurfer compute_vox2vox.c
Reading: talsrcimg.4dfp.ifh
Reading: talsrcimg_to_711-2C_as_mni_average_305_t4
Reading: /opt/freesurfer/average/711-2C_as_mni_average_305.4dfp.ifh
Writing: talsrcimg_to_711-2C_as_mni_average_305_t4_vox2vox.txt

start time Mon Mar 9 00:59:07 CET 2026
end		time Mon Mar 9 01:00:32 CET 2026

mpr2mni305 success

avi2talxfm orig_nu.mgz /opt/freesurfer/average/mni305.cor.mgz talsrcimg_to_711-2C_as_mni_average_305_t4_vox2vox.txt transforms/talairach.auto.xfm
avi2talxfm done
mv -f /out/sourcedata/freesurfer/sub-v1s17x0050235_ses-1/mri/talsrcimg_to_711-2C_as_mni_average_305_t4_vox2vox.txt /out/sourcedata/freesurfer/sub-v1s17x0050235_ses-1/mri/transforms/talsrcimg_to_711-2C_as_mni_average_305_t4_vox2vox.txt
lta_convert --src orig_nu.mgz --trg /opt/freesurfer/average/mni305.cor.mgz --inxfm transforms/talairach.auto.xfm --outlta transforms/talairach.auto.xfm.lta --subject fsaverage
7.3.2

--src: orig_nu.mgz src image (geometry).
--trg: /opt/freesurfer/average/mni305.cor.mgz trg image (geometry).
--inmni: transforms/talairach.auto.xfm input MNI/XFM transform.
--outlta: transforms/talairach.auto.xfm.lta output LTA.
--s: fsaverage subject name
 LTA read, type : 1
 1.08656   0.02157  -0.03213   2.04597;
 0.00930   1.23161   0.03733   1.75351;
 0.01772  -0.12958   1.18896  -8.63107;
 0.00000   0.00000   0.00000   1.00000;
setting subject to fsaverage
Writing  LTA to file transforms/talairach.auto.xfm.lta...
lta_convert successful.
 
 
Started at Mon Mar 9 00:59:07 CET 2026
Ended   at Mon Mar  9 01:00:32 CET 2026
talairach_avi done
