status file for recon-all
Mon Mar  9 03:22:21 CET 2026
#@# Tessellate lh Mon Mar  9 03:22:21 CET 2026
#@# Smooth1 lh Mon Mar  9 03:22:24 CET 2026
#@# Inflation1 lh Mon Mar  9 03:22:26 CET 2026
#@# QSphere lh Mon Mar  9 03:22:35 CET 2026
#@# Fix Topology lh Mon Mar  9 03:23:19 CET 2026
#@# Smooth2 lh Mon Mar  9 03:27:58 CET 2026
#@# Inflation2 lh Mon Mar  9 03:28:00 CET 2026
#@# Curv .H and .K lh Mon Mar  9 03:28:10 CET 2026
#@# Sphere lh Mon Mar  9 03:28:54 CET 2026
#@# Surf Reg lh Mon Mar  9 03:31:23 CET 2026
#@# Jacobian white lh Mon Mar  9 03:34:22 CET 2026
#@# AvgCurv lh Mon Mar  9 03:34:23 CET 2026
#@# Cortical Parc lh Mon Mar  9 03:34:23 CET 2026
#@# white curv lh Mon Mar  9 03:40:04 CET 2026
#@# white area lh Mon Mar  9 03:40:05 CET 2026
#@# pial curv lh Mon Mar  9 03:40:06 CET 2026
#@# pial area lh Mon Mar  9 03:40:07 CET 2026
#@# thickness lh Mon Mar  9 03:40:08 CET 2026
#@# area and vertex vol lh Mon Mar  9 03:40:31 CET 2026
#@# Curvature Stats lh Mon Mar  9 03:40:32 CET 2026
#@# Cortical Parc 2 lh Mon Mar  9 03:40:34 CET 2026
#@# Cortical Parc 3 lh Mon Mar  9 03:40:45 CET 2026
#@# WM/GM Contrast lh Mon Mar  9 03:40:53 CET 2026
recon-all -s sub-v1s17x0050255_ses-1 finished without error at Mon Mar  9 03:40:55 CET 2026



#New# invocation of recon-all 



status file for recon-all
Mon Mar  9 04:03:14 CET 2026
#@# white curv lh Mon Mar  9 04:03:15 CET 2026
#@# white area lh Mon Mar  9 04:03:15 CET 2026
#@# pial curv lh Mon Mar  9 04:03:15 CET 2026
#@# pial area lh Mon Mar  9 04:03:15 CET 2026
#@# thickness lh Mon Mar  9 04:03:15 CET 2026
#@# area and vertex vol lh Mon Mar  9 04:03:15 CET 2026
#@# Parcellation Stats lh Mon Mar  9 04:03:15 CET 2026
#@# Parcellation Stats 2 lh Mon Mar  9 04:03:33 CET 2026
#@# Parcellation Stats 3 lh Mon Mar  9 04:03:43 CET 2026
#@# BA_exvivo Labels lh Mon Mar  9 04:03:52 CET 2026
recon-all -s sub-v1s17x0050255_ses-1 finished without error at Mon Mar  9 04:05:56 CET 2026
