status file for recon-all
Mon Mar  9 02:07:11 CET 2026
#@# MotionCor Mon Mar  9 02:07:12 CET 2026
#@# Talairach Mon Mar  9 02:07:18 CET 2026
#@# Talairach Failure Detection Mon Mar  9 02:10:07 CET 2026
#@# Nu Intensity Correction Mon Mar  9 02:10:07 CET 2026
#@# Intensity Normalization Mon Mar  9 02:12:52 CET 2026
recon-all -s sub-v1s17x0050255_ses-1 finished without error at Mon Mar  9 02:13:55 CET 2026



#New# invocation of recon-all 



status file for recon-all
Mon Mar  9 02:20:00 CET 2026
#@# EM Registration Mon Mar  9 02:20:00 CET 2026
recon-all -s sub-v1s17x0050255_ses-1 finished without error at Mon Mar  9 02:21:10 CET 2026



#New# invocation of recon-all 



status file for recon-all
Mon Mar  9 02:21:12 CET 2026
#@# CA Normalize Mon Mar  9 02:21:12 CET 2026
#@# CA Reg Mon Mar  9 02:22:06 CET 2026
#@# SubCort Seg Mon Mar  9 02:54:48 CET 2026
#@# CC Seg Mon Mar  9 03:17:43 CET 2026
#@# Merge ASeg Mon Mar  9 03:18:28 CET 2026
#@# Intensity Normalization2 Mon Mar  9 03:18:28 CET 2026
#@# Mask BFS Mon Mar  9 03:20:01 CET 2026
#@# WM Segmentation Mon Mar  9 03:20:02 CET 2026
#@# Fill Mon Mar  9 03:21:39 CET 2026
recon-all -s sub-v1s17x0050255_ses-1 finished without error at Mon Mar  9 03:22:17 CET 2026



#New# invocation of recon-all 



status file for recon-all
Mon Mar  9 03:59:12 CET 2026
#@# white curv lh Mon Mar  9 03:59:12 CET 2026
#@# white area lh Mon Mar  9 03:59:12 CET 2026
#@# pial curv lh Mon Mar  9 03:59:12 CET 2026
#@# pial area lh Mon Mar  9 03:59:12 CET 2026
#@# thickness lh Mon Mar  9 03:59:12 CET 2026
#@# area and vertex vol lh Mon Mar  9 03:59:12 CET 2026
#@# white curv rh Mon Mar  9 03:59:12 CET 2026
#@# white area rh Mon Mar  9 03:59:12 CET 2026
#@# pial curv rh Mon Mar  9 03:59:13 CET 2026
#@# pial area rh Mon Mar  9 03:59:13 CET 2026
#@# thickness rh Mon Mar  9 03:59:13 CET 2026
#@# area and vertex vol rh Mon Mar  9 03:59:13 CET 2026
#@# Cortical ribbon mask Mon Mar  9 03:59:13 CET 2026
recon-all -s sub-v1s17x0050255_ses-1 finished without error at Mon Mar  9 04:03:10 CET 2026



#New# invocation of recon-all 



status file for recon-all
Mon Mar  9 04:08:47 CET 2026
#@# white curv lh Mon Mar  9 04:08:47 CET 2026
#@# white area lh Mon Mar  9 04:08:47 CET 2026
#@# pial curv lh Mon Mar  9 04:08:47 CET 2026
#@# pial area lh Mon Mar  9 04:08:47 CET 2026
#@# thickness lh Mon Mar  9 04:08:47 CET 2026
#@# area and vertex vol lh Mon Mar  9 04:08:47 CET 2026
#@# white curv rh Mon Mar  9 04:08:47 CET 2026
#@# white area rh Mon Mar  9 04:08:47 CET 2026
#@# pial curv rh Mon Mar  9 04:08:47 CET 2026
#@# pial area rh Mon Mar  9 04:08:47 CET 2026
#@# thickness rh Mon Mar  9 04:08:47 CET 2026
#@# area and vertex vol rh Mon Mar  9 04:08:47 CET 2026
#@# Curvature Stats lh Mon Mar  9 04:08:47 CET 2026
#@# Curvature Stats rh Mon Mar  9 04:08:49 CET 2026
#@# Relabel Hypointensities Mon Mar  9 04:08:51 CET 2026
#@# APas-to-ASeg Mon Mar  9 04:09:02 CET 2026
#@# AParc-to-ASeg aparc Mon Mar  9 04:09:08 CET 2026
#@# AParc-to-ASeg aparc.a2009s Mon Mar  9 04:09:39 CET 2026
#@# AParc-to-ASeg aparc.DKTatlas Mon Mar  9 04:10:08 CET 2026
#@# WMParc Mon Mar  9 04:10:38 CET 2026
#@# ASeg Stats Mon Mar  9 04:12:27 CET 2026
recon-all -s sub-v1s17x0050255_ses-1 finished without error at Mon Mar  9 04:12:45 CET 2026
