status file for recon-all
Thu Mar 12 11:39:46 CET 2026
#@# MotionCor Thu Mar 12 11:39:48 CET 2026
#@# Talairach Thu Mar 12 11:39:53 CET 2026
#@# Talairach Failure Detection Thu Mar 12 11:42:42 CET 2026
#@# Nu Intensity Correction Thu Mar 12 11:42:42 CET 2026
#@# Intensity Normalization Thu Mar 12 11:45:26 CET 2026
recon-all -s sub-v1s17x0050265_ses-1 finished without error at Thu Mar 12 11:46:23 CET 2026



#New# invocation of recon-all 



status file for recon-all
Thu Mar 12 11:52:28 CET 2026
#@# EM Registration Thu Mar 12 11:52:28 CET 2026
recon-all -s sub-v1s17x0050265_ses-1 finished without error at Thu Mar 12 11:53:54 CET 2026



#New# invocation of recon-all 



status file for recon-all
Thu Mar 12 11:53:56 CET 2026
#@# CA Normalize Thu Mar 12 11:53:56 CET 2026
#@# CA Reg Thu Mar 12 11:54:49 CET 2026
#@# SubCort Seg Thu Mar 12 12:36:35 CET 2026
#@# CC Seg Thu Mar 12 12:55:17 CET 2026
#@# Merge ASeg Thu Mar 12 12:55:44 CET 2026
#@# Intensity Normalization2 Thu Mar 12 12:55:44 CET 2026
#@# Mask BFS Thu Mar 12 12:57:10 CET 2026
#@# WM Segmentation Thu Mar 12 12:57:11 CET 2026
#@# Fill Thu Mar 12 12:58:42 CET 2026
recon-all -s sub-v1s17x0050265_ses-1 finished without error at Thu Mar 12 12:59:20 CET 2026



#New# invocation of recon-all 



status file for recon-all
Thu Mar 12 13:37:44 CET 2026
#@# white curv lh Thu Mar 12 13:37:44 CET 2026
#@# white area lh Thu Mar 12 13:37:44 CET 2026
#@# pial curv lh Thu Mar 12 13:37:44 CET 2026
#@# pial area lh Thu Mar 12 13:37:44 CET 2026
#@# thickness lh Thu Mar 12 13:37:44 CET 2026
#@# area and vertex vol lh Thu Mar 12 13:37:44 CET 2026
#@# white curv rh Thu Mar 12 13:37:44 CET 2026
#@# white area rh Thu Mar 12 13:37:44 CET 2026
#@# pial curv rh Thu Mar 12 13:37:44 CET 2026
#@# pial area rh Thu Mar 12 13:37:44 CET 2026
#@# thickness rh Thu Mar 12 13:37:44 CET 2026
#@# area and vertex vol rh Thu Mar 12 13:37:44 CET 2026
#@# Cortical ribbon mask Thu Mar 12 13:37:44 CET 2026
recon-all -s sub-v1s17x0050265_ses-1 finished without error at Thu Mar 12 13:41:56 CET 2026



#New# invocation of recon-all 



status file for recon-all
Thu Mar 12 13:46:49 CET 2026
#@# white curv lh Thu Mar 12 13:46:49 CET 2026
#@# white area lh Thu Mar 12 13:46:49 CET 2026
#@# pial curv lh Thu Mar 12 13:46:49 CET 2026
#@# pial area lh Thu Mar 12 13:46:49 CET 2026
#@# thickness lh Thu Mar 12 13:46:49 CET 2026
#@# area and vertex vol lh Thu Mar 12 13:46:49 CET 2026
#@# white curv rh Thu Mar 12 13:46:49 CET 2026
#@# white area rh Thu Mar 12 13:46:49 CET 2026
#@# pial curv rh Thu Mar 12 13:46:49 CET 2026
#@# pial area rh Thu Mar 12 13:46:49 CET 2026
#@# thickness rh Thu Mar 12 13:46:49 CET 2026
#@# area and vertex vol rh Thu Mar 12 13:46:49 CET 2026
#@# Curvature Stats lh Thu Mar 12 13:46:49 CET 2026
#@# Curvature Stats rh Thu Mar 12 13:46:51 CET 2026
#@# Relabel Hypointensities Thu Mar 12 13:46:52 CET 2026
#@# APas-to-ASeg Thu Mar 12 13:47:03 CET 2026
#@# AParc-to-ASeg aparc Thu Mar 12 13:47:09 CET 2026
#@# AParc-to-ASeg aparc.a2009s Thu Mar 12 13:47:31 CET 2026
#@# AParc-to-ASeg aparc.DKTatlas Thu Mar 12 13:47:54 CET 2026
#@# WMParc Thu Mar 12 13:48:17 CET 2026
#@# ASeg Stats Thu Mar 12 13:50:13 CET 2026
recon-all -s sub-v1s17x0050265_ses-1 finished without error at Thu Mar 12 13:50:36 CET 2026
