status file for recon-all
Thu Mar 12 12:59:25 CET 2026
#@# Tessellate lh Thu Mar 12 12:59:25 CET 2026
#@# Smooth1 lh Thu Mar 12 12:59:27 CET 2026
#@# Inflation1 lh Thu Mar 12 12:59:29 CET 2026
#@# QSphere lh Thu Mar 12 12:59:41 CET 2026
#@# Fix Topology lh Thu Mar 12 13:00:22 CET 2026
#@# Smooth2 lh Thu Mar 12 13:06:34 CET 2026
#@# Inflation2 lh Thu Mar 12 13:06:36 CET 2026
#@# Curv .H and .K lh Thu Mar 12 13:06:47 CET 2026
#@# Sphere lh Thu Mar 12 13:07:20 CET 2026
#@# Surf Reg lh Thu Mar 12 13:10:25 CET 2026
#@# Jacobian white lh Thu Mar 12 13:13:24 CET 2026
#@# AvgCurv lh Thu Mar 12 13:13:25 CET 2026
#@# Cortical Parc lh Thu Mar 12 13:13:26 CET 2026
#@# white curv lh Thu Mar 12 13:18:10 CET 2026
#@# white area lh Thu Mar 12 13:18:12 CET 2026
#@# pial curv lh Thu Mar 12 13:18:12 CET 2026
#@# pial area lh Thu Mar 12 13:18:14 CET 2026
#@# thickness lh Thu Mar 12 13:18:14 CET 2026
#@# area and vertex vol lh Thu Mar 12 13:18:31 CET 2026
#@# Curvature Stats lh Thu Mar 12 13:18:33 CET 2026
#@# Cortical Parc 2 lh Thu Mar 12 13:18:34 CET 2026
#@# Cortical Parc 3 lh Thu Mar 12 13:18:43 CET 2026
#@# WM/GM Contrast lh Thu Mar 12 13:18:50 CET 2026
recon-all -s sub-v1s17x0050265_ses-1 finished without error at Thu Mar 12 13:18:52 CET 2026



#New# invocation of recon-all 



status file for recon-all
Thu Mar 12 13:41:59 CET 2026
#@# white curv lh Thu Mar 12 13:41:59 CET 2026
#@# white area lh Thu Mar 12 13:41:59 CET 2026
#@# pial curv lh Thu Mar 12 13:41:59 CET 2026
#@# pial area lh Thu Mar 12 13:41:59 CET 2026
#@# thickness lh Thu Mar 12 13:41:59 CET 2026
#@# area and vertex vol lh Thu Mar 12 13:41:59 CET 2026
#@# Parcellation Stats lh Thu Mar 12 13:41:59 CET 2026
#@# Parcellation Stats 2 lh Thu Mar 12 13:42:12 CET 2026
#@# Parcellation Stats 3 lh Thu Mar 12 13:42:19 CET 2026
#@# BA_exvivo Labels lh Thu Mar 12 13:42:25 CET 2026
recon-all -s sub-v1s17x0050265_ses-1 finished without error at Thu Mar 12 13:44:18 CET 2026
