/out/sourcedata/freesurfer/sub-v1s17x0051138_ses-1/mri
/opt/freesurfer/bin/talairach_avi
--i orig_nu.mgz --xfm transforms/talairach.auto.xfm
talairach_avi 7.3.2
Linux dna074 5.14.0-427.37.1.el9_4.x86_64 #1 SMP PREEMPT_DYNAMIC Fri Sep 13 12:41:50 EDT 2024 x86_64 x86_64 x86_64 GNU/Linux
Mon Mar  9 02:58:45 CET 2026
mri_convert orig_nu.mgz talsrcimg.img 
reading from orig_nu.mgz...
TR=0.00, TE=0.00, TI=0.00, flip angle=0.00
i_ras = (-1, 4.35102e-09, 0)
j_ras = (9.31323e-10, 1.86265e-09, -1)
k_ras = (3.09956e-09, 1, 0)
writing to talsrcimg.img...
Analyze Output Matrix
-1.00000   0.00000   0.00000   131.06673;
 0.00000   0.00000   1.00000  -125.52885;
 0.00000  -1.00000   0.00000   104.40501;
 0.00000   0.00000   0.00000   1.00000;
--------------------
INFO: set hdr.hist.orient to -1
mpr2mni305 talsrcimg
Mon Mar  9 02:58:45 CET 2026
/opt/freesurfer/bin/mpr2mni305 talsrcimg
mpr2mni305 7.3.2
target=711-2C_as_mni_average_305

---------------------------------------------------------------------
analyzeto4dfp talsrcimg -O0 -y
---------------------------------------------------------------------

freesurfer ifh2hdr.c
Mon Mar  9 02:58:45 2026
Writing: talsrcimg.4dfp.hdr
freesurfer analyzeto4dfp.c
Reading: talsrcimg.hdr
header size 348 bytes
hdr.dime.datatype	offset=70	value=2
hdr.dime.bitpix		offset=72	value=8
hdr.hist.orient		offset=252	value=-1
dimensionality     4
dimensions       256       256       256         1
Reading: talsrcimg.img
Writing: talsrcimg.4dfp.img
Writing: talsrcimg.4dfp.ifh
ifh2hdr talsrcimg -r0to248
ori=2

---------------------------------------------------------------------
gauss_4dfp talsrcimg 1.1
---------------------------------------------------------------------

freesurfer gauss_4dfp.c
Reading: talsrcimg.4dfp.img
Writing: talsrcimg_g11.4dfp.img
image dimensions 256 256 256 padded to 288 288 288
processing volume 1freesurfer ifh2hdr.c
Mon Mar  9 02:58:47 2026
Writing: talsrcimg_g11.4dfp.hdr

Writing: talsrcimg_g11.4dfp.ifh
including: talsrcimg.4dfp.img.rec in talsrcimg_g11.4dfp.img.rec

---------------------------------------------------------------------
imgreg_4dfp /opt/freesurfer/average/711-2C_as_mni_average_305 none talsrcimg_g11 none talsrcimg_to_711-2C_as_mni_average_305_t4 4355
---------------------------------------------------------------------

freesurfer imgreg_4dfp.c
/opt/freesurfer/average/711-2C_as_mni_average_305.4dfp.img
       256       256       256         1
  1.000000  1.000000  1.000000
orientation T byte_order littleendian
Reading image: /opt/freesurfer/average/711-2C_as_mni_average_305.4dfp.img
dimensions:      256       256       256
mmppix:       1.0000   -1.0000   -1.0000
center:     128.0000 -129.0000 -129.0000
talsrcimg_g11.4dfp.img
       256       256       256         1
  1.000000  1.000000  1.000000
orientation T byte_order littleendian
Reading image: talsrcimg_g11.4dfp.img
dimensions:      256       256       256
mmppix:       1.0000   -1.0000   -1.0000
center:     128.0000 -129.0000 -129.0000
t4_read: open error in t4_sub.f l:  41 t4_file(1:l)talsrcimg_to_711-2C_as_mni_average_305_t4 
t4_read: transform initialized to I4
rotation matrix determinant  1.000000
image alignment mode   4355 decimal     1103 hex
   -7.5000  -45.0000  -45.0000 6481.7202   14.9664
    0.0000  -45.0000  -45.0000 6793.6797   14.9954
    7.5000  -45.0000  -45.0000 6499.1753   14.9984
   -7.5000  -37.5000  -45.0000 7132.2930   14.6808
    0.0000  -37.5000  -45.0000 7463.7573   14.7133
    7.5000  -37.5000  -45.0000 7154.0073   14.7101
   -7.5000  -30.0000  -45.0000 8106.3174   14.4919
    0.0000  -30.0000  -45.0000 8466.8018   14.5277
    7.5000  -30.0000  -45.0000 8120.6455   14.5242
   -7.5000  -22.5000  -45.0000 9148.3770   14.4424
    0.0000  -22.5000  -45.0000 9563.1572   14.4775
    7.5000  -22.5000  -45.0000 9149.5049   14.4799
   -7.5000  -15.0000  -45.000010187.7539   14.4483
    0.0000  -15.0000  -45.000010637.8672   14.4797
    7.5000  -15.0000  -45.000010158.5635   14.4888
   -7.5000   -7.5000  -45.000011181.6006   14.4594
    0.0000   -7.5000  -45.000011664.9307   14.4869
    7.5000   -7.5000  -45.000011137.6768   14.4962
   -7.5000    0.0000  -45.000012037.6572   14.4640
    0.0000    0.0000  -45.000012550.9727   14.4918
    7.5000    0.0000  -45.000011972.4238   14.4952
   -7.5000    7.5000  -45.000011953.8369   14.4584
    0.0000    7.5000  -45.000012463.0527   14.4907
    7.5000    7.5000  -45.000011871.5527   14.4879
   -7.5000   15.0000  -45.000011721.9609   14.4473
    0.0000   15.0000  -45.000012217.2188   14.4830
    7.5000   15.0000  -45.000011633.4033   14.4795
   -7.5000   22.5000  -45.000011460.9922   14.4400
    0.0000   22.5000  -45.000011934.5850   14.4750
    7.5000   22.5000  -45.000011352.2822   14.4775
   -7.5000   30.0000  -45.000011080.7090   14.2558
    0.0000   30.0000  -45.000011536.9189   14.2868
    7.5000   30.0000  -45.000010979.5645   14.2958
   -7.5000   37.5000  -45.000011026.7139   14.2667
    0.0000   37.5000  -45.000011489.0742   14.2938
    7.5000   37.5000  -45.000010918.1865   14.3030
   -7.5000   45.0000  -45.000010555.7773   13.9089
    0.0000   45.0000  -45.000011015.4688   13.9356
    7.5000   45.0000  -45.000010454.4346   13.9389
   -7.5000  -45.0000  -37.5000 6798.7681   14.9546
    0.0000  -45.0000  -37.5000 7115.0210   14.9782
    7.5000  -45.0000  -37.5000 6817.4507   14.9806
   -7.5000  -37.5000  -37.5000 7511.4351   14.6711
    0.0000  -37.5000  -37.5000 7845.2344   14.6974
    7.5000  -37.5000  -37.5000 7515.6606   14.6965
   -7.5000  -30.0000  -37.5000 8574.3789   14.4866
    0.0000  -30.0000  -37.5000 8946.4102   14.5152
    7.5000  -30.0000  -37.5000 8560.4648   14.5140
   -7.5000  -22.5000  -37.5000 9681.0068   14.4387
    0.0000  -22.5000  -37.500010109.4297   14.4668
    7.5000  -22.5000  -37.5000 9651.6885   14.4681
   -7.5000  -15.0000  -37.500010754.5049   14.4419
    0.0000  -15.0000  -37.500011221.0371   14.4675
    7.5000  -15.0000  -37.500010708.3506   14.4717
   -7.5000   -7.5000  -37.500011769.0762   14.4495
    0.0000   -7.5000  -37.500012277.9912   14.4720
    7.5000   -7.5000  -37.500011726.0361   14.4771
   -7.5000    0.0000  -37.500012679.9932   14.4527
    0.0000    0.0000  -37.500013227.9004   14.4754
    7.5000    0.0000  -37.500012615.8545   14.4781
   -7.5000    7.5000  -37.500012559.6143   14.4489
    0.0000    7.5000  -37.500013100.8896   14.4750
    7.5000    7.5000  -37.500012502.2734   14.4745
   -7.5000   15.0000  -37.500012327.6436   14.4420
    0.0000   15.0000  -37.500012862.8965   14.4705
    7.5000   15.0000  -37.500012252.3535   14.4695
   -7.5000   22.5000  -37.500012053.5908   14.4363
    0.0000   22.5000  -37.500012537.0684   14.4643
    7.5000   22.5000  -37.500011938.3955   14.4656
   -7.5000   30.0000  -37.500011647.2383   14.2495
    0.0000   30.0000  -37.500012102.7832   14.2747
    7.5000   30.0000  -37.500011541.2959   14.2788
   -7.5000   37.5000  -37.500011552.2744   14.2569
    0.0000   37.5000  -37.500012011.1123   14.2792
    7.5000   37.5000  -37.500011446.9336   14.2842
   -7.5000   45.0000  -37.500011027.0322   13.8980
    0.0000   45.0000  -37.500011467.0479   13.9198
    7.5000   45.0000  -37.500010924.5273   13.9224
   -7.5000  -45.0000  -30.0000 7267.7520   15.5814
    0.0000  -45.0000  -30.0000 7589.8799   15.6042
    7.5000  -45.0000  -30.0000 7258.8384   15.6018
   -7.5000  -37.5000  -30.0000 8035.6841   15.2872
    0.0000  -37.5000  -30.0000 8387.5010   15.3130
    7.5000  -37.5000  -30.0000 8013.6816   15.3092
   -7.5000  -30.0000  -30.0000 9177.2051   15.0996
    0.0000  -30.0000  -30.0000 9581.0850   15.1278
    7.5000  -30.0000  -30.0000 9138.5361   15.1262
   -7.5000  -22.5000  -30.000010355.8945   15.0516
    0.0000  -22.5000  -30.000010808.2295   15.0789
    7.5000  -22.5000  -30.000010312.5010   15.0802
   -7.5000  -15.0000  -30.000011473.2900   15.0520
    0.0000  -15.0000  -30.000011962.3711   15.0763
    7.5000  -15.0000  -30.000011431.3096   15.0788
   -7.5000   -7.5000  -30.000012542.3906   15.0554
    0.0000   -7.5000  -30.000013076.8193   15.0770
    7.5000   -7.5000  -30.000012490.9736   15.0783
   -7.5000    0.0000  -30.000013502.1719   15.0571
    0.0000    0.0000  -30.000014073.2227   15.0791
    7.5000    0.0000  -30.000013423.1680   15.0773
   -7.5000    7.5000  -30.000013366.1953   15.0557
    0.0000    7.5000  -30.000013911.5068   15.0813
    7.5000    7.5000  -30.000013268.7842   15.0780
   -7.5000   15.0000  -30.000013109.8340   15.0531
    0.0000   15.0000  -30.000013679.1426   15.0812
    7.5000   15.0000  -30.000013012.1904   15.0798
   -7.5000   22.5000  -30.000012805.5459   15.0475
    0.0000   22.5000  -30.000013335.3027   15.0747
    7.5000   22.5000  -30.000012670.8809   15.0760
   -7.5000   30.0000  -30.000012385.6689   14.8528
    0.0000   30.0000  -30.000012879.7979   14.8768
    7.5000   30.0000  -30.000012260.8184   14.8792
   -7.5000   37.5000  -30.000012249.9023   14.8562
    0.0000   37.5000  -30.000012734.4102   14.8775
    7.5000   37.5000  -30.000012139.9766   14.8787
   -7.5000   45.0000  -30.000011635.6748   14.4899
    0.0000   45.0000  -30.000012076.1396   14.5110
    7.5000   45.0000  -30.000011519.9990   14.5093
   -7.5000  -45.0000  -22.5000 7724.0698   16.1296
    0.0000  -45.0000  -22.5000 8065.3218   16.1572
    7.5000  -45.0000  -22.5000 7709.6406   16.1502
   -7.5000  -37.5000  -22.5000 8529.9453   15.8245
    0.0000  -37.5000  -22.5000 8897.5078   15.8569
    7.5000  -37.5000  -22.5000 8508.0176   15.8469
   -7.5000  -30.0000  -22.5000 9726.3379   15.6307
    0.0000  -30.0000  -22.500010165.6045   15.6665
    7.5000  -30.0000  -22.5000 9690.6016   15.6613
   -7.5000  -22.5000  -22.500010980.7002   15.5806
    0.0000  -22.5000  -22.500011459.8203   15.6144
    7.5000  -22.5000  -22.500010928.0898   15.6166
   -7.5000  -15.0000  -22.500012161.5029   15.5804
    0.0000  -15.0000  -22.500012694.7041   15.6093
    7.5000  -15.0000  -22.500012126.7656   15.6148
   -7.5000   -7.5000  -22.500013285.0195   15.5834
    0.0000   -7.5000  -22.500013872.9561   15.6088
    7.5000   -7.5000  -22.500013236.3389   15.6103
   -7.5000    0.0000  -22.500014294.9141   15.5854
    0.0000    0.0000  -22.500014926.0801   15.6119
    7.5000    0.0000  -22.500014224.3643   15.6059
   -7.5000    7.5000  -22.500014141.0820   15.5848
    0.0000    7.5000  -22.500014751.6729   15.6168
    7.5000    7.5000  -22.500014045.6543   15.6075
   -7.5000   15.0000  -22.500013843.6318   15.5825
    0.0000   15.0000  -22.500014470.1689   15.6182
    7.5000   15.0000  -22.500013747.2334   15.6132
   -7.5000   22.5000  -22.500013497.4375   15.5753
    0.0000   22.5000  -22.500014084.6719   15.6090
    7.5000   22.5000  -22.500013384.8340   15.6113
   -7.5000   30.0000  -22.500013061.9404   15.3766
    0.0000   30.0000  -22.500013610.7852   15.4051
    7.5000   30.0000  -22.500012937.2100   15.4106
   -7.5000   37.5000  -22.500012893.4932   15.3795
    0.0000   37.5000  -22.500013428.6426   15.4046
    7.5000   37.5000  -22.500012787.6084   15.4061
   -7.5000   45.0000  -22.500012212.7510   15.0095
    0.0000   45.0000  -22.500012682.1396   15.0350
    7.5000   45.0000  -22.500012098.6631   15.0292
   -7.5000  -45.0000  -15.0000 8120.3643   16.5310
    0.0000  -45.0000  -15.0000 8494.9551   16.5647
    7.5000  -45.0000  -15.0000 8121.0376   16.5583
   -7.5000  -37.5000  -15.0000 9006.1396   16.2166
    0.0000  -37.5000  -15.0000 9406.7441   16.2563
    7.5000  -37.5000  -15.0000 8989.1934   16.2431
   -7.5000  -30.0000  -15.000010262.8213   16.0134
    0.0000  -30.0000  -15.000010725.3252   16.0575
    7.5000  -30.0000  -15.000010238.7207   16.0489
   -7.5000  -22.5000  -15.000011587.5146   15.9601
    0.0000  -22.5000  -15.000012087.2959   16.0015
    7.5000  -22.5000  -15.000011542.9219   16.0047
   -7.5000  -15.0000  -15.000012843.9482   15.9624
    0.0000  -15.0000  -15.000013393.3105   15.9977
    7.5000  -15.0000  -15.000012788.6816   16.0084
   -7.5000   -7.5000  -15.000014012.3379   15.9689
    0.0000   -7.5000  -15.000014630.2373   16.0001
    7.5000   -7.5000  -15.000013935.5156   16.0061
   -7.5000    0.0000  -15.000015074.3643   15.9729
    0.0000    0.0000  -15.000015742.0107   16.0054
    7.5000    0.0000  -15.000014988.0566   16.0000
   -7.5000    7.5000  -15.000014943.1221   15.9708
    0.0000    7.5000  -15.000015614.6973   16.0099
    7.5000    7.5000  -15.000014842.8867   15.9977
   -7.5000   15.0000  -15.000014595.9404   15.9641
    0.0000   15.0000  -15.000015260.8750   16.0079
    7.5000   15.0000  -15.000014467.5791   15.9995
   -7.5000   22.5000  -15.000014224.3174   15.9539
    0.0000   22.5000  -15.000014821.4307   15.9953
    7.5000   22.5000  -15.000014075.2676   15.9985
   -7.5000   30.0000  -15.000013765.8730   15.7558
    0.0000   30.0000  -15.000014335.2373   15.7907
    7.5000   30.0000  -15.000013589.8555   15.8012
   -7.5000   37.5000  -15.000013566.2363   15.7623
    0.0000   37.5000  -15.000014142.9395   15.7930
    7.5000   37.5000  -15.000013422.3711   15.7990
   -7.5000   45.0000  -15.000012827.0703   15.3919
    0.0000   45.0000  -15.000013340.6172   15.4233
    7.5000   45.0000  -15.000012679.7061   15.4181
   -7.5000  -45.0000   -7.5000 8515.1455   16.7253
    0.0000  -45.0000   -7.5000 8907.3506   16.7613
    7.5000  -45.0000   -7.5000 8519.5449   16.7602
   -7.5000  -37.5000   -7.5000 9471.4893   16.4056
    0.0000  -37.5000   -7.5000 9894.0977   16.4469
    7.5000  -37.5000   -7.5000 9442.5391   16.4373
   -7.5000  -30.0000   -7.500010799.2705   16.1950
    0.0000  -30.0000   -7.500011274.2656   16.2407
    7.5000  -30.0000   -7.500010740.3955   16.2331
   -7.5000  -22.5000   -7.500012190.3799   16.1397
    0.0000  -22.5000   -7.500012705.4873   16.1835
    7.5000  -22.5000   -7.500012107.9961   16.1872
   -7.5000  -15.0000   -7.500013492.7881   16.1456
    0.0000  -15.0000   -7.500014050.9727   16.1840
    7.5000  -15.0000   -7.500013388.1895   16.1972
   -7.5000   -7.5000   -7.500014721.8691   16.1569
    0.0000   -7.5000   -7.500015345.1523   16.1907
    7.5000   -7.5000   -7.500014590.7988   16.2012
   -7.5000    0.0000   -7.500015907.6406   16.1622
    0.0000    0.0000   -7.500016580.8516   16.1967
    7.5000    0.0000   -7.500015757.0293   16.1964
   -7.5000    7.5000   -7.500015907.9854   16.1571
    0.0000    7.5000   -7.500016615.5957   16.1978
    7.5000    7.5000   -7.500015700.0244   16.1888
   -7.5000   15.0000   -7.500015574.3057   16.1452
    0.0000   15.0000   -7.500016279.8779   16.1905
    7.5000   15.0000   -7.500015329.5205   16.1831
   -7.5000   22.5000   -7.500015119.8633   16.1317
    0.0000   22.5000   -7.500015748.2227   16.1755
    7.5000   22.5000   -7.500014858.2832   16.1792
   -7.5000   30.0000   -7.500014638.2217   15.9362
    0.0000   30.0000   -7.500015219.5986   15.9742
    7.5000   30.0000   -7.500014329.6836   15.9871
   -7.5000   37.5000   -7.500014428.4600   15.9473
    0.0000   37.5000   -7.500014993.0889   15.9807
    7.5000   37.5000   -7.500014120.7129   15.9911
   -7.5000   45.0000   -7.500013563.1475   15.5773
    0.0000   45.0000   -7.500014098.8652   15.6106
    7.5000   45.0000   -7.500013281.0459   15.6103
   -7.5000  -45.0000    0.0000 8792.1328   16.7478
    0.0000  -45.0000    0.0000 9228.9111   16.7802
    7.5000  -45.0000    0.0000 8798.0889   16.7836
   -7.5000  -37.5000    0.0000 9837.3740   16.4281
    0.0000  -37.5000    0.000010285.2568   16.4646
    7.5000  -37.5000    0.0000 9803.3076   16.4610
   -7.5000  -30.0000    0.000011263.9424   16.2168
    0.0000  -30.0000    0.000011738.1719   16.2569
    7.5000  -30.0000    0.000011193.1006   16.2530
   -7.5000  -22.5000    0.000012709.8848   16.1614
    0.0000  -22.5000    0.000013219.9561   16.2006
    7.5000  -22.5000    0.000012602.9375   16.2034
   -7.5000  -15.0000    0.000014048.1123   16.1681
    0.0000  -15.0000    0.000014599.2480   16.2032
    7.5000  -15.0000    0.000013897.9033   16.2134
   -7.5000   -7.5000    0.000015313.1768   16.1804
    0.0000   -7.5000    0.000015928.1533   16.2112
    7.5000   -7.5000    0.000015165.3457   16.2216
   -7.5000    0.0000    0.000016582.2578   16.1856
    0.0000    0.0000    0.000017269.3379   16.2167
    7.5000    0.0000    0.000016383.9902   16.2205
   -7.5000    7.5000    0.000016723.2969   16.1793
    0.0000    7.5000    0.000017498.7383   16.2154
    7.5000    7.5000    0.000016296.0303   16.2123
   -7.5000   15.0000    0.000016446.9121   16.1668
    0.0000   15.0000    0.000017212.4355   16.2068
    7.5000   15.0000    0.000015942.3477   16.2030
   -7.5000   22.5000    0.000015926.2686   16.1535
    0.0000   22.5000    0.000016606.8359   16.1926
    7.5000   22.5000    0.000015468.7949   16.1954
   -7.5000   30.0000    0.000015363.9609   15.9588
    0.0000   30.0000    0.000015920.7188   15.9935
    7.5000   30.0000    0.000014903.8018   16.0035
   -7.5000   37.5000    0.000015092.1797   15.9710
    0.0000   37.5000    0.000015621.9355   16.0014
    7.5000   37.5000    0.000014673.4492   16.0117
   -7.5000   45.0000    0.000014096.3672   15.6011
    0.0000   45.0000    0.000014610.5889   15.6310
    7.5000   45.0000    0.000013763.1230   15.6347
   -7.5000  -45.0000    7.5000 8387.7695   16.7346
    0.0000  -45.0000    7.5000 8765.4736   16.7610
    7.5000  -45.0000    7.5000 8358.5078   16.7637
   -7.5000  -37.5000    7.5000 9416.2559   16.4174
    0.0000  -37.5000    7.5000 9831.9570   16.4467
    7.5000  -37.5000    7.5000 9361.8867   16.4458
   -7.5000  -30.0000    7.500010817.6006   16.2109
    0.0000  -30.0000    7.500011255.0020   16.2429
    7.5000  -30.0000    7.500010712.2500   16.2416
   -7.5000  -22.5000    7.500012219.8213   16.1573
    0.0000  -22.5000    7.500012715.0518   16.1887
    7.5000  -22.5000    7.500012096.3652   16.1902
   -7.5000  -15.0000    7.500013533.8477   16.1609
    0.0000  -15.0000    7.500014082.0820   16.1895
    7.5000  -15.0000    7.500013362.6182   16.1942
   -7.5000   -7.5000    7.500014776.5645   16.1693
    0.0000   -7.5000    7.500015384.8652   16.1946
    7.5000   -7.5000    7.500014579.4814   16.2003
   -7.5000    0.0000    7.500015937.7402   16.1730
    0.0000    0.0000    7.500016608.3926   16.1984
    7.5000    0.0000    7.500015717.4717   16.2014
   -7.5000    7.5000    7.500015891.0752   16.1687
    0.0000    7.5000    7.500016613.8047   16.1979
    7.5000    7.5000    7.500015587.9912   16.1974
   -7.5000   15.0000    7.500015637.9160   16.1609
    0.0000   15.0000    7.500016311.9424   16.1929
    7.5000   15.0000    7.500015275.5566   16.1917
   -7.5000   22.5000    7.500015256.6738   16.1494
    0.0000   22.5000    7.500015880.3047   16.1807
    7.5000   22.5000    7.500014884.6484   16.1821
   -7.5000   30.0000    7.500014771.0137   15.9518
    0.0000   30.0000    7.500015325.0625   15.9800
    7.5000   30.0000    7.500014372.9238   15.9846
   -7.5000   37.5000    7.500014540.8320   15.9601
    0.0000   37.5000    7.500015034.5674   15.9850
    7.5000   37.5000    7.500014155.2910   15.9906
   -7.5000   45.0000    7.500013557.1689   15.5889
    0.0000   45.0000    7.500014022.3350   15.6134
    7.5000   45.0000    7.500013241.4736   15.6162
   -7.5000  -45.0000   15.0000 7879.4038   16.7327
    0.0000  -45.0000   15.0000 8230.9824   16.7571
    7.5000  -45.0000   15.0000 7833.3960   16.7546
   -7.5000  -37.5000   15.0000 8863.9395   16.4167
    0.0000  -37.5000   15.0000 9259.9756   16.4444
    7.5000  -37.5000   15.0000 8787.7598   16.4403
   -7.5000  -30.0000   15.000010203.4219   16.2153
    0.0000  -30.0000   15.000010631.8320   16.2455
    7.5000  -30.0000   15.000010077.9307   16.2438
   -7.5000  -22.5000   15.000011552.7227   16.1637
    0.0000  -22.5000   15.000012017.7793   16.1929
    7.5000  -22.5000   15.000011406.7158   16.1943
   -7.5000  -15.0000   15.000012761.9629   16.1641
    0.0000  -15.0000   15.000013274.8887   16.1902
    7.5000  -15.0000   15.000012635.0713   16.1928
   -7.5000   -7.5000   15.000013933.2656   16.1678
    0.0000   -7.5000   15.000014491.4863   16.1910
    7.5000   -7.5000   15.000013811.9355   16.1923
   -7.5000    0.0000   15.000015010.3125   16.1696
    0.0000    0.0000   15.000015617.4424   16.1932
    7.5000    0.0000   15.000014846.3965   16.1913
   -7.5000    7.5000   15.000014934.4668   16.1681
    0.0000    7.5000   15.000015522.5283   16.1955
    7.5000    7.5000   15.000014745.9980   16.1920
   -7.5000   15.0000   15.000014684.2383   16.1653
    0.0000   15.0000   15.000015233.9863   16.1955
    7.5000   15.0000   15.000014462.0732   16.1940
   -7.5000   22.5000   15.000014329.1602   16.1557
    0.0000   22.5000   15.000014878.7119   16.1849
    7.5000   22.5000   15.000014111.4814   16.1863
   -7.5000   30.0000   15.000013905.5801   15.9549
    0.0000   30.0000   15.000014433.2529   15.9806
    7.5000   30.0000   15.000013668.5195   15.9833
   -7.5000   37.5000   15.000013780.8535   15.9586
    0.0000   37.5000   15.000014237.0127   15.9814
    7.5000   37.5000   15.000013493.2441   15.9828
   -7.5000   45.0000   15.000012873.2383   15.5857
    0.0000   45.0000   15.000013301.9180   15.6084
    7.5000   45.0000   15.000012602.6240   15.6065
   -7.5000  -45.0000   22.5000 7344.5015   16.8265
    0.0000  -45.0000   22.5000 7669.3647   16.8550
    7.5000  -45.0000   22.5000 7274.5967   16.8476
   -7.5000  -37.5000   22.5000 8245.7227   16.5067
    0.0000  -37.5000   22.5000 8614.5264   16.5404
    7.5000  -37.5000   22.5000 8169.2500   16.5299
   -7.5000  -30.0000   22.5000 9477.5488   16.3033
    0.0000  -30.0000   22.5000 9873.4922   16.3405
    7.5000  -30.0000   22.5000 9388.0830   16.3349
   -7.5000  -22.5000   22.500010693.1748   16.2504
    0.0000  -22.5000   22.500011138.9268   16.2854
    7.5000  -22.5000   22.500010631.3037   16.2876
   -7.5000  -15.0000   22.500011851.8652   16.2501
    0.0000  -15.0000   22.500012331.8252   16.2799
    7.5000  -15.0000   22.500011782.3887   16.2855
   -7.5000   -7.5000   22.500012946.8672   16.2535
    0.0000   -7.5000   22.500013472.5176   16.2798
    7.5000   -7.5000   22.500012868.0371   16.2812
   -7.5000    0.0000   22.500013963.0068   16.2560
    0.0000    0.0000   22.500014523.6387   16.2835
    7.5000    0.0000   22.500013862.3779   16.2771
   -7.5000    7.5000   22.500013904.3633   16.2554
    0.0000    7.5000   22.500014440.5215   16.2887
    7.5000    7.5000   22.500013776.2080   16.2790
   -7.5000   15.0000   22.500013667.4189   16.2528
    0.0000   15.0000   22.500014162.0762   16.2899
    7.5000   15.0000   22.500013494.8311   16.2845
   -7.5000   22.5000   22.500013331.8379   16.2424
    0.0000   22.5000   22.500013829.3945   16.2773
    7.5000   22.5000   22.500013164.9365   16.2795
   -7.5000   30.0000   22.500012936.9023   16.0398
    0.0000   30.0000   22.500013416.6494   16.0693
    7.5000   30.0000   22.500012758.3838   16.0748
   -7.5000   37.5000   22.500012845.4658   16.0432
    0.0000   37.5000   22.500013294.3857   16.0691
    7.5000   37.5000   22.500012637.7744   16.0705
   -7.5000   45.0000   22.500012037.8262   15.6689
    0.0000   45.0000   22.500012460.7715   15.6954
    7.5000   45.0000   22.500011832.7246   15.6893
   -7.5000  -45.0000   30.0000 6757.4956   17.0306
    0.0000  -45.0000   30.0000 7059.4883   17.0651
    7.5000  -45.0000   30.0000 6701.2524   17.0584
   -7.5000  -37.5000   30.0000 7568.3965   16.7004
    0.0000  -37.5000   30.0000 7916.2998   16.7414
    7.5000  -37.5000   30.0000 7523.1406   16.7277
   -7.5000  -30.0000   30.0000 8671.5332   16.4871
    0.0000  -30.0000   30.0000 9063.7705   16.5326
    7.5000  -30.0000   30.0000 8629.5342   16.5236
   -7.5000  -22.5000   30.0000 9796.3018   16.4316
    0.0000  -22.5000   30.000010228.3398   16.4742
    7.5000  -22.5000   30.0000 9764.2656   16.4774
   -7.5000  -15.0000   30.000010891.7891   16.4350
    0.0000  -15.0000   30.000011354.9590   16.4712
    7.5000  -15.0000   30.000010836.6982   16.4821
   -7.5000   -7.5000   30.000011890.8730   16.4426
    0.0000   -7.5000   30.000012392.6973   16.4744
    7.5000   -7.5000   30.000011848.7051   16.4806
   -7.5000    0.0000   30.000012851.0732   16.4466
    0.0000    0.0000   30.000013382.6953   16.4799
    7.5000    0.0000   30.000012778.8994   16.4743
   -7.5000    7.5000   30.000012792.8477   16.4434
    0.0000    7.5000   30.000013292.3867   16.4837
    7.5000    7.5000   30.000012697.3428   16.4710
   -7.5000   15.0000   30.000012556.4590   16.4355
    0.0000   15.0000   30.000013024.0801   16.4807
    7.5000   15.0000   30.000012433.6689   16.4720
   -7.5000   22.5000   30.000012250.9932   16.4235
    0.0000   22.5000   30.000012693.5771   16.4660
    7.5000   22.5000   30.000012118.6865   16.4692
   -7.5000   30.0000   30.000011897.2070   16.2223
    0.0000   30.0000   30.000012328.4229   16.2580
    7.5000   30.0000   30.000011766.9258   16.2688
   -7.5000   37.5000   30.000011825.2139   16.2298
    0.0000   37.5000   30.000012242.0068   16.2612
    7.5000   37.5000   30.000011668.4453   16.2673
   -7.5000   45.0000   30.000011099.5303   15.8526
    0.0000   45.0000   30.000011487.6777   15.8847
    7.5000   45.0000   30.000010935.7793   15.8793
   -7.5000  -45.0000   37.5000 6423.8511   17.4154
    0.0000  -45.0000   37.5000 6726.8887   17.4536
    7.5000  -45.0000   37.5000 6393.3130   17.4525
   -7.5000  -37.5000   37.5000 7190.6675   17.0703
    0.0000  -37.5000   37.5000 7541.1284   17.1144
    7.5000  -37.5000   37.5000 7173.9146   17.1042
   -7.5000  -30.0000   37.5000 8225.4258   16.8418
    0.0000  -30.0000   37.5000 8619.0273   16.8906
    7.5000  -30.0000   37.5000 8225.1406   16.8827
   -7.5000  -22.5000   37.5000 9314.8311   16.7806
    0.0000  -22.5000   37.5000 9740.3105   16.8271
    7.5000  -22.5000   37.5000 9304.9834   16.8313
   -7.5000  -15.0000   37.500010362.3545   16.7863
    0.0000  -15.0000   37.500010820.2031   16.8269
    7.5000  -15.0000   37.500010329.3311   16.8410
   -7.5000   -7.5000   37.500011328.8818   16.7995
    0.0000   -7.5000   37.500011814.7617   16.8351
    7.5000   -7.5000   37.500011302.6445   16.8465
   -7.5000    0.0000   37.500012239.5361   16.8069
    0.0000    0.0000   37.500012740.5332   16.8435
    7.5000    0.0000   37.500012192.3652   16.8432
   -7.5000    7.5000   37.500012178.2168   16.8019
    0.0000    7.5000   37.500012662.0967   16.8453
    7.5000    7.5000   37.500012116.3291   16.8359
   -7.5000   15.0000   37.500011929.0361   16.7880
    0.0000   15.0000   37.500012397.8877   16.8364
    7.5000   15.0000   37.500011878.1543   16.8288
   -7.5000   22.5000   37.500011644.4336   16.7723
    0.0000   22.5000   37.500012079.5039   16.8187
    7.5000   22.5000   37.500011572.3311   16.8229
   -7.5000   30.0000   37.500011301.3076   16.5691
    0.0000   30.0000   37.500011716.0342   16.6091
    7.5000   30.0000   37.500011227.5850   16.6230
   -7.5000   37.5000   37.500011253.7852   16.5821
    0.0000   37.5000   37.500011661.0947   16.6173
    7.5000   37.5000   37.500011164.9814   16.6284
   -7.5000   45.0000   37.500010576.7793   16.1999
    0.0000   45.0000   37.500010980.4180   16.2352
    7.5000   45.0000   37.500010464.2656   16.2349
   -7.5000  -45.0000   45.0000 5819.5791   17.8529
    0.0000  -45.0000   45.0000 6085.8047   17.8898
    7.5000  -45.0000   45.0000 5804.9351   17.8884
   -7.5000  -37.5000   45.0000 6524.4702   17.4924
    0.0000  -37.5000   45.0000 6840.9990   17.5336
    7.5000  -37.5000   45.0000 6509.4321   17.5251
   -7.5000  -30.0000   45.0000 7477.5039   17.2542
    0.0000  -30.0000   45.0000 7846.0962   17.2997
    7.5000  -30.0000   45.0000 7481.0903   17.2913
   -7.5000  -22.5000   45.0000 8455.6523   17.1896
    0.0000  -22.5000   45.0000 8866.3350   17.2345
    7.5000  -22.5000   45.0000 8461.8193   17.2334
   -7.5000  -15.0000   45.0000 9422.9688   17.1928
    0.0000  -15.0000   45.0000 9845.1699   17.2331
    7.5000  -15.0000   45.0000 9392.8379   17.2398
   -7.5000   -7.5000   45.000010319.3740   17.2038
    0.0000   -7.5000   45.000010767.6680   17.2390
    7.5000   -7.5000   45.000010270.8086   17.2457
   -7.5000    0.0000   45.000011127.3916   17.2115
    0.0000    0.0000   45.000011603.7607   17.2466
    7.5000    0.0000   45.000011081.3145   17.2460
   -7.5000    7.5000   45.000011072.3252   17.2088
    0.0000    7.5000   45.000011523.0439   17.2495
    7.5000    7.5000   45.000011021.4805   17.2417
   -7.5000   15.0000   45.000010860.0088   17.1973
    0.0000   15.0000   45.000011293.0039   17.2426
    7.5000   15.0000   45.000010814.0820   17.2343
   -7.5000   22.5000   45.000010601.7363   17.1811
    0.0000   22.5000   45.000011002.7012   17.2259
    7.5000   22.5000   45.000010534.0723   17.2248
   -7.5000   30.0000   45.000010279.3223   16.9688
    0.0000   30.0000   45.000010665.1211   17.0086
    7.5000   30.0000   45.000010210.1543   17.0152
   -7.5000   37.5000   45.000010236.5908   16.9797
    0.0000   37.5000   45.000010625.7002   17.0145
    7.5000   37.5000   45.000010166.9561   17.0211
   -7.5000   45.0000   45.0000 9647.8604   16.5974
    0.0000   45.0000   45.000010005.1641   16.6313
    7.5000   45.0000   45.0000 9557.3467   16.6307

---------------------------------------------------------------------
imgreg_4dfp /opt/freesurfer/average/711-2C_as_mni_average_305 /opt/freesurfer/average/711-2B_as_mni_average_305_mask talsrcimg_g11 none talsrcimg_to_711-2C_as_mni_average_305_t4 4355
---------------------------------------------------------------------

freesurfer imgreg_4dfp.c
/opt/freesurfer/average/711-2C_as_mni_average_305.4dfp.img
       256       256       256         1
  1.000000  1.000000  1.000000
orientation T byte_order littleendian
Reading image: /opt/freesurfer/average/711-2C_as_mni_average_305.4dfp.img
dimensions:      256       256       256
mmppix:       1.0000   -1.0000   -1.0000
center:     128.0000 -129.0000 -129.0000
/opt/freesurfer/average/711-2B_as_mni_average_305_mask.4dfp.img
       256       256       256         1
  1.000000  1.000000  1.000000
orientation T byte_order littleendian
Reading mask: /opt/freesurfer/average/711-2B_as_mni_average_305_mask.4dfp.img (2306576 pixels)
talsrcimg_g11.4dfp.img
       256       256       256         1
  1.000000  1.000000  1.000000
orientation T byte_order littleendian
Reading image: talsrcimg_g11.4dfp.img
dimensions:      256       256       256
mmppix:       1.0000   -1.0000   -1.0000
center:     128.0000 -129.0000 -129.0000
rotation matrix determinant  1.000000
image alignment mode   4355 decimal     1103 hex
   -7.5000  -37.5000  -45.0000 1917.0730   19.1662
    0.0000  -37.5000  -45.0000 1934.1062   19.0964
    7.5000  -37.5000  -45.0000 1933.3127   19.2191
   -7.5000  -30.0000  -45.0000 2044.3732   16.9365
    0.0000  -30.0000  -45.0000 2061.1956   16.8982
    7.5000  -30.0000  -45.0000 2055.1030   17.0079
   -7.5000  -22.5000  -45.0000 2170.2466   15.2163
    0.0000  -22.5000  -45.0000 2185.6467   15.1741
    7.5000  -22.5000  -45.0000 2171.4299   15.2855
   -7.5000  -15.0000  -45.0000 2280.1599   13.8507
    0.0000  -15.0000  -45.0000 2295.6221   13.8081
    7.5000  -15.0000  -45.0000 2275.5818   13.9492
   -7.5000   -7.5000  -45.0000 2364.0066   12.8237
    0.0000   -7.5000  -45.0000 2378.7998   12.7740
    7.5000   -7.5000  -45.0000 2361.0488   12.9128
   -7.5000    0.0000  -45.0000 2413.6260   12.1470
    0.0000    0.0000  -45.0000 2427.3853   12.0845
    7.5000    0.0000  -45.0000 2403.4211   12.2334
   -7.5000    7.5000  -45.0000 2444.9604   11.7427
    0.0000    7.5000  -45.0000 2460.3442   11.6638
    7.5000    7.5000  -45.0000 2434.3481   11.8174
   -7.5000   15.0000  -45.0000 2451.0798   11.5828
    0.0000   15.0000  -45.0000 2464.5996   11.4880
    7.5000   15.0000  -45.0000 2441.5256   11.6281
   -7.5000   22.5000  -45.0000 2436.5127   11.6711
    0.0000   22.5000  -45.0000 2453.6304   11.5632
    7.5000   22.5000  -45.0000 2428.7991   11.6918
   -7.5000   30.0000  -45.0000 2404.9187   11.9575
    0.0000   30.0000  -45.0000 2423.4956   11.8603
    7.5000   30.0000  -45.0000 2394.2263   11.9962
   -7.5000   37.5000  -45.0000 2363.9856   12.4983
    0.0000   37.5000  -45.0000 2381.4568   12.3905
    7.5000   37.5000  -45.0000 2352.4646   12.5477
   -7.5000   45.0000  -45.0000 2301.9761   13.2518
    0.0000   45.0000  -45.0000 2318.6472   13.1671
    7.5000   45.0000  -45.0000 2291.3657   13.3160
   -7.5000   52.5000  -45.0000 2189.7524   14.1810
    0.0000   52.5000  -45.0000 2207.8208   14.0957
    7.5000   52.5000  -45.0000 2182.5015   14.2489
   -7.5000  -37.5000  -37.5000 1968.1002   18.1401
    0.0000  -37.5000  -37.5000 1983.2626   18.0608
    7.5000  -37.5000  -37.5000 1977.2007   18.2028
   -7.5000  -30.0000  -37.5000 2106.5459   15.9926
    0.0000  -30.0000  -37.5000 2122.2820   15.9332
    7.5000  -30.0000  -37.5000 2109.1160   16.0596
   -7.5000  -22.5000  -37.5000 2239.8088   14.3550
    0.0000  -22.5000  -37.5000 2256.3032   14.2799
    7.5000  -22.5000  -37.5000 2238.0942   14.3994
   -7.5000  -15.0000  -37.5000 2353.0693   13.0328
    0.0000  -15.0000  -37.5000 2367.9961   12.9640
    7.5000  -15.0000  -37.5000 2348.0928   13.0841
   -7.5000   -7.5000  -37.5000 2438.2712   12.0164
    0.0000   -7.5000  -37.5000 2452.1604   11.9590
    7.5000   -7.5000  -37.5000 2435.3284   12.0737
   -7.5000    0.0000  -37.5000 2502.3174   11.3264
    0.0000    0.0000  -37.5000 2512.6013   11.2570
    7.5000    0.0000  -37.5000 2495.0491   11.3899
   -7.5000    7.5000  -37.5000 2538.0225   10.9296
    0.0000    7.5000  -37.5000 2551.6785   10.8529
    7.5000    7.5000  -37.5000 2530.0547   10.9984
   -7.5000   15.0000  -37.5000 2555.0356   10.7454
    0.0000   15.0000  -37.5000 2569.3281   10.6690
    7.5000   15.0000  -37.5000 2545.4114   10.8037
   -7.5000   22.5000  -37.5000 2548.7075   10.8422
    0.0000   22.5000  -37.5000 2561.5344   10.7425
    7.5000   22.5000  -37.5000 2535.0083   10.8873
   -7.5000   30.0000  -37.5000 2516.6685   11.1106
    0.0000   30.0000  -37.5000 2534.5386   10.9996
    7.5000   30.0000  -37.5000 2503.6306   11.1661
   -7.5000   37.5000  -37.5000 2470.7627   11.5888
    0.0000   37.5000  -37.5000 2490.4585   11.4784
    7.5000   37.5000  -37.5000 2458.2246   11.6446
   -7.5000   45.0000  -37.5000 2401.8091   12.2782
    0.0000   45.0000  -37.5000 2419.0691   12.1767
    7.5000   45.0000  -37.5000 2387.2522   12.3563
   -7.5000   52.5000  -37.5000 2282.3904   13.1339
    0.0000   52.5000  -37.5000 2298.7815   13.0376
    7.5000   52.5000  -37.5000 2268.8074   13.2167
   -7.5000  -37.5000  -30.0000 2046.0466   17.9092
    0.0000  -37.5000  -30.0000 2058.7148   17.8270
    7.5000  -37.5000  -30.0000 2052.3616   17.9537
   -7.5000  -30.0000  -30.0000 2195.2854   15.7491
    0.0000  -30.0000  -30.0000 2208.6277   15.6803
    7.5000  -30.0000  -30.0000 2194.8044   15.7910
   -7.5000  -22.5000  -30.0000 2336.7383   14.0616
    0.0000  -22.5000  -30.0000 2352.9421   13.9841
    7.5000  -22.5000  -30.0000 2332.1506   14.0995
   -7.5000  -15.0000  -30.0000 2455.3057   12.7009
    0.0000  -15.0000  -30.0000 2470.7983   12.6186
    7.5000  -15.0000  -30.0000 2447.9583   12.7755
   -7.5000   -7.5000  -30.0000 2550.9922   11.6991
    0.0000   -7.5000  -30.0000 2566.2119   11.6147
    7.5000   -7.5000  -30.0000 2546.4749   11.7724
   -7.5000    0.0000  -30.0000 2626.1648   10.9953
    0.0000    0.0000  -30.0000 2641.4121   10.9094
    7.5000    0.0000  -30.0000 2619.0396   11.0362
   -7.5000    7.5000  -30.0000 2676.5142   10.5483
    0.0000    7.5000  -30.0000 2687.5732   10.4718
    7.5000    7.5000  -30.0000 2663.2556   10.6195
   -7.5000   15.0000  -30.0000 2702.9897   10.3509
    0.0000   15.0000  -30.0000 2720.5627   10.2696
    7.5000   15.0000  -30.0000 2690.2427   10.4199
   -7.5000   22.5000  -30.0000 2703.1418   10.4271
    0.0000   22.5000  -30.0000 2718.8391   10.3222
    7.5000   22.5000  -30.0000 2683.0610   10.4941
   -7.5000   30.0000  -30.0000 2675.5779   10.7147
    0.0000   30.0000  -30.0000 2694.3079   10.5962
    7.5000   30.0000  -30.0000 2657.0615   10.7692
   -7.5000   37.5000  -30.0000 2628.3140   11.1633
    0.0000   37.5000  -30.0000 2646.7192   11.0637
    7.5000   37.5000  -30.0000 2607.3699   11.2299
   -7.5000   45.0000  -30.0000 2544.9937   11.8354
    0.0000   45.0000  -30.0000 2562.4714   11.7383
    7.5000   45.0000  -30.0000 2525.5779   11.9042
   -7.5000   52.5000  -30.0000 2415.3950   12.6535
    0.0000   52.5000  -30.0000 2429.4934   12.5667
    7.5000   52.5000  -30.0000 2398.7083   12.7350
   -7.5000  -37.5000  -22.5000 2094.5935   17.6118
    0.0000  -37.5000  -22.5000 2106.3555   17.4970
    7.5000  -37.5000  -22.5000 2097.8359   17.6446
   -7.5000  -30.0000  -22.5000 2244.8152   15.4229
    0.0000  -30.0000  -22.5000 2260.9038   15.3471
    7.5000  -30.0000  -22.5000 2245.7651   15.4600
   -7.5000  -22.5000  -22.5000 2392.8547   13.7129
    0.0000  -22.5000  -22.5000 2408.6340   13.6233
    7.5000  -22.5000  -22.5000 2390.5720   13.7327
   -7.5000  -15.0000  -22.5000 2517.4060   12.3576
    0.0000  -15.0000  -22.5000 2534.6580   12.2662
    7.5000  -15.0000  -22.5000 2517.1252   12.4037
   -7.5000   -7.5000  -22.5000 2627.7424   11.3365
    0.0000   -7.5000  -22.5000 2646.5417   11.2585
    7.5000   -7.5000  -22.5000 2622.9658   11.4013
   -7.5000    0.0000  -22.5000 2715.3708   10.6086
    0.0000    0.0000  -22.5000 2737.9543   10.5466
    7.5000    0.0000  -22.5000 2710.9844   10.6728
   -7.5000    7.5000  -22.5000 2778.5776   10.1526
    0.0000    7.5000  -22.5000 2796.6970   10.0892
    7.5000    7.5000  -22.5000 2767.2302   10.2303
   -7.5000   15.0000  -22.5000 2818.2744    9.9225
    0.0000   15.0000  -22.5000 2840.8650    9.8432
    7.5000   15.0000  -22.5000 2804.2075    9.9942
   -7.5000   22.5000  -22.5000 2829.8120    9.9522
    0.0000   22.5000  -22.5000 2842.8679    9.8588
    7.5000   22.5000  -22.5000 2804.3442   10.0373
   -7.5000   30.0000  -22.5000 2800.9917   10.2324
    0.0000   30.0000  -22.5000 2819.1646   10.1385
    7.5000   30.0000  -22.5000 2775.5972   10.3090
   -7.5000   37.5000  -22.5000 2741.4265   10.6725
    0.0000   37.5000  -22.5000 2762.4482   10.5791
    7.5000   37.5000  -22.5000 2720.7742   10.7616
   -7.5000   45.0000  -22.5000 2651.0793   11.3479
    0.0000   45.0000  -22.5000 2669.5903   11.2557
    7.5000   45.0000  -22.5000 2630.9512   11.4416
   -7.5000   52.5000  -22.5000 2512.5674   12.1685
    0.0000   52.5000  -22.5000 2526.3755   12.0861
    7.5000   52.5000  -22.5000 2493.7993   12.2765
   -7.5000  -37.5000  -15.0000 2115.9399   17.3694
    0.0000  -37.5000  -15.0000 2133.2000   17.2588
    7.5000  -37.5000  -15.0000 2121.4993   17.4319
   -7.5000  -30.0000  -15.0000 2264.3757   15.1735
    0.0000  -30.0000  -15.0000 2284.7671   15.0579
    7.5000  -30.0000  -15.0000 2270.1731   15.2222
   -7.5000  -22.5000  -15.0000 2411.1702   13.4284
    0.0000  -22.5000  -15.0000 2430.8242   13.3311
    7.5000  -22.5000  -15.0000 2415.4207   13.4847
   -7.5000  -15.0000  -15.0000 2540.6650   12.0851
    0.0000  -15.0000  -15.0000 2559.2578   11.9776
    7.5000  -15.0000  -15.0000 2539.4077   12.1311
   -7.5000   -7.5000  -15.0000 2658.6633   11.0549
    0.0000   -7.5000  -15.0000 2682.0227   10.9563
    7.5000   -7.5000  -15.0000 2656.9436   11.1048
   -7.5000    0.0000  -15.0000 2761.0789   10.3170
    0.0000    0.0000  -15.0000 2787.6099   10.2332
    7.5000    0.0000  -15.0000 2759.2725   10.3623
   -7.5000    7.5000  -15.0000 2846.2300    9.8187
    0.0000    7.5000  -15.0000 2871.5322    9.7537
    7.5000    7.5000  -15.0000 2839.8394    9.8795
   -7.5000   15.0000  -15.0000 2898.1038    9.5587
    0.0000   15.0000  -15.0000 2926.3352    9.4771
    7.5000   15.0000  -15.0000 2883.8291    9.6361
   -7.5000   22.5000  -15.0000 2923.6196    9.5500
    0.0000   22.5000  -15.0000 2941.6487    9.4674
    7.5000   22.5000  -15.0000 2891.7866    9.6533
   -7.5000   30.0000  -15.0000 2893.2495    9.8267
    0.0000   30.0000  -15.0000 2909.2898    9.7376
    7.5000   30.0000  -15.0000 2855.9612    9.9316
   -7.5000   37.5000  -15.0000 2819.6938   10.2584
    0.0000   37.5000  -15.0000 2842.2834   10.1665
    7.5000   37.5000  -15.0000 2792.4062   10.3859
   -7.5000   45.0000  -15.0000 2718.9463   10.9268
    0.0000   45.0000  -15.0000 2738.9575   10.8296
    7.5000   45.0000  -15.0000 2695.3201   11.0458
   -7.5000   52.5000  -15.0000 2569.3418   11.7715
    0.0000   52.5000  -15.0000 2586.6069   11.6725
    7.5000   52.5000  -15.0000 2548.3647   11.8905
   -7.5000  -37.5000   -7.5000 2120.3635   17.2584
    0.0000  -37.5000   -7.5000 2142.7781   17.0784
    7.5000  -37.5000   -7.5000 2131.0747   17.2817
   -7.5000  -30.0000   -7.5000 2260.6797   15.0212
    0.0000  -30.0000   -7.5000 2284.4463   14.8687
    7.5000  -30.0000   -7.5000 2270.3799   15.0536
   -7.5000  -22.5000   -7.5000 2403.3262   13.2799
    0.0000  -22.5000   -7.5000 2426.1184   13.1430
    7.5000  -22.5000   -7.5000 2410.0984   13.3242
   -7.5000  -15.0000   -7.5000 2534.8721   11.9105
    0.0000  -15.0000   -7.5000 2552.7349   11.7772
    7.5000  -15.0000   -7.5000 2534.9663   11.9458
   -7.5000   -7.5000   -7.5000 2660.7410   10.8548
    0.0000   -7.5000   -7.5000 2680.6169   10.7303
    7.5000   -7.5000   -7.5000 2660.6538   10.8846
   -7.5000    0.0000   -7.5000 2774.0940   10.1049
    0.0000    0.0000   -7.5000 2800.9490    9.9997
    7.5000    0.0000   -7.5000 2777.1687   10.1291
   -7.5000    7.5000   -7.5000 2879.5769    9.6232
    0.0000    7.5000   -7.5000 2906.8027    9.5196
    7.5000    7.5000   -7.5000 2879.8105    9.6429
   -7.5000   15.0000   -7.5000 2953.9290    9.3471
    0.0000   15.0000   -7.5000 2987.0583    9.2627
    7.5000   15.0000   -7.5000 2937.2102    9.3969
   -7.5000   22.5000   -7.5000 2990.8604    9.2685
    0.0000   22.5000   -7.5000 3012.9553    9.2029
    7.5000   22.5000   -7.5000 2949.5405    9.3694
   -7.5000   30.0000   -7.5000 2956.1133    9.5261
    0.0000   30.0000   -7.5000 2974.2783    9.4399
    7.5000   30.0000   -7.5000 2908.8804    9.6224
   -7.5000   37.5000   -7.5000 2870.3813    9.9688
    0.0000   37.5000   -7.5000 2888.0059    9.8708
    7.5000   37.5000   -7.5000 2832.1714   10.0798
   -7.5000   45.0000   -7.5000 2754.6821   10.6280
    0.0000   45.0000   -7.5000 2774.7151   10.5115
    7.5000   45.0000   -7.5000 2727.2097   10.7233
   -7.5000   52.5000   -7.5000 2596.0559   11.4908
    0.0000   52.5000   -7.5000 2612.0557   11.3616
    7.5000   52.5000   -7.5000 2573.7791   11.5741
   -7.5000  -37.5000    0.0000 2109.8762   17.4035
    0.0000  -37.5000    0.0000 2134.5100   17.2076
    7.5000  -37.5000    0.0000 2120.0886   17.3877
   -7.5000  -30.0000    0.0000 2253.4109   15.0876
    0.0000  -30.0000    0.0000 2273.9790   14.9311
    7.5000  -30.0000    0.0000 2258.4121   15.1159
   -7.5000  -22.5000    0.0000 2393.7000   13.3021
    0.0000  -22.5000    0.0000 2409.1758   13.1387
    7.5000  -22.5000    0.0000 2395.8174   13.3376
   -7.5000  -15.0000    0.0000 2515.8411   11.8804
    0.0000  -15.0000    0.0000 2530.8450   11.7325
    7.5000  -15.0000    0.0000 2517.8152   11.9184
   -7.5000   -7.5000    0.0000 2644.1689   10.8155
    0.0000   -7.5000    0.0000 2661.1575   10.6884
    7.5000   -7.5000    0.0000 2646.6660   10.8374
   -7.5000    0.0000    0.0000 2764.9182   10.0428
    0.0000    0.0000    0.0000 2785.5950    9.9481
    7.5000    0.0000    0.0000 2771.6729   10.0674
   -7.5000    7.5000    0.0000 2880.1951    9.5785
    0.0000    7.5000    0.0000 2904.9075    9.5060
    7.5000    7.5000    0.0000 2876.6313    9.5721
   -7.5000   15.0000    0.0000 2964.6797    9.3252
    0.0000   15.0000    0.0000 3002.8638    9.2759
    7.5000   15.0000    0.0000 2944.7622    9.3053
   -7.5000   22.5000    0.0000 3009.6709    9.1825
    0.0000   22.5000    0.0000 3043.2935    9.1488
    7.5000   22.5000    0.0000 2971.3499    9.2411
   -7.5000   30.0000    0.0000 2980.2710    9.3602
    0.0000   30.0000    0.0000 2996.9783    9.3035
    7.5000   30.0000    0.0000 2931.6396    9.4737
   -7.5000   37.5000    0.0000 2884.1914    9.8356
    0.0000   37.5000    0.0000 2897.4495    9.7450
    7.5000   37.5000    0.0000 2846.7793    9.9232
   -7.5000   45.0000    0.0000 2760.0027   10.4858
    0.0000   45.0000    0.0000 2776.5066   10.3833
    7.5000   45.0000    0.0000 2736.9358   10.5718
   -7.5000   52.5000    0.0000 2600.0120   11.3473
    0.0000   52.5000    0.0000 2614.5142   11.2140
    7.5000   52.5000    0.0000 2577.6870   11.4072
   -7.5000  -37.5000    7.5000 2088.3203   17.7581
    0.0000  -37.5000    7.5000 2112.8015   17.5151
    7.5000  -37.5000    7.5000 2095.8862   17.7309
   -7.5000  -30.0000    7.5000 2238.4380   15.3574
    0.0000  -30.0000    7.5000 2252.7114   15.1470
    7.5000  -30.0000    7.5000 2239.2166   15.3665
   -7.5000  -22.5000    7.5000 2373.4163   13.4919
    0.0000  -22.5000    7.5000 2388.9771   13.3328
    7.5000  -22.5000    7.5000 2374.8945   13.5254
   -7.5000  -15.0000    7.5000 2493.9524   12.0805
    0.0000  -15.0000    7.5000 2508.2693   11.9329
    7.5000  -15.0000    7.5000 2497.6404   12.1099
   -7.5000   -7.5000    7.5000 2621.8904   11.0190
    0.0000   -7.5000    7.5000 2635.2498   10.8965
    7.5000   -7.5000    7.5000 2620.9189   11.0140
   -7.5000    0.0000    7.5000 2737.8945   10.2071
    0.0000    0.0000    7.5000 2754.2610   10.1252
    7.5000    0.0000    7.5000 2740.4243   10.2290
   -7.5000    7.5000    7.5000 2851.5845    9.6943
    0.0000    7.5000    7.5000 2870.9287    9.6328
    7.5000    7.5000    7.5000 2846.7114    9.7026
   -7.5000   15.0000    7.5000 2941.4102    9.3643
    0.0000   15.0000    7.5000 2966.0435    9.3187
    7.5000   15.0000    7.5000 2921.1775    9.3919
   -7.5000   22.5000    7.5000 2982.9250    9.3038
    0.0000   22.5000    7.5000 3010.4270    9.2374
    7.5000   22.5000    7.5000 2953.7073    9.3485
   -7.5000   30.0000    7.5000 2953.4141    9.5312
    0.0000   30.0000    7.5000 2972.7905    9.4604
    7.5000   30.0000    7.5000 2916.8508    9.5870
   -7.5000   37.5000    7.5000 2867.3062    9.9799
    0.0000   37.5000    7.5000 2879.0342    9.9091
    7.5000   37.5000    7.5000 2831.8728   10.0515
   -7.5000   45.0000    7.5000 2739.2405   10.6150
    0.0000   45.0000    7.5000 2753.6848   10.5255
    7.5000   45.0000    7.5000 2718.0415   10.6947
   -7.5000   52.5000    7.5000 2582.8291   11.4201
    0.0000   52.5000    7.5000 2598.3406   11.2907
    7.5000   52.5000    7.5000 2566.3738   11.4780
   -7.5000  -37.5000   15.0000 2052.2122   18.3189
    0.0000  -37.5000   15.0000 2074.1655   18.0647
    7.5000  -37.5000   15.0000 2057.5322   18.2698
   -7.5000  -30.0000   15.0000 2201.1245   15.8362
    0.0000  -30.0000   15.0000 2218.4854   15.6285
    7.5000  -30.0000   15.0000 2203.7625   15.8397
   -7.5000  -22.5000   15.0000 2341.5288   13.9052
    0.0000  -22.5000   15.0000 2357.1858   13.7465
    7.5000  -22.5000   15.0000 2339.5391   13.9657
   -7.5000  -15.0000   15.0000 2464.8298   12.4421
    0.0000  -15.0000   15.0000 2475.9189   12.2861
    7.5000  -15.0000   15.0000 2458.4976   12.5004
   -7.5000   -7.5000   15.0000 2588.1802   11.3250
    0.0000   -7.5000   15.0000 2602.9883   11.2157
    7.5000   -7.5000   15.0000 2585.5454   11.4108
   -7.5000    0.0000   15.0000 2704.2900   10.5391
    0.0000    0.0000   15.0000 2718.9590   10.4375
    7.5000    0.0000   15.0000 2698.2305   10.6101
   -7.5000    7.5000   15.0000 2812.7622   10.0154
    0.0000    7.5000   15.0000 2827.7559    9.9250
    7.5000    7.5000   15.0000 2800.4924   10.0473
   -7.5000   15.0000   15.0000 2896.0068    9.6736
    0.0000   15.0000   15.0000 2914.2844    9.5753
    7.5000   15.0000   15.0000 2869.5637    9.7297
   -7.5000   22.5000   15.0000 2925.7058    9.6271
    0.0000   22.5000   15.0000 2950.3623    9.5363
    7.5000   22.5000   15.0000 2902.0706    9.6835
   -7.5000   30.0000   15.0000 2888.8567    9.8688
    0.0000   30.0000   15.0000 2910.0762    9.7873
    7.5000   30.0000   15.0000 2864.4822    9.9143
   -7.5000   37.5000   15.0000 2816.5935   10.3276
    0.0000   37.5000   15.0000 2824.1670   10.2408
    7.5000   37.5000   15.0000 2784.5759   10.3828
   -7.5000   45.0000   15.0000 2695.5195   10.9661
    0.0000   45.0000   15.0000 2703.8743   10.8775
    7.5000   45.0000   15.0000 2674.6689   11.0328
   -7.5000   52.5000   15.0000 2549.8313   11.6989
    0.0000   52.5000   15.0000 2559.2302   11.6191
    7.5000   52.5000   15.0000 2533.7388   11.7690
   -7.5000  -37.5000   22.5000 2003.5833   19.1378
    0.0000  -37.5000   22.5000 2017.0585   18.9069
    7.5000  -37.5000   22.5000 2003.7225   19.1055
   -7.5000  -30.0000   22.5000 2154.4243   16.5123
    0.0000  -30.0000   22.5000 2169.8154   16.3152
    7.5000  -30.0000   22.5000 2154.8167   16.5723
   -7.5000  -22.5000   22.5000 2298.4702   14.4836
    0.0000  -22.5000   22.5000 2309.7703   14.2969
    7.5000  -22.5000   22.5000 2295.4368   14.5889
   -7.5000  -15.0000   22.5000 2429.5686   12.9505
    0.0000  -15.0000   22.5000 2439.5220   12.7854
    7.5000  -15.0000   22.5000 2419.6433   13.0498
   -7.5000   -7.5000   22.5000 2551.0630   11.8439
    0.0000   -7.5000   22.5000 2564.0898   11.6944
    7.5000   -7.5000   22.5000 2542.2344   11.9433
   -7.5000    0.0000   22.5000 2663.5320   11.0500
    0.0000    0.0000   22.5000 2675.5845   10.9180
    7.5000    0.0000   22.5000 2653.5037   11.1065
   -7.5000    7.5000   22.5000 2763.6838   10.5199
    0.0000    7.5000   22.5000 2780.7510   10.3958
    7.5000    7.5000   22.5000 2745.4832   10.5720
   -7.5000   15.0000   22.5000 2829.8179   10.1881
    0.0000   15.0000   22.5000 2846.0046   10.0734
    7.5000   15.0000   22.5000 2800.8296   10.2351
   -7.5000   22.5000   22.5000 2846.7070   10.1426
    0.0000   22.5000   22.5000 2866.7046   10.0375
    7.5000   22.5000   22.5000 2827.1931   10.1806
   -7.5000   30.0000   22.5000 2805.7053   10.3794
    0.0000   30.0000   22.5000 2825.7402   10.2884
    7.5000   30.0000   22.5000 2789.8491   10.4125
   -7.5000   37.5000   22.5000 2741.6453   10.8117
    0.0000   37.5000   22.5000 2750.9995   10.7157
    7.5000   37.5000   22.5000 2716.1760   10.8633
   -7.5000   45.0000   22.5000 2633.3538   11.4572
    0.0000   45.0000   22.5000 2645.3433   11.3656
    7.5000   45.0000   22.5000 2616.3267   11.5353
   -7.5000   52.5000   22.5000 2493.8157   12.2180
    0.0000   52.5000   22.5000 2507.8638   12.1031
    7.5000   52.5000   22.5000 2480.1448   12.2552
   -7.5000  -37.5000   30.0000 1949.7865   20.1196
    0.0000  -37.5000   30.0000 1963.5349   19.9395
    7.5000  -37.5000   30.0000 1953.0552   20.1482
   -7.5000  -30.0000   30.0000 2102.2529   17.3790
    0.0000  -30.0000   30.0000 2118.3501   17.1961
    7.5000  -30.0000   30.0000 2101.1313   17.4489
   -7.5000  -22.5000   30.0000 2246.3215   15.2251
    0.0000  -22.5000   30.0000 2261.5312   15.0434
    7.5000  -22.5000   30.0000 2244.0996   15.3688
   -7.5000  -15.0000   30.0000 2379.6584   13.6437
    0.0000  -15.0000   30.0000 2394.8008   13.4646
    7.5000  -15.0000   30.0000 2369.6365   13.7703
   -7.5000   -7.5000   30.0000 2494.5757   12.5104
    0.0000   -7.5000   30.0000 2513.0867   12.3468
    7.5000   -7.5000   30.0000 2487.5100   12.6150
   -7.5000    0.0000   30.0000 2605.1187   11.7156
    0.0000    0.0000   30.0000 2621.5474   11.5583
    7.5000    0.0000   30.0000 2594.2607   11.7757
   -7.5000    7.5000   30.0000 2695.2710   11.1791
    0.0000    7.5000   30.0000 2715.1311   11.0277
    7.5000    7.5000   30.0000 2675.7710   11.2237
   -7.5000   15.0000   30.0000 2748.3159   10.8515
    0.0000   15.0000   30.0000 2763.8474   10.7302
    7.5000   15.0000   30.0000 2722.6990   10.8879
   -7.5000   22.5000   30.0000 2752.4910   10.8177
    0.0000   22.5000   30.0000 2769.6035   10.7007
    7.5000   22.5000   30.0000 2734.4038   10.8399
   -7.5000   30.0000   30.0000 2712.3992   11.0380
    0.0000   30.0000   30.0000 2731.7820   10.9168
    7.5000   30.0000   30.0000 2701.8545   11.0527
   -7.5000   37.5000   30.0000 2650.5908   11.4454
    0.0000   37.5000   30.0000 2659.7881   11.3276
    7.5000   37.5000   30.0000 2630.6741   11.4800
   -7.5000   45.0000   30.0000 2557.3096   12.0749
    0.0000   45.0000   30.0000 2566.1418   11.9609
    7.5000   45.0000   30.0000 2538.2415   12.1176
   -7.5000   52.5000   30.0000 2422.7825   12.8009
    0.0000   52.5000   30.0000 2431.9272   12.6948
    7.5000   52.5000   30.0000 2407.0818   12.8633
   -7.5000  -37.5000   37.5000 1898.2650   21.4054
    0.0000  -37.5000   37.5000 1913.6401   21.2001
    7.5000  -37.5000   37.5000 1898.4650   21.4125
   -7.5000  -30.0000   37.5000 2048.5232   18.4050
    0.0000  -30.0000   37.5000 2066.3416   18.2355
    7.5000  -30.0000   37.5000 2047.0049   18.5484
   -7.5000  -22.5000   37.5000 2192.4126   16.1306
    0.0000  -22.5000   37.5000 2211.2122   15.9787
    7.5000  -22.5000   37.5000 2190.1582   16.3190
   -7.5000  -15.0000   37.5000 2322.2800   14.5174
    0.0000  -15.0000   37.5000 2338.5867   14.3575
    7.5000  -15.0000   37.5000 2311.9219   14.6662
   -7.5000   -7.5000   37.5000 2434.9050   13.3651
    0.0000   -7.5000   37.5000 2450.0513   13.1917
    7.5000   -7.5000   37.5000 2421.8638   13.4530
   -7.5000    0.0000   37.5000 2535.6360   12.5437
    0.0000    0.0000   37.5000 2552.6921   12.3740
    7.5000    0.0000   37.5000 2521.8469   12.6091
   -7.5000    7.5000   37.5000 2615.2620   11.9897
    0.0000    7.5000   37.5000 2633.8091   11.8366
    7.5000    7.5000   37.5000 2595.5581   12.0555
   -7.5000   15.0000   37.5000 2653.9900   11.6463
    0.0000   15.0000   37.5000 2669.6147   11.5365
    7.5000   15.0000   37.5000 2639.0161   11.7178
   -7.5000   22.5000   37.5000 2651.3987   11.6348
    0.0000   22.5000   37.5000 2667.1526   11.5149
    7.5000   22.5000   37.5000 2641.9243   11.6637
   -7.5000   30.0000   37.5000 2614.4854   11.8054
    0.0000   30.0000   37.5000 2628.3513   11.6952
    7.5000   30.0000   37.5000 2607.9929   11.8357
   -7.5000   37.5000   37.5000 2556.6294   12.1971
    0.0000   37.5000   37.5000 2566.5208   12.0765
    7.5000   37.5000   37.5000 2544.3357   12.2466
   -7.5000   45.0000   37.5000 2473.2981   12.7494
    0.0000   45.0000   37.5000 2486.0823   12.6470
    7.5000   45.0000   37.5000 2458.4275   12.8222
   -7.5000   52.5000   37.5000 2349.1204   13.4720
    0.0000   52.5000   37.5000 2358.0146   13.3962
    7.5000   52.5000   37.5000 2330.6089   13.5630
   -7.5000  -37.5000   45.0000 1840.3361   22.9462
    0.0000  -37.5000   45.0000 1853.0759   22.7651
    7.5000  -37.5000   45.0000 1832.7864   23.0682
   -7.5000  -30.0000   45.0000 1991.6158   19.6931
    0.0000  -30.0000   45.0000 2011.0254   19.5932
    7.5000  -30.0000   45.0000 1986.1018   19.9515
   -7.5000  -22.5000   45.0000 2131.1956   17.3255
    0.0000  -22.5000   45.0000 2149.7632   17.2092
    7.5000  -22.5000   45.0000 2124.6050   17.5442
   -7.5000  -15.0000   45.0000 2256.2676   15.6200
    0.0000  -15.0000   45.0000 2268.6406   15.4930
    7.5000  -15.0000   45.0000 2240.8896   15.7909
   -7.5000   -7.5000   45.0000 2365.8333   14.4242
    0.0000   -7.5000   45.0000 2377.3708   14.2698
    7.5000   -7.5000   45.0000 2342.5752   14.5258
   -7.5000    0.0000   45.0000 2457.1389   13.5728
    0.0000    0.0000   45.0000 2471.7473   13.3975
    7.5000    0.0000   45.0000 2434.8784   13.6582
   -7.5000    7.5000   45.0000 2522.6067   12.9743
    0.0000    7.5000   45.0000 2537.5461   12.8437
    7.5000    7.5000   45.0000 2503.5647   13.0455
   -7.5000   15.0000   45.0000 2550.8921   12.6407
    0.0000   15.0000   45.0000 2566.1794   12.5357
    7.5000   15.0000   45.0000 2540.8936   12.6954
   -7.5000   22.5000   45.0000 2546.6858   12.5929
    0.0000   22.5000   45.0000 2560.6455   12.4760
    7.5000   22.5000   45.0000 2538.4160   12.6178
   -7.5000   30.0000   45.0000 2512.4509   12.7254
    0.0000   30.0000   45.0000 2524.2424   12.6087
    7.5000   30.0000   45.0000 2505.3337   12.7601
   -7.5000   37.5000   45.0000 2454.2312   13.0822
    0.0000   37.5000   45.0000 2467.6477   12.9820
    7.5000   37.5000   45.0000 2444.4297   13.1523
   -7.5000   45.0000   45.0000 2384.6411   13.6138
    0.0000   45.0000   45.0000 2393.3323   13.5113
    7.5000   45.0000   45.0000 2368.5183   13.7031
   -7.5000   52.5000   45.0000 2266.0776   14.3399
    0.0000   52.5000   45.0000 2274.0420   14.2311
    7.5000   52.5000   45.0000 2250.0017   14.4115

---------------------------------------------------------------------
imgreg_4dfp /opt/freesurfer/average/711-2C_as_mni_average_305 /opt/freesurfer/average/711-2B_as_mni_average_305_mask talsrcimg_g11 none talsrcimg_to_711-2C_as_mni_average_305_t4 1283
---------------------------------------------------------------------

freesurfer imgreg_4dfp.c
/opt/freesurfer/average/711-2C_as_mni_average_305.4dfp.img
       256       256       256         1
  1.000000  1.000000  1.000000
orientation T byte_order littleendian
Reading image: /opt/freesurfer/average/711-2C_as_mni_average_305.4dfp.img
dimensions:      256       256       256
mmppix:       1.0000   -1.0000   -1.0000
center:     128.0000 -129.0000 -129.0000
/opt/freesurfer/average/711-2B_as_mni_average_305_mask.4dfp.img
       256       256       256         1
  1.000000  1.000000  1.000000
orientation T byte_order littleendian
Reading mask: /opt/freesurfer/average/711-2B_as_mni_average_305_mask.4dfp.img (2306576 pixels)
talsrcimg_g11.4dfp.img
       256       256       256         1
  1.000000  1.000000  1.000000
orientation T byte_order littleendian
Reading image: talsrcimg_g11.4dfp.img
dimensions:      256       256       256
mmppix:       1.0000   -1.0000   -1.0000
center:     128.0000 -129.0000 -129.0000
rotation matrix determinant  1.000000
fimgreg.f
image alignment mode   1283 decimal      503 hex
parameters
    0.0000   22.5000    0.0000    0.0000    0.0000    0.0000
eta,q 0.95557  9.13115
niter,ni,del,rscale     5    3   12.0000    1.2000
parameters
   -1.3588   21.8894   -0.9718   -2.9269    2.1336   -1.1135
eta,q 0.95813  9.08020
  0.0518  0.0507  0.0487  0.0439  0.0512  0.0435
  0.0462  0.0468  0.0447  0.0430  0.0478  0.0425
  0.0441  0.0447  0.0434  0.0429  0.0451  0.0421
  0.0452  0.0441  0.0442  0.0436  0.0429  0.0418
  0.0481  0.0458  0.0458  0.0454  0.0418  0.0423
  0.0541  0.0492  0.0483  0.0480  0.0424  0.0439
  0.0627  0.0538  0.0517  0.0508  0.0447  0.0460
niter,ni,del,rscale     4    3   12.0000    1.2000
parameters
   -2.3711   23.5156   -1.5810   -5.5882    3.3979   -1.6660
eta,q 0.96086  9.09896
  0.0507  0.0540  0.0471  0.0407  0.0486  0.0422
  0.0449  0.0473  0.0425  0.0395  0.0452  0.0404
  0.0417  0.0431  0.0399  0.0396  0.0419  0.0395
  0.0419  0.0413  0.0406  0.0401  0.0396  0.0392
  0.0454  0.0405  0.0429  0.0417  0.0393  0.0398
  0.0513  0.0417  0.0455  0.0444  0.0407  0.0414
  0.0584  0.0447  0.0488  0.0475  0.0439  0.0435
niter,ni,del,rscale     3    3   12.0000    1.2000
parameters
   -2.9713   25.0163   -1.9547   -6.9226    3.8407   -2.2721
eta,q 0.96260  9.11127
  0.0500  0.0526  0.0465  0.0414  0.0466  0.0406
  0.0431  0.0458  0.0412  0.0375  0.0429  0.0386
  0.0395  0.0409  0.0384  0.0373  0.0395  0.0376
  0.0391  0.0390  0.0385  0.0384  0.0376  0.0375
  0.0417  0.0386  0.0405  0.0396  0.0381  0.0383
  0.0472  0.0398  0.0437  0.0416  0.0408  0.0397
  0.0547  0.0433  0.0474  0.0448  0.0448  0.0419
niter,ni,del,rscale     2    3   12.0000    1.2000
parameters
   -2.9786   25.4570   -2.2778   -7.0375    3.9606   -2.4024
eta,q 0.96281  9.11298
  0.0516  0.0503  0.0457  0.0440  0.0456  0.0410
  0.0432  0.0435  0.0405  0.0388  0.0419  0.0387
  0.0384  0.0389  0.0376  0.0366  0.0387  0.0375
  0.0374  0.0374  0.0374  0.0373  0.0372  0.0372
  0.0392  0.0381  0.0395  0.0386  0.0381  0.0379
  0.0438  0.0412  0.0429  0.0403  0.0411  0.0392
  0.0511  0.0469  0.0464  0.0431  0.0453  0.0410
niter,ni,del,rscale     1    3   12.0000    1.2000
parameters
   -2.9671   25.4828   -2.3318   -7.0487    3.9993   -2.4186
eta,q 0.96283  9.11312
  0.0518  0.0487  0.0465  0.0443  0.0454  0.0412
  0.0431  0.0421  0.0411  0.0390  0.0417  0.0387
  0.0381  0.0381  0.0378  0.0366  0.0386  0.0375
  0.0372  0.0372  0.0372  0.0372  0.0372  0.0372
  0.0391  0.0383  0.0389  0.0385  0.0382  0.0378
  0.0436  0.0421  0.0423  0.0401  0.0412  0.0391
  0.0510  0.0483  0.0458  0.0430  0.0455  0.0409
registration optimization eta report
parameter search radius
    6.0000    6.0000    6.0000    6.0000    6.0000    6.0000
100000*second partial in parameter space
       40.       32.       25.       19.       22.       11.
  0.0518  0.0487  0.0465  0.0443  0.0454  0.0412
  0.0431  0.0421  0.0411  0.0390  0.0417  0.0387
  0.0381  0.0381  0.0378  0.0366  0.0386  0.0375
  0.0372  0.0372  0.0372  0.0372  0.0372  0.0372
  0.0391  0.0383  0.0389  0.0385  0.0382  0.0378
  0.0436  0.0421  0.0423  0.0401  0.0412  0.0391
  0.0510  0.0483  0.0458  0.0430  0.0455  0.0409
   -2.9671   25.4828   -2.3318   -7.0487    3.9993   -2.4186
eta,q 0.96283  9.11312

---------------------------------------------------------------------
imgreg_4dfp /opt/freesurfer/average/711-2C_as_mni_average_305 /opt/freesurfer/average/711-2B_as_mni_average_305_mask talsrcimg_g11 none talsrcimg_to_711-2C_as_mni_average_305_t4 3335
---------------------------------------------------------------------

freesurfer imgreg_4dfp.c
/opt/freesurfer/average/711-2C_as_mni_average_305.4dfp.img
       256       256       256         1
  1.000000  1.000000  1.000000
orientation T byte_order littleendian
Reading image: /opt/freesurfer/average/711-2C_as_mni_average_305.4dfp.img
dimensions:      256       256       256
mmppix:       1.0000   -1.0000   -1.0000
center:     128.0000 -129.0000 -129.0000
/opt/freesurfer/average/711-2B_as_mni_average_305_mask.4dfp.img
       256       256       256         1
  1.000000  1.000000  1.000000
orientation T byte_order littleendian
Reading mask: /opt/freesurfer/average/711-2B_as_mni_average_305_mask.4dfp.img (2306576 pixels)
talsrcimg_g11.4dfp.img
       256       256       256         1
  1.000000  1.000000  1.000000
orientation T byte_order littleendian
Reading image: talsrcimg_g11.4dfp.img
dimensions:      256       256       256
mmppix:       1.0000   -1.0000   -1.0000
center:     128.0000 -129.0000 -129.0000
fimgreg.f
image alignment mode   3335 decimal      D07 hex
parameters
   -2.9671   25.4828   -2.3318   -0.3324   -0.8803   -0.9975
    5.0432   -6.3977   -4.2097   12.5525    6.9745  -12.2414
eta,q 0.96389  9.16378
niter,ni,del,rscale     5    3    5.0000    1.2000
parameter  4  0.595151 ->  0.500000 qaram    1.1500
parameter  5  2.525490 ->  0.500000 qaram    1.1500
parameters
   -2.9942   25.4005   -2.6081   -4.4724   -5.0203   -4.0757
    3.1752   -5.7627   -3.4638   11.2643    7.5744  -11.2279
eta,q 0.96942  8.71775
  0.0389  0.0377  0.0374  0.0353  0.0287  0.0315  0.0318  0.0348  0.0329  0.0327  0.0314  0.0318
  0.0374  0.0368  0.0366  0.0352  0.0305  0.0310  0.0310  0.0327  0.0317  0.0314  0.0310  0.0312
  0.0364  0.0363  0.0361  0.0355  0.0327  0.0308  0.0307  0.0312  0.0310  0.0307  0.0307  0.0308
  0.0361  0.0361  0.0361  0.0361  0.0353  0.0311  0.0308  0.0307  0.0307  0.0307  0.0306  0.0306
  0.0365  0.0363  0.0365  0.0373  0.0380  0.0325  0.0314  0.0310  0.0308  0.0314  0.0307  0.0306
  0.0374  0.0369  0.0371  0.0395  0.0412  0.0354  0.0324  0.0320  0.0312  0.0329  0.0309  0.0309
  0.0390  0.0380  0.0381  0.0426  0.0450  0.0393  0.0336  0.0335  0.0321  0.0347  0.0312  0.0313
niter,ni,del,rscale     6    3    5.0000    1.2000
parameter  5  1.421202 ->  0.500000 qaram    1.3225
parameters
   -2.5086   25.2087   -2.5728   -4.5807   -9.7813   -4.9091
    3.4228   -5.7439   -3.3136   10.9669    6.6891  -12.1739
eta,q 0.97284  8.51749
  0.0339  0.0321  0.0317  0.0323  0.0262  0.0287  0.0294  0.0307  0.0291  0.0301  0.0277  0.0280
  0.0323  0.0310  0.0310  0.0313  0.0269  0.0280  0.0284  0.0287  0.0281  0.0284  0.0274  0.0275
  0.0312  0.0305  0.0306  0.0307  0.0284  0.0275  0.0276  0.0275  0.0275  0.0274  0.0272  0.0272
  0.0306  0.0305  0.0304  0.0304  0.0304  0.0272  0.0272  0.0272  0.0272  0.0272  0.0272  0.0272
  0.0305  0.0308  0.0306  0.0305  0.0330  0.0273  0.0274  0.0278  0.0274  0.0277  0.0274  0.0275
  0.0310  0.0315  0.0310  0.0311  0.0359  0.0282  0.0281  0.0289  0.0280  0.0289  0.0276  0.0279
  0.0320  0.0326  0.0316  0.0327  0.0393  0.0305  0.0292  0.0304  0.0290  0.0305  0.0279  0.0285
niter,ni,del,rscale     6    3    5.0000    1.2000
parameter  5  0.592385 ->  0.500000 qaram    1.5209
parameters
   -2.4192   25.4055   -2.4179   -3.8149  -15.2565   -4.7440
    3.6767   -5.5650   -2.6852   11.9873    6.1094  -12.1745
eta,q 0.97403  8.35195
  0.0299  0.0299  0.0286  0.0295  0.0266  0.0279  0.0281  0.0296  0.0279  0.0294  0.0265  0.0268
  0.0285  0.0285  0.0278  0.0283  0.0261  0.0271  0.0271  0.0277  0.0270  0.0278  0.0262  0.0264
  0.0275  0.0276  0.0274  0.0275  0.0261  0.0265  0.0264  0.0264  0.0264  0.0266  0.0260  0.0261
  0.0272  0.0272  0.0271  0.0271  0.0271  0.0261  0.0261  0.0261  0.0261  0.0260  0.0260  0.0260
  0.0274  0.0273  0.0272  0.0271  0.0292  0.0260  0.0262  0.0266  0.0261  0.0261  0.0262  0.0261
  0.0282  0.0280  0.0276  0.0276  0.0319  0.0265  0.0269  0.0276  0.0266  0.0268  0.0264  0.0264
  0.0295  0.0292  0.0283  0.0289  0.0352  0.0282  0.0279  0.0291  0.0274  0.0280  0.0267  0.0269
niter,ni,del,rscale     6    3    5.0000    1.2000
parameters
   -2.4817   25.7629   -2.1374   -3.6027  -16.9667   -4.6815
    3.6008   -5.5239   -2.3695   12.5806    5.4472  -11.7095
eta,q 0.97405  8.28547
  0.0283  0.0287  0.0274  0.0278  0.0284  0.0279  0.0278  0.0293  0.0275  0.0289  0.0265  0.0269
  0.0270  0.0273  0.0267  0.0268  0.0271  0.0271  0.0268  0.0275  0.0267  0.0274  0.0262  0.0264
  0.0262  0.0264  0.0262  0.0261  0.0262  0.0264  0.0262  0.0263  0.0262  0.0264  0.0260  0.0261
  0.0260  0.0260  0.0259  0.0259  0.0259  0.0260  0.0260  0.0260  0.0260  0.0260  0.0260  0.0260
  0.0263  0.0260  0.0260  0.0260  0.0264  0.0260  0.0262  0.0265  0.0261  0.0262  0.0261  0.0260
  0.0272  0.0265  0.0263  0.0264  0.0284  0.0266  0.0269  0.0276  0.0266  0.0269  0.0264  0.0263
  0.0286  0.0274  0.0269  0.0278  0.0314  0.0283  0.0279  0.0291  0.0273  0.0280  0.0267  0.0267
niter,ni,del,rscale     5    3    5.0000    1.2000
parameters
   -2.5348   25.9112   -2.1479   -3.9875  -17.4655   -4.9639
    3.5045   -5.4810   -2.1419   12.8919    4.9583  -11.3934
eta,q 0.97403  8.23292
  0.0283  0.0282  0.0271  0.0275  0.0289  0.0277  0.0278  0.0292  0.0274  0.0286  0.0266  0.0269
  0.0270  0.0269  0.0265  0.0266  0.0274  0.0270  0.0268  0.0275  0.0267  0.0272  0.0262  0.0264
  0.0262  0.0262  0.0261  0.0261  0.0264  0.0263  0.0262  0.0263  0.0262  0.0263  0.0260  0.0261
  0.0259  0.0259  0.0259  0.0259  0.0259  0.0260  0.0260  0.0260  0.0260  0.0260  0.0260  0.0260
  0.0263  0.0261  0.0261  0.0261  0.0261  0.0261  0.0262  0.0265  0.0261  0.0262  0.0261  0.0260
  0.0272  0.0267  0.0265  0.0267  0.0274  0.0267  0.0269  0.0276  0.0266  0.0270  0.0264  0.0263
  0.0285  0.0276  0.0272  0.0280  0.0300  0.0285  0.0279  0.0290  0.0273  0.0281  0.0267  0.0267
niter,ni,del,rscale     4    3    5.0000    1.2000
parameters
   -2.5714   26.0416   -2.2539   -4.1609  -17.7500   -5.2736
    3.4456   -5.4590   -1.9135   13.1767    4.5446  -11.2118
eta,q 0.97401  8.19953
  0.0283  0.0281  0.0271  0.0276  0.0289  0.0277  0.0278  0.0292  0.0274  0.0285  0.0266  0.0268
  0.0270  0.0269  0.0265  0.0267  0.0274  0.0269  0.0268  0.0275  0.0267  0.0272  0.0262  0.0264
  0.0262  0.0262  0.0261  0.0261  0.0264  0.0263  0.0262  0.0263  0.0262  0.0263  0.0260  0.0261
  0.0260  0.0260  0.0260  0.0260  0.0260  0.0260  0.0260  0.0260  0.0260  0.0260  0.0260  0.0260
  0.0263  0.0261  0.0261  0.0262  0.0261  0.0261  0.0262  0.0265  0.0261  0.0262  0.0261  0.0261
  0.0272  0.0267  0.0266  0.0267  0.0273  0.0267  0.0269  0.0275  0.0266  0.0269  0.0264  0.0263
  0.0285  0.0276  0.0273  0.0279  0.0297  0.0284  0.0278  0.0290  0.0273  0.0281  0.0267  0.0268
niter,ni,del,rscale     3    3    5.0000    1.2000
parameters
   -2.5937   26.1765   -2.3741   -4.3199  -18.0222   -5.5766
    3.3868   -5.4450   -1.7351   13.5174    4.2460  -11.0874
eta,q 0.97400  8.16874
  0.0284  0.0280  0.0270  0.0277  0.0289  0.0276  0.0278  0.0291  0.0274  0.0284  0.0266  0.0268
  0.0271  0.0269  0.0265  0.0267  0.0274  0.0269  0.0268  0.0274  0.0267  0.0272  0.0262  0.0264
  0.0262  0.0262  0.0261  0.0261  0.0264  0.0263  0.0262  0.0263  0.0262  0.0263  0.0260  0.0261
  0.0260  0.0260  0.0260  0.0260  0.0260  0.0260  0.0260  0.0260  0.0260  0.0260  0.0260  0.0260
  0.0263  0.0261  0.0261  0.0262  0.0262  0.0261  0.0262  0.0265  0.0261  0.0262  0.0261  0.0261
  0.0272  0.0267  0.0266  0.0267  0.0273  0.0267  0.0269  0.0275  0.0266  0.0269  0.0263  0.0264
  0.0284  0.0276  0.0273  0.0279  0.0296  0.0283  0.0278  0.0290  0.0273  0.0280  0.0266  0.0268
niter,ni,del,rscale     2    3    5.0000    1.2000
parameters
   -2.6145   26.3169   -2.5121   -4.5042  -18.3129   -5.8823
    3.3183   -5.4231   -1.6395   13.8852    4.1153  -10.9609
eta,q 0.97398  8.13662
  0.0284  0.0280  0.0270  0.0277  0.0289  0.0276  0.0278  0.0291  0.0274  0.0284  0.0266  0.0268
  0.0271  0.0269  0.0265  0.0267  0.0274  0.0269  0.0268  0.0274  0.0267  0.0272  0.0263  0.0264
  0.0263  0.0263  0.0261  0.0261  0.0264  0.0263  0.0263  0.0264  0.0262  0.0264  0.0261  0.0261
  0.0260  0.0260  0.0260  0.0260  0.0260  0.0260  0.0260  0.0260  0.0260  0.0260  0.0260  0.0260
  0.0263  0.0262  0.0262  0.0262  0.0262  0.0261  0.0263  0.0265  0.0262  0.0262  0.0261  0.0261
  0.0272  0.0267  0.0266  0.0267  0.0273  0.0267  0.0269  0.0275  0.0266  0.0269  0.0263  0.0264
  0.0284  0.0276  0.0273  0.0279  0.0295  0.0283  0.0278  0.0289  0.0274  0.0279  0.0266  0.0268
niter,ni,del,rscale     1    3    5.0000    1.2000
parameters
   -2.6308   26.4579   -2.6479   -4.7050  -18.6404   -6.1977
    3.2136   -5.3963   -1.6769   14.3106    4.2892  -10.7662
eta,q 0.97397  8.10233
  0.0284  0.0280  0.0270  0.0277  0.0289  0.0275  0.0278  0.0290  0.0274  0.0283  0.0266  0.0269
  0.0271  0.0269  0.0265  0.0267  0.0273  0.0268  0.0268  0.0274  0.0267  0.0272  0.0263  0.0264
  0.0263  0.0263  0.0261  0.0261  0.0264  0.0263  0.0263  0.0264  0.0262  0.0264  0.0261  0.0261
  0.0260  0.0260  0.0260  0.0260  0.0260  0.0260  0.0260  0.0260  0.0260  0.0260  0.0260  0.0260
  0.0263  0.0262  0.0262  0.0263  0.0263  0.0261  0.0263  0.0264  0.0262  0.0262  0.0261  0.0261
  0.0271  0.0267  0.0266  0.0268  0.0273  0.0267  0.0269  0.0274  0.0267  0.0268  0.0263  0.0264
  0.0284  0.0276  0.0273  0.0278  0.0295  0.0282  0.0278  0.0289  0.0275  0.0279  0.0265  0.0268
registration optimization eta report
parameter search radius
    2.4000    2.4000    2.4000    8.2800   10.9503    7.2000
    7.2000    7.2000    7.2000    7.2000    7.2000    7.2000
100000*second partial in parameter space
       41.       30.       19.        3.        3.        3.
        3.        5.        3.        4.        1.        2.
  0.0284  0.0280  0.0270  0.0277  0.0289  0.0275  0.0278  0.0290  0.0274  0.0283  0.0266  0.0269
  0.0271  0.0269  0.0265  0.0267  0.0273  0.0268  0.0268  0.0274  0.0267  0.0272  0.0263  0.0264
  0.0263  0.0263  0.0261  0.0261  0.0264  0.0263  0.0263  0.0264  0.0262  0.0264  0.0261  0.0261
  0.0260  0.0260  0.0260  0.0260  0.0260  0.0260  0.0260  0.0260  0.0260  0.0260  0.0260  0.0260
  0.0263  0.0262  0.0262  0.0263  0.0263  0.0261  0.0263  0.0264  0.0262  0.0262  0.0261  0.0261
  0.0271  0.0267  0.0266  0.0268  0.0273  0.0267  0.0269  0.0274  0.0267  0.0268  0.0263  0.0264
  0.0284  0.0276  0.0273  0.0278  0.0295  0.0282  0.0278  0.0289  0.0275  0.0279  0.0265  0.0268
   -2.6308   26.4579   -2.6479   -4.7050  -18.6404   -6.1977
    3.2136   -5.3963   -1.6769   14.3106    4.2892  -10.7662
eta,q 0.97397  8.10233

---------------------------------------------------------------------
imgreg_4dfp /opt/freesurfer/average/711-2C_as_mni_average_305 /opt/freesurfer/average/711-2B_as_mni_average_305_mask talsrcimg_g11 none talsrcimg_to_711-2C_as_mni_average_305_t4 2311
---------------------------------------------------------------------

freesurfer imgreg_4dfp.c
/opt/freesurfer/average/711-2C_as_mni_average_305.4dfp.img
       256       256       256         1
  1.000000  1.000000  1.000000
orientation T byte_order littleendian
Reading image: /opt/freesurfer/average/711-2C_as_mni_average_305.4dfp.img
dimensions:      256       256       256
mmppix:       1.0000   -1.0000   -1.0000
center:     128.0000 -129.0000 -129.0000
/opt/freesurfer/average/711-2B_as_mni_average_305_mask.4dfp.img
       256       256       256         1
  1.000000  1.000000  1.000000
orientation T byte_order littleendian
Reading mask: /opt/freesurfer/average/711-2B_as_mni_average_305_mask.4dfp.img (2306576 pixels)
talsrcimg_g11.4dfp.img
       256       256       256         1
  1.000000  1.000000  1.000000
orientation T byte_order littleendian
Reading image: talsrcimg_g11.4dfp.img
dimensions:      256       256       256
mmppix:       1.0000   -1.0000   -1.0000
center:     128.0000 -129.0000 -129.0000
fimgreg.f
image alignment mode   2311 decimal      907 hex
parameters
   -2.6308   26.4579   -2.6479   -4.7050  -18.6404   -6.1977
    3.2136   -5.3963   -1.6769   14.3106    4.2892  -10.7662
eta,q 0.97397  8.10232
niter,ni,del,rscale     5    3    5.0000    0.8000
parameters
   -2.6511   26.5915   -2.7381   -5.2530  -18.7393   -5.8456
    3.0732   -5.4440   -1.9527   14.7702    4.5353  -10.9444
eta,q 0.97402  8.08879
  0.0271  0.0269  0.0264  0.0265  0.0265  0.0267  0.0268  0.0273  0.0266  0.0271  0.0263  0.0263
  0.0265  0.0265  0.0262  0.0262  0.0262  0.0264  0.0264  0.0266  0.0263  0.0266  0.0261  0.0261
  0.0261  0.0262  0.0261  0.0260  0.0261  0.0261  0.0261  0.0261  0.0260  0.0262  0.0260  0.0260
  0.0260  0.0260  0.0260  0.0260  0.0260  0.0260  0.0260  0.0260  0.0260  0.0260  0.0260  0.0260
  0.0262  0.0261  0.0261  0.0262  0.0261  0.0260  0.0261  0.0262  0.0261  0.0260  0.0260  0.0260
  0.0265  0.0263  0.0263  0.0264  0.0262  0.0262  0.0264  0.0266  0.0264  0.0263  0.0261  0.0262
  0.0271  0.0267  0.0266  0.0266  0.0266  0.0266  0.0269  0.0273  0.0267  0.0268  0.0262  0.0264
niter,ni,del,rscale     4    3    5.0000    0.7000
parameters
   -2.6625   26.6809   -2.7753   -5.4789  -19.1962   -5.9999
    2.9308   -5.3853   -2.2609   15.2647    5.1761  -10.6809
eta,q 0.97406  8.05390
  0.0268  0.0267  0.0263  0.0264  0.0263  0.0264  0.0266  0.0270  0.0264  0.0268  0.0262  0.0263
  0.0263  0.0263  0.0261  0.0261  0.0261  0.0262  0.0262  0.0264  0.0262  0.0264  0.0261  0.0261
  0.0261  0.0261  0.0260  0.0260  0.0260  0.0260  0.0260  0.0261  0.0260  0.0261  0.0260  0.0260
  0.0260  0.0260  0.0260  0.0260  0.0260  0.0260  0.0260  0.0260  0.0260  0.0260  0.0259  0.0259
  0.0261  0.0260  0.0260  0.0261  0.0260  0.0260  0.0261  0.0261  0.0261  0.0260  0.0259  0.0260
  0.0264  0.0262  0.0262  0.0262  0.0262  0.0262  0.0263  0.0264  0.0263  0.0262  0.0260  0.0261
  0.0268  0.0265  0.0264  0.0264  0.0265  0.0265  0.0267  0.0269  0.0266  0.0265  0.0261  0.0262
niter,ni,del,rscale     3    3    5.0000    0.6000
parameters
   -2.6603   26.8423   -2.8792   -6.1760  -20.0393   -6.8530
    2.6043   -5.0295   -2.9005   16.1946    6.7822  -10.1438
eta,q 0.97425  7.95602
  0.0265  0.0265  0.0262  0.0262  0.0261  0.0261  0.0263  0.0267  0.0261  0.0266  0.0261  0.0261
  0.0262  0.0262  0.0260  0.0260  0.0260  0.0259  0.0260  0.0263  0.0259  0.0263  0.0260  0.0259
  0.0260  0.0260  0.0259  0.0259  0.0259  0.0259  0.0259  0.0260  0.0258  0.0260  0.0259  0.0258
  0.0259  0.0259  0.0259  0.0259  0.0259  0.0259  0.0259  0.0259  0.0258  0.0258  0.0258  0.0258
  0.0260  0.0260  0.0260  0.0260  0.0260  0.0260  0.0259  0.0259  0.0260  0.0258  0.0258  0.0258
  0.0262  0.0261  0.0261  0.0262  0.0262  0.0262  0.0262  0.0261  0.0262  0.0259  0.0258  0.0258
  0.0265  0.0263  0.0263  0.0264  0.0264  0.0264  0.0265  0.0264  0.0265  0.0261  0.0258  0.0259
niter,ni,del,rscale     2    3    5.0000    0.5000
parameter  6  0.558325 ->  0.500000 qaram    1.1500
parameters
   -2.6200   27.2448   -3.2705   -7.3326  -21.1138   -8.5780
    2.4166   -4.6952   -3.6995   17.5832    7.7029  -10.2084
eta,q 0.97467  7.81087
  0.0262  0.0263  0.0257  0.0257  0.0257  0.0256  0.0258  0.0261  0.0256  0.0262  0.0256  0.0255
  0.0260  0.0261  0.0257  0.0256  0.0256  0.0255  0.0256  0.0258  0.0255  0.0259  0.0255  0.0254
  0.0258  0.0259  0.0257  0.0256  0.0256  0.0255  0.0255  0.0256  0.0255  0.0256  0.0254  0.0254
  0.0258  0.0257  0.0257  0.0257  0.0256  0.0256  0.0255  0.0255  0.0255  0.0254  0.0253  0.0253
  0.0258  0.0257  0.0258  0.0258  0.0257  0.0257  0.0255  0.0255  0.0256  0.0254  0.0253  0.0254
  0.0259  0.0257  0.0259  0.0260  0.0259  0.0259  0.0257  0.0256  0.0258  0.0254  0.0254  0.0254
  0.0261  0.0258  0.0260  0.0262  0.0261  0.0262  0.0259  0.0259  0.0260  0.0255  0.0254  0.0255
niter,ni,del,rscale     2    3    5.0000    0.5000
parameter  2 -0.555048 -> -0.500000 qaram    1.1500
parameter  3  0.675704 ->  0.500000 qaram    1.1500
parameters
   -2.5701   27.8198   -3.8455   -7.6427  -21.6045   -9.4190
    2.5523   -4.7566   -4.0321   18.2787    7.8578  -10.9182
eta,q 0.97494  7.75753
  0.0258  0.0261  0.0252  0.0255  0.0254  0.0254  0.0255  0.0256  0.0254  0.0258  0.0253  0.0251
  0.0255  0.0257  0.0251  0.0253  0.0252  0.0252  0.0253  0.0253  0.0252  0.0255  0.0252  0.0251
  0.0254  0.0255  0.0252  0.0252  0.0251  0.0251  0.0252  0.0252  0.0251  0.0252  0.0251  0.0251
  0.0253  0.0253  0.0252  0.0251  0.0251  0.0251  0.0251  0.0251  0.0251  0.0251  0.0251  0.0251
  0.0254  0.0252  0.0253  0.0252  0.0252  0.0253  0.0251  0.0252  0.0252  0.0251  0.0251  0.0251
  0.0255  0.0252  0.0255  0.0254  0.0254  0.0255  0.0252  0.0254  0.0253  0.0252  0.0251  0.0252
  0.0257  0.0253  0.0257  0.0256  0.0256  0.0258  0.0254  0.0257  0.0256  0.0254  0.0252  0.0253
niter,ni,del,rscale     3    3    5.0000    0.6000
parameters
   -2.5683   27.9930   -4.2175   -7.6455  -21.5719   -9.8079
    2.6487   -4.8299   -4.0652   18.5431    7.9428  -11.2187
eta,q 0.97499  7.74873
  0.0257  0.0259  0.0252  0.0256  0.0255  0.0255  0.0256  0.0258  0.0256  0.0258  0.0253  0.0252
  0.0253  0.0255  0.0251  0.0253  0.0252  0.0252  0.0253  0.0253  0.0253  0.0254  0.0251  0.0251
  0.0251  0.0252  0.0250  0.0251  0.0251  0.0251  0.0251  0.0251  0.0251  0.0251  0.0250  0.0250
  0.0251  0.0251  0.0251  0.0250  0.0250  0.0250  0.0250  0.0250  0.0250  0.0250  0.0250  0.0250
  0.0251  0.0251  0.0251  0.0251  0.0251  0.0251  0.0251  0.0251  0.0251  0.0251  0.0250  0.0251
  0.0253  0.0253  0.0253  0.0253  0.0252  0.0254  0.0252  0.0254  0.0253  0.0253  0.0251  0.0251
  0.0256  0.0256  0.0256  0.0256  0.0255  0.0257  0.0255  0.0258  0.0256  0.0256  0.0252  0.0253
niter,ni,del,rscale     2    3    5.0000    0.5000
parameters
   -2.5913   28.0428   -4.3587   -7.6489  -21.5113   -9.9430
    2.6706   -4.8694   -4.0549   18.6435    7.9887  -11.3236
eta,q 0.97499  7.74773
  0.0254  0.0255  0.0252  0.0254  0.0253  0.0254  0.0254  0.0255  0.0254  0.0255  0.0252  0.0251
  0.0252  0.0253  0.0251  0.0252  0.0252  0.0252  0.0252  0.0252  0.0252  0.0253  0.0251  0.0251
  0.0251  0.0251  0.0250  0.0251  0.0250  0.0251  0.0251  0.0251  0.0251  0.0251  0.0250  0.0250
  0.0250  0.0250  0.0250  0.0250  0.0250  0.0250  0.0250  0.0250  0.0250  0.0250  0.0250  0.0250
  0.0251  0.0251  0.0251  0.0251  0.0250  0.0251  0.0250  0.0251  0.0251  0.0251  0.0250  0.0250
  0.0252  0.0252  0.0252  0.0252  0.0251  0.0252  0.0252  0.0253  0.0252  0.0252  0.0251  0.0251
  0.0254  0.0254  0.0253  0.0254  0.0253  0.0255  0.0254  0.0256  0.0254  0.0255  0.0252  0.0252
niter,ni,del,rscale     1    3    5.0000    0.4000
parameters
   -2.6007   28.0587   -4.4140   -7.6608  -21.4829   -9.9974
    2.6960   -4.8882   -4.0451   18.6858    8.0193  -11.3491
eta,q 0.97499  7.74707
  0.0253  0.0253  0.0251  0.0253  0.0252  0.0253  0.0252  0.0254  0.0253  0.0253  0.0251  0.0251
  0.0251  0.0251  0.0251  0.0251  0.0251  0.0251  0.0251  0.0252  0.0251  0.0252  0.0251  0.0250
  0.0250  0.0250  0.0250  0.0250  0.0250  0.0250  0.0250  0.0250  0.0250  0.0251  0.0250  0.0250
  0.0250  0.0250  0.0250  0.0250  0.0250  0.0250  0.0250  0.0250  0.0250  0.0250  0.0250  0.0250
  0.0250  0.0250  0.0250  0.0250  0.0250  0.0250  0.0250  0.0250  0.0250  0.0250  0.0250  0.0250
  0.0251  0.0251  0.0251  0.0251  0.0251  0.0251  0.0251  0.0252  0.0251  0.0251  0.0251  0.0250
  0.0253  0.0253  0.0252  0.0253  0.0252  0.0253  0.0252  0.0254  0.0253  0.0253  0.0251  0.0251
registration optimization eta report
parameter search radius
    0.8000    0.9200    0.9200    2.4000    2.4000    2.7600
    2.4000    2.4000    2.4000    2.4000    2.4000    2.4000
100000*second partial in parameter space
       41.       36.       17.        5.        4.        4.
        4.        6.        4.        5.        2.        2.
  0.0253  0.0253  0.0251  0.0253  0.0252  0.0253  0.0252  0.0254  0.0253  0.0253  0.0251  0.0251
  0.0251  0.0251  0.0251  0.0251  0.0251  0.0251  0.0251  0.0252  0.0251  0.0252  0.0251  0.0250
  0.0250  0.0250  0.0250  0.0250  0.0250  0.0250  0.0250  0.0250  0.0250  0.0251  0.0250  0.0250
  0.0250  0.0250  0.0250  0.0250  0.0250  0.0250  0.0250  0.0250  0.0250  0.0250  0.0250  0.0250
  0.0250  0.0250  0.0250  0.0250  0.0250  0.0250  0.0250  0.0250  0.0250  0.0250  0.0250  0.0250
  0.0251  0.0251  0.0251  0.0251  0.0251  0.0251  0.0251  0.0252  0.0251  0.0251  0.0251  0.0250
  0.0253  0.0253  0.0252  0.0253  0.0252  0.0253  0.0252  0.0254  0.0253  0.0253  0.0251  0.0251
   -2.6007   28.0587   -4.4140   -7.6608  -21.4829   -9.9974
    2.6960   -4.8882   -4.0451   18.6858    8.0193  -11.3491
eta,q 0.97499  7.74707

---------------------------------------------------------------------
imgreg_4dfp /opt/freesurfer/average/711-2C_as_mni_average_305 /opt/freesurfer/average/711-2B_as_mni_average_305_mask talsrcimg_g11 none talsrcimg_to_711-2C_as_mni_average_305_t4 2311
---------------------------------------------------------------------

freesurfer imgreg_4dfp.c
/opt/freesurfer/average/711-2C_as_mni_average_305.4dfp.img
       256       256       256         1
  1.000000  1.000000  1.000000
orientation T byte_order littleendian
Reading image: /opt/freesurfer/average/711-2C_as_mni_average_305.4dfp.img
dimensions:      256       256       256
mmppix:       1.0000   -1.0000   -1.0000
center:     128.0000 -129.0000 -129.0000
/opt/freesurfer/average/711-2B_as_mni_average_305_mask.4dfp.img
       256       256       256         1
  1.000000  1.000000  1.000000
orientation T byte_order littleendian
Reading mask: /opt/freesurfer/average/711-2B_as_mni_average_305_mask.4dfp.img (2306576 pixels)
talsrcimg_g11.4dfp.img
       256       256       256         1
  1.000000  1.000000  1.000000
orientation T byte_order littleendian
Reading image: talsrcimg_g11.4dfp.img
dimensions:      256       256       256
mmppix:       1.0000   -1.0000   -1.0000
center:     128.0000 -129.0000 -129.0000
fimgreg.f
image alignment mode   2311 decimal      907 hex
parameters
   -2.6007   28.0587   -4.4140   -7.6608  -21.4829   -9.9974
    2.6960   -4.8882   -4.0451   18.6858    8.0193  -11.3491
eta,q 0.97499  7.74707
niter,ni,del,rscale     5    3    5.0000    0.8000
parameters
   -2.5903   28.0790   -4.4339   -7.5727  -21.5705   -9.9897
    2.7076   -4.9293   -4.0598   18.6779    8.0158  -11.2960
eta,q 0.97499  7.74692
  0.0261  0.0259  0.0254  0.0260  0.0258  0.0258  0.0259  0.0263  0.0260  0.0262  0.0254  0.0254
  0.0255  0.0254  0.0252  0.0255  0.0254  0.0254  0.0254  0.0256  0.0255  0.0256  0.0252  0.0252
  0.0251  0.0251  0.0251  0.0251  0.0251  0.0251  0.0251  0.0252  0.0251  0.0252  0.0251  0.0250
  0.0250  0.0250  0.0250  0.0250  0.0250  0.0250  0.0250  0.0250  0.0250  0.0250  0.0250  0.0250
  0.0251  0.0251  0.0251  0.0251  0.0251  0.0251  0.0251  0.0252  0.0251  0.0251  0.0251  0.0251
  0.0255  0.0254  0.0252  0.0255  0.0254  0.0254  0.0254  0.0256  0.0255  0.0256  0.0252  0.0252
  0.0260  0.0259  0.0255  0.0259  0.0259  0.0258  0.0259  0.0264  0.0260  0.0262  0.0254  0.0254
niter,ni,del,rscale     4    3    5.0000    0.7000
parameters
   -2.5984   28.0694   -4.4193   -7.5914  -21.5352   -9.9896
    2.7111   -4.9216   -4.0606   18.6687    8.0155  -11.3117
eta,q 0.97499  7.74766
  0.0258  0.0257  0.0254  0.0258  0.0257  0.0256  0.0257  0.0261  0.0258  0.0259  0.0253  0.0253
  0.0254  0.0253  0.0252  0.0254  0.0253  0.0253  0.0253  0.0255  0.0254  0.0254  0.0252  0.0251
  0.0251  0.0251  0.0250  0.0251  0.0251  0.0251  0.0251  0.0251  0.0251  0.0251  0.0250  0.0250
  0.0250  0.0250  0.0250  0.0250  0.0250  0.0250  0.0250  0.0250  0.0250  0.0250  0.0250  0.0250
  0.0251  0.0251  0.0250  0.0251  0.0251  0.0251  0.0251  0.0251  0.0251  0.0251  0.0250  0.0250
  0.0254  0.0253  0.0252  0.0254  0.0253  0.0253  0.0253  0.0255  0.0254  0.0254  0.0252  0.0251
  0.0258  0.0257  0.0253  0.0258  0.0256  0.0256  0.0257  0.0261  0.0258  0.0259  0.0253  0.0253
niter,ni,del,rscale     3    3    5.0000    0.6000
parameters
   -2.6019   28.0635   -4.4286   -7.6193  -21.5083  -10.0186
    2.7042   -4.9148   -4.0581   18.6742    8.0185  -11.3386
eta,q 0.97499  7.74690
  0.0256  0.0255  0.0253  0.0256  0.0255  0.0255  0.0255  0.0258  0.0256  0.0257  0.0253  0.0252
  0.0253  0.0252  0.0251  0.0253  0.0252  0.0252  0.0252  0.0254  0.0253  0.0253  0.0251  0.0251
  0.0251  0.0251  0.0250  0.0251  0.0251  0.0251  0.0251  0.0251  0.0251  0.0251  0.0250  0.0250
  0.0250  0.0250  0.0250  0.0250  0.0250  0.0250  0.0250  0.0250  0.0250  0.0250  0.0250  0.0250
  0.0251  0.0251  0.0250  0.0251  0.0251  0.0251  0.0251  0.0251  0.0251  0.0251  0.0250  0.0250
  0.0253  0.0252  0.0251  0.0253  0.0252  0.0252  0.0252  0.0254  0.0253  0.0253  0.0251  0.0251
  0.0256  0.0255  0.0253  0.0256  0.0255  0.0255  0.0255  0.0258  0.0256  0.0257  0.0253  0.0252
registration optimization eta report
parameter search radius
    1.2000    1.2000    1.2000    3.6000    3.6000    3.6000
    3.6000    3.6000    3.6000    3.6000    3.6000    3.6000
100000*second partial in parameter space
       41.       35.       17.        4.        4.        3.
        4.        6.        4.        5.        2.        2.
  0.0256  0.0255  0.0253  0.0256  0.0255  0.0255  0.0255  0.0258  0.0256  0.0257  0.0253  0.0252
  0.0253  0.0252  0.0251  0.0253  0.0252  0.0252  0.0252  0.0254  0.0253  0.0253  0.0251  0.0251
  0.0251  0.0251  0.0250  0.0251  0.0251  0.0251  0.0251  0.0251  0.0251  0.0251  0.0250  0.0250
  0.0250  0.0250  0.0250  0.0250  0.0250  0.0250  0.0250  0.0250  0.0250  0.0250  0.0250  0.0250
  0.0251  0.0251  0.0250  0.0251  0.0251  0.0251  0.0251  0.0251  0.0251  0.0251  0.0250  0.0250
  0.0253  0.0252  0.0251  0.0253  0.0252  0.0252  0.0252  0.0254  0.0253  0.0253  0.0251  0.0251
  0.0256  0.0255  0.0253  0.0256  0.0255  0.0255  0.0255  0.0258  0.0256  0.0257  0.0253  0.0252
   -2.6019   28.0635   -4.4286   -7.6193  -21.5083  -10.0186
    2.7042   -4.9148   -4.0581   18.6742    8.0185  -11.3386
eta,q 0.97499  7.74690

---------------------------------------------------------------------
compute_vox2vox talsrcimg talsrcimg_to_711-2C_as_mni_average_305_t4 /opt/freesurfer/average/711-2C_as_mni_average_305
---------------------------------------------------------------------

freesurfer compute_vox2vox.c
Reading: talsrcimg.4dfp.ifh
Reading: talsrcimg_to_711-2C_as_mni_average_305_t4
Reading: /opt/freesurfer/average/711-2C_as_mni_average_305.4dfp.ifh
Writing: talsrcimg_to_711-2C_as_mni_average_305_t4_vox2vox.txt

start time Mon Mar 9 02:58:45 CET 2026
end		time Mon Mar 9 02:58:59 CET 2026

mpr2mni305 success

avi2talxfm orig_nu.mgz /opt/freesurfer/average/mni305.cor.mgz talsrcimg_to_711-2C_as_mni_average_305_t4_vox2vox.txt transforms/talairach.auto.xfm
avi2talxfm done
mv -f /out/sourcedata/freesurfer/sub-v1s17x0051138_ses-1/mri/talsrcimg_to_711-2C_as_mni_average_305_t4_vox2vox.txt /out/sourcedata/freesurfer/sub-v1s17x0051138_ses-1/mri/transforms/talsrcimg_to_711-2C_as_mni_average_305_t4_vox2vox.txt
lta_convert --src orig_nu.mgz --trg /opt/freesurfer/average/mni305.cor.mgz --inxfm transforms/talairach.auto.xfm --outlta transforms/talairach.auto.xfm.lta --subject fsaverage
7.3.2

--src: orig_nu.mgz src image (geometry).
--trg: /opt/freesurfer/average/mni305.cor.mgz trg image (geometry).
--inmni: transforms/talairach.auto.xfm input MNI/XFM transform.
--outlta: transforms/talairach.auto.xfm.lta output LTA.
--s: fsaverage subject name
 LTA read, type : 1
 1.07566   0.06451  -0.02774   0.79813;
-0.08626   1.07382   0.15809   0.50742;
 0.07614  -0.25214   1.23497  -4.73634;
 0.00000   0.00000   0.00000   1.00000;
setting subject to fsaverage
Writing  LTA to file transforms/talairach.auto.xfm.lta...
lta_convert successful.
 
 
Started at Mon Mar 9 02:58:45 CET 2026
Ended   at Mon Mar  9 02:59:00 CET 2026
talairach_avi done
