status file for recon-all
Mon Mar  9 02:41:23 CET 2026
#@# MotionCor Mon Mar  9 02:41:25 CET 2026
#@# Talairach Mon Mar  9 02:41:33 CET 2026
#@# Talairach Failure Detection Mon Mar  9 02:46:00 CET 2026
#@# Nu Intensity Correction Mon Mar  9 02:46:00 CET 2026
#@# Intensity Normalization Mon Mar  9 02:49:17 CET 2026
recon-all -s sub-v1s17x0050269_ses-1 finished without error at Mon Mar  9 02:50:55 CET 2026



#New# invocation of recon-all 



status file for recon-all
Mon Mar  9 02:58:29 CET 2026
#@# EM Registration Mon Mar  9 02:58:29 CET 2026
recon-all -s sub-v1s17x0050269_ses-1 finished without error at Mon Mar  9 03:00:37 CET 2026



#New# invocation of recon-all 



status file for recon-all
Mon Mar  9 03:00:39 CET 2026
#@# CA Normalize Mon Mar  9 03:00:39 CET 2026
#@# CA Reg Mon Mar  9 03:02:03 CET 2026
#@# SubCort Seg Mon Mar  9 03:53:42 CET 2026
#@# CC Seg Mon Mar  9 04:21:14 CET 2026
#@# Merge ASeg Mon Mar  9 04:21:51 CET 2026
#@# Intensity Normalization2 Mon Mar  9 04:21:51 CET 2026
#@# Mask BFS Mon Mar  9 04:24:07 CET 2026
#@# WM Segmentation Mon Mar  9 04:24:08 CET 2026
#@# Fill Mon Mar  9 04:26:07 CET 2026
recon-all -s sub-v1s17x0050269_ses-1 finished without error at Mon Mar  9 04:27:12 CET 2026



#New# invocation of recon-all 



status file for recon-all
Mon Mar  9 05:15:10 CET 2026
#@# white curv lh Mon Mar  9 05:15:10 CET 2026
#@# white area lh Mon Mar  9 05:15:10 CET 2026
#@# pial curv lh Mon Mar  9 05:15:10 CET 2026
#@# pial area lh Mon Mar  9 05:15:10 CET 2026
#@# thickness lh Mon Mar  9 05:15:10 CET 2026
#@# area and vertex vol lh Mon Mar  9 05:15:10 CET 2026
#@# white curv rh Mon Mar  9 05:15:10 CET 2026
#@# white area rh Mon Mar  9 05:15:10 CET 2026
#@# pial curv rh Mon Mar  9 05:15:10 CET 2026
#@# pial area rh Mon Mar  9 05:15:10 CET 2026
#@# thickness rh Mon Mar  9 05:15:10 CET 2026
#@# area and vertex vol rh Mon Mar  9 05:15:10 CET 2026
#@# Cortical ribbon mask Mon Mar  9 05:15:10 CET 2026
recon-all -s sub-v1s17x0050269_ses-1 finished without error at Mon Mar  9 05:18:56 CET 2026



#New# invocation of recon-all 



status file for recon-all
Mon Mar  9 05:25:46 CET 2026
#@# white curv lh Mon Mar  9 05:25:46 CET 2026
#@# white area lh Mon Mar  9 05:25:46 CET 2026
#@# pial curv lh Mon Mar  9 05:25:46 CET 2026
#@# pial area lh Mon Mar  9 05:25:46 CET 2026
#@# thickness lh Mon Mar  9 05:25:46 CET 2026
#@# area and vertex vol lh Mon Mar  9 05:25:46 CET 2026
#@# white curv rh Mon Mar  9 05:25:46 CET 2026
#@# white area rh Mon Mar  9 05:25:46 CET 2026
#@# pial curv rh Mon Mar  9 05:25:46 CET 2026
#@# pial area rh Mon Mar  9 05:25:46 CET 2026
#@# thickness rh Mon Mar  9 05:25:46 CET 2026
#@# area and vertex vol rh Mon Mar  9 05:25:46 CET 2026
#@# Curvature Stats lh Mon Mar  9 05:25:46 CET 2026
#@# Curvature Stats rh Mon Mar  9 05:25:49 CET 2026
#@# Relabel Hypointensities Mon Mar  9 05:25:51 CET 2026
#@# APas-to-ASeg Mon Mar  9 05:26:07 CET 2026
#@# AParc-to-ASeg aparc Mon Mar  9 05:26:16 CET 2026
#@# AParc-to-ASeg aparc.a2009s Mon Mar  9 05:26:55 CET 2026
#@# AParc-to-ASeg aparc.DKTatlas Mon Mar  9 05:27:31 CET 2026
#@# WMParc Mon Mar  9 05:28:11 CET 2026
#@# ASeg Stats Mon Mar  9 05:32:35 CET 2026
recon-all -s sub-v1s17x0050269_ses-1 finished without error at Mon Mar  9 05:33:17 CET 2026
