/out/sourcedata/freesurfer/sub-v1s17x0050266_ses-1/mri
/opt/freesurfer/bin/talairach_avi
--i orig_nu.mgz --xfm transforms/talairach.auto.xfm
talairach_avi 7.3.2
Linux dna056 5.14.0-427.37.1.el9_4.x86_64 #1 SMP PREEMPT_DYNAMIC Fri Sep 13 12:41:50 EDT 2024 x86_64 x86_64 x86_64 GNU/Linux
Mon Mar  9 02:38:46 CET 2026
mri_convert orig_nu.mgz talsrcimg.img 
reading from orig_nu.mgz...
TR=0.00, TE=0.00, TI=0.00, flip angle=0.00
i_ras = (-1, 2.56114e-09, -7.45058e-09)
j_ras = (-7.45058e-09, -9.31323e-10, -1)
k_ras = (1.16415e-09, 1, 0)
writing to talsrcimg.img...
Analyze Output Matrix
-1.00000  -0.00000   0.00000   131.09999;
 0.00000  -0.00000   1.00000  -123.08197;
-0.00000  -1.00000   0.00000   102.55267;
 0.00000   0.00000   0.00000   1.00000;
--------------------
INFO: set hdr.hist.orient to -1
mpr2mni305 talsrcimg
Mon Mar  9 02:38:47 CET 2026
/opt/freesurfer/bin/mpr2mni305 talsrcimg
mpr2mni305 7.3.2
target=711-2C_as_mni_average_305

---------------------------------------------------------------------
analyzeto4dfp talsrcimg -O0 -y
---------------------------------------------------------------------

freesurfer ifh2hdr.c
Mon Mar  9 02:38:47 2026
Writing: talsrcimg.4dfp.hdr
freesurfer analyzeto4dfp.c
Reading: talsrcimg.hdr
header size 348 bytes
hdr.dime.datatype	offset=70	value=2
hdr.dime.bitpix		offset=72	value=8
hdr.hist.orient		offset=252	value=-1
dimensionality     4
dimensions       256       256       256         1
Reading: talsrcimg.img
Writing: talsrcimg.4dfp.img
Writing: talsrcimg.4dfp.ifh
ifh2hdr talsrcimg -r0to248
ori=2

---------------------------------------------------------------------
gauss_4dfp talsrcimg 1.1
---------------------------------------------------------------------

freesurfer gauss_4dfp.c
Reading: talsrcimg.4dfp.img
Writing: talsrcimg_g11.4dfp.img
image dimensions 256 256 256 padded to 288 288 288
processing volume 1freesurfer ifh2hdr.c
Mon Mar  9 02:38:49 2026
Writing: talsrcimg_g11.4dfp.hdr

Writing: talsrcimg_g11.4dfp.ifh
including: talsrcimg.4dfp.img.rec in talsrcimg_g11.4dfp.img.rec

---------------------------------------------------------------------
imgreg_4dfp /opt/freesurfer/average/711-2C_as_mni_average_305 none talsrcimg_g11 none talsrcimg_to_711-2C_as_mni_average_305_t4 4355
---------------------------------------------------------------------

freesurfer imgreg_4dfp.c
/opt/freesurfer/average/711-2C_as_mni_average_305.4dfp.img
       256       256       256         1
  1.000000  1.000000  1.000000
orientation T byte_order littleendian
Reading image: /opt/freesurfer/average/711-2C_as_mni_average_305.4dfp.img
dimensions:      256       256       256
mmppix:       1.0000   -1.0000   -1.0000
center:     128.0000 -129.0000 -129.0000
talsrcimg_g11.4dfp.img
       256       256       256         1
  1.000000  1.000000  1.000000
orientation T byte_order littleendian
Reading image: talsrcimg_g11.4dfp.img
dimensions:      256       256       256
mmppix:       1.0000   -1.0000   -1.0000
center:     128.0000 -129.0000 -129.0000
t4_read: open error in t4_sub.f l:  41 t4_file(1:l)talsrcimg_to_711-2C_as_mni_average_305_t4 
t4_read: transform initialized to I4
rotation matrix determinant  1.000000
image alignment mode   4355 decimal     1103 hex
   -7.5000  -45.0000  -45.0000 6483.0000   15.0527
    0.0000  -45.0000  -45.0000 6710.7783   15.0559
    7.5000  -45.0000  -45.0000 6368.2681   15.0468
   -7.5000  -37.5000  -45.0000 7168.8574   14.7025
    0.0000  -37.5000  -45.0000 7412.7759   14.7097
    7.5000  -37.5000  -45.0000 7044.4927   14.7026
   -7.5000  -30.0000  -45.0000 8220.1895   14.4686
    0.0000  -30.0000  -45.0000 8490.1807   14.4790
    7.5000  -30.0000  -45.0000 8055.2051   14.4812
   -7.5000  -22.5000  -45.0000 9343.0049   14.3149
    0.0000  -22.5000  -45.0000 9654.5420   14.3215
    7.5000  -22.5000  -45.0000 9132.4248   14.3289
   -7.5000  -15.0000  -45.000010447.9756   14.2690
    0.0000  -15.0000  -45.000010799.6816   14.2698
    7.5000  -15.0000  -45.000010217.9502   14.2735
   -7.5000   -7.5000  -45.000011514.8457   14.2746
    0.0000   -7.5000  -45.000011892.1719   14.2737
    7.5000   -7.5000  -45.000011265.6348   14.2694
   -7.5000    0.0000  -45.000012511.3828   14.3022
    0.0000    0.0000  -45.000012925.5625   14.3045
    7.5000    0.0000  -45.000012246.8486   14.2960
   -7.5000    7.5000  -45.000012458.0732   14.3249
    0.0000    7.5000  -45.000012883.6709   14.3323
    7.5000    7.5000  -45.000012242.0039   14.3268
   -7.5000   15.0000  -45.000012211.3096   14.3223
    0.0000   15.0000  -45.000012643.7842   14.3323
    7.5000   15.0000  -45.000012024.9629   14.3348
   -7.5000   22.5000  -45.000011960.1328   14.2920
    0.0000   22.5000  -45.000012366.2559   14.2986
    7.5000   22.5000  -45.000011751.3838   14.3059
   -7.5000   30.0000  -45.000011657.6191   14.0788
    0.0000   30.0000  -45.000012055.5771   14.0796
    7.5000   30.0000  -45.000011456.8096   14.0832
   -7.5000   37.5000  -45.000011614.0527   14.0844
    0.0000   37.5000  -45.000012003.3447   14.0835
    7.5000   37.5000  -45.000011438.5703   14.0793
   -7.5000   45.0000  -45.000011020.5742   13.7533
    0.0000   45.0000  -45.000011389.2559   13.7555
    7.5000   45.0000  -45.000010850.6084   13.7473
   -7.5000  -45.0000  -37.5000 6769.8013   15.0550
    0.0000  -45.0000  -37.5000 6986.3789   15.0601
    7.5000  -45.0000  -37.5000 6639.3164   15.0488
   -7.5000  -37.5000  -37.5000 7513.7285   14.6986
    0.0000  -37.5000  -37.5000 7747.4414   14.7050
    7.5000  -37.5000  -37.5000 7362.5254   14.6935
   -7.5000  -30.0000  -37.5000 8625.5410   14.4683
    0.0000  -30.0000  -37.5000 8905.3535   14.4783
    7.5000  -30.0000  -37.5000 8440.6338   14.4766
   -7.5000  -22.5000  -37.5000 9788.1670   14.3238
    0.0000  -22.5000  -37.500010130.8281   14.3341
    7.5000  -22.5000  -37.5000 9578.2949   14.3402
   -7.5000  -15.0000  -37.500010935.6328   14.2840
    0.0000  -15.0000  -37.500011315.8936   14.2918
    7.5000  -15.0000  -37.500010700.8691   14.2964
   -7.5000   -7.5000  -37.500012019.1055   14.2851
    0.0000   -7.5000  -37.500012441.2754   14.2897
    7.5000   -7.5000  -37.500011775.4053   14.2858
   -7.5000    0.0000  -37.500013031.1826   14.3033
    0.0000    0.0000  -37.500013483.8496   14.3073
    7.5000    0.0000  -37.500012771.5195   14.2967
   -7.5000    7.5000  -37.500012960.3418   14.3213
    0.0000    7.5000  -37.500013425.8135   14.3278
    7.5000    7.5000  -37.500012741.0918   14.3182
   -7.5000   15.0000  -37.500012708.2676   14.3220
    0.0000   15.0000  -37.500013156.9062   14.3316
    7.5000   15.0000  -37.500012490.0273   14.3302
   -7.5000   22.5000  -37.500012443.3672   14.3010
    0.0000   22.5000  -37.500012873.6445   14.3112
    7.5000   22.5000  -37.500012189.5547   14.3173
   -7.5000   30.0000  -37.500012119.9180   14.0936
    0.0000   30.0000  -37.500012567.5381   14.1013
    7.5000   30.0000  -37.500011898.3555   14.1058
   -7.5000   37.5000  -37.500012083.4287   14.0947
    0.0000   37.5000  -37.500012525.4111   14.0992
    7.5000   37.5000  -37.500011888.8350   14.0955
   -7.5000   45.0000  -37.500011416.0146   13.7543
    0.0000   45.0000  -37.500011825.2393   13.7582
    7.5000   45.0000  -37.500011258.3506   13.7480
   -7.5000  -45.0000  -30.0000 7157.6001   15.7037
    0.0000  -45.0000  -30.0000 7385.8750   15.7115
    7.5000  -45.0000  -30.0000 7010.9282   15.6986
   -7.5000  -37.5000  -30.0000 7949.1992   15.3177
    0.0000  -37.5000  -30.0000 8214.5127   15.3263
    7.5000  -37.5000  -30.0000 7777.4487   15.3133
   -7.5000  -30.0000  -30.0000 9108.6377   15.0764
    0.0000  -30.0000  -30.0000 9426.4141   15.0905
    7.5000  -30.0000  -30.0000 8927.7549   15.0889
   -7.5000  -22.5000  -30.000010333.6963   14.9383
    0.0000  -22.5000  -30.000010699.9941   14.9553
    7.5000  -22.5000  -30.000010120.4062   14.9625
   -7.5000  -15.0000  -30.000011522.8057   14.9102
    0.0000  -15.0000  -30.000011933.9844   14.9250
    7.5000  -15.0000  -30.000011324.6377   14.9307
   -7.5000   -7.5000  -30.000012657.8086   14.9107
    0.0000   -7.5000  -30.000013106.8711   14.9201
    7.5000   -7.5000  -30.000012431.7227   14.9157
   -7.5000    0.0000  -30.000013714.4297   14.9178
    0.0000    0.0000  -30.000014205.1689   14.9242
    7.5000    0.0000  -30.000013445.6562   14.9116
   -7.5000    7.5000  -30.000013649.8955   14.9247
    0.0000    7.5000  -30.000014143.3389   14.9332
    7.5000    7.5000  -30.000013380.8262   14.9221
   -7.5000   15.0000  -30.000013348.5811   14.9241
    0.0000   15.0000  -30.000013820.4932   14.9378
    7.5000   15.0000  -30.000013093.1963   14.9364
   -7.5000   22.5000  -30.000013036.4258   14.9131
    0.0000   22.5000  -30.000013519.6035   14.9300
    7.5000   22.5000  -30.000012789.2500   14.9372
   -7.5000   30.0000  -30.000012705.7188   14.7129
    0.0000   30.0000  -30.000013214.5322   14.7275
    7.5000   30.0000  -30.000012490.0049   14.7331
   -7.5000   37.5000  -30.000012691.7549   14.7134
    0.0000   37.5000  -30.000013206.7666   14.7227
    7.5000   37.5000  -30.000012502.8848   14.7184
   -7.5000   45.0000  -30.000011986.7627   14.3558
    0.0000   45.0000  -30.000012477.9580   14.3619
    7.5000   45.0000  -30.000011851.4111   14.3499
   -7.5000  -45.0000  -22.5000 7498.4399   16.2569
    0.0000  -45.0000  -22.5000 7754.2178   16.2659
    7.5000  -45.0000  -22.5000 7357.5732   16.2548
   -7.5000  -37.5000  -22.5000 8336.0479   15.8494
    0.0000  -37.5000  -22.5000 8611.6143   15.8623
    7.5000  -37.5000  -22.5000 8178.4053   15.8540
   -7.5000  -30.0000  -22.5000 9547.8799   15.5956
    0.0000  -30.0000  -22.5000 9880.0918   15.6150
    7.5000  -30.0000  -22.5000 9377.5850   15.6186
   -7.5000  -22.5000  -22.500010829.7051   15.4566
    0.0000  -22.5000  -22.500011205.2188   15.4761
    7.5000  -22.5000  -22.500010619.5635   15.4859
   -7.5000  -15.0000  -22.500012077.7510   15.4345
    0.0000  -15.0000  -22.500012511.6748   15.4483
    7.5000  -15.0000  -22.500011866.5410   15.4534
   -7.5000   -7.5000  -22.500013246.3721   15.4386
    0.0000   -7.5000  -22.500013741.4590   15.4465
    7.5000   -7.5000  -22.500013013.3281   15.4409
   -7.5000    0.0000  -22.500014326.7422   15.4427
    0.0000    0.0000  -22.500014862.0000   15.4498
    7.5000    0.0000  -22.500014039.2461   15.4386
   -7.5000    7.5000  -22.500014304.1250   15.4425
    0.0000    7.5000  -22.500014824.2100   15.4550
    7.5000    7.5000  -22.500013984.8340   15.4485
   -7.5000   15.0000  -22.500014001.8008   15.4383
    0.0000   15.0000  -22.500014514.7617   15.4572
    7.5000   15.0000  -22.500013717.6729   15.4609
   -7.5000   22.5000  -22.500013608.7734   15.4296
    0.0000   22.5000  -22.500014178.9619   15.4490
    7.5000   22.5000  -22.500013388.3984   15.4587
   -7.5000   30.0000  -22.500013259.6963   15.2325
    0.0000   30.0000  -22.500013866.8125   15.2462
    7.5000   30.0000  -22.500013050.4902   15.2512
   -7.5000   37.5000  -22.500013241.8369   15.2366
    0.0000   37.5000  -22.500013867.7900   15.2445
    7.5000   37.5000  -22.500013064.4619   15.2389
   -7.5000   45.0000  -22.500012536.7764   14.8721
    0.0000   45.0000  -22.500013104.5381   14.8790
    7.5000   45.0000  -22.500012365.9707   14.8682
   -7.5000  -45.0000  -15.0000 7773.8169   16.6446
    0.0000  -45.0000  -15.0000 8058.1079   16.6516
    7.5000  -45.0000  -15.0000 7645.2939   16.6425
   -7.5000  -37.5000  -15.0000 8679.4170   16.2344
    0.0000  -37.5000  -15.0000 8990.1104   16.2484
    7.5000  -37.5000  -15.0000 8543.7227   16.2448
   -7.5000  -30.0000  -15.0000 9963.0088   15.9719
    0.0000  -30.0000  -15.000010323.9238   15.9922
    7.5000  -30.0000  -15.0000 9804.7695   15.9998
   -7.5000  -22.5000  -15.000011312.7949   15.8204
    0.0000  -22.5000  -15.000011696.3418   15.8362
    7.5000  -22.5000  -15.000011098.6553   15.8471
   -7.5000  -15.0000  -15.000012584.8369   15.7907
    0.0000  -15.0000  -15.000013022.7725   15.7970
    7.5000  -15.0000  -15.000012358.4131   15.8005
   -7.5000   -7.5000  -15.000013740.7529   15.7988
    0.0000   -7.5000  -15.000014246.1680   15.8005
    7.5000   -7.5000  -15.000013521.7256   15.7938
   -7.5000    0.0000  -15.000014840.6211   15.8120
    0.0000    0.0000  -15.000015346.4512   15.8172
    7.5000    0.0000  -15.000014578.5312   15.8079
   -7.5000    7.5000  -15.000014922.6104   15.8171
    0.0000    7.5000  -15.000015385.0908   15.8309
    7.5000    7.5000  -15.000014567.3057   15.8288
   -7.5000   15.0000  -15.000014766.1855   15.8108
    0.0000   15.0000  -15.000015328.2119   15.8305
    7.5000   15.0000  -15.000014393.9854   15.8383
   -7.5000   22.5000  -15.000014353.7812   15.7920
    0.0000   22.5000  -15.000015044.2979   15.8076
    7.5000   22.5000  -15.000014077.9619   15.8185
   -7.5000   30.0000  -15.000013909.4209   15.5863
    0.0000   30.0000  -15.000014604.9834   15.5925
    7.5000   30.0000  -15.000013675.1836   15.5959
   -7.5000   37.5000  -15.000013882.9678   15.5943
    0.0000   37.5000  -15.000014523.5439   15.5961
    7.5000   37.5000  -15.000013622.1094   15.5894
   -7.5000   45.0000  -15.000013128.8799   15.2369
    0.0000   45.0000  -15.000013684.4570   15.2419
    7.5000   45.0000  -15.000012878.6250   15.2330
   -7.5000  -45.0000   -7.5000 8031.1782   16.8238
    0.0000  -45.0000   -7.5000 8313.1865   16.8278
    7.5000  -45.0000   -7.5000 7892.6411   16.8187
   -7.5000  -37.5000   -7.5000 9022.6230   16.4241
    0.0000  -37.5000   -7.5000 9350.9629   16.4353
    7.5000  -37.5000   -7.5000 8879.8906   16.4311
   -7.5000  -30.0000   -7.500010375.0811   16.1589
    0.0000  -30.0000   -7.500010766.7432   16.1749
    7.5000  -30.0000   -7.500010218.7686   16.1816
   -7.5000  -22.5000   -7.500011755.5381   15.9913
    0.0000  -22.5000   -7.500012195.1191   16.0012
    7.5000  -22.5000   -7.500011559.5674   16.0113
   -7.5000  -15.0000   -7.500013043.1846   15.9473
    0.0000  -15.0000   -7.500013518.5186   15.9476
    7.5000  -15.0000   -7.500012849.0439   15.9507
   -7.5000   -7.5000   -7.500014251.8252   15.9569
    0.0000   -7.5000   -7.500014779.0078   15.9544
    7.5000   -7.5000   -7.500014042.8496   15.9480
   -7.5000    0.0000   -7.500015437.2881   15.9840
    0.0000    0.0000   -7.500015965.0801   15.9867
    7.5000    0.0000   -7.500015190.6182   15.9778
   -7.5000    7.5000   -7.500015590.7178   16.0020
    0.0000    7.5000   -7.500016091.3975   16.0131
    7.5000    7.5000   -7.500015220.7178   16.0106
   -7.5000   15.0000   -7.500015611.4561   15.9957
    0.0000   15.0000   -7.500016105.6465   16.0112
    7.5000   15.0000   -7.500015058.0781   16.0181
   -7.5000   22.5000   -7.500015307.7373   15.9607
    0.0000   22.5000   -7.500015749.3516   15.9704
    7.5000   22.5000   -7.500014712.4590   15.9805
   -7.5000   30.0000   -7.500014766.4707   15.7404
    0.0000   30.0000   -7.500015218.9287   15.7407
    7.5000   30.0000   -7.500014246.2842   15.7438
   -7.5000   37.5000   -7.500014625.8848   15.7500
    0.0000   37.5000   -7.500015113.7939   15.7475
    7.5000   37.5000   -7.500014180.9609   15.7412
   -7.5000   45.0000   -7.500013733.9648   15.4056
    0.0000   45.0000   -7.500014225.7119   15.4081
    7.5000   45.0000   -7.500013382.6426   15.3996
   -7.5000  -45.0000    0.0000 8231.8740   16.8443
    0.0000  -45.0000    0.0000 8524.8652   16.8480
    7.5000  -45.0000    0.0000 8085.3555   16.8378
   -7.5000  -37.5000    0.0000 9273.1309   16.4525
    0.0000  -37.5000    0.0000 9653.0498   16.4606
    7.5000  -37.5000    0.0000 9128.4541   16.4526
   -7.5000  -30.0000    0.000010698.2832   16.1908
    0.0000  -30.0000    0.000011124.5908   16.2023
    7.5000  -30.0000    0.000010533.1094   16.2048
   -7.5000  -22.5000    0.000012112.8848   16.0187
    0.0000  -22.5000    0.000012578.3203   16.0261
    7.5000  -22.5000    0.000011937.0996   16.0344
   -7.5000  -15.0000    0.000013441.1562   15.9674
    0.0000  -15.0000    0.000013936.0566   15.9683
    7.5000  -15.0000    0.000013267.5840   15.9724
   -7.5000   -7.5000    0.000014717.6377   15.9737
    0.0000   -7.5000    0.000015241.0234   15.9727
    7.5000   -7.5000    0.000014471.5371   15.9679
   -7.5000    0.0000    0.000015959.0332   16.0045
    0.0000    0.0000    0.000016457.7773   16.0071
    7.5000    0.0000    0.000015607.5518   15.9976
   -7.5000    7.5000    0.000016013.7871   16.0299
    0.0000    7.5000    0.000016534.5820   16.0382
    7.5000    7.5000    0.000015617.3789   16.0321
   -7.5000   15.0000    0.000015948.2197   16.0271
    0.0000   15.0000    0.000016372.9727   16.0382
    7.5000   15.0000    0.000015414.4121   16.0410
   -7.5000   22.5000    0.000015678.8359   15.9880
    0.0000   22.5000    0.000015964.8604   15.9953
    7.5000   22.5000    0.000015042.0742   16.0035
   -7.5000   30.0000    0.000015272.0479   15.7607
    0.0000   30.0000    0.000015557.4541   15.7616
    7.5000   30.0000    0.000014637.2119   15.7656
   -7.5000   37.5000    0.000015168.0010   15.7670
    0.0000   37.5000    0.000015557.0410   15.7660
    7.5000   37.5000    0.000014605.5742   15.7612
   -7.5000   45.0000    0.000014195.6465   15.4265
    0.0000   45.0000    0.000014637.0859   15.4290
    7.5000   45.0000    0.000013765.6162   15.4198
   -7.5000  -45.0000    7.5000 7730.9121   16.8469
    0.0000  -45.0000    7.5000 8044.7749   16.8526
    7.5000  -45.0000    7.5000 7597.3179   16.8400
   -7.5000  -37.5000    7.5000 8746.8154   16.4481
    0.0000  -37.5000    7.5000 9098.2520   16.4552
    7.5000  -37.5000    7.5000 8592.2783   16.4424
   -7.5000  -30.0000    7.500010140.9893   16.1904
    0.0000  -30.0000    7.500010510.4795   16.2016
    7.5000  -30.0000    7.5000 9933.2236   16.1997
   -7.5000  -22.5000    7.500011506.2959   16.0287
    0.0000  -22.5000    7.500011922.7998   16.0402
    7.5000  -22.5000    7.500011284.8330   16.0470
   -7.5000  -15.0000    7.500012786.1299   15.9842
    0.0000  -15.0000    7.500013239.4600   15.9929
    7.5000  -15.0000    7.500012543.6631   15.9981
   -7.5000   -7.5000    7.500013985.3350   15.9854
    0.0000   -7.5000    7.500014433.3408   15.9905
    7.5000   -7.5000    7.500013682.5332   15.9862
   -7.5000    0.0000    7.500015120.3350   16.0058
    0.0000    0.0000    7.500015600.3467   16.0103
    7.5000    0.0000    7.500014787.4736   15.9984
   -7.5000    7.5000    7.500015093.3975   16.0259
    0.0000    7.5000    7.500015622.9492   16.0332
    7.5000    7.5000    7.500014798.3936   16.0224
   -7.5000   15.0000    7.500014919.6504   16.0267
    0.0000   15.0000    7.500015408.4062   16.0374
    7.5000   15.0000    7.500014596.4219   16.0358
   -7.5000   22.5000    7.500014580.2783   15.9980
    0.0000   22.5000    7.500015017.6230   16.0095
    7.5000   22.5000    7.500014242.9678   16.0162
   -7.5000   30.0000    7.500014169.1807   15.7773
    0.0000   30.0000    7.500014620.0186   15.7858
    7.5000   30.0000    7.500013847.7969   15.7910
   -7.5000   37.5000    7.500014186.6592   15.7785
    0.0000   37.5000    7.500014671.6045   15.7836
    7.5000   37.5000    7.500013854.6855   15.7793
   -7.5000   45.0000    7.500013437.1514   15.4277
    0.0000   45.0000    7.500013902.4512   15.4321
    7.5000   45.0000    7.500013122.4404   15.4206
   -7.5000  -45.0000   15.0000 7132.5601   16.8860
    0.0000  -45.0000   15.0000 7411.8179   16.8943
    7.5000  -45.0000   15.0000 7018.4033   16.8803
   -7.5000  -37.5000   15.0000 8075.4053   16.4704
    0.0000  -37.5000   15.0000 8391.1514   16.4797
    7.5000  -37.5000   15.0000 7933.2383   16.4656
   -7.5000  -30.0000   15.0000 9343.7227   16.2106
    0.0000  -30.0000   15.0000 9705.1973   16.2258
    7.5000  -30.0000   15.0000 9178.1836   16.2241
   -7.5000  -22.5000   15.000010635.0195   16.0619
    0.0000  -22.5000   15.000011022.3408   16.0802
    7.5000  -22.5000   15.000010423.3955   16.0880
   -7.5000  -15.0000   15.000011844.9834   16.0317
    0.0000  -15.0000   15.000012249.9658   16.0476
    7.5000  -15.0000   15.000011606.6680   16.0536
   -7.5000   -7.5000   15.000012971.5098   16.0322
    0.0000   -7.5000   15.000013393.9150   16.0422
    7.5000   -7.5000   15.000012712.3652   16.0374
   -7.5000    0.0000   15.000014010.4736   16.0398
    0.0000    0.0000   15.000014510.7979   16.0466
    7.5000    0.0000   15.000013766.8047   16.0330
   -7.5000    7.5000   15.000014003.7764   16.0472
    0.0000    7.5000   15.000014512.6738   16.0564
    7.5000    7.5000   15.000013812.7520   16.0444
   -7.5000   15.0000   15.000013818.3652   16.0467
    0.0000   15.0000   15.000014282.1240   16.0614
    7.5000   15.0000   15.000013613.1611   16.0598
   -7.5000   22.5000   15.000013476.2705   16.0313
    0.0000   22.5000   15.000013912.1895   16.0495
    7.5000   22.5000   15.000013278.1924   16.0572
   -7.5000   30.0000   15.000013083.2168   15.8242
    0.0000   30.0000   15.000013504.8223   15.8399
    7.5000   30.0000   15.000012890.5342   15.8458
   -7.5000   37.5000   15.000013097.0215   15.8248
    0.0000   37.5000   15.000013543.7227   15.8346
    7.5000   37.5000   15.000012907.4004   15.8299
   -7.5000   45.0000   15.000012464.7988   15.4605
    0.0000   45.0000   15.000012893.2656   15.4671
    7.5000   45.0000   15.000012259.6123   15.4540
   -7.5000  -45.0000   22.5000 6528.9111   17.1325
    0.0000  -45.0000   22.5000 6790.0674   17.1419
    7.5000  -45.0000   22.5000 6432.6582   17.1299
   -7.5000  -37.5000   22.5000 7369.9482   16.6967
    0.0000  -37.5000   22.5000 7685.6255   16.7103
    7.5000  -37.5000   22.5000 7281.6353   16.7015
   -7.5000  -30.0000   22.5000 8531.4219   16.4253
    0.0000  -30.0000   22.5000 8884.6816   16.4460
    7.5000  -30.0000   22.5000 8430.7197   16.4498
   -7.5000  -22.5000   22.5000 9716.9512   16.2768
    0.0000  -22.5000   22.500010086.9453   16.2975
    7.5000  -22.5000   22.5000 9575.9219   16.3079
   -7.5000  -15.0000   22.500010841.4844   16.2532
    0.0000  -15.0000   22.500011229.0273   16.2678
    7.5000  -15.0000   22.500010670.0967   16.2730
   -7.5000   -7.5000   22.500011910.4658   16.2576
    0.0000   -7.5000   22.500012320.1309   16.2658
    7.5000   -7.5000   22.500011727.2490   16.2597
   -7.5000    0.0000   22.500012901.5459   16.2621
    0.0000    0.0000   22.500013367.1318   16.2694
    7.5000    0.0000   22.500012723.1025   16.2574
   -7.5000    7.5000   22.500012907.0391   16.2618
    0.0000    7.5000   22.500013374.6680   16.2751
    7.5000    7.5000   22.500012765.2002   16.2681
   -7.5000   15.0000   22.500012735.0244   16.2573
    0.0000   15.0000   22.500013177.3838   16.2774
    7.5000   15.0000   22.500012582.1592   16.2813
   -7.5000   22.5000   22.500012405.9414   16.2456
    0.0000   22.5000   22.500012827.6621   16.2661
    7.5000   22.5000   22.500012251.4980   16.2765
   -7.5000   30.0000   22.500012021.1602   16.0428
    0.0000   30.0000   22.500012435.2354   16.0572
    7.5000   30.0000   22.500011878.2188   16.0624
   -7.5000   37.5000   22.500012057.5566   16.0472
    0.0000   37.5000   22.500012477.9482   16.0553
    7.5000   37.5000   22.500011906.7031   16.0492
   -7.5000   45.0000   22.500011503.5771   15.6748
    0.0000   45.0000   22.500011894.0898   15.6819
    7.5000   45.0000   22.500011340.4844   15.6703
   -7.5000  -45.0000   30.0000 5975.2378   17.5909
    0.0000  -45.0000   30.0000 6222.8481   17.5978
    7.5000  -45.0000   30.0000 5901.6367   17.5873
   -7.5000  -37.5000   30.0000 6751.6191   17.1339
    0.0000  -37.5000   30.0000 7049.2490   17.1489
    7.5000  -37.5000   30.0000 6675.5386   17.1450
   -7.5000  -30.0000   30.0000 7809.9849   16.8402
    0.0000  -30.0000   30.0000 8131.0205   16.8627
    7.5000  -30.0000   30.0000 7726.9155   16.8720
   -7.5000  -22.5000   30.0000 8889.9600   16.6744
    0.0000  -22.5000   30.0000 9227.4121   16.6923
    7.5000  -22.5000   30.0000 8765.7959   16.7052
   -7.5000  -15.0000   30.0000 9921.2041   16.6466
    0.0000  -15.0000   30.000010293.8770   16.6538
    7.5000  -15.0000   30.0000 9774.3242   16.6579
   -7.5000   -7.5000   30.000010905.4316   16.6602
    0.0000   -7.5000   30.000011330.9014   16.6618
    7.5000   -7.5000   30.000010765.0605   16.6541
   -7.5000    0.0000   30.000011844.8496   16.6755
    0.0000    0.0000   30.000012290.7969   16.6804
    7.5000    0.0000   30.000011689.9824   16.6698
   -7.5000    7.5000   30.000011848.8281   16.6759
    0.0000    7.5000   30.000012278.4648   16.6906
    7.5000    7.5000   30.000011708.0869   16.6885
   -7.5000   15.0000   30.000011674.9326   16.6635
    0.0000   15.0000   30.000012078.4062   16.6855
    7.5000   15.0000   30.000011530.2158   16.6949
   -7.5000   22.5000   30.000011362.7451   16.6417
    0.0000   22.5000   30.000011756.4990   16.6595
    7.5000   22.5000   30.000011235.0527   16.6723
   -7.5000   30.0000   30.000011004.4072   16.4311
    0.0000   30.0000   30.000011395.7012   16.4382
    7.5000   30.0000   30.000010886.5967   16.4422
   -7.5000   37.5000   30.000011062.6484   16.4446
    0.0000   37.5000   30.000011445.4678   16.4462
    7.5000   37.5000   30.000010934.2891   16.4386
   -7.5000   45.0000   30.000010577.1650   16.0733
    0.0000   45.0000   30.000010954.2754   16.0780
    7.5000   45.0000   30.000010440.9180   16.0678
   -7.5000  -45.0000   37.5000 5651.4561   18.1912
    0.0000  -45.0000   37.5000 5893.9961   18.1948
    7.5000  -45.0000   37.5000 5591.4414   18.1813
   -7.5000  -37.5000   37.5000 6408.2446   17.7197
    0.0000  -37.5000   37.5000 6675.7100   17.7318
    7.5000  -37.5000   37.5000 6322.9077   17.7244
   -7.5000  -30.0000   37.5000 7411.7695   17.4054
    0.0000  -30.0000   37.5000 7713.8989   17.4239
    7.5000  -30.0000   37.5000 7319.8149   17.4307
   -7.5000  -22.5000   37.5000 8423.5732   17.2175
    0.0000  -22.5000   37.5000 8744.3750   17.2297
    7.5000  -22.5000   37.5000 8307.3633   17.2417
   -7.5000  -15.0000   37.5000 9417.9688   17.1776
    0.0000  -15.0000   37.5000 9791.5449   17.1787
    7.5000  -15.0000   37.5000 9275.3232   17.1824
   -7.5000   -7.5000   37.500010374.5596   17.1938
    0.0000   -7.5000   37.500010810.4902   17.1910
    7.5000   -7.5000   37.500010232.6465   17.1822
   -7.5000    0.0000   37.500011272.3779   17.2206
    0.0000    0.0000   37.500011736.7090   17.2228
    7.5000    0.0000   37.500011118.3984   17.2100
   -7.5000    7.5000   37.500011267.1670   17.2303
    0.0000    7.5000   37.500011689.9570   17.2423
    7.5000    7.5000   37.500011118.6748   17.2370
   -7.5000   15.0000   37.500011076.8213   17.2166
    0.0000   15.0000   37.500011480.1982   17.2344
    7.5000   15.0000   37.500010941.1416   17.2416
   -7.5000   22.5000   37.500010795.4199   17.1827
    0.0000   22.5000   37.500011177.3828   17.1947
    7.5000   22.5000   37.500010662.2041   17.2067
   -7.5000   30.0000   37.500010490.7246   16.9552
    0.0000   30.0000   37.500010866.5205   16.9563
    7.5000   30.0000   37.500010350.0488   16.9599
   -7.5000   37.5000   37.500010558.4492   16.9713
    0.0000   37.5000   37.500010920.3291   16.9685
    7.5000   37.5000   37.500010393.9180   16.9599
   -7.5000   45.0000   37.500010101.6631   16.5987
    0.0000   45.0000   37.500010456.2393   16.6008
    7.5000   45.0000   37.5000 9959.0615   16.5884
   -7.5000  -45.0000   45.0000 5115.4390   18.8582
    0.0000  -45.0000   45.0000 5337.9585   18.8622
    7.5000  -45.0000   45.0000 5073.7153   18.8486
   -7.5000  -37.5000   45.0000 5799.8540   18.3775
    0.0000  -37.5000   45.0000 6045.3750   18.3867
    7.5000  -37.5000   45.0000 5732.7705   18.3767
   -7.5000  -30.0000   45.0000 6714.9810   18.0526
    0.0000  -30.0000   45.0000 6981.0327   18.0668
    7.5000  -30.0000   45.0000 6637.6772   18.0713
   -7.5000  -22.5000   45.0000 7632.0288   17.8504
    0.0000  -22.5000   45.0000 7924.4312   17.8606
    7.5000  -22.5000   45.0000 7528.1128   17.8726
   -7.5000  -15.0000   45.0000 8547.2412   17.8002
    0.0000  -15.0000   45.0000 8883.9023   17.8027
    7.5000  -15.0000   45.0000 8411.0889   17.8087
   -7.5000   -7.5000   45.0000 9436.2109   17.8089
    0.0000   -7.5000   45.0000 9828.4951   17.8083
    7.5000   -7.5000   45.0000 9302.2676   17.8022
   -7.5000    0.0000   45.000010264.1885   17.8364
    0.0000    0.0000   45.000010689.1494   17.8391
    7.5000    0.0000   45.000010120.1660   17.8265
   -7.5000    7.5000   45.000010274.9512   17.8543
    0.0000    7.5000   45.000010669.0898   17.8637
    7.5000    7.5000   45.000010116.3828   17.8561
   -7.5000   15.0000   45.000010103.9600   17.8480
    0.0000   15.0000   45.000010470.9658   17.8616
    7.5000   15.0000   45.0000 9954.2441   17.8665
   -7.5000   22.5000   45.0000 9847.2617   17.8130
    0.0000   22.5000   45.000010202.9756   17.8230
    7.5000   22.5000   45.0000 9709.6396   17.8350
   -7.5000   30.0000   45.0000 9569.8574   17.5682
    0.0000   30.0000   45.0000 9924.7803   17.5707
    7.5000   30.0000   45.0000 9436.5596   17.5766
   -7.5000   37.5000   45.0000 9625.4287   17.5769
    0.0000   37.5000   45.0000 9971.2754   17.5763
    7.5000   37.5000   45.0000 9468.9619   17.5703
   -7.5000   45.0000   45.0000 9242.0811   17.2000
    0.0000   45.0000   45.0000 9577.2305   17.2026
    7.5000   45.0000   45.0000 9098.0635   17.1905

---------------------------------------------------------------------
imgreg_4dfp /opt/freesurfer/average/711-2C_as_mni_average_305 /opt/freesurfer/average/711-2B_as_mni_average_305_mask talsrcimg_g11 none talsrcimg_to_711-2C_as_mni_average_305_t4 4355
---------------------------------------------------------------------

freesurfer imgreg_4dfp.c
/opt/freesurfer/average/711-2C_as_mni_average_305.4dfp.img
       256       256       256         1
  1.000000  1.000000  1.000000
orientation T byte_order littleendian
Reading image: /opt/freesurfer/average/711-2C_as_mni_average_305.4dfp.img
dimensions:      256       256       256
mmppix:       1.0000   -1.0000   -1.0000
center:     128.0000 -129.0000 -129.0000
/opt/freesurfer/average/711-2B_as_mni_average_305_mask.4dfp.img
       256       256       256         1
  1.000000  1.000000  1.000000
orientation T byte_order littleendian
Reading mask: /opt/freesurfer/average/711-2B_as_mni_average_305_mask.4dfp.img (2306576 pixels)
talsrcimg_g11.4dfp.img
       256       256       256         1
  1.000000  1.000000  1.000000
orientation T byte_order littleendian
Reading image: talsrcimg_g11.4dfp.img
dimensions:      256       256       256
mmppix:       1.0000   -1.0000   -1.0000
center:     128.0000 -129.0000 -129.0000
rotation matrix determinant  1.000000
image alignment mode   4355 decimal     1103 hex
   -7.5000  -37.5000  -45.0000 1883.2469   19.0053
    0.0000  -37.5000  -45.0000 1872.2386   19.1212
    7.5000  -37.5000  -45.0000 1849.6578   19.6053
   -7.5000  -30.0000  -45.0000 2016.3212   16.5792
    0.0000  -30.0000  -45.0000 2003.6683   16.6851
    7.5000  -30.0000  -45.0000 1974.1715   17.0501
   -7.5000  -22.5000  -45.0000 2156.1750   14.6911
    0.0000  -22.5000  -45.0000 2141.0488   14.8034
    7.5000  -22.5000  -45.0000 2104.1604   15.1024
   -7.5000  -15.0000  -45.0000 2283.3982   13.2298
    0.0000  -15.0000  -45.0000 2268.6562   13.3340
    7.5000  -15.0000  -45.0000 2226.7646   13.6117
   -7.5000   -7.5000  -45.0000 2388.6599   12.1271
    0.0000   -7.5000  -45.0000 2374.5520   12.1807
    7.5000   -7.5000  -45.0000 2334.5161   12.4399
   -7.5000    0.0000  -45.0000 2473.4373   11.3093
    0.0000    0.0000  -45.0000 2461.6665   11.3302
    7.5000    0.0000  -45.0000 2420.5435   11.5563
   -7.5000    7.5000  -45.0000 2525.0259   10.7627
    0.0000    7.5000  -45.0000 2513.5283   10.7816
    7.5000    7.5000  -45.0000 2474.4541   11.0192
   -7.5000   15.0000  -45.0000 2551.9619   10.4485
    0.0000   15.0000  -45.0000 2536.5410   10.4829
    7.5000   15.0000  -45.0000 2497.8940   10.7206
   -7.5000   22.5000  -45.0000 2563.1084   10.3641
    0.0000   22.5000  -45.0000 2548.9304   10.3906
    7.5000   22.5000  -45.0000 2508.7883   10.6201
   -7.5000   30.0000  -45.0000 2543.1643   10.5629
    0.0000   30.0000  -45.0000 2527.9067   10.5837
    7.5000   30.0000  -45.0000 2486.1768   10.8064
   -7.5000   37.5000  -45.0000 2501.4976   10.9884
    0.0000   37.5000  -45.0000 2487.4343   10.9941
    7.5000   37.5000  -45.0000 2445.5137   11.2392
   -7.5000   45.0000  -45.0000 2439.8071   11.6333
    0.0000   45.0000  -45.0000 2428.5190   11.6397
    7.5000   45.0000  -45.0000 2385.1519   11.9168
   -7.5000   52.5000  -45.0000 2332.0703   12.4595
    0.0000   52.5000  -45.0000 2318.7937   12.4736
    7.5000   52.5000  -45.0000 2279.1555   12.7524
   -7.5000  -37.5000  -37.5000 1924.2939   18.1505
    0.0000  -37.5000  -37.5000 1914.9167   18.2472
    7.5000  -37.5000  -37.5000 1884.6000   18.6665
   -7.5000  -30.0000  -37.5000 2062.3887   15.8177
    0.0000  -30.0000  -37.5000 2053.3481   15.8955
    7.5000  -30.0000  -37.5000 2018.6819   16.2756
   -7.5000  -22.5000  -37.5000 2204.5483   13.9946
    0.0000  -22.5000  -37.5000 2194.2156   14.1113
    7.5000  -22.5000  -37.5000 2156.0723   14.3919
   -7.5000  -15.0000  -37.5000 2335.7900   12.5541
    0.0000  -15.0000  -37.5000 2322.1206   12.6608
    7.5000  -15.0000  -37.5000 2282.7095   12.9241
   -7.5000   -7.5000  -37.5000 2447.5405   11.4669
    0.0000   -7.5000  -37.5000 2435.3447   11.5362
    7.5000   -7.5000  -37.5000 2393.8040   11.7718
   -7.5000    0.0000  -37.5000 2536.1824   10.6802
    0.0000    0.0000  -37.5000 2523.2761   10.7233
    7.5000    0.0000  -37.5000 2484.9336   10.9333
   -7.5000    7.5000  -37.5000 2597.5686   10.1222
    0.0000    7.5000  -37.5000 2586.1670   10.1476
    7.5000    7.5000  -37.5000 2546.3379   10.3700
   -7.5000   15.0000  -37.5000 2638.4805    9.7987
    0.0000   15.0000  -37.5000 2620.9985    9.8337
    7.5000   15.0000  -37.5000 2576.5261   10.0608
   -7.5000   22.5000  -37.5000 2665.8518    9.6937
    0.0000   22.5000  -37.5000 2643.8203    9.7190
    7.5000   22.5000  -37.5000 2592.5693    9.9440
   -7.5000   30.0000  -37.5000 2645.7012    9.9022
    0.0000   30.0000  -37.5000 2632.6638    9.9361
    7.5000   30.0000  -37.5000 2577.5256   10.1649
   -7.5000   37.5000  -37.5000 2598.9072   10.3060
    0.0000   37.5000  -37.5000 2589.4624   10.3301
    7.5000   37.5000  -37.5000 2540.0715   10.5720
   -7.5000   45.0000  -37.5000 2529.5952   10.9107
    0.0000   45.0000  -37.5000 2519.0662   10.9468
    7.5000   45.0000  -37.5000 2476.4282   11.1825
   -7.5000   52.5000  -37.5000 2412.0222   11.6589
    0.0000   52.5000  -37.5000 2401.8020   11.6844
    7.5000   52.5000  -37.5000 2362.3435   11.9458
   -7.5000  -37.5000  -30.0000 1991.4326   18.0170
    0.0000  -37.5000  -30.0000 1983.0427   18.1509
    7.5000  -37.5000  -30.0000 1954.3286   18.4842
   -7.5000  -30.0000  -30.0000 2131.7454   15.6806
    0.0000  -30.0000  -30.0000 2125.9673   15.7964
    7.5000  -30.0000  -30.0000 2094.7734   16.0948
   -7.5000  -22.5000  -30.0000 2280.2815   13.8506
    0.0000  -22.5000  -30.0000 2272.1111   13.9639
    7.5000  -22.5000  -30.0000 2233.0732   14.2410
   -7.5000  -15.0000  -30.0000 2415.2236   12.4051
    0.0000  -15.0000  -30.0000 2406.1689   12.4862
    7.5000  -15.0000  -30.0000 2365.9500   12.7793
   -7.5000   -7.5000  -30.0000 2536.1404   11.2971
    0.0000   -7.5000  -30.0000 2528.0208   11.3628
    7.5000   -7.5000  -30.0000 2484.7312   11.6385
   -7.5000    0.0000  -30.0000 2638.8074   10.4883
    0.0000    0.0000  -30.0000 2625.5676   10.5493
    7.5000    0.0000  -30.0000 2578.5332   10.7627
   -7.5000    7.5000  -30.0000 2715.9502    9.9199
    0.0000    7.5000  -30.0000 2699.5532    9.9635
    7.5000    7.5000  -30.0000 2651.7385   10.1664
   -7.5000   15.0000  -30.0000 2764.9829    9.5576
    0.0000   15.0000  -30.0000 2744.3108    9.6033
    7.5000   15.0000  -30.0000 2691.2874    9.8295
   -7.5000   22.5000  -30.0000 2800.9573    9.4241
    0.0000   22.5000  -30.0000 2780.0581    9.4791
    7.5000   22.5000  -30.0000 2721.0015    9.7327
   -7.5000   30.0000  -30.0000 2783.4490    9.6399
    0.0000   30.0000  -30.0000 2775.9031    9.6844
    7.5000   30.0000  -30.0000 2711.3127    9.9397
   -7.5000   37.5000  -30.0000 2739.2373   10.0534
    0.0000   37.5000  -30.0000 2733.6155   10.0919
    7.5000   37.5000  -30.0000 2675.0579   10.3521
   -7.5000   45.0000  -30.0000 2662.6897   10.6326
    0.0000   45.0000  -30.0000 2658.8149   10.6825
    7.5000   45.0000  -30.0000 2607.2534   10.9377
   -7.5000   52.5000  -30.0000 2535.3354   11.3287
    0.0000   52.5000  -30.0000 2526.6042   11.3726
    7.5000   52.5000  -30.0000 2484.4680   11.6246
   -7.5000  -37.5000  -22.5000 2023.3662   17.8717
    0.0000  -37.5000  -22.5000 2020.0898   17.9844
    7.5000  -37.5000  -22.5000 1991.4000   18.4118
   -7.5000  -30.0000  -22.5000 2170.8081   15.5219
    0.0000  -30.0000  -22.5000 2163.4402   15.6024
    7.5000  -30.0000  -22.5000 2136.5657   15.9815
   -7.5000  -22.5000  -22.5000 2322.8425   13.6743
    0.0000  -22.5000  -22.5000 2313.6770   13.7765
    7.5000  -22.5000  -22.5000 2278.4951   14.1002
   -7.5000  -15.0000  -22.5000 2460.3896   12.2086
    0.0000  -15.0000  -22.5000 2447.6587   12.3005
    7.5000  -15.0000  -22.5000 2411.9929   12.6179
   -7.5000   -7.5000  -22.5000 2585.8372   11.1154
    0.0000   -7.5000  -22.5000 2575.9106   11.1886
    7.5000   -7.5000  -22.5000 2533.0298   11.4507
   -7.5000    0.0000  -22.5000 2698.4153   10.2842
    0.0000    0.0000  -22.5000 2689.7063   10.3439
    7.5000    0.0000  -22.5000 2639.8704   10.5647
   -7.5000    7.5000  -22.5000 2793.8501    9.7147
    0.0000    7.5000  -22.5000 2779.0342    9.7745
    7.5000    7.5000  -22.5000 2729.8491    9.9596
   -7.5000   15.0000  -22.5000 2854.4722    9.3382
    0.0000   15.0000  -22.5000 2836.6707    9.4048
    7.5000   15.0000  -22.5000 2784.6602    9.6043
   -7.5000   22.5000  -22.5000 2899.8992    9.1748
    0.0000   22.5000  -22.5000 2882.3784    9.2745
    7.5000   22.5000  -22.5000 2820.3677    9.5190
   -7.5000   30.0000  -22.5000 2891.8672    9.3518
    0.0000   30.0000  -22.5000 2884.0947    9.4461
    7.5000   30.0000  -22.5000 2813.3340    9.6831
   -7.5000   37.5000  -22.5000 2844.0261    9.7463
    0.0000   37.5000  -22.5000 2838.5359    9.8292
    7.5000   37.5000  -22.5000 2774.5591   10.0583
   -7.5000   45.0000  -22.5000 2760.1814   10.2993
    0.0000   45.0000  -22.5000 2751.4854   10.3806
    7.5000   45.0000  -22.5000 2698.0703   10.6147
   -7.5000   52.5000  -22.5000 2619.7205   10.9814
    0.0000   52.5000  -22.5000 2611.1445   11.0357
    7.5000   52.5000  -22.5000 2569.5591   11.2721
   -7.5000  -37.5000  -15.0000 2032.7091   17.8926
    0.0000  -37.5000  -15.0000 2026.8191   18.0086
    7.5000  -37.5000  -15.0000 2001.6328   18.4860
   -7.5000  -30.0000  -15.0000 2180.7688   15.4771
    0.0000  -30.0000  -15.0000 2178.3994   15.5904
    7.5000  -30.0000  -15.0000 2148.9773   15.9896
   -7.5000  -22.5000  -15.0000 2333.1350   13.5842
    0.0000  -22.5000  -15.0000 2327.9500   13.6713
    7.5000  -22.5000  -15.0000 2291.6401   14.0296
   -7.5000  -15.0000  -15.0000 2468.5608   12.1141
    0.0000  -15.0000  -15.0000 2456.6714   12.1636
    7.5000  -15.0000  -15.0000 2421.4939   12.4886
   -7.5000   -7.5000  -15.0000 2592.4421   11.0027
    0.0000   -7.5000  -15.0000 2581.9680   11.0287
    7.5000   -7.5000  -15.0000 2541.1763   11.3131
   -7.5000    0.0000  -15.0000 2710.5005   10.1386
    0.0000    0.0000  -15.0000 2696.5576   10.1731
    7.5000    0.0000  -15.0000 2653.4358   10.4397
   -7.5000    7.5000  -15.0000 2818.5435    9.5788
    0.0000    7.5000  -15.0000 2808.1333    9.6085
    7.5000    7.5000  -15.0000 2761.8899    9.8443
   -7.5000   15.0000  -15.0000 2900.2859    9.2698
    0.0000   15.0000  -15.0000 2890.2178    9.2972
    7.5000   15.0000  -15.0000 2839.5591    9.4979
   -7.5000   22.5000  -15.0000 2960.3250    9.0852
    0.0000   22.5000  -15.0000 2948.1348    9.1855
    7.5000   22.5000  -15.0000 2880.7412    9.3974
   -7.5000   30.0000  -15.0000 2960.1030    9.1683
    0.0000   30.0000  -15.0000 2951.8433    9.2907
    7.5000   30.0000  -15.0000 2876.2207    9.4825
   -7.5000   37.5000  -15.0000 2901.4712    9.5302
    0.0000   37.5000  -15.0000 2895.1978    9.6031
    7.5000   37.5000  -15.0000 2827.4246    9.8255
   -7.5000   45.0000  -15.0000 2804.7068   10.0858
    0.0000   45.0000  -15.0000 2797.0288   10.1162
    7.5000   45.0000  -15.0000 2745.4495   10.3544
   -7.5000   52.5000  -15.0000 2657.9995   10.7453
    0.0000   52.5000  -15.0000 2654.1992   10.7628
    7.5000   52.5000  -15.0000 2610.7695   11.0366
   -7.5000  -37.5000   -7.5000 2025.5522   18.0030
    0.0000  -37.5000   -7.5000 2024.4385   18.0393
    7.5000  -37.5000   -7.5000 1995.7118   18.5509
   -7.5000  -30.0000   -7.5000 2174.2502   15.5352
    0.0000  -30.0000   -7.5000 2176.5835   15.5924
    7.5000  -30.0000   -7.5000 2144.6201   16.0121
   -7.5000  -22.5000   -7.5000 2322.5066   13.6016
    0.0000  -22.5000   -7.5000 2318.8508   13.6223
    7.5000  -22.5000   -7.5000 2284.4473   14.0323
   -7.5000  -15.0000   -7.5000 2450.4556   12.0868
    0.0000  -15.0000   -7.5000 2439.3606   12.1093
    7.5000  -15.0000   -7.5000 2410.8259   12.4736
   -7.5000   -7.5000   -7.5000 2574.0757   10.9682
    0.0000   -7.5000   -7.5000 2564.3960   10.9710
    7.5000   -7.5000   -7.5000 2530.1836   11.2897
   -7.5000    0.0000   -7.5000 2699.8235   10.1488
    0.0000    0.0000   -7.5000 2690.5713   10.1473
    7.5000    0.0000   -7.5000 2651.4231   10.4304
   -7.5000    7.5000   -7.5000 2816.0935    9.5892
    0.0000    7.5000   -7.5000 2807.9434    9.5811
    7.5000    7.5000   -7.5000 2767.0056    9.8405
   -7.5000   15.0000   -7.5000 2913.2100    9.3151
    0.0000   15.0000   -7.5000 2907.8674    9.2912
    7.5000   15.0000   -7.5000 2857.4138    9.4730
   -7.5000   22.5000   -7.5000 2990.8279    9.1640
    0.0000   22.5000   -7.5000 2981.4656    9.1482
    7.5000   22.5000   -7.5000 2909.5278    9.3305
   -7.5000   30.0000   -7.5000 2989.5161    9.1615
    0.0000   30.0000   -7.5000 2983.1738    9.1398
    7.5000   30.0000   -7.5000 2904.8235    9.3599
   -7.5000   37.5000   -7.5000 2916.3291    9.4627
    0.0000   37.5000   -7.5000 2917.6399    9.4452
    7.5000   37.5000   -7.5000 2847.8494    9.6824
   -7.5000   45.0000   -7.5000 2808.7231    9.9576
    0.0000   45.0000   -7.5000 2809.9380    9.9629
    7.5000   45.0000   -7.5000 2756.1497   10.2266
   -7.5000   52.5000   -7.5000 2658.6699   10.6267
    0.0000   52.5000   -7.5000 2658.4231   10.6451
    7.5000   52.5000   -7.5000 2616.9285   10.9080
   -7.5000  -37.5000    0.0000 2000.9882   18.4008
    0.0000  -37.5000    0.0000 2003.0419   18.3872
    7.5000  -37.5000    0.0000 1974.1633   18.8826
   -7.5000  -30.0000    0.0000 2156.5564   15.7791
    0.0000  -30.0000    0.0000 2161.8232   15.7907
    7.5000  -30.0000    0.0000 2130.9639   16.2530
   -7.5000  -22.5000    0.0000 2299.0564   13.7579
    0.0000  -22.5000    0.0000 2301.6331   13.7449
    7.5000  -22.5000    0.0000 2273.7354   14.1940
   -7.5000  -15.0000    0.0000 2421.7637   12.2528
    0.0000  -15.0000    0.0000 2419.0745   12.2451
    7.5000  -15.0000    0.0000 2393.3931   12.6261
   -7.5000   -7.5000    0.0000 2541.6545   11.1636
    0.0000   -7.5000    0.0000 2538.2178   11.1370
    7.5000   -7.5000    0.0000 2507.0566   11.4498
   -7.5000    0.0000    0.0000 2667.2722   10.3670
    0.0000    0.0000    0.0000 2662.1541   10.3180
    7.5000    0.0000    0.0000 2625.4756   10.5854
   -7.5000    7.5000    0.0000 2783.1140    9.8001
    0.0000    7.5000    0.0000 2781.0110    9.7279
    7.5000    7.5000    0.0000 2744.3745    9.9674
   -7.5000   15.0000    0.0000 2884.4451    9.4533
    0.0000   15.0000    0.0000 2883.0066    9.4055
    7.5000   15.0000    0.0000 2834.0413    9.6021
   -7.5000   22.5000    0.0000 2959.3528    9.2821
    0.0000   22.5000    0.0000 2953.7556    9.2133
    7.5000   22.5000    0.0000 2885.6309    9.4168
   -7.5000   30.0000    0.0000 2969.8486    9.3243
    0.0000   30.0000    0.0000 2963.9526    9.2263
    7.5000   30.0000    0.0000 2894.6609    9.4452
   -7.5000   37.5000    0.0000 2900.8293    9.6107
    0.0000   37.5000    0.0000 2902.7371    9.5515
    7.5000   37.5000    0.0000 2838.0120    9.7612
   -7.5000   45.0000    0.0000 2786.2568   10.0720
    0.0000   45.0000    0.0000 2786.7268   10.0487
    7.5000   45.0000    0.0000 2737.3579   10.2751
   -7.5000   52.5000    0.0000 2630.9585   10.7229
    0.0000   52.5000    0.0000 2629.2036   10.7219
    7.5000   52.5000    0.0000 2592.7896   10.9815
   -7.5000  -37.5000    7.5000 1954.6595   19.1223
    0.0000  -37.5000    7.5000 1955.7773   19.1193
    7.5000  -37.5000    7.5000 1932.1536   19.5183
   -7.5000  -30.0000    7.5000 2114.0298   16.4034
    0.0000  -30.0000    7.5000 2119.0964   16.3325
    7.5000  -30.0000    7.5000 2093.7190   16.7892
   -7.5000  -22.5000    7.5000 2261.6931   14.2946
    0.0000  -22.5000    7.5000 2263.2742   14.2569
    7.5000  -22.5000    7.5000 2238.2385   14.6423
   -7.5000  -15.0000    7.5000 2383.4766   12.7385
    0.0000  -15.0000    7.5000 2383.2202   12.7046
    7.5000  -15.0000    7.5000 2358.8530   13.0608
   -7.5000   -7.5000    7.5000 2505.7012   11.5825
    0.0000   -7.5000    7.5000 2502.2573   11.5257
    7.5000   -7.5000    7.5000 2473.5132   11.8099
   -7.5000    0.0000    7.5000 2629.9094   10.7124
    0.0000    0.0000    7.5000 2627.7661   10.6587
    7.5000    0.0000    7.5000 2594.2219   10.9138
   -7.5000    7.5000    7.5000 2740.1404   10.0987
    0.0000    7.5000    7.5000 2742.6162   10.0561
    7.5000    7.5000    7.5000 2708.2866   10.2881
   -7.5000   15.0000    7.5000 2833.3923    9.7088
    0.0000   15.0000    7.5000 2838.0720    9.6787
    7.5000   15.0000    7.5000 2792.5317    9.8952
   -7.5000   22.5000    7.5000 2900.3845    9.5121
    0.0000   22.5000    7.5000 2898.6787    9.4677
    7.5000   22.5000    7.5000 2842.5598    9.6971
   -7.5000   30.0000    7.5000 2906.8708    9.5413
    0.0000   30.0000    7.5000 2901.7715    9.5307
    7.5000   30.0000    7.5000 2849.1150    9.7297
   -7.5000   37.5000    7.5000 2845.0840    9.8510
    0.0000   37.5000    7.5000 2846.8074    9.8604
    7.5000   37.5000    7.5000 2793.3496   10.0339
   -7.5000   45.0000    7.5000 2742.2056   10.3772
    0.0000   45.0000    7.5000 2746.5928   10.3712
    7.5000   45.0000    7.5000 2699.4563   10.5548
   -7.5000   52.5000    7.5000 2581.0068   11.0481
    0.0000   52.5000    7.5000 2581.0813   11.0390
    7.5000   52.5000    7.5000 2552.8794   11.2637
   -7.5000  -37.5000   15.0000 1896.6254   20.0519
    0.0000  -37.5000   15.0000 1895.7327   20.0555
    7.5000  -37.5000   15.0000 1881.0139   20.4669
   -7.5000  -30.0000   15.0000 2052.9880   17.2297
    0.0000  -30.0000   15.0000 2055.8240   17.1766
    7.5000  -30.0000   15.0000 2040.2026   17.5777
   -7.5000  -22.5000   15.0000 2208.3359   15.0118
    0.0000  -22.5000   15.0000 2207.9917   14.9904
    7.5000  -22.5000   15.0000 2186.3892   15.3420
   -7.5000  -15.0000   15.0000 2338.3306   13.3796
    0.0000  -15.0000   15.0000 2338.7168   13.3298
    7.5000  -15.0000   15.0000 2313.5720   13.6425
   -7.5000   -7.5000   15.0000 2464.2925   12.1439
    0.0000   -7.5000   15.0000 2463.0603   12.0874
    7.5000   -7.5000   15.0000 2431.8264   12.3906
   -7.5000    0.0000   15.0000 2580.4905   11.2318
    0.0000    0.0000   15.0000 2585.5278   11.1863
    7.5000    0.0000   15.0000 2549.9858   11.4577
   -7.5000    7.5000   15.0000 2688.2573   10.5668
    0.0000    7.5000   15.0000 2693.0544   10.5446
    7.5000    7.5000   15.0000 2661.1140   10.7907
   -7.5000   15.0000   15.0000 2768.4304   10.1621
    0.0000   15.0000   15.0000 2773.5898   10.1085
    7.5000   15.0000   15.0000 2737.7549   10.3664
   -7.5000   22.5000   15.0000 2815.7510    9.9596
    0.0000   22.5000   15.0000 2816.4790    9.9103
    7.5000   22.5000   15.0000 2777.3440   10.1720
   -7.5000   30.0000   15.0000 2814.5457    9.9818
    0.0000   30.0000   15.0000 2811.5811    9.9587
    7.5000   30.0000   15.0000 2774.6990   10.2130
   -7.5000   37.5000   15.0000 2755.5908   10.3068
    0.0000   37.5000   15.0000 2758.2371   10.2996
    7.5000   37.5000   15.0000 2720.6292   10.4974
   -7.5000   45.0000   15.0000 2667.2908   10.8305
    0.0000   45.0000   15.0000 2674.5237   10.8246
    7.5000   45.0000   15.0000 2635.3149   11.0107
   -7.5000   52.5000   15.0000 2524.1008   11.5038
    0.0000   52.5000   15.0000 2527.6316   11.5134
    7.5000   52.5000   15.0000 2499.6655   11.7153
   -7.5000  -37.5000   22.5000 1835.9150   21.2291
    0.0000  -37.5000   22.5000 1838.8977   21.2111
    7.5000  -37.5000   22.5000 1826.9078   21.6273
   -7.5000  -30.0000   22.5000 1992.3054   18.1838
    0.0000  -30.0000   22.5000 1999.5123   18.1203
    7.5000  -30.0000   22.5000 1984.7363   18.5291
   -7.5000  -22.5000   22.5000 2149.3281   15.8467
    0.0000  -22.5000   22.5000 2154.7148   15.7844
    7.5000  -22.5000   22.5000 2131.5505   16.2062
   -7.5000  -15.0000   22.5000 2285.2993   14.1264
    0.0000  -15.0000   22.5000 2290.6750   14.0546
    7.5000  -15.0000   22.5000 2261.3088   14.4342
   -7.5000   -7.5000   22.5000 2411.0371   12.8303
    0.0000   -7.5000   22.5000 2416.1997   12.7677
    7.5000   -7.5000   22.5000 2383.4602   13.1154
   -7.5000    0.0000   22.5000 2524.2009   11.8838
    0.0000    0.0000   22.5000 2533.8225   11.8306
    7.5000    0.0000   22.5000 2495.0867   12.1302
   -7.5000    7.5000   22.5000 2624.4214   11.2093
    0.0000    7.5000   22.5000 2632.3291   11.1584
    7.5000    7.5000   22.5000 2599.1475   11.4430
   -7.5000   15.0000   22.5000 2692.6550   10.7890
    0.0000   15.0000   22.5000 2702.2048   10.7381
    7.5000   15.0000   22.5000 2664.8562   11.0127
   -7.5000   22.5000   22.5000 2725.1750   10.5703
    0.0000   22.5000   22.5000 2729.2227   10.5401
    7.5000   22.5000   22.5000 2696.3677   10.7977
   -7.5000   30.0000   22.5000 2710.9463   10.6058
    0.0000   30.0000   22.5000 2716.2673   10.5786
    7.5000   30.0000   22.5000 2686.4167   10.8309
   -7.5000   37.5000   22.5000 2657.2205   10.9202
    0.0000   37.5000   22.5000 2666.2856   10.8886
    7.5000   37.5000   22.5000 2635.1794   11.1070
   -7.5000   45.0000   22.5000 2578.4690   11.4279
    0.0000   45.0000   22.5000 2586.7798   11.3943
    7.5000   45.0000   22.5000 2553.6748   11.6173
   -7.5000   52.5000   22.5000 2454.7305   12.0784
    0.0000   52.5000   22.5000 2459.9036   12.0729
    7.5000   52.5000   22.5000 2431.9478   12.3015
   -7.5000  -37.5000   30.0000 1779.6317   22.7123
    0.0000  -37.5000   30.0000 1784.6458   22.6344
    7.5000  -37.5000   30.0000 1765.8840   23.0505
   -7.5000  -30.0000   30.0000 1938.9915   19.3518
    0.0000  -30.0000   30.0000 1945.5569   19.2821
    7.5000  -30.0000   30.0000 1924.2328   19.6963
   -7.5000  -22.5000   30.0000 2090.1873   16.8857
    0.0000  -22.5000   30.0000 2098.9194   16.7833
    7.5000  -22.5000   30.0000 2072.1018   17.2214
   -7.5000  -15.0000   30.0000 2222.6785   15.0287
    0.0000  -15.0000   30.0000 2236.4370   14.9291
    7.5000  -15.0000   30.0000 2204.2507   15.3316
   -7.5000   -7.5000   30.0000 2344.8630   13.6855
    0.0000   -7.5000   30.0000 2360.3333   13.5997
    7.5000   -7.5000   30.0000 2323.4480   13.9410
   -7.5000    0.0000   30.0000 2450.9001   12.7018
    0.0000    0.0000   30.0000 2462.9585   12.6504
    7.5000    0.0000   30.0000 2426.0210   12.9557
   -7.5000    7.5000   30.0000 2539.1538   12.0089
    0.0000    7.5000   30.0000 2550.3262   11.9455
    7.5000    7.5000   30.0000 2515.8208   12.2602
   -7.5000   15.0000   30.0000 2597.8308   11.5614
    0.0000   15.0000   30.0000 2605.2568   11.5219
    7.5000   15.0000   30.0000 2575.3909   11.8095
   -7.5000   22.5000   30.0000 2620.9207   11.3233
    0.0000   22.5000   30.0000 2624.9653   11.2977
    7.5000   22.5000   30.0000 2601.5139   11.5606
   -7.5000   30.0000   30.0000 2600.1604   11.3721
    0.0000   30.0000   30.0000 2609.8228   11.3472
    7.5000   30.0000   30.0000 2585.4111   11.5832
   -7.5000   37.5000   30.0000 2553.1570   11.6662
    0.0000   37.5000   30.0000 2560.8984   11.6465
    7.5000   37.5000   30.0000 2540.4993   11.8420
   -7.5000   45.0000   30.0000 2486.3748   12.1544
    0.0000   45.0000   30.0000 2498.6753   12.1090
    7.5000   45.0000   30.0000 2470.6621   12.3446
   -7.5000   52.5000   30.0000 2380.3772   12.8001
    0.0000   52.5000   30.0000 2395.9331   12.7509
    7.5000   52.5000   30.0000 2360.4854   13.0093
   -7.5000  -37.5000   37.5000 1715.4415   24.5075
    0.0000  -37.5000   37.5000 1721.3125   24.3343
    7.5000  -37.5000   37.5000 1700.3090   24.7916
   -7.5000  -30.0000   37.5000 1877.2175   20.8090
    0.0000  -30.0000   37.5000 1884.7319   20.6990
    7.5000  -30.0000   37.5000 1861.1255   21.1628
   -7.5000  -22.5000   37.5000 2025.1221   18.1473
    0.0000  -22.5000   37.5000 2033.9529   18.0069
    7.5000  -22.5000   37.5000 2008.4889   18.4498
   -7.5000  -15.0000   37.5000 2155.8115   16.1736
    0.0000  -15.0000   37.5000 2171.7166   16.0768
    7.5000  -15.0000   37.5000 2137.0332   16.4260
   -7.5000   -7.5000   37.5000 2272.4731   14.7389
    0.0000   -7.5000   37.5000 2292.1853   14.6871
    7.5000   -7.5000   37.5000 2251.7175   14.9883
   -7.5000    0.0000   37.5000 2371.3625   13.7078
    0.0000    0.0000   37.5000 2388.3923   13.6660
    7.5000    0.0000   37.5000 2351.9121   13.9565
   -7.5000    7.5000   37.5000 2448.1736   12.9968
    0.0000    7.5000   37.5000 2461.8596   12.9373
    7.5000    7.5000   37.5000 2431.2498   13.2302
   -7.5000   15.0000   37.5000 2494.0479   12.4882
    0.0000   15.0000   37.5000 2501.8240   12.4519
    7.5000   15.0000   37.5000 2477.9929   12.7256
   -7.5000   22.5000   37.5000 2511.1570   12.2530
    0.0000   22.5000   37.5000 2514.4912   12.2246
    7.5000   22.5000   37.5000 2495.7917   12.4709
   -7.5000   30.0000   37.5000 2496.1763   12.3102
    0.0000   30.0000   37.5000 2504.4521   12.2839
    7.5000   30.0000   37.5000 2481.5884   12.4868
   -7.5000   37.5000   37.5000 2458.3918   12.5702
    0.0000   37.5000   37.5000 2463.5630   12.5467
    7.5000   37.5000   37.5000 2443.0803   12.7419
   -7.5000   45.0000   37.5000 2394.4272   13.0593
    0.0000   45.0000   37.5000 2403.2720   13.0265
    7.5000   45.0000   37.5000 2379.2397   13.2603
   -7.5000   52.5000   37.5000 2297.0745   13.6831
    0.0000   52.5000   37.5000 2310.2932   13.6158
    7.5000   52.5000   37.5000 2281.4429   13.8889
   -7.5000  -37.5000   45.0000 1639.9852   26.7812
    0.0000  -37.5000   45.0000 1648.4871   26.5472
    7.5000  -37.5000   45.0000 1631.4257   27.0598
   -7.5000  -30.0000   45.0000 1800.3192   22.7422
    0.0000  -30.0000   45.0000 1807.2074   22.5809
    7.5000  -30.0000   45.0000 1790.9188   23.0344
   -7.5000  -22.5000   45.0000 1943.5007   19.7702
    0.0000  -22.5000   45.0000 1952.2439   19.6575
    7.5000  -22.5000   45.0000 1931.3521   20.0668
   -7.5000  -15.0000   45.0000 2077.0474   17.6139
    0.0000  -15.0000   45.0000 2089.2368   17.5323
    7.5000  -15.0000   45.0000 2056.2346   17.8628
   -7.5000   -7.5000   45.0000 2186.9783   16.1024
    0.0000   -7.5000   45.0000 2207.1333   16.0418
    7.5000   -7.5000   45.0000 2170.1299   16.3079
   -7.5000    0.0000   45.0000 2281.8972   14.9897
    0.0000    0.0000   45.0000 2300.4761   14.9172
    7.5000    0.0000   45.0000 2266.6882   15.2112
   -7.5000    7.5000   45.0000 2355.7983   14.2096
    0.0000    7.5000   45.0000 2368.2673   14.1423
    7.5000    7.5000   45.0000 2338.5654   14.4035
   -7.5000   15.0000   45.0000 2392.7849   13.6585
    0.0000   15.0000   45.0000 2398.5056   13.6181
    7.5000   15.0000   45.0000 2378.4749   13.8564
   -7.5000   22.5000   45.0000 2401.7080   13.4085
    0.0000   22.5000   45.0000 2410.7263   13.3770
    7.5000   22.5000   45.0000 2390.3833   13.6269
   -7.5000   30.0000   45.0000 2387.2202   13.4385
    0.0000   30.0000   45.0000 2400.0178   13.4043
    7.5000   30.0000   45.0000 2378.7981   13.6055
   -7.5000   37.5000   45.0000 2355.4653   13.6641
    0.0000   37.5000   45.0000 2364.8694   13.6146
    7.5000   37.5000   45.0000 2343.9192   13.8275
   -7.5000   45.0000   45.0000 2297.1533   14.1857
    0.0000   45.0000   45.0000 2305.9849   14.1435
    7.5000   45.0000   45.0000 2281.7415   14.3765
   -7.5000   52.5000   45.0000 2198.8213   14.7984
    0.0000   52.5000   45.0000 2209.6904   14.7599
    7.5000   52.5000   45.0000 2183.7927   15.0089

---------------------------------------------------------------------
imgreg_4dfp /opt/freesurfer/average/711-2C_as_mni_average_305 /opt/freesurfer/average/711-2B_as_mni_average_305_mask talsrcimg_g11 none talsrcimg_to_711-2C_as_mni_average_305_t4 1283
---------------------------------------------------------------------

freesurfer imgreg_4dfp.c
/opt/freesurfer/average/711-2C_as_mni_average_305.4dfp.img
       256       256       256         1
  1.000000  1.000000  1.000000
orientation T byte_order littleendian
Reading image: /opt/freesurfer/average/711-2C_as_mni_average_305.4dfp.img
dimensions:      256       256       256
mmppix:       1.0000   -1.0000   -1.0000
center:     128.0000 -129.0000 -129.0000
/opt/freesurfer/average/711-2B_as_mni_average_305_mask.4dfp.img
       256       256       256         1
  1.000000  1.000000  1.000000
orientation T byte_order littleendian
Reading mask: /opt/freesurfer/average/711-2B_as_mni_average_305_mask.4dfp.img (2306576 pixels)
talsrcimg_g11.4dfp.img
       256       256       256         1
  1.000000  1.000000  1.000000
orientation T byte_order littleendian
Reading image: talsrcimg_g11.4dfp.img
dimensions:      256       256       256
mmppix:       1.0000   -1.0000   -1.0000
center:     128.0000 -129.0000 -129.0000
rotation matrix determinant  1.000000
fimgreg.f
image alignment mode   1283 decimal      503 hex
parameters
   -7.5000   22.5000   -7.5000    0.0000    0.0000    0.0000
eta,q 0.93944  9.15039
niter,ni,del,rscale     5    3   12.0000    1.2000
parameter  4  0.540308 ->  0.500000 qaram    1.1500
parameters
   -4.7078   24.9705   -6.7366   -3.4500   -1.1584    0.2627
eta,q 0.95131  9.04329
  0.0840  0.0746  0.0623  0.0512  0.0546  0.0550
  0.0746  0.0647  0.0590  0.0493  0.0509  0.0516
  0.0644  0.0574  0.0550  0.0493  0.0488  0.0493
  0.0564  0.0528  0.0519  0.0513  0.0491  0.0487
  0.0529  0.0516  0.0512  0.0536  0.0517  0.0495
  0.0541  0.0525  0.0543  0.0561  0.0557  0.0514
  0.0589  0.0548  0.0596  0.0594  0.0601  0.0535
niter,ni,del,rscale     5    3   12.0000    1.2000
parameters
   -4.1972   26.6426   -7.2221   -5.4096   -1.4390    0.5553
eta,q 0.95231  9.04027
  0.0703  0.0653  0.0565  0.0511  0.0547  0.0538
  0.0593  0.0588  0.0522  0.0499  0.0510  0.0510
  0.0514  0.0526  0.0491  0.0479  0.0484  0.0487
  0.0487  0.0489  0.0479  0.0479  0.0477  0.0477
  0.0513  0.0480  0.0500  0.0507  0.0490  0.0485
  0.0572  0.0502  0.0546  0.0545  0.0521  0.0505
  0.0626  0.0541  0.0595  0.0587  0.0559  0.0526
niter,ni,del,rscale     4    3   12.0000    1.2000
parameters
   -4.0326   27.8173   -7.5162   -7.2471   -1.8647    0.5886
eta,q 0.95287  9.07074
  0.0661  0.0602  0.0560  0.0501  0.0549  0.0522
  0.0563  0.0549  0.0514  0.0492  0.0507  0.0499
  0.0497  0.0509  0.0482  0.0475  0.0477  0.0478
  0.0477  0.0477  0.0472  0.0472  0.0472  0.0471
  0.0507  0.0477  0.0489  0.0494  0.0493  0.0479
  0.0567  0.0500  0.0526  0.0528  0.0528  0.0498
  0.0627  0.0537  0.0578  0.0568  0.0567  0.0520
niter,ni,del,rscale     3    3   12.0000    1.2000
parameters
   -3.8177   28.8662   -7.7056   -8.6150   -2.1011    0.8533
eta,q 0.95358  9.08885
  0.0669  0.0570  0.0558  0.0503  0.0551  0.0513
  0.0571  0.0537  0.0509  0.0493  0.0508  0.0494
  0.0500  0.0506  0.0475  0.0472  0.0474  0.0475
  0.0471  0.0471  0.0465  0.0464  0.0465  0.0465
  0.0497  0.0467  0.0480  0.0484  0.0484  0.0468
  0.0564  0.0490  0.0517  0.0520  0.0520  0.0485
  0.0635  0.0532  0.0570  0.0554  0.0561  0.0509
niter,ni,del,rscale     2    3   12.0000    1.2000
parameters
   -3.7031   29.4482   -7.9462   -9.4187   -2.1033    0.8834
eta,q 0.95349  9.09344
  0.0658  0.0552  0.0555  0.0509  0.0553  0.0507
  0.0560  0.0528  0.0509  0.0497  0.0512  0.0488
  0.0491  0.0498  0.0476  0.0480  0.0478  0.0471
  0.0464  0.0464  0.0460  0.0460  0.0465  0.0465
  0.0492  0.0463  0.0476  0.0474  0.0480  0.0470
  0.0562  0.0492  0.0518  0.0509  0.0513  0.0486
  0.0635  0.0541  0.0574  0.0547  0.0552  0.0507
niter,ni,del,rscale     1    3   12.0000    1.2000
parameters
   -3.6610   29.6887   -8.1438   -9.7743   -2.0619    0.8003
eta,q 0.95329  9.09172
  0.0651  0.0543  0.0558  0.0517  0.0552  0.0504
  0.0555  0.0521  0.0513  0.0498  0.0512  0.0486
  0.0488  0.0492  0.0482  0.0486  0.0480  0.0472
  0.0465  0.0465  0.0464  0.0464  0.0467  0.0467
  0.0495  0.0465  0.0476  0.0468  0.0480  0.0472
  0.0563  0.0495  0.0520  0.0501  0.0511  0.0486
  0.0635  0.0549  0.0576  0.0540  0.0549  0.0507
registration optimization eta report
parameter search radius
    6.0000    6.0000    6.0000    6.9000    6.0000    6.0000
100000*second partial in parameter space
       48.       22.       28.       13.       23.       11.
  0.0651  0.0543  0.0558  0.0517  0.0552  0.0504
  0.0555  0.0521  0.0513  0.0498  0.0512  0.0486
  0.0488  0.0492  0.0482  0.0486  0.0480  0.0472
  0.0465  0.0465  0.0464  0.0464  0.0467  0.0467
  0.0495  0.0465  0.0476  0.0468  0.0480  0.0472
  0.0563  0.0495  0.0520  0.0501  0.0511  0.0486
  0.0635  0.0549  0.0576  0.0540  0.0549  0.0507
   -3.6610   29.6887   -8.1438   -9.7743   -2.0619    0.8003
eta,q 0.95329  9.09172

---------------------------------------------------------------------
imgreg_4dfp /opt/freesurfer/average/711-2C_as_mni_average_305 /opt/freesurfer/average/711-2B_as_mni_average_305_mask talsrcimg_g11 none talsrcimg_to_711-2C_as_mni_average_305_t4 3335
---------------------------------------------------------------------

freesurfer imgreg_4dfp.c
/opt/freesurfer/average/711-2C_as_mni_average_305.4dfp.img
       256       256       256         1
  1.000000  1.000000  1.000000
orientation T byte_order littleendian
Reading image: /opt/freesurfer/average/711-2C_as_mni_average_305.4dfp.img
dimensions:      256       256       256
mmppix:       1.0000   -1.0000   -1.0000
center:     128.0000 -129.0000 -129.0000
/opt/freesurfer/average/711-2B_as_mni_average_305_mask.4dfp.img
       256       256       256         1
  1.000000  1.000000  1.000000
orientation T byte_order littleendian
Reading mask: /opt/freesurfer/average/711-2B_as_mni_average_305_mask.4dfp.img (2306576 pixels)
talsrcimg_g11.4dfp.img
       256       256       256         1
  1.000000  1.000000  1.000000
orientation T byte_order littleendian
Reading image: talsrcimg_g11.4dfp.img
dimensions:      256       256       256
mmppix:       1.0000   -1.0000   -1.0000
center:     128.0000 -129.0000 -129.0000
fimgreg.f
image alignment mode   3335 decimal      D07 hex
parameters
   -3.6610   29.6887   -8.1438   -0.0745   -1.4697   -1.5154
   -1.9872    3.3082    1.3958   17.0245   -3.5979  -16.9657
eta,q 0.95416  9.13107
niter,ni,del,rscale     5    3    5.0000    1.2000
parameter  4  0.948781 ->  0.500000 qaram    1.1500
parameter  5  3.406670 ->  0.500000 qaram    1.1500
parameter  6  0.900708 ->  0.500000 qaram    1.1500
parameter  9 -0.572278 -> -0.500000 qaram    1.1500
parameter 10  0.745096 ->  0.500000 qaram    1.1500
parameter 11 -0.771421 -> -0.500000 qaram    1.1500
parameters
   -3.5484   29.5715   -8.2642   -4.2145   -5.6097   -5.6554
   -1.9012    3.7841    5.5358   12.8845    0.5421  -17.0319
eta,q 0.96662  8.69623
  0.0491  0.0472  0.0473  0.0432  0.0353  0.0354  0.0383  0.0405  0.0395  0.0340  0.0368  0.0346
  0.0474  0.0464  0.0464  0.0435  0.0377  0.0357  0.0370  0.0382  0.0380  0.0339  0.0356  0.0339
  0.0463  0.0460  0.0460  0.0444  0.0405  0.0365  0.0361  0.0365  0.0368  0.0343  0.0347  0.0335
  0.0458  0.0458  0.0458  0.0458  0.0437  0.0384  0.0358  0.0358  0.0358  0.0352  0.0340  0.0334
  0.0461  0.0460  0.0461  0.0480  0.0470  0.0413  0.0362  0.0362  0.0353  0.0370  0.0335  0.0335
  0.0470  0.0465  0.0467  0.0510  0.0505  0.0450  0.0369  0.0375  0.0352  0.0393  0.0333  0.0340
  0.0486  0.0476  0.0476  0.0544  0.0548  0.0492  0.0381  0.0394  0.0357  0.0419  0.0334  0.0346
niter,ni,del,rscale     7    3    5.0000    1.2000
parameter  5  1.758703 ->  0.500000 qaram    1.3225
parameters
   -3.2170   29.7790   -8.3125   -6.5789  -10.3707   -9.6118
   -2.5372    2.9982    5.9361   11.5692    0.7693  -17.8386
eta,q 0.97251  8.23170
  0.0374  0.0356  0.0349  0.0346  0.0267  0.0280  0.0297  0.0305  0.0309  0.0308  0.0287  0.0284
  0.0355  0.0344  0.0340  0.0337  0.0279  0.0276  0.0286  0.0288  0.0293  0.0288  0.0280  0.0278
  0.0341  0.0336  0.0334  0.0332  0.0300  0.0279  0.0278  0.0278  0.0282  0.0277  0.0276  0.0275
  0.0334  0.0333  0.0333  0.0333  0.0332  0.0283  0.0277  0.0277  0.0276  0.0276  0.0275  0.0275
  0.0334  0.0334  0.0335  0.0341  0.0365  0.0293  0.0282  0.0284  0.0279  0.0288  0.0276  0.0278
  0.0342  0.0339  0.0341  0.0360  0.0400  0.0317  0.0292  0.0299  0.0288  0.0308  0.0280  0.0282
  0.0357  0.0350  0.0350  0.0391  0.0445  0.0358  0.0305  0.0320  0.0304  0.0333  0.0286  0.0289
niter,ni,del,rscale     7    3    5.0000    1.2000
parameter  5  0.673085 ->  0.500000 qaram    1.5209
parameters
   -3.1475   29.7625   -8.7212   -6.4050  -15.8459  -10.6957
   -2.9679    2.8635    6.1076   12.4088    1.1541  -18.0054
eta,q 0.97452  7.96097
  0.0308  0.0305  0.0285  0.0300  0.0261  0.0274  0.0277  0.0290  0.0282  0.0300  0.0266  0.0265
  0.0291  0.0288  0.0278  0.0287  0.0257  0.0261  0.0265  0.0271  0.0268  0.0279  0.0260  0.0259
  0.0280  0.0278  0.0275  0.0279  0.0260  0.0255  0.0258  0.0259  0.0259  0.0264  0.0256  0.0256
  0.0275  0.0275  0.0275  0.0274  0.0274  0.0257  0.0256  0.0256  0.0256  0.0255  0.0255  0.0255
  0.0278  0.0279  0.0278  0.0275  0.0302  0.0262  0.0260  0.0260  0.0258  0.0256  0.0255  0.0256
  0.0288  0.0289  0.0285  0.0283  0.0340  0.0268  0.0269  0.0273  0.0266  0.0267  0.0258  0.0260
  0.0305  0.0305  0.0295  0.0301  0.0378  0.0286  0.0282  0.0293  0.0281  0.0287  0.0264  0.0266
niter,ni,del,rscale     7    3    5.0000    1.2000
parameters
   -3.2272   29.7949   -8.7866   -6.4145  -18.2042  -10.9000
   -3.3019    2.8649    5.9889   13.0765    1.5472  -17.7788
eta,q 0.97455  7.84606
  0.0283  0.0284  0.0269  0.0275  0.0280  0.0278  0.0277  0.0289  0.0279  0.0294  0.0265  0.0265
  0.0268  0.0268  0.0261  0.0264  0.0266  0.0263  0.0265  0.0271  0.0266  0.0274  0.0259  0.0259
  0.0258  0.0258  0.0256  0.0258  0.0257  0.0256  0.0257  0.0259  0.0257  0.0261  0.0256  0.0256
  0.0255  0.0255  0.0255  0.0255  0.0255  0.0255  0.0255  0.0255  0.0255  0.0255  0.0255  0.0254
  0.0259  0.0258  0.0257  0.0256  0.0264  0.0261  0.0259  0.0259  0.0258  0.0256  0.0255  0.0255
  0.0270  0.0267  0.0262  0.0262  0.0288  0.0266  0.0268  0.0271  0.0267  0.0266  0.0258  0.0258
  0.0288  0.0281  0.0270  0.0277  0.0329  0.0278  0.0280  0.0290  0.0280  0.0284  0.0263  0.0264
niter,ni,del,rscale     6    3    5.0000    1.2000
parameters
   -3.2891   29.8925   -8.7733   -6.7520  -18.6484  -11.0050
   -3.3491    2.8371    5.8247   13.2785    1.7313  -17.7114
eta,q 0.97453  7.80688
  0.0283  0.0283  0.0269  0.0272  0.0291  0.0278  0.0279  0.0288  0.0278  0.0289  0.0265  0.0265
  0.0267  0.0267  0.0261  0.0261  0.0273  0.0264  0.0266  0.0271  0.0265  0.0271  0.0259  0.0259
  0.0258  0.0258  0.0256  0.0256  0.0261  0.0256  0.0257  0.0259  0.0257  0.0259  0.0256  0.0256
  0.0254  0.0254  0.0254  0.0254  0.0255  0.0255  0.0255  0.0255  0.0255  0.0255  0.0255  0.0255
  0.0258  0.0257  0.0256  0.0256  0.0257  0.0261  0.0258  0.0258  0.0258  0.0257  0.0255  0.0256
  0.0269  0.0265  0.0261  0.0262  0.0272  0.0266  0.0267  0.0271  0.0267  0.0268  0.0258  0.0259
  0.0286  0.0278  0.0269  0.0277  0.0303  0.0277  0.0279  0.0290  0.0279  0.0287  0.0264  0.0265
niter,ni,del,rscale     5    3    5.0000    1.2000
parameters
   -3.3119   29.9449   -8.8164   -6.7954  -18.7205  -11.1112
   -3.3250    2.8108    5.7708   13.3643    1.7713  -17.7351
eta,q 0.97454  7.79794
  0.0283  0.0281  0.0268  0.0273  0.0293  0.0278  0.0279  0.0288  0.0278  0.0288  0.0264  0.0265
  0.0268  0.0266  0.0261  0.0262  0.0274  0.0264  0.0266  0.0271  0.0265  0.0270  0.0259  0.0259
  0.0258  0.0257  0.0256  0.0256  0.0262  0.0256  0.0257  0.0259  0.0257  0.0259  0.0256  0.0256
  0.0255  0.0255  0.0255  0.0255  0.0255  0.0255  0.0255  0.0255  0.0255  0.0255  0.0255  0.0255
  0.0258  0.0258  0.0256  0.0256  0.0256  0.0260  0.0258  0.0258  0.0258  0.0257  0.0255  0.0256
  0.0268  0.0266  0.0262  0.0261  0.0270  0.0266  0.0266  0.0270  0.0266  0.0268  0.0259  0.0259
  0.0285  0.0278  0.0269  0.0275  0.0299  0.0277  0.0278  0.0289  0.0278  0.0288  0.0264  0.0265
niter,ni,del,rscale     4    3    5.0000    1.2000
parameters
   -3.3187   29.9705   -8.8632   -6.8164  -18.7615  -11.1954
   -3.3174    2.8006    5.7643   13.4164    1.7605  -17.7597
eta,q 0.97455  7.79213
  0.0284  0.0280  0.0268  0.0273  0.0293  0.0278  0.0279  0.0288  0.0278  0.0288  0.0264  0.0265
  0.0268  0.0266  0.0261  0.0262  0.0274  0.0264  0.0266  0.0271  0.0265  0.0270  0.0259  0.0259
  0.0258  0.0257  0.0256  0.0256  0.0262  0.0256  0.0257  0.0259  0.0257  0.0259  0.0256  0.0256
  0.0255  0.0255  0.0255  0.0255  0.0255  0.0255  0.0255  0.0255  0.0255  0.0255  0.0255  0.0255
  0.0258  0.0258  0.0256  0.0256  0.0256  0.0260  0.0258  0.0258  0.0258  0.0257  0.0255  0.0256
  0.0268  0.0266  0.0261  0.0261  0.0269  0.0266  0.0266  0.0270  0.0266  0.0268  0.0259  0.0259
  0.0284  0.0278  0.0269  0.0274  0.0298  0.0277  0.0278  0.0289  0.0278  0.0288  0.0265  0.0265
niter,ni,del,rscale     3    3    5.0000    1.2000
parameters
   -3.3258   29.9893   -8.8977   -6.8356  -18.7880  -11.2568
   -3.3166    2.7896    5.7672   13.4574    1.7517  -17.7769
eta,q 0.97455  7.78796
  0.0283  0.0280  0.0268  0.0273  0.0293  0.0279  0.0278  0.0288  0.0278  0.0287  0.0264  0.0265
  0.0268  0.0266  0.0261  0.0262  0.0274  0.0264  0.0266  0.0271  0.0265  0.0269  0.0259  0.0259
  0.0258  0.0257  0.0256  0.0256  0.0262  0.0256  0.0257  0.0259  0.0257  0.0259  0.0256  0.0256
  0.0255  0.0255  0.0255  0.0255  0.0255  0.0255  0.0255  0.0255  0.0255  0.0255  0.0255  0.0254
  0.0258  0.0258  0.0256  0.0256  0.0256  0.0260  0.0258  0.0258  0.0258  0.0257  0.0255  0.0255
  0.0268  0.0266  0.0261  0.0261  0.0269  0.0266  0.0266  0.0270  0.0266  0.0268  0.0259  0.0259
  0.0284  0.0278  0.0269  0.0274  0.0298  0.0277  0.0278  0.0289  0.0278  0.0288  0.0265  0.0265
niter,ni,del,rscale     2    3    5.0000    1.2000
parameters
   -3.3316   30.0032   -8.9263   -6.8458  -18.8088  -11.3115
   -3.3150    2.7816    5.7793   13.4852    1.7337  -17.7859
eta,q 0.97455  7.78458
  0.0283  0.0280  0.0268  0.0273  0.0293  0.0279  0.0278  0.0288  0.0278  0.0287  0.0264  0.0265
  0.0268  0.0265  0.0261  0.0262  0.0274  0.0264  0.0266  0.0271  0.0265  0.0269  0.0259  0.0259
  0.0258  0.0257  0.0256  0.0256  0.0262  0.0256  0.0257  0.0259  0.0257  0.0259  0.0256  0.0256
  0.0254  0.0254  0.0255  0.0254  0.0254  0.0254  0.0254  0.0254  0.0254  0.0254  0.0254  0.0254
  0.0258  0.0258  0.0256  0.0256  0.0256  0.0260  0.0258  0.0258  0.0258  0.0257  0.0255  0.0255
  0.0268  0.0266  0.0261  0.0261  0.0269  0.0266  0.0266  0.0270  0.0265  0.0268  0.0259  0.0259
  0.0284  0.0278  0.0269  0.0274  0.0298  0.0277  0.0278  0.0289  0.0278  0.0288  0.0265  0.0265
niter,ni,del,rscale     1    3    5.0000    1.2000
parameters
   -3.3344   30.0155   -8.9481   -6.8543  -18.8249  -11.3537
   -3.3153    2.7731    5.7917   13.5137    1.7245  -17.7894
eta,q 0.97455  7.78204
  0.0283  0.0280  0.0269  0.0273  0.0292  0.0279  0.0278  0.0288  0.0278  0.0287  0.0264  0.0265
  0.0268  0.0265  0.0261  0.0262  0.0274  0.0265  0.0266  0.0271  0.0265  0.0269  0.0259  0.0259
  0.0258  0.0257  0.0256  0.0256  0.0262  0.0256  0.0257  0.0259  0.0257  0.0259  0.0256  0.0255
  0.0255  0.0254  0.0254  0.0254  0.0255  0.0255  0.0254  0.0254  0.0254  0.0254  0.0254  0.0254
  0.0258  0.0258  0.0256  0.0256  0.0256  0.0260  0.0258  0.0258  0.0257  0.0257  0.0255  0.0255
  0.0268  0.0266  0.0261  0.0261  0.0269  0.0266  0.0266  0.0270  0.0265  0.0268  0.0259  0.0259
  0.0284  0.0278  0.0269  0.0274  0.0298  0.0277  0.0278  0.0289  0.0278  0.0287  0.0264  0.0265
registration optimization eta report
parameter search radius
    2.4000    2.4000    2.4000    8.2800   10.9503    8.2800
    7.2000    7.2000    8.2800    8.2800    8.2800    7.2000
100000*second partial in parameter space
       50.       42.       25.        3.        3.        3.
        5.        7.        3.        5.        1.        2.
  0.0283  0.0280  0.0269  0.0273  0.0292  0.0279  0.0278  0.0288  0.0278  0.0287  0.0264  0.0265
  0.0268  0.0265  0.0261  0.0262  0.0274  0.0265  0.0266  0.0271  0.0265  0.0269  0.0259  0.0259
  0.0258  0.0257  0.0256  0.0256  0.0262  0.0256  0.0257  0.0259  0.0257  0.0259  0.0256  0.0255
  0.0255  0.0254  0.0254  0.0254  0.0255  0.0255  0.0254  0.0254  0.0254  0.0254  0.0254  0.0254
  0.0258  0.0258  0.0256  0.0256  0.0256  0.0260  0.0258  0.0258  0.0257  0.0257  0.0255  0.0255
  0.0268  0.0266  0.0261  0.0261  0.0269  0.0266  0.0266  0.0270  0.0265  0.0268  0.0259  0.0259
  0.0284  0.0278  0.0269  0.0274  0.0298  0.0277  0.0278  0.0289  0.0278  0.0287  0.0264  0.0265
   -3.3344   30.0155   -8.9481   -6.8543  -18.8249  -11.3537
   -3.3153    2.7731    5.7917   13.5137    1.7245  -17.7894
eta,q 0.97455  7.78204

---------------------------------------------------------------------
imgreg_4dfp /opt/freesurfer/average/711-2C_as_mni_average_305 /opt/freesurfer/average/711-2B_as_mni_average_305_mask talsrcimg_g11 none talsrcimg_to_711-2C_as_mni_average_305_t4 2311
---------------------------------------------------------------------

freesurfer imgreg_4dfp.c
/opt/freesurfer/average/711-2C_as_mni_average_305.4dfp.img
       256       256       256         1
  1.000000  1.000000  1.000000
orientation T byte_order littleendian
Reading image: /opt/freesurfer/average/711-2C_as_mni_average_305.4dfp.img
dimensions:      256       256       256
mmppix:       1.0000   -1.0000   -1.0000
center:     128.0000 -129.0000 -129.0000
/opt/freesurfer/average/711-2B_as_mni_average_305_mask.4dfp.img
       256       256       256         1
  1.000000  1.000000  1.000000
orientation T byte_order littleendian
Reading mask: /opt/freesurfer/average/711-2B_as_mni_average_305_mask.4dfp.img (2306576 pixels)
talsrcimg_g11.4dfp.img
       256       256       256         1
  1.000000  1.000000  1.000000
orientation T byte_order littleendian
Reading image: talsrcimg_g11.4dfp.img
dimensions:      256       256       256
mmppix:       1.0000   -1.0000   -1.0000
center:     128.0000 -129.0000 -129.0000
fimgreg.f
image alignment mode   2311 decimal      907 hex
parameters
   -3.3344   30.0155   -8.9481   -6.8543  -18.8249  -11.3537
   -3.3153    2.7731    5.7917   13.5137    1.7245  -17.7894
eta,q 0.97455  7.78203
niter,ni,del,rscale     5    3    5.0000    0.8000
parameters
   -3.3259   29.9940   -8.9719   -6.7016  -17.7218  -11.7865
   -3.2877    2.8414    5.7866   13.4056    1.8087  -17.7784
eta,q 0.97465  7.82138
  0.0268  0.0265  0.0261  0.0260  0.0265  0.0262  0.0265  0.0270  0.0262  0.0264  0.0257  0.0258
  0.0260  0.0259  0.0257  0.0257  0.0261  0.0256  0.0259  0.0261  0.0257  0.0258  0.0255  0.0255
  0.0256  0.0256  0.0255  0.0255  0.0257  0.0254  0.0255  0.0256  0.0254  0.0255  0.0254  0.0254
  0.0254  0.0254  0.0254  0.0254  0.0254  0.0254  0.0253  0.0253  0.0253  0.0253  0.0253  0.0253
  0.0256  0.0256  0.0255  0.0255  0.0254  0.0256  0.0255  0.0255  0.0254  0.0254  0.0254  0.0254
  0.0260  0.0260  0.0257  0.0256  0.0255  0.0260  0.0259  0.0260  0.0257  0.0259  0.0255  0.0255
  0.0267  0.0266  0.0261  0.0259  0.0259  0.0263  0.0265  0.0269  0.0262  0.0266  0.0257  0.0258
niter,ni,del,rscale     4    3    5.0000    0.7000
parameters
   -3.2926   29.9324   -9.1000   -6.5580  -17.6638  -12.0655
   -3.2915    2.8523    5.7463   13.3774    1.8443  -17.7595
eta,q 0.97468  7.81739
  0.0264  0.0262  0.0257  0.0257  0.0260  0.0261  0.0262  0.0265  0.0259  0.0262  0.0256  0.0257
  0.0258  0.0257  0.0255  0.0255  0.0257  0.0256  0.0257  0.0259  0.0256  0.0257  0.0254  0.0255
  0.0255  0.0254  0.0254  0.0254  0.0254  0.0254  0.0254  0.0255  0.0254  0.0254  0.0253  0.0254
  0.0253  0.0253  0.0253  0.0253  0.0253  0.0253  0.0253  0.0253  0.0253  0.0253  0.0253  0.0253
  0.0254  0.0255  0.0254  0.0253  0.0254  0.0255  0.0254  0.0254  0.0254  0.0254  0.0253  0.0253
  0.0258  0.0258  0.0256  0.0255  0.0256  0.0258  0.0257  0.0258  0.0256  0.0257  0.0254  0.0255
  0.0263  0.0263  0.0259  0.0257  0.0260  0.0262  0.0262  0.0266  0.0260  0.0263  0.0256  0.0257
niter,ni,del,rscale     3    3    5.0000    0.6000
parameters
   -3.2903   29.9436   -9.1887   -6.6031  -17.6340  -12.2936
   -3.2942    2.8645    5.7196   13.4456    1.8709  -17.7424
eta,q 0.97469  7.80745
  0.0261  0.0260  0.0256  0.0256  0.0258  0.0259  0.0260  0.0262  0.0258  0.0260  0.0255  0.0256
  0.0257  0.0256  0.0254  0.0254  0.0256  0.0255  0.0256  0.0257  0.0255  0.0256  0.0254  0.0254
  0.0254  0.0254  0.0253  0.0253  0.0254  0.0254  0.0254  0.0254  0.0254  0.0254  0.0253  0.0253
  0.0253  0.0253  0.0253  0.0253  0.0253  0.0253  0.0253  0.0253  0.0253  0.0253  0.0253  0.0253
  0.0254  0.0254  0.0254  0.0253  0.0254  0.0254  0.0254  0.0254  0.0254  0.0253  0.0253  0.0253
  0.0256  0.0256  0.0255  0.0254  0.0255  0.0257  0.0256  0.0257  0.0255  0.0256  0.0254  0.0254
  0.0261  0.0260  0.0257  0.0256  0.0258  0.0260  0.0260  0.0262  0.0258  0.0260  0.0255  0.0256
niter,ni,del,rscale     2    3    5.0000    0.5000
parameters
   -3.2920   29.9700   -9.2763   -6.5972  -17.6403  -12.4732
   -3.2901    2.8727    5.7057   13.5574    1.9447  -17.7803
eta,q 0.97470  7.80090
  0.0258  0.0258  0.0255  0.0255  0.0256  0.0257  0.0258  0.0259  0.0256  0.0258  0.0254  0.0255
  0.0255  0.0255  0.0254  0.0254  0.0255  0.0255  0.0255  0.0256  0.0254  0.0255  0.0254  0.0254
  0.0254  0.0254  0.0253  0.0253  0.0254  0.0253  0.0254  0.0254  0.0253  0.0254  0.0253  0.0253
  0.0253  0.0253  0.0253  0.0253  0.0253  0.0253  0.0253  0.0253  0.0253  0.0253  0.0253  0.0253
  0.0254  0.0254  0.0254  0.0253  0.0253  0.0254  0.0254  0.0254  0.0253  0.0253  0.0253  0.0253
  0.0255  0.0255  0.0255  0.0254  0.0255  0.0256  0.0255  0.0256  0.0255  0.0255  0.0253  0.0254
  0.0258  0.0257  0.0256  0.0255  0.0257  0.0258  0.0258  0.0259  0.0256  0.0257  0.0254  0.0255
niter,ni,del,rscale     1    3    5.0000    0.4000
parameters
   -3.2935   30.0042   -9.3594   -6.6116  -17.6626  -12.6193
   -3.2856    2.8768    5.6871   13.6908    1.9331  -17.8510
eta,q 0.97471  7.79486
  0.0256  0.0256  0.0254  0.0254  0.0255  0.0256  0.0256  0.0257  0.0255  0.0256  0.0254  0.0254
  0.0254  0.0254  0.0254  0.0253  0.0254  0.0254  0.0254  0.0255  0.0254  0.0255  0.0253  0.0253
  0.0253  0.0253  0.0253  0.0253  0.0253  0.0253  0.0253  0.0253  0.0253  0.0253  0.0253  0.0253
  0.0253  0.0253  0.0253  0.0253  0.0253  0.0253  0.0253  0.0253  0.0253  0.0253  0.0253  0.0253
  0.0253  0.0253  0.0253  0.0253  0.0253  0.0254  0.0253  0.0253  0.0253  0.0253  0.0253  0.0253
  0.0254  0.0254  0.0254  0.0253  0.0254  0.0255  0.0254  0.0255  0.0254  0.0254  0.0253  0.0253
  0.0256  0.0256  0.0255  0.0254  0.0255  0.0257  0.0256  0.0257  0.0255  0.0256  0.0254  0.0254
registration optimization eta report
parameter search radius
    0.8000    0.8000    0.8000    2.4000    2.4000    2.4000
    2.4000    2.4000    2.4000    2.4000    2.4000    2.4000
100000*second partial in parameter space
       52.       45.       26.        2.        4.        6.
        5.        7.        4.        5.        1.        2.
  0.0256  0.0256  0.0254  0.0254  0.0255  0.0256  0.0256  0.0257  0.0255  0.0256  0.0254  0.0254
  0.0254  0.0254  0.0254  0.0253  0.0254  0.0254  0.0254  0.0255  0.0254  0.0255  0.0253  0.0253
  0.0253  0.0253  0.0253  0.0253  0.0253  0.0253  0.0253  0.0253  0.0253  0.0253  0.0253  0.0253
  0.0253  0.0253  0.0253  0.0253  0.0253  0.0253  0.0253  0.0253  0.0253  0.0253  0.0253  0.0253
  0.0253  0.0253  0.0253  0.0253  0.0253  0.0254  0.0253  0.0253  0.0253  0.0253  0.0253  0.0253
  0.0254  0.0254  0.0254  0.0253  0.0254  0.0255  0.0254  0.0255  0.0254  0.0254  0.0253  0.0253
  0.0256  0.0256  0.0255  0.0254  0.0255  0.0257  0.0256  0.0257  0.0255  0.0256  0.0254  0.0254
   -3.2935   30.0042   -9.3594   -6.6116  -17.6626  -12.6193
   -3.2856    2.8768    5.6871   13.6908    1.9331  -17.8510
eta,q 0.97471  7.79486

---------------------------------------------------------------------
imgreg_4dfp /opt/freesurfer/average/711-2C_as_mni_average_305 /opt/freesurfer/average/711-2B_as_mni_average_305_mask talsrcimg_g11 none talsrcimg_to_711-2C_as_mni_average_305_t4 2311
---------------------------------------------------------------------

freesurfer imgreg_4dfp.c
/opt/freesurfer/average/711-2C_as_mni_average_305.4dfp.img
       256       256       256         1
  1.000000  1.000000  1.000000
orientation T byte_order littleendian
Reading image: /opt/freesurfer/average/711-2C_as_mni_average_305.4dfp.img
dimensions:      256       256       256
mmppix:       1.0000   -1.0000   -1.0000
center:     128.0000 -129.0000 -129.0000
/opt/freesurfer/average/711-2B_as_mni_average_305_mask.4dfp.img
       256       256       256         1
  1.000000  1.000000  1.000000
orientation T byte_order littleendian
Reading mask: /opt/freesurfer/average/711-2B_as_mni_average_305_mask.4dfp.img (2306576 pixels)
talsrcimg_g11.4dfp.img
       256       256       256         1
  1.000000  1.000000  1.000000
orientation T byte_order littleendian
Reading image: talsrcimg_g11.4dfp.img
dimensions:      256       256       256
mmppix:       1.0000   -1.0000   -1.0000
center:     128.0000 -129.0000 -129.0000
fimgreg.f
image alignment mode   2311 decimal      907 hex
parameters
   -3.2935   30.0042   -9.3594   -6.6116  -17.6626  -12.6193
   -3.2856    2.8768    5.6871   13.6908    1.9331  -17.8510
eta,q 0.97471  7.79486
niter,ni,del,rscale     5    3    5.0000    0.8000
parameters
   -3.3132   30.0686   -9.4156   -6.7934  -18.0173  -12.5867
   -3.3017    2.7811    5.7274   13.7210    1.8321  -17.8816
eta,q 0.97470  7.77234
  0.0266  0.0265  0.0259  0.0258  0.0260  0.0265  0.0264  0.0268  0.0261  0.0264  0.0256  0.0257
  0.0259  0.0259  0.0256  0.0255  0.0256  0.0258  0.0258  0.0260  0.0257  0.0258  0.0254  0.0255
  0.0254  0.0254  0.0253  0.0253  0.0254  0.0254  0.0254  0.0255  0.0254  0.0255  0.0253  0.0253
  0.0253  0.0253  0.0253  0.0253  0.0253  0.0253  0.0253  0.0253  0.0253  0.0253  0.0253  0.0253
  0.0254  0.0254  0.0254  0.0253  0.0254  0.0255  0.0254  0.0255  0.0254  0.0254  0.0253  0.0253
  0.0259  0.0258  0.0256  0.0255  0.0258  0.0259  0.0258  0.0260  0.0257  0.0258  0.0254  0.0255
  0.0267  0.0263  0.0260  0.0259  0.0263  0.0264  0.0264  0.0270  0.0261  0.0264  0.0257  0.0258
niter,ni,del,rscale     4    3    5.0000    0.7000
parameters
   -3.3386   30.0956   -9.4174   -6.8505  -17.9905  -12.6832
   -3.3104    2.7771    5.7629   13.8030    1.8234  -17.8727
eta,q 0.97470  7.76830
  0.0263  0.0262  0.0258  0.0257  0.0259  0.0262  0.0262  0.0265  0.0259  0.0262  0.0255  0.0256
  0.0257  0.0257  0.0255  0.0255  0.0256  0.0257  0.0257  0.0259  0.0256  0.0257  0.0254  0.0254
  0.0254  0.0254  0.0254  0.0253  0.0254  0.0254  0.0254  0.0255  0.0254  0.0254  0.0253  0.0253
  0.0253  0.0253  0.0253  0.0253  0.0253  0.0253  0.0253  0.0253  0.0253  0.0253  0.0253  0.0253
  0.0254  0.0254  0.0254  0.0253  0.0253  0.0255  0.0254  0.0254  0.0254  0.0253  0.0253  0.0253
  0.0258  0.0257  0.0255  0.0255  0.0256  0.0258  0.0257  0.0258  0.0256  0.0256  0.0254  0.0254
  0.0263  0.0261  0.0258  0.0257  0.0260  0.0262  0.0262  0.0265  0.0259  0.0261  0.0255  0.0256
niter,ni,del,rscale     3    3    5.0000    0.6000
parameters
   -3.3421   30.1126   -9.4653   -6.8362  -17.9647  -12.8006
   -3.3113    2.7811    5.7684   13.8955    1.8344  -17.9056
eta,q 0.97471  7.76647
  0.0260  0.0260  0.0256  0.0256  0.0258  0.0260  0.0259  0.0262  0.0258  0.0259  0.0255  0.0255
  0.0256  0.0256  0.0254  0.0254  0.0255  0.0256  0.0256  0.0257  0.0255  0.0256  0.0254  0.0254
  0.0254  0.0254  0.0253  0.0253  0.0254  0.0254  0.0254  0.0254  0.0253  0.0254  0.0253  0.0253
  0.0253  0.0253  0.0253  0.0253  0.0253  0.0253  0.0253  0.0253  0.0253  0.0253  0.0253  0.0253
  0.0254  0.0254  0.0253  0.0253  0.0253  0.0254  0.0254  0.0254  0.0253  0.0253  0.0253  0.0253
  0.0256  0.0256  0.0255  0.0254  0.0255  0.0257  0.0256  0.0257  0.0255  0.0255  0.0254  0.0254
  0.0260  0.0259  0.0257  0.0256  0.0258  0.0260  0.0259  0.0262  0.0258  0.0259  0.0255  0.0255
niter,ni,del,rscale     2    3    5.0000    0.5000
parameters
   -3.3362   30.1380   -9.5216   -6.8373  -17.9713  -12.9202
   -3.3160    2.8006    5.7578   14.0229    1.8731  -17.8952
eta,q 0.97472  7.76222
  0.0258  0.0258  0.0255  0.0255  0.0256  0.0258  0.0257  0.0259  0.0256  0.0257  0.0254  0.0254
  0.0255  0.0255  0.0254  0.0254  0.0254  0.0255  0.0255  0.0256  0.0254  0.0255  0.0253  0.0254
  0.0253  0.0253  0.0253  0.0253  0.0253  0.0253  0.0253  0.0254  0.0253  0.0254  0.0253  0.0253
  0.0253  0.0253  0.0253  0.0253  0.0253  0.0253  0.0253  0.0253  0.0253  0.0253  0.0253  0.0253
  0.0253  0.0253  0.0253  0.0253  0.0253  0.0254  0.0253  0.0253  0.0253  0.0253  0.0253  0.0253
  0.0255  0.0255  0.0254  0.0254  0.0254  0.0256  0.0255  0.0256  0.0254  0.0254  0.0253  0.0253
  0.0258  0.0257  0.0256  0.0255  0.0256  0.0258  0.0257  0.0259  0.0256  0.0257  0.0254  0.0255
niter,ni,del,rscale     1    3    5.0000    0.4000
parameters
   -3.3373   30.1698   -9.5779   -6.8593  -17.9899  -13.0117
   -3.3060    2.7991    5.7291   14.1750    1.9575  -17.9263
eta,q 0.97472  7.75791
  0.0256  0.0256  0.0254  0.0254  0.0255  0.0256  0.0256  0.0257  0.0255  0.0256  0.0254  0.0254
  0.0254  0.0254  0.0253  0.0253  0.0254  0.0254  0.0254  0.0255  0.0254  0.0254  0.0253  0.0253
  0.0253  0.0253  0.0253  0.0253  0.0253  0.0253  0.0253  0.0253  0.0253  0.0253  0.0253  0.0253
  0.0253  0.0253  0.0253  0.0253  0.0253  0.0253  0.0253  0.0253  0.0253  0.0253  0.0253  0.0253
  0.0253  0.0253  0.0253  0.0253  0.0253  0.0253  0.0253  0.0253  0.0253  0.0253  0.0253  0.0253
  0.0254  0.0254  0.0254  0.0253  0.0254  0.0255  0.0254  0.0254  0.0254  0.0254  0.0253  0.0253
  0.0256  0.0255  0.0255  0.0254  0.0255  0.0256  0.0256  0.0257  0.0255  0.0255  0.0254  0.0254
registration optimization eta report
parameter search radius
    0.8000    0.8000    0.8000    2.4000    2.4000    2.4000
    2.4000    2.4000    2.4000    2.4000    2.4000    2.4000
100000*second partial in parameter space
       51.       45.       26.        2.        4.        6.
        5.        7.        4.        5.        1.        2.
  0.0256  0.0256  0.0254  0.0254  0.0255  0.0256  0.0256  0.0257  0.0255  0.0256  0.0254  0.0254
  0.0254  0.0254  0.0253  0.0253  0.0254  0.0254  0.0254  0.0255  0.0254  0.0254  0.0253  0.0253
  0.0253  0.0253  0.0253  0.0253  0.0253  0.0253  0.0253  0.0253  0.0253  0.0253  0.0253  0.0253
  0.0253  0.0253  0.0253  0.0253  0.0253  0.0253  0.0253  0.0253  0.0253  0.0253  0.0253  0.0253
  0.0253  0.0253  0.0253  0.0253  0.0253  0.0253  0.0253  0.0253  0.0253  0.0253  0.0253  0.0253
  0.0254  0.0254  0.0254  0.0253  0.0254  0.0255  0.0254  0.0254  0.0254  0.0254  0.0253  0.0253
  0.0256  0.0255  0.0255  0.0254  0.0255  0.0256  0.0256  0.0257  0.0255  0.0255  0.0254  0.0254
   -3.3373   30.1698   -9.5779   -6.8593  -17.9899  -13.0117
   -3.3060    2.7991    5.7291   14.1750    1.9575  -17.9263
eta,q 0.97472  7.75791

---------------------------------------------------------------------
compute_vox2vox talsrcimg talsrcimg_to_711-2C_as_mni_average_305_t4 /opt/freesurfer/average/711-2C_as_mni_average_305
---------------------------------------------------------------------

freesurfer compute_vox2vox.c
Reading: talsrcimg.4dfp.ifh
Reading: talsrcimg_to_711-2C_as_mni_average_305_t4
Reading: /opt/freesurfer/average/711-2C_as_mni_average_305.4dfp.ifh
Writing: talsrcimg_to_711-2C_as_mni_average_305_t4_vox2vox.txt

start time Mon Mar 9 02:38:47 CET 2026
end		time Mon Mar 9 02:40:17 CET 2026

mpr2mni305 success

avi2talxfm orig_nu.mgz /opt/freesurfer/average/mni305.cor.mgz talsrcimg_to_711-2C_as_mni_average_305_t4_vox2vox.txt transforms/talairach.auto.xfm
avi2talxfm done
mv -f /out/sourcedata/freesurfer/sub-v1s17x0050266_ses-1/mri/talsrcimg_to_711-2C_as_mni_average_305_t4_vox2vox.txt /out/sourcedata/freesurfer/sub-v1s17x0050266_ses-1/mri/transforms/talsrcimg_to_711-2C_as_mni_average_305_t4_vox2vox.txt
lta_convert --src orig_nu.mgz --trg /opt/freesurfer/average/mni305.cor.mgz --inxfm transforms/talairach.auto.xfm --outlta transforms/talairach.auto.xfm.lta --subject fsaverage
7.3.2

--src: orig_nu.mgz src image (geometry).
--trg: /opt/freesurfer/average/mni305.cor.mgz trg image (geometry).
--inmni: transforms/talairach.auto.xfm input MNI/XFM transform.
--outlta: transforms/talairach.auto.xfm.lta output LTA.
--s: fsaverage subject name
 LTA read, type : 1
 1.07237  -0.04012   0.03446   1.01155;
-0.03821   1.11147   0.24141   3.23341;
-0.06831  -0.18931   1.17523  -5.34140;
 0.00000   0.00000   0.00000   1.00000;
setting subject to fsaverage
Writing  LTA to file transforms/talairach.auto.xfm.lta...
lta_convert successful.
 
 
Started at Mon Mar 9 02:38:46 CET 2026
Ended   at Mon Mar  9 02:40:18 CET 2026
talairach_avi done
