status file for recon-all
Mon Mar  9 04:52:52 CET 2026
#@# Tessellate rh Mon Mar  9 04:52:52 CET 2026
#@# Smooth1 rh Mon Mar  9 04:52:57 CET 2026
#@# Inflation1 rh Mon Mar  9 04:53:00 CET 2026
#@# QSphere rh Mon Mar  9 04:53:15 CET 2026
#@# Fix Topology rh Mon Mar  9 04:54:49 CET 2026
#@# Smooth2 rh Mon Mar  9 05:02:47 CET 2026
#@# Inflation2 rh Mon Mar  9 05:02:51 CET 2026
#@# Curv .H and .K rh Mon Mar  9 05:03:10 CET 2026
#@# Sphere rh Mon Mar  9 05:04:08 CET 2026
#@# Surf Reg rh Mon Mar  9 05:06:59 CET 2026
#@# Jacobian white rh Mon Mar  9 05:11:47 CET 2026
#@# AvgCurv rh Mon Mar  9 05:11:48 CET 2026
#@# Cortical Parc rh Mon Mar  9 05:11:49 CET 2026
#@# white curv rh Mon Mar  9 05:19:09 CET 2026
#@# white area rh Mon Mar  9 05:19:11 CET 2026
#@# pial curv rh Mon Mar  9 05:19:13 CET 2026
#@# pial area rh Mon Mar  9 05:19:15 CET 2026
#@# thickness rh Mon Mar  9 05:19:16 CET 2026
#@# area and vertex vol rh Mon Mar  9 05:19:49 CET 2026
#@# Curvature Stats rh Mon Mar  9 05:19:51 CET 2026
#@# Cortical Parc 2 rh Mon Mar  9 05:19:53 CET 2026
#@# Cortical Parc 3 rh Mon Mar  9 05:20:09 CET 2026
#@# WM/GM Contrast rh Mon Mar  9 05:20:21 CET 2026
recon-all -s sub-v1s17x0050264_ses-1 finished without error at Mon Mar  9 05:20:25 CET 2026



#New# invocation of recon-all 



status file for recon-all
Mon Mar  9 05:30:23 CET 2026
#@# white curv rh Mon Mar  9 05:30:23 CET 2026
#@# white area rh Mon Mar  9 05:30:23 CET 2026
#@# pial curv rh Mon Mar  9 05:30:23 CET 2026
#@# pial area rh Mon Mar  9 05:30:23 CET 2026
#@# thickness rh Mon Mar  9 05:30:23 CET 2026
#@# area and vertex vol rh Mon Mar  9 05:30:23 CET 2026
#@# Parcellation Stats rh Mon Mar  9 05:30:23 CET 2026
#@# Parcellation Stats 2 rh Mon Mar  9 05:30:50 CET 2026
#@# Parcellation Stats 3 rh Mon Mar  9 05:31:04 CET 2026
#@# BA_exvivo Labels rh Mon Mar  9 05:31:16 CET 2026
recon-all -s sub-v1s17x0050264_ses-1 finished without error at Mon Mar  9 05:34:20 CET 2026
