status file for recon-all
Mon Mar  9 02:34:10 CET 2026
#@# Tessellate rh Mon Mar  9 02:34:10 CET 2026
#@# Smooth1 rh Mon Mar  9 02:34:12 CET 2026
#@# Inflation1 rh Mon Mar  9 02:34:14 CET 2026
#@# QSphere rh Mon Mar  9 02:34:21 CET 2026
#@# Fix Topology rh Mon Mar  9 02:35:00 CET 2026
#@# Smooth2 rh Mon Mar  9 02:39:55 CET 2026
#@# Inflation2 rh Mon Mar  9 02:39:57 CET 2026
#@# Curv .H and .K rh Mon Mar  9 02:40:04 CET 2026
#@# Sphere rh Mon Mar  9 02:40:41 CET 2026
#@# Surf Reg rh Mon Mar  9 02:42:45 CET 2026
#@# Jacobian white rh Mon Mar  9 02:45:28 CET 2026
#@# AvgCurv rh Mon Mar  9 02:45:28 CET 2026
#@# Cortical Parc rh Mon Mar  9 02:45:29 CET 2026
#@# white curv rh Mon Mar  9 02:50:37 CET 2026
#@# white area rh Mon Mar  9 02:50:38 CET 2026
#@# pial curv rh Mon Mar  9 02:50:39 CET 2026
#@# pial area rh Mon Mar  9 02:50:40 CET 2026
#@# thickness rh Mon Mar  9 02:50:40 CET 2026
#@# area and vertex vol rh Mon Mar  9 02:50:59 CET 2026
#@# Curvature Stats rh Mon Mar  9 02:51:00 CET 2026
#@# Cortical Parc 2 rh Mon Mar  9 02:51:02 CET 2026
#@# Cortical Parc 3 rh Mon Mar  9 02:51:11 CET 2026
#@# WM/GM Contrast rh Mon Mar  9 02:51:18 CET 2026
recon-all -s sub-v1s17x0050238_ses-1 finished without error at Mon Mar  9 02:51:20 CET 2026



#New# invocation of recon-all 



status file for recon-all
Mon Mar  9 02:57:12 CET 2026
#@# white curv rh Mon Mar  9 02:57:12 CET 2026
#@# white area rh Mon Mar  9 02:57:12 CET 2026
#@# pial curv rh Mon Mar  9 02:57:12 CET 2026
#@# pial area rh Mon Mar  9 02:57:12 CET 2026
#@# thickness rh Mon Mar  9 02:57:12 CET 2026
#@# area and vertex vol rh Mon Mar  9 02:57:12 CET 2026
#@# Parcellation Stats rh Mon Mar  9 02:57:12 CET 2026
#@# Parcellation Stats 2 rh Mon Mar  9 02:57:26 CET 2026
#@# Parcellation Stats 3 rh Mon Mar  9 02:57:33 CET 2026
#@# BA_exvivo Labels rh Mon Mar  9 02:57:40 CET 2026
recon-all -s sub-v1s17x0050238_ses-1 finished without error at Mon Mar  9 02:59:25 CET 2026
