status file for recon-all
Mon Mar  9 01:06:39 CET 2026
#@# MotionCor Mon Mar  9 01:06:40 CET 2026
#@# Talairach Mon Mar  9 01:06:45 CET 2026
#@# Talairach Failure Detection Mon Mar  9 01:09:35 CET 2026
#@# Nu Intensity Correction Mon Mar  9 01:09:35 CET 2026
#@# Intensity Normalization Mon Mar  9 01:12:19 CET 2026
recon-all -s sub-v1s17x0050238_ses-1 finished without error at Mon Mar  9 01:13:20 CET 2026



#New# invocation of recon-all 



status file for recon-all
Mon Mar  9 01:19:21 CET 2026
#@# EM Registration Mon Mar  9 01:19:21 CET 2026
recon-all -s sub-v1s17x0050238_ses-1 finished without error at Mon Mar  9 01:20:37 CET 2026



#New# invocation of recon-all 



status file for recon-all
Mon Mar  9 01:20:39 CET 2026
#@# CA Normalize Mon Mar  9 01:20:39 CET 2026
#@# CA Reg Mon Mar  9 01:21:32 CET 2026
#@# SubCort Seg Mon Mar  9 01:52:54 CET 2026
#@# CC Seg Mon Mar  9 02:13:14 CET 2026
#@# Merge ASeg Mon Mar  9 02:13:43 CET 2026
#@# Intensity Normalization2 Mon Mar  9 02:13:43 CET 2026
#@# Mask BFS Mon Mar  9 02:15:12 CET 2026
#@# WM Segmentation Mon Mar  9 02:15:12 CET 2026
#@# Fill Mon Mar  9 02:16:48 CET 2026
recon-all -s sub-v1s17x0050238_ses-1 finished without error at Mon Mar  9 02:17:26 CET 2026



#New# invocation of recon-all 



status file for recon-all
Mon Mar  9 02:51:24 CET 2026
#@# white curv lh Mon Mar  9 02:51:24 CET 2026
#@# white area lh Mon Mar  9 02:51:24 CET 2026
#@# pial curv lh Mon Mar  9 02:51:24 CET 2026
#@# pial area lh Mon Mar  9 02:51:24 CET 2026
#@# thickness lh Mon Mar  9 02:51:24 CET 2026
#@# area and vertex vol lh Mon Mar  9 02:51:24 CET 2026
#@# white curv rh Mon Mar  9 02:51:24 CET 2026
#@# white area rh Mon Mar  9 02:51:24 CET 2026
#@# pial curv rh Mon Mar  9 02:51:24 CET 2026
#@# pial area rh Mon Mar  9 02:51:24 CET 2026
#@# thickness rh Mon Mar  9 02:51:24 CET 2026
#@# area and vertex vol rh Mon Mar  9 02:51:24 CET 2026
#@# Cortical ribbon mask Mon Mar  9 02:51:24 CET 2026
recon-all -s sub-v1s17x0050238_ses-1 finished without error at Mon Mar  9 02:54:50 CET 2026



#New# invocation of recon-all 



status file for recon-all
Mon Mar  9 02:59:30 CET 2026
#@# white curv lh Mon Mar  9 02:59:30 CET 2026
#@# white area lh Mon Mar  9 02:59:30 CET 2026
#@# pial curv lh Mon Mar  9 02:59:30 CET 2026
#@# pial area lh Mon Mar  9 02:59:30 CET 2026
#@# thickness lh Mon Mar  9 02:59:30 CET 2026
#@# area and vertex vol lh Mon Mar  9 02:59:30 CET 2026
#@# white curv rh Mon Mar  9 02:59:30 CET 2026
#@# white area rh Mon Mar  9 02:59:30 CET 2026
#@# pial curv rh Mon Mar  9 02:59:30 CET 2026
#@# pial area rh Mon Mar  9 02:59:30 CET 2026
#@# thickness rh Mon Mar  9 02:59:30 CET 2026
#@# area and vertex vol rh Mon Mar  9 02:59:30 CET 2026
#@# Curvature Stats lh Mon Mar  9 02:59:30 CET 2026
#@# Curvature Stats rh Mon Mar  9 02:59:32 CET 2026
#@# Relabel Hypointensities Mon Mar  9 02:59:33 CET 2026
#@# APas-to-ASeg Mon Mar  9 02:59:44 CET 2026
#@# AParc-to-ASeg aparc Mon Mar  9 02:59:49 CET 2026
#@# AParc-to-ASeg aparc.a2009s Mon Mar  9 03:00:07 CET 2026
#@# AParc-to-ASeg aparc.DKTatlas Mon Mar  9 03:00:27 CET 2026
#@# WMParc Mon Mar  9 03:00:47 CET 2026
#@# ASeg Stats Mon Mar  9 03:02:43 CET 2026
recon-all -s sub-v1s17x0050238_ses-1 finished without error at Mon Mar  9 03:02:59 CET 2026
