/out/sourcedata/freesurfer/sub-v1s17x0050237_ses-1/mri
/opt/freesurfer/bin/talairach_avi
--i orig_nu.mgz --xfm transforms/talairach.auto.xfm
talairach_avi 7.3.2
Linux dna030 5.14.0-427.37.1.el9_4.x86_64 #1 SMP PREEMPT_DYNAMIC Fri Sep 13 12:41:50 EDT 2024 x86_64 x86_64 x86_64 GNU/Linux
Mon Mar  9 01:02:47 CET 2026
mri_convert orig_nu.mgz talsrcimg.img 
reading from orig_nu.mgz...
TR=0.00, TE=0.00, TI=0.00, flip angle=0.00
i_ras = (-1, -2.77942e-09, 1.86265e-09)
j_ras = (0, -9.31323e-10, -1)
k_ras = (-4.68572e-09, 1, 0)
writing to talsrcimg.img...
Analyze Output Matrix
-1.00000   0.00000  -0.00000   127.83398;
-0.00000  -0.00000   1.00000  -134.63431;
 0.00000  -1.00000   0.00000   119.49983;
 0.00000   0.00000   0.00000   1.00000;
--------------------
INFO: set hdr.hist.orient to -1
mpr2mni305 talsrcimg
Mon Mar  9 01:02:47 CET 2026
/opt/freesurfer/bin/mpr2mni305 talsrcimg
mpr2mni305 7.3.2
target=711-2C_as_mni_average_305

---------------------------------------------------------------------
analyzeto4dfp talsrcimg -O0 -y
---------------------------------------------------------------------

freesurfer ifh2hdr.c
Mon Mar  9 01:02:48 2026
Writing: talsrcimg.4dfp.hdr
freesurfer analyzeto4dfp.c
Reading: talsrcimg.hdr
header size 348 bytes
hdr.dime.datatype	offset=70	value=2
hdr.dime.bitpix		offset=72	value=8
hdr.hist.orient		offset=252	value=-1
dimensionality     4
dimensions       256       256       256         1
Reading: talsrcimg.img
Writing: talsrcimg.4dfp.img
Writing: talsrcimg.4dfp.ifh
ifh2hdr talsrcimg -r0to255
ori=2

---------------------------------------------------------------------
gauss_4dfp talsrcimg 1.1
---------------------------------------------------------------------

freesurfer gauss_4dfp.c
Reading: talsrcimg.4dfp.img
Writing: talsrcimg_g11.4dfp.img
image dimensions 256 256 256 padded to 288 288 288
processing volume 1freesurfer ifh2hdr.c
Mon Mar  9 01:02:49 2026
Writing: talsrcimg_g11.4dfp.hdr

Writing: talsrcimg_g11.4dfp.ifh
including: talsrcimg.4dfp.img.rec in talsrcimg_g11.4dfp.img.rec

---------------------------------------------------------------------
imgreg_4dfp /opt/freesurfer/average/711-2C_as_mni_average_305 none talsrcimg_g11 none talsrcimg_to_711-2C_as_mni_average_305_t4 4355
---------------------------------------------------------------------

freesurfer imgreg_4dfp.c
/opt/freesurfer/average/711-2C_as_mni_average_305.4dfp.img
       256       256       256         1
  1.000000  1.000000  1.000000
orientation T byte_order littleendian
Reading image: /opt/freesurfer/average/711-2C_as_mni_average_305.4dfp.img
dimensions:      256       256       256
mmppix:       1.0000   -1.0000   -1.0000
center:     128.0000 -129.0000 -129.0000
talsrcimg_g11.4dfp.img
       256       256       256         1
  1.000000  1.000000  1.000000
orientation T byte_order littleendian
Reading image: talsrcimg_g11.4dfp.img
dimensions:      256       256       256
mmppix:       1.0000   -1.0000   -1.0000
center:     128.0000 -129.0000 -129.0000
t4_read: open error in t4_sub.f l:  41 t4_file(1:l)talsrcimg_to_711-2C_as_mni_average_305_t4 
t4_read: transform initialized to I4
rotation matrix determinant  1.000000
image alignment mode   4355 decimal     1103 hex
   -7.5000  -45.0000  -45.0000 8028.3340   10.4309
    0.0000  -45.0000  -45.0000 8384.1543   10.4527
    7.5000  -45.0000  -45.0000 7977.4829   10.4478
   -7.5000  -37.5000  -45.0000 8592.6006   10.2576
    0.0000  -37.5000  -45.0000 8954.8662   10.2745
    7.5000  -37.5000  -45.0000 8547.6230   10.2698
   -7.5000  -30.0000  -45.0000 9542.5371   10.2067
    0.0000  -30.0000  -45.0000 9950.2852   10.2229
    7.5000  -30.0000  -45.0000 9509.3457   10.2207
   -7.5000  -22.5000  -45.000010464.5537   10.1976
    0.0000  -22.5000  -45.000010914.8867   10.2181
    7.5000  -22.5000  -45.000010439.1416   10.2180
   -7.5000  -15.0000  -45.000011339.9473   10.1914
    0.0000  -15.0000  -45.000011841.0654   10.2164
    7.5000  -15.0000  -45.000011290.1963   10.2164
   -7.5000   -7.5000  -45.000012186.5215   10.1939
    0.0000   -7.5000  -45.000012746.1465   10.2182
    7.5000   -7.5000  -45.000012126.5693   10.2157
   -7.5000    0.0000  -45.000012939.8516   10.2022
    0.0000    0.0000  -45.000013499.4746   10.2223
    7.5000    0.0000  -45.000012875.1475   10.2174
   -7.5000    7.5000  -45.000012582.8428   10.2073
    0.0000    7.5000  -45.000013136.3125   10.2239
    7.5000    7.5000  -45.000012524.2832   10.2194
   -7.5000   15.0000  -45.000012088.2715   10.2052
    0.0000   15.0000  -45.000012611.7070   10.2214
    7.5000   15.0000  -45.000012052.5713   10.2192
   -7.5000   22.5000  -45.000011535.1016   10.1961
    0.0000   22.5000  -45.000012022.3867   10.2166
    7.5000   22.5000  -45.000011513.4463   10.2165
   -7.5000   30.0000  -45.000010925.1982   10.0556
    0.0000   30.0000  -45.000011375.4805   10.0803
    7.5000   30.0000  -45.000010900.3945   10.0803
   -7.5000   37.5000  -45.000010590.9014   10.0581
    0.0000   37.5000  -45.000011021.1992   10.0820
    7.5000   37.5000  -45.000010558.1914   10.0796
   -7.5000   45.0000  -45.0000 9804.0635    9.8106
    0.0000   45.0000  -45.000010201.0674    9.8300
    7.5000   45.0000  -45.0000 9766.4746    9.8253
   -7.5000  -45.0000  -37.5000 8425.6436   10.3792
    0.0000  -45.0000  -37.5000 8794.8887   10.3981
    7.5000  -45.0000  -37.5000 8397.0801   10.3911
   -7.5000  -37.5000  -37.5000 9033.2617   10.2072
    0.0000  -37.5000  -37.5000 9429.7197   10.2189
    7.5000  -37.5000  -37.5000 9010.2363   10.2101
   -7.5000  -30.0000  -37.500010027.2119   10.1560
    0.0000  -30.0000  -37.500010473.5146   10.1658
    7.5000  -30.0000  -37.500010019.8789   10.1572
   -7.5000  -22.5000  -37.500011021.5039   10.1460
    0.0000  -22.5000  -37.500011515.6152   10.1616
    7.5000  -22.5000  -37.500011014.7627   10.1552
   -7.5000  -15.0000  -37.500011935.7041   10.1398
    0.0000  -15.0000  -37.500012474.9678   10.1625
    7.5000  -15.0000  -37.500011919.4307   10.1583
   -7.5000   -7.5000  -37.500012801.0596   10.1435
    0.0000   -7.5000  -37.500013396.1777   10.1663
    7.5000   -7.5000  -37.500012786.4561   10.1617
   -7.5000    0.0000  -37.500013541.4443   10.1528
    0.0000    0.0000  -37.500014135.8848   10.1703
    7.5000    0.0000  -37.500013547.6816   10.1633
   -7.5000    7.5000  -37.500013161.9902   10.1577
    0.0000    7.5000  -37.500013742.1865   10.1692
    7.5000    7.5000  -37.500013166.9668   10.1606
   -7.5000   15.0000  -37.500012629.8018   10.1546
    0.0000   15.0000  -37.500013179.4639   10.1643
    7.5000   15.0000  -37.500012649.5908   10.1557
   -7.5000   22.5000  -37.500012058.4629   10.1446
    0.0000   22.5000  -37.500012562.7227   10.1601
    7.5000   22.5000  -37.500012070.3887   10.1538
   -7.5000   30.0000  -37.500011461.1758   10.0047
    0.0000   30.0000  -37.500011935.4971   10.0270
    7.5000   30.0000  -37.500011470.8379   10.0230
   -7.5000   37.5000  -37.500011130.2080   10.0084
    0.0000   37.5000  -37.500011564.0020   10.0308
    7.5000   37.5000  -37.500011120.6074   10.0263
   -7.5000   45.0000  -37.500010269.2549    9.7631
    0.0000   45.0000  -37.500010658.1406    9.7799
    7.5000   45.0000  -37.500010240.5166    9.7733
   -7.5000  -45.0000  -30.0000 8926.4824   10.7779
    0.0000  -45.0000  -30.0000 9315.9590   10.7948
    7.5000  -45.0000  -30.0000 8932.2002   10.7899
   -7.5000  -37.5000  -30.0000 9585.0645   10.6034
    0.0000  -37.5000  -30.000010001.7373   10.6127
    7.5000  -37.5000  -30.0000 9587.0742   10.6046
   -7.5000  -30.0000  -30.000010635.7686   10.5540
    0.0000  -30.0000  -30.000011108.2598   10.5628
    7.5000  -30.0000  -30.000010659.2412   10.5531
   -7.5000  -22.5000  -30.000011736.3027   10.5428
    0.0000  -22.5000  -30.000012258.0420   10.5595
    7.5000  -22.5000  -30.000011744.5000   10.5522
   -7.5000  -15.0000  -30.000012729.3633   10.5332
    0.0000  -15.0000  -30.000013315.1816   10.5578
    7.5000  -15.0000  -30.000012746.5947   10.5544
   -7.5000   -7.5000  -30.000013678.6914   10.5342
    0.0000   -7.5000  -30.000014313.2871   10.5573
    7.5000   -7.5000  -30.000013696.1816   10.5546
   -7.5000    0.0000  -30.000014429.0029   10.5437
    0.0000    0.0000  -30.000015055.2793   10.5593
    7.5000    0.0000  -30.000014456.9326   10.5544
   -7.5000    7.5000  -30.000014009.7451   10.5523
    0.0000    7.5000  -30.000014609.7695   10.5615
    7.5000    7.5000  -30.000014049.2119   10.5535
   -7.5000   15.0000  -30.000013423.9863   10.5524
    0.0000   15.0000  -30.000013982.0518   10.5612
    7.5000   15.0000  -30.000013483.4551   10.5515
   -7.5000   22.5000  -30.000012806.2090   10.5402
    0.0000   22.5000  -30.000013316.2100   10.5569
    7.5000   22.5000  -30.000012832.6680   10.5496
   -7.5000   30.0000  -30.000012175.2119   10.3938
    0.0000   30.0000  -30.000012655.7617   10.4181
    7.5000   30.0000  -30.000012188.5469   10.4148
   -7.5000   37.5000  -30.000011829.2607   10.3948
    0.0000   37.5000  -30.000012280.4219   10.4176
    7.5000   37.5000  -30.000011850.4854   10.4149
   -7.5000   45.0000  -30.000010918.5859   10.1464
    0.0000   45.0000  -30.000011322.1973   10.1615
    7.5000   45.0000  -30.000010903.3867   10.1567
   -7.5000  -45.0000  -22.5000 9403.8477   11.1368
    0.0000  -45.0000  -22.5000 9821.5996   11.1541
    7.5000  -45.0000  -22.5000 9430.5527   11.1538
   -7.5000  -37.5000  -22.500010096.2510   10.9587
    0.0000  -37.5000  -22.500010548.0674   10.9707
    7.5000  -37.5000  -22.500010126.3340   10.9681
   -7.5000  -30.0000  -22.500011224.9023   10.9129
    0.0000  -30.0000  -22.500011704.4795   10.9275
    7.5000  -30.0000  -22.500011254.5713   10.9240
   -7.5000  -22.5000  -22.500012402.1738   10.9047
    0.0000  -22.5000  -22.500012933.7939   10.9278
    7.5000  -22.5000  -22.500012410.0566   10.9267
   -7.5000  -15.0000  -22.500013525.6045   10.8940
    0.0000  -15.0000  -22.500014135.5244   10.9230
    7.5000  -15.0000  -22.500013553.7041   10.9250
   -7.5000   -7.5000  -22.500014583.4551   10.8896
    0.0000   -7.5000  -22.500015253.1816   10.9143
    7.5000   -7.5000  -22.500014597.2969   10.9163
   -7.5000    0.0000  -22.500015390.2061   10.8950
    0.0000    0.0000  -22.500016074.3760   10.9110
    7.5000    0.0000  -22.500015406.9248   10.9107
   -7.5000    7.5000  -22.500014918.5381   10.9060
    0.0000    7.5000  -22.500015554.3213   10.9178
    7.5000    7.5000  -22.500014952.1025   10.9152
   -7.5000   15.0000  -22.500014264.7607   10.9113
    0.0000   15.0000  -22.500014833.3936   10.9258
    7.5000   15.0000  -22.500014304.9453   10.9224
   -7.5000   22.5000  -22.500013582.3545   10.9013
    0.0000   22.5000  -22.500014117.9014   10.9244
    7.5000   22.5000  -22.500013635.2305   10.9233
   -7.5000   30.0000  -22.500012897.7764   10.7515
    0.0000   30.0000  -22.500013385.4756   10.7801
    7.5000   30.0000  -22.500012923.7432   10.7821
   -7.5000   37.5000  -22.500012569.8799   10.7471
    0.0000   37.5000  -22.500013024.9033   10.7715
    7.5000   37.5000  -22.500012577.0762   10.7735
   -7.5000   45.0000  -22.500011604.0908   10.4924
    0.0000   45.0000  -22.500012002.9297   10.5078
    7.5000   45.0000  -22.500011558.3281   10.5076
   -7.5000  -45.0000  -15.0000 9892.8115   11.4101
    0.0000  -45.0000  -15.000010335.6641   11.4302
    7.5000  -45.0000  -15.0000 9923.6250   11.4325
   -7.5000  -37.5000  -15.000010638.8389   11.2269
    0.0000  -37.5000  -15.000011106.2002   11.2441
    7.5000  -37.5000  -15.000010675.2734   11.2460
   -7.5000  -30.0000  -15.000011814.4580   11.1819
    0.0000  -30.0000  -15.000012313.7373   11.2033
    7.5000  -30.0000  -15.000011847.0371   11.2069
   -7.5000  -22.5000  -15.000013025.0977   11.1772
    0.0000  -22.5000  -15.000013599.4482   11.2059
    7.5000  -22.5000  -15.000013048.6221   11.2118
   -7.5000  -15.0000  -15.000014237.7158   11.1678
    0.0000  -15.0000  -15.000014920.5469   11.1999
    7.5000  -15.0000  -15.000014269.5420   11.2067
   -7.5000   -7.5000  -15.000015472.3135   11.1605
    0.0000   -7.5000  -15.000016235.5889   11.1870
    7.5000   -7.5000  -15.000015456.2441   11.1918
   -7.5000    0.0000  -15.000016420.4980   11.1621
    0.0000    0.0000  -15.000017228.9453   11.1808
    7.5000    0.0000  -15.000016367.8340   11.1831
   -7.5000    7.5000  -15.000015901.2080   11.1725
    0.0000    7.5000  -15.000016639.4160   11.1895
    7.5000    7.5000  -15.000015837.3037   11.1914
   -7.5000   15.0000  -15.000015174.5117   11.1802
    0.0000   15.0000  -15.000015811.3652   11.2017
    7.5000   15.0000  -15.000015111.9541   11.2052
   -7.5000   22.5000  -15.000014411.2783   11.1732
    0.0000   22.5000  -15.000015012.1631   11.2019
    7.5000   22.5000  -15.000014378.6611   11.2078
   -7.5000   30.0000  -15.000013633.4131   11.0233
    0.0000   30.0000  -15.000014182.0127   11.0550
    7.5000   30.0000  -15.000013591.5557   11.0617
   -7.5000   37.5000  -15.000013302.0332   11.0161
    0.0000   37.5000  -15.000013781.8906   11.0422
    7.5000   37.5000  -15.000013226.9248   11.0469
   -7.5000   45.0000  -15.000012307.4277   10.7562
    0.0000   45.0000  -15.000012727.5225   10.7742
    7.5000   45.0000  -15.000012199.6914   10.7763
   -7.5000  -45.0000   -7.500010422.5156   11.5628
    0.0000  -45.0000   -7.500010893.3066   11.5860
    7.5000  -45.0000   -7.500010436.1094   11.5858
   -7.5000  -37.5000   -7.500011208.6270   11.3737
    0.0000  -37.5000   -7.500011712.5645   11.3939
    7.5000  -37.5000   -7.500011226.0605   11.3945
   -7.5000  -30.0000   -7.500012452.2480   11.3241
    0.0000  -30.0000   -7.500013011.8223   11.3469
    7.5000  -30.0000   -7.500012481.1924   11.3507
   -7.5000  -22.5000   -7.500013647.1328   11.3191
    0.0000  -22.5000   -7.500014284.7285   11.3474
    7.5000  -22.5000   -7.500013689.1318   11.3535
   -7.5000  -15.0000   -7.500014878.5879   11.3122
    0.0000  -15.0000   -7.500015606.3223   11.3433
    7.5000  -15.0000   -7.500014897.4600   11.3490
   -7.5000   -7.5000   -7.500016268.0322   11.3083
    0.0000   -7.5000   -7.500017128.0840   11.3355
    7.5000   -7.5000   -7.500016158.7656   11.3380
   -7.5000    0.0000   -7.500017531.2070   11.3111
    0.0000    0.0000   -7.500018519.6641   11.3326
    7.5000    0.0000   -7.500017317.7285   11.3323
   -7.5000    7.5000   -7.500017053.1328   11.3183
    0.0000    7.5000   -7.500018018.7227   11.3382
    7.5000    7.5000   -7.500016835.6816   11.3389
   -7.5000   15.0000   -7.500016235.9336   11.3224
    0.0000   15.0000   -7.500017053.1309   11.3452
    7.5000   15.0000   -7.500016043.9971   11.3490
   -7.5000   22.5000   -7.500015317.6064   11.3139
    0.0000   22.5000   -7.500016032.5283   11.3421
    7.5000   22.5000   -7.500015159.5293   11.3482
   -7.5000   30.0000   -7.500014380.8994   11.1655
    0.0000   30.0000   -7.500015044.3447   11.1962
    7.5000   30.0000   -7.500014263.4521   11.2018
   -7.5000   37.5000   -7.500013978.4512   11.1616
    0.0000   37.5000   -7.500014548.7695   11.1885
    7.5000   37.5000   -7.500013878.0234   11.1909
   -7.5000   45.0000   -7.500012927.1660   10.9018
    0.0000   45.0000   -7.500013410.3232   10.9225
    7.5000   45.0000   -7.500012839.4639   10.9222
   -7.5000  -45.0000    0.000010889.7354   11.6002
    0.0000  -45.0000    0.000011377.1963   11.6239
    7.5000  -45.0000    0.000010844.4814   11.6187
   -7.5000  -37.5000    0.000011699.2549   11.4080
    0.0000  -37.5000    0.000012233.2246   11.4263
    7.5000  -37.5000    0.000011673.7832   11.4211
   -7.5000  -30.0000    0.000013013.5449   11.3527
    0.0000  -30.0000    0.000013631.2529   11.3704
    7.5000  -30.0000    0.000013000.5752   11.3679
   -7.5000  -22.5000    0.000014230.6904   11.3444
    0.0000  -22.5000    0.000014942.4531   11.3671
    7.5000  -22.5000    0.000014235.5049   11.3669
   -7.5000  -15.0000    0.000015439.7666   11.3383
    0.0000  -15.0000    0.000016186.1660   11.3660
    7.5000  -15.0000    0.000015409.6211   11.3660
   -7.5000   -7.5000    0.000016814.5137   11.3400
    0.0000   -7.5000    0.000017638.8555   11.3666
    7.5000   -7.5000    0.000016683.3574   11.3641
   -7.5000    0.0000    0.000018260.1211   11.3474
    0.0000    0.0000    0.000019386.0430   11.3693
    7.5000    0.0000    0.000018044.3535   11.3642
   -7.5000    7.5000    0.000017915.1836   11.3524
    0.0000    7.5000    0.000019131.7617   11.3704
    7.5000    7.5000    0.000017747.7988   11.3654
   -7.5000   15.0000    0.000017026.6035   11.3510
    0.0000   15.0000    0.000018142.2363   11.3688
    7.5000   15.0000    0.000016934.1113   11.3662
   -7.5000   22.5000    0.000015977.5127   11.3391
    0.0000   22.5000    0.000016916.7012   11.3618
    7.5000   22.5000    0.000015945.6904   11.3616
   -7.5000   30.0000    0.000014949.7402   11.1915
    0.0000   30.0000    0.000015733.5547   11.2189
    7.5000   30.0000    0.000014951.7949   11.2189
   -7.5000   37.5000    0.000014501.5410   11.1933
    0.0000   37.5000    0.000015182.4658   11.2195
    7.5000   37.5000    0.000014524.7490   11.2171
   -7.5000   45.0000    0.000013416.0137   10.9376
    0.0000   45.0000    0.000014025.9238   10.9587
    7.5000   45.0000    0.000013460.3643   10.9537
   -7.5000  -45.0000    7.500010411.5576   11.5936
    0.0000  -45.0000    7.500010909.5586   11.6147
    7.5000  -45.0000    7.500010370.9092   11.6069
   -7.5000  -37.5000    7.500011236.2881   11.4026
    0.0000  -37.5000    7.500011758.3779   11.4157
    7.5000  -37.5000    7.500011198.1738   11.4059
   -7.5000  -30.0000    7.500012533.5566   11.3459
    0.0000  -30.0000    7.500013128.7148   11.3569
    7.5000  -30.0000    7.500012507.1943   11.3473
   -7.5000  -22.5000    7.500013720.2305   11.3342
    0.0000  -22.5000    7.500014403.7871   11.3517
    7.5000  -22.5000    7.500013737.9639   11.3447
   -7.5000  -15.0000    7.500014800.1416   11.3265
    0.0000  -15.0000    7.500015490.1816   11.3518
    7.5000  -15.0000    7.500014826.2148   11.3473
   -7.5000   -7.5000    7.500016022.5283   11.3304
    0.0000   -7.5000    7.500016770.3633   11.3557
    7.5000   -7.5000    7.500016063.0176   11.3507
   -7.5000    0.0000    7.500017288.8262   11.3412
    0.0000    0.0000    7.500018385.9707   11.3606
    7.5000    0.0000    7.500017484.8906   11.3530
   -7.5000    7.5000    7.500016980.1055   11.3474
    0.0000    7.5000    7.500018207.1777   11.3603
    7.5000    7.5000    7.500017219.4160   11.3506
   -7.5000   15.0000    7.500016207.6885   11.3443
    0.0000   15.0000    7.500017277.1172   11.3552
    7.5000   15.0000    7.500016417.6484   11.3457
   -7.5000   22.5000    7.500015268.9814   11.3290
    0.0000   22.5000    7.500016184.2998   11.3464
    7.5000   22.5000    7.500015461.1514   11.3395
   -7.5000   30.0000    7.500014344.3730   11.1799
    0.0000   30.0000    7.500015126.5029   11.2049
    7.5000   30.0000    7.500014515.2607   11.2004
   -7.5000   37.5000    7.500013937.2910   11.1837
    0.0000   37.5000    7.500014635.0127   11.2088
    7.5000   37.5000    7.500014070.3574   11.2038
   -7.5000   45.0000    7.500012894.7666   10.9316
    0.0000   45.0000    7.500013526.2393   10.9504
    7.5000   45.0000    7.500013012.1562   10.9430
   -7.5000  -45.0000   15.0000 9815.0566   11.5764
    0.0000  -45.0000   15.000010299.5381   11.5945
    7.5000  -45.0000   15.0000 9824.7686   11.5892
   -7.5000  -37.5000   15.000010590.7207   11.3888
    0.0000  -37.5000   15.000011088.0498   11.3989
    7.5000  -37.5000   15.000010593.0479   11.3902
   -7.5000  -30.0000   15.000011783.7598   11.3358
    0.0000  -30.0000   15.000012358.5625   11.3452
    7.5000  -30.0000   15.000011821.4951   11.3349
   -7.5000  -22.5000   15.000012912.6396   11.3238
    0.0000  -22.5000   15.000013547.9492   11.3417
    7.5000  -22.5000   15.000012977.5703   11.3339
   -7.5000  -15.0000   15.000014003.0596   11.3135
    0.0000  -15.0000   15.000014626.5117   11.3400
    7.5000  -15.0000   15.000014057.6768   11.3363
   -7.5000   -7.5000   15.000015212.9062   11.3145
    0.0000   -7.5000   15.000015996.6104   11.3394
    7.5000   -7.5000   15.000015355.0000   11.3365
   -7.5000    0.0000   15.000016311.7061   11.3247
    0.0000    0.0000   15.000017480.5156   11.3415
    7.5000    0.0000   15.000016663.0625   11.3362
   -7.5000    7.5000   15.000015939.4932   11.3340
    0.0000    7.5000   15.000017077.1426   11.3439
    7.5000    7.5000   15.000016259.8115   11.3353
   -7.5000   15.0000   15.000015238.1875   11.3341
    0.0000   15.0000   15.000016149.2363   11.3436
    7.5000   15.0000   15.000015452.3740   11.3332
   -7.5000   22.5000   15.000014451.7949   11.3185
    0.0000   22.5000   15.000015258.2129   11.3365
    7.5000   22.5000   15.000014666.9355   11.3287
   -7.5000   30.0000   15.000013622.0752   11.1671
    0.0000   30.0000   15.000014359.0303   11.1932
    7.5000   30.0000   15.000013822.8418   11.1896
   -7.5000   37.5000   15.000013228.4326   11.1681
    0.0000   37.5000   15.000013920.3271   11.1926
    7.5000   37.5000   15.000013395.5967   11.1898
   -7.5000   45.0000   15.000012263.1904   10.9157
    0.0000   45.0000   15.000012864.6904   10.9319
    7.5000   45.0000   15.000012369.5566   10.9268
   -7.5000  -45.0000   22.5000 9160.8994   11.6952
    0.0000  -45.0000   22.5000 9610.0332   11.7134
    7.5000  -45.0000   22.5000 9210.4131   11.7131
   -7.5000  -37.5000   22.5000 9884.8809   11.5054
    0.0000  -37.5000   22.500010361.1807   11.5181
    7.5000  -37.5000   22.5000 9936.2217   11.5153
   -7.5000  -30.0000   22.500011004.3525   11.4566
    0.0000  -30.0000   22.500011545.7412   11.4720
    7.5000  -30.0000   22.500011083.0322   11.4682
   -7.5000  -22.5000   22.500012101.1855   11.4485
    0.0000  -22.5000   22.500012685.4346   11.4729
    7.5000  -22.5000   22.500012199.7559   11.4715
   -7.5000  -15.0000   22.500013172.0898   11.4376
    0.0000  -15.0000   22.500013799.7275   11.4685
    7.5000  -15.0000   22.500013264.4561   11.4704
   -7.5000   -7.5000   22.500014272.1709   11.4331
    0.0000   -7.5000   22.500015136.7500   11.4593
    7.5000   -7.5000   22.500014487.5059   11.4612
   -7.5000    0.0000   22.500015256.5840   11.4383
    0.0000    0.0000   22.500016319.5664   11.4553
    7.5000    0.0000   22.500015553.5850   11.4549
   -7.5000    7.5000   22.500014959.6279   11.4494
    0.0000    7.5000   22.500015859.3545   11.4619
    7.5000    7.5000   22.500015118.2451   11.4591
   -7.5000   15.0000   22.500014341.4502   11.4549
    0.0000   15.0000   22.500015108.3086   11.4703
    7.5000   15.0000   22.500014471.6328   11.4665
   -7.5000   22.5000   22.500013644.1963   11.4432
    0.0000   22.5000   22.500014391.8086   11.4676
    7.5000   22.5000   22.500013835.5488   11.4662
   -7.5000   30.0000   22.500012858.7021   11.2896
    0.0000   30.0000   22.500013567.8320   11.3200
    7.5000   30.0000   22.500013031.1260   11.3219
   -7.5000   37.5000   22.500012466.7002   11.2851
    0.0000   37.5000   22.500013128.0127   11.3110
    7.5000   37.5000   22.500012604.2119   11.3129
   -7.5000   45.0000   22.500011514.9922   11.0252
    0.0000   45.0000   22.500012115.7773   11.0416
    7.5000   45.0000   22.500011632.1680   11.0412
   -7.5000  -45.0000   30.0000 8436.4814   11.8670
    0.0000  -45.0000   30.0000 8866.7344   11.8882
    7.5000  -45.0000   30.0000 8504.7871   11.8906
   -7.5000  -37.5000   30.0000 9124.1250   11.6720
    0.0000  -37.5000   30.0000 9578.7979   11.6901
    7.5000  -37.5000   30.0000 9197.3818   11.6921
   -7.5000  -30.0000   30.000010173.2266   11.6238
    0.0000  -30.0000   30.000010678.8818   11.6463
    7.5000  -30.0000   30.000010270.1494   11.6501
   -7.5000  -22.5000   30.000011211.8223   11.6180
    0.0000  -22.5000   30.000011767.2510   11.6485
    7.5000  -22.5000   30.000011320.6914   11.6547
   -7.5000  -15.0000   30.000012199.6807   11.6076
    0.0000  -15.0000   30.000012817.4248   11.6416
    7.5000  -15.0000   30.000012311.3047   11.6489
   -7.5000   -7.5000   30.000013186.7070   11.6001
    0.0000   -7.5000   30.000013993.6875   11.6282
    7.5000   -7.5000   30.000013401.4082   11.6333
   -7.5000    0.0000   30.000014103.7109   11.6025
    0.0000    0.0000   30.000014955.4150   11.6223
    7.5000    0.0000   30.000014298.2617   11.6246
   -7.5000    7.5000   30.000013873.4775   11.6140
    0.0000    7.5000   30.000014557.9678   11.6318
    7.5000    7.5000   30.000013920.9434   11.6339
   -7.5000   15.0000   30.000013359.9434   11.6220
    0.0000   15.0000   30.000013977.7529   11.6446
    7.5000   15.0000   30.000013398.2842   11.6484
   -7.5000   22.5000   30.000012762.2637   11.6126
    0.0000   22.5000   30.000013377.7988   11.6431
    7.5000   22.5000   30.000012841.3340   11.6493
   -7.5000   30.0000   30.000012001.2061   11.4574
    0.0000   30.0000   30.000012620.6455   11.4910
    7.5000   30.0000   30.000012094.3408   11.4982
   -7.5000   37.5000   30.000011606.7861   11.4499
    0.0000   37.5000   30.000012210.8809   11.4777
    7.5000   37.5000   30.000011704.7314   11.4827
   -7.5000   45.0000   30.000010697.4482   11.1835
    0.0000   45.0000   30.000011279.8252   11.2025
    7.5000   45.0000   30.000010792.8975   11.2048
   -7.5000  -45.0000   37.5000 8094.4248   12.2165
    0.0000  -45.0000   37.5000 8507.7402   12.2413
    7.5000  -45.0000   37.5000 8158.9146   12.2390
   -7.5000  -37.5000   37.5000 8761.5049   12.0062
    0.0000  -37.5000   37.5000 9206.6494   12.0277
    7.5000  -37.5000   37.5000 8841.3506   12.0266
   -7.5000  -30.0000   37.5000 9795.4990   11.9510
    0.0000  -30.0000   37.500010287.5264   11.9753
    7.5000  -30.0000   37.5000 9891.6221   11.9777
   -7.5000  -22.5000   37.500010797.3516   11.9451
    0.0000  -22.5000   37.500011334.0576   11.9755
    7.5000  -22.5000   37.500010898.2725   11.9800
   -7.5000  -15.0000   37.500011738.5107   11.9370
    0.0000  -15.0000   37.500012346.9092   11.9706
    7.5000  -15.0000   37.500011862.5684   11.9743
   -7.5000   -7.5000   37.500012672.5381   11.9328
    0.0000   -7.5000   37.500013390.4990   11.9621
    7.5000   -7.5000   37.500012848.6289   11.9625
   -7.5000    0.0000   37.500013560.5723   11.9364
    0.0000    0.0000   37.500014267.2998   11.9593
    7.5000    0.0000   37.500013672.0254   11.9571
   -7.5000    7.5000   37.500013316.4727   11.9446
    0.0000    7.5000   37.500013927.1953   11.9658
    7.5000    7.5000   37.500013339.5215   11.9648
   -7.5000   15.0000   37.500012834.2324   11.9491
    0.0000   15.0000   37.500013422.0830   11.9735
    7.5000   15.0000   37.500012865.5059   11.9758
   -7.5000   22.5000   37.500012308.3037   11.9396
    0.0000   22.5000   37.500012882.7744   11.9699
    7.5000   22.5000   37.500012352.6982   11.9744
   -7.5000   30.0000   37.500011602.8164   11.7825
    0.0000   30.0000   37.500012165.1221   11.8156
    7.5000   30.0000   37.500011658.4951   11.8194
   -7.5000   37.5000   37.500011227.7471   11.7783
    0.0000   37.5000   37.500011786.1924   11.8073
    7.5000   37.5000   37.500011280.7930   11.8077
   -7.5000   45.0000   37.500010335.7783   11.5053
    0.0000   45.0000   37.500010871.6670   11.5274
    7.5000   45.0000   37.500010400.5801   11.5252
   -7.5000  -45.0000   45.0000 7450.6372   12.6330
    0.0000  -45.0000   45.0000 7842.8413   12.6619
    7.5000  -45.0000   45.0000 7533.9121   12.6535
   -7.5000  -37.5000   45.0000 8073.3208   12.4083
    0.0000  -37.5000   45.0000 8509.4404   12.4299
    7.5000  -37.5000   45.0000 8173.0225   12.4208
   -7.5000  -30.0000   45.0000 9041.4951   12.3435
    0.0000  -30.0000   45.0000 9502.5283   12.3639
    7.5000  -30.0000   45.0000 9141.7842   12.3573
   -7.5000  -22.5000   45.0000 9964.4053   12.3298
    0.0000  -22.5000   45.000010454.8203   12.3562
    7.5000  -22.5000   45.000010058.4668   12.3529
   -7.5000  -15.0000   45.000010840.2070   12.3181
    0.0000  -15.0000   45.000011382.1279   12.3511
    7.5000  -15.0000   45.000010944.2295   12.3489
   -7.5000   -7.5000   45.000011689.8105   12.3196
    0.0000   -7.5000   45.000012315.6484   12.3519
    7.5000   -7.5000   45.000011826.0215   12.3471
   -7.5000    0.0000   45.000012500.0859   12.3319
    0.0000    0.0000   45.000013099.9775   12.3584
    7.5000    0.0000   45.000012581.0547   12.3502
   -7.5000    7.5000   45.000012232.9355   12.3421
    0.0000    7.5000   45.000012777.4609   12.3634
    7.5000    7.5000   45.000012265.4648   12.3545
   -7.5000   15.0000   45.000011820.7695   12.3415
    0.0000   15.0000   45.000012345.4160   12.3619
    7.5000   15.0000   45.000011836.0908   12.3554
   -7.5000   22.5000   45.000011374.1855   12.3240
    0.0000   22.5000   45.000011875.3330   12.3505
    7.5000   22.5000   45.000011392.2646   12.3471
   -7.5000   30.0000   45.000010734.6074   12.1576
    0.0000   30.0000   45.000011227.3340   12.1902
    7.5000   30.0000   45.000010764.9639   12.1880
   -7.5000   37.5000   45.000010379.2441   12.1591
    0.0000   37.5000   45.000010889.3936   12.1910
    7.5000   37.5000   45.000010416.8857   12.1862
   -7.5000   45.0000   45.0000 9572.5596   11.8919
    0.0000   45.0000   45.000010046.1455   11.9175
    7.5000   45.0000   45.0000 9604.9678   11.9095

---------------------------------------------------------------------
imgreg_4dfp /opt/freesurfer/average/711-2C_as_mni_average_305 /opt/freesurfer/average/711-2B_as_mni_average_305_mask talsrcimg_g11 none talsrcimg_to_711-2C_as_mni_average_305_t4 4355
---------------------------------------------------------------------

freesurfer imgreg_4dfp.c
/opt/freesurfer/average/711-2C_as_mni_average_305.4dfp.img
       256       256       256         1
  1.000000  1.000000  1.000000
orientation T byte_order littleendian
Reading image: /opt/freesurfer/average/711-2C_as_mni_average_305.4dfp.img
dimensions:      256       256       256
mmppix:       1.0000   -1.0000   -1.0000
center:     128.0000 -129.0000 -129.0000
/opt/freesurfer/average/711-2B_as_mni_average_305_mask.4dfp.img
       256       256       256         1
  1.000000  1.000000  1.000000
orientation T byte_order littleendian
Reading mask: /opt/freesurfer/average/711-2B_as_mni_average_305_mask.4dfp.img (2306576 pixels)
talsrcimg_g11.4dfp.img
       256       256       256         1
  1.000000  1.000000  1.000000
orientation T byte_order littleendian
Reading image: talsrcimg_g11.4dfp.img
dimensions:      256       256       256
mmppix:       1.0000   -1.0000   -1.0000
center:     128.0000 -129.0000 -129.0000
rotation matrix determinant  1.000000
image alignment mode   4355 decimal     1103 hex
   -7.5000  -45.0000  -45.0000 2203.0471   13.1812
    0.0000  -45.0000  -45.0000 2216.5620   13.0709
    7.5000  -45.0000  -45.0000 2192.0857   13.1776
   -7.5000  -37.5000  -45.0000 2294.4639   11.9413
    0.0000  -37.5000  -45.0000 2305.7185   11.8146
    7.5000  -37.5000  -45.0000 2289.3938   11.9529
   -7.5000  -30.0000  -45.0000 2369.8049   10.9983
    0.0000  -30.0000  -45.0000 2385.4709   10.8916
    7.5000  -30.0000  -45.0000 2371.6624   11.0367
   -7.5000  -22.5000  -45.0000 2424.8645   10.3003
    0.0000  -22.5000  -45.0000 2438.9204   10.2005
    7.5000  -22.5000  -45.0000 2422.5598   10.3490
   -7.5000  -15.0000  -45.0000 2468.1660    9.8375
    0.0000  -15.0000  -45.0000 2482.4094    9.7368
    7.5000  -15.0000  -45.0000 2460.8123    9.8845
   -7.5000   -7.5000  -45.0000 2493.4412    9.5738
    0.0000   -7.5000  -45.0000 2512.6738    9.4771
    7.5000   -7.5000  -45.0000 2492.1843    9.6106
   -7.5000    0.0000  -45.0000 2507.9617    9.4238
    0.0000    0.0000  -45.0000 2524.5198    9.3347
    7.5000    0.0000  -45.0000 2501.3076    9.4822
   -7.5000    7.5000  -45.0000 2515.9338    9.3990
    0.0000    7.5000  -45.0000 2533.8384    9.2923
    7.5000    7.5000  -45.0000 2510.0837    9.4567
   -7.5000   15.0000  -45.0000 2501.7349    9.5839
    0.0000   15.0000  -45.0000 2520.2534    9.4778
    7.5000   15.0000  -45.0000 2495.4641    9.6359
   -7.5000   22.5000  -45.0000 2466.7842    9.9537
    0.0000   22.5000  -45.0000 2488.7676    9.8284
    7.5000   22.5000  -45.0000 2464.1584    9.9886
   -7.5000   30.0000  -45.0000 2411.6194   10.4405
    0.0000   30.0000  -45.0000 2433.3889   10.3088
    7.5000   30.0000  -45.0000 2413.1755   10.4635
   -7.5000   37.5000  -45.0000 2342.6016   11.0827
    0.0000   37.5000  -45.0000 2363.1567   10.9733
    7.5000   37.5000  -45.0000 2342.6006   11.1008
   -7.5000   45.0000  -45.0000 2253.0259   12.0217
    0.0000   45.0000  -45.0000 2272.2749   11.8867
    7.5000   45.0000  -45.0000 2254.4285   11.9921
   -7.5000  -45.0000  -37.5000 2257.8191   12.4894
    0.0000  -45.0000  -37.5000 2270.0977   12.3701
    7.5000  -45.0000  -37.5000 2253.1636   12.5237
   -7.5000  -37.5000  -37.5000 2358.3513   11.3243
    0.0000  -37.5000  -37.5000 2374.5913   11.1950
    7.5000  -37.5000  -37.5000 2359.4124   11.3429
   -7.5000  -30.0000  -37.5000 2441.6492   10.3844
    0.0000  -30.0000  -37.5000 2461.0920   10.2682
    7.5000  -30.0000  -37.5000 2445.0918   10.4226
   -7.5000  -22.5000  -37.5000 2510.2744    9.6878
    0.0000  -22.5000  -37.5000 2525.9211    9.5778
    7.5000  -22.5000  -37.5000 2510.7559    9.7263
   -7.5000  -15.0000  -37.5000 2550.6504    9.2437
    0.0000  -15.0000  -37.5000 2566.6575    9.1308
    7.5000  -15.0000  -37.5000 2549.0164    9.2670
   -7.5000   -7.5000  -37.5000 2575.5513    8.9700
    0.0000   -7.5000  -37.5000 2597.4768    8.8522
    7.5000   -7.5000  -37.5000 2581.5735    8.9848
   -7.5000    0.0000  -37.5000 2588.7920    8.8240
    0.0000    0.0000  -37.5000 2614.8691    8.7033
    7.5000    0.0000  -37.5000 2595.4197    8.8574
   -7.5000    7.5000  -37.5000 2600.1992    8.7709
    0.0000    7.5000  -37.5000 2624.0249    8.6504
    7.5000    7.5000  -37.5000 2602.3633    8.8040
   -7.5000   15.0000  -37.5000 2591.5930    8.9214
    0.0000   15.0000  -37.5000 2614.7920    8.7968
    7.5000   15.0000  -37.5000 2593.1963    8.9616
   -7.5000   22.5000  -37.5000 2557.7625    9.2463
    0.0000   22.5000  -37.5000 2580.7566    9.1094
    7.5000   22.5000  -37.5000 2562.5806    9.2750
   -7.5000   30.0000  -37.5000 2503.3970    9.6927
    0.0000   30.0000  -37.5000 2528.1592    9.5464
    7.5000   30.0000  -37.5000 2511.4087    9.6921
   -7.5000   37.5000  -37.5000 2430.4766   10.2865
    0.0000   37.5000  -37.5000 2453.3667   10.1565
    7.5000   37.5000  -37.5000 2437.9294   10.2912
   -7.5000   45.0000  -37.5000 2336.3118   11.1650
    0.0000   45.0000  -37.5000 2355.7615   11.0131
    7.5000   45.0000  -37.5000 2344.6926   11.1373
   -7.5000  -45.0000  -30.0000 2340.1870   12.3059
    0.0000  -45.0000  -30.0000 2358.5952   12.1726
    7.5000  -45.0000  -30.0000 2346.7087   12.3528
   -7.5000  -37.5000  -30.0000 2453.5569   11.1444
    0.0000  -37.5000  -30.0000 2474.1155   11.0220
    7.5000  -37.5000  -30.0000 2461.7639   11.1725
   -7.5000  -30.0000  -30.0000 2543.6531   10.1883
    0.0000  -30.0000  -30.0000 2565.3091   10.0605
    7.5000  -30.0000  -30.0000 2553.3965   10.2070
   -7.5000  -22.5000  -30.0000 2629.6790    9.4805
    0.0000  -22.5000  -30.0000 2647.2136    9.3589
    7.5000  -22.5000  -30.0000 2629.8174    9.4883
   -7.5000  -15.0000  -30.0000 2674.3479    9.0390
    0.0000  -15.0000  -30.0000 2691.7505    8.9182
    7.5000  -15.0000  -30.0000 2674.0715    9.0464
   -7.5000   -7.5000  -30.0000 2708.0591    8.7478
    0.0000   -7.5000  -30.0000 2733.2163    8.6254
    7.5000   -7.5000  -30.0000 2710.2568    8.7627
   -7.5000    0.0000  -30.0000 2717.7588    8.5979
    0.0000    0.0000  -30.0000 2747.5264    8.4617
    7.5000    0.0000  -30.0000 2725.6318    8.6155
   -7.5000    7.5000  -30.0000 2729.3147    8.5216
    0.0000    7.5000  -30.0000 2759.0559    8.3825
    7.5000    7.5000  -30.0000 2734.2952    8.5539
   -7.5000   15.0000  -30.0000 2723.3586    8.6555
    0.0000   15.0000  -30.0000 2751.7537    8.4962
    7.5000   15.0000  -30.0000 2733.8657    8.6759
   -7.5000   22.5000  -30.0000 2693.6655    8.9428
    0.0000   22.5000  -30.0000 2720.0137    8.7776
    7.5000   22.5000  -30.0000 2703.5281    8.9409
   -7.5000   30.0000  -30.0000 2634.6274    9.3561
    0.0000   30.0000  -30.0000 2663.5334    9.1943
    7.5000   30.0000  -30.0000 2650.3164    9.3398
   -7.5000   37.5000  -30.0000 2558.3787    9.9312
    0.0000   37.5000  -30.0000 2583.6013    9.7932
    7.5000   37.5000  -30.0000 2572.0791    9.9264
   -7.5000   45.0000  -30.0000 2458.4197   10.7812
    0.0000   45.0000  -30.0000 2480.9355   10.6208
    7.5000   45.0000  -30.0000 2471.1836   10.7646
   -7.5000  -45.0000  -22.5000 2389.0693   12.1138
    0.0000  -45.0000  -22.5000 2410.9902   11.9673
    7.5000  -45.0000  -22.5000 2398.0144   12.1689
   -7.5000  -37.5000  -22.5000 2505.5745   10.9504
    0.0000  -37.5000  -22.5000 2530.2495   10.8164
    7.5000  -37.5000  -22.5000 2516.1924   10.9793
   -7.5000  -30.0000  -22.5000 2601.5706    9.9699
    0.0000  -30.0000  -22.5000 2621.6697    9.8565
    7.5000  -30.0000  -22.5000 2614.4314    9.9989
   -7.5000  -22.5000  -22.5000 2694.8523    9.2621
    0.0000  -22.5000  -22.5000 2712.8965    9.1283
    7.5000  -22.5000  -22.5000 2701.3782    9.2561
   -7.5000  -15.0000  -22.5000 2756.4910    8.8030
    0.0000  -15.0000  -22.5000 2776.0715    8.6729
    7.5000  -15.0000  -22.5000 2763.2212    8.7861
   -7.5000   -7.5000  -22.5000 2797.6506    8.5224
    0.0000   -7.5000  -22.5000 2820.9573    8.3971
    7.5000   -7.5000  -22.5000 2804.2737    8.5168
   -7.5000    0.0000  -22.5000 2812.4526    8.3562
    0.0000    0.0000  -22.5000 2841.0212    8.2079
    7.5000    0.0000  -22.5000 2821.4163    8.3474
   -7.5000    7.5000  -22.5000 2826.1411    8.2581
    0.0000    7.5000  -22.5000 2851.9929    8.1124
    7.5000    7.5000  -22.5000 2831.0503    8.2886
   -7.5000   15.0000  -22.5000 2823.2817    8.3655
    0.0000   15.0000  -22.5000 2852.3779    8.2061
    7.5000   15.0000  -22.5000 2832.8396    8.3803
   -7.5000   22.5000  -22.5000 2790.4753    8.6273
    0.0000   22.5000  -22.5000 2821.2539    8.4503
    7.5000   22.5000  -22.5000 2807.0383    8.6129
   -7.5000   30.0000  -22.5000 2732.7559    9.0183
    0.0000   30.0000  -22.5000 2763.3860    8.8551
    7.5000   30.0000  -22.5000 2750.3101    8.9844
   -7.5000   37.5000  -22.5000 2658.2078    9.5661
    0.0000   37.5000  -22.5000 2685.5122    9.4169
    7.5000   37.5000  -22.5000 2670.9319    9.5435
   -7.5000   45.0000  -22.5000 2550.9478   10.3822
    0.0000   45.0000  -22.5000 2574.1699   10.2177
    7.5000   45.0000  -22.5000 2557.4009   10.3550
   -7.5000  -45.0000  -15.0000 2400.7356   12.0368
    0.0000  -45.0000  -15.0000 2421.5171   11.8601
    7.5000  -45.0000  -15.0000 2411.5752   12.0580
   -7.5000  -37.5000  -15.0000 2523.3064   10.8154
    0.0000  -37.5000  -15.0000 2543.4907   10.6727
    7.5000  -37.5000  -15.0000 2535.7424   10.8369
   -7.5000  -30.0000  -15.0000 2622.4709    9.8221
    0.0000  -30.0000  -15.0000 2636.4922    9.6949
    7.5000  -30.0000  -15.0000 2633.8455    9.8411
   -7.5000  -22.5000  -15.0000 2719.6316    9.0886
    0.0000  -22.5000  -15.0000 2738.5171    8.9585
    7.5000  -22.5000  -15.0000 2729.2170    9.0680
   -7.5000  -15.0000  -15.0000 2791.7151    8.5926
    0.0000  -15.0000  -15.0000 2816.9556    8.4754
    7.5000  -15.0000  -15.0000 2807.1487    8.5581
   -7.5000   -7.5000  -15.0000 2839.1697    8.3478
    0.0000   -7.5000  -15.0000 2864.0776    8.2378
    7.5000   -7.5000  -15.0000 2853.2947    8.3131
   -7.5000    0.0000  -15.0000 2866.2510    8.1921
    0.0000    0.0000  -15.0000 2896.8635    8.0835
    7.5000    0.0000  -15.0000 2880.9380    8.1467
   -7.5000    7.5000  -15.0000 2879.5061    8.0843
    0.0000    7.5000  -15.0000 2910.5708    7.9447
    7.5000    7.5000  -15.0000 2885.6970    8.0459
   -7.5000   15.0000  -15.0000 2881.1118    8.1420
    0.0000   15.0000  -15.0000 2911.2791    7.9902
    7.5000   15.0000  -15.0000 2883.7983    8.1249
   -7.5000   22.5000  -15.0000 2848.1584    8.3704
    0.0000   22.5000  -15.0000 2880.9807    8.2145
    7.5000   22.5000  -15.0000 2859.7375    8.3242
   -7.5000   30.0000  -15.0000 2793.6057    8.7251
    0.0000   30.0000  -15.0000 2823.0681    8.5756
    7.5000   30.0000  -15.0000 2805.7737    8.6645
   -7.5000   37.5000  -15.0000 2716.2654    9.2729
    0.0000   37.5000  -15.0000 2740.5728    9.1189
    7.5000   37.5000  -15.0000 2724.1118    9.2029
   -7.5000   45.0000  -15.0000 2609.3770   10.0645
    0.0000   45.0000  -15.0000 2631.3938    9.9111
    7.5000   45.0000  -15.0000 2612.4780    9.9881
   -7.5000  -45.0000   -7.5000 2384.2688   12.0204
    0.0000  -45.0000   -7.5000 2404.5356   11.8503
    7.5000  -45.0000   -7.5000 2397.7122   11.9884
   -7.5000  -37.5000   -7.5000 2508.6682   10.7563
    0.0000  -37.5000   -7.5000 2526.9189   10.6093
    7.5000  -37.5000   -7.5000 2523.2791   10.7343
   -7.5000  -30.0000   -7.5000 2619.0054    9.7309
    0.0000  -30.0000   -7.5000 2632.1709    9.6011
    7.5000  -30.0000   -7.5000 2630.4951    9.6978
   -7.5000  -22.5000   -7.5000 2716.0403    8.9612
    0.0000  -22.5000   -7.5000 2732.0989    8.8588
    7.5000  -22.5000   -7.5000 2730.3938    8.9113
   -7.5000  -15.0000   -7.5000 2798.4651    8.4339
    0.0000  -15.0000   -7.5000 2821.6257    8.3700
    7.5000  -15.0000   -7.5000 2815.2073    8.3966
   -7.5000   -7.5000   -7.5000 2857.2029    8.2033
    0.0000   -7.5000   -7.5000 2882.6040    8.1314
    7.5000   -7.5000   -7.5000 2868.2405    8.1302
   -7.5000    0.0000   -7.5000 2898.9561    8.1350
    0.0000    0.0000   -7.5000 2927.6929    8.0729
    7.5000    0.0000   -7.5000 2910.8596    8.0014
   -7.5000    7.5000   -7.5000 2913.5869    8.0356
    0.0000    7.5000   -7.5000 2952.1270    7.9565
    7.5000    7.5000   -7.5000 2923.0188    7.9269
   -7.5000   15.0000   -7.5000 2910.9741    8.0326
    0.0000   15.0000   -7.5000 2944.8269    7.9260
    7.5000   15.0000   -7.5000 2919.0288    7.9471
   -7.5000   22.5000   -7.5000 2884.7588    8.1641
    0.0000   22.5000   -7.5000 2914.9219    8.0681
    7.5000   22.5000   -7.5000 2891.5305    8.1019
   -7.5000   30.0000   -7.5000 2828.1240    8.4793
    0.0000   30.0000   -7.5000 2859.0769    8.3705
    7.5000   30.0000   -7.5000 2834.2458    8.4077
   -7.5000   37.5000   -7.5000 2745.2344    9.0181
    0.0000   37.5000   -7.5000 2769.1914    8.8721
    7.5000   37.5000   -7.5000 2751.6960    8.9264
   -7.5000   45.0000   -7.5000 2635.8979    9.8076
    0.0000   45.0000   -7.5000 2658.2793    9.6530
    7.5000   45.0000   -7.5000 2642.1807    9.7088
   -7.5000  -45.0000    0.0000 2355.8123   12.1803
    0.0000  -45.0000    0.0000 2366.0288   12.0350
    7.5000  -45.0000    0.0000 2365.5295   12.0963
   -7.5000  -37.5000    0.0000 2481.0913   10.8322
    0.0000  -37.5000    0.0000 2491.7839   10.7076
    7.5000  -37.5000    0.0000 2491.7903   10.7726
   -7.5000  -30.0000    0.0000 2597.0559    9.7793
    0.0000  -30.0000    0.0000 2609.0083    9.6773
    7.5000  -30.0000    0.0000 2607.8306    9.7141
   -7.5000  -22.5000    0.0000 2695.1284    8.9931
    0.0000  -22.5000    0.0000 2715.6985    8.9169
    7.5000  -22.5000    0.0000 2713.3052    8.9098
   -7.5000  -15.0000    0.0000 2790.2981    8.4399
    0.0000  -15.0000    0.0000 2812.8828    8.3930
    7.5000  -15.0000    0.0000 2804.3105    8.3736
   -7.5000   -7.5000    0.0000 2864.3103    8.1436
    0.0000   -7.5000    0.0000 2887.5391    8.1097
    7.5000   -7.5000    0.0000 2870.2285    8.0667
   -7.5000    0.0000    0.0000 2919.8716    8.0763
    0.0000    0.0000    0.0000 2950.7676    8.0515
    7.5000    0.0000    0.0000 2927.1028    7.9556
   -7.5000    7.5000    0.0000 2936.7883    8.0674
    0.0000    7.5000    0.0000 2979.2566    8.0516
    7.5000    7.5000    0.0000 2947.8679    7.9344
   -7.5000   15.0000    0.0000 2924.8391    8.0274
    0.0000   15.0000    0.0000 2966.0293    7.9830
    7.5000   15.0000    0.0000 2933.1636    7.9468
   -7.5000   22.5000    0.0000 2894.7195    8.0849
    0.0000   22.5000    0.0000 2927.1550    8.0296
    7.5000   22.5000    0.0000 2902.1538    8.0565
   -7.5000   30.0000    0.0000 2839.9453    8.3605
    0.0000   30.0000    0.0000 2862.8811    8.2734
    7.5000   30.0000    0.0000 2843.6335    8.3328
   -7.5000   37.5000    0.0000 2755.2717    8.8801
    0.0000   37.5000    0.0000 2776.0869    8.7400
    7.5000   37.5000    0.0000 2761.5708    8.8158
   -7.5000   45.0000    0.0000 2643.0237    9.6569
    0.0000   45.0000    0.0000 2665.5537    9.5076
    7.5000   45.0000    0.0000 2655.2458    9.6011
   -7.5000  -45.0000    7.5000 2319.6367   12.4745
    0.0000  -45.0000    7.5000 2331.2021   12.3498
    7.5000  -45.0000    7.5000 2325.8093   12.3551
   -7.5000  -37.5000    7.5000 2444.3940   11.1080
    0.0000  -37.5000    7.5000 2454.7100   10.9907
    7.5000  -37.5000    7.5000 2448.7468   11.0082
   -7.5000  -30.0000    7.5000 2565.4609   10.0313
    0.0000  -30.0000    7.5000 2574.3591    9.9216
    7.5000  -30.0000    7.5000 2570.5693    9.9289
   -7.5000  -22.5000    7.5000 2670.8442    9.1687
    0.0000  -22.5000    7.5000 2686.5044    9.0926
    7.5000  -22.5000    7.5000 2684.8872    9.0914
   -7.5000  -15.0000    7.5000 2768.9412    8.5528
    0.0000  -15.0000    7.5000 2789.8469    8.5011
    7.5000  -15.0000    7.5000 2784.0828    8.4953
   -7.5000   -7.5000    7.5000 2857.6001    8.1664
    0.0000   -7.5000    7.5000 2885.1428    8.1330
    7.5000   -7.5000    7.5000 2870.1951    8.1350
   -7.5000    0.0000    7.5000 2922.8457    8.0395
    0.0000    0.0000    7.5000 2958.3044    8.0192
    7.5000    0.0000    7.5000 2941.1462    8.0019
   -7.5000    7.5000    7.5000 2944.9502    8.0158
    0.0000    7.5000    7.5000 2991.3779    8.0098
    7.5000    7.5000    7.5000 2963.0178    7.9854
   -7.5000   15.0000    7.5000 2926.6743    7.9961
    0.0000   15.0000    7.5000 2966.9214    7.9593
    7.5000   15.0000    7.5000 2941.4272    7.9921
   -7.5000   22.5000    7.5000 2885.9368    8.1244
    0.0000   22.5000    7.5000 2920.9009    8.0311
    7.5000   22.5000    7.5000 2900.7734    8.1054
   -7.5000   30.0000    7.5000 2823.6885    8.4298
    0.0000   30.0000    7.5000 2853.6187    8.3246
    7.5000   30.0000    7.5000 2836.7815    8.4053
   -7.5000   37.5000    7.5000 2738.8706    8.9556
    0.0000   37.5000    7.5000 2760.2454    8.8205
    7.5000   37.5000    7.5000 2748.3303    8.9211
   -7.5000   45.0000    7.5000 2628.0283    9.7079
    0.0000   45.0000    7.5000 2650.6384    9.5471
    7.5000   45.0000    7.5000 2647.3147    9.6586
   -7.5000  -45.0000   15.0000 2283.0754   12.9077
    0.0000  -45.0000   15.0000 2293.0427   12.7647
    7.5000  -45.0000   15.0000 2285.7676   12.7911
   -7.5000  -37.5000   15.0000 2408.3015   11.4608
    0.0000  -37.5000   15.0000 2416.2346   11.3299
    7.5000  -37.5000   15.0000 2410.8049   11.3590
   -7.5000  -30.0000   15.0000 2525.7715   10.3164
    0.0000  -30.0000   15.0000 2537.3372   10.1911
    7.5000  -30.0000   15.0000 2534.8081   10.2024
   -7.5000  -22.5000   15.0000 2632.2576    9.4077
    0.0000  -22.5000   15.0000 2652.6924    9.3120
    7.5000  -22.5000   15.0000 2649.9004    9.3293
   -7.5000  -15.0000   15.0000 2736.8516    8.7322
    0.0000  -15.0000   15.0000 2761.2173    8.6546
    7.5000  -15.0000   15.0000 2755.0234    8.6867
   -7.5000   -7.5000   15.0000 2837.9392    8.3115
    0.0000   -7.5000   15.0000 2869.0767    8.2497
    7.5000   -7.5000   15.0000 2854.5442    8.2981
   -7.5000    0.0000   15.0000 2906.8796    8.1375
    0.0000    0.0000   15.0000 2946.0339    8.1182
    7.5000    0.0000   15.0000 2927.6055    8.1213
   -7.5000    7.5000   15.0000 2933.3516    7.9961
    0.0000    7.5000   15.0000 2979.9128    7.9982
    7.5000    7.5000   15.0000 2954.0266    8.0235
   -7.5000   15.0000   15.0000 2917.7808    8.0003
    0.0000   15.0000   15.0000 2955.2053    7.8929
    7.5000   15.0000   15.0000 2928.0083    7.9743
   -7.5000   22.5000   15.0000 2869.0825    8.1946
    0.0000   22.5000   15.0000 2906.5642    8.0508
    7.5000   22.5000   15.0000 2889.9226    8.1490
   -7.5000   30.0000   15.0000 2796.9832    8.5695
    0.0000   30.0000   15.0000 2828.5051    8.4435
    7.5000   30.0000   15.0000 2813.7363    8.5576
   -7.5000   37.5000   15.0000 2710.3359    9.1216
    0.0000   37.5000   15.0000 2729.9800    8.9977
    7.5000   37.5000   15.0000 2718.9004    9.1099
   -7.5000   45.0000   15.0000 2601.6924    9.8908
    0.0000   45.0000   15.0000 2618.5403    9.7433
    7.5000   45.0000   15.0000 2614.5098    9.8551
   -7.5000  -45.0000   22.5000 2250.2334   13.4161
    0.0000  -45.0000   22.5000 2260.8474   13.2384
    7.5000  -45.0000   22.5000 2252.5371   13.3154
   -7.5000  -37.5000   22.5000 2370.8733   11.8898
    0.0000  -37.5000   22.5000 2381.8613   11.7237
    7.5000  -37.5000   22.5000 2377.1614   11.7918
   -7.5000  -30.0000   22.5000 2481.2126   10.6936
    0.0000  -30.0000   22.5000 2500.6238   10.5472
    7.5000  -30.0000   22.5000 2494.8779   10.5934
   -7.5000  -22.5000   22.5000 2588.1707    9.7574
    0.0000  -22.5000   22.5000 2610.9390    9.6108
    7.5000  -22.5000   22.5000 2608.6072    9.6614
   -7.5000  -15.0000   22.5000 2691.7996    9.0439
    0.0000  -15.0000   22.5000 2719.1873    8.9313
    7.5000  -15.0000   22.5000 2716.0374    8.9839
   -7.5000   -7.5000   22.5000 2798.1753    8.5896
    0.0000   -7.5000   22.5000 2825.0740    8.5257
    7.5000   -7.5000   22.5000 2814.4019    8.5687
   -7.5000    0.0000   22.5000 2862.8096    8.3091
    0.0000    0.0000   22.5000 2896.9028    8.3330
    7.5000    0.0000   22.5000 2881.0798    8.3343
   -7.5000    7.5000   22.5000 2894.5183    8.1599
    0.0000    7.5000   22.5000 2929.5364    8.0885
    7.5000    7.5000   22.5000 2907.7678    8.1331
   -7.5000   15.0000   22.5000 2882.6953    8.1814
    0.0000   15.0000   22.5000 2920.2241    8.0130
    7.5000   15.0000   22.5000 2899.1577    8.1081
   -7.5000   22.5000   22.5000 2836.9160    8.3961
    0.0000   22.5000   22.5000 2875.2620    8.2459
    7.5000   22.5000   22.5000 2863.6221    8.3581
   -7.5000   30.0000   22.5000 2761.1062    8.8055
    0.0000   30.0000   22.5000 2792.0271    8.6871
    7.5000   30.0000   22.5000 2779.3894    8.8053
   -7.5000   37.5000   22.5000 2667.7009    9.4017
    0.0000   37.5000   22.5000 2684.6628    9.2871
    7.5000   37.5000   22.5000 2673.3379    9.3953
   -7.5000   45.0000   22.5000 2556.7012   10.1801
    0.0000   45.0000   22.5000 2573.6399   10.0462
    7.5000   45.0000   22.5000 2570.5103   10.1433
   -7.5000  -45.0000   30.0000 2205.5586   14.0086
    0.0000  -45.0000   30.0000 2218.0481   13.8052
    7.5000  -45.0000   30.0000 2208.8447   13.9200
   -7.5000  -37.5000   30.0000 2330.7676   12.4164
    0.0000  -37.5000   30.0000 2344.0015   12.2253
    7.5000  -37.5000   30.0000 2338.4729   12.3150
   -7.5000  -30.0000   30.0000 2437.3884   11.1612
    0.0000  -30.0000   30.0000 2454.6250   10.9852
    7.5000  -30.0000   30.0000 2453.1467   11.0401
   -7.5000  -22.5000   30.0000 2542.0054   10.2084
    0.0000  -22.5000   30.0000 2563.9868   10.0303
    7.5000  -22.5000   30.0000 2564.8286   10.0885
   -7.5000  -15.0000   30.0000 2643.1587    9.4720
    0.0000  -15.0000   30.0000 2662.8730    9.3398
    7.5000  -15.0000   30.0000 2663.7786    9.3930
   -7.5000   -7.5000   30.0000 2739.2537    8.9893
    0.0000   -7.5000   30.0000 2761.6545    8.9151
    7.5000   -7.5000   30.0000 2754.8022    8.9655
   -7.5000    0.0000   30.0000 2800.3308    8.6552
    0.0000    0.0000   30.0000 2827.2817    8.6049
    7.5000    0.0000   30.0000 2816.0745    8.6468
   -7.5000    7.5000   30.0000 2837.2825    8.5107
    0.0000    7.5000   30.0000 2861.2795    8.3582
    7.5000    7.5000   30.0000 2845.3831    8.4269
   -7.5000   15.0000   30.0000 2825.9543    8.5564
    0.0000   15.0000   30.0000 2854.9692    8.3758
    7.5000   15.0000   30.0000 2841.4709    8.4590
   -7.5000   22.5000   30.0000 2779.5752    8.8042
    0.0000   22.5000   30.0000 2808.0308    8.6561
    7.5000   22.5000   30.0000 2801.1235    8.7541
   -7.5000   30.0000   30.0000 2705.1709    9.1928
    0.0000   30.0000   30.0000 2734.8855    9.0599
    7.5000   30.0000   30.0000 2724.2170    9.1596
   -7.5000   37.5000   30.0000 2614.9358    9.7915
    0.0000   37.5000   30.0000 2637.6565    9.6490
    7.5000   37.5000   30.0000 2627.8213    9.7463
   -7.5000   45.0000   30.0000 2506.1936   10.5788
    0.0000   45.0000   30.0000 2525.4258   10.4396
    7.5000   45.0000   30.0000 2516.4797   10.5370
   -7.5000  -45.0000   37.5000 2149.7405   14.7517
    0.0000  -45.0000   37.5000 2163.8608   14.5124
    7.5000  -45.0000   37.5000 2156.5684   14.5975
   -7.5000  -37.5000   37.5000 2275.8801   13.0927
    0.0000  -37.5000   37.5000 2291.4351   12.8516
    7.5000  -37.5000   37.5000 2287.0647   12.9545
   -7.5000  -30.0000   37.5000 2386.2832   11.7681
    0.0000  -30.0000   37.5000 2404.3445   11.5379
    7.5000  -30.0000   37.5000 2406.1370   11.6170
   -7.5000  -22.5000   37.5000 2490.8359   10.7710
    0.0000  -22.5000   37.5000 2511.1016   10.5747
    7.5000  -22.5000   37.5000 2512.6631   10.6326
   -7.5000  -15.0000   37.5000 2584.3567   10.0289
    0.0000  -15.0000   37.5000 2606.9663    9.8876
    7.5000  -15.0000   37.5000 2604.6799    9.9437
   -7.5000   -7.5000   37.5000 2669.8870    9.4903
    0.0000   -7.5000   37.5000 2694.0657    9.3800
    7.5000   -7.5000   37.5000 2686.5583    9.4451
   -7.5000    0.0000   37.5000 2727.7603    9.1648
    0.0000    0.0000   37.5000 2757.7524    9.0048
    7.5000    0.0000   37.5000 2746.3062    9.0536
   -7.5000    7.5000   37.5000 2754.5886    9.0219
    0.0000    7.5000   37.5000 2785.1499    8.8109
    7.5000    7.5000   37.5000 2771.9954    8.8694
   -7.5000   15.0000   37.5000 2744.0222    9.0802
    0.0000   15.0000   37.5000 2771.2327    8.9005
    7.5000   15.0000   37.5000 2765.1155    8.9622
   -7.5000   22.5000   37.5000 2704.7959    9.3195
    0.0000   22.5000   37.5000 2729.1833    9.1878
    7.5000   22.5000   37.5000 2721.8101    9.2710
   -7.5000   30.0000   37.5000 2636.9670    9.7241
    0.0000   30.0000   37.5000 2664.0662    9.5844
    7.5000   30.0000   37.5000 2656.9534    9.6766
   -7.5000   37.5000   37.5000 2555.0518   10.3141
    0.0000   37.5000   37.5000 2581.8831   10.1555
    7.5000   37.5000   37.5000 2572.4409   10.2450
   -7.5000   45.0000   37.5000 2448.5728   11.1137
    0.0000   45.0000   37.5000 2472.3218   10.9529
    7.5000   45.0000   37.5000 2463.9863   11.0413
   -7.5000  -45.0000   45.0000 2088.1997   15.6071
    0.0000  -45.0000   45.0000 2105.2144   15.3480
    7.5000  -45.0000   45.0000 2102.3184   15.4545
   -7.5000  -37.5000   45.0000 2212.8096   13.9071
    0.0000  -37.5000   45.0000 2232.6855   13.6001
    7.5000  -37.5000   45.0000 2230.6765   13.7252
   -7.5000  -30.0000   45.0000 2326.8940   12.5276
    0.0000  -30.0000   45.0000 2349.1379   12.2568
    7.5000  -30.0000   45.0000 2350.4050   12.3284
   -7.5000  -22.5000   45.0000 2430.2205   11.4579
    0.0000  -22.5000   45.0000 2451.1099   11.2329
    7.5000  -22.5000   45.0000 2452.2241   11.3053
   -7.5000  -15.0000   45.0000 2519.7241   10.6784
    0.0000  -15.0000   45.0000 2541.2749   10.4915
    7.5000  -15.0000   45.0000 2539.2817   10.5570
   -7.5000   -7.5000   45.0000 2597.4661   10.1053
    0.0000   -7.5000   45.0000 2626.6084    9.9264
    7.5000   -7.5000   45.0000 2619.5603    9.9961
   -7.5000    0.0000   45.0000 2650.3035    9.7896
    0.0000    0.0000   45.0000 2681.3826    9.5673
    7.5000    0.0000   45.0000 2675.3955    9.6317
   -7.5000    7.5000   45.0000 2666.5715    9.6298
    0.0000    7.5000   45.0000 2698.0032    9.3989
    7.5000    7.5000   45.0000 2688.1841    9.4587
   -7.5000   15.0000   45.0000 2654.9971    9.7028
    0.0000   15.0000   45.0000 2682.1760    9.4968
    7.5000   15.0000   45.0000 2675.0698    9.5638
   -7.5000   22.5000   45.0000 2621.8948    9.9358
    0.0000   22.5000   45.0000 2646.8564    9.7733
    7.5000   22.5000   45.0000 2641.9238    9.8593
   -7.5000   30.0000   45.0000 2557.5891   10.3384
    0.0000   30.0000   45.0000 2586.9326   10.1851
    7.5000   30.0000   45.0000 2581.2722   10.2731
   -7.5000   37.5000   45.0000 2481.3223   10.9353
    0.0000   37.5000   45.0000 2514.2922   10.7681
    7.5000   37.5000   45.0000 2507.8899   10.8466
   -7.5000   45.0000   45.0000 2381.3333   11.7320
    0.0000   45.0000   45.0000 2407.2791   11.5682
    7.5000   45.0000   45.0000 2398.7017   11.6416

---------------------------------------------------------------------
imgreg_4dfp /opt/freesurfer/average/711-2C_as_mni_average_305 /opt/freesurfer/average/711-2B_as_mni_average_305_mask talsrcimg_g11 none talsrcimg_to_711-2C_as_mni_average_305_t4 1283
---------------------------------------------------------------------

freesurfer imgreg_4dfp.c
/opt/freesurfer/average/711-2C_as_mni_average_305.4dfp.img
       256       256       256         1
  1.000000  1.000000  1.000000
orientation T byte_order littleendian
Reading image: /opt/freesurfer/average/711-2C_as_mni_average_305.4dfp.img
dimensions:      256       256       256
mmppix:       1.0000   -1.0000   -1.0000
center:     128.0000 -129.0000 -129.0000
/opt/freesurfer/average/711-2B_as_mni_average_305_mask.4dfp.img
       256       256       256         1
  1.000000  1.000000  1.000000
orientation T byte_order littleendian
Reading mask: /opt/freesurfer/average/711-2B_as_mni_average_305_mask.4dfp.img (2306576 pixels)
talsrcimg_g11.4dfp.img
       256       256       256         1
  1.000000  1.000000  1.000000
orientation T byte_order littleendian
Reading image: talsrcimg_g11.4dfp.img
dimensions:      256       256       256
mmppix:       1.0000   -1.0000   -1.0000
center:     128.0000 -129.0000 -129.0000
rotation matrix determinant  1.000000
fimgreg.f
image alignment mode   1283 decimal      503 hex
parameters
    0.0000    7.5000    7.5000    0.0000    0.0000    0.0000
eta,q 0.93854  8.01013
niter,ni,del,rscale     5    3   12.0000    1.2000
parameter  4  8.708061 ->  0.500000 qaram    1.1500
parameters
    1.1266    7.9440    9.9198   -3.4500   -1.7632   -1.8573
eta,q 0.94564  7.95912
  0.0759  0.0683  0.0651  0.0532  0.0578  0.0575
  0.0686  0.0643  0.0656  0.0548  0.0564  0.0554
  0.0637  0.0617  0.0644  0.0578  0.0550  0.0544
  0.0618  0.0617  0.0622  0.0615  0.0555  0.0550
  0.0624  0.0622  0.0613  0.0647  0.0573  0.0574
  0.0647  0.0627  0.0619  0.0673  0.0607  0.0603
  0.0674  0.0665  0.0637  0.0704  0.0635  0.0624
niter,ni,del,rscale     5    3   12.0000    1.2000
parameter  4  1.676866 ->  0.500000 qaram    1.3225
parameters
    1.4338    8.6845    8.7057   -7.4175   -2.5923   -1.5270
eta,q 0.95009  7.95995
  0.0673  0.0673  0.0578  0.0480  0.0543  0.0560
  0.0606  0.0612  0.0555  0.0494  0.0519  0.0529
  0.0560  0.0565  0.0541  0.0511  0.0504  0.0507
  0.0544  0.0544  0.0545  0.0541  0.0498  0.0499
  0.0559  0.0557  0.0561  0.0583  0.0512  0.0506
  0.0594  0.0585  0.0587  0.0627  0.0541  0.0523
  0.0645  0.0618  0.0616  0.0662  0.0578  0.0546
niter,ni,del,rscale     5    3   12.0000    1.2000
parameter  4  0.950267 ->  0.500000 qaram    1.5209
parameters
    1.5043    9.7941    7.5353  -11.9801   -2.9753   -1.8671
eta,q 0.95436  8.01208
  0.0630  0.0628  0.0531  0.0460  0.0507  0.0507
  0.0558  0.0565  0.0515  0.0457  0.0481  0.0478
  0.0513  0.0522  0.0499  0.0471  0.0466  0.0459
  0.0499  0.0499  0.0496  0.0495  0.0457  0.0458
  0.0515  0.0498  0.0511  0.0528  0.0466  0.0475
  0.0559  0.0522  0.0540  0.0571  0.0487  0.0491
  0.0619  0.0557  0.0580  0.0615  0.0526  0.0510
niter,ni,del,rscale     5    3   12.0000    1.2000
parameters
    1.6653   10.9391    6.0705  -14.0625   -3.2484   -1.5456
eta,q 0.95648  8.01866
  0.0594  0.0596  0.0479  0.0519  0.0487  0.0498
  0.0517  0.0533  0.0461  0.0437  0.0454  0.0468
  0.0471  0.0489  0.0453  0.0430  0.0439  0.0444
  0.0456  0.0457  0.0450  0.0452  0.0434  0.0434
  0.0474  0.0455  0.0462  0.0490  0.0439  0.0444
  0.0513  0.0487  0.0496  0.0528  0.0462  0.0460
  0.0574  0.0521  0.0550  0.0577  0.0499  0.0485
niter,ni,del,rscale     4    3   12.0000    1.2000
parameters
    1.6305   11.5181    5.3650  -14.4322   -3.2240   -1.1818
eta,q 0.95683  8.02472
  0.0574  0.0563  0.0479  0.0566  0.0490  0.0492
  0.0492  0.0505  0.0459  0.0464  0.0453  0.0463
  0.0446  0.0464  0.0441  0.0422  0.0437  0.0438
  0.0435  0.0435  0.0432  0.0433  0.0431  0.0431
  0.0457  0.0441  0.0439  0.0471  0.0433  0.0439
  0.0502  0.0479  0.0468  0.0509  0.0454  0.0454
  0.0568  0.0525  0.0524  0.0553  0.0489  0.0478
niter,ni,del,rscale     3    3   12.0000    1.2000
parameters
    1.5894   11.6039    5.1123  -14.6377   -3.1596   -1.0688
eta,q 0.95690  8.02666
  0.0572  0.0543  0.0484  0.0570  0.0491  0.0486
  0.0492  0.0489  0.0463  0.0471  0.0455  0.0457
  0.0445  0.0451  0.0444  0.0423  0.0438  0.0434
  0.0432  0.0432  0.0431  0.0432  0.0431  0.0431
  0.0453  0.0445  0.0434  0.0468  0.0433  0.0439
  0.0501  0.0486  0.0457  0.0508  0.0453  0.0455
  0.0569  0.0538  0.0508  0.0548  0.0489  0.0480
niter,ni,del,rscale     2    3   12.0000    1.2000
parameters
    1.5644   11.6486    5.0259  -14.7476   -3.1310   -1.0372
eta,q 0.95698  8.02688
  0.0573  0.0543  0.0486  0.0572  0.0490  0.0484
  0.0493  0.0486  0.0463  0.0475  0.0454  0.0455
  0.0445  0.0449  0.0444  0.0423  0.0437  0.0433
  0.0431  0.0431  0.0431  0.0431  0.0430  0.0430
  0.0452  0.0445  0.0432  0.0466  0.0433  0.0439
  0.0501  0.0486  0.0454  0.0507  0.0454  0.0455
  0.0569  0.0540  0.0502  0.0547  0.0490  0.0481
niter,ni,del,rscale     1    3   12.0000    1.2000
parameters
    1.5575   11.6801    4.9845  -14.8102   -3.1234   -1.0212
eta,q 0.95703  8.02683
  0.0574  0.0543  0.0486  0.0573  0.0489  0.0484
  0.0494  0.0485  0.0463  0.0478  0.0454  0.0454
  0.0445  0.0448  0.0444  0.0423  0.0437  0.0432
  0.0430  0.0430  0.0430  0.0430  0.0430  0.0430
  0.0451  0.0444  0.0431  0.0465  0.0433  0.0438
  0.0500  0.0485  0.0452  0.0506  0.0454  0.0455
  0.0569  0.0540  0.0500  0.0546  0.0490  0.0481
registration optimization eta report
parameter search radius
    6.0000    6.0000    6.0000    9.1253    6.0000    6.0000
100000*second partial in parameter space
       39.       30.       17.       16.       17.       15.
  0.0574  0.0543  0.0486  0.0573  0.0489  0.0484
  0.0494  0.0485  0.0463  0.0478  0.0454  0.0454
  0.0445  0.0448  0.0444  0.0423  0.0437  0.0432
  0.0430  0.0430  0.0430  0.0430  0.0430  0.0430
  0.0451  0.0444  0.0431  0.0465  0.0433  0.0438
  0.0500  0.0485  0.0452  0.0506  0.0454  0.0455
  0.0569  0.0540  0.0500  0.0546  0.0490  0.0481
    1.5575   11.6801    4.9845  -14.8102   -3.1234   -1.0212
eta,q 0.95703  8.02683

---------------------------------------------------------------------
imgreg_4dfp /opt/freesurfer/average/711-2C_as_mni_average_305 /opt/freesurfer/average/711-2B_as_mni_average_305_mask talsrcimg_g11 none talsrcimg_to_711-2C_as_mni_average_305_t4 3335
---------------------------------------------------------------------

freesurfer imgreg_4dfp.c
/opt/freesurfer/average/711-2C_as_mni_average_305.4dfp.img
       256       256       256         1
  1.000000  1.000000  1.000000
orientation T byte_order littleendian
Reading image: /opt/freesurfer/average/711-2C_as_mni_average_305.4dfp.img
dimensions:      256       256       256
mmppix:       1.0000   -1.0000   -1.0000
center:     128.0000 -129.0000 -129.0000
/opt/freesurfer/average/711-2B_as_mni_average_305_mask.4dfp.img
       256       256       256         1
  1.000000  1.000000  1.000000
orientation T byte_order littleendian
Reading mask: /opt/freesurfer/average/711-2B_as_mni_average_305_mask.4dfp.img (2306576 pixels)
talsrcimg_g11.4dfp.img
       256       256       256         1
  1.000000  1.000000  1.000000
orientation T byte_order littleendian
Reading image: talsrcimg_g11.4dfp.img
dimensions:      256       256       256
mmppix:       1.0000   -1.0000   -1.0000
center:     128.0000 -129.0000 -129.0000
fimgreg.f
image alignment mode   3335 decimal      D07 hex
parameters
    1.5575   11.6801    4.9845   -0.1644   -3.3127   -3.4658
    0.3306    5.7223   -1.7797   25.4638   -5.4486  -25.5238
eta,q 0.95801  8.05791
niter,ni,del,rscale     5    3    5.0000    1.2000
parameter  4  1.631251 ->  0.500000 qaram    1.1500
parameter  5  1.137579 ->  0.500000 qaram    1.1500
parameter  6  0.856929 ->  0.500000 qaram    1.1500
parameter 10  0.586287 ->  0.500000 qaram    1.1500
parameter 12  1.199046 ->  0.500000 qaram    1.1500
parameters
    1.4271   11.9214    5.5024   -4.3044   -7.4527   -7.6058
    0.9730    5.3357   -3.5816   21.3238   -5.6818  -29.6638
eta,q 0.96588  7.51906
  0.0442  0.0450  0.0434  0.0390  0.0365  0.0363  0.0385  0.0395  0.0371  0.0357  0.0357  0.0338
  0.0429  0.0434  0.0428  0.0398  0.0373  0.0362  0.0374  0.0378  0.0364  0.0351  0.0354  0.0340
  0.0422  0.0424  0.0423  0.0408  0.0385  0.0366  0.0366  0.0366  0.0362  0.0353  0.0352  0.0344
  0.0420  0.0420  0.0420  0.0419  0.0401  0.0376  0.0363  0.0363  0.0363  0.0362  0.0351  0.0351
  0.0424  0.0421  0.0419  0.0433  0.0427  0.0391  0.0364  0.0369  0.0367  0.0377  0.0352  0.0359
  0.0433  0.0428  0.0421  0.0450  0.0462  0.0410  0.0369  0.0383  0.0375  0.0399  0.0354  0.0370
  0.0447  0.0439  0.0426  0.0473  0.0496  0.0430  0.0378  0.0404  0.0386  0.0426  0.0358  0.0382
niter,ni,del,rscale     7    3    5.0000    1.2000
parameter  4  0.538660 ->  0.500000 qaram    1.3225
parameter  5  0.513400 ->  0.500000 qaram    1.3225
parameter 12  0.625932 ->  0.500000 qaram    1.3225
parameters
    1.2035   12.1922    4.3936   -9.0654  -12.2137   -9.8258
    0.6599    5.3129   -4.4551   23.2543   -6.2023  -34.4248
eta,q 0.96892  7.10006
  0.0363  0.0369  0.0341  0.0337  0.0325  0.0336  0.0341  0.0355  0.0334  0.0360  0.0323  0.0314
  0.0349  0.0355  0.0338  0.0329  0.0321  0.0326  0.0329  0.0337  0.0325  0.0342  0.0319  0.0311
  0.0342  0.0346  0.0338  0.0330  0.0322  0.0320  0.0322  0.0324  0.0320  0.0328  0.0317  0.0312
  0.0341  0.0341  0.0340  0.0338  0.0329  0.0320  0.0320  0.0320  0.0320  0.0319  0.0317  0.0317
  0.0346  0.0341  0.0346  0.0348  0.0341  0.0330  0.0324  0.0324  0.0324  0.0317  0.0318  0.0324
  0.0356  0.0347  0.0354  0.0361  0.0363  0.0349  0.0333  0.0336  0.0331  0.0322  0.0321  0.0333
  0.0372  0.0359  0.0365  0.0378  0.0398  0.0376  0.0345  0.0356  0.0341  0.0336  0.0325  0.0344
niter,ni,del,rscale     7    3    5.0000    1.2000
parameters
    1.0727   12.5050    3.3514   -8.5189  -13.4793  -10.6805
    0.4843    5.3246   -4.3521   25.1201   -5.3588  -34.9583
eta,q 0.96944  7.06533
  0.0338  0.0340  0.0312  0.0351  0.0331  0.0336  0.0332  0.0346  0.0327  0.0350  0.0317  0.0325
  0.0322  0.0325  0.0309  0.0331  0.0319  0.0321  0.0319  0.0327  0.0317  0.0331  0.0311  0.0313
  0.0313  0.0315  0.0308  0.0315  0.0310  0.0311  0.0310  0.0313  0.0310  0.0317  0.0308  0.0307
  0.0311  0.0311  0.0310  0.0308  0.0308  0.0308  0.0308  0.0308  0.0308  0.0308  0.0306  0.0306
  0.0316  0.0312  0.0316  0.0313  0.0314  0.0313  0.0312  0.0312  0.0310  0.0306  0.0306  0.0310
  0.0327  0.0318  0.0325  0.0326  0.0327  0.0329  0.0321  0.0326  0.0316  0.0311  0.0309  0.0318
  0.0344  0.0328  0.0336  0.0342  0.0353  0.0354  0.0333  0.0346  0.0326  0.0325  0.0313  0.0328
niter,ni,del,rscale     6    3    5.0000    1.2000
parameters
    1.0315   12.8713    2.7939   -8.5882  -14.3941  -11.5227
    0.5577    5.1762   -4.4701   26.4040   -5.1926  -35.0874
eta,q 0.96957  7.01707
  0.0335  0.0335  0.0313  0.0344  0.0328  0.0332  0.0331  0.0341  0.0322  0.0340  0.0313  0.0324
  0.0319  0.0320  0.0307  0.0324  0.0318  0.0319  0.0317  0.0322  0.0313  0.0324  0.0309  0.0312
  0.0309  0.0310  0.0305  0.0310  0.0309  0.0309  0.0308  0.0310  0.0307  0.0312  0.0305  0.0306
  0.0306  0.0306  0.0305  0.0305  0.0305  0.0305  0.0305  0.0305  0.0305  0.0305  0.0304  0.0304
  0.0310  0.0306  0.0309  0.0312  0.0310  0.0310  0.0309  0.0310  0.0308  0.0305  0.0305  0.0308
  0.0320  0.0312  0.0315  0.0326  0.0322  0.0326  0.0317  0.0324  0.0314  0.0311  0.0308  0.0315
  0.0337  0.0321  0.0325  0.0344  0.0344  0.0350  0.0329  0.0344  0.0323  0.0325  0.0313  0.0324
niter,ni,del,rscale     5    3    5.0000    1.2000
parameters
    0.9824   13.3218    2.2160   -8.7436  -15.6646  -12.6368
    0.6466    5.0370   -4.3392   28.1680   -5.3156  -34.7510
eta,q 0.96977  6.94777
  0.0333  0.0332  0.0311  0.0342  0.0322  0.0328  0.0329  0.0337  0.0321  0.0337  0.0311  0.0322
  0.0317  0.0318  0.0306  0.0323  0.0314  0.0316  0.0316  0.0320  0.0312  0.0322  0.0306  0.0310
  0.0307  0.0309  0.0303  0.0308  0.0307  0.0307  0.0307  0.0308  0.0306  0.0311  0.0303  0.0304
  0.0304  0.0304  0.0304  0.0303  0.0303  0.0304  0.0304  0.0304  0.0304  0.0304  0.0302  0.0302
  0.0308  0.0305  0.0307  0.0310  0.0308  0.0309  0.0307  0.0309  0.0306  0.0302  0.0303  0.0305
  0.0319  0.0309  0.0314  0.0325  0.0320  0.0326  0.0315  0.0321  0.0311  0.0306  0.0307  0.0310
  0.0335  0.0316  0.0322  0.0344  0.0341  0.0350  0.0327  0.0340  0.0320  0.0319  0.0311  0.0318
niter,ni,del,rscale     4    3    5.0000    1.2000
parameters
    0.9203   14.1332    1.2962   -9.0343  -17.8476  -14.2923
    0.6197    4.9131   -4.2257   30.3866   -5.1865  -34.5730
eta,q 0.97049  6.83307
  0.0329  0.0333  0.0303  0.0337  0.0312  0.0318  0.0321  0.0330  0.0318  0.0335  0.0305  0.0312
  0.0314  0.0318  0.0300  0.0318  0.0304  0.0307  0.0309  0.0313  0.0308  0.0320  0.0300  0.0302
  0.0305  0.0308  0.0299  0.0304  0.0299  0.0300  0.0301  0.0302  0.0301  0.0308  0.0296  0.0297
  0.0302  0.0302  0.0300  0.0299  0.0299  0.0298  0.0299  0.0299  0.0299  0.0299  0.0295  0.0295
  0.0306  0.0300  0.0305  0.0306  0.0305  0.0305  0.0302  0.0303  0.0301  0.0295  0.0296  0.0297
  0.0316  0.0302  0.0312  0.0322  0.0318  0.0323  0.0310  0.0314  0.0307  0.0299  0.0299  0.0302
  0.0332  0.0308  0.0321  0.0342  0.0339  0.0350  0.0321  0.0332  0.0317  0.0312  0.0304  0.0310
niter,ni,del,rscale     3    3    5.0000    1.2000
parameters
    0.9081   14.8991    0.4494   -9.1885  -18.8041  -15.3364
    0.4802    5.0360   -4.3663   31.0858   -5.0203  -35.1095
eta,q 0.97079  6.77671
  0.0322  0.0328  0.0296  0.0331  0.0314  0.0315  0.0314  0.0326  0.0313  0.0326  0.0302  0.0307
  0.0307  0.0313  0.0293  0.0312  0.0303  0.0304  0.0302  0.0309  0.0302  0.0310  0.0297  0.0298
  0.0298  0.0302  0.0292  0.0298  0.0296  0.0296  0.0295  0.0297  0.0295  0.0299  0.0293  0.0293
  0.0295  0.0295  0.0293  0.0292  0.0292  0.0292  0.0293  0.0293  0.0293  0.0293  0.0292  0.0292
  0.0298  0.0293  0.0297  0.0297  0.0296  0.0296  0.0296  0.0296  0.0296  0.0293  0.0293  0.0295
  0.0308  0.0296  0.0303  0.0313  0.0309  0.0311  0.0304  0.0307  0.0303  0.0301  0.0296  0.0301
  0.0322  0.0303  0.0312  0.0334  0.0328  0.0336  0.0315  0.0324  0.0314  0.0318  0.0301  0.0310
niter,ni,del,rscale     2    3    5.0000    1.2000
parameters
    0.9788   15.1085    0.1071   -9.1735  -18.9956  -15.7925
    0.3733    5.1484   -4.4442   31.4476   -5.0205  -35.3445
eta,q 0.97079  6.76699
  0.0319  0.0316  0.0300  0.0331  0.0317  0.0317  0.0313  0.0326  0.0313  0.0323  0.0302  0.0308
  0.0305  0.0303  0.0295  0.0313  0.0306  0.0305  0.0302  0.0309  0.0302  0.0308  0.0296  0.0299
  0.0295  0.0295  0.0292  0.0299  0.0298  0.0297  0.0295  0.0297  0.0295  0.0297  0.0293  0.0294
  0.0292  0.0292  0.0292  0.0292  0.0292  0.0292  0.0292  0.0292  0.0292  0.0292  0.0292  0.0292
  0.0295  0.0294  0.0294  0.0297  0.0293  0.0294  0.0296  0.0296  0.0295  0.0294  0.0293  0.0295
  0.0303  0.0299  0.0299  0.0312  0.0305  0.0306  0.0303  0.0307  0.0303  0.0303  0.0296  0.0300
  0.0316  0.0308  0.0306  0.0333  0.0323  0.0328  0.0314  0.0324  0.0313  0.0320  0.0301  0.0309
niter,ni,del,rscale     1    3    5.0000    1.2000
parameters
    1.0202   15.1787   -0.0526   -9.1661  -19.0668  -16.0041
    0.3139    5.2180   -4.4792   31.6043   -5.0420  -35.4356
eta,q 0.97077  6.76314
  0.0318  0.0313  0.0301  0.0332  0.0317  0.0318  0.0314  0.0325  0.0313  0.0322  0.0302  0.0308
  0.0304  0.0301  0.0296  0.0314  0.0307  0.0306  0.0302  0.0308  0.0302  0.0307  0.0296  0.0299
  0.0295  0.0294  0.0293  0.0299  0.0298  0.0297  0.0295  0.0297  0.0295  0.0297  0.0293  0.0294
  0.0292  0.0292  0.0292  0.0292  0.0292  0.0292  0.0292  0.0292  0.0292  0.0292  0.0292  0.0292
  0.0295  0.0294  0.0294  0.0297  0.0293  0.0293  0.0295  0.0296  0.0295  0.0294  0.0293  0.0295
  0.0303  0.0301  0.0298  0.0312  0.0304  0.0304  0.0303  0.0307  0.0302  0.0304  0.0297  0.0300
  0.0316  0.0310  0.0304  0.0333  0.0322  0.0325  0.0314  0.0325  0.0313  0.0322  0.0302  0.0308
registration optimization eta report
parameter search radius
    2.4000    2.4000    2.4000    9.5220    9.5220    8.2800
    7.2000    7.2000    7.2000    8.2800    7.2000    9.5220
100000*second partial in parameter space
       44.       33.       18.        4.        3.        4.
        4.        6.        4.        4.        2.        2.
  0.0318  0.0313  0.0301  0.0332  0.0317  0.0318  0.0314  0.0325  0.0313  0.0322  0.0302  0.0308
  0.0304  0.0301  0.0296  0.0314  0.0307  0.0306  0.0302  0.0308  0.0302  0.0307  0.0296  0.0299
  0.0295  0.0294  0.0293  0.0299  0.0298  0.0297  0.0295  0.0297  0.0295  0.0297  0.0293  0.0294
  0.0292  0.0292  0.0292  0.0292  0.0292  0.0292  0.0292  0.0292  0.0292  0.0292  0.0292  0.0292
  0.0295  0.0294  0.0294  0.0297  0.0293  0.0293  0.0295  0.0296  0.0295  0.0294  0.0293  0.0295
  0.0303  0.0301  0.0298  0.0312  0.0304  0.0304  0.0303  0.0307  0.0302  0.0304  0.0297  0.0300
  0.0316  0.0310  0.0304  0.0333  0.0322  0.0325  0.0314  0.0325  0.0313  0.0322  0.0302  0.0308
    1.0202   15.1787   -0.0526   -9.1661  -19.0668  -16.0041
    0.3139    5.2180   -4.4792   31.6043   -5.0420  -35.4356
eta,q 0.97077  6.76314

---------------------------------------------------------------------
imgreg_4dfp /opt/freesurfer/average/711-2C_as_mni_average_305 /opt/freesurfer/average/711-2B_as_mni_average_305_mask talsrcimg_g11 none talsrcimg_to_711-2C_as_mni_average_305_t4 2311
---------------------------------------------------------------------

freesurfer imgreg_4dfp.c
/opt/freesurfer/average/711-2C_as_mni_average_305.4dfp.img
       256       256       256         1
  1.000000  1.000000  1.000000
orientation T byte_order littleendian
Reading image: /opt/freesurfer/average/711-2C_as_mni_average_305.4dfp.img
dimensions:      256       256       256
mmppix:       1.0000   -1.0000   -1.0000
center:     128.0000 -129.0000 -129.0000
/opt/freesurfer/average/711-2B_as_mni_average_305_mask.4dfp.img
       256       256       256         1
  1.000000  1.000000  1.000000
orientation T byte_order littleendian
Reading mask: /opt/freesurfer/average/711-2B_as_mni_average_305_mask.4dfp.img (2306576 pixels)
talsrcimg_g11.4dfp.img
       256       256       256         1
  1.000000  1.000000  1.000000
orientation T byte_order littleendian
Reading image: talsrcimg_g11.4dfp.img
dimensions:      256       256       256
mmppix:       1.0000   -1.0000   -1.0000
center:     128.0000 -129.0000 -129.0000
fimgreg.f
image alignment mode   2311 decimal      907 hex
parameters
    1.0202   15.1787   -0.0526   -9.1661  -19.0668  -16.0041
    0.3139    5.2180   -4.4792   31.6043   -5.0420  -35.4356
eta,q 0.97077  6.76314
niter,ni,del,rscale     5    3    5.0000    0.8000
parameters
    1.0280   15.1504   -0.0972   -8.9207  -18.0562  -15.4222
    0.3615    5.3061   -4.4832   31.8836   -4.9400  -35.5410
eta,q 0.97091  6.82774
  0.0304  0.0301  0.0296  0.0306  0.0303  0.0303  0.0302  0.0308  0.0301  0.0303  0.0295  0.0295
  0.0297  0.0296  0.0294  0.0299  0.0299  0.0298  0.0296  0.0299  0.0296  0.0297  0.0293  0.0293
  0.0294  0.0293  0.0293  0.0295  0.0295  0.0294  0.0292  0.0293  0.0292  0.0293  0.0291  0.0291
  0.0292  0.0292  0.0292  0.0292  0.0292  0.0291  0.0291  0.0291  0.0291  0.0291  0.0291  0.0291
  0.0294  0.0294  0.0293  0.0293  0.0291  0.0291  0.0292  0.0293  0.0292  0.0292  0.0291  0.0292
  0.0297  0.0297  0.0294  0.0297  0.0293  0.0294  0.0296  0.0298  0.0296  0.0295  0.0293  0.0293
  0.0304  0.0301  0.0297  0.0304  0.0297  0.0299  0.0301  0.0307  0.0301  0.0301  0.0295  0.0296
niter,ni,del,rscale     4    3    5.0000    0.7000
parameters
    1.0226   15.0721    0.0775   -8.9622  -18.0152  -15.1102
    0.3987    5.2925   -4.5056   31.8702   -4.9414  -35.5552
eta,q 0.97094  6.83570
  0.0300  0.0297  0.0295  0.0301  0.0298  0.0299  0.0299  0.0303  0.0299  0.0300  0.0294  0.0294
  0.0295  0.0294  0.0293  0.0296  0.0295  0.0295  0.0294  0.0296  0.0294  0.0295  0.0292  0.0292
  0.0292  0.0291  0.0292  0.0292  0.0292  0.0292  0.0292  0.0292  0.0291  0.0292  0.0291  0.0291
  0.0291  0.0291  0.0291  0.0291  0.0291  0.0291  0.0291  0.0291  0.0291  0.0291  0.0291  0.0291
  0.0292  0.0292  0.0291  0.0292  0.0291  0.0291  0.0292  0.0292  0.0292  0.0292  0.0291  0.0291
  0.0295  0.0295  0.0292  0.0296  0.0294  0.0293  0.0294  0.0296  0.0294  0.0295  0.0292  0.0292
  0.0300  0.0299  0.0294  0.0301  0.0299  0.0298  0.0299  0.0303  0.0299  0.0300  0.0294  0.0294
niter,ni,del,rscale     3    3    5.0000    0.6000
parameters
    1.0148   15.0539    0.1760   -8.9569  -17.9347  -14.9127
    0.4153    5.2766   -4.5119   31.8770   -4.9381  -35.5505
eta,q 0.97094  6.84411
  0.0297  0.0296  0.0294  0.0298  0.0296  0.0297  0.0297  0.0300  0.0296  0.0297  0.0293  0.0293
  0.0294  0.0293  0.0292  0.0294  0.0294  0.0294  0.0293  0.0295  0.0293  0.0294  0.0292  0.0292
  0.0291  0.0291  0.0291  0.0292  0.0292  0.0292  0.0291  0.0292  0.0291  0.0291  0.0291  0.0291
  0.0291  0.0291  0.0291  0.0291  0.0291  0.0291  0.0291  0.0291  0.0291  0.0291  0.0291  0.0291
  0.0291  0.0291  0.0291  0.0291  0.0291  0.0291  0.0291  0.0292  0.0291  0.0291  0.0291  0.0291
  0.0294  0.0293  0.0292  0.0294  0.0293  0.0293  0.0293  0.0295  0.0293  0.0294  0.0292  0.0292
  0.0297  0.0296  0.0293  0.0298  0.0296  0.0296  0.0297  0.0300  0.0296  0.0298  0.0293  0.0293
niter,ni,del,rscale     2    3    5.0000    0.5000
parameters
    1.0065   15.0419    0.2367   -8.9488  -17.8724  -14.7699
    0.4307    5.2677   -4.5089   31.8913   -4.9379  -35.5614
eta,q 0.97095  6.85085
  0.0295  0.0294  0.0293  0.0296  0.0295  0.0295  0.0295  0.0297  0.0295  0.0295  0.0292  0.0292
  0.0293  0.0292  0.0292  0.0293  0.0293  0.0293  0.0292  0.0293  0.0292  0.0293  0.0291  0.0291
  0.0291  0.0291  0.0291  0.0291  0.0291  0.0291  0.0291  0.0291  0.0291  0.0291  0.0291  0.0291
  0.0291  0.0291  0.0291  0.0291  0.0291  0.0291  0.0290  0.0290  0.0290  0.0290  0.0290  0.0290
  0.0291  0.0291  0.0291  0.0291  0.0291  0.0291  0.0291  0.0291  0.0291  0.0291  0.0291  0.0291
  0.0293  0.0292  0.0291  0.0293  0.0292  0.0292  0.0292  0.0293  0.0292  0.0293  0.0291  0.0291
  0.0295  0.0294  0.0292  0.0296  0.0295  0.0295  0.0295  0.0297  0.0295  0.0295  0.0292  0.0292
niter,ni,del,rscale     1    3    5.0000    0.4000
parameters
    1.0005   15.0366    0.2867   -8.9284  -17.8273  -14.6444
    0.4473    5.2478   -4.5058   31.9051   -4.9237  -35.5411
eta,q 0.97096  6.85659
  0.0293  0.0293  0.0292  0.0294  0.0293  0.0293  0.0293  0.0295  0.0293  0.0294  0.0292  0.0292
  0.0292  0.0292  0.0291  0.0292  0.0292  0.0292  0.0292  0.0292  0.0292  0.0292  0.0291  0.0291
  0.0291  0.0291  0.0291  0.0291  0.0291  0.0291  0.0291  0.0291  0.0291  0.0291  0.0291  0.0291
  0.0290  0.0290  0.0290  0.0290  0.0290  0.0290  0.0290  0.0290  0.0290  0.0290  0.0290  0.0290
  0.0291  0.0291  0.0291  0.0291  0.0291  0.0291  0.0291  0.0291  0.0291  0.0291  0.0291  0.0291
  0.0292  0.0292  0.0291  0.0292  0.0292  0.0291  0.0292  0.0292  0.0292  0.0292  0.0291  0.0291
  0.0294  0.0293  0.0292  0.0294  0.0293  0.0293  0.0293  0.0295  0.0293  0.0294  0.0292  0.0292
registration optimization eta report
parameter search radius
    0.8000    0.8000    0.8000    2.4000    2.4000    2.4000
    2.4000    2.4000    2.4000    2.4000    2.4000    2.4000
100000*second partial in parameter space
       47.       39.       19.        6.        5.        5.
        5.        7.        5.        6.        2.        2.
  0.0293  0.0293  0.0292  0.0294  0.0293  0.0293  0.0293  0.0295  0.0293  0.0294  0.0292  0.0292
  0.0292  0.0292  0.0291  0.0292  0.0292  0.0292  0.0292  0.0292  0.0292  0.0292  0.0291  0.0291
  0.0291  0.0291  0.0291  0.0291  0.0291  0.0291  0.0291  0.0291  0.0291  0.0291  0.0291  0.0291
  0.0290  0.0290  0.0290  0.0290  0.0290  0.0290  0.0290  0.0290  0.0290  0.0290  0.0290  0.0290
  0.0291  0.0291  0.0291  0.0291  0.0291  0.0291  0.0291  0.0291  0.0291  0.0291  0.0291  0.0291
  0.0292  0.0292  0.0291  0.0292  0.0292  0.0291  0.0292  0.0292  0.0292  0.0292  0.0291  0.0291
  0.0294  0.0293  0.0292  0.0294  0.0293  0.0293  0.0293  0.0295  0.0293  0.0294  0.0292  0.0292
    1.0005   15.0366    0.2867   -8.9284  -17.8273  -14.6444
    0.4473    5.2478   -4.5058   31.9051   -4.9237  -35.5411
eta,q 0.97096  6.85659

---------------------------------------------------------------------
imgreg_4dfp /opt/freesurfer/average/711-2C_as_mni_average_305 /opt/freesurfer/average/711-2B_as_mni_average_305_mask talsrcimg_g11 none talsrcimg_to_711-2C_as_mni_average_305_t4 2311
---------------------------------------------------------------------

freesurfer imgreg_4dfp.c
/opt/freesurfer/average/711-2C_as_mni_average_305.4dfp.img
       256       256       256         1
  1.000000  1.000000  1.000000
orientation T byte_order littleendian
Reading image: /opt/freesurfer/average/711-2C_as_mni_average_305.4dfp.img
dimensions:      256       256       256
mmppix:       1.0000   -1.0000   -1.0000
center:     128.0000 -129.0000 -129.0000
/opt/freesurfer/average/711-2B_as_mni_average_305_mask.4dfp.img
       256       256       256         1
  1.000000  1.000000  1.000000
orientation T byte_order littleendian
Reading mask: /opt/freesurfer/average/711-2B_as_mni_average_305_mask.4dfp.img (2306576 pixels)
talsrcimg_g11.4dfp.img
       256       256       256         1
  1.000000  1.000000  1.000000
orientation T byte_order littleendian
Reading image: talsrcimg_g11.4dfp.img
dimensions:      256       256       256
mmppix:       1.0000   -1.0000   -1.0000
center:     128.0000 -129.0000 -129.0000
fimgreg.f
image alignment mode   2311 decimal      907 hex
parameters
    1.0005   15.0366    0.2867   -8.9284  -17.8273  -14.6444
    0.4473    5.2478   -4.5058   31.9051   -4.9237  -35.5411
eta,q 0.97096  6.85659
niter,ni,del,rscale     5    3    5.0000    0.8000
parameters
    1.0032   15.0490    0.3010   -9.0472  -18.1161  -14.9413
    0.4491    5.2616   -4.5023   31.7776   -4.9513  -35.5323
eta,q 0.97094  6.83195
  0.0302  0.0301  0.0296  0.0303  0.0299  0.0300  0.0301  0.0307  0.0301  0.0301  0.0295  0.0295
  0.0296  0.0295  0.0293  0.0296  0.0295  0.0295  0.0295  0.0298  0.0295  0.0296  0.0292  0.0293
  0.0292  0.0292  0.0291  0.0292  0.0292  0.0292  0.0292  0.0293  0.0292  0.0292  0.0291  0.0291
  0.0290  0.0290  0.0290  0.0290  0.0290  0.0291  0.0291  0.0291  0.0291  0.0291  0.0291  0.0291
  0.0292  0.0292  0.0291  0.0292  0.0292  0.0292  0.0292  0.0292  0.0292  0.0292  0.0291  0.0291
  0.0296  0.0295  0.0293  0.0297  0.0296  0.0296  0.0295  0.0298  0.0295  0.0296  0.0293  0.0293
  0.0302  0.0300  0.0295  0.0304  0.0302  0.0304  0.0301  0.0307  0.0301  0.0303  0.0295  0.0295
niter,ni,del,rscale     4    3    5.0000    0.7000
parameters
    1.0084   15.0536    0.2238   -8.9930  -18.0250  -14.9467
    0.4272    5.2676   -4.5002   31.8273   -4.9528  -35.5400
eta,q 0.97094  6.83778
  0.0300  0.0298  0.0294  0.0301  0.0298  0.0298  0.0299  0.0303  0.0299  0.0300  0.0294  0.0294
  0.0295  0.0294  0.0292  0.0296  0.0295  0.0295  0.0294  0.0296  0.0294  0.0295  0.0292  0.0292
  0.0292  0.0291  0.0291  0.0292  0.0292  0.0292  0.0291  0.0292  0.0291  0.0292  0.0291  0.0291
  0.0291  0.0291  0.0291  0.0291  0.0291  0.0291  0.0291  0.0291  0.0291  0.0291  0.0291  0.0291
  0.0292  0.0291  0.0291  0.0292  0.0291  0.0291  0.0292  0.0292  0.0292  0.0291  0.0291  0.0291
  0.0295  0.0294  0.0293  0.0295  0.0294  0.0294  0.0294  0.0296  0.0294  0.0294  0.0292  0.0292
  0.0300  0.0298  0.0295  0.0301  0.0298  0.0299  0.0299  0.0303  0.0298  0.0300  0.0294  0.0294
niter,ni,del,rscale     3    3    5.0000    0.6000
parameters
    1.0045   15.0468    0.2256   -8.9670  -17.9393  -14.8569
    0.4305    5.2677   -4.5043   31.8613   -4.9251  -35.5520
eta,q 0.97095  6.84482
  0.0297  0.0296  0.0293  0.0298  0.0296  0.0297  0.0297  0.0300  0.0296  0.0297  0.0293  0.0293
  0.0294  0.0293  0.0292  0.0294  0.0294  0.0294  0.0293  0.0295  0.0293  0.0294  0.0292  0.0292
  0.0291  0.0291  0.0291  0.0292  0.0292  0.0292  0.0291  0.0292  0.0291  0.0292  0.0291  0.0291
  0.0291  0.0291  0.0291  0.0291  0.0291  0.0291  0.0291  0.0291  0.0291  0.0291  0.0291  0.0291
  0.0291  0.0291  0.0291  0.0291  0.0291  0.0291  0.0291  0.0292  0.0291  0.0291  0.0291  0.0291
  0.0294  0.0293  0.0292  0.0294  0.0293  0.0293  0.0293  0.0295  0.0293  0.0294  0.0292  0.0292
  0.0297  0.0296  0.0293  0.0298  0.0296  0.0297  0.0297  0.0300  0.0296  0.0297  0.0293  0.0293
niter,ni,del,rscale     2    3    5.0000    0.5000
parameters
    1.0030   15.0394    0.2516   -8.9434  -17.8783  -14.7543
    0.4326    5.2589   -4.5032   31.8944   -4.9409  -35.5604
eta,q 0.97095  6.85130
  0.0295  0.0294  0.0293  0.0296  0.0295  0.0295  0.0295  0.0297  0.0295  0.0295  0.0292  0.0292
  0.0293  0.0292  0.0291  0.0293  0.0293  0.0293  0.0292  0.0293  0.0292  0.0293  0.0291  0.0291
  0.0291  0.0291  0.0291  0.0291  0.0291  0.0291  0.0291  0.0291  0.0291  0.0291  0.0291  0.0291
  0.0291  0.0291  0.0291  0.0291  0.0291  0.0291  0.0290  0.0290  0.0290  0.0290  0.0290  0.0290
  0.0291  0.0291  0.0291  0.0291  0.0291  0.0291  0.0291  0.0291  0.0291  0.0291  0.0291  0.0291
  0.0293  0.0292  0.0291  0.0293  0.0292  0.0292  0.0292  0.0293  0.0292  0.0293  0.0291  0.0291
  0.0295  0.0294  0.0292  0.0296  0.0295  0.0295  0.0295  0.0297  0.0295  0.0295  0.0292  0.0292
niter,ni,del,rscale     1    3    5.0000    0.4000
parameters
    1.0009   15.0340    0.2854   -8.9322  -17.8258  -14.6503
    0.4389    5.2571   -4.5022   31.9020   -4.9167  -35.5579
eta,q 0.97096  6.85648
  0.0293  0.0293  0.0292  0.0294  0.0293  0.0293  0.0293  0.0295  0.0293  0.0294  0.0292  0.0292
  0.0292  0.0292  0.0291  0.0292  0.0292  0.0292  0.0292  0.0292  0.0292  0.0292  0.0291  0.0291
  0.0291  0.0291  0.0291  0.0291  0.0291  0.0291  0.0291  0.0291  0.0291  0.0291  0.0291  0.0291
  0.0291  0.0290  0.0290  0.0290  0.0290  0.0290  0.0290  0.0290  0.0290  0.0290  0.0290  0.0290
  0.0291  0.0291  0.0291  0.0291  0.0291  0.0291  0.0291  0.0291  0.0291  0.0291  0.0291  0.0291
  0.0292  0.0292  0.0291  0.0292  0.0292  0.0291  0.0292  0.0292  0.0292  0.0292  0.0291  0.0291
  0.0294  0.0293  0.0292  0.0294  0.0293  0.0293  0.0293  0.0295  0.0293  0.0294  0.0291  0.0292
registration optimization eta report
parameter search radius
    0.8000    0.8000    0.8000    2.4000    2.4000    2.4000
    2.4000    2.4000    2.4000    2.4000    2.4000    2.4000
100000*second partial in parameter space
       47.       39.       20.        6.        5.        5.
        5.        7.        5.        6.        2.        2.
  0.0293  0.0293  0.0292  0.0294  0.0293  0.0293  0.0293  0.0295  0.0293  0.0294  0.0292  0.0292
  0.0292  0.0292  0.0291  0.0292  0.0292  0.0292  0.0292  0.0292  0.0292  0.0292  0.0291  0.0291
  0.0291  0.0291  0.0291  0.0291  0.0291  0.0291  0.0291  0.0291  0.0291  0.0291  0.0291  0.0291
  0.0291  0.0290  0.0290  0.0290  0.0290  0.0290  0.0290  0.0290  0.0290  0.0290  0.0290  0.0290
  0.0291  0.0291  0.0291  0.0291  0.0291  0.0291  0.0291  0.0291  0.0291  0.0291  0.0291  0.0291
  0.0292  0.0292  0.0291  0.0292  0.0292  0.0291  0.0292  0.0292  0.0292  0.0292  0.0291  0.0291
  0.0294  0.0293  0.0292  0.0294  0.0293  0.0293  0.0293  0.0295  0.0293  0.0294  0.0291  0.0292
    1.0009   15.0340    0.2854   -8.9322  -17.8258  -14.6503
    0.4389    5.2571   -4.5022   31.9020   -4.9167  -35.5579
eta,q 0.97096  6.85648

---------------------------------------------------------------------
compute_vox2vox talsrcimg talsrcimg_to_711-2C_as_mni_average_305_t4 /opt/freesurfer/average/711-2C_as_mni_average_305
---------------------------------------------------------------------

freesurfer compute_vox2vox.c
Reading: talsrcimg.4dfp.ifh
Reading: talsrcimg_to_711-2C_as_mni_average_305_t4
Reading: /opt/freesurfer/average/711-2C_as_mni_average_305.4dfp.ifh
Writing: talsrcimg_to_711-2C_as_mni_average_305_t4_vox2vox.txt

start time Mon Mar 9 01:02:47 CET 2026
end		time Mon Mar 9 01:04:16 CET 2026

mpr2mni305 success

avi2talxfm orig_nu.mgz /opt/freesurfer/average/mni305.cor.mgz talsrcimg_to_711-2C_as_mni_average_305_t4_vox2vox.txt transforms/talairach.auto.xfm
avi2talxfm done
mv -f /out/sourcedata/freesurfer/sub-v1s17x0050237_ses-1/mri/talsrcimg_to_711-2C_as_mni_average_305_t4_vox2vox.txt /out/sourcedata/freesurfer/sub-v1s17x0050237_ses-1/mri/transforms/talsrcimg_to_711-2C_as_mni_average_305_t4_vox2vox.txt
lta_convert --src orig_nu.mgz --trg /opt/freesurfer/average/mni305.cor.mgz --inxfm transforms/talairach.auto.xfm --outlta transforms/talairach.auto.xfm.lta --subject fsaverage
7.3.2

--src: orig_nu.mgz src image (geometry).
--trg: /opt/freesurfer/average/mni305.cor.mgz trg image (geometry).
--inmni: transforms/talairach.auto.xfm input MNI/XFM transform.
--outlta: transforms/talairach.auto.xfm.lta output LTA.
--s: fsaverage subject name
 LTA read, type : 1
 1.09356  -0.05610  -0.03012  -0.00899;
 0.07571   1.00465   0.43432   2.98746;
 0.03052  -0.39310   1.04666  -8.28276;
 0.00000   0.00000   0.00000   1.00000;
setting subject to fsaverage
Writing  LTA to file transforms/talairach.auto.xfm.lta...
lta_convert successful.
 
 
Started at Mon Mar 9 01:02:47 CET 2026
Ended   at Mon Mar  9 01:04:17 CET 2026
talairach_avi done
