/out/sourcedata/freesurfer/sub-v1s17x0050269_ses-1/mri
/opt/freesurfer/bin/talairach_avi
--i orig_nu.mgz --xfm transforms/talairach.auto.xfm
talairach_avi 7.3.2
Linux dna006 5.14.0-427.37.1.el9_4.x86_64 #1 SMP PREEMPT_DYNAMIC Fri Sep 13 12:41:50 EDT 2024 x86_64 x86_64 x86_64 GNU/Linux
Mon Mar  9 02:44:28 CET 2026
mri_convert orig_nu.mgz talsrcimg.img 
reading from orig_nu.mgz...
TR=0.00, TE=0.00, TI=0.00, flip angle=0.00
i_ras = (-1, -5.48607e-09, -4.65661e-10)
j_ras = (4.65661e-10, 0, -1)
k_ras = (1.76078e-09, 1, -9.31323e-10)
writing to talsrcimg.img...
Analyze Output Matrix
-1.00000   0.00000   0.00000   128.43430;
-0.00000   0.00000   1.00000  -129.07130;
-0.00000  -1.00000  -0.00000   104.02148;
 0.00000   0.00000   0.00000   1.00000;
--------------------
INFO: set hdr.hist.orient to -1
mpr2mni305 talsrcimg
Mon Mar  9 02:44:28 CET 2026
/opt/freesurfer/bin/mpr2mni305 talsrcimg
mpr2mni305 7.3.2
target=711-2C_as_mni_average_305

---------------------------------------------------------------------
analyzeto4dfp talsrcimg -O0 -y
---------------------------------------------------------------------

freesurfer ifh2hdr.c
Mon Mar  9 02:44:28 2026
Writing: talsrcimg.4dfp.hdr
freesurfer analyzeto4dfp.c
Reading: talsrcimg.hdr
header size 348 bytes
hdr.dime.datatype	offset=70	value=2
hdr.dime.bitpix		offset=72	value=8
hdr.hist.orient		offset=252	value=-1
dimensionality     4
dimensions       256       256       256         1
Reading: talsrcimg.img
Writing: talsrcimg.4dfp.img
Writing: talsrcimg.4dfp.ifh
ifh2hdr talsrcimg -r0to253
ori=2

---------------------------------------------------------------------
gauss_4dfp talsrcimg 1.1
---------------------------------------------------------------------

freesurfer gauss_4dfp.c
Reading: talsrcimg.4dfp.img
Writing: talsrcimg_g11.4dfp.img
image dimensions 256 256 256 padded to 288 288 288
processing volume 1freesurfer ifh2hdr.c
Mon Mar  9 02:44:30 2026
Writing: talsrcimg_g11.4dfp.hdr

Writing: talsrcimg_g11.4dfp.ifh
including: talsrcimg.4dfp.img.rec in talsrcimg_g11.4dfp.img.rec

---------------------------------------------------------------------
imgreg_4dfp /opt/freesurfer/average/711-2C_as_mni_average_305 none talsrcimg_g11 none talsrcimg_to_711-2C_as_mni_average_305_t4 4355
---------------------------------------------------------------------

freesurfer imgreg_4dfp.c
/opt/freesurfer/average/711-2C_as_mni_average_305.4dfp.img
       256       256       256         1
  1.000000  1.000000  1.000000
orientation T byte_order littleendian
Reading image: /opt/freesurfer/average/711-2C_as_mni_average_305.4dfp.img
dimensions:      256       256       256
mmppix:       1.0000   -1.0000   -1.0000
center:     128.0000 -129.0000 -129.0000
talsrcimg_g11.4dfp.img
       256       256       256         1
  1.000000  1.000000  1.000000
orientation T byte_order littleendian
Reading image: talsrcimg_g11.4dfp.img
dimensions:      256       256       256
mmppix:       1.0000   -1.0000   -1.0000
center:     128.0000 -129.0000 -129.0000
t4_read: open error in t4_sub.f l:  41 t4_file(1:l)talsrcimg_to_711-2C_as_mni_average_305_t4 
t4_read: transform initialized to I4
rotation matrix determinant  1.000000
image alignment mode   4355 decimal     1103 hex
   -7.5000  -45.0000  -45.0000 5876.8179   16.3160
    0.0000  -45.0000  -45.0000 6115.7427   16.3253
    7.5000  -45.0000  -45.0000 5823.1450   16.3439
   -7.5000  -37.5000  -45.0000 6529.8999   15.9679
    0.0000  -37.5000  -45.0000 6787.0093   15.9786
    7.5000  -37.5000  -45.0000 6479.8052   16.0001
   -7.5000  -30.0000  -45.0000 7494.3037   15.7723
    0.0000  -30.0000  -45.0000 7811.4341   15.7762
    7.5000  -30.0000  -45.0000 7448.5942   15.7907
   -7.5000  -22.5000  -45.0000 8503.1953   15.6823
    0.0000  -22.5000  -45.0000 8862.7627   15.6783
    7.5000  -22.5000  -45.0000 8447.7197   15.6837
   -7.5000  -15.0000  -45.0000 9519.4219   15.7025
    0.0000  -15.0000  -45.0000 9920.5273   15.6943
    7.5000  -15.0000  -45.0000 9444.7178   15.6950
   -7.5000   -7.5000  -45.000010507.9268   15.7146
    0.0000   -7.5000  -45.000010932.6191   15.7111
    7.5000   -7.5000  -45.000010411.0293   15.7177
   -7.5000    0.0000  -45.000011400.2295   15.7056
    0.0000    0.0000  -45.000011866.2490   15.7117
    7.5000    0.0000  -45.000011284.4688   15.7289
   -7.5000    7.5000  -45.000011334.0137   15.6823
    0.0000    7.5000  -45.000011813.1904   15.6917
    7.5000    7.5000  -45.000011215.4121   15.7121
   -7.5000   15.0000  -45.000011167.5664   15.6683
    0.0000   15.0000  -45.000011650.2920   15.6723
    7.5000   15.0000  -45.000011050.6885   15.6869
   -7.5000   22.5000  -45.000010935.0762   15.6774
    0.0000   22.5000  -45.000011409.6631   15.6733
    7.5000   22.5000  -45.000010839.2266   15.6788
   -7.5000   30.0000  -45.000010577.7334   15.4932
    0.0000   30.0000  -45.000011044.5645   15.4852
    7.5000   30.0000  -45.000010503.6816   15.4859
   -7.5000   37.5000  -45.000010561.9131   15.5052
    0.0000   37.5000  -45.000011028.0225   15.5017
    7.5000   37.5000  -45.000010484.6025   15.5082
   -7.5000   45.0000  -45.000010212.0820   15.1028
    0.0000   45.0000  -45.000010640.1982   15.1086
    7.5000   45.0000  -45.000010099.3955   15.1252
   -7.5000  -45.0000  -37.5000 6175.6201   16.3106
    0.0000  -45.0000  -37.5000 6426.8687   16.3169
    7.5000  -45.0000  -37.5000 6130.3613   16.3377
   -7.5000  -37.5000  -37.5000 6884.3804   15.9622
    0.0000  -37.5000  -37.5000 7172.2935   15.9715
    7.5000  -37.5000  -37.5000 6836.9409   15.9954
   -7.5000  -30.0000  -37.5000 7922.2041   15.7632
    0.0000  -30.0000  -37.5000 8272.7607   15.7674
    7.5000  -30.0000  -37.5000 7892.0571   15.7854
   -7.5000  -22.5000  -37.5000 9008.7773   15.6692
    0.0000  -22.5000  -37.5000 9391.6553   15.6662
    7.5000  -22.5000  -37.5000 8957.1426   15.6763
   -7.5000  -15.0000  -37.500010070.1387   15.6884
    0.0000  -15.0000  -37.500010490.4424   15.6809
    7.5000  -15.0000  -37.5000 9984.8545   15.6865
   -7.5000   -7.5000  -37.500011083.7129   15.7059
    0.0000   -7.5000  -37.500011532.1123   15.7014
    7.5000   -7.5000  -37.500010985.8447   15.7119
   -7.5000    0.0000  -37.500012031.2002   15.7021
    0.0000    0.0000  -37.500012521.5732   15.7058
    7.5000    0.0000  -37.500011908.2158   15.7254
   -7.5000    7.5000  -37.500011929.8555   15.6773
    0.0000    7.5000  -37.500012438.4004   15.6854
    7.5000    7.5000  -37.500011827.0273   15.7082
   -7.5000   15.0000  -37.500011764.2676   15.6592
    0.0000   15.0000  -37.500012275.7881   15.6635
    7.5000   15.0000  -37.500011664.5811   15.6817
   -7.5000   22.5000  -37.500011509.2539   15.6643
    0.0000   22.5000  -37.500012043.0801   15.6613
    7.5000   22.5000  -37.500011420.1182   15.6714
   -7.5000   30.0000  -37.500011121.5303   15.4793
    0.0000   30.0000  -37.500011636.3154   15.4719
    7.5000   30.0000  -37.500011047.5254   15.4775
   -7.5000   37.5000  -37.500011077.3525   15.4966
    0.0000   37.5000  -37.500011584.3506   15.4922
    7.5000   37.5000  -37.500011006.9170   15.5026
   -7.5000   45.0000  -37.500010664.0264   15.0994
    0.0000   45.0000  -37.500011136.2012   15.1030
    7.5000   45.0000  -37.500010566.2578   15.1218
   -7.5000  -45.0000  -30.0000 6616.6206   16.9946
    0.0000  -45.0000  -30.0000 6885.2217   16.9954
    7.5000  -45.0000  -30.0000 6574.3882   17.0124
   -7.5000  -37.5000  -30.0000 7382.8071   16.6380
    0.0000  -37.5000  -30.0000 7693.9668   16.6413
    7.5000  -37.5000  -30.0000 7343.8750   16.6614
   -7.5000  -30.0000  -30.0000 8510.8779   16.4324
    0.0000  -30.0000  -30.0000 8871.3340   16.4328
    7.5000  -30.0000  -30.0000 8478.5938   16.4490
   -7.5000  -22.5000  -30.0000 9669.2578   16.3274
    0.0000  -22.5000  -30.000010084.1152   16.3228
    7.5000  -22.5000  -30.0000 9615.8291   16.3336
   -7.5000  -15.0000  -30.000010792.1768   16.3395
    0.0000  -15.0000  -30.000011250.2588   16.3310
    7.5000  -15.0000  -30.000010700.8506   16.3387
   -7.5000   -7.5000  -30.000011850.7002   16.3576
    0.0000   -7.5000  -30.000012330.4902   16.3503
    7.5000   -7.5000  -30.000011757.6924   16.3606
   -7.5000    0.0000  -30.000012846.6143   16.3597
    0.0000    0.0000  -30.000013367.3145   16.3581
    7.5000    0.0000  -30.000012716.3467   16.3743
   -7.5000    7.5000  -30.000012734.2744   16.3411
    0.0000    7.5000  -30.000013273.8750   16.3435
    7.5000    7.5000  -30.000012636.1152   16.3626
   -7.5000   15.0000  -30.000012513.1992   16.3240
    0.0000   15.0000  -30.000013073.6865   16.3245
    7.5000   15.0000  -30.000012432.5039   16.3410
   -7.5000   22.5000  -30.000012232.0146   16.3206
    0.0000   22.5000  -30.000012800.0381   16.3160
    7.5000   22.5000  -30.000012145.8936   16.3268
   -7.5000   30.0000  -30.000011845.3604   16.1233
    0.0000   30.0000  -30.000012399.3467   16.1149
    7.5000   30.0000  -30.000011753.7139   16.1225
   -7.5000   37.5000  -30.000011824.5186   16.1411
    0.0000   37.5000  -30.000012372.9062   16.1339
    7.5000   37.5000  -30.000011716.0264   16.1442
   -7.5000   45.0000  -30.000011287.2354   15.7433
    0.0000   45.0000  -30.000011809.2031   15.7418
    7.5000   45.0000  -30.000011190.5850   15.7575
   -7.5000  -45.0000  -22.5000 7071.7378   17.5808
    0.0000  -45.0000  -22.5000 7360.5254   17.5794
    7.5000  -45.0000  -22.5000 7019.7065   17.5895
   -7.5000  -37.5000  -22.5000 7884.8560   17.2204
    0.0000  -37.5000  -22.5000 8214.1318   17.2194
    7.5000  -37.5000  -22.5000 7837.4932   17.2321
   -7.5000  -30.0000  -22.5000 9074.1064   17.0154
    0.0000  -30.0000  -22.5000 9460.1055   17.0116
    7.5000  -30.0000  -22.5000 9029.6768   17.0213
   -7.5000  -22.5000  -22.500010287.2480   16.9040
    0.0000  -22.5000  -22.500010739.9629   16.8966
    7.5000  -22.5000  -22.500010246.5576   16.9025
   -7.5000  -15.0000  -22.500011461.3311   16.9076
    0.0000  -15.0000  -22.500011938.2217   16.8979
    7.5000  -15.0000  -22.500011400.1865   16.9014
   -7.5000   -7.5000  -22.500012559.1338   16.9183
    0.0000   -7.5000  -22.500013083.8857   16.9098
    7.5000   -7.5000  -22.500012497.6309   16.9151
   -7.5000    0.0000  -22.500013576.7900   16.9209
    0.0000    0.0000  -22.500014168.1094   16.9167
    7.5000    0.0000  -22.500013511.8320   16.9263
   -7.5000    7.5000  -22.500013478.2568   16.9125
    0.0000    7.5000  -22.500014074.0986   16.9106
    7.5000    7.5000  -22.500013423.0791   16.9225
   -7.5000   15.0000  -22.500013234.1895   16.9033
    0.0000   15.0000  -22.500013825.4414   16.8995
    7.5000   15.0000  -22.500013167.5801   16.9094
   -7.5000   22.5000  -22.500012900.2178   16.8958
    0.0000   22.5000  -22.500013498.5664   16.8884
    7.5000   22.5000  -22.500012816.1416   16.8943
   -7.5000   30.0000  -22.500012521.5469   16.6864
    0.0000   30.0000  -22.500013114.8281   16.6768
    7.5000   30.0000  -22.500012416.2402   16.6803
   -7.5000   37.5000  -22.500012503.2109   16.6970
    0.0000   37.5000  -22.500013086.0205   16.6886
    7.5000   37.5000  -22.500012403.5762   16.6938
   -7.5000   45.0000  -22.500011881.9199   16.2956
    0.0000   45.0000  -22.500012425.0527   16.2916
    7.5000   45.0000  -22.500011798.7490   16.3009
   -7.5000  -45.0000  -15.0000 7512.0869   18.0079
    0.0000  -45.0000  -15.0000 7817.3608   18.0105
    7.5000  -45.0000  -15.0000 7458.2466   18.0181
   -7.5000  -37.5000  -15.0000 8378.2676   17.6409
    0.0000  -37.5000  -15.0000 8721.4102   17.6419
    7.5000  -37.5000  -15.0000 8337.2979   17.6516
   -7.5000  -30.0000  -15.0000 9624.3174   17.4360
    0.0000  -30.0000  -15.000010022.1523   17.4321
    7.5000  -30.0000  -15.0000 9572.5068   17.4373
   -7.5000  -22.5000  -15.000010909.4912   17.3252
    0.0000  -22.5000  -15.000011381.4736   17.3170
    7.5000  -22.5000  -15.000010859.5713   17.3173
   -7.5000  -15.0000  -15.000012135.9277   17.3278
    0.0000  -15.0000  -15.000012633.5898   17.3181
    7.5000  -15.0000  -15.000012082.6533   17.3159
   -7.5000   -7.5000  -15.000013279.8486   17.3317
    0.0000   -7.5000  -15.000013852.7080   17.3254
    7.5000   -7.5000  -15.000013227.7227   17.3263
   -7.5000    0.0000  -15.000014339.2549   17.3298
    0.0000    0.0000  -15.000014972.2812   17.3289
    7.5000    0.0000  -15.000014301.3828   17.3358
   -7.5000    7.5000  -15.000014241.4453   17.3249
    0.0000    7.5000  -15.000014889.1562   17.3248
    7.5000    7.5000  -15.000014221.2305   17.3337
   -7.5000   15.0000  -15.000013943.4980   17.3213
    0.0000   15.0000  -15.000014554.0068   17.3173
    7.5000   15.0000  -15.000013899.5605   17.3226
   -7.5000   22.5000  -15.000013560.9766   17.3160
    0.0000   22.5000  -15.000014157.4570   17.3079
    7.5000   22.5000  -15.000013493.4707   17.3082
   -7.5000   30.0000  -15.000013154.7900   17.1035
    0.0000   30.0000  -15.000013752.0664   17.0940
    7.5000   30.0000  -15.000013070.8008   17.0918
   -7.5000   37.5000  -15.000013093.0342   17.1074
    0.0000   37.5000  -15.000013703.7178   17.1012
    7.5000   37.5000  -15.000013022.0752   17.1021
   -7.5000   45.0000  -15.000012421.0156   16.6995
    0.0000   45.0000  -15.000012977.2295   16.6986
    7.5000   45.0000  -15.000012334.2998   16.7053
   -7.5000  -45.0000   -7.5000 7909.2515   18.2233
    0.0000  -45.0000   -7.5000 8231.1680   18.2314
    7.5000  -45.0000   -7.5000 7844.2432   18.2446
   -7.5000  -37.5000   -7.5000 8863.5078   17.8436
    0.0000  -37.5000   -7.5000 9234.4453   17.8509
    7.5000  -37.5000   -7.5000 8812.1836   17.8663
   -7.5000  -30.0000   -7.500010201.7822   17.6322
    0.0000  -30.0000   -7.500010642.4199   17.6323
    7.5000  -30.0000   -7.500010136.5371   17.6409
   -7.5000  -22.5000   -7.500011543.6807   17.5276
    0.0000  -22.5000   -7.500012022.0928   17.5207
    7.5000  -22.5000   -7.500011497.3008   17.5214
   -7.5000  -15.0000   -7.500012821.6016   17.5404
    0.0000  -15.0000   -7.500013336.1650   17.5308
    7.5000  -15.0000   -7.500012776.6475   17.5276
   -7.5000   -7.5000   -7.500013995.4502   17.5465
    0.0000   -7.5000   -7.500014583.2764   17.5423
    7.5000   -7.5000   -7.500013954.7266   17.5445
   -7.5000    0.0000   -7.500015080.7568   17.5383
    0.0000    0.0000   -7.500015728.7988   17.5427
    7.5000    0.0000   -7.500015048.0566   17.5547
   -7.5000    7.5000   -7.500015040.2588   17.5239
    0.0000    7.5000   -7.500015685.2314   17.5298
    7.5000    7.5000   -7.500015003.1729   17.5443
   -7.5000   15.0000   -7.500014756.9932   17.5162
    0.0000   15.0000   -7.500015406.9189   17.5162
    7.5000   15.0000   -7.500014732.9531   17.5249
   -7.5000   22.5000   -7.500014297.7197   17.5164
    0.0000   22.5000   -7.500014954.1680   17.5095
    7.5000   22.5000   -7.500014280.4482   17.5103
   -7.5000   30.0000   -7.500013846.2656   17.3129
    0.0000   30.0000   -7.500014490.2197   17.3035
    7.5000   30.0000   -7.500013826.7031   17.3003
   -7.5000   37.5000   -7.500013759.8291   17.3190
    0.0000   37.5000   -7.500014398.0410   17.3148
    7.5000   37.5000   -7.500013743.4873   17.3170
   -7.5000   45.0000   -7.500013015.9512   16.9036
    0.0000   45.0000   -7.500013607.5654   16.9079
    7.5000   45.0000   -7.500012982.6191   16.9194
   -7.5000  -45.0000    0.0000 8246.8496   18.2580
    0.0000  -45.0000    0.0000 8579.4014   18.2683
    7.5000  -45.0000    0.0000 8157.8271   18.2892
   -7.5000  -37.5000    0.0000 9291.6650   17.8685
    0.0000  -37.5000    0.0000 9673.4854   17.8804
    7.5000  -37.5000    0.0000 9204.1035   17.9045
   -7.5000  -30.0000    0.000010702.8301   17.6495
    0.0000  -30.0000    0.000011160.4053   17.6540
    7.5000  -30.0000    0.000010620.5254   17.6702
   -7.5000  -22.5000    0.000012083.4639   17.5489
    0.0000  -22.5000    0.000012607.9688   17.5443
    7.5000  -22.5000    0.000012048.3428   17.5505
   -7.5000  -15.0000    0.000013399.3691   17.5714
    0.0000  -15.0000    0.000013979.8525   17.5623
    7.5000  -15.0000    0.000013365.3955   17.5631
   -7.5000   -7.5000    0.000014585.0771   17.5849
    0.0000   -7.5000    0.000015224.1201   17.5811
    7.5000   -7.5000    0.000014553.8896   17.5884
   -7.5000    0.0000    0.000015658.3506   17.5749
    0.0000    0.0000    0.000016294.9814   17.5817
    7.5000    0.0000    0.000015636.9971   17.6010
   -7.5000    7.5000    0.000015634.6865   17.5488
    0.0000    7.5000    0.000016302.8125   17.5593
    7.5000    7.5000    0.000015585.8623   17.5822
   -7.5000   15.0000    0.000015460.0781   17.5332
    0.0000   15.0000    0.000016156.1816   17.5377
    7.5000   15.0000    0.000015369.1348   17.5540
   -7.5000   22.5000    0.000015019.7773   17.5377
    0.0000   22.5000    0.000015673.8613   17.5331
    7.5000   22.5000    0.000014972.9199   17.5393
   -7.5000   30.0000    0.000014493.0430   17.3440
    0.0000   30.0000    0.000015141.7412   17.3350
    7.5000   30.0000    0.000014479.5020   17.3358
   -7.5000   37.5000    0.000014401.5215   17.3574
    0.0000   37.5000    0.000015047.7520   17.3535
    7.5000   37.5000    0.000014385.4609   17.3608
   -7.5000   45.0000    0.000013581.0850   16.9402
    0.0000   45.0000    0.000014180.0332   16.9467
    7.5000   45.0000    0.000013560.5850   16.9653
   -7.5000  -45.0000    7.5000 7911.2671   18.2519
    0.0000  -45.0000    7.5000 8228.6748   18.2591
    7.5000  -45.0000    7.5000 7829.6060   18.2823
   -7.5000  -37.5000    7.5000 8957.7275   17.8622
    0.0000  -37.5000    7.5000 9347.1963   17.8725
    7.5000  -37.5000    7.5000 8879.9951   17.8993
   -7.5000  -30.0000    7.500010334.2139   17.6394
    0.0000  -30.0000    7.500010791.8828   17.6442
    7.5000  -30.0000    7.500010267.8506   17.6643
   -7.5000  -22.5000    7.500011667.0225   17.5343
    0.0000  -22.5000    7.500012192.1826   17.5309
    7.5000  -22.5000    7.500011645.4629   17.5422
   -7.5000  -15.0000    7.500012931.0137   17.5557
    0.0000  -15.0000    7.500013520.8408   17.5473
    7.5000  -15.0000    7.500012919.5371   17.5537
   -7.5000   -7.5000    7.500014072.8682   17.5754
    0.0000   -7.5000    7.500014676.4727   17.5703
    7.5000   -7.5000    7.500014039.1240   17.5821
   -7.5000    0.0000    7.500015077.0625   17.5711
    0.0000    0.0000    7.500015649.7236   17.5752
    7.5000    0.0000    7.500015064.9854   17.5971
   -7.5000    7.5000    7.500014993.7256   17.5433
    0.0000    7.5000    7.500015613.8730   17.5524
    7.5000    7.5000    7.500014970.2588   17.5779
   -7.5000   15.0000    7.500014830.0918   17.5230
    0.0000   15.0000    7.500015457.4102   17.5279
    7.5000   15.0000    7.500014738.3076   17.5483
   -7.5000   22.5000    7.500014544.0000   17.5231
    0.0000   22.5000    7.500015140.8008   17.5197
    7.5000   22.5000    7.500014413.9717   17.5310
   -7.5000   30.0000    7.500014113.7178   17.3285
    0.0000   30.0000    7.500014676.1992   17.3202
    7.5000   30.0000    7.500013983.3857   17.3265
   -7.5000   37.5000    7.500013986.4600   17.3479
    0.0000   37.5000    7.500014560.8281   17.3429
    7.5000   37.5000    7.500013886.6074   17.3545
   -7.5000   45.0000    7.500013114.6738   16.9365
    0.0000   45.0000    7.500013635.1045   16.9405
    7.5000   45.0000    7.500013078.5791   16.9616
   -7.5000  -45.0000   15.0000 7502.4458   18.2494
    0.0000  -45.0000   15.0000 7796.2310   18.2503
    7.5000  -45.0000   15.0000 7429.3960   18.2685
   -7.5000  -37.5000   15.0000 8494.1006   17.8665
    0.0000  -37.5000   15.0000 8849.9258   17.8701
    7.5000  -37.5000   15.0000 8441.2188   17.8917
   -7.5000  -30.0000   15.0000 9808.3574   17.6457
    0.0000  -30.0000   15.000010249.1357   17.6462
    7.5000  -30.0000   15.0000 9774.4971   17.6636
   -7.5000  -22.5000   15.000011090.6846   17.5330
    0.0000  -22.5000   15.000011605.6963   17.5280
    7.5000  -22.5000   15.000011081.6182   17.5397
   -7.5000  -15.0000   15.000012296.4893   17.5459
    0.0000  -15.0000   15.000012885.8340   17.5368
    7.5000  -15.0000   15.000012286.0303   17.5451
   -7.5000   -7.5000   15.000013398.1787   17.5654
    0.0000   -7.5000   15.000013989.9951   17.5575
    7.5000   -7.5000   15.000013357.9072   17.5687
   -7.5000    0.0000   15.000014430.4287   17.5676
    0.0000    0.0000   15.000015026.2979   17.5659
    7.5000    0.0000   15.000014390.5781   17.5834
   -7.5000    7.5000   15.000014354.1299   17.5477
    0.0000    7.5000   15.000014980.8184   17.5503
    7.5000    7.5000   15.000014328.4482   17.5707
   -7.5000   15.0000   15.000014137.9951   17.5293
    0.0000   15.0000   15.000014703.4863   17.5299
    7.5000   15.0000   15.000014087.3057   17.5475
   -7.5000   22.5000   15.000013777.3438   17.5218
    0.0000   22.5000   15.000014307.6855   17.5168
    7.5000   22.5000   15.000013713.0264   17.5285
   -7.5000   30.0000   15.000013364.8770   17.3189
    0.0000   30.0000   15.000013869.0000   17.3098
    7.5000   30.0000   15.000013294.1562   17.3180
   -7.5000   37.5000   15.000013311.3076   17.3381
    0.0000   37.5000   15.000013849.0576   17.3303
    7.5000   37.5000   15.000013257.8799   17.3413
   -7.5000   45.0000   15.000012510.5605   16.9332
    0.0000   45.0000   15.000013016.3574   16.9315
    7.5000   45.0000   15.000012484.6914   16.9484
   -7.5000  -45.0000   22.5000 7025.9482   18.2549
    0.0000  -45.0000   22.5000 7297.8706   18.2535
    7.5000  -45.0000   22.5000 6974.5835   18.2640
   -7.5000  -37.5000   22.5000 7950.2007   17.8805
    0.0000  -37.5000   22.5000 8285.9219   17.8795
    7.5000  -37.5000   22.5000 7907.8506   17.8928
   -7.5000  -30.0000   22.5000 9186.0518   17.6676
    0.0000  -30.0000   22.5000 9606.8398   17.6637
    7.5000  -30.0000   22.5000 9161.6621   17.6738
   -7.5000  -22.5000   22.500010415.8232   17.5519
    0.0000  -22.5000   22.500010890.2383   17.5443
    7.5000  -22.5000   22.500010390.7021   17.5504
   -7.5000  -15.0000   22.500011572.9717   17.5557
    0.0000  -15.0000   22.500012089.7197   17.5456
    7.5000  -15.0000   22.500011538.0293   17.5493
   -7.5000   -7.5000   22.500012629.8770   17.5668
    0.0000   -7.5000   22.500013177.0293   17.5580
    7.5000   -7.5000   22.500012579.8105   17.5635
   -7.5000    0.0000   22.500013616.5791   17.5695
    0.0000    0.0000   22.500014216.7324   17.5651
    7.5000    0.0000   22.500013582.5352   17.5751
   -7.5000    7.5000   22.500013530.3271   17.5608
    0.0000    7.5000   22.500014130.1816   17.5588
    7.5000    7.5000   22.500013512.3184   17.5712
   -7.5000   15.0000   22.500013290.3369   17.5512
    0.0000   15.0000   22.500013828.2334   17.5473
    7.5000   15.0000   22.500013262.5635   17.5576
   -7.5000   22.5000   22.500012911.5234   17.5408
    0.0000   22.5000   22.500013421.8213   17.5332
    7.5000   22.5000   22.500012895.5469   17.5393
   -7.5000   30.0000   22.500012514.6113   17.3285
    0.0000   30.0000   22.500012972.5439   17.3186
    7.5000   30.0000   22.500012489.4180   17.3222
   -7.5000   37.5000   22.500012524.8672   17.3395
    0.0000   37.5000   22.500012986.2363   17.3308
    7.5000   37.5000   22.500012489.1436   17.3362
   -7.5000   45.0000   22.500011827.2363   16.9349
    0.0000   45.0000   22.500012267.5078   16.9308
    7.5000   45.0000   22.500011802.9424   16.9404
   -7.5000  -45.0000   30.0000 6493.4556   18.3646
    0.0000  -45.0000   30.0000 6753.9941   18.3675
    7.5000  -45.0000   30.0000 6462.1621   18.3758
   -7.5000  -37.5000   30.0000 7347.2651   17.9882
    0.0000  -37.5000   30.0000 7664.2202   17.9894
    7.5000  -37.5000   30.0000 7317.4092   17.9999
   -7.5000  -30.0000   30.0000 8504.3975   17.7782
    0.0000  -30.0000   30.0000 8889.5938   17.7744
    7.5000  -30.0000   30.0000 8480.7314   17.7803
   -7.5000  -22.5000   30.0000 9635.1895   17.6648
    0.0000  -22.5000   30.000010081.9326   17.6565
    7.5000  -22.5000   30.0000 9634.0137   17.6573
   -7.5000  -15.0000   30.000010701.9668   17.6674
    0.0000  -15.0000   30.000011201.9688   17.6577
    7.5000  -15.0000   30.000010689.5615   17.6557
   -7.5000   -7.5000   30.000011690.0645   17.6712
    0.0000   -7.5000   30.000012247.9941   17.6649
    7.5000   -7.5000   30.000011671.3477   17.6663
   -7.5000    0.0000   30.000012614.5254   17.6690
    0.0000    0.0000   30.000013218.7383   17.6683
    7.5000    0.0000   30.000012612.7031   17.6759
   -7.5000    7.5000   30.000012551.7803   17.6641
    0.0000    7.5000   30.000013147.7461   17.6641
    7.5000    7.5000   30.000012536.2764   17.6739
   -7.5000   15.0000   30.000012337.4199   17.6606
    0.0000   15.0000   30.000012865.5508   17.6566
    7.5000   15.0000   30.000012303.6797   17.6627
   -7.5000   22.5000   30.000011989.7627   17.6535
    0.0000   22.5000   30.000012473.7168   17.6453
    7.5000   22.5000   30.000011968.2480   17.6461
   -7.5000   30.0000   30.000011583.8066   17.4388
    0.0000   30.0000   30.000012044.5283   17.4291
    7.5000   30.0000   30.000011561.8115   17.4272
   -7.5000   37.5000   30.000011611.7637   17.4425
    0.0000   37.5000   30.000012063.7627   17.4363
    7.5000   37.5000   30.000011585.9639   17.4377
   -7.5000   45.0000   30.000011018.6719   17.0309
    0.0000   45.0000   30.000011440.2637   17.0302
    7.5000   45.0000   30.000010985.5469   17.0376
   -7.5000  -45.0000   37.5000 6175.7632   18.6297
    0.0000  -45.0000   37.5000 6437.3047   18.6397
    7.5000  -45.0000   37.5000 6157.3232   18.6537
   -7.5000  -37.5000   37.5000 7001.2104   18.2339
    0.0000  -37.5000   37.5000 7310.2080   18.2426
    7.5000  -37.5000   37.5000 6985.3916   18.2584
   -7.5000  -30.0000   37.5000 8112.2031   18.0134
    0.0000  -30.0000   37.5000 8477.3984   18.0144
    7.5000  -30.0000   37.5000 8096.8950   18.0228
   -7.5000  -22.5000   37.5000 9193.9180   17.9043
    0.0000  -22.5000   37.5000 9632.3672   17.8981
    7.5000  -22.5000   37.5000 9197.3369   17.8986
   -7.5000  -15.0000   37.500010213.1523   17.9175
    0.0000  -15.0000   37.500010696.5176   17.9090
    7.5000  -15.0000   37.500010209.4814   17.9058
   -7.5000   -7.5000   37.500011162.9756   17.9241
    0.0000   -7.5000   37.500011696.4541   17.9213
    7.5000   -7.5000   37.500011153.6982   17.9240
   -7.5000    0.0000   37.500012061.9580   17.9158
    0.0000    0.0000   37.500012654.8809   17.9218
    7.5000    0.0000   37.500012057.5752   17.9345
   -7.5000    7.5000   37.500012014.8066   17.9008
    0.0000    7.5000   37.500012594.2676   17.9081
    7.5000    7.5000   37.500012006.8359   17.9229
   -7.5000   15.0000   37.500011794.7324   17.8926
    0.0000   15.0000   37.500012333.7559   17.8935
    7.5000   15.0000   37.500011796.2480   17.9020
   -7.5000   22.5000   37.500011475.0381   17.8928
    0.0000   22.5000   37.500011954.5459   17.8867
    7.5000   22.5000   37.500011466.4580   17.8872
   -7.5000   30.0000   37.500011083.3975   17.6856
    0.0000   30.0000   37.500011530.6924   17.6772
    7.5000   30.0000   37.500011066.3174   17.6741
   -7.5000   37.5000   37.500011110.4795   17.6921
    0.0000   37.5000   37.500011545.3662   17.6893
    7.5000   37.5000   37.500011094.9814   17.6920
   -7.5000   45.0000   37.500010572.9512   17.2688
    0.0000   45.0000   37.500011004.6895   17.2746
    7.5000   45.0000   37.500010558.0371   17.2868
   -7.5000  -45.0000   45.0000 5591.0796   18.9608
    0.0000  -45.0000   45.0000 5828.4297   18.9740
    7.5000  -45.0000   45.0000 5581.8306   18.9980
   -7.5000  -37.5000   45.0000 6358.4048   18.5372
    0.0000  -37.5000   45.0000 6636.9126   18.5513
    7.5000  -37.5000   45.0000 6350.4556   18.5780
   -7.5000  -30.0000   45.0000 7373.6323   18.2982
    0.0000  -30.0000   45.0000 7690.6108   18.3038
    7.5000  -30.0000   45.0000 7363.6396   18.3217
   -7.5000  -22.5000   45.0000 8368.7607   18.1887
    0.0000  -22.5000   45.0000 8749.4902   18.1848
    7.5000  -22.5000   45.0000 8377.6143   18.1924
   -7.5000  -15.0000   45.0000 9304.1279   18.2138
    0.0000  -15.0000   45.0000 9739.5283   18.2056
    7.5000  -15.0000   45.0000 9316.4238   18.2081
   -7.5000   -7.5000   45.000010180.4590   18.2302
    0.0000   -7.5000   45.000010676.7822   18.2281
    7.5000   -7.5000   45.000010202.5723   18.2378
   -7.5000    0.0000   45.000011008.4502   18.2205
    0.0000    0.0000   45.000011530.4199   18.2297
    7.5000    0.0000   45.000011018.8301   18.2517
   -7.5000    7.5000   45.000010964.4854   18.1911
    0.0000    7.5000   45.000011462.4570   18.2037
    7.5000    7.5000   45.000010965.9336   18.2290
   -7.5000   15.0000   45.000010773.7168   18.1724
    0.0000   15.0000   45.000011243.3291   18.1780
    7.5000   15.0000   45.000010779.9365   18.1960
   -7.5000   22.5000   45.000010475.7764   18.1769
    0.0000   22.5000   45.000010917.5176   18.1730
    7.5000   22.5000   45.000010485.1426   18.1806
   -7.5000   30.0000   45.000010122.0928   17.9765
    0.0000   30.0000   45.000010535.8652   17.9684
    7.5000   30.0000   45.000010118.9160   17.9709
   -7.5000   37.5000   45.000010162.8369   17.9927
    0.0000   37.5000   45.000010568.4365   17.9906
    7.5000   37.5000   45.000010139.0273   18.0002
   -7.5000   45.0000   45.0000 9675.1045   17.5704
    0.0000   45.0000   45.000010091.3613   17.5793
    7.5000   45.0000   45.0000 9683.4258   17.6006

---------------------------------------------------------------------
imgreg_4dfp /opt/freesurfer/average/711-2C_as_mni_average_305 /opt/freesurfer/average/711-2B_as_mni_average_305_mask talsrcimg_g11 none talsrcimg_to_711-2C_as_mni_average_305_t4 4355
---------------------------------------------------------------------

freesurfer imgreg_4dfp.c
/opt/freesurfer/average/711-2C_as_mni_average_305.4dfp.img
       256       256       256         1
  1.000000  1.000000  1.000000
orientation T byte_order littleendian
Reading image: /opt/freesurfer/average/711-2C_as_mni_average_305.4dfp.img
dimensions:      256       256       256
mmppix:       1.0000   -1.0000   -1.0000
center:     128.0000 -129.0000 -129.0000
/opt/freesurfer/average/711-2B_as_mni_average_305_mask.4dfp.img
       256       256       256         1
  1.000000  1.000000  1.000000
orientation T byte_order littleendian
Reading mask: /opt/freesurfer/average/711-2B_as_mni_average_305_mask.4dfp.img (2306576 pixels)
talsrcimg_g11.4dfp.img
       256       256       256         1
  1.000000  1.000000  1.000000
orientation T byte_order littleendian
Reading image: talsrcimg_g11.4dfp.img
dimensions:      256       256       256
mmppix:       1.0000   -1.0000   -1.0000
center:     128.0000 -129.0000 -129.0000
rotation matrix determinant  1.000000
image alignment mode   4355 decimal     1103 hex
   -7.5000  -37.5000  -45.0000 1742.1132   21.8794
    0.0000  -37.5000  -45.0000 1744.9851   21.9652
    7.5000  -37.5000  -45.0000 1739.2922   22.3896
   -7.5000  -30.0000  -45.0000 1876.4319   19.0431
    0.0000  -30.0000  -45.0000 1885.8097   19.0757
    7.5000  -30.0000  -45.0000 1872.1200   19.4205
   -7.5000  -22.5000  -45.0000 2008.9097   16.9676
    0.0000  -22.5000  -45.0000 2016.4764   16.9637
    7.5000  -22.5000  -45.0000 1998.4045   17.2142
   -7.5000  -15.0000  -45.0000 2127.2749   15.3925
    0.0000  -15.0000  -45.0000 2134.1172   15.3446
    7.5000  -15.0000  -45.0000 2115.1550   15.5591
   -7.5000   -7.5000  -45.0000 2228.3174   14.1837
    0.0000   -7.5000  -45.0000 2229.7776   14.1663
    7.5000   -7.5000  -45.0000 2210.2979   14.3540
   -7.5000    0.0000  -45.0000 2292.0105   13.3290
    0.0000    0.0000  -45.0000 2294.5195   13.3274
    7.5000    0.0000  -45.0000 2273.1594   13.4797
   -7.5000    7.5000  -45.0000 2326.5525   12.7455
    0.0000    7.5000  -45.0000 2334.2310   12.7177
    7.5000    7.5000  -45.0000 2307.4805   12.8762
   -7.5000   15.0000  -45.0000 2341.6746   12.4637
    0.0000   15.0000  -45.0000 2352.4834   12.4350
    7.5000   15.0000  -45.0000 2325.6912   12.5623
   -7.5000   22.5000  -45.0000 2340.5181   12.4853
    0.0000   22.5000  -45.0000 2348.9917   12.4403
    7.5000   22.5000  -45.0000 2326.2400   12.5743
   -7.5000   30.0000  -45.0000 2318.2729   12.7055
    0.0000   30.0000  -45.0000 2327.3914   12.6657
    7.5000   30.0000  -45.0000 2301.9143   12.8106
   -7.5000   37.5000  -45.0000 2278.6182   13.1541
    0.0000   37.5000  -45.0000 2290.1604   13.0970
    7.5000   37.5000  -45.0000 2262.4204   13.2944
   -7.5000   45.0000  -45.0000 2224.0364   13.8640
    0.0000   45.0000  -45.0000 2235.6731   13.8158
    7.5000   45.0000  -45.0000 2207.9958   14.0377
   -7.5000   52.5000  -45.0000 2128.1841   14.8086
    0.0000   52.5000  -45.0000 2139.7461   14.7469
    7.5000   52.5000  -45.0000 2113.7896   14.9780
   -7.5000  -37.5000  -37.5000 1797.1458   20.4572
    0.0000  -37.5000  -37.5000 1801.5898   20.5222
    7.5000  -37.5000  -37.5000 1794.2832   20.9379
   -7.5000  -30.0000  -37.5000 1942.1210   17.8147
    0.0000  -30.0000  -37.5000 1950.2017   17.8699
    7.5000  -30.0000  -37.5000 1936.0641   18.1656
   -7.5000  -22.5000  -37.5000 2082.7212   15.8600
    0.0000  -22.5000  -37.5000 2087.1172   15.8612
    7.5000  -22.5000  -37.5000 2072.3447   16.1024
   -7.5000  -15.0000  -37.5000 2204.1746   14.3585
    0.0000  -15.0000  -37.5000 2212.2437   14.3410
    7.5000  -15.0000  -37.5000 2187.4722   14.5498
   -7.5000   -7.5000  -37.5000 2308.1931   13.2188
    0.0000   -7.5000  -37.5000 2313.3381   13.1819
    7.5000   -7.5000  -37.5000 2287.0613   13.3850
   -7.5000    0.0000  -37.5000 2379.4624   12.3925
    0.0000    0.0000  -37.5000 2385.5671   12.3760
    7.5000    0.0000  -37.5000 2359.3857   12.5234
   -7.5000    7.5000  -37.5000 2417.8677   11.8308
    0.0000    7.5000  -37.5000 2425.3694   11.8142
    7.5000    7.5000  -37.5000 2399.1929   11.9542
   -7.5000   15.0000  -37.5000 2446.2793   11.5457
    0.0000   15.0000  -37.5000 2454.6394   11.5161
    7.5000   15.0000  -37.5000 2426.4458   11.6503
   -7.5000   22.5000  -37.5000 2451.1633   11.5352
    0.0000   22.5000  -37.5000 2460.5996   11.5123
    7.5000   22.5000  -37.5000 2433.2061   11.6365
   -7.5000   30.0000  -37.5000 2424.6394   11.7426
    0.0000   30.0000  -37.5000 2437.8362   11.7086
    7.5000   30.0000  -37.5000 2407.0090   11.8405
   -7.5000   37.5000  -37.5000 2380.5259   12.1943
    0.0000   37.5000  -37.5000 2393.9060   12.1363
    7.5000   37.5000  -37.5000 2363.4792   12.2820
   -7.5000   45.0000  -37.5000 2317.9089   12.8375
    0.0000   45.0000  -37.5000 2333.2302   12.7764
    7.5000   45.0000  -37.5000 2299.4424   12.9509
   -7.5000   52.5000  -37.5000 2216.9124   13.6820
    0.0000   52.5000  -37.5000 2231.4685   13.6282
    7.5000   52.5000  -37.5000 2200.4492   13.8233
   -7.5000  -37.5000  -30.0000 1881.1815   19.9775
    0.0000  -37.5000  -30.0000 1890.1271   20.0000
    7.5000  -37.5000  -30.0000 1878.7450   20.4175
   -7.5000  -30.0000  -30.0000 2037.3157   17.4074
    0.0000  -30.0000  -30.0000 2043.7545   17.4028
    7.5000  -30.0000  -30.0000 2029.9633   17.7508
   -7.5000  -22.5000  -30.0000 2184.3127   15.4412
    0.0000  -22.5000  -30.0000 2192.9917   15.4132
    7.5000  -22.5000  -30.0000 2169.6143   15.6669
   -7.5000  -15.0000  -30.0000 2310.7559   13.9306
    0.0000  -15.0000  -30.0000 2322.8428   13.8836
    7.5000  -15.0000  -30.0000 2291.5051   14.1173
   -7.5000   -7.5000  -30.0000 2418.6362   12.7842
    0.0000   -7.5000  -30.0000 2425.8059   12.7489
    7.5000   -7.5000  -30.0000 2398.4858   12.9502
   -7.5000    0.0000  -30.0000 2503.8303   11.9543
    0.0000    0.0000  -30.0000 2510.4099   11.9181
    7.5000    0.0000  -30.0000 2480.8162   12.0880
   -7.5000    7.5000  -30.0000 2550.6851   11.3973
    0.0000    7.5000  -30.0000 2560.8684   11.3594
    7.5000    7.5000  -30.0000 2533.5708   11.5136
   -7.5000   15.0000  -30.0000 2587.1365   11.0760
    0.0000   15.0000  -30.0000 2600.6455   11.0514
    7.5000   15.0000  -30.0000 2567.8315   11.2015
   -7.5000   22.5000  -30.0000 2601.3364   11.0462
    0.0000   22.5000  -30.0000 2613.8889   11.0151
    7.5000   22.5000  -30.0000 2583.2112   11.1255
   -7.5000   30.0000  -30.0000 2581.1460   11.2636
    0.0000   30.0000  -30.0000 2596.0264   11.2242
    7.5000   30.0000  -30.0000 2561.6794   11.3337
   -7.5000   37.5000  -30.0000 2539.0271   11.6965
    0.0000   37.5000  -30.0000 2554.6265   11.6355
    7.5000   37.5000  -30.0000 2515.5066   11.7645
   -7.5000   45.0000  -30.0000 2463.4170   12.3319
    0.0000   45.0000  -30.0000 2483.8308   12.2481
    7.5000   45.0000  -30.0000 2445.2300   12.4093
   -7.5000   52.5000  -30.0000 2345.2637   13.1567
    0.0000   52.5000  -30.0000 2363.6423   13.0701
    7.5000   52.5000  -30.0000 2333.2085   13.2556
   -7.5000  -37.5000  -22.5000 1946.1901   19.4082
    0.0000  -37.5000  -22.5000 1952.5024   19.4047
    7.5000  -37.5000  -22.5000 1938.0248   19.8244
   -7.5000  -30.0000  -22.5000 2100.7529   16.8926
    0.0000  -30.0000  -22.5000 2108.9648   16.8399
    7.5000  -30.0000  -22.5000 2089.5303   17.1840
   -7.5000  -22.5000  -22.5000 2250.9561   14.9518
    0.0000  -22.5000  -22.5000 2262.5845   14.8869
    7.5000  -22.5000  -22.5000 2233.3452   15.1495
   -7.5000  -15.0000  -22.5000 2380.3552   13.4300
    0.0000  -15.0000  -22.5000 2391.7092   13.3774
    7.5000  -15.0000  -22.5000 2362.5815   13.6198
   -7.5000   -7.5000  -22.5000 2499.3257   12.2901
    0.0000   -7.5000  -22.5000 2505.5771   12.2360
    7.5000   -7.5000  -22.5000 2478.5789   12.4647
   -7.5000    0.0000  -22.5000 2593.4487   11.4488
    0.0000    0.0000  -22.5000 2603.1018   11.4268
    7.5000    0.0000  -22.5000 2572.7537   11.6002
   -7.5000    7.5000  -22.5000 2657.6350   10.9034
    0.0000    7.5000  -22.5000 2672.9758   10.8537
    7.5000    7.5000  -22.5000 2642.3303   11.0225
   -7.5000   15.0000  -22.5000 2702.5964   10.5771
    0.0000   15.0000  -22.5000 2720.2666   10.5240
    7.5000   15.0000  -22.5000 2683.4634   10.6819
   -7.5000   22.5000  -22.5000 2727.9297   10.4887
    0.0000   22.5000  -22.5000 2746.5403   10.4567
    7.5000   22.5000  -22.5000 2709.2458   10.5647
   -7.5000   30.0000  -22.5000 2712.4932   10.7299
    0.0000   30.0000  -22.5000 2733.2527   10.6846
    7.5000   30.0000  -22.5000 2688.9414   10.7950
   -7.5000   37.5000  -22.5000 2667.9348   11.1422
    0.0000   37.5000  -22.5000 2688.4036   11.0654
    7.5000   37.5000  -22.5000 2646.7693   11.1827
   -7.5000   45.0000  -22.5000 2583.9766   11.7419
    0.0000   45.0000  -22.5000 2603.4312   11.6530
    7.5000   45.0000  -22.5000 2569.3201   11.7862
   -7.5000   52.5000  -22.5000 2455.2859   12.5370
    0.0000   52.5000  -22.5000 2472.5396   12.4510
    7.5000   52.5000  -22.5000 2443.5342   12.6141
   -7.5000  -37.5000  -15.0000 1988.6198   18.9760
    0.0000  -37.5000  -15.0000 1991.0844   18.9177
    7.5000  -37.5000  -15.0000 1972.0920   19.3889
   -7.5000  -30.0000  -15.0000 2136.8337   16.4424
    0.0000  -30.0000  -15.0000 2141.6851   16.3760
    7.5000  -30.0000  -15.0000 2118.9534   16.7307
   -7.5000  -22.5000  -15.0000 2284.3447   14.5134
    0.0000  -22.5000  -15.0000 2294.2908   14.4350
    7.5000  -22.5000  -15.0000 2268.3293   14.7284
   -7.5000  -15.0000  -15.0000 2419.4897   13.0183
    0.0000  -15.0000  -15.0000 2425.6880   12.9457
    7.5000  -15.0000  -15.0000 2400.1475   13.1877
   -7.5000   -7.5000  -15.0000 2547.1255   11.8766
    0.0000   -7.5000  -15.0000 2554.6423   11.8171
    7.5000   -7.5000  -15.0000 2526.7783   12.0352
   -7.5000    0.0000  -15.0000 2653.6519   11.0404
    0.0000    0.0000  -15.0000 2665.4189   10.9869
    7.5000    0.0000  -15.0000 2636.4771   11.1824
   -7.5000    7.5000  -15.0000 2737.4402   10.4837
    0.0000    7.5000  -15.0000 2753.8489   10.4213
    7.5000    7.5000  -15.0000 2723.9199   10.5958
   -7.5000   15.0000  -15.0000 2795.8870   10.1297
    0.0000   15.0000  -15.0000 2819.6948   10.0598
    7.5000   15.0000  -15.0000 2779.4014   10.2198
   -7.5000   22.5000  -15.0000 2836.1663   10.0061
    0.0000   22.5000  -15.0000 2859.7888    9.9382
    7.5000   22.5000  -15.0000 2813.5784   10.0896
   -7.5000   30.0000  -15.0000 2817.1943   10.2363
    0.0000   30.0000  -15.0000 2841.0947   10.1666
    7.5000   30.0000  -15.0000 2796.5659   10.3025
   -7.5000   37.5000  -15.0000 2760.0322   10.6134
    0.0000   37.5000  -15.0000 2782.3730   10.5435
    7.5000   37.5000  -15.0000 2743.8943   10.6664
   -7.5000   45.0000  -15.0000 2667.1812   11.1903
    0.0000   45.0000  -15.0000 2688.7539   11.0968
    7.5000   45.0000  -15.0000 2654.3674   11.2414
   -7.5000   52.5000  -15.0000 2524.3911   12.0033
    0.0000   52.5000  -15.0000 2547.2397   11.9065
    7.5000   52.5000  -15.0000 2516.6409   12.0593
   -7.5000  -37.5000   -7.5000 2008.9792   18.7224
    0.0000  -37.5000   -7.5000 2012.8969   18.6641
    7.5000  -37.5000   -7.5000 1988.6351   19.1000
   -7.5000  -30.0000   -7.5000 2154.3540   16.2008
    0.0000  -30.0000   -7.5000 2162.5352   16.1010
    7.5000  -30.0000   -7.5000 2135.7510   16.4509
   -7.5000  -22.5000   -7.5000 2298.7415   14.2122
    0.0000  -22.5000   -7.5000 2308.5369   14.1123
    7.5000  -22.5000   -7.5000 2284.4231   14.4382
   -7.5000  -15.0000   -7.5000 2433.6848   12.7123
    0.0000  -15.0000   -7.5000 2442.1685   12.5912
    7.5000  -15.0000   -7.5000 2417.2061   12.8917
   -7.5000   -7.5000   -7.5000 2563.4006   11.5674
    0.0000   -7.5000   -7.5000 2573.1394   11.4789
    7.5000   -7.5000   -7.5000 2544.7676   11.7199
   -7.5000    0.0000   -7.5000 2680.8962   10.7045
    0.0000    0.0000   -7.5000 2697.3210   10.6277
    7.5000    0.0000   -7.5000 2662.5588   10.8580
   -7.5000    7.5000   -7.5000 2790.2405   10.1188
    0.0000    7.5000   -7.5000 2812.7842   10.0457
    7.5000    7.5000   -7.5000 2772.2932   10.2391
   -7.5000   15.0000   -7.5000 2868.7991    9.7809
    0.0000   15.0000   -7.5000 2898.1013    9.6909
    7.5000   15.0000   -7.5000 2850.9529    9.8558
   -7.5000   22.5000   -7.5000 2918.1919    9.6356
    0.0000   22.5000   -7.5000 2955.1672    9.5345
    7.5000   22.5000   -7.5000 2892.3635    9.7280
   -7.5000   30.0000   -7.5000 2895.3962    9.8410
    0.0000   30.0000   -7.5000 2933.6843    9.7575
    7.5000   30.0000   -7.5000 2875.8982    9.9281
   -7.5000   37.5000   -7.5000 2818.0159   10.2071
    0.0000   37.5000   -7.5000 2850.2668   10.1341
    7.5000   37.5000   -7.5000 2805.2776   10.2851
   -7.5000   45.0000   -7.5000 2719.7019   10.7699
    0.0000   45.0000   -7.5000 2746.8274   10.6737
    7.5000   45.0000   -7.5000 2706.9910   10.8484
   -7.5000   52.5000   -7.5000 2565.0432   11.5528
    0.0000   52.5000   -7.5000 2590.7795   11.4562
    7.5000   52.5000   -7.5000 2559.6704   11.6306
   -7.5000  -37.5000    0.0000 2015.9559   18.6922
    0.0000  -37.5000    0.0000 2026.2820   18.5663
    7.5000  -37.5000    0.0000 1995.5919   19.0176
   -7.5000  -30.0000    0.0000 2161.2551   16.1257
    0.0000  -30.0000    0.0000 2175.4348   15.9879
    7.5000  -30.0000    0.0000 2147.2363   16.3469
   -7.5000  -22.5000    0.0000 2297.3728   14.1144
    0.0000  -22.5000    0.0000 2315.6030   13.9913
    7.5000  -22.5000    0.0000 2290.3416   14.2986
   -7.5000  -15.0000    0.0000 2429.2300   12.5818
    0.0000  -15.0000    0.0000 2445.2039   12.4541
    7.5000  -15.0000    0.0000 2419.1287   12.7517
   -7.5000   -7.5000    0.0000 2560.1980   11.4081
    0.0000   -7.5000    0.0000 2576.8040   11.2925
    7.5000   -7.5000    0.0000 2544.1724   11.5588
   -7.5000    0.0000    0.0000 2687.4412   10.5080
    0.0000    0.0000    0.0000 2707.7622   10.4079
    7.5000    0.0000    0.0000 2668.3120   10.6658
   -7.5000    7.5000    0.0000 2808.9705    9.9045
    0.0000    7.5000    0.0000 2835.5842    9.7918
    7.5000    7.5000    0.0000 2789.0693   10.0345
   -7.5000   15.0000    0.0000 2905.1807    9.6036
    0.0000   15.0000    0.0000 2944.9136    9.4789
    7.5000   15.0000    0.0000 2883.9314    9.6588
   -7.5000   22.5000    0.0000 2969.9854    9.4900
    0.0000   22.5000    0.0000 3020.5212    9.3747
    7.5000   22.5000    0.0000 2940.3057    9.5546
   -7.5000   30.0000    0.0000 2941.9392    9.6568
    0.0000   30.0000    0.0000 2995.7598    9.5424
    7.5000   30.0000    0.0000 2917.7417    9.7257
   -7.5000   37.5000    0.0000 2847.9414   10.0286
    0.0000   37.5000    0.0000 2892.5552    9.9239
    7.5000   37.5000    0.0000 2836.8518   10.0893
   -7.5000   45.0000    0.0000 2738.9385   10.5517
    0.0000   45.0000    0.0000 2770.9878   10.4555
    7.5000   45.0000    0.0000 2731.4788   10.6373
   -7.5000   52.5000    0.0000 2580.6143   11.3164
    0.0000   52.5000    0.0000 2606.3987   11.2181
    7.5000   52.5000    0.0000 2575.2319   11.3946
   -7.5000  -37.5000    7.5000 2007.3362   18.8867
    0.0000  -37.5000    7.5000 2019.3030   18.7489
    7.5000  -37.5000    7.5000 1989.1271   19.1790
   -7.5000  -30.0000    7.5000 2155.1580   16.2385
    0.0000  -30.0000    7.5000 2174.7554   16.1047
    7.5000  -30.0000    7.5000 2140.6541   16.4503
   -7.5000  -22.5000    7.5000 2288.7148   14.1458
    0.0000  -22.5000    7.5000 2313.4480   14.0009
    7.5000  -22.5000    7.5000 2283.9438   14.3346
   -7.5000  -15.0000    7.5000 2420.6519   12.6014
    0.0000  -15.0000    7.5000 2443.1443   12.4553
    7.5000  -15.0000    7.5000 2414.0352   12.7551
   -7.5000   -7.5000    7.5000 2549.0178   11.4129
    0.0000   -7.5000    7.5000 2570.0969   11.2767
    7.5000   -7.5000    7.5000 2538.1106   11.5614
   -7.5000    0.0000    7.5000 2673.4639   10.5282
    0.0000    0.0000    7.5000 2697.7600   10.3851
    7.5000    0.0000    7.5000 2662.5088   10.6489
   -7.5000    7.5000    7.5000 2797.5530    9.9088
    0.0000    7.5000    7.5000 2824.4597    9.7701
    7.5000    7.5000    7.5000 2784.0322   10.0238
   -7.5000   15.0000    7.5000 2897.0667    9.5987
    0.0000   15.0000    7.5000 2938.4795    9.4680
    7.5000   15.0000    7.5000 2882.6816    9.6508
   -7.5000   22.5000    7.5000 2959.7664    9.5190
    0.0000   22.5000    7.5000 3007.5295    9.4000
    7.5000   22.5000    7.5000 2937.3245    9.5552
   -7.5000   30.0000    7.5000 2932.9221    9.7041
    0.0000   30.0000    7.5000 2978.4614    9.5687
    7.5000   30.0000    7.5000 2913.9556    9.7242
   -7.5000   37.5000    7.5000 2847.8413   10.0404
    0.0000   37.5000    7.5000 2888.9961    9.9325
    7.5000   37.5000    7.5000 2834.5972   10.0979
   -7.5000   45.0000    7.5000 2728.1384   10.5805
    0.0000   45.0000    7.5000 2758.7080   10.4771
    7.5000   45.0000    7.5000 2721.6221   10.6657
   -7.5000   52.5000    7.5000 2570.7502   11.3090
    0.0000   52.5000    7.5000 2595.1157   11.2004
    7.5000   52.5000    7.5000 2567.1970   11.3908
   -7.5000  -37.5000   15.0000 1975.5223   19.3415
    0.0000  -37.5000   15.0000 1989.8204   19.1635
    7.5000  -37.5000   15.0000 1965.5789   19.5779
   -7.5000  -30.0000   15.0000 2130.9578   16.5238
    0.0000  -30.0000   15.0000 2151.8420   16.3505
    7.5000  -30.0000   15.0000 2123.8369   16.7071
   -7.5000  -22.5000   15.0000 2274.8376   14.3904
    0.0000  -22.5000   15.0000 2297.1365   14.2276
    7.5000  -22.5000   15.0000 2269.5356   14.5667
   -7.5000  -15.0000   15.0000 2402.0247   12.8090
    0.0000  -15.0000   15.0000 2427.2244   12.6634
    7.5000  -15.0000   15.0000 2397.0789   12.9584
   -7.5000   -7.5000   15.0000 2521.3723   11.6479
    0.0000   -7.5000   15.0000 2546.8242   11.5018
    7.5000   -7.5000   15.0000 2515.5103   11.7612
   -7.5000    0.0000   15.0000 2646.1177   10.7809
    0.0000    0.0000   15.0000 2671.4360   10.6289
    7.5000    0.0000   15.0000 2638.2222   10.8716
   -7.5000    7.5000   15.0000 2761.5234   10.1734
    0.0000    7.5000   15.0000 2793.3279   10.0295
    7.5000    7.5000   15.0000 2757.4685   10.2625
   -7.5000   15.0000   15.0000 2854.0012    9.8213
    0.0000   15.0000   15.0000 2896.1135    9.6867
    7.5000   15.0000   15.0000 2850.3640    9.8723
   -7.5000   22.5000   15.0000 2897.1780    9.7323
    0.0000   22.5000   15.0000 2940.7729    9.5784
    7.5000   22.5000   15.0000 2889.2954    9.7747
   -7.5000   30.0000   15.0000 2873.5491    9.8839
    0.0000   30.0000   15.0000 2911.2480    9.7515
    7.5000   30.0000   15.0000 2867.4189    9.9106
   -7.5000   37.5000   15.0000 2800.1960   10.2745
    0.0000   37.5000   15.0000 2835.9385   10.1537
    7.5000   37.5000   15.0000 2795.0278   10.3183
   -7.5000   45.0000   15.0000 2681.8914   10.8458
    0.0000   45.0000   15.0000 2712.7144   10.7283
    7.5000   45.0000   15.0000 2680.4309   10.8962
   -7.5000   52.5000   15.0000 2534.8042   11.5315
    0.0000   52.5000   15.0000 2555.8284   11.4334
    7.5000   52.5000   15.0000 2528.8301   11.6063
   -7.5000  -37.5000   22.5000 1937.5748   19.9939
    0.0000  -37.5000   22.5000 1949.4312   19.7652
    7.5000  -37.5000   22.5000 1933.4922   20.1298
   -7.5000  -30.0000   22.5000 2091.8350   17.0649
    0.0000  -30.0000   22.5000 2111.8953   16.8657
    7.5000  -30.0000   22.5000 2092.8005   17.2112
   -7.5000  -22.5000   22.5000 2240.9495   14.8886
    0.0000  -22.5000   22.5000 2259.9485   14.7259
    7.5000  -22.5000   22.5000 2236.8611   15.0052
   -7.5000  -15.0000   22.5000 2369.2905   13.2906
    0.0000  -15.0000   22.5000 2392.7124   13.1343
    7.5000  -15.0000   22.5000 2366.1409   13.3858
   -7.5000   -7.5000   22.5000 2486.3516   12.1303
    0.0000   -7.5000   22.5000 2511.6838   11.9566
    7.5000   -7.5000   22.5000 2482.3120   12.1874
   -7.5000    0.0000   22.5000 2607.5625   11.2367
    0.0000    0.0000   22.5000 2638.5220   11.0844
    7.5000    0.0000   22.5000 2605.9829   11.3109
   -7.5000    7.5000   22.5000 2714.8962   10.6163
    0.0000    7.5000   22.5000 2748.7512   10.4732
    7.5000    7.5000   22.5000 2714.4624   10.6846
   -7.5000   15.0000   22.5000 2786.7407   10.2665
    0.0000   15.0000   22.5000 2829.1367   10.1011
    7.5000   15.0000   22.5000 2788.6750   10.3000
   -7.5000   22.5000   22.5000 2815.0664   10.1402
    0.0000   22.5000   22.5000 2851.2974    9.9907
    7.5000   22.5000   22.5000 2815.3030   10.1783
   -7.5000   30.0000   22.5000 2794.6121   10.2589
    0.0000   30.0000   22.5000 2822.7141   10.1293
    7.5000   30.0000   22.5000 2792.2522   10.3038
   -7.5000   37.5000   22.5000 2726.2603   10.6644
    0.0000   37.5000   22.5000 2756.5793   10.5296
    7.5000   37.5000   22.5000 2726.0564   10.6913
   -7.5000   45.0000   22.5000 2620.9878   11.2675
    0.0000   45.0000   22.5000 2650.5537   11.1148
    7.5000   45.0000   22.5000 2623.3491   11.2876
   -7.5000   52.5000   22.5000 2480.0447   11.9572
    0.0000   52.5000   22.5000 2501.8992   11.8136
    7.5000   52.5000   22.5000 2479.7722   11.9861
   -7.5000  -37.5000   30.0000 1888.6519   20.9179
    0.0000  -37.5000   30.0000 1897.1442   20.6802
    7.5000  -37.5000   30.0000 1885.0612   21.0809
   -7.5000  -30.0000   30.0000 2043.9635   17.8780
    0.0000  -30.0000   30.0000 2060.7036   17.6950
    7.5000  -30.0000   30.0000 2042.9709   17.9947
   -7.5000  -22.5000   30.0000 2190.5535   15.6087
    0.0000  -22.5000   30.0000 2209.0139   15.4482
    7.5000  -22.5000   30.0000 2193.9436   15.6943
   -7.5000  -15.0000   30.0000 2317.4231   13.9645
    0.0000  -15.0000   30.0000 2339.0623   13.8047
    7.5000  -15.0000   30.0000 2316.1646   14.0347
   -7.5000   -7.5000   30.0000 2435.2505   12.7730
    0.0000   -7.5000   30.0000 2463.0791   12.6335
    7.5000   -7.5000   30.0000 2434.3748   12.8219
   -7.5000    0.0000   30.0000 2552.2061   11.8576
    0.0000    0.0000   30.0000 2585.0999   11.7395
    7.5000    0.0000   30.0000 2553.7581   11.9281
   -7.5000    7.5000   30.0000 2647.0337   11.2240
    0.0000    7.5000   30.0000 2684.0891   11.0920
    7.5000    7.5000   30.0000 2650.4822   11.2766
   -7.5000   15.0000   30.0000 2703.9548   10.8743
    0.0000   15.0000   30.0000 2742.6785   10.7167
    7.5000   15.0000   30.0000 2708.7441   10.8949
   -7.5000   22.5000   30.0000 2724.0188   10.7361
    0.0000   22.5000   30.0000 2754.6641   10.5896
    7.5000   22.5000   30.0000 2727.4246   10.7572
   -7.5000   30.0000   30.0000 2698.1230   10.8124
    0.0000   30.0000   30.0000 2727.9351   10.6855
    7.5000   30.0000   30.0000 2700.6978   10.8414
   -7.5000   37.5000   30.0000 2637.4204   11.1987
    0.0000   37.5000   30.0000 2666.2908   11.0788
    7.5000   37.5000   30.0000 2639.5525   11.2220
   -7.5000   45.0000   30.0000 2544.5886   11.8164
    0.0000   45.0000   30.0000 2569.6995   11.6764
    7.5000   45.0000   30.0000 2546.2617   11.8401
   -7.5000   52.5000   30.0000 2411.2688   12.4987
    0.0000   52.5000   30.0000 2431.5217   12.3556
    7.5000   52.5000   30.0000 2412.8467   12.5259
   -7.5000  -37.5000   37.5000 1839.4353   22.1817
    0.0000  -37.5000   37.5000 1847.4631   21.9970
    7.5000  -37.5000   37.5000 1830.1774   22.3735
   -7.5000  -30.0000   37.5000 1995.0679   18.9380
    0.0000  -30.0000   37.5000 2005.0061   18.7585
    7.5000  -30.0000   37.5000 1988.1947   19.0557
   -7.5000  -22.5000   37.5000 2136.9705   16.5733
    0.0000  -22.5000   37.5000 2156.4717   16.4366
    7.5000  -22.5000   37.5000 2136.5215   16.6575
   -7.5000  -15.0000   37.5000 2259.5854   14.8359
    0.0000  -15.0000   37.5000 2281.1384   14.6950
    7.5000  -15.0000   37.5000 2260.1807   14.8970
   -7.5000   -7.5000   37.5000 2375.6213   13.5765
    0.0000   -7.5000   37.5000 2400.7354   13.4682
    7.5000   -7.5000   37.5000 2375.0425   13.6404
   -7.5000    0.0000   37.5000 2483.5979   12.6449
    0.0000    0.0000   37.5000 2515.4480   12.5539
    7.5000    0.0000   37.5000 2485.4272   12.7284
   -7.5000    7.5000   37.5000 2566.4788   12.0023
    0.0000    7.5000   37.5000 2603.3887   11.8916
    7.5000    7.5000   37.5000 2571.1079   12.0590
   -7.5000   15.0000   37.5000 2611.7268   11.6261
    0.0000   15.0000   37.5000 2648.4590   11.5022
    7.5000   15.0000   37.5000 2619.4043   11.6671
   -7.5000   22.5000   37.5000 2624.7458   11.4755
    0.0000   22.5000   37.5000 2652.4478   11.3585
    7.5000   22.5000   37.5000 2631.4954   11.4992
   -7.5000   30.0000   37.5000 2600.2896   11.5496
    0.0000   30.0000   37.5000 2625.0894   11.4423
    7.5000   30.0000   37.5000 2604.5261   11.5700
   -7.5000   37.5000   37.5000 2542.2529   11.9195
    0.0000   37.5000   37.5000 2565.9500   11.8161
    7.5000   37.5000   37.5000 2548.4341   11.9427
   -7.5000   45.0000   37.5000 2464.8760   12.4841
    0.0000   45.0000   37.5000 2489.7712   12.3673
    7.5000   45.0000   37.5000 2469.9819   12.5109
   -7.5000   52.5000   37.5000 2342.7571   13.1816
    0.0000   52.5000   37.5000 2361.0986   13.0395
    7.5000   52.5000   37.5000 2341.9717   13.1912
   -7.5000  -37.5000   45.0000 1777.2744   23.8038
    0.0000  -37.5000   45.0000 1787.0895   23.6096
    7.5000  -37.5000   45.0000 1767.1404   24.0222
   -7.5000  -30.0000   45.0000 1934.1357   20.3288
    0.0000  -30.0000   45.0000 1945.4321   20.1108
    7.5000  -30.0000   45.0000 1929.1652   20.4500
   -7.5000  -22.5000   45.0000 2072.5869   17.8489
    0.0000  -22.5000   45.0000 2089.7637   17.6507
    7.5000  -22.5000   45.0000 2072.1094   17.8748
   -7.5000  -15.0000   45.0000 2191.3469   15.9861
    0.0000  -15.0000   45.0000 2213.4172   15.8263
    7.5000  -15.0000   45.0000 2193.2898   16.0020
   -7.5000   -7.5000   45.0000 2302.7139   14.6155
    0.0000   -7.5000   45.0000 2331.2205   14.5064
    7.5000   -7.5000   45.0000 2308.1985   14.6530
   -7.5000    0.0000   45.0000 2399.7598   13.6373
    0.0000    0.0000   45.0000 2429.6230   13.5213
    7.5000    0.0000   45.0000 2407.4761   13.6965
   -7.5000    7.5000   45.0000 2472.1147   12.9636
    0.0000    7.5000   45.0000 2502.6270   12.8443
    7.5000    7.5000   45.0000 2480.7864   13.0180
   -7.5000   15.0000   45.0000 2509.9692   12.5632
    0.0000   15.0000   45.0000 2536.9463   12.4490
    7.5000   15.0000   45.0000 2518.5688   12.6129
   -7.5000   22.5000   45.0000 2520.8003   12.3667
    0.0000   22.5000   45.0000 2543.3867   12.2556
    7.5000   22.5000   45.0000 2526.7085   12.3955
   -7.5000   30.0000   45.0000 2494.9268   12.4205
    0.0000   30.0000   45.0000 2515.0076   12.3271
    7.5000   30.0000   45.0000 2500.8950   12.4534
   -7.5000   37.5000   45.0000 2441.5908   12.7882
    0.0000   37.5000   45.0000 2459.6882   12.7133
    7.5000   37.5000   45.0000 2443.4812   12.8264
   -7.5000   45.0000   45.0000 2369.2688   13.3187
    0.0000   45.0000   45.0000 2394.3728   13.2194
    7.5000   45.0000   45.0000 2379.8315   13.3419
   -7.5000   52.5000   45.0000 2261.8362   14.0058
    0.0000   52.5000   45.0000 2283.3882   13.8625
    7.5000   52.5000   45.0000 2267.7046   13.9978

---------------------------------------------------------------------
imgreg_4dfp /opt/freesurfer/average/711-2C_as_mni_average_305 /opt/freesurfer/average/711-2B_as_mni_average_305_mask talsrcimg_g11 none talsrcimg_to_711-2C_as_mni_average_305_t4 1283
---------------------------------------------------------------------

freesurfer imgreg_4dfp.c
/opt/freesurfer/average/711-2C_as_mni_average_305.4dfp.img
       256       256       256         1
  1.000000  1.000000  1.000000
orientation T byte_order littleendian
Reading image: /opt/freesurfer/average/711-2C_as_mni_average_305.4dfp.img
dimensions:      256       256       256
mmppix:       1.0000   -1.0000   -1.0000
center:     128.0000 -129.0000 -129.0000
/opt/freesurfer/average/711-2B_as_mni_average_305_mask.4dfp.img
       256       256       256         1
  1.000000  1.000000  1.000000
orientation T byte_order littleendian
Reading mask: /opt/freesurfer/average/711-2B_as_mni_average_305_mask.4dfp.img (2306576 pixels)
talsrcimg_g11.4dfp.img
       256       256       256         1
  1.000000  1.000000  1.000000
orientation T byte_order littleendian
Reading image: talsrcimg_g11.4dfp.img
dimensions:      256       256       256
mmppix:       1.0000   -1.0000   -1.0000
center:     128.0000 -129.0000 -129.0000
rotation matrix determinant  1.000000
fimgreg.f
image alignment mode   1283 decimal      503 hex
parameters
    0.0000   22.5000    0.0000    0.0000    0.0000    0.0000
eta,q 0.94657  9.37431
niter,ni,del,rscale     5    3   12.0000    1.2000
parameters
   -1.1543   24.2694    2.1168   -1.0485   -1.0197   -1.6028
eta,q 0.95344  9.25584
  0.0622  0.0654  0.0673  0.0509  0.0527  0.0495
  0.0540  0.0579  0.0606  0.0482  0.0492  0.0473
  0.0496  0.0527  0.0532  0.0474  0.0474  0.0465
  0.0503  0.0491  0.0480  0.0472  0.0472  0.0471
  0.0565  0.0480  0.0472  0.0481  0.0489  0.0486
  0.0648  0.0499  0.0490  0.0511  0.0530  0.0511
  0.0721  0.0535  0.0523  0.0551  0.0585  0.0546
niter,ni,del,rscale     4    3   12.0000    1.2000
parameters
   -1.1697   25.0251    2.1317   -2.3849   -1.1500   -1.5953
eta,q 0.95376  9.27731
  0.0661  0.0607  0.0579  0.0489  0.0547  0.0522
  0.0560  0.0536  0.0507  0.0467  0.0501  0.0491
  0.0490  0.0485  0.0466  0.0462  0.0472  0.0469
  0.0466  0.0466  0.0465  0.0465  0.0462  0.0462
  0.0497  0.0471  0.0481  0.0472  0.0474  0.0472
  0.0571  0.0502  0.0515  0.0496  0.0506  0.0492
  0.0655  0.0547  0.0567  0.0535  0.0555  0.0520
niter,ni,del,rscale     3    3   12.0000    1.2000
parameters
   -1.0880   25.7576    1.8446   -3.7655   -1.3613   -1.6953
eta,q 0.95443  9.30350
  0.0665  0.0598  0.0563  0.0483  0.0544  0.0517
  0.0566  0.0528  0.0497  0.0460  0.0496  0.0486
  0.0492  0.0480  0.0463  0.0454  0.0466  0.0463
  0.0462  0.0462  0.0462  0.0461  0.0456  0.0456
  0.0491  0.0469  0.0480  0.0470  0.0469  0.0467
  0.0565  0.0497  0.0519  0.0487  0.0505  0.0490
  0.0649  0.0541  0.0574  0.0522  0.0557  0.0520
niter,ni,del,rscale     2    3   12.0000    1.2000
parameters
   -0.9350   26.5235    1.6066   -5.1965   -1.5022   -1.7947
eta,q 0.95539  9.32743
  0.0668  0.0593  0.0562  0.0477  0.0544  0.0511
  0.0569  0.0528  0.0492  0.0453  0.0493  0.0480
  0.0491  0.0478  0.0456  0.0445  0.0459  0.0455
  0.0456  0.0455  0.0454  0.0453  0.0446  0.0446
  0.0482  0.0462  0.0473  0.0467  0.0460  0.0458
  0.0559  0.0489  0.0513  0.0484  0.0499  0.0482
  0.0646  0.0538  0.0570  0.0513  0.0555  0.0516
niter,ni,del,rscale     1    3   12.0000    1.2000
parameters
   -0.8034   27.1098    1.4649   -5.8873   -1.5951   -1.8042
eta,q 0.95600  9.33435
  0.0668  0.0588  0.0564  0.0488  0.0544  0.0509
  0.0566  0.0533  0.0491  0.0457  0.0492  0.0477
  0.0483  0.0476  0.0447  0.0438  0.0455  0.0451
  0.0446  0.0446  0.0445  0.0444  0.0440  0.0440
  0.0476  0.0453  0.0465  0.0460  0.0454  0.0450
  0.0558  0.0487  0.0506  0.0478  0.0494  0.0476
  0.0648  0.0552  0.0566  0.0504  0.0553  0.0511
registration optimization eta report
parameter search radius
    6.0000    6.0000    6.0000    6.0000    6.0000    6.0000
100000*second partial in parameter space
       57.       34.       34.       15.       30.       19.
  0.0668  0.0588  0.0564  0.0488  0.0544  0.0509
  0.0566  0.0533  0.0491  0.0457  0.0492  0.0477
  0.0483  0.0476  0.0447  0.0438  0.0455  0.0451
  0.0446  0.0446  0.0445  0.0444  0.0440  0.0440
  0.0476  0.0453  0.0465  0.0460  0.0454  0.0450
  0.0558  0.0487  0.0506  0.0478  0.0494  0.0476
  0.0648  0.0552  0.0566  0.0504  0.0553  0.0511
   -0.8034   27.1098    1.4649   -5.8873   -1.5951   -1.8042
eta,q 0.95600  9.33435

---------------------------------------------------------------------
imgreg_4dfp /opt/freesurfer/average/711-2C_as_mni_average_305 /opt/freesurfer/average/711-2B_as_mni_average_305_mask talsrcimg_g11 none talsrcimg_to_711-2C_as_mni_average_305_t4 3335
---------------------------------------------------------------------

freesurfer imgreg_4dfp.c
/opt/freesurfer/average/711-2C_as_mni_average_305.4dfp.img
       256       256       256         1
  1.000000  1.000000  1.000000
orientation T byte_order littleendian
Reading image: /opt/freesurfer/average/711-2C_as_mni_average_305.4dfp.img
dimensions:      256       256       256
mmppix:       1.0000   -1.0000   -1.0000
center:     128.0000 -129.0000 -129.0000
/opt/freesurfer/average/711-2B_as_mni_average_305_mask.4dfp.img
       256       256       256         1
  1.000000  1.000000  1.000000
orientation T byte_order littleendian
Reading mask: /opt/freesurfer/average/711-2B_as_mni_average_305_mask.4dfp.img (2306576 pixels)
talsrcimg_g11.4dfp.img
       256       256       256         1
  1.000000  1.000000  1.000000
orientation T byte_order littleendian
Reading image: talsrcimg_g11.4dfp.img
dimensions:      256       256       256
mmppix:       1.0000   -1.0000   -1.0000
center:     128.0000 -129.0000 -129.0000
fimgreg.f
image alignment mode   3335 decimal      D07 hex
parameters
   -0.8034   27.1098    1.4649   -0.0883   -0.5678   -0.5660
    2.8465    3.0904   -3.1472   10.1649   -2.7835  -10.2532
eta,q 0.95509  9.40732
niter,ni,del,rscale     5    3    5.0000    1.2000
parameter  4  1.052644 ->  0.500000 qaram    1.1500
parameter  5  2.315741 ->  0.500000 qaram    1.1500
parameter  6  0.693384 ->  0.500000 qaram    1.1500
parameter 12 -0.582334 -> -0.500000 qaram    1.1500
parameters
   -0.8340   27.0095    1.1597   -4.2283   -4.7078   -4.7060
    1.6280    3.7281   -1.2989   10.1411   -4.9408   -6.1132
eta,q 0.96677  8.85319
  0.0483  0.0467  0.0465  0.0404  0.0330  0.0340  0.0357  0.0385  0.0371  0.0370  0.0342  0.0365
  0.0464  0.0457  0.0455  0.0411  0.0351  0.0340  0.0346  0.0364  0.0357  0.0353  0.0338  0.0353
  0.0453  0.0451  0.0449  0.0424  0.0380  0.0344  0.0341  0.0348  0.0346  0.0340  0.0337  0.0343
  0.0449  0.0449  0.0449  0.0449  0.0413  0.0359  0.0341  0.0340  0.0339  0.0337  0.0337  0.0337
  0.0454  0.0452  0.0453  0.0484  0.0450  0.0388  0.0346  0.0341  0.0337  0.0343  0.0341  0.0333
  0.0466  0.0459  0.0462  0.0527  0.0494  0.0428  0.0357  0.0352  0.0341  0.0353  0.0347  0.0332
  0.0484  0.0470  0.0475  0.0577  0.0542  0.0477  0.0373  0.0374  0.0350  0.0370  0.0356  0.0334
niter,ni,del,rscale     7    3    5.0000    1.2000
parameter  4  0.515795 ->  0.500000 qaram    1.3225
parameter  5  1.249677 ->  0.500000 qaram    1.3225
parameters
   -0.6568   27.2707    1.0461   -8.9893   -9.4688   -8.5791
    1.1464    3.7701   -1.5322    9.9733   -5.2074   -5.1257
eta,q 0.97165  8.22378
  0.0369  0.0365  0.0347  0.0328  0.0277  0.0288  0.0305  0.0321  0.0302  0.0312  0.0291  0.0302
  0.0350  0.0349  0.0338  0.0324  0.0285  0.0284  0.0293  0.0302  0.0292  0.0297  0.0287  0.0293
  0.0338  0.0338  0.0333  0.0325  0.0301  0.0285  0.0285  0.0288  0.0285  0.0287  0.0285  0.0287
  0.0332  0.0332  0.0332  0.0332  0.0324  0.0289  0.0284  0.0284  0.0284  0.0284  0.0284  0.0284
  0.0334  0.0333  0.0334  0.0346  0.0357  0.0301  0.0288  0.0288  0.0286  0.0287  0.0285  0.0284
  0.0344  0.0340  0.0341  0.0374  0.0394  0.0328  0.0297  0.0301  0.0293  0.0298  0.0288  0.0288
  0.0360  0.0354  0.0350  0.0412  0.0437  0.0368  0.0311  0.0321  0.0305  0.0315  0.0293  0.0295
niter,ni,del,rscale     7    3    5.0000    1.2000
parameter  5  0.630195 ->  0.500000 qaram    1.5209
parameters
   -0.6403   27.2494    0.9212   -9.7563  -14.9439  -10.2381
    1.1227    3.6775   -1.9797   10.4948   -4.9213   -5.9843
eta,q 0.97321  7.86256
  0.0314  0.0308  0.0295  0.0312  0.0272  0.0282  0.0292  0.0304  0.0283  0.0295  0.0277  0.0277
  0.0297  0.0294  0.0288  0.0295  0.0269  0.0272  0.0279  0.0285  0.0274  0.0279  0.0272  0.0271
  0.0287  0.0286  0.0284  0.0285  0.0272  0.0268  0.0271  0.0272  0.0269  0.0270  0.0269  0.0268
  0.0284  0.0283  0.0283  0.0283  0.0283  0.0269  0.0268  0.0268  0.0268  0.0268  0.0268  0.0268
  0.0287  0.0287  0.0285  0.0289  0.0302  0.0274  0.0271  0.0273  0.0271  0.0270  0.0269  0.0270
  0.0297  0.0295  0.0290  0.0301  0.0333  0.0282  0.0279  0.0287  0.0277  0.0277  0.0271  0.0275
  0.0313  0.0308  0.0298  0.0325  0.0372  0.0302  0.0292  0.0306  0.0287  0.0286  0.0276  0.0281
niter,ni,del,rscale     7    3    5.0000    1.2000
parameters
   -0.7251   27.6957    0.4853  -10.4186  -17.4055  -11.1065
    1.0913    3.4925   -2.1962   12.0101   -4.4122   -6.3622
eta,q 0.97358  7.69451
  0.0295  0.0297  0.0275  0.0297  0.0286  0.0283  0.0288  0.0299  0.0279  0.0294  0.0274  0.0275
  0.0280  0.0282  0.0269  0.0279  0.0272  0.0271  0.0275  0.0281  0.0271  0.0278  0.0269  0.0268
  0.0270  0.0272  0.0267  0.0268  0.0265  0.0265  0.0267  0.0268  0.0266  0.0268  0.0266  0.0265
  0.0268  0.0268  0.0267  0.0267  0.0266  0.0265  0.0264  0.0264  0.0264  0.0264  0.0264  0.0264
  0.0272  0.0268  0.0270  0.0273  0.0275  0.0271  0.0267  0.0269  0.0266  0.0265  0.0265  0.0267
  0.0283  0.0273  0.0276  0.0285  0.0292  0.0278  0.0276  0.0283  0.0272  0.0269  0.0268  0.0271
  0.0299  0.0281  0.0282  0.0306  0.0322  0.0291  0.0288  0.0303  0.0281  0.0274  0.0272  0.0276
niter,ni,del,rscale     6    3    5.0000    1.2000
parameters
   -0.8265   28.5367   -0.0938  -11.0052  -19.2425  -12.5075
    1.1799    3.2384   -2.4018   14.5437   -4.1710   -6.5780
eta,q 0.97437  7.55549
  0.0290  0.0295  0.0269  0.0292  0.0283  0.0276  0.0282  0.0291  0.0273  0.0290  0.0267  0.0268
  0.0275  0.0280  0.0263  0.0274  0.0268  0.0265  0.0269  0.0273  0.0265  0.0275  0.0262  0.0261
  0.0266  0.0270  0.0261  0.0263  0.0260  0.0258  0.0261  0.0262  0.0259  0.0264  0.0258  0.0257
  0.0264  0.0264  0.0262  0.0261  0.0261  0.0259  0.0258  0.0258  0.0258  0.0258  0.0256  0.0256
  0.0268  0.0262  0.0266  0.0268  0.0268  0.0267  0.0260  0.0263  0.0260  0.0256  0.0257  0.0259
  0.0279  0.0264  0.0272  0.0280  0.0282  0.0276  0.0268  0.0277  0.0266  0.0258  0.0261  0.0263
  0.0295  0.0269  0.0279  0.0300  0.0305  0.0291  0.0281  0.0296  0.0275  0.0263  0.0266  0.0268
niter,ni,del,rscale     5    3    5.0000    1.2000
parameters
   -0.9152   29.5334   -0.6750  -11.4536  -21.0244  -13.4992
    1.1685    3.1668   -2.3669   16.0264   -4.2884   -7.9517
eta,q 0.97516  7.43833
  0.0282  0.0290  0.0259  0.0285  0.0277  0.0270  0.0272  0.0284  0.0269  0.0282  0.0259  0.0258
  0.0267  0.0276  0.0254  0.0267  0.0261  0.0258  0.0260  0.0266  0.0259  0.0267  0.0254  0.0251
  0.0259  0.0264  0.0252  0.0255  0.0251  0.0251  0.0252  0.0254  0.0252  0.0255  0.0250  0.0248
  0.0256  0.0256  0.0253  0.0252  0.0252  0.0250  0.0249  0.0249  0.0249  0.0249  0.0249  0.0249
  0.0260  0.0253  0.0256  0.0259  0.0261  0.0257  0.0252  0.0254  0.0252  0.0250  0.0250  0.0253
  0.0270  0.0254  0.0262  0.0272  0.0277  0.0267  0.0260  0.0267  0.0258  0.0255  0.0254  0.0258
  0.0286  0.0260  0.0271  0.0291  0.0301  0.0281  0.0273  0.0286  0.0269  0.0263  0.0260  0.0264
niter,ni,del,rscale     4    3    5.0000    1.2000
parameters
   -0.9338   29.9399   -0.8801  -11.5525  -21.4455  -13.5052
    1.0281    3.2172   -2.3259   16.6321   -4.3687   -8.6316
eta,q 0.97526  7.42263
  0.0276  0.0277  0.0258  0.0284  0.0284  0.0273  0.0270  0.0284  0.0268  0.0276  0.0258  0.0259
  0.0260  0.0263  0.0252  0.0266  0.0265  0.0259  0.0258  0.0265  0.0257  0.0261  0.0252  0.0251
  0.0251  0.0253  0.0248  0.0252  0.0252  0.0250  0.0250  0.0252  0.0250  0.0251  0.0249  0.0248
  0.0248  0.0248  0.0248  0.0248  0.0248  0.0247  0.0248  0.0247  0.0247  0.0247  0.0248  0.0248
  0.0252  0.0248  0.0250  0.0253  0.0254  0.0251  0.0251  0.0251  0.0250  0.0250  0.0249  0.0250
  0.0261  0.0253  0.0255  0.0266  0.0269  0.0260  0.0259  0.0264  0.0257  0.0257  0.0253  0.0255
  0.0276  0.0263  0.0262  0.0285  0.0291  0.0272  0.0272  0.0283  0.0267  0.0267  0.0259  0.0261
niter,ni,del,rscale     3    3    5.0000    1.2000
parameters
   -0.9165   30.0723   -0.9000  -11.6164  -21.6107  -13.4131
    0.9343    3.2655   -2.3007   16.8647   -4.4357   -8.8949
eta,q 0.97526  7.41935
  0.0275  0.0272  0.0259  0.0284  0.0286  0.0273  0.0270  0.0284  0.0268  0.0273  0.0258  0.0260
  0.0260  0.0259  0.0253  0.0266  0.0267  0.0259  0.0258  0.0265  0.0257  0.0259  0.0252  0.0252
  0.0250  0.0251  0.0249  0.0252  0.0253  0.0250  0.0250  0.0252  0.0250  0.0250  0.0249  0.0248
  0.0247  0.0247  0.0247  0.0247  0.0247  0.0247  0.0247  0.0247  0.0247  0.0247  0.0247  0.0247
  0.0251  0.0249  0.0249  0.0253  0.0253  0.0251  0.0250  0.0251  0.0250  0.0251  0.0249  0.0250
  0.0260  0.0256  0.0253  0.0266  0.0267  0.0259  0.0259  0.0264  0.0257  0.0259  0.0253  0.0255
  0.0274  0.0267  0.0260  0.0285  0.0289  0.0271  0.0271  0.0283  0.0267  0.0269  0.0259  0.0261
niter,ni,del,rscale     2    3    5.0000    1.2000
parameters
   -0.9006   30.1219   -0.8853  -11.6506  -21.6799  -13.3615
    0.8860    3.2981   -2.2904   16.9528   -4.4728   -8.9831
eta,q 0.97526  7.41814
  0.0275  0.0270  0.0260  0.0284  0.0286  0.0273  0.0270  0.0284  0.0267  0.0272  0.0258  0.0261
  0.0260  0.0258  0.0253  0.0266  0.0267  0.0259  0.0258  0.0265  0.0257  0.0258  0.0252  0.0253
  0.0250  0.0250  0.0249  0.0253  0.0253  0.0250  0.0250  0.0252  0.0250  0.0249  0.0249  0.0248
  0.0247  0.0247  0.0247  0.0247  0.0247  0.0247  0.0247  0.0247  0.0247  0.0247  0.0247  0.0247
  0.0251  0.0250  0.0249  0.0253  0.0253  0.0251  0.0250  0.0251  0.0250  0.0251  0.0249  0.0250
  0.0260  0.0257  0.0253  0.0266  0.0267  0.0259  0.0258  0.0265  0.0257  0.0259  0.0252  0.0254
  0.0274  0.0268  0.0260  0.0285  0.0288  0.0272  0.0271  0.0284  0.0267  0.0270  0.0258  0.0260
niter,ni,del,rscale     1    3    5.0000    1.2000
parameters
   -0.8904   30.1404   -0.8744  -11.6682  -21.7071  -13.3365
    0.8618    3.3158   -2.2787   16.9782   -4.4984   -9.0242
eta,q 0.97526  7.41761
  0.0275  0.0270  0.0260  0.0284  0.0287  0.0273  0.0271  0.0284  0.0268  0.0272  0.0258  0.0261
  0.0260  0.0257  0.0253  0.0266  0.0267  0.0259  0.0258  0.0265  0.0257  0.0258  0.0252  0.0253
  0.0250  0.0250  0.0249  0.0253  0.0253  0.0250  0.0250  0.0252  0.0250  0.0249  0.0249  0.0248
  0.0247  0.0247  0.0247  0.0247  0.0247  0.0247  0.0247  0.0247  0.0247  0.0247  0.0247  0.0247
  0.0251  0.0250  0.0249  0.0253  0.0252  0.0251  0.0250  0.0252  0.0250  0.0251  0.0249  0.0249
  0.0260  0.0257  0.0253  0.0266  0.0266  0.0259  0.0258  0.0265  0.0257  0.0260  0.0252  0.0254
  0.0274  0.0269  0.0260  0.0285  0.0288  0.0272  0.0271  0.0284  0.0267  0.0270  0.0258  0.0260
registration optimization eta report
parameter search radius
    2.4000    2.4000    2.4000    9.5220   10.9503    8.2800
    7.2000    7.2000    7.2000    7.2000    7.2000    8.2800
100000*second partial in parameter space
       47.       38.       21.        4.        3.        4.
        5.        7.        4.        5.        2.        2.
  0.0275  0.0270  0.0260  0.0284  0.0287  0.0273  0.0271  0.0284  0.0268  0.0272  0.0258  0.0261
  0.0260  0.0257  0.0253  0.0266  0.0267  0.0259  0.0258  0.0265  0.0257  0.0258  0.0252  0.0253
  0.0250  0.0250  0.0249  0.0253  0.0253  0.0250  0.0250  0.0252  0.0250  0.0249  0.0249  0.0248
  0.0247  0.0247  0.0247  0.0247  0.0247  0.0247  0.0247  0.0247  0.0247  0.0247  0.0247  0.0247
  0.0251  0.0250  0.0249  0.0253  0.0252  0.0251  0.0250  0.0252  0.0250  0.0251  0.0249  0.0249
  0.0260  0.0257  0.0253  0.0266  0.0266  0.0259  0.0258  0.0265  0.0257  0.0260  0.0252  0.0254
  0.0274  0.0269  0.0260  0.0285  0.0288  0.0272  0.0271  0.0284  0.0267  0.0270  0.0258  0.0260
   -0.8904   30.1404   -0.8744  -11.6682  -21.7071  -13.3365
    0.8618    3.3158   -2.2787   16.9782   -4.4984   -9.0242
eta,q 0.97526  7.41761

---------------------------------------------------------------------
imgreg_4dfp /opt/freesurfer/average/711-2C_as_mni_average_305 /opt/freesurfer/average/711-2B_as_mni_average_305_mask talsrcimg_g11 none talsrcimg_to_711-2C_as_mni_average_305_t4 2311
---------------------------------------------------------------------

freesurfer imgreg_4dfp.c
/opt/freesurfer/average/711-2C_as_mni_average_305.4dfp.img
       256       256       256         1
  1.000000  1.000000  1.000000
orientation T byte_order littleendian
Reading image: /opt/freesurfer/average/711-2C_as_mni_average_305.4dfp.img
dimensions:      256       256       256
mmppix:       1.0000   -1.0000   -1.0000
center:     128.0000 -129.0000 -129.0000
/opt/freesurfer/average/711-2B_as_mni_average_305_mask.4dfp.img
       256       256       256         1
  1.000000  1.000000  1.000000
orientation T byte_order littleendian
Reading mask: /opt/freesurfer/average/711-2B_as_mni_average_305_mask.4dfp.img (2306576 pixels)
talsrcimg_g11.4dfp.img
       256       256       256         1
  1.000000  1.000000  1.000000
orientation T byte_order littleendian
Reading image: talsrcimg_g11.4dfp.img
dimensions:      256       256       256
mmppix:       1.0000   -1.0000   -1.0000
center:     128.0000 -129.0000 -129.0000
fimgreg.f
image alignment mode   2311 decimal      907 hex
parameters
   -0.8904   30.1404   -0.8744  -11.6682  -21.7071  -13.3365
    0.8618    3.3158   -2.2787   16.9782   -4.4984   -9.0242
eta,q 0.97525  7.41761
niter,ni,del,rscale     5    3    5.0000    0.8000
parameters
   -0.9058   30.1282   -0.8534  -11.6793  -21.5553  -13.4976
    0.8793    3.3427   -2.2612   16.7270   -4.5335   -9.2463
eta,q 0.97528  7.41626
  0.0260  0.0257  0.0253  0.0259  0.0257  0.0256  0.0258  0.0265  0.0257  0.0258  0.0252  0.0252
  0.0253  0.0252  0.0250  0.0253  0.0252  0.0251  0.0252  0.0256  0.0252  0.0251  0.0249  0.0249
  0.0249  0.0248  0.0248  0.0249  0.0249  0.0248  0.0249  0.0250  0.0249  0.0248  0.0248  0.0247
  0.0247  0.0247  0.0247  0.0247  0.0247  0.0247  0.0247  0.0247  0.0247  0.0247  0.0247  0.0247
  0.0249  0.0249  0.0248  0.0249  0.0248  0.0249  0.0249  0.0249  0.0248  0.0249  0.0248  0.0248
  0.0253  0.0252  0.0250  0.0253  0.0251  0.0252  0.0252  0.0255  0.0252  0.0254  0.0249  0.0250
  0.0260  0.0257  0.0253  0.0259  0.0256  0.0257  0.0258  0.0265  0.0257  0.0260  0.0252  0.0252
niter,ni,del,rscale     4    3    5.0000    0.7000
parameters
   -0.9146   30.0991   -0.9122  -11.6675  -21.5241  -13.5835
    0.8635    3.3484   -2.2601   16.6765   -4.5214   -9.2548
eta,q 0.97529  7.41451
  0.0257  0.0255  0.0251  0.0256  0.0255  0.0254  0.0255  0.0261  0.0254  0.0256  0.0251  0.0251
  0.0251  0.0250  0.0249  0.0251  0.0251  0.0250  0.0251  0.0253  0.0250  0.0251  0.0249  0.0249
  0.0248  0.0248  0.0248  0.0248  0.0248  0.0248  0.0248  0.0249  0.0248  0.0248  0.0248  0.0247
  0.0247  0.0247  0.0247  0.0247  0.0247  0.0247  0.0247  0.0247  0.0247  0.0247  0.0247  0.0247
  0.0248  0.0248  0.0248  0.0248  0.0248  0.0248  0.0248  0.0249  0.0248  0.0249  0.0248  0.0248
  0.0252  0.0251  0.0249  0.0251  0.0250  0.0251  0.0251  0.0253  0.0250  0.0252  0.0249  0.0249
  0.0257  0.0255  0.0252  0.0256  0.0254  0.0255  0.0256  0.0261  0.0254  0.0256  0.0251  0.0251
niter,ni,del,rscale     3    3    5.0000    0.6000
parameters
   -0.9228   30.0901   -0.9245  -11.6570  -21.5061  -13.6391
    0.8695    3.3537   -2.2486   16.6270   -4.5171   -9.2470
eta,q 0.97529  7.41330
  0.0254  0.0253  0.0250  0.0254  0.0253  0.0253  0.0253  0.0257  0.0252  0.0254  0.0250  0.0250
  0.0250  0.0250  0.0249  0.0250  0.0250  0.0249  0.0250  0.0252  0.0250  0.0250  0.0248  0.0248
  0.0248  0.0248  0.0247  0.0248  0.0248  0.0248  0.0248  0.0248  0.0248  0.0248  0.0247  0.0247
  0.0247  0.0247  0.0247  0.0247  0.0247  0.0247  0.0247  0.0247  0.0247  0.0247  0.0247  0.0247
  0.0248  0.0248  0.0248  0.0248  0.0248  0.0248  0.0248  0.0248  0.0248  0.0248  0.0247  0.0247
  0.0250  0.0250  0.0249  0.0250  0.0250  0.0250  0.0250  0.0252  0.0250  0.0251  0.0248  0.0248
  0.0254  0.0253  0.0250  0.0254  0.0253  0.0253  0.0253  0.0257  0.0252  0.0254  0.0250  0.0250
niter,ni,del,rscale     2    3    5.0000    0.5000
parameters
   -0.9269   30.0791   -0.9345  -11.6610  -21.4824  -13.6793
    0.8625    3.3630   -2.2443   16.5702   -4.5415   -9.2649
eta,q 0.97529  7.41235
  0.0252  0.0251  0.0249  0.0252  0.0251  0.0251  0.0251  0.0254  0.0251  0.0252  0.0249  0.0249
  0.0249  0.0249  0.0248  0.0249  0.0249  0.0249  0.0249  0.0250  0.0249  0.0249  0.0248  0.0248
  0.0248  0.0248  0.0247  0.0248  0.0248  0.0247  0.0248  0.0248  0.0248  0.0247  0.0247  0.0247
  0.0247  0.0247  0.0247  0.0247  0.0247  0.0247  0.0247  0.0247  0.0247  0.0247  0.0247  0.0247
  0.0248  0.0248  0.0247  0.0248  0.0248  0.0248  0.0248  0.0248  0.0248  0.0248  0.0247  0.0247
  0.0249  0.0249  0.0248  0.0249  0.0249  0.0249  0.0249  0.0250  0.0249  0.0250  0.0248  0.0248
  0.0252  0.0251  0.0249  0.0252  0.0251  0.0251  0.0251  0.0254  0.0251  0.0252  0.0249  0.0249
niter,ni,del,rscale     1    3    5.0000    0.4000
parameters
   -0.9288   30.0709   -0.9434  -11.6612  -21.4717  -13.7089
    0.8411    3.3835   -2.2327   16.5304   -4.5423   -9.2538
eta,q 0.97529  7.41135
  0.0250  0.0250  0.0248  0.0250  0.0250  0.0250  0.0250  0.0252  0.0250  0.0250  0.0248  0.0248
  0.0249  0.0248  0.0248  0.0249  0.0248  0.0248  0.0248  0.0249  0.0248  0.0248  0.0248  0.0248
  0.0247  0.0247  0.0247  0.0247  0.0247  0.0247  0.0247  0.0248  0.0247  0.0247  0.0247  0.0247
  0.0247  0.0247  0.0247  0.0247  0.0247  0.0247  0.0247  0.0247  0.0247  0.0247  0.0247  0.0247
  0.0248  0.0247  0.0247  0.0248  0.0247  0.0247  0.0247  0.0248  0.0247  0.0248  0.0247  0.0247
  0.0249  0.0248  0.0248  0.0249  0.0248  0.0248  0.0248  0.0249  0.0248  0.0249  0.0248  0.0248
  0.0250  0.0250  0.0249  0.0250  0.0250  0.0250  0.0250  0.0252  0.0250  0.0250  0.0248  0.0248
registration optimization eta report
parameter search radius
    0.8000    0.8000    0.8000    2.4000    2.4000    2.4000
    2.4000    2.4000    2.4000    2.4000    2.4000    2.4000
100000*second partial in parameter space
       49.       40.       22.        5.        4.        4.
        5.        8.        4.        5.        2.        2.
  0.0250  0.0250  0.0248  0.0250  0.0250  0.0250  0.0250  0.0252  0.0250  0.0250  0.0248  0.0248
  0.0249  0.0248  0.0248  0.0249  0.0248  0.0248  0.0248  0.0249  0.0248  0.0248  0.0248  0.0248
  0.0247  0.0247  0.0247  0.0247  0.0247  0.0247  0.0247  0.0248  0.0247  0.0247  0.0247  0.0247
  0.0247  0.0247  0.0247  0.0247  0.0247  0.0247  0.0247  0.0247  0.0247  0.0247  0.0247  0.0247
  0.0248  0.0247  0.0247  0.0248  0.0247  0.0247  0.0247  0.0248  0.0247  0.0248  0.0247  0.0247
  0.0249  0.0248  0.0248  0.0249  0.0248  0.0248  0.0248  0.0249  0.0248  0.0249  0.0248  0.0248
  0.0250  0.0250  0.0249  0.0250  0.0250  0.0250  0.0250  0.0252  0.0250  0.0250  0.0248  0.0248
   -0.9288   30.0709   -0.9434  -11.6612  -21.4717  -13.7089
    0.8411    3.3835   -2.2327   16.5304   -4.5423   -9.2538
eta,q 0.97529  7.41135

---------------------------------------------------------------------
imgreg_4dfp /opt/freesurfer/average/711-2C_as_mni_average_305 /opt/freesurfer/average/711-2B_as_mni_average_305_mask talsrcimg_g11 none talsrcimg_to_711-2C_as_mni_average_305_t4 2311
---------------------------------------------------------------------

freesurfer imgreg_4dfp.c
/opt/freesurfer/average/711-2C_as_mni_average_305.4dfp.img
       256       256       256         1
  1.000000  1.000000  1.000000
orientation T byte_order littleendian
Reading image: /opt/freesurfer/average/711-2C_as_mni_average_305.4dfp.img
dimensions:      256       256       256
mmppix:       1.0000   -1.0000   -1.0000
center:     128.0000 -129.0000 -129.0000
/opt/freesurfer/average/711-2B_as_mni_average_305_mask.4dfp.img
       256       256       256         1
  1.000000  1.000000  1.000000
orientation T byte_order littleendian
Reading mask: /opt/freesurfer/average/711-2B_as_mni_average_305_mask.4dfp.img (2306576 pixels)
talsrcimg_g11.4dfp.img
       256       256       256         1
  1.000000  1.000000  1.000000
orientation T byte_order littleendian
Reading image: talsrcimg_g11.4dfp.img
dimensions:      256       256       256
mmppix:       1.0000   -1.0000   -1.0000
center:     128.0000 -129.0000 -129.0000
fimgreg.f
image alignment mode   2311 decimal      907 hex
parameters
   -0.9288   30.0709   -0.9434  -11.6612  -21.4717  -13.7089
    0.8411    3.3835   -2.2327   16.5304   -4.5423   -9.2538
eta,q 0.97529  7.41135
niter,ni,del,rscale     5    3    5.0000    0.8000
parameters
   -0.9071   30.0790   -0.9637  -11.6542  -21.4834  -13.5843
    0.8570    3.3449   -2.2562   16.7147   -4.5013   -9.2248
eta,q 0.97528  7.41656
  0.0260  0.0257  0.0252  0.0258  0.0256  0.0257  0.0258  0.0264  0.0256  0.0260  0.0252  0.0252
  0.0253  0.0252  0.0250  0.0252  0.0251  0.0252  0.0252  0.0255  0.0251  0.0253  0.0249  0.0249
  0.0249  0.0248  0.0248  0.0249  0.0248  0.0248  0.0248  0.0249  0.0248  0.0248  0.0248  0.0248
  0.0247  0.0247  0.0247  0.0247  0.0247  0.0247  0.0247  0.0247  0.0247  0.0247  0.0247  0.0247
  0.0249  0.0248  0.0248  0.0249  0.0248  0.0248  0.0248  0.0249  0.0248  0.0249  0.0248  0.0248
  0.0252  0.0252  0.0250  0.0252  0.0251  0.0251  0.0252  0.0255  0.0251  0.0252  0.0249  0.0249
  0.0259  0.0257  0.0253  0.0258  0.0257  0.0256  0.0258  0.0265  0.0257  0.0258  0.0252  0.0252
niter,ni,del,rscale     4    3    5.0000    0.7000
parameters
   -0.9179   30.0904   -0.9285  -11.6689  -21.5031  -13.6013
    0.8666    3.3375   -2.2579   16.6705   -4.4919   -9.2509
eta,q 0.97528  7.41449
  0.0257  0.0255  0.0252  0.0256  0.0254  0.0255  0.0256  0.0261  0.0254  0.0256  0.0251  0.0251
  0.0251  0.0251  0.0249  0.0251  0.0250  0.0250  0.0251  0.0253  0.0250  0.0251  0.0249  0.0249
  0.0248  0.0248  0.0248  0.0248  0.0248  0.0248  0.0248  0.0249  0.0248  0.0248  0.0248  0.0247
  0.0247  0.0247  0.0247  0.0247  0.0247  0.0247  0.0247  0.0247  0.0247  0.0247  0.0247  0.0247
  0.0248  0.0248  0.0248  0.0248  0.0248  0.0248  0.0248  0.0249  0.0248  0.0249  0.0248  0.0248
  0.0252  0.0251  0.0249  0.0251  0.0251  0.0251  0.0251  0.0253  0.0250  0.0252  0.0249  0.0249
  0.0257  0.0255  0.0251  0.0256  0.0255  0.0254  0.0255  0.0261  0.0254  0.0256  0.0251  0.0251
niter,ni,del,rscale     3    3    5.0000    0.6000
parameters
   -0.9242   30.0863   -0.9342  -11.6556  -21.4957  -13.6450
    0.8693    3.3465   -2.2570   16.6190   -4.5104   -9.2439
eta,q 0.97529  7.41341
  0.0254  0.0253  0.0250  0.0254  0.0253  0.0253  0.0253  0.0257  0.0252  0.0254  0.0250  0.0250
  0.0250  0.0250  0.0249  0.0250  0.0250  0.0249  0.0250  0.0252  0.0250  0.0250  0.0248  0.0248
  0.0248  0.0248  0.0248  0.0248  0.0248  0.0248  0.0248  0.0248  0.0248  0.0248  0.0247  0.0247
  0.0247  0.0247  0.0247  0.0247  0.0247  0.0247  0.0247  0.0247  0.0247  0.0247  0.0247  0.0247
  0.0248  0.0248  0.0248  0.0248  0.0248  0.0248  0.0248  0.0248  0.0248  0.0248  0.0247  0.0247
  0.0250  0.0250  0.0249  0.0250  0.0250  0.0250  0.0250  0.0252  0.0250  0.0251  0.0248  0.0248
  0.0254  0.0253  0.0250  0.0254  0.0253  0.0253  0.0253  0.0257  0.0253  0.0254  0.0250  0.0250
niter,ni,del,rscale     2    3    5.0000    0.5000
parameters
   -0.9272   30.0768   -0.9352  -11.6576  -21.4904  -13.6856
    0.8639    3.3616   -2.2486   16.5709   -4.5236   -9.2435
eta,q 0.97529  7.41190
  0.0252  0.0251  0.0249  0.0252  0.0251  0.0251  0.0251  0.0254  0.0251  0.0252  0.0249  0.0249
  0.0249  0.0249  0.0248  0.0249  0.0249  0.0249  0.0249  0.0250  0.0249  0.0249  0.0248  0.0248
  0.0248  0.0248  0.0247  0.0248  0.0248  0.0247  0.0248  0.0248  0.0248  0.0247  0.0247  0.0247
  0.0247  0.0247  0.0247  0.0247  0.0247  0.0247  0.0247  0.0247  0.0247  0.0247  0.0247  0.0247
  0.0248  0.0248  0.0247  0.0248  0.0248  0.0248  0.0248  0.0248  0.0248  0.0248  0.0247  0.0247
  0.0249  0.0249  0.0248  0.0249  0.0249  0.0249  0.0249  0.0250  0.0249  0.0250  0.0248  0.0248
  0.0252  0.0251  0.0249  0.0252  0.0251  0.0251  0.0251  0.0254  0.0251  0.0252  0.0249  0.0249
niter,ni,del,rscale     1    3    5.0000    0.4000
parameters
   -0.9303   30.0704   -0.9456  -11.6563  -21.4673  -13.7183
    0.8544    3.3784   -2.2370   16.5266   -4.5378   -9.2478
eta,q 0.97528  7.41136
  0.0250  0.0250  0.0249  0.0250  0.0250  0.0250  0.0250  0.0252  0.0250  0.0250  0.0248  0.0248
  0.0249  0.0248  0.0248  0.0249  0.0248  0.0248  0.0248  0.0249  0.0248  0.0248  0.0248  0.0248
  0.0247  0.0247  0.0247  0.0248  0.0247  0.0247  0.0247  0.0248  0.0247  0.0247  0.0247  0.0247
  0.0247  0.0247  0.0247  0.0247  0.0247  0.0247  0.0247  0.0247  0.0247  0.0247  0.0247  0.0247
  0.0248  0.0247  0.0247  0.0248  0.0247  0.0247  0.0247  0.0248  0.0247  0.0248  0.0247  0.0247
  0.0249  0.0248  0.0248  0.0249  0.0248  0.0248  0.0248  0.0249  0.0248  0.0249  0.0248  0.0248
  0.0250  0.0250  0.0249  0.0250  0.0250  0.0250  0.0250  0.0252  0.0250  0.0250  0.0248  0.0248
registration optimization eta report
parameter search radius
    0.8000    0.8000    0.8000    2.4000    2.4000    2.4000
    2.4000    2.4000    2.4000    2.4000    2.4000    2.4000
100000*second partial in parameter space
       49.       40.       21.        5.        4.        4.
        5.        8.        4.        5.        2.        2.
  0.0250  0.0250  0.0249  0.0250  0.0250  0.0250  0.0250  0.0252  0.0250  0.0250  0.0248  0.0248
  0.0249  0.0248  0.0248  0.0249  0.0248  0.0248  0.0248  0.0249  0.0248  0.0248  0.0248  0.0248
  0.0247  0.0247  0.0247  0.0248  0.0247  0.0247  0.0247  0.0248  0.0247  0.0247  0.0247  0.0247
  0.0247  0.0247  0.0247  0.0247  0.0247  0.0247  0.0247  0.0247  0.0247  0.0247  0.0247  0.0247
  0.0248  0.0247  0.0247  0.0248  0.0247  0.0247  0.0247  0.0248  0.0247  0.0248  0.0247  0.0247
  0.0249  0.0248  0.0248  0.0249  0.0248  0.0248  0.0248  0.0249  0.0248  0.0249  0.0248  0.0248
  0.0250  0.0250  0.0249  0.0250  0.0250  0.0250  0.0250  0.0252  0.0250  0.0250  0.0248  0.0248
   -0.9303   30.0704   -0.9456  -11.6563  -21.4673  -13.7183
    0.8544    3.3784   -2.2370   16.5266   -4.5378   -9.2478
eta,q 0.97528  7.41136

---------------------------------------------------------------------
compute_vox2vox talsrcimg talsrcimg_to_711-2C_as_mni_average_305_t4 /opt/freesurfer/average/711-2C_as_mni_average_305
---------------------------------------------------------------------

freesurfer compute_vox2vox.c
Reading: talsrcimg.4dfp.ifh
Reading: talsrcimg_to_711-2C_as_mni_average_305_t4
Reading: /opt/freesurfer/average/711-2C_as_mni_average_305.4dfp.ifh
Writing: talsrcimg_to_711-2C_as_mni_average_305_t4_vox2vox.txt

start time Mon Mar 9 02:44:28 CET 2026
end		time Mon Mar 9 02:45:57 CET 2026

mpr2mni305 success

avi2talxfm orig_nu.mgz /opt/freesurfer/average/mni305.cor.mgz talsrcimg_to_711-2C_as_mni_average_305_t4_vox2vox.txt transforms/talairach.auto.xfm
avi2talxfm done
mv -f /out/sourcedata/freesurfer/sub-v1s17x0050269_ses-1/mri/talsrcimg_to_711-2C_as_mni_average_305_t4_vox2vox.txt /out/sourcedata/freesurfer/sub-v1s17x0050269_ses-1/mri/transforms/talsrcimg_to_711-2C_as_mni_average_305_t4_vox2vox.txt
lta_convert --src orig_nu.mgz --trg /opt/freesurfer/average/mni305.cor.mgz --inxfm transforms/talairach.auto.xfm --outlta transforms/talairach.auto.xfm.lta --subject fsaverage
7.3.2

--src: orig_nu.mgz src image (geometry).
--trg: /opt/freesurfer/average/mni305.cor.mgz trg image (geometry).
--inmni: transforms/talairach.auto.xfm input MNI/XFM transform.
--outlta: transforms/talairach.auto.xfm.lta output LTA.
--s: fsaverage subject name
 LTA read, type : 1
 1.12941  -0.04095  -0.01711   1.69412;
 0.06146   1.13120   0.13254   0.69857;
 0.01924  -0.23922   1.24498  -6.79294;
 0.00000   0.00000   0.00000   1.00000;
setting subject to fsaverage
Writing  LTA to file transforms/talairach.auto.xfm.lta...
lta_convert successful.
 
 
Started at Mon Mar 9 02:44:28 CET 2026
Ended   at Mon Mar  9 02:45:58 CET 2026
talairach_avi done
