/out/sourcedata/freesurfer/sub-v1s17x0051137_ses-1/mri
/opt/freesurfer/bin/talairach_avi
--i orig_nu.mgz --xfm transforms/talairach.auto.xfm
talairach_avi 7.3.2
Linux dna013 5.14.0-427.37.1.el9_4.x86_64 #1 SMP PREEMPT_DYNAMIC Fri Sep 13 12:41:50 EDT 2024 x86_64 x86_64 x86_64 GNU/Linux
Mon Mar  9 02:59:21 CET 2026
mri_convert orig_nu.mgz talsrcimg.img 
reading from orig_nu.mgz...
TR=0.00, TE=0.00, TI=0.00, flip angle=0.00
i_ras = (-1, 1.67347e-10, 0)
j_ras = (-1.86265e-09, 0, -1)
k_ras = (3.01952e-10, 1, 0)
writing to talsrcimg.img...
Analyze Output Matrix
-1.00000  -0.00000   0.00000   127.24875;
 0.00000   0.00000   1.00000  -120.33341;
 0.00000  -1.00000   0.00000   126.59076;
 0.00000   0.00000   0.00000   1.00000;
--------------------
INFO: set hdr.hist.orient to -1
mpr2mni305 talsrcimg
Mon Mar  9 02:59:21 CET 2026
/opt/freesurfer/bin/mpr2mni305 talsrcimg
mpr2mni305 7.3.2
target=711-2C_as_mni_average_305

---------------------------------------------------------------------
analyzeto4dfp talsrcimg -O0 -y
---------------------------------------------------------------------

freesurfer ifh2hdr.c
Mon Mar  9 02:59:21 2026
Writing: talsrcimg.4dfp.hdr
freesurfer analyzeto4dfp.c
Reading: talsrcimg.hdr
header size 348 bytes
hdr.dime.datatype	offset=70	value=2
hdr.dime.bitpix		offset=72	value=8
hdr.hist.orient		offset=252	value=-1
dimensionality     4
dimensions       256       256       256         1
Reading: talsrcimg.img
Writing: talsrcimg.4dfp.img
Writing: talsrcimg.4dfp.ifh
ifh2hdr talsrcimg -r0to255
ori=2

---------------------------------------------------------------------
gauss_4dfp talsrcimg 1.1
---------------------------------------------------------------------

freesurfer gauss_4dfp.c
Reading: talsrcimg.4dfp.img
Writing: talsrcimg_g11.4dfp.img
image dimensions 256 256 256 padded to 288 288 288
processing volume 1freesurfer ifh2hdr.c
Mon Mar  9 02:59:23 2026
Writing: talsrcimg_g11.4dfp.hdr

Writing: talsrcimg_g11.4dfp.ifh
including: talsrcimg.4dfp.img.rec in talsrcimg_g11.4dfp.img.rec

---------------------------------------------------------------------
imgreg_4dfp /opt/freesurfer/average/711-2C_as_mni_average_305 none talsrcimg_g11 none talsrcimg_to_711-2C_as_mni_average_305_t4 4355
---------------------------------------------------------------------

freesurfer imgreg_4dfp.c
/opt/freesurfer/average/711-2C_as_mni_average_305.4dfp.img
       256       256       256         1
  1.000000  1.000000  1.000000
orientation T byte_order littleendian
Reading image: /opt/freesurfer/average/711-2C_as_mni_average_305.4dfp.img
dimensions:      256       256       256
mmppix:       1.0000   -1.0000   -1.0000
center:     128.0000 -129.0000 -129.0000
talsrcimg_g11.4dfp.img
       256       256       256         1
  1.000000  1.000000  1.000000
orientation T byte_order littleendian
Reading image: talsrcimg_g11.4dfp.img
dimensions:      256       256       256
mmppix:       1.0000   -1.0000   -1.0000
center:     128.0000 -129.0000 -129.0000
t4_read: open error in t4_sub.f l:  41 t4_file(1:l)talsrcimg_to_711-2C_as_mni_average_305_t4 
t4_read: transform initialized to I4
rotation matrix determinant  1.000000
image alignment mode   4355 decimal     1103 hex
   -7.5000  -45.0000  -45.0000 8745.5244   12.4430
    0.0000  -45.0000  -45.0000 9175.4092   12.4648
    7.5000  -45.0000  -45.0000 8769.3408   12.4433
   -7.5000  -37.5000  -45.0000 9442.6846   12.4086
    0.0000  -37.5000  -45.0000 9878.2988   12.4260
    7.5000  -37.5000  -45.0000 9450.1543   12.4060
   -7.5000  -30.0000  -45.000010452.6865   12.3960
    0.0000  -30.0000  -45.000010922.2266   12.4091
    7.5000  -30.0000  -45.000010458.3135   12.3862
   -7.5000  -22.5000  -45.000011343.6621   12.3825
    0.0000  -22.5000  -45.000011849.5195   12.3958
    7.5000  -22.5000  -45.000011362.9785   12.3681
   -7.5000  -15.0000  -45.000012186.7881   12.3783
    0.0000  -15.0000  -45.000012735.3379   12.3951
    7.5000  -15.0000  -45.000012193.9219   12.3654
   -7.5000   -7.5000  -45.000013002.5518   12.3899
    0.0000   -7.5000  -45.000013588.3506   12.4107
    7.5000   -7.5000  -45.000013001.8018   12.3843
   -7.5000    0.0000  -45.000013714.8506   12.4037
    0.0000    0.0000  -45.000014326.4404   12.4254
    7.5000    0.0000  -45.000013702.9346   12.4039
   -7.5000    7.5000  -45.000013324.8496   12.4054
    0.0000    7.5000  -45.000013908.7373   12.4229
    7.5000    7.5000  -45.000013302.2451   12.4029
   -7.5000   15.0000  -45.000012792.3330   12.3958
    0.0000   15.0000  -45.000013349.8096   12.4089
    7.5000   15.0000  -45.000012751.2520   12.3860
   -7.5000   22.5000  -45.000012181.5029   12.3808
    0.0000   22.5000  -45.000012694.4346   12.3941
    7.5000   22.5000  -45.000012130.8262   12.3664
   -7.5000   30.0000  -45.000011278.5205   12.2134
    0.0000   30.0000  -45.000011735.6572   12.2299
    7.5000   30.0000  -45.000011213.5938   12.2006
   -7.5000   37.5000  -45.000010729.9248   12.2248
    0.0000   37.5000  -45.000011139.0371   12.2453
    7.5000   37.5000  -45.000010653.2744   12.2192
   -7.5000   45.0000  -45.0000 9871.3906   11.9277
    0.0000   45.0000  -45.000010248.7861   11.9485
    7.5000   45.0000  -45.0000 9788.7354   11.9279
   -7.5000  -45.0000  -37.5000 9195.0088   12.4395
    0.0000  -45.0000  -37.5000 9628.9111   12.4590
    7.5000  -45.0000  -37.5000 9194.0225   12.4389
   -7.5000  -37.5000  -37.5000 9891.7354   12.4024
    0.0000  -37.5000  -37.500010350.9775   12.4196
    7.5000  -37.5000  -37.5000 9892.1230   12.4035
   -7.5000  -30.0000  -37.500010943.7041   12.3837
    0.0000  -30.0000  -37.500011442.9502   12.3992
    7.5000  -30.0000  -37.500010945.0840   12.3827
   -7.5000  -22.5000  -37.500011901.2754   12.3664
    0.0000  -22.5000  -37.500012427.9238   12.3826
    7.5000  -22.5000  -37.500011899.0518   12.3615
   -7.5000  -15.0000  -37.500012768.7988   12.3637
    0.0000  -15.0000  -37.500013324.7344   12.3817
    7.5000  -15.0000  -37.500012756.4561   12.3565
   -7.5000   -7.5000  -37.500013594.3096   12.3818
    0.0000   -7.5000  -37.500014210.4766   12.4015
    7.5000   -7.5000  -37.500013581.0498   12.3769
   -7.5000    0.0000  -37.500014338.9189   12.4003
    0.0000    0.0000  -37.500014973.1553   12.4198
    7.5000    0.0000  -37.500014303.6260   12.3997
   -7.5000    7.5000  -37.500013920.6025   12.3993
    0.0000    7.5000  -37.500014537.8457   12.4164
    7.5000    7.5000  -37.500013895.3486   12.4003
   -7.5000   15.0000  -37.500013326.4336   12.3835
    0.0000   15.0000  -37.500013922.2959   12.3990
    7.5000   15.0000  -37.500013281.7764   12.3825
   -7.5000   22.5000  -37.500012675.9131   12.3647
    0.0000   22.5000  -37.500013223.8242   12.3809
    7.5000   22.5000  -37.500012604.7900   12.3598
   -7.5000   30.0000  -37.500011703.2188   12.1989
    0.0000   30.0000  -37.500012168.6641   12.2167
    7.5000   30.0000  -37.500011644.6787   12.1918
   -7.5000   37.5000  -37.500011109.1621   12.2168
    0.0000   37.5000  -37.500011527.2646   12.2362
    7.5000   37.5000  -37.500011054.9922   12.2120
   -7.5000   45.0000  -37.500010215.3398   11.9244
    0.0000   45.0000  -37.500010592.4043   11.9431
    7.5000   45.0000  -37.500010153.1387   11.9238
   -7.5000  -45.0000  -30.0000 9757.6211   12.9485
    0.0000  -45.0000  -30.000010203.0459   12.9688
    7.5000  -45.0000  -30.0000 9764.2285   12.9485
   -7.5000  -37.5000  -30.000010483.2910   12.9118
    0.0000  -37.5000  -30.000010955.6113   12.9325
    7.5000  -37.5000  -30.000010489.2178   12.9180
   -7.5000  -30.0000  -30.000011589.5107   12.8895
    0.0000  -30.0000  -30.000012108.9766   12.9116
    7.5000  -30.0000  -30.000011583.8340   12.8984
   -7.5000  -22.5000  -30.000012612.4727   12.8667
    0.0000  -22.5000  -30.000013184.4600   12.8899
    7.5000  -22.5000  -30.000012595.9180   12.8715
   -7.5000  -15.0000  -30.000013532.5605   12.8618
    0.0000  -15.0000  -30.000014137.7393   12.8846
    7.5000  -15.0000  -30.000013519.7881   12.8604
   -7.5000   -7.5000  -30.000014398.8564   12.8836
    0.0000   -7.5000  -30.000015056.3838   12.9049
    7.5000   -7.5000  -30.000014362.7051   12.8802
   -7.5000    0.0000  -30.000015174.2305   12.9078
    0.0000    0.0000  -30.000015860.5469   12.9280
    7.5000    0.0000  -30.000015105.3506   12.9078
   -7.5000    7.5000  -30.000014727.2432   12.9085
    0.0000    7.5000  -30.000015377.8359   12.9292
    7.5000    7.5000  -30.000014665.6279   12.9147
   -7.5000   15.0000  -30.000014047.9521   12.8893
    0.0000   15.0000  -30.000014685.9844   12.9114
    7.5000   15.0000  -30.000013979.6660   12.8982
   -7.5000   22.5000  -30.000013332.4941   12.8636
    0.0000   22.5000  -30.000013908.8672   12.8868
    7.5000   22.5000  -30.000013260.2764   12.8684
   -7.5000   30.0000  -30.000012302.7266   12.6916
    0.0000   30.0000  -30.000012794.1914   12.7141
    7.5000   30.0000  -30.000012247.3223   12.6902
   -7.5000   37.5000  -30.000011670.1553   12.7131
    0.0000   37.5000  -30.000012124.1494   12.7342
    7.5000   37.5000  -30.000011626.9941   12.7098
   -7.5000   45.0000  -30.000010689.6875   12.4215
    0.0000   45.0000  -30.000011100.8965   12.4410
    7.5000   45.0000  -30.000010646.6045   12.4215
   -7.5000  -45.0000  -22.500010294.0010   13.3825
    0.0000  -45.0000  -22.500010758.3330   13.4062
    7.5000  -45.0000  -22.500010287.3350   13.3836
   -7.5000  -37.5000  -22.500011068.3486   13.3499
    0.0000  -37.5000  -22.500011562.7100   13.3748
    7.5000  -37.5000  -22.500011046.6836   13.3571
   -7.5000  -30.0000  -22.500012213.0225   13.3308
    0.0000  -30.0000  -22.500012769.7266   13.3576
    7.5000  -30.0000  -22.500012188.3369   13.3402
   -7.5000  -22.5000  -22.500013278.0234   13.3063
    0.0000  -22.5000  -22.500013901.4365   13.3337
    7.5000  -22.5000  -22.500013252.4492   13.3106
   -7.5000  -15.0000  -22.500014260.1475   13.2966
    0.0000  -15.0000  -22.500014914.8018   13.3231
    7.5000  -15.0000  -22.500014232.8066   13.2948
   -7.5000   -7.5000  -22.500015203.1191   13.3149
    0.0000   -7.5000  -22.500015893.4502   13.3395
    7.5000   -7.5000  -22.500015126.3105   13.3121
   -7.5000    0.0000  -22.500016008.2207   13.3405
    0.0000    0.0000  -22.500016735.3184   13.3640
    7.5000    0.0000  -22.500015874.2754   13.3416
   -7.5000    7.5000  -22.500015512.5986   13.3465
    0.0000    7.5000  -22.500016193.9453   13.3713
    7.5000    7.5000  -22.500015368.8105   13.3536
   -7.5000   15.0000  -22.500014718.4512   13.3306
    0.0000   15.0000  -22.500015368.5547   13.3574
    7.5000   15.0000  -22.500014593.0195   13.3400
   -7.5000   22.5000  -22.500013935.9668   13.3022
    0.0000   22.5000  -22.500014526.7461   13.3296
    7.5000   22.5000  -22.500013806.4404   13.3065
   -7.5000   30.0000  -22.500012854.1377   13.1226
    0.0000   30.0000  -22.500013365.5508   13.1488
    7.5000   30.0000  -22.500012747.5518   13.1209
   -7.5000   37.5000  -22.500012211.3242   13.1407
    0.0000   37.5000  -22.500012688.7480   13.1650
    7.5000   37.5000  -22.500012130.7080   13.1380
   -7.5000   45.0000  -22.500011193.7842   12.8475
    0.0000   45.0000  -22.500011630.9531   12.8702
    7.5000   45.0000  -22.500011122.8379   12.8486
   -7.5000  -45.0000  -15.000010772.0947   13.7075
    0.0000  -45.0000  -15.000011276.1328   13.7340
    7.5000  -45.0000  -15.000010759.9189   13.7083
   -7.5000  -37.5000  -15.000011564.9941   13.6775
    0.0000  -37.5000  -15.000012102.4766   13.7033
    7.5000  -37.5000  -15.000011548.6680   13.6803
   -7.5000  -30.0000  -15.000012765.2510   13.6647
    0.0000  -30.0000  -15.000013358.8115   13.6898
    7.5000  -30.0000  -15.000012746.5303   13.6644
   -7.5000  -22.5000  -15.000013894.2559   13.6431
    0.0000  -22.5000  -15.000014527.2031   13.6681
    7.5000  -22.5000  -15.000013838.5664   13.6368
   -7.5000  -15.0000  -15.000014935.2363   13.6308
    0.0000  -15.0000  -15.000015592.8828   13.6566
    7.5000  -15.0000  -15.000014891.7402   13.6220
   -7.5000   -7.5000  -15.000016010.7891   13.6426
    0.0000   -7.5000  -15.000016791.2305   13.6689
    7.5000   -7.5000  -15.000015889.4287   13.6377
   -7.5000    0.0000  -15.000016885.0469   13.6644
    0.0000    0.0000  -15.000017706.2930   13.6907
    7.5000    0.0000  -15.000016672.3379   13.6651
   -7.5000    7.5000  -15.000016297.2373   13.6740
    0.0000    7.5000  -15.000017044.0664   13.6998
    7.5000    7.5000  -15.000016080.0820   13.6768
   -7.5000   15.0000  -15.000015394.8848   13.6645
    0.0000   15.0000  -15.000016065.1982   13.6896
    7.5000   15.0000  -15.000015215.4648   13.6642
   -7.5000   22.5000  -15.000014521.5508   13.6383
    0.0000   22.5000  -15.000015137.7168   13.6633
    7.5000   22.5000  -15.000014352.1787   13.6320
   -7.5000   30.0000  -15.000013381.4883   13.4544
    0.0000   30.0000  -15.000013956.7510   13.4798
    7.5000   30.0000  -15.000013248.4355   13.4457
   -7.5000   37.5000  -15.000012736.2119   13.4660
    0.0000   37.5000  -15.000013277.1475   13.4920
    7.5000   37.5000  -15.000012619.6367   13.4612
   -7.5000   45.0000  -15.000011661.3857   13.1674
    0.0000   45.0000  -15.000012169.7744   13.1928
    7.5000   45.0000  -15.000011580.9229   13.1681
   -7.5000  -45.0000   -7.500011234.3926   13.8842
    0.0000  -45.0000   -7.500011743.5020   13.9106
    7.5000  -45.0000   -7.500011220.3975   13.8846
   -7.5000  -37.5000   -7.500012045.9453   13.8511
    0.0000  -37.5000   -7.500012566.6260   13.8739
    7.5000  -37.5000   -7.500012027.1104   13.8491
   -7.5000  -30.0000   -7.500013298.2090   13.8408
    0.0000  -30.0000   -7.500013844.3760   13.8595
    7.5000  -30.0000   -7.500013250.2422   13.8306
   -7.5000  -22.5000   -7.500014467.3584   13.8242
    0.0000  -22.5000   -7.500015038.6416   13.8428
    7.5000  -22.5000   -7.500014422.2412   13.8080
   -7.5000  -15.0000   -7.500015612.5400   13.8150
    0.0000  -15.0000   -7.500016242.1318   13.8366
    7.5000  -15.0000   -7.500015546.6963   13.7999
   -7.5000   -7.5000   -7.500016737.8223   13.8241
    0.0000   -7.5000   -7.500017621.6055   13.8493
    7.5000   -7.5000   -7.500016619.9219   13.8174
   -7.5000    0.0000   -7.500017628.3398   13.8404
    0.0000    0.0000   -7.500018694.2891   13.8667
    7.5000    0.0000   -7.500017507.4648   13.8407
   -7.5000    7.5000   -7.500016984.4199   13.8476
    0.0000    7.5000   -7.500017971.4355   13.8703
    7.5000    7.5000   -7.500016891.3691   13.8456
   -7.5000   15.0000   -7.500016000.4277   13.8406
    0.0000   15.0000   -7.500016835.3184   13.8593
    7.5000   15.0000   -7.500015903.9443   13.8304
   -7.5000   22.5000   -7.500015025.0254   13.8179
    0.0000   22.5000   -7.500015751.9414   13.8364
    7.5000   22.5000   -7.500014886.8398   13.8017
   -7.5000   30.0000   -7.500013847.5898   13.6358
    0.0000   30.0000   -7.500014484.7402   13.6572
    7.5000   30.0000   -7.500013736.3584   13.6210
   -7.5000   37.5000   -7.500013222.7910   13.6448
    0.0000   37.5000   -7.500013789.8213   13.6697
    7.5000   37.5000   -7.500013100.4795   13.6383
   -7.5000   45.0000   -7.500012108.1484   13.3395
    0.0000   45.0000   -7.500012623.3672   13.3649
    7.5000   45.0000   -7.500012022.5713   13.3398
   -7.5000  -45.0000    0.000011588.2959   13.9240
    0.0000  -45.0000    0.000012096.4570   13.9484
    7.5000  -45.0000    0.000011582.7402   13.9243
   -7.5000  -37.5000    0.000012411.5205   13.8855
    0.0000  -37.5000    0.000012946.9688   13.9050
    7.5000  -37.5000    0.000012422.9385   13.8827
   -7.5000  -30.0000    0.000013706.3574   13.8715
    0.0000  -30.0000    0.000014290.0840   13.8861
    7.5000  -30.0000    0.000013734.0762   13.8604
   -7.5000  -22.5000    0.000014935.2588   13.8564
    0.0000  -22.5000    0.000015574.5938   13.8713
    7.5000  -22.5000    0.000014961.2314   13.8403
   -7.5000  -15.0000    0.000016135.3281   13.8517
    0.0000  -15.0000    0.000016872.3320   13.8704
    7.5000  -15.0000    0.000016141.7617   13.8372
   -7.5000   -7.5000    0.000017192.4844   13.8647
    0.0000   -7.5000    0.000018172.0059   13.8879
    7.5000   -7.5000    0.000017218.5215   13.8583
   -7.5000    0.0000    0.000018083.5137   13.8801
    0.0000    0.0000    0.000019234.8652   13.9044
    7.5000    0.0000    0.000018189.7852   13.8803
   -7.5000    7.5000    0.000017510.0430   13.8820
    0.0000    7.5000    0.000018623.6816   13.9015
    7.5000    7.5000    0.000017611.9766   13.8791
   -7.5000   15.0000    0.000016537.4590   13.8713
    0.0000   15.0000    0.000017465.8418   13.8859
    7.5000   15.0000    0.000016573.5117   13.8602
   -7.5000   22.5000    0.000015467.6660   13.8500
    0.0000   22.5000    0.000016257.8467   13.8649
    7.5000   22.5000    0.000015430.5840   13.8339
   -7.5000   30.0000    0.000014240.1963   13.6724
    0.0000   30.0000    0.000014893.3604   13.6909
    7.5000   30.0000    0.000014177.2686   13.6581
   -7.5000   37.5000    0.000013577.8906   13.6852
    0.0000   37.5000    0.000014158.0596   13.7082
    7.5000   37.5000    0.000013508.5107   13.6790
   -7.5000   45.0000    0.000012444.8945   13.3788
    0.0000   45.0000    0.000012970.7988   13.4022
    7.5000   45.0000    0.000012394.5879   13.3790
   -7.5000  -45.0000    7.500010996.6445   13.9201
    0.0000  -45.0000    7.500011545.1875   13.9420
    7.5000  -45.0000    7.500011040.6602   13.9195
   -7.5000  -37.5000    7.500011778.3916   13.8787
    0.0000  -37.5000    7.500012365.0283   13.8978
    7.5000  -37.5000    7.500011864.4053   13.8799
   -7.5000  -30.0000    7.500012999.7139   13.8577
    0.0000  -30.0000    7.500013647.9434   13.8750
    7.5000  -30.0000    7.500013110.1367   13.8566
   -7.5000  -22.5000    7.500014212.7012   13.8384
    0.0000  -22.5000    7.500014881.5332   13.8565
    7.5000  -22.5000    7.500014271.2803   13.8328
   -7.5000  -15.0000    7.500015301.2119   13.8353
    0.0000  -15.0000    7.500016052.6934   13.8555
    7.5000  -15.0000    7.500015324.9961   13.8272
   -7.5000   -7.5000    7.500016269.8877   13.8556
    0.0000   -7.5000    7.500017116.6641   13.8776
    7.5000   -7.5000    7.500016293.1777   13.8501
   -7.5000    0.0000    7.500017150.3184   13.8763
    0.0000    0.0000    7.500017990.0059   13.8981
    7.5000    0.0000    7.500017159.2012   13.8756
   -7.5000    7.5000    7.500016680.7891   13.8751
    0.0000    7.5000    7.500017490.0938   13.8943
    7.5000    7.5000    7.500016659.1523   13.8763
   -7.5000   15.0000    7.500015794.6074   13.8575
    0.0000   15.0000    7.500016570.9375   13.8748
    7.5000   15.0000    7.500015779.5166   13.8564
   -7.5000   22.5000    7.500014754.1885   13.8320
    0.0000   22.5000    7.500015472.4834   13.8501
    7.5000   22.5000    7.500014730.7441   13.8264
   -7.5000   30.0000    7.500013550.8613   13.6563
    0.0000   30.0000    7.500014193.6729   13.6762
    7.5000   30.0000    7.500013535.7129   13.6483
   -7.5000   37.5000    7.500012887.9873   13.6763
    0.0000   37.5000    7.500013487.7188   13.6980
    7.5000   37.5000    7.500012890.1465   13.6709
   -7.5000   45.0000    7.500011788.0820   13.3751
    0.0000   45.0000    7.500012325.0479   13.3961
    7.5000   45.0000    7.500011804.2607   13.3745
   -7.5000  -45.0000   15.000010282.6230   13.9070
    0.0000  -45.0000   15.000010782.6553   13.9288
    7.5000  -45.0000   15.000010306.1152   13.9070
   -7.5000  -37.5000   15.000011024.1426   13.8676
    0.0000  -37.5000   15.000011531.3818   13.8898
    7.5000  -37.5000   15.000011057.6357   13.8742
   -7.5000  -30.0000   15.000012190.0928   13.8436
    0.0000  -30.0000   15.000012722.0889   13.8673
    7.5000  -30.0000   15.000012207.6289   13.8532
   -7.5000  -22.5000   15.000013290.5967   13.8191
    0.0000  -22.5000   15.000013867.0508   13.8440
    7.5000  -22.5000   15.000013301.8564   13.8243
   -7.5000  -15.0000   15.000014269.7412   13.8138
    0.0000  -15.0000   15.000014913.5156   13.8383
    7.5000  -15.0000   15.000014296.4727   13.8123
   -7.5000   -7.5000   15.000015158.4521   13.8372
    0.0000   -7.5000   15.000015838.4697   13.8602
    7.5000   -7.5000   15.000015197.3926   13.8336
   -7.5000    0.0000   15.000015967.4150   13.8633
    0.0000    0.0000   15.000016635.6816   13.8850
    7.5000    0.0000   15.000015999.5146   13.8633
   -7.5000    7.5000   15.000015581.5293   13.8641
    0.0000    7.5000   15.000016230.8760   13.8862
    7.5000    7.5000   15.000015598.7803   13.8707
   -7.5000   15.0000   15.000014773.5938   13.8433
    0.0000   15.0000   15.000015399.8955   13.8671
    7.5000   15.0000   15.000014798.4971   13.8530
   -7.5000   22.5000   15.000013797.6914   13.8127
    0.0000   22.5000   15.000014365.9365   13.8376
    7.5000   22.5000   15.000013776.9248   13.8179
   -7.5000   30.0000   15.000012703.0742   13.6350
    0.0000   30.0000   15.000013233.8691   13.6592
    7.5000   30.0000   15.000012682.3574   13.6335
   -7.5000   37.5000   15.000012084.2148   13.6582
    0.0000   37.5000   15.000012597.0273   13.6808
    7.5000   37.5000   15.000012065.2598   13.6546
   -7.5000   45.0000   15.000011032.4375   13.3626
    0.0000   45.0000   15.000011523.8955   13.3836
    7.5000   45.0000   15.000011041.5576   13.3626
   -7.5000  -45.0000   22.5000 9498.1836   13.9987
    0.0000  -45.0000   22.5000 9927.9365   14.0236
    7.5000  -45.0000   22.5000 9512.2451   13.9998
   -7.5000  -37.5000   22.500010185.6807   13.9644
    0.0000  -37.5000   22.500010644.8965   13.9905
    7.5000  -37.5000   22.500010209.9893   13.9719
   -7.5000  -30.0000   22.500011271.2295   13.9443
    0.0000  -30.0000   22.500011744.2461   13.9725
    7.5000  -30.0000   22.500011265.6553   13.9542
   -7.5000  -22.5000   22.500012274.9795   13.9185
    0.0000  -22.5000   22.500012815.3535   13.9472
    7.5000  -22.5000   22.500012291.7900   13.9230
   -7.5000  -15.0000   22.500013168.1621   13.9082
    0.0000  -15.0000   22.500013765.2197   13.9360
    7.5000  -15.0000   22.500013203.2490   13.9063
   -7.5000   -7.5000   22.500013957.1934   13.9274
    0.0000   -7.5000   22.500014581.8779   13.9533
    7.5000   -7.5000   22.500014011.4883   13.9245
   -7.5000    0.0000   22.500014680.3809   13.9544
    0.0000    0.0000   22.500015329.5693   13.9791
    7.5000    0.0000   22.500014724.0898   13.9555
   -7.5000    7.5000   22.500014357.2227   13.9608
    0.0000    7.5000   22.500014981.3574   13.9869
    7.5000    7.5000   22.500014389.4160   13.9683
   -7.5000   15.0000   22.500013646.8477   13.9441
    0.0000   15.0000   22.500014251.5791   13.9723
    7.5000   15.0000   22.500013683.1299   13.9540
   -7.5000   22.5000   22.500012714.5674   13.9120
    0.0000   22.5000   22.500013251.2041   13.9408
    7.5000   22.5000   22.500012727.1006   13.9166
   -7.5000   30.0000   22.500011726.1904   13.7282
    0.0000   30.0000   22.500012222.2139   13.7556
    7.5000   30.0000   22.500011739.5645   13.7263
   -7.5000   37.5000   22.500011179.6914   13.7471
    0.0000   37.5000   22.500011675.4336   13.7727
    7.5000   37.5000   22.500011195.5107   13.7443
   -7.5000   45.0000   22.500010216.1230   13.4504
    0.0000   45.0000   22.500010679.3701   13.4743
    7.5000   45.0000   22.500010230.3994   13.4515
   -7.5000  -45.0000   30.0000 8695.3867   14.2546
    0.0000  -45.0000   30.0000 9104.4844   14.2836
    7.5000  -45.0000   30.0000 8697.2168   14.2575
   -7.5000  -37.5000   30.0000 9338.6738   14.2232
    0.0000  -37.5000   30.0000 9772.4707   14.2517
    7.5000  -37.5000   30.0000 9358.8809   14.2289
   -7.5000  -30.0000   30.000010322.2969   14.2104
    0.0000  -30.0000   30.000010779.9072   14.2382
    7.5000  -30.0000   30.000010331.3564   14.2130
   -7.5000  -22.5000   30.000011253.3496   14.1876
    0.0000  -22.5000   30.000011746.9971   14.2151
    7.5000  -22.5000   30.000011260.2822   14.1833
   -7.5000  -15.0000   30.000012070.3262   14.1740
    0.0000  -15.0000   30.000012599.2422   14.2019
    7.5000  -15.0000   30.000012089.7646   14.1662
   -7.5000   -7.5000   30.000012795.5156   14.1856
    0.0000   -7.5000   30.000013344.6572   14.2143
    7.5000   -7.5000   30.000012829.5391   14.1820
   -7.5000    0.0000   30.000013427.2832   14.2085
    0.0000    0.0000   30.000014001.3311   14.2374
    7.5000    0.0000   30.000013460.6172   14.2115
   -7.5000    7.5000   30.000013137.2715   14.2195
    0.0000    7.5000   30.000013695.1250   14.2480
    7.5000    7.5000   30.000013150.5137   14.2252
   -7.5000   15.0000   30.000012530.4219   14.2102
    0.0000   15.0000   30.000013068.9033   14.2380
    7.5000   15.0000   30.000012543.9658   14.2128
   -7.5000   22.5000   30.000011666.4414   14.1811
    0.0000   22.5000   30.000012158.7324   14.2085
    7.5000   22.5000   30.000011684.0127   14.1767
   -7.5000   30.0000   30.000010762.5576   13.9905
    0.0000   30.0000   30.000011227.0479   14.0181
    7.5000   30.0000   30.000010773.9951   13.9829
   -7.5000   37.5000   30.000010274.3262   14.0020
    0.0000   37.5000   30.000010718.2930   14.0303
    7.5000   37.5000   30.000010283.8613   13.9985
   -7.5000   45.0000   30.0000 9385.9062   13.6954
    0.0000   45.0000   30.0000 9800.1777   13.7232
    7.5000   45.0000   30.0000 9383.4619   13.6982
   -7.5000  -45.0000   37.5000 8256.8340   14.6892
    0.0000  -45.0000   37.5000 8662.8174   14.7190
    7.5000  -45.0000   37.5000 8253.6123   14.6930
   -7.5000  -37.5000   37.5000 8868.0215   14.6534
    0.0000  -37.5000   37.5000 9302.0732   14.6790
    7.5000  -37.5000   37.5000 8880.5518   14.6546
   -7.5000  -30.0000   37.5000 9808.3271   14.6422
    0.0000  -30.0000   37.500010268.9434   14.6632
    7.5000  -30.0000   37.5000 9824.6191   14.6342
   -7.5000  -22.5000   37.500010688.2295   14.6225
    0.0000  -22.5000   37.500011160.6396   14.6433
    7.5000  -22.5000   37.500010707.7158   14.6075
   -7.5000  -15.0000   37.500011442.2656   14.6113
    0.0000  -15.0000   37.500011937.4121   14.6356
    7.5000  -15.0000   37.500011481.6777   14.5975
   -7.5000   -7.5000   37.500012120.8672   14.6216
    0.0000   -7.5000   37.500012639.6553   14.6500
    7.5000   -7.5000   37.500012155.7119   14.6173
   -7.5000    0.0000   37.500012733.9980   14.6404
    0.0000    0.0000   37.500013300.0654   14.6700
    7.5000    0.0000   37.500012770.0029   14.6440
   -7.5000    7.5000   37.500012471.0215   14.6495
    0.0000    7.5000   37.500013022.8271   14.6751
    7.5000    7.5000   37.500012495.2324   14.6506
   -7.5000   15.0000   37.500011905.8584   14.6419
    0.0000   15.0000   37.500012433.3193   14.6630
    7.5000   15.0000   37.500011919.6309   14.6339
   -7.5000   22.5000   37.500011096.2129   14.6158
    0.0000   22.5000   37.500011589.7373   14.6366
    7.5000   22.5000   37.500011115.7021   14.6008
   -7.5000   30.0000   37.500010250.5537   14.4222
    0.0000   30.0000   37.500010717.2354   14.4462
    7.5000   30.0000   37.500010261.8418   14.4086
   -7.5000   37.5000   37.5000 9806.5977   14.4324
    0.0000   37.5000   37.500010253.5605   14.4604
    7.5000   37.5000   37.5000 9809.6738   14.4281
   -7.5000   45.0000   37.5000 8958.2842   14.1116
    0.0000   45.0000   37.5000 9364.5762   14.1402
    7.5000   45.0000   37.5000 8956.7207   14.1152
   -7.5000  -45.0000   45.0000 7513.8501   15.1815
    0.0000  -45.0000   45.0000 7882.2295   15.2054
    7.5000  -45.0000   45.0000 7498.3682   15.1831
   -7.5000  -37.5000   45.0000 8068.4785   15.1348
    0.0000  -37.5000   45.0000 8471.3906   15.1523
    7.5000  -37.5000   45.0000 8065.9937   15.1317
   -7.5000  -30.0000   45.0000 8923.2734   15.1132
    0.0000  -30.0000   45.0000 9361.4482   15.1255
    7.5000  -30.0000   45.0000 8932.1865   15.1013
   -7.5000  -22.5000   45.0000 9705.3760   15.0908
    0.0000  -22.5000   45.000010173.3145   15.1049
    7.5000  -22.5000   45.0000 9739.4150   15.0750
   -7.5000  -15.0000   45.000010398.7227   15.0859
    0.0000  -15.0000   45.000010882.6123   15.1053
    7.5000  -15.0000   45.000010435.0986   15.0733
   -7.5000   -7.5000   45.000011006.8906   15.1064
    0.0000   -7.5000   45.000011505.4160   15.1304
    7.5000   -7.5000   45.000011038.4971   15.1023
   -7.5000    0.0000   45.000011576.0537   15.1290
    0.0000    0.0000   45.000012100.3330   15.1528
    7.5000    0.0000   45.000011603.9727   15.1305
   -7.5000    7.5000   45.000011344.8906   15.1306
    0.0000    7.5000   45.000011853.4951   15.1481
    7.5000    7.5000   45.000011355.9619   15.1275
   -7.5000   15.0000   45.000010832.8174   15.1129
    0.0000   15.0000   45.000011320.9502   15.1253
    7.5000   15.0000   45.000010837.8369   15.1010
   -7.5000   22.5000   45.000010100.2031   15.0838
    0.0000   22.5000   45.000010558.4775   15.0979
    7.5000   22.5000   45.000010103.6846   15.0681
   -7.5000   30.0000   45.0000 9333.4111   14.8893
    0.0000   30.0000   45.0000 9762.0156   14.9085
    7.5000   30.0000   45.0000 9355.9443   14.8769
   -7.5000   37.5000   45.0000 8951.7998   14.9096
    0.0000   37.5000   45.0000 9372.5488   14.9333
    7.5000   37.5000   45.0000 8969.2900   14.9055
   -7.5000   45.0000   45.0000 8190.2969   14.5892
    0.0000   45.0000   45.0000 8572.0654   14.6121
    7.5000   45.0000   45.0000 8197.8486   14.5907

---------------------------------------------------------------------
imgreg_4dfp /opt/freesurfer/average/711-2C_as_mni_average_305 /opt/freesurfer/average/711-2B_as_mni_average_305_mask talsrcimg_g11 none talsrcimg_to_711-2C_as_mni_average_305_t4 4355
---------------------------------------------------------------------

freesurfer imgreg_4dfp.c
/opt/freesurfer/average/711-2C_as_mni_average_305.4dfp.img
       256       256       256         1
  1.000000  1.000000  1.000000
orientation T byte_order littleendian
Reading image: /opt/freesurfer/average/711-2C_as_mni_average_305.4dfp.img
dimensions:      256       256       256
mmppix:       1.0000   -1.0000   -1.0000
center:     128.0000 -129.0000 -129.0000
/opt/freesurfer/average/711-2B_as_mni_average_305_mask.4dfp.img
       256       256       256         1
  1.000000  1.000000  1.000000
orientation T byte_order littleendian
Reading mask: /opt/freesurfer/average/711-2B_as_mni_average_305_mask.4dfp.img (2306576 pixels)
talsrcimg_g11.4dfp.img
       256       256       256         1
  1.000000  1.000000  1.000000
orientation T byte_order littleendian
Reading image: talsrcimg_g11.4dfp.img
dimensions:      256       256       256
mmppix:       1.0000   -1.0000   -1.0000
center:     128.0000 -129.0000 -129.0000
rotation matrix determinant  1.000000
image alignment mode   4355 decimal     1103 hex
   -7.5000  -45.0000  -45.0000 2253.9854   13.3722
    0.0000  -45.0000  -45.0000 2278.1946   13.2719
    7.5000  -45.0000  -45.0000 2265.3167   13.3410
   -7.5000  -37.5000  -45.0000 2360.2686   12.1672
    0.0000  -37.5000  -45.0000 2382.5127   12.0709
    7.5000  -37.5000  -45.0000 2370.0688   12.1511
   -7.5000  -30.0000  -45.0000 2434.3127   11.2484
    0.0000  -30.0000  -45.0000 2456.6306   11.1340
    7.5000  -30.0000  -45.0000 2446.1282   11.2218
   -7.5000  -22.5000  -45.0000 2476.3020   10.6204
    0.0000  -22.5000  -45.0000 2500.5454   10.5144
    7.5000  -22.5000  -45.0000 2490.2354   10.5841
   -7.5000  -15.0000  -45.0000 2510.3984   10.2215
    0.0000  -15.0000  -45.0000 2534.5830   10.1081
    7.5000  -15.0000  -45.0000 2522.1028   10.1780
   -7.5000   -7.5000  -45.0000 2527.8374   10.0118
    0.0000   -7.5000  -45.0000 2553.8669    9.9030
    7.5000   -7.5000  -45.0000 2542.5645    9.9802
   -7.5000    0.0000  -45.0000 2530.8716    9.9587
    0.0000    0.0000  -45.0000 2557.3201    9.8625
    7.5000    0.0000  -45.0000 2543.1667    9.9726
   -7.5000    7.5000  -45.0000 2520.3726   10.0945
    0.0000    7.5000  -45.0000 2548.2466    9.9846
    7.5000    7.5000  -45.0000 2532.5667   10.1172
   -7.5000   15.0000  -45.0000 2489.3542   10.4108
    0.0000   15.0000  -45.0000 2518.2373   10.2988
    7.5000   15.0000  -45.0000 2500.8455   10.4388
   -7.5000   22.5000  -45.0000 2441.2537   10.9373
    0.0000   22.5000  -45.0000 2470.8850   10.8129
    7.5000   22.5000  -45.0000 2451.0918   10.9542
   -7.5000   30.0000  -45.0000 2371.3289   11.6917
    0.0000   30.0000  -45.0000 2397.0847   11.5567
    7.5000   30.0000  -45.0000 2376.9922   11.6847
   -7.5000   37.5000  -45.0000 2278.9438   12.7097
    0.0000   37.5000  -45.0000 2302.4609   12.5663
    7.5000   37.5000  -45.0000 2282.7756   12.6995
   -7.5000   45.0000  -45.0000 2169.2131   14.0280
    0.0000   45.0000  -45.0000 2191.6560   13.8666
    7.5000   45.0000  -45.0000 2171.5171   14.0071
   -7.5000  -45.0000  -37.5000 2315.8218   12.6721
    0.0000  -45.0000  -37.5000 2339.2268   12.5539
    7.5000  -45.0000  -37.5000 2323.6140   12.6482
   -7.5000  -37.5000  -37.5000 2423.4507   11.4916
    0.0000  -37.5000  -37.5000 2446.7317   11.3785
    7.5000  -37.5000  -37.5000 2432.3506   11.4672
   -7.5000  -30.0000  -37.5000 2502.2502   10.5665
    0.0000  -30.0000  -37.5000 2525.5195   10.4669
    7.5000  -30.0000  -37.5000 2515.1909   10.5402
   -7.5000  -22.5000  -37.5000 2551.0103    9.9366
    0.0000  -22.5000  -37.5000 2576.3872    9.8289
    7.5000  -22.5000  -37.5000 2566.6560    9.9131
   -7.5000  -15.0000  -37.5000 2591.6155    9.5173
    0.0000  -15.0000  -37.5000 2612.7385    9.4167
    7.5000  -15.0000  -37.5000 2605.2397    9.5076
   -7.5000   -7.5000  -37.5000 2622.0935    9.2941
    0.0000   -7.5000  -37.5000 2650.3789    9.2021
    7.5000   -7.5000  -37.5000 2636.6003    9.2936
   -7.5000    0.0000  -37.5000 2630.3115    9.2665
    0.0000    0.0000  -37.5000 2659.5007    9.1694
    7.5000    0.0000  -37.5000 2642.6135    9.2793
   -7.5000    7.5000  -37.5000 2623.0635    9.3899
    0.0000    7.5000  -37.5000 2651.5212    9.2856
    7.5000    7.5000  -37.5000 2636.0310    9.4207
   -7.5000   15.0000  -37.5000 2597.1084    9.6923
    0.0000   15.0000  -37.5000 2629.7117    9.5866
    7.5000   15.0000  -37.5000 2605.3926    9.7206
   -7.5000   22.5000  -37.5000 2544.5901   10.1908
    0.0000   22.5000  -37.5000 2574.0635   10.0762
    7.5000   22.5000  -37.5000 2547.4353   10.1986
   -7.5000   30.0000  -37.5000 2464.4160   10.9022
    0.0000   30.0000  -37.5000 2489.1340   10.7729
    7.5000   30.0000  -37.5000 2468.3721   10.9003
   -7.5000   37.5000  -37.5000 2361.7910   11.8625
    0.0000   37.5000  -37.5000 2383.7253   11.7219
    7.5000   37.5000  -37.5000 2367.3110   11.8531
   -7.5000   45.0000  -37.5000 2244.7786   13.1008
    0.0000   45.0000  -37.5000 2264.9573   12.9517
    7.5000   45.0000  -37.5000 2248.1360   13.1032
   -7.5000  -45.0000  -30.0000 2410.8420   12.4653
    0.0000  -45.0000  -30.0000 2430.8501   12.3646
    7.5000  -45.0000  -30.0000 2415.0132   12.4595
   -7.5000  -37.5000  -30.0000 2519.2876   11.2655
    0.0000  -37.5000  -30.0000 2540.6819   11.1653
    7.5000  -37.5000  -30.0000 2528.9717   11.2701
   -7.5000  -30.0000  -30.0000 2607.8340   10.3342
    0.0000  -30.0000  -30.0000 2629.1755   10.2316
    7.5000  -30.0000  -30.0000 2620.2803   10.3307
   -7.5000  -22.5000  -30.0000 2667.6689    9.6751
    0.0000  -22.5000  -30.0000 2695.2832    9.5667
    7.5000  -22.5000  -30.0000 2684.2610    9.6587
   -7.5000  -15.0000  -30.0000 2713.0623    9.2228
    0.0000  -15.0000  -30.0000 2742.3723    9.1194
    7.5000  -15.0000  -30.0000 2733.6204    9.2074
   -7.5000   -7.5000  -30.0000 2759.3672    8.9708
    0.0000   -7.5000  -30.0000 2792.0439    8.8589
    7.5000   -7.5000  -30.0000 2778.8418    8.9599
   -7.5000    0.0000  -30.0000 2773.7600    8.9507
    0.0000    0.0000  -30.0000 2810.2188    8.8317
    7.5000    0.0000  -30.0000 2789.5039    8.9418
   -7.5000    7.5000  -30.0000 2773.6687    9.0698
    0.0000    7.5000  -30.0000 2807.7344    8.9492
    7.5000    7.5000  -30.0000 2786.4880    9.0735
   -7.5000   15.0000  -30.0000 2743.7771    9.3640
    0.0000   15.0000  -30.0000 2782.6785    9.2496
    7.5000   15.0000  -30.0000 2756.0835    9.3675
   -7.5000   22.5000  -30.0000 2685.0051    9.8577
    0.0000   22.5000  -30.0000 2717.7271    9.7342
    7.5000   22.5000  -30.0000 2692.3853    9.8563
   -7.5000   30.0000  -30.0000 2596.5386   10.5704
    0.0000   30.0000  -30.0000 2623.8525   10.4402
    7.5000   30.0000  -30.0000 2603.0144   10.5585
   -7.5000   37.5000  -30.0000 2483.6580   11.5322
    0.0000   37.5000  -30.0000 2509.7993   11.3877
    7.5000   37.5000  -30.0000 2491.2170   11.5166
   -7.5000   45.0000  -30.0000 2352.3643   12.7489
    0.0000   45.0000  -30.0000 2376.3806   12.5902
    7.5000   45.0000  -30.0000 2356.1213   12.7370
   -7.5000  -45.0000  -22.5000 2462.0010   12.2464
    0.0000  -45.0000  -22.5000 2482.4746   12.1552
    7.5000  -45.0000  -22.5000 2467.2969   12.2446
   -7.5000  -37.5000  -22.5000 2574.6921   11.0569
    0.0000  -37.5000  -22.5000 2598.4453   10.9400
    7.5000  -37.5000  -22.5000 2586.2854   11.0311
   -7.5000  -30.0000  -22.5000 2669.0513   10.1138
    0.0000  -30.0000  -22.5000 2699.2249    9.9924
    7.5000  -30.0000  -22.5000 2685.4685   10.0679
   -7.5000  -22.5000  -22.5000 2744.3386    9.4091
    0.0000  -22.5000  -22.5000 2779.7239    9.2932
    7.5000  -22.5000  -22.5000 2767.4509    9.3686
   -7.5000  -15.0000  -22.5000 2807.0532    8.9129
    0.0000  -15.0000  -22.5000 2838.6443    8.7972
    7.5000  -15.0000  -22.5000 2832.7815    8.8872
   -7.5000   -7.5000  -22.5000 2862.5598    8.6468
    0.0000   -7.5000  -22.5000 2902.2029    8.5350
    7.5000   -7.5000  -22.5000 2888.7139    8.6160
   -7.5000    0.0000  -22.5000 2888.0383    8.6229
    0.0000    0.0000  -22.5000 2933.0825    8.4911
    7.5000    0.0000  -22.5000 2907.4570    8.5903
   -7.5000    7.5000  -22.5000 2890.8364    8.7246
    0.0000    7.5000  -22.5000 2933.3999    8.5844
    7.5000    7.5000  -22.5000 2903.8040    8.7008
   -7.5000   15.0000  -22.5000 2853.4509    9.0059
    0.0000   15.0000  -22.5000 2892.2898    8.8738
    7.5000   15.0000  -22.5000 2865.7144    8.9893
   -7.5000   22.5000  -22.5000 2785.7917    9.4997
    0.0000   22.5000  -22.5000 2822.8254    9.3632
    7.5000   22.5000  -22.5000 2795.8547    9.4813
   -7.5000   30.0000  -22.5000 2688.7905   10.2153
    0.0000   30.0000  -22.5000 2719.6646   10.0712
    7.5000   30.0000  -22.5000 2696.6340   10.1917
   -7.5000   37.5000  -22.5000 2566.7527   11.1781
    0.0000   37.5000  -22.5000 2596.4473   11.0160
    7.5000   37.5000  -22.5000 2573.3662   11.1535
   -7.5000   45.0000  -22.5000 2430.8640   12.3994
    0.0000   45.0000  -22.5000 2455.8340   12.1990
    7.5000   45.0000  -22.5000 2433.8994   12.3642
   -7.5000  -45.0000  -15.0000 2476.0449   12.1253
    0.0000  -45.0000  -15.0000 2497.7615   11.9981
    7.5000  -45.0000  -15.0000 2484.3242   12.0679
   -7.5000  -37.5000  -15.0000 2590.3962   10.9021
    0.0000  -37.5000  -15.0000 2616.5498   10.7778
    7.5000  -37.5000  -15.0000 2602.6545   10.8536
   -7.5000  -30.0000  -15.0000 2689.5796    9.9172
    0.0000  -30.0000  -15.0000 2720.2732    9.8012
    7.5000  -30.0000  -15.0000 2709.2090    9.8720
   -7.5000  -22.5000  -15.0000 2780.1521    9.1794
    0.0000  -22.5000  -15.0000 2814.1509    9.0601
    7.5000  -22.5000  -15.0000 2802.7476    9.1221
   -7.5000  -15.0000  -15.0000 2860.4993    8.6658
    0.0000  -15.0000  -15.0000 2892.2039    8.5420
    7.5000  -15.0000  -15.0000 2885.0291    8.6180
   -7.5000   -7.5000  -15.0000 2933.5774    8.4125
    0.0000   -7.5000  -15.0000 2975.9980    8.2906
    7.5000   -7.5000  -15.0000 2956.2517    8.3673
   -7.5000    0.0000  -15.0000 2965.1870    8.3860
    0.0000    0.0000  -15.0000 3022.2173    8.2655
    7.5000    0.0000  -15.0000 2984.5078    8.3428
   -7.5000    7.5000  -15.0000 2964.7173    8.4546
    0.0000    7.5000  -15.0000 3018.4189    8.3215
    7.5000    7.5000  -15.0000 2976.1724    8.4282
   -7.5000   15.0000  -15.0000 2919.5195    8.7164
    0.0000   15.0000  -15.0000 2962.9236    8.5880
    7.5000   15.0000  -15.0000 2928.8982    8.7101
   -7.5000   22.5000  -15.0000 2843.8054    9.2107
    0.0000   22.5000  -15.0000 2881.8438    9.0879
    7.5000   22.5000  -15.0000 2854.6316    9.2116
   -7.5000   30.0000  -15.0000 2736.5369    9.9506
    0.0000   30.0000  -15.0000 2772.4531    9.8234
    7.5000   30.0000  -15.0000 2747.0356    9.9275
   -7.5000   37.5000  -15.0000 2606.4941   10.9186
    0.0000   37.5000  -15.0000 2637.6025   10.7854
    7.5000   37.5000  -15.0000 2615.9011   10.8820
   -7.5000   45.0000  -15.0000 2462.5552   12.1109
    0.0000   45.0000  -15.0000 2494.3884   11.9552
    7.5000   45.0000  -15.0000 2470.6343   12.0759
   -7.5000  -45.0000   -7.5000 2467.1836   12.0574
    0.0000  -45.0000   -7.5000 2492.9995   11.8761
    7.5000  -45.0000   -7.5000 2476.2830   12.0125
   -7.5000  -37.5000   -7.5000 2579.0798   10.8327
    0.0000  -37.5000   -7.5000 2604.1152   10.6463
    7.5000  -37.5000   -7.5000 2591.9490   10.7727
   -7.5000  -30.0000   -7.5000 2687.5483    9.8284
    0.0000  -30.0000   -7.5000 2711.0125    9.6546
    7.5000  -30.0000   -7.5000 2701.7595    9.7670
   -7.5000  -22.5000   -7.5000 2788.7466    9.0659
    0.0000  -22.5000   -7.5000 2813.1846    8.9184
    7.5000  -22.5000   -7.5000 2803.6089    9.0178
   -7.5000  -15.0000   -7.5000 2883.1382    8.5497
    0.0000  -15.0000   -7.5000 2912.6328    8.4189
    7.5000  -15.0000   -7.5000 2896.1362    8.5201
   -7.5000   -7.5000   -7.5000 2969.3440    8.3112
    0.0000   -7.5000   -7.5000 3013.5974    8.1966
    7.5000   -7.5000   -7.5000 2977.6160    8.2875
   -7.5000    0.0000   -7.5000 3012.0322    8.2621
    0.0000    0.0000   -7.5000 3077.7402    8.1883
    7.5000    0.0000   -7.5000 3016.0525    8.2375
   -7.5000    7.5000   -7.5000 3003.3689    8.3013
    0.0000    7.5000   -7.5000 3063.8350    8.2194
    7.5000    7.5000   -7.5000 3003.1116    8.3153
   -7.5000   15.0000   -7.5000 2948.9778    8.5681
    0.0000   15.0000   -7.5000 2992.4583    8.4524
    7.5000   15.0000   -7.5000 2949.8779    8.5739
   -7.5000   22.5000   -7.5000 2866.2820    9.0560
    0.0000   22.5000   -7.5000 2899.5676    8.9411
    7.5000   22.5000   -7.5000 2867.1960    9.0404
   -7.5000   30.0000   -7.5000 2749.2832    9.8029
    0.0000   30.0000   -7.5000 2780.6228    9.6796
    7.5000   30.0000   -7.5000 2755.6123    9.7710
   -7.5000   37.5000   -7.5000 2619.8022   10.7616
    0.0000   37.5000   -7.5000 2647.6450   10.6184
    7.5000   37.5000   -7.5000 2625.3340   10.7209
   -7.5000   45.0000   -7.5000 2471.5054   11.9259
    0.0000   45.0000   -7.5000 2498.9248   11.7679
    7.5000   45.0000   -7.5000 2479.7271   11.8981
   -7.5000  -45.0000    0.0000 2451.9346   12.1464
    0.0000  -45.0000    0.0000 2475.3162   11.9174
    7.5000  -45.0000    0.0000 2456.1382   12.1096
   -7.5000  -37.5000    0.0000 2562.5698   10.9033
    0.0000  -37.5000    0.0000 2585.1975   10.7056
    7.5000  -37.5000    0.0000 2569.5830   10.8925
   -7.5000  -30.0000    0.0000 2672.0520    9.9081
    0.0000  -30.0000    0.0000 2692.4397    9.7393
    7.5000  -30.0000    0.0000 2678.3896    9.8989
   -7.5000  -22.5000    0.0000 2780.4614    9.1445
    0.0000  -22.5000    0.0000 2799.3528    9.0125
    7.5000  -22.5000    0.0000 2781.8523    9.1393
   -7.5000  -15.0000    0.0000 2879.9885    8.6364
    0.0000  -15.0000    0.0000 2905.2344    8.5255
    7.5000  -15.0000    0.0000 2881.6216    8.6369
   -7.5000   -7.5000    0.0000 2962.8389    8.4042
    0.0000   -7.5000    0.0000 3002.4048    8.3030
    7.5000   -7.5000    0.0000 2962.4248    8.3870
   -7.5000    0.0000    0.0000 3004.7607    8.3001
    0.0000    0.0000    0.0000 3057.3938    8.2364
    7.5000    0.0000    0.0000 2998.2141    8.3209
   -7.5000    7.5000    0.0000 2997.2151    8.3844
    0.0000    7.5000    0.0000 3046.4456    8.2968
    7.5000    7.5000    0.0000 2989.1809    8.4115
   -7.5000   15.0000    0.0000 2940.8428    8.6823
    0.0000   15.0000    0.0000 2977.8679    8.5707
    7.5000   15.0000    0.0000 2935.1873    8.6762
   -7.5000   22.5000    0.0000 2853.4829    9.1439
    0.0000   22.5000    0.0000 2883.1626    9.0160
    7.5000   22.5000    0.0000 2850.2512    9.1174
   -7.5000   30.0000    0.0000 2738.0176    9.8561
    0.0000   30.0000    0.0000 2761.9822    9.6996
    7.5000   30.0000    0.0000 2737.8418    9.7954
   -7.5000   37.5000    0.0000 2610.3450   10.7653
    0.0000   37.5000    0.0000 2629.1482   10.6156
    7.5000   37.5000    0.0000 2611.1655   10.6969
   -7.5000   45.0000    0.0000 2467.4810   11.9134
    0.0000   45.0000    0.0000 2483.4485   11.7509
    7.5000   45.0000    0.0000 2465.0276   11.8602
   -7.5000  -45.0000    7.5000 2427.1809   12.4210
    0.0000  -45.0000    7.5000 2450.5994   12.2493
    7.5000  -45.0000    7.5000 2425.2837   12.4697
   -7.5000  -37.5000    7.5000 2535.4187   11.1701
    0.0000  -37.5000    7.5000 2556.5039   11.0254
    7.5000  -37.5000    7.5000 2536.0730   11.2481
   -7.5000  -30.0000    7.5000 2644.0208   10.1624
    0.0000  -30.0000    7.5000 2663.7888   10.0426
    7.5000  -30.0000    7.5000 2645.3918   10.2192
   -7.5000  -22.5000    7.5000 2756.7358    9.3936
    0.0000  -22.5000    7.5000 2771.5576    9.2752
    7.5000  -22.5000    7.5000 2751.6562    9.4204
   -7.5000  -15.0000    7.5000 2855.8181    8.8843
    0.0000  -15.0000    7.5000 2873.7878    8.7806
    7.5000  -15.0000    7.5000 2846.8708    8.8901
   -7.5000   -7.5000    7.5000 2928.2722    8.6159
    0.0000   -7.5000    7.5000 2957.0994    8.5300
    7.5000   -7.5000    7.5000 2921.1018    8.6087
   -7.5000    0.0000    7.5000 2966.1819    8.5307
    0.0000    0.0000    7.5000 2997.8674    8.4221
    7.5000    0.0000    7.5000 2953.0615    8.5283
   -7.5000    7.5000    7.5000 2956.2087    8.6714
    0.0000    7.5000    7.5000 2985.4414    8.5442
    7.5000    7.5000    7.5000 2941.5562    8.6371
   -7.5000   15.0000    7.5000 2898.4980    8.9899
    0.0000   15.0000    7.5000 2924.4175    8.8553
    7.5000   15.0000    7.5000 2886.4041    8.9344
   -7.5000   22.5000    7.5000 2811.0679    9.4258
    0.0000   22.5000    7.5000 2834.9817    9.2957
    7.5000   22.5000    7.5000 2801.9387    9.3831
   -7.5000   30.0000    7.5000 2696.8921   10.0814
    0.0000   30.0000    7.5000 2718.0837    9.9474
    7.5000   30.0000    7.5000 2693.0627   10.0358
   -7.5000   37.5000    7.5000 2575.4429   10.9487
    0.0000   37.5000    7.5000 2591.2756   10.8183
    7.5000   37.5000    7.5000 2569.9905   10.9065
   -7.5000   45.0000    7.5000 2437.9553   12.0730
    0.0000   45.0000    7.5000 2453.8965   11.9025
    7.5000   45.0000    7.5000 2432.1289   12.0189
   -7.5000  -45.0000   15.0000 2385.6467   12.8997
    0.0000  -45.0000   15.0000 2405.9243   12.7589
    7.5000  -45.0000   15.0000 2383.6338   12.9941
   -7.5000  -37.5000   15.0000 2498.9504   11.6122
    0.0000  -37.5000   15.0000 2514.5454   11.4648
    7.5000  -37.5000   15.0000 2495.4458   11.7018
   -7.5000  -30.0000   15.0000 2611.6069   10.5797
    0.0000  -30.0000   15.0000 2627.8384   10.4396
    7.5000  -30.0000   15.0000 2605.3418   10.6352
   -7.5000  -22.5000   15.0000 2718.8308    9.7888
    0.0000  -22.5000   15.0000 2734.4236    9.6465
    7.5000  -22.5000   15.0000 2709.7244    9.8141
   -7.5000  -15.0000   15.0000 2807.6838    9.2573
    0.0000  -15.0000   15.0000 2824.9668    9.1548
    7.5000  -15.0000   15.0000 2794.7634    9.2717
   -7.5000   -7.5000   15.0000 2872.2188    8.9755
    0.0000   -7.5000   15.0000 2891.9185    8.8725
    7.5000   -7.5000   15.0000 2855.8262    9.0010
   -7.5000    0.0000   15.0000 2899.7249    8.9024
    0.0000    0.0000   15.0000 2921.3389    8.7782
    7.5000    0.0000   15.0000 2881.3704    8.9082
   -7.5000    7.5000   15.0000 2883.4573    9.0712
    0.0000    7.5000   15.0000 2903.4067    8.9461
    7.5000    7.5000   15.0000 2867.2305    9.0574
   -7.5000   15.0000   15.0000 2821.5474    9.4006
    0.0000   15.0000   15.0000 2844.9741    9.2588
    7.5000   15.0000   15.0000 2811.4763    9.3562
   -7.5000   22.5000   15.0000 2745.9307    9.8453
    0.0000   22.5000   15.0000 2763.8130    9.6973
    7.5000   22.5000   15.0000 2734.1184    9.7816
   -7.5000   30.0000   15.0000 2641.6326   10.4639
    0.0000   30.0000   15.0000 2659.0269   10.3118
    7.5000   30.0000   15.0000 2633.9685   10.4057
   -7.5000   37.5000   15.0000 2523.1404   11.2953
    0.0000   37.5000   15.0000 2536.3987   11.1642
    7.5000   37.5000   15.0000 2512.2214   11.2558
   -7.5000   45.0000   15.0000 2384.9929   12.3971
    0.0000   45.0000   15.0000 2399.5554   12.2411
    7.5000   45.0000   15.0000 2380.6558   12.3565
   -7.5000  -45.0000   22.5000 2337.9084   13.5305
    0.0000  -45.0000   22.5000 2354.0762   13.3770
    7.5000  -45.0000   22.5000 2335.0393   13.6431
   -7.5000  -37.5000   22.5000 2450.9177   12.2052
    0.0000  -37.5000   22.5000 2469.0933   12.0505
    7.5000  -37.5000   22.5000 2449.3882   12.3018
   -7.5000  -30.0000   22.5000 2567.0359   11.1587
    0.0000  -30.0000   22.5000 2580.2419   10.9838
    7.5000  -30.0000   22.5000 2556.0408   11.2067
   -7.5000  -22.5000   22.5000 2668.3420   10.3214
    0.0000  -22.5000   22.5000 2685.3687   10.1804
    7.5000  -22.5000   22.5000 2654.4956   10.3695
   -7.5000  -15.0000   22.5000 2749.5471    9.7718
    0.0000  -15.0000   22.5000 2764.8123    9.6682
    7.5000  -15.0000   22.5000 2729.5771    9.8318
   -7.5000   -7.5000   22.5000 2797.8071    9.4942
    0.0000   -7.5000   22.5000 2816.3416    9.3841
    7.5000   -7.5000   22.5000 2777.6853    9.5355
   -7.5000    0.0000   22.5000 2814.3777    9.4113
    0.0000    0.0000   22.5000 2834.9197    9.2958
    7.5000    0.0000   22.5000 2794.9470    9.4334
   -7.5000    7.5000   22.5000 2797.5083    9.5807
    0.0000    7.5000   22.5000 2813.9324    9.4678
    7.5000    7.5000   22.5000 2776.8596    9.5999
   -7.5000   15.0000   22.5000 2738.5913    9.8889
    0.0000   15.0000   22.5000 2755.1318    9.7780
    7.5000   15.0000   22.5000 2721.5413    9.8997
   -7.5000   22.5000   22.5000 2666.5310   10.3375
    0.0000   22.5000   22.5000 2676.4937   10.2076
    7.5000   22.5000   22.5000 2646.3506   10.3276
   -7.5000   30.0000   22.5000 2570.3386   10.9367
    0.0000   30.0000   22.5000 2578.0271   10.8226
    7.5000   30.0000   22.5000 2553.4363   10.9299
   -7.5000   37.5000   22.5000 2455.2632   11.7759
    0.0000   37.5000   22.5000 2466.0500   11.6621
    7.5000   37.5000   22.5000 2444.4900   11.7723
   -7.5000   45.0000   22.5000 2322.3286   12.8795
    0.0000   45.0000   22.5000 2333.2878   12.7495
    7.5000   45.0000   22.5000 2311.0969   12.8735
   -7.5000  -45.0000   30.0000 2280.9792   14.3351
    0.0000  -45.0000   30.0000 2298.5193   14.1785
    7.5000  -45.0000   30.0000 2271.5862   14.4309
   -7.5000  -37.5000   30.0000 2395.5601   12.9522
    0.0000  -37.5000   30.0000 2414.6257   12.8066
    7.5000  -37.5000   30.0000 2388.3850   13.0540
   -7.5000  -30.0000   30.0000 2506.0278   11.8574
    0.0000  -30.0000   30.0000 2522.7375   11.7068
    7.5000  -30.0000   30.0000 2493.7542   11.9369
   -7.5000  -22.5000   30.0000 2600.7346   11.0118
    0.0000  -22.5000   30.0000 2615.1926   10.8766
    7.5000  -22.5000   30.0000 2582.1189   11.0764
   -7.5000  -15.0000   30.0000 2670.0288   10.4530
    0.0000  -15.0000   30.0000 2683.3584   10.3525
    7.5000  -15.0000   30.0000 2648.8694   10.5313
   -7.5000   -7.5000   30.0000 2710.1562   10.1919
    0.0000   -7.5000   30.0000 2723.7991   10.0745
    7.5000   -7.5000   30.0000 2687.9355   10.2372
   -7.5000    0.0000   30.0000 2718.9399   10.0852
    0.0000    0.0000   30.0000 2730.1470    9.9901
    7.5000    0.0000   30.0000 2698.4331   10.1329
   -7.5000    7.5000   30.0000 2691.1240   10.2512
    0.0000    7.5000   30.0000 2705.2227   10.1484
    7.5000    7.5000   30.0000 2673.6331   10.2975
   -7.5000   15.0000   30.0000 2644.9963   10.5296
    0.0000   15.0000   30.0000 2659.5105   10.4126
    7.5000   15.0000   30.0000 2630.1665   10.5668
   -7.5000   22.5000   30.0000 2576.2119   10.9651
    0.0000   22.5000   30.0000 2588.3875   10.8456
    7.5000   22.5000   30.0000 2563.0234   10.9913
   -7.5000   30.0000   30.0000 2485.7444   11.5551
    0.0000   30.0000   30.0000 2494.8318   11.4437
    7.5000   30.0000   30.0000 2472.4062   11.5878
   -7.5000   37.5000   30.0000 2375.1042   12.4042
    0.0000   37.5000   30.0000 2384.9670   12.2965
    7.5000   37.5000   30.0000 2365.1709   12.4227
   -7.5000   45.0000   30.0000 2245.2417   13.5196
    0.0000   45.0000   30.0000 2257.1099   13.4149
    7.5000   45.0000   30.0000 2233.6775   13.5366
   -7.5000  -45.0000   37.5000 2211.7432   15.3531
    0.0000  -45.0000   37.5000 2231.6304   15.2011
    7.5000  -45.0000   37.5000 2199.3064   15.4519
   -7.5000  -37.5000   37.5000 2328.0679   13.8787
    0.0000  -37.5000   37.5000 2350.4397   13.7420
    7.5000  -37.5000   37.5000 2316.9597   13.9868
   -7.5000  -30.0000   37.5000 2434.2297   12.7376
    0.0000  -30.0000   37.5000 2453.2627   12.5920
    7.5000  -30.0000   37.5000 2421.3647   12.8338
   -7.5000  -22.5000   37.5000 2520.3259   11.8750
    0.0000  -22.5000   37.5000 2534.8931   11.7382
    7.5000  -22.5000   37.5000 2504.6533   11.9628
   -7.5000  -15.0000   37.5000 2577.1147   11.3312
    0.0000  -15.0000   37.5000 2589.0105   11.2052
    7.5000  -15.0000   37.5000 2560.4695   11.4065
   -7.5000   -7.5000   37.5000 2607.9058   11.0179
    0.0000   -7.5000   37.5000 2620.2949   10.9082
    7.5000   -7.5000   37.5000 2588.6982   11.0817
   -7.5000    0.0000   37.5000 2614.6299   10.9246
    0.0000    0.0000   37.5000 2623.8040   10.8443
    7.5000    0.0000   37.5000 2594.7229   10.9951
   -7.5000    7.5000   37.5000 2587.0891   11.0894
    0.0000    7.5000   37.5000 2596.5940   11.0043
    7.5000    7.5000   37.5000 2568.8547   11.1402
   -7.5000   15.0000   37.5000 2543.3848   11.3538
    0.0000   15.0000   37.5000 2555.0649   11.2538
    7.5000   15.0000   37.5000 2529.4670   11.3974
   -7.5000   22.5000   37.5000 2478.8237   11.7684
    0.0000   22.5000   37.5000 2494.0574   11.6562
    7.5000   22.5000   37.5000 2470.2026   11.8085
   -7.5000   30.0000   37.5000 2395.9324   12.3671
    0.0000   30.0000   37.5000 2407.5640   12.2400
    7.5000   30.0000   37.5000 2384.3271   12.3984
   -7.5000   37.5000   37.5000 2291.8892   13.2087
    0.0000   37.5000   37.5000 2304.2185   13.0885
    7.5000   37.5000   37.5000 2281.0181   13.2304
   -7.5000   45.0000   37.5000 2162.0239   14.3647
    0.0000   45.0000   37.5000 2175.4387   14.2475
    7.5000   45.0000   37.5000 2155.6101   14.4008
   -7.5000  -45.0000   45.0000 2131.4395   16.6307
    0.0000  -45.0000   45.0000 2154.3132   16.4537
    7.5000  -45.0000   45.0000 2122.4260   16.6998
   -7.5000  -37.5000   45.0000 2247.6079   15.0375
    0.0000  -37.5000   45.0000 2271.1965   14.9253
    7.5000  -37.5000   45.0000 2238.8877   15.1513
   -7.5000  -30.0000   45.0000 2348.3538   13.8336
    0.0000  -30.0000   45.0000 2370.5127   13.7092
    7.5000  -30.0000   45.0000 2338.4497   13.9279
   -7.5000  -22.5000   45.0000 2426.5222   12.9282
    0.0000  -22.5000   45.0000 2446.5667   12.8029
    7.5000  -22.5000   45.0000 2417.9143   13.0350
   -7.5000  -15.0000   45.0000 2478.0508   12.3355
    0.0000  -15.0000   45.0000 2494.2512   12.2328
    7.5000  -15.0000   45.0000 2467.6406   12.4425
   -7.5000   -7.5000   45.0000 2505.7163   11.9675
    0.0000   -7.5000   45.0000 2518.6887   11.9052
    7.5000   -7.5000   45.0000 2492.2788   12.0688
   -7.5000    0.0000   45.0000 2511.0588   11.8880
    0.0000    0.0000   45.0000 2520.7781   11.8273
    7.5000    0.0000   45.0000 2494.8721   11.9701
   -7.5000    7.5000   45.0000 2484.8403   12.0652
    0.0000    7.5000   45.0000 2493.5938   11.9757
    7.5000    7.5000   45.0000 2469.1111   12.1191
   -7.5000   15.0000   45.0000 2438.4006   12.3340
    0.0000   15.0000   45.0000 2453.1431   12.2500
    7.5000   15.0000   45.0000 2428.3630   12.3855
   -7.5000   22.5000   45.0000 2377.3877   12.7464
    0.0000   22.5000   45.0000 2393.3064   12.6523
    7.5000   22.5000   45.0000 2367.9111   12.8043
   -7.5000   30.0000   45.0000 2294.0945   13.3440
    0.0000   30.0000   45.0000 2308.1790   13.2523
    7.5000   30.0000   45.0000 2287.8376   13.4280
   -7.5000   37.5000   45.0000 2195.1079   14.1888
    0.0000   37.5000   45.0000 2209.3914   14.0986
    7.5000   37.5000   45.0000 2189.1084   14.2779
   -7.5000   45.0000   45.0000 2075.4788   15.4181
    0.0000   45.0000   45.0000 2090.3286   15.3563
    7.5000   45.0000   45.0000 2071.5933   15.5177

---------------------------------------------------------------------
imgreg_4dfp /opt/freesurfer/average/711-2C_as_mni_average_305 /opt/freesurfer/average/711-2B_as_mni_average_305_mask talsrcimg_g11 none talsrcimg_to_711-2C_as_mni_average_305_t4 1283
---------------------------------------------------------------------

freesurfer imgreg_4dfp.c
/opt/freesurfer/average/711-2C_as_mni_average_305.4dfp.img
       256       256       256         1
  1.000000  1.000000  1.000000
orientation T byte_order littleendian
Reading image: /opt/freesurfer/average/711-2C_as_mni_average_305.4dfp.img
dimensions:      256       256       256
mmppix:       1.0000   -1.0000   -1.0000
center:     128.0000 -129.0000 -129.0000
/opt/freesurfer/average/711-2B_as_mni_average_305_mask.4dfp.img
       256       256       256         1
  1.000000  1.000000  1.000000
orientation T byte_order littleendian
Reading mask: /opt/freesurfer/average/711-2B_as_mni_average_305_mask.4dfp.img (2306576 pixels)
talsrcimg_g11.4dfp.img
       256       256       256         1
  1.000000  1.000000  1.000000
orientation T byte_order littleendian
Reading image: talsrcimg_g11.4dfp.img
dimensions:      256       256       256
mmppix:       1.0000   -1.0000   -1.0000
center:     128.0000 -129.0000 -129.0000
rotation matrix determinant  1.000000
fimgreg.f
image alignment mode   1283 decimal      503 hex
parameters
    0.0000    0.0000   -7.5000    0.0000    0.0000    0.0000
eta,q 0.96538  8.16090
niter,ni,del,rscale     5    3   12.0000    1.2000
parameter  4  1.029931 ->  0.500000 qaram    1.1500
parameters
   -0.0392    2.8667   -4.9631   -3.4500    0.2243    0.2882
eta,q 0.96945  8.15937
  0.0487  0.0511  0.0481  0.0303  0.0384  0.0366
  0.0418  0.0451  0.0436  0.0305  0.0346  0.0333
  0.0377  0.0399  0.0387  0.0313  0.0317  0.0312
  0.0370  0.0370  0.0351  0.0335  0.0306  0.0305
  0.0385  0.0354  0.0335  0.0359  0.0313  0.0310
  0.0423  0.0352  0.0340  0.0390  0.0339  0.0328
  0.0485  0.0374  0.0370  0.0425  0.0373  0.0354
niter,ni,del,rscale     5    3   12.0000    1.2000
parameters
   -0.3197    3.6626   -5.8463   -5.7510    0.4041    0.4124
eta,q 0.97083  8.17730
  0.0437  0.0417  0.0369  0.0319  0.0371  0.0355
  0.0359  0.0362  0.0323  0.0297  0.0332  0.0323
  0.0312  0.0325  0.0299  0.0292  0.0303  0.0300
  0.0306  0.0304  0.0300  0.0296  0.0292  0.0292
  0.0328  0.0299  0.0325  0.0319  0.0301  0.0299
  0.0380  0.0323  0.0365  0.0353  0.0326  0.0320
  0.0460  0.0375  0.0417  0.0393  0.0361  0.0349
niter,ni,del,rscale     4    3   12.0000    1.2000
parameters
   -0.3372    4.1310   -6.3047   -6.2711    0.4382    0.3875
eta,q 0.97105  8.18809
  0.0440  0.0414  0.0371  0.0337  0.0367  0.0349
  0.0355  0.0347  0.0317  0.0313  0.0329  0.0319
  0.0303  0.0307  0.0291  0.0295  0.0300  0.0297
  0.0292  0.0292  0.0291  0.0289  0.0289  0.0290
  0.0311  0.0297  0.0309  0.0295  0.0302  0.0298
  0.0362  0.0330  0.0343  0.0322  0.0328  0.0320
  0.0436  0.0377  0.0391  0.0360  0.0364  0.0350
niter,ni,del,rscale     3    3   12.0000    1.2000
parameters
   -0.2869    4.3261   -6.3863   -6.5006    0.4175    0.3753
eta,q 0.97102  8.19039
  0.0445  0.0401  0.0382  0.0338  0.0367  0.0347
  0.0358  0.0336  0.0325  0.0316  0.0328  0.0319
  0.0303  0.0300  0.0293  0.0298  0.0299  0.0298
  0.0290  0.0290  0.0290  0.0290  0.0290  0.0290
  0.0308  0.0302  0.0304  0.0292  0.0303  0.0298
  0.0360  0.0335  0.0334  0.0316  0.0330  0.0319
  0.0434  0.0380  0.0380  0.0352  0.0366  0.0348
niter,ni,del,rscale     2    3   12.0000    1.2000
parameters
   -0.2564    4.4160   -6.4206   -6.5958    0.4014    0.3684
eta,q 0.97100  8.19147
  0.0445  0.0395  0.0383  0.0338  0.0367  0.0347
  0.0359  0.0332  0.0326  0.0317  0.0329  0.0320
  0.0304  0.0298  0.0293  0.0299  0.0300  0.0298
  0.0290  0.0290  0.0290  0.0290  0.0290  0.0290
  0.0309  0.0305  0.0303  0.0291  0.0303  0.0298
  0.0362  0.0337  0.0333  0.0313  0.0330  0.0319
  0.0436  0.0381  0.0379  0.0349  0.0367  0.0348
niter,ni,del,rscale     1    3   12.0000    1.2000
parameters
   -0.2402    4.4544   -6.4353   -6.6315    0.3922    0.3652
eta,q 0.97099  8.19191
  0.0444  0.0393  0.0384  0.0338  0.0367  0.0347
  0.0359  0.0330  0.0327  0.0318  0.0329  0.0320
  0.0304  0.0297  0.0294  0.0300  0.0300  0.0299
  0.0290  0.0290  0.0290  0.0290  0.0290  0.0290
  0.0310  0.0306  0.0303  0.0290  0.0303  0.0298
  0.0363  0.0338  0.0333  0.0312  0.0330  0.0319
  0.0437  0.0381  0.0378  0.0347  0.0367  0.0348
registration optimization eta report
parameter search radius
    6.0000    6.0000    6.0000    6.9000    6.0000    6.0000
100000*second partial in parameter space
       42.       27.       26.       11.       21.       16.
  0.0444  0.0393  0.0384  0.0338  0.0367  0.0347
  0.0359  0.0330  0.0327  0.0318  0.0329  0.0320
  0.0304  0.0297  0.0294  0.0300  0.0300  0.0299
  0.0290  0.0290  0.0290  0.0290  0.0290  0.0290
  0.0310  0.0306  0.0303  0.0290  0.0303  0.0298
  0.0363  0.0338  0.0333  0.0312  0.0330  0.0319
  0.0437  0.0381  0.0378  0.0347  0.0367  0.0348
   -0.2402    4.4544   -6.4353   -6.6315    0.3922    0.3652
eta,q 0.97099  8.19191

---------------------------------------------------------------------
imgreg_4dfp /opt/freesurfer/average/711-2C_as_mni_average_305 /opt/freesurfer/average/711-2B_as_mni_average_305_mask talsrcimg_g11 none talsrcimg_to_711-2C_as_mni_average_305_t4 3335
---------------------------------------------------------------------

freesurfer imgreg_4dfp.c
/opt/freesurfer/average/711-2C_as_mni_average_305.4dfp.img
       256       256       256         1
  1.000000  1.000000  1.000000
orientation T byte_order littleendian
Reading image: /opt/freesurfer/average/711-2C_as_mni_average_305.4dfp.img
dimensions:      256       256       256
mmppix:       1.0000   -1.0000   -1.0000
center:     128.0000 -129.0000 -129.0000
/opt/freesurfer/average/711-2B_as_mni_average_305_mask.4dfp.img
       256       256       256         1
  1.000000  1.000000  1.000000
orientation T byte_order littleendian
Reading mask: /opt/freesurfer/average/711-2B_as_mni_average_305_mask.4dfp.img (2306576 pixels)
talsrcimg_g11.4dfp.img
       256       256       256         1
  1.000000  1.000000  1.000000
orientation T byte_order littleendian
Reading image: talsrcimg_g11.4dfp.img
dimensions:      256       256       256
mmppix:       1.0000   -1.0000   -1.0000
center:     128.0000 -129.0000 -129.0000
fimgreg.f
image alignment mode   3335 decimal      D07 hex
parameters
   -0.2402    4.4544   -6.4353   -0.0044   -0.6706   -0.6714
   -0.5540   -0.7535    0.6373   11.5437    0.6845  -11.5480
eta,q 0.97378  8.16298
niter,ni,del,rscale     5    3    5.0000    1.2000
parameter  5  0.581963 ->  0.500000 qaram    1.1500
parameter  6  0.546717 ->  0.500000 qaram    1.1500
parameter 11  1.052337 ->  0.500000 qaram    1.1500
parameters
   -0.2378    4.4735   -6.7914   -2.2479   -4.8106   -4.8114
   -0.6949   -1.7740   -0.2153   10.5497   -3.4555  -10.6613
eta,q 0.97650  7.81374
  0.0291  0.0285  0.0275  0.0270  0.0256  0.0248  0.0264  0.0268  0.0254  0.0257  0.0233  0.0249
  0.0276  0.0272  0.0266  0.0263  0.0253  0.0244  0.0253  0.0255  0.0248  0.0249  0.0235  0.0243
  0.0266  0.0265  0.0262  0.0260  0.0253  0.0244  0.0246  0.0246  0.0244  0.0244  0.0238  0.0238
  0.0262  0.0262  0.0262  0.0262  0.0260  0.0252  0.0244  0.0244  0.0244  0.0243  0.0243  0.0236
  0.0266  0.0265  0.0266  0.0268  0.0272  0.0272  0.0247  0.0251  0.0246  0.0247  0.0250  0.0235
  0.0275  0.0272  0.0274  0.0281  0.0288  0.0301  0.0254  0.0267  0.0252  0.0255  0.0260  0.0238
  0.0291  0.0284  0.0285  0.0301  0.0310  0.0338  0.0265  0.0289  0.0261  0.0269  0.0271  0.0244
niter,ni,del,rscale     7    3    5.0000    1.2000
parameter 11  0.536834 ->  0.500000 qaram    1.3225
parameters
   -0.3842    4.4162   -7.2847   -0.8042   -4.6759   -5.7539
   -0.3906   -1.6086    1.1103   10.6295   -8.2165  -11.5608
eta,q 0.97684  7.84504
  0.0259  0.0255  0.0244  0.0256  0.0259  0.0257  0.0258  0.0267  0.0254  0.0252  0.0233  0.0239
  0.0245  0.0243  0.0237  0.0246  0.0247  0.0246  0.0247  0.0252  0.0245  0.0242  0.0232  0.0235
  0.0237  0.0236  0.0234  0.0238  0.0237  0.0239  0.0238  0.0241  0.0239  0.0237  0.0232  0.0233
  0.0235  0.0235  0.0235  0.0234  0.0233  0.0233  0.0235  0.0235  0.0235  0.0234  0.0234  0.0232
  0.0240  0.0238  0.0239  0.0233  0.0235  0.0233  0.0237  0.0237  0.0235  0.0235  0.0239  0.0233
  0.0250  0.0245  0.0246  0.0236  0.0245  0.0250  0.0244  0.0248  0.0238  0.0241  0.0247  0.0238
  0.0265  0.0256  0.0255  0.0244  0.0259  0.0284  0.0255  0.0267  0.0244  0.0252  0.0258  0.0245
niter,ni,del,rscale     7    3    5.0000    1.2000
parameters
   -0.2731    4.5527   -7.5983   -0.4266   -4.5498   -5.8912
   -0.4110   -1.4319    2.4334   11.2090   -9.2457  -12.1734
eta,q 0.97700  7.86260
  0.0261  0.0255  0.0241  0.0250  0.0258  0.0257  0.0253  0.0264  0.0251  0.0251  0.0241  0.0238
  0.0246  0.0242  0.0235  0.0241  0.0245  0.0244  0.0242  0.0247  0.0242  0.0240  0.0234  0.0234
  0.0236  0.0234  0.0232  0.0235  0.0235  0.0238  0.0234  0.0236  0.0235  0.0234  0.0230  0.0231
  0.0232  0.0232  0.0232  0.0231  0.0231  0.0231  0.0231  0.0231  0.0231  0.0231  0.0230  0.0230
  0.0234  0.0234  0.0234  0.0231  0.0233  0.0225  0.0234  0.0234  0.0231  0.0231  0.0232  0.0231
  0.0242  0.0240  0.0239  0.0236  0.0243  0.0238  0.0242  0.0244  0.0234  0.0236  0.0238  0.0236
  0.0256  0.0249  0.0246  0.0249  0.0257  0.0269  0.0254  0.0262  0.0241  0.0246  0.0247  0.0242
niter,ni,del,rscale     6    3    5.0000    1.2000
parameters
   -0.2512    4.7065   -7.7714   -0.5381   -4.7174   -6.1371
   -0.6052   -1.4360    2.7848   11.6543   -9.5599  -12.4661
eta,q 0.97695  7.84805
  0.0258  0.0255  0.0241  0.0247  0.0256  0.0255  0.0252  0.0262  0.0247  0.0250  0.0243  0.0240
  0.0243  0.0241  0.0234  0.0239  0.0243  0.0243  0.0241  0.0245  0.0239  0.0240  0.0235  0.0235
  0.0234  0.0233  0.0231  0.0233  0.0234  0.0237  0.0233  0.0235  0.0234  0.0234  0.0231  0.0232
  0.0230  0.0230  0.0230  0.0230  0.0230  0.0230  0.0231  0.0231  0.0231  0.0231  0.0230  0.0230
  0.0233  0.0232  0.0232  0.0230  0.0233  0.0225  0.0234  0.0234  0.0232  0.0231  0.0232  0.0232
  0.0242  0.0238  0.0237  0.0237  0.0244  0.0238  0.0242  0.0245  0.0236  0.0236  0.0236  0.0235
  0.0258  0.0248  0.0244  0.0252  0.0259  0.0269  0.0254  0.0263  0.0245  0.0246  0.0244  0.0242
niter,ni,del,rscale     5    3    5.0000    1.2000
parameters
   -0.2477    4.8383   -7.8736   -0.6011   -4.8870   -6.2779
   -0.6491   -1.4489    2.9247   12.0205   -9.7111  -12.6648
eta,q 0.97691  7.83813
  0.0258  0.0255  0.0242  0.0248  0.0256  0.0256  0.0253  0.0262  0.0247  0.0249  0.0243  0.0240
  0.0243  0.0241  0.0235  0.0240  0.0244  0.0243  0.0241  0.0245  0.0239  0.0240  0.0236  0.0235
  0.0234  0.0233  0.0231  0.0234  0.0235  0.0237  0.0234  0.0235  0.0233  0.0234  0.0232  0.0232
  0.0230  0.0231  0.0231  0.0230  0.0231  0.0231  0.0231  0.0231  0.0231  0.0231  0.0231  0.0231
  0.0234  0.0233  0.0232  0.0231  0.0234  0.0225  0.0234  0.0235  0.0232  0.0232  0.0233  0.0232
  0.0243  0.0239  0.0237  0.0237  0.0245  0.0237  0.0242  0.0245  0.0237  0.0237  0.0236  0.0235
  0.0258  0.0249  0.0243  0.0251  0.0259  0.0267  0.0254  0.0263  0.0246  0.0247  0.0244  0.0242
niter,ni,del,rscale     4    3    5.0000    1.2000
parameters
   -0.2484    4.9392   -7.9380   -0.6459   -5.0268   -6.3652
   -0.6588   -1.4638    2.9956   12.2895   -9.7847  -12.8067
eta,q 0.97688  7.83087
  0.0258  0.0254  0.0242  0.0248  0.0256  0.0256  0.0253  0.0262  0.0247  0.0249  0.0244  0.0240
  0.0243  0.0241  0.0236  0.0240  0.0244  0.0243  0.0242  0.0246  0.0239  0.0240  0.0236  0.0235
  0.0234  0.0233  0.0232  0.0234  0.0235  0.0237  0.0234  0.0235  0.0234  0.0234  0.0232  0.0232
  0.0231  0.0231  0.0231  0.0231  0.0231  0.0231  0.0231  0.0231  0.0231  0.0231  0.0231  0.0231
  0.0234  0.0233  0.0233  0.0231  0.0234  0.0225  0.0234  0.0235  0.0233  0.0232  0.0233  0.0232
  0.0243  0.0240  0.0237  0.0238  0.0245  0.0237  0.0242  0.0245  0.0238  0.0237  0.0236  0.0236
  0.0258  0.0250  0.0243  0.0251  0.0259  0.0267  0.0254  0.0263  0.0247  0.0247  0.0244  0.0242
niter,ni,del,rscale     3    3    5.0000    1.2000
parameters
   -0.2511    5.0129   -7.9843   -0.6683   -5.1332   -6.4356
   -0.6546   -1.4747    3.0280   12.5001   -9.8417  -12.9020
eta,q 0.97686  7.82559
  0.0258  0.0254  0.0243  0.0248  0.0256  0.0256  0.0254  0.0262  0.0247  0.0249  0.0244  0.0241
  0.0244  0.0241  0.0236  0.0240  0.0244  0.0243  0.0242  0.0246  0.0239  0.0240  0.0236  0.0236
  0.0234  0.0233  0.0232  0.0235  0.0236  0.0238  0.0234  0.0235  0.0234  0.0234  0.0232  0.0233
  0.0231  0.0231  0.0231  0.0231  0.0231  0.0231  0.0232  0.0232  0.0232  0.0232  0.0231  0.0231
  0.0234  0.0234  0.0233  0.0232  0.0234  0.0225  0.0234  0.0235  0.0233  0.0232  0.0233  0.0232
  0.0244  0.0240  0.0237  0.0238  0.0245  0.0237  0.0242  0.0246  0.0238  0.0238  0.0237  0.0236
  0.0259  0.0250  0.0243  0.0251  0.0259  0.0266  0.0254  0.0263  0.0247  0.0247  0.0244  0.0242
niter,ni,del,rscale     2    3    5.0000    1.2000
parameters
   -0.2531    5.0683   -8.0175   -0.6940   -5.2100   -6.4785
   -0.6481   -1.4841    3.0458   12.6627   -9.8741  -12.9749
eta,q 0.97684  7.82185
  0.0258  0.0253  0.0243  0.0248  0.0257  0.0256  0.0254  0.0262  0.0247  0.0248  0.0244  0.0241
  0.0244  0.0241  0.0236  0.0240  0.0245  0.0244  0.0242  0.0246  0.0239  0.0240  0.0237  0.0236
  0.0235  0.0234  0.0232  0.0235  0.0236  0.0238  0.0234  0.0235  0.0234  0.0234  0.0232  0.0233
  0.0231  0.0231  0.0231  0.0231  0.0231  0.0231  0.0232  0.0232  0.0232  0.0232  0.0232  0.0232
  0.0234  0.0234  0.0233  0.0232  0.0234  0.0226  0.0234  0.0235  0.0233  0.0233  0.0233  0.0232
  0.0244  0.0241  0.0237  0.0238  0.0245  0.0237  0.0242  0.0246  0.0238  0.0238  0.0237  0.0236
  0.0259  0.0250  0.0243  0.0251  0.0259  0.0266  0.0254  0.0263  0.0247  0.0248  0.0244  0.0242
niter,ni,del,rscale     1    3    5.0000    1.2000
parameters
   -0.2559    5.1129   -8.0413   -0.7125   -5.2768   -6.5191
   -0.6458   -1.4924    3.0538   12.7904   -9.8818  -13.0251
eta,q 0.97683  7.81854
  0.0258  0.0253  0.0243  0.0248  0.0257  0.0256  0.0254  0.0262  0.0247  0.0248  0.0244  0.0241
  0.0244  0.0241  0.0236  0.0240  0.0245  0.0244  0.0242  0.0246  0.0239  0.0239  0.0237  0.0236
  0.0235  0.0234  0.0233  0.0235  0.0236  0.0238  0.0235  0.0235  0.0234  0.0234  0.0233  0.0233
  0.0232  0.0232  0.0232  0.0232  0.0232  0.0232  0.0232  0.0232  0.0232  0.0232  0.0232  0.0232
  0.0235  0.0234  0.0233  0.0232  0.0234  0.0226  0.0234  0.0235  0.0233  0.0233  0.0233  0.0233
  0.0244  0.0241  0.0237  0.0238  0.0245  0.0237  0.0242  0.0246  0.0238  0.0238  0.0237  0.0236
  0.0259  0.0251  0.0243  0.0251  0.0259  0.0266  0.0254  0.0263  0.0247  0.0248  0.0244  0.0242
registration optimization eta report
parameter search radius
    2.4000    2.4000    2.4000    7.2000    8.2800    8.2800
    7.2000    7.2000    7.2000    7.2000    9.5220    7.2000
100000*second partial in parameter space
       47.       35.       20.        4.        4.        5.
        4.        6.        3.        3.        1.        2.
  0.0258  0.0253  0.0243  0.0248  0.0257  0.0256  0.0254  0.0262  0.0247  0.0248  0.0244  0.0241
  0.0244  0.0241  0.0236  0.0240  0.0245  0.0244  0.0242  0.0246  0.0239  0.0239  0.0237  0.0236
  0.0235  0.0234  0.0233  0.0235  0.0236  0.0238  0.0235  0.0235  0.0234  0.0234  0.0233  0.0233
  0.0232  0.0232  0.0232  0.0232  0.0232  0.0232  0.0232  0.0232  0.0232  0.0232  0.0232  0.0232
  0.0235  0.0234  0.0233  0.0232  0.0234  0.0226  0.0234  0.0235  0.0233  0.0233  0.0233  0.0233
  0.0244  0.0241  0.0237  0.0238  0.0245  0.0237  0.0242  0.0246  0.0238  0.0238  0.0237  0.0236
  0.0259  0.0251  0.0243  0.0251  0.0259  0.0266  0.0254  0.0263  0.0247  0.0248  0.0244  0.0242
   -0.2559    5.1129   -8.0413   -0.7125   -5.2768   -6.5191
   -0.6458   -1.4924    3.0538   12.7904   -9.8818  -13.0251
eta,q 0.97683  7.81854

---------------------------------------------------------------------
imgreg_4dfp /opt/freesurfer/average/711-2C_as_mni_average_305 /opt/freesurfer/average/711-2B_as_mni_average_305_mask talsrcimg_g11 none talsrcimg_to_711-2C_as_mni_average_305_t4 2311
---------------------------------------------------------------------

freesurfer imgreg_4dfp.c
/opt/freesurfer/average/711-2C_as_mni_average_305.4dfp.img
       256       256       256         1
  1.000000  1.000000  1.000000
orientation T byte_order littleendian
Reading image: /opt/freesurfer/average/711-2C_as_mni_average_305.4dfp.img
dimensions:      256       256       256
mmppix:       1.0000   -1.0000   -1.0000
center:     128.0000 -129.0000 -129.0000
/opt/freesurfer/average/711-2B_as_mni_average_305_mask.4dfp.img
       256       256       256         1
  1.000000  1.000000  1.000000
orientation T byte_order littleendian
Reading mask: /opt/freesurfer/average/711-2B_as_mni_average_305_mask.4dfp.img (2306576 pixels)
talsrcimg_g11.4dfp.img
       256       256       256         1
  1.000000  1.000000  1.000000
orientation T byte_order littleendian
Reading image: talsrcimg_g11.4dfp.img
dimensions:      256       256       256
mmppix:       1.0000   -1.0000   -1.0000
center:     128.0000 -129.0000 -129.0000
fimgreg.f
image alignment mode   2311 decimal      907 hex
parameters
   -0.2559    5.1129   -8.0413   -0.7125   -5.2768   -6.5191
   -0.6458   -1.4924    3.0538   12.7904   -9.8818  -13.0251
eta,q 0.97683  7.81854
niter,ni,del,rscale     5    3    5.0000    0.8000
parameter  6 -0.556882 -> -0.500000 qaram    1.1500
parameters
   -0.2463    5.0792   -8.0909   -0.1581   -5.0259   -3.7591
   -0.5424   -1.4813    3.1032   12.4148   -9.3780  -13.9182
eta,q 0.97747  7.93416
  0.0244  0.0241  0.0237  0.0241  0.0242  0.0242  0.0237  0.0245  0.0233  0.0234  0.0232  0.0229
  0.0237  0.0235  0.0234  0.0237  0.0237  0.0238  0.0231  0.0235  0.0229  0.0229  0.0229  0.0226
  0.0233  0.0233  0.0232  0.0234  0.0233  0.0236  0.0227  0.0228  0.0227  0.0226  0.0227  0.0225
  0.0232  0.0232  0.0232  0.0232  0.0231  0.0231  0.0226  0.0225  0.0225  0.0225  0.0226  0.0225
  0.0233  0.0233  0.0232  0.0231  0.0232  0.0226  0.0227  0.0228  0.0226  0.0227  0.0226  0.0227
  0.0237  0.0236  0.0234  0.0233  0.0235  0.0226  0.0230  0.0235  0.0229  0.0231  0.0227  0.0229
  0.0244  0.0241  0.0237  0.0238  0.0241  0.0232  0.0236  0.0246  0.0233  0.0237  0.0230  0.0233
niter,ni,del,rscale     5    3    5.0000    0.8000
parameters
   -0.2537    4.9153   -7.5581   -0.2565   -4.8758   -4.4798
   -0.5136   -1.5254    2.9350   12.2035   -9.6670  -12.8866
eta,q 0.97748  7.90951
  0.0239  0.0233  0.0240  0.0234  0.0236  0.0239  0.0236  0.0243  0.0233  0.0234  0.0230  0.0232
  0.0231  0.0228  0.0233  0.0229  0.0230  0.0235  0.0231  0.0234  0.0229  0.0230  0.0227  0.0229
  0.0227  0.0226  0.0228  0.0226  0.0226  0.0229  0.0227  0.0228  0.0226  0.0227  0.0226  0.0227
  0.0225  0.0225  0.0225  0.0224  0.0224  0.0224  0.0225  0.0226  0.0225  0.0225  0.0226  0.0226
  0.0227  0.0227  0.0224  0.0225  0.0225  0.0226  0.0227  0.0227  0.0226  0.0227  0.0226  0.0225
  0.0232  0.0231  0.0225  0.0229  0.0229  0.0238  0.0230  0.0234  0.0229  0.0230  0.0228  0.0226
  0.0239  0.0237  0.0228  0.0236  0.0235  0.0258  0.0236  0.0244  0.0234  0.0236  0.0231  0.0228
niter,ni,del,rscale     4    3    5.0000    0.7000
parameters
   -0.2703    4.8123   -7.6480   -0.0254   -4.7447   -4.4633
   -0.5237   -1.4460    3.0077   11.9623   -9.5845  -12.8754
eta,q 0.97751  7.92190
  0.0235  0.0232  0.0230  0.0233  0.0234  0.0239  0.0233  0.0240  0.0231  0.0231  0.0229  0.0229
  0.0230  0.0228  0.0227  0.0229  0.0230  0.0235  0.0229  0.0232  0.0228  0.0228  0.0227  0.0227
  0.0226  0.0226  0.0225  0.0227  0.0226  0.0230  0.0226  0.0227  0.0226  0.0226  0.0225  0.0225
  0.0225  0.0225  0.0225  0.0225  0.0225  0.0225  0.0225  0.0225  0.0225  0.0225  0.0225  0.0225
  0.0226  0.0227  0.0226  0.0225  0.0225  0.0224  0.0226  0.0226  0.0225  0.0226  0.0225  0.0225
  0.0230  0.0229  0.0228  0.0228  0.0228  0.0230  0.0229  0.0231  0.0227  0.0229  0.0227  0.0226
  0.0236  0.0234  0.0232  0.0232  0.0233  0.0243  0.0233  0.0239  0.0231  0.0233  0.0229  0.0229
niter,ni,del,rscale     3    3    5.0000    0.6000
parameters
   -0.2532    4.7566   -7.6427    0.0851   -4.6439   -4.1267
   -0.5556   -1.4058    2.9700   11.8188   -9.4685  -12.9113
eta,q 0.97758  7.93860
  0.0233  0.0230  0.0230  0.0231  0.0232  0.0237  0.0230  0.0236  0.0228  0.0229  0.0227  0.0227
  0.0229  0.0227  0.0227  0.0228  0.0228  0.0234  0.0227  0.0230  0.0226  0.0227  0.0226  0.0225
  0.0226  0.0225  0.0225  0.0226  0.0226  0.0229  0.0225  0.0226  0.0225  0.0225  0.0225  0.0224
  0.0225  0.0225  0.0225  0.0225  0.0225  0.0225  0.0224  0.0224  0.0224  0.0224  0.0224  0.0224
  0.0226  0.0226  0.0225  0.0225  0.0225  0.0224  0.0225  0.0225  0.0225  0.0225  0.0224  0.0224
  0.0228  0.0228  0.0227  0.0227  0.0227  0.0228  0.0227  0.0229  0.0226  0.0227  0.0225  0.0225
  0.0232  0.0231  0.0229  0.0231  0.0231  0.0237  0.0231  0.0236  0.0229  0.0230  0.0227  0.0227
niter,ni,del,rscale     2    3    5.0000    0.5000
parameters
   -0.2415    4.7100   -7.5516    0.1404   -4.5695   -3.7641
   -0.5679   -1.3668    2.8998   11.6790   -9.3711  -12.8438
eta,q 0.97764  7.95272
  0.0230  0.0228  0.0228  0.0228  0.0229  0.0235  0.0228  0.0232  0.0227  0.0227  0.0226  0.0226
  0.0227  0.0226  0.0226  0.0226  0.0227  0.0232  0.0226  0.0228  0.0225  0.0225  0.0225  0.0225
  0.0225  0.0224  0.0225  0.0225  0.0225  0.0227  0.0224  0.0225  0.0224  0.0224  0.0224  0.0224
  0.0224  0.0224  0.0224  0.0224  0.0224  0.0224  0.0224  0.0224  0.0224  0.0224  0.0224  0.0224
  0.0225  0.0225  0.0224  0.0224  0.0224  0.0224  0.0224  0.0224  0.0224  0.0224  0.0224  0.0224
  0.0227  0.0226  0.0225  0.0226  0.0226  0.0227  0.0226  0.0227  0.0225  0.0226  0.0225  0.0224
  0.0230  0.0229  0.0227  0.0228  0.0229  0.0233  0.0228  0.0232  0.0227  0.0228  0.0226  0.0226
niter,ni,del,rscale     1    3    5.0000    0.4000
parameters
   -0.2297    4.6578   -7.4350    0.1727   -4.5154   -3.4703
   -0.5638   -1.3539    2.8054   11.5231   -9.2575  -12.7263
eta,q 0.97767  7.96287
  0.0227  0.0226  0.0226  0.0226  0.0227  0.0232  0.0226  0.0229  0.0225  0.0226  0.0225  0.0225
  0.0225  0.0225  0.0225  0.0225  0.0225  0.0229  0.0225  0.0226  0.0224  0.0224  0.0224  0.0224
  0.0224  0.0224  0.0224  0.0224  0.0224  0.0226  0.0224  0.0224  0.0224  0.0224  0.0224  0.0224
  0.0224  0.0224  0.0224  0.0224  0.0224  0.0224  0.0223  0.0223  0.0223  0.0223  0.0223  0.0223
  0.0224  0.0224  0.0224  0.0224  0.0224  0.0224  0.0224  0.0224  0.0224  0.0224  0.0223  0.0223
  0.0225  0.0225  0.0224  0.0225  0.0225  0.0226  0.0225  0.0226  0.0224  0.0225  0.0224  0.0224
  0.0227  0.0227  0.0225  0.0226  0.0227  0.0230  0.0226  0.0229  0.0226  0.0226  0.0225  0.0224
registration optimization eta report
parameter search radius
    0.8000    0.8000    0.8000    2.4000    2.4000    2.7600
    2.4000    2.4000    2.4000    2.4000    2.4000    2.4000
100000*second partial in parameter space
       56.       41.       34.        5.        5.       10.
        5.       10.        3.        5.        3.        2.
  0.0227  0.0226  0.0226  0.0226  0.0227  0.0232  0.0226  0.0229  0.0225  0.0226  0.0225  0.0225
  0.0225  0.0225  0.0225  0.0225  0.0225  0.0229  0.0225  0.0226  0.0224  0.0224  0.0224  0.0224
  0.0224  0.0224  0.0224  0.0224  0.0224  0.0226  0.0224  0.0224  0.0224  0.0224  0.0224  0.0224
  0.0224  0.0224  0.0224  0.0224  0.0224  0.0224  0.0223  0.0223  0.0223  0.0223  0.0223  0.0223
  0.0224  0.0224  0.0224  0.0224  0.0224  0.0224  0.0224  0.0224  0.0224  0.0224  0.0223  0.0223
  0.0225  0.0225  0.0224  0.0225  0.0225  0.0226  0.0225  0.0226  0.0224  0.0225  0.0224  0.0224
  0.0227  0.0227  0.0225  0.0226  0.0227  0.0230  0.0226  0.0229  0.0226  0.0226  0.0225  0.0224
   -0.2297    4.6578   -7.4350    0.1727   -4.5154   -3.4703
   -0.5638   -1.3539    2.8054   11.5231   -9.2575  -12.7263
eta,q 0.97767  7.96287

---------------------------------------------------------------------
imgreg_4dfp /opt/freesurfer/average/711-2C_as_mni_average_305 /opt/freesurfer/average/711-2B_as_mni_average_305_mask talsrcimg_g11 none talsrcimg_to_711-2C_as_mni_average_305_t4 2311
---------------------------------------------------------------------

freesurfer imgreg_4dfp.c
/opt/freesurfer/average/711-2C_as_mni_average_305.4dfp.img
       256       256       256         1
  1.000000  1.000000  1.000000
orientation T byte_order littleendian
Reading image: /opt/freesurfer/average/711-2C_as_mni_average_305.4dfp.img
dimensions:      256       256       256
mmppix:       1.0000   -1.0000   -1.0000
center:     128.0000 -129.0000 -129.0000
/opt/freesurfer/average/711-2B_as_mni_average_305_mask.4dfp.img
       256       256       256         1
  1.000000  1.000000  1.000000
orientation T byte_order littleendian
Reading mask: /opt/freesurfer/average/711-2B_as_mni_average_305_mask.4dfp.img (2306576 pixels)
talsrcimg_g11.4dfp.img
       256       256       256         1
  1.000000  1.000000  1.000000
orientation T byte_order littleendian
Reading image: talsrcimg_g11.4dfp.img
dimensions:      256       256       256
mmppix:       1.0000   -1.0000   -1.0000
center:     128.0000 -129.0000 -129.0000
fimgreg.f
image alignment mode   2311 decimal      907 hex
parameters
   -0.2297    4.6578   -7.4350    0.1727   -4.5154   -3.4703
   -0.5638   -1.3539    2.8054   11.5231   -9.2575  -12.7263
eta,q 0.97767  7.96288
niter,ni,del,rscale     5    3    5.0000    0.8000
parameters
   -0.2294    4.6375   -7.3124   -0.1849   -4.6513   -3.9633
   -0.5238   -1.4400    2.7786   11.3591   -9.3295  -12.4984
eta,q 0.97759  7.92976
  0.0238  0.0234  0.0233  0.0232  0.0234  0.0237  0.0235  0.0242  0.0232  0.0233  0.0229  0.0230
  0.0230  0.0228  0.0228  0.0228  0.0229  0.0233  0.0229  0.0233  0.0228  0.0228  0.0226  0.0227
  0.0225  0.0224  0.0225  0.0225  0.0225  0.0227  0.0225  0.0226  0.0225  0.0225  0.0225  0.0225
  0.0223  0.0223  0.0223  0.0223  0.0223  0.0223  0.0224  0.0224  0.0224  0.0224  0.0224  0.0224
  0.0225  0.0225  0.0224  0.0225  0.0225  0.0225  0.0225  0.0226  0.0225  0.0225  0.0225  0.0224
  0.0230  0.0228  0.0226  0.0229  0.0229  0.0234  0.0229  0.0233  0.0228  0.0229  0.0227  0.0226
  0.0238  0.0234  0.0231  0.0237  0.0236  0.0250  0.0235  0.0244  0.0232  0.0235  0.0230  0.0229
niter,ni,del,rscale     4    3    5.0000    0.7000
parameters
   -0.2453    4.6120   -7.4331   -0.0032   -4.5597   -3.9145
   -0.5472   -1.4152    2.8160   11.3520   -9.2925  -12.5907
eta,q 0.97762  7.94108
  0.0234  0.0232  0.0229  0.0232  0.0233  0.0237  0.0232  0.0239  0.0230  0.0231  0.0228  0.0227
  0.0229  0.0227  0.0226  0.0228  0.0228  0.0233  0.0228  0.0231  0.0227  0.0227  0.0226  0.0226
  0.0225  0.0225  0.0224  0.0226  0.0225  0.0228  0.0225  0.0226  0.0225  0.0225  0.0224  0.0224
  0.0224  0.0224  0.0224  0.0224  0.0224  0.0224  0.0224  0.0224  0.0224  0.0224  0.0224  0.0224
  0.0225  0.0225  0.0225  0.0224  0.0225  0.0224  0.0225  0.0225  0.0224  0.0224  0.0224  0.0224
  0.0229  0.0228  0.0228  0.0227  0.0227  0.0229  0.0228  0.0231  0.0226  0.0227  0.0226  0.0226
  0.0235  0.0232  0.0231  0.0232  0.0233  0.0240  0.0232  0.0239  0.0230  0.0232  0.0228  0.0228
niter,ni,del,rscale     3    3    5.0000    0.6000
parameters
   -0.2382    4.6040   -7.4334    0.0867   -4.5218   -3.6843
   -0.5512   -1.3967    2.7794   11.3453   -9.2420  -12.6387
eta,q 0.97765  7.95233
  0.0232  0.0230  0.0229  0.0230  0.0230  0.0235  0.0230  0.0235  0.0228  0.0229  0.0227  0.0226
  0.0227  0.0226  0.0226  0.0227  0.0227  0.0231  0.0226  0.0229  0.0225  0.0226  0.0225  0.0225
  0.0225  0.0224  0.0224  0.0225  0.0225  0.0227  0.0224  0.0225  0.0224  0.0224  0.0224  0.0224
  0.0224  0.0224  0.0224  0.0224  0.0224  0.0224  0.0223  0.0223  0.0223  0.0223  0.0223  0.0223
  0.0225  0.0225  0.0224  0.0224  0.0224  0.0224  0.0224  0.0225  0.0224  0.0224  0.0224  0.0224
  0.0227  0.0227  0.0226  0.0226  0.0227  0.0227  0.0226  0.0229  0.0225  0.0226  0.0225  0.0225
  0.0232  0.0230  0.0229  0.0230  0.0230  0.0235  0.0230  0.0235  0.0228  0.0229  0.0227  0.0227
niter,ni,del,rscale     2    3    5.0000    0.5000
parameters
   -0.2307    4.5891   -7.3751    0.1203   -4.4751   -3.4513
   -0.5618   -1.3711    2.7432   11.3278   -9.2049  -12.6050
eta,q 0.97767  7.96150
  0.0229  0.0227  0.0227  0.0228  0.0228  0.0233  0.0228  0.0232  0.0226  0.0227  0.0226  0.0225
  0.0226  0.0225  0.0225  0.0226  0.0226  0.0229  0.0225  0.0227  0.0225  0.0225  0.0224  0.0224
  0.0224  0.0224  0.0224  0.0224  0.0224  0.0226  0.0224  0.0224  0.0224  0.0224  0.0224  0.0224
  0.0223  0.0223  0.0223  0.0223  0.0223  0.0223  0.0223  0.0223  0.0223  0.0223  0.0223  0.0223
  0.0224  0.0224  0.0224  0.0224  0.0224  0.0223  0.0224  0.0224  0.0224  0.0224  0.0223  0.0223
  0.0226  0.0225  0.0225  0.0225  0.0225  0.0226  0.0225  0.0227  0.0225  0.0225  0.0224  0.0224
  0.0229  0.0228  0.0226  0.0228  0.0228  0.0232  0.0228  0.0232  0.0226  0.0227  0.0225  0.0225
niter,ni,del,rscale     1    3    5.0000    0.4000
parameters
   -0.2251    4.5656   -7.2940    0.1523   -4.4557   -3.2582
   -0.5480   -1.3591    2.7099   11.2648   -9.1760  -12.5094
eta,q 0.97769  7.96795
  0.0227  0.0226  0.0226  0.0226  0.0226  0.0230  0.0226  0.0229  0.0225  0.0226  0.0225  0.0224
  0.0225  0.0224  0.0225  0.0225  0.0225  0.0227  0.0224  0.0226  0.0224  0.0224  0.0224  0.0224
  0.0224  0.0223  0.0224  0.0224  0.0224  0.0225  0.0223  0.0224  0.0223  0.0223  0.0223  0.0223
  0.0223  0.0223  0.0223  0.0223  0.0223  0.0223  0.0223  0.0223  0.0223  0.0223  0.0223  0.0223
  0.0224  0.0224  0.0223  0.0223  0.0224  0.0223  0.0223  0.0224  0.0223  0.0223  0.0223  0.0223
  0.0225  0.0225  0.0224  0.0224  0.0224  0.0225  0.0224  0.0226  0.0224  0.0224  0.0224  0.0224
  0.0227  0.0226  0.0225  0.0226  0.0226  0.0229  0.0226  0.0229  0.0225  0.0226  0.0225  0.0224
registration optimization eta report
parameter search radius
    0.8000    0.8000    0.8000    2.4000    2.4000    2.4000
    2.4000    2.4000    2.4000    2.4000    2.4000    2.4000
100000*second partial in parameter space
       56.       41.       35.        5.        5.       11.
        5.       10.        3.        5.        3.        2.
  0.0227  0.0226  0.0226  0.0226  0.0226  0.0230  0.0226  0.0229  0.0225  0.0226  0.0225  0.0224
  0.0225  0.0224  0.0225  0.0225  0.0225  0.0227  0.0224  0.0226  0.0224  0.0224  0.0224  0.0224
  0.0224  0.0223  0.0224  0.0224  0.0224  0.0225  0.0223  0.0224  0.0223  0.0223  0.0223  0.0223
  0.0223  0.0223  0.0223  0.0223  0.0223  0.0223  0.0223  0.0223  0.0223  0.0223  0.0223  0.0223
  0.0224  0.0224  0.0223  0.0223  0.0224  0.0223  0.0223  0.0224  0.0223  0.0223  0.0223  0.0223
  0.0225  0.0225  0.0224  0.0224  0.0224  0.0225  0.0224  0.0226  0.0224  0.0224  0.0224  0.0224
  0.0227  0.0226  0.0225  0.0226  0.0226  0.0229  0.0226  0.0229  0.0225  0.0226  0.0225  0.0224
   -0.2251    4.5656   -7.2940    0.1523   -4.4557   -3.2582
   -0.5480   -1.3591    2.7099   11.2648   -9.1760  -12.5094
eta,q 0.97769  7.96795

---------------------------------------------------------------------
compute_vox2vox talsrcimg talsrcimg_to_711-2C_as_mni_average_305_t4 /opt/freesurfer/average/711-2C_as_mni_average_305
---------------------------------------------------------------------

freesurfer compute_vox2vox.c
Reading: talsrcimg.4dfp.ifh
Reading: talsrcimg_to_711-2C_as_mni_average_305_t4
Reading: /opt/freesurfer/average/711-2C_as_mni_average_305.4dfp.ifh
Writing: talsrcimg_to_711-2C_as_mni_average_305_t4_vox2vox.txt

start time Mon Mar 9 02:59:21 CET 2026
end		time Mon Mar 9 03:00:49 CET 2026

mpr2mni305 success

avi2talxfm orig_nu.mgz /opt/freesurfer/average/mni305.cor.mgz talsrcimg_to_711-2C_as_mni_average_305_t4_vox2vox.txt transforms/talairach.auto.xfm
avi2talxfm done
mv -f /out/sourcedata/freesurfer/sub-v1s17x0051137_ses-1/mri/talsrcimg_to_711-2C_as_mni_average_305_t4_vox2vox.txt /out/sourcedata/freesurfer/sub-v1s17x0051137_ses-1/mri/transforms/talsrcimg_to_711-2C_as_mni_average_305_t4_vox2vox.txt
lta_convert --src orig_nu.mgz --trg /opt/freesurfer/average/mni305.cor.mgz --inxfm transforms/talairach.auto.xfm --outlta transforms/talairach.auto.xfm.lta --subject fsaverage
7.3.2

--src: orig_nu.mgz src image (geometry).
--trg: /opt/freesurfer/average/mni305.cor.mgz trg image (geometry).
--inmni: transforms/talairach.auto.xfm input MNI/XFM transform.
--outlta: transforms/talairach.auto.xfm.lta output LTA.
--s: fsaverage subject name
 LTA read, type : 1
 0.99948   0.01317   0.00746   1.95431;
 0.08977   1.01934   0.13397  -1.49128;
-0.03893  -0.12055   1.03063  -2.25446;
 0.00000   0.00000   0.00000   1.00000;
setting subject to fsaverage
Writing  LTA to file transforms/talairach.auto.xfm.lta...
lta_convert successful.
 
 
Started at Mon Mar 9 02:59:21 CET 2026
Ended   at Mon Mar  9 03:00:49 CET 2026
talairach_avi done
