status file for recon-all
Mon Mar  9 00:56:14 CET 2026
#@# MotionCor Mon Mar  9 00:56:15 CET 2026
#@# Talairach Mon Mar  9 00:56:20 CET 2026
#@# Talairach Failure Detection Mon Mar  9 00:59:10 CET 2026
#@# Nu Intensity Correction Mon Mar  9 00:59:11 CET 2026
#@# Intensity Normalization Mon Mar  9 01:01:55 CET 2026
recon-all -s sub-v1s17x0050236_ses-1 finished without error at Mon Mar  9 01:02:54 CET 2026



#New# invocation of recon-all 



status file for recon-all
Mon Mar  9 01:09:55 CET 2026
#@# EM Registration Mon Mar  9 01:09:55 CET 2026
recon-all -s sub-v1s17x0050236_ses-1 finished without error at Mon Mar  9 01:14:14 CET 2026



#New# invocation of recon-all 



status file for recon-all
Mon Mar  9 01:14:17 CET 2026
#@# CA Normalize Mon Mar  9 01:14:17 CET 2026
#@# CA Reg Mon Mar  9 01:15:09 CET 2026
#@# SubCort Seg Mon Mar  9 02:14:28 CET 2026
#@# CC Seg Mon Mar  9 02:32:53 CET 2026
#@# Merge ASeg Mon Mar  9 02:33:13 CET 2026
#@# Intensity Normalization2 Mon Mar  9 02:33:13 CET 2026
#@# Mask BFS Mon Mar  9 02:34:38 CET 2026
#@# WM Segmentation Mon Mar  9 02:34:39 CET 2026
#@# Fill Mon Mar  9 02:36:07 CET 2026
recon-all -s sub-v1s17x0050236_ses-1 finished without error at Mon Mar  9 02:36:44 CET 2026



#New# invocation of recon-all 



status file for recon-all
Mon Mar  9 04:02:09 CET 2026
#@# white curv lh Mon Mar  9 04:02:09 CET 2026
#@# white area lh Mon Mar  9 04:02:09 CET 2026
#@# pial curv lh Mon Mar  9 04:02:09 CET 2026
#@# pial area lh Mon Mar  9 04:02:09 CET 2026
#@# thickness lh Mon Mar  9 04:02:09 CET 2026
#@# area and vertex vol lh Mon Mar  9 04:02:09 CET 2026
#@# white curv rh Mon Mar  9 04:02:09 CET 2026
#@# white area rh Mon Mar  9 04:02:09 CET 2026
#@# pial curv rh Mon Mar  9 04:02:09 CET 2026
#@# pial area rh Mon Mar  9 04:02:09 CET 2026
#@# thickness rh Mon Mar  9 04:02:09 CET 2026
#@# area and vertex vol rh Mon Mar  9 04:02:09 CET 2026
#@# Cortical ribbon mask Mon Mar  9 04:02:09 CET 2026
recon-all -s sub-v1s17x0050236_ses-1 finished without error at Mon Mar  9 04:05:06 CET 2026



#New# invocation of recon-all 



status file for recon-all
Mon Mar  9 04:10:23 CET 2026
#@# white curv lh Mon Mar  9 04:10:23 CET 2026
#@# white area lh Mon Mar  9 04:10:23 CET 2026
#@# pial curv lh Mon Mar  9 04:10:23 CET 2026
#@# pial area lh Mon Mar  9 04:10:23 CET 2026
#@# thickness lh Mon Mar  9 04:10:23 CET 2026
#@# area and vertex vol lh Mon Mar  9 04:10:23 CET 2026
#@# white curv rh Mon Mar  9 04:10:23 CET 2026
#@# white area rh Mon Mar  9 04:10:23 CET 2026
#@# pial curv rh Mon Mar  9 04:10:23 CET 2026
#@# pial area rh Mon Mar  9 04:10:23 CET 2026
#@# thickness rh Mon Mar  9 04:10:23 CET 2026
#@# area and vertex vol rh Mon Mar  9 04:10:23 CET 2026
#@# Curvature Stats lh Mon Mar  9 04:10:23 CET 2026
#@# Curvature Stats rh Mon Mar  9 04:10:25 CET 2026
#@# Relabel Hypointensities Mon Mar  9 04:10:27 CET 2026
#@# APas-to-ASeg Mon Mar  9 04:10:37 CET 2026
#@# AParc-to-ASeg aparc Mon Mar  9 04:10:43 CET 2026
#@# AParc-to-ASeg aparc.a2009s Mon Mar  9 04:11:05 CET 2026
#@# AParc-to-ASeg aparc.DKTatlas Mon Mar  9 04:11:25 CET 2026
#@# WMParc Mon Mar  9 04:11:50 CET 2026
#@# ASeg Stats Mon Mar  9 04:13:32 CET 2026
recon-all -s sub-v1s17x0050236_ses-1 finished without error at Mon Mar  9 04:14:00 CET 2026
