status file for recon-all
Mon Mar  9 03:21:36 CET 2026
#@# Tessellate rh Mon Mar  9 03:21:36 CET 2026
#@# Smooth1 rh Mon Mar  9 03:21:39 CET 2026
#@# Inflation1 rh Mon Mar  9 03:21:41 CET 2026
#@# QSphere rh Mon Mar  9 03:21:54 CET 2026
#@# Fix Topology rh Mon Mar  9 03:24:01 CET 2026
#@# Smooth2 rh Mon Mar  9 03:31:19 CET 2026
#@# Inflation2 rh Mon Mar  9 03:31:21 CET 2026
#@# Curv .H and .K rh Mon Mar  9 03:31:33 CET 2026
#@# Sphere rh Mon Mar  9 03:32:13 CET 2026
#@# Surf Reg rh Mon Mar  9 03:36:23 CET 2026
#@# Jacobian white rh Mon Mar  9 03:55:38 CET 2026
#@# AvgCurv rh Mon Mar  9 03:55:39 CET 2026
#@# Cortical Parc rh Mon Mar  9 03:55:40 CET 2026
#@# white curv rh Mon Mar  9 04:01:19 CET 2026
#@# white area rh Mon Mar  9 04:01:21 CET 2026
#@# pial curv rh Mon Mar  9 04:01:21 CET 2026
#@# pial area rh Mon Mar  9 04:01:22 CET 2026
#@# thickness rh Mon Mar  9 04:01:23 CET 2026
#@# area and vertex vol rh Mon Mar  9 04:01:42 CET 2026
#@# Curvature Stats rh Mon Mar  9 04:01:43 CET 2026
#@# Cortical Parc 2 rh Mon Mar  9 04:01:45 CET 2026
#@# Cortical Parc 3 rh Mon Mar  9 04:01:55 CET 2026
#@# WM/GM Contrast rh Mon Mar  9 04:02:04 CET 2026
recon-all -s sub-v1s17x0050236_ses-1 finished without error at Mon Mar  9 04:02:06 CET 2026



#New# invocation of recon-all 



status file for recon-all
Mon Mar  9 04:07:45 CET 2026
#@# white curv rh Mon Mar  9 04:07:45 CET 2026
#@# white area rh Mon Mar  9 04:07:45 CET 2026
#@# pial curv rh Mon Mar  9 04:07:45 CET 2026
#@# pial area rh Mon Mar  9 04:07:45 CET 2026
#@# thickness rh Mon Mar  9 04:07:45 CET 2026
#@# area and vertex vol rh Mon Mar  9 04:07:45 CET 2026
#@# Parcellation Stats rh Mon Mar  9 04:07:45 CET 2026
#@# Parcellation Stats 2 rh Mon Mar  9 04:08:00 CET 2026
#@# Parcellation Stats 3 rh Mon Mar  9 04:08:08 CET 2026
#@# BA_exvivo Labels rh Mon Mar  9 04:08:15 CET 2026
recon-all -s sub-v1s17x0050236_ses-1 finished without error at Mon Mar  9 04:10:19 CET 2026
