status file for recon-all
Mon Mar  9 02:36:47 CET 2026
#@# Tessellate lh Mon Mar  9 02:36:47 CET 2026
#@# Smooth1 lh Mon Mar  9 02:36:49 CET 2026
#@# Inflation1 lh Mon Mar  9 02:36:52 CET 2026
#@# QSphere lh Mon Mar  9 02:37:07 CET 2026
#@# Fix Topology lh Mon Mar  9 02:39:24 CET 2026
#@# Smooth2 lh Mon Mar  9 02:48:19 CET 2026
#@# Inflation2 lh Mon Mar  9 02:48:21 CET 2026
#@# Curv .H and .K lh Mon Mar  9 02:48:33 CET 2026
#@# Sphere lh Mon Mar  9 02:49:12 CET 2026
#@# Surf Reg lh Mon Mar  9 03:00:25 CET 2026
#@# Jacobian white lh Mon Mar  9 03:15:01 CET 2026
#@# AvgCurv lh Mon Mar  9 03:15:02 CET 2026
#@# Cortical Parc lh Mon Mar  9 03:15:02 CET 2026
#@# white curv lh Mon Mar  9 03:20:47 CET 2026
#@# white area lh Mon Mar  9 03:20:48 CET 2026
#@# pial curv lh Mon Mar  9 03:20:49 CET 2026
#@# pial area lh Mon Mar  9 03:20:51 CET 2026
#@# thickness lh Mon Mar  9 03:20:51 CET 2026
#@# area and vertex vol lh Mon Mar  9 03:21:10 CET 2026
#@# Curvature Stats lh Mon Mar  9 03:21:11 CET 2026
#@# Cortical Parc 2 lh Mon Mar  9 03:21:14 CET 2026
#@# Cortical Parc 3 lh Mon Mar  9 03:21:23 CET 2026
#@# WM/GM Contrast lh Mon Mar  9 03:21:30 CET 2026
recon-all -s sub-v1s17x0050236_ses-1 finished without error at Mon Mar  9 03:21:33 CET 2026



#New# invocation of recon-all 



status file for recon-all
Mon Mar  9 04:05:11 CET 2026
#@# white curv lh Mon Mar  9 04:05:11 CET 2026
#@# white area lh Mon Mar  9 04:05:11 CET 2026
#@# pial curv lh Mon Mar  9 04:05:11 CET 2026
#@# pial area lh Mon Mar  9 04:05:11 CET 2026
#@# thickness lh Mon Mar  9 04:05:12 CET 2026
#@# area and vertex vol lh Mon Mar  9 04:05:12 CET 2026
#@# Parcellation Stats lh Mon Mar  9 04:05:12 CET 2026
#@# Parcellation Stats 2 lh Mon Mar  9 04:05:26 CET 2026
#@# Parcellation Stats 3 lh Mon Mar  9 04:05:33 CET 2026
#@# BA_exvivo Labels lh Mon Mar  9 04:05:40 CET 2026
recon-all -s sub-v1s17x0050236_ses-1 finished without error at Mon Mar  9 04:07:44 CET 2026
