/out/sourcedata/freesurfer/sub-v1s17x0051140_ses-1/mri
/opt/freesurfer/bin/talairach_avi
--i orig_nu.mgz --xfm transforms/talairach.auto.xfm
talairach_avi 7.3.2
Linux dna013 5.14.0-427.37.1.el9_4.x86_64 #1 SMP PREEMPT_DYNAMIC Fri Sep 13 12:41:50 EDT 2024 x86_64 x86_64 x86_64 GNU/Linux
Mon Mar  9 03:09:26 CET 2026
mri_convert orig_nu.mgz talsrcimg.img 
reading from orig_nu.mgz...
TR=0.00, TE=0.00, TI=0.00, flip angle=0.00
i_ras = (-1, -3.34694e-10, 0)
j_ras = (0, 0, -1)
k_ras = (-1.30967e-10, 1, 0)
writing to talsrcimg.img...
Analyze Output Matrix
-1.00000   0.00000  -0.00000   130.02405;
-0.00000   0.00000   1.00000  -134.27684;
 0.00000  -1.00000   0.00000   106.38821;
 0.00000   0.00000   0.00000   1.00000;
--------------------
INFO: set hdr.hist.orient to -1
mpr2mni305 talsrcimg
Mon Mar  9 03:09:26 CET 2026
/opt/freesurfer/bin/mpr2mni305 talsrcimg
mpr2mni305 7.3.2
target=711-2C_as_mni_average_305

---------------------------------------------------------------------
analyzeto4dfp talsrcimg -O0 -y
---------------------------------------------------------------------

freesurfer ifh2hdr.c
Mon Mar  9 03:09:26 2026
Writing: talsrcimg.4dfp.hdr
freesurfer analyzeto4dfp.c
Reading: talsrcimg.hdr
header size 348 bytes
hdr.dime.datatype	offset=70	value=2
hdr.dime.bitpix		offset=72	value=8
hdr.hist.orient		offset=252	value=-1
dimensionality     4
dimensions       256       256       256         1
Reading: talsrcimg.img
Writing: talsrcimg.4dfp.img
Writing: talsrcimg.4dfp.ifh
ifh2hdr talsrcimg -r0to255
ori=2

---------------------------------------------------------------------
gauss_4dfp talsrcimg 1.1
---------------------------------------------------------------------

freesurfer gauss_4dfp.c
Reading: talsrcimg.4dfp.img
Writing: talsrcimg_g11.4dfp.img
image dimensions 256 256 256 padded to 288 288 288
processing volume 1freesurfer ifh2hdr.c
Mon Mar  9 03:09:28 2026
Writing: talsrcimg_g11.4dfp.hdr

Writing: talsrcimg_g11.4dfp.ifh
including: talsrcimg.4dfp.img.rec in talsrcimg_g11.4dfp.img.rec

---------------------------------------------------------------------
imgreg_4dfp /opt/freesurfer/average/711-2C_as_mni_average_305 none talsrcimg_g11 none talsrcimg_to_711-2C_as_mni_average_305_t4 4355
---------------------------------------------------------------------

freesurfer imgreg_4dfp.c
/opt/freesurfer/average/711-2C_as_mni_average_305.4dfp.img
       256       256       256         1
  1.000000  1.000000  1.000000
orientation T byte_order littleendian
Reading image: /opt/freesurfer/average/711-2C_as_mni_average_305.4dfp.img
dimensions:      256       256       256
mmppix:       1.0000   -1.0000   -1.0000
center:     128.0000 -129.0000 -129.0000
talsrcimg_g11.4dfp.img
       256       256       256         1
  1.000000  1.000000  1.000000
orientation T byte_order littleendian
Reading image: talsrcimg_g11.4dfp.img
dimensions:      256       256       256
mmppix:       1.0000   -1.0000   -1.0000
center:     128.0000 -129.0000 -129.0000
t4_read: open error in t4_sub.f l:  41 t4_file(1:l)talsrcimg_to_711-2C_as_mni_average_305_t4 
t4_read: transform initialized to I4
rotation matrix determinant  1.000000
image alignment mode   4355 decimal     1103 hex
   -7.5000  -45.0000  -45.0000 6262.9058   13.3140
    0.0000  -45.0000  -45.0000 6547.8877   13.3155
    7.5000  -45.0000  -45.0000 6287.2095   13.3132
   -7.5000  -37.5000  -45.0000 6904.3940   13.0667
    0.0000  -37.5000  -45.0000 7211.5176   13.0700
    7.5000  -37.5000  -45.0000 6913.6602   13.0675
   -7.5000  -30.0000  -45.0000 7844.6494   12.9317
    0.0000  -30.0000  -45.0000 8190.9624   12.9311
    7.5000  -30.0000  -45.0000 7849.4653   12.9309
   -7.5000  -22.5000  -45.0000 8810.9180   12.8474
    0.0000  -22.5000  -45.0000 9215.2988   12.8436
    7.5000  -22.5000  -45.0000 8807.9189   12.8459
   -7.5000  -15.0000  -45.0000 9805.0840   12.8567
    0.0000  -15.0000  -45.000010270.7803   12.8523
    7.5000  -15.0000  -45.0000 9801.5566   12.8554
   -7.5000   -7.5000  -45.000010806.2373   12.8504
    0.0000   -7.5000  -45.000011323.8281   12.8492
    7.5000   -7.5000  -45.000010794.6689   12.8499
   -7.5000    0.0000  -45.000011617.9258   12.8323
    0.0000    0.0000  -45.000012175.4824   12.8345
    7.5000    0.0000  -45.000011586.2520   12.8323
   -7.5000    7.5000  -45.000011505.1807   12.8211
    0.0000    7.5000  -45.000012037.7607   12.8233
    7.5000    7.5000  -45.000011452.7754   12.8211
   -7.5000   15.0000  -45.000011252.7559   12.8271
    0.0000   15.0000  -45.000011789.5225   12.8267
    7.5000   15.0000  -45.000011207.3398   12.8265
   -7.5000   22.5000  -45.000010953.2256   12.8430
    0.0000   22.5000  -45.000011481.6943   12.8392
    7.5000   22.5000  -45.000010935.8730   12.8415
   -7.5000   30.0000  -45.000010616.9268   12.6854
    0.0000   30.0000  -45.000011113.8965   12.6810
    7.5000   30.0000  -45.000010602.3770   12.6841
   -7.5000   37.5000  -45.000010582.5830   12.6791
    0.0000   37.5000  -45.000011077.8701   12.6780
    7.5000   37.5000  -45.000010574.8242   12.6787
   -7.5000   45.0000  -45.000010165.2354   12.3398
    0.0000   45.0000  -45.000010637.3916   12.3419
    7.5000   45.0000  -45.000010151.6748   12.3398
   -7.5000  -45.0000  -37.5000 6602.8174   13.2399
    0.0000  -45.0000  -37.5000 6910.4248   13.2433
    7.5000  -45.0000  -37.5000 6627.1528   13.2485
   -7.5000  -37.5000  -37.5000 7298.0708   12.9963
    0.0000  -37.5000  -37.5000 7615.1089   13.0019
    7.5000  -37.5000  -37.5000 7292.6606   13.0071
   -7.5000  -30.0000  -37.5000 8299.0859   12.8610
    0.0000  -30.0000  -37.5000 8668.2617   12.8617
    7.5000  -30.0000  -37.5000 8296.8545   12.8698
   -7.5000  -22.5000  -37.5000 9333.3262   12.7774
    0.0000  -22.5000  -37.5000 9772.4678   12.7732
    7.5000  -22.5000  -37.5000 9322.5234   12.7835
   -7.5000  -15.0000  -37.500010405.4365   12.7876
    0.0000  -15.0000  -37.500010908.6396   12.7821
    7.5000  -15.0000  -37.500010387.0293   12.7927
   -7.5000   -7.5000  -37.500011430.0674   12.7824
    0.0000   -7.5000  -37.500011979.9404   12.7816
    7.5000   -7.5000  -37.500011411.5928   12.7895
   -7.5000    0.0000  -37.500012287.3896   12.7654
    0.0000    0.0000  -37.500012867.9287   12.7695
    7.5000    0.0000  -37.500012250.8135   12.7743
   -7.5000    7.5000  -37.500012162.9434   12.7534
    0.0000    7.5000  -37.500012727.0830   12.7578
    7.5000    7.5000  -37.500012113.8105   12.7630
   -7.5000   15.0000  -37.500011909.1035   12.7576
    0.0000   15.0000  -37.500012455.4307   12.7584
    7.5000   15.0000  -37.500011856.9639   12.7663
   -7.5000   22.5000  -37.500011572.2275   12.7731
    0.0000   22.5000  -37.500012119.5381   12.7689
    7.5000   22.5000  -37.500011543.1895   12.7791
   -7.5000   30.0000  -37.500011206.4980   12.6172
    0.0000   30.0000  -37.500011721.9443   12.6118
    7.5000   30.0000  -37.500011174.4521   12.6222
   -7.5000   37.5000  -37.500011150.1025   12.6121
    0.0000   37.5000  -37.500011662.3145   12.6113
    7.5000   37.5000  -37.500011133.9609   12.6190
   -7.5000   45.0000  -37.500010701.4717   12.2754
    0.0000   45.0000  -37.500011181.3369   12.2794
    7.5000   45.0000  -37.500010670.7686   12.2840
   -7.5000  -45.0000  -30.0000 7092.5107   13.8181
    0.0000  -45.0000  -30.0000 7407.2383   13.8195
    7.5000  -45.0000  -30.0000 7093.2412   13.8284
   -7.5000  -37.5000  -30.0000 7847.2378   13.5635
    0.0000  -37.5000  -30.0000 8190.8105   13.5675
    7.5000  -37.5000  -30.0000 7826.0112   13.5779
   -7.5000  -30.0000  -30.0000 8933.4609   13.4204
    0.0000  -30.0000  -30.0000 9336.3848   13.4196
    7.5000  -30.0000  -30.0000 8910.9492   13.4351
   -7.5000  -22.5000  -30.000010061.4375   13.3336
    0.0000  -22.5000  -30.000010510.7422   13.3269
    7.5000  -22.5000  -30.000010013.5938   13.3450
   -7.5000  -15.0000  -30.000011205.9629   13.3448
    0.0000  -15.0000  -30.000011714.4766   13.3361
    7.5000  -15.0000  -30.000011149.1553   13.3534
   -7.5000   -7.5000  -30.000012306.0059   13.3396
    0.0000   -7.5000  -30.000012865.2998   13.3361
    7.5000   -7.5000  -30.000012247.7070   13.3486
   -7.5000    0.0000  -30.000013198.9551   13.3223
    0.0000    0.0000  -30.000013793.4268   13.3246
    7.5000    0.0000  -30.000013146.5215   13.3328
   -7.5000    7.5000  -30.000013058.4541   13.3091
    0.0000    7.5000  -30.000013637.3613   13.3121
    7.5000    7.5000  -30.000012986.8145   13.3222
   -7.5000   15.0000  -30.000012800.9766   13.3124
    0.0000   15.0000  -30.000013363.1758   13.3116
    7.5000   15.0000  -30.000012711.5205   13.3268
   -7.5000   22.5000  -30.000012437.0742   13.3277
    0.0000   22.5000  -30.000013007.7617   13.3210
    7.5000   22.5000  -30.000012362.8828   13.3390
   -7.5000   30.0000  -30.000012021.7295   13.1683
    0.0000   30.0000  -30.000012581.7373   13.1596
    7.5000   30.0000  -30.000011965.2451   13.1767
   -7.5000   37.5000  -30.000011930.2842   13.1631
    0.0000   37.5000  -30.000012472.2979   13.1596
    7.5000   37.5000  -30.000011891.1123   13.1719
   -7.5000   45.0000  -30.000011417.7490   12.8204
    0.0000   45.0000  -30.000011909.6064   12.8226
    7.5000   45.0000  -30.000011350.1758   12.8305
   -7.5000  -45.0000  -22.5000 7585.8208   14.3072
    0.0000  -45.0000  -22.5000 7926.4619   14.3043
    7.5000  -45.0000  -22.5000 7584.8823   14.3086
   -7.5000  -37.5000  -22.5000 8382.2686   14.0412
    0.0000  -37.5000  -22.5000 8750.6289   14.0410
    7.5000  -37.5000  -22.5000 8361.4590   14.0486
   -7.5000  -30.0000  -22.5000 9549.1377   13.8934
    0.0000  -30.0000  -22.5000 9979.3438   13.8893
    7.5000  -30.0000  -22.5000 9510.6855   13.9038
   -7.5000  -22.5000  -22.500010751.2061   13.8048
    0.0000  -22.5000  -22.500011245.0107   13.7959
    7.5000  -22.5000  -22.500010710.9277   13.8133
   -7.5000  -15.0000  -22.500011961.1455   13.8168
    0.0000  -15.0000  -22.500012515.6748   13.8057
    7.5000  -15.0000  -22.500011910.8555   13.8212
   -7.5000   -7.5000  -22.500013156.1992   13.8103
    0.0000   -7.5000  -22.500013757.4980   13.8034
    7.5000   -7.5000  -22.500013095.4180   13.8122
   -7.5000    0.0000  -22.500014123.5195   13.7912
    0.0000    0.0000  -22.500014748.2783   13.7892
    7.5000    0.0000  -22.500014061.2490   13.7931
   -7.5000    7.5000  -22.500013930.3496   13.7772
    0.0000    7.5000  -22.500014539.6396   13.7760
    7.5000    7.5000  -22.500013864.4004   13.7834
   -7.5000   15.0000  -22.500013651.9375   13.7814
    0.0000   15.0000  -22.500014247.5986   13.7775
    7.5000   15.0000  -22.500013561.1523   13.7917
   -7.5000   22.5000  -22.500013290.1719   13.7977
    0.0000   22.5000  -22.500013869.2549   13.7888
    7.5000   22.5000  -22.500013192.4473   13.8062
   -7.5000   30.0000  -22.500012861.4717   13.6360
    0.0000   30.0000  -22.500013437.7627   13.6251
    7.5000   30.0000  -22.500012784.1523   13.6404
   -7.5000   37.5000  -22.500012739.5869   13.6296
    0.0000   37.5000  -22.500013300.3018   13.6229
    7.5000   37.5000  -22.500012672.0400   13.6315
   -7.5000   45.0000  -22.500012138.4580   13.2816
    0.0000   45.0000  -22.500012649.9512   13.2797
    7.5000   45.0000  -22.500012044.4150   13.2835
   -7.5000  -45.0000  -15.0000 8011.6870   14.6422
    0.0000  -45.0000  -15.0000 8386.3320   14.6368
    7.5000  -45.0000  -15.0000 8020.3018   14.6331
   -7.5000  -37.5000  -15.0000 8882.8809   14.3685
    0.0000  -37.5000  -15.0000 9268.7695   14.3656
    7.5000  -37.5000  -15.0000 8870.9355   14.3652
   -7.5000  -30.0000  -15.000010156.6318   14.2182
    0.0000  -30.0000  -15.000010588.0049   14.2128
    7.5000  -30.0000  -15.000010113.3896   14.2192
   -7.5000  -22.5000  -15.000011424.1436   14.1278
    0.0000  -22.5000  -15.000011909.9766   14.1193
    7.5000  -22.5000  -15.000011390.7861   14.1289
   -7.5000  -15.0000  -15.000012676.1670   14.1396
    0.0000  -15.0000  -15.000013227.0684   14.1294
    7.5000  -15.0000  -15.000012635.6748   14.1372
   -7.5000   -7.5000  -15.000013929.5420   14.1324
    0.0000   -7.5000  -15.000014544.5869   14.1247
    7.5000   -7.5000  -15.000013868.6992   14.1258
   -7.5000    0.0000  -15.000015027.9922   14.1123
    0.0000    0.0000  -15.000015664.5381   14.1077
    7.5000    0.0000  -15.000014940.8877   14.1041
   -7.5000    7.5000  -15.000014859.2705   14.0984
    0.0000    7.5000  -15.000015483.3574   14.0944
    7.5000    7.5000  -15.000014756.5254   14.0942
   -7.5000   15.0000  -15.000014526.2656   14.1037
    0.0000   15.0000  -15.000015121.9111   14.0985
    7.5000   15.0000  -15.000014409.6133   14.1046
   -7.5000   22.5000  -15.000014135.4121   14.1198
    0.0000   22.5000  -15.000014725.6289   14.1114
    7.5000   22.5000  -15.000014017.9854   14.1209
   -7.5000   30.0000  -15.000013699.7773   13.9566
    0.0000   30.0000  -15.000014287.3867   13.9465
    7.5000   30.0000  -15.000013604.8994   13.9542
   -7.5000   37.5000  -15.000013578.6758   13.9495
    0.0000   37.5000  -15.000014146.5127   13.9419
    7.5000   37.5000  -15.000013486.7109   13.9430
   -7.5000   45.0000  -15.000012898.7871   13.5990
    0.0000   45.0000  -15.000013437.7432   13.5946
    7.5000   45.0000  -15.000012781.5811   13.5911
   -7.5000  -45.0000   -7.5000 8435.4141   14.7880
    0.0000  -45.0000   -7.5000 8815.7617   14.7852
    7.5000  -45.0000   -7.5000 8454.8848   14.7785
   -7.5000  -37.5000   -7.5000 9380.5195   14.5129
    0.0000  -37.5000   -7.5000 9790.9170   14.5122
    7.5000  -37.5000   -7.5000 9372.4961   14.5068
   -7.5000  -30.0000   -7.500010746.6221   14.3629
    0.0000  -30.0000   -7.500011223.4287   14.3591
    7.5000  -30.0000   -7.500010711.4707   14.3582
   -7.5000  -22.5000   -7.500012097.3184   14.2700
    0.0000  -22.5000   -7.500012639.8486   14.2640
    7.5000  -22.5000   -7.500012088.9893   14.2663
   -7.5000  -15.0000   -7.500013413.6543   14.2806
    0.0000  -15.0000   -7.500014022.5928   14.2738
    7.5000  -15.0000   -7.500013387.0469   14.2759
   -7.5000   -7.5000   -7.500014684.1709   14.2736
    0.0000   -7.5000   -7.500015347.8467   14.2691
    7.5000   -7.5000   -7.500014637.2451   14.2667
   -7.5000    0.0000   -7.500015856.7441   14.2537
    0.0000    0.0000   -7.500016557.4609   14.2517
    7.5000    0.0000   -7.500015767.7939   14.2453
   -7.5000    7.5000   -7.500015803.4492   14.2410
    0.0000    7.5000   -7.500016485.5605   14.2392
    7.5000    7.5000   -7.500015670.3418   14.2341
   -7.5000   15.0000   -7.500015530.4473   14.2473
    0.0000   15.0000   -7.500016155.3340   14.2438
    7.5000   15.0000   -7.500015383.1250   14.2429
   -7.5000   22.5000   -7.500015095.8086   14.2605
    0.0000   22.5000   -7.500015709.0049   14.2545
    7.5000   22.5000   -7.500014958.4141   14.2568
   -7.5000   30.0000   -7.500014623.2949   14.0954
    0.0000   30.0000   -7.500015232.1729   14.0887
    7.5000   30.0000   -7.500014472.6816   14.0907
   -7.5000   37.5000   -7.500014462.5645   14.0885
    0.0000   37.5000   -7.500015111.1182   14.0841
    7.5000   37.5000   -7.500014328.8047   14.0816
   -7.5000   45.0000   -7.500013674.8359   13.7379
    0.0000   45.0000   -7.500014274.4434   13.7360
    7.5000   45.0000   -7.500013497.9697   13.7298
   -7.5000  -45.0000    0.0000 8806.1582   14.7996
    0.0000  -45.0000    0.0000 9217.0127   14.8016
    7.5000  -45.0000    0.0000 8831.4980   14.7994
   -7.5000  -37.5000    0.0000 9822.5488   14.5264
    0.0000  -37.5000    0.000010285.3779   14.5302
    7.5000  -37.5000    0.0000 9832.7549   14.5279
   -7.5000  -30.0000    0.000011277.1006   14.3770
    0.0000  -30.0000    0.000011792.0625   14.3764
    7.5000  -30.0000    0.000011251.6699   14.3765
   -7.5000  -22.5000    0.000012707.2109   14.2837
    0.0000  -22.5000    0.000013280.7266   14.2796
    7.5000  -22.5000    0.000012687.0664   14.2823
   -7.5000  -15.0000    0.000014090.9551   14.2941
    0.0000  -15.0000    0.000014715.8359   14.2894
    7.5000  -15.0000    0.000014043.3975   14.2929
   -7.5000   -7.5000    0.000015378.9561   14.2874
    0.0000   -7.5000    0.000016038.3369   14.2864
    7.5000   -7.5000    0.000015320.5713   14.2874
   -7.5000    0.0000    0.000016493.9902   14.2677
    0.0000    0.0000    0.000017194.4902   14.2704
    7.5000    0.0000    0.000016465.7695   14.2682
   -7.5000    7.5000    0.000016436.6055   14.2552
    0.0000    7.5000    0.000017212.6309   14.2578
    7.5000    7.5000    0.000016363.5742   14.2557
   -7.5000   15.0000    0.000016360.2725   14.2615
    0.0000   15.0000    0.000017213.9590   14.2611
    7.5000   15.0000    0.000016196.2393   14.2612
   -7.5000   22.5000    0.000016032.8076   14.2742
    0.0000   22.5000    0.000016915.8633   14.2701
    7.5000   22.5000    0.000015815.3242   14.2728
   -7.5000   30.0000    0.000015477.4971   14.1091
    0.0000   30.0000    0.000016266.0400   14.1044
    7.5000   30.0000    0.000015232.5039   14.1080
   -7.5000   37.5000    0.000015184.7070   14.1025
    0.0000   37.5000    0.000015914.7939   14.1015
    7.5000   37.5000    0.000015004.5986   14.1025
   -7.5000   45.0000    0.000014227.7959   13.7524
    0.0000   45.0000    0.000014851.1094   13.7550
    7.5000   45.0000    0.000014046.6406   13.7529
   -7.5000  -45.0000    7.5000 8485.6846   14.8113
    0.0000  -45.0000    7.5000 8886.2227   14.8151
    7.5000  -45.0000    7.5000 8502.5596   14.8209
   -7.5000  -37.5000    7.5000 9502.0049   14.5389
    0.0000  -37.5000    7.5000 9960.5518   14.5451
    7.5000  -37.5000    7.5000 9511.6113   14.5510
   -7.5000  -30.0000    7.500010913.9414   14.3877
    0.0000  -30.0000    7.500011417.7178   14.3884
    7.5000  -30.0000    7.500010885.6475   14.3974
   -7.5000  -22.5000    7.500012297.8428   14.2942
    0.0000  -22.5000    7.500012845.3682   14.2895
    7.5000  -22.5000    7.500012256.9707   14.3009
   -7.5000  -15.0000    7.500013625.0830   14.3055
    0.0000  -15.0000    7.500014249.5166   14.2994
    7.5000  -15.0000    7.500013585.2256   14.3113
   -7.5000   -7.5000    7.500014879.6201   14.2997
    0.0000   -7.5000    7.500015547.4932   14.2988
    7.5000   -7.5000    7.500014844.9678   14.3076
   -7.5000    0.0000    7.500015991.7383   14.2806
    0.0000    0.0000    7.500016646.8438   14.2853
    7.5000    0.0000    7.500015965.7070   14.2906
   -7.5000    7.5000    7.500015937.4062   14.2672
    0.0000    7.5000    7.500016681.9219   14.2722
    7.5000    7.5000    7.500015877.8389   14.2780
   -7.5000   15.0000    7.500015918.7744   14.2720
    0.0000   15.0000    7.500016791.4727   14.2729
    7.5000   15.0000    7.500015715.8330   14.2817
   -7.5000   22.5000    7.500015648.6719   14.2847
    0.0000   22.5000    7.500016528.4883   14.2800
    7.5000   22.5000    7.500015368.9785   14.2914
   -7.5000   30.0000    7.500015092.8613   14.1204
    0.0000   30.0000    7.500015861.2852   14.1143
    7.5000   30.0000    7.500014823.6270   14.1261
   -7.5000   37.5000    7.500014778.0557   14.1146
    0.0000   37.5000    7.500015464.7100   14.1137
    7.5000   37.5000    7.500014593.5859   14.1224
   -7.5000   45.0000    7.500013751.0293   13.7649
    0.0000   45.0000    7.500014345.5117   13.7694
    7.5000   45.0000    7.500013593.3965   13.7745
   -7.5000  -45.0000   15.0000 8082.9292   14.8515
    0.0000  -45.0000   15.0000 8470.7539   14.8531
    7.5000  -45.0000   15.0000 8073.8828   14.8627
   -7.5000  -37.5000   15.0000 9062.4834   14.5777
    0.0000  -37.5000   15.0000 9502.5547   14.5820
    7.5000  -37.5000   15.0000 9049.0420   14.5932
   -7.5000  -30.0000   15.000010401.1143   14.4238
    0.0000  -30.0000   15.000010902.5029   14.4229
    7.5000  -30.0000   15.000010391.2822   14.4396
   -7.5000  -22.5000   15.000011717.8447   14.3304
    0.0000  -22.5000   15.000012278.8057   14.3232
    7.5000  -22.5000   15.000011694.6152   14.3427
   -7.5000  -15.0000   15.000012972.5098   14.3425
    0.0000  -15.0000   15.000013589.2881   14.3331
    7.5000  -15.0000   15.000012937.2383   14.3518
   -7.5000   -7.5000   15.000014165.5703   14.3368
    0.0000   -7.5000   15.000014801.9629   14.3331
    7.5000   -7.5000   15.000014129.5664   14.3466
   -7.5000    0.0000   15.000015220.8330   14.3182
    0.0000    0.0000   15.000015856.9766   14.3207
    7.5000    0.0000   15.000015188.8867   14.3295
   -7.5000    7.5000   15.000015205.2773   14.3040
    0.0000    7.5000   15.000015926.7910   14.3073
    7.5000    7.5000   15.000015130.5049   14.3182
   -7.5000   15.0000   15.000015088.5586   14.3076
    0.0000   15.0000   15.000015860.2891   14.3068
    7.5000   15.0000   15.000014950.2217   14.3231
   -7.5000   22.5000   15.000014726.0205   14.3209
    0.0000   22.5000   15.000015429.2285   14.3137
    7.5000   22.5000   15.000014581.4043   14.3331
   -7.5000   30.0000   15.000014258.1660   14.1569
    0.0000   30.0000   15.000014915.8340   14.1476
    7.5000   30.0000   15.000014107.0566   14.1660
   -7.5000   37.5000   15.000014064.1035   14.1512
    0.0000   37.5000   15.000014705.8369   14.1476
    7.5000   37.5000   15.000013937.7236   14.1609
   -7.5000   45.0000   15.000013092.3135   13.8011
    0.0000   45.0000   15.000013657.6201   13.8035
    7.5000   45.0000   15.000012974.9365   13.8120
   -7.5000  -45.0000   22.5000 7591.5332   14.9538
    0.0000  -45.0000   22.5000 7948.9561   14.9510
    7.5000  -45.0000   22.5000 7586.1235   14.9560
   -7.5000  -37.5000   22.5000 8528.3809   14.6739
    0.0000  -37.5000   22.5000 8943.0430   14.6738
    7.5000  -37.5000   22.5000 8517.0469   14.6821
   -7.5000  -30.0000   22.5000 9803.6670   14.5184
    0.0000  -30.0000   22.500010284.4658   14.5141
    7.5000  -30.0000   22.5000 9798.4414   14.5296
   -7.5000  -22.5000   22.500011027.6797   14.4253
    0.0000  -22.5000   22.500011573.4512   14.4160
    7.5000  -22.5000   22.500011016.0801   14.4344
   -7.5000  -15.0000   22.500012210.4971   14.4380
    0.0000  -15.0000   22.500012777.1885   14.4264
    7.5000  -15.0000   22.500012162.1299   14.4430
   -7.5000   -7.5000   22.500013334.5596   14.4311
    0.0000   -7.5000   22.500013926.8242   14.4240
    7.5000   -7.5000   22.500013290.4258   14.4337
   -7.5000    0.0000   22.500014338.4834   14.4110
    0.0000    0.0000   22.500014943.5410   14.4090
    7.5000    0.0000   22.500014292.7246   14.4136
   -7.5000    7.5000   22.500014305.5537   14.3961
    0.0000    7.5000   22.500014984.1240   14.3950
    7.5000    7.5000   22.500014256.7432   14.4031
   -7.5000   15.0000   22.500014117.7158   14.4006
    0.0000   15.0000   22.500014761.8721   14.3965
    7.5000   15.0000   22.500014070.4756   14.4116
   -7.5000   22.5000   22.500013719.6543   14.4156
    0.0000   22.5000   22.500014299.5615   14.4064
    7.5000   22.5000   22.500013713.9805   14.4248
   -7.5000   30.0000   22.500013330.5244   14.2511
    0.0000   30.0000   22.500013862.0537   14.2397
    7.5000   30.0000   22.500013284.0078   14.2560
   -7.5000   37.5000   22.500013224.7139   14.2444
    0.0000   37.5000   22.500013785.0498   14.2374
    7.5000   37.5000   22.500013151.6484   14.2469
   -7.5000   45.0000   22.500012329.6338   13.8905
    0.0000   45.0000   22.500012856.4248   13.8886
    7.5000   45.0000   22.500012255.6182   13.8930
   -7.5000  -45.0000   30.0000 7089.4595   15.1256
    0.0000  -45.0000   30.0000 7423.0420   15.1204
    7.5000  -45.0000   30.0000 7090.2070   15.1183
   -7.5000  -37.5000   30.0000 7945.8555   14.8381
    0.0000  -37.5000   30.0000 8335.3750   14.8357
    7.5000  -37.5000   30.0000 7938.7329   14.8370
   -7.5000  -30.0000   30.0000 9106.5195   14.6809
    0.0000  -30.0000   30.0000 9564.9707   14.6757
    7.5000  -30.0000   30.0000 9114.9131   14.6839
   -7.5000  -22.5000   30.000010243.7168   14.5860
    0.0000  -22.5000   30.000010744.6475   14.5774
    7.5000  -22.5000   30.000010230.2061   14.5887
   -7.5000  -15.0000   30.000011340.1279   14.5980
    0.0000  -15.0000   30.000011871.8125   14.5874
    7.5000  -15.0000   30.000011327.1875   14.5968
   -7.5000   -7.5000   30.000012397.3115   14.5896
    0.0000   -7.5000   30.000012972.9023   14.5818
    7.5000   -7.5000   30.000012392.7617   14.5845
   -7.5000    0.0000   30.000013373.5322   14.5681
    0.0000    0.0000   30.000013992.8428   14.5637
    7.5000    0.0000   30.000013356.6836   14.5617
   -7.5000    7.5000   30.000013323.7568   14.5540
    0.0000    7.5000   30.000013967.7275   14.5505
    7.5000    7.5000   30.000013321.9512   14.5520
   -7.5000   15.0000   30.000013091.8252   14.5604
    0.0000   15.0000   30.000013658.8691   14.5555
    7.5000   15.0000   30.000013093.1699   14.5634
   -7.5000   22.5000   30.000012728.6230   14.5762
    0.0000   22.5000   30.000013230.7002   14.5676
    7.5000   22.5000   30.000012733.8379   14.5789
   -7.5000   30.0000   30.000012391.6484   14.4090
    0.0000   30.0000   30.000012871.8066   14.3986
    7.5000   30.0000   30.000012349.1553   14.4079
   -7.5000   37.5000   30.000012310.3330   14.4008
    0.0000   37.5000   30.000012805.7529   14.3931
    7.5000   37.5000   30.000012267.9043   14.3957
   -7.5000   45.0000   30.000011495.3633   14.0420
    0.0000   45.0000   30.000011935.3525   14.0378
    7.5000   45.0000   30.000011442.6611   14.0358
   -7.5000  -45.0000   37.5000 6848.8252   15.4015
    0.0000  -45.0000   37.5000 7166.6655   15.3963
    7.5000  -45.0000   37.5000 6847.9761   15.3918
   -7.5000  -37.5000   37.5000 7649.3486   15.1050
    0.0000  -37.5000   37.5000 8018.4883   15.1023
    7.5000  -37.5000   37.5000 7660.8330   15.0990
   -7.5000  -30.0000   37.5000 8748.4785   14.9470
    0.0000  -30.0000   37.5000 9185.5156   14.9419
    7.5000  -30.0000   37.5000 8766.3154   14.9431
   -7.5000  -22.5000   37.5000 9856.5186   14.8501
    0.0000  -22.5000   37.500010339.3428   14.8430
    7.5000  -22.5000   37.5000 9851.3330   14.8474
   -7.5000  -15.0000   37.500010935.0820   14.8612
    0.0000  -15.0000   37.500011449.3037   14.8530
    7.5000  -15.0000   37.500010929.1982   14.8572
   -7.5000   -7.5000   37.500011953.9385   14.8492
    0.0000   -7.5000   37.500012510.3086   14.8428
    7.5000   -7.5000   37.500011949.4121   14.8424
   -7.5000    0.0000   37.500012886.4316   14.8240
    0.0000    0.0000   37.500013498.2031   14.8198
    7.5000    0.0000   37.500012896.0439   14.8154
   -7.5000    7.5000   37.500012832.6631   14.8113
    0.0000    7.5000   37.500013448.0039   14.8075
    7.5000    7.5000   37.500012848.5576   14.8045
   -7.5000   15.0000   37.500012589.0791   14.8222
    0.0000   15.0000   37.500013128.3213   14.8174
    7.5000   15.0000   37.500012600.5771   14.8185
   -7.5000   22.5000   37.500012230.0195   14.8401
    0.0000   22.5000   37.500012724.2637   14.8330
    7.5000   22.5000   37.500012241.6689   14.8374
   -7.5000   30.0000   37.500011902.5195   14.6689
    0.0000   30.0000   37.500012382.4033   14.6607
    7.5000   30.0000   37.500011872.1309   14.6649
   -7.5000   37.5000   37.500011867.5996   14.6570
    0.0000   37.5000   37.500012355.3018   14.6507
    7.5000   37.5000   37.500011840.2471   14.6503
   -7.5000   45.0000   37.500011071.0771   14.2886
    0.0000   45.0000   37.500011520.2217   14.2845
    7.5000   45.0000   37.500011037.4932   14.2804
   -7.5000  -45.0000   45.0000 6313.1772   15.7095
    0.0000  -45.0000   45.0000 6607.3843   15.7107
    7.5000  -45.0000   45.0000 6311.2773   15.7119
   -7.5000  -37.5000   45.0000 7050.6313   15.4026
    0.0000  -37.5000   45.0000 7387.9272   15.4062
    7.5000  -37.5000   45.0000 7065.6011   15.4071
   -7.5000  -30.0000   45.0000 8057.2817   15.2395
    0.0000  -30.0000   45.0000 8441.5771   15.2396
    7.5000  -30.0000   45.0000 8073.1675   15.2430
   -7.5000  -22.5000   45.0000 9076.4375   15.1379
    0.0000  -22.5000   45.0000 9513.3018   15.1352
    7.5000  -22.5000   45.0000 9072.8242   15.1408
   -7.5000  -15.0000   45.000010074.2686   15.1482
    0.0000  -15.0000   45.000010547.0986   15.1446
    7.5000  -15.0000   45.000010065.3232   15.1508
   -7.5000   -7.5000   45.000011012.2969   15.1342
    0.0000   -7.5000   45.000011533.9746   15.1334
    7.5000   -7.5000   45.000011012.1084   15.1372
   -7.5000    0.0000   45.000011864.7109   15.1077
    0.0000    0.0000   45.000012417.4600   15.1097
    7.5000    0.0000   45.000011879.8711   15.1107
   -7.5000    7.5000   45.000011807.2832   15.0960
    0.0000    7.5000   45.000012354.1084   15.0982
    7.5000    7.5000   45.000011819.7119   15.0994
   -7.5000   15.0000   45.000011579.2900   15.1089
    0.0000   15.0000   45.000012071.8115   15.1093
    7.5000   15.0000   45.000011588.8418   15.1125
   -7.5000   22.5000   45.000011238.3057   15.1276
    0.0000   22.5000   45.000011705.4541   15.1249
    7.5000   22.5000   45.000011242.7197   15.1304
   -7.5000   30.0000   45.000010919.1221   14.9508
    0.0000   30.0000   45.000011364.0645   14.9473
    7.5000   30.0000   45.000010894.3691   14.9534
   -7.5000   37.5000   45.000010929.7480   14.9370
    0.0000   37.5000   45.000011370.0576   14.9362
    7.5000   37.5000   45.000010910.6348   14.9400
   -7.5000   45.0000   45.000010181.0566   14.5686
    0.0000   45.0000   45.000010597.5312   14.5707
    7.5000   45.0000   45.000010176.2080   14.5715

---------------------------------------------------------------------
imgreg_4dfp /opt/freesurfer/average/711-2C_as_mni_average_305 /opt/freesurfer/average/711-2B_as_mni_average_305_mask talsrcimg_g11 none talsrcimg_to_711-2C_as_mni_average_305_t4 4355
---------------------------------------------------------------------

freesurfer imgreg_4dfp.c
/opt/freesurfer/average/711-2C_as_mni_average_305.4dfp.img
       256       256       256         1
  1.000000  1.000000  1.000000
orientation T byte_order littleendian
Reading image: /opt/freesurfer/average/711-2C_as_mni_average_305.4dfp.img
dimensions:      256       256       256
mmppix:       1.0000   -1.0000   -1.0000
center:     128.0000 -129.0000 -129.0000
/opt/freesurfer/average/711-2B_as_mni_average_305_mask.4dfp.img
       256       256       256         1
  1.000000  1.000000  1.000000
orientation T byte_order littleendian
Reading mask: /opt/freesurfer/average/711-2B_as_mni_average_305_mask.4dfp.img (2306576 pixels)
talsrcimg_g11.4dfp.img
       256       256       256         1
  1.000000  1.000000  1.000000
orientation T byte_order littleendian
Reading image: talsrcimg_g11.4dfp.img
dimensions:      256       256       256
mmppix:       1.0000   -1.0000   -1.0000
center:     128.0000 -129.0000 -129.0000
rotation matrix determinant  1.000000
image alignment mode   4355 decimal     1103 hex
   -7.5000  -30.0000  -45.0000 2012.2426   16.0668
    0.0000  -30.0000  -45.0000 2019.7103   16.0516
    7.5000  -30.0000  -45.0000 2009.9229   16.1489
   -7.5000  -22.5000  -45.0000 2130.5942   14.3781
    0.0000  -22.5000  -45.0000 2142.1929   14.3605
    7.5000  -22.5000  -45.0000 2127.9880   14.4571
   -7.5000  -15.0000  -45.0000 2246.0703   13.1070
    0.0000  -15.0000  -45.0000 2257.2759   13.0837
    7.5000  -15.0000  -45.0000 2242.2688   13.1591
   -7.5000   -7.5000  -45.0000 2344.5598   12.1739
    0.0000   -7.5000  -45.0000 2356.9231   12.1493
    7.5000   -7.5000  -45.0000 2339.8813   12.2209
   -7.5000    0.0000  -45.0000 2396.1079   11.5555
    0.0000    0.0000  -45.0000 2411.0950   11.5285
    7.5000    0.0000  -45.0000 2388.5925   11.6129
   -7.5000    7.5000  -45.0000 2425.5061   11.1859
    0.0000    7.5000  -45.0000 2441.8052   11.1523
    7.5000    7.5000  -45.0000 2417.3250   11.2410
   -7.5000   15.0000  -45.0000 2430.4487   11.0014
    0.0000   15.0000  -45.0000 2447.7805   10.9623
    7.5000   15.0000  -45.0000 2425.1619   11.0481
   -7.5000   22.5000  -45.0000 2418.9065   11.0677
    0.0000   22.5000  -45.0000 2438.0789   10.9938
    7.5000   22.5000  -45.0000 2414.6421   11.1070
   -7.5000   30.0000  -45.0000 2391.5369   11.3374
    0.0000   30.0000  -45.0000 2407.3340   11.2614
    7.5000   30.0000  -45.0000 2382.3633   11.4187
   -7.5000   37.5000  -45.0000 2341.9631   11.8659
    0.0000   37.5000  -45.0000 2360.0972   11.8122
    7.5000   37.5000  -45.0000 2334.2471   11.9577
   -7.5000   45.0000  -45.0000 2277.6152   12.5957
    0.0000   45.0000  -45.0000 2294.1067   12.5348
    7.5000   45.0000  -45.0000 2270.3809   12.7168
   -7.5000   52.5000  -45.0000 2176.0713   13.4546
    0.0000   52.5000  -45.0000 2190.9060   13.4111
    7.5000   52.5000  -45.0000 2167.2937   13.5927
   -7.5000   60.0000  -45.0000 2030.3766   14.4597
    0.0000   60.0000  -45.0000 2042.0985   14.3708
    7.5000   60.0000  -45.0000 2021.0720   14.5684
   -7.5000  -30.0000  -37.5000 2070.7639   15.1220
    0.0000  -30.0000  -37.5000 2078.6526   15.1080
    7.5000  -30.0000  -37.5000 2068.8137   15.2001
   -7.5000  -22.5000  -37.5000 2198.8657   13.5148
    0.0000  -22.5000  -37.5000 2213.5273   13.4981
    7.5000  -22.5000  -37.5000 2194.1506   13.5966
   -7.5000  -15.0000  -37.5000 2319.8867   12.2972
    0.0000  -15.0000  -37.5000 2337.1660   12.2559
    7.5000  -15.0000  -37.5000 2317.6831   12.3571
   -7.5000   -7.5000  -37.5000 2418.3950   11.3869
    0.0000   -7.5000  -37.5000 2437.3774   11.3626
    7.5000   -7.5000  -37.5000 2419.0249   11.4442
   -7.5000    0.0000  -37.5000 2479.1084   10.7754
    0.0000    0.0000  -37.5000 2496.3701   10.7381
    7.5000    0.0000  -37.5000 2475.0276   10.8231
   -7.5000    7.5000  -37.5000 2521.8608   10.4085
    0.0000    7.5000  -37.5000 2539.3848   10.3583
    7.5000    7.5000  -37.5000 2513.8218   10.4598
   -7.5000   15.0000  -37.5000 2531.8142   10.2579
    0.0000   15.0000  -37.5000 2547.1626   10.2120
    7.5000   15.0000  -37.5000 2523.7952   10.3064
   -7.5000   22.5000  -37.5000 2521.0984   10.3071
    0.0000   22.5000  -37.5000 2538.4368   10.2449
    7.5000   22.5000  -37.5000 2515.5759   10.3630
   -7.5000   30.0000  -37.5000 2491.6875   10.5541
    0.0000   30.0000  -37.5000 2505.3271   10.4933
    7.5000   30.0000  -37.5000 2480.7327   10.6220
   -7.5000   37.5000  -37.5000 2439.9590   11.0209
    0.0000   37.5000  -37.5000 2456.1025   10.9468
    7.5000   37.5000  -37.5000 2430.1973   11.0972
   -7.5000   45.0000  -37.5000 2369.8479   11.6796
    0.0000   45.0000  -37.5000 2385.3530   11.6093
    7.5000   45.0000  -37.5000 2361.1208   11.7727
   -7.5000   52.5000  -37.5000 2263.5537   12.4782
    0.0000   52.5000  -37.5000 2279.2510   12.4099
    7.5000   52.5000  -37.5000 2248.2883   12.5995
   -7.5000   60.0000  -37.5000 2108.3818   13.3794
    0.0000   60.0000  -37.5000 2123.1890   13.2987
    7.5000   60.0000  -37.5000 2095.9263   13.4948
   -7.5000  -30.0000  -30.0000 2160.3381   14.8049
    0.0000  -30.0000  -30.0000 2172.9788   14.7868
    7.5000  -30.0000  -30.0000 2160.5552   14.8912
   -7.5000  -22.5000  -30.0000 2298.3552   13.2267
    0.0000  -22.5000  -30.0000 2311.8091   13.1869
    7.5000  -22.5000  -30.0000 2291.2231   13.3076
   -7.5000  -15.0000  -30.0000 2422.5940   11.9820
    0.0000  -15.0000  -30.0000 2442.6323   11.9325
    7.5000  -15.0000  -30.0000 2421.7102   12.0594
   -7.5000   -7.5000  -30.0000 2532.0366   11.0586
    0.0000   -7.5000  -30.0000 2553.3533   11.0077
    7.5000   -7.5000  -30.0000 2531.8372   11.1195
   -7.5000    0.0000  -30.0000 2598.5859   10.4385
    0.0000    0.0000  -30.0000 2617.2822   10.3759
    7.5000    0.0000  -30.0000 2597.3975   10.4750
   -7.5000    7.5000  -30.0000 2653.5837   10.0473
    0.0000    7.5000  -30.0000 2670.7769    9.9828
    7.5000    7.5000  -30.0000 2645.3357   10.0939
   -7.5000   15.0000  -30.0000 2679.4624    9.8845
    0.0000   15.0000  -30.0000 2696.4631    9.8214
    7.5000   15.0000  -30.0000 2667.7134    9.9201
   -7.5000   22.5000  -30.0000 2672.6689    9.9214
    0.0000   22.5000  -30.0000 2690.2134    9.8578
    7.5000   22.5000  -30.0000 2661.1807    9.9757
   -7.5000   30.0000  -30.0000 2640.2163   10.1662
    0.0000   30.0000  -30.0000 2660.8865   10.1007
    7.5000   30.0000  -30.0000 2630.6824   10.2324
   -7.5000   37.5000  -30.0000 2587.6675   10.6217
    0.0000   37.5000  -30.0000 2606.4744   10.5367
    7.5000   37.5000  -30.0000 2577.3010   10.6855
   -7.5000   45.0000  -30.0000 2512.3857   11.2462
    0.0000   45.0000  -30.0000 2528.5032   11.1675
    7.5000   45.0000  -30.0000 2498.0903   11.3236
   -7.5000   52.5000  -30.0000 2388.8906   12.0242
    0.0000   52.5000  -30.0000 2404.1753   11.9389
    7.5000   52.5000  -30.0000 2377.1526   12.1071
   -7.5000   60.0000  -30.0000 2220.6570   12.8885
    0.0000   60.0000  -30.0000 2236.9963   12.7980
    7.5000   60.0000  -30.0000 2211.7488   12.9915
   -7.5000  -30.0000  -22.5000 2218.2163   14.4114
    0.0000  -30.0000  -22.5000 2233.5215   14.3416
    7.5000  -30.0000  -22.5000 2215.8958   14.4729
   -7.5000  -22.5000  -22.5000 2359.1296   12.8075
    0.0000  -22.5000  -22.5000 2378.1458   12.7472
    7.5000  -22.5000  -22.5000 2360.6462   12.8892
   -7.5000  -15.0000  -22.5000 2488.4761   11.5786
    0.0000  -15.0000  -22.5000 2511.9875   11.5269
    7.5000  -15.0000  -22.5000 2493.4336   11.6494
   -7.5000   -7.5000  -22.5000 2608.0786   10.6746
    0.0000   -7.5000  -22.5000 2635.4768   10.6037
    7.5000   -7.5000  -22.5000 2613.5356   10.7127
   -7.5000    0.0000  -22.5000 2686.0747   10.0209
    0.0000    0.0000  -22.5000 2710.2300    9.9598
    7.5000    0.0000  -22.5000 2689.7009   10.0754
   -7.5000    7.5000  -22.5000 2747.1992    9.6189
    0.0000    7.5000  -22.5000 2768.6963    9.5408
    7.5000    7.5000  -22.5000 2746.8523    9.6519
   -7.5000   15.0000  -22.5000 2790.2014    9.4148
    0.0000   15.0000  -22.5000 2809.8826    9.3423
    7.5000   15.0000  -22.5000 2778.0491    9.4736
   -7.5000   22.5000  -22.5000 2793.3291    9.4373
    0.0000   22.5000  -22.5000 2813.1631    9.3716
    7.5000   22.5000  -22.5000 2780.7000    9.5008
   -7.5000   30.0000  -22.5000 2761.8962    9.6918
    0.0000   30.0000  -22.5000 2787.5906    9.6038
    7.5000   30.0000  -22.5000 2756.6238    9.7400
   -7.5000   37.5000  -22.5000 2704.3284   10.1422
    0.0000   37.5000  -22.5000 2728.9094   10.0439
    7.5000   37.5000  -22.5000 2695.3083   10.1916
   -7.5000   45.0000  -22.5000 2618.0920   10.7520
    0.0000   45.0000  -22.5000 2639.8228   10.6549
    7.5000   45.0000  -22.5000 2605.3591   10.8054
   -7.5000   52.5000  -22.5000 2485.8376   11.4778
    0.0000   52.5000  -22.5000 2504.2515   11.3940
    7.5000   52.5000  -22.5000 2476.4434   11.5618
   -7.5000   60.0000  -22.5000 2308.2537   12.3261
    0.0000   60.0000  -22.5000 2322.6931   12.2339
    7.5000   60.0000  -22.5000 2297.4761   12.4163
   -7.5000  -30.0000  -15.0000 2246.6975   14.0911
    0.0000  -30.0000  -15.0000 2263.8108   13.9614
    7.5000  -30.0000  -15.0000 2243.6621   14.1380
   -7.5000  -22.5000  -15.0000 2389.7864   12.4661
    0.0000  -22.5000  -15.0000 2409.6975   12.3501
    7.5000  -22.5000  -15.0000 2392.6599   12.5308
   -7.5000  -15.0000  -15.0000 2521.5129   11.2142
    0.0000  -15.0000  -15.0000 2544.1145   11.1062
    7.5000  -15.0000  -15.0000 2527.1650   11.2675
   -7.5000   -7.5000  -15.0000 2649.0713   10.2930
    0.0000   -7.5000  -15.0000 2673.6724   10.2028
    7.5000   -7.5000  -15.0000 2655.1521   10.3258
   -7.5000    0.0000  -15.0000 2740.4363    9.6492
    0.0000    0.0000  -15.0000 2765.0483    9.5691
    7.5000    0.0000  -15.0000 2745.5583    9.6672
   -7.5000    7.5000  -15.0000 2812.3547    9.2280
    0.0000    7.5000  -15.0000 2838.2190    9.1385
    7.5000    7.5000  -15.0000 2812.3547    9.2407
   -7.5000   15.0000  -15.0000 2865.5112    8.9918
    0.0000   15.0000  -15.0000 2891.9712    8.8953
    7.5000   15.0000  -15.0000 2853.9502    9.0503
   -7.5000   22.5000  -15.0000 2881.2507    8.9911
    0.0000   22.5000  -15.0000 2907.1580    8.8831
    7.5000   22.5000  -15.0000 2864.4609    9.0465
   -7.5000   30.0000  -15.0000 2846.8657    9.2376
    0.0000   30.0000  -15.0000 2876.1255    9.1303
    7.5000   30.0000  -15.0000 2841.3960    9.2919
   -7.5000   37.5000  -15.0000 2782.2908    9.6786
    0.0000   37.5000  -15.0000 2810.7266    9.5687
    7.5000   37.5000  -15.0000 2775.1218    9.7258
   -7.5000   45.0000  -15.0000 2690.3542   10.2767
    0.0000   45.0000  -15.0000 2715.8184   10.1793
    7.5000   45.0000  -15.0000 2677.8047   10.3348
   -7.5000   52.5000  -15.0000 2551.0671   10.9944
    0.0000   52.5000  -15.0000 2570.7166   10.8976
    7.5000   52.5000  -15.0000 2538.2224   11.0656
   -7.5000   60.0000  -15.0000 2364.7012   11.8413
    0.0000   60.0000  -15.0000 2382.0784   11.7296
    7.5000   60.0000  -15.0000 2355.6506   11.9019
   -7.5000  -30.0000   -7.5000 2264.3948   13.8073
    0.0000  -30.0000   -7.5000 2278.5225   13.6836
    7.5000  -30.0000   -7.5000 2263.5051   13.8615
   -7.5000  -22.5000   -7.5000 2401.2793   12.1920
    0.0000  -22.5000   -7.5000 2418.2507   12.0948
    7.5000  -22.5000   -7.5000 2406.7302   12.2643
   -7.5000  -15.0000   -7.5000 2532.8608   10.9240
    0.0000  -15.0000   -7.5000 2555.7786   10.8349
    7.5000  -15.0000   -7.5000 2535.9954   10.9907
   -7.5000   -7.5000   -7.5000 2663.9707    9.9814
    0.0000   -7.5000   -7.5000 2687.4214    9.8868
    7.5000   -7.5000   -7.5000 2667.9163   10.0209
   -7.5000    0.0000   -7.5000 2772.3472    9.3088
    0.0000    0.0000   -7.5000 2796.2883    9.2180
    7.5000    0.0000   -7.5000 2776.0872    9.3170
   -7.5000    7.5000   -7.5000 2853.4009    8.9044
    0.0000    7.5000   -7.5000 2880.1902    8.8125
    7.5000    7.5000   -7.5000 2861.1621    8.9077
   -7.5000   15.0000   -7.5000 2908.4807    8.7112
    0.0000   15.0000   -7.5000 2943.2302    8.6069
    7.5000   15.0000   -7.5000 2907.4163    8.7169
   -7.5000   22.5000   -7.5000 2939.9727    8.6644
    0.0000   22.5000   -7.5000 2976.9729    8.5493
    7.5000   22.5000   -7.5000 2923.5933    8.7149
   -7.5000   30.0000   -7.5000 2908.3018    8.8791
    0.0000   30.0000   -7.5000 2939.4731    8.7713
    7.5000   30.0000   -7.5000 2894.8438    8.9322
   -7.5000   37.5000   -7.5000 2833.9595    9.2867
    0.0000   37.5000   -7.5000 2864.3545    9.1780
    7.5000   37.5000   -7.5000 2826.6592    9.3158
   -7.5000   45.0000   -7.5000 2736.8281    9.8499
    0.0000   45.0000   -7.5000 2760.3142    9.7702
    7.5000   45.0000   -7.5000 2722.4011    9.9039
   -7.5000   52.5000   -7.5000 2592.6094   10.5795
    0.0000   52.5000   -7.5000 2612.4414   10.4867
    7.5000   52.5000   -7.5000 2578.4792   10.6283
   -7.5000   60.0000   -7.5000 2401.1167   11.4499
    0.0000   60.0000   -7.5000 2417.8694   11.3514
    7.5000   60.0000   -7.5000 2386.7031   11.5072
   -7.5000  -30.0000    0.0000 2267.3887   13.6970
    0.0000  -30.0000    0.0000 2286.0420   13.5991
    7.5000  -30.0000    0.0000 2269.8604   13.7784
   -7.5000  -22.5000    0.0000 2404.2664   12.0777
    0.0000  -22.5000    0.0000 2421.1013   11.9648
    7.5000  -22.5000    0.0000 2408.3933   12.1614
   -7.5000  -15.0000    0.0000 2533.2998   10.8044
    0.0000  -15.0000    0.0000 2553.4719   10.6776
    7.5000  -15.0000    0.0000 2535.2629   10.8506
   -7.5000   -7.5000    0.0000 2662.2029    9.8405
    0.0000   -7.5000    0.0000 2681.3386    9.7031
    7.5000   -7.5000    0.0000 2664.2786    9.8549
   -7.5000    0.0000    0.0000 2775.2026    9.1225
    0.0000    0.0000    0.0000 2799.5386    9.0168
    7.5000    0.0000    0.0000 2779.4788    9.1425
   -7.5000    7.5000    0.0000 2869.1738    8.7058
    0.0000    7.5000    0.0000 2901.0256    8.6112
    7.5000    7.5000    0.0000 2875.5735    8.7303
   -7.5000   15.0000    0.0000 2940.1624    8.5502
    0.0000   15.0000    0.0000 2983.3367    8.4731
    7.5000   15.0000    0.0000 2938.4963    8.5424
   -7.5000   22.5000    0.0000 2979.1882    8.5511
    0.0000   22.5000    0.0000 3028.0076    8.4853
    7.5000   22.5000    0.0000 2962.7510    8.5544
   -7.5000   30.0000    0.0000 2943.9824    8.7142
    0.0000   30.0000    0.0000 2980.8821    8.6488
    7.5000   30.0000    0.0000 2922.9077    8.7424
   -7.5000   37.5000    0.0000 2868.7332    9.0215
    0.0000   37.5000    0.0000 2894.5210    8.9380
    7.5000   37.5000    0.0000 2853.5383    9.0587
   -7.5000   45.0000    0.0000 2763.3835    9.5684
    0.0000   45.0000    0.0000 2785.5354    9.4710
    7.5000   45.0000    0.0000 2750.5408    9.6276
   -7.5000   52.5000    0.0000 2614.4834   10.3334
    0.0000   52.5000    0.0000 2634.5530   10.2239
    7.5000   52.5000    0.0000 2602.3052   10.3849
   -7.5000   60.0000    0.0000 2420.1990   11.2288
    0.0000   60.0000    0.0000 2439.4243   11.1179
    7.5000   60.0000    0.0000 2406.3247   11.2842
   -7.5000  -30.0000    7.5000 2270.0071   13.7326
    0.0000  -30.0000    7.5000 2290.2300   13.6193
    7.5000  -30.0000    7.5000 2269.3467   13.8259
   -7.5000  -22.5000    7.5000 2401.8062   12.1015
    0.0000  -22.5000    7.5000 2419.4128   11.9732
    7.5000  -22.5000    7.5000 2401.7986   12.1919
   -7.5000  -15.0000    7.5000 2523.9275   10.8245
    0.0000  -15.0000    7.5000 2539.9019   10.6877
    7.5000  -15.0000    7.5000 2521.9058   10.8899
   -7.5000   -7.5000    7.5000 2653.3459    9.8255
    0.0000   -7.5000    7.5000 2670.6758    9.7188
    7.5000   -7.5000    7.5000 2650.0652    9.8945
   -7.5000    0.0000    7.5000 2771.8386    9.0997
    0.0000    0.0000    7.5000 2792.4807    9.0118
    7.5000    0.0000    7.5000 2770.3237    9.1592
   -7.5000    7.5000    7.5000 2873.3713    8.6772
    0.0000    7.5000    7.5000 2900.4934    8.5931
    7.5000    7.5000    7.5000 2872.9319    8.7193
   -7.5000   15.0000    7.5000 2955.9536    8.5203
    0.0000   15.0000    7.5000 3000.3230    8.4462
    7.5000   15.0000    7.5000 2948.0583    8.5192
   -7.5000   22.5000    7.5000 3000.8828    8.5315
    0.0000   22.5000    7.5000 3056.9312    8.4613
    7.5000   22.5000    7.5000 2978.2446    8.5242
   -7.5000   30.0000    7.5000 2959.0320    8.6988
    0.0000   30.0000    7.5000 3001.4326    8.6270
    7.5000   30.0000    7.5000 2937.2742    8.7036
   -7.5000   37.5000    7.5000 2875.4536    8.9949
    0.0000   37.5000    7.5000 2902.4700    8.8970
    7.5000   37.5000    7.5000 2859.8435    9.0342
   -7.5000   45.0000    7.5000 2766.7695    9.5286
    0.0000   45.0000    7.5000 2789.5488    9.4322
    7.5000   45.0000    7.5000 2752.5039    9.5863
   -7.5000   52.5000    7.5000 2616.4272   10.2724
    0.0000   52.5000    7.5000 2634.8467   10.1691
    7.5000   52.5000    7.5000 2602.5837   10.3280
   -7.5000   60.0000    7.5000 2421.4246   11.1448
    0.0000   60.0000    7.5000 2436.9578   11.0523
    7.5000   60.0000    7.5000 2408.2229   11.2301
   -7.5000  -30.0000   15.0000 2257.2295   13.8850
    0.0000  -30.0000   15.0000 2277.6655   13.7795
    7.5000  -30.0000   15.0000 2255.3538   14.0123
   -7.5000  -22.5000   15.0000 2389.9097   12.2490
    0.0000  -22.5000   15.0000 2407.3342   12.1291
    7.5000  -22.5000   15.0000 2387.0579   12.3518
   -7.5000  -15.0000   15.0000 2508.9597   10.9748
    0.0000  -15.0000   15.0000 2525.9500   10.8551
    7.5000  -15.0000   15.0000 2504.3650   11.0676
   -7.5000   -7.5000   15.0000 2637.6694    9.9761
    0.0000   -7.5000   15.0000 2654.8743    9.8825
    7.5000   -7.5000   15.0000 2632.3611   10.0589
   -7.5000    0.0000   15.0000 2753.6936    9.2429
    0.0000    0.0000   15.0000 2771.1897    9.1510
    7.5000    0.0000   15.0000 2749.6838    9.3184
   -7.5000    7.5000   15.0000 2861.5232    8.7955
    0.0000    7.5000   15.0000 2882.5332    8.7208
    7.5000    7.5000   15.0000 2854.7830    8.8574
   -7.5000   15.0000   15.0000 2944.2217    8.6000
    0.0000   15.0000   15.0000 2980.5154    8.5372
    7.5000   15.0000   15.0000 2929.1650    8.6301
   -7.5000   22.5000   15.0000 2983.2864    8.5749
    0.0000   22.5000   15.0000 3023.7009    8.5011
    7.5000   22.5000   15.0000 2956.6912    8.6166
   -7.5000   30.0000   15.0000 2943.6538    8.7705
    0.0000   30.0000   15.0000 2980.1868    8.6616
    7.5000   30.0000   15.0000 2914.0002    8.8327
   -7.5000   37.5000   15.0000 2856.9292    9.1306
    0.0000   37.5000   15.0000 2888.1421    9.0228
    7.5000   37.5000   15.0000 2840.2256    9.1909
   -7.5000   45.0000   15.0000 2747.3264    9.6856
    0.0000   45.0000   15.0000 2768.1445    9.5844
    7.5000   45.0000   15.0000 2734.8389    9.7495
   -7.5000   52.5000   15.0000 2596.3894   10.4180
    0.0000   52.5000   15.0000 2611.8547   10.3115
    7.5000   52.5000   15.0000 2583.2810   10.4676
   -7.5000   60.0000   15.0000 2407.2007   11.2329
    0.0000   60.0000   15.0000 2417.8359   11.1440
    7.5000   60.0000   15.0000 2392.7358   11.3146
   -7.5000  -30.0000   22.5000 2230.3794   14.2116
    0.0000  -30.0000   22.5000 2245.0793   14.1041
    7.5000  -30.0000   22.5000 2224.7312   14.3821
   -7.5000  -22.5000   22.5000 2367.1475   12.5438
    0.0000  -22.5000   22.5000 2384.7737   12.4226
    7.5000  -22.5000   22.5000 2358.5425   12.6678
   -7.5000  -15.0000   22.5000 2490.5481   11.2529
    0.0000  -15.0000   22.5000 2505.8076   11.1256
    7.5000  -15.0000   22.5000 2478.5310   11.3469
   -7.5000   -7.5000   22.5000 2619.0896   10.2656
    0.0000   -7.5000   22.5000 2638.7334   10.1318
    7.5000   -7.5000   22.5000 2608.4231   10.3358
   -7.5000    0.0000   22.5000 2733.6516    9.5280
    0.0000    0.0000   22.5000 2753.3289    9.4084
    7.5000    0.0000   22.5000 2724.5417    9.6047
   -7.5000    7.5000   22.5000 2837.9285    9.0732
    0.0000    7.5000   22.5000 2860.5776    8.9745
    7.5000    7.5000   22.5000 2824.0671    9.1273
   -7.5000   15.0000   22.5000 2904.6184    8.8386
    0.0000   15.0000   22.5000 2933.6646    8.7689
    7.5000   15.0000   22.5000 2888.7178    8.8959
   -7.5000   22.5000   22.5000 2929.3347    8.7882
    0.0000   22.5000   22.5000 2959.5088    8.6781
    7.5000   22.5000   22.5000 2910.9805    8.8729
   -7.5000   30.0000   22.5000 2897.2720    9.0024
    0.0000   30.0000   22.5000 2918.5530    8.8878
    7.5000   30.0000   22.5000 2871.5300    9.0876
   -7.5000   37.5000   22.5000 2815.7810    9.4459
    0.0000   37.5000   22.5000 2841.4146    9.3296
    7.5000   37.5000   22.5000 2795.8030    9.4931
   -7.5000   45.0000   22.5000 2708.3542    9.9956
    0.0000   45.0000   22.5000 2727.3210    9.8954
    7.5000   45.0000   22.5000 2692.5505   10.0685
   -7.5000   52.5000   22.5000 2563.5859   10.6871
    0.0000   52.5000   22.5000 2576.2947   10.6058
    7.5000   52.5000   22.5000 2548.3604   10.7700
   -7.5000   60.0000   22.5000 2376.2249   11.4793
    0.0000   60.0000   22.5000 2388.9109   11.3946
    7.5000   60.0000   22.5000 2365.2800   11.5632
   -7.5000  -30.0000   30.0000 2189.6318   14.6783
    0.0000  -30.0000   30.0000 2203.5845   14.5614
    7.5000  -30.0000   30.0000 2184.0007   14.8310
   -7.5000  -22.5000   30.0000 2332.6941   12.9514
    0.0000  -22.5000   30.0000 2347.8369   12.8297
    7.5000  -22.5000   30.0000 2320.2061   13.0740
   -7.5000  -15.0000   30.0000 2461.5322   11.6549
    0.0000  -15.0000   30.0000 2475.7058   11.5163
    7.5000  -15.0000   30.0000 2446.6982   11.7509
   -7.5000   -7.5000   30.0000 2587.2783   10.6603
    0.0000   -7.5000   30.0000 2610.0291   10.5246
    7.5000   -7.5000   30.0000 2576.1514   10.7533
   -7.5000    0.0000   30.0000 2698.5044    9.9460
    0.0000    0.0000   30.0000 2724.7229    9.8172
    7.5000    0.0000   30.0000 2687.8601   10.0210
   -7.5000    7.5000   30.0000 2789.3843    9.4971
    0.0000    7.5000   30.0000 2816.7402    9.3868
    7.5000    7.5000   30.0000 2774.4578    9.5610
   -7.5000   15.0000   30.0000 2844.0530    9.2385
    0.0000   15.0000   30.0000 2873.0996    9.1228
    7.5000   15.0000   30.0000 2826.6248    9.3135
   -7.5000   22.5000   30.0000 2863.4087    9.1558
    0.0000   22.5000   30.0000 2886.2627    9.0329
    7.5000   22.5000   30.0000 2843.8564    9.2488
   -7.5000   30.0000   30.0000 2830.7068    9.3851
    0.0000   30.0000   30.0000 2849.6890    9.2856
    7.5000   30.0000   30.0000 2805.4624    9.4705
   -7.5000   37.5000   30.0000 2749.7268    9.8257
    0.0000   37.5000   30.0000 2772.9534    9.7167
    7.5000   37.5000   30.0000 2732.9712    9.8720
   -7.5000   45.0000   30.0000 2648.6311   10.3989
    0.0000   45.0000   30.0000 2662.4502   10.3008
    7.5000   45.0000   30.0000 2633.9270   10.4730
   -7.5000   52.5000   30.0000 2512.0793   11.0671
    0.0000   52.5000   30.0000 2526.1306   10.9795
    7.5000   52.5000   30.0000 2498.7637   11.1728
   -7.5000   60.0000   30.0000 2333.2207   11.8607
    0.0000   60.0000   30.0000 2348.1257   11.7811
    7.5000   60.0000   30.0000 2323.0559   11.9566
   -7.5000  -30.0000   37.5000 2143.0896   15.2848
    0.0000  -30.0000   37.5000 2159.5613   15.1537
    7.5000  -30.0000   37.5000 2138.3496   15.4157
   -7.5000  -22.5000   37.5000 2289.3364   13.5164
    0.0000  -22.5000   37.5000 2310.5969   13.3759
    7.5000  -22.5000   37.5000 2277.4338   13.6374
   -7.5000  -15.0000   37.5000 2419.6379   12.2003
    0.0000  -15.0000   37.5000 2441.3325   12.0375
    7.5000  -15.0000   37.5000 2406.8354   12.2989
   -7.5000   -7.5000   37.5000 2544.3879   11.2024
    0.0000   -7.5000   37.5000 2567.4346   11.0538
    7.5000   -7.5000   37.5000 2531.0962   11.2888
   -7.5000    0.0000   37.5000 2646.5886   10.4622
    0.0000    0.0000   37.5000 2676.3762   10.3479
    7.5000    0.0000   37.5000 2635.4541   10.5543
   -7.5000    7.5000   37.5000 2731.2405    9.9994
    0.0000    7.5000   37.5000 2761.4656    9.8935
    7.5000    7.5000   37.5000 2718.1829   10.0910
   -7.5000   15.0000   37.5000 2776.1982    9.7308
    0.0000   15.0000   37.5000 2806.7053    9.6122
    7.5000   15.0000   37.5000 2762.2981    9.8286
   -7.5000   22.5000   37.5000 2786.1465    9.6532
    0.0000   22.5000   37.5000 2808.6934    9.5475
    7.5000   22.5000   37.5000 2771.3484    9.7507
   -7.5000   30.0000   37.5000 2749.7202    9.8871
    0.0000   30.0000   37.5000 2771.9177    9.7848
    7.5000   30.0000   37.5000 2730.0952    9.9783
   -7.5000   37.5000   37.5000 2673.5508   10.3090
    0.0000   37.5000   37.5000 2696.8574   10.2006
    7.5000   37.5000   37.5000 2662.7744   10.3657
   -7.5000   45.0000   37.5000 2576.1001   10.8844
    0.0000   45.0000   37.5000 2594.3462   10.7718
    7.5000   45.0000   37.5000 2566.7651   10.9368
   -7.5000   52.5000   37.5000 2449.2861   11.5243
    0.0000   52.5000   37.5000 2461.8445   11.4366
    7.5000   52.5000   37.5000 2441.9067   11.6061
   -7.5000   60.0000   37.5000 2277.0420   12.3278
    0.0000   60.0000   37.5000 2290.4719   12.2216
    7.5000   60.0000   37.5000 2269.9387   12.3922
   -7.5000  -30.0000   45.0000 2097.6162   16.0953
    0.0000  -30.0000   45.0000 2113.0576   15.9619
    7.5000  -30.0000   45.0000 2088.4954   16.2613
   -7.5000  -22.5000   45.0000 2241.4956   14.2569
    0.0000  -22.5000   45.0000 2263.4949   14.1116
    7.5000  -22.5000   45.0000 2227.6743   14.3857
   -7.5000  -15.0000   45.0000 2369.0378   12.8756
    0.0000  -15.0000   45.0000 2391.6877   12.7409
    7.5000  -15.0000   45.0000 2356.7993   12.9951
   -7.5000   -7.5000   45.0000 2486.2151   11.8421
    0.0000   -7.5000   45.0000 2511.3137   11.7294
    7.5000   -7.5000   45.0000 2473.5129   11.9542
   -7.5000    0.0000   45.0000 2583.3445   11.1024
    0.0000    0.0000   45.0000 2609.4402   10.9923
    7.5000    0.0000   45.0000 2573.0950   11.2056
   -7.5000    7.5000   45.0000 2656.0503   10.6251
    0.0000    7.5000   45.0000 2683.9346   10.5199
    7.5000    7.5000   45.0000 2644.7922   10.7260
   -7.5000   15.0000   45.0000 2694.9082   10.3547
    0.0000   15.0000   45.0000 2720.1511   10.2454
    7.5000   15.0000   45.0000 2683.3645   10.4724
   -7.5000   22.5000   45.0000 2695.1841   10.2836
    0.0000   22.5000   45.0000 2714.3340   10.2031
    7.5000   22.5000   45.0000 2681.9551   10.4070
   -7.5000   30.0000   45.0000 2657.8850   10.4966
    0.0000   30.0000   45.0000 2676.6499   10.4072
    7.5000   30.0000   45.0000 2641.4438   10.5878
   -7.5000   37.5000   45.0000 2596.8149   10.8827
    0.0000   37.5000   45.0000 2615.4666   10.7927
    7.5000   37.5000   45.0000 2583.5767   10.9612
   -7.5000   45.0000   45.0000 2501.5166   11.4465
    0.0000   45.0000   45.0000 2517.3074   11.3587
    7.5000   45.0000   45.0000 2494.9458   11.5362
   -7.5000   52.5000   45.0000 2376.7654   12.0927
    0.0000   52.5000   45.0000 2394.6775   12.0239
    7.5000   52.5000   45.0000 2371.5039   12.2014
   -7.5000   60.0000   45.0000 2209.4631   12.8810
    0.0000   60.0000   45.0000 2224.6143   12.8020
    7.5000   60.0000   45.0000 2201.0833   12.9649

---------------------------------------------------------------------
imgreg_4dfp /opt/freesurfer/average/711-2C_as_mni_average_305 /opt/freesurfer/average/711-2B_as_mni_average_305_mask talsrcimg_g11 none talsrcimg_to_711-2C_as_mni_average_305_t4 1283
---------------------------------------------------------------------

freesurfer imgreg_4dfp.c
/opt/freesurfer/average/711-2C_as_mni_average_305.4dfp.img
       256       256       256         1
  1.000000  1.000000  1.000000
orientation T byte_order littleendian
Reading image: /opt/freesurfer/average/711-2C_as_mni_average_305.4dfp.img
dimensions:      256       256       256
mmppix:       1.0000   -1.0000   -1.0000
center:     128.0000 -129.0000 -129.0000
/opt/freesurfer/average/711-2B_as_mni_average_305_mask.4dfp.img
       256       256       256         1
  1.000000  1.000000  1.000000
orientation T byte_order littleendian
Reading mask: /opt/freesurfer/average/711-2B_as_mni_average_305_mask.4dfp.img (2306576 pixels)
talsrcimg_g11.4dfp.img
       256       256       256         1
  1.000000  1.000000  1.000000
orientation T byte_order littleendian
Reading image: talsrcimg_g11.4dfp.img
dimensions:      256       256       256
mmppix:       1.0000   -1.0000   -1.0000
center:     128.0000 -129.0000 -129.0000
rotation matrix determinant  1.000000
fimgreg.f
image alignment mode   1283 decimal      503 hex
parameters
    0.0000   22.5000    7.5000    0.0000    0.0000    0.0000
eta,q 0.95790  8.49640
niter,ni,del,rscale     5    3   12.0000    1.2000
parameters
   -0.9535   22.6181    6.2623   -2.4158    1.2311    0.4946
eta,q 0.95976  8.42857
  0.0548  0.0524  0.0465  0.0437  0.0534  0.0463
  0.0469  0.0468  0.0439  0.0412  0.0483  0.0436
  0.0426  0.0435  0.0423  0.0409  0.0438  0.0415
  0.0433  0.0423  0.0423  0.0421  0.0408  0.0403
  0.0484  0.0433  0.0447  0.0447  0.0406  0.0406
  0.0549  0.0465  0.0478  0.0476  0.0429  0.0424
  0.0624  0.0515  0.0507  0.0506  0.0466  0.0448
niter,ni,del,rscale     4    3   12.0000    1.2000
parameters
   -1.2945   23.7948    6.1661   -3.3909    1.5199    0.4155
eta,q 0.96121  8.44757
  0.0566  0.0539  0.0480  0.0448  0.0506  0.0447
  0.0471  0.0473  0.0441  0.0403  0.0456  0.0416
  0.0406  0.0424  0.0405  0.0386  0.0410  0.0396
  0.0402  0.0398  0.0393  0.0393  0.0388  0.0388
  0.0447  0.0394  0.0409  0.0413  0.0402  0.0397
  0.0511  0.0412  0.0443  0.0448  0.0438  0.0420
  0.0586  0.0464  0.0486  0.0484  0.0489  0.0450
niter,ni,del,rscale     3    3   12.0000    1.2000
parameters
   -1.4772   24.1518    6.1130   -3.6207    1.6704    0.3858
eta,q 0.96161  8.44995
  0.0578  0.0524  0.0478  0.0468  0.0503  0.0448
  0.0473  0.0458  0.0438  0.0417  0.0451  0.0415
  0.0399  0.0407  0.0398  0.0385  0.0404  0.0393
  0.0388  0.0386  0.0385  0.0385  0.0384  0.0384
  0.0434  0.0388  0.0402  0.0402  0.0401  0.0393
  0.0504  0.0426  0.0436  0.0433  0.0441  0.0417
  0.0581  0.0503  0.0482  0.0473  0.0494  0.0449
niter,ni,del,rscale     2    3   12.0000    1.2000
parameters
   -1.5635   24.2465    6.0881   -3.6814    1.7395    0.3813
eta,q 0.96173  8.45015
  0.0585  0.0517  0.0478  0.0473  0.0501  0.0449
  0.0477  0.0450  0.0437  0.0421  0.0449  0.0415
  0.0399  0.0401  0.0396  0.0386  0.0401  0.0392
  0.0384  0.0383  0.0383  0.0383  0.0383  0.0383
  0.0428  0.0389  0.0399  0.0399  0.0402  0.0391
  0.0499  0.0436  0.0434  0.0429  0.0443  0.0416
  0.0578  0.0517  0.0481  0.0469  0.0497  0.0449
niter,ni,del,rscale     1    3   12.0000    1.2000
parameters
   -1.5954   24.2721    6.0788   -3.6949    1.7658    0.3798
eta,q 0.96177  8.45011
  0.0589  0.0516  0.0478  0.0475  0.0500  0.0449
  0.0480  0.0449  0.0437  0.0422  0.0447  0.0415
  0.0399  0.0399  0.0396  0.0386  0.0399  0.0392
  0.0383  0.0382  0.0382  0.0382  0.0382  0.0382
  0.0425  0.0390  0.0398  0.0398  0.0403  0.0391
  0.0497  0.0440  0.0434  0.0428  0.0444  0.0416
  0.0576  0.0521  0.0480  0.0468  0.0498  0.0449
registration optimization eta report
parameter search radius
    6.0000    6.0000    6.0000    6.0000    6.0000    6.0000
100000*second partial in parameter space
       54.       38.       26.       25.       31.       18.
  0.0589  0.0516  0.0478  0.0475  0.0500  0.0449
  0.0480  0.0449  0.0437  0.0422  0.0447  0.0415
  0.0399  0.0399  0.0396  0.0386  0.0399  0.0392
  0.0383  0.0382  0.0382  0.0382  0.0382  0.0382
  0.0425  0.0390  0.0398  0.0398  0.0403  0.0391
  0.0497  0.0440  0.0434  0.0428  0.0444  0.0416
  0.0576  0.0521  0.0480  0.0468  0.0498  0.0449
   -1.5954   24.2721    6.0788   -3.6949    1.7658    0.3798
eta,q 0.96177  8.45011

---------------------------------------------------------------------
imgreg_4dfp /opt/freesurfer/average/711-2C_as_mni_average_305 /opt/freesurfer/average/711-2B_as_mni_average_305_mask talsrcimg_g11 none talsrcimg_to_711-2C_as_mni_average_305_t4 3335
---------------------------------------------------------------------

freesurfer imgreg_4dfp.c
/opt/freesurfer/average/711-2C_as_mni_average_305.4dfp.img
       256       256       256         1
  1.000000  1.000000  1.000000
orientation T byte_order littleendian
Reading image: /opt/freesurfer/average/711-2C_as_mni_average_305.4dfp.img
dimensions:      256       256       256
mmppix:       1.0000   -1.0000   -1.0000
center:     128.0000 -129.0000 -129.0000
/opt/freesurfer/average/711-2B_as_mni_average_305_mask.4dfp.img
       256       256       256         1
  1.000000  1.000000  1.000000
orientation T byte_order littleendian
Reading mask: /opt/freesurfer/average/711-2B_as_mni_average_305_mask.4dfp.img (2306576 pixels)
talsrcimg_g11.4dfp.img
       256       256       256         1
  1.000000  1.000000  1.000000
orientation T byte_order littleendian
Reading image: talsrcimg_g11.4dfp.img
dimensions:      256       256       256
mmppix:       1.0000   -1.0000   -1.0000
center:     128.0000 -129.0000 -129.0000
fimgreg.f
image alignment mode   3335 decimal      D07 hex
parameters
   -1.5954   24.2721    6.0788   -0.0497   -0.2087   -0.2552
   -0.4629   -3.1177    0.6626    6.4238    3.0814   -6.4413
eta,q 0.96075  8.53607
niter,ni,del,rscale     5    3    5.0000    1.2000
parameter  4  0.921092 ->  0.500000 qaram    1.1500
parameter  5  1.958259 ->  0.500000 qaram    1.1500
parameters
   -1.6959   24.1773    6.1226   -4.1897   -4.3487   -3.0302
   -0.4117   -2.6412    2.6578    4.2180    1.0000   -7.8269
eta,q 0.96740  8.03421
  0.0421  0.0412  0.0405  0.0369  0.0315  0.0338  0.0356  0.0369  0.0359  0.0342  0.0331  0.0334
  0.0405  0.0402  0.0398  0.0372  0.0330  0.0333  0.0343  0.0351  0.0347  0.0331  0.0328  0.0329
  0.0395  0.0395  0.0394  0.0380  0.0348  0.0332  0.0335  0.0338  0.0338  0.0327  0.0326  0.0326
  0.0392  0.0392  0.0392  0.0392  0.0374  0.0334  0.0332  0.0332  0.0332  0.0330  0.0327  0.0326
  0.0397  0.0395  0.0394  0.0413  0.0405  0.0339  0.0335  0.0334  0.0330  0.0340  0.0330  0.0330
  0.0409  0.0403  0.0397  0.0441  0.0438  0.0348  0.0343  0.0345  0.0333  0.0356  0.0335  0.0336
  0.0426  0.0416  0.0404  0.0473  0.0475  0.0358  0.0355  0.0362  0.0340  0.0377  0.0341  0.0343
niter,ni,del,rscale     6    3    5.0000    1.2000
parameter  5  1.229731 ->  0.500000 qaram    1.3225
parameters
   -1.5167   24.2811    6.0818   -8.0115   -9.1097   -3.6451
   -0.5175   -2.6790    3.6601    4.9800    1.0888   -8.2768
eta,q 0.97101  7.62036
  0.0360  0.0351  0.0339  0.0326  0.0281  0.0307  0.0311  0.0325  0.0312  0.0327  0.0300  0.0302
  0.0343  0.0338  0.0332  0.0322  0.0288  0.0298  0.0300  0.0308  0.0302  0.0308  0.0295  0.0295
  0.0331  0.0329  0.0327  0.0321  0.0301  0.0292  0.0293  0.0295  0.0294  0.0295  0.0291  0.0291
  0.0326  0.0326  0.0326  0.0326  0.0321  0.0291  0.0291  0.0291  0.0291  0.0290  0.0290  0.0290
  0.0328  0.0328  0.0328  0.0337  0.0344  0.0294  0.0294  0.0295  0.0291  0.0292  0.0291  0.0292
  0.0336  0.0335  0.0333  0.0356  0.0375  0.0302  0.0301  0.0307  0.0295  0.0300  0.0294  0.0297
  0.0351  0.0347  0.0340  0.0385  0.0413  0.0315  0.0312  0.0327  0.0303  0.0313  0.0299  0.0305
niter,ni,del,rscale     6    3    5.0000    1.2000
parameter  5  0.631230 ->  0.500000 qaram    1.5209
parameters
   -1.5419   24.4445    6.2388   -8.8635  -14.5848   -3.1947
   -1.2970   -2.4660    2.9644    5.9785    1.5943   -8.5976
eta,q 0.97239  7.35926
  0.0317  0.0317  0.0305  0.0306  0.0281  0.0298  0.0294  0.0312  0.0290  0.0311  0.0287  0.0287
  0.0302  0.0303  0.0297  0.0297  0.0277  0.0288  0.0284  0.0295  0.0282  0.0293  0.0281  0.0281
  0.0293  0.0294  0.0292  0.0291  0.0280  0.0281  0.0278  0.0282  0.0277  0.0282  0.0278  0.0277
  0.0290  0.0290  0.0290  0.0290  0.0290  0.0277  0.0277  0.0277  0.0277  0.0276  0.0276  0.0276
  0.0293  0.0292  0.0291  0.0293  0.0309  0.0278  0.0282  0.0280  0.0280  0.0278  0.0277  0.0278
  0.0303  0.0299  0.0295  0.0302  0.0334  0.0283  0.0290  0.0291  0.0286  0.0285  0.0279  0.0283
  0.0318  0.0310  0.0302  0.0316  0.0367  0.0295  0.0302  0.0309  0.0296  0.0295  0.0284  0.0289
niter,ni,del,rscale     6    3    5.0000    1.2000
parameters
   -1.6038   24.6549    6.4511  -10.0177  -16.4918   -2.8854
   -1.6310   -2.3417    2.4796    6.5038    1.9123   -8.5388
eta,q 0.97247  7.24605
  0.0301  0.0301  0.0290  0.0291  0.0300  0.0295  0.0296  0.0309  0.0289  0.0302  0.0285  0.0287
  0.0287  0.0288  0.0283  0.0280  0.0286  0.0286  0.0284  0.0292  0.0281  0.0288  0.0280  0.0280
  0.0278  0.0279  0.0278  0.0276  0.0278  0.0279  0.0277  0.0280  0.0276  0.0278  0.0277  0.0277
  0.0276  0.0276  0.0276  0.0276  0.0275  0.0276  0.0275  0.0275  0.0275  0.0275  0.0275  0.0275
  0.0280  0.0278  0.0277  0.0280  0.0283  0.0277  0.0279  0.0279  0.0278  0.0278  0.0276  0.0277
  0.0289  0.0284  0.0280  0.0289  0.0302  0.0282  0.0288  0.0290  0.0284  0.0284  0.0279  0.0281
  0.0303  0.0293  0.0286  0.0301  0.0329  0.0293  0.0299  0.0308  0.0293  0.0295  0.0284  0.0286
niter,ni,del,rscale     5    3    5.0000    1.2000
parameters
   -1.5959   25.0163    6.3516  -10.5892  -17.2083   -3.0689
   -1.6964   -2.2755    2.2575    7.2150    2.0180   -8.6862
eta,q 0.97249  7.19288
  0.0301  0.0299  0.0285  0.0295  0.0303  0.0292  0.0297  0.0308  0.0290  0.0300  0.0284  0.0285
  0.0286  0.0287  0.0279  0.0282  0.0289  0.0284  0.0285  0.0291  0.0281  0.0286  0.0279  0.0279
  0.0278  0.0279  0.0276  0.0275  0.0279  0.0278  0.0277  0.0279  0.0276  0.0278  0.0276  0.0276
  0.0275  0.0275  0.0275  0.0275  0.0275  0.0275  0.0275  0.0275  0.0275  0.0275  0.0275  0.0275
  0.0278  0.0276  0.0277  0.0279  0.0278  0.0277  0.0278  0.0279  0.0277  0.0276  0.0276  0.0277
  0.0287  0.0280  0.0281  0.0288  0.0292  0.0283  0.0286  0.0290  0.0283  0.0282  0.0279  0.0280
  0.0300  0.0287  0.0287  0.0299  0.0316  0.0296  0.0297  0.0307  0.0291  0.0291  0.0284  0.0286
niter,ni,del,rscale     4    3    5.0000    1.2000
parameters
   -1.5728   25.3943    6.1242  -10.9883  -17.8957   -3.4164
   -1.7605   -2.2057    2.1217    8.1603    2.0545   -8.9295
eta,q 0.97256  7.14405
  0.0300  0.0296  0.0283  0.0296  0.0302  0.0291  0.0297  0.0307  0.0290  0.0299  0.0284  0.0284
  0.0286  0.0285  0.0278  0.0284  0.0288  0.0283  0.0285  0.0291  0.0281  0.0286  0.0279  0.0278
  0.0278  0.0278  0.0275  0.0276  0.0279  0.0277  0.0277  0.0279  0.0276  0.0278  0.0275  0.0275
  0.0275  0.0275  0.0275  0.0275  0.0274  0.0275  0.0275  0.0275  0.0275  0.0275  0.0275  0.0274
  0.0278  0.0275  0.0277  0.0279  0.0278  0.0277  0.0278  0.0278  0.0277  0.0275  0.0275  0.0276
  0.0286  0.0279  0.0281  0.0288  0.0290  0.0283  0.0286  0.0289  0.0282  0.0280  0.0278  0.0280
  0.0299  0.0286  0.0287  0.0300  0.0313  0.0296  0.0297  0.0306  0.0291  0.0288  0.0283  0.0285
niter,ni,del,rscale     3    3    5.0000    1.2000
parameters
   -1.5395   25.8975    5.7954  -11.4091  -18.8844   -3.9597
   -1.8575   -2.1196    2.0439    9.5147    2.0255   -9.2192
eta,q 0.97274  7.08054
  0.0300  0.0296  0.0281  0.0296  0.0298  0.0288  0.0295  0.0305  0.0289  0.0298  0.0282  0.0281
  0.0286  0.0285  0.0276  0.0283  0.0285  0.0281  0.0283  0.0289  0.0281  0.0286  0.0277  0.0276
  0.0277  0.0278  0.0274  0.0275  0.0277  0.0275  0.0276  0.0278  0.0275  0.0278  0.0274  0.0273
  0.0274  0.0274  0.0274  0.0274  0.0273  0.0274  0.0274  0.0274  0.0274  0.0274  0.0273  0.0273
  0.0277  0.0274  0.0276  0.0278  0.0278  0.0276  0.0277  0.0277  0.0276  0.0273  0.0274  0.0274
  0.0285  0.0277  0.0280  0.0287  0.0290  0.0283  0.0284  0.0287  0.0281  0.0276  0.0277  0.0277
  0.0298  0.0283  0.0287  0.0300  0.0312  0.0296  0.0295  0.0304  0.0290  0.0285  0.0282  0.0282
niter,ni,del,rscale     2    3    5.0000    1.2000
parameters
   -1.4904   26.5559    5.3576  -11.7798  -20.0721   -4.6602
   -1.9679   -2.0279    2.1287   10.8618    1.8666   -9.6034
eta,q 0.97303  7.01129
  0.0298  0.0296  0.0278  0.0294  0.0295  0.0285  0.0291  0.0302  0.0289  0.0298  0.0278  0.0277
  0.0284  0.0285  0.0273  0.0282  0.0282  0.0278  0.0280  0.0286  0.0280  0.0286  0.0274  0.0273
  0.0275  0.0277  0.0271  0.0273  0.0274  0.0273  0.0273  0.0275  0.0273  0.0277  0.0271  0.0270
  0.0273  0.0273  0.0271  0.0271  0.0271  0.0271  0.0271  0.0271  0.0271  0.0271  0.0270  0.0270
  0.0275  0.0271  0.0274  0.0275  0.0276  0.0273  0.0274  0.0274  0.0273  0.0270  0.0271  0.0271
  0.0283  0.0274  0.0278  0.0285  0.0290  0.0280  0.0281  0.0285  0.0279  0.0274  0.0274  0.0274
  0.0295  0.0280  0.0284  0.0299  0.0311  0.0294  0.0292  0.0301  0.0289  0.0284  0.0279  0.0279
niter,ni,del,rscale     1    3    5.0000    1.2000
parameters
   -1.4321   27.0614    5.0250  -11.8861  -20.7236   -5.0855
   -2.0967   -1.9513    2.2556   11.6165    1.6439   -9.9924
eta,q 0.97314  6.97910
  0.0294  0.0293  0.0276  0.0294  0.0297  0.0284  0.0289  0.0301  0.0289  0.0296  0.0277  0.0275
  0.0281  0.0282  0.0271  0.0281  0.0283  0.0276  0.0278  0.0284  0.0279  0.0283  0.0272  0.0272
  0.0273  0.0274  0.0269  0.0272  0.0273  0.0271  0.0271  0.0273  0.0272  0.0274  0.0270  0.0269
  0.0270  0.0270  0.0269  0.0269  0.0269  0.0269  0.0269  0.0269  0.0269  0.0269  0.0269  0.0269
  0.0272  0.0269  0.0271  0.0272  0.0273  0.0271  0.0272  0.0273  0.0271  0.0270  0.0270  0.0270
  0.0280  0.0273  0.0275  0.0281  0.0286  0.0277  0.0279  0.0283  0.0277  0.0276  0.0273  0.0273
  0.0292  0.0279  0.0281  0.0296  0.0308  0.0290  0.0290  0.0300  0.0288  0.0287  0.0278  0.0277
registration optimization eta report
parameter search radius
    2.4000    2.4000    2.4000    8.2800   10.9503    7.2000
    7.2000    7.2000    7.2000    7.2000    7.2000    7.2000
100000*second partial in parameter space
       40.       28.       16.        4.        3.        3.
        4.        6.        4.        4.        2.        1.
  0.0294  0.0293  0.0276  0.0294  0.0297  0.0284  0.0289  0.0301  0.0289  0.0296  0.0277  0.0275
  0.0281  0.0282  0.0271  0.0281  0.0283  0.0276  0.0278  0.0284  0.0279  0.0283  0.0272  0.0272
  0.0273  0.0274  0.0269  0.0272  0.0273  0.0271  0.0271  0.0273  0.0272  0.0274  0.0270  0.0269
  0.0270  0.0270  0.0269  0.0269  0.0269  0.0269  0.0269  0.0269  0.0269  0.0269  0.0269  0.0269
  0.0272  0.0269  0.0271  0.0272  0.0273  0.0271  0.0272  0.0273  0.0271  0.0270  0.0270  0.0270
  0.0280  0.0273  0.0275  0.0281  0.0286  0.0277  0.0279  0.0283  0.0277  0.0276  0.0273  0.0273
  0.0292  0.0279  0.0281  0.0296  0.0308  0.0290  0.0290  0.0300  0.0288  0.0287  0.0278  0.0277
   -1.4321   27.0614    5.0250  -11.8861  -20.7236   -5.0855
   -2.0967   -1.9513    2.2556   11.6165    1.6439   -9.9924
eta,q 0.97314  6.97910

---------------------------------------------------------------------
imgreg_4dfp /opt/freesurfer/average/711-2C_as_mni_average_305 /opt/freesurfer/average/711-2B_as_mni_average_305_mask talsrcimg_g11 none talsrcimg_to_711-2C_as_mni_average_305_t4 2311
---------------------------------------------------------------------

freesurfer imgreg_4dfp.c
/opt/freesurfer/average/711-2C_as_mni_average_305.4dfp.img
       256       256       256         1
  1.000000  1.000000  1.000000
orientation T byte_order littleendian
Reading image: /opt/freesurfer/average/711-2C_as_mni_average_305.4dfp.img
dimensions:      256       256       256
mmppix:       1.0000   -1.0000   -1.0000
center:     128.0000 -129.0000 -129.0000
/opt/freesurfer/average/711-2B_as_mni_average_305_mask.4dfp.img
       256       256       256         1
  1.000000  1.000000  1.000000
orientation T byte_order littleendian
Reading mask: /opt/freesurfer/average/711-2B_as_mni_average_305_mask.4dfp.img (2306576 pixels)
talsrcimg_g11.4dfp.img
       256       256       256         1
  1.000000  1.000000  1.000000
orientation T byte_order littleendian
Reading image: talsrcimg_g11.4dfp.img
dimensions:      256       256       256
mmppix:       1.0000   -1.0000   -1.0000
center:     128.0000 -129.0000 -129.0000
fimgreg.f
image alignment mode   2311 decimal      907 hex
parameters
   -1.4321   27.0614    5.0250  -11.8861  -20.7236   -5.0855
   -2.0967   -1.9513    2.2556   11.6165    1.6439   -9.9924
eta,q 0.97314  6.97910
niter,ni,del,rscale     5    3    5.0000    0.8000
parameters
   -1.3939   27.2830    4.8584  -11.7405  -20.1233   -5.0205
   -2.2359   -1.8620    2.3084   11.9824    1.5436  -10.3185
eta,q 0.97319  7.00869
  0.0280  0.0278  0.0272  0.0278  0.0277  0.0276  0.0277  0.0284  0.0278  0.0281  0.0272  0.0271
  0.0273  0.0273  0.0270  0.0273  0.0273  0.0272  0.0272  0.0275  0.0273  0.0274  0.0270  0.0269
  0.0270  0.0270  0.0269  0.0270  0.0270  0.0270  0.0269  0.0270  0.0269  0.0270  0.0269  0.0268
  0.0269  0.0269  0.0269  0.0268  0.0268  0.0268  0.0268  0.0268  0.0268  0.0268  0.0268  0.0268
  0.0270  0.0269  0.0269  0.0269  0.0268  0.0269  0.0270  0.0270  0.0269  0.0269  0.0269  0.0269
  0.0273  0.0271  0.0271  0.0272  0.0270  0.0271  0.0273  0.0275  0.0272  0.0272  0.0270  0.0270
  0.0278  0.0274  0.0274  0.0277  0.0274  0.0276  0.0278  0.0283  0.0277  0.0278  0.0273  0.0272
niter,ni,del,rscale     4    3    5.0000    0.7000
parameters
   -1.3631   27.3033    4.8428  -11.8186  -20.0586   -4.9730
   -2.2990   -1.8316    2.3118   12.0639    1.5053  -10.4198
eta,q 0.97319  7.01017
  0.0276  0.0274  0.0271  0.0275  0.0274  0.0274  0.0275  0.0280  0.0275  0.0277  0.0271  0.0271
  0.0272  0.0271  0.0270  0.0271  0.0271  0.0271  0.0271  0.0273  0.0271  0.0272  0.0270  0.0269
  0.0269  0.0269  0.0268  0.0269  0.0269  0.0269  0.0269  0.0270  0.0269  0.0269  0.0269  0.0268
  0.0268  0.0268  0.0268  0.0268  0.0268  0.0268  0.0268  0.0268  0.0268  0.0268  0.0268  0.0268
  0.0269  0.0269  0.0269  0.0269  0.0269  0.0269  0.0269  0.0269  0.0269  0.0269  0.0268  0.0268
  0.0271  0.0271  0.0270  0.0272  0.0270  0.0271  0.0272  0.0273  0.0271  0.0272  0.0270  0.0270
  0.0276  0.0274  0.0272  0.0276  0.0274  0.0274  0.0276  0.0280  0.0275  0.0276  0.0271  0.0271
niter,ni,del,rscale     3    3    5.0000    0.6000
parameters
   -1.3533   27.3091    4.8411  -11.8526  -20.0050   -4.9120
   -2.3160   -1.8223    2.3051   12.0903    1.5110  -10.4522
eta,q 0.97319  7.01257
  0.0274  0.0272  0.0271  0.0273  0.0272  0.0273  0.0274  0.0277  0.0273  0.0275  0.0270  0.0270
  0.0271  0.0270  0.0269  0.0270  0.0270  0.0270  0.0271  0.0272  0.0270  0.0271  0.0269  0.0269
  0.0269  0.0269  0.0268  0.0269  0.0269  0.0269  0.0269  0.0269  0.0269  0.0269  0.0268  0.0268
  0.0268  0.0268  0.0268  0.0268  0.0268  0.0268  0.0268  0.0268  0.0268  0.0268  0.0268  0.0268
  0.0269  0.0269  0.0268  0.0269  0.0268  0.0268  0.0269  0.0269  0.0269  0.0269  0.0268  0.0268
  0.0271  0.0270  0.0269  0.0271  0.0270  0.0270  0.0271  0.0272  0.0271  0.0271  0.0269  0.0269
  0.0274  0.0272  0.0271  0.0274  0.0272  0.0273  0.0274  0.0277  0.0273  0.0274  0.0270  0.0270
niter,ni,del,rscale     2    3    5.0000    0.5000
parameters
   -1.3524   27.3109    4.8443  -11.8798  -19.9522   -4.8494
   -2.3160   -1.8227    2.2884   12.0908    1.5085  -10.4993
eta,q 0.97319  7.01501
  0.0272  0.0271  0.0270  0.0272  0.0271  0.0271  0.0272  0.0274  0.0272  0.0272  0.0270  0.0270
  0.0270  0.0269  0.0269  0.0270  0.0269  0.0270  0.0270  0.0271  0.0270  0.0270  0.0269  0.0269
  0.0269  0.0268  0.0268  0.0268  0.0268  0.0269  0.0269  0.0269  0.0268  0.0269  0.0268  0.0268
  0.0268  0.0268  0.0268  0.0268  0.0268  0.0268  0.0268  0.0268  0.0268  0.0268  0.0268  0.0268
  0.0269  0.0268  0.0268  0.0269  0.0268  0.0268  0.0268  0.0269  0.0268  0.0269  0.0268  0.0268
  0.0270  0.0269  0.0269  0.0270  0.0269  0.0269  0.0270  0.0271  0.0270  0.0270  0.0269  0.0269
  0.0272  0.0271  0.0270  0.0272  0.0271  0.0271  0.0272  0.0274  0.0272  0.0272  0.0270  0.0270
niter,ni,del,rscale     1    3    5.0000    0.4000
parameters
   -1.3558   27.3042    4.8529  -11.9181  -19.9161   -4.8144
   -2.2992   -1.8284    2.2814   12.0916    1.5474  -10.4881
eta,q 0.97320  7.01580
  0.0271  0.0270  0.0269  0.0271  0.0270  0.0270  0.0271  0.0272  0.0270  0.0271  0.0269  0.0269
  0.0269  0.0269  0.0269  0.0269  0.0269  0.0269  0.0269  0.0270  0.0269  0.0269  0.0269  0.0269
  0.0268  0.0268  0.0268  0.0268  0.0268  0.0268  0.0268  0.0269  0.0268  0.0268  0.0268  0.0268
  0.0268  0.0268  0.0268  0.0268  0.0268  0.0268  0.0268  0.0268  0.0268  0.0268  0.0268  0.0268
  0.0268  0.0268  0.0268  0.0268  0.0268  0.0268  0.0268  0.0269  0.0268  0.0268  0.0268  0.0268
  0.0269  0.0269  0.0269  0.0269  0.0269  0.0269  0.0269  0.0270  0.0269  0.0269  0.0269  0.0269
  0.0271  0.0270  0.0269  0.0271  0.0270  0.0270  0.0271  0.0272  0.0270  0.0271  0.0269  0.0269
registration optimization eta report
parameter search radius
    0.8000    0.8000    0.8000    2.4000    2.4000    2.4000
    2.4000    2.4000    2.4000    2.4000    2.4000    2.4000
100000*second partial in parameter space
       41.       30.       17.        4.        3.        4.
        4.        7.        4.        5.        2.        2.
  0.0271  0.0270  0.0269  0.0271  0.0270  0.0270  0.0271  0.0272  0.0270  0.0271  0.0269  0.0269
  0.0269  0.0269  0.0269  0.0269  0.0269  0.0269  0.0269  0.0270  0.0269  0.0269  0.0269  0.0269
  0.0268  0.0268  0.0268  0.0268  0.0268  0.0268  0.0268  0.0269  0.0268  0.0268  0.0268  0.0268
  0.0268  0.0268  0.0268  0.0268  0.0268  0.0268  0.0268  0.0268  0.0268  0.0268  0.0268  0.0268
  0.0268  0.0268  0.0268  0.0268  0.0268  0.0268  0.0268  0.0269  0.0268  0.0268  0.0268  0.0268
  0.0269  0.0269  0.0269  0.0269  0.0269  0.0269  0.0269  0.0270  0.0269  0.0269  0.0269  0.0269
  0.0271  0.0270  0.0269  0.0271  0.0270  0.0270  0.0271  0.0272  0.0270  0.0271  0.0269  0.0269
   -1.3558   27.3042    4.8529  -11.9181  -19.9161   -4.8144
   -2.2992   -1.8284    2.2814   12.0916    1.5474  -10.4881
eta,q 0.97320  7.01580

---------------------------------------------------------------------
imgreg_4dfp /opt/freesurfer/average/711-2C_as_mni_average_305 /opt/freesurfer/average/711-2B_as_mni_average_305_mask talsrcimg_g11 none talsrcimg_to_711-2C_as_mni_average_305_t4 2311
---------------------------------------------------------------------

freesurfer imgreg_4dfp.c
/opt/freesurfer/average/711-2C_as_mni_average_305.4dfp.img
       256       256       256         1
  1.000000  1.000000  1.000000
orientation T byte_order littleendian
Reading image: /opt/freesurfer/average/711-2C_as_mni_average_305.4dfp.img
dimensions:      256       256       256
mmppix:       1.0000   -1.0000   -1.0000
center:     128.0000 -129.0000 -129.0000
/opt/freesurfer/average/711-2B_as_mni_average_305_mask.4dfp.img
       256       256       256         1
  1.000000  1.000000  1.000000
orientation T byte_order littleendian
Reading mask: /opt/freesurfer/average/711-2B_as_mni_average_305_mask.4dfp.img (2306576 pixels)
talsrcimg_g11.4dfp.img
       256       256       256         1
  1.000000  1.000000  1.000000
orientation T byte_order littleendian
Reading image: talsrcimg_g11.4dfp.img
dimensions:      256       256       256
mmppix:       1.0000   -1.0000   -1.0000
center:     128.0000 -129.0000 -129.0000
fimgreg.f
image alignment mode   2311 decimal      907 hex
parameters
   -1.3558   27.3042    4.8529  -11.9181  -19.9161   -4.8144
   -2.2992   -1.8284    2.2814   12.0916    1.5474  -10.4881
eta,q 0.97320  7.01580
niter,ni,del,rscale     5    3    5.0000    0.8000
parameters
   -1.3504   27.3155    4.8681  -11.8932  -20.1296   -4.9995
   -2.2960   -1.8156    2.3077   12.1088    1.4581  -10.4401
eta,q 0.97319  7.00528
  0.0279  0.0276  0.0273  0.0278  0.0274  0.0275  0.0278  0.0283  0.0277  0.0279  0.0272  0.0272
  0.0273  0.0272  0.0270  0.0272  0.0271  0.0272  0.0272  0.0275  0.0272  0.0273  0.0270  0.0270
  0.0269  0.0269  0.0269  0.0269  0.0269  0.0269  0.0269  0.0270  0.0269  0.0269  0.0269  0.0269
  0.0268  0.0268  0.0268  0.0268  0.0268  0.0268  0.0268  0.0268  0.0268  0.0268  0.0268  0.0268
  0.0269  0.0269  0.0269  0.0269  0.0269  0.0269  0.0269  0.0270  0.0269  0.0269  0.0269  0.0269
  0.0273  0.0272  0.0270  0.0272  0.0272  0.0272  0.0273  0.0275  0.0272  0.0273  0.0270  0.0270
  0.0278  0.0276  0.0272  0.0277  0.0276  0.0277  0.0278  0.0283  0.0277  0.0279  0.0272  0.0272
niter,ni,del,rscale     4    3    5.0000    0.7000
parameters
   -1.3493   27.3305    4.8371  -11.8396  -20.0779   -4.9777
   -2.3240   -1.8107    2.3246   12.1230    1.4593  -10.4723
eta,q 0.97319  7.00934
  0.0276  0.0274  0.0271  0.0276  0.0274  0.0274  0.0276  0.0280  0.0275  0.0277  0.0271  0.0271
  0.0272  0.0271  0.0269  0.0272  0.0271  0.0271  0.0271  0.0273  0.0271  0.0272  0.0270  0.0269
  0.0269  0.0269  0.0268  0.0269  0.0269  0.0269  0.0269  0.0269  0.0269  0.0269  0.0269  0.0268
  0.0268  0.0268  0.0268  0.0268  0.0268  0.0268  0.0268  0.0268  0.0268  0.0268  0.0268  0.0268
  0.0269  0.0269  0.0269  0.0269  0.0268  0.0269  0.0269  0.0269  0.0269  0.0269  0.0268  0.0268
  0.0272  0.0271  0.0270  0.0271  0.0270  0.0271  0.0272  0.0273  0.0271  0.0272  0.0270  0.0269
  0.0276  0.0274  0.0272  0.0275  0.0274  0.0274  0.0276  0.0280  0.0275  0.0277  0.0271  0.0271
niter,ni,del,rscale     3    3    5.0000    0.6000
parameters
   -1.3445   27.3259    4.8333  -11.8612  -20.0052   -4.9254
   -2.3237   -1.8087    2.3157   12.1177    1.4737  -10.4775
eta,q 0.97319  7.01225
  0.0274  0.0272  0.0271  0.0274  0.0272  0.0273  0.0274  0.0277  0.0273  0.0274  0.0270  0.0270
  0.0271  0.0270  0.0269  0.0271  0.0270  0.0270  0.0271  0.0272  0.0270  0.0271  0.0269  0.0269
  0.0269  0.0269  0.0268  0.0269  0.0269  0.0269  0.0269  0.0269  0.0269  0.0269  0.0268  0.0268
  0.0268  0.0268  0.0268  0.0268  0.0268  0.0268  0.0268  0.0268  0.0268  0.0268  0.0268  0.0268
  0.0269  0.0269  0.0268  0.0269  0.0268  0.0268  0.0269  0.0269  0.0269  0.0269  0.0268  0.0268
  0.0271  0.0270  0.0269  0.0271  0.0270  0.0270  0.0271  0.0272  0.0270  0.0271  0.0269  0.0269
  0.0274  0.0272  0.0271  0.0274  0.0272  0.0273  0.0274  0.0277  0.0273  0.0274  0.0270  0.0270
niter,ni,del,rscale     2    3    5.0000    0.5000
parameters
   -1.3483   27.3151    4.8422  -11.8918  -19.9521   -4.8652
   -2.3258   -1.8160    2.2851   12.1042    1.5140  -10.5094
eta,q 0.97320  7.01441
  0.0272  0.0271  0.0270  0.0272  0.0271  0.0271  0.0272  0.0274  0.0272  0.0272  0.0270  0.0270
  0.0270  0.0269  0.0269  0.0270  0.0269  0.0270  0.0270  0.0271  0.0270  0.0270  0.0269  0.0269
  0.0269  0.0268  0.0268  0.0268  0.0268  0.0269  0.0269  0.0269  0.0268  0.0269  0.0268  0.0268
  0.0268  0.0268  0.0268  0.0268  0.0268  0.0268  0.0268  0.0268  0.0268  0.0268  0.0268  0.0268
  0.0269  0.0268  0.0268  0.0269  0.0268  0.0268  0.0269  0.0269  0.0269  0.0269  0.0268  0.0268
  0.0270  0.0270  0.0269  0.0270  0.0269  0.0269  0.0270  0.0271  0.0270  0.0270  0.0269  0.0269
  0.0272  0.0271  0.0270  0.0272  0.0271  0.0271  0.0272  0.0274  0.0272  0.0273  0.0270  0.0270
niter,ni,del,rscale     1    3    5.0000    0.4000
parameters
   -1.3527   27.3061    4.8540  -11.9264  -19.9001   -4.8160
   -2.2961   -1.8215    2.2694   12.0924    1.5606  -10.4970
eta,q 0.97320  7.01608
  0.0271  0.0270  0.0269  0.0271  0.0270  0.0270  0.0271  0.0272  0.0270  0.0271  0.0269  0.0269
  0.0269  0.0269  0.0269  0.0269  0.0269  0.0269  0.0269  0.0270  0.0269  0.0269  0.0269  0.0269
  0.0268  0.0268  0.0268  0.0268  0.0268  0.0268  0.0268  0.0268  0.0268  0.0268  0.0268  0.0268
  0.0268  0.0268  0.0268  0.0268  0.0268  0.0268  0.0268  0.0268  0.0268  0.0268  0.0268  0.0268
  0.0268  0.0268  0.0268  0.0268  0.0268  0.0268  0.0268  0.0269  0.0268  0.0268  0.0268  0.0268
  0.0269  0.0269  0.0269  0.0269  0.0269  0.0269  0.0269  0.0270  0.0269  0.0269  0.0269  0.0268
  0.0271  0.0270  0.0269  0.0271  0.0270  0.0270  0.0271  0.0272  0.0270  0.0271  0.0269  0.0269
registration optimization eta report
parameter search radius
    0.8000    0.8000    0.8000    2.4000    2.4000    2.4000
    2.4000    2.4000    2.4000    2.4000    2.4000    2.4000
100000*second partial in parameter space
       41.       31.       18.        4.        3.        4.
        4.        7.        4.        5.        2.        2.
  0.0271  0.0270  0.0269  0.0271  0.0270  0.0270  0.0271  0.0272  0.0270  0.0271  0.0269  0.0269
  0.0269  0.0269  0.0269  0.0269  0.0269  0.0269  0.0269  0.0270  0.0269  0.0269  0.0269  0.0269
  0.0268  0.0268  0.0268  0.0268  0.0268  0.0268  0.0268  0.0268  0.0268  0.0268  0.0268  0.0268
  0.0268  0.0268  0.0268  0.0268  0.0268  0.0268  0.0268  0.0268  0.0268  0.0268  0.0268  0.0268
  0.0268  0.0268  0.0268  0.0268  0.0268  0.0268  0.0268  0.0269  0.0268  0.0268  0.0268  0.0268
  0.0269  0.0269  0.0269  0.0269  0.0269  0.0269  0.0269  0.0270  0.0269  0.0269  0.0269  0.0268
  0.0271  0.0270  0.0269  0.0271  0.0270  0.0270  0.0271  0.0272  0.0270  0.0271  0.0269  0.0269
   -1.3527   27.3061    4.8540  -11.9264  -19.9001   -4.8160
   -2.2961   -1.8215    2.2694   12.0924    1.5606  -10.4970
eta,q 0.97320  7.01608

---------------------------------------------------------------------
compute_vox2vox talsrcimg talsrcimg_to_711-2C_as_mni_average_305_t4 /opt/freesurfer/average/711-2C_as_mni_average_305
---------------------------------------------------------------------

freesurfer compute_vox2vox.c
Reading: talsrcimg.4dfp.ifh
Reading: talsrcimg_to_711-2C_as_mni_average_305_t4
Reading: /opt/freesurfer/average/711-2C_as_mni_average_305.4dfp.ifh
Writing: talsrcimg_to_711-2C_as_mni_average_305_t4_vox2vox.txt

start time Mon Mar 9 03:09:26 CET 2026
end		time Mon Mar 9 03:10:51 CET 2026

mpr2mni305 success

avi2talxfm orig_nu.mgz /opt/freesurfer/average/mni305.cor.mgz talsrcimg_to_711-2C_as_mni_average_305_t4_vox2vox.txt transforms/talairach.auto.xfm
avi2talxfm done
mv -f /out/sourcedata/freesurfer/sub-v1s17x0051140_ses-1/mri/talsrcimg_to_711-2C_as_mni_average_305_t4_vox2vox.txt /out/sourcedata/freesurfer/sub-v1s17x0051140_ses-1/mri/transforms/talsrcimg_to_711-2C_as_mni_average_305_t4_vox2vox.txt
lta_convert --src orig_nu.mgz --trg /opt/freesurfer/average/mni305.cor.mgz --inxfm transforms/talairach.auto.xfm --outlta transforms/talairach.auto.xfm.lta --subject fsaverage
7.3.2

--src: orig_nu.mgz src image (geometry).
--trg: /opt/freesurfer/average/mni305.cor.mgz trg image (geometry).
--inmni: transforms/talairach.auto.xfm input MNI/XFM transform.
--outlta: transforms/talairach.auto.xfm.lta output LTA.
--s: fsaverage subject name
 LTA read, type : 1
 1.13421   0.01729   0.03478   0.23408;
-0.02178   1.03306   0.13476  -0.16982;
-0.02885  -0.15645   1.22711  -5.99262;
 0.00000   0.00000   0.00000   1.00000;
setting subject to fsaverage
Writing  LTA to file transforms/talairach.auto.xfm.lta...
lta_convert successful.
 
 
Started at Mon Mar 9 03:09:26 CET 2026
Ended   at Mon Mar  9 03:10:51 CET 2026
talairach_avi done
