status file for recon-all
Mon Mar  9 03:36:55 CET 2026
#@# Tessellate lh Mon Mar  9 03:36:55 CET 2026
#@# Smooth1 lh Mon Mar  9 03:36:58 CET 2026
#@# Inflation1 lh Mon Mar  9 03:37:01 CET 2026
#@# QSphere lh Mon Mar  9 03:37:14 CET 2026
#@# Fix Topology lh Mon Mar  9 03:38:26 CET 2026
#@# Smooth2 lh Mon Mar  9 03:44:02 CET 2026
#@# Inflation2 lh Mon Mar  9 03:44:05 CET 2026
#@# Curv .H and .K lh Mon Mar  9 03:44:18 CET 2026
#@# Sphere lh Mon Mar  9 03:45:03 CET 2026
#@# Surf Reg lh Mon Mar  9 03:48:15 CET 2026
#@# Jacobian white lh Mon Mar  9 03:52:41 CET 2026
#@# AvgCurv lh Mon Mar  9 03:52:42 CET 2026
#@# Cortical Parc lh Mon Mar  9 03:52:43 CET 2026
#@# white curv lh Mon Mar  9 03:58:47 CET 2026
#@# white area lh Mon Mar  9 03:58:49 CET 2026
#@# pial curv lh Mon Mar  9 03:58:50 CET 2026
#@# pial area lh Mon Mar  9 03:58:52 CET 2026
#@# thickness lh Mon Mar  9 03:58:52 CET 2026
#@# area and vertex vol lh Mon Mar  9 03:59:20 CET 2026
#@# Curvature Stats lh Mon Mar  9 03:59:22 CET 2026
#@# Cortical Parc 2 lh Mon Mar  9 03:59:24 CET 2026
#@# Cortical Parc 3 lh Mon Mar  9 03:59:37 CET 2026
#@# WM/GM Contrast lh Mon Mar  9 03:59:47 CET 2026
recon-all -s sub-v1s17x0050248_ses-1 finished without error at Mon Mar  9 03:59:50 CET 2026



#New# invocation of recon-all 



status file for recon-all
Mon Mar  9 04:28:14 CET 2026
#@# white curv lh Mon Mar  9 04:28:14 CET 2026
#@# white area lh Mon Mar  9 04:28:14 CET 2026
#@# pial curv lh Mon Mar  9 04:28:14 CET 2026
#@# pial area lh Mon Mar  9 04:28:14 CET 2026
#@# thickness lh Mon Mar  9 04:28:14 CET 2026
#@# area and vertex vol lh Mon Mar  9 04:28:14 CET 2026
#@# Parcellation Stats lh Mon Mar  9 04:28:14 CET 2026
#@# Parcellation Stats 2 lh Mon Mar  9 04:28:32 CET 2026
#@# Parcellation Stats 3 lh Mon Mar  9 04:28:41 CET 2026
#@# BA_exvivo Labels lh Mon Mar  9 04:28:50 CET 2026
recon-all -s sub-v1s17x0050248_ses-1 finished without error at Mon Mar  9 04:31:25 CET 2026
