status file for recon-all
Mon Mar  9 03:59:52 CET 2026
#@# Tessellate rh Mon Mar  9 03:59:52 CET 2026
#@# Smooth1 rh Mon Mar  9 03:59:55 CET 2026
#@# Inflation1 rh Mon Mar  9 03:59:58 CET 2026
#@# QSphere rh Mon Mar  9 04:00:11 CET 2026
#@# Fix Topology rh Mon Mar  9 04:01:14 CET 2026
#@# Smooth2 rh Mon Mar  9 04:08:21 CET 2026
#@# Inflation2 rh Mon Mar  9 04:08:23 CET 2026
#@# Curv .H and .K rh Mon Mar  9 04:08:37 CET 2026
#@# Sphere rh Mon Mar  9 04:09:22 CET 2026
#@# Surf Reg rh Mon Mar  9 04:12:46 CET 2026
#@# Jacobian white rh Mon Mar  9 04:16:39 CET 2026
#@# AvgCurv rh Mon Mar  9 04:16:40 CET 2026
#@# Cortical Parc rh Mon Mar  9 04:16:41 CET 2026
#@# white curv rh Mon Mar  9 04:22:29 CET 2026
#@# white area rh Mon Mar  9 04:22:30 CET 2026
#@# pial curv rh Mon Mar  9 04:22:31 CET 2026
#@# pial area rh Mon Mar  9 04:22:33 CET 2026
#@# thickness rh Mon Mar  9 04:22:33 CET 2026
#@# area and vertex vol rh Mon Mar  9 04:23:02 CET 2026
#@# Curvature Stats rh Mon Mar  9 04:23:03 CET 2026
#@# Cortical Parc 2 rh Mon Mar  9 04:23:06 CET 2026
#@# Cortical Parc 3 rh Mon Mar  9 04:23:19 CET 2026
#@# WM/GM Contrast rh Mon Mar  9 04:23:29 CET 2026
recon-all -s sub-v1s17x0050248_ses-1 finished without error at Mon Mar  9 04:23:32 CET 2026



#New# invocation of recon-all 



status file for recon-all
Mon Mar  9 04:31:28 CET 2026
#@# white curv rh Mon Mar  9 04:31:28 CET 2026
#@# white area rh Mon Mar  9 04:31:28 CET 2026
#@# pial curv rh Mon Mar  9 04:31:28 CET 2026
#@# pial area rh Mon Mar  9 04:31:28 CET 2026
#@# thickness rh Mon Mar  9 04:31:28 CET 2026
#@# area and vertex vol rh Mon Mar  9 04:31:28 CET 2026
#@# Parcellation Stats rh Mon Mar  9 04:31:28 CET 2026
#@# Parcellation Stats 2 rh Mon Mar  9 04:31:46 CET 2026
#@# Parcellation Stats 3 rh Mon Mar  9 04:31:55 CET 2026
#@# BA_exvivo Labels rh Mon Mar  9 04:32:05 CET 2026
recon-all -s sub-v1s17x0050248_ses-1 finished without error at Mon Mar  9 04:34:43 CET 2026
