/out/sourcedata/freesurfer/sub-v1s17x0050254_ses-1/mri
/opt/freesurfer/bin/talairach_avi
--i orig_nu.mgz --xfm transforms/talairach.auto.xfm
talairach_avi 7.3.2
Linux dna009 5.14.0-427.37.1.el9_4.x86_64 #1 SMP PREEMPT_DYNAMIC Fri Sep 13 12:41:50 EDT 2024 x86_64 x86_64 x86_64 GNU/Linux
Mon Mar  9 02:09:51 CET 2026
mri_convert orig_nu.mgz talsrcimg.img 
reading from orig_nu.mgz...
TR=0.00, TE=0.00, TI=0.00, flip angle=0.00
i_ras = (-1, -1.60935e-09, -2.32831e-10)
j_ras = (0, -5.82077e-11, -1)
k_ras = (1.60958e-09, 1, -5.82077e-11)
writing to talsrcimg.img...
Analyze Output Matrix
-1.00000   0.00000   0.00000   129.96640;
-0.00000  -0.00000   1.00000  -125.36504;
-0.00000  -1.00000  -0.00000   112.15068;
 0.00000   0.00000   0.00000   1.00000;
--------------------
INFO: set hdr.hist.orient to -1
mpr2mni305 talsrcimg
Mon Mar  9 02:09:51 CET 2026
/opt/freesurfer/bin/mpr2mni305 talsrcimg
mpr2mni305 7.3.2
target=711-2C_as_mni_average_305

---------------------------------------------------------------------
analyzeto4dfp talsrcimg -O0 -y
---------------------------------------------------------------------

freesurfer ifh2hdr.c
Mon Mar  9 02:09:51 2026
Writing: talsrcimg.4dfp.hdr
freesurfer analyzeto4dfp.c
Reading: talsrcimg.hdr
header size 348 bytes
hdr.dime.datatype	offset=70	value=2
hdr.dime.bitpix		offset=72	value=8
hdr.hist.orient		offset=252	value=-1
dimensionality     4
dimensions       256       256       256         1
Reading: talsrcimg.img
Writing: talsrcimg.4dfp.img
Writing: talsrcimg.4dfp.ifh
ifh2hdr talsrcimg -r0to242
ori=2

---------------------------------------------------------------------
gauss_4dfp talsrcimg 1.1
---------------------------------------------------------------------

freesurfer gauss_4dfp.c
Reading: talsrcimg.4dfp.img
Writing: talsrcimg_g11.4dfp.img
image dimensions 256 256 256 padded to 288 288 288
processing volume 1freesurfer ifh2hdr.c
Mon Mar  9 02:09:53 2026
Writing: talsrcimg_g11.4dfp.hdr

Writing: talsrcimg_g11.4dfp.ifh
including: talsrcimg.4dfp.img.rec in talsrcimg_g11.4dfp.img.rec

---------------------------------------------------------------------
imgreg_4dfp /opt/freesurfer/average/711-2C_as_mni_average_305 none talsrcimg_g11 none talsrcimg_to_711-2C_as_mni_average_305_t4 4355
---------------------------------------------------------------------

freesurfer imgreg_4dfp.c
/opt/freesurfer/average/711-2C_as_mni_average_305.4dfp.img
       256       256       256         1
  1.000000  1.000000  1.000000
orientation T byte_order littleendian
Reading image: /opt/freesurfer/average/711-2C_as_mni_average_305.4dfp.img
dimensions:      256       256       256
mmppix:       1.0000   -1.0000   -1.0000
center:     128.0000 -129.0000 -129.0000
talsrcimg_g11.4dfp.img
       256       256       256         1
  1.000000  1.000000  1.000000
orientation T byte_order littleendian
Reading image: talsrcimg_g11.4dfp.img
dimensions:      256       256       256
mmppix:       1.0000   -1.0000   -1.0000
center:     128.0000 -129.0000 -129.0000
t4_read: open error in t4_sub.f l:  41 t4_file(1:l)talsrcimg_to_711-2C_as_mni_average_305_t4 
t4_read: transform initialized to I4
rotation matrix determinant  1.000000
image alignment mode   4355 decimal     1103 hex
   -7.5000  -45.0000  -45.0000 6793.6367   14.7840
    0.0000  -45.0000  -45.0000 7129.0713   14.7707
    7.5000  -45.0000  -45.0000 6891.7358   14.7660
   -7.5000  -37.5000  -45.0000 7507.2456   14.5645
    0.0000  -37.5000  -45.0000 7876.6982   14.5517
    7.5000  -37.5000  -45.0000 7587.3535   14.5500
   -7.5000  -30.0000  -45.0000 8506.6904   14.4587
    0.0000  -30.0000  -45.0000 8932.1250   14.4470
    7.5000  -30.0000  -45.0000 8601.3574   14.4484
   -7.5000  -22.5000  -45.0000 9517.5947   14.4647
    0.0000  -22.5000  -45.000010002.9375   14.4544
    7.5000  -22.5000  -45.0000 9626.7471   14.4561
   -7.5000  -15.0000  -45.000010487.2578   14.4808
    0.0000  -15.0000  -45.000011032.5059   14.4701
    7.5000  -15.0000  -45.000010584.9453   14.4690
   -7.5000   -7.5000  -45.000011418.0449   14.4901
    0.0000   -7.5000  -45.000012000.9150   14.4781
    7.5000   -7.5000  -45.000011499.1230   14.4742
   -7.5000    0.0000  -45.000012170.5752   14.4836
    0.0000    0.0000  -45.000012766.7324   14.4709
    7.5000    0.0000  -45.000012247.8760   14.4669
   -7.5000    7.5000  -45.000012016.7949   14.4658
    0.0000    7.5000  -45.000012598.7314   14.4531
    7.5000    7.5000  -45.000012074.8730   14.4516
   -7.5000   15.0000  -45.000011774.0811   14.4562
    0.0000   15.0000  -45.000012348.6709   14.4446
    7.5000   15.0000  -45.000011800.6211   14.4460
   -7.5000   22.5000  -45.000011435.3271   14.4627
    0.0000   22.5000  -45.000011995.9648   14.4524
    7.5000   22.5000  -45.000011461.6416   14.4541
   -7.5000   30.0000  -45.000010928.9219   14.2878
    0.0000   30.0000  -45.000011452.6797   14.2773
    7.5000   30.0000  -45.000010950.2070   14.2761
   -7.5000   37.5000  -45.000010864.5625   14.2970
    0.0000   37.5000  -45.000011369.5586   14.2851
    7.5000   37.5000  -45.000010849.9941   14.2813
   -7.5000   45.0000  -45.000010298.8535   13.9277
    0.0000   45.0000  -45.000010780.4150   13.9155
    7.5000   45.0000  -45.000010264.5078   13.9117
   -7.5000  -45.0000  -37.5000 7142.1484   14.7796
    0.0000  -45.0000  -37.5000 7502.3198   14.7622
    7.5000  -45.0000  -37.5000 7242.1401   14.7510
   -7.5000  -37.5000  -37.5000 7902.5703   14.5619
    0.0000  -37.5000  -37.5000 8311.2734   14.5456
    7.5000  -37.5000  -37.5000 7983.6655   14.5382
   -7.5000  -30.0000  -37.5000 8977.6406   14.4536
    0.0000  -30.0000  -37.5000 9443.9463   14.4401
    7.5000  -30.0000  -37.5000 9067.8574   14.4377
   -7.5000  -22.5000  -37.500010026.0791   14.4564
    0.0000  -22.5000  -37.500010547.4971   14.4454
    7.5000  -22.5000  -37.500010127.6514   14.4442
   -7.5000  -15.0000  -37.500011011.9727   14.4712
    0.0000  -15.0000  -37.500011577.9629   14.4596
    7.5000  -15.0000  -37.500011104.5557   14.4550
   -7.5000   -7.5000  -37.500011977.2637   14.4826
    0.0000   -7.5000  -37.500012590.3975   14.4681
    7.5000   -7.5000  -37.500012067.0205   14.4593
   -7.5000    0.0000  -37.500012772.4082   14.4798
    0.0000    0.0000  -37.500013408.3125   14.4633
    7.5000    0.0000  -37.500012861.8066   14.4529
   -7.5000    7.5000  -37.500012606.2002   14.4632
    0.0000    7.5000  -37.500013232.3154   14.4472
    7.5000    7.5000  -37.500012666.5195   14.4400
   -7.5000   15.0000  -37.500012340.6523   14.4512
    0.0000   15.0000  -37.500012945.4219   14.4377
    7.5000   15.0000  -37.500012376.8623   14.4354
   -7.5000   22.5000  -37.500011975.8779   14.4544
    0.0000   22.5000  -37.500012583.0869   14.4434
    7.5000   22.5000  -37.500011986.4551   14.4422
   -7.5000   30.0000  -37.500011423.1504   14.2784
    0.0000   30.0000  -37.500012004.5420   14.2669
    7.5000   30.0000  -37.500011436.5156   14.2624
   -7.5000   37.5000  -37.500011292.0381   14.2896
    0.0000   37.5000  -37.500011846.2373   14.2753
    7.5000   37.5000  -37.500011279.6602   14.2666
   -7.5000   45.0000  -37.500010706.2627   13.9240
    0.0000   45.0000  -37.500011207.7461   13.9082
    7.5000   45.0000  -37.500010674.0391   13.8982
   -7.5000  -45.0000  -30.0000 7628.2910   15.3793
    0.0000  -45.0000  -30.0000 8026.6934   15.3690
    7.5000  -45.0000  -30.0000 7720.3525   15.3605
   -7.5000  -37.5000  -30.0000 8420.8682   15.1564
    0.0000  -37.5000  -30.0000 8851.9062   15.1462
    7.5000  -37.5000  -30.0000 8515.8994   15.1419
   -7.5000  -30.0000  -30.0000 9576.0098   15.0438
    0.0000  -30.0000  -30.000010053.9463   15.0363
    7.5000  -30.0000  -30.0000 9669.0527   15.0388
   -7.5000  -22.5000  -30.000010690.8242   15.0441
    0.0000  -22.5000  -30.000011218.8984   15.0398
    7.5000  -22.5000  -30.000010774.8066   15.0445
   -7.5000  -15.0000  -30.000011723.0098   15.0570
    0.0000  -15.0000  -30.000012302.7891   15.0531
    7.5000  -15.0000  -30.000011807.1162   15.0545
   -7.5000   -7.5000  -30.000012741.8662   15.0693
    0.0000   -7.5000  -30.000013373.4717   15.0626
    7.5000   -7.5000  -30.000012812.8887   15.0582
   -7.5000    0.0000  -30.000013577.7920   15.0689
    0.0000    0.0000  -30.000014261.9512   15.0592
    7.5000    0.0000  -30.000013640.4307   15.0515
   -7.5000    7.5000  -30.000013359.0566   15.0539
    0.0000    7.5000  -30.000014027.4570   15.0439
    7.5000    7.5000  -30.000013387.4531   15.0398
   -7.5000   15.0000  -30.000013072.7598   15.0413
    0.0000   15.0000  -30.000013721.0605   15.0338
    7.5000   15.0000  -30.000013080.3359   15.0364
   -7.5000   22.5000  -30.000012679.0078   15.0404
    0.0000   22.5000  -30.000013341.0361   15.0362
    7.5000   22.5000  -30.000012696.4189   15.0409
   -7.5000   30.0000  -30.000012105.4326   14.8578
    0.0000   30.0000  -30.000012748.7520   14.8540
    7.5000   30.0000  -30.000012109.0430   14.8553
   -7.5000   37.5000  -30.000011904.9375   14.8699
    0.0000   37.5000  -30.000012500.8828   14.8633
    7.5000   37.5000  -30.000011880.7314   14.8590
   -7.5000   45.0000  -30.000011257.4639   14.5012
    0.0000   45.0000  -30.000011781.7080   14.4919
    7.5000   45.0000  -30.000011200.3965   14.4845
   -7.5000  -45.0000  -22.5000 8090.6768   15.8888
    0.0000  -45.0000  -22.5000 8491.7920   15.8909
    7.5000  -45.0000  -22.5000 8162.8945   15.8928
   -7.5000  -37.5000  -22.5000 8915.0498   15.6613
    0.0000  -37.5000  -22.5000 9351.6963   15.6617
    7.5000  -37.5000  -22.5000 8981.7822   15.6674
   -7.5000  -30.0000  -22.500010130.7686   15.5496
    0.0000  -30.0000  -22.500010618.1934   15.5504
    7.5000  -30.0000  -22.500010197.3359   15.5624
   -7.5000  -22.5000  -22.500011318.7051   15.5510
    0.0000  -22.5000  -22.500011868.1865   15.5549
    7.5000  -22.5000  -22.500011396.8516   15.5690
   -7.5000  -15.0000  -22.500012417.9639   15.5626
    0.0000  -15.0000  -22.500013032.1973   15.5683
    7.5000  -15.0000  -22.500012491.0059   15.5801
   -7.5000   -7.5000  -22.500013463.6514   15.5722
    0.0000   -7.5000  -22.500014127.7363   15.5768
    7.5000   -7.5000  -22.500013513.2686   15.5830
   -7.5000    0.0000  -22.500014335.8223   15.5694
    0.0000    0.0000  -22.500015055.2178   15.5716
    7.5000    0.0000  -22.500014382.3232   15.5739
   -7.5000    7.5000  -22.500014064.4463   15.5558
    0.0000    7.5000  -22.500014762.1240   15.5561
    7.5000    7.5000  -22.500014075.6338   15.5618
   -7.5000   15.0000  -22.500013763.8564   15.5470
    0.0000   15.0000  -22.500014438.8115   15.5479
    7.5000   15.0000  -22.500013728.0928   15.5599
   -7.5000   22.5000  -22.500013381.1270   15.5462
    0.0000   22.5000  -22.500014061.5391   15.5501
    7.5000   22.5000  -22.500013349.3887   15.5642
   -7.5000   30.0000  -22.500012770.7832   15.3591
    0.0000   30.0000  -22.500013447.6719   15.3647
    7.5000   30.0000  -22.500012737.6074   15.3763
   -7.5000   37.5000  -22.500012500.9492   15.3685
    0.0000   37.5000  -22.500013121.9873   15.3731
    7.5000   37.5000  -22.500012468.7676   15.3792
   -7.5000   45.0000  -22.500011759.4980   14.9941
    0.0000   45.0000  -22.500012308.0498   14.9962
    7.5000   45.0000  -22.500011706.2686   14.9985
   -7.5000  -45.0000  -15.0000 8502.0938   16.2736
    0.0000  -45.0000  -15.0000 8940.0449   16.2808
    7.5000  -45.0000  -15.0000 8595.3564   16.2906
   -7.5000  -37.5000  -15.0000 9392.1621   16.0399
    0.0000  -37.5000  -15.0000 9854.7490   16.0444
    7.5000  -37.5000  -15.0000 9450.6318   16.0574
   -7.5000  -30.0000  -15.000010675.6182   15.9295
    0.0000  -30.0000  -15.000011180.3105   15.9327
    7.5000  -30.0000  -15.000010730.9209   15.9499
   -7.5000  -22.5000  -15.000011946.3018   15.9345
    0.0000  -22.5000  -15.000012502.6104   15.9401
    7.5000  -22.5000  -15.000011999.7764   15.9584
   -7.5000  -15.0000  -15.000013110.4141   15.9470
    0.0000  -15.0000  -15.000013733.6953   15.9551
    7.5000  -15.0000  -15.000013151.7295   15.9714
   -7.5000   -7.5000  -15.000014164.5195   15.9535
    0.0000   -7.5000  -15.000014827.8936   15.9620
    7.5000   -7.5000  -15.000014196.7549   15.9744
   -7.5000    0.0000  -15.000015097.8252   15.9461
    0.0000    0.0000  -15.000015805.7754   15.9532
    7.5000    0.0000  -15.000015112.3320   15.9631
   -7.5000    7.5000  -15.000014839.5703   15.9319
    0.0000    7.5000  -15.000015525.1650   15.9362
    7.5000    7.5000  -15.000014802.2324   15.9489
   -7.5000   15.0000  -15.000014497.5615   15.9269
    0.0000   15.0000  -15.000015131.2393   15.9301
    7.5000   15.0000  -15.000014393.7119   15.9472
   -7.5000   22.5000  -15.000014097.8955   15.9289
    0.0000   22.5000  -15.000014740.9316   15.9345
    7.5000   22.5000  -15.000013998.1133   15.9527
   -7.5000   30.0000  -15.000013455.9014   15.7406
    0.0000   30.0000  -15.000014085.1191   15.7486
    7.5000   30.0000  -15.000013362.9287   15.7647
   -7.5000   37.5000  -15.000013127.0156   15.7470
    0.0000   37.5000  -15.000013748.7812   15.7554
    7.5000   37.5000  -15.000013045.0186   15.7676
   -7.5000   45.0000  -15.000012283.4512   15.3661
    0.0000   45.0000  -15.000012844.2139   15.3730
    7.5000   45.0000  -15.000012189.9785   15.3825
   -7.5000  -45.0000   -7.5000 8966.4229   16.4895
    0.0000  -45.0000   -7.5000 9422.1992   16.4881
    7.5000  -45.0000   -7.5000 9035.8652   16.4941
   -7.5000  -37.5000   -7.5000 9907.7549   16.2478
    0.0000  -37.5000   -7.500010384.9883   16.2449
    7.5000  -37.5000   -7.5000 9953.3086   16.2541
   -7.5000  -30.0000   -7.500011226.7275   16.1341
    0.0000  -30.0000   -7.500011767.6133   16.1304
    7.5000  -30.0000   -7.500011294.5449   16.1423
   -7.5000  -22.5000   -7.500012529.1445   16.1414
    0.0000  -22.5000   -7.500013126.8125   16.1393
    7.5000  -22.5000   -7.500012582.6416   16.1514
   -7.5000  -15.0000   -7.500013707.7295   16.1574
    0.0000  -15.0000   -7.500014373.3154   16.1566
    7.5000  -15.0000   -7.500013755.6475   16.1663
   -7.5000   -7.5000   -7.500014800.3838   16.1650
    0.0000   -7.5000   -7.500015481.5859   16.1643
    7.5000   -7.5000   -7.500014837.0830   16.1713
   -7.5000    0.0000   -7.500015858.0684   16.1558
    0.0000    0.0000   -7.500016625.6289   16.1546
    7.5000    0.0000   -7.500015860.2979   16.1610
   -7.5000    7.5000   -7.500015719.4883   16.1381
    0.0000    7.5000   -7.500016461.6875   16.1352
    7.5000    7.5000   -7.500015652.6963   16.1441
   -7.5000   15.0000   -7.500015360.5674   16.1314
    0.0000   15.0000   -7.500015953.5967   16.1277
    7.5000   15.0000   -7.500015212.7598   16.1396
   -7.5000   22.5000   -7.500014882.3320   16.1340
    0.0000   22.5000   -7.500015437.7168   16.1319
    7.5000   22.5000   -7.500014728.4814   16.1440
   -7.5000   30.0000   -7.500014205.4990   15.9478
    0.0000   30.0000   -7.500014769.0518   15.9471
    7.5000   30.0000   -7.500014074.1621   15.9566
   -7.5000   37.5000   -7.500013804.8799   15.9553
    0.0000   37.5000   -7.500014395.2549   15.9547
    7.5000   37.5000   -7.500013698.7188   15.9616
   -7.5000   45.0000   -7.500012828.7295   15.5711
    0.0000   45.0000   -7.500013402.7539   15.5700
    7.5000   45.0000   -7.500012726.3506   15.5762
   -7.5000  -45.0000    0.0000 9321.6895   16.5437
    0.0000  -45.0000    0.0000 9825.1592   16.5288
    7.5000  -45.0000    0.0000 9402.4658   16.5235
   -7.5000  -37.5000    0.000010322.0430   16.2980
    0.0000  -37.5000    0.000010838.6367   16.2837
    7.5000  -37.5000    0.000010377.4502   16.2818
   -7.5000  -30.0000    0.000011706.8096   16.1796
    0.0000  -30.0000    0.000012256.2070   16.1666
    7.5000  -30.0000    0.000011756.2373   16.1682
   -7.5000  -22.5000    0.000013059.9414   16.1864
    0.0000  -22.5000    0.000013659.5879   16.1749
    7.5000  -22.5000    0.000013092.2236   16.1767
   -7.5000  -15.0000    0.000014225.0049   16.2044
    0.0000  -15.0000    0.000014888.8691   16.1924
    7.5000  -15.0000    0.000014283.9258   16.1912
   -7.5000   -7.5000    0.000015316.7617   16.2148
    0.0000   -7.5000    0.000015990.6289   16.2014
    7.5000   -7.5000    0.000015357.9844   16.1970
   -7.5000    0.0000    0.000016408.5254   16.2075
    0.0000    0.0000    0.000017222.7520   16.1933
    7.5000    0.0000    0.000016442.6348   16.1888
   -7.5000    7.5000    0.000016287.0840   16.1876
    0.0000    7.5000    0.000017102.9922   16.1734
    7.5000    7.5000    0.000016327.9727   16.1717
   -7.5000   15.0000    0.000015935.4873   16.1769
    0.0000   15.0000    0.000016669.3340   16.1639
    7.5000   15.0000    0.000015972.7334   16.1655
   -7.5000   22.5000    0.000015488.7764   16.1789
    0.0000   22.5000    0.000016159.5742   16.1674
    7.5000   22.5000    0.000015463.9082   16.1692
   -7.5000   30.0000    0.000014758.3818   15.9947
    0.0000   30.0000    0.000015407.4951   15.9829
    7.5000   30.0000    0.000014687.2344   15.9816
   -7.5000   37.5000    0.000014301.7715   16.0049
    0.0000   37.5000    0.000014944.8096   15.9917
    7.5000   37.5000    0.000014237.2939   15.9874
   -7.5000   45.0000    0.000013231.8730   15.6221
    0.0000   45.0000    0.000013831.1904   15.6085
    7.5000   45.0000    0.000013168.1855   15.6042
   -7.5000  -45.0000    7.5000 8947.9082   16.5388
    0.0000  -45.0000    7.5000 9412.4404   16.5193
    7.5000  -45.0000    7.5000 9026.5000   16.5068
   -7.5000  -37.5000    7.5000 9900.5459   16.2952
    0.0000  -37.5000    7.500010402.9043   16.2770
    7.5000  -37.5000    7.5000 9972.7471   16.2686
   -7.5000  -30.0000    7.500011228.3506   16.1740
    0.0000  -30.0000    7.500011762.3447   16.1589
    7.5000  -30.0000    7.500011280.4053   16.1562
   -7.5000  -22.5000    7.500012504.1104   16.1771
    0.0000  -22.5000    7.500013074.2197   16.1648
    7.5000  -22.5000    7.500012544.4365   16.1635
   -7.5000  -15.0000    7.500013624.2988   16.1937
    0.0000  -15.0000    7.500014242.3867   16.1807
    7.5000  -15.0000    7.500013693.6924   16.1756
   -7.5000   -7.5000    7.500014721.5420   16.2064
    0.0000   -7.5000    7.500015382.7031   16.1902
    7.5000   -7.5000    7.500014775.5391   16.1803
   -7.5000    0.0000    7.500015729.2158   16.2033
    0.0000    0.0000    7.500016530.8047   16.1848
    7.5000    0.0000    7.500015814.0117   16.1732
   -7.5000    7.5000    7.500015510.2080   16.1847
    0.0000    7.5000    7.500016308.5830   16.1668
    7.5000    7.5000    7.500015633.8662   16.1587
   -7.5000   15.0000    7.500015137.8789   16.1713
    0.0000   15.0000    7.500015958.9766   16.1562
    7.5000   15.0000    7.500015313.2588   16.1536
   -7.5000   22.5000    7.500014744.9717   16.1696
    0.0000   22.5000    7.500015574.2188   16.1573
    7.5000   22.5000    7.500014878.6895   16.1560
   -7.5000   30.0000    7.500014104.5732   15.9841
    0.0000   30.0000    7.500014873.8145   15.9713
    7.5000   30.0000    7.500014129.0146   15.9662
   -7.5000   37.5000    7.500013713.1426   15.9967
    0.0000   37.5000    7.500014399.6182   15.9806
    7.5000   37.5000    7.500013698.6924   15.9709
   -7.5000   45.0000    7.500012649.3584   15.6181
    0.0000   45.0000    7.500013222.1270   15.6003
    7.5000   45.0000    7.500012619.6855   15.5891
   -7.5000  -45.0000   15.0000 8445.8086   16.5150
    0.0000  -45.0000   15.0000 8859.8232   16.5039
    7.5000  -45.0000   15.0000 8488.0674   16.4948
   -7.5000  -37.5000   15.0000 9358.6602   16.2756
    0.0000  -37.5000   15.0000 9826.9873   16.2647
    7.5000  -37.5000   15.0000 9407.5068   16.2600
   -7.5000  -30.0000   15.000010607.2402   16.1547
    0.0000  -30.0000   15.000011131.9531   16.1466
    7.5000  -30.0000   15.000010679.2588   16.1494
   -7.5000  -22.5000   15.000011793.3350   16.1550
    0.0000  -22.5000   15.000012377.8223   16.1504
    7.5000  -22.5000   15.000011885.4824   16.1555
   -7.5000  -15.0000   15.000012882.1699   16.1689
    0.0000  -15.0000   15.000013489.0996   16.1647
    7.5000  -15.0000   15.000012974.7900   16.1662
   -7.5000   -7.5000   15.000013962.0840   16.1820
    0.0000   -7.5000   15.000014616.8057   16.1749
    7.5000   -7.5000   15.000014023.6143   16.1702
   -7.5000    0.0000   15.000014906.8740   16.1816
    0.0000    0.0000   15.000015634.5352   16.1713
    7.5000    0.0000   15.000014976.9443   16.1630
   -7.5000    7.5000   15.000014670.1143   16.1656
    0.0000    7.5000   15.000015326.7646   16.1548
    7.5000    7.5000   15.000014745.8262   16.1504
   -7.5000   15.0000   15.000014317.9326   16.1520
    0.0000   15.0000   15.000014943.5039   16.1439
    7.5000   15.0000   15.000014383.1777   16.1467
   -7.5000   22.5000   15.000013925.6084   16.1475
    0.0000   22.5000   15.000014546.9092   16.1430
    7.5000   22.5000   15.000013998.8730   16.1480
   -7.5000   30.0000   15.000013330.4678   15.9596
    0.0000   30.0000   15.000013928.5635   15.9555
    7.5000   30.0000   15.000013370.3125   15.9570
   -7.5000   37.5000   15.000013019.3770   15.9726
    0.0000   37.5000   15.000013591.4277   15.9655
    7.5000   37.5000   15.000013035.8408   15.9609
   -7.5000   45.0000   15.000012011.9062   15.5972
    0.0000   45.0000   15.000012541.3350   15.5872
    7.5000   45.0000   15.000012017.5898   15.5793
   -7.5000  -45.0000   22.5000 7844.4878   16.5617
    0.0000  -45.0000   22.5000 8231.7275   16.5640
    7.5000  -45.0000   22.5000 7887.0908   16.5661
   -7.5000  -37.5000   22.5000 8712.7793   16.3236
    0.0000  -37.5000   22.5000 9153.0635   16.3242
    7.5000  -37.5000   22.5000 8758.6162   16.3303
   -7.5000  -30.0000   22.5000 9884.4844   16.2068
    0.0000  -30.0000   22.500010374.6104   16.2079
    7.5000  -30.0000   22.5000 9948.9658   16.2205
   -7.5000  -22.5000   22.500010987.6904   16.2084
    0.0000  -22.5000   22.500011540.0000   16.2126
    7.5000  -22.5000   22.500011089.5732   16.2275
   -7.5000  -15.0000   22.500012037.6553   16.2205
    0.0000  -15.0000   22.500012627.4766   16.2266
    7.5000  -15.0000   22.500012110.1133   16.2390
   -7.5000   -7.5000   22.500013061.6406   16.2304
    0.0000   -7.5000   22.500013689.6514   16.2353
    7.5000   -7.5000   22.500013107.1104   16.2420
   -7.5000    0.0000   22.500013933.9912   16.2274
    0.0000    0.0000   22.500014589.7383   16.2298
    7.5000    0.0000   22.500013972.9023   16.2324
   -7.5000    7.5000   22.500013699.3936   16.2133
    0.0000    7.5000   22.500014292.7051   16.2137
    7.5000    7.5000   22.500013748.6895   16.2197
   -7.5000   15.0000   22.500013378.5088   16.2041
    0.0000   15.0000   22.500013914.7119   16.2052
    7.5000   15.0000   22.500013398.6426   16.2178
   -7.5000   22.5000   22.500013006.2119   16.2009
    0.0000   22.5000   22.500013535.7920   16.2051
    7.5000   22.5000   22.500013027.2529   16.2200
   -7.5000   30.0000   22.500012475.1719   16.0106
    0.0000   30.0000   22.500012990.9150   16.0166
    7.5000   30.0000   22.500012499.4473   16.0288
   -7.5000   37.5000   22.500012207.0762   16.0204
    0.0000   37.5000   22.500012725.8213   16.0252
    7.5000   37.5000   22.500012227.7891   16.0318
   -7.5000   45.0000   22.500011274.1611   15.6413
    0.0000   45.0000   22.500011750.8223   15.6436
    7.5000   45.0000   22.500011290.1357   15.6462
   -7.5000  -45.0000   30.0000 7210.4404   16.7281
    0.0000  -45.0000   30.0000 7562.1255   16.7365
    7.5000  -45.0000   30.0000 7252.4902   16.7465
   -7.5000  -37.5000   30.0000 8006.1963   16.4843
    0.0000  -37.5000   30.0000 8399.2441   16.4898
    7.5000  -37.5000   30.0000 8050.4170   16.5031
   -7.5000  -30.0000   30.0000 9082.9199   16.3696
    0.0000  -30.0000   30.0000 9534.7637   16.3738
    7.5000  -30.0000   30.0000 9136.9912   16.3914
   -7.5000  -22.5000   30.000010122.3340   16.3756
    0.0000  -22.5000   30.000010632.3115   16.3823
    7.5000  -22.5000   30.000010180.6162   16.4012
   -7.5000  -15.0000   30.000011106.8867   16.3891
    0.0000  -15.0000   30.000011666.8145   16.3983
    7.5000  -15.0000   30.000011149.5820   16.4153
   -7.5000   -7.5000   30.000012032.3477   16.3953
    0.0000   -7.5000   30.000012628.2871   16.4050
    7.5000   -7.5000   30.000012059.2803   16.4179
   -7.5000    0.0000   30.000012844.3809   16.3869
    0.0000    0.0000   30.000013479.0889   16.3951
    7.5000    0.0000   30.000012862.3330   16.4053
   -7.5000    7.5000   30.000012636.4004   16.3718
    0.0000    7.5000   30.000013216.2227   16.3771
    7.5000    7.5000   30.000012668.6045   16.3901
   -7.5000   15.0000   30.000012326.4961   16.3669
    0.0000   15.0000   30.000012850.7197   16.3711
    7.5000   15.0000   30.000012356.5518   16.3886
   -7.5000   22.5000   30.000011964.2275   16.3681
    0.0000   22.5000   30.000012474.6270   16.3748
    7.5000   22.5000   30.000011988.0938   16.3936
   -7.5000   30.0000   30.000011518.7275   16.1770
    0.0000   30.0000   30.000012000.2627   16.1861
    7.5000   30.0000   30.000011540.8076   16.2028
   -7.5000   37.5000   30.000011298.1084   16.1832
    0.0000   37.5000   30.000011786.2246   16.1927
    7.5000   37.5000   30.000011326.4951   16.2054
   -7.5000   45.0000   30.000010433.5957   15.7950
    0.0000   45.0000   30.000010894.5898   15.8030
    7.5000   45.0000   30.000010453.6426   15.8128
   -7.5000  -45.0000   37.5000 6852.7329   17.1015
    0.0000  -45.0000   37.5000 7182.7607   17.1015
    7.5000  -45.0000   37.5000 6885.5449   17.1091
   -7.5000  -37.5000   37.5000 7608.6650   16.8434
    0.0000  -37.5000   37.5000 7971.9814   16.8420
    7.5000  -37.5000   37.5000 7653.5386   16.8528
   -7.5000  -30.0000   37.5000 8656.5986   16.7234
    0.0000  -30.0000   37.5000 9064.4248   16.7215
    7.5000  -30.0000   37.5000 8684.9189   16.7349
   -7.5000  -22.5000   37.5000 9663.2568   16.7321
    0.0000  -22.5000   37.500010152.5625   16.7319
    7.5000  -22.5000   37.5000 9694.4580   16.7455
   -7.5000  -15.0000   37.500010604.8506   16.7482
    0.0000  -15.0000   37.500011140.3340   16.7492
    7.5000  -15.0000   37.500010631.3428   16.7605
   -7.5000   -7.5000   37.500011469.5391   16.7544
    0.0000   -7.5000   37.500012050.0205   16.7552
    7.5000   -7.5000   37.500011504.0791   16.7638
   -7.5000    0.0000   37.500012232.0625   16.7436
    0.0000    0.0000   37.500012823.6104   16.7437
    7.5000    0.0000   37.500012269.6182   16.7516
   -7.5000    7.5000   37.500012054.7803   16.7258
    0.0000    7.5000   37.500012615.3926   16.7243
    7.5000    7.5000   37.500012106.9551   16.7348
   -7.5000   15.0000   37.500011756.7031   16.7205
    0.0000   15.0000   37.500012278.7676   16.7186
    7.5000   15.0000   37.500011810.4023   16.7320
   -7.5000   22.5000   37.500011404.4502   16.7243
    0.0000   22.5000   37.500011898.2451   16.7242
    7.5000   22.5000   37.500011427.6084   16.7378
   -7.5000   30.0000   37.500010991.9756   16.5314
    0.0000   30.0000   37.500011448.1816   16.5324
    7.5000   30.0000   37.500011012.2285   16.5436
   -7.5000   37.5000   37.500010810.0088   16.5376
    0.0000   37.5000   37.500011274.6475   16.5384
    7.5000   37.5000   37.500010831.8018   16.5469
   -7.5000   45.0000   37.500010005.6680   16.1389
    0.0000   45.0000   37.500010449.2920   16.1390
    7.5000   45.0000   37.500010010.3828   16.1466
   -7.5000  -45.0000   45.0000 6212.4199   17.5718
    0.0000  -45.0000   45.0000 6507.2432   17.5573
    7.5000  -45.0000   45.0000 6243.0151   17.5525
   -7.5000  -37.5000   45.0000 6916.6978   17.3018
    0.0000  -37.5000   45.0000 7230.6284   17.2877
    7.5000  -37.5000   45.0000 6952.2393   17.2857
   -7.5000  -30.0000   45.0000 7882.2959   17.1733
    0.0000  -30.0000   45.0000 8236.3877   17.1617
    7.5000  -30.0000   45.0000 7908.6875   17.1638
   -7.5000  -22.5000   45.0000 8822.0039   17.1768
    0.0000  -22.5000   45.0000 9234.3936   17.1681
    7.5000  -22.5000   45.0000 8834.5439   17.1719
   -7.5000  -15.0000   45.0000 9683.3711   17.1886
    0.0000  -15.0000   45.000010152.7549   17.1797
    7.5000  -15.0000   45.0000 9687.4316   17.1813
   -7.5000   -7.5000   45.000010468.0361   17.1959
    0.0000   -7.5000   45.000010977.7393   17.1844
    7.5000   -7.5000   45.000010475.3975   17.1821
   -7.5000    0.0000   45.000011159.6777   17.1905
    0.0000    0.0000   45.000011679.6572   17.1768
    7.5000    0.0000   45.000011188.4951   17.1728
   -7.5000    7.5000   45.000011010.6133   17.1766
    0.0000    7.5000   45.000011513.2539   17.1627
    7.5000    7.5000   45.000011047.2666   17.1608
   -7.5000   15.0000   45.000010731.3018   17.1702
    0.0000   15.0000   45.000011220.7256   17.1586
    7.5000   15.0000   45.000010779.4775   17.1607
   -7.5000   22.5000   45.000010403.7334   17.1688
    0.0000   22.5000   45.000010873.4893   17.1601
    7.5000   22.5000   45.000010441.3770   17.1640
   -7.5000   30.0000   45.000010033.5088   16.9646
    0.0000   30.0000   45.000010484.5859   16.9559
    7.5000   30.0000   45.000010064.0166   16.9574
   -7.5000   37.5000   45.0000 9878.8770   16.9719
    0.0000   37.5000   45.000010331.8594   16.9606
    7.5000   37.5000   45.0000 9905.9434   16.9583
   -7.5000   45.0000   45.0000 9160.3242   16.5772
    0.0000   45.0000   45.0000 9585.2627   16.5640
    7.5000   45.0000   45.0000 9175.5732   16.5602

---------------------------------------------------------------------
imgreg_4dfp /opt/freesurfer/average/711-2C_as_mni_average_305 /opt/freesurfer/average/711-2B_as_mni_average_305_mask talsrcimg_g11 none talsrcimg_to_711-2C_as_mni_average_305_t4 4355
---------------------------------------------------------------------

freesurfer imgreg_4dfp.c
/opt/freesurfer/average/711-2C_as_mni_average_305.4dfp.img
       256       256       256         1
  1.000000  1.000000  1.000000
orientation T byte_order littleendian
Reading image: /opt/freesurfer/average/711-2C_as_mni_average_305.4dfp.img
dimensions:      256       256       256
mmppix:       1.0000   -1.0000   -1.0000
center:     128.0000 -129.0000 -129.0000
/opt/freesurfer/average/711-2B_as_mni_average_305_mask.4dfp.img
       256       256       256         1
  1.000000  1.000000  1.000000
orientation T byte_order littleendian
Reading mask: /opt/freesurfer/average/711-2B_as_mni_average_305_mask.4dfp.img (2306576 pixels)
talsrcimg_g11.4dfp.img
       256       256       256         1
  1.000000  1.000000  1.000000
orientation T byte_order littleendian
Reading image: talsrcimg_g11.4dfp.img
dimensions:      256       256       256
mmppix:       1.0000   -1.0000   -1.0000
center:     128.0000 -129.0000 -129.0000
rotation matrix determinant  1.000000
image alignment mode   4355 decimal     1103 hex
   -7.5000  -45.0000  -45.0000 1824.3624   19.8169
    0.0000  -45.0000  -45.0000 1833.5692   19.6543
    7.5000  -45.0000  -45.0000 1840.3988   19.6985
   -7.5000  -37.5000  -45.0000 1959.7206   17.3946
    0.0000  -37.5000  -45.0000 1972.3317   17.2527
    7.5000  -37.5000  -45.0000 1970.7407   17.2764
   -7.5000  -30.0000  -45.0000 2078.5732   15.4758
    0.0000  -30.0000  -45.0000 2092.1492   15.3529
    7.5000  -30.0000  -45.0000 2092.3723   15.3519
   -7.5000  -22.5000  -45.0000 2189.0417   13.9800
    0.0000  -22.5000  -45.0000 2208.7285   13.8744
    7.5000  -22.5000  -45.0000 2209.4900   13.9079
   -7.5000  -15.0000  -45.0000 2283.5164   12.8402
    0.0000  -15.0000  -45.0000 2307.6870   12.7362
    7.5000  -15.0000  -45.0000 2304.8743   12.7952
   -7.5000   -7.5000  -45.0000 2357.1821   12.0593
    0.0000   -7.5000  -45.0000 2381.7556   11.9541
    7.5000   -7.5000  -45.0000 2376.0127   11.9937
   -7.5000    0.0000  -45.0000 2392.4656   11.5740
    0.0000    0.0000  -45.0000 2414.4250   11.4605
    7.5000    0.0000  -45.0000 2410.8176   11.5188
   -7.5000    7.5000  -45.0000 2412.1277   11.3197
    0.0000    7.5000  -45.0000 2438.1069   11.1865
    7.5000    7.5000  -45.0000 2432.1331   11.2422
   -7.5000   15.0000  -45.0000 2409.1570   11.3533
    0.0000   15.0000  -45.0000 2434.8621   11.2086
    7.5000   15.0000  -45.0000 2427.6477   11.2546
   -7.5000   22.5000  -45.0000 2389.6409   11.6051
    0.0000   22.5000  -45.0000 2419.0908   11.4498
    7.5000   22.5000  -45.0000 2411.8774   11.4891
   -7.5000   30.0000  -45.0000 2351.8179   12.0697
    0.0000   30.0000  -45.0000 2379.0959   11.9015
    7.5000   30.0000  -45.0000 2371.5850   11.9306
   -7.5000   37.5000  -45.0000 2294.5488   12.7467
    0.0000   37.5000  -45.0000 2323.6316   12.5778
    7.5000   37.5000  -45.0000 2315.9495   12.6209
   -7.5000   45.0000  -45.0000 2214.2095   13.6944
    0.0000   45.0000  -45.0000 2241.8726   13.5249
    7.5000   45.0000  -45.0000 2228.4380   13.5777
   -7.5000  -45.0000  -37.5000 1873.1404   18.7382
    0.0000  -45.0000  -37.5000 1885.8706   18.5669
    7.5000  -45.0000  -37.5000 1888.9221   18.6539
   -7.5000  -37.5000  -37.5000 2012.5513   16.4500
    0.0000  -37.5000  -37.5000 2030.4625   16.2794
    7.5000  -37.5000  -37.5000 2029.4131   16.3209
   -7.5000  -30.0000  -37.5000 2139.7317   14.5753
    0.0000  -30.0000  -37.5000 2160.0696   14.4537
    7.5000  -30.0000  -37.5000 2161.3191   14.4763
   -7.5000  -22.5000  -37.5000 2258.1958   13.1376
    0.0000  -22.5000  -37.5000 2282.5762   13.0234
    7.5000  -22.5000  -37.5000 2282.7734   13.0595
   -7.5000  -15.0000  -37.5000 2355.5891   12.0319
    0.0000  -15.0000  -37.5000 2382.9275   11.9348
    7.5000  -15.0000  -37.5000 2378.2051   11.9762
   -7.5000   -7.5000  -37.5000 2437.2998   11.2797
    0.0000   -7.5000  -37.5000 2463.3999   11.1580
    7.5000   -7.5000  -37.5000 2459.3835   11.1979
   -7.5000    0.0000  -37.5000 2483.2241   10.7862
    0.0000    0.0000  -37.5000 2508.2412   10.6705
    7.5000    0.0000  -37.5000 2506.8269   10.7090
   -7.5000    7.5000  -37.5000 2514.0371   10.5238
    0.0000    7.5000  -37.5000 2543.8757   10.4043
    7.5000    7.5000  -37.5000 2533.4497   10.4533
   -7.5000   15.0000  -37.5000 2520.4333   10.5387
    0.0000   15.0000  -37.5000 2544.3115   10.4350
    7.5000   15.0000  -37.5000 2537.3108   10.5060
   -7.5000   22.5000  -37.5000 2495.3931   10.7976
    0.0000   22.5000  -37.5000 2525.6255   10.6693
    7.5000   22.5000  -37.5000 2512.5005   10.7279
   -7.5000   30.0000  -37.5000 2449.8010   11.2287
    0.0000   30.0000  -37.5000 2481.7649   11.0897
    7.5000   30.0000  -37.5000 2470.5225   11.1486
   -7.5000   37.5000  -37.5000 2391.4399   11.8382
    0.0000   37.5000  -37.5000 2422.6033   11.6912
    7.5000   37.5000  -37.5000 2410.3411   11.7422
   -7.5000   45.0000  -37.5000 2305.5916   12.7010
    0.0000   45.0000  -37.5000 2333.8086   12.5459
    7.5000   45.0000  -37.5000 2319.9414   12.6191
   -7.5000  -45.0000  -30.0000 1957.3534   18.4684
    0.0000  -45.0000  -30.0000 1973.0504   18.3032
    7.5000  -45.0000  -30.0000 1968.6598   18.3392
   -7.5000  -37.5000  -30.0000 2095.5837   16.1662
    0.0000  -37.5000  -30.0000 2115.1711   15.9890
    7.5000  -37.5000  -30.0000 2116.1550   16.0215
   -7.5000  -30.0000  -30.0000 2231.2983   14.3192
    0.0000  -30.0000  -30.0000 2253.9746   14.1417
    7.5000  -30.0000  -30.0000 2255.7339   14.1983
   -7.5000  -22.5000  -30.0000 2356.0303   12.8506
    0.0000  -22.5000  -30.0000 2383.0671   12.6987
    7.5000  -22.5000  -30.0000 2381.6892   12.7739
   -7.5000  -15.0000  -30.0000 2463.7117   11.7421
    0.0000  -15.0000  -30.0000 2490.4565   11.6002
    7.5000  -15.0000  -30.0000 2487.7520   11.6691
   -7.5000   -7.5000  -30.0000 2554.9468   10.9563
    0.0000   -7.5000  -30.0000 2584.1218   10.8375
    7.5000   -7.5000  -30.0000 2579.6172   10.8791
   -7.5000    0.0000  -30.0000 2615.8018   10.4229
    0.0000    0.0000  -30.0000 2644.7888   10.3163
    7.5000    0.0000  -30.0000 2637.7683   10.3506
   -7.5000    7.5000  -30.0000 2655.3037   10.1514
    0.0000    7.5000  -30.0000 2685.7959   10.0458
    7.5000    7.5000  -30.0000 2671.1145   10.0890
   -7.5000   15.0000  -30.0000 2672.9031   10.1319
    0.0000   15.0000  -30.0000 2698.7949   10.0416
    7.5000   15.0000  -30.0000 2683.9651   10.0963
   -7.5000   22.5000  -30.0000 2650.4702   10.3941
    0.0000   22.5000  -30.0000 2682.8794   10.3045
    7.5000   22.5000  -30.0000 2663.5388   10.3635
   -7.5000   30.0000  -30.0000 2599.6873   10.8350
    0.0000   30.0000  -30.0000 2636.4385   10.7278
    7.5000   30.0000  -30.0000 2618.2395   10.7867
   -7.5000   37.5000  -30.0000 2535.7073   11.4208
    0.0000   37.5000  -30.0000 2567.1680   11.2919
    7.5000   37.5000  -30.0000 2549.4280   11.3456
   -7.5000   45.0000  -30.0000 2440.4768   12.2461
    0.0000   45.0000  -30.0000 2465.5564   12.1001
    7.5000   45.0000  -30.0000 2451.7747   12.1539
   -7.5000  -45.0000  -22.5000 2011.6250   18.1352
    0.0000  -45.0000  -22.5000 2027.0859   17.9253
    7.5000  -45.0000  -22.5000 2022.8623   17.9727
   -7.5000  -37.5000  -22.5000 2150.3250   15.8301
    0.0000  -37.5000  -22.5000 2168.6506   15.5891
    7.5000  -37.5000  -22.5000 2164.8345   15.6410
   -7.5000  -30.0000  -22.5000 2290.7173   13.9813
    0.0000  -30.0000  -22.5000 2312.6628   13.7677
    7.5000  -30.0000  -22.5000 2308.0671   13.8471
   -7.5000  -22.5000  -22.5000 2419.7954   12.5187
    0.0000  -22.5000  -22.5000 2444.6250   12.3481
    7.5000  -22.5000  -22.5000 2444.6641   12.4334
   -7.5000  -15.0000  -22.5000 2535.7705   11.4212
    0.0000  -15.0000  -22.5000 2565.2566   11.2817
    7.5000  -15.0000  -22.5000 2562.4456   11.3465
   -7.5000   -7.5000  -22.5000 2636.2290   10.6053
    0.0000   -7.5000  -22.5000 2669.9585   10.4816
    7.5000   -7.5000  -22.5000 2660.0208   10.5428
   -7.5000    0.0000  -22.5000 2710.5361   10.0521
    0.0000    0.0000  -22.5000 2741.9089    9.9315
    7.5000    0.0000  -22.5000 2732.8381    9.9809
   -7.5000    7.5000  -22.5000 2758.4988    9.7500
    0.0000    7.5000  -22.5000 2793.5742    9.6335
    7.5000    7.5000  -22.5000 2777.5605    9.6917
   -7.5000   15.0000  -22.5000 2789.7148    9.6916
    0.0000   15.0000  -22.5000 2824.5732    9.5919
    7.5000   15.0000  -22.5000 2800.6018    9.6613
   -7.5000   22.5000  -22.5000 2775.5083    9.9561
    0.0000   22.5000  -22.5000 2808.0933    9.8702
    7.5000   22.5000  -22.5000 2784.4871    9.9201
   -7.5000   30.0000  -22.5000 2723.1155   10.3970
    0.0000   30.0000  -22.5000 2757.2869   10.3050
    7.5000   30.0000  -22.5000 2735.3127   10.3437
   -7.5000   37.5000  -22.5000 2644.1633   10.9705
    0.0000   37.5000  -22.5000 2674.9529   10.8594
    7.5000   37.5000  -22.5000 2657.2881   10.9141
   -7.5000   45.0000  -22.5000 2539.9873   11.7563
    0.0000   45.0000  -22.5000 2563.6160   11.6171
    7.5000   45.0000  -22.5000 2550.6448   11.6881
   -7.5000  -45.0000  -15.0000 2031.7609   17.8202
    0.0000  -45.0000  -15.0000 2053.7910   17.5786
    7.5000  -45.0000  -15.0000 2048.7004   17.6575
   -7.5000  -37.5000  -15.0000 2171.1987   15.5261
    0.0000  -37.5000  -15.0000 2194.5305   15.2875
    7.5000  -37.5000  -15.0000 2190.1692   15.3531
   -7.5000  -30.0000  -15.0000 2313.1479   13.6977
    0.0000  -30.0000  -15.0000 2339.6152   13.4659
    7.5000  -30.0000  -15.0000 2338.8215   13.5518
   -7.5000  -22.5000  -15.0000 2449.0684   12.2755
    0.0000  -22.5000  -15.0000 2476.3726   12.0726
    7.5000  -22.5000  -15.0000 2478.0103   12.1575
   -7.5000  -15.0000  -15.0000 2572.1689   11.1819
    0.0000  -15.0000  -15.0000 2604.5217   11.0027
    7.5000  -15.0000  -15.0000 2600.6248   11.0735
   -7.5000   -7.5000  -15.0000 2680.5532   10.3449
    0.0000   -7.5000  -15.0000 2714.5369   10.1785
    7.5000   -7.5000  -15.0000 2708.5544   10.2590
   -7.5000    0.0000  -15.0000 2770.2551    9.7780
    0.0000    0.0000  -15.0000 2805.3384    9.6305
    7.5000    0.0000  -15.0000 2796.3982    9.6921
   -7.5000    7.5000  -15.0000 2830.5195    9.4519
    0.0000    7.5000  -15.0000 2875.0273    9.2965
    7.5000    7.5000  -15.0000 2858.1265    9.3629
   -7.5000   15.0000  -15.0000 2869.2524    9.3728
    0.0000   15.0000  -15.0000 2914.6074    9.1958
    7.5000   15.0000  -15.0000 2887.3850    9.2912
   -7.5000   22.5000  -15.0000 2862.1694    9.6230
    0.0000   22.5000  -15.0000 2895.5889    9.4711
    7.5000   22.5000  -15.0000 2871.2131    9.5338
   -7.5000   30.0000  -15.0000 2805.5642   10.0397
    0.0000   30.0000  -15.0000 2835.1125    9.9094
    7.5000   30.0000  -15.0000 2813.2424    9.9558
   -7.5000   37.5000  -15.0000 2718.6775   10.5824
    0.0000   37.5000  -15.0000 2748.7725   10.4365
    7.5000   37.5000  -15.0000 2728.6843   10.5100
   -7.5000   45.0000  -15.0000 2600.0847   11.3665
    0.0000   45.0000  -15.0000 2627.5859   11.1844
    7.5000   45.0000  -15.0000 2610.5742   11.2781
   -7.5000  -45.0000   -7.5000 2039.0576   17.7115
    0.0000  -45.0000   -7.5000 2063.0044   17.4118
    7.5000  -45.0000   -7.5000 2060.3167   17.5026
   -7.5000  -37.5000   -7.5000 2179.9163   15.3725
    0.0000  -37.5000   -7.5000 2204.0493   15.0960
    7.5000  -37.5000   -7.5000 2201.3694   15.1430
   -7.5000  -30.0000   -7.5000 2320.2026   13.5001
    0.0000  -30.0000   -7.5000 2346.4426   13.2577
    7.5000  -30.0000   -7.5000 2350.6934   13.3357
   -7.5000  -22.5000   -7.5000 2455.5154   12.0756
    0.0000  -22.5000   -7.5000 2481.2417   11.8601
    7.5000  -22.5000   -7.5000 2484.7422   11.9404
   -7.5000  -15.0000   -7.5000 2579.7720   10.9635
    0.0000  -15.0000   -7.5000 2612.8916   10.7715
    7.5000  -15.0000   -7.5000 2609.4587   10.8594
   -7.5000   -7.5000   -7.5000 2694.0322   10.1229
    0.0000   -7.5000   -7.5000 2728.8049    9.9439
    7.5000   -7.5000   -7.5000 2724.4712   10.0321
   -7.5000    0.0000   -7.5000 2796.4797    9.5688
    0.0000    0.0000   -7.5000 2835.4402    9.3979
    7.5000    0.0000   -7.5000 2825.1855    9.4657
   -7.5000    7.5000   -7.5000 2874.0669    9.2798
    0.0000    7.5000   -7.5000 2922.2551    9.0974
    7.5000    7.5000   -7.5000 2907.7537    9.1561
   -7.5000   15.0000   -7.5000 2924.2542    9.1853
    0.0000   15.0000   -7.5000 2979.3330    8.9636
    7.5000   15.0000   -7.5000 2949.0317    9.0555
   -7.5000   22.5000   -7.5000 2919.2910    9.3690
    0.0000   22.5000   -7.5000 2964.0020    9.1438
    7.5000   22.5000   -7.5000 2926.4077    9.2499
   -7.5000   30.0000   -7.5000 2853.6990    9.7715
    0.0000   30.0000   -7.5000 2885.5527    9.5792
    7.5000   30.0000   -7.5000 2856.9363    9.6669
   -7.5000   37.5000   -7.5000 2755.7563   10.3098
    0.0000   37.5000   -7.5000 2785.5554   10.1258
    7.5000   37.5000   -7.5000 2761.4753   10.2118
   -7.5000   45.0000   -7.5000 2628.9185   11.0605
    0.0000   45.0000   -7.5000 2660.2542   10.8798
    7.5000   45.0000   -7.5000 2641.3816   10.9587
   -7.5000  -45.0000    0.0000 2034.1534   17.8504
    0.0000  -45.0000    0.0000 2063.1536   17.5168
    7.5000  -45.0000    0.0000 2056.7380   17.5649
   -7.5000  -37.5000    0.0000 2174.7644   15.4189
    0.0000  -37.5000    0.0000 2203.4983   15.1279
    7.5000  -37.5000    0.0000 2198.6064   15.1854
   -7.5000  -30.0000    0.0000 2312.7502   13.4990
    0.0000  -30.0000    0.0000 2340.3113   13.2287
    7.5000  -30.0000    0.0000 2340.2009   13.3345
   -7.5000  -22.5000    0.0000 2446.9487   12.0527
    0.0000  -22.5000    0.0000 2475.5046   11.7931
    7.5000  -22.5000    0.0000 2471.5940   11.9026
   -7.5000  -15.0000    0.0000 2568.0852   10.9241
    0.0000  -15.0000    0.0000 2600.8987   10.6804
    7.5000  -15.0000    0.0000 2597.2603   10.7990
   -7.5000   -7.5000    0.0000 2687.6350   10.0713
    0.0000   -7.5000    0.0000 2722.9348    9.8604
    7.5000   -7.5000    0.0000 2713.1536    9.9571
   -7.5000    0.0000    0.0000 2798.2920    9.5106
    0.0000    0.0000    0.0000 2836.2966    9.3185
    7.5000    0.0000    0.0000 2824.8020    9.4106
   -7.5000    7.5000    0.0000 2889.0034    9.2043
    0.0000    7.5000    0.0000 2935.7878    9.0465
    7.5000    7.5000    0.0000 2916.7698    9.0938
   -7.5000   15.0000    0.0000 2943.3269    9.0966
    0.0000   15.0000    0.0000 3002.1521    8.9333
    7.5000   15.0000    0.0000 2965.8484    9.0064
   -7.5000   22.5000    0.0000 2935.2688    9.2550
    0.0000   22.5000    0.0000 2983.8611    9.0628
    7.5000   22.5000    0.0000 2945.5024    9.1752
   -7.5000   30.0000    0.0000 2867.9287    9.6207
    0.0000   30.0000    0.0000 2905.9990    9.4230
    7.5000   30.0000    0.0000 2871.7227    9.5073
   -7.5000   37.5000    0.0000 2759.3884   10.1812
    0.0000   37.5000    0.0000 2790.7856    9.9839
    7.5000   37.5000    0.0000 2766.7825   10.0445
   -7.5000   45.0000    0.0000 2630.8262   10.9505
    0.0000   45.0000    0.0000 2660.3484   10.7633
    7.5000   45.0000    0.0000 2640.0386   10.8089
   -7.5000  -45.0000    7.5000 2017.5690   18.1702
    0.0000  -45.0000    7.5000 2047.4016   17.8330
    7.5000  -45.0000    7.5000 2043.3856   17.9469
   -7.5000  -37.5000    7.5000 2162.7629   15.6314
    0.0000  -37.5000    7.5000 2195.4373   15.2970
    7.5000  -37.5000    7.5000 2189.4902   15.4285
   -7.5000  -30.0000    7.5000 2297.7268   13.6636
    0.0000  -30.0000    7.5000 2327.6494   13.3486
    7.5000  -30.0000    7.5000 2322.8064   13.4953
   -7.5000  -22.5000    7.5000 2427.0100   12.1871
    0.0000  -22.5000    7.5000 2455.4912   11.8867
    7.5000  -22.5000    7.5000 2446.7451   12.0332
   -7.5000  -15.0000    7.5000 2546.5952   11.0594
    0.0000  -15.0000    7.5000 2575.0798   10.8140
    7.5000  -15.0000    7.5000 2564.9019   10.9496
   -7.5000   -7.5000    7.5000 2669.6802   10.2168
    0.0000   -7.5000    7.5000 2699.3052   10.0033
    7.5000   -7.5000    7.5000 2679.8933   10.1357
   -7.5000    0.0000    7.5000 2779.7231    9.6574
    0.0000    0.0000    7.5000 2814.0457    9.4715
    7.5000    0.0000    7.5000 2792.7935    9.5893
   -7.5000    7.5000    7.5000 2872.6101    9.3063
    0.0000    7.5000    7.5000 2914.5227    9.1632
    7.5000    7.5000    7.5000 2884.8064    9.2472
   -7.5000   15.0000    7.5000 2927.5901    9.1709
    0.0000   15.0000    7.5000 2975.0293    9.0281
    7.5000   15.0000    7.5000 2939.7886    9.1455
   -7.5000   22.5000    7.5000 2913.2537    9.3234
    0.0000   22.5000    7.5000 2959.4563    9.1997
    7.5000   22.5000    7.5000 2920.7942    9.2874
   -7.5000   30.0000    7.5000 2846.5056    9.6961
    0.0000   30.0000    7.5000 2881.6187    9.5721
    7.5000   30.0000    7.5000 2844.6243    9.6249
   -7.5000   37.5000    7.5000 2742.4514   10.2761
    0.0000   37.5000    7.5000 2770.5999   10.1135
    7.5000   37.5000    7.5000 2742.4753   10.1560
   -7.5000   45.0000    7.5000 2608.3755   11.0561
    0.0000   45.0000    7.5000 2632.6282   10.8595
    7.5000   45.0000    7.5000 2613.9832   10.9089
   -7.5000  -45.0000   15.0000 1987.2401   18.7035
    0.0000  -45.0000   15.0000 2011.6387   18.3045
    7.5000  -45.0000   15.0000 2004.1091   18.4399
   -7.5000  -37.5000   15.0000 2136.6670   16.0543
    0.0000  -37.5000   15.0000 2167.0029   15.7225
    7.5000  -37.5000   15.0000 2156.2610   15.8876
   -7.5000  -30.0000   15.0000 2269.7964   14.0340
    0.0000  -30.0000   15.0000 2298.7976   13.7417
    7.5000  -30.0000   15.0000 2288.6816   13.9367
   -7.5000  -22.5000   15.0000 2396.9319   12.5057
    0.0000  -22.5000   15.0000 2423.4751   12.2560
    7.5000  -22.5000   15.0000 2407.6003   12.4399
   -7.5000  -15.0000   15.0000 2516.4651   11.3714
    0.0000  -15.0000   15.0000 2538.5154   11.1351
    7.5000  -15.0000   15.0000 2520.0518   11.3197
   -7.5000   -7.5000   15.0000 2642.1675   10.5438
    0.0000   -7.5000   15.0000 2662.5051   10.3393
    7.5000   -7.5000   15.0000 2639.3755   10.5002
   -7.5000    0.0000   15.0000 2746.1787    9.9837
    0.0000    0.0000   15.0000 2771.0959    9.8017
    7.5000    0.0000   15.0000 2746.5942    9.9099
   -7.5000    7.5000   15.0000 2827.9868    9.6018
    0.0000    7.5000   15.0000 2861.6362    9.4068
    7.5000    7.5000   15.0000 2832.7456    9.5296
   -7.5000   15.0000   15.0000 2876.3638    9.4639
    0.0000   15.0000   15.0000 2910.1650    9.2710
    7.5000   15.0000   15.0000 2879.2205    9.4123
   -7.5000   22.5000   15.0000 2862.0500    9.5960
    0.0000   22.5000   15.0000 2895.0503    9.4279
    7.5000   22.5000   15.0000 2870.8411    9.5425
   -7.5000   30.0000   15.0000 2794.3547    9.9783
    0.0000   30.0000   15.0000 2824.8118    9.8130
    7.5000   30.0000   15.0000 2798.4836    9.9089
   -7.5000   37.5000   15.0000 2697.3210   10.5459
    0.0000   37.5000   15.0000 2721.8088   10.3812
    7.5000   37.5000   15.0000 2695.1211   10.4495
   -7.5000   45.0000   15.0000 2565.1655   11.3103
    0.0000   45.0000   15.0000 2588.5720   11.1370
    7.5000   45.0000   15.0000 2569.2502   11.2017
   -7.5000  -45.0000   22.5000 1937.5741   19.3623
    0.0000  -45.0000   22.5000 1954.3560   19.0133
    7.5000  -45.0000   22.5000 1947.5013   19.2076
   -7.5000  -37.5000   22.5000 2096.1055   16.6591
    0.0000  -37.5000   22.5000 2114.9224   16.3950
    7.5000  -37.5000   22.5000 2102.8479   16.5887
   -7.5000  -30.0000   22.5000 2233.9519   14.5940
    0.0000  -30.0000   22.5000 2252.3650   14.3441
    7.5000  -30.0000   22.5000 2240.1523   14.5383
   -7.5000  -22.5000   22.5000 2357.2727   13.0254
    0.0000  -22.5000   22.5000 2380.2507   12.7994
    7.5000  -22.5000   22.5000 2364.7073   12.9998
   -7.5000  -15.0000   22.5000 2475.5762   11.8657
    0.0000  -15.0000   22.5000 2498.7563   11.6494
    7.5000  -15.0000   22.5000 2476.2146   11.8425
   -7.5000   -7.5000   22.5000 2594.0986   11.0316
    0.0000   -7.5000   22.5000 2619.2676   10.8400
    7.5000   -7.5000   22.5000 2590.2979   10.9982
   -7.5000    0.0000   22.5000 2693.9600   10.4398
    0.0000    0.0000   22.5000 2719.4070   10.2503
    7.5000    0.0000   22.5000 2688.5723   10.3772
   -7.5000    7.5000   22.5000 2765.8540   10.0576
    0.0000    7.5000   22.5000 2797.7031    9.8623
    7.5000    7.5000   22.5000 2761.4380   10.0028
   -7.5000   15.0000   22.5000 2800.5532    9.9151
    0.0000   15.0000   22.5000 2819.8042    9.7388
    7.5000   15.0000   22.5000 2793.0298    9.8618
   -7.5000   22.5000   22.5000 2784.8503   10.0381
    0.0000   22.5000   22.5000 2809.9138    9.8559
    7.5000   22.5000   22.5000 2783.6055    9.9707
   -7.5000   30.0000   22.5000 2720.3086   10.4056
    0.0000   30.0000   22.5000 2747.1650   10.2339
    7.5000   30.0000   22.5000 2721.8926   10.3319
   -7.5000   37.5000   22.5000 2629.7913   10.9861
    0.0000   37.5000   22.5000 2655.6931   10.7983
    7.5000   37.5000   22.5000 2627.8774   10.8922
   -7.5000   45.0000   22.5000 2510.5984   11.7141
    0.0000   45.0000   22.5000 2530.0181   11.5351
    7.5000   45.0000   22.5000 2510.8828   11.6368
   -7.5000  -45.0000   30.0000 1882.1716   20.3413
    0.0000  -45.0000   30.0000 1893.0323   20.0537
    7.5000  -45.0000   30.0000 1889.8906   20.3083
   -7.5000  -37.5000   30.0000 2041.7946   17.4828
    0.0000  -37.5000   30.0000 2053.9331   17.2674
    7.5000  -37.5000   30.0000 2047.1168   17.4494
   -7.5000  -30.0000   30.0000 2183.5576   15.3412
    0.0000  -30.0000   30.0000 2198.3752   15.1112
    7.5000  -30.0000   30.0000 2184.8552   15.2914
   -7.5000  -22.5000   30.0000 2304.7952   13.7331
    0.0000  -22.5000   30.0000 2327.5352   13.5429
    7.5000  -22.5000   30.0000 2306.9075   13.7059
   -7.5000  -15.0000   30.0000 2421.1235   12.5463
    0.0000  -15.0000   30.0000 2447.1160   12.3591
    7.5000  -15.0000   30.0000 2418.1365   12.5319
   -7.5000   -7.5000   30.0000 2530.7598   11.6821
    0.0000   -7.5000   30.0000 2555.0330   11.5076
    7.5000   -7.5000   30.0000 2523.5715   11.6523
   -7.5000    0.0000   30.0000 2621.6914   11.0602
    0.0000    0.0000   30.0000 2647.6240   10.8796
    7.5000    0.0000   30.0000 2609.0208   11.0132
   -7.5000    7.5000   30.0000 2685.2402   10.6734
    0.0000    7.5000   30.0000 2709.8381   10.4998
    7.5000    7.5000   30.0000 2673.0498   10.6280
   -7.5000   15.0000   30.0000 2709.4802   10.5195
    0.0000   15.0000   30.0000 2726.6282   10.3574
    7.5000   15.0000   30.0000 2700.0374   10.4812
   -7.5000   22.5000   30.0000 2687.4402   10.6343
    0.0000   22.5000   30.0000 2707.1055   10.4675
    7.5000   22.5000   30.0000 2682.9456   10.5625
   -7.5000   30.0000   30.0000 2630.3608   10.9999
    0.0000   30.0000   30.0000 2651.0427   10.8372
    7.5000   30.0000   30.0000 2628.2903   10.9261
   -7.5000   37.5000   30.0000 2547.5317   11.5437
    0.0000   37.5000   30.0000 2568.8594   11.3740
    7.5000   37.5000   30.0000 2543.0776   11.4873
   -7.5000   45.0000   30.0000 2440.7007   12.2714
    0.0000   45.0000   30.0000 2459.6450   12.0983
    7.5000   45.0000   30.0000 2434.5859   12.2148
   -7.5000  -45.0000   37.5000 1819.0560   21.6788
    0.0000  -45.0000   37.5000 1833.3081   21.4391
    7.5000  -45.0000   37.5000 1823.2023   21.6787
   -7.5000  -37.5000   37.5000 1981.2740   18.6125
    0.0000  -37.5000   37.5000 1995.1627   18.3689
    7.5000  -37.5000   37.5000 1986.7512   18.5831
   -7.5000  -30.0000   37.5000 2125.8516   16.3305
    0.0000  -30.0000   37.5000 2138.3289   16.0954
    7.5000  -30.0000   37.5000 2123.9956   16.2950
   -7.5000  -22.5000   37.5000 2248.0203   14.6767
    0.0000  -22.5000   37.5000 2269.9817   14.4653
    7.5000  -22.5000   37.5000 2244.2520   14.6244
   -7.5000  -15.0000   37.5000 2360.5962   13.4348
    0.0000  -15.0000   37.5000 2381.6450   13.2695
    7.5000  -15.0000   37.5000 2352.4966   13.4131
   -7.5000   -7.5000   37.5000 2458.6990   12.5209
    0.0000   -7.5000   37.5000 2479.7412   12.3522
    7.5000   -7.5000   37.5000 2447.5129   12.4973
   -7.5000    0.0000   37.5000 2537.4031   11.8605
    0.0000    0.0000   37.5000 2559.3296   11.6893
    7.5000    0.0000   37.5000 2526.5281   11.8392
   -7.5000    7.5000   37.5000 2589.9705   11.4489
    0.0000    7.5000   37.5000 2608.7415   11.3037
    7.5000    7.5000   37.5000 2579.7244   11.4331
   -7.5000   15.0000   37.5000 2607.5959   11.2935
    0.0000   15.0000   37.5000 2623.5181   11.1441
    7.5000   15.0000   37.5000 2598.3909   11.2659
   -7.5000   22.5000   37.5000 2588.3142   11.3891
    0.0000   22.5000   37.5000 2601.5156   11.2403
    7.5000   22.5000   37.5000 2578.3252   11.3439
   -7.5000   30.0000   37.5000 2531.2358   11.7618
    0.0000   30.0000   37.5000 2542.9995   11.6043
    7.5000   30.0000   37.5000 2525.1189   11.7037
   -7.5000   37.5000   37.5000 2461.6274   12.2665
    0.0000   37.5000   37.5000 2478.2283   12.1210
    7.5000   37.5000   37.5000 2456.0764   12.2330
   -7.5000   45.0000   37.5000 2365.3760   12.9857
    0.0000   45.0000   37.5000 2383.0044   12.8173
    7.5000   45.0000   37.5000 2357.7363   12.9348
   -7.5000  -45.0000   45.0000 1746.8099   23.4780
    0.0000  -45.0000   45.0000 1761.3049   23.2026
    7.5000  -45.0000   45.0000 1749.9865   23.5153
   -7.5000  -37.5000   45.0000 1909.7952   20.0558
    0.0000  -37.5000   45.0000 1923.0653   19.8077
    7.5000  -37.5000   45.0000 1913.0922   20.0886
   -7.5000  -30.0000   45.0000 2055.8821   17.5881
    0.0000  -30.0000   45.0000 2066.8513   17.3736
    7.5000  -30.0000   45.0000 2051.6714   17.5847
   -7.5000  -22.5000   45.0000 2179.0549   15.8456
    0.0000  -22.5000   45.0000 2193.7139   15.6600
    7.5000  -22.5000   45.0000 2169.2222   15.8306
   -7.5000  -15.0000   45.0000 2286.7793   14.5453
    0.0000  -15.0000   45.0000 2302.9736   14.3809
    7.5000  -15.0000   45.0000 2272.1919   14.5250
   -7.5000   -7.5000   45.0000 2379.0464   13.5876
    0.0000   -7.5000   45.0000 2396.9597   13.4186
    7.5000   -7.5000   45.0000 2360.5625   13.5575
   -7.5000    0.0000   45.0000 2443.9185   12.8796
    0.0000    0.0000   45.0000 2461.9800   12.7252
    7.5000    0.0000   45.0000 2433.1335   12.8666
   -7.5000    7.5000   45.0000 2487.8013   12.4244
    0.0000    7.5000   45.0000 2499.1697   12.2861
    7.5000    7.5000   45.0000 2477.8872   12.4184
   -7.5000   15.0000   45.0000 2496.4873   12.2425
    0.0000   15.0000   45.0000 2511.9468   12.1081
    7.5000   15.0000   45.0000 2490.8569   12.2281
   -7.5000   22.5000   45.0000 2481.7500   12.3217
    0.0000   22.5000   45.0000 2494.0798   12.1899
    7.5000   22.5000   45.0000 2474.8303   12.2910
   -7.5000   30.0000   45.0000 2429.7346   12.6968
    0.0000   30.0000   45.0000 2441.8523   12.5610
    7.5000   30.0000   45.0000 2422.5374   12.6523
   -7.5000   37.5000   45.0000 2364.8342   13.2165
    0.0000   37.5000   45.0000 2379.9551   13.0826
    7.5000   37.5000   45.0000 2357.9355   13.1724
   -7.5000   45.0000   45.0000 2280.7471   13.9074
    0.0000   45.0000   45.0000 2295.5552   13.7525
    7.5000   45.0000   45.0000 2271.0210   13.8617

---------------------------------------------------------------------
imgreg_4dfp /opt/freesurfer/average/711-2C_as_mni_average_305 /opt/freesurfer/average/711-2B_as_mni_average_305_mask talsrcimg_g11 none talsrcimg_to_711-2C_as_mni_average_305_t4 1283
---------------------------------------------------------------------

freesurfer imgreg_4dfp.c
/opt/freesurfer/average/711-2C_as_mni_average_305.4dfp.img
       256       256       256         1
  1.000000  1.000000  1.000000
orientation T byte_order littleendian
Reading image: /opt/freesurfer/average/711-2C_as_mni_average_305.4dfp.img
dimensions:      256       256       256
mmppix:       1.0000   -1.0000   -1.0000
center:     128.0000 -129.0000 -129.0000
/opt/freesurfer/average/711-2B_as_mni_average_305_mask.4dfp.img
       256       256       256         1
  1.000000  1.000000  1.000000
orientation T byte_order littleendian
Reading mask: /opt/freesurfer/average/711-2B_as_mni_average_305_mask.4dfp.img (2306576 pixels)
talsrcimg_g11.4dfp.img
       256       256       256         1
  1.000000  1.000000  1.000000
orientation T byte_order littleendian
Reading image: talsrcimg_g11.4dfp.img
dimensions:      256       256       256
mmppix:       1.0000   -1.0000   -1.0000
center:     128.0000 -129.0000 -129.0000
rotation matrix determinant  1.000000
fimgreg.f
image alignment mode   1283 decimal      503 hex
parameters
    0.0000   15.0000    0.0000    0.0000    0.0000    0.0000
eta,q 0.94294  8.93608
niter,ni,del,rscale     5    3   12.0000    1.2000
parameter  4  1.565699 ->  0.500000 qaram    1.1500
parameters
    1.1016   16.9282    0.5204   -3.4500    2.2289    2.1536
eta,q 0.94808  8.80407
  0.0736  0.0725  0.0638  0.0534  0.0642  0.0590
  0.0675  0.0653  0.0607  0.0532  0.0596  0.0562
  0.0617  0.0601  0.0584  0.0548  0.0560  0.0541
  0.0586  0.0579  0.0571  0.0569  0.0535  0.0525
  0.0580  0.0572  0.0575  0.0591  0.0525  0.0519
  0.0605  0.0580  0.0590  0.0612  0.0533  0.0526
  0.0665  0.0607  0.0621  0.0637  0.0552  0.0537
niter,ni,del,rscale     5    3   12.0000    1.2000
parameters
    0.0077   18.1251   -0.2136   -6.0537    3.7786    1.9569
eta,q 0.95170  8.80266
  0.0611  0.0654  0.0574  0.0532  0.0593  0.0526
  0.0550  0.0591  0.0542  0.0491  0.0550  0.0501
  0.0519  0.0544  0.0517  0.0493  0.0514  0.0488
  0.0519  0.0515  0.0511  0.0510  0.0491  0.0483
  0.0560  0.0516  0.0530  0.0537  0.0483  0.0488
  0.0627  0.0541  0.0567  0.0570  0.0497  0.0506
  0.0692  0.0576  0.0613  0.0608  0.0527  0.0532
niter,ni,del,rscale     4    3   12.0000    1.2000
parameters
   -0.8151   19.1574   -1.1279   -7.5061    4.7913    1.6369
eta,q 0.95372  8.81472
  0.0600  0.0644  0.0548  0.0520  0.0564  0.0508
  0.0531  0.0561  0.0509  0.0486  0.0520  0.0482
  0.0486  0.0503  0.0483  0.0463  0.0485  0.0466
  0.0483  0.0479  0.0479  0.0478  0.0465  0.0463
  0.0525  0.0488  0.0502  0.0504  0.0466  0.0470
  0.0597  0.0522  0.0550  0.0528  0.0485  0.0491
  0.0667  0.0550  0.0606  0.0564  0.0516  0.0517
niter,ni,del,rscale     3    3   12.0000    1.2000
parameters
   -1.1811   20.2501   -1.6054   -9.3032    5.2294    1.4101
eta,q 0.95505  8.83820
  0.0612  0.0601  0.0548  0.0499  0.0541  0.0500
  0.0534  0.0535  0.0503  0.0465  0.0499  0.0470
  0.0478  0.0482  0.0475  0.0449  0.0468  0.0451
  0.0463  0.0462  0.0468  0.0467  0.0451  0.0450
  0.0499  0.0477  0.0486  0.0491  0.0454  0.0458
  0.0570  0.0499  0.0526  0.0513  0.0479  0.0478
  0.0642  0.0520  0.0575  0.0544  0.0522  0.0505
niter,ni,del,rscale     2    3   12.0000    1.2000
parameters
   -1.2663   21.4252   -1.8323  -10.4034    5.3400    1.2916
eta,q 0.95643  8.84621
  0.0625  0.0584  0.0551  0.0508  0.0527  0.0498
  0.0536  0.0537  0.0495  0.0467  0.0487  0.0463
  0.0469  0.0478  0.0457  0.0433  0.0454  0.0439
  0.0450  0.0449  0.0449  0.0449  0.0436  0.0436
  0.0483  0.0454  0.0470  0.0483  0.0445  0.0448
  0.0552  0.0475  0.0513  0.0509  0.0478  0.0470
  0.0625  0.0515  0.0560  0.0534  0.0525  0.0498
niter,ni,del,rscale     1    3   12.0000    1.2000
parameters
   -1.2504   21.8704   -2.0065  -10.7428    5.3417    1.2758
eta,q 0.95668  8.84870
  0.0625  0.0573  0.0548  0.0525  0.0522  0.0499
  0.0533  0.0525  0.0489  0.0483  0.0483  0.0463
  0.0460  0.0461  0.0447  0.0438  0.0450  0.0438
  0.0436  0.0436  0.0436  0.0436  0.0433  0.0433
  0.0470  0.0449  0.0458  0.0469  0.0445  0.0445
  0.0540  0.0485  0.0502  0.0503  0.0479  0.0467
  0.0613  0.0548  0.0556  0.0528  0.0527  0.0495
registration optimization eta report
parameter search radius
    6.0000    6.0000    6.0000    6.9000    6.0000    6.0000
100000*second partial in parameter space
       49.       34.       32.       18.       25.       18.
  0.0625  0.0573  0.0548  0.0525  0.0522  0.0499
  0.0533  0.0525  0.0489  0.0483  0.0483  0.0463
  0.0460  0.0461  0.0447  0.0438  0.0450  0.0438
  0.0436  0.0436  0.0436  0.0436  0.0433  0.0433
  0.0470  0.0449  0.0458  0.0469  0.0445  0.0445
  0.0540  0.0485  0.0502  0.0503  0.0479  0.0467
  0.0613  0.0548  0.0556  0.0528  0.0527  0.0495
   -1.2504   21.8704   -2.0065  -10.7428    5.3417    1.2758
eta,q 0.95668  8.84870

---------------------------------------------------------------------
imgreg_4dfp /opt/freesurfer/average/711-2C_as_mni_average_305 /opt/freesurfer/average/711-2B_as_mni_average_305_mask talsrcimg_g11 none talsrcimg_to_711-2C_as_mni_average_305_t4 3335
---------------------------------------------------------------------

freesurfer imgreg_4dfp.c
/opt/freesurfer/average/711-2C_as_mni_average_305.4dfp.img
       256       256       256         1
  1.000000  1.000000  1.000000
orientation T byte_order littleendian
Reading image: /opt/freesurfer/average/711-2C_as_mni_average_305.4dfp.img
dimensions:      256       256       256
mmppix:       1.0000   -1.0000   -1.0000
center:     128.0000 -129.0000 -129.0000
/opt/freesurfer/average/711-2B_as_mni_average_305_mask.4dfp.img
       256       256       256         1
  1.000000  1.000000  1.000000
orientation T byte_order littleendian
Reading mask: /opt/freesurfer/average/711-2B_as_mni_average_305_mask.4dfp.img (2306576 pixels)
talsrcimg_g11.4dfp.img
       256       256       256         1
  1.000000  1.000000  1.000000
orientation T byte_order littleendian
Reading image: talsrcimg_g11.4dfp.img
dimensions:      256       256       256
mmppix:       1.0000   -1.0000   -1.0000
center:     128.0000 -129.0000 -129.0000
fimgreg.f
image alignment mode   3335 decimal      D07 hex
parameters
   -1.2504   21.8704   -2.0065   -0.4590   -1.7383   -2.1793
   -0.4526   -9.5592    2.2169   18.4318    9.3096  -18.5591
eta,q 0.95537  8.94711
niter,ni,del,rscale     5    3    5.0000    1.2000
parameter  3  0.510092 ->  0.500000 qaram    1.1500
parameter  4  1.373963 ->  0.500000 qaram    1.1500
parameter  5  2.457612 ->  0.500000 qaram    1.1500
parameter  6  0.999844 ->  0.500000 qaram    1.1500
parameter 10  0.604185 ->  0.500000 qaram    1.1500
parameters
   -1.2947   21.5648   -3.3865   -4.5990   -5.8783   -6.3193
   -1.4782   -9.0629    2.4684   14.2918    6.4544  -17.1284
eta,q 0.96942  8.48274
  0.0473  0.0459  0.0446  0.0389  0.0328  0.0317  0.0340  0.0373  0.0338  0.0317  0.0312  0.0329
  0.0458  0.0450  0.0442  0.0399  0.0349  0.0320  0.0329  0.0349  0.0330  0.0310  0.0308  0.0319
  0.0449  0.0446  0.0442  0.0416  0.0375  0.0333  0.0323  0.0330  0.0324  0.0310  0.0307  0.0311
  0.0446  0.0446  0.0446  0.0442  0.0403  0.0355  0.0322  0.0322  0.0322  0.0321  0.0309  0.0307
  0.0450  0.0450  0.0453  0.0474  0.0434  0.0390  0.0328  0.0325  0.0323  0.0339  0.0315  0.0306
  0.0459  0.0456  0.0464  0.0513  0.0473  0.0431  0.0338  0.0339  0.0328  0.0360  0.0324  0.0310
  0.0475  0.0466  0.0477  0.0556  0.0515  0.0478  0.0353  0.0362  0.0337  0.0384  0.0336  0.0317
niter,ni,del,rscale     7    3    5.0000    1.2000
parameter  4  0.524827 ->  0.500000 qaram    1.3225
parameter  5  1.014568 ->  0.500000 qaram    1.3225
parameters
   -1.2502   21.6756   -2.9842   -9.3600  -10.6393  -10.2957
   -1.3219   -8.9053    2.8850   14.4265    5.2081  -17.1362
eta,q 0.97360  7.93910
  0.0341  0.0333  0.0342  0.0302  0.0264  0.0268  0.0287  0.0301  0.0286  0.0301  0.0270  0.0278
  0.0322  0.0318  0.0324  0.0298  0.0268  0.0264  0.0275  0.0281  0.0275  0.0280  0.0266  0.0271
  0.0310  0.0309  0.0312  0.0298  0.0280  0.0265  0.0267  0.0268  0.0268  0.0268  0.0264  0.0266
  0.0306  0.0306  0.0306  0.0305  0.0298  0.0270  0.0264  0.0264  0.0264  0.0264  0.0264  0.0264
  0.0309  0.0308  0.0307  0.0323  0.0321  0.0283  0.0267  0.0268  0.0266  0.0268  0.0266  0.0266
  0.0321  0.0315  0.0314  0.0353  0.0355  0.0310  0.0274  0.0279  0.0271  0.0279  0.0270  0.0271
  0.0338  0.0328  0.0326  0.0391  0.0394  0.0354  0.0285  0.0297  0.0282  0.0299  0.0276  0.0278
niter,ni,del,rscale     7    3    5.0000    1.2000
parameter  5  0.506518 ->  0.500000 qaram    1.5209
parameters
   -1.1070   21.8634   -2.6787  -10.9830  -16.1144  -11.4117
   -1.8289   -8.5781    2.8406   14.6990    5.9429  -18.1032
eta,q 0.97463  7.59487
  0.0295  0.0293  0.0288  0.0281  0.0263  0.0274  0.0273  0.0292  0.0272  0.0291  0.0265  0.0265
  0.0279  0.0278  0.0276  0.0269  0.0256  0.0263  0.0262  0.0273  0.0262  0.0271  0.0260  0.0258
  0.0269  0.0268  0.0268  0.0264  0.0255  0.0256  0.0256  0.0260  0.0256  0.0258  0.0256  0.0254
  0.0264  0.0264  0.0263  0.0263  0.0263  0.0255  0.0254  0.0254  0.0254  0.0254  0.0254  0.0254
  0.0266  0.0265  0.0264  0.0267  0.0281  0.0260  0.0258  0.0257  0.0256  0.0259  0.0254  0.0257
  0.0274  0.0272  0.0269  0.0279  0.0306  0.0271  0.0266  0.0268  0.0262  0.0270  0.0257  0.0263
  0.0289  0.0285  0.0280  0.0305  0.0340  0.0289  0.0278  0.0286  0.0272  0.0284  0.0261  0.0271
niter,ni,del,rscale     7    3    5.0000    1.2000
parameters
   -1.2589   22.1423   -2.5226  -11.8103  -16.5612  -11.4616
   -1.8471   -8.6316    2.6766   15.1403    6.0173  -18.1585
eta,q 0.97469  7.54240
  0.0278  0.0283  0.0275  0.0274  0.0291  0.0280  0.0275  0.0287  0.0270  0.0291  0.0263  0.0267
  0.0264  0.0268  0.0263  0.0259  0.0272  0.0267  0.0263  0.0270  0.0261  0.0271  0.0258  0.0259
  0.0256  0.0258  0.0256  0.0252  0.0258  0.0257  0.0255  0.0258  0.0255  0.0258  0.0254  0.0255
  0.0254  0.0253  0.0253  0.0253  0.0253  0.0253  0.0253  0.0253  0.0253  0.0253  0.0253  0.0253
  0.0258  0.0255  0.0255  0.0258  0.0256  0.0256  0.0256  0.0257  0.0255  0.0258  0.0254  0.0255
  0.0268  0.0261  0.0261  0.0266  0.0274  0.0266  0.0264  0.0270  0.0262  0.0268  0.0257  0.0260
  0.0284  0.0271  0.0270  0.0282  0.0301  0.0281  0.0275  0.0289  0.0272  0.0282  0.0263  0.0267
niter,ni,del,rscale     6    3    5.0000    1.2000
parameters
   -1.3444   22.2497   -2.5752  -11.9415  -16.7216  -11.5066
   -1.7812   -8.6964    2.7145   15.3212    5.9105  -18.2559
eta,q 0.97468  7.53085
  0.0279  0.0278  0.0271  0.0279  0.0292  0.0280  0.0276  0.0287  0.0271  0.0288  0.0262  0.0267
  0.0264  0.0264  0.0261  0.0262  0.0273  0.0266  0.0264  0.0270  0.0261  0.0269  0.0257  0.0259
  0.0255  0.0256  0.0255  0.0253  0.0259  0.0257  0.0256  0.0258  0.0255  0.0257  0.0254  0.0255
  0.0253  0.0253  0.0253  0.0253  0.0253  0.0253  0.0253  0.0253  0.0253  0.0253  0.0253  0.0253
  0.0257  0.0255  0.0255  0.0257  0.0255  0.0256  0.0256  0.0258  0.0255  0.0258  0.0254  0.0255
  0.0267  0.0262  0.0262  0.0264  0.0272  0.0266  0.0263  0.0271  0.0261  0.0269  0.0258  0.0260
  0.0283  0.0273  0.0273  0.0278  0.0298  0.0281  0.0275  0.0289  0.0270  0.0283  0.0263  0.0267
niter,ni,del,rscale     5    3    5.0000    1.2000
parameters
   -1.3736   22.2978   -2.6150  -11.9941  -16.7872  -11.5349
   -1.7534   -8.7301    2.7642   15.4122    5.8457  -18.3122
eta,q 0.97468  7.52606
  0.0280  0.0277  0.0271  0.0279  0.0292  0.0280  0.0276  0.0288  0.0271  0.0287  0.0262  0.0267
  0.0265  0.0263  0.0261  0.0263  0.0273  0.0267  0.0264  0.0270  0.0261  0.0268  0.0258  0.0259
  0.0256  0.0255  0.0255  0.0253  0.0259  0.0257  0.0256  0.0258  0.0255  0.0256  0.0254  0.0255
  0.0253  0.0253  0.0253  0.0253  0.0253  0.0253  0.0253  0.0253  0.0253  0.0253  0.0253  0.0253
  0.0257  0.0256  0.0256  0.0257  0.0255  0.0256  0.0256  0.0258  0.0255  0.0259  0.0254  0.0255
  0.0266  0.0263  0.0262  0.0265  0.0271  0.0266  0.0264  0.0270  0.0261  0.0269  0.0258  0.0260
  0.0281  0.0274  0.0272  0.0278  0.0297  0.0281  0.0275  0.0289  0.0270  0.0283  0.0263  0.0267
niter,ni,del,rscale     4    3    5.0000    1.2000
parameters
   -1.3876   22.3211   -2.6377  -12.0181  -16.8178  -11.5480
   -1.7398   -8.7478    2.7965   15.4559    5.8119  -18.3440
eta,q 0.97467  7.52391
  0.0281  0.0276  0.0272  0.0280  0.0292  0.0280  0.0276  0.0288  0.0271  0.0287  0.0262  0.0267
  0.0265  0.0263  0.0261  0.0263  0.0273  0.0267  0.0264  0.0270  0.0261  0.0268  0.0258  0.0259
  0.0256  0.0255  0.0255  0.0254  0.0259  0.0257  0.0256  0.0258  0.0255  0.0256  0.0255  0.0255
  0.0253  0.0253  0.0253  0.0253  0.0253  0.0253  0.0253  0.0253  0.0253  0.0253  0.0253  0.0253
  0.0257  0.0256  0.0256  0.0257  0.0255  0.0256  0.0256  0.0258  0.0255  0.0259  0.0254  0.0255
  0.0266  0.0263  0.0262  0.0265  0.0271  0.0266  0.0264  0.0270  0.0261  0.0270  0.0257  0.0260
  0.0281  0.0274  0.0272  0.0278  0.0296  0.0281  0.0275  0.0289  0.0270  0.0284  0.0263  0.0267
registration optimization eta report
parameter search radius
    2.4000    2.4000    2.7600    9.5220   10.9503    8.2800
    7.2000    7.2000    7.2000    8.2800    7.2000    7.2000
100000*second partial in parameter space
       48.       38.       24.        3.        3.        4.
        4.        7.        3.        5.        2.        3.
  0.0281  0.0276  0.0272  0.0280  0.0292  0.0280  0.0276  0.0288  0.0271  0.0287  0.0262  0.0267
  0.0265  0.0263  0.0261  0.0263  0.0273  0.0267  0.0264  0.0270  0.0261  0.0268  0.0258  0.0259
  0.0256  0.0255  0.0255  0.0254  0.0259  0.0257  0.0256  0.0258  0.0255  0.0256  0.0255  0.0255
  0.0253  0.0253  0.0253  0.0253  0.0253  0.0253  0.0253  0.0253  0.0253  0.0253  0.0253  0.0253
  0.0257  0.0256  0.0256  0.0257  0.0255  0.0256  0.0256  0.0258  0.0255  0.0259  0.0254  0.0255
  0.0266  0.0263  0.0262  0.0265  0.0271  0.0266  0.0264  0.0270  0.0261  0.0270  0.0257  0.0260
  0.0281  0.0274  0.0272  0.0278  0.0296  0.0281  0.0275  0.0289  0.0270  0.0284  0.0263  0.0267
   -1.3876   22.3211   -2.6377  -12.0181  -16.8178  -11.5480
   -1.7398   -8.7478    2.7965   15.4559    5.8119  -18.3440
eta,q 0.97467  7.52391

---------------------------------------------------------------------
imgreg_4dfp /opt/freesurfer/average/711-2C_as_mni_average_305 /opt/freesurfer/average/711-2B_as_mni_average_305_mask talsrcimg_g11 none talsrcimg_to_711-2C_as_mni_average_305_t4 2311
---------------------------------------------------------------------

freesurfer imgreg_4dfp.c
/opt/freesurfer/average/711-2C_as_mni_average_305.4dfp.img
       256       256       256         1
  1.000000  1.000000  1.000000
orientation T byte_order littleendian
Reading image: /opt/freesurfer/average/711-2C_as_mni_average_305.4dfp.img
dimensions:      256       256       256
mmppix:       1.0000   -1.0000   -1.0000
center:     128.0000 -129.0000 -129.0000
/opt/freesurfer/average/711-2B_as_mni_average_305_mask.4dfp.img
       256       256       256         1
  1.000000  1.000000  1.000000
orientation T byte_order littleendian
Reading mask: /opt/freesurfer/average/711-2B_as_mni_average_305_mask.4dfp.img (2306576 pixels)
talsrcimg_g11.4dfp.img
       256       256       256         1
  1.000000  1.000000  1.000000
orientation T byte_order littleendian
Reading image: talsrcimg_g11.4dfp.img
dimensions:      256       256       256
mmppix:       1.0000   -1.0000   -1.0000
center:     128.0000 -129.0000 -129.0000
fimgreg.f
image alignment mode   2311 decimal      907 hex
parameters
   -1.3876   22.3211   -2.6377  -12.0181  -16.8178  -11.5480
   -1.7398   -8.7478    2.7965   15.4559    5.8119  -18.3440
eta,q 0.97467  7.52391
niter,ni,del,rscale     5    3    5.0000    0.8000
parameters
   -1.4153   22.2848   -2.6601  -12.9105  -16.1775  -11.4720
   -1.8507   -8.6256    2.6650   15.0577    6.0845  -18.2405
eta,q 0.97480  7.50786
  0.0266  0.0263  0.0259  0.0257  0.0262  0.0263  0.0263  0.0271  0.0260  0.0263  0.0257  0.0259
  0.0259  0.0257  0.0256  0.0254  0.0257  0.0258  0.0257  0.0261  0.0256  0.0256  0.0255  0.0255
  0.0255  0.0254  0.0254  0.0252  0.0254  0.0254  0.0253  0.0255  0.0253  0.0253  0.0253  0.0253
  0.0253  0.0253  0.0253  0.0253  0.0253  0.0252  0.0252  0.0252  0.0252  0.0252  0.0252  0.0252
  0.0255  0.0255  0.0254  0.0255  0.0252  0.0253  0.0254  0.0254  0.0253  0.0255  0.0252  0.0253
  0.0259  0.0258  0.0256  0.0258  0.0254  0.0257  0.0258  0.0260  0.0256  0.0260  0.0254  0.0255
  0.0266  0.0263  0.0260  0.0261  0.0258  0.0262  0.0263  0.0269  0.0261  0.0266  0.0256  0.0258
niter,ni,del,rscale     4    3    5.0000    0.7000
parameters
   -1.4319   22.1918   -2.6809  -12.8848  -16.0205  -11.5530
   -1.8638   -8.6089    2.5779   14.8569    6.1653  -18.1820
eta,q 0.97482  7.50969
  0.0262  0.0259  0.0257  0.0258  0.0258  0.0260  0.0260  0.0266  0.0258  0.0261  0.0256  0.0257
  0.0256  0.0255  0.0254  0.0254  0.0255  0.0256  0.0256  0.0258  0.0255  0.0256  0.0254  0.0254
  0.0253  0.0252  0.0252  0.0252  0.0253  0.0253  0.0253  0.0254  0.0253  0.0253  0.0252  0.0252
  0.0252  0.0252  0.0252  0.0252  0.0252  0.0252  0.0252  0.0252  0.0252  0.0252  0.0252  0.0252
  0.0253  0.0253  0.0253  0.0253  0.0252  0.0253  0.0253  0.0253  0.0253  0.0254  0.0252  0.0252
  0.0257  0.0256  0.0254  0.0255  0.0254  0.0256  0.0256  0.0258  0.0255  0.0257  0.0253  0.0254
  0.0262  0.0261  0.0257  0.0257  0.0258  0.0261  0.0260  0.0266  0.0259  0.0263  0.0255  0.0257
niter,ni,del,rscale     3    3    5.0000    0.6000
parameters
   -1.4217   22.1454   -2.7160  -13.0124  -15.8963  -11.6250
   -1.8872   -8.5626    2.5321   14.7440    6.2406  -18.1499
eta,q 0.97483  7.50488
  0.0259  0.0257  0.0255  0.0256  0.0256  0.0258  0.0258  0.0263  0.0257  0.0259  0.0254  0.0256
  0.0255  0.0254  0.0253  0.0253  0.0254  0.0255  0.0254  0.0257  0.0254  0.0255  0.0253  0.0254
  0.0253  0.0252  0.0252  0.0252  0.0252  0.0252  0.0252  0.0253  0.0252  0.0252  0.0252  0.0252
  0.0252  0.0252  0.0252  0.0252  0.0252  0.0252  0.0252  0.0252  0.0252  0.0252  0.0252  0.0252
  0.0253  0.0253  0.0252  0.0253  0.0252  0.0253  0.0253  0.0253  0.0252  0.0253  0.0252  0.0252
  0.0255  0.0255  0.0254  0.0254  0.0253  0.0255  0.0255  0.0256  0.0254  0.0256  0.0253  0.0253
  0.0259  0.0258  0.0256  0.0256  0.0256  0.0258  0.0258  0.0262  0.0257  0.0260  0.0254  0.0256
niter,ni,del,rscale     2    3    5.0000    0.5000
parameters
   -1.4208   22.1181   -2.7485  -13.1556  -15.8087  -11.7004
   -1.9128   -8.5373    2.4957   14.6594    6.2929  -18.1249
eta,q 0.97484  7.49823
  0.0257  0.0256  0.0254  0.0255  0.0255  0.0256  0.0256  0.0259  0.0255  0.0257  0.0254  0.0254
  0.0254  0.0253  0.0253  0.0253  0.0253  0.0254  0.0254  0.0255  0.0253  0.0254  0.0253  0.0253
  0.0252  0.0252  0.0252  0.0252  0.0252  0.0252  0.0252  0.0253  0.0252  0.0252  0.0252  0.0252
  0.0252  0.0252  0.0252  0.0252  0.0252  0.0252  0.0252  0.0252  0.0252  0.0252  0.0252  0.0252
  0.0252  0.0252  0.0252  0.0252  0.0252  0.0252  0.0252  0.0252  0.0252  0.0253  0.0252  0.0252
  0.0254  0.0254  0.0253  0.0253  0.0253  0.0254  0.0254  0.0255  0.0253  0.0254  0.0252  0.0253
  0.0257  0.0256  0.0254  0.0255  0.0255  0.0256  0.0256  0.0259  0.0255  0.0257  0.0253  0.0254
niter,ni,del,rscale     1    3    5.0000    0.4000
parameters
   -1.4254   22.0985   -2.7955  -13.2978  -15.7371  -11.7958
   -1.9210   -8.5318    2.4702   14.6038    6.3308  -18.1285
eta,q 0.97485  7.49075
  0.0255  0.0254  0.0253  0.0253  0.0254  0.0254  0.0254  0.0256  0.0254  0.0255  0.0253  0.0253
  0.0253  0.0253  0.0252  0.0252  0.0253  0.0253  0.0253  0.0254  0.0253  0.0253  0.0252  0.0252
  0.0252  0.0252  0.0252  0.0252  0.0252  0.0252  0.0252  0.0252  0.0252  0.0252  0.0252  0.0252
  0.0252  0.0252  0.0252  0.0252  0.0252  0.0252  0.0252  0.0252  0.0252  0.0252  0.0251  0.0251
  0.0252  0.0252  0.0252  0.0252  0.0252  0.0252  0.0252  0.0252  0.0252  0.0252  0.0252  0.0252
  0.0253  0.0253  0.0252  0.0253  0.0252  0.0253  0.0253  0.0254  0.0253  0.0253  0.0252  0.0252
  0.0255  0.0254  0.0253  0.0254  0.0253  0.0255  0.0254  0.0256  0.0254  0.0255  0.0253  0.0253
registration optimization eta report
parameter search radius
    0.8000    0.8000    0.8000    2.4000    2.4000    2.4000
    2.4000    2.4000    2.4000    2.4000    2.4000    2.4000
100000*second partial in parameter space
       53.       42.       26.        3.        3.        5.
        5.        8.        4.        6.        2.        3.
  0.0255  0.0254  0.0253  0.0253  0.0254  0.0254  0.0254  0.0256  0.0254  0.0255  0.0253  0.0253
  0.0253  0.0253  0.0252  0.0252  0.0253  0.0253  0.0253  0.0254  0.0253  0.0253  0.0252  0.0252
  0.0252  0.0252  0.0252  0.0252  0.0252  0.0252  0.0252  0.0252  0.0252  0.0252  0.0252  0.0252
  0.0252  0.0252  0.0252  0.0252  0.0252  0.0252  0.0252  0.0252  0.0252  0.0252  0.0251  0.0251
  0.0252  0.0252  0.0252  0.0252  0.0252  0.0252  0.0252  0.0252  0.0252  0.0252  0.0252  0.0252
  0.0253  0.0253  0.0252  0.0253  0.0252  0.0253  0.0253  0.0254  0.0253  0.0253  0.0252  0.0252
  0.0255  0.0254  0.0253  0.0254  0.0253  0.0255  0.0254  0.0256  0.0254  0.0255  0.0253  0.0253
   -1.4254   22.0985   -2.7955  -13.2978  -15.7371  -11.7958
   -1.9210   -8.5318    2.4702   14.6038    6.3308  -18.1285
eta,q 0.97485  7.49075

---------------------------------------------------------------------
imgreg_4dfp /opt/freesurfer/average/711-2C_as_mni_average_305 /opt/freesurfer/average/711-2B_as_mni_average_305_mask talsrcimg_g11 none talsrcimg_to_711-2C_as_mni_average_305_t4 2311
---------------------------------------------------------------------

freesurfer imgreg_4dfp.c
/opt/freesurfer/average/711-2C_as_mni_average_305.4dfp.img
       256       256       256         1
  1.000000  1.000000  1.000000
orientation T byte_order littleendian
Reading image: /opt/freesurfer/average/711-2C_as_mni_average_305.4dfp.img
dimensions:      256       256       256
mmppix:       1.0000   -1.0000   -1.0000
center:     128.0000 -129.0000 -129.0000
/opt/freesurfer/average/711-2B_as_mni_average_305_mask.4dfp.img
       256       256       256         1
  1.000000  1.000000  1.000000
orientation T byte_order littleendian
Reading mask: /opt/freesurfer/average/711-2B_as_mni_average_305_mask.4dfp.img (2306576 pixels)
talsrcimg_g11.4dfp.img
       256       256       256         1
  1.000000  1.000000  1.000000
orientation T byte_order littleendian
Reading image: talsrcimg_g11.4dfp.img
dimensions:      256       256       256
mmppix:       1.0000   -1.0000   -1.0000
center:     128.0000 -129.0000 -129.0000
fimgreg.f
image alignment mode   2311 decimal      907 hex
parameters
   -1.4254   22.0985   -2.7955  -13.2978  -15.7371  -11.7958
   -1.9210   -8.5318    2.4702   14.6038    6.3308  -18.1285
eta,q 0.97485  7.49074
niter,ni,del,rscale     5    3    5.0000    0.8000
parameters
   -1.4081   22.1170   -2.8103  -12.7785  -15.9508  -11.8511
   -1.8387   -8.5649    2.5379   14.7457    6.1641  -18.1782
eta,q 0.97482  7.50444
  0.0265  0.0263  0.0258  0.0261  0.0259  0.0262  0.0263  0.0269  0.0261  0.0266  0.0256  0.0259
  0.0258  0.0256  0.0254  0.0256  0.0255  0.0257  0.0257  0.0260  0.0256  0.0258  0.0254  0.0255
  0.0253  0.0253  0.0252  0.0252  0.0253  0.0253  0.0253  0.0254  0.0253  0.0253  0.0252  0.0253
  0.0251  0.0252  0.0252  0.0252  0.0252  0.0252  0.0252  0.0252  0.0252  0.0252  0.0252  0.0252
  0.0253  0.0253  0.0252  0.0253  0.0252  0.0253  0.0253  0.0254  0.0253  0.0253  0.0252  0.0253
  0.0257  0.0256  0.0255  0.0255  0.0256  0.0257  0.0257  0.0260  0.0256  0.0258  0.0254  0.0255
  0.0265  0.0262  0.0258  0.0257  0.0262  0.0263  0.0262  0.0270  0.0260  0.0264  0.0257  0.0259
niter,ni,del,rscale     4    3    5.0000    0.7000
parameters
   -1.4011   22.1272   -2.8070  -12.9162  -15.9064  -11.8048
   -1.8709   -8.5472    2.5490   14.7348    6.1865  -18.1878
eta,q 0.97483  7.50183
  0.0262  0.0260  0.0257  0.0257  0.0258  0.0260  0.0260  0.0266  0.0258  0.0262  0.0255  0.0257
  0.0256  0.0255  0.0254  0.0254  0.0255  0.0256  0.0255  0.0258  0.0255  0.0256  0.0253  0.0254
  0.0253  0.0253  0.0252  0.0252  0.0253  0.0253  0.0253  0.0253  0.0252  0.0253  0.0252  0.0252
  0.0252  0.0252  0.0252  0.0252  0.0252  0.0252  0.0252  0.0252  0.0252  0.0252  0.0252  0.0252
  0.0253  0.0253  0.0252  0.0253  0.0252  0.0253  0.0253  0.0253  0.0253  0.0253  0.0252  0.0252
  0.0256  0.0255  0.0254  0.0255  0.0254  0.0256  0.0256  0.0258  0.0255  0.0257  0.0253  0.0254
  0.0262  0.0260  0.0257  0.0257  0.0258  0.0260  0.0260  0.0266  0.0258  0.0262  0.0255  0.0257
niter,ni,del,rscale     3    3    5.0000    0.6000
parameters
   -1.4088   22.1213   -2.8057  -13.0557  -15.8393  -11.8100
   -1.8899   -8.5327    2.5263   14.6905    6.2440  -18.1712
eta,q 0.97483  7.49776
  0.0259  0.0258  0.0255  0.0256  0.0256  0.0258  0.0258  0.0262  0.0257  0.0259  0.0254  0.0256
  0.0255  0.0254  0.0253  0.0253  0.0254  0.0255  0.0254  0.0257  0.0254  0.0255  0.0253  0.0253
  0.0252  0.0252  0.0252  0.0252  0.0252  0.0252  0.0252  0.0253  0.0252  0.0252  0.0252  0.0252
  0.0252  0.0252  0.0252  0.0252  0.0252  0.0252  0.0252  0.0252  0.0252  0.0252  0.0252  0.0252
  0.0253  0.0252  0.0252  0.0253  0.0252  0.0252  0.0252  0.0253  0.0252  0.0253  0.0252  0.0252
  0.0255  0.0255  0.0253  0.0254  0.0253  0.0255  0.0255  0.0256  0.0254  0.0256  0.0253  0.0253
  0.0259  0.0258  0.0255  0.0256  0.0256  0.0258  0.0258  0.0262  0.0257  0.0259  0.0254  0.0256
niter,ni,del,rscale     2    3    5.0000    0.5000
parameters
   -1.4142   22.1086   -2.8263  -13.1994  -15.7839  -11.8479
   -1.9001   -8.5230    2.4880   14.6417    6.3010  -18.1613
eta,q 0.97484  7.49174
  0.0257  0.0256  0.0254  0.0255  0.0255  0.0256  0.0256  0.0259  0.0255  0.0257  0.0254  0.0254
  0.0254  0.0253  0.0253  0.0253  0.0253  0.0254  0.0254  0.0255  0.0253  0.0254  0.0253  0.0253
  0.0252  0.0252  0.0252  0.0252  0.0252  0.0252  0.0252  0.0252  0.0252  0.0252  0.0252  0.0252
  0.0252  0.0252  0.0252  0.0252  0.0252  0.0252  0.0252  0.0252  0.0252  0.0252  0.0252  0.0252
  0.0252  0.0252  0.0252  0.0252  0.0252  0.0252  0.0252  0.0252  0.0252  0.0252  0.0252  0.0252
  0.0254  0.0254  0.0253  0.0253  0.0253  0.0254  0.0254  0.0255  0.0253  0.0254  0.0252  0.0253
  0.0257  0.0256  0.0254  0.0255  0.0255  0.0256  0.0256  0.0259  0.0255  0.0257  0.0253  0.0254
niter,ni,del,rscale     1    3    5.0000    0.4000
parameters
   -1.4226   22.0970   -2.8566  -13.3401  -15.7283  -11.9105
   -1.9123   -8.5115    2.4622   14.5878    6.3401  -18.1539
eta,q 0.97485  7.48490
  0.0255  0.0254  0.0253  0.0254  0.0254  0.0254  0.0254  0.0256  0.0254  0.0255  0.0253  0.0253
  0.0253  0.0253  0.0252  0.0252  0.0253  0.0253  0.0253  0.0254  0.0253  0.0253  0.0252  0.0252
  0.0252  0.0252  0.0252  0.0252  0.0252  0.0252  0.0252  0.0252  0.0252  0.0252  0.0252  0.0252
  0.0252  0.0252  0.0252  0.0252  0.0252  0.0252  0.0252  0.0252  0.0252  0.0252  0.0252  0.0252
  0.0252  0.0252  0.0252  0.0252  0.0252  0.0252  0.0252  0.0252  0.0252  0.0252  0.0252  0.0252
  0.0253  0.0253  0.0252  0.0253  0.0252  0.0253  0.0253  0.0254  0.0253  0.0253  0.0252  0.0252
  0.0255  0.0254  0.0253  0.0254  0.0253  0.0255  0.0254  0.0256  0.0254  0.0255  0.0253  0.0253
registration optimization eta report
parameter search radius
    0.8000    0.8000    0.8000    2.4000    2.4000    2.4000
    2.4000    2.4000    2.4000    2.4000    2.4000    2.4000
100000*second partial in parameter space
       53.       43.       26.        4.        3.        5.
        5.        8.        4.        6.        2.        3.
  0.0255  0.0254  0.0253  0.0254  0.0254  0.0254  0.0254  0.0256  0.0254  0.0255  0.0253  0.0253
  0.0253  0.0253  0.0252  0.0252  0.0253  0.0253  0.0253  0.0254  0.0253  0.0253  0.0252  0.0252
  0.0252  0.0252  0.0252  0.0252  0.0252  0.0252  0.0252  0.0252  0.0252  0.0252  0.0252  0.0252
  0.0252  0.0252  0.0252  0.0252  0.0252  0.0252  0.0252  0.0252  0.0252  0.0252  0.0252  0.0252
  0.0252  0.0252  0.0252  0.0252  0.0252  0.0252  0.0252  0.0252  0.0252  0.0252  0.0252  0.0252
  0.0253  0.0253  0.0252  0.0253  0.0252  0.0253  0.0253  0.0254  0.0253  0.0253  0.0252  0.0252
  0.0255  0.0254  0.0253  0.0254  0.0253  0.0255  0.0254  0.0256  0.0254  0.0255  0.0253  0.0253
   -1.4226   22.0970   -2.8566  -13.3401  -15.7283  -11.9105
   -1.9123   -8.5115    2.4622   14.5878    6.3401  -18.1539
eta,q 0.97485  7.48490

---------------------------------------------------------------------
compute_vox2vox talsrcimg talsrcimg_to_711-2C_as_mni_average_305_t4 /opt/freesurfer/average/711-2C_as_mni_average_305
---------------------------------------------------------------------

freesurfer compute_vox2vox.c
Reading: talsrcimg.4dfp.ifh
Reading: talsrcimg_to_711-2C_as_mni_average_305_t4
Reading: /opt/freesurfer/average/711-2C_as_mni_average_305.4dfp.ifh
Writing: talsrcimg_to_711-2C_as_mni_average_305_t4_vox2vox.txt

start time Mon Mar 9 02:09:51 CET 2026
end		time Mon Mar 9 02:11:17 CET 2026

mpr2mni305 success

avi2talxfm orig_nu.mgz /opt/freesurfer/average/mni305.cor.mgz talsrcimg_to_711-2C_as_mni_average_305_t4_vox2vox.txt transforms/talairach.auto.xfm
avi2talxfm done
mv -f /out/sourcedata/freesurfer/sub-v1s17x0050254_ses-1/mri/talsrcimg_to_711-2C_as_mni_average_305_t4_vox2vox.txt /out/sourcedata/freesurfer/sub-v1s17x0050254_ses-1/mri/transforms/talsrcimg_to_711-2C_as_mni_average_305_t4_vox2vox.txt
lta_convert --src orig_nu.mgz --trg /opt/freesurfer/average/mni305.cor.mgz --inxfm transforms/talairach.auto.xfm --outlta transforms/talairach.auto.xfm.lta --subject fsaverage
7.3.2

--src: orig_nu.mgz src image (geometry).
--trg: /opt/freesurfer/average/mni305.cor.mgz trg image (geometry).
--inmni: transforms/talairach.auto.xfm input MNI/XFM transform.
--outlta: transforms/talairach.auto.xfm.lta output LTA.
--s: fsaverage subject name
 LTA read, type : 1
 1.14506   0.10267   0.04810   0.29271;
-0.08623   1.08837   0.23250  -2.01824;
-0.01853  -0.19140   1.14499  -6.05942;
 0.00000   0.00000   0.00000   1.00000;
setting subject to fsaverage
Writing  LTA to file transforms/talairach.auto.xfm.lta...
lta_convert successful.
 
 
Started at Mon Mar 9 02:09:51 CET 2026
Ended   at Mon Mar  9 02:11:17 CET 2026
talairach_avi done
