status file for recon-all
Mon Mar  9 04:16:10 CET 2026
#@# Tessellate lh Mon Mar  9 04:16:10 CET 2026
#@# Smooth1 lh Mon Mar  9 04:16:14 CET 2026
#@# Inflation1 lh Mon Mar  9 04:16:17 CET 2026
#@# QSphere lh Mon Mar  9 04:16:29 CET 2026
#@# Fix Topology lh Mon Mar  9 04:17:57 CET 2026
#@# Smooth2 lh Mon Mar  9 04:23:47 CET 2026
#@# Inflation2 lh Mon Mar  9 04:23:50 CET 2026
#@# Curv .H and .K lh Mon Mar  9 04:24:05 CET 2026
#@# Sphere lh Mon Mar  9 04:24:55 CET 2026
#@# Surf Reg lh Mon Mar  9 04:27:23 CET 2026
#@# Jacobian white lh Mon Mar  9 04:31:21 CET 2026
#@# AvgCurv lh Mon Mar  9 04:31:22 CET 2026
#@# Cortical Parc lh Mon Mar  9 04:31:22 CET 2026
#@# white curv lh Mon Mar  9 04:37:53 CET 2026
#@# white area lh Mon Mar  9 04:37:55 CET 2026
#@# pial curv lh Mon Mar  9 04:37:56 CET 2026
#@# pial area lh Mon Mar  9 04:37:58 CET 2026
#@# thickness lh Mon Mar  9 04:37:59 CET 2026
#@# area and vertex vol lh Mon Mar  9 04:38:30 CET 2026
#@# Curvature Stats lh Mon Mar  9 04:38:31 CET 2026
#@# Cortical Parc 2 lh Mon Mar  9 04:38:34 CET 2026
#@# Cortical Parc 3 lh Mon Mar  9 04:38:48 CET 2026
#@# WM/GM Contrast lh Mon Mar  9 04:38:59 CET 2026
recon-all -s sub-v1s17x0050262_ses-1 finished without error at Mon Mar  9 04:39:02 CET 2026



#New# invocation of recon-all 



status file for recon-all
Mon Mar  9 05:05:00 CET 2026
#@# white curv lh Mon Mar  9 05:05:00 CET 2026
#@# white area lh Mon Mar  9 05:05:00 CET 2026
#@# pial curv lh Mon Mar  9 05:05:00 CET 2026
#@# pial area lh Mon Mar  9 05:05:00 CET 2026
#@# thickness lh Mon Mar  9 05:05:00 CET 2026
#@# area and vertex vol lh Mon Mar  9 05:05:00 CET 2026
#@# Parcellation Stats lh Mon Mar  9 05:05:00 CET 2026
#@# Parcellation Stats 2 lh Mon Mar  9 05:05:22 CET 2026
#@# Parcellation Stats 3 lh Mon Mar  9 05:05:33 CET 2026
#@# BA_exvivo Labels lh Mon Mar  9 05:05:44 CET 2026
recon-all -s sub-v1s17x0050262_ses-1 finished without error at Mon Mar  9 05:08:27 CET 2026
