status file for recon-all
Mon Mar  9 04:39:06 CET 2026
#@# Tessellate rh Mon Mar  9 04:39:06 CET 2026
#@# Smooth1 rh Mon Mar  9 04:39:10 CET 2026
#@# Inflation1 rh Mon Mar  9 04:39:12 CET 2026
#@# QSphere rh Mon Mar  9 04:39:25 CET 2026
#@# Fix Topology rh Mon Mar  9 04:40:40 CET 2026
#@# Smooth2 rh Mon Mar  9 04:46:31 CET 2026
#@# Inflation2 rh Mon Mar  9 04:46:34 CET 2026
#@# Curv .H and .K rh Mon Mar  9 04:46:48 CET 2026
#@# Sphere rh Mon Mar  9 04:47:37 CET 2026
#@# Surf Reg rh Mon Mar  9 04:48:55 CET 2026
#@# Jacobian white rh Mon Mar  9 04:52:39 CET 2026
#@# AvgCurv rh Mon Mar  9 04:52:40 CET 2026
#@# Cortical Parc rh Mon Mar  9 04:52:41 CET 2026
#@# white curv rh Mon Mar  9 04:59:20 CET 2026
#@# white area rh Mon Mar  9 04:59:22 CET 2026
#@# pial curv rh Mon Mar  9 04:59:23 CET 2026
#@# pial area rh Mon Mar  9 04:59:24 CET 2026
#@# thickness rh Mon Mar  9 04:59:25 CET 2026
#@# area and vertex vol rh Mon Mar  9 04:59:57 CET 2026
#@# Curvature Stats rh Mon Mar  9 04:59:58 CET 2026
#@# Cortical Parc 2 rh Mon Mar  9 05:00:01 CET 2026
#@# Cortical Parc 3 rh Mon Mar  9 05:00:14 CET 2026
#@# WM/GM Contrast rh Mon Mar  9 05:00:25 CET 2026
recon-all -s sub-v1s17x0050262_ses-1 finished without error at Mon Mar  9 05:00:29 CET 2026



#New# invocation of recon-all 



status file for recon-all
Mon Mar  9 05:08:28 CET 2026
#@# white curv rh Mon Mar  9 05:08:28 CET 2026
#@# white area rh Mon Mar  9 05:08:28 CET 2026
#@# pial curv rh Mon Mar  9 05:08:28 CET 2026
#@# pial area rh Mon Mar  9 05:08:28 CET 2026
#@# thickness rh Mon Mar  9 05:08:28 CET 2026
#@# area and vertex vol rh Mon Mar  9 05:08:28 CET 2026
#@# Parcellation Stats rh Mon Mar  9 05:08:29 CET 2026
#@# Parcellation Stats 2 rh Mon Mar  9 05:08:48 CET 2026
#@# Parcellation Stats 3 rh Mon Mar  9 05:08:59 CET 2026
#@# BA_exvivo Labels rh Mon Mar  9 05:09:09 CET 2026
recon-all -s sub-v1s17x0050262_ses-1 finished without error at Mon Mar  9 05:11:46 CET 2026
