/out/sourcedata/freesurfer/sub-v1s17x0050259_ses-1/mri
/opt/freesurfer/bin/talairach_avi
--i orig_nu.mgz --xfm transforms/talairach.auto.xfm
talairach_avi 7.3.2
Linux dna066 5.14.0-427.37.1.el9_4.x86_64 #1 SMP PREEMPT_DYNAMIC Fri Sep 13 12:41:50 EDT 2024 x86_64 x86_64 x86_64 GNU/Linux
Mon Mar  9 02:15:22 CET 2026
mri_convert orig_nu.mgz talsrcimg.img 
reading from orig_nu.mgz...
TR=0.00, TE=0.00, TI=0.00, flip angle=0.00
i_ras = (-1, -2.79397e-09, 0)
j_ras = (3.72529e-09, 0, -1)
k_ras = (-9.02219e-10, 1, -4.65661e-10)
writing to talsrcimg.img...
Analyze Output Matrix
-1.00000   0.00000  -0.00000   127.37120;
-0.00000   0.00000   1.00000  -142.87933;
 0.00000  -1.00000  -0.00000   127.36981;
 0.00000   0.00000   0.00000   1.00000;
--------------------
INFO: set hdr.hist.orient to -1
mpr2mni305 talsrcimg
Mon Mar  9 02:15:22 CET 2026
/opt/freesurfer/bin/mpr2mni305 talsrcimg
mpr2mni305 7.3.2
target=711-2C_as_mni_average_305

---------------------------------------------------------------------
analyzeto4dfp talsrcimg -O0 -y
---------------------------------------------------------------------

freesurfer ifh2hdr.c
Mon Mar  9 02:15:22 2026
Writing: talsrcimg.4dfp.hdr
freesurfer analyzeto4dfp.c
Reading: talsrcimg.hdr
header size 348 bytes
hdr.dime.datatype	offset=70	value=2
hdr.dime.bitpix		offset=72	value=8
hdr.hist.orient		offset=252	value=-1
dimensionality     4
dimensions       256       256       256         1
Reading: talsrcimg.img
Writing: talsrcimg.4dfp.img
Writing: talsrcimg.4dfp.ifh
ifh2hdr talsrcimg -r0to255
ori=2

---------------------------------------------------------------------
gauss_4dfp talsrcimg 1.1
---------------------------------------------------------------------

freesurfer gauss_4dfp.c
Reading: talsrcimg.4dfp.img
Writing: talsrcimg_g11.4dfp.img
image dimensions 256 256 256 padded to 288 288 288
processing volume 1freesurfer ifh2hdr.c
Mon Mar  9 02:15:24 2026
Writing: talsrcimg_g11.4dfp.hdr

Writing: talsrcimg_g11.4dfp.ifh
including: talsrcimg.4dfp.img.rec in talsrcimg_g11.4dfp.img.rec

---------------------------------------------------------------------
imgreg_4dfp /opt/freesurfer/average/711-2C_as_mni_average_305 none talsrcimg_g11 none talsrcimg_to_711-2C_as_mni_average_305_t4 4355
---------------------------------------------------------------------

freesurfer imgreg_4dfp.c
/opt/freesurfer/average/711-2C_as_mni_average_305.4dfp.img
       256       256       256         1
  1.000000  1.000000  1.000000
orientation T byte_order littleendian
Reading image: /opt/freesurfer/average/711-2C_as_mni_average_305.4dfp.img
dimensions:      256       256       256
mmppix:       1.0000   -1.0000   -1.0000
center:     128.0000 -129.0000 -129.0000
talsrcimg_g11.4dfp.img
       256       256       256         1
  1.000000  1.000000  1.000000
orientation T byte_order littleendian
Reading image: talsrcimg_g11.4dfp.img
dimensions:      256       256       256
mmppix:       1.0000   -1.0000   -1.0000
center:     128.0000 -129.0000 -129.0000
t4_read: open error in t4_sub.f l:  41 t4_file(1:l)talsrcimg_to_711-2C_as_mni_average_305_t4 
t4_read: transform initialized to I4
rotation matrix determinant  1.000000
image alignment mode   4355 decimal     1103 hex
   -7.5000  -45.0000  -45.0000 7134.3706   12.1641
    0.0000  -45.0000  -45.0000 7444.1006   12.1692
    7.5000  -45.0000  -45.0000 7103.6934   12.1708
   -7.5000  -37.5000  -45.0000 7690.8755   12.0815
    0.0000  -37.5000  -45.0000 8022.8481   12.0847
    7.5000  -37.5000  -45.0000 7636.1299   12.0807
   -7.5000  -30.0000  -45.0000 8583.3379   12.0702
    0.0000  -30.0000  -45.0000 8953.7627   12.0723
    7.5000  -30.0000  -45.0000 8519.8906   12.0643
   -7.5000  -22.5000  -45.0000 9388.6104   12.0647
    0.0000  -22.5000  -45.0000 9791.1143   12.0674
    7.5000  -22.5000  -45.0000 9324.3936   12.0615
   -7.5000  -15.0000  -45.000010061.6504   12.0627
    0.0000  -15.0000  -45.000010501.4424   12.0672
    7.5000  -15.0000  -45.000010000.5537   12.0668
   -7.5000   -7.5000  -45.000010666.3105   12.0658
    0.0000   -7.5000  -45.000011154.4600   12.0714
    7.5000   -7.5000  -45.000010603.6826   12.0748
   -7.5000    0.0000  -45.000011246.9922   12.0716
    0.0000    0.0000  -45.000011764.0098   12.0765
    7.5000    0.0000  -45.000011198.8926   12.0782
   -7.5000    7.5000  -45.000010993.1201   12.0739
    0.0000    7.5000  -45.000011497.1855   12.0771
    7.5000    7.5000  -45.000010954.2783   12.0731
   -7.5000   15.0000  -45.000010720.7373   12.0702
    0.0000   15.0000  -45.000011203.5527   12.0723
    7.5000   15.0000  -45.000010683.5400   12.0643
   -7.5000   22.5000  -45.000010318.4199   12.0630
    0.0000   22.5000  -45.000010775.2627   12.0658
    7.5000   22.5000  -45.000010264.1025   12.0598
   -7.5000   30.0000  -45.0000 9671.7051   11.9019
    0.0000   30.0000  -45.000010105.4834   11.9064
    7.5000   30.0000  -45.0000 9616.4736   11.9060
   -7.5000   37.5000  -45.0000 9228.3145   11.9050
    0.0000   37.5000  -45.0000 9626.9180   11.9106
    7.5000   37.5000  -45.0000 9153.3965   11.9139
   -7.5000   45.0000  -45.0000 8442.1719   11.6083
    0.0000   45.0000  -45.0000 8819.9570   11.6130
    7.5000   45.0000  -45.0000 8361.8398   11.6147
   -7.5000  -45.0000  -37.5000 7616.0952   12.0715
    0.0000  -45.0000  -37.5000 7952.9058   12.0737
    7.5000  -45.0000  -37.5000 7590.4990   12.0706
   -7.5000  -37.5000  -37.5000 8244.6143   11.9897
    0.0000  -37.5000  -37.5000 8616.9980   11.9893
    7.5000  -37.5000  -37.5000 8200.7891   11.9808
   -7.5000  -30.0000  -37.5000 9208.9424   11.9798
    0.0000  -30.0000  -37.5000 9613.1797   11.9774
    7.5000  -30.0000  -37.5000 9139.7832   11.9652
   -7.5000  -22.5000  -37.500010046.3760   11.9754
    0.0000  -22.5000  -37.500010495.8154   11.9737
    7.5000  -22.5000  -37.5000 9979.1807   11.9636
   -7.5000  -15.0000  -37.500010744.3965   11.9740
    0.0000  -15.0000  -37.500011224.4238   11.9745
    7.5000  -15.0000  -37.500010677.0898   11.9700
   -7.5000   -7.5000  -37.500011375.8984   11.9763
    0.0000   -7.5000  -37.500011910.4971   11.9789
    7.5000   -7.5000  -37.500011299.1416   11.9777
   -7.5000    0.0000  -37.500011994.0303   11.9804
    0.0000    0.0000  -37.500012543.3057   11.9825
    7.5000    0.0000  -37.500011933.6318   11.9796
   -7.5000    7.5000  -37.500011726.8154   11.9823
    0.0000    7.5000  -37.500012279.5762   11.9818
    7.5000    7.5000  -37.500011671.6816   11.9734
   -7.5000   15.0000  -37.500011420.1064   11.9798
    0.0000   15.0000  -37.500011955.5156   11.9774
    7.5000   15.0000  -37.500011367.0127   11.9652
   -7.5000   22.5000  -37.500010965.2256   11.9738
    0.0000   22.5000  -37.500011469.8564   11.9721
    7.5000   22.5000  -37.500010892.2881   11.9620
   -7.5000   30.0000  -37.500010260.2021   11.8144
    0.0000   30.0000  -37.500010748.1230   11.8150
    7.5000   30.0000  -37.500010203.8994   11.8104
   -7.5000   37.5000  -37.5000 9767.3350   11.8167
    0.0000   37.5000  -37.500010209.0273   11.8192
    7.5000   37.5000  -37.5000 9685.9248   11.8181
   -7.5000   45.0000  -37.5000 8916.5830   11.5206
    0.0000   45.0000  -37.5000 9312.6377   11.5226
    7.5000   45.0000  -37.5000 8838.3379   11.5198
   -7.5000  -45.0000  -30.0000 8279.1582   12.5312
    0.0000  -45.0000  -30.0000 8652.6045   12.5328
    7.5000  -45.0000  -30.0000 8241.5830   12.5252
   -7.5000  -37.5000  -30.0000 8957.9736   12.4415
    0.0000  -37.5000  -30.0000 9370.5400   12.4412
    7.5000  -37.5000  -30.0000 8915.0479   12.4302
   -7.5000  -30.0000  -30.0000 9965.9863   12.4235
    0.0000  -30.0000  -30.000010425.4668   12.4211
    7.5000  -30.0000  -30.0000 9927.3662   12.4076
   -7.5000  -22.5000  -30.000010859.2686   12.4163
    0.0000  -22.5000  -30.000011359.7402   12.4133
    7.5000  -22.5000  -30.000010829.3877   12.4012
   -7.5000  -15.0000  -30.000011615.5352   12.4192
    0.0000  -15.0000  -30.000012135.1270   12.4174
    7.5000  -15.0000  -30.000011562.0049   12.4092
   -7.5000   -7.5000  -30.000012312.3564   12.4294
    0.0000   -7.5000  -30.000012894.1826   12.4301
    7.5000   -7.5000  -30.000012257.2324   12.4240
   -7.5000    0.0000  -30.000012979.0879   12.4369
    0.0000    0.0000  -30.000013575.6211   12.4384
    7.5000    0.0000  -30.000012920.9844   12.4310
   -7.5000    7.5000  -30.000012682.9668   12.4339
    0.0000    7.5000  -30.000013251.9668   12.4336
    7.5000    7.5000  -30.000012621.5508   12.4226
   -7.5000   15.0000  -30.000012318.1621   12.4235
    0.0000   15.0000  -30.000012855.3682   12.4211
    7.5000   15.0000  -30.000012245.9951   12.4076
   -7.5000   22.5000  -30.000011790.3555   12.4133
    0.0000   22.5000  -30.000012303.2217   12.4103
    7.5000   22.5000  -30.000011686.7402   12.3982
   -7.5000   30.0000  -30.000011031.0889   12.2549
    0.0000   30.0000  -30.000011537.7422   12.2531
    7.5000   30.0000  -30.000010961.5928   12.2450
   -7.5000   37.5000  -30.000010460.0283   12.2649
    0.0000   37.5000  -30.000010928.8525   12.2656
    7.5000   37.5000  -30.000010400.1279   12.2596
   -7.5000   45.0000  -30.0000 9546.5859   11.9683
    0.0000   45.0000  -30.0000 9973.3896   11.9698
    7.5000   45.0000  -30.0000 9481.0254   11.9627
   -7.5000  -45.0000  -22.5000 8975.7861   12.9837
    0.0000  -45.0000  -22.5000 9379.5430   12.9882
    7.5000  -45.0000  -22.5000 8935.6270   12.9797
   -7.5000  -37.5000  -22.5000 9684.7275   12.8871
    0.0000  -37.5000  -22.500010132.0771   12.8914
    7.5000  -37.5000  -22.5000 9636.9395   12.8818
   -7.5000  -30.0000  -22.500010767.6533   12.8605
    0.0000  -30.0000  -22.500011242.1953   12.8632
    7.5000  -30.0000  -22.500010723.7246   12.8526
   -7.5000  -22.5000  -22.500011721.7266   12.8486
    0.0000  -22.5000  -22.500012251.3857   12.8494
    7.5000  -22.5000  -22.500011692.1748   12.8389
   -7.5000  -15.0000  -22.500012515.1621   12.8542
    0.0000  -15.0000  -22.500013071.6143   12.8549
    7.5000  -15.0000  -22.500012485.1289   12.8460
   -7.5000   -7.5000  -22.500013283.2168   12.8725
    0.0000   -7.5000  -22.500013894.2549   12.8753
    7.5000   -7.5000  -22.500013231.0586   12.8674
   -7.5000    0.0000  -22.500014005.5625   12.8857
    0.0000    0.0000  -22.500014644.7451   12.8902
    7.5000    0.0000  -22.500013934.2041   12.8818
   -7.5000    7.5000  -22.500013638.6660   12.8792
    0.0000    7.5000  -22.500014258.1953   12.8836
    7.5000    7.5000  -22.500013571.0693   12.8739
   -7.5000   15.0000  -22.500013207.0342   12.8605
    0.0000   15.0000  -22.500013800.1416   12.8632
    7.5000   15.0000  -22.500013146.8076   12.8526
   -7.5000   22.5000  -22.500012588.1426   12.8446
    0.0000   22.5000  -22.500013151.5283   12.8454
    7.5000   22.5000  -22.500012511.3652   12.8350
   -7.5000   30.0000  -22.500011794.4170   12.6861
    0.0000   30.0000  -22.500012325.8057   12.6868
    7.5000   30.0000  -22.500011744.8691   12.6779
   -7.5000   37.5000  -22.500011162.1553   12.7042
    0.0000   37.5000  -22.500011656.6396   12.7069
    7.5000   37.5000  -22.500011128.9082   12.6991
   -7.5000   45.0000  -22.500010171.1787   12.4095
    0.0000   45.0000  -22.500010606.2900   12.4139
    7.5000   45.0000  -22.500010138.2480   12.4058
   -7.5000  -45.0000  -15.0000 9696.2334   13.2981
    0.0000  -45.0000  -15.000010142.2607   13.3057
    7.5000  -45.0000  -15.0000 9651.9189   13.3005
   -7.5000  -37.5000  -15.000010433.1230   13.2009
    0.0000  -37.5000  -15.000010909.1035   13.2088
    7.5000  -37.5000  -15.000010388.5088   13.2026
   -7.5000  -30.0000  -15.000011561.4453   13.1739
    0.0000  -30.0000  -15.000012072.0117   13.1810
    7.5000  -30.0000  -15.000011513.0000   13.1738
   -7.5000  -22.5000  -15.000012566.6133   13.1608
    0.0000  -22.5000  -15.000013154.1592   13.1662
    7.5000  -22.5000  -15.000012541.2490   13.1590
   -7.5000  -15.0000  -15.000013411.4883   13.1649
    0.0000  -15.0000  -15.000014032.3564   13.1701
    7.5000  -15.0000  -15.000013391.6348   13.1642
   -7.5000   -7.5000  -15.000014274.2549   13.1830
    0.0000   -7.5000  -15.000014923.0605   13.1892
    7.5000   -7.5000  -15.000014206.2588   13.1847
   -7.5000    0.0000  -15.000015037.8994   13.1977
    0.0000    0.0000  -15.000015743.5400   13.2052
    7.5000    0.0000  -15.000014934.0430   13.2002
   -7.5000    7.5000  -15.000014607.4756   13.1928
    0.0000    7.5000  -15.000015303.2227   13.2007
    7.5000    7.5000  -15.000014529.4238   13.1945
   -7.5000   15.0000  -15.000014137.1797   13.1739
    0.0000   15.0000  -15.000014808.3770   13.1810
    7.5000   15.0000  -15.000014090.1025   13.1738
   -7.5000   22.5000  -15.000013413.2490   13.1562
    0.0000   22.5000  -15.000014035.0146   13.1616
    7.5000   22.5000  -15.000013350.8926   13.1544
   -7.5000   30.0000  -15.000012567.2080   12.9946
    0.0000   30.0000  -15.000013126.3906   12.9996
    7.5000   30.0000  -15.000012516.6084   12.9938
   -7.5000   37.5000  -15.000011882.1201   13.0124
    0.0000   37.5000  -15.000012389.8574   13.0185
    7.5000   37.5000  -15.000011850.2461   13.0141
   -7.5000   45.0000  -15.000010807.0039   12.7177
    0.0000   45.0000  -15.000011270.7832   12.7249
    7.5000   45.0000  -15.000010785.2412   12.7202
   -7.5000  -45.0000   -7.500010407.1631   13.4283
    0.0000  -45.0000   -7.500010869.7217   13.4362
    7.5000  -45.0000   -7.500010365.2510   13.4363
   -7.5000  -37.5000   -7.500011192.6895   13.3361
    0.0000  -37.5000   -7.500011682.8135   13.3435
    7.5000  -37.5000   -7.500011136.3975   13.3397
   -7.5000  -30.0000   -7.500012371.2715   13.3182
    0.0000  -30.0000   -7.500012932.0332   13.3246
    7.5000  -30.0000   -7.500012322.3057   13.3181
   -7.5000  -22.5000   -7.500013431.8018   13.3086
    0.0000  -22.5000   -7.500014058.2217   13.3144
    7.5000  -22.5000   -7.500013415.2998   13.3091
   -7.5000  -15.0000   -7.500014350.5850   13.3077
    0.0000  -15.0000   -7.500015021.1914   13.3143
    7.5000  -15.0000   -7.500014347.2568   13.3128
   -7.5000   -7.5000   -7.500015278.2266   13.3166
    0.0000   -7.5000   -7.500015978.4160   13.3242
    7.5000   -7.5000   -7.500015231.7441   13.3255
   -7.5000    0.0000   -7.500016097.4883   13.3272
    0.0000    0.0000   -7.500016873.5859   13.3349
    7.5000    0.0000   -7.500015986.5098   13.3352
   -7.5000    7.5000   -7.500015650.9697   13.3279
    0.0000    7.5000   -7.500016429.0176   13.3352
    7.5000    7.5000   -7.500015571.3379   13.3315
   -7.5000   15.0000   -7.500015142.7920   13.3182
    0.0000   15.0000   -7.500015893.7910   13.3246
    7.5000   15.0000   -7.500015094.7207   13.3181
   -7.5000   22.5000   -7.500014309.6582   13.3024
    0.0000   22.5000   -7.500014996.5918   13.3082
    7.5000   22.5000   -7.500014248.8525   13.3029
   -7.5000   30.0000   -7.500013388.4902   13.1351
    0.0000   30.0000   -7.500013978.1670   13.1417
    7.5000   30.0000   -7.500013330.6357   13.1401
   -7.5000   37.5000   -7.500012654.2266   13.1439
    0.0000   37.5000   -7.500013200.5674   13.1514
    7.5000   37.5000   -7.500012599.3721   13.1527
   -7.5000   45.0000   -7.500011524.6934   12.8449
    0.0000   45.0000   -7.500012025.7549   12.8524
    7.5000   45.0000   -7.500011481.1211   12.8526
   -7.5000  -45.0000    0.000011093.3994   13.4298
    0.0000  -45.0000    0.000011579.9688   13.4353
    7.5000  -45.0000    0.000011034.7061   13.4368
   -7.5000  -37.5000    0.000011915.4443   13.3420
    0.0000  -37.5000    0.000012430.3652   13.3453
    7.5000  -37.5000    0.000011863.6299   13.3406
   -7.5000  -30.0000    0.000013119.3838   13.3326
    0.0000  -30.0000    0.000013695.2920   13.3344
    7.5000  -30.0000    0.000013083.8418   13.3252
   -7.5000  -22.5000    0.000014210.9053   13.3272
    0.0000  -22.5000    0.000014845.1328   13.3297
    7.5000  -22.5000    0.000014208.8779   13.3225
   -7.5000  -15.0000    0.000015217.5225   13.3230
    0.0000  -15.0000    0.000015894.3340   13.3277
    7.5000  -15.0000    0.000015216.0391   13.3266
   -7.5000   -7.5000    0.000016255.1055   13.3237
    0.0000   -7.5000    0.000016959.6191   13.3298
    7.5000   -7.5000    0.000016192.4365   13.3329
   -7.5000    0.0000    0.000017192.6953   13.3290
    0.0000    0.0000    0.000018032.5684   13.3344
    7.5000    0.0000    0.000017064.6582   13.3360
   -7.5000    7.5000    0.000016664.0352   13.3337
    0.0000    7.5000    0.000017494.1738   13.3370
    7.5000    7.5000    0.000016587.7988   13.3324
   -7.5000   15.0000    0.000016071.1758   13.3326
    0.0000   15.0000    0.000016862.2031   13.3344
    7.5000   15.0000    0.000016030.3203   13.3252
   -7.5000   22.5000    0.000015139.6445   13.3210
    0.0000   22.5000    0.000015855.9639   13.3235
    7.5000   22.5000    0.000015062.5215   13.3163
   -7.5000   30.0000    0.000014155.6279   13.1506
    0.0000   30.0000    0.000014788.7295   13.1552
    7.5000   30.0000    0.000014037.3125   13.1541
   -7.5000   37.5000    0.000013415.8018   13.1513
    0.0000   37.5000    0.000013998.0029   13.1572
    7.5000   37.5000    0.000013311.1230   13.1604
   -7.5000   45.0000    0.000012245.6826   12.8476
    0.0000   45.0000    0.000012792.2256   12.8528
    7.5000   45.0000    0.000012160.6182   12.8544
   -7.5000  -45.0000    7.500010886.2021   13.4294
    0.0000  -45.0000    7.500011397.5596   13.4316
    7.5000  -45.0000    7.500010863.3447   13.4285
   -7.5000  -37.5000    7.500011682.3760   13.3392
    0.0000  -37.5000    7.500012220.0176   13.3384
    7.5000  -37.5000    7.500011671.9199   13.3293
   -7.5000  -30.0000    7.500012838.2744   13.3288
    0.0000  -30.0000    7.500013421.7090   13.3259
    7.5000  -30.0000    7.500012825.0059   13.3124
   -7.5000  -22.5000    7.500013862.5928   13.3244
    0.0000  -22.5000    7.500014449.8613   13.3223
    7.5000  -22.5000    7.500013869.7041   13.3111
   -7.5000  -15.0000    7.500014815.4590   13.3226
    0.0000  -15.0000    7.500015419.1475   13.3230
    7.5000  -15.0000    7.500014824.7637   13.3180
   -7.5000   -7.5000    7.500015955.4521   13.3246
    0.0000   -7.5000    7.500016672.0137   13.3272
    7.5000   -7.5000    7.500015887.3320   13.3261
   -7.5000    0.0000    7.500017063.0840   13.3286
    0.0000    0.0000    7.500017971.4805   13.3307
    7.5000    0.0000    7.500016895.5781   13.3278
   -7.5000    7.5000    7.500016582.4395   13.3309
    0.0000    7.5000    7.500017429.8086   13.3302
    7.5000    7.5000    7.500016465.3594   13.3211
   -7.5000   15.0000    7.500015879.9072   13.3288
    0.0000   15.0000    7.500016659.5430   13.3259
    7.5000   15.0000    7.500015822.2559   13.3124
   -7.5000   22.5000    7.500014833.0830   13.3182
    0.0000   22.5000    7.500015545.5596   13.3162
    7.5000   22.5000    7.500014733.5820   13.3049
   -7.5000   30.0000    7.500013798.0820   13.1502
    0.0000   30.0000    7.500014468.4990   13.1506
    7.5000   30.0000    7.500013677.5771   13.1456
   -7.5000   37.5000    7.500013111.9346   13.1522
    0.0000   37.5000    7.500013738.6650   13.1547
    7.5000   37.5000    7.500012978.3359   13.1536
   -7.5000   45.0000    7.500011989.9805   12.8472
    0.0000   45.0000    7.500012576.4512   12.8493
    7.5000   45.0000    7.500011891.8662   12.8465
   -7.5000  -45.0000   15.000010549.3945   13.4525
    0.0000  -45.0000   15.000011035.3457   13.4541
    7.5000  -45.0000   15.000010556.0781   13.4459
   -7.5000  -37.5000   15.000011301.0859   13.3561
    0.0000  -37.5000   15.000011802.1602   13.3558
    7.5000  -37.5000   15.000011315.1973   13.3439
   -7.5000  -30.0000   15.000012429.1143   13.3368
    0.0000  -30.0000   15.000012956.2402   13.3341
    7.5000  -30.0000   15.000012419.2021   13.3196
   -7.5000  -22.5000   15.000013456.9805   13.3290
    0.0000  -22.5000   15.000013960.5156   13.3257
    7.5000  -22.5000   15.000013434.5117   13.3127
   -7.5000  -15.0000   15.000014417.1758   13.3321
    0.0000  -15.0000   15.000014971.4355   13.3302
    7.5000  -15.0000   15.000014406.0615   13.3213
   -7.5000   -7.5000   15.000015550.6328   13.3432
    0.0000   -7.5000   15.000016344.1416   13.3439
    7.5000   -7.5000   15.000015475.9980   13.3373
   -7.5000    0.0000   15.000016631.5508   13.3512
    0.0000    0.0000   15.000017716.5820   13.3528
    7.5000    0.0000   15.000016439.5391   13.3448
   -7.5000    7.5000   15.000016205.5039   13.3480
    0.0000    7.5000   15.000017304.5371   13.3476
    7.5000    7.5000   15.000016060.8115   13.3358
   -7.5000   15.0000   15.000015519.4648   13.3368
    0.0000   15.0000   15.000016449.4688   13.3341
    7.5000   15.0000   15.000015443.7158   13.3196
   -7.5000   22.5000   15.000014389.6543   13.3229
    0.0000   22.5000   15.000015134.3711   13.3195
    7.5000   22.5000   15.000014317.2607   13.3066
   -7.5000   30.0000   15.000013313.9707   13.1596
    0.0000   30.0000   15.000013957.4834   13.1577
    7.5000   30.0000   15.000013237.0273   13.1489
   -7.5000   37.5000   15.000012668.1836   13.1705
    0.0000   37.5000   15.000013262.8066   13.1712
    7.5000   37.5000   15.000012585.2598   13.1647
   -7.5000   45.0000   15.000011609.9268   12.8691
    0.0000   45.0000   15.000012156.9277   12.8706
    7.5000   45.0000   15.000011545.5391   12.8629
   -7.5000  -45.0000   22.500010090.8477   13.4781
    0.0000  -45.0000   22.500010552.6006   13.4828
    7.5000  -45.0000   22.500010103.9658   13.4740
   -7.5000  -37.5000   22.500010804.1191   13.3779
    0.0000  -37.5000   22.500011304.0889   13.3824
    7.5000  -37.5000   22.500010805.3447   13.3723
   -7.5000  -30.0000   22.500011879.2119   13.3503
    0.0000  -30.0000   22.500012413.0010   13.3531
    7.5000  -30.0000   22.500011876.2324   13.3420
   -7.5000  -22.5000   22.500012874.6279   13.3379
    0.0000  -22.5000   22.500013422.4814   13.3387
    7.5000  -22.5000   22.500012871.1865   13.3279
   -7.5000  -15.0000   22.500013864.5176   13.3437
    0.0000  -15.0000   22.500014499.4756   13.3445
    7.5000  -15.0000   22.500013858.9863   13.3352
   -7.5000   -7.5000   22.500014917.3203   13.3627
    0.0000   -7.5000   22.500015696.9053   13.3656
    7.5000   -7.5000   22.500014861.0771   13.3574
   -7.5000    0.0000   22.500015768.3574   13.3764
    0.0000    0.0000   22.500016613.7988   13.3810
    7.5000    0.0000   22.500015671.4141   13.3724
   -7.5000    7.5000   22.500015340.1562   13.3697
    0.0000    7.5000   22.500016185.3779   13.3742
    7.5000    7.5000   22.500015300.7207   13.3642
   -7.5000   15.0000   22.500014801.3477   13.3503
    0.0000   15.0000   22.500015592.4766   13.3531
    7.5000   15.0000   22.500014795.3691   13.3420
   -7.5000   22.5000   22.500013771.7227   13.3317
    0.0000   22.5000   22.500014464.5273   13.3325
    7.5000   22.5000   22.500013751.6045   13.3217
   -7.5000   30.0000   22.500012721.0449   13.1710
    0.0000   30.0000   22.500013316.5850   13.1718
    7.5000   30.0000   22.500012679.9590   13.1626
   -7.5000   37.5000   22.500012123.7373   13.1898
    0.0000   37.5000   22.500012681.5918   13.1926
    7.5000   37.5000   22.500012067.6553   13.1845
   -7.5000   45.0000   22.500011110.1914   12.8933
    0.0000   45.0000   22.500011622.2852   12.8978
    7.5000   45.0000   22.500011044.5879   12.8894
   -7.5000  -45.0000   30.0000 9502.4609   13.4899
    0.0000  -45.0000   30.0000 9973.4980   13.4976
    7.5000  -45.0000   30.0000 9497.0215   13.4925
   -7.5000  -37.5000   30.000010190.8281   13.3911
    0.0000  -37.5000   30.000010666.5117   13.3993
    7.5000  -37.5000   30.000010174.3467   13.3930
   -7.5000  -30.0000   30.000011178.1611   13.3638
    0.0000  -30.0000   30.000011677.3730   13.3710
    7.5000  -30.0000   30.000011179.0342   13.3638
   -7.5000  -22.5000   30.000012136.0898   13.3505
    0.0000  -22.5000   30.000012660.1953   13.3560
    7.5000  -22.5000   30.000012150.9609   13.3488
   -7.5000  -15.0000   30.000013088.9453   13.3547
    0.0000  -15.0000   30.000013680.3262   13.3600
    7.5000  -15.0000   30.000013097.1855   13.3541
   -7.5000   -7.5000   30.000013987.1016   13.3731
    0.0000   -7.5000   30.000014641.1162   13.3795
    7.5000   -7.5000   30.000013970.5801   13.3749
   -7.5000    0.0000   30.000014719.2598   13.3880
    0.0000    0.0000   30.000015316.1943   13.3956
    7.5000    0.0000   30.000014688.1426   13.3907
   -7.5000    7.5000   30.000014361.2910   13.3829
    0.0000    7.5000   30.000014939.4688   13.3910
    7.5000    7.5000   30.000014362.9150   13.3848
   -7.5000   15.0000   30.000013912.2793   13.3638
    0.0000   15.0000   30.000014492.4980   13.3710
    7.5000   15.0000   30.000013932.5186   13.3638
   -7.5000   22.5000   30.000013005.1660   13.3444
    0.0000   22.5000   30.000013545.9756   13.3499
    7.5000   22.5000   30.000013008.7354   13.3427
   -7.5000   30.0000   30.000012034.5986   13.1819
    0.0000   30.0000   30.000012527.5986   13.1871
    7.5000   30.0000   30.000012005.1230   13.1813
   -7.5000   37.5000   30.000011474.3418   13.2000
    0.0000   37.5000   30.000011956.9121   13.2063
    7.5000   37.5000   30.000011431.2510   13.2018
   -7.5000   45.0000   30.000010514.6602   12.9045
    0.0000   45.0000   30.000010968.4453   12.9118
    7.5000   45.0000   30.000010451.7979   12.9071
   -7.5000  -45.0000   37.5000 9210.3096   13.5431
    0.0000  -45.0000   37.5000 9635.1592   13.5512
    7.5000  -45.0000   37.5000 9188.7441   13.5514
   -7.5000  -37.5000   37.5000 9852.2871   13.4497
    0.0000  -37.5000   37.500010307.5889   13.4572
    7.5000  -37.5000   37.5000 9845.0928   13.4534
   -7.5000  -30.0000   37.500010835.1768   13.4318
    0.0000  -30.0000   37.500011330.1221   13.4382
    7.5000  -30.0000   37.500010840.8350   13.4316
   -7.5000  -22.5000   37.500011795.7871   13.4220
    0.0000  -22.5000   37.500012333.8379   13.4278
    7.5000  -22.5000   37.500011810.4551   13.4224
   -7.5000  -15.0000   37.500012681.9287   13.4210
    0.0000  -15.0000   37.500013286.7441   13.4276
    7.5000  -15.0000   37.500012705.4453   13.4261
   -7.5000   -7.5000   37.500013509.4717   13.4298
    0.0000   -7.5000   37.500014129.8389   13.4375
    7.5000   -7.5000   37.500013514.8516   13.4389
   -7.5000    0.0000   37.500014189.9199   13.4405
    0.0000    0.0000   37.500014746.8115   13.4484
    7.5000    0.0000   37.500014183.2402   13.4487
   -7.5000    7.5000   37.500013872.8945   13.4414
    0.0000    7.5000   37.500014399.2217   13.4489
    7.5000    7.5000   37.500013865.0186   13.4451
   -7.5000   15.0000   37.500013479.9238   13.4318
    0.0000   15.0000   37.500013999.4775   13.4382
    7.5000   15.0000   37.500013484.7334   13.4316
   -7.5000   22.5000   37.500012604.2656   13.4158
    0.0000   22.5000   37.500013091.4004   13.4216
    7.5000   22.5000   37.500012606.6738   13.4162
   -7.5000   30.0000   37.500011656.2705   13.2473
    0.0000   30.0000   37.500012117.7217   13.2538
    7.5000   30.0000   37.500011644.1699   13.2523
   -7.5000   37.5000   37.500011117.9189   13.2560
    0.0000   37.5000   37.500011569.3828   13.2636
    7.5000   37.5000   37.500011100.4961   13.2650
   -7.5000   45.0000   37.500010176.3096   12.9551
    0.0000   45.0000   37.500010621.4854   12.9627
    7.5000   45.0000   37.500010139.4336   12.9630
   -7.5000  -45.0000   45.0000 8473.1729   13.6048
    0.0000  -45.0000   45.0000 8875.1914   13.6106
    7.5000  -45.0000   45.0000 8478.2754   13.6115
   -7.5000  -37.5000   45.0000 9085.1572   13.5154
    0.0000  -37.5000   45.0000 9529.1621   13.5186
    7.5000  -37.5000   45.0000 9098.5225   13.5130
   -7.5000  -30.0000   45.000010008.7988   13.5063
    0.0000  -30.0000   45.000010505.3936   13.5076
    7.5000  -30.0000   45.000010026.5547   13.4971
   -7.5000  -22.5000   45.000010908.5850   13.5000
    0.0000  -22.5000   45.000011436.7939   13.5017
    7.5000  -22.5000   45.000010924.6934   13.4933
   -7.5000  -15.0000   45.000011717.3232   13.4944
    0.0000  -15.0000   45.000012303.1514   13.4985
    7.5000  -15.0000   45.000011744.8545   13.4964
   -7.5000   -7.5000   45.000012445.4863   13.4946
    0.0000   -7.5000   45.000013012.3730   13.5006
    7.5000   -7.5000   45.000012454.6514   13.5031
   -7.5000    0.0000   45.000013060.1592   13.5007
    0.0000    0.0000   45.000013591.8154   13.5063
    7.5000    0.0000   45.000013051.0410   13.5073
   -7.5000    7.5000   45.000012773.9854   13.5068
    0.0000    7.5000   45.000013282.5137   13.5101
    7.5000    7.5000   45.000012768.9795   13.5045
   -7.5000   15.0000   45.000012440.4551   13.5063
    0.0000   15.0000   45.000012923.2539   13.5076
    7.5000   15.0000   45.000012421.8965   13.4971
   -7.5000   22.5000   45.000011646.8125   13.4937
    0.0000   22.5000   45.000012099.1201   13.4954
    7.5000   22.5000   45.000011630.7041   13.4870
   -7.5000   30.0000   45.000010774.8652   13.3186
    0.0000   30.0000   45.000011195.7930   13.3226
    7.5000   30.0000   45.000010753.0205   13.3206
   -7.5000   37.5000   45.000010292.5498   13.3188
    0.0000   37.5000   45.000010687.5557   13.3247
    7.5000   37.5000   45.000010248.1104   13.3272
   -7.5000   45.0000   45.0000 9402.7920   13.0190
    0.0000   45.0000   45.0000 9795.1240   13.0245
    7.5000   45.0000   45.0000 9343.9854   13.0254

---------------------------------------------------------------------
imgreg_4dfp /opt/freesurfer/average/711-2C_as_mni_average_305 /opt/freesurfer/average/711-2B_as_mni_average_305_mask talsrcimg_g11 none talsrcimg_to_711-2C_as_mni_average_305_t4 4355
---------------------------------------------------------------------

freesurfer imgreg_4dfp.c
/opt/freesurfer/average/711-2C_as_mni_average_305.4dfp.img
       256       256       256         1
  1.000000  1.000000  1.000000
orientation T byte_order littleendian
Reading image: /opt/freesurfer/average/711-2C_as_mni_average_305.4dfp.img
dimensions:      256       256       256
mmppix:       1.0000   -1.0000   -1.0000
center:     128.0000 -129.0000 -129.0000
/opt/freesurfer/average/711-2B_as_mni_average_305_mask.4dfp.img
       256       256       256         1
  1.000000  1.000000  1.000000
orientation T byte_order littleendian
Reading mask: /opt/freesurfer/average/711-2B_as_mni_average_305_mask.4dfp.img (2306576 pixels)
talsrcimg_g11.4dfp.img
       256       256       256         1
  1.000000  1.000000  1.000000
orientation T byte_order littleendian
Reading image: talsrcimg_g11.4dfp.img
dimensions:      256       256       256
mmppix:       1.0000   -1.0000   -1.0000
center:     128.0000 -129.0000 -129.0000
rotation matrix determinant  1.000000
image alignment mode   4355 decimal     1103 hex
   -7.5000  -45.0000  -45.0000 1932.1490   15.7610
    0.0000  -45.0000  -45.0000 1941.3596   15.7296
    7.5000  -45.0000  -45.0000 1924.8131   15.8859
   -7.5000  -37.5000  -45.0000 2031.3031   14.2328
    0.0000  -37.5000  -45.0000 2038.9093   14.2248
    7.5000  -37.5000  -45.0000 2022.7144   14.3432
   -7.5000  -30.0000  -45.0000 2125.3870   13.1130
    0.0000  -30.0000  -45.0000 2132.7068   13.1138
    7.5000  -30.0000  -45.0000 2118.1418   13.2079
   -7.5000  -22.5000  -45.0000 2191.0952   12.2905
    0.0000  -22.5000  -45.0000 2196.4111   12.2870
    7.5000  -22.5000  -45.0000 2181.4385   12.4061
   -7.5000  -15.0000  -45.0000 2230.5530   11.7375
    0.0000  -15.0000  -45.0000 2239.9055   11.7276
    7.5000  -15.0000  -45.0000 2220.0583   11.8631
   -7.5000   -7.5000  -45.0000 2250.4231   11.4744
    0.0000   -7.5000  -45.0000 2260.5513   11.4385
    7.5000   -7.5000  -45.0000 2236.7312   11.5843
   -7.5000    0.0000  -45.0000 2250.9980   11.4046
    0.0000    0.0000  -45.0000 2264.7439   11.3573
    7.5000    0.0000  -45.0000 2240.3230   11.5075
   -7.5000    7.5000  -45.0000 2240.2214   11.5588
    0.0000    7.5000  -45.0000 2255.8435   11.5177
    7.5000    7.5000  -45.0000 2229.0261   11.6594
   -7.5000   15.0000  -45.0000 2215.0078   11.9811
    0.0000   15.0000  -45.0000 2228.4319   11.9477
    7.5000   15.0000  -45.0000 2200.7659   12.0922
   -7.5000   22.5000  -45.0000 2168.8250   12.6029
    0.0000   22.5000  -45.0000 2180.4792   12.5690
    7.5000   22.5000  -45.0000 2158.3118   12.7476
   -7.5000   30.0000  -45.0000 2109.2673   13.4585
    0.0000   30.0000  -45.0000 2119.9839   13.4024
    7.5000   30.0000  -45.0000 2095.7549   13.5834
   -7.5000   37.5000  -45.0000 2030.6902   14.6099
    0.0000   37.5000  -45.0000 2041.7906   14.5589
    7.5000   37.5000  -45.0000 2018.0996   14.7501
   -7.5000   45.0000  -45.0000 1933.0999   16.1402
    0.0000   45.0000  -45.0000 1947.1930   16.0637
    7.5000   45.0000  -45.0000 1920.8092   16.3638
   -7.5000  -45.0000  -37.5000 2007.4545   14.5365
    0.0000  -45.0000  -37.5000 2018.4126   14.5314
    7.5000  -45.0000  -37.5000 2003.5972   14.6500
   -7.5000  -37.5000  -37.5000 2123.9971   13.1493
    0.0000  -37.5000  -37.5000 2135.4866   13.1385
    7.5000  -37.5000  -37.5000 2119.4436   13.2060
   -7.5000  -30.0000  -37.5000 2229.6870   12.0656
    0.0000  -30.0000  -37.5000 2236.6550   12.0779
    7.5000  -30.0000  -37.5000 2219.3628   12.1596
   -7.5000  -22.5000  -37.5000 2298.1919   11.3136
    0.0000  -22.5000  -37.5000 2305.7124   11.3098
    7.5000  -22.5000  -37.5000 2290.7988   11.3848
   -7.5000  -15.0000  -37.5000 2336.1028   10.7993
    0.0000  -15.0000  -37.5000 2348.8379   10.7747
    7.5000  -15.0000  -37.5000 2326.9016   10.8821
   -7.5000   -7.5000  -37.5000 2352.6448   10.5451
    0.0000   -7.5000  -37.5000 2369.6790   10.5256
    7.5000   -7.5000  -37.5000 2340.1077   10.6565
   -7.5000    0.0000  -37.5000 2356.2224   10.4879
    0.0000    0.0000  -37.5000 2370.1394   10.4502
    7.5000    0.0000  -37.5000 2346.6545   10.5885
   -7.5000    7.5000  -37.5000 2346.1416   10.6186
    0.0000    7.5000  -37.5000 2362.7676   10.5726
    7.5000    7.5000  -37.5000 2336.1814   10.7079
   -7.5000   15.0000  -37.5000 2317.1711   10.9690
    0.0000   15.0000  -37.5000 2339.1079   10.9282
    7.5000   15.0000  -37.5000 2306.6130   11.0807
   -7.5000   22.5000  -37.5000 2273.9402   11.5349
    0.0000   22.5000  -37.5000 2291.7092   11.4949
    7.5000   22.5000  -37.5000 2262.4578   11.6698
   -7.5000   30.0000  -37.5000 2209.7490   12.3259
    0.0000   30.0000  -37.5000 2227.9609   12.2783
    7.5000   30.0000  -37.5000 2199.1086   12.4458
   -7.5000   37.5000  -37.5000 2125.5325   13.3595
    0.0000   37.5000  -37.5000 2140.3694   13.3112
    7.5000   37.5000  -37.5000 2116.4978   13.5016
   -7.5000   45.0000  -37.5000 2024.5045   14.7714
    0.0000   45.0000  -37.5000 2036.9418   14.7066
    7.5000   45.0000  -37.5000 2011.5050   14.9455
   -7.5000  -45.0000  -30.0000 2124.5833   13.9917
    0.0000  -45.0000  -30.0000 2135.9443   13.9811
    7.5000  -45.0000  -30.0000 2116.2058   14.0549
   -7.5000  -37.5000  -30.0000 2253.2561   12.6291
    0.0000  -37.5000  -30.0000 2264.5498   12.6029
    7.5000  -37.5000  -30.0000 2246.3943   12.6807
   -7.5000  -30.0000  -30.0000 2359.1289   11.5724
    0.0000  -30.0000  -30.0000 2372.0513   11.5713
    7.5000  -30.0000  -30.0000 2354.5010   11.6545
   -7.5000  -22.5000  -30.0000 2434.3164   10.8242
    0.0000  -22.5000  -30.0000 2448.1255   10.8063
    7.5000  -22.5000  -30.0000 2429.8252   10.8822
   -7.5000  -15.0000  -30.0000 2484.3904   10.3213
    0.0000  -15.0000  -30.0000 2497.3674   10.2792
    7.5000  -15.0000  -30.0000 2472.5388   10.3812
   -7.5000   -7.5000  -30.0000 2508.6509   10.0906
    0.0000   -7.5000  -30.0000 2528.4592   10.0439
    7.5000   -7.5000  -30.0000 2497.5623   10.1582
   -7.5000    0.0000  -30.0000 2512.8931   10.0609
    0.0000    0.0000  -30.0000 2528.1675    9.9962
    7.5000    0.0000  -30.0000 2503.0266   10.1203
   -7.5000    7.5000  -30.0000 2500.6880   10.1802
    0.0000    7.5000  -30.0000 2517.1228   10.1231
    7.5000    7.5000  -30.0000 2490.4319   10.2510
   -7.5000   15.0000  -30.0000 2467.9321   10.4965
    0.0000   15.0000  -30.0000 2488.6799   10.4163
    7.5000   15.0000  -30.0000 2456.7876   10.5835
   -7.5000   22.5000  -30.0000 2420.9985   10.9957
    0.0000   22.5000  -30.0000 2439.8625   10.9085
    7.5000   22.5000  -30.0000 2406.9634   11.0866
   -7.5000   30.0000  -30.0000 2348.8987   11.7266
    0.0000   30.0000  -30.0000 2366.4092   11.6644
    7.5000   30.0000  -30.0000 2336.6128   11.8344
   -7.5000   37.5000  -30.0000 2258.6631   12.7318
    0.0000   37.5000  -30.0000 2276.3469   12.6680
    7.5000   37.5000  -30.0000 2250.3965   12.8493
   -7.5000   45.0000  -30.0000 2149.1089   14.0595
    0.0000   45.0000  -30.0000 2166.1719   14.0090
    7.5000   45.0000  -30.0000 2136.9299   14.2318
   -7.5000  -45.0000  -22.5000 2218.3965   13.3987
    0.0000  -45.0000  -22.5000 2228.4241   13.3956
    7.5000  -45.0000  -22.5000 2210.8118   13.5034
   -7.5000  -37.5000  -22.5000 2347.1050   12.0662
    0.0000  -37.5000  -22.5000 2362.8892   12.0142
    7.5000  -37.5000  -22.5000 2338.5479   12.1480
   -7.5000  -30.0000  -22.5000 2460.3320   11.0275
    0.0000  -30.0000  -22.5000 2474.6863   10.9794
    7.5000  -30.0000  -22.5000 2454.3301   11.0977
   -7.5000  -22.5000  -22.5000 2540.2542   10.2856
    0.0000  -22.5000  -22.5000 2558.4404   10.2452
    7.5000  -22.5000  -22.5000 2536.7502   10.3480
   -7.5000  -15.0000  -22.5000 2592.9160    9.8114
    0.0000  -15.0000  -22.5000 2606.7209    9.7579
    7.5000  -15.0000  -22.5000 2587.1865    9.8618
   -7.5000   -7.5000  -22.5000 2631.9971    9.5771
    0.0000   -7.5000  -22.5000 2652.0696    9.5173
    7.5000   -7.5000  -22.5000 2621.4683    9.6276
   -7.5000    0.0000  -22.5000 2644.4509    9.5367
    0.0000    0.0000  -22.5000 2664.1560    9.4751
    7.5000    0.0000  -22.5000 2633.8867    9.5819
   -7.5000    7.5000  -22.5000 2631.4729    9.6514
    0.0000    7.5000  -22.5000 2652.1357    9.5809
    7.5000    7.5000  -22.5000 2620.6882    9.7141
   -7.5000   15.0000  -22.5000 2597.4563    9.9480
    0.0000   15.0000  -22.5000 2621.3994    9.8632
    7.5000   15.0000  -22.5000 2584.7888   10.0136
   -7.5000   22.5000  -22.5000 2544.0193   10.4235
    0.0000   22.5000  -22.5000 2569.7458   10.3324
    7.5000   22.5000  -22.5000 2530.9460   10.4919
   -7.5000   30.0000  -22.5000 2465.5000   11.1160
    0.0000   30.0000  -22.5000 2487.6343   11.0240
    7.5000   30.0000  -22.5000 2456.4788   11.1936
   -7.5000   37.5000  -22.5000 2365.8357   12.0669
    0.0000   37.5000  -22.5000 2386.4031   11.9758
    7.5000   37.5000  -22.5000 2358.1455   12.1583
   -7.5000   45.0000  -22.5000 2251.3342   13.3372
    0.0000   45.0000  -22.5000 2265.5908   13.2731
    7.5000   45.0000  -22.5000 2240.5671   13.4637
   -7.5000  -45.0000  -15.0000 2279.5635   12.8153
    0.0000  -45.0000  -15.0000 2292.8738   12.7758
    7.5000  -45.0000  -15.0000 2273.5991   12.9068
   -7.5000  -37.5000  -15.0000 2406.7551   11.4862
    0.0000  -37.5000  -15.0000 2423.5088   11.4585
    7.5000  -37.5000  -15.0000 2403.1650   11.5881
   -7.5000  -30.0000  -15.0000 2524.9258   10.4785
    0.0000  -30.0000  -15.0000 2539.6384   10.4284
    7.5000  -30.0000  -15.0000 2519.0559   10.5585
   -7.5000  -22.5000  -15.0000 2610.9104    9.7540
    0.0000  -22.5000  -15.0000 2634.6704    9.6996
    7.5000  -22.5000  -15.0000 2607.3193    9.8227
   -7.5000  -15.0000  -15.0000 2669.2878    9.2892
    0.0000  -15.0000  -15.0000 2690.9875    9.2285
    7.5000  -15.0000  -15.0000 2666.2354    9.3367
   -7.5000   -7.5000  -15.0000 2722.3340    9.0411
    0.0000   -7.5000  -15.0000 2744.2754    8.9842
    7.5000   -7.5000  -15.0000 2713.3647    9.0916
   -7.5000    0.0000  -15.0000 2749.2461    8.9762
    0.0000    0.0000  -15.0000 2774.2520    8.9167
    7.5000    0.0000  -15.0000 2734.7683    9.0306
   -7.5000    7.5000  -15.0000 2737.5630    9.0968
    0.0000    7.5000  -15.0000 2764.0835    9.0217
    7.5000    7.5000  -15.0000 2725.0862    9.1428
   -7.5000   15.0000  -15.0000 2704.3142    9.3784
    0.0000   15.0000  -15.0000 2733.8506    9.2981
    7.5000   15.0000  -15.0000 2691.3132    9.4420
   -7.5000   22.5000  -15.0000 2644.0659    9.8471
    0.0000   22.5000  -15.0000 2673.3137    9.7617
    7.5000   22.5000  -15.0000 2633.8679    9.9009
   -7.5000   30.0000  -15.0000 2555.9365   10.5102
    0.0000   30.0000  -15.0000 2580.4888   10.4160
    7.5000   30.0000  -15.0000 2550.6335   10.5620
   -7.5000   37.5000  -15.0000 2447.4800   11.4294
    0.0000   37.5000  -15.0000 2466.7856   11.3408
    7.5000   37.5000  -15.0000 2439.6567   11.4862
   -7.5000   45.0000  -15.0000 2321.3696   12.6708
    0.0000   45.0000  -15.0000 2338.8579   12.5733
    7.5000   45.0000  -15.0000 2314.5957   12.7488
   -7.5000  -45.0000   -7.5000 2313.6965   12.2610
    0.0000  -45.0000   -7.5000 2330.5696   12.1958
    7.5000  -45.0000   -7.5000 2309.6699   12.3416
   -7.5000  -37.5000   -7.5000 2446.9880   10.9567
    0.0000  -37.5000   -7.5000 2462.5144   10.8958
    7.5000  -37.5000   -7.5000 2439.6023   11.0415
   -7.5000  -30.0000   -7.5000 2569.1418    9.9715
    0.0000  -30.0000   -7.5000 2582.3623    9.9187
    7.5000  -30.0000   -7.5000 2560.8562   10.0431
   -7.5000  -22.5000   -7.5000 2664.3000    9.2572
    0.0000  -22.5000   -7.5000 2686.2212    9.2021
    7.5000  -22.5000   -7.5000 2659.9768    9.3198
   -7.5000  -15.0000   -7.5000 2736.8628    8.7907
    0.0000  -15.0000   -7.5000 2759.1335    8.7288
    7.5000  -15.0000   -7.5000 2734.7646    8.8421
   -7.5000   -7.5000   -7.5000 2793.9612    8.5461
    0.0000   -7.5000   -7.5000 2822.0269    8.4812
    7.5000   -7.5000   -7.5000 2788.5640    8.5976
   -7.5000    0.0000   -7.5000 2833.1118    8.4669
    0.0000    0.0000   -7.5000 2866.5969    8.3966
    7.5000    0.0000   -7.5000 2818.8086    8.5132
   -7.5000    7.5000   -7.5000 2831.3198    8.5692
    0.0000    7.5000   -7.5000 2864.0459    8.4879
    7.5000    7.5000   -7.5000 2814.8503    8.6068
   -7.5000   15.0000   -7.5000 2795.2522    8.8406
    0.0000   15.0000   -7.5000 2824.4807    8.7590
    7.5000   15.0000   -7.5000 2781.0107    8.8851
   -7.5000   22.5000   -7.5000 2722.5447    9.2979
    0.0000   22.5000   -7.5000 2754.1921    9.2088
    7.5000   22.5000   -7.5000 2714.7681    9.3363
   -7.5000   30.0000   -7.5000 2626.7920    9.9409
    0.0000   30.0000   -7.5000 2650.5283    9.8464
    7.5000   30.0000   -7.5000 2620.5869    9.9916
   -7.5000   37.5000   -7.5000 2509.3142   10.8275
    0.0000   37.5000   -7.5000 2530.4316   10.7438
    7.5000   37.5000   -7.5000 2497.7654   10.8860
   -7.5000   45.0000   -7.5000 2378.8799   12.0115
    0.0000   45.0000   -7.5000 2399.2090   11.9229
    7.5000   45.0000   -7.5000 2367.4207   12.0805
   -7.5000  -45.0000    0.0000 2336.0625   11.9192
    0.0000  -45.0000    0.0000 2352.0393   11.8206
    7.5000  -45.0000    0.0000 2328.0042   12.0024
   -7.5000  -37.5000    0.0000 2467.2185   10.6204
    0.0000  -37.5000    0.0000 2486.1541   10.5178
    7.5000  -37.5000    0.0000 2462.4402   10.6842
   -7.5000  -30.0000    0.0000 2590.3389    9.6284
    0.0000  -30.0000    0.0000 2607.0825    9.5395
    7.5000  -30.0000    0.0000 2585.7473    9.6766
   -7.5000  -22.5000    0.0000 2697.7063    8.9001
    0.0000  -22.5000    0.0000 2718.6182    8.8123
    7.5000  -22.5000    0.0000 2695.3064    8.9530
   -7.5000  -15.0000    0.0000 2787.7910    8.4300
    0.0000  -15.0000    0.0000 2811.3103    8.3377
    7.5000  -15.0000    0.0000 2788.5728    8.4607
   -7.5000   -7.5000    0.0000 2855.6584    8.1910
    0.0000   -7.5000    0.0000 2884.0249    8.1007
    7.5000   -7.5000    0.0000 2853.9055    8.2134
   -7.5000    0.0000    0.0000 2907.0554    8.1113
    0.0000    0.0000    0.0000 2950.7468    8.0170
    7.5000    0.0000    0.0000 2894.1221    8.1400
   -7.5000    7.5000    0.0000 2909.3062    8.1824
    0.0000    7.5000    0.0000 2949.5593    8.0810
    7.5000    7.5000    0.0000 2892.3679    8.2244
   -7.5000   15.0000    0.0000 2860.5872    8.4304
    0.0000   15.0000    0.0000 2891.8340    8.3304
    7.5000   15.0000    0.0000 2846.7986    8.4717
   -7.5000   22.5000    0.0000 2778.7273    8.8698
    0.0000   22.5000    0.0000 2809.8625    8.7642
    7.5000   22.5000    0.0000 2771.2732    8.9126
   -7.5000   30.0000    0.0000 2677.1846    9.5097
    0.0000   30.0000    0.0000 2703.5889    9.3968
    7.5000   30.0000    0.0000 2667.3076    9.5526
   -7.5000   37.5000    0.0000 2553.5645   10.3867
    0.0000   37.5000    0.0000 2577.3921   10.2668
    7.5000   37.5000    0.0000 2542.4832   10.4303
   -7.5000   45.0000    0.0000 2416.8833   11.5514
    0.0000   45.0000    0.0000 2437.8101   11.4325
    7.5000   45.0000    0.0000 2401.1946   11.6128
   -7.5000  -45.0000    7.5000 2342.4331   11.7726
    0.0000  -45.0000    7.5000 2363.2629   11.6557
    7.5000  -45.0000    7.5000 2341.6719   11.8165
   -7.5000  -37.5000    7.5000 2472.0369   10.4454
    0.0000  -37.5000    7.5000 2492.1753   10.3338
    7.5000  -37.5000    7.5000 2473.2205   10.4982
   -7.5000  -30.0000    7.5000 2594.4280    9.4382
    0.0000  -30.0000    7.5000 2614.8188    9.3275
    7.5000  -30.0000    7.5000 2596.4456    9.4673
   -7.5000  -22.5000    7.5000 2713.1836    8.6760
    0.0000  -22.5000    7.5000 2734.5115    8.5706
    7.5000  -22.5000    7.5000 2713.0344    8.7062
   -7.5000  -15.0000    7.5000 2814.9446    8.1869
    0.0000  -15.0000    7.5000 2839.3445    8.0800
    7.5000  -15.0000    7.5000 2815.7661    8.2110
   -7.5000   -7.5000    7.5000 2898.3938    7.9706
    0.0000   -7.5000    7.5000 2935.4436    7.8566
    7.5000   -7.5000    7.5000 2897.9685    7.9697
   -7.5000    0.0000    7.5000 2959.6509    7.9457
    0.0000    0.0000    7.5000 3016.7737    7.8488
    7.5000    0.0000    7.5000 2953.4744    7.9302
   -7.5000    7.5000    7.5000 2961.8057    8.0096
    0.0000    7.5000    7.5000 3014.3027    7.9288
    7.5000    7.5000    7.5000 2946.5769    8.0126
   -7.5000   15.0000    7.5000 2905.5891    8.1703
    0.0000   15.0000    7.5000 2942.8401    8.0875
    7.5000   15.0000    7.5000 2892.5410    8.2086
   -7.5000   22.5000    7.5000 2817.3069    8.5448
    0.0000   22.5000    7.5000 2848.3328    8.4635
    7.5000   22.5000    7.5000 2809.4138    8.5855
   -7.5000   30.0000    7.5000 2703.6748    9.1934
    0.0000   30.0000    7.5000 2734.1953    9.0945
    7.5000   30.0000    7.5000 2700.7588    9.2282
   -7.5000   37.5000    7.5000 2576.0337   10.1032
    0.0000   37.5000    7.5000 2597.6624   10.0058
    7.5000   37.5000    7.5000 2568.4165   10.1456
   -7.5000   45.0000    7.5000 2432.5376   11.2715
    0.0000   45.0000    7.5000 2453.3589   11.1842
    7.5000   45.0000    7.5000 2423.5525   11.3268
   -7.5000  -45.0000   15.0000 2342.4004   11.7506
    0.0000  -45.0000   15.0000 2367.8721   11.5920
    7.5000  -45.0000   15.0000 2347.5671   11.7742
   -7.5000  -37.5000   15.0000 2470.7195   10.4034
    0.0000  -37.5000   15.0000 2493.5203   10.2386
    7.5000  -37.5000   15.0000 2474.5593   10.4378
   -7.5000  -30.0000   15.0000 2593.5625    9.3826
    0.0000  -30.0000   15.0000 2614.9712    9.2359
    7.5000  -30.0000   15.0000 2593.7288    9.4149
   -7.5000  -22.5000   15.0000 2716.1414    8.6400
    0.0000  -22.5000   15.0000 2736.8972    8.5058
    7.5000  -22.5000   15.0000 2714.7737    8.6586
   -7.5000  -15.0000   15.0000 2821.6509    8.1465
    0.0000  -15.0000   15.0000 2846.0938    8.0351
    7.5000  -15.0000   15.0000 2820.1365    8.1692
   -7.5000   -7.5000   15.0000 2913.6140    7.9293
    0.0000   -7.5000   15.0000 2954.7710    7.8409
    7.5000   -7.5000   15.0000 2911.1243    7.9327
   -7.5000    0.0000   15.0000 2981.2058    7.8958
    0.0000    0.0000   15.0000 3040.6367    7.8548
    7.5000    0.0000   15.0000 2971.9475    7.8843
   -7.5000    7.5000   15.0000 2976.3892    7.9627
    0.0000    7.5000   15.0000 3040.8364    7.9524
    7.5000    7.5000   15.0000 2964.6819    7.9591
   -7.5000   15.0000   15.0000 2914.3481    8.1018
    0.0000   15.0000   15.0000 2954.4565    8.0815
    7.5000   15.0000   15.0000 2903.6914    8.1313
   -7.5000   22.5000   15.0000 2827.7139    8.4403
    0.0000   22.5000   15.0000 2858.4951    8.3713
    7.5000   22.5000   15.0000 2816.8372    8.4887
   -7.5000   30.0000   15.0000 2708.5642    9.0728
    0.0000   30.0000   15.0000 2736.1467    8.9859
    7.5000   30.0000   15.0000 2704.1118    9.1170
   -7.5000   37.5000   15.0000 2575.6699    9.9882
    0.0000   37.5000   15.0000 2598.0469    9.8739
    7.5000   37.5000   15.0000 2572.7703   10.0232
   -7.5000   45.0000   15.0000 2429.6765   11.1414
    0.0000   45.0000   15.0000 2448.3535   11.0248
    7.5000   45.0000   15.0000 2425.1494   11.1848
   -7.5000  -45.0000   22.5000 2336.2954   11.8286
    0.0000  -45.0000   22.5000 2361.8601   11.6425
    7.5000  -45.0000   22.5000 2342.8726   11.8653
   -7.5000  -37.5000   22.5000 2461.3079   10.5070
    0.0000  -37.5000   22.5000 2487.8564   10.3358
    7.5000  -37.5000   22.5000 2466.2288   10.5208
   -7.5000  -30.0000   22.5000 2583.7651    9.5022
    0.0000  -30.0000   22.5000 2607.3899    9.3647
    7.5000  -30.0000   22.5000 2585.7893    9.5221
   -7.5000  -22.5000   22.5000 2705.4055    8.7566
    0.0000  -22.5000   22.5000 2728.1250    8.6324
    7.5000  -22.5000   22.5000 2703.3467    8.7868
   -7.5000  -15.0000   22.5000 2813.8625    8.2669
    0.0000  -15.0000   22.5000 2842.5229    8.1601
    7.5000  -15.0000   22.5000 2811.0984    8.2917
   -7.5000   -7.5000   22.5000 2905.4253    8.0213
    0.0000   -7.5000   22.5000 2948.0386    7.9436
    7.5000   -7.5000   22.5000 2903.4968    8.0421
   -7.5000    0.0000   22.5000 2958.5190    7.9516
    0.0000    0.0000   22.5000 3009.4543    7.8857
    7.5000    0.0000   22.5000 2954.3369    7.9470
   -7.5000    7.5000   22.5000 2952.2271    8.0001
    0.0000    7.5000   22.5000 3010.9141    7.9256
    7.5000    7.5000   22.5000 2945.8762    8.0211
   -7.5000   15.0000   22.5000 2893.2866    8.2054
    0.0000   15.0000   22.5000 2937.0159    8.1093
    7.5000   15.0000   22.5000 2886.8037    8.2304
   -7.5000   22.5000   22.5000 2804.3430    8.5772
    0.0000   22.5000   22.5000 2838.8093    8.4824
    7.5000   22.5000   22.5000 2799.5256    8.5947
   -7.5000   30.0000   22.5000 2686.2119    9.1878
    0.0000   30.0000   22.5000 2710.3579    9.0944
    7.5000   30.0000   22.5000 2682.8386    9.2247
   -7.5000   37.5000   22.5000 2556.2205   10.0506
    0.0000   37.5000   22.5000 2575.2214    9.9497
    7.5000   37.5000   22.5000 2554.4839   10.0875
   -7.5000   45.0000   22.5000 2409.5005   11.1742
    0.0000   45.0000   22.5000 2429.4385   11.0571
    7.5000   45.0000   22.5000 2406.4009   11.2160
   -7.5000  -45.0000   30.0000 2315.9084   12.0603
    0.0000  -45.0000   30.0000 2339.4280   11.8970
    7.5000  -45.0000   30.0000 2315.2095   12.0871
   -7.5000  -37.5000   30.0000 2445.6345   10.7600
    0.0000  -37.5000   30.0000 2473.2063   10.5821
    7.5000  -37.5000   30.0000 2446.0303   10.7568
   -7.5000  -30.0000   30.0000 2561.6680    9.7584
    0.0000  -30.0000   30.0000 2593.9268    9.5894
    7.5000  -30.0000   30.0000 2566.7039    9.7706
   -7.5000  -22.5000   30.0000 2680.5559    9.0259
    0.0000  -22.5000   30.0000 2711.7407    8.8670
    7.5000  -22.5000   30.0000 2684.6843    9.0437
   -7.5000  -15.0000   30.0000 2788.2681    8.5316
    0.0000  -15.0000   30.0000 2819.7178    8.4032
    7.5000  -15.0000   30.0000 2788.4280    8.5708
   -7.5000   -7.5000   30.0000 2867.7019    8.2542
    0.0000   -7.5000   30.0000 2905.0862    8.1499
    7.5000   -7.5000   30.0000 2865.0867    8.2840
   -7.5000    0.0000   30.0000 2908.6638    8.1328
    0.0000    0.0000   30.0000 2940.3806    8.0400
    7.5000    0.0000   30.0000 2899.2158    8.1623
   -7.5000    7.5000   30.0000 2901.1431    8.2143
    0.0000    7.5000   30.0000 2939.1929    8.0723
    7.5000    7.5000   30.0000 2892.2300    8.2463
   -7.5000   15.0000   30.0000 2841.7737    8.4780
    0.0000   15.0000   30.0000 2875.0481    8.3502
    7.5000   15.0000   30.0000 2834.5742    8.4954
   -7.5000   22.5000   30.0000 2755.3315    8.8916
    0.0000   22.5000   30.0000 2786.0410    8.7555
    7.5000   22.5000   30.0000 2748.9714    8.9004
   -7.5000   30.0000   30.0000 2642.3877    9.4814
    0.0000   30.0000   30.0000 2667.3889    9.3586
    7.5000   30.0000   30.0000 2637.5281    9.5113
   -7.5000   37.5000   30.0000 2516.9077   10.3087
    0.0000   37.5000   30.0000 2538.1482   10.1903
    7.5000   37.5000   30.0000 2516.2927   10.3208
   -7.5000   45.0000   30.0000 2376.7383   11.3994
    0.0000   45.0000   30.0000 2395.3547   11.2744
    7.5000   45.0000   30.0000 2372.0232   11.4155
   -7.5000  -45.0000   37.5000 2282.0981   12.4499
    0.0000  -45.0000   37.5000 2299.6399   12.2749
    7.5000  -45.0000   37.5000 2276.1594   12.4540
   -7.5000  -37.5000   37.5000 2415.4690   11.1162
    0.0000  -37.5000   37.5000 2441.5315   10.9358
    7.5000  -37.5000   37.5000 2414.5496   11.1106
   -7.5000  -30.0000   37.5000 2535.4512   10.1369
    0.0000  -30.0000   37.5000 2566.6294    9.9563
    7.5000  -30.0000   37.5000 2539.3567   10.1249
   -7.5000  -22.5000   37.5000 2651.8220    9.4036
    0.0000  -22.5000   37.5000 2687.5422    9.2546
    7.5000  -22.5000   37.5000 2656.1384    9.4228
   -7.5000  -15.0000   37.5000 2747.8110    8.9146
    0.0000  -15.0000   37.5000 2781.9597    8.7779
    7.5000  -15.0000   37.5000 2748.6116    8.9481
   -7.5000   -7.5000   37.5000 2812.2505    8.6209
    0.0000   -7.5000   37.5000 2847.8762    8.4947
    7.5000   -7.5000   37.5000 2811.3967    8.6411
   -7.5000    0.0000   37.5000 2841.6274    8.4716
    0.0000    0.0000   37.5000 2871.8879    8.3217
    7.5000    0.0000   37.5000 2832.2419    8.5078
   -7.5000    7.5000   37.5000 2831.6851    8.5496
    0.0000    7.5000   37.5000 2858.7048    8.4088
    7.5000    7.5000   37.5000 2820.6958    8.5788
   -7.5000   15.0000   37.5000 2768.9517    8.8487
    0.0000   15.0000   37.5000 2797.8577    8.7240
    7.5000   15.0000   37.5000 2763.4011    8.8673
   -7.5000   22.5000   37.5000 2686.5815    9.2874
    0.0000   22.5000   37.5000 2707.0969    9.1439
    7.5000   22.5000   37.5000 2676.8640    9.2941
   -7.5000   30.0000   37.5000 2582.1404    9.8653
    0.0000   30.0000   37.5000 2603.6978    9.7321
    7.5000   30.0000   37.5000 2577.4861    9.8969
   -7.5000   37.5000   37.5000 2464.1777   10.6760
    0.0000   37.5000   37.5000 2483.5532   10.5562
    7.5000   37.5000   37.5000 2462.4941   10.7140
   -7.5000   45.0000   37.5000 2332.3013   11.7431
    0.0000   45.0000   37.5000 2349.9150   11.6229
    7.5000   45.0000   37.5000 2325.5576   11.7733
   -7.5000  -45.0000   45.0000 2236.8396   12.9816
    0.0000  -45.0000   45.0000 2256.0149   12.8072
    7.5000  -45.0000   45.0000 2234.3601   12.9757
   -7.5000  -37.5000   45.0000 2374.5193   11.6286
    0.0000  -37.5000   45.0000 2403.6943   11.4411
    7.5000  -37.5000   45.0000 2376.5232   11.6114
   -7.5000  -30.0000   45.0000 2494.5840   10.6383
    0.0000  -30.0000   45.0000 2529.1084   10.4710
    7.5000  -30.0000   45.0000 2499.6169   10.6305
   -7.5000  -22.5000   45.0000 2606.5454    9.9305
    0.0000  -22.5000   45.0000 2642.0259    9.7788
    7.5000  -22.5000   45.0000 2607.0039    9.9357
   -7.5000  -15.0000   45.0000 2686.8635    9.4181
    0.0000  -15.0000   45.0000 2726.3513    9.2824
    7.5000  -15.0000   45.0000 2688.3569    9.4394
   -7.5000   -7.5000   45.0000 2743.6284    9.0922
    0.0000   -7.5000   45.0000 2778.5977    8.9576
    7.5000   -7.5000   45.0000 2742.1565    9.1184
   -7.5000    0.0000   45.0000 2760.8098    8.9457
    0.0000    0.0000   45.0000 2792.3918    8.7870
    7.5000    0.0000   45.0000 2752.5852    8.9637
   -7.5000    7.5000   45.0000 2750.7224    9.0032
    0.0000    7.5000   45.0000 2774.7073    8.8695
    7.5000    7.5000   45.0000 2738.7539    9.0279
   -7.5000   15.0000   45.0000 2685.2354    9.3184
    0.0000   15.0000   45.0000 2709.6675    9.1860
    7.5000   15.0000   45.0000 2678.5049    9.3286
   -7.5000   22.5000   45.0000 2605.0303    9.7816
    0.0000   22.5000   45.0000 2623.4241    9.6375
    7.5000   22.5000   45.0000 2599.3313    9.7739
   -7.5000   30.0000   45.0000 2510.0867   10.3558
    0.0000   30.0000   45.0000 2528.2024   10.2159
    7.5000   30.0000   45.0000 2504.0969   10.3645
   -7.5000   37.5000   45.0000 2400.3401   11.1588
    0.0000   37.5000   45.0000 2414.1306   11.0406
    7.5000   37.5000   45.0000 2392.1943   11.1753
   -7.5000   45.0000   45.0000 2268.4968   12.2090
    0.0000   45.0000   45.0000 2286.7910   12.0785
    7.5000   45.0000   45.0000 2261.1433   12.2432

---------------------------------------------------------------------
imgreg_4dfp /opt/freesurfer/average/711-2C_as_mni_average_305 /opt/freesurfer/average/711-2B_as_mni_average_305_mask talsrcimg_g11 none talsrcimg_to_711-2C_as_mni_average_305_t4 1283
---------------------------------------------------------------------

freesurfer imgreg_4dfp.c
/opt/freesurfer/average/711-2C_as_mni_average_305.4dfp.img
       256       256       256         1
  1.000000  1.000000  1.000000
orientation T byte_order littleendian
Reading image: /opt/freesurfer/average/711-2C_as_mni_average_305.4dfp.img
dimensions:      256       256       256
mmppix:       1.0000   -1.0000   -1.0000
center:     128.0000 -129.0000 -129.0000
/opt/freesurfer/average/711-2B_as_mni_average_305_mask.4dfp.img
       256       256       256         1
  1.000000  1.000000  1.000000
orientation T byte_order littleendian
Reading mask: /opt/freesurfer/average/711-2B_as_mni_average_305_mask.4dfp.img (2306576 pixels)
talsrcimg_g11.4dfp.img
       256       256       256         1
  1.000000  1.000000  1.000000
orientation T byte_order littleendian
Reading image: talsrcimg_g11.4dfp.img
dimensions:      256       256       256
mmppix:       1.0000   -1.0000   -1.0000
center:     128.0000 -129.0000 -129.0000
rotation matrix determinant  1.000000
fimgreg.f
image alignment mode   1283 decimal      503 hex
parameters
    0.0000    7.5000   15.0000    0.0000    0.0000    0.0000
eta,q 0.95377  7.94592
niter,ni,del,rscale     5    3   12.0000    1.2000
parameter  2  0.865725 ->  0.500000 qaram    1.1500
parameters
   -0.6282    4.0500   15.3336   -2.6864   -1.0611    0.6689
eta,q 0.96160  7.83422
  0.0610  0.0418  0.0500  0.0417  0.0463  0.0475
  0.0530  0.0404  0.0451  0.0392  0.0419  0.0439
  0.0481  0.0423  0.0416  0.0392  0.0390  0.0406
  0.0477  0.0471  0.0406  0.0405  0.0390  0.0386
  0.0518  0.0528  0.0419  0.0434  0.0425  0.0388
  0.0581  0.0599  0.0444  0.0474  0.0471  0.0412
  0.0666  0.0676  0.0476  0.0513  0.0531  0.0448
niter,ni,del,rscale     5    3   12.0000    1.2000
parameters
   -0.2258    4.5748   14.9535   -2.5836   -1.5135    0.9403
eta,q 0.96168  7.83901
  0.0607  0.0574  0.0460  0.0480  0.0474  0.0456
  0.0503  0.0501  0.0418  0.0418  0.0428  0.0423
  0.0422  0.0416  0.0390  0.0385  0.0394  0.0394
  0.0384  0.0384  0.0384  0.0383  0.0384  0.0383
  0.0408  0.0405  0.0402  0.0395  0.0406  0.0391
  0.0474  0.0459  0.0437  0.0424  0.0448  0.0413
  0.0553  0.0529  0.0476  0.0463  0.0504  0.0445
niter,ni,del,rscale     4    3   12.0000    1.2000
parameters
   -0.0393    4.6310   14.9102   -2.5942   -1.7062    1.0540
eta,q 0.96161  7.83948
  0.0590  0.0554  0.0469  0.0475  0.0480  0.0451
  0.0491  0.0472  0.0425  0.0413  0.0432  0.0419
  0.0414  0.0400  0.0394  0.0384  0.0397  0.0392
  0.0383  0.0383  0.0384  0.0384  0.0384  0.0384
  0.0411  0.0415  0.0397  0.0397  0.0400  0.0392
  0.0478  0.0471  0.0429  0.0426  0.0441  0.0414
  0.0563  0.0541  0.0469  0.0464  0.0492  0.0447
niter,ni,del,rscale     3    3   12.0000    1.2000
parameters
    0.0470    4.6611   14.8803   -2.6029   -1.7933    1.1055
eta,q 0.96158  7.83906
  0.0583  0.0553  0.0469  0.0475  0.0482  0.0450
  0.0486  0.0470  0.0425  0.0413  0.0434  0.0417
  0.0411  0.0399  0.0395  0.0384  0.0399  0.0392
  0.0384  0.0384  0.0384  0.0384  0.0384  0.0384
  0.0413  0.0415  0.0397  0.0397  0.0399  0.0393
  0.0481  0.0471  0.0429  0.0425  0.0438  0.0415
  0.0569  0.0542  0.0469  0.0463  0.0488  0.0447
niter,ni,del,rscale     2    3   12.0000    1.2000
parameters
    0.0868    4.6775   14.8626   -2.6093   -1.8345    1.1303
eta,q 0.96157  7.83871
  0.0580  0.0552  0.0470  0.0475  0.0483  0.0449
  0.0484  0.0469  0.0426  0.0413  0.0434  0.0416
  0.0410  0.0398  0.0395  0.0384  0.0399  0.0392
  0.0384  0.0384  0.0384  0.0384  0.0384  0.0384
  0.0414  0.0416  0.0397  0.0397  0.0398  0.0393
  0.0483  0.0472  0.0429  0.0425  0.0437  0.0415
  0.0572  0.0542  0.0469  0.0463  0.0486  0.0447
registration optimization eta report
parameter search radius
    6.0000    6.9000    6.0000    6.0000    6.0000    6.0000
100000*second partial in parameter space
       52.       34.       23.       24.       27.       18.
  0.0580  0.0552  0.0470  0.0475  0.0483  0.0449
  0.0484  0.0469  0.0426  0.0413  0.0434  0.0416
  0.0410  0.0398  0.0395  0.0384  0.0399  0.0392
  0.0384  0.0384  0.0384  0.0384  0.0384  0.0384
  0.0414  0.0416  0.0397  0.0397  0.0398  0.0393
  0.0483  0.0472  0.0429  0.0425  0.0437  0.0415
  0.0572  0.0542  0.0469  0.0463  0.0486  0.0447
    0.0868    4.6775   14.8626   -2.6093   -1.8345    1.1303
eta,q 0.96157  7.83871

---------------------------------------------------------------------
imgreg_4dfp /opt/freesurfer/average/711-2C_as_mni_average_305 /opt/freesurfer/average/711-2B_as_mni_average_305_mask talsrcimg_g11 none talsrcimg_to_711-2C_as_mni_average_305_t4 3335
---------------------------------------------------------------------

freesurfer imgreg_4dfp.c
/opt/freesurfer/average/711-2C_as_mni_average_305.4dfp.img
       256       256       256         1
  1.000000  1.000000  1.000000
orientation T byte_order littleendian
Reading image: /opt/freesurfer/average/711-2C_as_mni_average_305.4dfp.img
dimensions:      256       256       256
mmppix:       1.0000   -1.0000   -1.0000
center:     128.0000 -129.0000 -129.0000
/opt/freesurfer/average/711-2B_as_mni_average_305_mask.4dfp.img
       256       256       256         1
  1.000000  1.000000  1.000000
orientation T byte_order littleendian
Reading mask: /opt/freesurfer/average/711-2B_as_mni_average_305_mask.4dfp.img (2306576 pixels)
talsrcimg_g11.4dfp.img
       256       256       256         1
  1.000000  1.000000  1.000000
orientation T byte_order littleendian
Reading image: talsrcimg_g11.4dfp.img
dimensions:      256       256       256
mmppix:       1.0000   -1.0000   -1.0000
center:     128.0000 -129.0000 -129.0000
fimgreg.f
image alignment mode   3335 decimal      D07 hex
parameters
    0.0868    4.6775   14.8626   -0.0707   -0.1260   -0.1549
   -2.1164    3.1076    1.9717    4.6147   -3.2013   -4.5501
eta,q 0.96013  7.91566
niter,ni,del,rscale     5    3    5.0000    1.2000
parameter  4  1.150718 ->  0.500000 qaram    1.1500
parameter  5  2.982961 ->  0.500000 qaram    1.1500
parameter  6  0.511034 ->  0.500000 qaram    1.1500
parameter 12  0.632410 ->  0.500000 qaram    1.1500
parameters
    0.0681    4.7336   14.6049   -4.2107   -4.2660   -4.2949
   -1.4418    2.8265    1.4809    1.7150   -5.0608   -8.6901
eta,q 0.96849  7.39965
  0.0430  0.0417  0.0409  0.0368  0.0310  0.0330  0.0357  0.0362  0.0341  0.0332  0.0324  0.0317
  0.0413  0.0408  0.0402  0.0374  0.0326  0.0325  0.0341  0.0342  0.0332  0.0323  0.0321  0.0315
  0.0402  0.0402  0.0399  0.0384  0.0348  0.0326  0.0330  0.0329  0.0326  0.0320  0.0320  0.0316
  0.0399  0.0399  0.0399  0.0399  0.0377  0.0331  0.0325  0.0325  0.0325  0.0325  0.0320  0.0320
  0.0403  0.0400  0.0401  0.0419  0.0407  0.0341  0.0327  0.0330  0.0328  0.0339  0.0323  0.0326
  0.0414  0.0405  0.0406  0.0445  0.0436  0.0357  0.0334  0.0346  0.0336  0.0360  0.0327  0.0334
  0.0431  0.0416  0.0414  0.0476  0.0470  0.0379  0.0347  0.0370  0.0346  0.0384  0.0333  0.0344
niter,ni,del,rscale     7    3    5.0000    1.2000
parameter  4  0.577640 ->  0.500000 qaram    1.3225
parameter  5  1.095944 ->  0.500000 qaram    1.3225
parameters
    0.0188    4.3421   13.7350   -8.9717   -9.0270   -5.0711
   -1.8978    3.0527    1.3644    2.0202   -5.0767  -10.1735
eta,q 0.97255  6.95968
  0.0345  0.0333  0.0319  0.0307  0.0268  0.0303  0.0299  0.0321  0.0293  0.0308  0.0287  0.0286
  0.0329  0.0321  0.0313  0.0301  0.0274  0.0288  0.0285  0.0299  0.0283  0.0289  0.0281  0.0279
  0.0319  0.0315  0.0312  0.0304  0.0285  0.0278  0.0277  0.0283  0.0277  0.0278  0.0277  0.0275
  0.0315  0.0315  0.0314  0.0312  0.0301  0.0276  0.0275  0.0275  0.0275  0.0275  0.0275  0.0275
  0.0319  0.0321  0.0320  0.0324  0.0325  0.0285  0.0280  0.0280  0.0277  0.0279  0.0277  0.0280
  0.0330  0.0332  0.0329  0.0343  0.0357  0.0298  0.0290  0.0295  0.0284  0.0288  0.0281  0.0287
  0.0348  0.0349  0.0340  0.0371  0.0392  0.0312  0.0305  0.0317  0.0294  0.0301  0.0288  0.0297
niter,ni,del,rscale     7    3    5.0000    1.2000
parameter  5  0.562805 ->  0.500000 qaram    1.5209
parameters
   -0.1325    4.8035   14.0298   -8.8544  -14.5021   -5.1640
   -1.6875    2.9291    1.3692    3.0476   -5.0518  -10.4045
eta,q 0.97365  6.74409
  0.0304  0.0309  0.0296  0.0311  0.0268  0.0299  0.0290  0.0304  0.0281  0.0298  0.0276  0.0280
  0.0287  0.0292  0.0284  0.0292  0.0264  0.0281  0.0277  0.0284  0.0272  0.0280  0.0270  0.0271
  0.0277  0.0280  0.0277  0.0278  0.0265  0.0269  0.0267  0.0269  0.0265  0.0268  0.0265  0.0265
  0.0274  0.0274  0.0273  0.0273  0.0273  0.0263  0.0264  0.0263  0.0263  0.0263  0.0264  0.0263
  0.0280  0.0274  0.0274  0.0279  0.0289  0.0269  0.0266  0.0269  0.0266  0.0265  0.0265  0.0266
  0.0293  0.0279  0.0279  0.0290  0.0314  0.0284  0.0274  0.0285  0.0271  0.0272  0.0269  0.0273
  0.0312  0.0290  0.0287  0.0309  0.0348  0.0299  0.0288  0.0308  0.0281  0.0282  0.0276  0.0281
niter,ni,del,rscale     7    3    5.0000    1.2000
parameters
   -0.1808    5.2509   14.0154   -9.4271  -15.7632   -5.3258
   -1.6271    2.8796    1.3620    4.0363   -5.0535  -10.5192
eta,q 0.97382  6.67199
  0.0295  0.0293  0.0279  0.0294  0.0289  0.0296  0.0288  0.0303  0.0278  0.0293  0.0274  0.0278
  0.0277  0.0278  0.0270  0.0276  0.0273  0.0279  0.0274  0.0283  0.0270  0.0277  0.0268  0.0269
  0.0266  0.0268  0.0264  0.0265  0.0264  0.0267  0.0265  0.0268  0.0264  0.0266  0.0263  0.0263
  0.0264  0.0263  0.0263  0.0263  0.0262  0.0262  0.0262  0.0262  0.0262  0.0262  0.0262  0.0262
  0.0268  0.0263  0.0265  0.0270  0.0268  0.0267  0.0265  0.0267  0.0264  0.0263  0.0263  0.0264
  0.0279  0.0268  0.0271  0.0282  0.0283  0.0282  0.0273  0.0283  0.0269  0.0269  0.0268  0.0270
  0.0296  0.0277  0.0279  0.0301  0.0308  0.0298  0.0287  0.0304  0.0278  0.0279  0.0274  0.0278
niter,ni,del,rscale     6    3    5.0000    1.2000
parameters
   -0.2112    5.6979   13.7723   -9.7911  -16.7013   -5.7594
   -1.6042    2.8732    1.2508    5.1798   -4.9422  -10.6985
eta,q 0.97403  6.61324
  0.0293  0.0289  0.0274  0.0294  0.0289  0.0292  0.0285  0.0300  0.0276  0.0290  0.0272  0.0274
  0.0276  0.0275  0.0266  0.0276  0.0272  0.0276  0.0272  0.0281  0.0268  0.0275  0.0266  0.0266
  0.0265  0.0266  0.0262  0.0264  0.0262  0.0265  0.0263  0.0266  0.0262  0.0265  0.0262  0.0261
  0.0262  0.0262  0.0261  0.0261  0.0261  0.0260  0.0260  0.0260  0.0260  0.0260  0.0260  0.0260
  0.0266  0.0262  0.0264  0.0268  0.0266  0.0266  0.0263  0.0265  0.0263  0.0260  0.0261  0.0262
  0.0277  0.0266  0.0271  0.0280  0.0279  0.0282  0.0272  0.0280  0.0268  0.0266  0.0265  0.0268
  0.0294  0.0274  0.0280  0.0297  0.0301  0.0299  0.0285  0.0301  0.0277  0.0276  0.0272  0.0275
niter,ni,del,rscale     5    3    5.0000    1.2000
parameters
   -0.2077    6.2416   13.4051  -10.1580  -17.7826   -6.3920
   -1.6242    2.9077    0.9845    6.5379   -4.7082  -10.8563
eta,q 0.97438  6.54558
  0.0291  0.0288  0.0270  0.0291  0.0286  0.0287  0.0282  0.0297  0.0274  0.0289  0.0269  0.0270
  0.0274  0.0275  0.0262  0.0273  0.0269  0.0272  0.0269  0.0278  0.0265  0.0274  0.0262  0.0262
  0.0263  0.0265  0.0259  0.0261  0.0259  0.0261  0.0260  0.0263  0.0259  0.0263  0.0258  0.0258
  0.0260  0.0260  0.0259  0.0258  0.0258  0.0257  0.0257  0.0258  0.0257  0.0257  0.0256  0.0256
  0.0264  0.0259  0.0262  0.0266  0.0265  0.0264  0.0261  0.0262  0.0260  0.0257  0.0257  0.0258
  0.0274  0.0263  0.0269  0.0278  0.0277  0.0279  0.0269  0.0276  0.0267  0.0262  0.0261  0.0263
  0.0290  0.0270  0.0278  0.0295  0.0299  0.0297  0.0282  0.0297  0.0277  0.0272  0.0267  0.0270
niter,ni,del,rscale     4    3    5.0000    1.2000
parameters
   -0.1733    6.8222   12.9568  -10.5550  -18.6434   -7.0949
   -1.6529    2.9526    0.7292    7.6523   -4.5719  -11.1213
eta,q 0.97476  6.48540
  0.0288  0.0287  0.0264  0.0288  0.0286  0.0281  0.0278  0.0293  0.0273  0.0286  0.0265  0.0265
  0.0271  0.0272  0.0258  0.0270  0.0267  0.0267  0.0265  0.0273  0.0262  0.0271  0.0259  0.0258
  0.0260  0.0262  0.0255  0.0257  0.0255  0.0257  0.0256  0.0259  0.0255  0.0260  0.0254  0.0254
  0.0256  0.0256  0.0255  0.0254  0.0254  0.0253  0.0253  0.0253  0.0253  0.0253  0.0252  0.0252
  0.0260  0.0255  0.0259  0.0262  0.0262  0.0259  0.0257  0.0258  0.0256  0.0253  0.0254  0.0254
  0.0270  0.0259  0.0265  0.0276  0.0275  0.0275  0.0265  0.0272  0.0264  0.0260  0.0258  0.0260
  0.0286  0.0267  0.0274  0.0292  0.0296  0.0293  0.0278  0.0292  0.0275  0.0271  0.0264  0.0267
niter,ni,del,rscale     3    3    5.0000    1.2000
parameters
   -0.1458    7.2194   12.6104  -10.7737  -18.9853   -7.5961
   -1.6517    2.9711    0.6148    8.3177   -4.5876  -11.4231
eta,q 0.97490  6.45662
  0.0283  0.0283  0.0262  0.0288  0.0289  0.0280  0.0276  0.0290  0.0272  0.0283  0.0263  0.0264
  0.0267  0.0268  0.0255  0.0269  0.0269  0.0266  0.0263  0.0271  0.0261  0.0268  0.0257  0.0256
  0.0256  0.0258  0.0252  0.0256  0.0255  0.0256  0.0254  0.0257  0.0254  0.0257  0.0253  0.0252
  0.0252  0.0252  0.0252  0.0251  0.0251  0.0251  0.0251  0.0251  0.0251  0.0251  0.0251  0.0251
  0.0256  0.0252  0.0255  0.0259  0.0259  0.0256  0.0254  0.0256  0.0254  0.0253  0.0253  0.0253
  0.0266  0.0258  0.0261  0.0273  0.0273  0.0270  0.0263  0.0270  0.0262  0.0261  0.0257  0.0258
  0.0282  0.0268  0.0269  0.0289  0.0293  0.0288  0.0276  0.0290  0.0274  0.0274  0.0263  0.0265
niter,ni,del,rscale     2    3    5.0000    1.2000
parameters
   -0.1433    7.4310   12.3989  -10.8643  -19.0936   -7.8991
   -1.6362    2.9758    0.5853    8.6910   -4.5949  -11.6178
eta,q 0.97493  6.44486
  0.0281  0.0278  0.0262  0.0289  0.0291  0.0280  0.0276  0.0289  0.0273  0.0281  0.0263  0.0264
  0.0265  0.0264  0.0255  0.0269  0.0270  0.0266  0.0262  0.0270  0.0261  0.0266  0.0257  0.0256
  0.0254  0.0255  0.0252  0.0256  0.0255  0.0256  0.0254  0.0256  0.0254  0.0255  0.0252  0.0252
  0.0251  0.0251  0.0251  0.0251  0.0251  0.0251  0.0251  0.0251  0.0251  0.0251  0.0251  0.0251
  0.0254  0.0253  0.0253  0.0258  0.0257  0.0255  0.0254  0.0256  0.0254  0.0253  0.0252  0.0253
  0.0265  0.0259  0.0259  0.0272  0.0272  0.0268  0.0262  0.0269  0.0261  0.0262  0.0257  0.0257
  0.0281  0.0270  0.0267  0.0288  0.0292  0.0286  0.0276  0.0290  0.0273  0.0275  0.0263  0.0265
niter,ni,del,rscale     1    3    5.0000    1.2000
parameters
   -0.1462    7.5412   12.2777  -10.9044  -19.1303   -8.0793
   -1.6296    2.9728    0.5717    8.9035   -4.6114  -11.7345
eta,q 0.97492  6.43953
  0.0281  0.0276  0.0263  0.0289  0.0292  0.0280  0.0276  0.0289  0.0273  0.0280  0.0263  0.0264
  0.0264  0.0263  0.0256  0.0270  0.0271  0.0266  0.0262  0.0270  0.0261  0.0265  0.0257  0.0257
  0.0254  0.0254  0.0252  0.0256  0.0256  0.0256  0.0254  0.0256  0.0253  0.0255  0.0252  0.0252
  0.0251  0.0251  0.0251  0.0251  0.0251  0.0251  0.0251  0.0251  0.0251  0.0251  0.0251  0.0251
  0.0254  0.0253  0.0253  0.0258  0.0257  0.0254  0.0254  0.0256  0.0254  0.0254  0.0252  0.0252
  0.0265  0.0260  0.0258  0.0272  0.0272  0.0267  0.0262  0.0269  0.0261  0.0263  0.0257  0.0257
  0.0281  0.0272  0.0266  0.0288  0.0292  0.0285  0.0276  0.0290  0.0273  0.0276  0.0263  0.0265
registration optimization eta report
parameter search radius
    2.4000    2.4000    2.4000    9.5220   10.9503    8.2800
    7.2000    7.2000    7.2000    7.2000    7.2000    8.2800
100000*second partial in parameter space
       52.       40.       23.        4.        3.        5.
        5.        7.        4.        5.        2.        2.
  0.0281  0.0276  0.0263  0.0289  0.0292  0.0280  0.0276  0.0289  0.0273  0.0280  0.0263  0.0264
  0.0264  0.0263  0.0256  0.0270  0.0271  0.0266  0.0262  0.0270  0.0261  0.0265  0.0257  0.0257
  0.0254  0.0254  0.0252  0.0256  0.0256  0.0256  0.0254  0.0256  0.0253  0.0255  0.0252  0.0252
  0.0251  0.0251  0.0251  0.0251  0.0251  0.0251  0.0251  0.0251  0.0251  0.0251  0.0251  0.0251
  0.0254  0.0253  0.0253  0.0258  0.0257  0.0254  0.0254  0.0256  0.0254  0.0254  0.0252  0.0252
  0.0265  0.0260  0.0258  0.0272  0.0272  0.0267  0.0262  0.0269  0.0261  0.0263  0.0257  0.0257
  0.0281  0.0272  0.0266  0.0288  0.0292  0.0285  0.0276  0.0290  0.0273  0.0276  0.0263  0.0265
   -0.1462    7.5412   12.2777  -10.9044  -19.1303   -8.0793
   -1.6296    2.9728    0.5717    8.9035   -4.6114  -11.7345
eta,q 0.97492  6.43953

---------------------------------------------------------------------
imgreg_4dfp /opt/freesurfer/average/711-2C_as_mni_average_305 /opt/freesurfer/average/711-2B_as_mni_average_305_mask talsrcimg_g11 none talsrcimg_to_711-2C_as_mni_average_305_t4 2311
---------------------------------------------------------------------

freesurfer imgreg_4dfp.c
/opt/freesurfer/average/711-2C_as_mni_average_305.4dfp.img
       256       256       256         1
  1.000000  1.000000  1.000000
orientation T byte_order littleendian
Reading image: /opt/freesurfer/average/711-2C_as_mni_average_305.4dfp.img
dimensions:      256       256       256
mmppix:       1.0000   -1.0000   -1.0000
center:     128.0000 -129.0000 -129.0000
/opt/freesurfer/average/711-2B_as_mni_average_305_mask.4dfp.img
       256       256       256         1
  1.000000  1.000000  1.000000
orientation T byte_order littleendian
Reading mask: /opt/freesurfer/average/711-2B_as_mni_average_305_mask.4dfp.img (2306576 pixels)
talsrcimg_g11.4dfp.img
       256       256       256         1
  1.000000  1.000000  1.000000
orientation T byte_order littleendian
Reading image: talsrcimg_g11.4dfp.img
dimensions:      256       256       256
mmppix:       1.0000   -1.0000   -1.0000
center:     128.0000 -129.0000 -129.0000
fimgreg.f
image alignment mode   2311 decimal      907 hex
parameters
   -0.1462    7.5412   12.2777  -10.9044  -19.1303   -8.0793
   -1.6296    2.9728    0.5717    8.9035   -4.6114  -11.7345
eta,q 0.97492  6.43953
niter,ni,del,rscale     5    3    5.0000    0.8000
parameters
   -0.1535    7.5680   12.2057  -11.0954  -19.2716   -7.8447
   -1.6217    2.9989    0.5907    8.8692   -4.6778  -11.8005
eta,q 0.97493  6.43273
  0.0264  0.0262  0.0256  0.0263  0.0260  0.0264  0.0262  0.0270  0.0261  0.0263  0.0256  0.0255
  0.0257  0.0256  0.0253  0.0256  0.0255  0.0258  0.0256  0.0259  0.0255  0.0256  0.0253  0.0253
  0.0252  0.0252  0.0251  0.0252  0.0252  0.0253  0.0252  0.0253  0.0252  0.0252  0.0251  0.0251
  0.0251  0.0251  0.0251  0.0251  0.0251  0.0251  0.0251  0.0251  0.0251  0.0251  0.0251  0.0251
  0.0252  0.0252  0.0252  0.0253  0.0252  0.0251  0.0252  0.0253  0.0252  0.0252  0.0251  0.0251
  0.0257  0.0255  0.0254  0.0258  0.0256  0.0255  0.0256  0.0259  0.0255  0.0257  0.0254  0.0253
  0.0265  0.0261  0.0257  0.0264  0.0261  0.0262  0.0262  0.0269  0.0261  0.0264  0.0257  0.0255
niter,ni,del,rscale     4    3    5.0000    0.7000
parameters
   -0.1502    7.5858   12.2540  -11.1463  -19.3252   -7.6969
   -1.6286    3.0180    0.6011    8.8531   -4.6899  -11.8061
eta,q 0.97494  6.43276
  0.0261  0.0259  0.0256  0.0260  0.0258  0.0261  0.0260  0.0265  0.0259  0.0261  0.0255  0.0254
  0.0255  0.0254  0.0253  0.0255  0.0254  0.0256  0.0255  0.0257  0.0254  0.0255  0.0253  0.0252
  0.0252  0.0252  0.0251  0.0252  0.0251  0.0252  0.0252  0.0252  0.0251  0.0252  0.0251  0.0251
  0.0251  0.0251  0.0251  0.0251  0.0251  0.0251  0.0251  0.0251  0.0251  0.0251  0.0251  0.0251
  0.0252  0.0252  0.0251  0.0252  0.0252  0.0251  0.0252  0.0252  0.0252  0.0252  0.0251  0.0251
  0.0255  0.0254  0.0253  0.0256  0.0254  0.0254  0.0255  0.0257  0.0254  0.0255  0.0253  0.0252
  0.0261  0.0258  0.0255  0.0261  0.0258  0.0260  0.0260  0.0265  0.0259  0.0261  0.0255  0.0254
niter,ni,del,rscale     3    3    5.0000    0.6000
parameters
   -0.1464    7.5731   12.2917  -11.1547  -19.3490   -7.5795
   -1.6440    3.0240    0.6060    8.8147   -4.6872  -11.7994
eta,q 0.97494  6.43418
  0.0258  0.0256  0.0254  0.0258  0.0256  0.0258  0.0257  0.0262  0.0257  0.0258  0.0254  0.0253
  0.0254  0.0253  0.0252  0.0254  0.0253  0.0254  0.0254  0.0256  0.0253  0.0254  0.0252  0.0252
  0.0251  0.0251  0.0251  0.0252  0.0251  0.0252  0.0251  0.0252  0.0251  0.0251  0.0251  0.0251
  0.0251  0.0251  0.0251  0.0251  0.0251  0.0251  0.0251  0.0251  0.0251  0.0251  0.0251  0.0251
  0.0251  0.0251  0.0251  0.0251  0.0251  0.0251  0.0251  0.0252  0.0251  0.0251  0.0251  0.0251
  0.0254  0.0253  0.0252  0.0254  0.0253  0.0253  0.0254  0.0256  0.0253  0.0254  0.0252  0.0252
  0.0258  0.0257  0.0254  0.0258  0.0256  0.0258  0.0257  0.0261  0.0257  0.0258  0.0254  0.0253
niter,ni,del,rscale     2    3    5.0000    0.5000
parameters
   -0.1402    7.5581   12.3285  -11.1456  -19.3451   -7.4736
   -1.6528    3.0282    0.5919    8.7729   -4.6662  -11.7993
eta,q 0.97495  6.43692
  0.0256  0.0255  0.0253  0.0256  0.0254  0.0256  0.0255  0.0258  0.0255  0.0256  0.0253  0.0252
  0.0253  0.0252  0.0252  0.0253  0.0252  0.0253  0.0253  0.0254  0.0252  0.0253  0.0252  0.0251
  0.0251  0.0251  0.0251  0.0251  0.0251  0.0251  0.0251  0.0251  0.0251  0.0251  0.0251  0.0251
  0.0251  0.0251  0.0251  0.0251  0.0251  0.0251  0.0251  0.0251  0.0251  0.0251  0.0251  0.0251
  0.0251  0.0251  0.0251  0.0251  0.0251  0.0251  0.0251  0.0251  0.0251  0.0251  0.0251  0.0251
  0.0253  0.0253  0.0252  0.0253  0.0252  0.0252  0.0253  0.0254  0.0252  0.0253  0.0252  0.0251
  0.0256  0.0255  0.0253  0.0256  0.0254  0.0256  0.0255  0.0258  0.0255  0.0256  0.0253  0.0252
niter,ni,del,rscale     1    3    5.0000    0.4000
parameters
   -0.1414    7.5390   12.3640  -11.1380  -19.3582   -7.3725
   -1.6576    3.0267    0.5917    8.7344   -4.6204  -11.7952
eta,q 0.97495  6.43885
  0.0254  0.0253  0.0252  0.0254  0.0253  0.0254  0.0254  0.0256  0.0253  0.0254  0.0252  0.0252
  0.0252  0.0252  0.0251  0.0252  0.0252  0.0252  0.0252  0.0253  0.0252  0.0252  0.0251  0.0251
  0.0251  0.0251  0.0251  0.0251  0.0251  0.0251  0.0251  0.0251  0.0251  0.0251  0.0251  0.0251
  0.0251  0.0251  0.0251  0.0251  0.0251  0.0251  0.0250  0.0251  0.0251  0.0251  0.0250  0.0251
  0.0251  0.0251  0.0251  0.0251  0.0251  0.0251  0.0251  0.0251  0.0251  0.0251  0.0251  0.0251
  0.0252  0.0252  0.0251  0.0252  0.0252  0.0252  0.0252  0.0253  0.0252  0.0252  0.0251  0.0251
  0.0254  0.0253  0.0252  0.0254  0.0253  0.0254  0.0254  0.0256  0.0253  0.0254  0.0252  0.0252
registration optimization eta report
parameter search radius
    0.8000    0.8000    0.8000    2.4000    2.4000    2.4000
    2.4000    2.4000    2.4000    2.4000    2.4000    2.4000
100000*second partial in parameter space
       54.       41.       25.        6.        4.        6.
        5.        9.        5.        6.        3.        2.
  0.0254  0.0253  0.0252  0.0254  0.0253  0.0254  0.0254  0.0256  0.0253  0.0254  0.0252  0.0252
  0.0252  0.0252  0.0251  0.0252  0.0252  0.0252  0.0252  0.0253  0.0252  0.0252  0.0251  0.0251
  0.0251  0.0251  0.0251  0.0251  0.0251  0.0251  0.0251  0.0251  0.0251  0.0251  0.0251  0.0251
  0.0251  0.0251  0.0251  0.0251  0.0251  0.0251  0.0250  0.0251  0.0251  0.0251  0.0250  0.0251
  0.0251  0.0251  0.0251  0.0251  0.0251  0.0251  0.0251  0.0251  0.0251  0.0251  0.0251  0.0251
  0.0252  0.0252  0.0251  0.0252  0.0252  0.0252  0.0252  0.0253  0.0252  0.0252  0.0251  0.0251
  0.0254  0.0253  0.0252  0.0254  0.0253  0.0254  0.0254  0.0256  0.0253  0.0254  0.0252  0.0252
   -0.1414    7.5390   12.3640  -11.1380  -19.3582   -7.3725
   -1.6576    3.0267    0.5917    8.7344   -4.6204  -11.7952
eta,q 0.97495  6.43885

---------------------------------------------------------------------
imgreg_4dfp /opt/freesurfer/average/711-2C_as_mni_average_305 /opt/freesurfer/average/711-2B_as_mni_average_305_mask talsrcimg_g11 none talsrcimg_to_711-2C_as_mni_average_305_t4 2311
---------------------------------------------------------------------

freesurfer imgreg_4dfp.c
/opt/freesurfer/average/711-2C_as_mni_average_305.4dfp.img
       256       256       256         1
  1.000000  1.000000  1.000000
orientation T byte_order littleendian
Reading image: /opt/freesurfer/average/711-2C_as_mni_average_305.4dfp.img
dimensions:      256       256       256
mmppix:       1.0000   -1.0000   -1.0000
center:     128.0000 -129.0000 -129.0000
/opt/freesurfer/average/711-2B_as_mni_average_305_mask.4dfp.img
       256       256       256         1
  1.000000  1.000000  1.000000
orientation T byte_order littleendian
Reading mask: /opt/freesurfer/average/711-2B_as_mni_average_305_mask.4dfp.img (2306576 pixels)
talsrcimg_g11.4dfp.img
       256       256       256         1
  1.000000  1.000000  1.000000
orientation T byte_order littleendian
Reading image: talsrcimg_g11.4dfp.img
dimensions:      256       256       256
mmppix:       1.0000   -1.0000   -1.0000
center:     128.0000 -129.0000 -129.0000
fimgreg.f
image alignment mode   2311 decimal      907 hex
parameters
   -0.1414    7.5390   12.3640  -11.1380  -19.3582   -7.3725
   -1.6576    3.0267    0.5917    8.7344   -4.6204  -11.7952
eta,q 0.97495  6.43885
niter,ni,del,rscale     5    3    5.0000    0.8000
parameters
   -0.1362    7.5522   12.3877  -11.1745  -19.3449   -7.5683
   -1.6402    3.0287    0.5866    8.7846   -4.6833  -11.7914
eta,q 0.97495  6.43434
  0.0264  0.0261  0.0257  0.0263  0.0260  0.0262  0.0262  0.0269  0.0261  0.0264  0.0256  0.0255
  0.0257  0.0255  0.0253  0.0256  0.0255  0.0256  0.0256  0.0259  0.0255  0.0257  0.0253  0.0253
  0.0252  0.0252  0.0251  0.0252  0.0252  0.0252  0.0252  0.0253  0.0252  0.0252  0.0251  0.0251
  0.0251  0.0250  0.0251  0.0250  0.0251  0.0251  0.0251  0.0251  0.0251  0.0251  0.0251  0.0251
  0.0252  0.0252  0.0251  0.0252  0.0252  0.0252  0.0252  0.0253  0.0252  0.0252  0.0251  0.0251
  0.0257  0.0255  0.0253  0.0257  0.0255  0.0257  0.0256  0.0259  0.0255  0.0256  0.0254  0.0253
  0.0264  0.0261  0.0257  0.0263  0.0260  0.0265  0.0262  0.0269  0.0261  0.0263  0.0257  0.0255
niter,ni,del,rscale     4    3    5.0000    0.7000
parameters
   -0.1369    7.5519   12.3316  -11.1647  -19.3443   -7.5890
   -1.6415    3.0339    0.5962    8.7882   -4.6783  -11.7855
eta,q 0.97495  6.43381
  0.0261  0.0259  0.0255  0.0261  0.0258  0.0260  0.0260  0.0265  0.0259  0.0261  0.0255  0.0254
  0.0255  0.0254  0.0252  0.0255  0.0254  0.0255  0.0255  0.0257  0.0254  0.0255  0.0253  0.0252
  0.0252  0.0251  0.0251  0.0252  0.0251  0.0252  0.0252  0.0252  0.0251  0.0252  0.0251  0.0251
  0.0251  0.0251  0.0251  0.0251  0.0251  0.0251  0.0251  0.0251  0.0251  0.0251  0.0250  0.0251
  0.0252  0.0251  0.0251  0.0252  0.0251  0.0251  0.0252  0.0252  0.0251  0.0252  0.0251  0.0251
  0.0255  0.0254  0.0253  0.0255  0.0254  0.0255  0.0255  0.0257  0.0254  0.0255  0.0253  0.0252
  0.0261  0.0259  0.0256  0.0261  0.0258  0.0261  0.0260  0.0265  0.0259  0.0261  0.0255  0.0254
niter,ni,del,rscale     3    3    5.0000    0.6000
parameters
   -0.1390    7.5536   12.3258  -11.1516  -19.3493   -7.5269
   -1.6470    3.0352    0.5936    8.7858   -4.6815  -11.8051
eta,q 0.97494  6.43543
  0.0258  0.0257  0.0254  0.0258  0.0256  0.0258  0.0257  0.0262  0.0257  0.0258  0.0254  0.0253
  0.0254  0.0253  0.0252  0.0254  0.0253  0.0254  0.0254  0.0255  0.0253  0.0254  0.0252  0.0252
  0.0251  0.0251  0.0251  0.0252  0.0251  0.0252  0.0251  0.0252  0.0251  0.0251  0.0251  0.0251
  0.0251  0.0251  0.0251  0.0251  0.0251  0.0251  0.0251  0.0251  0.0251  0.0251  0.0251  0.0251
  0.0251  0.0251  0.0251  0.0251  0.0251  0.0251  0.0251  0.0252  0.0251  0.0251  0.0251  0.0251
  0.0254  0.0253  0.0252  0.0254  0.0253  0.0253  0.0254  0.0256  0.0253  0.0254  0.0252  0.0252
  0.0258  0.0256  0.0254  0.0258  0.0256  0.0258  0.0257  0.0261  0.0257  0.0258  0.0254  0.0253
niter,ni,del,rscale     2    3    5.0000    0.5000
parameters
   -0.1370    7.5454   12.3428  -11.1467  -19.3583   -7.4550
   -1.6474    3.0313    0.5942    8.7641   -4.6551  -11.7942
eta,q 0.97495  6.43678
  0.0256  0.0255  0.0253  0.0256  0.0254  0.0256  0.0255  0.0258  0.0255  0.0256  0.0253  0.0252
  0.0253  0.0252  0.0252  0.0253  0.0252  0.0253  0.0253  0.0254  0.0252  0.0253  0.0252  0.0251
  0.0251  0.0251  0.0251  0.0251  0.0251  0.0251  0.0251  0.0251  0.0251  0.0251  0.0251  0.0251
  0.0251  0.0251  0.0251  0.0251  0.0251  0.0251  0.0251  0.0251  0.0251  0.0251  0.0251  0.0251
  0.0251  0.0251  0.0251  0.0251  0.0251  0.0251  0.0251  0.0251  0.0251  0.0251  0.0251  0.0251
  0.0253  0.0252  0.0252  0.0253  0.0252  0.0252  0.0253  0.0254  0.0252  0.0253  0.0252  0.0251
  0.0256  0.0255  0.0253  0.0256  0.0254  0.0256  0.0255  0.0258  0.0255  0.0256  0.0253  0.0252
niter,ni,del,rscale     1    3    5.0000    0.4000
parameters
   -0.1395    7.5420   12.3705  -11.1368  -19.3746   -7.3633
   -1.6549    3.0255    0.5876    8.7368   -4.6309  -11.8124
eta,q 0.97495  6.43863
  0.0254  0.0253  0.0252  0.0254  0.0253  0.0254  0.0254  0.0255  0.0253  0.0254  0.0252  0.0252
  0.0252  0.0252  0.0251  0.0252  0.0252  0.0252  0.0252  0.0253  0.0252  0.0252  0.0251  0.0251
  0.0251  0.0251  0.0251  0.0251  0.0251  0.0251  0.0251  0.0251  0.0251  0.0251  0.0251  0.0251
  0.0250  0.0250  0.0250  0.0251  0.0251  0.0251  0.0250  0.0251  0.0251  0.0251  0.0251  0.0251
  0.0251  0.0251  0.0251  0.0251  0.0251  0.0251  0.0251  0.0251  0.0251  0.0251  0.0251  0.0251
  0.0252  0.0252  0.0251  0.0252  0.0252  0.0252  0.0252  0.0253  0.0252  0.0252  0.0251  0.0251
  0.0254  0.0253  0.0252  0.0254  0.0253  0.0254  0.0254  0.0256  0.0253  0.0254  0.0252  0.0252
registration optimization eta report
parameter search radius
    0.8000    0.8000    0.8000    2.4000    2.4000    2.4000
    2.4000    2.4000    2.4000    2.4000    2.4000    2.4000
100000*second partial in parameter space
       54.       42.       25.        6.        4.        6.
        5.        9.        5.        6.        3.        2.
  0.0254  0.0253  0.0252  0.0254  0.0253  0.0254  0.0254  0.0255  0.0253  0.0254  0.0252  0.0252
  0.0252  0.0252  0.0251  0.0252  0.0252  0.0252  0.0252  0.0253  0.0252  0.0252  0.0251  0.0251
  0.0251  0.0251  0.0251  0.0251  0.0251  0.0251  0.0251  0.0251  0.0251  0.0251  0.0251  0.0251
  0.0250  0.0250  0.0250  0.0251  0.0251  0.0251  0.0250  0.0251  0.0251  0.0251  0.0251  0.0251
  0.0251  0.0251  0.0251  0.0251  0.0251  0.0251  0.0251  0.0251  0.0251  0.0251  0.0251  0.0251
  0.0252  0.0252  0.0251  0.0252  0.0252  0.0252  0.0252  0.0253  0.0252  0.0252  0.0251  0.0251
  0.0254  0.0253  0.0252  0.0254  0.0253  0.0254  0.0254  0.0256  0.0253  0.0254  0.0252  0.0252
   -0.1395    7.5420   12.3705  -11.1368  -19.3746   -7.3633
   -1.6549    3.0255    0.5876    8.7368   -4.6309  -11.8124
eta,q 0.97495  6.43863

---------------------------------------------------------------------
compute_vox2vox talsrcimg talsrcimg_to_711-2C_as_mni_average_305_t4 /opt/freesurfer/average/711-2C_as_mni_average_305
---------------------------------------------------------------------

freesurfer compute_vox2vox.c
Reading: talsrcimg.4dfp.ifh
Reading: talsrcimg_to_711-2C_as_mni_average_305_t4
Reading: /opt/freesurfer/average/711-2C_as_mni_average_305.4dfp.ifh
Writing: talsrcimg_to_711-2C_as_mni_average_305_t4_vox2vox.txt

start time Mon Mar 9 02:15:22 CET 2026
end		time Mon Mar 9 02:15:36 CET 2026

mpr2mni305 success

avi2talxfm orig_nu.mgz /opt/freesurfer/average/mni305.cor.mgz talsrcimg_to_711-2C_as_mni_average_305_t4_vox2vox.txt transforms/talairach.auto.xfm
avi2talxfm done
mv -f /out/sourcedata/freesurfer/sub-v1s17x0050259_ses-1/mri/talsrcimg_to_711-2C_as_mni_average_305_t4_vox2vox.txt /out/sourcedata/freesurfer/sub-v1s17x0050259_ses-1/mri/transforms/talsrcimg_to_711-2C_as_mni_average_305_t4_vox2vox.txt
lta_convert --src orig_nu.mgz --trg /opt/freesurfer/average/mni305.cor.mgz --inxfm transforms/talairach.auto.xfm --outlta transforms/talairach.auto.xfm.lta --subject fsaverage
7.3.2

--src: orig_nu.mgz src image (geometry).
--trg: /opt/freesurfer/average/mni305.cor.mgz trg image (geometry).
--inmni: transforms/talairach.auto.xfm input MNI/XFM transform.
--outlta: transforms/talairach.auto.xfm.lta output LTA.
--s: fsaverage subject name
 LTA read, type : 1
 1.12321  -0.03833   0.01744   1.78697;
 0.05435   1.06292   0.15684   0.83556;
-0.01408  -0.11490   1.22318  -7.54434;
 0.00000   0.00000   0.00000   1.00000;
setting subject to fsaverage
Writing  LTA to file transforms/talairach.auto.xfm.lta...
lta_convert successful.
 
 
Started at Mon Mar 9 02:15:22 CET 2026
Ended   at Mon Mar  9 02:15:36 CET 2026
talairach_avi done
