Log file for defect2seg
Thu Mar 12 13:50:48 CET 2026

setenv SUBJECTS_DIR /out/sourcedata/freesurfer
cd /out/sourcedata/freesurfer/sub-v1s17x0051133_ses-1/scripts
/opt/freesurfer/bin/defect2seg --s sub-v1s17x0051133_ses-1 --rh-only --cortex

freesurfer-linux-ubuntu22_x86_64-7.3.2-20220804-6354275
defect2seg 7.3.2
Linux dna086 5.14.0-427.37.1.el9_4.x86_64 #1 SMP PREEMPT_DYNAMIC Fri Sep 13 12:41:50 EDT 2024 x86_64 x86_64 x86_64 GNU/Linux
pid 2264822
mri_label2label --label-cortex /out/sourcedata/freesurfer/sub-v1s17x0051133_ses-1/surf/rh.orig.nofix /out/sourcedata/freesurfer/sub-v1s17x0051133_ses-1/mri/aseg.presurf.mgz 0 /out/sourcedata/freesurfer/sub-v1s17x0051133_ses-1/label/rh.nofix.cortex.label

 Generating cortex label... RemoveHipAmgy=0
 NucAccIsMedialWall=0
 mris->useRealRAS=0
27 non-cortical segments detected
only using segment with 9131 vertices
erasing segment 0 (vno[0] = 49040)
erasing segment 1 (vno[0] = 50373)
erasing segment 3 (vno[0] = 73342)
erasing segment 4 (vno[0] = 77130)
erasing segment 5 (vno[0] = 107467)
erasing segment 6 (vno[0] = 108701)
erasing segment 7 (vno[0] = 110957)
erasing segment 8 (vno[0] = 111380)
erasing segment 9 (vno[0] = 115324)
erasing segment 10 (vno[0] = 115336)
erasing segment 11 (vno[0] = 115420)
erasing segment 12 (vno[0] = 116690)
erasing segment 13 (vno[0] = 117917)
erasing segment 14 (vno[0] = 117993)
erasing segment 15 (vno[0] = 118084)
erasing segment 16 (vno[0] = 118129)
erasing segment 17 (vno[0] = 118857)
erasing segment 18 (vno[0] = 119196)
erasing segment 19 (vno[0] = 120634)
erasing segment 20 (vno[0] = 127997)
erasing segment 21 (vno[0] = 130328)
erasing segment 22 (vno[0] = 136731)
erasing segment 23 (vno[0] = 138658)
erasing segment 24 (vno[0] = 144621)
erasing segment 25 (vno[0] = 147380)
erasing segment 26 (vno[0] = 148341)
mri_label2vol --defects /out/sourcedata/freesurfer/sub-v1s17x0051133_ses-1/surf/rh.orig.nofix /out/sourcedata/freesurfer/sub-v1s17x0051133_ses-1/surf/rh.defect_labels /out/sourcedata/freesurfer/sub-v1s17x0051133_ses-1/mri/orig.mgz 2000 0 /out/sourcedata/freesurfer/sub-v1s17x0051133_ses-1/mri/rh.surface.defects.mgz /out/sourcedata/freesurfer/sub-v1s17x0051133_ses-1/label/rh.nofix.cortex.label
mri_label2vol supposed to be reproducible but seed not set
Contraining to label /out/sourcedata/freesurfer/sub-v1s17x0051133_ses-1/label/rh.nofix.cortex.label
Changing input type 0 to MRI_INT
Converting defects to volume: offset=2000, merge=0
Writing to /out/sourcedata/freesurfer/sub-v1s17x0051133_ses-1/mri/rh.surface.defects.mgz
mris_defects_pointset -s /out/sourcedata/freesurfer/sub-v1s17x0051133_ses-1/surf/rh.orig.nofix -d /out/sourcedata/freesurfer/sub-v1s17x0051133_ses-1/surf/rh.defect_labels -o /out/sourcedata/freesurfer/sub-v1s17x0051133_ses-1/surf/rh.defects.pointset --label /out/sourcedata/freesurfer/sub-v1s17x0051133_ses-1/label/rh.nofix.cortex.label
Reading in surface /out/sourcedata/freesurfer/sub-v1s17x0051133_ses-1/surf/rh.orig.nofix
Reading in defect segmentation /out/sourcedata/freesurfer/sub-v1s17x0051133_ses-1/surf/rh.defect_labels
Reading in label /out/sourcedata/freesurfer/sub-v1s17x0051133_ses-1/label/rh.nofix.cortex.label
#VMPC# mris_defects_pointset 1525808
mris_defects_pointset done
 
Started at Thu Mar 12 13:50:48 CET 2026 
Ended   at Thu Mar 12 13:51:01 CET 2026
Defect2seg-Run-Time-Sec 13
Defect2seg-Run-Time-Min 0.26
Defect2seg-Run-Time-Hours 0.00
 
defect2seg Done
