status file for recon-all
Thu Mar 12 13:44:13 CET 2026
#@# Tessellate rh Thu Mar 12 13:44:13 CET 2026
#@# Smooth1 rh Thu Mar 12 13:44:16 CET 2026
#@# Inflation1 rh Thu Mar 12 13:44:19 CET 2026
#@# QSphere rh Thu Mar 12 13:44:32 CET 2026
#@# Fix Topology rh Thu Mar 12 13:45:42 CET 2026
#@# Smooth2 rh Thu Mar 12 13:55:51 CET 2026
#@# Inflation2 rh Thu Mar 12 13:55:54 CET 2026
#@# Curv .H and .K rh Thu Mar 12 13:56:11 CET 2026
#@# Sphere rh Thu Mar 12 13:56:58 CET 2026
#@# Surf Reg rh Thu Mar 12 14:03:24 CET 2026
#@# Jacobian white rh Thu Mar 12 14:10:45 CET 2026
#@# AvgCurv rh Thu Mar 12 14:10:46 CET 2026
#@# Cortical Parc rh Thu Mar 12 14:10:47 CET 2026
#@# white curv rh Thu Mar 12 14:17:52 CET 2026
#@# white area rh Thu Mar 12 14:17:53 CET 2026
#@# pial curv rh Thu Mar 12 14:17:54 CET 2026
#@# pial area rh Thu Mar 12 14:17:56 CET 2026
#@# thickness rh Thu Mar 12 14:17:57 CET 2026
#@# area and vertex vol rh Thu Mar 12 14:18:24 CET 2026
#@# Curvature Stats rh Thu Mar 12 14:18:26 CET 2026
#@# Cortical Parc 2 rh Thu Mar 12 14:18:29 CET 2026
#@# Cortical Parc 3 rh Thu Mar 12 14:18:41 CET 2026
#@# WM/GM Contrast rh Thu Mar 12 14:18:50 CET 2026
recon-all -s sub-v1s17x0051133_ses-1 finished without error at Thu Mar 12 14:18:53 CET 2026



#New# invocation of recon-all 



status file for recon-all
Thu Mar 12 14:26:37 CET 2026
#@# white curv rh Thu Mar 12 14:26:37 CET 2026
#@# white area rh Thu Mar 12 14:26:37 CET 2026
#@# pial curv rh Thu Mar 12 14:26:37 CET 2026
#@# pial area rh Thu Mar 12 14:26:37 CET 2026
#@# thickness rh Thu Mar 12 14:26:37 CET 2026
#@# area and vertex vol rh Thu Mar 12 14:26:37 CET 2026
#@# Parcellation Stats rh Thu Mar 12 14:26:37 CET 2026
#@# Parcellation Stats 2 rh Thu Mar 12 14:26:59 CET 2026
#@# Parcellation Stats 3 rh Thu Mar 12 14:27:10 CET 2026
#@# BA_exvivo Labels rh Thu Mar 12 14:27:21 CET 2026
recon-all -s sub-v1s17x0051133_ses-1 finished without error at Thu Mar 12 14:29:49 CET 2026
