status file for recon-all
Thu Mar 12 13:08:35 CET 2026
#@# Tessellate lh Thu Mar 12 13:08:35 CET 2026
#@# Smooth1 lh Thu Mar 12 13:08:38 CET 2026
#@# Inflation1 lh Thu Mar 12 13:08:41 CET 2026
#@# QSphere lh Thu Mar 12 13:08:58 CET 2026
#@# Fix Topology lh Thu Mar 12 13:10:33 CET 2026
#@# Smooth2 lh Thu Mar 12 13:24:31 CET 2026
#@# Inflation2 lh Thu Mar 12 13:24:34 CET 2026
#@# Curv .H and .K lh Thu Mar 12 13:24:48 CET 2026
#@# Sphere lh Thu Mar 12 13:25:34 CET 2026
#@# Surf Reg lh Thu Mar 12 13:30:47 CET 2026
#@# Jacobian white lh Thu Mar 12 13:36:54 CET 2026
#@# AvgCurv lh Thu Mar 12 13:36:55 CET 2026
#@# Cortical Parc lh Thu Mar 12 13:36:55 CET 2026
#@# white curv lh Thu Mar 12 13:43:13 CET 2026
#@# white area lh Thu Mar 12 13:43:14 CET 2026
#@# pial curv lh Thu Mar 12 13:43:15 CET 2026
#@# pial area lh Thu Mar 12 13:43:17 CET 2026
#@# thickness lh Thu Mar 12 13:43:17 CET 2026
#@# area and vertex vol lh Thu Mar 12 13:43:45 CET 2026
#@# Curvature Stats lh Thu Mar 12 13:43:46 CET 2026
#@# Cortical Parc 2 lh Thu Mar 12 13:43:48 CET 2026
#@# Cortical Parc 3 lh Thu Mar 12 13:44:00 CET 2026
#@# WM/GM Contrast lh Thu Mar 12 13:44:09 CET 2026
recon-all -s sub-v1s17x0051133_ses-1 finished without error at Thu Mar 12 13:44:11 CET 2026



#New# invocation of recon-all 



status file for recon-all
Thu Mar 12 14:23:35 CET 2026
#@# white curv lh Thu Mar 12 14:23:35 CET 2026
#@# white area lh Thu Mar 12 14:23:35 CET 2026
#@# pial curv lh Thu Mar 12 14:23:35 CET 2026
#@# pial area lh Thu Mar 12 14:23:35 CET 2026
#@# thickness lh Thu Mar 12 14:23:35 CET 2026
#@# area and vertex vol lh Thu Mar 12 14:23:35 CET 2026
#@# Parcellation Stats lh Thu Mar 12 14:23:35 CET 2026
#@# Parcellation Stats 2 lh Thu Mar 12 14:23:58 CET 2026
#@# Parcellation Stats 3 lh Thu Mar 12 14:24:09 CET 2026
#@# BA_exvivo Labels lh Thu Mar 12 14:24:19 CET 2026
recon-all -s sub-v1s17x0051133_ses-1 finished without error at Thu Mar 12 14:26:35 CET 2026
