status file for recon-all
Thu Mar 12 11:46:40 CET 2026
#@# MotionCor Thu Mar 12 11:46:41 CET 2026
#@# Talairach Thu Mar 12 11:46:47 CET 2026
#@# Talairach Failure Detection Thu Mar 12 11:49:37 CET 2026
#@# Nu Intensity Correction Thu Mar 12 11:49:37 CET 2026
#@# Intensity Normalization Thu Mar 12 11:52:21 CET 2026
recon-all -s sub-v1s17x0051133_ses-1 finished without error at Thu Mar 12 11:53:23 CET 2026



#New# invocation of recon-all 



status file for recon-all
Thu Mar 12 11:59:53 CET 2026
#@# EM Registration Thu Mar 12 11:59:53 CET 2026
recon-all -s sub-v1s17x0051133_ses-1 finished without error at Thu Mar 12 12:01:24 CET 2026



#New# invocation of recon-all 



status file for recon-all
Thu Mar 12 12:01:26 CET 2026
#@# CA Normalize Thu Mar 12 12:01:26 CET 2026
#@# CA Reg Thu Mar 12 12:02:22 CET 2026
#@# SubCort Seg Thu Mar 12 12:40:43 CET 2026
#@# CC Seg Thu Mar 12 13:04:16 CET 2026
#@# Merge ASeg Thu Mar 12 13:04:39 CET 2026
#@# Intensity Normalization2 Thu Mar 12 13:04:39 CET 2026
#@# Mask BFS Thu Mar 12 13:06:07 CET 2026
#@# WM Segmentation Thu Mar 12 13:06:08 CET 2026
#@# Fill Thu Mar 12 13:07:50 CET 2026
recon-all -s sub-v1s17x0051133_ses-1 finished without error at Thu Mar 12 13:08:30 CET 2026



#New# invocation of recon-all 



status file for recon-all
Thu Mar 12 14:18:57 CET 2026
#@# white curv lh Thu Mar 12 14:18:57 CET 2026
#@# white area lh Thu Mar 12 14:18:57 CET 2026
#@# pial curv lh Thu Mar 12 14:18:57 CET 2026
#@# pial area lh Thu Mar 12 14:18:57 CET 2026
#@# thickness lh Thu Mar 12 14:18:57 CET 2026
#@# area and vertex vol lh Thu Mar 12 14:18:57 CET 2026
#@# white curv rh Thu Mar 12 14:18:57 CET 2026
#@# white area rh Thu Mar 12 14:18:57 CET 2026
#@# pial curv rh Thu Mar 12 14:18:57 CET 2026
#@# pial area rh Thu Mar 12 14:18:57 CET 2026
#@# thickness rh Thu Mar 12 14:18:57 CET 2026
#@# area and vertex vol rh Thu Mar 12 14:18:57 CET 2026
#@# Cortical ribbon mask Thu Mar 12 14:18:57 CET 2026
recon-all -s sub-v1s17x0051133_ses-1 finished without error at Thu Mar 12 14:23:31 CET 2026



#New# invocation of recon-all 



status file for recon-all
Thu Mar 12 14:29:53 CET 2026
#@# white curv lh Thu Mar 12 14:29:53 CET 2026
#@# white area lh Thu Mar 12 14:29:53 CET 2026
#@# pial curv lh Thu Mar 12 14:29:53 CET 2026
#@# pial area lh Thu Mar 12 14:29:53 CET 2026
#@# thickness lh Thu Mar 12 14:29:53 CET 2026
#@# area and vertex vol lh Thu Mar 12 14:29:53 CET 2026
#@# white curv rh Thu Mar 12 14:29:53 CET 2026
#@# white area rh Thu Mar 12 14:29:53 CET 2026
#@# pial curv rh Thu Mar 12 14:29:53 CET 2026
#@# pial area rh Thu Mar 12 14:29:53 CET 2026
#@# thickness rh Thu Mar 12 14:29:53 CET 2026
#@# area and vertex vol rh Thu Mar 12 14:29:53 CET 2026
#@# Curvature Stats lh Thu Mar 12 14:29:53 CET 2026
#@# Curvature Stats rh Thu Mar 12 14:29:56 CET 2026
#@# Relabel Hypointensities Thu Mar 12 14:29:58 CET 2026
#@# APas-to-ASeg Thu Mar 12 14:30:10 CET 2026
#@# AParc-to-ASeg aparc Thu Mar 12 14:30:17 CET 2026
#@# AParc-to-ASeg aparc.a2009s Thu Mar 12 14:31:01 CET 2026
#@# AParc-to-ASeg aparc.DKTatlas Thu Mar 12 14:31:45 CET 2026
#@# WMParc Thu Mar 12 14:32:35 CET 2026
#@# ASeg Stats Thu Mar 12 14:34:47 CET 2026
recon-all -s sub-v1s17x0051133_ses-1 finished without error at Thu Mar 12 14:35:10 CET 2026
