/out/sourcedata/freesurfer/sub-v1s17x0050261_ses-1/mri
/opt/freesurfer/bin/talairach_avi
--i orig_nu.mgz --xfm transforms/talairach.auto.xfm
talairach_avi 7.3.2
Linux dna060 5.14.0-427.37.1.el9_4.x86_64 #1 SMP PREEMPT_DYNAMIC Fri Sep 13 12:41:50 EDT 2024 x86_64 x86_64 x86_64 GNU/Linux
Mon Mar  9 02:31:32 CET 2026
mri_convert orig_nu.mgz talsrcimg.img 
reading from orig_nu.mgz...
TR=0.00, TE=0.00, TI=0.00, flip angle=0.00
i_ras = (-1, -5.2205e-10, 0)
j_ras = (0, -1.16415e-10, -1)
k_ras = (-1.34605e-09, 1, 0)
writing to talsrcimg.img...
Analyze Output Matrix
-1.00000   0.00000  -0.00000   127.94337;
-0.00000  -0.00000   1.00000  -126.41878;
 0.00000  -1.00000   0.00000   133.16347;
 0.00000   0.00000   0.00000   1.00000;
--------------------
INFO: set hdr.hist.orient to -1
mpr2mni305 talsrcimg
Mon Mar  9 02:31:33 CET 2026
/opt/freesurfer/bin/mpr2mni305 talsrcimg
mpr2mni305 7.3.2
target=711-2C_as_mni_average_305

---------------------------------------------------------------------
analyzeto4dfp talsrcimg -O0 -y
---------------------------------------------------------------------

freesurfer ifh2hdr.c
Mon Mar  9 02:31:33 2026
Writing: talsrcimg.4dfp.hdr
freesurfer analyzeto4dfp.c
Reading: talsrcimg.hdr
header size 348 bytes
hdr.dime.datatype	offset=70	value=2
hdr.dime.bitpix		offset=72	value=8
hdr.hist.orient		offset=252	value=-1
dimensionality     4
dimensions       256       256       256         1
Reading: talsrcimg.img
Writing: talsrcimg.4dfp.img
Writing: talsrcimg.4dfp.ifh
ifh2hdr talsrcimg -r0to255
ori=2

---------------------------------------------------------------------
gauss_4dfp talsrcimg 1.1
---------------------------------------------------------------------

freesurfer gauss_4dfp.c
Reading: talsrcimg.4dfp.img
Writing: talsrcimg_g11.4dfp.img
image dimensions 256 256 256 padded to 288 288 288
processing volume 1freesurfer ifh2hdr.c
Mon Mar  9 02:31:35 2026
Writing: talsrcimg_g11.4dfp.hdr

Writing: talsrcimg_g11.4dfp.ifh
including: talsrcimg.4dfp.img.rec in talsrcimg_g11.4dfp.img.rec

---------------------------------------------------------------------
imgreg_4dfp /opt/freesurfer/average/711-2C_as_mni_average_305 none talsrcimg_g11 none talsrcimg_to_711-2C_as_mni_average_305_t4 4355
---------------------------------------------------------------------

freesurfer imgreg_4dfp.c
/opt/freesurfer/average/711-2C_as_mni_average_305.4dfp.img
       256       256       256         1
  1.000000  1.000000  1.000000
orientation T byte_order littleendian
Reading image: /opt/freesurfer/average/711-2C_as_mni_average_305.4dfp.img
dimensions:      256       256       256
mmppix:       1.0000   -1.0000   -1.0000
center:     128.0000 -129.0000 -129.0000
talsrcimg_g11.4dfp.img
       256       256       256         1
  1.000000  1.000000  1.000000
orientation T byte_order littleendian
Reading image: talsrcimg_g11.4dfp.img
dimensions:      256       256       256
mmppix:       1.0000   -1.0000   -1.0000
center:     128.0000 -129.0000 -129.0000
t4_read: open error in t4_sub.f l:  41 t4_file(1:l)talsrcimg_to_711-2C_as_mni_average_305_t4 
t4_read: transform initialized to I4
rotation matrix determinant  1.000000
image alignment mode   4355 decimal     1103 hex
   -7.5000  -45.0000  -45.0000 9058.8799   13.7829
    0.0000  -45.0000  -45.0000 9473.9121   13.8215
    7.5000  -45.0000  -45.0000 9032.0615   13.8340
   -7.5000  -37.5000  -45.0000 9568.1074   13.7726
    0.0000  -37.5000  -45.000010003.8926   13.8106
    7.5000  -37.5000  -45.0000 9530.8242   13.8190
   -7.5000  -30.0000  -45.000010367.5547   13.7728
    0.0000  -30.0000  -45.000010827.1807   13.8077
    7.5000  -30.0000  -45.000010303.9551   13.8131
   -7.5000  -22.5000  -45.000011107.7939   13.7864
    0.0000  -22.5000  -45.000011605.3662   13.8188
    7.5000  -22.5000  -45.000011058.5332   13.8247
   -7.5000  -15.0000  -45.000011792.5605   13.7990
    0.0000  -15.0000  -45.000012309.2637   13.8322
    7.5000  -15.0000  -45.000011730.2676   13.8416
   -7.5000   -7.5000  -45.000012337.1133   13.7952
    0.0000   -7.5000  -45.000012850.6045   13.8316
    7.5000   -7.5000  -45.000012257.9092   13.8446
   -7.5000    0.0000  -45.000012793.8926   13.7825
    0.0000    0.0000  -45.000013325.8232   13.8211
    7.5000    0.0000  -45.000012700.1172   13.8336
   -7.5000    7.5000  -45.000012295.1855   13.7726
    0.0000    7.5000  -45.000012790.8809   13.8106
    7.5000    7.5000  -45.000012203.4209   13.8190
   -7.5000   15.0000  -45.000011601.6904   13.7728
    0.0000   15.0000  -45.000012095.4033   13.8077
    7.5000   15.0000  -45.000011546.7568   13.8131
   -7.5000   22.5000  -45.000010764.4102   13.7845
    0.0000   22.5000  -45.000011215.5957   13.8169
    7.5000   22.5000  -45.000010713.4521   13.8228
   -7.5000   30.0000  -45.0000 9833.3545   13.6151
    0.0000   30.0000  -45.000010236.7256   13.6478
    7.5000   30.0000  -45.0000 9765.8594   13.6572
   -7.5000   37.5000  -45.0000 9325.1719   13.6214
    0.0000   37.5000  -45.0000 9706.4492   13.6572
    7.5000   37.5000  -45.0000 9259.6641   13.6702
   -7.5000   45.0000  -45.0000 8509.6318   13.3358
    0.0000   45.0000  -45.0000 8858.6133   13.3723
    7.5000   45.0000  -45.0000 8445.2734   13.3840
   -7.5000  -45.0000  -37.5000 9548.1748   13.7766
    0.0000  -45.0000  -37.5000 9972.4395   13.8128
    7.5000  -45.0000  -37.5000 9516.1387   13.8242
   -7.5000  -37.5000  -37.500010079.8223   13.7668
    0.0000  -37.5000  -37.500010511.8027   13.8041
    7.5000  -37.5000  -37.500010025.2266   13.8140
   -7.5000  -30.0000  -37.500010941.3994   13.7668
    0.0000  -30.0000  -37.500011419.8174   13.8022
    7.5000  -30.0000  -37.500010880.6387   13.8095
   -7.5000  -22.5000  -37.500011725.6396   13.7796
    0.0000  -22.5000  -37.500012251.3652   13.8118
    7.5000  -22.5000  -37.500011676.7656   13.8174
   -7.5000  -15.0000  -37.500012416.6484   13.7911
    0.0000  -15.0000  -37.500012948.0176   13.8226
    7.5000  -15.0000  -37.500012356.3350   13.8294
   -7.5000   -7.5000  -37.500012966.7412   13.7878
    0.0000   -7.5000  -37.500013509.9551   13.8213
    7.5000   -7.5000  -37.500012895.7295   13.8312
   -7.5000    0.0000  -37.500013444.2227   13.7762
    0.0000    0.0000  -37.500013995.7842   13.8124
    7.5000    0.0000  -37.500013338.8223   13.8238
   -7.5000    7.5000  -37.500012878.7881   13.7668
    0.0000    7.5000  -37.500013387.2295   13.8041
    7.5000    7.5000  -37.500012780.3584   13.8140
   -7.5000   15.0000  -37.500012174.5557   13.7668
    0.0000   15.0000  -37.500012663.4600   13.8022
    7.5000   15.0000  -37.500012086.1934   13.8095
   -7.5000   22.5000  -37.500011266.7373   13.7777
    0.0000   22.5000  -37.500011721.3945   13.8099
    7.5000   22.5000  -37.500011217.7061   13.8155
   -7.5000   30.0000  -37.500010262.1309   13.6073
    0.0000   30.0000  -37.500010662.8652   13.6384
    7.5000   30.0000  -37.500010213.1133   13.6451
   -7.5000   37.5000  -37.5000 9707.9551   13.6139
    0.0000   37.5000  -37.500010073.7578   13.6470
    7.5000   37.5000  -37.5000 9633.6631   13.6567
   -7.5000   45.0000  -37.5000 8825.5518   13.3292
    0.0000   45.0000  -37.5000 9159.9443   13.3630
    7.5000   45.0000  -37.5000 8741.5225   13.3734
   -7.5000  -45.0000  -30.000010169.9727   14.3639
    0.0000  -45.0000  -30.000010631.9854   14.3999
    7.5000  -45.0000  -30.000010151.8145   14.4075
   -7.5000  -37.5000  -30.000010747.2539   14.3605
    0.0000  -37.5000  -30.000011231.9844   14.3986
    7.5000  -37.5000  -30.000010689.5957   14.4064
   -7.5000  -30.0000  -30.000011663.5400   14.3622
    0.0000  -30.0000  -30.000012190.1504   14.4000
    7.5000  -30.0000  -30.000011611.4570   14.4059
   -7.5000  -22.5000  -30.000012464.5371   14.3689
    0.0000  -22.5000  -30.000013059.7969   14.4041
    7.5000  -22.5000  -30.000012417.5254   14.4077
   -7.5000  -15.0000  -30.000013190.6738   14.3736
    0.0000  -15.0000  -30.000013773.9541   14.4076
    7.5000  -15.0000  -30.000013121.3818   14.4106
   -7.5000   -7.5000  -30.000013799.5166   14.3700
    0.0000   -7.5000  -30.000014401.2217   14.4043
    7.5000   -7.5000  -30.000013716.8516   14.4095
   -7.5000    0.0000  -30.000014264.4297   14.3635
    0.0000    0.0000  -30.000014880.7852   14.3994
    7.5000    0.0000  -30.000014176.5273   14.4071
   -7.5000    7.5000  -30.000013613.4785   14.3605
    0.0000    7.5000  -30.000014190.0469   14.3986
    7.5000    7.5000  -30.000013537.1768   14.4064
   -7.5000   15.0000  -30.000012852.0791   14.3622
    0.0000   15.0000  -30.000013367.8447   14.4000
    7.5000   15.0000  -30.000012764.2695   14.4059
   -7.5000   22.5000  -30.000011902.2207   14.3654
    0.0000   22.5000  -30.000012361.2949   14.4007
    7.5000   22.5000  -30.000011846.0254   14.4042
   -7.5000   30.0000  -30.000010828.0654   14.1834
    0.0000   30.0000  -30.000011228.5859   14.2169
    7.5000   30.0000  -30.000010764.8477   14.2199
   -7.5000   37.5000  -30.000010219.5557   14.1911
    0.0000   37.5000  -30.000010579.2363   14.2250
    7.5000   37.5000  -30.000010146.5996   14.2301
   -7.5000   45.0000  -30.0000 9265.6133   13.9084
    0.0000   45.0000  -30.0000 9593.2510   13.9421
    7.5000   45.0000  -30.0000 9170.4355   13.9489
   -7.5000  -45.0000  -22.500010797.6914   14.8713
    0.0000  -45.0000  -22.500011275.3828   14.9104
    7.5000  -45.0000  -22.500010782.7197   14.9148
   -7.5000  -37.5000  -22.500011382.6797   14.8752
    0.0000  -37.5000  -22.500011900.5303   14.9153
    7.5000  -37.5000  -22.500011337.8955   14.9188
   -7.5000  -30.0000  -22.500012321.7754   14.8803
    0.0000  -30.0000  -22.500012895.8203   14.9207
    7.5000  -30.0000  -22.500012293.5332   14.9226
   -7.5000  -22.5000  -22.500013168.0596   14.8817
    0.0000  -22.5000  -22.500013792.6963   14.9214
    7.5000  -22.5000  -22.500013125.9990   14.9229
   -7.5000  -15.0000  -22.500013901.6729   14.8796
    0.0000  -15.0000  -22.500014521.3262   14.9192
    7.5000  -15.0000  -22.500013850.3086   14.9218
   -7.5000   -7.5000  -22.500014559.7646   14.8739
    0.0000   -7.5000  -22.500015242.9473   14.9132
    7.5000   -7.5000  -22.500014500.7422   14.9172
   -7.5000    0.0000  -22.500015021.3408   14.8709
    0.0000    0.0000  -22.500015724.6172   14.9099
    7.5000    0.0000  -22.500014977.7617   14.9144
   -7.5000    7.5000  -22.500014283.6719   14.8752
    0.0000    7.5000  -22.500014962.8945   14.9153
    7.5000    7.5000  -22.500014241.1270   14.9188
   -7.5000   15.0000  -22.500013425.1143   14.8803
    0.0000   15.0000  -22.500014022.1680   14.9207
    7.5000   15.0000  -22.500013363.1270   14.9226
   -7.5000   22.5000  -22.500012476.9395   14.8772
    0.0000   22.5000  -22.500012976.8135   14.9168
    7.5000   22.5000  -22.500012400.3105   14.9183
   -7.5000   30.0000  -22.500011351.6152   14.6850
    0.0000   30.0000  -22.500011784.4756   14.7241
    7.5000   30.0000  -22.500011274.1865   14.7267
   -7.5000   37.5000  -22.500010705.8818   14.6920
    0.0000   37.5000  -22.500011105.5889   14.7308
    7.5000   37.5000  -22.500010638.1963   14.7347
   -7.5000   45.0000  -22.5000 9684.5947   14.4121
    0.0000   45.0000  -22.500010050.2969   14.4496
    7.5000   45.0000  -22.5000 9602.9160   14.4537
   -7.5000  -45.0000  -15.000011424.7617   15.2367
    0.0000  -45.0000  -15.000011911.2178   15.2794
    7.5000  -45.0000  -15.000011403.3047   15.2847
   -7.5000  -37.5000  -15.000011974.4014   15.2424
    0.0000  -37.5000  -15.000012532.3545   15.2842
    7.5000  -37.5000  -15.000011968.2178   15.2859
   -7.5000  -30.0000  -15.000012931.8750   15.2495
    0.0000  -30.0000  -15.000013540.6348   15.2906
    7.5000  -30.0000  -15.000012924.8955   15.2904
   -7.5000  -22.5000  -15.000013840.7637   15.2511
    0.0000  -22.5000  -15.000014494.7861   15.2922
    7.5000  -22.5000  -15.000013795.3271   15.2941
   -7.5000  -15.0000  -15.000014598.1816   15.2478
    0.0000  -15.0000  -15.000015277.4355   15.2908
    7.5000  -15.0000  -15.000014578.9014   15.2964
   -7.5000   -7.5000  -15.000015237.3721   15.2401
    0.0000   -7.5000  -15.000016009.8564   15.2839
    7.5000   -7.5000  -15.000015259.8545   15.2910
   -7.5000    0.0000  -15.000015702.8604   15.2362
    0.0000    0.0000  -15.000016519.4102   15.2789
    7.5000    0.0000  -15.000015730.1768   15.2842
   -7.5000    7.5000  -15.000014900.8047   15.2424
    0.0000    7.5000  -15.000015658.8906   15.2842
    7.5000    7.5000  -15.000014909.6416   15.2859
   -7.5000   15.0000  -15.000014004.6572   15.2495
    0.0000   15.0000  -15.000014649.9199   15.2906
    7.5000   15.0000  -15.000013940.3379   15.2904
   -7.5000   22.5000  -15.000012992.5000   15.2457
    0.0000   22.5000  -15.000013559.8525   15.2868
    7.5000   22.5000  -15.000012925.3691   15.2887
   -7.5000   30.0000  -15.000011844.1553   15.0505
    0.0000   30.0000  -15.000012339.6240   15.0929
    7.5000   30.0000  -15.000011783.8438   15.0984
   -7.5000   37.5000  -15.000011183.4736   15.0559
    0.0000   37.5000  -15.000011641.3672   15.0990
    7.5000   37.5000  -15.000011107.0605   15.1062
   -7.5000   45.0000  -15.000010121.2637   14.7756
    0.0000   45.0000  -15.000010522.5703   14.8172
    7.5000   45.0000  -15.000010038.8682   14.8225
   -7.5000  -45.0000   -7.500012048.9209   15.4084
    0.0000  -45.0000   -7.500012588.2812   15.4522
    7.5000  -45.0000   -7.500012026.3643   15.4623
   -7.5000  -37.5000   -7.500012596.7100   15.4060
    0.0000  -37.5000   -7.500013183.1250   15.4482
    7.5000  -37.5000   -7.500012584.1807   15.4531
   -7.5000  -30.0000   -7.500013579.5117   15.4098
    0.0000  -30.0000   -7.500014206.8945   15.4495
    7.5000  -30.0000   -7.500013583.8662   15.4516
   -7.5000  -22.5000   -7.500014541.8809   15.4181
    0.0000  -22.5000   -7.500015212.5488   15.4565
    7.5000  -22.5000   -7.500014488.4463   15.4610
   -7.5000  -15.0000   -7.500015433.2705   15.4233
    0.0000  -15.0000   -7.500016207.5283   15.4638
    7.5000  -15.0000   -7.500015396.5703   15.4732
   -7.5000   -7.5000   -7.500016091.0615   15.4169
    0.0000   -7.5000   -7.500016968.6660   15.4602
    7.5000   -7.5000   -7.500016124.0850   15.4727
   -7.5000    0.0000   -7.500016512.5840   15.4079
    0.0000    0.0000   -7.500017376.3984   15.4517
    7.5000    0.0000   -7.500016508.7480   15.4619
   -7.5000    7.5000   -7.500015636.4951   15.4060
    0.0000    7.5000   -7.500016425.8359   15.4482
    7.5000    7.5000   -7.500015590.2188   15.4531
   -7.5000   15.0000   -7.500014681.0938   15.4098
    0.0000   15.0000   -7.500015373.6553   15.4495
    7.5000   15.0000   -7.500014570.0723   15.4516
   -7.5000   22.5000   -7.500013606.6396   15.4110
    0.0000   22.5000   -7.500014216.0098   15.4494
    7.5000   22.5000   -7.500013502.9336   15.4538
   -7.5000   30.0000   -7.500012414.0723   15.2233
    0.0000   30.0000   -7.500012960.3633   15.2633
    7.5000   30.0000   -7.500012328.7070   15.2726
   -7.5000   37.5000   -7.500011724.3408   15.2293
    0.0000   37.5000   -7.500012234.2158   15.2721
    7.5000   37.5000   -7.500011629.1611   15.2844
   -7.5000   45.0000   -7.500010594.2822   14.9439
    0.0000   45.0000   -7.500011025.3125   14.9862
    7.5000   45.0000   -7.500010487.2666   14.9960
   -7.5000  -45.0000    0.000012546.9482   15.4232
    0.0000  -45.0000    0.000013129.1396   15.4664
    7.5000  -45.0000    0.000012557.8359   15.4804
   -7.5000  -37.5000    0.000013142.2285   15.4117
    0.0000  -37.5000    0.000013751.2285   15.4542
    7.5000  -37.5000    0.000013156.6738   15.4636
   -7.5000  -30.0000    0.000014196.0439   15.4120
    0.0000  -30.0000    0.000014827.1602   15.4509
    7.5000  -30.0000    0.000014192.5508   15.4570
   -7.5000  -22.5000    0.000015213.1133   15.4272
    0.0000  -22.5000    0.000015946.7109   15.4634
    7.5000  -22.5000    0.000015165.9160   15.4700
   -7.5000  -15.0000    0.000016230.3486   15.4413
    0.0000  -15.0000    0.000017169.0117   15.4784
    7.5000  -15.0000    0.000016161.6689   15.4889
   -7.5000   -7.5000    0.000017016.9238   15.4370
    0.0000   -7.5000    0.000017973.2832   15.4777
    7.5000   -7.5000    0.000016899.1172   15.4923
   -7.5000    0.0000    0.000017400.2930   15.4228
    0.0000    0.0000    0.000018241.1914   15.4659
    7.5000    0.0000    0.000017224.1270   15.4799
   -7.5000    7.5000    0.000016406.6328   15.4117
    0.0000    7.5000    0.000017179.1523   15.4542
    7.5000    7.5000    0.000016262.2402   15.4636
   -7.5000   15.0000    0.000015324.5625   15.4120
    0.0000   15.0000    0.000016019.4287   15.4509
    7.5000   15.0000    0.000015200.6982   15.4570
   -7.5000   22.5000    0.000014154.1689   15.4201
    0.0000   22.5000    0.000014759.8760   15.4563
    7.5000   22.5000    0.000014035.6328   15.4629
   -7.5000   30.0000    0.000012892.3428   15.2414
    0.0000   30.0000    0.000013429.0498   15.2780
    7.5000   30.0000    0.000012777.9893   15.2885
   -7.5000   37.5000    0.000012138.8779   15.2484
    0.0000   37.5000    0.000012656.2744   15.2886
    7.5000   37.5000    0.000012045.6328   15.3030
   -7.5000   45.0000    0.000010950.0430   14.9581
    0.0000   45.0000    0.000011387.5596   14.9990
    7.5000   45.0000    0.000010852.4180   15.0121
   -7.5000  -45.0000    7.500012125.6191   15.4164
    0.0000  -45.0000    7.500012664.5898   15.4569
    7.5000  -45.0000    7.500012119.1504   15.4697
   -7.5000  -37.5000    7.500012727.9277   15.4054
    0.0000  -37.5000    7.500013307.4707   15.4471
    7.5000  -37.5000    7.500012714.5303   15.4582
   -7.5000  -30.0000    7.500013766.1133   15.4054
    0.0000  -30.0000    7.500014335.1367   15.4450
    7.5000  -30.0000    7.500013698.8242   15.4532
   -7.5000  -22.5000    7.500014703.6436   15.4197
    0.0000  -22.5000    7.500015354.3613   15.4558
    7.5000  -22.5000    7.500014619.0244   15.4621
   -7.5000  -15.0000    7.500015626.5000   15.4326
    0.0000  -15.0000    7.500016392.4941   15.4679
    7.5000  -15.0000    7.500015538.7500   15.4754
   -7.5000   -7.5000    7.500016375.3330   15.4289
    0.0000   -7.5000    7.500017138.4941   15.4664
    7.5000   -7.5000    7.500016207.2812   15.4775
   -7.5000    0.0000    7.500016808.9707   15.4159
    0.0000    0.0000    7.500017565.8066   15.4565
    7.5000    0.0000    7.500016612.9766   15.4692
   -7.5000    7.5000    7.500015839.4795   15.4054
    0.0000    7.5000    7.500016604.4707   15.4471
    7.5000    7.5000    7.500015707.5645   15.4582
   -7.5000   15.0000    7.500014734.1514   15.4054
    0.0000   15.0000    7.500015438.5303   15.4450
    7.5000   15.0000    7.500014652.7852   15.4532
   -7.5000   22.5000    7.500013562.4678   15.4126
    0.0000   22.5000    7.500014170.5059   15.4486
    7.5000   22.5000    7.500013485.1865   15.4550
   -7.5000   30.0000    7.500012371.3135   15.2329
    0.0000   30.0000    7.500012886.2520   15.2677
    7.5000   30.0000    7.500012291.9111   15.2751
   -7.5000   37.5000    7.500011651.3984   15.2403
    0.0000   37.5000    7.500012133.8525   15.2773
    7.5000   37.5000    7.500011564.1113   15.2882
   -7.5000   45.0000    7.500010506.5957   14.9509
    0.0000   45.0000    7.500010934.9775   14.9888
    7.5000   45.0000    7.500010427.2852   15.0004
   -7.5000  -45.0000   15.000011585.0312   15.4245
    0.0000  -45.0000   15.000012109.7090   15.4631
    7.5000  -45.0000   15.000011539.8555   15.4713
   -7.5000  -37.5000   15.000012141.9521   15.4208
    0.0000  -37.5000   15.000012675.5283   15.4617
    7.5000  -37.5000   15.000012117.9141   15.4702
   -7.5000  -30.0000   15.000013108.5488   15.4227
    0.0000  -30.0000   15.000013631.6514   15.4633
    7.5000  -30.0000   15.000013052.1494   15.4696
   -7.5000  -22.5000   15.000013971.9658   15.4298
    0.0000  -22.5000   15.000014576.0479   15.4677
    7.5000  -22.5000   15.000013953.0381   15.4715
   -7.5000  -15.0000   15.000014789.0391   15.4350
    0.0000  -15.0000   15.000015456.3457   15.4714
    7.5000  -15.0000   15.000014798.7490   15.4747
   -7.5000   -7.5000   15.000015466.7080   15.4310
    0.0000   -7.5000   15.000016116.4170   15.4679
    7.5000   -7.5000   15.000015450.2344   15.4735
   -7.5000    0.0000   15.000015895.7236   15.4240
    0.0000    0.0000   15.000016575.0801   15.4627
    7.5000    0.0000   15.000015880.9707   15.4708
   -7.5000    7.5000   15.000015057.5430   15.4208
    0.0000    7.5000   15.000015728.3750   15.4617
    7.5000    7.5000   15.000015035.5967   15.4702
   -7.5000   15.0000   15.000014038.3311   15.4227
    0.0000   15.0000   15.000014668.5938   15.4633
    7.5000   15.0000   15.000013999.9648   15.4696
   -7.5000   22.5000   15.000012906.0732   15.4227
    0.0000   22.5000   15.000013447.9951   15.4606
    7.5000   22.5000   15.000012826.7461   15.4644
   -7.5000   30.0000   15.000011779.9160   15.2352
    0.0000   30.0000   15.000012236.2969   15.2712
    7.5000   30.0000   15.000011683.3506   15.2744
   -7.5000   37.5000   15.000011077.6758   15.2434
    0.0000   37.5000   15.000011508.3311   15.2798
    7.5000   37.5000   15.000010967.2393   15.2854
   -7.5000   45.0000   15.0000 9951.1709   14.9595
    0.0000   45.0000   15.000010350.8389   14.9958
    7.5000   45.0000   15.0000 9861.2354   15.0031
   -7.5000  -45.0000   22.500010828.7598   15.4410
    0.0000  -45.0000   22.500011324.6211   15.4816
    7.5000  -45.0000   22.500010807.8848   15.4862
   -7.5000  -37.5000   22.500011357.1016   15.4450
    0.0000  -37.5000   22.500011862.2061   15.4866
    7.5000  -37.5000   22.500011368.6221   15.4903
   -7.5000  -30.0000   22.500012266.3936   15.4502
    0.0000  -30.0000   22.500012769.0889   15.4923
    7.5000  -30.0000   22.500012258.6123   15.4942
   -7.5000  -22.5000   22.500013134.9785   15.4518
    0.0000  -22.5000   22.500013701.2578   15.4929
    7.5000  -22.5000   22.500013114.1133   15.4945
   -7.5000  -15.0000   22.500013918.9785   15.4496
    0.0000  -15.0000   22.500014492.3867   15.4907
    7.5000  -15.0000   22.500013877.0430   15.4934
   -7.5000   -7.5000   22.500014547.8945   15.4436
    0.0000   -7.5000   22.500015098.1260   15.4845
    7.5000   -7.5000   22.500014478.3740   15.4886
   -7.5000    0.0000   22.500014985.7998   15.4405
    0.0000    0.0000   22.500015543.9170   15.4811
    7.5000    0.0000   22.500014922.5010   15.4857
   -7.5000    7.5000   22.500014211.4541   15.4450
    0.0000    7.5000   22.500014754.2256   15.4866
    7.5000    7.5000   22.500014150.1377   15.4903
   -7.5000   15.0000   22.500013225.5215   15.4502
    0.0000   15.0000   22.500013742.8730   15.4923
    7.5000   15.0000   22.500013165.2471   15.4942
   -7.5000   22.5000   22.500012140.8213   15.4446
    0.0000   22.5000   22.500012590.0869   15.4858
    7.5000   22.5000   22.500012053.1631   15.4874
   -7.5000   30.0000   22.500011064.4189   15.2496
    0.0000   30.0000   22.500011480.8418   15.2902
    7.5000   30.0000   22.500010976.4463   15.2929
   -7.5000   37.5000   22.500010412.9805   15.2569
    0.0000   37.5000   22.500010827.9678   15.2972
    7.5000   37.5000   22.500010331.4160   15.3013
   -7.5000   45.0000   22.5000 9342.1104   14.9772
    0.0000   45.0000   22.5000 9699.9023   15.0162
    7.5000   45.0000   22.5000 9253.6689   15.0204
   -7.5000  -45.0000   30.0000 9999.7783   15.5691
    0.0000  -45.0000   30.000010455.8623   15.6132
    7.5000  -45.0000   30.0000 9997.8320   15.6187
   -7.5000  -37.5000   30.000010497.0732   15.5753
    0.0000  -37.5000   30.000010978.1455   15.6184
    7.5000  -37.5000   30.000010527.8740   15.6201
   -7.5000  -30.0000   30.000011362.3311   15.5828
    0.0000  -30.0000   30.000011874.9023   15.6253
    7.5000  -30.0000   30.000011377.9043   15.6250
   -7.5000  -22.5000   30.000012192.2197   15.5845
    0.0000  -22.5000   30.000012741.1611   15.6271
    7.5000  -22.5000   30.000012178.6025   15.6290
   -7.5000  -15.0000   30.000012907.1748   15.5810
    0.0000  -15.0000   30.000013443.1279   15.6254
    7.5000  -15.0000   30.000012864.1650   15.6312
   -7.5000   -7.5000   30.000013495.4629   15.5727
    0.0000   -7.5000   30.000014024.6475   15.6180
    7.5000   -7.5000   30.000013420.4102   15.6254
   -7.5000    0.0000   30.000013933.9502   15.5686
    0.0000    0.0000   30.000014457.0596   15.6127
    7.5000    0.0000   30.000013844.2959   15.6182
   -7.5000    7.5000   30.000013248.1084   15.5753
    0.0000    7.5000   30.000013735.6279   15.6184
    7.5000    7.5000   30.000013153.8828   15.6201
   -7.5000   15.0000   30.000012327.5391   15.5828
    0.0000   15.0000   30.000012792.3408   15.6253
    7.5000   15.0000   30.000012241.0596   15.6250
   -7.5000   22.5000   30.000011325.6328   15.5774
    0.0000   22.5000   30.000011740.4844   15.6199
    7.5000   22.5000   30.000011225.3242   15.6218
   -7.5000   30.0000   30.000010324.7256   15.3793
    0.0000   30.0000   30.000010712.3799   15.4232
    7.5000   30.0000   30.000010231.0322   15.4289
   -7.5000   37.5000   30.0000 9732.4639   15.3846
    0.0000   37.5000   30.000010100.3994   15.4292
    7.5000   37.5000   30.0000 9637.6094   15.4365
   -7.5000   45.0000   30.0000 8691.3018   15.1027
    0.0000   45.0000   30.0000 9011.3174   15.1457
    7.5000   45.0000   30.0000 8605.2080   15.1511
   -7.5000  -45.0000   37.5000 9507.8408   15.7649
    0.0000  -45.0000   37.5000 9952.1064   15.8099
    7.5000  -45.0000   37.5000 9509.7959   15.8200
   -7.5000  -37.5000   37.500010022.7998   15.7624
    0.0000  -37.5000   37.500010490.8350   15.8061
    7.5000  -37.5000   37.500010032.1045   15.8107
   -7.5000  -30.0000   37.500010849.7363   15.7662
    0.0000  -30.0000   37.500011355.1602   15.8077
    7.5000  -30.0000   37.500010853.9473   15.8095
   -7.5000  -22.5000   37.500011643.4219   15.7746
    0.0000  -22.5000   37.500012172.8682   15.8149
    7.5000  -22.5000   37.500011624.8467   15.8194
   -7.5000  -15.0000   37.500012320.3672   15.7800
    0.0000  -15.0000   37.500012852.8652   15.8223
    7.5000  -15.0000   37.500012284.0713   15.8320
   -7.5000   -7.5000   37.500012881.7002   15.7737
    0.0000   -7.5000   37.500013413.6348   15.8184
    7.5000   -7.5000   37.500012839.8359   15.8310
   -7.5000    0.0000   37.500013324.0977   15.7644
    0.0000    0.0000   37.500013859.3809   15.8094
    7.5000    0.0000   37.500013259.0479   15.8195
   -7.5000    7.5000   37.500012683.7637   15.7624
    0.0000    7.5000   37.500013173.0879   15.8061
    7.5000    7.5000   37.500012609.1182   15.8107
   -7.5000   15.0000   37.500011815.4062   15.7662
    0.0000   15.0000   37.500012278.3906   15.8077
    7.5000   15.0000   37.500011748.1182   15.8095
   -7.5000   22.5000   37.500010851.5098   15.7673
    0.0000   22.5000   37.500011278.8389   15.8076
    7.5000   22.5000   37.500010784.6768   15.8121
   -7.5000   30.0000   37.5000 9906.3818   15.5758
    0.0000   30.0000   37.500010302.8613   15.6175
    7.5000   30.0000   37.5000 9837.3271   15.6271
   -7.5000   37.5000   37.5000 9331.5713   15.5824
    0.0000   37.5000   37.5000 9719.5859   15.6265
    7.5000   37.5000   37.5000 9261.0605   15.6391
   -7.5000   45.0000   37.5000 8347.5400   15.2928
    0.0000   45.0000   37.5000 8693.5879   15.3364
    7.5000   45.0000   37.5000 8285.8730   15.3460
   -7.5000  -45.0000   45.0000 8617.5254   16.0214
    0.0000  -45.0000   45.0000 9041.9512   16.0630
    7.5000  -45.0000   45.0000 8622.9912   16.0744
   -7.5000  -37.5000   45.0000 9105.0000   16.0104
    0.0000  -37.5000   45.0000 9564.5020   16.0518
    7.5000  -37.5000   45.0000 9126.6719   16.0587
   -7.5000  -30.0000   45.0000 9890.1143   16.0101
    0.0000  -30.0000   45.000010366.1748   16.0493
    7.5000  -30.0000   45.0000 9904.8379   16.0535
   -7.5000  -22.5000   45.000010599.5518   16.0241
    0.0000  -22.5000   45.000011082.1533   16.0616
    7.5000  -22.5000   45.000010589.3320   16.0669
   -7.5000  -15.0000   45.000011193.3604   16.0377
    0.0000  -15.0000   45.000011697.9961   16.0759
    7.5000  -15.0000   45.000011181.5166   16.0852
   -7.5000   -7.5000   45.000011734.7598   16.0340
    0.0000   -7.5000   45.000012245.0176   16.0743
    7.5000   -7.5000   45.000011717.2188   16.0870
   -7.5000    0.0000   45.000012154.4219   16.0209
    0.0000    0.0000   45.000012671.0342   16.0625
    7.5000    0.0000   45.000012128.0703   16.0738
   -7.5000    7.5000   45.000011571.2510   16.0104
    0.0000    7.5000   45.000012048.4199   16.0518
    7.5000    7.5000   45.000011536.5146   16.0587
   -7.5000   15.0000   45.000010798.1611   16.0101
    0.0000   15.0000   45.000011254.2021   16.0493
    7.5000   15.0000   45.000010768.7695   16.0535
   -7.5000   22.5000   45.0000 9922.2002   16.0167
    0.0000   22.5000   45.000010360.0547   16.0542
    7.5000   22.5000   45.0000 9890.8281   16.0594
   -7.5000   30.0000   45.0000 9076.7070   15.8288
    0.0000   30.0000   45.0000 9471.5674   15.8665
    7.5000   30.0000   45.0000 9037.6436   15.8756
   -7.5000   37.5000   45.0000 8551.1338   15.8340
    0.0000   37.5000   45.0000 8925.3613   15.8738
    7.5000   37.5000   45.0000 8498.2285   15.8864
   -7.5000   45.0000   45.0000 7662.3403   15.5400
    0.0000   45.0000   45.0000 7985.1274   15.5793
    7.5000   45.0000   45.0000 7604.8296   15.5898

---------------------------------------------------------------------
imgreg_4dfp /opt/freesurfer/average/711-2C_as_mni_average_305 /opt/freesurfer/average/711-2B_as_mni_average_305_mask talsrcimg_g11 none talsrcimg_to_711-2C_as_mni_average_305_t4 4355
---------------------------------------------------------------------

freesurfer imgreg_4dfp.c
/opt/freesurfer/average/711-2C_as_mni_average_305.4dfp.img
       256       256       256         1
  1.000000  1.000000  1.000000
orientation T byte_order littleendian
Reading image: /opt/freesurfer/average/711-2C_as_mni_average_305.4dfp.img
dimensions:      256       256       256
mmppix:       1.0000   -1.0000   -1.0000
center:     128.0000 -129.0000 -129.0000
/opt/freesurfer/average/711-2B_as_mni_average_305_mask.4dfp.img
       256       256       256         1
  1.000000  1.000000  1.000000
orientation T byte_order littleendian
Reading mask: /opt/freesurfer/average/711-2B_as_mni_average_305_mask.4dfp.img (2306576 pixels)
talsrcimg_g11.4dfp.img
       256       256       256         1
  1.000000  1.000000  1.000000
orientation T byte_order littleendian
Reading image: talsrcimg_g11.4dfp.img
dimensions:      256       256       256
mmppix:       1.0000   -1.0000   -1.0000
center:     128.0000 -129.0000 -129.0000
rotation matrix determinant  1.000000
image alignment mode   4355 decimal     1103 hex
   -7.5000  -45.0000  -45.0000 2266.0986   13.4013
    0.0000  -45.0000  -45.0000 2277.5181   13.3787
    7.5000  -45.0000  -45.0000 2256.0825   13.5286
   -7.5000  -37.5000  -45.0000 2324.8113   12.5385
    0.0000  -37.5000  -45.0000 2337.5090   12.5080
    7.5000  -37.5000  -45.0000 2311.4465   12.6771
   -7.5000  -30.0000  -45.0000 2362.7747   11.9876
    0.0000  -30.0000  -45.0000 2374.0681   11.9263
    7.5000  -30.0000  -45.0000 2345.6685   12.0994
   -7.5000  -22.5000  -45.0000 2378.6667   11.7405
    0.0000  -22.5000  -45.0000 2393.3218   11.6431
    7.5000  -22.5000  -45.0000 2366.7983   11.8240
   -7.5000  -15.0000  -45.0000 2387.1155   11.6084
    0.0000  -15.0000  -45.0000 2402.3652   11.5059
    7.5000  -15.0000  -45.0000 2374.6187   11.6904
   -7.5000   -7.5000  -45.0000 2387.2615   11.6684
    0.0000   -7.5000  -45.0000 2402.5876   11.5571
    7.5000   -7.5000  -45.0000 2373.1890   11.7385
   -7.5000    0.0000  -45.0000 2361.4097   11.9488
    0.0000    0.0000  -45.0000 2378.9470   11.8428
    7.5000    0.0000  -45.0000 2352.1401   12.0228
   -7.5000    7.5000  -45.0000 2320.9128   12.4157
    0.0000    7.5000  -45.0000 2335.0320   12.3143
    7.5000    7.5000  -45.0000 2309.5918   12.4924
   -7.5000   15.0000  -45.0000 2250.2441   13.1320
    0.0000   15.0000  -45.0000 2272.1248   12.9977
    7.5000   15.0000  -45.0000 2249.1553   13.1779
   -7.5000   22.5000  -45.0000 2171.6711   14.1104
    0.0000   22.5000  -45.0000 2189.3779   14.0159
    7.5000   22.5000  -45.0000 2167.4436   14.1898
   -7.5000   30.0000  -45.0000 2074.9460   15.5309
    0.0000   30.0000  -45.0000 2090.5989   15.4052
    7.5000   30.0000  -45.0000 2066.9375   15.6002
   -7.5000   37.5000  -45.0000 1965.5879   17.4255
    0.0000   37.5000  -45.0000 1982.5183   17.3016
    7.5000   37.5000  -45.0000 1958.1620   17.5133
   -7.5000   45.0000  -45.0000 1845.4896   19.8754
    0.0000   45.0000  -45.0000 1862.7543   19.7674
    7.5000   45.0000  -45.0000 1843.3909   19.9696
   -7.5000  -45.0000  -37.5000 2348.9128   12.5208
    0.0000  -45.0000  -37.5000 2360.3000   12.4961
    7.5000  -45.0000  -37.5000 2338.1040   12.6412
   -7.5000  -37.5000  -37.5000 2415.5725   11.6934
    0.0000  -37.5000  -37.5000 2423.3066   11.6451
    7.5000  -37.5000  -37.5000 2399.2307   11.7809
   -7.5000  -30.0000  -37.5000 2460.2517   11.1799
    0.0000  -30.0000  -37.5000 2472.8821   11.1021
    7.5000  -30.0000  -37.5000 2444.5496   11.2355
   -7.5000  -22.5000  -37.5000 2485.4111   10.8921
    0.0000  -22.5000  -37.5000 2501.0374   10.7929
    7.5000  -22.5000  -37.5000 2473.3293   10.9435
   -7.5000  -15.0000  -37.5000 2489.1243   10.8106
    0.0000  -15.0000  -37.5000 2505.8770   10.6950
    7.5000  -15.0000  -37.5000 2478.6907   10.8558
   -7.5000   -7.5000  -37.5000 2483.0449   10.8706
    0.0000   -7.5000  -37.5000 2500.7476   10.7542
    7.5000   -7.5000  -37.5000 2474.3403   10.9149
   -7.5000    0.0000  -37.5000 2464.0513   11.1104
    0.0000    0.0000  -37.5000 2484.9377   10.9905
    7.5000    0.0000  -37.5000 2455.7366   11.1498
   -7.5000    7.5000  -37.5000 2421.6660   11.5198
    0.0000    7.5000  -37.5000 2443.0837   11.3960
    7.5000    7.5000  -37.5000 2414.1536   11.5564
   -7.5000   15.0000  -37.5000 2351.3333   12.1328
    0.0000   15.0000  -37.5000 2374.7073   11.9977
    7.5000   15.0000  -37.5000 2347.9250   12.1673
   -7.5000   22.5000  -37.5000 2262.7124   13.0242
    0.0000   22.5000  -37.5000 2282.2705   12.8925
    7.5000   22.5000  -37.5000 2259.3311   13.0734
   -7.5000   30.0000  -37.5000 2157.7622   14.3267
    0.0000   30.0000  -37.5000 2175.5139   14.1787
    7.5000   30.0000  -37.5000 2155.0635   14.3855
   -7.5000   37.5000  -37.5000 2042.7949   16.0507
    0.0000   37.5000  -37.5000 2058.8052   15.9157
    7.5000   37.5000  -37.5000 2036.0725   16.1140
   -7.5000   45.0000  -37.5000 1913.5532   18.2854
    0.0000   45.0000  -37.5000 1932.9727   18.1774
    7.5000   45.0000  -37.5000 1911.7128   18.3553
   -7.5000  -45.0000  -30.0000 2460.7903   12.1607
    0.0000  -45.0000  -30.0000 2472.2173   12.1171
    7.5000  -45.0000  -30.0000 2449.6548   12.2849
   -7.5000  -37.5000  -30.0000 2543.6929   11.3243
    0.0000  -37.5000  -30.0000 2554.1943   11.2471
    7.5000  -37.5000  -30.0000 2527.6152   11.4073
   -7.5000  -30.0000  -30.0000 2591.4446   10.8037
    0.0000  -30.0000  -30.0000 2606.9458   10.7290
    7.5000  -30.0000  -30.0000 2581.9661   10.8534
   -7.5000  -22.5000  -30.0000 2620.8242   10.5055
    0.0000  -22.5000  -30.0000 2642.1873   10.4086
    7.5000  -22.5000  -30.0000 2610.8489   10.5289
   -7.5000  -15.0000  -30.0000 2637.2810   10.3925
    0.0000  -15.0000  -30.0000 2657.7292   10.2801
    7.5000  -15.0000  -30.0000 2624.5662   10.4177
   -7.5000   -7.5000  -30.0000 2634.2544   10.4712
    0.0000   -7.5000  -30.0000 2655.9048   10.3558
    7.5000   -7.5000  -30.0000 2623.9138   10.5043
   -7.5000    0.0000  -30.0000 2615.1116   10.7284
    0.0000    0.0000  -30.0000 2641.2832   10.6004
    7.5000    0.0000  -30.0000 2610.4087   10.7429
   -7.5000    7.5000  -30.0000 2572.1685   11.1019
    0.0000    7.5000  -30.0000 2597.5767   10.9584
    7.5000    7.5000  -30.0000 2566.8948   11.1183
   -7.5000   15.0000  -30.0000 2499.3589   11.6699
    0.0000   15.0000  -30.0000 2522.8650   11.5284
    7.5000   15.0000  -30.0000 2493.3857   11.6819
   -7.5000   22.5000  -30.0000 2402.7400   12.5222
    0.0000   22.5000  -30.0000 2422.0125   12.3814
    7.5000   22.5000  -30.0000 2400.1230   12.5363
   -7.5000   30.0000  -30.0000 2282.7493   13.7756
    0.0000   30.0000  -30.0000 2301.7295   13.6114
    7.5000   30.0000  -30.0000 2283.0527   13.7996
   -7.5000   37.5000  -30.0000 2155.4917   15.4038
    0.0000   37.5000  -30.0000 2173.4282   15.2574
    7.5000   37.5000  -30.0000 2154.4905   15.4427
   -7.5000   45.0000  -30.0000 2017.4482   17.5472
    0.0000   45.0000  -30.0000 2035.7462   17.4062
    7.5000   45.0000  -30.0000 2015.1765   17.5996
   -7.5000  -45.0000  -22.5000 2540.0349   11.7705
    0.0000  -45.0000  -22.5000 2551.1038   11.7198
    7.5000  -45.0000  -22.5000 2530.6213   11.8780
   -7.5000  -37.5000  -22.5000 2632.8594   10.9258
    0.0000  -37.5000  -22.5000 2645.4690   10.8545
    7.5000  -37.5000  -22.5000 2617.0862   10.9991
   -7.5000  -30.0000  -22.5000 2692.0623   10.3442
    0.0000  -30.0000  -22.5000 2705.1660   10.2862
    7.5000  -30.0000  -22.5000 2679.0642   10.4019
   -7.5000  -22.5000  -22.5000 2730.3872   10.0142
    0.0000  -22.5000  -22.5000 2747.5681    9.9431
    7.5000  -22.5000  -22.5000 2715.1929   10.0622
   -7.5000  -15.0000  -22.5000 2751.9163    9.8977
    0.0000  -15.0000  -22.5000 2771.7864    9.8069
    7.5000  -15.0000  -22.5000 2739.2036    9.9428
   -7.5000   -7.5000  -22.5000 2763.0908    9.9710
    0.0000   -7.5000  -22.5000 2784.8420    9.8760
    7.5000   -7.5000  -22.5000 2748.8586   10.0082
   -7.5000    0.0000  -22.5000 2742.2590   10.2276
    0.0000    0.0000  -22.5000 2773.0520   10.1265
    7.5000    0.0000  -22.5000 2737.5366   10.2558
   -7.5000    7.5000  -22.5000 2689.3689   10.6073
    0.0000    7.5000  -22.5000 2722.2722   10.4768
    7.5000    7.5000  -22.5000 2689.0618   10.6280
   -7.5000   15.0000  -22.5000 2614.2866   11.1440
    0.0000   15.0000  -22.5000 2642.6782   11.0225
    7.5000   15.0000  -22.5000 2611.1897   11.1528
   -7.5000   22.5000  -22.5000 2514.2080   11.9831
    0.0000   22.5000  -22.5000 2533.9158   11.8491
    7.5000   22.5000  -22.5000 2506.7363   12.0003
   -7.5000   30.0000  -22.5000 2384.2305   13.1813
    0.0000   30.0000  -22.5000 2402.6921   13.0337
    7.5000   30.0000  -22.5000 2378.9109   13.2030
   -7.5000   37.5000  -22.5000 2242.8923   14.7631
    0.0000   37.5000  -22.5000 2263.7048   14.6144
    7.5000   37.5000  -22.5000 2244.8975   14.7983
   -7.5000   45.0000  -22.5000 2094.4983   16.8177
    0.0000   45.0000  -22.5000 2116.5835   16.6540
    7.5000   45.0000  -22.5000 2097.1104   16.8738
   -7.5000  -45.0000  -15.0000 2586.9373   11.4407
    0.0000  -45.0000  -15.0000 2595.5820   11.3763
    7.5000  -45.0000  -15.0000 2570.6140   11.5679
   -7.5000  -37.5000  -15.0000 2678.4285   10.5642
    0.0000  -37.5000  -15.0000 2695.0728   10.5100
    7.5000  -37.5000  -15.0000 2664.6736   10.6686
   -7.5000  -30.0000  -15.0000 2753.4302    9.9242
    0.0000  -30.0000  -15.0000 2769.0542    9.8875
    7.5000  -30.0000  -15.0000 2738.8010   10.0271
   -7.5000  -22.5000  -15.0000 2808.1218    9.5751
    0.0000  -22.5000  -15.0000 2825.2014    9.5177
    7.5000  -22.5000  -15.0000 2792.3254    9.6551
   -7.5000  -15.0000  -15.0000 2833.3269    9.4661
    0.0000  -15.0000  -15.0000 2861.3320    9.3921
    7.5000  -15.0000  -15.0000 2822.2769    9.5330
   -7.5000   -7.5000  -15.0000 2852.0183    9.5139
    0.0000   -7.5000  -15.0000 2884.6055    9.4403
    7.5000   -7.5000  -15.0000 2840.6975    9.5928
   -7.5000    0.0000  -15.0000 2832.0071    9.7614
    0.0000    0.0000  -15.0000 2871.3591    9.6664
    7.5000    0.0000  -15.0000 2826.8999    9.8202
   -7.5000    7.5000  -15.0000 2776.0750   10.1292
    0.0000    7.5000  -15.0000 2812.2383   10.0421
    7.5000    7.5000  -15.0000 2774.4868   10.1788
   -7.5000   15.0000  -15.0000 2698.3064   10.6639
    0.0000   15.0000  -15.0000 2725.2864   10.5710
    7.5000   15.0000  -15.0000 2691.9597   10.7117
   -7.5000   22.5000  -15.0000 2585.7246   11.4860
    0.0000   22.5000  -15.0000 2610.5027   11.3708
    7.5000   22.5000  -15.0000 2579.6162   11.5356
   -7.5000   30.0000  -15.0000 2449.3967   12.6706
    0.0000   30.0000  -15.0000 2470.8677   12.5422
    7.5000   30.0000  -15.0000 2442.0842   12.7371
   -7.5000   37.5000  -15.0000 2300.9734   14.2002
    0.0000   37.5000  -15.0000 2323.3799   14.0694
    7.5000   37.5000  -15.0000 2295.6023   14.2943
   -7.5000   45.0000  -15.0000 2149.8770   16.1544
    0.0000   45.0000  -15.0000 2166.1226   16.0216
    7.5000   45.0000  -15.0000 2144.4995   16.2329
   -7.5000  -45.0000   -7.5000 2601.4844   11.2046
    0.0000  -45.0000   -7.5000 2616.4163   11.1325
    7.5000  -45.0000   -7.5000 2588.6907   11.3329
   -7.5000  -37.5000   -7.5000 2696.9246   10.3030
    0.0000  -37.5000   -7.5000 2718.0972   10.2327
    7.5000  -37.5000   -7.5000 2684.9534   10.3974
   -7.5000  -30.0000   -7.5000 2784.5955    9.6388
    0.0000  -30.0000   -7.5000 2806.5710    9.5726
    7.5000  -30.0000   -7.5000 2779.0886    9.7063
   -7.5000  -22.5000   -7.5000 2851.8713    9.2637
    0.0000  -22.5000   -7.5000 2874.5300    9.1933
    7.5000  -22.5000   -7.5000 2844.4211    9.3178
   -7.5000  -15.0000   -7.5000 2897.7227    9.1506
    0.0000  -15.0000   -7.5000 2932.9810    9.0722
    7.5000  -15.0000   -7.5000 2891.5508    9.1914
   -7.5000   -7.5000   -7.5000 2915.4092    9.2031
    0.0000   -7.5000   -7.5000 2954.7822    9.1525
    7.5000   -7.5000   -7.5000 2905.7266    9.2748
   -7.5000    0.0000   -7.5000 2892.8875    9.3994
    0.0000    0.0000   -7.5000 2934.8240    9.3371
    7.5000    0.0000   -7.5000 2881.7500    9.4752
   -7.5000    7.5000   -7.5000 2832.7910    9.7527
    0.0000    7.5000   -7.5000 2870.8931    9.6748
    7.5000    7.5000   -7.5000 2827.3616    9.8156
   -7.5000   15.0000   -7.5000 2746.7510   10.3107
    0.0000   15.0000   -7.5000 2777.6077   10.2210
    7.5000   15.0000   -7.5000 2741.5400   10.3545
   -7.5000   22.5000   -7.5000 2623.3601   11.1421
    0.0000   22.5000   -7.5000 2655.4736   11.0215
    7.5000   22.5000   -7.5000 2622.5542   11.1834
   -7.5000   30.0000   -7.5000 2484.3135   12.2910
    0.0000   30.0000   -7.5000 2511.0710   12.1638
    7.5000   30.0000   -7.5000 2477.5488   12.3565
   -7.5000   37.5000   -7.5000 2333.3826   13.7703
    0.0000   37.5000   -7.5000 2355.5266   13.6445
    7.5000   37.5000   -7.5000 2328.2866   13.8413
   -7.5000   45.0000   -7.5000 2175.2866   15.6389
    0.0000   45.0000   -7.5000 2195.5833   15.4993
    7.5000   45.0000   -7.5000 2174.1362   15.7110
   -7.5000  -45.0000    0.0000 2590.4534   11.1031
    0.0000  -45.0000    0.0000 2604.8997   11.0142
    7.5000  -45.0000    0.0000 2580.7871   11.2313
   -7.5000  -37.5000    0.0000 2696.6511   10.1678
    0.0000  -37.5000    0.0000 2714.5146   10.0828
    7.5000  -37.5000    0.0000 2688.3660   10.2740
   -7.5000  -30.0000    0.0000 2793.1973    9.5015
    0.0000  -30.0000    0.0000 2818.1052    9.4176
    7.5000  -30.0000    0.0000 2788.9875    9.5763
   -7.5000  -22.5000    0.0000 2874.6067    9.1154
    0.0000  -22.5000    0.0000 2902.1951    9.0326
    7.5000  -22.5000    0.0000 2869.8987    9.1641
   -7.5000  -15.0000    0.0000 2934.3447    9.0023
    0.0000  -15.0000    0.0000 2974.1030    8.9281
    7.5000  -15.0000    0.0000 2930.0554    9.0174
   -7.5000   -7.5000    0.0000 2953.2512    9.0607
    0.0000   -7.5000    0.0000 3006.6479    9.0186
    7.5000   -7.5000    0.0000 2951.1409    9.0762
   -7.5000    0.0000    0.0000 2922.5500    9.2284
    0.0000    0.0000    0.0000 2966.8906    9.1381
    7.5000    0.0000    0.0000 2913.7986    9.2627
   -7.5000    7.5000    0.0000 2854.5769    9.5783
    0.0000    7.5000    0.0000 2895.9949    9.4762
    7.5000    7.5000    0.0000 2850.8003    9.6170
   -7.5000   15.0000    0.0000 2760.0464   10.1364
    0.0000   15.0000    0.0000 2793.7358   10.0558
    7.5000   15.0000    0.0000 2761.3838   10.1932
   -7.5000   22.5000    0.0000 2636.6375   10.9587
    0.0000   22.5000    0.0000 2666.5854   10.8617
    7.5000   22.5000    0.0000 2638.3972   10.9958
   -7.5000   30.0000    0.0000 2493.7424   12.0576
    0.0000   30.0000    0.0000 2517.4177   11.9551
    7.5000   30.0000    0.0000 2491.7463   12.1163
   -7.5000   37.5000    0.0000 2342.7927   13.4947
    0.0000   37.5000    0.0000 2364.4419   13.3795
    7.5000   37.5000    0.0000 2340.6516   13.5736
   -7.5000   45.0000    0.0000 2181.7334   15.2932
    0.0000   45.0000    0.0000 2201.8855   15.1684
    7.5000   45.0000    0.0000 2181.4453   15.3531
   -7.5000  -45.0000    7.5000 2564.8186   11.1708
    0.0000  -45.0000    7.5000 2583.6924   11.0447
    7.5000  -45.0000    7.5000 2557.7651   11.2760
   -7.5000  -37.5000    7.5000 2672.5303   10.2391
    0.0000  -37.5000    7.5000 2694.8401   10.1228
    7.5000  -37.5000    7.5000 2669.4397   10.3218
   -7.5000  -30.0000    7.5000 2776.9463    9.5818
    0.0000  -30.0000    7.5000 2802.0664    9.4637
    7.5000  -30.0000    7.5000 2775.1050    9.6141
   -7.5000  -22.5000    7.5000 2866.3857    9.1426
    0.0000  -22.5000    7.5000 2896.7690    9.0343
    7.5000  -22.5000    7.5000 2862.2532    9.1670
   -7.5000  -15.0000    7.5000 2931.5574    8.9752
    0.0000  -15.0000    7.5000 2973.3865    8.8976
    7.5000  -15.0000    7.5000 2929.8118    9.0012
   -7.5000   -7.5000    7.5000 2957.3496    8.9886
    0.0000   -7.5000    7.5000 3010.7656    8.9047
    7.5000   -7.5000    7.5000 2954.6013    9.0148
   -7.5000    0.0000    7.5000 2919.8169    9.2075
    0.0000    0.0000    7.5000 2969.2708    9.0654
    7.5000    0.0000    7.5000 2922.4395    9.2104
   -7.5000    7.5000    7.5000 2847.3308    9.5919
    0.0000    7.5000    7.5000 2893.0615    9.4885
    7.5000    7.5000    7.5000 2853.5898    9.6180
   -7.5000   15.0000    7.5000 2748.6333   10.1673
    0.0000   15.0000    7.5000 2781.7832   10.0949
    7.5000   15.0000    7.5000 2752.7200   10.2251
   -7.5000   22.5000    7.5000 2624.7036   10.9550
    0.0000   22.5000    7.5000 2651.1455   10.8689
    7.5000   22.5000    7.5000 2627.7773   11.0168
   -7.5000   30.0000    7.5000 2482.9058   12.0137
    0.0000   30.0000    7.5000 2505.2014   11.9067
    7.5000   30.0000    7.5000 2484.4170   12.0934
   -7.5000   37.5000    7.5000 2331.4714   13.3917
    0.0000   37.5000    7.5000 2354.4460   13.2817
    7.5000   37.5000    7.5000 2333.7466   13.4825
   -7.5000   45.0000    7.5000 2169.9741   15.1340
    0.0000   45.0000    7.5000 2193.1799   15.0231
    7.5000   45.0000    7.5000 2174.6445   15.2329
   -7.5000  -45.0000   15.0000 2522.9990   11.4594
    0.0000  -45.0000   15.0000 2543.5344   11.3100
    7.5000  -45.0000   15.0000 2517.6609   11.5380
   -7.5000  -37.5000   15.0000 2630.2390   10.5106
    0.0000  -37.5000   15.0000 2653.1709   10.3618
    7.5000  -37.5000   15.0000 2629.5935   10.5472
   -7.5000  -30.0000   15.0000 2732.1555    9.8053
    0.0000  -30.0000   15.0000 2760.2556    9.6548
    7.5000  -30.0000   15.0000 2735.3242    9.8372
   -7.5000  -22.5000   15.0000 2828.7122    9.3294
    0.0000  -22.5000   15.0000 2863.1990    9.1862
    7.5000  -22.5000   15.0000 2831.6611    9.3731
   -7.5000  -15.0000   15.0000 2894.1377    9.1188
    0.0000  -15.0000   15.0000 2934.9312    9.0294
    7.5000  -15.0000   15.0000 2897.1848    9.1968
   -7.5000   -7.5000   15.0000 2923.0410    9.1188
    0.0000   -7.5000   15.0000 2971.1938    8.9962
    7.5000   -7.5000   15.0000 2924.0046    9.1932
   -7.5000    0.0000   15.0000 2883.5608    9.3473
    0.0000    0.0000   15.0000 2926.6421    9.2177
    7.5000    0.0000   15.0000 2887.4482    9.4032
   -7.5000    7.5000   15.0000 2809.4561    9.7842
    0.0000    7.5000   15.0000 2852.5955    9.6732
    7.5000    7.5000   15.0000 2818.3999    9.8326
   -7.5000   15.0000   15.0000 2704.6787   10.4094
    0.0000   15.0000   15.0000 2743.1479   10.2887
    7.5000   15.0000   15.0000 2715.0640   10.4344
   -7.5000   22.5000   15.0000 2580.9802   11.1975
    0.0000   22.5000   15.0000 2605.8079   11.0997
    7.5000   22.5000   15.0000 2585.4231   11.2469
   -7.5000   30.0000   15.0000 2445.0259   12.2192
    0.0000   30.0000   15.0000 2465.4993   12.1126
    7.5000   30.0000   15.0000 2448.9204   12.2814
   -7.5000   37.5000   15.0000 2296.3674   13.5557
    0.0000   37.5000   15.0000 2319.9421   13.4314
    7.5000   37.5000   15.0000 2302.1416   13.6161
   -7.5000   45.0000   15.0000 2141.7920   15.2429
    0.0000   45.0000   15.0000 2162.8770   15.1020
    7.5000   45.0000   15.0000 2147.1997   15.3060
   -7.5000  -45.0000   22.5000 2469.4929   11.9448
    0.0000  -45.0000   22.5000 2495.2134   11.7545
    7.5000  -45.0000   22.5000 2468.4900   11.9796
   -7.5000  -37.5000   22.5000 2574.6775   10.9473
    0.0000  -37.5000   22.5000 2603.4409   10.7735
    7.5000  -37.5000   22.5000 2580.9714   10.9903
   -7.5000  -30.0000   22.5000 2675.3499   10.2218
    0.0000  -30.0000   22.5000 2706.0742   10.0493
    7.5000  -30.0000   22.5000 2685.2520   10.2439
   -7.5000  -22.5000   22.5000 2769.6753    9.7470
    0.0000  -22.5000   22.5000 2805.1685    9.6075
    7.5000  -22.5000   22.5000 2777.9050    9.7654
   -7.5000  -15.0000   22.5000 2825.1814    9.5372
    0.0000  -15.0000   22.5000 2864.3296    9.4085
    7.5000  -15.0000   22.5000 2835.6567    9.5627
   -7.5000   -7.5000   22.5000 2841.6462    9.5450
    0.0000   -7.5000   22.5000 2884.8701    9.3853
    7.5000   -7.5000   22.5000 2852.3345    9.5674
   -7.5000    0.0000   22.5000 2813.6807    9.7533
    0.0000    0.0000   22.5000 2848.3662    9.6163
    7.5000    0.0000   22.5000 2823.0740    9.7906
   -7.5000    7.5000   22.5000 2745.2205   10.1628
    0.0000    7.5000   22.5000 2781.9763   10.0446
    7.5000    7.5000   22.5000 2756.5103   10.2107
   -7.5000   15.0000   22.5000 2651.7261   10.7695
    0.0000   15.0000   22.5000 2688.9690   10.6326
    7.5000   15.0000   22.5000 2664.1389   10.7937
   -7.5000   22.5000   22.5000 2531.1431   11.5750
    0.0000   22.5000   22.5000 2553.9495   11.4376
    7.5000   22.5000   22.5000 2537.4553   11.5940
   -7.5000   30.0000   22.5000 2396.6313   12.5968
    0.0000   30.0000   22.5000 2418.0061   12.4683
    7.5000   30.0000   22.5000 2402.6045   12.6410
   -7.5000   37.5000   22.5000 2251.1313   13.9136
    0.0000   37.5000   22.5000 2278.2527   13.7856
    7.5000   37.5000   22.5000 2262.7024   13.9516
   -7.5000   45.0000   22.5000 2098.8879   15.5669
    0.0000   45.0000   22.5000 2117.1284   15.4165
    7.5000   45.0000   22.5000 2104.5876   15.5907
   -7.5000  -45.0000   30.0000 2410.0884   12.6106
    0.0000  -45.0000   30.0000 2438.7021   12.3986
    7.5000  -45.0000   30.0000 2415.4971   12.6273
   -7.5000  -37.5000   30.0000 2513.8613   11.5790
    0.0000  -37.5000   30.0000 2546.3665   11.3779
    7.5000  -37.5000   30.0000 2527.8308   11.5865
   -7.5000  -30.0000   30.0000 2608.7683   10.8197
    0.0000  -30.0000   30.0000 2649.2917   10.6378
    7.5000  -30.0000   30.0000 2626.1755   10.8316
   -7.5000  -22.5000   30.0000 2691.2988   10.3575
    0.0000  -22.5000   30.0000 2730.2339   10.1958
    7.5000  -22.5000   30.0000 2706.8225   10.3511
   -7.5000  -15.0000   30.0000 2735.0808   10.1135
    0.0000  -15.0000   30.0000 2775.5491    9.9642
    7.5000  -15.0000   30.0000 2750.3838   10.1083
   -7.5000   -7.5000   30.0000 2743.9121   10.1133
    0.0000   -7.5000   30.0000 2784.8203    9.9495
    7.5000   -7.5000   30.0000 2757.9736   10.1099
   -7.5000    0.0000   30.0000 2716.1975   10.3451
    0.0000    0.0000   30.0000 2751.3958   10.2006
    7.5000    0.0000   30.0000 2730.0676   10.3336
   -7.5000    7.5000   30.0000 2657.4604   10.7411
    0.0000    7.5000   30.0000 2689.5820   10.6105
    7.5000    7.5000   30.0000 2668.8767   10.7403
   -7.5000   15.0000   30.0000 2572.7725   11.3233
    0.0000   15.0000   30.0000 2605.5286   11.1801
    7.5000   15.0000   30.0000 2584.4531   11.3225
   -7.5000   22.5000   30.0000 2463.0134   12.1031
    0.0000   22.5000   30.0000 2486.8254   11.9566
    7.5000   22.5000   30.0000 2476.2715   12.1076
   -7.5000   30.0000   30.0000 2341.0476   13.1074
    0.0000   30.0000   30.0000 2358.9370   12.9591
    7.5000   30.0000   30.0000 2347.1797   13.1226
   -7.5000   37.5000   30.0000 2199.9348   14.4260
    0.0000   37.5000   30.0000 2221.6814   14.3085
    7.5000   37.5000   30.0000 2209.5967   14.4678
   -7.5000   45.0000   30.0000 2046.8925   16.0620
    0.0000   45.0000   30.0000 2064.0215   15.9466
    7.5000   45.0000   30.0000 2051.6411   16.0980
   -7.5000  -45.0000   37.5000 2342.7415   13.4976
    0.0000  -45.0000   37.5000 2373.5835   13.2388
    7.5000  -45.0000   37.5000 2350.6292   13.4446
   -7.5000  -37.5000   37.5000 2448.5647   12.4035
    0.0000  -37.5000   37.5000 2483.1292   12.1864
    7.5000  -37.5000   37.5000 2463.9294   12.3711
   -7.5000  -30.0000   37.5000 2532.6279   11.6225
    0.0000  -30.0000   37.5000 2575.3530   11.4412
    7.5000  -30.0000   37.5000 2550.0312   11.6071
   -7.5000  -22.5000   37.5000 2603.2776   11.1286
    0.0000  -22.5000   37.5000 2644.6108   10.9547
    7.5000  -22.5000   37.5000 2619.3030   11.0970
   -7.5000  -15.0000   37.5000 2642.0581   10.8411
    0.0000  -15.0000   37.5000 2683.7239   10.6873
    7.5000  -15.0000   37.5000 2658.7302   10.8205
   -7.5000   -7.5000   37.5000 2645.7271   10.8352
    0.0000   -7.5000   37.5000 2682.9902   10.6770
    7.5000   -7.5000   37.5000 2662.1304   10.8180
   -7.5000    0.0000   37.5000 2613.2092   11.0673
    0.0000    0.0000   37.5000 2649.3738   10.9134
    7.5000    0.0000   37.5000 2631.0696   11.0357
   -7.5000    7.5000   37.5000 2559.7798   11.4439
    0.0000    7.5000   37.5000 2590.3616   11.2954
    7.5000    7.5000   37.5000 2574.1213   11.4263
   -7.5000   15.0000   37.5000 2486.2114   11.9941
    0.0000   15.0000   37.5000 2517.1042   11.8184
    7.5000   15.0000   37.5000 2496.0984   11.9509
   -7.5000   22.5000   37.5000 2389.9521   12.7427
    0.0000   22.5000   37.5000 2418.8979   12.5712
    7.5000   22.5000   37.5000 2402.6108   12.7178
   -7.5000   30.0000   37.5000 2274.2974   13.7318
    0.0000   30.0000   37.5000 2296.3306   13.5904
    7.5000   30.0000   37.5000 2281.2368   13.7401
   -7.5000   37.5000   37.5000 2137.9348   15.0790
    0.0000   37.5000   37.5000 2160.6470   14.9744
    7.5000   37.5000   37.5000 2148.3127   15.1024
   -7.5000   45.0000   37.5000 1990.2959   16.7715
    0.0000   45.0000   37.5000 2008.1632   16.6688
    7.5000   45.0000   37.5000 1996.9865   16.7899
   -7.5000  -45.0000   45.0000 2265.8955   14.5697
    0.0000  -45.0000   45.0000 2296.8076   14.3217
    7.5000  -45.0000   45.0000 2275.8237   14.4819
   -7.5000  -37.5000   45.0000 2370.4238   13.4263
    0.0000  -37.5000   45.0000 2407.8137   13.2280
    7.5000  -37.5000   45.0000 2386.5723   13.3825
   -7.5000  -30.0000   45.0000 2452.9675   12.6314
    0.0000  -30.0000   45.0000 2489.9482   12.4441
    7.5000  -30.0000   45.0000 2467.7146   12.5836
   -7.5000  -22.5000   45.0000 2511.0747   12.0657
    0.0000  -22.5000   45.0000 2545.5339   11.8824
    7.5000  -22.5000   45.0000 2526.1331   12.0077
   -7.5000  -15.0000   45.0000 2541.8220   11.7410
    0.0000  -15.0000   45.0000 2577.3835   11.5975
    7.5000  -15.0000   45.0000 2556.6545   11.7200
   -7.5000   -7.5000   45.0000 2545.5012   11.7144
    0.0000   -7.5000   45.0000 2576.3032   11.5796
    7.5000   -7.5000   45.0000 2558.8196   11.7086
   -7.5000    0.0000   45.0000 2510.5972   11.9224
    0.0000    0.0000   45.0000 2541.6873   11.7927
    7.5000    0.0000   45.0000 2529.1394   11.9118
   -7.5000    7.5000   45.0000 2456.7332   12.3040
    0.0000    7.5000   45.0000 2484.5061   12.1662
    7.5000    7.5000   45.0000 2471.7876   12.2750
   -7.5000   15.0000   45.0000 2389.7371   12.8141
    0.0000   15.0000   45.0000 2418.7578   12.6489
    7.5000   15.0000   45.0000 2403.1099   12.7714
   -7.5000   22.5000   45.0000 2310.2085   13.5235
    0.0000   22.5000   45.0000 2341.7283   13.3495
    7.5000   22.5000   45.0000 2323.8533   13.4816
   -7.5000   30.0000   45.0000 2198.6858   14.5359
    0.0000   30.0000   45.0000 2221.7571   14.3615
    7.5000   30.0000   45.0000 2208.2717   14.5080
   -7.5000   37.5000   45.0000 2069.0032   15.8878
    0.0000   37.5000   45.0000 2091.0784   15.7529
    7.5000   37.5000   45.0000 2077.4834   15.8935
   -7.5000   45.0000   45.0000 1929.6776   17.6662
    0.0000   45.0000   45.0000 1946.6935   17.5066
    7.5000   45.0000   45.0000 1934.8387   17.6417

---------------------------------------------------------------------
imgreg_4dfp /opt/freesurfer/average/711-2C_as_mni_average_305 /opt/freesurfer/average/711-2B_as_mni_average_305_mask talsrcimg_g11 none talsrcimg_to_711-2C_as_mni_average_305_t4 1283
---------------------------------------------------------------------

freesurfer imgreg_4dfp.c
/opt/freesurfer/average/711-2C_as_mni_average_305.4dfp.img
       256       256       256         1
  1.000000  1.000000  1.000000
orientation T byte_order littleendian
Reading image: /opt/freesurfer/average/711-2C_as_mni_average_305.4dfp.img
dimensions:      256       256       256
mmppix:       1.0000   -1.0000   -1.0000
center:     128.0000 -129.0000 -129.0000
/opt/freesurfer/average/711-2B_as_mni_average_305_mask.4dfp.img
       256       256       256         1
  1.000000  1.000000  1.000000
orientation T byte_order littleendian
Reading mask: /opt/freesurfer/average/711-2B_as_mni_average_305_mask.4dfp.img (2306576 pixels)
talsrcimg_g11.4dfp.img
       256       256       256         1
  1.000000  1.000000  1.000000
orientation T byte_order littleendian
Reading image: talsrcimg_g11.4dfp.img
dimensions:      256       256       256
mmppix:       1.0000   -1.0000   -1.0000
center:     128.0000 -129.0000 -129.0000
rotation matrix determinant  1.000000
fimgreg.f
image alignment mode   1283 decimal      503 hex
parameters
    0.0000   -7.5000    7.5000    0.0000    0.0000    0.0000
eta,q 0.94439  8.90546
niter,ni,del,rscale     5    3   12.0000    1.2000
parameter  3  0.511505 ->  0.500000 qaram    1.1500
parameter  4  1.981568 ->  0.500000 qaram    1.1500
parameters
    0.2923   -9.1633    4.0500   -3.4500   -0.1484   -1.1513
eta,q 0.94948  8.86458
  0.0695  0.0600  0.0571  0.0493  0.0558  0.0528
  0.0629  0.0568  0.0547  0.0500  0.0531  0.0514
  0.0590  0.0564  0.0544  0.0520  0.0512  0.0507
  0.0576  0.0573  0.0566  0.0545  0.0505  0.0505
  0.0579  0.0586  0.0605  0.0564  0.0512  0.0513
  0.0609  0.0619  0.0650  0.0590  0.0535  0.0533
  0.0677  0.0667  0.0697  0.0625  0.0564  0.0558
niter,ni,del,rscale     6    3   12.0000    1.2000
parameter  4  1.176241 ->  0.500000 qaram    1.3225
parameters
   -0.0748   -7.1212    3.7711   -7.4175   -0.1664   -1.5906
eta,q 0.95549  8.85304
  0.0613  0.0613  0.0600  0.0446  0.0511  0.0494
  0.0542  0.0570  0.0547  0.0443  0.0478  0.0467
  0.0504  0.0536  0.0499  0.0455  0.0455  0.0450
  0.0505  0.0503  0.0485  0.0485  0.0445  0.0445
  0.0528  0.0486  0.0513  0.0523  0.0455  0.0454
  0.0568  0.0497  0.0563  0.0557  0.0478  0.0479
  0.0633  0.0532  0.0614  0.0591  0.0512  0.0511
niter,ni,del,rscale     6    3   12.0000    1.2000
parameter  4  0.660929 ->  0.500000 qaram    1.5209
parameters
   -0.1108   -5.7344    3.0410  -11.9801    0.0898   -1.8579
eta,q 0.95816  8.91467
  0.0584  0.0592  0.0539  0.0420  0.0489  0.0465
  0.0512  0.0537  0.0477  0.0418  0.0453  0.0434
  0.0461  0.0482  0.0439  0.0421  0.0430  0.0420
  0.0445  0.0445  0.0439  0.0435  0.0419  0.0419
  0.0466  0.0442  0.0472  0.0469  0.0423  0.0425
  0.0516  0.0467  0.0524  0.0514  0.0443  0.0444
  0.0585  0.0506  0.0572  0.0562  0.0480  0.0470
niter,ni,del,rscale     6    3   12.0000    1.2000
parameters
   -0.1536   -4.1093    1.7672  -14.2059    0.1419   -1.7465
eta,q 0.96110  8.95511
  0.0566  0.0555  0.0493  0.0452  0.0462  0.0449
  0.0482  0.0496  0.0433  0.0400  0.0427  0.0418
  0.0429  0.0449  0.0398  0.0387  0.0401  0.0396
  0.0418  0.0418  0.0411  0.0398  0.0389  0.0389
  0.0440  0.0411  0.0454  0.0427  0.0398  0.0396
  0.0487  0.0427  0.0504  0.0478  0.0422  0.0414
  0.0566  0.0463  0.0558  0.0529  0.0462  0.0445
niter,ni,del,rscale     5    3   12.0000    1.2000
parameters
   -0.1980   -3.7656    1.1460  -14.5090    0.0921   -1.7523
eta,q 0.96153  8.97167
  0.0554  0.0524  0.0498  0.0501  0.0458  0.0445
  0.0464  0.0458  0.0433  0.0422  0.0423  0.0413
  0.0403  0.0407  0.0392  0.0387  0.0395  0.0391
  0.0389  0.0389  0.0389  0.0386  0.0385  0.0385
  0.0416  0.0400  0.0419  0.0405  0.0396  0.0392
  0.0470  0.0438  0.0473  0.0446  0.0422  0.0412
  0.0553  0.0497  0.0532  0.0504  0.0463  0.0445
niter,ni,del,rscale     4    3   12.0000    1.2000
parameters
   -0.1676   -3.6706    1.0328  -14.6434    0.0493   -1.7686
eta,q 0.96157  8.97459
  0.0557  0.0515  0.0515  0.0506  0.0458  0.0444
  0.0466  0.0447  0.0445  0.0426  0.0422  0.0412
  0.0403  0.0398  0.0398  0.0389  0.0394  0.0391
  0.0385  0.0385  0.0385  0.0385  0.0384  0.0384
  0.0410  0.0401  0.0408  0.0403  0.0395  0.0392
  0.0465  0.0444  0.0457  0.0443  0.0421  0.0412
  0.0550  0.0503  0.0517  0.0501  0.0461  0.0445
niter,ni,del,rscale     3    3   12.0000    1.2000
parameters
   -0.1483   -3.6371    0.9958  -14.6895    0.0297   -1.7763
eta,q 0.96158  8.97547
  0.0555  0.0512  0.0517  0.0509  0.0458  0.0444
  0.0465  0.0444  0.0447  0.0428  0.0422  0.0412
  0.0402  0.0397  0.0399  0.0389  0.0394  0.0391
  0.0384  0.0384  0.0384  0.0384  0.0384  0.0384
  0.0409  0.0402  0.0406  0.0402  0.0395  0.0392
  0.0465  0.0445  0.0455  0.0441  0.0420  0.0412
  0.0550  0.0506  0.0514  0.0499  0.0461  0.0445
registration optimization eta report
parameter search radius
    6.0000    6.0000    6.9000    9.1253    6.0000    6.0000
100000*second partial in parameter space
       46.       34.       27.       15.       21.       17.
  0.0555  0.0512  0.0517  0.0509  0.0458  0.0444
  0.0465  0.0444  0.0447  0.0428  0.0422  0.0412
  0.0402  0.0397  0.0399  0.0389  0.0394  0.0391
  0.0384  0.0384  0.0384  0.0384  0.0384  0.0384
  0.0409  0.0402  0.0406  0.0402  0.0395  0.0392
  0.0465  0.0445  0.0455  0.0441  0.0420  0.0412
  0.0550  0.0506  0.0514  0.0499  0.0461  0.0445
   -0.1483   -3.6371    0.9958  -14.6895    0.0297   -1.7763
eta,q 0.96158  8.97547

---------------------------------------------------------------------
imgreg_4dfp /opt/freesurfer/average/711-2C_as_mni_average_305 /opt/freesurfer/average/711-2B_as_mni_average_305_mask talsrcimg_g11 none talsrcimg_to_711-2C_as_mni_average_305_t4 3335
---------------------------------------------------------------------

freesurfer imgreg_4dfp.c
/opt/freesurfer/average/711-2C_as_mni_average_305.4dfp.img
       256       256       256         1
  1.000000  1.000000  1.000000
orientation T byte_order littleendian
Reading image: /opt/freesurfer/average/711-2C_as_mni_average_305.4dfp.img
dimensions:      256       256       256
mmppix:       1.0000   -1.0000   -1.0000
center:     128.0000 -129.0000 -129.0000
/opt/freesurfer/average/711-2B_as_mni_average_305_mask.4dfp.img
       256       256       256         1
  1.000000  1.000000  1.000000
orientation T byte_order littleendian
Reading mask: /opt/freesurfer/average/711-2B_as_mni_average_305_mask.4dfp.img (2306576 pixels)
talsrcimg_g11.4dfp.img
       256       256       256         1
  1.000000  1.000000  1.000000
orientation T byte_order littleendian
Reading image: talsrcimg_g11.4dfp.img
dimensions:      256       256       256
mmppix:       1.0000   -1.0000   -1.0000
center:     128.0000 -129.0000 -129.0000
fimgreg.f
image alignment mode   3335 decimal      D07 hex
parameters
   -0.1483   -3.6371    0.9958   -0.0481   -3.3155   -3.2686
    3.0116    0.7359   -3.0998   25.3475    0.0519  -25.3581
eta,q 0.96212  8.98107
niter,ni,del,rscale     5    3    5.0000    1.2000
parameter  4  0.655351 ->  0.500000 qaram    1.1500
parameter  5  1.151520 ->  0.500000 qaram    1.1500
parameter  6  1.015880 ->  0.500000 qaram    1.1500
parameter 12 -0.703879 -> -0.500000 qaram    1.1500
parameters
    0.1854   -3.3992    0.3401   -4.1881   -7.4555   -7.4086
    1.7547    2.7752   -2.1364   25.3072    2.4561  -21.2181
eta,q 0.96893  8.35973
  0.0415  0.0403  0.0385  0.0366  0.0339  0.0311  0.0335  0.0370  0.0339  0.0339  0.0331  0.0347
  0.0397  0.0390  0.0379  0.0365  0.0344  0.0319  0.0325  0.0348  0.0328  0.0328  0.0325  0.0335
  0.0385  0.0382  0.0377  0.0368  0.0353  0.0329  0.0321  0.0331  0.0321  0.0321  0.0321  0.0325
  0.0379  0.0378  0.0378  0.0377  0.0365  0.0346  0.0321  0.0320  0.0318  0.0318  0.0318  0.0317
  0.0379  0.0379  0.0382  0.0392  0.0381  0.0371  0.0326  0.0318  0.0319  0.0320  0.0317  0.0312
  0.0386  0.0384  0.0390  0.0415  0.0402  0.0406  0.0335  0.0323  0.0323  0.0327  0.0318  0.0311
  0.0400  0.0395  0.0401  0.0447  0.0430  0.0447  0.0348  0.0335  0.0330  0.0341  0.0321  0.0312
niter,ni,del,rscale     7    3    5.0000    1.2000
parameter  5  0.503962 ->  0.500000 qaram    1.3225
parameters
    0.2734   -3.4401    1.0168   -6.8015  -12.2165  -11.3336
    1.3272    2.8472   -2.5607   23.1444    2.7952  -20.8400
eta,q 0.97125  7.78793
  0.0339  0.0330  0.0332  0.0319  0.0307  0.0302  0.0312  0.0327  0.0305  0.0298  0.0298  0.0305
  0.0324  0.0319  0.0322  0.0310  0.0301  0.0292  0.0300  0.0308  0.0296  0.0290  0.0293  0.0296
  0.0315  0.0312  0.0315  0.0307  0.0301  0.0291  0.0292  0.0295  0.0291  0.0288  0.0289  0.0290
  0.0311  0.0311  0.0311  0.0310  0.0307  0.0301  0.0290  0.0290  0.0290  0.0290  0.0288  0.0288
  0.0313  0.0314  0.0310  0.0317  0.0318  0.0317  0.0294  0.0294  0.0293  0.0296  0.0288  0.0289
  0.0321  0.0320  0.0312  0.0331  0.0334  0.0341  0.0304  0.0307  0.0299  0.0305  0.0291  0.0294
  0.0336  0.0331  0.0317  0.0351  0.0355  0.0377  0.0318  0.0326  0.0309  0.0319  0.0296  0.0302
niter,ni,del,rscale     7    3    5.0000    1.2000
parameters
    0.4022   -3.0073    0.1378   -7.3665  -11.5904  -13.0217
    1.2505    2.8740   -2.9388   23.9708    3.1040  -21.5099
eta,q 0.97166  7.73421
  0.0317  0.0313  0.0290  0.0308  0.0317  0.0308  0.0307  0.0321  0.0299  0.0306  0.0292  0.0295
  0.0302  0.0300  0.0286  0.0295  0.0303  0.0294  0.0295  0.0302  0.0290  0.0294  0.0288  0.0288
  0.0292  0.0292  0.0285  0.0287  0.0291  0.0285  0.0286  0.0288  0.0285  0.0286  0.0285  0.0284
  0.0287  0.0287  0.0287  0.0285  0.0285  0.0285  0.0284  0.0284  0.0284  0.0283  0.0284  0.0283
  0.0290  0.0287  0.0292  0.0290  0.0287  0.0296  0.0287  0.0288  0.0286  0.0285  0.0284  0.0286
  0.0298  0.0291  0.0299  0.0300  0.0297  0.0314  0.0295  0.0301  0.0293  0.0289  0.0287  0.0291
  0.0312  0.0299  0.0309  0.0316  0.0311  0.0338  0.0308  0.0320  0.0302  0.0297  0.0291  0.0300
niter,ni,del,rscale     6    3    5.0000    1.2000
parameters
    0.4545   -2.7726   -0.8780   -7.6083  -12.3329  -14.5141
    1.1987    2.8757   -3.1762   25.5353    3.2893  -22.1430
eta,q 0.97202  7.65663
  0.0311  0.0304  0.0285  0.0306  0.0305  0.0306  0.0304  0.0317  0.0295  0.0304  0.0287  0.0290
  0.0296  0.0293  0.0282  0.0293  0.0293  0.0292  0.0292  0.0298  0.0287  0.0292  0.0283  0.0284
  0.0287  0.0286  0.0281  0.0284  0.0284  0.0283  0.0283  0.0285  0.0282  0.0284  0.0281  0.0281
  0.0283  0.0283  0.0283  0.0281  0.0281  0.0281  0.0281  0.0281  0.0281  0.0280  0.0280  0.0280
  0.0286  0.0284  0.0288  0.0285  0.0286  0.0292  0.0284  0.0285  0.0283  0.0280  0.0280  0.0282
  0.0295  0.0289  0.0296  0.0295  0.0298  0.0310  0.0292  0.0298  0.0289  0.0283  0.0283  0.0287
  0.0309  0.0297  0.0305  0.0309  0.0314  0.0332  0.0305  0.0317  0.0297  0.0289  0.0287  0.0294
niter,ni,del,rscale     5    3    5.0000    1.2000
parameters
    0.4546   -2.1361   -2.0109   -7.9851  -14.3150  -16.5531
    1.2579    2.8006   -3.2824   28.6117    3.1897  -22.3881
eta,q 0.97293  7.52930
  0.0306  0.0305  0.0279  0.0301  0.0291  0.0296  0.0298  0.0308  0.0289  0.0305  0.0278  0.0281
  0.0292  0.0293  0.0276  0.0287  0.0282  0.0283  0.0286  0.0290  0.0281  0.0293  0.0274  0.0275
  0.0283  0.0285  0.0276  0.0278  0.0276  0.0275  0.0277  0.0278  0.0276  0.0282  0.0271  0.0272
  0.0280  0.0280  0.0279  0.0276  0.0276  0.0275  0.0274  0.0274  0.0274  0.0274  0.0271  0.0271
  0.0283  0.0279  0.0284  0.0281  0.0283  0.0287  0.0277  0.0279  0.0276  0.0271  0.0272  0.0272
  0.0292  0.0281  0.0291  0.0291  0.0296  0.0308  0.0285  0.0291  0.0282  0.0272  0.0274  0.0276
  0.0306  0.0288  0.0300  0.0305  0.0314  0.0333  0.0297  0.0310  0.0290  0.0278  0.0279  0.0282
niter,ni,del,rscale     4    3    5.0000    1.2000
parameter  3  0.613715 ->  0.500000 qaram    1.1500
parameters
    0.4057   -1.0746   -3.3909   -8.3129  -16.5670  -18.7018
    1.4065    2.7920   -2.7977   30.5515    2.4332  -22.3184
eta,q 0.97410  7.38098
  0.0296  0.0305  0.0265  0.0290  0.0277  0.0281  0.0284  0.0295  0.0280  0.0294  0.0267  0.0270
  0.0282  0.0290  0.0263  0.0276  0.0267  0.0269  0.0272  0.0277  0.0270  0.0279  0.0262  0.0264
  0.0273  0.0278  0.0264  0.0266  0.0262  0.0262  0.0264  0.0265  0.0263  0.0267  0.0259  0.0260
  0.0271  0.0271  0.0267  0.0263  0.0263  0.0262  0.0261  0.0261  0.0261  0.0261  0.0259  0.0259
  0.0274  0.0267  0.0273  0.0268  0.0270  0.0273  0.0263  0.0265  0.0262  0.0259  0.0261  0.0260
  0.0283  0.0268  0.0281  0.0279  0.0284  0.0295  0.0270  0.0277  0.0267  0.0263  0.0265  0.0264
  0.0298  0.0273  0.0291  0.0294  0.0303  0.0322  0.0282  0.0296  0.0275  0.0271  0.0270  0.0270
niter,ni,del,rscale     4    3    5.0000    1.2000
parameters
    0.3681   -0.4413   -4.3748   -8.3074  -17.2111  -20.2029
    1.3154    2.9069   -2.5552   31.4808    2.0939  -22.6251
eta,q 0.97446  7.32805
  0.0284  0.0287  0.0262  0.0286  0.0280  0.0279  0.0277  0.0292  0.0274  0.0283  0.0264  0.0266
  0.0270  0.0274  0.0257  0.0271  0.0267  0.0266  0.0266  0.0273  0.0264  0.0269  0.0259  0.0260
  0.0262  0.0264  0.0256  0.0260  0.0258  0.0258  0.0258  0.0261  0.0258  0.0260  0.0256  0.0256
  0.0259  0.0259  0.0258  0.0256  0.0256  0.0256  0.0256  0.0256  0.0256  0.0256  0.0255  0.0255
  0.0262  0.0258  0.0263  0.0260  0.0260  0.0263  0.0259  0.0260  0.0257  0.0256  0.0257  0.0257
  0.0271  0.0261  0.0272  0.0271  0.0271  0.0282  0.0266  0.0271  0.0263  0.0262  0.0261  0.0261
  0.0286  0.0268  0.0283  0.0286  0.0287  0.0308  0.0278  0.0290  0.0272  0.0272  0.0266  0.0268
niter,ni,del,rscale     3    3    5.0000    1.2000
parameters
    0.3908   -0.1976   -4.9604   -8.2359  -17.4036  -21.1158
    1.1971    3.0129   -2.4459   31.9898    2.0086  -22.8620
eta,q 0.97452  7.30930
  0.0282  0.0277  0.0264  0.0286  0.0281  0.0281  0.0276  0.0291  0.0273  0.0279  0.0264  0.0266
  0.0268  0.0266  0.0258  0.0270  0.0268  0.0268  0.0265  0.0272  0.0263  0.0267  0.0259  0.0260
  0.0259  0.0259  0.0255  0.0259  0.0258  0.0258  0.0257  0.0260  0.0257  0.0259  0.0256  0.0256
  0.0255  0.0255  0.0255  0.0255  0.0254  0.0254  0.0255  0.0255  0.0255  0.0255  0.0255  0.0255
  0.0258  0.0256  0.0259  0.0258  0.0258  0.0259  0.0258  0.0259  0.0257  0.0256  0.0256  0.0257
  0.0267  0.0261  0.0266  0.0270  0.0269  0.0276  0.0266  0.0271  0.0263  0.0263  0.0260  0.0261
  0.0281  0.0270  0.0276  0.0285  0.0284  0.0300  0.0277  0.0289  0.0272  0.0273  0.0265  0.0267
niter,ni,del,rscale     2    3    5.0000    1.2000
parameters
    0.4137   -0.0740   -5.3215   -8.1886  -17.5102  -21.6732
    1.1265    3.0749   -2.3911   32.2945    1.9894  -23.0286
eta,q 0.97451  7.29967
  0.0281  0.0275  0.0266  0.0286  0.0282  0.0282  0.0276  0.0290  0.0273  0.0278  0.0265  0.0267
  0.0267  0.0264  0.0259  0.0271  0.0268  0.0269  0.0265  0.0272  0.0263  0.0266  0.0259  0.0260
  0.0258  0.0257  0.0255  0.0259  0.0259  0.0259  0.0257  0.0260  0.0257  0.0258  0.0256  0.0256
  0.0255  0.0255  0.0255  0.0255  0.0255  0.0255  0.0255  0.0255  0.0255  0.0255  0.0255  0.0255
  0.0258  0.0256  0.0258  0.0258  0.0258  0.0258  0.0258  0.0259  0.0257  0.0257  0.0256  0.0257
  0.0266  0.0262  0.0264  0.0270  0.0269  0.0272  0.0265  0.0271  0.0263  0.0263  0.0260  0.0261
  0.0280  0.0271  0.0273  0.0285  0.0284  0.0295  0.0277  0.0289  0.0272  0.0274  0.0265  0.0267
niter,ni,del,rscale     1    3    5.0000    1.2000
parameters
    0.4263   -0.0004   -5.5395   -8.1570  -17.5834  -22.0067
    1.0864    3.1091   -2.3684   32.4844    1.9930  -23.1375
eta,q 0.97449  7.29425
  0.0281  0.0274  0.0267  0.0286  0.0283  0.0284  0.0276  0.0290  0.0273  0.0277  0.0265  0.0267
  0.0267  0.0264  0.0260  0.0271  0.0269  0.0270  0.0265  0.0272  0.0263  0.0265  0.0259  0.0260
  0.0258  0.0257  0.0256  0.0260  0.0259  0.0260  0.0258  0.0260  0.0257  0.0258  0.0256  0.0256
  0.0255  0.0255  0.0255  0.0255  0.0255  0.0255  0.0255  0.0255  0.0255  0.0255  0.0255  0.0255
  0.0258  0.0257  0.0257  0.0259  0.0258  0.0257  0.0258  0.0259  0.0257  0.0257  0.0256  0.0257
  0.0266  0.0263  0.0263  0.0270  0.0269  0.0270  0.0265  0.0271  0.0263  0.0264  0.0260  0.0261
  0.0280  0.0272  0.0272  0.0286  0.0284  0.0293  0.0277  0.0290  0.0273  0.0275  0.0265  0.0267
registration optimization eta report
parameter search radius
    2.4000    2.4000    2.7600    8.2800    9.5220    8.2800
    7.2000    7.2000    7.2000    7.2000    7.2000    8.2800
100000*second partial in parameter space
       44.       31.       19.        4.        3.        5.
        4.        7.        3.        4.        2.        2.
  0.0281  0.0274  0.0267  0.0286  0.0283  0.0284  0.0276  0.0290  0.0273  0.0277  0.0265  0.0267
  0.0267  0.0264  0.0260  0.0271  0.0269  0.0270  0.0265  0.0272  0.0263  0.0265  0.0259  0.0260
  0.0258  0.0257  0.0256  0.0260  0.0259  0.0260  0.0258  0.0260  0.0257  0.0258  0.0256  0.0256
  0.0255  0.0255  0.0255  0.0255  0.0255  0.0255  0.0255  0.0255  0.0255  0.0255  0.0255  0.0255
  0.0258  0.0257  0.0257  0.0259  0.0258  0.0257  0.0258  0.0259  0.0257  0.0257  0.0256  0.0257
  0.0266  0.0263  0.0263  0.0270  0.0269  0.0270  0.0265  0.0271  0.0263  0.0264  0.0260  0.0261
  0.0280  0.0272  0.0272  0.0286  0.0284  0.0293  0.0277  0.0290  0.0273  0.0275  0.0265  0.0267
    0.4263   -0.0004   -5.5395   -8.1570  -17.5834  -22.0067
    1.0864    3.1091   -2.3684   32.4844    1.9930  -23.1375
eta,q 0.97449  7.29425

---------------------------------------------------------------------
imgreg_4dfp /opt/freesurfer/average/711-2C_as_mni_average_305 /opt/freesurfer/average/711-2B_as_mni_average_305_mask talsrcimg_g11 none talsrcimg_to_711-2C_as_mni_average_305_t4 2311
---------------------------------------------------------------------

freesurfer imgreg_4dfp.c
/opt/freesurfer/average/711-2C_as_mni_average_305.4dfp.img
       256       256       256         1
  1.000000  1.000000  1.000000
orientation T byte_order littleendian
Reading image: /opt/freesurfer/average/711-2C_as_mni_average_305.4dfp.img
dimensions:      256       256       256
mmppix:       1.0000   -1.0000   -1.0000
center:     128.0000 -129.0000 -129.0000
/opt/freesurfer/average/711-2B_as_mni_average_305_mask.4dfp.img
       256       256       256         1
  1.000000  1.000000  1.000000
orientation T byte_order littleendian
Reading mask: /opt/freesurfer/average/711-2B_as_mni_average_305_mask.4dfp.img (2306576 pixels)
talsrcimg_g11.4dfp.img
       256       256       256         1
  1.000000  1.000000  1.000000
orientation T byte_order littleendian
Reading image: talsrcimg_g11.4dfp.img
dimensions:      256       256       256
mmppix:       1.0000   -1.0000   -1.0000
center:     128.0000 -129.0000 -129.0000
fimgreg.f
image alignment mode   2311 decimal      907 hex
parameters
    0.4263   -0.0004   -5.5395   -8.1570  -17.5834  -22.0067
    1.0864    3.1091   -2.3684   32.4844    1.9930  -23.1375
eta,q 0.97449  7.29426
niter,ni,del,rscale     5    3    5.0000    0.8000
parameters
    0.4405    0.0171   -5.6741   -8.0811  -17.4213  -21.5787
    1.0823    3.1844   -2.4005   32.5203    1.9426  -23.5695
eta,q 0.97453  7.31640
  0.0267  0.0263  0.0259  0.0268  0.0264  0.0268  0.0265  0.0272  0.0263  0.0264  0.0259  0.0258
  0.0260  0.0259  0.0257  0.0261  0.0260  0.0262  0.0259  0.0263  0.0258  0.0259  0.0257  0.0256
  0.0256  0.0256  0.0255  0.0257  0.0256  0.0258  0.0256  0.0257  0.0256  0.0256  0.0255  0.0255
  0.0255  0.0255  0.0255  0.0255  0.0255  0.0255  0.0255  0.0255  0.0255  0.0255  0.0255  0.0255
  0.0256  0.0256  0.0256  0.0256  0.0256  0.0255  0.0256  0.0257  0.0256  0.0256  0.0255  0.0256
  0.0260  0.0259  0.0258  0.0261  0.0258  0.0258  0.0259  0.0262  0.0259  0.0259  0.0257  0.0257
  0.0266  0.0263  0.0261  0.0267  0.0263  0.0265  0.0265  0.0271  0.0263  0.0264  0.0259  0.0260
niter,ni,del,rscale     4    3    5.0000    0.7000
parameters
    0.4390   -0.0056   -5.5719   -8.1343  -17.4288  -21.2852
    1.0504    3.1906   -2.4060   32.5256    1.9754  -23.6464
eta,q 0.97455  7.32187
  0.0264  0.0261  0.0259  0.0264  0.0261  0.0265  0.0262  0.0268  0.0261  0.0262  0.0258  0.0258
  0.0259  0.0257  0.0257  0.0259  0.0258  0.0260  0.0258  0.0261  0.0257  0.0258  0.0256  0.0256
  0.0256  0.0255  0.0255  0.0256  0.0256  0.0257  0.0255  0.0256  0.0255  0.0255  0.0255  0.0255
  0.0255  0.0255  0.0255  0.0255  0.0255  0.0255  0.0254  0.0254  0.0254  0.0254  0.0254  0.0254
  0.0256  0.0256  0.0255  0.0256  0.0255  0.0255  0.0255  0.0256  0.0255  0.0255  0.0255  0.0255
  0.0259  0.0258  0.0256  0.0259  0.0258  0.0257  0.0258  0.0261  0.0257  0.0258  0.0256  0.0256
  0.0264  0.0261  0.0258  0.0265  0.0261  0.0263  0.0263  0.0268  0.0261  0.0262  0.0258  0.0258
niter,ni,del,rscale     3    3    5.0000    0.6000
parameters
    0.4437   -0.0195   -5.4827   -8.1525  -17.4343  -21.0645
    1.0459    3.1888   -2.4277   32.4725    1.9667  -23.6624
eta,q 0.97456  7.32567
  0.0261  0.0259  0.0258  0.0262  0.0259  0.0262  0.0260  0.0264  0.0259  0.0260  0.0257  0.0257
  0.0258  0.0256  0.0256  0.0258  0.0257  0.0258  0.0257  0.0259  0.0256  0.0257  0.0256  0.0256
  0.0255  0.0255  0.0255  0.0255  0.0255  0.0256  0.0255  0.0255  0.0255  0.0255  0.0255  0.0255
  0.0255  0.0255  0.0255  0.0254  0.0254  0.0254  0.0254  0.0254  0.0254  0.0254  0.0254  0.0254
  0.0255  0.0255  0.0255  0.0255  0.0255  0.0255  0.0255  0.0256  0.0255  0.0255  0.0255  0.0255
  0.0257  0.0257  0.0255  0.0258  0.0257  0.0257  0.0257  0.0259  0.0257  0.0257  0.0256  0.0256
  0.0261  0.0259  0.0257  0.0262  0.0259  0.0261  0.0260  0.0264  0.0259  0.0260  0.0257  0.0257
niter,ni,del,rscale     2    3    5.0000    0.5000
parameters
    0.4462   -0.0349   -5.4012   -8.1599  -17.4253  -20.8653
    1.0403    3.1876   -2.4264   32.4282    1.9629  -23.6593
eta,q 0.97457  7.32983
  0.0259  0.0258  0.0257  0.0259  0.0258  0.0260  0.0258  0.0261  0.0258  0.0258  0.0256  0.0256
  0.0256  0.0256  0.0256  0.0257  0.0256  0.0257  0.0256  0.0257  0.0256  0.0256  0.0255  0.0255
  0.0255  0.0255  0.0255  0.0255  0.0255  0.0255  0.0255  0.0255  0.0255  0.0255  0.0254  0.0254
  0.0254  0.0254  0.0254  0.0254  0.0254  0.0254  0.0254  0.0254  0.0254  0.0254  0.0254  0.0254
  0.0255  0.0255  0.0254  0.0255  0.0255  0.0254  0.0255  0.0255  0.0255  0.0255  0.0255  0.0254
  0.0256  0.0256  0.0255  0.0257  0.0256  0.0256  0.0256  0.0257  0.0256  0.0256  0.0255  0.0255
  0.0259  0.0258  0.0256  0.0260  0.0258  0.0259  0.0258  0.0261  0.0258  0.0258  0.0256  0.0256
niter,ni,del,rscale     1    3    5.0000    0.4000
parameters
    0.4483   -0.0493   -5.3336   -8.1676  -17.4144  -20.7000
    1.0124    3.1769   -2.4283   32.3732    1.9239  -23.6685
eta,q 0.97457  7.33330
  0.0257  0.0256  0.0256  0.0258  0.0257  0.0258  0.0257  0.0259  0.0256  0.0257  0.0255  0.0255
  0.0256  0.0255  0.0255  0.0256  0.0255  0.0256  0.0255  0.0256  0.0255  0.0255  0.0255  0.0255
  0.0255  0.0255  0.0254  0.0255  0.0255  0.0255  0.0254  0.0255  0.0255  0.0254  0.0254  0.0254
  0.0254  0.0254  0.0254  0.0254  0.0254  0.0254  0.0254  0.0254  0.0254  0.0254  0.0254  0.0254
  0.0255  0.0255  0.0254  0.0255  0.0255  0.0254  0.0255  0.0255  0.0254  0.0255  0.0254  0.0254
  0.0256  0.0255  0.0255  0.0256  0.0255  0.0255  0.0255  0.0256  0.0255  0.0255  0.0255  0.0255
  0.0257  0.0256  0.0255  0.0258  0.0256  0.0257  0.0257  0.0259  0.0256  0.0257  0.0256  0.0255
registration optimization eta report
parameter search radius
    0.8000    0.8000    0.8000    2.4000    2.4000    2.4000
    2.4000    2.4000    2.4000    2.4000    2.4000    2.4000
100000*second partial in parameter space
       47.       33.       21.        6.        4.        5.
        5.        8.        4.        4.        2.        2.
  0.0257  0.0256  0.0256  0.0258  0.0257  0.0258  0.0257  0.0259  0.0256  0.0257  0.0255  0.0255
  0.0256  0.0255  0.0255  0.0256  0.0255  0.0256  0.0255  0.0256  0.0255  0.0255  0.0255  0.0255
  0.0255  0.0255  0.0254  0.0255  0.0255  0.0255  0.0254  0.0255  0.0255  0.0254  0.0254  0.0254
  0.0254  0.0254  0.0254  0.0254  0.0254  0.0254  0.0254  0.0254  0.0254  0.0254  0.0254  0.0254
  0.0255  0.0255  0.0254  0.0255  0.0255  0.0254  0.0255  0.0255  0.0254  0.0255  0.0254  0.0254
  0.0256  0.0255  0.0255  0.0256  0.0255  0.0255  0.0255  0.0256  0.0255  0.0255  0.0255  0.0255
  0.0257  0.0256  0.0255  0.0258  0.0256  0.0257  0.0257  0.0259  0.0256  0.0257  0.0256  0.0255
    0.4483   -0.0493   -5.3336   -8.1676  -17.4144  -20.7000
    1.0124    3.1769   -2.4283   32.3732    1.9239  -23.6685
eta,q 0.97457  7.33330

---------------------------------------------------------------------
imgreg_4dfp /opt/freesurfer/average/711-2C_as_mni_average_305 /opt/freesurfer/average/711-2B_as_mni_average_305_mask talsrcimg_g11 none talsrcimg_to_711-2C_as_mni_average_305_t4 2311
---------------------------------------------------------------------

freesurfer imgreg_4dfp.c
/opt/freesurfer/average/711-2C_as_mni_average_305.4dfp.img
       256       256       256         1
  1.000000  1.000000  1.000000
orientation T byte_order littleendian
Reading image: /opt/freesurfer/average/711-2C_as_mni_average_305.4dfp.img
dimensions:      256       256       256
mmppix:       1.0000   -1.0000   -1.0000
center:     128.0000 -129.0000 -129.0000
/opt/freesurfer/average/711-2B_as_mni_average_305_mask.4dfp.img
       256       256       256         1
  1.000000  1.000000  1.000000
orientation T byte_order littleendian
Reading mask: /opt/freesurfer/average/711-2B_as_mni_average_305_mask.4dfp.img (2306576 pixels)
talsrcimg_g11.4dfp.img
       256       256       256         1
  1.000000  1.000000  1.000000
orientation T byte_order littleendian
Reading image: talsrcimg_g11.4dfp.img
dimensions:      256       256       256
mmppix:       1.0000   -1.0000   -1.0000
center:     128.0000 -129.0000 -129.0000
fimgreg.f
image alignment mode   2311 decimal      907 hex
parameters
    0.4483   -0.0493   -5.3336   -8.1676  -17.4144  -20.7000
    1.0124    3.1769   -2.4283   32.3732    1.9239  -23.6685
eta,q 0.97458  7.33330
niter,ni,del,rscale     5    3    5.0000    0.8000
parameters
    0.4396   -0.0486   -5.2719   -8.2331  -17.4860  -20.9492
    1.0451    3.1757   -2.4306   32.3886    1.9801  -23.5102
eta,q 0.97457  7.32131
  0.0266  0.0263  0.0260  0.0266  0.0262  0.0265  0.0265  0.0271  0.0263  0.0264  0.0259  0.0259
  0.0260  0.0258  0.0257  0.0260  0.0258  0.0260  0.0259  0.0262  0.0258  0.0259  0.0257  0.0257
  0.0256  0.0255  0.0255  0.0256  0.0255  0.0256  0.0256  0.0256  0.0255  0.0256  0.0255  0.0255
  0.0254  0.0254  0.0254  0.0254  0.0254  0.0254  0.0254  0.0254  0.0254  0.0254  0.0254  0.0254
  0.0256  0.0255  0.0255  0.0256  0.0255  0.0255  0.0255  0.0256  0.0255  0.0255  0.0255  0.0255
  0.0260  0.0258  0.0256  0.0260  0.0258  0.0260  0.0259  0.0262  0.0258  0.0259  0.0256  0.0256
  0.0266  0.0262  0.0259  0.0267  0.0263  0.0269  0.0265  0.0271  0.0263  0.0264  0.0259  0.0259
niter,ni,del,rscale     4    3    5.0000    0.7000
parameters
    0.4470   -0.0383   -5.3483   -8.1923  -17.4480  -20.9814
    1.0564    3.1757   -2.4246   32.3898    1.9546  -23.5662
eta,q 0.97457  7.32378
  0.0263  0.0261  0.0258  0.0264  0.0261  0.0263  0.0262  0.0268  0.0261  0.0262  0.0258  0.0258
  0.0258  0.0257  0.0256  0.0259  0.0257  0.0259  0.0258  0.0260  0.0257  0.0258  0.0256  0.0256
  0.0255  0.0255  0.0255  0.0256  0.0255  0.0256  0.0255  0.0256  0.0255  0.0255  0.0255  0.0255
  0.0254  0.0254  0.0254  0.0254  0.0254  0.0254  0.0254  0.0254  0.0254  0.0254  0.0254  0.0254
  0.0255  0.0255  0.0255  0.0255  0.0255  0.0255  0.0255  0.0256  0.0255  0.0255  0.0255  0.0255
  0.0258  0.0257  0.0256  0.0259  0.0257  0.0258  0.0258  0.0260  0.0257  0.0258  0.0256  0.0256
  0.0263  0.0261  0.0259  0.0264  0.0261  0.0265  0.0262  0.0268  0.0261  0.0262  0.0258  0.0258
niter,ni,del,rscale     3    3    5.0000    0.6000
parameters
    0.4438   -0.0422   -5.3640   -8.1728  -17.4350  -20.9057
    1.0478    3.1815   -2.4235   32.3885    1.9346  -23.5986
eta,q 0.97457  7.32695
  0.0261  0.0259  0.0257  0.0262  0.0259  0.0261  0.0260  0.0264  0.0259  0.0260  0.0257  0.0257
  0.0257  0.0256  0.0256  0.0258  0.0257  0.0258  0.0257  0.0259  0.0256  0.0257  0.0255  0.0255
  0.0255  0.0255  0.0255  0.0255  0.0255  0.0256  0.0255  0.0255  0.0255  0.0255  0.0255  0.0255
  0.0254  0.0254  0.0254  0.0254  0.0254  0.0254  0.0254  0.0254  0.0254  0.0254  0.0254  0.0254
  0.0255  0.0255  0.0255  0.0255  0.0255  0.0255  0.0255  0.0256  0.0255  0.0255  0.0255  0.0255
  0.0257  0.0256  0.0256  0.0258  0.0256  0.0257  0.0257  0.0259  0.0256  0.0257  0.0256  0.0256
  0.0261  0.0259  0.0257  0.0262  0.0259  0.0261  0.0260  0.0264  0.0259  0.0260  0.0257  0.0257
niter,ni,del,rscale     2    3    5.0000    0.5000
parameters
    0.4454   -0.0507   -5.3375   -8.1729  -17.4160  -20.7735
    1.0280    3.1778   -2.4174   32.3673    1.9343  -23.6239
eta,q 0.97457  7.33072
  0.0259  0.0258  0.0256  0.0259  0.0258  0.0259  0.0258  0.0261  0.0258  0.0258  0.0256  0.0256
  0.0256  0.0256  0.0255  0.0257  0.0256  0.0257  0.0256  0.0257  0.0256  0.0256  0.0255  0.0255
  0.0255  0.0255  0.0255  0.0255  0.0255  0.0255  0.0255  0.0255  0.0255  0.0255  0.0254  0.0254
  0.0254  0.0254  0.0254  0.0254  0.0254  0.0254  0.0254  0.0254  0.0254  0.0254  0.0254  0.0254
  0.0255  0.0255  0.0255  0.0255  0.0255  0.0255  0.0255  0.0255  0.0255  0.0255  0.0254  0.0254
  0.0256  0.0256  0.0255  0.0257  0.0256  0.0256  0.0256  0.0258  0.0256  0.0256  0.0255  0.0255
  0.0259  0.0258  0.0256  0.0259  0.0258  0.0259  0.0258  0.0261  0.0258  0.0258  0.0256  0.0256
niter,ni,del,rscale     1    3    5.0000    0.4000
parameters
    0.4438   -0.0606   -5.3019   -8.1749  -17.4118  -20.6505
    1.0125    3.1702   -2.4102   32.3458    1.9056  -23.6120
eta,q 0.97458  7.33340
  0.0257  0.0256  0.0256  0.0258  0.0256  0.0258  0.0257  0.0259  0.0256  0.0257  0.0255  0.0255
  0.0256  0.0255  0.0255  0.0256  0.0255  0.0256  0.0255  0.0256  0.0255  0.0255  0.0255  0.0255
  0.0255  0.0254  0.0254  0.0255  0.0255  0.0255  0.0254  0.0255  0.0255  0.0255  0.0254  0.0254
  0.0254  0.0254  0.0254  0.0254  0.0254  0.0254  0.0254  0.0254  0.0254  0.0254  0.0254  0.0254
  0.0255  0.0255  0.0254  0.0255  0.0254  0.0254  0.0255  0.0255  0.0254  0.0255  0.0254  0.0254
  0.0256  0.0255  0.0255  0.0256  0.0255  0.0255  0.0255  0.0256  0.0255  0.0255  0.0255  0.0255
  0.0257  0.0256  0.0255  0.0258  0.0256  0.0257  0.0257  0.0259  0.0256  0.0257  0.0255  0.0255
registration optimization eta report
parameter search radius
    0.8000    0.8000    0.8000    2.4000    2.4000    2.4000
    2.4000    2.4000    2.4000    2.4000    2.4000    2.4000
100000*second partial in parameter space
       46.       32.       21.        6.        4.        6.
        5.        8.        4.        4.        2.        2.
  0.0257  0.0256  0.0256  0.0258  0.0256  0.0258  0.0257  0.0259  0.0256  0.0257  0.0255  0.0255
  0.0256  0.0255  0.0255  0.0256  0.0255  0.0256  0.0255  0.0256  0.0255  0.0255  0.0255  0.0255
  0.0255  0.0254  0.0254  0.0255  0.0255  0.0255  0.0254  0.0255  0.0255  0.0255  0.0254  0.0254
  0.0254  0.0254  0.0254  0.0254  0.0254  0.0254  0.0254  0.0254  0.0254  0.0254  0.0254  0.0254
  0.0255  0.0255  0.0254  0.0255  0.0254  0.0254  0.0255  0.0255  0.0254  0.0255  0.0254  0.0254
  0.0256  0.0255  0.0255  0.0256  0.0255  0.0255  0.0255  0.0256  0.0255  0.0255  0.0255  0.0255
  0.0257  0.0256  0.0255  0.0258  0.0256  0.0257  0.0257  0.0259  0.0256  0.0257  0.0255  0.0255
    0.4438   -0.0606   -5.3019   -8.1749  -17.4118  -20.6505
    1.0125    3.1702   -2.4102   32.3458    1.9056  -23.6120
eta,q 0.97458  7.33340

---------------------------------------------------------------------
compute_vox2vox talsrcimg talsrcimg_to_711-2C_as_mni_average_305_t4 /opt/freesurfer/average/711-2C_as_mni_average_305
---------------------------------------------------------------------

freesurfer compute_vox2vox.c
Reading: talsrcimg.4dfp.ifh
Reading: talsrcimg_to_711-2C_as_mni_average_305_t4
Reading: /opt/freesurfer/average/711-2C_as_mni_average_305.4dfp.ifh
Writing: talsrcimg_to_711-2C_as_mni_average_305_t4_vox2vox.txt

start time Mon Mar 9 02:31:33 CET 2026
end		time Mon Mar 9 02:32:58 CET 2026

mpr2mni305 success

avi2talxfm orig_nu.mgz /opt/freesurfer/average/mni305.cor.mgz talsrcimg_to_711-2C_as_mni_average_305_t4_vox2vox.txt transforms/talairach.auto.xfm
avi2talxfm done
mv -f /out/sourcedata/freesurfer/sub-v1s17x0050261_ses-1/mri/talsrcimg_to_711-2C_as_mni_average_305_t4_vox2vox.txt /out/sourcedata/freesurfer/sub-v1s17x0050261_ses-1/mri/transforms/talsrcimg_to_711-2C_as_mni_average_305_t4_vox2vox.txt
lta_convert --src orig_nu.mgz --trg /opt/freesurfer/average/mni305.cor.mgz --inxfm transforms/talairach.auto.xfm --outlta transforms/talairach.auto.xfm.lta --subject fsaverage
7.3.2

--src: orig_nu.mgz src image (geometry).
--trg: /opt/freesurfer/average/mni305.cor.mgz trg image (geometry).
--inmni: transforms/talairach.auto.xfm input MNI/XFM transform.
--outlta: transforms/talairach.auto.xfm.lta output LTA.
--s: fsaverage subject name
 LTA read, type : 1
 1.08913  -0.03410  -0.02310   0.63532;
-0.01496   1.12917   0.32301   1.86690;
 0.03764  -0.44324   1.08364  -6.07219;
 0.00000   0.00000   0.00000   1.00000;
setting subject to fsaverage
Writing  LTA to file transforms/talairach.auto.xfm.lta...
lta_convert successful.
 
 
Started at Mon Mar 9 02:31:32 CET 2026
Ended   at Mon Mar  9 02:32:58 CET 2026
talairach_avi done
