status file for recon-all
Mon Mar  9 04:35:33 CET 2026
#@# Tessellate rh Mon Mar  9 04:35:33 CET 2026
#@# Smooth1 rh Mon Mar  9 04:35:36 CET 2026
#@# Inflation1 rh Mon Mar  9 04:35:38 CET 2026
#@# QSphere rh Mon Mar  9 04:35:51 CET 2026
#@# Fix Topology rh Mon Mar  9 04:36:56 CET 2026
#@# Smooth2 rh Mon Mar  9 04:42:28 CET 2026
#@# Inflation2 rh Mon Mar  9 04:42:31 CET 2026
#@# Curv .H and .K rh Mon Mar  9 04:42:44 CET 2026
#@# Sphere rh Mon Mar  9 04:43:23 CET 2026
#@# Surf Reg rh Mon Mar  9 04:47:18 CET 2026
#@# Jacobian white rh Mon Mar  9 04:52:50 CET 2026
#@# AvgCurv rh Mon Mar  9 04:52:51 CET 2026
#@# Cortical Parc rh Mon Mar  9 04:52:52 CET 2026
#@# white curv rh Mon Mar  9 04:58:49 CET 2026
#@# white area rh Mon Mar  9 04:58:50 CET 2026
#@# pial curv rh Mon Mar  9 04:58:51 CET 2026
#@# pial area rh Mon Mar  9 04:58:52 CET 2026
#@# thickness rh Mon Mar  9 04:58:53 CET 2026
#@# area and vertex vol rh Mon Mar  9 04:59:13 CET 2026
#@# Curvature Stats rh Mon Mar  9 04:59:14 CET 2026
#@# Cortical Parc 2 rh Mon Mar  9 04:59:16 CET 2026
#@# Cortical Parc 3 rh Mon Mar  9 04:59:27 CET 2026
#@# WM/GM Contrast rh Mon Mar  9 04:59:34 CET 2026
recon-all -s sub-v1s17x0051138_ses-1 finished without error at Mon Mar  9 04:59:37 CET 2026



#New# invocation of recon-all 



status file for recon-all
Mon Mar  9 05:06:56 CET 2026
#@# white curv rh Mon Mar  9 05:06:56 CET 2026
#@# white area rh Mon Mar  9 05:06:56 CET 2026
#@# pial curv rh Mon Mar  9 05:06:56 CET 2026
#@# pial area rh Mon Mar  9 05:06:56 CET 2026
#@# thickness rh Mon Mar  9 05:06:56 CET 2026
#@# area and vertex vol rh Mon Mar  9 05:06:56 CET 2026
#@# Parcellation Stats rh Mon Mar  9 05:06:56 CET 2026
#@# Parcellation Stats 2 rh Mon Mar  9 05:07:12 CET 2026
#@# Parcellation Stats 3 rh Mon Mar  9 05:07:20 CET 2026
#@# BA_exvivo Labels rh Mon Mar  9 05:07:28 CET 2026
recon-all -s sub-v1s17x0051138_ses-1 finished without error at Mon Mar  9 05:09:34 CET 2026
