/out/sourcedata/freesurfer/sub-v1s17x0051135_ses-1/mri
/opt/freesurfer/bin/talairach_avi
--i orig_nu.mgz --xfm transforms/talairach.auto.xfm
talairach_avi 7.3.2
Linux dna059 5.14.0-427.37.1.el9_4.x86_64 #1 SMP PREEMPT_DYNAMIC Fri Sep 13 12:41:50 EDT 2024 x86_64 x86_64 x86_64 GNU/Linux
Mon Mar  9 02:55:54 CET 2026
mri_convert orig_nu.mgz talsrcimg.img 
reading from orig_nu.mgz...
TR=0.00, TE=0.00, TI=0.00, flip angle=0.00
i_ras = (-1, 1.21508e-09, 0)
j_ras = (-3.72529e-09, 0, -1)
k_ras = (-1.20781e-09, 1, 2.32831e-10)
writing to talsrcimg.img...
Analyze Output Matrix
-1.00000  -0.00000  -0.00000   128.43335;
 0.00000   0.00000   1.00000  -114.20441;
 0.00000  -1.00000   0.00000   107.22234;
 0.00000   0.00000   0.00000   1.00000;
--------------------
INFO: set hdr.hist.orient to -1
mpr2mni305 talsrcimg
Mon Mar  9 02:55:55 CET 2026
/opt/freesurfer/bin/mpr2mni305 talsrcimg
mpr2mni305 7.3.2
target=711-2C_as_mni_average_305

---------------------------------------------------------------------
analyzeto4dfp talsrcimg -O0 -y
---------------------------------------------------------------------

freesurfer ifh2hdr.c
Mon Mar  9 02:55:55 2026
Writing: talsrcimg.4dfp.hdr
freesurfer analyzeto4dfp.c
Reading: talsrcimg.hdr
header size 348 bytes
hdr.dime.datatype	offset=70	value=2
hdr.dime.bitpix		offset=72	value=8
hdr.hist.orient		offset=252	value=-1
dimensionality     4
dimensions       256       256       256         1
Reading: talsrcimg.img
Writing: talsrcimg.4dfp.img
Writing: talsrcimg.4dfp.ifh
ifh2hdr talsrcimg -r0to253
ori=2

---------------------------------------------------------------------
gauss_4dfp talsrcimg 1.1
---------------------------------------------------------------------

freesurfer gauss_4dfp.c
Reading: talsrcimg.4dfp.img
Writing: talsrcimg_g11.4dfp.img
image dimensions 256 256 256 padded to 288 288 288
processing volume 1freesurfer ifh2hdr.c
Mon Mar  9 02:55:57 2026
Writing: talsrcimg_g11.4dfp.hdr

Writing: talsrcimg_g11.4dfp.ifh
including: talsrcimg.4dfp.img.rec in talsrcimg_g11.4dfp.img.rec

---------------------------------------------------------------------
imgreg_4dfp /opt/freesurfer/average/711-2C_as_mni_average_305 none talsrcimg_g11 none talsrcimg_to_711-2C_as_mni_average_305_t4 4355
---------------------------------------------------------------------

freesurfer imgreg_4dfp.c
/opt/freesurfer/average/711-2C_as_mni_average_305.4dfp.img
       256       256       256         1
  1.000000  1.000000  1.000000
orientation T byte_order littleendian
Reading image: /opt/freesurfer/average/711-2C_as_mni_average_305.4dfp.img
dimensions:      256       256       256
mmppix:       1.0000   -1.0000   -1.0000
center:     128.0000 -129.0000 -129.0000
talsrcimg_g11.4dfp.img
       256       256       256         1
  1.000000  1.000000  1.000000
orientation T byte_order littleendian
Reading image: talsrcimg_g11.4dfp.img
dimensions:      256       256       256
mmppix:       1.0000   -1.0000   -1.0000
center:     128.0000 -129.0000 -129.0000
t4_read: open error in t4_sub.f l:  41 t4_file(1:l)talsrcimg_to_711-2C_as_mni_average_305_t4 
t4_read: transform initialized to I4
rotation matrix determinant  1.000000
image alignment mode   4355 decimal     1103 hex
   -7.5000  -45.0000  -45.0000 7067.6016   13.6315
    0.0000  -45.0000  -45.0000 7340.2993   13.6212
    7.5000  -45.0000  -45.0000 6998.1494   13.6076
   -7.5000  -37.5000  -45.0000 7805.6812   13.3994
    0.0000  -37.5000  -45.0000 8105.7749   13.3910
    7.5000  -37.5000  -45.0000 7719.0449   13.3779
   -7.5000  -30.0000  -45.0000 8897.6650   13.2812
    0.0000  -30.0000  -45.0000 9244.2188   13.2770
    7.5000  -30.0000  -45.0000 8801.2363   13.2686
   -7.5000  -22.5000  -45.000010026.8135   13.2649
    0.0000  -22.5000  -45.000010408.9199   13.2634
    7.5000  -22.5000  -45.0000 9901.8447   13.2595
   -7.5000  -15.0000  -45.000011056.4121   13.2656
    0.0000  -15.0000  -45.000011473.1270   13.2631
    7.5000  -15.0000  -45.000010938.5430   13.2594
   -7.5000   -7.5000  -45.000012065.4492   13.2676
    0.0000   -7.5000  -45.000012522.6924   13.2612
    7.5000   -7.5000  -45.000011945.2695   13.2527
   -7.5000    0.0000  -45.000012946.1533   13.2677
    0.0000    0.0000  -45.000013446.2939   13.2580
    7.5000    0.0000  -45.000012803.6357   13.2447
   -7.5000    7.5000  -45.000012802.3652   13.2671
    0.0000    7.5000  -45.000013293.8721   13.2588
    7.5000    7.5000  -45.000012653.4395   13.2459
   -7.5000   15.0000  -45.000012556.3828   13.2663
    0.0000   15.0000  -45.000013058.4404   13.2622
    7.5000   15.0000  -45.000012426.1484   13.2538
   -7.5000   22.5000  -45.000012248.1611   13.2630
    0.0000   22.5000  -45.000012743.3115   13.2614
    7.5000   22.5000  -45.000012130.9668   13.2576
   -7.5000   30.0000  -45.000011769.6689   13.0887
    0.0000   30.0000  -45.000012261.8320   13.0863
    7.5000   30.0000  -45.000011669.2461   13.0827
   -7.5000   37.5000  -45.000011635.1973   13.0908
    0.0000   37.5000  -45.000012083.8750   13.0845
    7.5000   37.5000  -45.000011499.3291   13.0761
   -7.5000   45.0000  -45.000011085.8008   12.7585
    0.0000   45.0000  -45.000011502.1396   12.7492
    7.5000   45.0000  -45.000010945.3018   12.7364
   -7.5000  -45.0000  -37.5000 7332.0884   13.6397
    0.0000  -45.0000  -37.5000 7624.4888   13.6242
    7.5000  -45.0000  -37.5000 7263.1670   13.6101
   -7.5000  -37.5000  -37.5000 8115.5278   13.4058
    0.0000  -37.5000  -37.5000 8424.4922   13.3931
    7.5000  -37.5000  -37.5000 8029.2227   13.3800
   -7.5000  -30.0000  -37.5000 9262.7920   13.2885
    0.0000  -30.0000  -37.5000 9620.6523   13.2802
    7.5000  -30.0000  -37.5000 9161.5938   13.2706
   -7.5000  -22.5000  -37.500010411.9092   13.2743
    0.0000  -22.5000  -37.500010815.0977   13.2679
    7.5000  -22.5000  -37.500010291.4434   13.2614
   -7.5000  -15.0000  -37.500011467.8857   13.2756
    0.0000  -15.0000  -37.500011923.1689   13.2676
    7.5000  -15.0000  -37.500011367.0811   13.2611
   -7.5000   -7.5000  -37.500012495.8711   13.2766
    0.0000   -7.5000  -37.500013007.2412   13.2646
    7.5000   -7.5000  -37.500012386.2744   13.2544
   -7.5000    0.0000  -37.500013381.6855   13.2752
    0.0000    0.0000  -37.500013911.2754   13.2604
    7.5000    0.0000  -37.500013265.9541   13.2468
   -7.5000    7.5000  -37.500013200.9043   13.2734
    0.0000    7.5000  -37.500013722.4062   13.2608
    7.5000    7.5000  -37.500013063.8564   13.2478
   -7.5000   15.0000  -37.500012951.0059   13.2735
    0.0000   15.0000  -37.500013495.2832   13.2653
    7.5000   15.0000  -37.500012817.7334   13.2557
   -7.5000   22.5000  -37.500012614.9385   13.2724
    0.0000   22.5000  -37.500013166.8066   13.2660
    7.5000   22.5000  -37.500012504.7627   13.2595
   -7.5000   30.0000  -37.500012139.3125   13.0986
    0.0000   30.0000  -37.500012692.0264   13.0907
    7.5000   30.0000  -37.500012036.1143   13.0843
   -7.5000   37.5000  -37.500011943.2588   13.0997
    0.0000   37.5000  -37.500012467.3330   13.0878
    7.5000   37.5000  -37.500011830.4932   13.0778
   -7.5000   45.0000  -37.500011360.3154   12.7657
    0.0000   45.0000  -37.500011828.5068   12.7515
    7.5000   45.0000  -37.500011236.7324   12.7384
   -7.5000  -45.0000  -30.0000 7703.1689   14.2186
    0.0000  -45.0000  -30.0000 8003.4653   14.1998
    7.5000  -45.0000  -30.0000 7632.3682   14.1828
   -7.5000  -37.5000  -30.0000 8550.1768   13.9738
    0.0000  -37.5000  -30.0000 8872.9219   13.9585
    7.5000  -37.5000  -30.0000 8451.9502   13.9425
   -7.5000  -30.0000  -30.0000 9755.6973   13.8535
    0.0000  -30.0000  -30.000010128.9355   13.8434
    7.5000  -30.0000  -30.0000 9642.4512   13.8293
   -7.5000  -22.5000  -30.000010958.0693   13.8427
    0.0000  -22.5000  -30.000011370.2891   13.8351
    7.5000  -22.5000  -30.000010842.9443   13.8226
   -7.5000  -15.0000  -30.000012075.3193   13.8453
    0.0000  -15.0000  -30.000012558.0547   13.8360
    7.5000  -15.0000  -30.000011970.6162   13.8238
   -7.5000   -7.5000  -30.000013113.1748   13.8440
    0.0000   -7.5000  -30.000013658.0762   13.8297
    7.5000   -7.5000  -30.000013023.0430   13.8155
   -7.5000    0.0000  -30.000014020.5264   13.8393
    0.0000    0.0000  -30.000014579.4082   13.8214
    7.5000    0.0000  -30.000013926.1592   13.8052
   -7.5000    7.5000  -30.000013799.8242   13.8358
    0.0000    7.5000  -30.000014356.8857   13.8206
    7.5000    7.5000  -30.000013697.0977   13.8049
   -7.5000   15.0000  -30.000013507.3691   13.8378
    0.0000   15.0000  -30.000014074.6299   13.8279
    7.5000   15.0000  -30.000013398.2100   13.8138
   -7.5000   22.5000  -30.000013157.8770   13.8392
    0.0000   22.5000  -30.000013748.9688   13.8317
    7.5000   22.5000  -30.000013050.3086   13.8191
   -7.5000   30.0000  -30.000012645.8584   13.6621
    0.0000   30.0000  -30.000013238.1631   13.6529
    7.5000   30.0000  -30.000012552.0166   13.6409
   -7.5000   37.5000  -30.000012400.9492   13.6608
    0.0000   37.5000  -30.000012970.4805   13.6467
    7.5000   37.5000  -30.000012314.2559   13.6327
   -7.5000   45.0000  -30.000011754.0557   13.3179
    0.0000   45.0000  -30.000012249.6670   13.3007
    7.5000   45.0000  -30.000011623.1221   13.2851
   -7.5000  -45.0000  -22.5000 8054.8770   14.7030
    0.0000  -45.0000  -22.5000 8361.3965   14.6870
    7.5000  -45.0000  -22.5000 7977.5366   14.6683
   -7.5000  -37.5000  -22.5000 8955.1084   14.4511
    0.0000  -37.5000  -22.5000 9297.6729   14.4376
    7.5000  -37.5000  -22.5000 8852.7559   14.4190
   -7.5000  -30.0000  -22.500010211.2988   14.3276
    0.0000  -30.0000  -22.500010609.2236   14.3199
    7.5000  -30.0000  -22.500010106.5156   14.3023
   -7.5000  -22.5000  -22.500011461.1289   14.3178
    0.0000  -22.5000  -22.500011906.1074   14.3144
    7.5000  -22.5000  -22.500011355.2617   14.2985
   -7.5000  -15.0000  -22.500012636.1357   14.3214
    0.0000  -15.0000  -22.500013136.7842   14.3170
    7.5000  -15.0000  -22.500012535.5596   14.3026
   -7.5000   -7.5000  -22.500013684.5908   14.3187
    0.0000   -7.5000  -22.500014238.3340   14.3087
    7.5000   -7.5000  -22.500013606.6748   14.2930
   -7.5000    0.0000  -22.500014624.8125   14.3122
    0.0000    0.0000  -22.500015207.2129   14.2972
    7.5000    0.0000  -22.500014546.0332   14.2794
   -7.5000    7.5000  -22.500014405.9658   14.3085
    0.0000    7.5000  -22.500014972.3008   14.2951
    7.5000    7.5000  -22.500014301.5449   14.2768
   -7.5000   15.0000  -22.500014057.7100   14.3114
    0.0000   15.0000  -22.500014646.7197   14.3038
    7.5000   15.0000  -22.500013956.1807   14.2863
   -7.5000   22.5000  -22.500013677.3135   14.3133
    0.0000   22.5000  -22.500014269.8574   14.3099
    7.5000   22.5000  -22.500013585.4424   14.2940
   -7.5000   30.0000  -22.500013099.0449   14.1341
    0.0000   30.0000  -22.500013702.5859   14.1298
    7.5000   30.0000  -22.500013038.7256   14.1155
   -7.5000   37.5000  -22.500012814.3760   14.1314
    0.0000   37.5000  -22.500013395.2451   14.1215
    7.5000   37.5000  -22.500012747.3750   14.1061
   -7.5000   45.0000  -22.500012103.1631   13.7834
    0.0000   45.0000  -22.500012613.4834   13.7689
    7.5000   45.0000  -22.500011973.8027   13.7518
   -7.5000  -45.0000  -15.0000 8411.7344   15.0475
    0.0000  -45.0000  -15.0000 8754.0977   15.0371
    7.5000  -45.0000  -15.0000 8333.3633   15.0189
   -7.5000  -37.5000  -15.0000 9339.2334   14.7921
    0.0000  -37.5000  -15.0000 9723.2490   14.7829
    7.5000  -37.5000  -15.0000 9256.8105   14.7637
   -7.5000  -30.0000  -15.000010627.2520   14.6644
    0.0000  -30.0000  -15.000011057.3037   14.6609
    7.5000  -30.0000  -15.000010545.9199   14.6438
   -7.5000  -22.5000  -15.000011921.7422   14.6516
    0.0000  -22.5000  -15.000012380.2607   14.6535
    7.5000  -22.5000  -15.000011825.8076   14.6396
   -7.5000  -15.0000  -15.000013130.8232   14.6544
    0.0000  -15.0000  -15.000013640.3994   14.6565
    7.5000  -15.0000  -15.000013021.7295   14.6446
   -7.5000   -7.5000  -15.000014195.1338   14.6528
    0.0000   -7.5000  -15.000014743.4004   14.6493
    7.5000   -7.5000  -15.000014120.3945   14.6353
   -7.5000    0.0000  -15.000015150.1895   14.6482
    0.0000    0.0000  -15.000015712.7930   14.6388
    7.5000    0.0000  -15.000015082.9072   14.6212
   -7.5000    7.5000  -15.000014945.8965   14.6461
    0.0000    7.5000  -15.000015529.9404   14.6371
    7.5000    7.5000  -15.000014844.4727   14.6183
   -7.5000   15.0000  -15.000014625.6348   14.6478
    0.0000   15.0000  -15.000015219.8809   14.6445
    7.5000   15.0000  -15.000014519.0527   14.6274
   -7.5000   22.5000  -15.000014172.1875   14.6463
    0.0000   22.5000  -15.000014754.5508   14.6482
    7.5000   22.5000  -15.000014114.0469   14.6343
   -7.5000   30.0000  -15.000013545.8896   14.4647
    0.0000   30.0000  -15.000014105.6133   14.4668
    7.5000   30.0000  -15.000013514.8867   14.4550
   -7.5000   37.5000  -15.000013228.7646   14.4632
    0.0000   37.5000  -15.000013777.6895   14.4597
    7.5000   37.5000  -15.000013206.8076   14.4459
   -7.5000   45.0000  -15.000012432.9814   14.1155
    0.0000   45.0000  -15.000012887.9609   14.1064
    7.5000   45.0000  -15.000012335.1230   14.0895
   -7.5000  -45.0000   -7.5000 8731.9219   15.2196
    0.0000  -45.0000   -7.5000 9077.3691   15.2114
    7.5000  -45.0000   -7.5000 8638.6396   15.1946
   -7.5000  -37.5000   -7.5000 9689.6650   14.9619
    0.0000  -37.5000   -7.500010108.0664   14.9550
    7.5000  -37.5000   -7.5000 9620.4023   14.9379
   -7.5000  -30.0000   -7.500011012.5332   14.8308
    0.0000  -30.0000   -7.500011492.5938   14.8290
    7.5000  -30.0000   -7.500010943.4004   14.8162
   -7.5000  -22.5000   -7.500012341.1670   14.8140
    0.0000  -22.5000   -7.500012863.3760   14.8169
    7.5000  -22.5000   -7.500012250.1514   14.8087
   -7.5000  -15.0000   -7.500013557.6299   14.8153
    0.0000  -15.0000   -7.500014116.0947   14.8181
    7.5000  -15.0000   -7.500013474.5459   14.8111
   -7.5000   -7.5000   -7.500014680.0908   14.8162
    0.0000   -7.5000   -7.500015227.4492   14.8139
    7.5000   -7.5000   -7.500014582.8066   14.8026
   -7.5000    0.0000   -7.500015657.5791   14.8148
    0.0000    0.0000   -7.500016201.6094   14.8075
    7.5000    0.0000   -7.500015574.2725   14.7911
   -7.5000    7.5000   -7.500015452.4756   14.8142
    0.0000    7.5000   -7.500016024.1377   14.8074
    7.5000    7.5000   -7.500015346.3516   14.7907
   -7.5000   15.0000   -7.500015198.3984   14.8141
    0.0000   15.0000   -7.500015737.0820   14.8125
    7.5000   15.0000   -7.500015018.5889   14.7997
   -7.5000   22.5000   -7.500014795.6035   14.8070
    0.0000   22.5000   -7.500015340.7744   14.8099
    7.5000   22.5000   -7.500014630.8291   14.8018
   -7.5000   30.0000   -7.500014125.9414   14.6231
    0.0000   30.0000   -7.500014653.9385   14.6259
    7.5000   30.0000   -7.500014026.0117   14.6189
   -7.5000   37.5000   -7.500013758.9199   14.6240
    0.0000   37.5000   -7.500014284.8184   14.6218
    7.5000   37.5000   -7.500013685.4619   14.6106
   -7.5000   45.0000   -7.500012807.7578   14.2787
    0.0000   45.0000   -7.500013267.2178   14.2716
    7.5000   45.0000   -7.500012719.6328   14.2558
   -7.5000  -45.0000    0.0000 8914.6094   15.2540
    0.0000  -45.0000    0.0000 9287.9707   15.2425
    7.5000  -45.0000    0.0000 8833.8359   15.2272
   -7.5000  -37.5000    0.0000 9925.9023   14.9943
    0.0000  -37.5000    0.000010376.0977   14.9849
    7.5000  -37.5000    0.0000 9851.0459   14.9703
   -7.5000  -30.0000    0.000011267.6807   14.8621
    0.0000  -30.0000    0.000011754.3623   14.8573
    7.5000  -30.0000    0.000011205.4434   14.8480
   -7.5000  -22.5000    0.000012616.3623   14.8438
    0.0000  -22.5000    0.000013138.1816   14.8421
    7.5000  -22.5000    0.000012524.0420   14.8378
   -7.5000  -15.0000    0.000013850.1338   14.8445
    0.0000  -15.0000    0.000014397.3936   14.8418
    7.5000  -15.0000    0.000013752.9922   14.8376
   -7.5000   -7.5000    0.000015033.2783   14.8468
    0.0000   -7.5000    0.000015590.3525   14.8397
    7.5000   -7.5000    0.000014922.9297   14.8301
   -7.5000    0.0000    0.000016070.3701   14.8469
    0.0000    0.0000    0.000016660.5059   14.8361
    7.5000    0.0000    0.000015982.9629   14.8212
   -7.5000    7.5000    0.000015859.2070   14.8463
    0.0000    7.5000    0.000016452.6562   14.8369
    7.5000    7.5000    0.000015784.2139   14.8225
   -7.5000   15.0000    0.000015544.3623   14.8453
    0.0000   15.0000    0.000016113.0703   14.8407
    7.5000   15.0000    0.000015437.9004   14.8313
   -7.5000   22.5000    0.000015192.1016   14.8368
    0.0000   22.5000    0.000015754.6758   14.8351
    7.5000   22.5000    0.000015060.1738   14.8308
   -7.5000   30.0000    0.000014567.4658   14.6524
    0.0000   30.0000    0.000015146.4951   14.6497
    7.5000   30.0000    0.000014459.6104   14.6456
   -7.5000   37.5000    0.000014223.8252   14.6546
    0.0000   37.5000    0.000014792.4062   14.6476
    7.5000   37.5000    0.000014134.6631   14.6382
   -7.5000   45.0000    0.000013148.1113   14.3107
    0.0000   45.0000    0.000013657.6348   14.3003
    7.5000   45.0000    0.000013071.9385   14.2859
   -7.5000  -45.0000    7.5000 8366.7822   15.2632
    0.0000  -45.0000    7.5000 8730.6650   15.2459
    7.5000  -45.0000    7.5000 8317.3379   15.2301
   -7.5000  -37.5000    7.5000 9334.7236   15.0014
    0.0000  -37.5000    7.5000 9749.3359   14.9873
    7.5000  -37.5000    7.5000 9266.2578   14.9726
   -7.5000  -30.0000    7.500010612.3340   14.8702
    0.0000  -30.0000    7.500011080.3955   14.8609
    7.5000  -30.0000    7.500010543.5459   14.8501
   -7.5000  -22.5000    7.500011893.8037   14.8543
    0.0000  -22.5000    7.500012401.9062   14.8472
    7.5000  -22.5000    7.500011790.8359   14.8399
   -7.5000  -15.0000    7.500013097.3135   14.8557
    0.0000  -15.0000    7.500013636.9678   14.8467
    7.5000  -15.0000    7.500012990.3105   14.8395
   -7.5000   -7.5000    7.500014268.3594   14.8569
    0.0000   -7.5000    7.500014820.6631   14.8434
    7.5000   -7.5000    7.500014149.8545   14.8321
   -7.5000    0.0000    7.500015289.5537   14.8553
    0.0000    0.0000    7.500015870.6621   14.8388
    7.5000    0.0000    7.500015202.1670   14.8236
   -7.5000    7.5000    7.500015082.2402   14.8533
    0.0000    7.5000    7.500015656.4893   14.8392
    7.5000    7.5000    7.500014998.9473   14.8247
   -7.5000   15.0000    7.500014756.6260   14.8534
    0.0000   15.0000    7.500015274.2451   14.8442
    7.5000   15.0000    7.500014648.5029   14.8334
   -7.5000   22.5000    7.500014362.4287   14.8473
    0.0000   22.5000    7.500014876.6484   14.8402
    7.5000   22.5000    7.500014265.1787   14.8329
   -7.5000   30.0000    7.500013801.1416   14.6634
    0.0000   30.0000    7.500014306.7627   14.6546
    7.5000   30.0000    7.500013726.1768   14.6474
   -7.5000   37.5000    7.500013543.7979   14.6646
    0.0000   37.5000    7.500014036.9551   14.6513
    7.5000   37.5000    7.500013460.4814   14.6401
   -7.5000   45.0000    7.500012564.9551   14.3188
    0.0000   45.0000    7.500013011.5078   14.3029
    7.5000   45.0000    7.500012463.7363   14.2882
   -7.5000  -45.0000   15.0000 7746.0688   15.2834
    0.0000  -45.0000   15.0000 8097.7031   15.2632
    7.5000  -45.0000   15.0000 7726.2070   15.2449
   -7.5000  -37.5000   15.0000 8646.5664   15.0200
    0.0000  -37.5000   15.0000 9038.1182   15.0036
    7.5000  -37.5000   15.0000 8607.7275   14.9864
   -7.5000  -30.0000   15.0000 9846.3066   14.8906
    0.0000  -30.0000   15.000010297.0420   14.8798
    7.5000  -30.0000   15.0000 9796.6562   14.8646
   -7.5000  -22.5000   15.000011057.6631   14.8789
    0.0000  -22.5000   15.000011549.9951   14.8709
    7.5000  -22.5000   15.000010995.0605   14.8573
   -7.5000  -15.0000   15.000012222.4248   14.8818
    0.0000  -15.0000   15.000012759.3408   14.8718
    7.5000  -15.0000   15.000012138.7920   14.8587
   -7.5000   -7.5000   15.000013324.5889   14.8804
    0.0000   -7.5000   15.000013893.9824   14.8650
    7.5000   -7.5000   15.000013224.5596   14.8498
   -7.5000    0.0000   15.000014292.0957   14.8753
    0.0000    0.0000   15.000014886.6367   14.8562
    7.5000    0.0000   15.000014203.5283   14.8387
   -7.5000    7.5000   15.000014098.9238   14.8716
    0.0000    7.5000   15.000014675.5146   14.8552
    7.5000    7.5000   15.000013996.7510   14.8383
   -7.5000   15.0000   15.000013766.9160   14.8737
    0.0000   15.0000   15.000014295.9531   14.8631
    7.5000   15.0000   15.000013662.3770   14.8479
   -7.5000   22.5000   15.000013395.9062   14.8719
    0.0000   22.5000   15.000013892.0195   14.8639
    7.5000   22.5000   15.000013297.6943   14.8503
   -7.5000   30.0000   15.000012900.5508   14.6892
    0.0000   30.0000   15.000013384.3115   14.6793
    7.5000   30.0000   15.000012803.9619   14.6663
   -7.5000   37.5000   15.000012675.8301   14.6878
    0.0000   37.5000   15.000013150.3770   14.6727
    7.5000   37.5000   15.000012590.4414   14.6576
   -7.5000   45.0000   15.000011780.0693   14.3381
    0.0000   45.0000   15.000012209.4756   14.3196
    7.5000   45.0000   15.000011684.6016   14.3028
   -7.5000  -45.0000   22.5000 7109.1968   15.3985
    0.0000  -45.0000   22.5000 7437.3940   15.3814
    7.5000  -45.0000   22.5000 7092.3389   15.3618
   -7.5000  -37.5000   22.5000 7940.5312   15.1322
    0.0000  -37.5000   22.5000 8300.0508   15.1178
    7.5000  -37.5000   22.5000 7912.1509   15.0983
   -7.5000  -30.0000   22.5000 9044.5273   15.0018
    0.0000  -30.0000   22.5000 9474.0059   14.9935
    7.5000  -30.0000   22.5000 9022.0117   14.9750
   -7.5000  -22.5000   22.500010154.7012   14.9917
    0.0000  -22.5000   22.500010653.4141   14.9879
    7.5000  -22.5000   22.500010127.6113   14.9711
   -7.5000  -15.0000   22.500011227.5293   14.9957
    0.0000  -15.0000   22.500011755.5918   14.9910
    7.5000  -15.0000   22.500011177.2002   14.9756
   -7.5000   -7.5000   22.500012248.6797   14.9927
    0.0000   -7.5000   22.500012787.9756   14.9821
    7.5000   -7.5000   22.500012150.7891   14.9655
   -7.5000    0.0000   22.500013142.7100   14.9857
    0.0000    0.0000   22.500013725.1309   14.9697
    7.5000    0.0000   22.500013044.9277   14.9510
   -7.5000    7.5000   22.500012977.8350   14.9816
    0.0000    7.5000   22.500013542.9111   14.9673
    7.5000    7.5000   22.500012891.9648   14.9481
   -7.5000   15.0000   22.500012679.1504   14.9847
    0.0000   15.0000   22.500013202.5830   14.9765
    7.5000   15.0000   22.500012606.6953   14.9581
   -7.5000   22.5000   22.500012311.2354   14.9847
    0.0000   22.5000   22.500012790.9434   14.9809
    7.5000   22.5000   22.500012247.8516   14.9641
   -7.5000   30.0000   22.500011883.2002   14.8016
    0.0000   30.0000   22.500012333.2363   14.7969
    7.5000   30.0000   22.500011826.9678   14.7818
   -7.5000   37.5000   22.500011708.7471   14.7987
    0.0000   37.5000   22.500012150.9990   14.7882
    7.5000   37.5000   22.500011653.6611   14.7718
   -7.5000   45.0000   22.500010889.5635   14.4445
    0.0000   45.0000   22.500011308.9453   14.4291
    7.5000   45.0000   22.500010819.6338   14.4110
   -7.5000  -45.0000   30.0000 6458.1680   15.6633
    0.0000  -45.0000   30.0000 6743.6050   15.6514
    7.5000  -45.0000   30.0000 6429.8447   15.6320
   -7.5000  -37.5000   30.0000 7200.6636   15.3905
    0.0000  -37.5000   30.0000 7532.4106   15.3802
    7.5000  -37.5000   30.0000 7179.3989   15.3600
   -7.5000  -30.0000   30.0000 8219.5674   15.2552
    0.0000  -30.0000   30.0000 8610.6191   15.2513
    7.5000  -30.0000   30.0000 8192.9277   15.2332
   -7.5000  -22.5000   30.0000 9244.9492   15.2425
    0.0000  -22.5000   30.0000 9692.5898   15.2445
    7.5000  -22.5000   30.0000 9216.8975   15.2296
   -7.5000  -15.0000   30.000010215.0371   15.2454
    0.0000  -15.0000   30.000010712.0596   15.2476
    7.5000  -15.0000   30.000010185.7217   15.2345
   -7.5000   -7.5000   30.000011128.9053   15.2427
    0.0000   -7.5000   30.000011649.2734   15.2385
    7.5000   -7.5000   30.000011074.3848   15.2232
   -7.5000    0.0000   30.000011949.3916   15.2368
    0.0000    0.0000   30.000012480.6123   15.2261
    7.5000    0.0000   30.000011889.5869   15.2073
   -7.5000    7.5000   30.000011827.2988   15.2347
    0.0000    7.5000   30.000012316.8896   15.2245
    7.5000    7.5000   30.000011763.0820   15.2047
   -7.5000   15.0000   30.000011557.2920   15.2375
    0.0000   15.0000   30.000012025.0742   15.2338
    7.5000   15.0000   30.000011490.8740   15.2157
   -7.5000   22.5000   30.000011221.0303   15.2354
    0.0000   22.5000   30.000011664.3066   15.2374
    7.5000   22.5000   30.000011164.4795   15.2224
   -7.5000   30.0000   30.000010850.8730   15.0481
    0.0000   30.0000   30.000011272.3418   15.0503
    7.5000   30.0000   30.000010799.2949   15.0373
   -7.5000   37.5000   30.000010704.8906   15.0454
    0.0000   37.5000   30.000011118.8564   15.0413
    7.5000   37.5000   30.000010643.7920   15.0262
   -7.5000   45.0000   30.0000 9961.1777   14.6865
    0.0000   45.0000   30.000010359.9453   14.6762
    7.5000   45.0000   30.0000 9906.1953   14.6581
   -7.5000  -45.0000   37.5000 6059.1016   16.1582
    0.0000  -45.0000   37.5000 6303.6997   16.1496
    7.5000  -45.0000   37.5000 6032.9219   16.1356
   -7.5000  -37.5000   37.5000 6768.2700   15.8720
    0.0000  -37.5000   37.5000 7062.5439   15.8645
    7.5000  -37.5000   37.5000 6758.5903   15.8501
   -7.5000  -30.0000   37.5000 7723.8081   15.7276
    0.0000  -30.0000   37.5000 8074.5312   15.7256
    7.5000  -30.0000   37.5000 7716.4170   15.7157
   -7.5000  -22.5000   37.5000 8691.1357   15.7083
    0.0000  -22.5000   37.5000 9085.4980   15.7114
    7.5000  -22.5000   37.5000 8667.9453   15.7064
   -7.5000  -15.0000   37.5000 9619.1357   15.7067
    0.0000  -15.0000   37.500010068.8047   15.7099
    7.5000  -15.0000   37.5000 9605.5049   15.7060
   -7.5000   -7.5000   37.500010487.9355   15.7051
    0.0000   -7.5000   37.500010987.6787   15.7030
    7.5000   -7.5000   37.500010476.2480   15.6946
   -7.5000    0.0000   37.500011264.5371   15.7038
    0.0000    0.0000   37.500011785.1855   15.6962
    7.5000    0.0000   37.500011239.6787   15.6824
   -7.5000    7.5000   37.500011167.5322   15.7062
    0.0000    7.5000   37.500011639.1055   15.6988
    7.5000    7.5000   37.500011123.0479   15.6847
   -7.5000   15.0000   37.500010898.5752   15.7089
    0.0000   15.0000   37.500011355.1504   15.7070
    7.5000   15.0000   37.500010844.7158   15.6971
   -7.5000   22.5000   37.500010592.7607   15.7009
    0.0000   22.5000   37.500011026.7686   15.7040
    7.5000   22.5000   37.500010548.0840   15.6991
   -7.5000   30.0000   37.500010266.2500   15.5034
    0.0000   30.0000   37.500010686.7783   15.5065
    7.5000   30.0000   37.500010235.3594   15.5027
   -7.5000   37.5000   37.500010146.9316   15.5018
    0.0000   37.5000   37.500010568.1465   15.4997
    7.5000   37.5000   37.500010110.2627   15.4915
   -7.5000   45.0000   37.5000 9448.7793   15.1367
    0.0000   45.0000   37.5000 9853.4893   15.1293
    7.5000   45.0000   37.5000 9425.4180   15.1160
   -7.5000  -45.0000   45.0000 5424.6421   16.7843
    0.0000  -45.0000   45.0000 5641.2715   16.7740
    7.5000  -45.0000   45.0000 5406.4287   16.7575
   -7.5000  -37.5000   45.0000 6065.6616   16.4890
    0.0000  -37.5000   45.0000 6319.7251   16.4808
    7.5000  -37.5000   45.0000 6062.5449   16.4646
   -7.5000  -30.0000   45.0000 6940.9497   16.3301
    0.0000  -30.0000   45.0000 7249.1504   16.3271
    7.5000  -30.0000   45.0000 6949.5449   16.3164
   -7.5000  -22.5000   45.0000 7814.2993   16.3028
    0.0000  -22.5000   45.0000 8151.8892   16.3032
    7.5000  -22.5000   45.0000 7804.8164   16.2981
   -7.5000  -15.0000   45.0000 8638.0938   16.2967
    0.0000  -15.0000   45.0000 9032.9062   16.2960
    7.5000  -15.0000   45.0000 8637.2461   16.2914
   -7.5000   -7.5000   45.0000 9457.1250   16.2982
    0.0000   -7.5000   45.0000 9893.6875   16.2928
    7.5000   -7.5000   45.0000 9447.2939   16.2825
   -7.5000    0.0000   45.000010186.0498   16.3034
    0.0000    0.0000   45.000010655.3545   16.2938
    7.5000    0.0000   45.000010157.4248   16.2778
   -7.5000    7.5000   45.000010101.6885   16.3091
    0.0000    7.5000   45.000010546.4229   16.3009
    7.5000    7.5000   45.000010060.6152   16.2849
   -7.5000   15.0000   45.0000 9868.5312   16.3098
    0.0000   15.0000   45.000010296.9854   16.3069
    7.5000   15.0000   45.0000 9828.4727   16.2962
   -7.5000   22.5000   45.0000 9599.7744   16.2950
    0.0000   22.5000   45.000010011.7686   16.2955
    7.5000   22.5000   45.0000 9555.7617   16.2904
   -7.5000   30.0000   45.0000 9327.0811   16.0844
    0.0000   30.0000   45.0000 9727.9844   16.0837
    7.5000   30.0000   45.0000 9274.0596   16.0791
   -7.5000   37.5000   45.0000 9231.4922   16.0859
    0.0000   37.5000   45.0000 9633.4297   16.0805
    7.5000   37.5000   45.0000 9189.1875   16.0704
   -7.5000   45.0000   45.0000 8607.6064   15.7217
    0.0000   45.0000   45.0000 8973.5947   15.7125
    7.5000   45.0000   45.0000 8562.3740   15.6970

---------------------------------------------------------------------
imgreg_4dfp /opt/freesurfer/average/711-2C_as_mni_average_305 /opt/freesurfer/average/711-2B_as_mni_average_305_mask talsrcimg_g11 none talsrcimg_to_711-2C_as_mni_average_305_t4 4355
---------------------------------------------------------------------

freesurfer imgreg_4dfp.c
/opt/freesurfer/average/711-2C_as_mni_average_305.4dfp.img
       256       256       256         1
  1.000000  1.000000  1.000000
orientation T byte_order littleendian
Reading image: /opt/freesurfer/average/711-2C_as_mni_average_305.4dfp.img
dimensions:      256       256       256
mmppix:       1.0000   -1.0000   -1.0000
center:     128.0000 -129.0000 -129.0000
/opt/freesurfer/average/711-2B_as_mni_average_305_mask.4dfp.img
       256       256       256         1
  1.000000  1.000000  1.000000
orientation T byte_order littleendian
Reading mask: /opt/freesurfer/average/711-2B_as_mni_average_305_mask.4dfp.img (2306576 pixels)
talsrcimg_g11.4dfp.img
       256       256       256         1
  1.000000  1.000000  1.000000
orientation T byte_order littleendian
Reading image: talsrcimg_g11.4dfp.img
dimensions:      256       256       256
mmppix:       1.0000   -1.0000   -1.0000
center:     128.0000 -129.0000 -129.0000
rotation matrix determinant  1.000000
image alignment mode   4355 decimal     1103 hex
   -7.5000  -45.0000  -45.0000 1857.6388   17.3284
    0.0000  -45.0000  -45.0000 1854.6068   17.3901
    7.5000  -45.0000  -45.0000 1842.3314   17.6912
   -7.5000  -37.5000  -45.0000 1996.6252   15.0902
    0.0000  -37.5000  -45.0000 1992.8081   15.1252
    7.5000  -37.5000  -45.0000 1976.8458   15.4009
   -7.5000  -30.0000  -45.0000 2130.2095   13.4044
    0.0000  -30.0000  -45.0000 2127.3679   13.4219
    7.5000  -30.0000  -45.0000 2107.5232   13.6400
   -7.5000  -22.5000  -45.0000 2257.5803   12.0399
    0.0000  -22.5000  -45.0000 2256.1838   12.0336
    7.5000  -22.5000  -45.0000 2229.9753   12.2460
   -7.5000  -15.0000  -45.0000 2357.9277   10.9510
    0.0000  -15.0000  -45.0000 2358.2734   10.9391
    7.5000  -15.0000  -45.0000 2334.6111   11.1494
   -7.5000   -7.5000  -45.0000 2440.4233   10.1790
    0.0000   -7.5000  -45.0000 2439.2808   10.1428
    7.5000   -7.5000  -45.0000 2418.8831   10.3257
   -7.5000    0.0000  -45.0000 2494.0063    9.6704
    0.0000    0.0000  -45.0000 2494.2581    9.6228
    7.5000    0.0000  -45.0000 2467.7178    9.7762
   -7.5000    7.5000  -45.0000 2533.0039    9.3975
    0.0000    7.5000  -45.0000 2534.3169    9.3514
    7.5000    7.5000  -45.0000 2502.3088    9.5013
   -7.5000   15.0000  -45.0000 2548.6855    9.3129
    0.0000   15.0000  -45.0000 2552.7053    9.2701
    7.5000   15.0000  -45.0000 2520.0754    9.4123
   -7.5000   22.5000  -45.0000 2540.4395    9.4220
    0.0000   22.5000  -45.0000 2544.9583    9.3709
    7.5000   22.5000  -45.0000 2514.1880    9.5282
   -7.5000   30.0000  -45.0000 2510.3564    9.7113
    0.0000   30.0000  -45.0000 2517.4436    9.6445
    7.5000   30.0000  -45.0000 2482.0295    9.8153
   -7.5000   37.5000  -45.0000 2455.2793   10.1785
    0.0000   37.5000  -45.0000 2465.1577   10.0882
    7.5000   37.5000  -45.0000 2430.4756   10.2788
   -7.5000   45.0000  -45.0000 2375.1570   10.8585
    0.0000   45.0000  -45.0000 2385.1450   10.7662
    7.5000   45.0000  -45.0000 2351.2295   10.9485
   -7.5000  -45.0000  -37.5000 1897.5659   16.5946
    0.0000  -45.0000  -37.5000 1896.1758   16.6284
    7.5000  -45.0000  -37.5000 1879.2346   16.9128
   -7.5000  -37.5000  -37.5000 2041.1704   14.4487
    0.0000  -37.5000  -37.5000 2040.8175   14.4477
    7.5000  -37.5000  -37.5000 2019.5696   14.7091
   -7.5000  -30.0000  -37.5000 2180.8032   12.8044
    0.0000  -30.0000  -37.5000 2182.2732   12.7920
    7.5000  -30.0000  -37.5000 2156.8098   13.0376
   -7.5000  -22.5000  -37.5000 2310.4263   11.4934
    0.0000  -22.5000  -37.5000 2312.2141   11.4605
    7.5000  -22.5000  -37.5000 2281.2812   11.6866
   -7.5000  -15.0000  -37.5000 2412.2556   10.4204
    0.0000  -15.0000  -37.5000 2414.0610   10.4065
    7.5000  -15.0000  -37.5000 2388.8491   10.6198
   -7.5000   -7.5000  -37.5000 2508.3049    9.6272
    0.0000   -7.5000  -37.5000 2507.4551    9.6106
    7.5000   -7.5000  -37.5000 2480.9524    9.7865
   -7.5000    0.0000  -37.5000 2572.2429    9.0874
    0.0000    0.0000  -37.5000 2573.5237    9.0602
    7.5000    0.0000  -37.5000 2546.3748    9.2100
   -7.5000    7.5000  -37.5000 2619.1890    8.8102
    0.0000    7.5000  -37.5000 2619.8140    8.7668
    7.5000    7.5000  -37.5000 2587.5852    8.9106
   -7.5000   15.0000  -37.5000 2647.8328    8.7080
    0.0000   15.0000  -37.5000 2653.5442    8.6660
    7.5000   15.0000  -37.5000 2613.9897    8.8048
   -7.5000   22.5000  -37.5000 2643.7952    8.8262
    0.0000   22.5000  -37.5000 2652.2834    8.7801
    7.5000   22.5000  -37.5000 2610.4297    8.9143
   -7.5000   30.0000  -37.5000 2612.3174    9.1100
    0.0000   30.0000  -37.5000 2627.0728    9.0482
    7.5000   30.0000  -37.5000 2581.8711    9.1981
   -7.5000   37.5000  -37.5000 2549.7397    9.5508
    0.0000   37.5000  -37.5000 2565.2004    9.4634
    7.5000   37.5000  -37.5000 2524.8723    9.6322
   -7.5000   45.0000  -37.5000 2462.9089   10.1763
    0.0000   45.0000  -37.5000 2476.5405   10.0830
    7.5000   45.0000  -37.5000 2439.8894   10.2574
   -7.5000  -45.0000  -30.0000 1964.5209   16.5089
    0.0000  -45.0000  -30.0000 1965.3353   16.4906
    7.5000  -45.0000  -30.0000 1944.3748   16.8506
   -7.5000  -37.5000  -30.0000 2115.3284   14.4087
    0.0000  -37.5000  -30.0000 2115.9771   14.3613
    7.5000  -37.5000  -30.0000 2091.1533   14.6455
   -7.5000  -30.0000  -30.0000 2258.1331   12.7491
    0.0000  -30.0000  -30.0000 2262.5835   12.7012
    7.5000  -30.0000  -30.0000 2233.6040   12.9635
   -7.5000  -22.5000  -30.0000 2390.5723   11.4071
    0.0000  -22.5000  -30.0000 2391.7629   11.3761
    7.5000  -22.5000  -30.0000 2362.6301   11.5946
   -7.5000  -15.0000  -30.0000 2503.2053   10.3323
    0.0000  -15.0000  -30.0000 2504.3740   10.3070
    7.5000  -15.0000  -30.0000 2475.3350   10.5194
   -7.5000   -7.5000  -30.0000 2608.9636    9.5016
    0.0000   -7.5000  -30.0000 2611.9575    9.4766
    7.5000   -7.5000  -30.0000 2579.9556    9.6679
   -7.5000    0.0000  -30.0000 2689.4128    8.9222
    0.0000    0.0000  -30.0000 2690.0691    8.8789
    7.5000    0.0000  -30.0000 2660.3850    9.0567
   -7.5000    7.5000  -30.0000 2749.0068    8.5993
    0.0000    7.5000  -30.0000 2751.4602    8.5550
    7.5000    7.5000  -30.0000 2715.7283    8.7169
   -7.5000   15.0000  -30.0000 2789.9023    8.4652
    0.0000   15.0000  -30.0000 2799.7915    8.4218
    7.5000   15.0000  -30.0000 2752.7168    8.5758
   -7.5000   22.5000  -30.0000 2793.8684    8.5812
    0.0000   22.5000  -30.0000 2808.0898    8.5392
    7.5000   22.5000  -30.0000 2753.6697    8.6859
   -7.5000   30.0000  -30.0000 2759.3535    8.8757
    0.0000   30.0000  -30.0000 2779.4255    8.8105
    7.5000   30.0000  -30.0000 2724.9436    8.9552
   -7.5000   37.5000  -30.0000 2688.6790    9.3030
    0.0000   37.5000  -30.0000 2704.7280    9.2293
    7.5000   37.5000  -30.0000 2662.0964    9.3797
   -7.5000   45.0000  -30.0000 2586.1213    9.9277
    0.0000   45.0000  -30.0000 2601.2075    9.8470
    7.5000   45.0000  -30.0000 2562.0173   10.0107
   -7.5000  -45.0000  -22.5000 2008.7972   16.4200
    0.0000  -45.0000  -22.5000 2008.1810   16.3600
    7.5000  -45.0000  -22.5000 1987.5103   16.7203
   -7.5000  -37.5000  -22.5000 2160.5315   14.3175
    0.0000  -37.5000  -22.5000 2162.8982   14.2499
    7.5000  -37.5000  -22.5000 2134.3987   14.5346
   -7.5000  -30.0000  -22.5000 2303.3450   12.6357
    0.0000  -30.0000  -22.5000 2306.9028   12.5599
    7.5000  -30.0000  -22.5000 2276.3379   12.8298
   -7.5000  -22.5000  -22.5000 2435.0271   11.2613
    0.0000  -22.5000  -22.5000 2439.1292   11.2068
    7.5000  -22.5000  -22.5000 2406.6772   11.4682
   -7.5000  -15.0000  -22.5000 2555.4731   10.1907
    0.0000  -15.0000  -22.5000 2559.9187   10.1414
    7.5000  -15.0000  -22.5000 2525.5813   10.3790
   -7.5000   -7.5000  -22.5000 2668.9399    9.3355
    0.0000   -7.5000  -22.5000 2672.7073    9.2851
    7.5000   -7.5000  -22.5000 2638.8557    9.4988
   -7.5000    0.0000  -22.5000 2768.4824    8.7400
    0.0000    0.0000  -22.5000 2773.9329    8.6803
    7.5000    0.0000  -22.5000 2737.9006    8.8707
   -7.5000    7.5000  -22.5000 2847.1753    8.3825
    0.0000    7.5000  -22.5000 2854.2375    8.3217
    7.5000    7.5000  -22.5000 2814.0952    8.4855
   -7.5000   15.0000  -22.5000 2900.5066    8.2302
    0.0000   15.0000  -22.5000 2915.3599    8.1778
    7.5000   15.0000  -22.5000 2861.2046    8.3252
   -7.5000   22.5000  -22.5000 2912.0464    8.3221
    0.0000   22.5000  -22.5000 2930.8242    8.2882
    7.5000   22.5000  -22.5000 2866.8647    8.4471
   -7.5000   30.0000  -22.5000 2861.7476    8.6035
    0.0000   30.0000  -22.5000 2890.4373    8.5569
    7.5000   30.0000  -22.5000 2827.7837    8.7095
   -7.5000   37.5000  -22.5000 2781.8711    9.0358
    0.0000   37.5000  -22.5000 2802.0776    8.9772
    7.5000   37.5000  -22.5000 2752.1943    9.1315
   -7.5000   45.0000  -22.5000 2671.7974    9.6663
    0.0000   45.0000  -22.5000 2689.0459    9.5963
    7.5000   45.0000  -22.5000 2646.9983    9.7600
   -7.5000  -45.0000  -15.0000 2027.8527   16.4770
    0.0000  -45.0000  -15.0000 2032.3052   16.4129
    7.5000  -45.0000  -15.0000 2004.1322   16.7702
   -7.5000  -37.5000  -15.0000 2175.7812   14.3338
    0.0000  -37.5000  -15.0000 2182.6672   14.2361
    7.5000  -37.5000  -15.0000 2152.7876   14.5503
   -7.5000  -30.0000  -15.0000 2309.1763   12.5889
    0.0000  -30.0000  -15.0000 2320.6274   12.5019
    7.5000  -30.0000  -15.0000 2291.2078   12.7717
   -7.5000  -22.5000  -15.0000 2445.2712   11.1895
    0.0000  -22.5000  -15.0000 2452.8623   11.1074
    7.5000  -22.5000  -15.0000 2420.9338   11.3808
   -7.5000  -15.0000  -15.0000 2569.2188   10.0911
    0.0000  -15.0000  -15.0000 2575.9705   10.0068
    7.5000  -15.0000  -15.0000 2541.0408   10.2584
   -7.5000   -7.5000  -15.0000 2688.9502    9.2266
    0.0000   -7.5000  -15.0000 2695.1882    9.1465
    7.5000   -7.5000  -15.0000 2662.0708    9.3913
   -7.5000    0.0000  -15.0000 2802.4373    8.6017
    0.0000    0.0000  -15.0000 2814.8843    8.5373
    7.5000    0.0000  -15.0000 2773.3110    8.7463
   -7.5000    7.5000  -15.0000 2899.0217    8.2265
    0.0000    7.5000  -15.0000 2910.7759    8.1527
    7.5000    7.5000  -15.0000 2863.3728    8.3416
   -7.5000   15.0000  -15.0000 2967.8345    8.0846
    0.0000   15.0000  -15.0000 2990.3401    8.0124
    7.5000   15.0000  -15.0000 2925.1313    8.1832
   -7.5000   22.5000  -15.0000 2978.2185    8.1512
    0.0000   22.5000  -15.0000 3009.9470    8.1011
    7.5000   22.5000  -15.0000 2933.0334    8.2873
   -7.5000   30.0000  -15.0000 2916.7302    8.4200
    0.0000   30.0000  -15.0000 2948.2793    8.3710
    7.5000   30.0000  -15.0000 2884.0127    8.5456
   -7.5000   37.5000  -15.0000 2820.2920    8.8746
    0.0000   37.5000  -15.0000 2844.6125    8.8112
    7.5000   37.5000  -15.0000 2797.4688    8.9790
   -7.5000   45.0000  -15.0000 2704.5718    9.4973
    0.0000   45.0000  -15.0000 2720.4868    9.4264
    7.5000   45.0000  -15.0000 2683.6335    9.5971
   -7.5000  -45.0000   -7.5000 2030.9586   16.6245
    0.0000  -45.0000   -7.5000 2035.9736   16.5346
    7.5000  -45.0000   -7.5000 2007.7517   16.9020
   -7.5000  -37.5000   -7.5000 2174.2861   14.4437
    0.0000  -37.5000   -7.5000 2188.0173   14.3808
    7.5000  -37.5000   -7.5000 2159.3821   14.6515
   -7.5000  -30.0000   -7.5000 2300.2021   12.6373
    0.0000  -30.0000   -7.5000 2316.6614   12.5760
    7.5000  -30.0000   -7.5000 2288.8220   12.8393
   -7.5000  -22.5000   -7.5000 2431.3989   11.2126
    0.0000  -22.5000   -7.5000 2442.4395   11.1293
    7.5000  -22.5000   -7.5000 2409.5854   11.3914
   -7.5000  -15.0000   -7.5000 2554.0823   10.0698
    0.0000  -15.0000   -7.5000 2565.4390    9.9956
    7.5000  -15.0000   -7.5000 2531.9180   10.2432
   -7.5000   -7.5000   -7.5000 2681.8882    9.2018
    0.0000   -7.5000   -7.5000 2692.0581    9.1062
    7.5000   -7.5000   -7.5000 2655.1492    9.3556
   -7.5000    0.0000   -7.5000 2799.1001    8.5758
    0.0000    0.0000   -7.5000 2815.2070    8.4789
    7.5000    0.0000   -7.5000 2771.1543    8.7090
   -7.5000    7.5000   -7.5000 2903.7925    8.2000
    0.0000    7.5000   -7.5000 2920.0535    8.0945
    7.5000    7.5000   -7.5000 2870.5664    8.3073
   -7.5000   15.0000   -7.5000 2980.8721    8.0562
    0.0000   15.0000   -7.5000 3008.8811    7.9818
    7.5000   15.0000   -7.5000 2940.2859    8.1571
   -7.5000   22.5000   -7.5000 2987.9221    8.1487
    0.0000   22.5000   -7.5000 3024.5923    8.0626
    7.5000   22.5000   -7.5000 2949.1284    8.2304
   -7.5000   30.0000   -7.5000 2921.6404    8.3858
    0.0000   30.0000   -7.5000 2953.8235    8.3048
    7.5000   30.0000   -7.5000 2893.9866    8.4820
   -7.5000   37.5000   -7.5000 2822.8816    8.8073
    0.0000   37.5000   -7.5000 2846.1780    8.7613
    7.5000   37.5000   -7.5000 2800.8228    8.9231
   -7.5000   45.0000   -7.5000 2696.8906    9.4428
    0.0000   45.0000   -7.5000 2710.4895    9.3971
    7.5000   45.0000   -7.5000 2679.6379    9.5545
   -7.5000  -45.0000    0.0000 2010.0049   16.9966
    0.0000  -45.0000    0.0000 2018.3650   16.9069
    7.5000  -45.0000    0.0000 1992.6880   17.2370
   -7.5000  -37.5000    0.0000 2161.1846   14.7568
    0.0000  -37.5000    0.0000 2178.2927   14.6960
    7.5000  -37.5000    0.0000 2146.0813   14.9540
   -7.5000  -30.0000    0.0000 2284.9766   12.8724
    0.0000  -30.0000    0.0000 2302.2683   12.7744
    7.5000  -30.0000    0.0000 2274.5266   13.0448
   -7.5000  -22.5000    0.0000 2407.3149   11.4007
    0.0000  -22.5000    0.0000 2425.9202   11.2957
    7.5000  -22.5000    0.0000 2394.3193   11.5584
   -7.5000  -15.0000    0.0000 2523.4500   10.2419
    0.0000  -15.0000    0.0000 2540.6292   10.1324
    7.5000  -15.0000    0.0000 2508.0437   10.3898
   -7.5000   -7.5000    0.0000 2649.5696    9.3784
    0.0000   -7.5000    0.0000 2666.1160    9.2668
    7.5000   -7.5000    0.0000 2632.1272    9.4981
   -7.5000    0.0000    0.0000 2762.5991    8.7581
    0.0000    0.0000    0.0000 2781.4900    8.6512
    7.5000    0.0000    0.0000 2743.3088    8.8730
   -7.5000    7.5000    0.0000 2861.5620    8.3772
    0.0000    7.5000    0.0000 2882.1914    8.2825
    7.5000    7.5000    0.0000 2841.3479    8.4745
   -7.5000   15.0000    0.0000 2930.3096    8.2214
    0.0000   15.0000    0.0000 2964.5239    8.1347
    7.5000   15.0000    0.0000 2906.6172    8.3198
   -7.5000   22.5000    0.0000 2940.2861    8.2961
    0.0000   22.5000    0.0000 2969.2893    8.2113
    7.5000   22.5000    0.0000 2911.8840    8.3841
   -7.5000   30.0000    0.0000 2881.9231    8.5381
    0.0000   30.0000    0.0000 2909.7041    8.4651
    7.5000   30.0000    0.0000 2861.8794    8.6321
   -7.5000   37.5000    0.0000 2786.6638    8.9794
    0.0000   37.5000    0.0000 2810.3140    8.9085
    7.5000   37.5000    0.0000 2773.0198    9.0661
   -7.5000   45.0000    0.0000 2658.0342    9.5910
    0.0000   45.0000    0.0000 2675.0547    9.5260
    7.5000   45.0000    0.0000 2646.9187    9.6821
   -7.5000  -45.0000    7.5000 1968.2085   17.5350
    0.0000  -45.0000    7.5000 1981.1304   17.4728
    7.5000  -45.0000    7.5000 1959.8818   17.7809
   -7.5000  -37.5000    7.5000 2125.6003   15.2410
    0.0000  -37.5000    7.5000 2140.4436   15.1299
    7.5000  -37.5000    7.5000 2112.6216   15.3664
   -7.5000  -30.0000    7.5000 2254.0024   13.3015
    0.0000  -30.0000    7.5000 2271.3445   13.1744
    7.5000  -30.0000    7.5000 2246.2180   13.4312
   -7.5000  -22.5000    7.5000 2375.3938   11.8023
    0.0000  -22.5000    7.5000 2393.2524   11.6843
    7.5000  -22.5000    7.5000 2364.0818   11.9122
   -7.5000  -15.0000    7.5000 2487.5476   10.6448
    0.0000  -15.0000    7.5000 2506.2417   10.5198
    7.5000  -15.0000    7.5000 2473.5879   10.7329
   -7.5000   -7.5000    7.5000 2606.2227    9.7634
    0.0000   -7.5000    7.5000 2625.4143    9.6411
    7.5000   -7.5000    7.5000 2594.8579    9.8578
   -7.5000    0.0000    7.5000 2712.0703    9.1348
    0.0000    0.0000    7.5000 2732.2651    9.0170
    7.5000    0.0000    7.5000 2701.3403    9.2263
   -7.5000    7.5000    7.5000 2798.8672    8.7284
    0.0000    7.5000    7.5000 2822.8582    8.6297
    7.5000    7.5000    7.5000 2788.7883    8.8186
   -7.5000   15.0000    7.5000 2853.4387    8.5624
    0.0000   15.0000    7.5000 2884.3867    8.4524
    7.5000   15.0000    7.5000 2840.8901    8.6343
   -7.5000   22.5000    7.5000 2856.7222    8.6140
    0.0000   22.5000    7.5000 2882.3157    8.5242
    7.5000   22.5000    7.5000 2843.7954    8.6933
   -7.5000   30.0000    7.5000 2808.3486    8.8590
    0.0000   30.0000    7.5000 2831.8420    8.7759
    7.5000   30.0000    7.5000 2796.9507    8.9360
   -7.5000   37.5000    7.5000 2723.9426    9.2971
    0.0000   37.5000    7.5000 2745.1650    9.2012
    7.5000   37.5000    7.5000 2712.0898    9.3743
   -7.5000   45.0000    7.5000 2604.4739    9.9117
    0.0000   45.0000    7.5000 2619.6423    9.8175
    7.5000   45.0000    7.5000 2594.2268    9.9912
   -7.5000  -45.0000   15.0000 1914.4824   18.3667
    0.0000  -45.0000   15.0000 1924.6842   18.2011
    7.5000  -45.0000   15.0000 1910.0267   18.5367
   -7.5000  -37.5000   15.0000 2070.9368   15.8797
    0.0000  -37.5000   15.0000 2083.9443   15.7492
    7.5000  -37.5000   15.0000 2064.3699   15.9943
   -7.5000  -30.0000   15.0000 2203.3992   13.9065
    0.0000  -30.0000   15.0000 2220.0120   13.7915
    7.5000  -30.0000   15.0000 2197.6318   14.0164
   -7.5000  -22.5000   15.0000 2324.0444   12.4032
    0.0000  -22.5000   15.0000 2341.5454   12.2763
    7.5000  -22.5000   15.0000 2316.5608   12.4896
   -7.5000  -15.0000   15.0000 2436.4570   11.2323
    0.0000  -15.0000   15.0000 2456.3718   11.1124
    7.5000  -15.0000   15.0000 2427.5291   11.3044
   -7.5000   -7.5000   15.0000 2549.9231   10.3196
    0.0000   -7.5000   15.0000 2573.4846   10.2069
    7.5000   -7.5000   15.0000 2540.7051   10.3955
   -7.5000    0.0000   15.0000 2647.9006    9.6493
    0.0000    0.0000   15.0000 2673.4741    9.5511
    7.5000    0.0000   15.0000 2641.6887    9.7257
   -7.5000    7.5000   15.0000 2722.3638    9.2425
    0.0000    7.5000   15.0000 2750.1042    9.1390
    7.5000    7.5000   15.0000 2715.8992    9.3059
   -7.5000   15.0000   15.0000 2760.0850    9.0655
    0.0000   15.0000   15.0000 2788.1343    8.9675
    7.5000   15.0000   15.0000 2753.7302    9.1188
   -7.5000   22.5000   15.0000 2760.3259    9.0863
    0.0000   22.5000   15.0000 2781.8882    9.0018
    7.5000   22.5000   15.0000 2753.8862    9.1569
   -7.5000   30.0000   15.0000 2711.9355    9.3428
    0.0000   30.0000   15.0000 2734.2070    9.2649
    7.5000   30.0000   15.0000 2704.8184    9.4086
   -7.5000   37.5000   15.0000 2631.0811    9.7831
    0.0000   37.5000   15.0000 2652.5310    9.6872
    7.5000   37.5000   15.0000 2625.1780    9.8465
   -7.5000   45.0000   15.0000 2530.6973   10.3790
    0.0000   45.0000   15.0000 2547.2522   10.2722
    7.5000   45.0000   15.0000 2523.6416   10.4390
   -7.5000  -45.0000   22.5000 1856.2034   19.5031
    0.0000  -45.0000   22.5000 1861.9136   19.3562
    7.5000  -45.0000   22.5000 1845.0916   19.6515
   -7.5000  -37.5000   22.5000 2013.2808   16.8528
    0.0000  -37.5000   22.5000 2019.3344   16.6965
    7.5000  -37.5000   22.5000 2002.4463   16.9074
   -7.5000  -30.0000   22.5000 2144.3037   14.7872
    0.0000  -30.0000   22.5000 2156.5522   14.6332
    7.5000  -30.0000   22.5000 2139.5615   14.8386
   -7.5000  -22.5000   22.5000 2259.5344   13.2034
    0.0000  -22.5000   22.5000 2283.4771   13.1023
    7.5000  -22.5000   22.5000 2257.8477   13.3053
   -7.5000  -15.0000   22.5000 2367.9858   11.9824
    0.0000  -15.0000   22.5000 2393.4385   11.8856
    7.5000  -15.0000   22.5000 2366.0767   12.0571
   -7.5000   -7.5000   22.5000 2479.7500   11.0312
    0.0000   -7.5000   22.5000 2501.4036   10.9253
    7.5000   -7.5000   22.5000 2469.7761   11.0970
   -7.5000    0.0000   22.5000 2568.2146   10.3385
    0.0000    0.0000   22.5000 2594.6843   10.2416
    7.5000    0.0000   22.5000 2561.7681   10.3997
   -7.5000    7.5000   22.5000 2631.7683    9.9254
    0.0000    7.5000   22.5000 2659.7690    9.8262
    7.5000    7.5000   22.5000 2627.3960    9.9798
   -7.5000   15.0000   22.5000 2662.9084    9.7136
    0.0000   15.0000   22.5000 2687.6035    9.6294
    7.5000   15.0000   22.5000 2659.2148    9.7673
   -7.5000   22.5000   22.5000 2654.5330    9.7142
    0.0000   22.5000   22.5000 2674.6409    9.6391
    7.5000   22.5000   22.5000 2653.3997    9.7886
   -7.5000   30.0000   22.5000 2607.6194    9.9809
    0.0000   30.0000   22.5000 2624.9888    9.9142
    7.5000   30.0000   22.5000 2606.4097   10.0648
   -7.5000   37.5000   22.5000 2540.0237   10.3985
    0.0000   37.5000   22.5000 2558.1360   10.3005
    7.5000   37.5000   22.5000 2537.5132   10.4646
   -7.5000   45.0000   22.5000 2449.8413   10.9797
    0.0000   45.0000   22.5000 2470.0483   10.8709
    7.5000   45.0000   22.5000 2445.7461   11.0290
   -7.5000  -45.0000   30.0000 1787.9985   21.0127
    0.0000  -45.0000   30.0000 1792.2371   20.8599
    7.5000  -45.0000   30.0000 1771.7141   21.1820
   -7.5000  -37.5000   30.0000 1943.4336   18.1007
    0.0000  -37.5000   30.0000 1951.8093   17.9619
    7.5000  -37.5000   30.0000 1933.2769   18.1725
   -7.5000  -30.0000   30.0000 2074.3020   15.9250
    0.0000  -30.0000   30.0000 2086.4836   15.7879
    7.5000  -30.0000   30.0000 2068.8569   15.9542
   -7.5000  -22.5000   30.0000 2190.7786   14.2527
    0.0000  -22.5000   30.0000 2209.0344   14.1366
    7.5000  -22.5000   30.0000 2185.6536   14.3128
   -7.5000  -15.0000   30.0000 2294.4031   12.9274
    0.0000  -15.0000   30.0000 2318.6257   12.8458
    7.5000  -15.0000   30.0000 2294.0247   13.0075
   -7.5000   -7.5000   30.0000 2394.3022   11.9199
    0.0000   -7.5000   30.0000 2418.9272   11.8304
    7.5000   -7.5000   30.0000 2391.5146   11.9985
   -7.5000    0.0000   30.0000 2475.1809   11.1922
    0.0000    0.0000   30.0000 2498.4451   11.1072
    7.5000    0.0000   30.0000 2472.3936   11.2603
   -7.5000    7.5000   30.0000 2530.8604   10.7650
    0.0000    7.5000   30.0000 2552.1953   10.6650
    7.5000    7.5000   30.0000 2528.9282   10.8160
   -7.5000   15.0000   30.0000 2555.8357   10.5215
    0.0000   15.0000   30.0000 2574.1936   10.4425
    7.5000   15.0000   30.0000 2555.1907   10.5722
   -7.5000   22.5000   30.0000 2546.2009   10.5225
    0.0000   22.5000   30.0000 2562.9092   10.4607
    7.5000   22.5000   30.0000 2545.4819   10.5906
   -7.5000   30.0000   30.0000 2500.2339   10.7896
    0.0000   30.0000   30.0000 2515.3086   10.7268
    7.5000   30.0000   30.0000 2501.4990   10.8534
   -7.5000   37.5000   30.0000 2439.9260   11.1779
    0.0000   37.5000   30.0000 2456.1128   11.0896
    7.5000   37.5000   30.0000 2438.7874   11.2169
   -7.5000   45.0000   30.0000 2361.0051   11.7511
    0.0000   45.0000   30.0000 2379.4722   11.6367
    7.5000   45.0000   30.0000 2361.5735   11.7707
   -7.5000  -45.0000   37.5000 1705.3328   23.0217
    0.0000  -45.0000   37.5000 1714.8831   22.8270
    7.5000  -45.0000   37.5000 1696.2544   23.1957
   -7.5000  -37.5000   37.5000 1863.4814   19.7691
    0.0000  -37.5000   37.5000 1872.0398   19.6073
    7.5000  -37.5000   37.5000 1858.0576   19.8521
   -7.5000  -30.0000   37.5000 1993.5753   17.3964
    0.0000  -30.0000   37.5000 2006.1558   17.2669
    7.5000  -30.0000   37.5000 1991.9857   17.4402
   -7.5000  -22.5000   37.5000 2107.1709   15.5572
    0.0000  -22.5000   37.5000 2121.8501   15.4347
    7.5000  -22.5000   37.5000 2104.4207   15.6032
   -7.5000  -15.0000   37.5000 2209.4019   14.1137
    0.0000  -15.0000   37.5000 2230.9670   14.0315
    7.5000  -15.0000   37.5000 2212.5103   14.1965
   -7.5000   -7.5000   37.5000 2302.9448   13.0281
    0.0000   -7.5000   37.5000 2329.0884   12.9483
    7.5000   -7.5000   37.5000 2307.5217   13.1061
   -7.5000    0.0000   37.5000 2377.1938   12.2580
    0.0000    0.0000   37.5000 2400.9534   12.1759
    7.5000    0.0000   37.5000 2380.8240   12.3268
   -7.5000    7.5000   37.5000 2426.6018   11.7787
    0.0000    7.5000   37.5000 2445.0461   11.6928
    7.5000    7.5000   37.5000 2427.5427   11.8422
   -7.5000   15.0000   37.5000 2445.2644   11.5019
    0.0000   15.0000   37.5000 2461.4802   11.4247
    7.5000   15.0000   37.5000 2445.4805   11.5512
   -7.5000   22.5000   37.5000 2437.1106   11.4894
    0.0000   22.5000   37.5000 2453.7112   11.4302
    7.5000   22.5000   37.5000 2441.1145   11.5530
   -7.5000   30.0000   37.5000 2396.4739   11.7216
    0.0000   30.0000   37.5000 2414.3501   11.6570
    7.5000   30.0000   37.5000 2404.7908   11.7998
   -7.5000   37.5000   37.5000 2340.9307   12.1243
    0.0000   37.5000   37.5000 2360.0532   12.0520
    7.5000   37.5000   37.5000 2347.2417   12.1817
   -7.5000   45.0000   37.5000 2264.6460   12.6934
    0.0000   45.0000   37.5000 2285.0332   12.6007
    7.5000   45.0000   37.5000 2273.7063   12.7369
   -7.5000  -45.0000   45.0000 1618.5956   25.6786
    0.0000  -45.0000   45.0000 1630.2325   25.3803
    7.5000  -45.0000   45.0000 1613.5513   25.9007
   -7.5000  -37.5000   45.0000 1771.1742   21.8909
    0.0000  -37.5000   45.0000 1784.6635   21.6957
    7.5000  -37.5000   45.0000 1770.0325   22.0351
   -7.5000  -30.0000   45.0000 1901.7871   19.2374
    0.0000  -30.0000   45.0000 1918.3287   19.0896
    7.5000  -30.0000   45.0000 1903.9893   19.3358
   -7.5000  -22.5000   45.0000 2014.9674   17.1783
    0.0000  -22.5000   45.0000 2030.1965   17.0431
    7.5000  -22.5000   45.0000 2016.1930   17.2701
   -7.5000  -15.0000   45.0000 2112.6655   15.5875
    0.0000  -15.0000   45.0000 2137.8723   15.4740
    7.5000  -15.0000   45.0000 2119.4978   15.6644
   -7.5000   -7.5000   45.0000 2205.3149   14.4127
    0.0000   -7.5000   45.0000 2230.0774   14.3116
    7.5000   -7.5000   45.0000 2211.9285   14.4799
   -7.5000    0.0000   45.0000 2276.1748   13.5746
    0.0000    0.0000   45.0000 2299.5840   13.4909
    7.5000    0.0000   45.0000 2279.8264   13.6675
   -7.5000    7.5000   45.0000 2318.7051   13.0438
    0.0000    7.5000   45.0000 2338.2307   12.9566
    7.5000    7.5000   45.0000 2319.8794   13.0877
   -7.5000   15.0000   45.0000 2334.3291   12.7008
    0.0000   15.0000   45.0000 2351.3079   12.6218
    7.5000   15.0000   45.0000 2337.9619   12.7605
   -7.5000   22.5000   45.0000 2326.4595   12.6334
    0.0000   22.5000   45.0000 2344.4685   12.5660
    7.5000   22.5000   45.0000 2332.3816   12.6955
   -7.5000   30.0000   45.0000 2296.3418   12.8196
    0.0000   30.0000   45.0000 2316.2397   12.7583
    7.5000   30.0000   45.0000 2304.3984   12.8818
   -7.5000   37.5000   45.0000 2242.9600   13.2585
    0.0000   37.5000   45.0000 2262.8157   13.1966
    7.5000   37.5000   45.0000 2251.2908   13.3076
   -7.5000   45.0000   45.0000 2168.8735   13.8545
    0.0000   45.0000   45.0000 2184.9302   13.7942
    7.5000   45.0000   45.0000 2172.7744   13.8958

---------------------------------------------------------------------
imgreg_4dfp /opt/freesurfer/average/711-2C_as_mni_average_305 /opt/freesurfer/average/711-2B_as_mni_average_305_mask talsrcimg_g11 none talsrcimg_to_711-2C_as_mni_average_305_t4 1283
---------------------------------------------------------------------

freesurfer imgreg_4dfp.c
/opt/freesurfer/average/711-2C_as_mni_average_305.4dfp.img
       256       256       256         1
  1.000000  1.000000  1.000000
orientation T byte_order littleendian
Reading image: /opt/freesurfer/average/711-2C_as_mni_average_305.4dfp.img
dimensions:      256       256       256
mmppix:       1.0000   -1.0000   -1.0000
center:     128.0000 -129.0000 -129.0000
/opt/freesurfer/average/711-2B_as_mni_average_305_mask.4dfp.img
       256       256       256         1
  1.000000  1.000000  1.000000
orientation T byte_order littleendian
Reading mask: /opt/freesurfer/average/711-2B_as_mni_average_305_mask.4dfp.img (2306576 pixels)
talsrcimg_g11.4dfp.img
       256       256       256         1
  1.000000  1.000000  1.000000
orientation T byte_order littleendian
Reading image: talsrcimg_g11.4dfp.img
dimensions:      256       256       256
mmppix:       1.0000   -1.0000   -1.0000
center:     128.0000 -129.0000 -129.0000
rotation matrix determinant  1.000000
fimgreg.f
image alignment mode   1283 decimal      503 hex
parameters
    0.0000   22.5000   -7.5000    0.0000    0.0000    0.0000
eta,q 0.95069  8.03010
niter,ni,del,rscale     5    3   12.0000    1.2000
parameter  4  1.345554 ->  0.500000 qaram    1.1500
parameters
   -1.4204   20.3613   -9.5454   -3.4500   -2.6828    0.1877
eta,q 0.95762  7.91771
  0.0576  0.0522  0.0522  0.0425  0.0440  0.0474
  0.0524  0.0498  0.0487  0.0432  0.0425  0.0445
  0.0497  0.0488  0.0472  0.0446  0.0425  0.0428
  0.0499  0.0493  0.0488  0.0472  0.0435  0.0424
  0.0539  0.0527  0.0527  0.0505  0.0454  0.0429
  0.0616  0.0593  0.0569  0.0544  0.0484  0.0444
  0.0711  0.0675  0.0611  0.0579  0.0525  0.0466
niter,ni,del,rscale     5    3   12.0000    1.2000
parameter  4  0.940815 ->  0.500000 qaram    1.3225
parameters
   -0.7122   21.3616   -9.9237   -7.4175   -3.3409    0.2110
eta,q 0.96192  7.90748
  0.0607  0.0555  0.0502  0.0383  0.0442  0.0441
  0.0520  0.0490  0.0461  0.0379  0.0405  0.0410
  0.0455  0.0448  0.0427  0.0394  0.0384  0.0388
  0.0424  0.0421  0.0417  0.0417  0.0382  0.0381
  0.0428  0.0420  0.0432  0.0446  0.0399  0.0389
  0.0468  0.0445  0.0473  0.0484  0.0431  0.0409
  0.0541  0.0490  0.0530  0.0530  0.0469  0.0440
niter,ni,del,rscale     5    3   12.0000    1.2000
parameters
   -0.5430   22.8380  -10.7582   -8.8964   -3.5309    0.2775
eta,q 0.96456  7.93677
  0.0564  0.0589  0.0450  0.0443  0.0425  0.0418
  0.0476  0.0492  0.0405  0.0373  0.0388  0.0387
  0.0408  0.0419  0.0375  0.0349  0.0363  0.0364
  0.0381  0.0380  0.0371  0.0368  0.0354  0.0354
  0.0397  0.0372  0.0398  0.0406  0.0366  0.0360
  0.0457  0.0397  0.0446  0.0447  0.0396  0.0383
  0.0550  0.0452  0.0506  0.0491  0.0434  0.0418
niter,ni,del,rscale     4    3   12.0000    1.2000
parameters
   -0.5615   23.4710  -11.0839   -9.4538   -3.5527    0.3072
eta,q 0.96510  7.95236
  0.0539  0.0551  0.0450  0.0466  0.0423  0.0414
  0.0441  0.0453  0.0401  0.0391  0.0387  0.0383
  0.0373  0.0382  0.0365  0.0348  0.0360  0.0359
  0.0354  0.0354  0.0353  0.0353  0.0349  0.0349
  0.0379  0.0364  0.0372  0.0387  0.0358  0.0356
  0.0444  0.0413  0.0415  0.0432  0.0388  0.0380
  0.0538  0.0478  0.0475  0.0477  0.0425  0.0415
niter,ni,del,rscale     3    3   12.0000    1.2000
parameters
   -0.5929   23.7324  -11.1785   -9.7266   -3.5470    0.3129
eta,q 0.96523  7.95589
  0.0536  0.0532  0.0454  0.0474  0.0423  0.0413
  0.0437  0.0434  0.0402  0.0400  0.0386  0.0382
  0.0367  0.0368  0.0364  0.0350  0.0360  0.0358
  0.0349  0.0349  0.0349  0.0349  0.0348  0.0348
  0.0376  0.0370  0.0365  0.0380  0.0357  0.0355
  0.0441  0.0426  0.0404  0.0426  0.0386  0.0380
  0.0536  0.0493  0.0463  0.0473  0.0424  0.0415
niter,ni,del,rscale     2    3   12.0000    1.2000
parameters
   -0.6013   23.8508  -11.2124   -9.8593   -3.5420    0.3067
eta,q 0.96526  7.95629
  0.0537  0.0526  0.0454  0.0477  0.0422  0.0413
  0.0437  0.0427  0.0402  0.0405  0.0386  0.0382
  0.0366  0.0363  0.0364  0.0351  0.0359  0.0357
  0.0348  0.0348  0.0348  0.0348  0.0347  0.0347
  0.0374  0.0373  0.0362  0.0376  0.0356  0.0355
  0.0440  0.0432  0.0400  0.0422  0.0386  0.0381
  0.0534  0.0500  0.0459  0.0471  0.0423  0.0415
niter,ni,del,rscale     1    3   12.0000    1.2000
parameters
   -0.6040   23.9052  -11.2287   -9.9226   -3.5383    0.3025
eta,q 0.96527  7.95645
  0.0537  0.0523  0.0454  0.0479  0.0422  0.0413
  0.0437  0.0424  0.0402  0.0408  0.0386  0.0382
  0.0366  0.0361  0.0363  0.0352  0.0359  0.0357
  0.0347  0.0347  0.0348  0.0348  0.0347  0.0347
  0.0374  0.0374  0.0362  0.0375  0.0356  0.0355
  0.0439  0.0434  0.0399  0.0421  0.0385  0.0381
  0.0533  0.0502  0.0458  0.0469  0.0423  0.0415
registration optimization eta report
parameter search radius
    6.0000    6.0000    6.0000    7.9350    6.0000    6.0000
100000*second partial in parameter space
       52.       45.       30.       20.       21.       18.
  0.0537  0.0523  0.0454  0.0479  0.0422  0.0413
  0.0437  0.0424  0.0402  0.0408  0.0386  0.0382
  0.0366  0.0361  0.0363  0.0352  0.0359  0.0357
  0.0347  0.0347  0.0348  0.0348  0.0347  0.0347
  0.0374  0.0374  0.0362  0.0375  0.0356  0.0355
  0.0439  0.0434  0.0399  0.0421  0.0385  0.0381
  0.0533  0.0502  0.0458  0.0469  0.0423  0.0415
   -0.6040   23.9052  -11.2287   -9.9226   -3.5383    0.3025
eta,q 0.96527  7.95645

---------------------------------------------------------------------
imgreg_4dfp /opt/freesurfer/average/711-2C_as_mni_average_305 /opt/freesurfer/average/711-2B_as_mni_average_305_mask talsrcimg_g11 none talsrcimg_to_711-2C_as_mni_average_305_t4 3335
---------------------------------------------------------------------

freesurfer imgreg_4dfp.c
/opt/freesurfer/average/711-2C_as_mni_average_305.4dfp.img
       256       256       256         1
  1.000000  1.000000  1.000000
orientation T byte_order littleendian
Reading image: /opt/freesurfer/average/711-2C_as_mni_average_305.4dfp.img
dimensions:      256       256       256
mmppix:       1.0000   -1.0000   -1.0000
center:     128.0000 -129.0000 -129.0000
/opt/freesurfer/average/711-2B_as_mni_average_305_mask.4dfp.img
       256       256       256         1
  1.000000  1.000000  1.000000
orientation T byte_order littleendian
Reading mask: /opt/freesurfer/average/711-2B_as_mni_average_305_mask.4dfp.img (2306576 pixels)
talsrcimg_g11.4dfp.img
       256       256       256         1
  1.000000  1.000000  1.000000
orientation T byte_order littleendian
Reading image: talsrcimg_g11.4dfp.img
dimensions:      256       256       256
mmppix:       1.0000   -1.0000   -1.0000
center:     128.0000 -129.0000 -129.0000
fimgreg.f
image alignment mode   3335 decimal      D07 hex
parameters
   -0.6040   23.9052  -11.2287   -0.1920   -1.5028   -1.6836
   -1.5835    5.9882    0.5269   17.2636   -6.1716  -17.1989
eta,q 0.96442  7.99555
niter,ni,del,rscale     5    3    5.0000    1.2000
parameter  4  0.878707 ->  0.500000 qaram    1.1500
parameter  5  1.343967 ->  0.500000 qaram    1.1500
parameter  6  0.925229 ->  0.500000 qaram    1.1500
parameters
   -0.6464   24.4069  -12.0189   -4.3320   -5.6428   -5.8236
   -1.2528    5.8011    1.6661   15.6586   -5.0559  -15.5655
eta,q 0.97385  7.50140
  0.0386  0.0386  0.0361  0.0323  0.0286  0.0260  0.0290  0.0303  0.0292  0.0281  0.0278  0.0279
  0.0370  0.0372  0.0354  0.0327  0.0294  0.0262  0.0276  0.0282  0.0278  0.0269  0.0270  0.0271
  0.0359  0.0362  0.0352  0.0336  0.0306  0.0273  0.0267  0.0269  0.0269  0.0263  0.0265  0.0265
  0.0356  0.0356  0.0354  0.0352  0.0329  0.0297  0.0264  0.0264  0.0264  0.0263  0.0262  0.0262
  0.0359  0.0354  0.0360  0.0376  0.0358  0.0330  0.0266  0.0269  0.0264  0.0272  0.0263  0.0262
  0.0371  0.0358  0.0371  0.0409  0.0389  0.0375  0.0274  0.0284  0.0269  0.0289  0.0265  0.0264
  0.0389  0.0370  0.0385  0.0452  0.0424  0.0422  0.0285  0.0308  0.0279  0.0310  0.0270  0.0269
niter,ni,del,rscale     7    3    5.0000    1.2000
parameters
   -0.7232   24.3085  -11.8992   -7.0011   -9.6296   -9.2319
   -1.7329    5.6106    1.1117   15.9791   -5.2303  -14.6670
eta,q 0.97544  7.11253
  0.0292  0.0286  0.0282  0.0273  0.0259  0.0255  0.0268  0.0281  0.0261  0.0277  0.0254  0.0261
  0.0275  0.0271  0.0271  0.0263  0.0250  0.0248  0.0255  0.0262  0.0252  0.0261  0.0249  0.0254
  0.0264  0.0263  0.0264  0.0259  0.0250  0.0246  0.0248  0.0250  0.0247  0.0250  0.0247  0.0249
  0.0261  0.0261  0.0261  0.0261  0.0259  0.0249  0.0246  0.0246  0.0246  0.0246  0.0246  0.0246
  0.0266  0.0265  0.0263  0.0272  0.0273  0.0265  0.0250  0.0251  0.0249  0.0249  0.0247  0.0246
  0.0278  0.0274  0.0269  0.0291  0.0302  0.0297  0.0260  0.0264  0.0256  0.0257  0.0250  0.0249
  0.0296  0.0289  0.0278  0.0320  0.0336  0.0341  0.0274  0.0285  0.0267  0.0272  0.0254  0.0255
niter,ni,del,rscale     6    3    5.0000    1.2000
parameters
   -0.7090   24.3342  -12.2960   -7.0745   -9.9586  -10.4166
   -1.7217    5.6259    1.2078   15.8486   -5.3483  -14.9080
eta,q 0.97549  7.05364
  0.0277  0.0271  0.0255  0.0272  0.0275  0.0267  0.0269  0.0281  0.0263  0.0272  0.0253  0.0257
  0.0260  0.0257  0.0249  0.0259  0.0261  0.0254  0.0257  0.0262  0.0253  0.0257  0.0248  0.0250
  0.0249  0.0249  0.0245  0.0250  0.0249  0.0246  0.0248  0.0250  0.0247  0.0248  0.0246  0.0246
  0.0246  0.0246  0.0246  0.0245  0.0245  0.0245  0.0245  0.0245  0.0245  0.0245  0.0245  0.0245
  0.0249  0.0248  0.0249  0.0247  0.0250  0.0248  0.0248  0.0249  0.0247  0.0249  0.0246  0.0247
  0.0259  0.0256  0.0255  0.0257  0.0260  0.0263  0.0256  0.0262  0.0253  0.0259  0.0249  0.0251
  0.0276  0.0270  0.0264  0.0275  0.0283  0.0294  0.0269  0.0281  0.0262  0.0273  0.0253  0.0258
niter,ni,del,rscale     5    3    5.0000    1.2000
parameters
   -0.7027   24.3571  -12.6094   -7.0988   -9.9551  -10.8235
   -1.7880    5.6615    1.2620   15.9403   -5.3223  -15.1883
eta,q 0.97552  7.03893
  0.0275  0.0270  0.0255  0.0271  0.0275  0.0272  0.0268  0.0280  0.0262  0.0273  0.0252  0.0256
  0.0259  0.0257  0.0249  0.0258  0.0262  0.0257  0.0256  0.0262  0.0253  0.0258  0.0248  0.0250
  0.0249  0.0248  0.0245  0.0249  0.0250  0.0247  0.0248  0.0249  0.0247  0.0248  0.0246  0.0246
  0.0245  0.0245  0.0245  0.0245  0.0245  0.0245  0.0245  0.0245  0.0245  0.0245  0.0245  0.0245
  0.0249  0.0248  0.0248  0.0247  0.0249  0.0247  0.0248  0.0249  0.0247  0.0248  0.0246  0.0247
  0.0259  0.0256  0.0253  0.0256  0.0258  0.0257  0.0256  0.0261  0.0253  0.0257  0.0248  0.0251
  0.0275  0.0269  0.0262  0.0274  0.0278  0.0282  0.0269  0.0280  0.0262  0.0271  0.0252  0.0258
niter,ni,del,rscale     4    3    5.0000    1.2000
parameters
   -0.7023   24.3954  -12.7676   -7.1060  -10.0090  -10.9749
   -1.8245    5.6764    1.2827   16.0724   -5.2932  -15.3729
eta,q 0.97552  7.03272
  0.0275  0.0269  0.0257  0.0271  0.0274  0.0273  0.0268  0.0280  0.0262  0.0272  0.0252  0.0256
  0.0258  0.0256  0.0250  0.0258  0.0261  0.0258  0.0256  0.0262  0.0253  0.0258  0.0248  0.0250
  0.0248  0.0248  0.0246  0.0249  0.0250  0.0248  0.0248  0.0249  0.0247  0.0248  0.0246  0.0246
  0.0245  0.0245  0.0245  0.0245  0.0245  0.0245  0.0245  0.0245  0.0245  0.0245  0.0245  0.0245
  0.0248  0.0247  0.0247  0.0247  0.0248  0.0247  0.0248  0.0249  0.0247  0.0248  0.0246  0.0246
  0.0258  0.0255  0.0252  0.0256  0.0258  0.0255  0.0256  0.0261  0.0252  0.0257  0.0248  0.0251
  0.0275  0.0268  0.0260  0.0273  0.0278  0.0278  0.0269  0.0280  0.0262  0.0270  0.0252  0.0258
niter,ni,del,rscale     3    3    5.0000    1.2000
parameters
   -0.7014   24.4269  -12.8438   -7.1059  -10.0623  -11.0385
   -1.8460    5.6879    1.2963   16.1703   -5.3100  -15.4832
eta,q 0.97553  7.02989
  0.0274  0.0269  0.0257  0.0271  0.0274  0.0273  0.0268  0.0280  0.0262  0.0272  0.0252  0.0257
  0.0258  0.0256  0.0250  0.0258  0.0261  0.0258  0.0256  0.0261  0.0253  0.0258  0.0248  0.0250
  0.0248  0.0248  0.0246  0.0249  0.0250  0.0248  0.0248  0.0249  0.0247  0.0248  0.0246  0.0246
  0.0245  0.0245  0.0245  0.0245  0.0245  0.0245  0.0245  0.0245  0.0245  0.0245  0.0245  0.0245
  0.0248  0.0247  0.0247  0.0247  0.0248  0.0247  0.0248  0.0249  0.0247  0.0248  0.0246  0.0246
  0.0258  0.0255  0.0251  0.0256  0.0258  0.0255  0.0256  0.0261  0.0252  0.0257  0.0248  0.0251
  0.0274  0.0268  0.0259  0.0273  0.0278  0.0277  0.0269  0.0280  0.0262  0.0270  0.0252  0.0257
niter,ni,del,rscale     2    3    5.0000    1.2000
parameters
   -0.7004   24.4500  -12.8858   -7.1084  -10.1002  -11.0769
   -1.8595    5.6978    1.3115   16.2379   -5.3071  -15.5444
eta,q 0.97553  7.02788
  0.0274  0.0269  0.0258  0.0271  0.0274  0.0274  0.0268  0.0280  0.0262  0.0272  0.0252  0.0257
  0.0258  0.0256  0.0250  0.0258  0.0261  0.0258  0.0256  0.0261  0.0253  0.0257  0.0248  0.0250
  0.0248  0.0248  0.0246  0.0249  0.0250  0.0248  0.0248  0.0249  0.0247  0.0248  0.0246  0.0246
  0.0245  0.0245  0.0245  0.0245  0.0245  0.0245  0.0245  0.0245  0.0245  0.0245  0.0245  0.0245
  0.0248  0.0247  0.0247  0.0247  0.0248  0.0247  0.0248  0.0249  0.0247  0.0248  0.0246  0.0246
  0.0258  0.0255  0.0251  0.0256  0.0258  0.0255  0.0256  0.0261  0.0252  0.0257  0.0248  0.0251
  0.0274  0.0268  0.0259  0.0273  0.0278  0.0277  0.0268  0.0280  0.0262  0.0270  0.0252  0.0257
niter,ni,del,rscale     1    3    5.0000    1.2000
parameters
   -0.7004   24.4661  -12.9109   -7.1077  -10.1294  -11.0998
   -1.8685    5.7003    1.3244   16.2867   -5.3258  -15.5868
eta,q 0.97553  7.02671
  0.0274  0.0269  0.0258  0.0271  0.0274  0.0274  0.0268  0.0280  0.0262  0.0271  0.0252  0.0257
  0.0258  0.0256  0.0251  0.0258  0.0261  0.0258  0.0256  0.0261  0.0253  0.0257  0.0248  0.0250
  0.0248  0.0248  0.0246  0.0249  0.0250  0.0248  0.0248  0.0249  0.0247  0.0248  0.0246  0.0246
  0.0245  0.0245  0.0245  0.0245  0.0245  0.0245  0.0245  0.0245  0.0245  0.0245  0.0245  0.0245
  0.0248  0.0247  0.0246  0.0247  0.0248  0.0247  0.0248  0.0249  0.0247  0.0248  0.0246  0.0246
  0.0258  0.0255  0.0251  0.0256  0.0258  0.0255  0.0256  0.0261  0.0252  0.0257  0.0248  0.0251
  0.0274  0.0268  0.0258  0.0273  0.0278  0.0277  0.0268  0.0280  0.0262  0.0270  0.0252  0.0257
registration optimization eta report
parameter search radius
    2.4000    2.4000    2.4000    8.2800    8.2800    8.2800
    7.2000    7.2000    7.2000    7.2000    7.2000    7.2000
100000*second partial in parameter space
       51.       41.       23.        4.        5.        5.
        5.        7.        3.        5.        1.        2.
  0.0274  0.0269  0.0258  0.0271  0.0274  0.0274  0.0268  0.0280  0.0262  0.0271  0.0252  0.0257
  0.0258  0.0256  0.0251  0.0258  0.0261  0.0258  0.0256  0.0261  0.0253  0.0257  0.0248  0.0250
  0.0248  0.0248  0.0246  0.0249  0.0250  0.0248  0.0248  0.0249  0.0247  0.0248  0.0246  0.0246
  0.0245  0.0245  0.0245  0.0245  0.0245  0.0245  0.0245  0.0245  0.0245  0.0245  0.0245  0.0245
  0.0248  0.0247  0.0246  0.0247  0.0248  0.0247  0.0248  0.0249  0.0247  0.0248  0.0246  0.0246
  0.0258  0.0255  0.0251  0.0256  0.0258  0.0255  0.0256  0.0261  0.0252  0.0257  0.0248  0.0251
  0.0274  0.0268  0.0258  0.0273  0.0278  0.0277  0.0268  0.0280  0.0262  0.0270  0.0252  0.0257
   -0.7004   24.4661  -12.9109   -7.1077  -10.1294  -11.0998
   -1.8685    5.7003    1.3244   16.2867   -5.3258  -15.5868
eta,q 0.97553  7.02671

---------------------------------------------------------------------
imgreg_4dfp /opt/freesurfer/average/711-2C_as_mni_average_305 /opt/freesurfer/average/711-2B_as_mni_average_305_mask talsrcimg_g11 none talsrcimg_to_711-2C_as_mni_average_305_t4 2311
---------------------------------------------------------------------

freesurfer imgreg_4dfp.c
/opt/freesurfer/average/711-2C_as_mni_average_305.4dfp.img
       256       256       256         1
  1.000000  1.000000  1.000000
orientation T byte_order littleendian
Reading image: /opt/freesurfer/average/711-2C_as_mni_average_305.4dfp.img
dimensions:      256       256       256
mmppix:       1.0000   -1.0000   -1.0000
center:     128.0000 -129.0000 -129.0000
/opt/freesurfer/average/711-2B_as_mni_average_305_mask.4dfp.img
       256       256       256         1
  1.000000  1.000000  1.000000
orientation T byte_order littleendian
Reading mask: /opt/freesurfer/average/711-2B_as_mni_average_305_mask.4dfp.img (2306576 pixels)
talsrcimg_g11.4dfp.img
       256       256       256         1
  1.000000  1.000000  1.000000
orientation T byte_order littleendian
Reading image: talsrcimg_g11.4dfp.img
dimensions:      256       256       256
mmppix:       1.0000   -1.0000   -1.0000
center:     128.0000 -129.0000 -129.0000
fimgreg.f
image alignment mode   2311 decimal      907 hex
parameters
   -0.7004   24.4661  -12.9109   -7.1077  -10.1294  -11.0998
   -1.8685    5.7003    1.3244   16.2867   -5.3258  -15.5868
eta,q 0.97552  7.02671
niter,ni,del,rscale     5    3    5.0000    0.8000
parameters
   -0.6999   24.4846  -12.9392   -6.7225   -9.7975  -10.7166
   -1.8616    5.7499    1.3473   16.2880   -5.3427  -15.5829
eta,q 0.97553  7.06831
  0.0258  0.0256  0.0251  0.0255  0.0258  0.0255  0.0256  0.0262  0.0253  0.0257  0.0248  0.0251
  0.0251  0.0250  0.0247  0.0250  0.0251  0.0249  0.0250  0.0253  0.0248  0.0250  0.0246  0.0247
  0.0246  0.0246  0.0245  0.0247  0.0246  0.0245  0.0246  0.0247  0.0246  0.0246  0.0245  0.0245
  0.0245  0.0245  0.0245  0.0245  0.0245  0.0245  0.0245  0.0245  0.0245  0.0245  0.0245  0.0245
  0.0246  0.0246  0.0245  0.0245  0.0246  0.0245  0.0246  0.0246  0.0245  0.0246  0.0245  0.0245
  0.0251  0.0249  0.0248  0.0248  0.0249  0.0247  0.0250  0.0252  0.0248  0.0251  0.0246  0.0247
  0.0258  0.0255  0.0251  0.0253  0.0254  0.0252  0.0256  0.0261  0.0253  0.0257  0.0248  0.0251
niter,ni,del,rscale     4    3    5.0000    0.7000
parameters
   -0.7052   24.4664  -12.8463   -6.6593   -9.7934  -10.5586
   -1.8555    5.7442    1.3252   16.2266   -5.3411  -15.4883
eta,q 0.97553  7.07592
  0.0255  0.0253  0.0250  0.0252  0.0254  0.0252  0.0253  0.0258  0.0251  0.0254  0.0247  0.0249
  0.0249  0.0248  0.0247  0.0248  0.0249  0.0247  0.0249  0.0251  0.0247  0.0249  0.0246  0.0247
  0.0246  0.0246  0.0245  0.0246  0.0245  0.0245  0.0246  0.0246  0.0245  0.0245  0.0245  0.0245
  0.0245  0.0245  0.0245  0.0245  0.0245  0.0245  0.0245  0.0245  0.0245  0.0245  0.0245  0.0245
  0.0246  0.0246  0.0245  0.0245  0.0246  0.0245  0.0246  0.0246  0.0245  0.0246  0.0245  0.0245
  0.0249  0.0249  0.0246  0.0248  0.0249  0.0247  0.0249  0.0251  0.0247  0.0249  0.0246  0.0247
  0.0255  0.0253  0.0249  0.0252  0.0253  0.0250  0.0253  0.0258  0.0251  0.0255  0.0247  0.0249
niter,ni,del,rscale     3    3    5.0000    0.6000
parameters
   -0.7064   24.4471  -12.7927   -6.6004   -9.8164  -10.5062
   -1.8433    5.7439    1.3296   16.1635   -5.3206  -15.4354
eta,q 0.97553  7.07840
  0.0252  0.0251  0.0248  0.0250  0.0252  0.0249  0.0251  0.0254  0.0249  0.0252  0.0247  0.0248
  0.0248  0.0247  0.0246  0.0247  0.0248  0.0246  0.0248  0.0249  0.0247  0.0248  0.0246  0.0246
  0.0246  0.0245  0.0245  0.0245  0.0245  0.0245  0.0245  0.0246  0.0245  0.0245  0.0245  0.0245
  0.0245  0.0245  0.0245  0.0245  0.0245  0.0245  0.0245  0.0245  0.0245  0.0245  0.0245  0.0245
  0.0246  0.0245  0.0245  0.0245  0.0246  0.0245  0.0245  0.0246  0.0245  0.0246  0.0245  0.0245
  0.0248  0.0248  0.0246  0.0247  0.0248  0.0246  0.0248  0.0249  0.0247  0.0248  0.0246  0.0246
  0.0252  0.0251  0.0248  0.0250  0.0251  0.0249  0.0251  0.0254  0.0249  0.0252  0.0247  0.0248
niter,ni,del,rscale     2    3    5.0000    0.5000
parameters
   -0.7107   24.4328  -12.7672   -6.5414   -9.8461  -10.5228
   -1.8571    5.7390    1.3265   16.0992   -5.3691  -15.3651
eta,q 0.97554  7.07820
  0.0250  0.0249  0.0247  0.0249  0.0250  0.0247  0.0249  0.0251  0.0248  0.0250  0.0246  0.0247
  0.0247  0.0246  0.0246  0.0246  0.0247  0.0246  0.0247  0.0248  0.0246  0.0247  0.0245  0.0246
  0.0245  0.0245  0.0245  0.0245  0.0245  0.0245  0.0245  0.0245  0.0245  0.0245  0.0245  0.0245
  0.0245  0.0245  0.0245  0.0245  0.0245  0.0245  0.0245  0.0245  0.0245  0.0245  0.0245  0.0245
  0.0245  0.0245  0.0245  0.0245  0.0245  0.0245  0.0245  0.0245  0.0245  0.0245  0.0245  0.0245
  0.0247  0.0247  0.0246  0.0246  0.0247  0.0246  0.0247  0.0248  0.0246  0.0247  0.0245  0.0246
  0.0250  0.0249  0.0247  0.0248  0.0250  0.0247  0.0249  0.0251  0.0248  0.0250  0.0246  0.0247
niter,ni,del,rscale     1    3    5.0000    0.4000
parameters
   -0.7083   24.4205  -12.7628   -6.4971   -9.8572  -10.6083
   -1.8569    5.7406    1.3515   16.0210   -5.3695  -15.3173
eta,q 0.97554  7.07535
  0.0248  0.0247  0.0246  0.0247  0.0248  0.0246  0.0248  0.0249  0.0247  0.0248  0.0245  0.0246
  0.0246  0.0246  0.0245  0.0246  0.0246  0.0245  0.0246  0.0247  0.0246  0.0246  0.0245  0.0245
  0.0245  0.0245  0.0245  0.0245  0.0245  0.0245  0.0245  0.0245  0.0245  0.0245  0.0245  0.0245
  0.0245  0.0245  0.0245  0.0245  0.0245  0.0245  0.0245  0.0245  0.0245  0.0245  0.0245  0.0245
  0.0245  0.0245  0.0245  0.0245  0.0245  0.0245  0.0245  0.0245  0.0245  0.0245  0.0245  0.0245
  0.0246  0.0246  0.0245  0.0246  0.0246  0.0245  0.0246  0.0247  0.0245  0.0246  0.0245  0.0245
  0.0248  0.0248  0.0246  0.0247  0.0248  0.0246  0.0247  0.0249  0.0247  0.0248  0.0246  0.0246
registration optimization eta report
parameter search radius
    0.8000    0.8000    0.8000    2.4000    2.4000    2.4000
    2.4000    2.4000    2.4000    2.4000    2.4000    2.4000
100000*second partial in parameter space
       55.       45.       24.        4.        6.        3.
        5.        8.        4.        6.        2.        3.
  0.0248  0.0247  0.0246  0.0247  0.0248  0.0246  0.0248  0.0249  0.0247  0.0248  0.0245  0.0246
  0.0246  0.0246  0.0245  0.0246  0.0246  0.0245  0.0246  0.0247  0.0246  0.0246  0.0245  0.0245
  0.0245  0.0245  0.0245  0.0245  0.0245  0.0245  0.0245  0.0245  0.0245  0.0245  0.0245  0.0245
  0.0245  0.0245  0.0245  0.0245  0.0245  0.0245  0.0245  0.0245  0.0245  0.0245  0.0245  0.0245
  0.0245  0.0245  0.0245  0.0245  0.0245  0.0245  0.0245  0.0245  0.0245  0.0245  0.0245  0.0245
  0.0246  0.0246  0.0245  0.0246  0.0246  0.0245  0.0246  0.0247  0.0245  0.0246  0.0245  0.0245
  0.0248  0.0248  0.0246  0.0247  0.0248  0.0246  0.0247  0.0249  0.0247  0.0248  0.0246  0.0246
   -0.7083   24.4205  -12.7628   -6.4971   -9.8572  -10.6083
   -1.8569    5.7406    1.3515   16.0210   -5.3695  -15.3173
eta,q 0.97554  7.07535

---------------------------------------------------------------------
imgreg_4dfp /opt/freesurfer/average/711-2C_as_mni_average_305 /opt/freesurfer/average/711-2B_as_mni_average_305_mask talsrcimg_g11 none talsrcimg_to_711-2C_as_mni_average_305_t4 2311
---------------------------------------------------------------------

freesurfer imgreg_4dfp.c
/opt/freesurfer/average/711-2C_as_mni_average_305.4dfp.img
       256       256       256         1
  1.000000  1.000000  1.000000
orientation T byte_order littleendian
Reading image: /opt/freesurfer/average/711-2C_as_mni_average_305.4dfp.img
dimensions:      256       256       256
mmppix:       1.0000   -1.0000   -1.0000
center:     128.0000 -129.0000 -129.0000
/opt/freesurfer/average/711-2B_as_mni_average_305_mask.4dfp.img
       256       256       256         1
  1.000000  1.000000  1.000000
orientation T byte_order littleendian
Reading mask: /opt/freesurfer/average/711-2B_as_mni_average_305_mask.4dfp.img (2306576 pixels)
talsrcimg_g11.4dfp.img
       256       256       256         1
  1.000000  1.000000  1.000000
orientation T byte_order littleendian
Reading image: talsrcimg_g11.4dfp.img
dimensions:      256       256       256
mmppix:       1.0000   -1.0000   -1.0000
center:     128.0000 -129.0000 -129.0000
fimgreg.f
image alignment mode   2311 decimal      907 hex
parameters
   -0.7083   24.4205  -12.7628   -6.4971   -9.8572  -10.6083
   -1.8569    5.7406    1.3515   16.0210   -5.3695  -15.3173
eta,q 0.97554  7.07535
niter,ni,del,rscale     5    3    5.0000    0.8000
parameters
   -0.7050   24.3974  -12.7599   -6.7014   -9.6856  -10.4608
   -1.8312    5.7257    1.3023   16.0849   -5.3186  -15.3676
eta,q 0.97553  7.07961
  0.0258  0.0255  0.0251  0.0253  0.0257  0.0254  0.0256  0.0261  0.0252  0.0258  0.0248  0.0250
  0.0251  0.0249  0.0247  0.0249  0.0251  0.0248  0.0250  0.0252  0.0248  0.0251  0.0246  0.0247
  0.0246  0.0246  0.0245  0.0246  0.0246  0.0245  0.0246  0.0247  0.0246  0.0246  0.0245  0.0245
  0.0245  0.0245  0.0245  0.0245  0.0245  0.0245  0.0245  0.0245  0.0245  0.0245  0.0245  0.0245
  0.0246  0.0246  0.0245  0.0246  0.0246  0.0245  0.0246  0.0247  0.0246  0.0246  0.0245  0.0245
  0.0251  0.0250  0.0247  0.0249  0.0250  0.0248  0.0250  0.0252  0.0248  0.0250  0.0246  0.0248
  0.0258  0.0256  0.0251  0.0256  0.0255  0.0253  0.0256  0.0262  0.0253  0.0257  0.0248  0.0251
niter,ni,del,rscale     4    3    5.0000    0.7000
parameters
   -0.7082   24.4129  -12.7354   -6.6448   -9.7166  -10.4086
   -1.8223    5.7265    1.2911   16.0896   -5.3404  -15.3509
eta,q 0.97553  7.08286
  0.0255  0.0253  0.0250  0.0252  0.0254  0.0251  0.0254  0.0258  0.0251  0.0255  0.0247  0.0249
  0.0249  0.0249  0.0247  0.0248  0.0249  0.0247  0.0249  0.0251  0.0247  0.0249  0.0246  0.0247
  0.0246  0.0246  0.0245  0.0246  0.0246  0.0245  0.0246  0.0246  0.0245  0.0246  0.0245  0.0245
  0.0245  0.0245  0.0245  0.0245  0.0245  0.0245  0.0245  0.0245  0.0245  0.0245  0.0245  0.0245
  0.0246  0.0246  0.0245  0.0245  0.0246  0.0245  0.0246  0.0246  0.0245  0.0246  0.0245  0.0245
  0.0249  0.0248  0.0247  0.0248  0.0249  0.0247  0.0249  0.0251  0.0247  0.0249  0.0246  0.0247
  0.0255  0.0253  0.0249  0.0252  0.0254  0.0251  0.0253  0.0258  0.0251  0.0254  0.0247  0.0249
niter,ni,del,rscale     3    3    5.0000    0.6000
parameters
   -0.7086   24.4146  -12.7210   -6.5988   -9.7669  -10.4092
   -1.8304    5.7305    1.3087   16.0761   -5.3634  -15.3386
eta,q 0.97554  7.08274
  0.0253  0.0251  0.0248  0.0250  0.0252  0.0249  0.0251  0.0254  0.0249  0.0252  0.0247  0.0248
  0.0248  0.0248  0.0246  0.0247  0.0248  0.0246  0.0248  0.0249  0.0247  0.0248  0.0246  0.0246
  0.0246  0.0245  0.0245  0.0245  0.0245  0.0245  0.0245  0.0246  0.0245  0.0245  0.0245  0.0245
  0.0245  0.0245  0.0245  0.0245  0.0245  0.0245  0.0245  0.0245  0.0245  0.0245  0.0245  0.0245
  0.0246  0.0245  0.0245  0.0245  0.0246  0.0245  0.0245  0.0246  0.0245  0.0246  0.0245  0.0245
  0.0248  0.0247  0.0246  0.0247  0.0248  0.0246  0.0248  0.0249  0.0247  0.0248  0.0246  0.0246
  0.0252  0.0251  0.0248  0.0250  0.0252  0.0249  0.0251  0.0254  0.0249  0.0252  0.0247  0.0248
niter,ni,del,rscale     2    3    5.0000    0.5000
parameters
   -0.7076   24.4121  -12.7199   -6.5359   -9.8140  -10.4523
   -1.8440    5.7296    1.3101   16.0438   -5.3628  -15.3264
eta,q 0.97554  7.08151
  0.0250  0.0249  0.0247  0.0249  0.0250  0.0247  0.0249  0.0251  0.0248  0.0250  0.0246  0.0247
  0.0247  0.0247  0.0246  0.0247  0.0247  0.0246  0.0247  0.0248  0.0246  0.0247  0.0245  0.0246
  0.0245  0.0245  0.0245  0.0245  0.0245  0.0245  0.0245  0.0245  0.0245  0.0245  0.0245  0.0245
  0.0245  0.0245  0.0245  0.0245  0.0245  0.0245  0.0245  0.0245  0.0245  0.0245  0.0245  0.0245
  0.0245  0.0245  0.0245  0.0245  0.0245  0.0245  0.0245  0.0245  0.0245  0.0245  0.0245  0.0245
  0.0247  0.0247  0.0246  0.0246  0.0247  0.0246  0.0247  0.0248  0.0246  0.0247  0.0245  0.0246
  0.0250  0.0249  0.0247  0.0248  0.0250  0.0247  0.0249  0.0251  0.0248  0.0250  0.0246  0.0247
niter,ni,del,rscale     1    3    5.0000    0.4000
parameters
   -0.7094   24.4067  -12.7342   -6.5037   -9.8321  -10.5613
   -1.8467    5.7297    1.3103   15.9800   -5.3635  -15.3020
eta,q 0.97554  7.07727
  0.0248  0.0247  0.0246  0.0247  0.0248  0.0246  0.0248  0.0249  0.0247  0.0248  0.0246  0.0246
  0.0246  0.0246  0.0245  0.0246  0.0246  0.0245  0.0246  0.0247  0.0246  0.0246  0.0245  0.0245
  0.0245  0.0245  0.0245  0.0245  0.0245  0.0245  0.0245  0.0245  0.0245  0.0245  0.0245  0.0245
  0.0245  0.0245  0.0245  0.0245  0.0245  0.0245  0.0245  0.0245  0.0245  0.0245  0.0245  0.0245
  0.0245  0.0245  0.0245  0.0245  0.0245  0.0245  0.0245  0.0245  0.0245  0.0245  0.0245  0.0245
  0.0246  0.0246  0.0245  0.0246  0.0246  0.0245  0.0246  0.0247  0.0246  0.0246  0.0245  0.0245
  0.0248  0.0248  0.0246  0.0247  0.0248  0.0246  0.0248  0.0249  0.0247  0.0248  0.0245  0.0246
registration optimization eta report
parameter search radius
    0.8000    0.8000    0.8000    2.4000    2.4000    2.4000
    2.4000    2.4000    2.4000    2.4000    2.4000    2.4000
100000*second partial in parameter space
       55.       45.       24.        4.        6.        3.
        5.        8.        4.        6.        2.        3.
  0.0248  0.0247  0.0246  0.0247  0.0248  0.0246  0.0248  0.0249  0.0247  0.0248  0.0246  0.0246
  0.0246  0.0246  0.0245  0.0246  0.0246  0.0245  0.0246  0.0247  0.0246  0.0246  0.0245  0.0245
  0.0245  0.0245  0.0245  0.0245  0.0245  0.0245  0.0245  0.0245  0.0245  0.0245  0.0245  0.0245
  0.0245  0.0245  0.0245  0.0245  0.0245  0.0245  0.0245  0.0245  0.0245  0.0245  0.0245  0.0245
  0.0245  0.0245  0.0245  0.0245  0.0245  0.0245  0.0245  0.0245  0.0245  0.0245  0.0245  0.0245
  0.0246  0.0246  0.0245  0.0246  0.0246  0.0245  0.0246  0.0247  0.0246  0.0246  0.0245  0.0245
  0.0248  0.0248  0.0246  0.0247  0.0248  0.0246  0.0248  0.0249  0.0247  0.0248  0.0245  0.0246
   -0.7094   24.4067  -12.7342   -6.5037   -9.8321  -10.5613
   -1.8467    5.7297    1.3103   15.9800   -5.3635  -15.3020
eta,q 0.97554  7.07727

---------------------------------------------------------------------
compute_vox2vox talsrcimg talsrcimg_to_711-2C_as_mni_average_305_t4 /opt/freesurfer/average/711-2C_as_mni_average_305
---------------------------------------------------------------------

freesurfer compute_vox2vox.c
Reading: talsrcimg.4dfp.ifh
Reading: talsrcimg_to_711-2C_as_mni_average_305_t4
Reading: /opt/freesurfer/average/711-2C_as_mni_average_305.4dfp.ifh
Writing: talsrcimg_to_711-2C_as_mni_average_305_t4_vox2vox.txt

start time Mon Mar 9 02:55:55 CET 2026
end		time Mon Mar 9 02:57:30 CET 2026

mpr2mni305 success

avi2talxfm orig_nu.mgz /opt/freesurfer/average/mni305.cor.mgz talsrcimg_to_711-2C_as_mni_average_305_t4_vox2vox.txt transforms/talairach.auto.xfm
avi2talxfm done
mv -f /out/sourcedata/freesurfer/sub-v1s17x0051135_ses-1/mri/talsrcimg_to_711-2C_as_mni_average_305_t4_vox2vox.txt /out/sourcedata/freesurfer/sub-v1s17x0051135_ses-1/mri/transforms/talsrcimg_to_711-2C_as_mni_average_305_t4_vox2vox.txt
lta_convert --src orig_nu.mgz --trg /opt/freesurfer/average/mni305.cor.mgz --inxfm transforms/talairach.auto.xfm --outlta transforms/talairach.auto.xfm.lta --subject fsaverage
7.3.2

--src: orig_nu.mgz src image (geometry).
--trg: /opt/freesurfer/average/mni305.cor.mgz trg image (geometry).
--inmni: transforms/talairach.auto.xfm input MNI/XFM transform.
--outlta: transforms/talairach.auto.xfm.lta output LTA.
--s: fsaverage subject name
 LTA read, type : 1
 1.06541  -0.07003   0.00994   1.40768;
 0.05944   1.08127   0.18472  -2.55742;
-0.02602  -0.19061   1.07616  -2.66017;
 0.00000   0.00000   0.00000   1.00000;
setting subject to fsaverage
Writing  LTA to file transforms/talairach.auto.xfm.lta...
lta_convert successful.
 
 
Started at Mon Mar 9 02:55:54 CET 2026
Ended   at Mon Mar  9 02:57:30 CET 2026
talairach_avi done
