/out/sourcedata/freesurfer/sub-v1s17x0050253_ses-1/mri
/opt/freesurfer/bin/talairach_avi
--i orig_nu.mgz --xfm transforms/talairach.auto.xfm
talairach_avi 7.3.2
Linux dna061 5.14.0-427.37.1.el9_4.x86_64 #1 SMP PREEMPT_DYNAMIC Fri Sep 13 12:41:50 EDT 2024 x86_64 x86_64 x86_64 GNU/Linux
Mon Mar  9 02:03:49 CET 2026
mri_convert orig_nu.mgz talsrcimg.img 
reading from orig_nu.mgz...
TR=0.00, TE=0.00, TI=0.00, flip angle=0.00
i_ras = (-1, 4.94765e-10, 0)
j_ras = (0, 4.65661e-10, -1)
k_ras = (-5.09317e-10, 1, -4.65661e-10)
writing to talsrcimg.img...
Analyze Output Matrix
-1.00000   0.00000  -0.00000   130.65170;
 0.00000   0.00000   1.00000  -123.25262;
 0.00000  -1.00000  -0.00000   116.69039;
 0.00000   0.00000   0.00000   1.00000;
--------------------
INFO: set hdr.hist.orient to -1
mpr2mni305 talsrcimg
Mon Mar  9 02:03:49 CET 2026
/opt/freesurfer/bin/mpr2mni305 talsrcimg
mpr2mni305 7.3.2
target=711-2C_as_mni_average_305

---------------------------------------------------------------------
analyzeto4dfp talsrcimg -O0 -y
---------------------------------------------------------------------

freesurfer ifh2hdr.c
Mon Mar  9 02:03:49 2026
Writing: talsrcimg.4dfp.hdr
freesurfer analyzeto4dfp.c
Reading: talsrcimg.hdr
header size 348 bytes
hdr.dime.datatype	offset=70	value=2
hdr.dime.bitpix		offset=72	value=8
hdr.hist.orient		offset=252	value=-1
dimensionality     4
dimensions       256       256       256         1
Reading: talsrcimg.img
Writing: talsrcimg.4dfp.img
Writing: talsrcimg.4dfp.ifh
ifh2hdr talsrcimg -r0to255
ori=2

---------------------------------------------------------------------
gauss_4dfp talsrcimg 1.1
---------------------------------------------------------------------

freesurfer gauss_4dfp.c
Reading: talsrcimg.4dfp.img
Writing: talsrcimg_g11.4dfp.img
image dimensions 256 256 256 padded to 288 288 288
processing volume 1freesurfer ifh2hdr.c
Mon Mar  9 02:03:51 2026
Writing: talsrcimg_g11.4dfp.hdr

Writing: talsrcimg_g11.4dfp.ifh
including: talsrcimg.4dfp.img.rec in talsrcimg_g11.4dfp.img.rec

---------------------------------------------------------------------
imgreg_4dfp /opt/freesurfer/average/711-2C_as_mni_average_305 none talsrcimg_g11 none talsrcimg_to_711-2C_as_mni_average_305_t4 4355
---------------------------------------------------------------------

freesurfer imgreg_4dfp.c
/opt/freesurfer/average/711-2C_as_mni_average_305.4dfp.img
       256       256       256         1
  1.000000  1.000000  1.000000
orientation T byte_order littleendian
Reading image: /opt/freesurfer/average/711-2C_as_mni_average_305.4dfp.img
dimensions:      256       256       256
mmppix:       1.0000   -1.0000   -1.0000
center:     128.0000 -129.0000 -129.0000
talsrcimg_g11.4dfp.img
       256       256       256         1
  1.000000  1.000000  1.000000
orientation T byte_order littleendian
Reading image: talsrcimg_g11.4dfp.img
dimensions:      256       256       256
mmppix:       1.0000   -1.0000   -1.0000
center:     128.0000 -129.0000 -129.0000
t4_read: open error in t4_sub.f l:  41 t4_file(1:l)talsrcimg_to_711-2C_as_mni_average_305_t4 
t4_read: transform initialized to I4
rotation matrix determinant  1.000000
image alignment mode   4355 decimal     1103 hex
   -7.5000  -45.0000  -45.0000 7567.3716   13.1050
    0.0000  -45.0000  -45.0000 7859.9575   13.1037
    7.5000  -45.0000  -45.0000 7501.8491   13.0933
   -7.5000  -37.5000  -45.0000 8285.8467   12.9229
    0.0000  -37.5000  -45.0000 8597.7334   12.9242
    7.5000  -37.5000  -45.0000 8189.4819   12.9187
   -7.5000  -30.0000  -45.0000 9331.2627   12.8553
    0.0000  -30.0000  -45.0000 9682.8867   12.8537
    7.5000  -30.0000  -45.0000 9207.0332   12.8525
   -7.5000  -22.5000  -45.000010386.6084   12.8791
    0.0000  -22.5000  -45.000010771.4766   12.8728
    7.5000  -22.5000  -45.000010226.9922   12.8715
   -7.5000  -15.0000  -45.000011373.0371   12.8951
    0.0000  -15.0000  -45.000011786.3779   12.8870
    7.5000  -15.0000  -45.000011207.1416   12.8813
   -7.5000   -7.5000  -45.000012198.4883   12.8848
    0.0000   -7.5000  -45.000012653.1855   12.8797
    7.5000   -7.5000  -45.000012027.0420   12.8699
   -7.5000    0.0000  -45.000012945.6074   12.8594
    0.0000    0.0000  -45.000013443.7461   12.8591
    7.5000    0.0000  -45.000012764.2256   12.8493
   -7.5000    7.5000  -45.000012752.1670   12.8444
    0.0000    7.5000  -45.000013248.4238   12.8458
    7.5000    7.5000  -45.000012562.3252   12.8402
   -7.5000   15.0000  -45.000012430.6719   12.8538
    0.0000   15.0000  -45.000012918.4971   12.8522
    7.5000   15.0000  -45.000012264.2246   12.8510
   -7.5000   22.5000  -45.000011976.0762   12.8773
    0.0000   22.5000  -45.000012435.3594   12.8710
    7.5000   22.5000  -45.000011818.9951   12.8697
   -7.5000   30.0000  -45.000011511.5469   12.7233
    0.0000   30.0000  -45.000011927.3838   12.7152
    7.5000   30.0000  -45.000011330.6348   12.7097
   -7.5000   37.5000  -45.000011275.6494   12.7131
    0.0000   37.5000  -45.000011694.0518   12.7081
    7.5000   37.5000  -45.000011104.7744   12.6984
   -7.5000   45.0000  -45.000010369.8916   12.3658
    0.0000   45.0000  -45.000010771.8164   12.3656
    7.5000   45.0000  -45.000010226.0332   12.3561
   -7.5000  -45.0000  -37.5000 7972.4580   13.1056
    0.0000  -45.0000  -37.5000 8278.2646   13.1056
    7.5000  -45.0000  -37.5000 7901.1055   13.0943
   -7.5000  -37.5000  -37.5000 8719.7168   12.9235
    0.0000  -37.5000  -37.5000 9057.3066   12.9263
    7.5000  -37.5000  -37.5000 8619.3037   12.9194
   -7.5000  -30.0000  -37.5000 9803.1514   12.8566
    0.0000  -30.0000  -37.500010181.1426   12.8556
    7.5000  -30.0000  -37.5000 9673.6514   12.8509
   -7.5000  -22.5000  -37.500010889.8096   12.8825
    0.0000  -22.5000  -37.500011301.6602   12.8757
    7.5000  -22.5000  -37.500010731.4756   12.8692
   -7.5000  -15.0000  -37.500011921.4688   12.8990
    0.0000  -15.0000  -37.500012367.0303   12.8904
    7.5000  -15.0000  -37.500011753.8574   12.8800
   -7.5000   -7.5000  -37.500012794.1758   12.8870
    0.0000   -7.5000  -37.500013274.9648   12.8824
    7.5000   -7.5000  -37.500012619.6904   12.8702
   -7.5000    0.0000  -37.500013553.3594   12.8605
    0.0000    0.0000  -37.500014087.8857   12.8615
    7.5000    0.0000  -37.500013372.7012   12.8509
   -7.5000    7.5000  -37.500013360.4883   12.8451
    0.0000    7.5000  -37.500013879.8984   12.8480
    7.5000    7.5000  -37.500013154.8857   12.8411
   -7.5000   15.0000  -37.500013018.0039   12.8551
    0.0000   15.0000  -37.500013533.1172   12.8541
    7.5000   15.0000  -37.500012833.2246   12.8494
   -7.5000   22.5000  -37.500012537.5625   12.8807
    0.0000   22.5000  -37.500013027.4219   12.8739
    7.5000   22.5000  -37.500012373.5908   12.8674
   -7.5000   30.0000  -37.500011995.8682   12.7272
    0.0000   30.0000  -37.500012439.6318   12.7186
    7.5000   30.0000  -37.500011829.4434   12.7084
   -7.5000   37.5000  -37.500011719.8203   12.7153
    0.0000   37.5000  -37.500012158.1777   12.7107
    7.5000   37.5000  -37.500011588.2656   12.6987
   -7.5000   45.0000  -37.500010774.2070   12.3669
    0.0000   45.0000  -37.500011179.8887   12.3679
    7.5000   45.0000  -37.500010658.5791   12.3577
   -7.5000  -45.0000  -30.0000 8496.4346   13.6495
    0.0000  -45.0000  -30.0000 8816.4023   13.6496
    7.5000  -45.0000  -30.0000 8413.2676   13.6369
   -7.5000  -37.5000  -30.0000 9280.4180   13.4652
    0.0000  -37.5000  -30.0000 9650.0742   13.4697
    7.5000  -37.5000  -30.0000 9191.4561   13.4607
   -7.5000  -30.0000  -30.000010410.9453   13.3947
    0.0000  -30.0000  -30.000010826.5176   13.3968
    7.5000  -30.0000  -30.000010308.4277   13.3886
   -7.5000  -22.5000  -30.000011536.1475   13.4161
    0.0000  -22.5000  -30.000011995.9424   13.4125
    7.5000  -22.5000  -30.000011427.5107   13.4018
   -7.5000  -15.0000  -30.000012623.0195   13.4279
    0.0000  -15.0000  -30.000013112.7451   13.4215
    7.5000  -15.0000  -30.000012481.4268   13.4077
   -7.5000   -7.5000  -30.000013586.2227   13.4161
    0.0000   -7.5000  -30.000014103.2949   13.4122
    7.5000   -7.5000  -30.000013413.3115   13.3982
   -7.5000    0.0000  -30.000014375.5469   13.3950
    0.0000    0.0000  -30.000014951.2471   13.3962
    7.5000    0.0000  -30.000014200.0957   13.3845
   -7.5000    7.5000  -30.000014145.4023   13.3837
    0.0000    7.5000  -30.000014703.2627   13.3882
    7.5000    7.5000  -30.000013940.8643   13.3793
   -7.5000   15.0000  -30.000013787.8213   13.3931
    0.0000   15.0000  -30.000014327.5781   13.3952
    7.5000   15.0000  -30.000013611.7734   13.3870
   -7.5000   22.5000  -30.000013292.0547   13.4128
    0.0000   22.5000  -30.000013818.9365   13.4092
    7.5000   22.5000  -30.000013140.4561   13.3985
   -7.5000   30.0000  -30.000012669.1113   13.2502
    0.0000   30.0000  -30.000013149.9902   13.2440
    7.5000   30.0000  -30.000012511.6631   13.2303
   -7.5000   37.5000  -30.000012349.6084   13.2386
    0.0000   37.5000  -30.000012828.6201   13.2347
    7.5000   37.5000  -30.000012228.3359   13.2209
   -7.5000   45.0000  -30.000011345.0713   12.8903
    0.0000   45.0000  -30.000011788.8584   12.8915
    7.5000   45.0000  -30.000011249.6543   12.8802
   -7.5000  -45.0000  -22.5000 8935.4434   14.1091
    0.0000  -45.0000  -22.5000 9282.3496   14.1077
    7.5000  -45.0000  -22.5000 8876.5879   14.0947
   -7.5000  -37.5000  -22.5000 9776.5098   13.9249
    0.0000  -37.5000  -22.500010180.3691   13.9293
    7.5000  -37.5000  -22.5000 9706.8398   13.9197
   -7.5000  -30.0000  -22.500010988.7793   13.8511
    0.0000  -30.0000  -22.500011419.3184   13.8556
    7.5000  -30.0000  -22.500010895.6611   13.8475
   -7.5000  -22.5000  -22.500012179.5293   13.8652
    0.0000  -22.5000  -22.500012656.5430   13.8653
    7.5000  -22.5000  -22.500012071.1670   13.8559
   -7.5000  -15.0000  -22.500013291.4961   13.8706
    0.0000  -15.0000  -22.500013799.0186   13.8669
    7.5000  -15.0000  -22.500013146.8203   13.8549
   -7.5000   -7.5000  -22.500014307.6826   13.8603
    0.0000   -7.5000  -22.500014866.5068   13.8564
    7.5000   -7.5000  -22.500014147.1230   13.8435
   -7.5000    0.0000  -22.500015158.5576   13.8462
    0.0000    0.0000  -22.500015767.8252   13.8460
    7.5000    0.0000  -22.500015010.5449   13.8341
   -7.5000    7.5000  -22.500014903.4824   13.8407
    0.0000    7.5000  -22.500015507.7285   13.8451
    7.5000    7.5000  -22.500014737.0996   13.8356
   -7.5000   15.0000  -22.500014523.3818   13.8495
    0.0000   15.0000  -22.500015098.4004   13.8539
    7.5000   15.0000  -22.500014348.7188   13.8458
   -7.5000   22.5000  -22.500013986.1992   13.8609
    0.0000   22.5000  -22.500014540.8428   13.8610
    7.5000   22.5000  -22.500013818.0957   13.8516
   -7.5000   30.0000  -22.500013314.7793   13.6891
    0.0000   30.0000  -22.500013828.5068   13.6855
    7.5000   30.0000  -22.500013118.9189   13.6737
   -7.5000   37.5000  -22.500012966.9287   13.6790
    0.0000   37.5000  -22.500013457.6260   13.6752
    7.5000   37.5000  -22.500012764.3711   13.6624
   -7.5000   45.0000  -22.500011904.4551   13.3346
    0.0000   45.0000  -22.500012367.7598   13.3344
    7.5000   45.0000  -22.500011766.7461   13.3229
   -7.5000  -45.0000  -15.0000 9374.7129   14.4446
    0.0000  -45.0000  -15.0000 9750.6826   14.4415
    7.5000  -45.0000  -15.0000 9320.5117   14.4293
   -7.5000  -37.5000  -15.000010283.8926   14.2576
    0.0000  -37.5000  -15.000010696.9326   14.2603
    7.5000  -37.5000  -15.000010198.1719   14.2523
   -7.5000  -30.0000  -15.000011566.3438   14.1818
    0.0000  -30.0000  -15.000012013.8643   14.1860
    7.5000  -30.0000  -15.000011453.8809   14.1818
   -7.5000  -22.5000  -15.000012814.1143   14.1931
    0.0000  -22.5000  -15.000013322.1504   14.1941
    7.5000  -22.5000  -15.000012684.6885   14.1906
   -7.5000  -15.0000  -15.000013916.2002   14.1965
    0.0000  -15.0000  -15.000014467.4482   14.1935
    7.5000  -15.0000  -15.000013777.4111   14.1869
   -7.5000   -7.5000  -15.000014940.0664   14.1874
    0.0000   -7.5000  -15.000015545.3916   14.1829
    7.5000   -7.5000  -15.000014804.8516   14.1725
   -7.5000    0.0000  -15.000015908.6904   14.1750
    0.0000    0.0000  -15.000016559.5273   14.1731
    7.5000    0.0000  -15.000015764.4561   14.1619
   -7.5000    7.5000  -15.000015724.2314   14.1713
    0.0000    7.5000  -15.000016370.1895   14.1740
    7.5000    7.5000  -15.000015524.6602   14.1659
   -7.5000   15.0000  -15.000015304.6367   14.1802
    0.0000   15.0000  -15.000015951.1396   14.1843
    7.5000   15.0000  -15.000015077.0166   14.1801
   -7.5000   22.5000  -15.000014683.4541   14.1880
    0.0000   22.5000  -15.000015295.5508   14.1890
    7.5000   22.5000  -15.000014463.2988   14.1855
   -7.5000   30.0000  -15.000013944.5244   14.0128
    0.0000   30.0000  -15.000014499.2725   14.0098
    7.5000   30.0000  -15.000013663.7510   14.0033
   -7.5000   37.5000  -15.000013566.0713   14.0038
    0.0000   37.5000  -15.000014065.7207   13.9993
    7.5000   37.5000  -15.000013256.5010   13.9890
   -7.5000   45.0000  -15.000012457.4062   13.6595
    0.0000   45.0000  -15.000012929.6836   13.6576
    7.5000   45.0000  -15.000012223.8760   13.6468
   -7.5000  -45.0000   -7.5000 9815.2314   14.6235
    0.0000  -45.0000   -7.500010208.2871   14.6206
    7.5000  -45.0000   -7.5000 9746.0361   14.6090
   -7.5000  -37.5000   -7.500010757.4316   14.4277
    0.0000  -37.5000   -7.500011190.5996   14.4289
    7.5000  -37.5000   -7.500010665.9404   14.4226
   -7.5000  -30.0000   -7.500012108.1309   14.3511
    0.0000  -30.0000   -7.500012591.3750   14.3522
    7.5000  -30.0000   -7.500012012.3545   14.3515
   -7.5000  -22.5000   -7.500013396.9600   14.3685
    0.0000  -22.5000   -7.500013949.2246   14.3661
    7.5000  -22.5000   -7.500013293.9229   14.3666
   -7.5000  -15.0000   -7.500014507.2100   14.3784
    0.0000  -15.0000   -7.500015128.4043   14.3730
    7.5000  -15.0000   -7.500014437.1699   14.3692
   -7.5000   -7.5000   -7.500015540.1826   14.3691
    0.0000   -7.5000   -7.500016185.1729   14.3639
    7.5000   -7.5000   -7.500015505.9199   14.3544
   -7.5000    0.0000   -7.500016685.7168   14.3498
    0.0000    0.0000   -7.500017395.8770   14.3480
    7.5000    0.0000   -7.500016533.9844   14.3371
   -7.5000    7.5000   -7.500016714.8809   14.3401
    0.0000    7.5000   -7.500017488.6602   14.3414
    7.5000    7.5000   -7.500016352.8662   14.3350
   -7.5000   15.0000   -7.500016363.0947   14.3494
    0.0000   15.0000   -7.500017109.2773   14.3505
    7.5000   15.0000   -7.500015935.4199   14.3498
   -7.5000   22.5000   -7.500015620.1953   14.3618
    0.0000   22.5000   -7.500016276.7822   14.3594
    7.5000   22.5000   -7.500015235.4492   14.3599
   -7.5000   30.0000   -7.500014673.1582   14.1919
    0.0000   30.0000   -7.500015243.0996   14.1866
    7.5000   30.0000   -7.500014321.3096   14.1828
   -7.5000   37.5000   -7.500014161.0859   14.1827
    0.0000   37.5000   -7.500014675.1631   14.1776
    7.5000   37.5000   -7.500013827.6123   14.1683
   -7.5000   45.0000   -7.500013003.6738   13.8305
    0.0000   45.0000   -7.500013480.2197   13.8288
    7.5000   45.0000   -7.500012733.2051   13.8183
   -7.5000  -45.0000    0.000010184.4521   14.6648
    0.0000  -45.0000    0.000010597.0264   14.6633
    7.5000  -45.0000    0.000010093.3867   14.6516
   -7.5000  -37.5000    0.000011157.9297   14.4609
    0.0000  -37.5000    0.000011640.1484   14.4624
    7.5000  -37.5000    0.000011087.1270   14.4562
   -7.5000  -30.0000    0.000012530.9922   14.3854
    0.0000  -30.0000    0.000013068.9160   14.3836
    7.5000  -30.0000    0.000012474.4658   14.3822
   -7.5000  -22.5000    0.000013866.8291   14.4120
    0.0000  -22.5000    0.000014468.3896   14.4049
    7.5000  -22.5000    0.000013786.8750   14.4034
   -7.5000  -15.0000    0.000015065.4141   14.4299
    0.0000  -15.0000    0.000015730.0693   14.4208
    7.5000  -15.0000    0.000014985.5996   14.4145
   -7.5000   -7.5000    0.000016208.3721   14.4184
    0.0000   -7.5000    0.000016872.7305   14.4127
    7.5000   -7.5000    0.000016131.3369   14.4017
   -7.5000    0.0000    0.000017404.3008   14.3899
    0.0000    0.0000    0.000018166.5293   14.3896
    7.5000    0.0000    0.000017170.3398   14.3786
   -7.5000    7.5000    0.000017411.5020   14.3731
    0.0000    7.5000    0.000018216.6738   14.3747
    7.5000    7.5000    0.000016974.3477   14.3684
   -7.5000   15.0000    0.000017052.7363   14.3837
    0.0000   15.0000    0.000017795.7637   14.3819
    7.5000   15.0000    0.000016537.1914   14.3805
   -7.5000   22.5000    0.000016277.6484   14.4053
    0.0000   22.5000    0.000016984.7324   14.3983
    7.5000   22.5000    0.000015840.2441   14.3968
   -7.5000   30.0000    0.000015216.2334   14.2431
    0.0000   30.0000    0.000015853.7451   14.2341
    7.5000   30.0000    0.000014888.6211   14.2279
   -7.5000   37.5000    0.000014594.7578   14.2318
    0.0000   37.5000    0.000015181.8525   14.2262
    7.5000   37.5000    0.000014342.0645   14.2153
   -7.5000   45.0000    0.000013407.4551   13.8702
    0.0000   45.0000    0.000013923.7178   13.8699
    7.5000   45.0000    0.000013191.7119   13.8593
   -7.5000  -45.0000    7.5000 9718.9912   14.6655
    0.0000  -45.0000    7.500010129.9141   14.6655
    7.5000  -45.0000    7.5000 9645.1240   14.6528
   -7.5000  -37.5000    7.500010673.5693   14.4617
    0.0000  -37.5000    7.500011138.0488   14.4648
    7.5000  -37.5000    7.500010604.5918   14.4572
   -7.5000  -30.0000    7.500011989.4121   14.3869
    0.0000  -30.0000    7.500012500.2734   14.3858
    7.5000  -30.0000    7.500011910.6328   14.3806
   -7.5000  -22.5000    7.500013264.0010   14.4158
    0.0000  -22.5000    7.500013821.6396   14.4082
    7.5000  -22.5000    7.500013161.9561   14.4009
   -7.5000  -15.0000    7.500014418.8691   14.4344
    0.0000  -15.0000    7.500015029.0654   14.4247
    7.5000  -15.0000    7.500014329.7246   14.4131
   -7.5000   -7.5000    7.500015510.8252   14.4210
    0.0000   -7.5000    7.500016150.3057   14.4157
    7.5000   -7.5000    7.500015435.9043   14.4021
   -7.5000    0.0000    7.500016600.3320   14.3912
    0.0000    0.0000    7.500017337.9648   14.3923
    7.5000    0.0000    7.500016458.4902   14.3806
   -7.5000    7.5000    7.500016425.7441   14.3740
    0.0000    7.5000    7.500017101.2656   14.3772
    7.5000    7.5000    7.500016202.9590   14.3695
   -7.5000   15.0000    7.500015991.8203   14.3852
    0.0000   15.0000    7.500016588.2305   14.3840
    7.5000   15.0000    7.500015755.0811   14.3788
   -7.5000   22.5000    7.500015395.3447   14.4092
    0.0000   22.5000    7.500015997.1191   14.4015
    7.5000   22.5000    7.500015183.8486   14.3943
   -7.5000   30.0000    7.500014495.5010   14.2476
    0.0000   30.0000    7.500015086.4160   14.2381
    7.5000   30.0000    7.500014328.6250   14.2265
   -7.5000   37.5000    7.500013944.6475   14.2343
    0.0000   37.5000    7.500014522.5596   14.2291
    7.5000   37.5000    7.500013792.8613   14.2157
   -7.5000   45.0000    7.500012869.5723   13.8715
    0.0000   45.0000    7.500013367.5791   13.8726
    7.5000   45.0000    7.500012693.4336   13.8612
   -7.5000  -45.0000   15.0000 9123.3672   14.6599
    0.0000  -45.0000   15.0000 9508.6426   14.6601
    7.5000  -45.0000   15.0000 9041.4541   14.6464
   -7.5000  -37.5000   15.000010019.4922   14.4620
    0.0000  -37.5000   15.000010444.4365   14.4668
    7.5000  -37.5000   15.0000 9926.2969   14.4571
   -7.5000  -30.0000   15.000011238.8125   14.3862
    0.0000  -30.0000   15.000011706.0879   14.3885
    7.5000  -30.0000   15.000011134.0928   14.3797
   -7.5000  -22.5000   15.000012406.1357   14.4092
    0.0000  -22.5000   15.000012920.0967   14.4054
    7.5000  -22.5000   15.000012329.2783   14.3938
   -7.5000  -15.0000   15.000013520.6162   14.4219
    0.0000  -15.0000   15.000014068.6396   14.4151
    7.5000  -15.0000   15.000013453.1621   14.4002
   -7.5000   -7.5000   15.000014580.9717   14.4093
    0.0000   -7.5000   15.000015189.5361   14.4050
    7.5000   -7.5000   15.000014544.8711   14.3900
   -7.5000    0.0000   15.000015569.4180   14.3865
    0.0000    0.0000   15.000016256.4102   14.3878
    7.5000    0.0000   15.000015491.2695   14.3753
   -7.5000    7.5000   15.000015325.5459   14.3745
    0.0000    7.5000   15.000015926.8594   14.3793
    7.5000    7.5000   15.000015225.9111   14.3697
   -7.5000   15.0000   15.000014922.0020   14.3845
    0.0000   15.0000   15.000015467.1729   14.3867
    7.5000   15.0000   15.000014834.4043   14.3780
   -7.5000   22.5000   15.000014416.7764   14.4025
    0.0000   22.5000   15.000014952.6631   14.3987
    7.5000   22.5000   15.000014323.9316   14.3872
   -7.5000   30.0000   15.000013642.4336   14.2352
    0.0000   30.0000   15.000014167.2607   14.2285
    7.5000   30.0000   15.000013553.8184   14.2139
   -7.5000   37.5000   15.000013142.2969   14.2228
    0.0000   37.5000   15.000013643.0332   14.2186
    7.5000   37.5000   15.000013049.7148   14.2038
   -7.5000   45.0000   15.000012123.9023   13.8669
    0.0000   45.0000   15.000012578.2227   13.8682
    7.5000   45.0000   15.000012011.7100   13.8561
   -7.5000  -45.0000   22.5000 8441.6758   14.7716
    0.0000  -45.0000   22.5000 8811.3262   14.7700
    7.5000  -45.0000   22.5000 8381.1992   14.7565
   -7.5000  -37.5000   22.5000 9266.7295   14.5774
    0.0000  -37.5000   22.5000 9671.3594   14.5821
    7.5000  -37.5000   22.5000 9205.9365   14.5723
   -7.5000  -30.0000   22.500010393.0010   14.4994
    0.0000  -30.0000   22.500010838.2520   14.5042
    7.5000  -30.0000   22.500010327.7471   14.4961
   -7.5000  -22.5000   22.500011500.5195   14.5140
    0.0000  -22.5000   22.500011965.7588   14.5140
    7.5000  -22.5000   22.500011440.0273   14.5044
   -7.5000  -15.0000   22.500012545.7676   14.5193
    0.0000  -15.0000   22.500013065.6914   14.5153
    7.5000  -15.0000   22.500012492.0459   14.5029
   -7.5000   -7.5000   22.500013560.2832   14.5086
    0.0000   -7.5000   22.500014141.3730   14.5043
    7.5000   -7.5000   22.500013526.6299   14.4908
   -7.5000    0.0000   22.500014471.5459   14.4941
    0.0000    0.0000   22.500015085.4873   14.4937
    7.5000    0.0000   22.500014394.0332   14.4814
   -7.5000    7.5000   22.500014199.0840   14.4885
    0.0000    7.5000   22.500014753.2979   14.4932
    7.5000    7.5000   22.500014144.8496   14.4834
   -7.5000   15.0000   22.500013815.1035   14.4977
    0.0000   15.0000   22.500014336.7773   14.5025
    7.5000   15.0000   22.500013777.5137   14.4943
   -7.5000   22.5000   22.500013386.0273   14.5072
    0.0000   22.5000   22.500013891.3496   14.5073
    7.5000   22.5000   22.500013335.5342   14.4977
   -7.5000   30.0000   22.500012704.9668   14.3314
    0.0000   30.0000   22.500013185.1689   14.3275
    7.5000   30.0000   22.500012628.3223   14.3152
   -7.5000   37.5000   22.500012261.0303   14.3209
    0.0000   37.5000   22.500012690.4512   14.3166
    7.5000   37.5000   22.500012152.5312   14.3033
   -7.5000   45.0000   22.500011308.9854   13.9706
    0.0000   45.0000   22.500011715.8848   13.9703
    7.5000   45.0000   22.500011187.0977   13.9584
   -7.5000  -45.0000   30.0000 7747.3203   14.9948
    0.0000  -45.0000   30.0000 8099.1973   14.9914
    7.5000  -45.0000   30.0000 7713.1772   14.9782
   -7.5000  -37.5000   30.0000 8491.7188   14.7958
    0.0000  -37.5000   30.0000 8877.6387   14.7987
    7.5000  -37.5000   30.0000 8458.9961   14.7902
   -7.5000  -30.0000   30.0000 9535.2432   14.7157
    0.0000  -30.0000   30.0000 9972.4512   14.7203
    7.5000  -30.0000   30.0000 9496.6924   14.7160
   -7.5000  -22.5000   30.000010562.1143   14.7282
    0.0000  -22.5000   30.000011037.8164   14.7295
    7.5000  -22.5000   30.000010524.1865   14.7257
   -7.5000  -15.0000   30.000011541.2168   14.7321
    0.0000  -15.0000   30.000012035.4248   14.7290
    7.5000  -15.0000   30.000011503.3369   14.7216
   -7.5000   -7.5000   30.000012484.1953   14.7221
    0.0000   -7.5000   30.000013014.7725   14.7172
    7.5000   -7.5000   30.000012446.1377   14.7058
   -7.5000    0.0000   30.000013295.0576   14.7084
    0.0000    0.0000   30.000013858.2266   14.7062
    7.5000    0.0000   30.000013236.7344   14.6941
   -7.5000    7.5000   30.000013031.3076   14.7041
    0.0000    7.5000   30.000013552.8760   14.7070
    7.5000    7.5000   30.000013002.9131   14.6984
   -7.5000   15.0000   30.000012671.4775   14.7139
    0.0000   15.0000   30.000013175.5449   14.7185
    7.5000   15.0000   30.000012654.2773   14.7141
   -7.5000   22.5000   30.000012290.0146   14.7214
    0.0000   22.5000   30.000012772.4111   14.7227
    7.5000   22.5000   30.000012259.4990   14.7188
   -7.5000   30.0000   30.000011687.0234   14.5415
    0.0000   30.0000   30.000012161.2461   14.5384
    7.5000   30.0000   30.000011657.1162   14.5311
   -7.5000   37.5000   30.000011262.9883   14.5316
    0.0000   37.5000   30.000011686.6143   14.5267
    7.5000   37.5000   30.000011203.2568   14.5155
   -7.5000   45.0000   30.000010403.5420   14.1772
    0.0000   45.0000   30.000010796.1592   14.1750
    7.5000   45.0000   30.000010340.5693   14.1634
   -7.5000  -45.0000   37.5000 7390.6455   15.4146
    0.0000  -45.0000   37.5000 7723.6016   15.4114
    7.5000  -45.0000   37.5000 7368.3550   15.3990
   -7.5000  -37.5000   37.5000 8091.4893   15.1974
    0.0000  -37.5000   37.5000 8450.7578   15.1987
    7.5000  -37.5000   37.5000 8074.9658   15.1926
   -7.5000  -30.0000   37.5000 9101.3174   15.1164
    0.0000  -30.0000   37.5000 9516.5654   15.1177
    7.5000  -30.0000   37.5000 9080.0322   15.1178
   -7.5000  -22.5000   37.500010090.3125   15.1399
    0.0000  -22.5000   37.500010558.0596   15.1377
    7.5000  -22.5000   37.500010073.1855   15.1386
   -7.5000  -15.0000   37.500011020.6963   15.1518
    0.0000  -15.0000   37.500011520.3486   15.1463
    7.5000  -15.0000   37.500011000.9141   15.1417
   -7.5000   -7.5000   37.500011909.3721   15.1374
    0.0000   -7.5000   37.500012423.9463   15.1321
    7.5000   -7.5000   37.500011878.5244   15.1213
   -7.5000    0.0000   37.500012663.4697   15.1113
    0.0000    0.0000   37.500013198.8320   15.1094
    7.5000    0.0000   37.500012619.2861   15.0978
   -7.5000    7.5000   37.500012420.4326   15.1005
    0.0000    7.5000   37.500012930.4629   15.1018
    7.5000    7.5000   37.500012389.2295   15.0956
   -7.5000   15.0000   37.500012073.1670   15.1145
    0.0000   15.0000   37.500012561.1553   15.1158
    7.5000   15.0000   37.500012049.6709   15.1159
   -7.5000   22.5000   37.500011715.5137   15.1328
    0.0000   22.5000   37.500012184.5068   15.1307
    7.5000   22.5000   37.500011687.9795   15.1315
   -7.5000   30.0000   37.500011145.4873   14.9557
    0.0000   30.0000   37.500011630.7461   14.9503
    7.5000   30.0000   37.500011149.7061   14.9458
   -7.5000   37.5000   37.500010759.7012   14.9415
    0.0000   37.5000   37.500011211.9971   14.9362
    7.5000   37.5000   37.500010727.9395   14.9256
   -7.5000   45.0000   37.5000 9946.6689   14.5656
    0.0000   45.0000   37.500010358.0928   14.5638
    7.5000   45.0000   37.5000 9900.6484   14.5525
   -7.5000  -45.0000   45.0000 6737.5591   15.8974
    0.0000  -45.0000   45.0000 7020.2554   15.8978
    7.5000  -45.0000   45.0000 6720.3496   15.8853
   -7.5000  -37.5000   45.0000 7383.2349   15.6609
    0.0000  -37.5000   45.0000 7704.4888   15.6631
    7.5000  -37.5000   45.0000 7367.3643   15.6565
   -7.5000  -30.0000   45.0000 8309.4033   15.5745
    0.0000  -30.0000   45.0000 8686.9756   15.5732
    7.5000  -30.0000   45.0000 8289.5713   15.5720
   -7.5000  -22.5000   45.0000 9214.2939   15.6041
    0.0000  -22.5000   45.0000 9648.9229   15.5988
    7.5000  -22.5000   45.0000 9211.8662   15.5975
   -7.5000  -15.0000   45.000010072.9619   15.6211
    0.0000  -15.0000   45.000010540.2070   15.6151
    7.5000  -15.0000   45.000010067.1621   15.6086
   -7.5000   -7.5000   45.000010868.1953   15.6052
    0.0000   -7.5000   45.000011367.2539   15.6027
    7.5000   -7.5000   45.000010858.0898   15.5910
   -7.5000    0.0000   45.000011540.4434   15.5729
    0.0000    0.0000   45.000012063.4141   15.5746
    7.5000    0.0000   45.000011540.0166   15.5628
   -7.5000    7.5000   45.000011325.4736   15.5573
    0.0000    7.5000   45.000011820.7949   15.5595
    7.5000    7.5000   45.000011319.2090   15.5529
   -7.5000   15.0000   45.000011033.5078   15.5725
    0.0000   15.0000   45.000011498.0693   15.5712
    7.5000   15.0000   45.000011014.0312   15.5699
   -7.5000   22.5000   45.000010717.8330   15.5968
    0.0000   22.5000   45.000011163.6631   15.5915
    7.5000   22.5000   45.000010685.5000   15.5902
   -7.5000   30.0000   45.000010199.3623   15.4176
    0.0000   30.0000   45.000010653.4277   15.4117
    7.5000   30.0000   45.000010191.7148   15.4052
   -7.5000   37.5000   45.0000 9857.2021   15.4019
    0.0000   37.5000   45.000010291.7119   15.3994
    7.5000   37.5000   45.0000 9819.9580   15.3879
   -7.5000   45.0000   45.0000 9123.2969   15.0173
    0.0000   45.0000   45.0000 9514.9023   15.0189
    7.5000   45.0000   45.0000 9069.8770   15.0076

---------------------------------------------------------------------
imgreg_4dfp /opt/freesurfer/average/711-2C_as_mni_average_305 /opt/freesurfer/average/711-2B_as_mni_average_305_mask talsrcimg_g11 none talsrcimg_to_711-2C_as_mni_average_305_t4 4355
---------------------------------------------------------------------

freesurfer imgreg_4dfp.c
/opt/freesurfer/average/711-2C_as_mni_average_305.4dfp.img
       256       256       256         1
  1.000000  1.000000  1.000000
orientation T byte_order littleendian
Reading image: /opt/freesurfer/average/711-2C_as_mni_average_305.4dfp.img
dimensions:      256       256       256
mmppix:       1.0000   -1.0000   -1.0000
center:     128.0000 -129.0000 -129.0000
/opt/freesurfer/average/711-2B_as_mni_average_305_mask.4dfp.img
       256       256       256         1
  1.000000  1.000000  1.000000
orientation T byte_order littleendian
Reading mask: /opt/freesurfer/average/711-2B_as_mni_average_305_mask.4dfp.img (2306576 pixels)
talsrcimg_g11.4dfp.img
       256       256       256         1
  1.000000  1.000000  1.000000
orientation T byte_order littleendian
Reading image: talsrcimg_g11.4dfp.img
dimensions:      256       256       256
mmppix:       1.0000   -1.0000   -1.0000
center:     128.0000 -129.0000 -129.0000
rotation matrix determinant  1.000000
image alignment mode   4355 decimal     1103 hex
   -7.5000  -37.5000  -45.0000 2133.1575   14.6628
    0.0000  -37.5000  -45.0000 2131.2900   14.6089
    7.5000  -37.5000  -45.0000 2118.6047   14.7500
   -7.5000  -30.0000  -45.0000 2253.6799   13.1802
    0.0000  -30.0000  -45.0000 2255.2180   13.1270
    7.5000  -30.0000  -45.0000 2233.7175   13.2635
   -7.5000  -22.5000  -45.0000 2358.4578   12.0542
    0.0000  -22.5000  -45.0000 2358.9810   11.9862
    7.5000  -22.5000  -45.0000 2334.5649   12.1158
   -7.5000  -15.0000  -45.0000 2431.3689   11.2638
    0.0000  -15.0000  -45.0000 2433.7429   11.1820
    7.5000  -15.0000  -45.0000 2409.6516   11.3041
   -7.5000   -7.5000  -45.0000 2474.9131   10.6817
    0.0000   -7.5000  -45.0000 2480.8950   10.6156
    7.5000   -7.5000  -45.0000 2455.0293   10.7489
   -7.5000    0.0000  -45.0000 2510.2280   10.3213
    0.0000    0.0000  -45.0000 2519.0610   10.2664
    7.5000    0.0000  -45.0000 2487.6621   10.4169
   -7.5000    7.5000  -45.0000 2520.6235   10.1974
    0.0000    7.5000  -45.0000 2527.8999   10.1580
    7.5000    7.5000  -45.0000 2497.8279   10.3016
   -7.5000   15.0000  -45.0000 2514.0339   10.2655
    0.0000   15.0000  -45.0000 2523.9983   10.2124
    7.5000   15.0000  -45.0000 2494.1509   10.3798
   -7.5000   22.5000  -45.0000 2485.9451   10.5688
    0.0000   22.5000  -45.0000 2495.4854   10.5028
    7.5000   22.5000  -45.0000 2463.4099   10.6796
   -7.5000   30.0000  -45.0000 2437.7979   11.0680
    0.0000   30.0000  -45.0000 2447.4780   11.0030
    7.5000   30.0000  -45.0000 2413.7949   11.1814
   -7.5000   37.5000  -45.0000 2369.4038   11.7524
    0.0000   37.5000  -45.0000 2376.6189   11.6796
    7.5000   37.5000  -45.0000 2345.2649   11.8699
   -7.5000   45.0000  -45.0000 2275.5261   12.6751
    0.0000   45.0000  -45.0000 2285.1653   12.6113
    7.5000   45.0000  -45.0000 2253.4829   12.7993
   -7.5000   52.5000  -45.0000 2143.3416   13.8244
    0.0000   52.5000  -45.0000 2155.6335   13.7613
    7.5000   52.5000  -45.0000 2123.9897   13.9732
   -7.5000  -37.5000  -37.5000 2193.5901   13.8622
    0.0000  -37.5000  -37.5000 2196.1897   13.8112
    7.5000  -37.5000  -37.5000 2182.5034   13.9557
   -7.5000  -30.0000  -37.5000 2315.7192   12.4292
    0.0000  -30.0000  -37.5000 2319.7727   12.3748
    7.5000  -30.0000  -37.5000 2296.5461   12.5109
   -7.5000  -22.5000  -37.5000 2424.9241   11.3331
    0.0000  -22.5000  -37.5000 2427.3052   11.2697
    7.5000  -22.5000  -37.5000 2401.3013   11.4092
   -7.5000  -15.0000  -37.5000 2508.2729   10.5412
    0.0000  -15.0000  -37.5000 2512.4951   10.4782
    7.5000  -15.0000  -37.5000 2489.2000   10.5992
   -7.5000   -7.5000  -37.5000 2555.4417    9.9943
    0.0000   -7.5000  -37.5000 2564.0569    9.9333
    7.5000   -7.5000  -37.5000 2541.8274   10.0660
   -7.5000    0.0000  -37.5000 2593.1331    9.6627
    0.0000    0.0000  -37.5000 2605.4795    9.5985
    7.5000    0.0000  -37.5000 2576.5964    9.7345
   -7.5000    7.5000  -37.5000 2621.1323    9.5276
    0.0000    7.5000  -37.5000 2631.0496    9.4719
    7.5000    7.5000  -37.5000 2596.6226    9.6031
   -7.5000   15.0000  -37.5000 2616.9165    9.5951
    0.0000   15.0000  -37.5000 2628.2954    9.5381
    7.5000   15.0000  -37.5000 2591.5298    9.6863
   -7.5000   22.5000  -37.5000 2590.8281    9.8684
    0.0000   22.5000  -37.5000 2604.3372    9.7995
    7.5000   22.5000  -37.5000 2566.6589    9.9497
   -7.5000   30.0000  -37.5000 2540.2959   10.3340
    0.0000   30.0000  -37.5000 2553.5947   10.2524
    7.5000   30.0000  -37.5000 2516.0967   10.4230
   -7.5000   37.5000  -37.5000 2462.0662   10.9723
    0.0000   37.5000  -37.5000 2474.5459   10.8810
    7.5000   37.5000  -37.5000 2441.4846   11.0630
   -7.5000   45.0000  -37.5000 2358.9390   11.8216
    0.0000   45.0000  -37.5000 2369.2571   11.7538
    7.5000   45.0000  -37.5000 2340.1685   11.9405
   -7.5000   52.5000  -37.5000 2219.0315   12.9095
    0.0000   52.5000  -37.5000 2231.8071   12.8311
    7.5000   52.5000  -37.5000 2203.3599   13.0307
   -7.5000  -37.5000  -30.0000 2285.7830   13.6140
    0.0000  -37.5000  -30.0000 2289.9753   13.5507
    7.5000  -37.5000  -30.0000 2269.3228   13.7380
   -7.5000  -30.0000  -30.0000 2411.0913   12.1808
    0.0000  -30.0000  -30.0000 2415.1265   12.1253
    7.5000  -30.0000  -30.0000 2391.4185   12.2953
   -7.5000  -22.5000  -30.0000 2524.7046   11.0860
    0.0000  -22.5000  -30.0000 2529.4077   11.0373
    7.5000  -22.5000  -30.0000 2509.0496   11.1784
   -7.5000  -15.0000  -30.0000 2618.8127   10.2470
    0.0000  -15.0000  -30.0000 2623.8210   10.2108
    7.5000  -15.0000  -30.0000 2603.7283   10.3358
   -7.5000   -7.5000  -30.0000 2683.2964    9.6830
    0.0000   -7.5000  -30.0000 2689.6968    9.6515
    7.5000   -7.5000  -30.0000 2665.3950    9.7805
   -7.5000    0.0000  -30.0000 2726.0862    9.3585
    0.0000    0.0000  -30.0000 2739.5183    9.3100
    7.5000    0.0000  -30.0000 2709.3787    9.4542
   -7.5000    7.5000  -30.0000 2765.7366    9.1977
    0.0000    7.5000  -30.0000 2778.1221    9.1540
    7.5000    7.5000  -30.0000 2739.4045    9.2872
   -7.5000   15.0000  -30.0000 2767.8740    9.2676
    0.0000   15.0000  -30.0000 2782.1897    9.2199
    7.5000   15.0000  -30.0000 2741.7173    9.3646
   -7.5000   22.5000  -30.0000 2743.3247    9.5264
    0.0000   22.5000  -30.0000 2757.7368    9.4562
    7.5000   22.5000  -30.0000 2717.3074    9.6230
   -7.5000   30.0000  -30.0000 2684.3379    9.9880
    0.0000   30.0000  -30.0000 2700.0715    9.8849
    7.5000   30.0000  -30.0000 2661.3550   10.0648
   -7.5000   37.5000  -30.0000 2597.7852   10.6165
    0.0000   37.5000  -30.0000 2611.2239   10.5217
    7.5000   37.5000  -30.0000 2577.4282   10.6934
   -7.5000   45.0000  -30.0000 2485.3462   11.4691
    0.0000   45.0000  -30.0000 2497.6550   11.3871
    7.5000   45.0000  -30.0000 2468.0823   11.5657
   -7.5000   52.5000  -30.0000 2334.5095   12.5211
    0.0000   52.5000  -30.0000 2346.0413   12.4454
    7.5000   52.5000  -30.0000 2319.1340   12.6341
   -7.5000  -37.5000  -22.5000 2337.0486   13.3034
    0.0000  -37.5000  -22.5000 2340.4722   13.2687
    7.5000  -37.5000  -22.5000 2320.0320   13.4907
   -7.5000  -30.0000  -22.5000 2468.4768   11.8947
    0.0000  -30.0000  -22.5000 2470.8574   11.8605
    7.5000  -30.0000  -22.5000 2448.0515   12.0549
   -7.5000  -22.5000  -22.5000 2590.6260   10.8021
    0.0000  -22.5000  -22.5000 2593.8367   10.7454
    7.5000  -22.5000  -22.5000 2570.8193   10.9260
   -7.5000  -15.0000  -22.5000 2692.8689    9.9490
    0.0000  -15.0000  -22.5000 2696.1074    9.9060
    7.5000  -15.0000  -22.5000 2674.8882   10.0571
   -7.5000   -7.5000  -22.5000 2771.3899    9.3688
    0.0000   -7.5000  -22.5000 2778.9358    9.3253
    7.5000   -7.5000  -22.5000 2753.4937    9.4589
   -7.5000    0.0000  -22.5000 2825.7773    9.0219
    0.0000    0.0000  -22.5000 2840.7129    8.9823
    7.5000    0.0000  -22.5000 2811.7695    9.1262
   -7.5000    7.5000  -22.5000 2876.5317    8.8401
    0.0000    7.5000  -22.5000 2897.4983    8.7931
    7.5000    7.5000  -22.5000 2854.9976    8.9612
   -7.5000   15.0000  -22.5000 2883.3083    8.8912
    0.0000   15.0000  -22.5000 2903.0657    8.8426
    7.5000   15.0000  -22.5000 2852.2710    9.0388
   -7.5000   22.5000  -22.5000 2855.0864    9.1372
    0.0000   22.5000  -22.5000 2869.1821    9.0747
    7.5000   22.5000  -22.5000 2825.3796    9.2656
   -7.5000   30.0000  -22.5000 2788.8157    9.5949
    0.0000   30.0000  -22.5000 2804.7087    9.5013
    7.5000   30.0000  -22.5000 2767.1328    9.6756
   -7.5000   37.5000  -22.5000 2694.6453   10.2133
    0.0000   37.5000  -22.5000 2709.6382   10.1307
    7.5000   37.5000  -22.5000 2673.8535   10.2999
   -7.5000   45.0000  -22.5000 2573.9346   11.0462
    0.0000   45.0000  -22.5000 2587.7500   10.9725
    7.5000   45.0000  -22.5000 2555.9700   11.1635
   -7.5000   52.5000  -22.5000 2416.3733   12.0832
    0.0000   52.5000  -22.5000 2429.3469   12.0083
    7.5000   52.5000  -22.5000 2400.8821   12.2238
   -7.5000  -37.5000  -15.0000 2357.5981   13.1645
    0.0000  -37.5000  -15.0000 2361.0361   13.0888
    7.5000  -37.5000  -15.0000 2337.8789   13.3457
   -7.5000  -30.0000  -15.0000 2489.1448   11.7195
    0.0000  -30.0000  -15.0000 2491.4746   11.6627
    7.5000  -30.0000  -15.0000 2466.7390   11.8882
   -7.5000  -22.5000  -15.0000 2612.7239   10.5980
    0.0000  -22.5000  -15.0000 2618.1436   10.5311
    7.5000  -22.5000  -15.0000 2590.4705   10.7380
   -7.5000  -15.0000  -15.0000 2717.5200    9.7292
    0.0000  -15.0000  -15.0000 2728.9834    9.6675
    7.5000  -15.0000  -15.0000 2702.5862    9.8401
   -7.5000   -7.5000  -15.0000 2816.8948    9.1062
    0.0000   -7.5000  -15.0000 2831.9089    9.0435
    7.5000   -7.5000  -15.0000 2801.4563    9.2044
   -7.5000    0.0000  -15.0000 2887.9124    8.7515
    0.0000    0.0000  -15.0000 2907.1663    8.6973
    7.5000    0.0000  -15.0000 2876.0447    8.8433
   -7.5000    7.5000  -15.0000 2950.2361    8.6044
    0.0000    7.5000  -15.0000 2977.3855    8.5401
    7.5000    7.5000  -15.0000 2926.4587    8.7003
   -7.5000   15.0000  -15.0000 2961.3550    8.6429
    0.0000   15.0000  -15.0000 2987.8171    8.5962
    7.5000   15.0000  -15.0000 2923.9888    8.7792
   -7.5000   22.5000  -15.0000 2921.9189    8.8551
    0.0000   22.5000  -15.0000 2943.4795    8.7979
    7.5000   22.5000  -15.0000 2889.4219    8.9853
   -7.5000   30.0000  -15.0000 2851.9131    9.2595
    0.0000   30.0000  -15.0000 2870.4431    9.1884
    7.5000   30.0000  -15.0000 2826.5791    9.3503
   -7.5000   37.5000  -15.0000 2753.9053    9.8735
    0.0000   37.5000  -15.0000 2771.2671    9.7897
    7.5000   37.5000  -15.0000 2731.4070    9.9502
   -7.5000   45.0000  -15.0000 2626.3516   10.7137
    0.0000   45.0000  -15.0000 2641.2424   10.6179
    7.5000   45.0000  -15.0000 2607.1453   10.8062
   -7.5000   52.5000  -15.0000 2459.9377   11.7701
    0.0000   52.5000  -15.0000 2477.3484   11.6678
    7.5000   52.5000  -15.0000 2446.1948   11.8893
   -7.5000  -37.5000   -7.5000 2356.2615   13.0718
    0.0000  -37.5000   -7.5000 2359.8442   12.9992
    7.5000  -37.5000   -7.5000 2335.7837   13.2459
   -7.5000  -30.0000   -7.5000 2485.0886   11.6203
    0.0000  -30.0000   -7.5000 2488.4192   11.5445
    7.5000  -30.0000   -7.5000 2464.7205   11.7940
   -7.5000  -22.5000   -7.5000 2607.4329   10.4579
    0.0000  -22.5000   -7.5000 2616.4587   10.3952
    7.5000  -22.5000   -7.5000 2588.1006   10.6267
   -7.5000  -15.0000   -7.5000 2717.0107    9.5731
    0.0000  -15.0000   -7.5000 2735.1514    9.5111
    7.5000  -15.0000   -7.5000 2709.5647    9.7130
   -7.5000   -7.5000   -7.5000 2827.2249    8.9405
    0.0000   -7.5000   -7.5000 2845.3516    8.8926
    7.5000   -7.5000   -7.5000 2817.1362    9.0634
   -7.5000    0.0000   -7.5000 2922.5593    8.5840
    0.0000    0.0000   -7.5000 2941.4858    8.5310
    7.5000    0.0000   -7.5000 2903.9331    8.6895
   -7.5000    7.5000   -7.5000 2996.9951    8.4972
    0.0000    7.5000   -7.5000 3021.1587    8.4453
    7.5000    7.5000   -7.5000 2963.0569    8.5423
   -7.5000   15.0000   -7.5000 3006.7737    8.5684
    0.0000   15.0000   -7.5000 3036.1687    8.5262
    7.5000   15.0000   -7.5000 2966.5293    8.6130
   -7.5000   22.5000   -7.5000 2956.8579    8.7307
    0.0000   22.5000   -7.5000 2985.0403    8.6923
    7.5000   22.5000   -7.5000 2924.9482    8.8058
   -7.5000   30.0000   -7.5000 2884.9363    9.0418
    0.0000   30.0000   -7.5000 2904.0408    8.9898
    7.5000   30.0000   -7.5000 2857.8035    9.1363
   -7.5000   37.5000   -7.5000 2775.6438    9.6368
    0.0000   37.5000   -7.5000 2795.6960    9.5520
    7.5000   37.5000   -7.5000 2757.1597    9.7180
   -7.5000   45.0000   -7.5000 2646.7388   10.4766
    0.0000   45.0000   -7.5000 2663.4277   10.3920
    7.5000   45.0000   -7.5000 2627.7410   10.5728
   -7.5000   52.5000   -7.5000 2477.2310   11.5231
    0.0000   52.5000   -7.5000 2493.0735   11.4361
    7.5000   52.5000   -7.5000 2463.2463   11.6307
   -7.5000  -37.5000    0.0000 2350.6389   13.1299
    0.0000  -37.5000    0.0000 2355.4504   13.0743
    7.5000  -37.5000    0.0000 2328.1628   13.3546
   -7.5000  -30.0000    0.0000 2470.3176   11.6312
    0.0000  -30.0000    0.0000 2478.2827   11.5803
    7.5000  -30.0000    0.0000 2453.7490   11.8497
   -7.5000  -22.5000    0.0000 2590.0754   10.4829
    0.0000  -22.5000    0.0000 2601.1726   10.4109
    7.5000  -22.5000    0.0000 2575.0608   10.6650
   -7.5000  -15.0000    0.0000 2703.9607    9.6000
    0.0000  -15.0000    0.0000 2719.1592    9.5405
    7.5000  -15.0000    0.0000 2698.3293    9.7502
   -7.5000   -7.5000    0.0000 2821.0107    8.9745
    0.0000   -7.5000    0.0000 2835.0903    8.9167
    7.5000   -7.5000    0.0000 2813.5381    9.0836
   -7.5000    0.0000    0.0000 2924.3423    8.6035
    0.0000    0.0000    0.0000 2941.3745    8.5471
    7.5000    0.0000    0.0000 2905.0869    8.6787
   -7.5000    7.5000    0.0000 3001.6672    8.4915
    0.0000    7.5000    0.0000 3021.9209    8.4446
    7.5000    7.5000    0.0000 2965.1121    8.5225
   -7.5000   15.0000    0.0000 3010.6750    8.5485
    0.0000   15.0000    0.0000 3036.1980    8.5231
    7.5000   15.0000    0.0000 2967.6697    8.5717
   -7.5000   22.5000    0.0000 2959.1116    8.7261
    0.0000   22.5000    0.0000 2989.9404    8.6614
    7.5000   22.5000    0.0000 2928.0342    8.7705
   -7.5000   30.0000    0.0000 2877.4985    9.0570
    0.0000   30.0000    0.0000 2898.7979    8.9912
    7.5000   30.0000    0.0000 2851.2107    9.1435
   -7.5000   37.5000    0.0000 2768.6057    9.6040
    0.0000   37.5000    0.0000 2788.5247    9.5304
    7.5000   37.5000    0.0000 2754.6711    9.7034
   -7.5000   45.0000    0.0000 2640.9802   10.4055
    0.0000   45.0000    0.0000 2658.1562   10.3234
    7.5000   45.0000    0.0000 2628.4111   10.5122
   -7.5000   52.5000    0.0000 2474.8420   11.4097
    0.0000   52.5000    0.0000 2488.3579   11.3214
    7.5000   52.5000    0.0000 2466.3894   11.5200
   -7.5000  -37.5000    7.5000 2330.6389   13.3731
    0.0000  -37.5000    7.5000 2338.9368   13.3267
    7.5000  -37.5000    7.5000 2311.8484   13.6294
   -7.5000  -30.0000    7.5000 2448.8772   11.8935
    0.0000  -30.0000    7.5000 2456.0920   11.8115
    7.5000  -30.0000    7.5000 2432.6819   12.0806
   -7.5000  -22.5000    7.5000 2562.1902   10.7180
    0.0000  -22.5000    7.5000 2575.2058   10.6374
    7.5000  -22.5000    7.5000 2555.2700   10.8707
   -7.5000  -15.0000    7.5000 2678.7273    9.8229
    0.0000  -15.0000    7.5000 2695.7788    9.7465
    7.5000  -15.0000    7.5000 2676.2285    9.9426
   -7.5000   -7.5000    7.5000 2795.2710    9.1523
    0.0000   -7.5000    7.5000 2812.6184    9.0824
    7.5000   -7.5000    7.5000 2790.9246    9.2595
   -7.5000    0.0000    7.5000 2897.7507    8.7493
    0.0000    0.0000    7.5000 2920.2178    8.6833
    7.5000    0.0000    7.5000 2886.1541    8.8303
   -7.5000    7.5000    7.5000 2966.1628    8.5943
    0.0000    7.5000    7.5000 2989.4871    8.5288
    7.5000    7.5000    7.5000 2945.0537    8.6416
   -7.5000   15.0000    7.5000 2972.7268    8.6035
    0.0000   15.0000    7.5000 2996.6230    8.5311
    7.5000   15.0000    7.5000 2944.6211    8.6692
   -7.5000   22.5000    7.5000 2932.7686    8.8402
    0.0000   22.5000    7.5000 2961.1724    8.7291
    7.5000   22.5000    7.5000 2909.1206    8.9088
   -7.5000   30.0000    7.5000 2845.3167    9.2592
    0.0000   30.0000    7.5000 2867.1748    9.1613
    7.5000   30.0000    7.5000 2823.9680    9.3344
   -7.5000   37.5000    7.5000 2733.9292    9.8257
    0.0000   37.5000    7.5000 2755.7090    9.7320
    7.5000   37.5000    7.5000 2723.0537    9.9051
   -7.5000   45.0000    7.5000 2612.8193   10.5962
    0.0000   45.0000    7.5000 2627.8076   10.5210
    7.5000   45.0000    7.5000 2601.1216   10.6938
   -7.5000   52.5000    7.5000 2452.4346   11.5500
    0.0000   52.5000    7.5000 2465.9453   11.4701
    7.5000   52.5000    7.5000 2444.0645   11.6635
   -7.5000  -37.5000   15.0000 2296.0227   13.8469
    0.0000  -37.5000   15.0000 2300.1245   13.7654
    7.5000  -37.5000   15.0000 2276.3250   14.0314
   -7.5000  -30.0000   15.0000 2416.0647   12.2816
    0.0000  -30.0000   15.0000 2423.5459   12.2067
    7.5000  -30.0000   15.0000 2400.3020   12.4542
   -7.5000  -22.5000   15.0000 2530.4980   11.0876
    0.0000  -22.5000   15.0000 2544.2168   10.9953
    7.5000  -22.5000   15.0000 2520.8933   11.2202
   -7.5000  -15.0000   15.0000 2649.0332   10.1771
    0.0000  -15.0000   15.0000 2667.2588   10.0774
    7.5000  -15.0000   15.0000 2643.9080   10.2928
   -7.5000   -7.5000   15.0000 2761.7778    9.5031
    0.0000   -7.5000   15.0000 2782.2808    9.4050
    7.5000   -7.5000   15.0000 2758.8140    9.6141
   -7.5000    0.0000   15.0000 2853.0342    9.0906
    0.0000    0.0000   15.0000 2876.0420    9.0111
    7.5000    0.0000   15.0000 2844.2788    9.1747
   -7.5000    7.5000   15.0000 2903.8406    8.9068
    0.0000    7.5000   15.0000 2927.7480    8.8157
    7.5000    7.5000   15.0000 2893.4788    8.9651
   -7.5000   15.0000   15.0000 2908.9204    8.9082
    0.0000   15.0000   15.0000 2932.3491    8.7942
    7.5000   15.0000   15.0000 2894.7368    8.9616
   -7.5000   22.5000   15.0000 2873.9558    9.1435
    0.0000   22.5000   15.0000 2899.7231    9.0323
    7.5000   22.5000   15.0000 2860.0933    9.2045
   -7.5000   30.0000   15.0000 2793.7756    9.5864
    0.0000   30.0000   15.0000 2815.8574    9.4863
    7.5000   30.0000   15.0000 2777.9146    9.6567
   -7.5000   37.5000   15.0000 2687.2380   10.1734
    0.0000   37.5000   15.0000 2706.0088   10.0651
    7.5000   37.5000   15.0000 2679.0037   10.2392
   -7.5000   45.0000   15.0000 2567.5591   10.9309
    0.0000   45.0000   15.0000 2583.2126   10.8317
    7.5000   45.0000   15.0000 2559.3640   11.0214
   -7.5000   52.5000   15.0000 2410.8013   11.8736
    0.0000   52.5000   15.0000 2425.2605   11.7941
    7.5000   52.5000   15.0000 2403.6023   11.9687
   -7.5000  -37.5000   22.5000 2246.7908   14.4052
    0.0000  -37.5000   22.5000 2258.8984   14.3203
    7.5000  -37.5000   22.5000 2240.9712   14.6005
   -7.5000  -30.0000   22.5000 2368.9456   12.8144
    0.0000  -30.0000   22.5000 2386.0813   12.7309
    7.5000  -30.0000   22.5000 2360.5825   12.9831
   -7.5000  -22.5000   22.5000 2490.9231   11.6018
    0.0000  -22.5000   22.5000 2506.2908   11.4894
    7.5000  -22.5000   22.5000 2483.6731   11.7461
   -7.5000  -15.0000   22.5000 2610.3406   10.6537
    0.0000  -15.0000   22.5000 2628.4575   10.5489
    7.5000  -15.0000   22.5000 2601.4929   10.7905
   -7.5000   -7.5000   22.5000 2717.6543    9.9886
    0.0000   -7.5000   22.5000 2737.5535    9.8941
    7.5000   -7.5000   22.5000 2709.9390   10.0919
   -7.5000    0.0000   22.5000 2796.2744    9.5685
    0.0000    0.0000   22.5000 2818.1194    9.4807
    7.5000    0.0000   22.5000 2787.2595    9.6528
   -7.5000    7.5000   22.5000 2830.5339    9.3602
    0.0000    7.5000   22.5000 2858.7092    9.2389
    7.5000    7.5000   22.5000 2827.9255    9.4218
   -7.5000   15.0000   22.5000 2833.9465    9.3307
    0.0000   15.0000   22.5000 2856.8518    9.2249
    7.5000   15.0000   22.5000 2826.1221    9.4062
   -7.5000   22.5000   22.5000 2796.9031    9.5882
    0.0000   22.5000   22.5000 2823.5068    9.4863
    7.5000   22.5000   22.5000 2792.2605    9.6570
   -7.5000   30.0000   22.5000 2719.0061   10.0497
    0.0000   30.0000   22.5000 2744.7522    9.9463
    7.5000   30.0000   22.5000 2713.8096   10.1047
   -7.5000   37.5000   22.5000 2622.8640   10.6476
    0.0000   37.5000   22.5000 2635.9041   10.5363
    7.5000   37.5000   22.5000 2615.9507   10.6954
   -7.5000   45.0000   22.5000 2509.7864   11.4054
    0.0000   45.0000   22.5000 2521.3552   11.3034
    7.5000   45.0000   22.5000 2499.4585   11.4693
   -7.5000   52.5000   22.5000 2361.0952   12.3299
    0.0000   52.5000   22.5000 2375.8003   12.2491
    7.5000   52.5000   22.5000 2352.4529   12.4050
   -7.5000  -37.5000   30.0000 2190.1863   15.1201
    0.0000  -37.5000   30.0000 2208.7805   15.0158
    7.5000  -37.5000   30.0000 2189.6582   15.3211
   -7.5000  -30.0000   30.0000 2317.5591   13.4939
    0.0000  -30.0000   30.0000 2341.3479   13.3981
    7.5000  -30.0000   30.0000 2312.1506   13.6644
   -7.5000  -22.5000   30.0000 2439.6165   12.2568
    0.0000  -22.5000   30.0000 2461.9390   12.1458
    7.5000  -22.5000   30.0000 2433.1411   12.4035
   -7.5000  -15.0000   30.0000 2554.0444   11.2971
    0.0000  -15.0000   30.0000 2572.1477   11.2106
    7.5000  -15.0000   30.0000 2545.9573   11.4279
   -7.5000   -7.5000   30.0000 2652.6194   10.6085
    0.0000   -7.5000   30.0000 2672.5684   10.5214
    7.5000   -7.5000   30.0000 2644.6611   10.7131
   -7.5000    0.0000   30.0000 2718.9912   10.1772
    0.0000    0.0000   30.0000 2739.7825   10.0736
    7.5000    0.0000   30.0000 2710.3455   10.2508
   -7.5000    7.5000   30.0000 2746.7651    9.9536
    0.0000    7.5000   30.0000 2774.8132    9.8335
    7.5000    7.5000   30.0000 2745.8833   10.0128
   -7.5000   15.0000   30.0000 2747.3064    9.9051
    0.0000   15.0000   30.0000 2770.9268    9.8079
    7.5000   15.0000   30.0000 2743.7515    9.9963
   -7.5000   22.5000   30.0000 2711.1707   10.1633
    0.0000   22.5000   30.0000 2737.7473   10.0581
    7.5000   22.5000   30.0000 2708.7651   10.2400
   -7.5000   30.0000   30.0000 2638.0513   10.5961
    0.0000   30.0000   30.0000 2663.8118   10.5019
    7.5000   30.0000   30.0000 2637.2346   10.6626
   -7.5000   37.5000   30.0000 2544.9768   11.1935
    0.0000   37.5000   30.0000 2557.7410   11.0920
    7.5000   37.5000   30.0000 2541.3357   11.2464
   -7.5000   45.0000   30.0000 2439.6709   11.9430
    0.0000   45.0000   30.0000 2450.4116   11.8483
    7.5000   45.0000   30.0000 2432.8489   12.0069
   -7.5000   52.5000   30.0000 2295.9683   12.9106
    0.0000   52.5000   30.0000 2309.9180   12.8134
    7.5000   52.5000   30.0000 2285.7051   12.9673
   -7.5000  -37.5000   37.5000 2131.8970   16.0854
    0.0000  -37.5000   37.5000 2147.9348   15.9694
    7.5000  -37.5000   37.5000 2129.8093   16.2712
   -7.5000  -30.0000   37.5000 2262.8855   14.3680
    0.0000  -30.0000   37.5000 2284.0669   14.2491
    7.5000  -30.0000   37.5000 2258.9082   14.5216
   -7.5000  -22.5000   37.5000 2382.0579   13.0916
    0.0000  -22.5000   37.5000 2406.5674   12.9934
    7.5000  -22.5000   37.5000 2379.4731   13.2109
   -7.5000  -15.0000   37.5000 2487.0100   12.1217
    0.0000  -15.0000   37.5000 2508.8228   12.0167
    7.5000  -15.0000   37.5000 2481.8188   12.2216
   -7.5000   -7.5000   37.5000 2574.8452   11.3936
    0.0000   -7.5000   37.5000 2593.9263   11.3093
    7.5000   -7.5000   37.5000 2569.7021   11.4919
   -7.5000    0.0000   37.5000 2629.8767   10.9370
    0.0000    0.0000   37.5000 2650.4578   10.8302
    7.5000    0.0000   37.5000 2626.0564   11.0008
   -7.5000    7.5000   37.5000 2656.9778   10.6762
    0.0000    7.5000   37.5000 2678.9006   10.5747
    7.5000    7.5000   37.5000 2656.1716   10.7366
   -7.5000   15.0000   37.5000 2652.5720   10.6350
    0.0000   15.0000   37.5000 2668.7378   10.5622
    7.5000   15.0000   37.5000 2649.3701   10.7200
   -7.5000   22.5000   37.5000 2616.4041   10.8834
    0.0000   22.5000   37.5000 2636.0010   10.7960
    7.5000   22.5000   37.5000 2615.1406   10.9586
   -7.5000   30.0000   37.5000 2552.0686   11.2702
    0.0000   30.0000   37.5000 2581.9819   11.1706
    7.5000   30.0000   37.5000 2558.6704   11.3589
   -7.5000   37.5000   37.5000 2469.3105   11.8676
    0.0000   37.5000   37.5000 2490.7437   11.7539
    7.5000   37.5000   37.5000 2469.9570   11.9296
   -7.5000   45.0000   37.5000 2365.5652   12.6491
    0.0000   45.0000   37.5000 2381.7644   12.5230
    7.5000   45.0000   37.5000 2362.8030   12.6820
   -7.5000   52.5000   37.5000 2222.3040   13.6237
    0.0000   52.5000   37.5000 2239.3984   13.5143
    7.5000   52.5000   37.5000 2218.3928   13.6698
   -7.5000  -37.5000   45.0000 2065.0371   17.3398
    0.0000  -37.5000   45.0000 2081.1721   17.1610
    7.5000  -37.5000   45.0000 2060.9177   17.4385
   -7.5000  -30.0000   45.0000 2192.9556   15.5050
    0.0000  -30.0000   45.0000 2215.4546   15.3673
    7.5000  -30.0000   45.0000 2190.9624   15.5905
   -7.5000  -22.5000   45.0000 2311.1350   14.1325
    0.0000  -22.5000   45.0000 2337.3220   14.0289
    7.5000  -22.5000   45.0000 2312.1917   14.2219
   -7.5000  -15.0000   45.0000 2411.2642   13.1200
    0.0000  -15.0000   45.0000 2436.2058   13.0245
    7.5000  -15.0000   45.0000 2411.8372   13.1986
   -7.5000   -7.5000   45.0000 2488.2297   12.3600
    0.0000   -7.5000   45.0000 2513.1680   12.2679
    7.5000   -7.5000   45.0000 2489.1487   12.4404
   -7.5000    0.0000   45.0000 2532.2493   11.8509
    0.0000    0.0000   45.0000 2557.1812   11.7558
    7.5000    0.0000   45.0000 2537.5227   11.9137
   -7.5000    7.5000   45.0000 2560.1550   11.5466
    0.0000    7.5000   45.0000 2579.2764   11.4754
    7.5000    7.5000   45.0000 2559.9858   11.6162
   -7.5000   15.0000   45.0000 2554.4082   11.5290
    0.0000   15.0000   45.0000 2570.0671   11.4511
    7.5000   15.0000   45.0000 2552.9097   11.5910
   -7.5000   22.5000   45.0000 2517.8757   11.7641
    0.0000   22.5000   45.0000 2536.1353   11.6678
    7.5000   22.5000   45.0000 2518.0742   11.8195
   -7.5000   30.0000   45.0000 2459.4734   12.1350
    0.0000   30.0000   45.0000 2484.9309   12.0444
    7.5000   30.0000   45.0000 2466.5215   12.1952
   -7.5000   37.5000   45.0000 2385.2554   12.7102
    0.0000   37.5000   45.0000 2411.2434   12.6028
    7.5000   37.5000   45.0000 2387.4722   12.7390
   -7.5000   45.0000   45.0000 2289.3320   13.4801
    0.0000   45.0000   45.0000 2305.5923   13.3721
    7.5000   45.0000   45.0000 2282.6809   13.5249
   -7.5000   52.5000   45.0000 2145.3066   14.4427
    0.0000   52.5000   45.0000 2163.1816   14.3643
    7.5000   52.5000   45.0000 2141.1199   14.5228

---------------------------------------------------------------------
imgreg_4dfp /opt/freesurfer/average/711-2C_as_mni_average_305 /opt/freesurfer/average/711-2B_as_mni_average_305_mask talsrcimg_g11 none talsrcimg_to_711-2C_as_mni_average_305_t4 1283
---------------------------------------------------------------------

freesurfer imgreg_4dfp.c
/opt/freesurfer/average/711-2C_as_mni_average_305.4dfp.img
       256       256       256         1
  1.000000  1.000000  1.000000
orientation T byte_order littleendian
Reading image: /opt/freesurfer/average/711-2C_as_mni_average_305.4dfp.img
dimensions:      256       256       256
mmppix:       1.0000   -1.0000   -1.0000
center:     128.0000 -129.0000 -129.0000
/opt/freesurfer/average/711-2B_as_mni_average_305_mask.4dfp.img
       256       256       256         1
  1.000000  1.000000  1.000000
orientation T byte_order littleendian
Reading mask: /opt/freesurfer/average/711-2B_as_mni_average_305_mask.4dfp.img (2306576 pixels)
talsrcimg_g11.4dfp.img
       256       256       256         1
  1.000000  1.000000  1.000000
orientation T byte_order littleendian
Reading image: talsrcimg_g11.4dfp.img
dimensions:      256       256       256
mmppix:       1.0000   -1.0000   -1.0000
center:     128.0000 -129.0000 -129.0000
rotation matrix determinant  1.000000
fimgreg.f
image alignment mode   1283 decimal      503 hex
parameters
    0.0000   15.0000    0.0000    0.0000    0.0000    0.0000
eta,q 0.95286  8.51568
niter,ni,del,rscale     5    3   12.0000    1.2000
parameter  3  0.576504 ->  0.500000 qaram    1.1500
parameter  4  2.106644 ->  0.500000 qaram    1.1500
parameter  6  0.740926 ->  0.500000 qaram    1.1500
parameters
   -2.2780   13.8279   -3.4500   -3.4500   -1.6460   -3.4500
eta,q 0.96044  8.49796
  0.0525  0.0506  0.0452  0.0405  0.0453  0.0401
  0.0475  0.0481  0.0443  0.0419  0.0429  0.0395
  0.0468  0.0465  0.0449  0.0430  0.0416  0.0400
  0.0493  0.0465  0.0462  0.0442  0.0423  0.0416
  0.0538  0.0479  0.0482  0.0459  0.0444  0.0444
  0.0592  0.0512  0.0517  0.0482  0.0477  0.0477
  0.0657  0.0573  0.0567  0.0504  0.0517  0.0510
niter,ni,del,rscale     7    3   12.0000    1.2000
parameter  4  0.988263 ->  0.500000 qaram    1.3225
parameters
   -1.8358   14.4322   -3.5953   -7.4175   -1.9218   -3.7721
eta,q 0.96420  8.50347
  0.0572  0.0482  0.0478  0.0374  0.0435  0.0433
  0.0487  0.0433  0.0418  0.0357  0.0395  0.0394
  0.0423  0.0402  0.0393  0.0372  0.0367  0.0368
  0.0396  0.0395  0.0396  0.0396  0.0358  0.0358
  0.0407  0.0404  0.0408  0.0411  0.0375  0.0374
  0.0457  0.0422  0.0431  0.0428  0.0406  0.0406
  0.0528  0.0446  0.0474  0.0455  0.0448  0.0445
niter,ni,del,rscale     7    3   12.0000    1.2000
parameters
   -1.5933   15.3348   -3.9146   -6.6896   -2.1379   -3.9165
eta,q 0.96361  8.51080
  0.0543  0.0531  0.0447  0.0480  0.0437  0.0434
  0.0452  0.0447  0.0386  0.0418  0.0402  0.0399
  0.0384  0.0381  0.0360  0.0368  0.0373  0.0375
  0.0358  0.0358  0.0359  0.0358  0.0364  0.0364
  0.0380  0.0369  0.0376  0.0385  0.0378  0.0374
  0.0439  0.0401  0.0407  0.0410  0.0408  0.0404
  0.0511  0.0445  0.0454  0.0427  0.0449  0.0440
niter,ni,del,rscale     6    3   12.0000    1.2000
parameters
   -1.5437   15.2555   -3.8498   -6.5289   -2.1959   -3.9385
eta,q 0.96350  8.50996
  0.0534  0.0475  0.0463  0.0464  0.0442  0.0437
  0.0447  0.0403  0.0398  0.0400  0.0406  0.0401
  0.0385  0.0366  0.0368  0.0360  0.0376  0.0377
  0.0364  0.0364  0.0363  0.0364  0.0365  0.0365
  0.0388  0.0386  0.0377  0.0392  0.0377  0.0373
  0.0449  0.0419  0.0405  0.0415  0.0407  0.0402
  0.0524  0.0467  0.0450  0.0433  0.0445  0.0439
niter,ni,del,rscale     5    3   12.0000    1.2000
parameters
   -1.5311   15.2204   -3.8416   -6.4972   -2.2093   -3.9415
eta,q 0.96349  8.50955
  0.0532  0.0475  0.0462  0.0461  0.0443  0.0437
  0.0446  0.0405  0.0398  0.0397  0.0407  0.0401
  0.0385  0.0368  0.0369  0.0359  0.0377  0.0377
  0.0365  0.0365  0.0365  0.0365  0.0365  0.0365
  0.0390  0.0386  0.0379  0.0394  0.0377  0.0373
  0.0451  0.0417  0.0407  0.0416  0.0406  0.0402
  0.0526  0.0465  0.0452  0.0435  0.0444  0.0438
registration optimization eta report
parameter search radius
    6.0000    6.0000    6.9000    7.9350    6.0000    6.9000
100000*second partial in parameter space
       45.       29.       20.       13.       21.       15.
  0.0532  0.0475  0.0462  0.0461  0.0443  0.0437
  0.0446  0.0405  0.0398  0.0397  0.0407  0.0401
  0.0385  0.0368  0.0369  0.0359  0.0377  0.0377
  0.0365  0.0365  0.0365  0.0365  0.0365  0.0365
  0.0390  0.0386  0.0379  0.0394  0.0377  0.0373
  0.0451  0.0417  0.0407  0.0416  0.0406  0.0402
  0.0526  0.0465  0.0452  0.0435  0.0444  0.0438
   -1.5311   15.2204   -3.8416   -6.4972   -2.2093   -3.9415
eta,q 0.96349  8.50955

---------------------------------------------------------------------
imgreg_4dfp /opt/freesurfer/average/711-2C_as_mni_average_305 /opt/freesurfer/average/711-2B_as_mni_average_305_mask talsrcimg_g11 none talsrcimg_to_711-2C_as_mni_average_305_t4 3335
---------------------------------------------------------------------

freesurfer imgreg_4dfp.c
/opt/freesurfer/average/711-2C_as_mni_average_305.4dfp.img
       256       256       256         1
  1.000000  1.000000  1.000000
orientation T byte_order littleendian
Reading image: /opt/freesurfer/average/711-2C_as_mni_average_305.4dfp.img
dimensions:      256       256       256
mmppix:       1.0000   -1.0000   -1.0000
center:     128.0000 -129.0000 -129.0000
/opt/freesurfer/average/711-2B_as_mni_average_305_mask.4dfp.img
       256       256       256         1
  1.000000  1.000000  1.000000
orientation T byte_order littleendian
Reading mask: /opt/freesurfer/average/711-2B_as_mni_average_305_mask.4dfp.img (2306576 pixels)
talsrcimg_g11.4dfp.img
       256       256       256         1
  1.000000  1.000000  1.000000
orientation T byte_order littleendian
Reading image: talsrcimg_g11.4dfp.img
dimensions:      256       256       256
mmppix:       1.0000   -1.0000   -1.0000
center:     128.0000 -129.0000 -129.0000
fimgreg.f
image alignment mode   3335 decimal      D07 hex
parameters
   -1.5311   15.2204   -3.8416   -0.3107   -0.8473   -0.7161
    6.3945    4.5991   -6.8688   11.0254   -3.8551  -11.3070
eta,q 0.96471  8.54948
niter,ni,del,rscale     5    3    5.0000    1.2000
parameter  4  0.819352 ->  0.500000 qaram    1.1500
parameter  5  1.640743 ->  0.500000 qaram    1.1500
parameter  6  0.564640 ->  0.500000 qaram    1.1500
parameters
   -1.4692   15.7917   -4.2434   -4.4507   -4.9873   -4.8561
    4.6254    4.8210   -5.1693   10.0750   -6.8105  -13.7804
eta,q 0.97006  8.04648
  0.0380  0.0381  0.0360  0.0334  0.0298  0.0305  0.0316  0.0339  0.0329  0.0324  0.0304  0.0305
  0.0366  0.0368  0.0354  0.0337  0.0307  0.0305  0.0308  0.0322  0.0317  0.0311  0.0301  0.0301
  0.0356  0.0358  0.0352  0.0342  0.0320  0.0306  0.0304  0.0310  0.0309  0.0303  0.0301  0.0299
  0.0353  0.0353  0.0352  0.0351  0.0338  0.0310  0.0305  0.0304  0.0304  0.0303  0.0302  0.0301
  0.0355  0.0352  0.0355  0.0367  0.0361  0.0321  0.0311  0.0306  0.0303  0.0308  0.0305  0.0305
  0.0364  0.0356  0.0360  0.0390  0.0387  0.0343  0.0321  0.0317  0.0306  0.0320  0.0310  0.0311
  0.0378  0.0363  0.0369  0.0420  0.0414  0.0370  0.0335  0.0336  0.0313  0.0339  0.0316  0.0319
niter,ni,del,rscale     7    3    5.0000    1.2000
parameter  4  0.501624 ->  0.500000 qaram    1.3225
parameter  5  0.786159 ->  0.500000 qaram    1.3225
parameters
   -1.4430   15.4054   -4.8989   -9.2117   -9.7483   -6.8958
    3.6715    4.9749   -5.1582   10.1331   -6.8584  -14.3333
eta,q 0.97266  7.52549
  0.0325  0.0314  0.0304  0.0297  0.0276  0.0289  0.0291  0.0309  0.0290  0.0299  0.0281  0.0284
  0.0311  0.0304  0.0300  0.0292  0.0276  0.0278  0.0280  0.0292  0.0281  0.0284  0.0277  0.0278
  0.0303  0.0300  0.0298  0.0293  0.0282  0.0274  0.0274  0.0279  0.0275  0.0276  0.0274  0.0274
  0.0299  0.0299  0.0299  0.0298  0.0292  0.0277  0.0274  0.0274  0.0273  0.0273  0.0274  0.0273
  0.0302  0.0304  0.0302  0.0306  0.0308  0.0283  0.0279  0.0277  0.0275  0.0277  0.0274  0.0276
  0.0310  0.0314  0.0308  0.0319  0.0331  0.0293  0.0289  0.0289  0.0281  0.0284  0.0277  0.0281
  0.0324  0.0328  0.0316  0.0342  0.0361  0.0315  0.0302  0.0307  0.0289  0.0297  0.0282  0.0288
niter,ni,del,rscale     7    3    5.0000    1.2000
parameters
   -1.6242   15.4627   -4.8121   -9.2507  -11.9700   -6.7477
    3.7200    4.8422   -5.1634   10.3257   -6.8943  -14.6578
eta,q 0.97288  7.43490
  0.0296  0.0294  0.0286  0.0301  0.0291  0.0298  0.0295  0.0304  0.0287  0.0297  0.0279  0.0283
  0.0282  0.0282  0.0279  0.0286  0.0278  0.0283  0.0282  0.0287  0.0278  0.0282  0.0275  0.0276
  0.0275  0.0275  0.0275  0.0276  0.0271  0.0273  0.0274  0.0275  0.0273  0.0273  0.0272  0.0272
  0.0273  0.0273  0.0273  0.0273  0.0273  0.0271  0.0271  0.0271  0.0271  0.0271  0.0271  0.0271
  0.0278  0.0276  0.0274  0.0278  0.0282  0.0276  0.0274  0.0276  0.0273  0.0275  0.0272  0.0273
  0.0288  0.0282  0.0278  0.0286  0.0298  0.0282  0.0282  0.0288  0.0278  0.0282  0.0275  0.0278
  0.0304  0.0291  0.0285  0.0300  0.0322  0.0294  0.0294  0.0307  0.0287  0.0292  0.0279  0.0284
niter,ni,del,rscale     6    3    5.0000    1.2000
parameters
   -1.6672   15.5992   -4.7966   -9.3451  -12.1404   -6.7577
    3.7316    4.8075   -5.1552   10.5196   -6.9319  -14.7420
eta,q 0.97288  7.42558
  0.0296  0.0293  0.0283  0.0298  0.0301  0.0297  0.0294  0.0304  0.0287  0.0296  0.0279  0.0283
  0.0282  0.0281  0.0277  0.0283  0.0286  0.0282  0.0282  0.0288  0.0278  0.0281  0.0275  0.0276
  0.0274  0.0274  0.0272  0.0274  0.0275  0.0273  0.0274  0.0276  0.0273  0.0273  0.0272  0.0272
  0.0271  0.0271  0.0271  0.0271  0.0271  0.0271  0.0271  0.0271  0.0271  0.0271  0.0271  0.0271
  0.0275  0.0273  0.0272  0.0276  0.0276  0.0276  0.0274  0.0275  0.0273  0.0275  0.0272  0.0273
  0.0284  0.0278  0.0276  0.0284  0.0287  0.0283  0.0282  0.0287  0.0278  0.0281  0.0275  0.0277
  0.0298  0.0288  0.0283  0.0298  0.0304  0.0295  0.0294  0.0306  0.0287  0.0292  0.0279  0.0283
niter,ni,del,rscale     5    3    5.0000    1.2000
parameters
   -1.6759   15.6503   -4.8335   -9.3647  -12.1842   -6.8109
    3.7303    4.7991   -5.1271   10.6082   -6.9449  -14.7917
eta,q 0.97288  7.42184
  0.0297  0.0291  0.0283  0.0299  0.0302  0.0296  0.0294  0.0305  0.0286  0.0295  0.0279  0.0283
  0.0283  0.0280  0.0276  0.0284  0.0286  0.0282  0.0282  0.0288  0.0278  0.0281  0.0275  0.0277
  0.0274  0.0273  0.0272  0.0274  0.0275  0.0273  0.0274  0.0276  0.0273  0.0272  0.0272  0.0272
  0.0271  0.0271  0.0271  0.0271  0.0271  0.0271  0.0271  0.0271  0.0271  0.0271  0.0271  0.0271
  0.0274  0.0273  0.0273  0.0276  0.0275  0.0276  0.0274  0.0275  0.0273  0.0275  0.0272  0.0273
  0.0283  0.0279  0.0277  0.0284  0.0286  0.0283  0.0282  0.0287  0.0278  0.0282  0.0275  0.0277
  0.0297  0.0289  0.0283  0.0298  0.0303  0.0296  0.0294  0.0306  0.0286  0.0292  0.0279  0.0283
niter,ni,del,rscale     4    3    5.0000    1.2000
parameters
   -1.6806   15.6765   -4.8683   -9.3824  -12.2067   -6.8553
    3.7250    4.7953   -5.1197   10.6565   -6.9446  -14.8226
eta,q 0.97289  7.41900
  0.0297  0.0290  0.0282  0.0299  0.0302  0.0296  0.0294  0.0305  0.0286  0.0295  0.0279  0.0283
  0.0283  0.0279  0.0276  0.0284  0.0286  0.0282  0.0282  0.0288  0.0278  0.0280  0.0275  0.0277
  0.0274  0.0273  0.0272  0.0274  0.0275  0.0273  0.0274  0.0276  0.0273  0.0272  0.0272  0.0272
  0.0271  0.0271  0.0271  0.0271  0.0271  0.0271  0.0271  0.0271  0.0271  0.0271  0.0271  0.0271
  0.0274  0.0273  0.0273  0.0276  0.0275  0.0276  0.0274  0.0275  0.0273  0.0275  0.0272  0.0273
  0.0283  0.0279  0.0277  0.0284  0.0286  0.0283  0.0282  0.0287  0.0278  0.0282  0.0275  0.0277
  0.0297  0.0289  0.0283  0.0298  0.0303  0.0296  0.0294  0.0305  0.0286  0.0292  0.0279  0.0283
niter,ni,del,rscale     3    3    5.0000    1.2000
parameters
   -1.6825   15.6921   -4.8952   -9.3913  -12.2269   -6.8948
    3.7235    4.7914   -5.1215   10.6860   -6.9378  -14.8382
eta,q 0.97289  7.41656
  0.0297  0.0290  0.0283  0.0298  0.0302  0.0297  0.0294  0.0304  0.0286  0.0295  0.0279  0.0283
  0.0283  0.0279  0.0276  0.0284  0.0286  0.0282  0.0282  0.0288  0.0278  0.0280  0.0275  0.0277
  0.0274  0.0273  0.0272  0.0274  0.0275  0.0273  0.0274  0.0276  0.0273  0.0272  0.0272  0.0272
  0.0271  0.0271  0.0271  0.0271  0.0271  0.0271  0.0271  0.0271  0.0271  0.0271  0.0271  0.0271
  0.0274  0.0273  0.0273  0.0276  0.0275  0.0276  0.0274  0.0275  0.0273  0.0275  0.0272  0.0273
  0.0283  0.0279  0.0277  0.0284  0.0286  0.0283  0.0282  0.0287  0.0278  0.0282  0.0275  0.0277
  0.0297  0.0289  0.0283  0.0298  0.0302  0.0295  0.0294  0.0305  0.0286  0.0292  0.0279  0.0283
niter,ni,del,rscale     2    3    5.0000    1.2000
parameters
   -1.6857   15.7042   -4.9115   -9.3986  -12.2384   -6.9201
    3.7252    4.7887   -5.1211   10.7113   -6.9418  -14.8530
eta,q 0.97288  7.41513
  0.0297  0.0290  0.0283  0.0298  0.0302  0.0297  0.0294  0.0304  0.0286  0.0294  0.0279  0.0283
  0.0283  0.0279  0.0276  0.0283  0.0286  0.0282  0.0282  0.0288  0.0278  0.0280  0.0275  0.0277
  0.0274  0.0273  0.0272  0.0274  0.0275  0.0273  0.0274  0.0276  0.0273  0.0272  0.0272  0.0272
  0.0271  0.0271  0.0271  0.0271  0.0271  0.0271  0.0271  0.0271  0.0271  0.0271  0.0271  0.0271
  0.0274  0.0273  0.0273  0.0276  0.0275  0.0276  0.0274  0.0275  0.0273  0.0275  0.0272  0.0273
  0.0283  0.0279  0.0277  0.0284  0.0286  0.0283  0.0282  0.0287  0.0278  0.0282  0.0275  0.0277
  0.0297  0.0289  0.0283  0.0298  0.0302  0.0295  0.0294  0.0305  0.0286  0.0292  0.0279  0.0283
registration optimization eta report
parameter search radius
    2.4000    2.4000    2.4000    9.5220    9.5220    8.2800
    7.2000    7.2000    7.2000    7.2000    7.2000    7.2000
100000*second partial in parameter space
       44.       32.       20.        3.        3.        4.
        4.        6.        3.        4.        1.        2.
  0.0297  0.0290  0.0283  0.0298  0.0302  0.0297  0.0294  0.0304  0.0286  0.0294  0.0279  0.0283
  0.0283  0.0279  0.0276  0.0283  0.0286  0.0282  0.0282  0.0288  0.0278  0.0280  0.0275  0.0277
  0.0274  0.0273  0.0272  0.0274  0.0275  0.0273  0.0274  0.0276  0.0273  0.0272  0.0272  0.0272
  0.0271  0.0271  0.0271  0.0271  0.0271  0.0271  0.0271  0.0271  0.0271  0.0271  0.0271  0.0271
  0.0274  0.0273  0.0273  0.0276  0.0275  0.0276  0.0274  0.0275  0.0273  0.0275  0.0272  0.0273
  0.0283  0.0279  0.0277  0.0284  0.0286  0.0283  0.0282  0.0287  0.0278  0.0282  0.0275  0.0277
  0.0297  0.0289  0.0283  0.0298  0.0302  0.0295  0.0294  0.0305  0.0286  0.0292  0.0279  0.0283
   -1.6857   15.7042   -4.9115   -9.3986  -12.2384   -6.9201
    3.7252    4.7887   -5.1211   10.7113   -6.9418  -14.8530
eta,q 0.97288  7.41513

---------------------------------------------------------------------
imgreg_4dfp /opt/freesurfer/average/711-2C_as_mni_average_305 /opt/freesurfer/average/711-2B_as_mni_average_305_mask talsrcimg_g11 none talsrcimg_to_711-2C_as_mni_average_305_t4 2311
---------------------------------------------------------------------

freesurfer imgreg_4dfp.c
/opt/freesurfer/average/711-2C_as_mni_average_305.4dfp.img
       256       256       256         1
  1.000000  1.000000  1.000000
orientation T byte_order littleendian
Reading image: /opt/freesurfer/average/711-2C_as_mni_average_305.4dfp.img
dimensions:      256       256       256
mmppix:       1.0000   -1.0000   -1.0000
center:     128.0000 -129.0000 -129.0000
/opt/freesurfer/average/711-2B_as_mni_average_305_mask.4dfp.img
       256       256       256         1
  1.000000  1.000000  1.000000
orientation T byte_order littleendian
Reading mask: /opt/freesurfer/average/711-2B_as_mni_average_305_mask.4dfp.img (2306576 pixels)
talsrcimg_g11.4dfp.img
       256       256       256         1
  1.000000  1.000000  1.000000
orientation T byte_order littleendian
Reading image: talsrcimg_g11.4dfp.img
dimensions:      256       256       256
mmppix:       1.0000   -1.0000   -1.0000
center:     128.0000 -129.0000 -129.0000
fimgreg.f
image alignment mode   2311 decimal      907 hex
parameters
   -1.6857   15.7042   -4.9115   -9.3986  -12.2384   -6.9201
    3.7252    4.7887   -5.1211   10.7113   -6.9418  -14.8530
eta,q 0.97288  7.41512
niter,ni,del,rscale     5    3    5.0000    0.8000
parameters
   -1.6929   15.6896   -4.9370   -9.7340  -12.2149   -7.3534
    3.7419    4.8301   -5.1159   10.2819   -7.0416  -14.8181
eta,q 0.97296  7.38284
  0.0283  0.0279  0.0276  0.0278  0.0280  0.0279  0.0282  0.0287  0.0277  0.0279  0.0274  0.0276
  0.0276  0.0275  0.0273  0.0274  0.0275  0.0274  0.0276  0.0279  0.0274  0.0273  0.0272  0.0273
  0.0272  0.0272  0.0272  0.0272  0.0272  0.0271  0.0272  0.0273  0.0271  0.0271  0.0271  0.0271
  0.0271  0.0271  0.0271  0.0271  0.0271  0.0271  0.0271  0.0271  0.0271  0.0271  0.0270  0.0270
  0.0273  0.0272  0.0272  0.0273  0.0272  0.0274  0.0272  0.0272  0.0271  0.0273  0.0271  0.0271
  0.0276  0.0275  0.0274  0.0276  0.0275  0.0277  0.0275  0.0278  0.0274  0.0277  0.0272  0.0273
  0.0283  0.0279  0.0277  0.0280  0.0280  0.0281  0.0281  0.0287  0.0277  0.0282  0.0274  0.0276
niter,ni,del,rscale     4    3    5.0000    0.7000
parameters
   -1.6927   15.6478   -5.0506   -9.8562  -12.2187   -7.6580
    3.7294    4.8414   -5.0751   10.1597   -7.1406  -14.8407
eta,q 0.97299  7.36586
  0.0279  0.0276  0.0274  0.0276  0.0277  0.0278  0.0278  0.0283  0.0276  0.0278  0.0273  0.0274
  0.0274  0.0273  0.0272  0.0273  0.0273  0.0273  0.0274  0.0276  0.0273  0.0273  0.0271  0.0272
  0.0271  0.0271  0.0271  0.0271  0.0271  0.0271  0.0271  0.0272  0.0271  0.0270  0.0270  0.0270
  0.0270  0.0270  0.0270  0.0270  0.0270  0.0270  0.0270  0.0270  0.0270  0.0270  0.0270  0.0270
  0.0271  0.0271  0.0271  0.0271  0.0271  0.0272  0.0271  0.0272  0.0271  0.0272  0.0270  0.0271
  0.0274  0.0274  0.0273  0.0274  0.0274  0.0275  0.0274  0.0276  0.0272  0.0274  0.0271  0.0272
  0.0279  0.0277  0.0275  0.0277  0.0277  0.0279  0.0279  0.0283  0.0275  0.0278  0.0273  0.0274
niter,ni,del,rscale     3    3    5.0000    0.6000
parameters
   -1.7022   15.6541   -5.1635   -9.9490  -12.2577   -7.9232
    3.7332    4.8443   -5.0170   10.1127   -7.2206  -14.8960
eta,q 0.97301  7.35099
  0.0277  0.0275  0.0273  0.0275  0.0275  0.0276  0.0276  0.0279  0.0274  0.0276  0.0272  0.0273
  0.0273  0.0272  0.0271  0.0272  0.0272  0.0272  0.0273  0.0274  0.0272  0.0272  0.0271  0.0271
  0.0271  0.0271  0.0270  0.0271  0.0271  0.0270  0.0271  0.0271  0.0270  0.0270  0.0270  0.0270
  0.0270  0.0270  0.0270  0.0270  0.0270  0.0270  0.0270  0.0270  0.0270  0.0270  0.0270  0.0270
  0.0271  0.0271  0.0271  0.0271  0.0271  0.0272  0.0271  0.0271  0.0270  0.0271  0.0270  0.0270
  0.0273  0.0272  0.0272  0.0272  0.0273  0.0274  0.0273  0.0274  0.0272  0.0273  0.0271  0.0271
  0.0277  0.0275  0.0274  0.0275  0.0275  0.0277  0.0276  0.0280  0.0274  0.0276  0.0272  0.0273
niter,ni,del,rscale     2    3    5.0000    0.5000
parameters
   -1.7159   15.6715   -5.2650  -10.0152  -12.3163   -8.1472
    3.7401    4.8424   -4.9847   10.0787   -7.2868  -14.9577
eta,q 0.97302  7.33814
  0.0274  0.0273  0.0272  0.0273  0.0274  0.0274  0.0274  0.0276  0.0273  0.0274  0.0271  0.0272
  0.0272  0.0271  0.0271  0.0271  0.0271  0.0272  0.0272  0.0273  0.0271  0.0271  0.0270  0.0271
  0.0270  0.0270  0.0270  0.0270  0.0270  0.0270  0.0270  0.0271  0.0270  0.0270  0.0270  0.0270
  0.0270  0.0270  0.0270  0.0270  0.0270  0.0270  0.0270  0.0270  0.0270  0.0270  0.0270  0.0270
  0.0271  0.0270  0.0270  0.0270  0.0270  0.0271  0.0270  0.0271  0.0270  0.0270  0.0270  0.0270
  0.0272  0.0271  0.0271  0.0272  0.0272  0.0273  0.0272  0.0273  0.0271  0.0272  0.0271  0.0271
  0.0275  0.0273  0.0273  0.0273  0.0274  0.0275  0.0274  0.0277  0.0273  0.0274  0.0271  0.0272
niter,ni,del,rscale     1    3    5.0000    0.4000
parameters
   -1.7274   15.6868   -5.3618  -10.0725  -12.3712   -8.3249
    3.7355    4.8375   -4.9342   10.0588   -7.3508  -15.0155
eta,q 0.97303  7.32752
  0.0273  0.0272  0.0271  0.0272  0.0272  0.0273  0.0273  0.0274  0.0272  0.0272  0.0271  0.0271
  0.0271  0.0271  0.0270  0.0271  0.0271  0.0271  0.0271  0.0272  0.0271  0.0271  0.0270  0.0270
  0.0270  0.0270  0.0270  0.0270  0.0270  0.0270  0.0270  0.0270  0.0270  0.0270  0.0270  0.0270
  0.0270  0.0270  0.0270  0.0270  0.0270  0.0270  0.0270  0.0270  0.0270  0.0270  0.0270  0.0270
  0.0270  0.0270  0.0270  0.0270  0.0270  0.0270  0.0270  0.0270  0.0270  0.0270  0.0270  0.0270
  0.0271  0.0271  0.0271  0.0271  0.0271  0.0272  0.0271  0.0272  0.0271  0.0271  0.0270  0.0270
  0.0273  0.0272  0.0272  0.0272  0.0272  0.0274  0.0272  0.0274  0.0271  0.0272  0.0271  0.0271
registration optimization eta report
parameter search radius
    0.8000    0.8000    0.8000    2.4000    2.4000    2.4000
    2.4000    2.4000    2.4000    2.4000    2.4000    2.4000
100000*second partial in parameter space
       45.       33.       22.        4.        4.        6.
        5.        7.        3.        5.        2.        2.
  0.0273  0.0272  0.0271  0.0272  0.0272  0.0273  0.0273  0.0274  0.0272  0.0272  0.0271  0.0271
  0.0271  0.0271  0.0270  0.0271  0.0271  0.0271  0.0271  0.0272  0.0271  0.0271  0.0270  0.0270
  0.0270  0.0270  0.0270  0.0270  0.0270  0.0270  0.0270  0.0270  0.0270  0.0270  0.0270  0.0270
  0.0270  0.0270  0.0270  0.0270  0.0270  0.0270  0.0270  0.0270  0.0270  0.0270  0.0270  0.0270
  0.0270  0.0270  0.0270  0.0270  0.0270  0.0270  0.0270  0.0270  0.0270  0.0270  0.0270  0.0270
  0.0271  0.0271  0.0271  0.0271  0.0271  0.0272  0.0271  0.0272  0.0271  0.0271  0.0270  0.0270
  0.0273  0.0272  0.0272  0.0272  0.0272  0.0274  0.0272  0.0274  0.0271  0.0272  0.0271  0.0271
   -1.7274   15.6868   -5.3618  -10.0725  -12.3712   -8.3249
    3.7355    4.8375   -4.9342   10.0588   -7.3508  -15.0155
eta,q 0.97303  7.32752

---------------------------------------------------------------------
imgreg_4dfp /opt/freesurfer/average/711-2C_as_mni_average_305 /opt/freesurfer/average/711-2B_as_mni_average_305_mask talsrcimg_g11 none talsrcimg_to_711-2C_as_mni_average_305_t4 2311
---------------------------------------------------------------------

freesurfer imgreg_4dfp.c
/opt/freesurfer/average/711-2C_as_mni_average_305.4dfp.img
       256       256       256         1
  1.000000  1.000000  1.000000
orientation T byte_order littleendian
Reading image: /opt/freesurfer/average/711-2C_as_mni_average_305.4dfp.img
dimensions:      256       256       256
mmppix:       1.0000   -1.0000   -1.0000
center:     128.0000 -129.0000 -129.0000
/opt/freesurfer/average/711-2B_as_mni_average_305_mask.4dfp.img
       256       256       256         1
  1.000000  1.000000  1.000000
orientation T byte_order littleendian
Reading mask: /opt/freesurfer/average/711-2B_as_mni_average_305_mask.4dfp.img (2306576 pixels)
talsrcimg_g11.4dfp.img
       256       256       256         1
  1.000000  1.000000  1.000000
orientation T byte_order littleendian
Reading image: talsrcimg_g11.4dfp.img
dimensions:      256       256       256
mmppix:       1.0000   -1.0000   -1.0000
center:     128.0000 -129.0000 -129.0000
fimgreg.f
image alignment mode   2311 decimal      907 hex
parameters
   -1.7274   15.6868   -5.3618  -10.0725  -12.3712   -8.3249
    3.7355    4.8375   -4.9342   10.0588   -7.3508  -15.0155
eta,q 0.97303  7.32752
niter,ni,del,rscale     5    3    5.0000    0.8000
parameters
   -1.7281   15.7223   -5.4160  -10.0297  -12.3080   -8.1863
    3.7002    4.8055   -4.9660   10.4912   -7.1687  -14.9710
eta,q 0.97301  7.33897
  0.0281  0.0278  0.0275  0.0278  0.0279  0.0282  0.0280  0.0286  0.0277  0.0282  0.0274  0.0276
  0.0275  0.0274  0.0272  0.0274  0.0274  0.0275  0.0275  0.0277  0.0273  0.0275  0.0272  0.0272
  0.0271  0.0271  0.0270  0.0271  0.0271  0.0271  0.0271  0.0272  0.0271  0.0271  0.0270  0.0270
  0.0270  0.0270  0.0270  0.0270  0.0270  0.0270  0.0270  0.0270  0.0270  0.0270  0.0270  0.0270
  0.0271  0.0271  0.0271  0.0271  0.0271  0.0272  0.0271  0.0272  0.0271  0.0271  0.0270  0.0271
  0.0275  0.0273  0.0273  0.0274  0.0274  0.0276  0.0275  0.0277  0.0273  0.0274  0.0271  0.0272
  0.0281  0.0278  0.0276  0.0278  0.0278  0.0280  0.0281  0.0287  0.0277  0.0278  0.0273  0.0275
niter,ni,del,rscale     4    3    5.0000    0.7000
parameters
   -1.7270   15.8074   -5.4247  -10.0614  -12.4037   -8.2709
    3.7188    4.7965   -5.0290   10.5395   -7.1342  -15.0154
eta,q 0.97302  7.33138
  0.0279  0.0277  0.0274  0.0276  0.0276  0.0279  0.0278  0.0282  0.0275  0.0278  0.0273  0.0274
  0.0274  0.0273  0.0272  0.0273  0.0273  0.0274  0.0274  0.0276  0.0272  0.0273  0.0271  0.0272
  0.0271  0.0271  0.0270  0.0271  0.0270  0.0271  0.0271  0.0271  0.0270  0.0270  0.0270  0.0270
  0.0270  0.0270  0.0270  0.0270  0.0270  0.0270  0.0270  0.0270  0.0270  0.0270  0.0270  0.0270
  0.0271  0.0270  0.0270  0.0271  0.0271  0.0272  0.0271  0.0271  0.0270  0.0271  0.0270  0.0271
  0.0274  0.0272  0.0272  0.0273  0.0273  0.0275  0.0273  0.0276  0.0272  0.0273  0.0271  0.0272
  0.0279  0.0275  0.0274  0.0276  0.0277  0.0279  0.0278  0.0283  0.0275  0.0277  0.0272  0.0274
niter,ni,del,rscale     3    3    5.0000    0.6000
parameters
   -1.7283   15.8331   -5.4806  -10.1070  -12.4675   -8.4207
    3.7382    4.7958   -5.0415   10.5199   -7.1568  -15.0388
eta,q 0.97303  7.32171
  0.0276  0.0274  0.0273  0.0275  0.0275  0.0276  0.0276  0.0279  0.0273  0.0275  0.0272  0.0273
  0.0273  0.0272  0.0271  0.0272  0.0272  0.0273  0.0273  0.0274  0.0271  0.0272  0.0271  0.0271
  0.0270  0.0270  0.0270  0.0270  0.0270  0.0270  0.0270  0.0271  0.0270  0.0270  0.0270  0.0270
  0.0270  0.0270  0.0270  0.0270  0.0270  0.0270  0.0270  0.0270  0.0270  0.0270  0.0270  0.0270
  0.0271  0.0270  0.0270  0.0270  0.0271  0.0271  0.0270  0.0271  0.0270  0.0271  0.0270  0.0270
  0.0273  0.0272  0.0271  0.0272  0.0272  0.0274  0.0272  0.0274  0.0271  0.0272  0.0271  0.0271
  0.0276  0.0274  0.0273  0.0275  0.0275  0.0277  0.0276  0.0279  0.0274  0.0275  0.0272  0.0273
niter,ni,del,rscale     2    3    5.0000    0.5000
parameters
   -1.7344   15.8511   -5.5456  -10.1567  -12.5280   -8.5780
    3.7508    4.7960   -5.0247   10.4872   -7.1880  -15.0859
eta,q 0.97303  7.31185
  0.0274  0.0273  0.0272  0.0273  0.0273  0.0274  0.0274  0.0276  0.0272  0.0274  0.0271  0.0272
  0.0272  0.0271  0.0271  0.0271  0.0271  0.0272  0.0272  0.0273  0.0271  0.0271  0.0270  0.0271
  0.0270  0.0270  0.0270  0.0270  0.0270  0.0270  0.0270  0.0271  0.0270  0.0270  0.0270  0.0270
  0.0270  0.0270  0.0270  0.0270  0.0270  0.0270  0.0270  0.0270  0.0270  0.0270  0.0270  0.0270
  0.0270  0.0270  0.0270  0.0270  0.0270  0.0271  0.0270  0.0270  0.0270  0.0270  0.0270  0.0270
  0.0272  0.0271  0.0271  0.0271  0.0272  0.0273  0.0272  0.0273  0.0271  0.0272  0.0270  0.0271
  0.0274  0.0273  0.0272  0.0273  0.0273  0.0275  0.0274  0.0276  0.0272  0.0273  0.0271  0.0272
niter,ni,del,rscale     1    3    5.0000    0.4000
parameters
   -1.7434   15.8635   -5.6211  -10.2062  -12.5766   -8.7161
    3.7416    4.7954   -5.0104   10.4830   -7.2176  -15.1342
eta,q 0.97303  7.30335
  0.0272  0.0272  0.0271  0.0272  0.0272  0.0273  0.0272  0.0274  0.0271  0.0272  0.0271  0.0271
  0.0271  0.0271  0.0270  0.0271  0.0271  0.0271  0.0271  0.0272  0.0270  0.0271  0.0270  0.0270
  0.0270  0.0270  0.0270  0.0270  0.0270  0.0270  0.0270  0.0270  0.0270  0.0270  0.0270  0.0270
  0.0270  0.0270  0.0270  0.0270  0.0270  0.0270  0.0270  0.0270  0.0270  0.0270  0.0270  0.0270
  0.0270  0.0270  0.0270  0.0270  0.0270  0.0270  0.0270  0.0270  0.0270  0.0270  0.0270  0.0270
  0.0271  0.0271  0.0271  0.0271  0.0271  0.0272  0.0271  0.0272  0.0270  0.0271  0.0270  0.0270
  0.0273  0.0272  0.0271  0.0272  0.0272  0.0274  0.0272  0.0274  0.0271  0.0272  0.0271  0.0271
registration optimization eta report
parameter search radius
    0.8000    0.8000    0.8000    2.4000    2.4000    2.4000
    2.4000    2.4000    2.4000    2.4000    2.4000    2.4000
100000*second partial in parameter space
       44.       31.       22.        4.        4.        6.
        5.        7.        3.        4.        2.        2.
  0.0272  0.0272  0.0271  0.0272  0.0272  0.0273  0.0272  0.0274  0.0271  0.0272  0.0271  0.0271
  0.0271  0.0271  0.0270  0.0271  0.0271  0.0271  0.0271  0.0272  0.0270  0.0271  0.0270  0.0270
  0.0270  0.0270  0.0270  0.0270  0.0270  0.0270  0.0270  0.0270  0.0270  0.0270  0.0270  0.0270
  0.0270  0.0270  0.0270  0.0270  0.0270  0.0270  0.0270  0.0270  0.0270  0.0270  0.0270  0.0270
  0.0270  0.0270  0.0270  0.0270  0.0270  0.0270  0.0270  0.0270  0.0270  0.0270  0.0270  0.0270
  0.0271  0.0271  0.0271  0.0271  0.0271  0.0272  0.0271  0.0272  0.0270  0.0271  0.0270  0.0270
  0.0273  0.0272  0.0271  0.0272  0.0272  0.0274  0.0272  0.0274  0.0271  0.0272  0.0271  0.0271
   -1.7434   15.8635   -5.6211  -10.2062  -12.5766   -8.7161
    3.7416    4.7954   -5.0104   10.4830   -7.2176  -15.1342
eta,q 0.97303  7.30335

---------------------------------------------------------------------
compute_vox2vox talsrcimg talsrcimg_to_711-2C_as_mni_average_305_t4 /opt/freesurfer/average/711-2C_as_mni_average_305
---------------------------------------------------------------------

freesurfer compute_vox2vox.c
Reading: talsrcimg.4dfp.ifh
Reading: talsrcimg_to_711-2C_as_mni_average_305_t4
Reading: /opt/freesurfer/average/711-2C_as_mni_average_305.4dfp.ifh
Writing: talsrcimg_to_711-2C_as_mni_average_305_t4_vox2vox.txt

start time Mon Mar 9 02:03:49 CET 2026
end		time Mon Mar 9 02:05:30 CET 2026

mpr2mni305 success

avi2talxfm orig_nu.mgz /opt/freesurfer/average/mni305.cor.mgz talsrcimg_to_711-2C_as_mni_average_305_t4_vox2vox.txt transforms/talairach.auto.xfm
avi2talxfm done
mv -f /out/sourcedata/freesurfer/sub-v1s17x0050253_ses-1/mri/talsrcimg_to_711-2C_as_mni_average_305_t4_vox2vox.txt /out/sourcedata/freesurfer/sub-v1s17x0050253_ses-1/mri/transforms/talsrcimg_to_711-2C_as_mni_average_305_t4_vox2vox.txt
lta_convert --src orig_nu.mgz --trg /opt/freesurfer/average/mni305.cor.mgz --inxfm transforms/talairach.auto.xfm --outlta transforms/talairach.auto.xfm.lta --subject fsaverage
7.3.2

--src: orig_nu.mgz src image (geometry).
--trg: /opt/freesurfer/average/mni305.cor.mgz trg image (geometry).
--inmni: transforms/talairach.auto.xfm input MNI/XFM transform.
--outlta: transforms/talairach.auto.xfm.lta output LTA.
--s: fsaverage subject name
 LTA read, type : 1
 1.10637  -0.05166  -0.05629   0.25632;
 0.09608   1.06964   0.18106  -0.70003;
 0.05189  -0.13122   1.11892  -4.08639;
 0.00000   0.00000   0.00000   1.00000;
setting subject to fsaverage
Writing  LTA to file transforms/talairach.auto.xfm.lta...
lta_convert successful.
 
 
Started at Mon Mar 9 02:03:49 CET 2026
Ended   at Mon Mar  9 02:05:30 CET 2026
talairach_avi done
