/out/sourcedata/freesurfer/sub-v1s17x0050238_ses-1/mri
/opt/freesurfer/bin/talairach_avi
--i orig_nu.mgz --xfm transforms/talairach.auto.xfm
talairach_avi 7.3.2
Linux dna078 5.14.0-427.37.1.el9_4.x86_64 #1 SMP PREEMPT_DYNAMIC Fri Sep 13 12:41:50 EDT 2024 x86_64 x86_64 x86_64 GNU/Linux
Mon Mar  9 01:09:18 CET 2026
mri_convert orig_nu.mgz talsrcimg.img 
reading from orig_nu.mgz...
TR=0.00, TE=0.00, TI=0.00, flip angle=0.00
i_ras = (-1, -2.32831e-10, 3.72529e-09)
j_ras = (7.45058e-09, 0, -1)
k_ras = (1.97906e-09, 1, 0)
writing to talsrcimg.img...
Analyze Output Matrix
-1.00000   0.00000   0.00000   131.11298;
-0.00000   0.00000   1.00000  -136.53957;
 0.00000  -1.00000   0.00000   123.09120;
 0.00000   0.00000   0.00000   1.00000;
--------------------
INFO: set hdr.hist.orient to -1
mpr2mni305 talsrcimg
Mon Mar  9 01:09:18 CET 2026
/opt/freesurfer/bin/mpr2mni305 talsrcimg
mpr2mni305 7.3.2
target=711-2C_as_mni_average_305

---------------------------------------------------------------------
analyzeto4dfp talsrcimg -O0 -y
---------------------------------------------------------------------

freesurfer ifh2hdr.c
Mon Mar  9 01:09:18 2026
Writing: talsrcimg.4dfp.hdr
freesurfer analyzeto4dfp.c
Reading: talsrcimg.hdr
header size 348 bytes
hdr.dime.datatype	offset=70	value=2
hdr.dime.bitpix		offset=72	value=8
hdr.hist.orient		offset=252	value=-1
dimensionality     4
dimensions       256       256       256         1
Reading: talsrcimg.img
Writing: talsrcimg.4dfp.img
Writing: talsrcimg.4dfp.ifh
ifh2hdr talsrcimg -r0to245
ori=2

---------------------------------------------------------------------
gauss_4dfp talsrcimg 1.1
---------------------------------------------------------------------

freesurfer gauss_4dfp.c
Reading: talsrcimg.4dfp.img
Writing: talsrcimg_g11.4dfp.img
image dimensions 256 256 256 padded to 288 288 288
processing volume 1freesurfer ifh2hdr.c
Mon Mar  9 01:09:20 2026
Writing: talsrcimg_g11.4dfp.hdr

Writing: talsrcimg_g11.4dfp.ifh
including: talsrcimg.4dfp.img.rec in talsrcimg_g11.4dfp.img.rec

---------------------------------------------------------------------
imgreg_4dfp /opt/freesurfer/average/711-2C_as_mni_average_305 none talsrcimg_g11 none talsrcimg_to_711-2C_as_mni_average_305_t4 4355
---------------------------------------------------------------------

freesurfer imgreg_4dfp.c
/opt/freesurfer/average/711-2C_as_mni_average_305.4dfp.img
       256       256       256         1
  1.000000  1.000000  1.000000
orientation T byte_order littleendian
Reading image: /opt/freesurfer/average/711-2C_as_mni_average_305.4dfp.img
dimensions:      256       256       256
mmppix:       1.0000   -1.0000   -1.0000
center:     128.0000 -129.0000 -129.0000
talsrcimg_g11.4dfp.img
       256       256       256         1
  1.000000  1.000000  1.000000
orientation T byte_order littleendian
Reading image: talsrcimg_g11.4dfp.img
dimensions:      256       256       256
mmppix:       1.0000   -1.0000   -1.0000
center:     128.0000 -129.0000 -129.0000
t4_read: open error in t4_sub.f l:  41 t4_file(1:l)talsrcimg_to_711-2C_as_mni_average_305_t4 
t4_read: transform initialized to I4
rotation matrix determinant  1.000000
image alignment mode   4355 decimal     1103 hex
   -7.5000  -45.0000  -45.0000 6939.1738   14.8434
    0.0000  -45.0000  -45.0000 7262.3145   14.8471
    7.5000  -45.0000  -45.0000 6930.9629   14.8517
   -7.5000  -37.5000  -45.0000 7526.8101   14.7501
    0.0000  -37.5000  -45.0000 7886.7236   14.7568
    7.5000  -37.5000  -45.0000 7509.6753   14.7604
   -7.5000  -30.0000  -45.0000 8435.7910   14.7502
    0.0000  -30.0000  -45.0000 8837.0508   14.7631
    7.5000  -30.0000  -45.0000 8416.7139   14.7646
   -7.5000  -22.5000  -45.0000 9360.3945   14.7591
    0.0000  -22.5000  -45.0000 9785.6074   14.7759
    7.5000  -22.5000  -45.0000 9323.5176   14.7773
   -7.5000  -15.0000  -45.000010105.7344   14.7642
    0.0000  -15.0000  -45.000010566.1074   14.7801
    7.5000  -15.0000  -45.000010074.5098   14.7837
   -7.5000   -7.5000  -45.000010775.8711   14.7612
    0.0000   -7.5000  -45.000011274.0420   14.7703
    7.5000   -7.5000  -45.000010749.1162   14.7750
   -7.5000    0.0000  -45.000011373.3125   14.7543
    0.0000    0.0000  -45.000011906.5518   14.7582
    7.5000    0.0000  -45.000011325.3389   14.7629
   -7.5000    7.5000  -45.000011180.6133   14.7485
    0.0000    7.5000  -45.000011682.3008   14.7552
    7.5000    7.5000  -45.000011128.9443   14.7588
   -7.5000   15.0000  -45.000010895.8438   14.7502
    0.0000   15.0000  -45.000011373.8379   14.7631
    7.5000   15.0000  -45.000010839.6279   14.7646
   -7.5000   22.5000  -45.000010508.4443   14.7570
    0.0000   22.5000  -45.000010953.0508   14.7739
    7.5000   22.5000  -45.000010430.5850   14.7753
   -7.5000   30.0000  -45.000010071.5859   14.5675
    0.0000   30.0000  -45.000010502.5723   14.5832
    7.5000   30.0000  -45.0000 9989.2295   14.5867
   -7.5000   37.5000  -45.0000 9730.0947   14.5645
    0.0000   37.5000  -45.000010143.6719   14.5734
    7.5000   37.5000  -45.0000 9653.0811   14.5782
   -7.5000   45.0000  -45.0000 8915.4707   14.1881
    0.0000   45.0000  -45.0000 9298.8047   14.1918
    7.5000   45.0000  -45.0000 8854.4785   14.1963
   -7.5000  -45.0000  -37.5000 7406.3330   14.7716
    0.0000  -45.0000  -37.5000 7744.8853   14.7740
    7.5000  -45.0000  -37.5000 7381.9946   14.7753
   -7.5000  -37.5000  -37.5000 8058.2178   14.6811
    0.0000  -37.5000  -37.5000 8436.8154   14.6852
    7.5000  -37.5000  -37.5000 8027.7993   14.6837
   -7.5000  -30.0000  -37.5000 9022.8467   14.6843
    0.0000  -30.0000  -37.5000 9451.0713   14.6901
    7.5000  -30.0000  -37.5000 9002.1484   14.6834
   -7.5000  -22.5000  -37.5000 9990.7256   14.6939
    0.0000  -22.5000  -37.500010429.8906   14.7008
    7.5000  -22.5000  -37.5000 9941.1621   14.6924
   -7.5000  -15.0000  -37.500010775.2578   14.6980
    0.0000  -15.0000  -37.500011243.4395   14.7048
    7.5000  -15.0000  -37.500010736.0400   14.6998
   -7.5000   -7.5000  -37.500011482.1318   14.6921
    0.0000   -7.5000  -37.500011972.9619   14.6965
    7.5000   -7.5000  -37.500011431.0400   14.6960
   -7.5000    0.0000  -37.500012123.5264   14.6834
    0.0000    0.0000  -37.500012652.3506   14.6860
    7.5000    0.0000  -37.500012065.2383   14.6874
   -7.5000    7.5000  -37.500011885.1621   14.6796
    0.0000    7.5000  -37.500012395.1572   14.6836
    7.5000    7.5000  -37.500011815.7295   14.6822
   -7.5000   15.0000  -37.500011539.6172   14.6843
    0.0000   15.0000  -37.500012034.9111   14.6901
    7.5000   15.0000  -37.500011480.2734   14.6834
   -7.5000   22.5000  -37.500011110.1357   14.6919
    0.0000   22.5000  -37.500011574.7285   14.6988
    7.5000   22.5000  -37.500011032.8887   14.6904
   -7.5000   30.0000  -37.500010647.8906   14.5021
    0.0000   30.0000  -37.500011064.7559   14.5089
    7.5000   30.0000  -37.500010535.2969   14.5039
   -7.5000   37.5000  -37.500010257.2012   14.4963
    0.0000   37.5000  -37.500010686.7637   14.5007
    7.5000   37.5000  -37.500010193.1992   14.5002
   -7.5000   45.0000  -37.5000 9381.9668   14.1199
    0.0000   45.0000  -37.5000 9756.4258   14.1223
    7.5000   45.0000  -37.5000 9334.2715   14.1237
   -7.5000  -45.0000  -30.0000 8018.9551   15.4066
    0.0000  -45.0000  -30.0000 8392.2773   15.4052
    7.5000  -45.0000  -30.0000 7989.1299   15.4069
   -7.5000  -37.5000  -30.0000 8724.2227   15.3137
    0.0000  -37.5000  -30.0000 9125.0820   15.3122
    7.5000  -37.5000  -30.0000 8699.7773   15.3110
   -7.5000  -30.0000  -30.0000 9765.7783   15.3160
    0.0000  -30.0000  -30.000010208.2354   15.3119
    7.5000  -30.0000  -30.0000 9734.0039   15.3022
   -7.5000  -22.5000  -30.000010775.3047   15.3236
    0.0000  -22.5000  -30.000011243.9688   15.3183
    7.5000  -22.5000  -30.000010733.2539   15.3039
   -7.5000  -15.0000  -30.000011619.6670   15.3275
    0.0000  -15.0000  -30.000012105.8350   15.3235
    7.5000  -15.0000  -30.000011585.5107   15.3118
   -7.5000   -7.5000  -30.000012372.6455   15.3225
    0.0000   -7.5000  -30.000012864.7725   15.3200
    7.5000   -7.5000  -30.000012310.2168   15.3162
   -7.5000    0.0000  -30.000013071.6523   15.3146
    0.0000    0.0000  -30.000013626.0264   15.3135
    7.5000    0.0000  -30.000013015.1221   15.3153
   -7.5000    7.5000  -30.000012807.6797   15.3121
    0.0000    7.5000  -30.000013342.3418   15.3106
    7.5000    7.5000  -30.000012724.3232   15.3094
   -7.5000   15.0000  -30.000012409.1475   15.3160
    0.0000   15.0000  -30.000012924.7041   15.3119
    7.5000   15.0000  -30.000012334.1777   15.3022
   -7.5000   22.5000  -30.000011909.6934   15.3199
    0.0000   22.5000  -30.000012388.1934   15.3146
    7.5000   22.5000  -30.000011836.5293   15.3002
   -7.5000   30.0000  -30.000011376.6719   15.1246
    0.0000   30.0000  -30.000011805.2656   15.1207
    7.5000   30.0000  -30.000011266.8252   15.1092
   -7.5000   37.5000  -30.000010962.3213   15.1197
    0.0000   37.5000  -30.000011381.5518   15.1173
    7.5000   37.5000  -30.000010877.0381   15.1135
   -7.5000   45.0000  -30.000010021.9141   14.7377
    0.0000   45.0000  -30.000010400.9971   14.7366
    7.5000   45.0000  -30.0000 9959.4668   14.7383
   -7.5000  -45.0000  -22.5000 8643.9277   15.9414
    0.0000  -45.0000  -22.5000 9041.6855   15.9380
    7.5000  -45.0000  -22.5000 8604.0771   15.9426
   -7.5000  -37.5000  -22.5000 9401.3242   15.8438
    0.0000  -37.5000  -22.5000 9835.1299   15.8399
    7.5000  -37.5000  -22.5000 9358.1904   15.8437
   -7.5000  -30.0000  -22.500010507.9268   15.8414
    0.0000  -30.0000  -22.500010975.1182   15.8352
    7.5000  -30.0000  -22.500010471.0225   15.8310
   -7.5000  -22.5000  -22.500011550.8750   15.8462
    0.0000  -22.5000  -22.500012062.8691   15.8398
    7.5000  -22.5000  -22.500011536.0088   15.8290
   -7.5000  -15.0000  -22.500012436.2676   15.8518
    0.0000  -15.0000  -22.500012980.3721   15.8470
    7.5000  -15.0000  -22.500012429.7334   15.8370
   -7.5000   -7.5000  -22.500013240.4229   15.8511
    0.0000   -7.5000  -22.500013802.2158   15.8474
    7.5000   -7.5000  -22.500013195.1104   15.8448
   -7.5000    0.0000  -22.500013995.3086   15.8463
    0.0000    0.0000  -22.500014605.9902   15.8431
    7.5000    0.0000  -22.500013922.7646   15.8479
   -7.5000    7.5000  -22.500013700.9062   15.8421
    0.0000    7.5000  -22.500014294.1035   15.8382
    7.5000    7.5000  -22.500013610.1807   15.8420
   -7.5000   15.0000  -22.500013294.6133   15.8414
    0.0000   15.0000  -22.500013864.7344   15.8352
    7.5000   15.0000  -22.500013220.3418   15.8310
   -7.5000   22.5000  -22.500012711.8174   15.8413
    0.0000   22.5000  -22.500013256.9023   15.8349
    7.5000   22.5000  -22.500012650.8975   15.8242
   -7.5000   30.0000  -22.500012079.3086   15.6444
    0.0000   30.0000  -22.500012572.2646   15.6397
    7.5000   30.0000  -22.500011967.6240   15.6298
   -7.5000   37.5000  -22.500011652.1523   15.6438
    0.0000   37.5000  -22.500012087.0889   15.6401
    7.5000   37.5000  -22.500011564.9570   15.6376
   -7.5000   45.0000  -22.500010636.8623   15.2607
    0.0000   45.0000  -22.500011019.1260   15.2577
    7.5000   45.0000  -22.500010576.1494   15.2624
   -7.5000  -45.0000  -15.0000 9280.5488   16.3139
    0.0000  -45.0000  -15.0000 9680.9902   16.3112
    7.5000  -45.0000  -15.0000 9217.4893   16.3190
   -7.5000  -37.5000  -15.000010080.7988   16.2106
    0.0000  -37.5000  -15.000010519.1885   16.2089
    7.5000  -37.5000  -15.000010045.8789   16.2181
   -7.5000  -30.0000  -15.000011234.5059   16.2038
    0.0000  -30.0000  -15.000011722.2344   16.2046
    7.5000  -30.0000  -15.000011214.5596   16.2090
   -7.5000  -22.5000  -15.000012340.3018   16.2080
    0.0000  -22.5000  -15.000012874.9092   16.2119
    7.5000  -22.5000  -15.000012329.5176   16.2110
   -7.5000  -15.0000  -15.000013292.8662   16.2162
    0.0000  -15.0000  -15.000013890.2471   16.2207
    7.5000  -15.0000  -15.000013300.5068   16.2190
   -7.5000   -7.5000  -15.000014136.2227   16.2196
    0.0000   -7.5000  -15.000014757.0146   16.2204
    7.5000   -7.5000  -15.000014096.3525   16.2227
   -7.5000    0.0000  -15.000014921.4180   16.2166
    0.0000    0.0000  -15.000015570.4863   16.2141
    7.5000    0.0000  -15.000014832.0996   16.2221
   -7.5000    7.5000  -15.000014587.1465   16.2089
    0.0000    7.5000  -15.000015259.9971   16.2072
    7.5000    7.5000  -15.000014497.2471   16.2164
   -7.5000   15.0000  -15.000014166.3486   16.2038
    0.0000   15.0000  -15.000014833.6895   16.2046
    7.5000   15.0000  -15.000014100.7725   16.2090
   -7.5000   22.5000  -15.000013546.8652   16.2023
    0.0000   22.5000  -15.000014164.4668   16.2062
    7.5000   22.5000  -15.000013473.1250   16.2053
   -7.5000   30.0000  -15.000012800.6318   16.0063
    0.0000   30.0000  -15.000013352.4375   16.0108
    7.5000   30.0000  -15.000012692.4346   16.0090
   -7.5000   37.5000  -15.000012350.4238   16.0097
    0.0000   37.5000  -15.000012846.2217   16.0105
    7.5000   37.5000  -15.000012261.2480   16.0127
   -7.5000   45.0000  -15.000011234.8877   15.6268
    0.0000   45.0000  -15.000011669.3311   15.6245
    7.5000   45.0000  -15.000011181.1631   15.6322
   -7.5000  -45.0000   -7.5000 9952.4619   16.4896
    0.0000  -45.0000   -7.500010383.3740   16.4905
    7.5000  -45.0000   -7.5000 9901.6436   16.4990
   -7.5000  -37.5000   -7.500010784.0420   16.3834
    0.0000  -37.5000   -7.500011266.1445   16.3870
    7.5000  -37.5000   -7.500010762.6406   16.3968
   -7.5000  -30.0000   -7.500011989.0312   16.3774
    0.0000  -30.0000   -7.500012525.3760   16.3879
    7.5000  -30.0000   -7.500011983.2773   16.3956
   -7.5000  -22.5000   -7.500013158.3311   16.3847
    0.0000  -22.5000   -7.500013742.0020   16.4005
    7.5000  -22.5000   -7.500013131.6689   16.4061
   -7.5000  -15.0000   -7.500014194.9111   16.3938
    0.0000  -15.0000   -7.500014831.3672   16.4089
    7.5000  -15.0000   -7.500014177.3877   16.4145
   -7.5000   -7.5000   -7.500015096.0352   16.3962
    0.0000   -7.5000   -7.500015776.8613   16.4033
    7.5000   -7.5000   -7.500015085.8945   16.4101
   -7.5000    0.0000   -7.500015895.6152   16.3913
    0.0000    0.0000   -7.500016609.1797   16.3923
    7.5000    0.0000   -7.500015828.1738   16.4010
   -7.5000    7.5000   -7.500015528.2197   16.3817
    0.0000    7.5000   -7.500016262.2051   16.3853
    7.5000    7.5000   -7.500015430.4229   16.3950
   -7.5000   15.0000   -7.500015060.6719   16.3774
    0.0000   15.0000   -7.500015760.7246   16.3879
    7.5000   15.0000   -7.500014969.9189   16.3956
   -7.5000   22.5000   -7.500014356.5020   16.3771
    0.0000   22.5000   -7.500015040.5791   16.3929
    7.5000   22.5000   -7.500014308.5215   16.3986
   -7.5000   30.0000   -7.500013496.2373   16.1812
    0.0000   30.0000   -7.500014118.6797   16.1961
    7.5000   30.0000   -7.500013436.4111   16.2017
   -7.5000   37.5000   -7.500013038.9307   16.1836
    0.0000   37.5000   -7.500013604.3193   16.1906
    7.5000   37.5000   -7.500012945.0381   16.1973
   -7.5000   45.0000   -7.500011882.9883   15.7981
    0.0000   45.0000   -7.500012372.7793   15.7991
    7.5000   45.0000   -7.500011803.4639   15.8075
   -7.5000  -45.0000    0.000010580.6992   16.5182
    0.0000  -45.0000    0.000011051.1650   16.5224
    7.5000  -45.0000    0.000010531.4053   16.5276
   -7.5000  -37.5000    0.000011441.0244   16.4137
    0.0000  -37.5000    0.000011940.0342   16.4211
    7.5000  -37.5000    0.000011404.1221   16.4252
   -7.5000  -30.0000    0.000012681.9717   16.4133
    0.0000  -30.0000    0.000013225.3242   16.4275
    7.5000  -30.0000    0.000012654.9268   16.4292
   -7.5000  -22.5000    0.000013857.0469   16.4240
    0.0000  -22.5000    0.000014456.8838   16.4425
    7.5000  -22.5000    0.000013813.0605   16.4440
   -7.5000  -15.0000    0.000014945.0303   16.4309
    0.0000  -15.0000    0.000015580.9512   16.4484
    7.5000  -15.0000    0.000014896.2441   16.4523
   -7.5000   -7.5000    0.000015984.8135   16.4281
    0.0000   -7.5000    0.000016641.8789   16.4379
    7.5000   -7.5000    0.000015906.3115   16.4433
   -7.5000    0.0000    0.000016883.1016   16.4197
    0.0000    0.0000    0.000017619.0898   16.4240
    7.5000    0.0000    0.000016734.8027   16.4293
   -7.5000    7.5000    0.000016449.8359   16.4120
    0.0000    7.5000    0.000017215.0098   16.4194
    7.5000    7.5000    0.000016315.1973   16.4235
   -7.5000   15.0000    0.000015914.8838   16.4133
    0.0000   15.0000    0.000016673.5938   16.4275
    7.5000   15.0000    0.000015792.7100   16.4292
   -7.5000   22.5000    0.000015129.4150   16.4164
    0.0000   22.5000    0.000015858.5645   16.4350
    7.5000   22.5000    0.000015064.8320   16.4365
   -7.5000   30.0000    0.000014134.4160   16.2183
    0.0000   30.0000    0.000014784.0918   16.2355
    7.5000   30.0000    0.000014060.7861   16.2394
   -7.5000   37.5000    0.000013645.7939   16.2154
    0.0000   37.5000    0.000014244.6729   16.2252
    7.5000   37.5000    0.000013517.2422   16.2305
   -7.5000   45.0000    0.000012475.0527   15.8267
    0.0000   45.0000    0.000013000.0986   15.8308
    7.5000   45.0000    0.000012342.3252   15.8360
   -7.5000  -45.0000    7.500010329.8984   16.5288
    0.0000  -45.0000    7.500010822.7725   16.5315
    7.5000  -45.0000    7.500010312.2158   16.5329
   -7.5000  -37.5000    7.500011181.7412   16.4276
    0.0000  -37.5000    7.500011696.7578   16.4321
    7.5000  -37.5000    7.500011143.7031   16.4305
   -7.5000  -30.0000    7.500012392.4844   16.4312
    0.0000  -30.0000    7.500012939.2852   16.4376
    7.5000  -30.0000    7.500012348.0117   16.4302
   -7.5000  -22.5000    7.500013479.2217   16.4419
    0.0000  -22.5000    7.500014069.1709   16.4497
    7.5000  -22.5000    7.500013443.9932   16.4403
   -7.5000  -15.0000    7.500014508.5576   16.4465
    0.0000  -15.0000    7.500015096.4648   16.4541
    7.5000  -15.0000    7.500014493.8018   16.4485
   -7.5000   -7.5000    7.500015631.4883   16.4399
    0.0000   -7.5000    7.500016279.2285   16.4448
    7.5000   -7.5000    7.500015489.9902   16.4443
   -7.5000    0.0000    7.500016734.3633   16.4302
    0.0000    0.0000    7.500017484.6562   16.4330
    7.5000    0.0000    7.500016435.2617   16.4347
   -7.5000    7.5000    7.500016308.4102   16.4259
    0.0000    7.5000    7.500017139.5938   16.4304
    7.5000    7.5000    7.500016114.5537   16.4288
   -7.5000   15.0000    7.500015680.2471   16.4312
    0.0000   15.0000    7.500016506.2168   16.4376
    7.5000   15.0000    7.500015555.3799   16.4302
   -7.5000   22.5000    7.500014821.6465   16.4344
    0.0000   22.5000    7.500015590.1113   16.4421
    7.5000   22.5000    7.500014756.6738   16.4327
   -7.5000   30.0000    7.500013761.8750   16.2336
    0.0000   30.0000    7.500014415.4844   16.2412
    7.5000   30.0000    7.500013682.9941   16.2356
   -7.5000   37.5000    7.500013254.4404   16.2272
    0.0000   37.5000    7.500013821.2959   16.2320
    7.5000   37.5000    7.500013121.9375   16.2315
   -7.5000   45.0000    7.500012130.1963   15.8368
    0.0000   45.0000    7.500012619.1797   15.8395
    7.5000   45.0000    7.500012002.2920   15.8411
   -7.5000  -45.0000   15.0000 9976.9248   16.5441
    0.0000  -45.0000   15.000010437.1162   16.5427
    7.5000  -45.0000   15.0000 9970.9121   16.5444
   -7.5000  -37.5000   15.000010803.8994   16.4444
    0.0000  -37.5000   15.000011260.1514   16.4428
    7.5000  -37.5000   15.000010774.3330   16.4415
   -7.5000  -30.0000   15.000011964.1885   16.4468
    0.0000  -30.0000   15.000012454.5908   16.4425
    7.5000  -30.0000   15.000011920.5039   16.4320
   -7.5000  -22.5000   15.000012995.6143   16.4550
    0.0000  -22.5000   15.000013540.6680   16.4493
    7.5000  -22.5000   15.000012984.3320   16.4338
   -7.5000  -15.0000   15.000013963.4326   16.4592
    0.0000  -15.0000   15.000014535.2822   16.4549
    7.5000  -15.0000   15.000013963.2246   16.4424
   -7.5000   -7.5000   15.000014998.6494   16.4538
    0.0000   -7.5000   15.000015683.5205   16.4512
    7.5000   -7.5000   15.000014871.5547   16.4471
   -7.5000    0.0000   15.000016007.8330   16.4454
    0.0000    0.0000   15.000016801.7383   16.4442
    7.5000    0.0000   15.000015755.6455   16.4462
   -7.5000    7.5000   15.000015610.5615   16.4427
    0.0000    7.5000   15.000016456.6016   16.4411
    7.5000    7.5000   15.000015473.6240   16.4398
   -7.5000   15.0000   15.000015036.0713   16.4468
    0.0000   15.0000   15.000015866.4648   16.4425
    7.5000   15.0000   15.000014986.1631   16.4320
   -7.5000   22.5000   15.000014230.4238   16.4474
    0.0000   22.5000   15.000014959.5420   16.4417
    7.5000   22.5000   15.000014211.7256   16.4262
   -7.5000   30.0000   15.000013193.8232   16.2461
    0.0000   30.0000   15.000013776.6992   16.2419
    7.5000   30.0000   15.000013165.7559   16.2296
   -7.5000   37.5000   15.000012674.3545   16.2409
    0.0000   37.5000   15.000013160.8086   16.2383
    7.5000   37.5000   15.000012624.6406   16.2342
   -7.5000   45.0000   15.000011605.6699   15.8515
    0.0000   45.0000   15.000012046.3604   15.8503
    7.5000   45.0000   15.000011551.7012   15.8522
   -7.5000  -45.0000   22.5000 9471.6582   16.5485
    0.0000  -45.0000   22.5000 9918.6172   16.5449
    7.5000  -45.0000   22.5000 9455.0684   16.5497
   -7.5000  -37.5000   22.500010274.1807   16.4472
    0.0000  -37.5000   22.500010739.2285   16.4431
    7.5000  -37.5000   22.500010254.8574   16.4471
   -7.5000  -30.0000   22.500011394.7529   16.4447
    0.0000  -30.0000   22.500011900.7412   16.4383
    7.5000  -30.0000   22.500011379.0967   16.4339
   -7.5000  -22.5000   22.500012443.9658   16.4497
    0.0000  -22.5000   22.500012963.7002   16.4430
    7.5000  -22.5000   22.500012419.8652   16.4318
   -7.5000  -15.0000   22.500013418.4189   16.4554
    0.0000  -15.0000   22.500013939.6953   16.4505
    7.5000  -15.0000   22.500013375.9004   16.4401
   -7.5000   -7.5000   22.500014373.6006   16.4548
    0.0000   -7.5000   22.500014914.1719   16.4509
    7.5000   -7.5000   22.500014245.8223   16.4482
   -7.5000    0.0000   22.500015137.9609   16.4497
    0.0000    0.0000   22.500015661.5625   16.4464
    7.5000    0.0000   22.500014997.2676   16.4515
   -7.5000    7.5000   22.500014726.3193   16.4454
    0.0000    7.5000   22.500015229.6221   16.4413
    7.5000    7.5000   22.500014650.3486   16.4453
   -7.5000   15.0000   22.500014253.8359   16.4447
    0.0000   15.0000   22.500014774.0693   16.4383
    7.5000   15.0000   22.500014221.2002   16.4339
   -7.5000   22.5000   22.500013550.9141   16.4421
    0.0000   22.5000   22.500014103.7324   16.4354
    7.5000   22.5000   22.500013567.3545   16.4243
   -7.5000   30.0000   22.500012595.2207   16.2425
    0.0000   30.0000   22.500013089.3701   16.2376
    7.5000   30.0000   22.500012605.6377   16.2273
   -7.5000   37.5000   22.500012091.6797   16.2418
    0.0000   37.5000   22.500012530.5820   16.2380
    7.5000   37.5000   22.500012069.2422   16.2353
   -7.5000   45.0000   22.500011065.2461   15.8556
    0.0000   45.0000   22.500011484.3057   15.8525
    7.5000   45.0000   22.500011027.1680   15.8573
   -7.5000  -45.0000   30.0000 8853.5215   16.5461
    0.0000  -45.0000   30.0000 9259.8887   16.5434
    7.5000  -45.0000   30.0000 8825.1709   16.5513
   -7.5000  -37.5000   30.0000 9625.2158   16.4412
    0.0000  -37.5000   30.000010049.2705   16.4395
    7.5000  -37.5000   30.0000 9589.3330   16.4489
   -7.5000  -30.0000   30.000010697.2041   16.4343
    0.0000  -30.0000   30.000011151.1719   16.4351
    7.5000  -30.0000   30.000010650.6279   16.4395
   -7.5000  -22.5000   30.000011693.4121   16.4386
    0.0000  -22.5000   30.000012152.7266   16.4425
    7.5000  -22.5000   30.000011632.0586   16.4415
   -7.5000  -15.0000   30.000012631.0654   16.4469
    0.0000  -15.0000   30.000013101.1660   16.4515
    7.5000  -15.0000   30.000012547.2549   16.4496
   -7.5000   -7.5000   30.000013479.5332   16.4504
    0.0000   -7.5000   30.000013948.7998   16.4513
    7.5000   -7.5000   30.000013354.9668   16.4534
   -7.5000    0.0000   30.000014146.0371   16.4473
    0.0000    0.0000   30.000014607.4814   16.4449
    7.5000    0.0000   30.000014056.9238   16.4530
   -7.5000    7.5000   30.000013761.2051   16.4395
    0.0000    7.5000   30.000014222.2705   16.4378
    7.5000    7.5000   30.000013697.0527   16.4472
   -7.5000   15.0000   30.000013366.3525   16.4343
    0.0000   15.0000   30.000013823.9219   16.4351
    7.5000   15.0000   30.000013272.9648   16.4395
   -7.5000   22.5000   30.000012764.9756   16.4310
    0.0000   22.5000   30.000013237.8115   16.4349
    7.5000   22.5000   30.000012731.7988   16.4339
   -7.5000   30.0000   30.000011884.3926   16.2341
    0.0000   30.0000   30.000012326.0889   16.2386
    7.5000   30.0000   30.000011885.3389   16.2367
   -7.5000   37.5000   30.000011393.2070   16.2375
    0.0000   37.5000   30.000011808.5762   16.2384
    7.5000   37.5000   30.000011356.8330   16.2405
   -7.5000   45.0000   30.000010440.9951   15.8533
    0.0000   45.0000   30.000010828.7568   15.8510
    7.5000   45.0000   30.000010387.1826   15.8588
   -7.5000  -45.0000   37.5000 8534.3486   16.6526
    0.0000  -45.0000   37.5000 8908.6367   16.6536
    7.5000  -45.0000   37.5000 8497.3857   16.6623
   -7.5000  -37.5000   37.5000 9282.9756   16.5443
    0.0000  -37.5000   37.5000 9687.9102   16.5482
    7.5000  -37.5000   37.5000 9236.8867   16.5580
   -7.5000  -30.0000   37.500010320.7549   16.5384
    0.0000  -30.0000   37.500010766.5957   16.5491
    7.5000  -30.0000   37.500010279.0518   16.5568
   -7.5000  -22.5000   37.500011297.7529   16.5461
    0.0000  -22.5000   37.500011759.0957   16.5621
    7.5000  -22.5000   37.500011235.4863   16.5678
   -7.5000  -15.0000   37.500012197.0391   16.5555
    0.0000  -15.0000   37.500012676.7773   16.5709
    7.5000  -15.0000   37.500012119.0156   16.5766
   -7.5000   -7.5000   37.500013008.8330   16.5578
    0.0000   -7.5000   37.500013478.0996   16.5651
    7.5000   -7.5000   37.500012914.9287   16.5720
   -7.5000    0.0000   37.500013665.3730   16.5525
    0.0000    0.0000   37.500014118.3594   16.5537
    7.5000    0.0000   37.500013564.2305   16.5626
   -7.5000    7.5000   37.500013307.2705   16.5426
    0.0000    7.5000   37.500013763.7441   16.5464
    7.5000    7.5000   37.500013235.4580   16.5563
   -7.5000   15.0000   37.500012949.0615   16.5384
    0.0000   15.0000   37.500013396.9893   16.5491
    7.5000   15.0000   37.500012846.5576   16.5568
   -7.5000   22.5000   37.500012395.4258   16.5385
    0.0000   22.5000   37.500012850.3301   16.5545
    7.5000   22.5000   37.500012329.8691   16.5601
   -7.5000   30.0000   37.500011569.3730   16.3412
    0.0000   30.0000   37.500011975.0117   16.3564
    7.5000   30.0000   37.500011514.5410   16.3621
   -7.5000   37.5000   37.500011055.8711   16.3435
    0.0000   37.5000   37.500011446.9023   16.3507
    7.5000   37.5000   37.500011005.9463   16.3576
   -7.5000   45.0000   37.500010118.9619   15.9547
    0.0000   45.0000   37.500010504.7393   15.9559
    7.5000   45.0000   37.500010082.5947   15.9644
   -7.5000  -45.0000   45.0000 7835.6440   16.7741
    0.0000  -45.0000   45.0000 8192.5371   16.7782
    7.5000  -45.0000   45.0000 7805.5576   16.7844
   -7.5000  -37.5000   45.0000 8525.8789   16.6659
    0.0000  -37.5000   45.0000 8923.1172   16.6738
    7.5000  -37.5000   45.0000 8473.4580   16.6787
   -7.5000  -30.0000   45.0000 9481.7207   16.6660
    0.0000  -30.0000   45.0000 9902.9512   16.6810
    7.5000  -30.0000   45.0000 9446.1855   16.6834
   -7.5000  -22.5000   45.000010390.1992   16.6774
    0.0000  -22.5000   45.000010822.8682   16.6967
    7.5000  -22.5000   45.000010340.6641   16.6990
   -7.5000  -15.0000   45.000011218.8623   16.6845
    0.0000  -15.0000   45.000011654.8721   16.7022
    7.5000  -15.0000   45.000011147.0498   16.7071
   -7.5000   -7.5000   45.000011954.9873   16.6808
    0.0000   -7.5000   45.000012389.3682   16.6906
    7.5000   -7.5000   45.000011861.2959   16.6970
   -7.5000    0.0000   45.000012561.7578   16.6718
    0.0000    0.0000   45.000013000.7314   16.6761
    7.5000    0.0000   45.000012467.9707   16.6825
   -7.5000    7.5000   45.000012241.6191   16.6641
    0.0000    7.5000   45.000012670.6855   16.6720
    7.5000    7.5000   45.000012166.5723   16.6769
   -7.5000   15.0000   45.000011898.0830   16.6660
    0.0000   15.0000   45.000012321.4209   16.6810
    7.5000   15.0000   45.000011815.2627   16.6834
   -7.5000   22.5000   45.000011432.1885   16.6697
    0.0000   22.5000   45.000011860.8730   16.6890
    7.5000   22.5000   45.000011368.2207   16.6912
   -7.5000   30.0000   45.000010671.1191   16.4671
    0.0000   30.0000   45.000011073.5400   16.4846
    7.5000   30.0000   45.000010621.8291   16.4894
   -7.5000   37.5000   45.000010201.3184   16.4635
    0.0000   37.5000   45.000010589.5732   16.4732
    7.5000   37.5000   45.000010148.7393   16.4795
   -7.5000   45.0000   45.0000 9347.8975   16.0770
    0.0000   45.0000   45.0000 9697.0479   16.0811
    7.5000   45.0000   45.0000 9298.7930   16.0873

---------------------------------------------------------------------
imgreg_4dfp /opt/freesurfer/average/711-2C_as_mni_average_305 /opt/freesurfer/average/711-2B_as_mni_average_305_mask talsrcimg_g11 none talsrcimg_to_711-2C_as_mni_average_305_t4 4355
---------------------------------------------------------------------

freesurfer imgreg_4dfp.c
/opt/freesurfer/average/711-2C_as_mni_average_305.4dfp.img
       256       256       256         1
  1.000000  1.000000  1.000000
orientation T byte_order littleendian
Reading image: /opt/freesurfer/average/711-2C_as_mni_average_305.4dfp.img
dimensions:      256       256       256
mmppix:       1.0000   -1.0000   -1.0000
center:     128.0000 -129.0000 -129.0000
/opt/freesurfer/average/711-2B_as_mni_average_305_mask.4dfp.img
       256       256       256         1
  1.000000  1.000000  1.000000
orientation T byte_order littleendian
Reading mask: /opt/freesurfer/average/711-2B_as_mni_average_305_mask.4dfp.img (2306576 pixels)
talsrcimg_g11.4dfp.img
       256       256       256         1
  1.000000  1.000000  1.000000
orientation T byte_order littleendian
Reading image: talsrcimg_g11.4dfp.img
dimensions:      256       256       256
mmppix:       1.0000   -1.0000   -1.0000
center:     128.0000 -129.0000 -129.0000
rotation matrix determinant  1.000000
image alignment mode   4355 decimal     1103 hex
   -7.5000  -45.0000  -45.0000 1879.5323   19.4561
    0.0000  -45.0000  -45.0000 1883.6273   19.5137
    7.5000  -45.0000  -45.0000 1868.4525   19.7159
   -7.5000  -37.5000  -45.0000 1987.2195   17.3521
    0.0000  -37.5000  -45.0000 1995.4579   17.3732
    7.5000  -37.5000  -45.0000 1976.2244   17.5541
   -7.5000  -30.0000  -45.0000 2086.6733   15.8066
    0.0000  -30.0000  -45.0000 2099.0708   15.7973
    7.5000  -30.0000  -45.0000 2082.3125   15.9314
   -7.5000  -22.5000  -45.0000 2179.2104   14.7006
    0.0000  -22.5000  -45.0000 2188.5618   14.7203
    7.5000  -22.5000  -45.0000 2173.2893   14.8432
   -7.5000  -15.0000  -45.0000 2222.7168   13.9686
    0.0000  -15.0000  -45.0000 2235.0044   13.9315
    7.5000  -15.0000  -45.0000 2216.2607   14.0851
   -7.5000   -7.5000  -45.0000 2243.8101   13.5192
    0.0000   -7.5000  -45.0000 2259.1741   13.4681
    7.5000   -7.5000  -45.0000 2240.1416   13.6230
   -7.5000    0.0000  -45.0000 2245.1228   13.3332
    0.0000    0.0000  -45.0000 2256.3027   13.2620
    7.5000    0.0000  -45.0000 2236.3118   13.4125
   -7.5000    7.5000  -45.0000 2240.3330   13.3714
    0.0000    7.5000  -45.0000 2249.9084   13.2542
    7.5000    7.5000  -45.0000 2231.2644   13.3933
   -7.5000   15.0000  -45.0000 2223.4053   13.6400
    0.0000   15.0000  -45.0000 2230.2100   13.5368
    7.5000   15.0000  -45.0000 2209.3835   13.7067
   -7.5000   22.5000  -45.0000 2186.3555   14.2796
    0.0000   22.5000  -45.0000 2190.7661   14.1746
    7.5000   22.5000  -45.0000 2169.2742   14.3642
   -7.5000   30.0000  -45.0000 2127.9736   15.1919
    0.0000   30.0000  -45.0000 2131.8606   15.1249
    7.5000   30.0000  -45.0000 2113.4885   15.3225
   -7.5000   37.5000  -45.0000 2052.0586   16.4685
    0.0000   37.5000  -45.0000 2056.5408   16.3834
    7.5000   37.5000  -45.0000 2037.1030   16.6140
   -7.5000   45.0000  -45.0000 1956.3368   18.1398
    0.0000   45.0000  -45.0000 1963.5033   18.0405
    7.5000   45.0000  -45.0000 1941.0591   18.3150
   -7.5000  -45.0000  -37.5000 1952.0272   18.0516
    0.0000  -45.0000  -37.5000 1958.0603   18.0684
    7.5000  -45.0000  -37.5000 1937.1759   18.2712
   -7.5000  -37.5000  -37.5000 2071.1658   16.1239
    0.0000  -37.5000  -37.5000 2083.6565   16.1079
    7.5000  -37.5000  -37.5000 2059.9768   16.2887
   -7.5000  -30.0000  -37.5000 2179.8354   14.6626
    0.0000  -30.0000  -37.5000 2195.2085   14.6139
    7.5000  -30.0000  -37.5000 2176.5278   14.7581
   -7.5000  -22.5000  -37.5000 2276.5808   13.5856
    0.0000  -22.5000  -37.5000 2288.0657   13.5503
    7.5000  -22.5000  -37.5000 2270.8159   13.6953
   -7.5000  -15.0000  -37.5000 2321.4543   12.8770
    0.0000  -15.0000  -37.5000 2333.2495   12.8201
    7.5000  -15.0000  -37.5000 2317.5173   12.9914
   -7.5000   -7.5000  -37.5000 2351.9644   12.4522
    0.0000   -7.5000  -37.5000 2364.3677   12.3707
    7.5000   -7.5000  -37.5000 2340.7856   12.5453
   -7.5000    0.0000  -37.5000 2358.5376   12.2551
    0.0000    0.0000  -37.5000 2365.8499   12.1793
    7.5000    0.0000  -37.5000 2346.2512   12.3405
   -7.5000    7.5000  -37.5000 2351.7476   12.2908
    0.0000    7.5000  -37.5000 2358.0552   12.1743
    7.5000    7.5000  -37.5000 2337.8081   12.3549
   -7.5000   15.0000  -37.5000 2328.0591   12.5510
    0.0000   15.0000  -37.5000 2335.1985   12.4573
    7.5000   15.0000  -37.5000 2312.4651   12.6584
   -7.5000   22.5000  -37.5000 2287.8074   13.1051
    0.0000   22.5000  -37.5000 2292.8569   13.0081
    7.5000   22.5000  -37.5000 2268.8462   13.2205
   -7.5000   30.0000  -37.5000 2228.5076   13.9252
    0.0000   30.0000  -37.5000 2230.2881   13.8587
    7.5000   30.0000  -37.5000 2205.0840   14.0898
   -7.5000   37.5000  -37.5000 2145.3650   15.0557
    0.0000   37.5000  -37.5000 2150.5491   14.9842
    7.5000   37.5000  -37.5000 2126.7236   15.2406
   -7.5000   45.0000  -37.5000 2045.9698   16.5778
    0.0000   45.0000  -37.5000 2049.7654   16.4903
    7.5000   45.0000  -37.5000 2024.6431   16.7575
   -7.5000  -45.0000  -30.0000 2055.4241   17.3894
    0.0000  -45.0000  -30.0000 2065.9546   17.3531
    7.5000  -45.0000  -30.0000 2039.2903   17.5976
   -7.5000  -37.5000  -30.0000 2187.5449   15.5168
    0.0000  -37.5000  -30.0000 2200.3254   15.4756
    7.5000  -37.5000  -30.0000 2176.6953   15.6753
   -7.5000  -30.0000  -30.0000 2303.8220   14.0730
    0.0000  -30.0000  -30.0000 2320.4473   14.0275
    7.5000  -30.0000  -30.0000 2300.6206   14.2037
   -7.5000  -22.5000  -30.0000 2400.9834   13.0462
    0.0000  -22.5000  -30.0000 2418.7627   12.9501
    7.5000  -22.5000  -30.0000 2399.0784   13.1214
   -7.5000  -15.0000  -30.0000 2456.7529   12.3286
    0.0000  -15.0000  -30.0000 2470.1506   12.2243
    7.5000  -15.0000  -30.0000 2452.9790   12.3999
   -7.5000   -7.5000  -30.0000 2496.7424   11.8920
    0.0000   -7.5000  -30.0000 2503.5117   11.7873
    7.5000   -7.5000  -30.0000 2482.4336   11.9687
   -7.5000    0.0000  -30.0000 2514.9214   11.6495
    0.0000    0.0000  -30.0000 2522.0137   11.5687
    7.5000    0.0000  -30.0000 2502.1318   11.7561
   -7.5000    7.5000  -30.0000 2512.3755   11.6854
    0.0000    7.5000  -30.0000 2517.6689   11.5875
    7.5000    7.5000  -30.0000 2494.0994   11.7862
   -7.5000   15.0000  -30.0000 2484.1111   11.9647
    0.0000   15.0000  -30.0000 2492.0999   11.8793
    7.5000   15.0000  -30.0000 2465.2319   12.0869
   -7.5000   22.5000  -30.0000 2436.6431   12.4866
    0.0000   22.5000  -30.0000 2444.3726   12.4079
    7.5000   22.5000  -30.0000 2417.1460   12.6110
   -7.5000   30.0000  -30.0000 2371.4153   13.2824
    0.0000   30.0000  -30.0000 2376.4636   13.2017
    7.5000   30.0000  -30.0000 2346.3789   13.4240
   -7.5000   37.5000  -30.0000 2281.1050   14.3433
    0.0000   37.5000  -30.0000 2286.4043   14.2535
    7.5000   37.5000  -30.0000 2261.4768   14.4908
   -7.5000   45.0000  -30.0000 2174.2246   15.7577
    0.0000   45.0000  -30.0000 2176.4385   15.6665
    7.5000   45.0000  -30.0000 2150.0103   15.9163
   -7.5000  -45.0000  -22.5000 2132.3716   16.7198
    0.0000  -45.0000  -22.5000 2143.4309   16.6156
    7.5000  -45.0000  -22.5000 2118.2896   16.8380
   -7.5000  -37.5000  -22.5000 2270.4148   14.8897
    0.0000  -37.5000  -22.5000 2289.0249   14.7867
    7.5000  -37.5000  -22.5000 2263.4202   14.9910
   -7.5000  -30.0000  -22.5000 2393.8486   13.4436
    0.0000  -30.0000  -22.5000 2410.8503   13.3751
    7.5000  -30.0000  -22.5000 2390.3718   13.5604
   -7.5000  -22.5000  -22.5000 2494.8555   12.3888
    0.0000  -22.5000  -22.5000 2512.8821   12.3203
    7.5000  -22.5000  -22.5000 2495.0793   12.4882
   -7.5000  -15.0000  -22.5000 2559.6157   11.6939
    0.0000  -15.0000  -22.5000 2574.4946   11.5882
    7.5000  -15.0000  -22.5000 2556.9116   11.7680
   -7.5000   -7.5000  -22.5000 2610.0713   11.2397
    0.0000   -7.5000  -22.5000 2614.9607   11.1386
    7.5000   -7.5000  -22.5000 2597.8538   11.3111
   -7.5000    0.0000  -22.5000 2643.6501   10.9705
    0.0000    0.0000  -22.5000 2649.2771   10.9015
    7.5000    0.0000  -22.5000 2624.3308   11.0754
   -7.5000    7.5000  -22.5000 2647.5510   11.0071
    0.0000    7.5000  -22.5000 2655.8103   10.9217
    7.5000    7.5000  -22.5000 2625.7080   11.0945
   -7.5000   15.0000  -22.5000 2618.1841   11.3086
    0.0000   15.0000  -22.5000 2628.0176   11.2032
    7.5000   15.0000  -22.5000 2598.1665   11.3925
   -7.5000   22.5000  -22.5000 2564.3638   11.8252
    0.0000   22.5000  -22.5000 2579.5178   11.7131
    7.5000   22.5000  -22.5000 2546.2517   11.9209
   -7.5000   30.0000  -22.5000 2491.3340   12.5647
    0.0000   30.0000  -22.5000 2503.9558   12.4560
    7.5000   30.0000  -22.5000 2467.5491   12.6698
   -7.5000   37.5000  -22.5000 2391.1267   13.5633
    0.0000   37.5000  -22.5000 2396.8491   13.4485
    7.5000   37.5000  -22.5000 2368.6282   13.6638
   -7.5000   45.0000  -22.5000 2276.8188   14.9228
    0.0000   45.0000  -22.5000 2277.9131   14.7939
    7.5000   45.0000  -22.5000 2253.0869   15.0140
   -7.5000  -45.0000  -15.0000 2187.8914   16.0679
    0.0000  -45.0000  -15.0000 2194.8938   15.9277
    7.5000  -45.0000  -15.0000 2169.0100   16.1435
   -7.5000  -37.5000  -15.0000 2320.3042   14.2589
    0.0000  -37.5000  -15.0000 2339.3076   14.1320
    7.5000  -37.5000  -15.0000 2318.5652   14.3497
   -7.5000  -30.0000  -15.0000 2444.7942   12.8456
    0.0000  -30.0000  -15.0000 2463.4255   12.7473
    7.5000  -30.0000  -15.0000 2448.0430   12.9517
   -7.5000  -22.5000  -15.0000 2559.6682   11.7913
    0.0000  -22.5000  -15.0000 2575.5862   11.7135
    7.5000  -22.5000  -15.0000 2561.2522   11.9089
   -7.5000  -15.0000  -15.0000 2636.9873   11.0783
    0.0000  -15.0000  -15.0000 2653.0940   11.0102
    7.5000  -15.0000  -15.0000 2636.1497   11.1759
   -7.5000   -7.5000  -15.0000 2697.0132   10.6376
    0.0000   -7.5000  -15.0000 2708.4468   10.5414
    7.5000   -7.5000  -15.0000 2685.9160   10.6979
   -7.5000    0.0000  -15.0000 2739.7461   10.3664
    0.0000    0.0000  -15.0000 2753.7754   10.2710
    7.5000    0.0000  -15.0000 2720.8464   10.4292
   -7.5000    7.5000  -15.0000 2755.0024   10.3729
    0.0000    7.5000  -15.0000 2769.1277   10.2622
    7.5000    7.5000  -15.0000 2730.2734   10.4214
   -7.5000   15.0000  -15.0000 2727.2463   10.6621
    0.0000   15.0000  -15.0000 2744.1960   10.5457
    7.5000   15.0000  -15.0000 2708.2856   10.7269
   -7.5000   22.5000  -15.0000 2671.3667   11.1591
    0.0000   22.5000  -15.0000 2687.3750   11.0525
    7.5000   22.5000  -15.0000 2650.4895   11.2314
   -7.5000   30.0000  -15.0000 2589.5945   11.8404
    0.0000   30.0000  -15.0000 2602.2207   11.7485
    7.5000   30.0000  -15.0000 2562.2083   11.9481
   -7.5000   37.5000  -15.0000 2479.3301   12.8121
    0.0000   37.5000  -15.0000 2485.3816   12.7160
    7.5000   37.5000  -15.0000 2455.0176   12.8967
   -7.5000   45.0000  -15.0000 2349.6184   14.1288
    0.0000   45.0000  -15.0000 2355.9316   13.9929
    7.5000   45.0000  -15.0000 2329.4585   14.1797
   -7.5000  -45.0000   -7.5000 2215.4497   15.4953
    0.0000  -45.0000   -7.5000 2227.0872   15.3588
    7.5000  -45.0000   -7.5000 2207.0356   15.6087
   -7.5000  -37.5000   -7.5000 2348.1890   13.7113
    0.0000  -37.5000   -7.5000 2368.9226   13.5841
    7.5000  -37.5000   -7.5000 2354.2185   13.8080
   -7.5000  -30.0000   -7.5000 2475.6340   12.3328
    0.0000  -30.0000   -7.5000 2495.7039   12.2192
    7.5000  -30.0000   -7.5000 2480.7737   12.4169
   -7.5000  -22.5000   -7.5000 2595.2244   11.2971
    0.0000  -22.5000   -7.5000 2616.3516   11.2136
    7.5000  -22.5000   -7.5000 2596.8435   11.3923
   -7.5000  -15.0000   -7.5000 2692.6064   10.5756
    0.0000  -15.0000   -7.5000 2712.0479   10.4847
    7.5000  -15.0000   -7.5000 2689.5293   10.6533
   -7.5000   -7.5000   -7.5000 2770.9180   10.0900
    0.0000   -7.5000   -7.5000 2788.5593   10.0086
    7.5000   -7.5000   -7.5000 2764.7427   10.1486
   -7.5000    0.0000   -7.5000 2822.8340    9.8294
    0.0000    0.0000   -7.5000 2841.9746    9.7370
    7.5000    0.0000   -7.5000 2804.5164    9.8920
   -7.5000    7.5000   -7.5000 2847.4902    9.8107
    0.0000    7.5000   -7.5000 2867.7156    9.7125
    7.5000    7.5000   -7.5000 2821.7046    9.8666
   -7.5000   15.0000   -7.5000 2817.6914   10.0929
    0.0000   15.0000   -7.5000 2836.1074    9.9746
    7.5000   15.0000   -7.5000 2793.6487   10.1312
   -7.5000   22.5000   -7.5000 2753.6951   10.5568
    0.0000   22.5000   -7.5000 2769.5779   10.4432
    7.5000   22.5000   -7.5000 2733.5317   10.6105
   -7.5000   30.0000   -7.5000 2657.9375   11.2024
    0.0000   30.0000   -7.5000 2670.8652   11.1042
    7.5000   30.0000   -7.5000 2634.6016   11.3062
   -7.5000   37.5000   -7.5000 2541.7654   12.1415
    0.0000   37.5000   -7.5000 2551.4773   12.0156
    7.5000   37.5000   -7.5000 2519.7129   12.2201
   -7.5000   45.0000   -7.5000 2408.2878   13.4292
    0.0000   45.0000   -7.5000 2417.8135   13.2783
    7.5000   45.0000   -7.5000 2384.3252   13.4855
   -7.5000  -45.0000    0.0000 2223.7036   15.2053
    0.0000  -45.0000    0.0000 2244.0564   15.0433
    7.5000  -45.0000    0.0000 2225.7500   15.2731
   -7.5000  -37.5000    0.0000 2359.8430   13.3779
    0.0000  -37.5000    0.0000 2379.5542   13.2205
    7.5000  -37.5000    0.0000 2361.8997   13.4658
   -7.5000  -30.0000    0.0000 2489.4944   11.9804
    0.0000  -30.0000    0.0000 2508.8340   11.8473
    7.5000  -30.0000    0.0000 2491.0200   12.0691
   -7.5000  -22.5000    0.0000 2616.8154   10.9515
    0.0000  -22.5000    0.0000 2632.2920   10.8343
    7.5000  -22.5000    0.0000 2612.7700   11.0159
   -7.5000  -15.0000    0.0000 2725.5857   10.2201
    0.0000  -15.0000    0.0000 2742.7085   10.1074
    7.5000  -15.0000    0.0000 2720.0518   10.2685
   -7.5000   -7.5000    0.0000 2820.6572    9.7492
    0.0000   -7.5000    0.0000 2838.5837    9.6479
    7.5000   -7.5000    0.0000 2814.3523    9.7748
   -7.5000    0.0000    0.0000 2894.2778    9.5057
    0.0000    0.0000    0.0000 2918.9292    9.3832
    7.5000    0.0000    0.0000 2875.3457    9.5158
   -7.5000    7.5000    0.0000 2930.2637    9.4395
    0.0000    7.5000    0.0000 2953.6099    9.3406
    7.5000    7.5000    0.0000 2897.1670    9.4843
   -7.5000   15.0000    0.0000 2890.9385    9.7063
    0.0000   15.0000    0.0000 2910.3984    9.6001
    7.5000   15.0000    0.0000 2858.3896    9.7395
   -7.5000   22.5000    0.0000 2815.3657   10.1299
    0.0000   22.5000    0.0000 2833.4041   10.0063
    7.5000   22.5000    0.0000 2786.7354   10.1760
   -7.5000   30.0000    0.0000 2710.5107   10.7472
    0.0000   30.0000    0.0000 2724.1025   10.6337
    7.5000   30.0000    0.0000 2685.5481   10.8188
   -7.5000   37.5000    0.0000 2585.7610   11.6835
    0.0000   37.5000    0.0000 2597.4951   11.5443
    7.5000   37.5000    0.0000 2561.7100   11.7153
   -7.5000   45.0000    0.0000 2444.2288   12.9497
    0.0000   45.0000    0.0000 2452.9131   12.7955
    7.5000   45.0000    0.0000 2420.1738   12.9585
   -7.5000  -45.0000    7.5000 2225.2642   15.0655
    0.0000  -45.0000    7.5000 2249.2080   14.9266
    7.5000  -45.0000    7.5000 2233.9634   15.1558
   -7.5000  -37.5000    7.5000 2360.7087   13.2151
    0.0000  -37.5000    7.5000 2380.2559   13.0808
    7.5000  -37.5000    7.5000 2361.7363   13.3012
   -7.5000  -30.0000    7.5000 2493.5496   11.8234
    0.0000  -30.0000    7.5000 2507.1685   11.6822
    7.5000  -30.0000    7.5000 2488.2383   11.8830
   -7.5000  -22.5000    7.5000 2621.0559   10.7675
    0.0000  -22.5000    7.5000 2634.1655   10.6469
    7.5000  -22.5000    7.5000 2611.8596   10.8296
   -7.5000  -15.0000    7.5000 2742.5764   10.0167
    0.0000  -15.0000    7.5000 2755.2439    9.9122
    7.5000  -15.0000    7.5000 2731.1394   10.0670
   -7.5000   -7.5000    7.5000 2852.3296    9.5567
    0.0000   -7.5000    7.5000 2867.5044    9.4529
    7.5000   -7.5000    7.5000 2835.9580    9.5804
   -7.5000    0.0000    7.5000 2940.0361    9.3714
    0.0000    0.0000    7.5000 2965.8752    9.2768
    7.5000    0.0000    7.5000 2917.5542    9.3488
   -7.5000    7.5000    7.5000 2985.1375    9.3313
    0.0000    7.5000    7.5000 3020.4502    9.2735
    7.5000    7.5000    7.5000 2948.3198    9.3492
   -7.5000   15.0000    7.5000 2943.1387    9.5219
    0.0000   15.0000    7.5000 2970.5923    9.4747
    7.5000   15.0000    7.5000 2905.9282    9.5643
   -7.5000   22.5000    7.5000 2856.4963    9.8819
    0.0000   22.5000    7.5000 2874.0442    9.7940
    7.5000   22.5000    7.5000 2825.7437    9.9234
   -7.5000   30.0000    7.5000 2740.0884   10.4894
    0.0000   30.0000    7.5000 2753.9626   10.3817
    7.5000   30.0000    7.5000 2715.5281   10.5201
   -7.5000   37.5000    7.5000 2610.3345   11.4030
    0.0000   37.5000    7.5000 2618.5916   11.2900
    7.5000   37.5000    7.5000 2582.0713   11.4152
   -7.5000   45.0000    7.5000 2461.7302   12.6440
    0.0000   45.0000    7.5000 2467.4160   12.5139
    7.5000   45.0000    7.5000 2434.0898   12.6620
   -7.5000  -45.0000   15.0000 2215.4202   15.1329
    0.0000  -45.0000   15.0000 2243.2327   14.9538
    7.5000  -45.0000   15.0000 2223.9189   15.2349
   -7.5000  -37.5000   15.0000 2356.1770   13.2699
    0.0000  -37.5000   15.0000 2376.5564   13.0654
    7.5000  -37.5000   15.0000 2357.5237   13.3247
   -7.5000  -30.0000   15.0000 2485.0283   11.8522
    0.0000  -30.0000   15.0000 2500.2476   11.6630
    7.5000  -30.0000   15.0000 2478.8835   11.8989
   -7.5000  -22.5000   15.0000 2612.7678   10.7925
    0.0000  -22.5000   15.0000 2626.7610   10.6438
    7.5000  -22.5000   15.0000 2603.4976   10.8444
   -7.5000  -15.0000   15.0000 2736.7385   10.0263
    0.0000  -15.0000   15.0000 2748.6606    9.9071
    7.5000  -15.0000   15.0000 2718.8481   10.0974
   -7.5000   -7.5000   15.0000 2851.5701    9.5403
    0.0000   -7.5000   15.0000 2863.9087    9.4420
    7.5000   -7.5000   15.0000 2825.1431    9.5992
   -7.5000    0.0000   15.0000 2946.0491    9.3352
    0.0000    0.0000   15.0000 2963.6086    9.2861
    7.5000    0.0000   15.0000 2910.6072    9.3532
   -7.5000    7.5000   15.0000 2986.9656    9.3044
    0.0000    7.5000   15.0000 3014.9912    9.2718
    7.5000    7.5000   15.0000 2944.6685    9.3477
   -7.5000   15.0000   15.0000 2944.2849    9.5130
    0.0000   15.0000   15.0000 2974.4739    9.4535
    7.5000   15.0000   15.0000 2910.6516    9.5705
   -7.5000   22.5000   15.0000 2857.3943    9.8678
    0.0000   22.5000   15.0000 2881.3052    9.7633
    7.5000   22.5000   15.0000 2828.3250    9.9119
   -7.5000   30.0000   15.0000 2739.7368   10.4639
    0.0000   30.0000   15.0000 2755.2627   10.3358
    7.5000   30.0000   15.0000 2718.4819   10.4889
   -7.5000   37.5000   15.0000 2606.9597   11.3285
    0.0000   37.5000   15.0000 2614.8533   11.1956
    7.5000   37.5000   15.0000 2585.6562   11.3605
   -7.5000   45.0000   15.0000 2458.0010   12.5105
    0.0000   45.0000   15.0000 2467.0149   12.3626
    7.5000   45.0000   15.0000 2436.6221   12.5510
   -7.5000  -45.0000   22.5000 2196.9753   15.3714
    0.0000  -45.0000   22.5000 2220.1785   15.1618
    7.5000  -45.0000   22.5000 2201.5330   15.4560
   -7.5000  -37.5000   22.5000 2341.8750   13.4947
    0.0000  -37.5000   22.5000 2364.2432   13.2934
    7.5000  -37.5000   22.5000 2342.5510   13.5538
   -7.5000  -30.0000   22.5000 2469.3442   12.0712
    0.0000  -30.0000   22.5000 2489.7468   11.9006
    7.5000  -30.0000   22.5000 2464.6904   12.1398
   -7.5000  -22.5000   22.5000 2598.2615   11.0371
    0.0000  -22.5000   22.5000 2616.3782   10.8720
    7.5000  -22.5000   22.5000 2587.0029   11.0884
   -7.5000  -15.0000   22.5000 2719.6543   10.2702
    0.0000  -15.0000   22.5000 2734.1531   10.1187
    7.5000  -15.0000   22.5000 2701.7563   10.3300
   -7.5000   -7.5000   22.5000 2831.5964    9.7773
    0.0000   -7.5000   22.5000 2842.5908    9.6358
    7.5000   -7.5000   22.5000 2804.2654    9.8121
   -7.5000    0.0000   22.5000 2912.1375    9.5040
    0.0000    0.0000   22.5000 2921.6294    9.3933
    7.5000    0.0000   22.5000 2873.0972    9.5470
   -7.5000    7.5000   22.5000 2945.7368    9.4096
    0.0000    7.5000   22.5000 2958.6482    9.3060
    7.5000    7.5000   22.5000 2902.0732    9.5100
   -7.5000   15.0000   22.5000 2904.4600    9.6418
    0.0000   15.0000   22.5000 2924.0530    9.5291
    7.5000   15.0000   22.5000 2874.2217    9.7076
   -7.5000   22.5000   22.5000 2820.9087   10.0658
    0.0000   22.5000   22.5000 2842.5427    9.9447
    7.5000   22.5000   22.5000 2798.5193   10.1086
   -7.5000   30.0000   22.5000 2710.6282   10.6715
    0.0000   30.0000   22.5000 2724.6497   10.5386
    7.5000   30.0000   22.5000 2689.8953   10.7005
   -7.5000   37.5000   22.5000 2581.5381   11.4971
    0.0000   37.5000   22.5000 2589.8879   11.3685
    7.5000   37.5000   22.5000 2565.1985   11.5426
   -7.5000   45.0000   22.5000 2434.5718   12.6117
    0.0000   45.0000   22.5000 2443.0234   12.4765
    7.5000   45.0000   22.5000 2417.3340   12.6527
   -7.5000  -45.0000   30.0000 2166.3542   15.7967
    0.0000  -45.0000   30.0000 2183.9109   15.6094
    7.5000  -45.0000   30.0000 2164.0508   15.8875
   -7.5000  -37.5000   30.0000 2314.9319   13.9099
    0.0000  -37.5000   30.0000 2336.3472   13.7204
    7.5000  -37.5000   30.0000 2310.5398   13.9810
   -7.5000  -30.0000   30.0000 2444.5532   12.4894
    0.0000  -30.0000   30.0000 2466.3467   12.3033
    7.5000  -30.0000   30.0000 2434.8206   12.5468
   -7.5000  -22.5000   30.0000 2567.5940   11.4376
    0.0000  -22.5000   30.0000 2588.5103   11.2552
    7.5000  -22.5000   30.0000 2555.7256   11.4779
   -7.5000  -15.0000   30.0000 2685.3696   10.6703
    0.0000  -15.0000   30.0000 2703.6624   10.5024
    7.5000  -15.0000   30.0000 2668.3682   10.7109
   -7.5000   -7.5000   30.0000 2786.0090   10.1426
    0.0000   -7.5000   30.0000 2795.6279    9.9958
    7.5000   -7.5000   30.0000 2761.8252   10.1754
   -7.5000    0.0000   30.0000 2850.3555    9.8345
    0.0000    0.0000   30.0000 2857.8523    9.6889
    7.5000    0.0000   30.0000 2819.1819    9.8918
   -7.5000    7.5000   30.0000 2873.4749    9.7240
    0.0000    7.5000   30.0000 2883.0869    9.6100
    7.5000    7.5000   30.0000 2836.6626    9.8208
   -7.5000   15.0000   30.0000 2836.0676    9.9631
    0.0000   15.0000   30.0000 2850.7781    9.8329
    7.5000   15.0000   30.0000 2807.0261    9.9888
   -7.5000   22.5000   30.0000 2759.6462   10.3952
    0.0000   22.5000   30.0000 2774.8674   10.2680
    7.5000   22.5000   30.0000 2739.6055   10.4156
   -7.5000   30.0000   30.0000 2655.5981   10.9965
    0.0000   30.0000   30.0000 2666.4163   10.8654
    7.5000   30.0000   30.0000 2641.1414   11.0452
   -7.5000   37.5000   30.0000 2536.0613   11.8160
    0.0000   37.5000   30.0000 2544.0598   11.6921
    7.5000   37.5000   30.0000 2518.0049   11.8893
   -7.5000   45.0000   30.0000 2394.2720   12.9234
    0.0000   45.0000   30.0000 2404.0662   12.7957
    7.5000   45.0000   30.0000 2377.4282   12.9779
   -7.5000  -45.0000   37.5000 2122.7112   16.4343
    0.0000  -45.0000   37.5000 2138.3040   16.2390
    7.5000  -45.0000   37.5000 2122.9299   16.5260
   -7.5000  -37.5000   37.5000 2276.6301   14.4876
    0.0000  -37.5000   37.5000 2296.2144   14.2751
    7.5000  -37.5000   37.5000 2269.4871   14.5581
   -7.5000  -30.0000   37.5000 2405.3721   13.0367
    0.0000  -30.0000   37.5000 2428.4731   12.8359
    7.5000  -30.0000   37.5000 2398.3796   13.0961
   -7.5000  -22.5000   37.5000 2526.1973   11.9759
    0.0000  -22.5000   37.5000 2548.0540   11.7979
    7.5000  -22.5000   37.5000 2516.1570   12.0258
   -7.5000  -15.0000   37.5000 2636.7229   11.2035
    0.0000  -15.0000   37.5000 2653.6208   11.0355
    7.5000  -15.0000   37.5000 2619.1819   11.2360
   -7.5000   -7.5000   37.5000 2724.4871   10.6548
    0.0000   -7.5000   37.5000 2734.5049   10.5031
    7.5000   -7.5000   37.5000 2701.9023   10.6986
   -7.5000    0.0000   37.5000 2773.9851   10.3292
    0.0000    0.0000   37.5000 2780.2087   10.1756
    7.5000    0.0000   37.5000 2744.3474   10.3918
   -7.5000    7.5000   37.5000 2784.7903   10.2355
    0.0000    7.5000   37.5000 2792.7849   10.1091
    7.5000    7.5000   37.5000 2758.6167   10.2988
   -7.5000   15.0000   37.5000 2752.0530   10.4599
    0.0000   15.0000   37.5000 2763.6250   10.3215
    7.5000   15.0000   37.5000 2723.9084   10.4850
   -7.5000   22.5000   37.5000 2678.9355   10.8967
    0.0000   22.5000   37.5000 2693.1436   10.7587
    7.5000   22.5000   37.5000 2661.5461   10.9169
   -7.5000   30.0000   37.5000 2582.3296   11.4949
    0.0000   30.0000   37.5000 2591.7212   11.3395
    7.5000   30.0000   37.5000 2568.5906   11.5142
   -7.5000   37.5000   37.5000 2473.2227   12.2739
    0.0000   37.5000   37.5000 2479.6492   12.1557
    7.5000   37.5000   37.5000 2456.6035   12.3467
   -7.5000   45.0000   37.5000 2338.3210   13.3781
    0.0000   45.0000   37.5000 2349.1296   13.2494
    7.5000   45.0000   37.5000 2327.4915   13.4374
   -7.5000  -45.0000   45.0000 2074.6985   17.3051
    0.0000  -45.0000   45.0000 2091.2422   17.1136
    7.5000  -45.0000   45.0000 2075.0522   17.4101
   -7.5000  -37.5000   45.0000 2226.2935   15.2706
    0.0000  -37.5000   45.0000 2248.8108   15.0918
    7.5000  -37.5000   45.0000 2217.5220   15.3603
   -7.5000  -30.0000   45.0000 2352.1377   13.7678
    0.0000  -30.0000   45.0000 2374.6167   13.6047
    7.5000  -30.0000   45.0000 2346.4077   13.8633
   -7.5000  -22.5000   45.0000 2471.2661   12.6870
    0.0000  -22.5000   45.0000 2488.3875   12.5345
    7.5000  -22.5000   45.0000 2457.5000   12.7575
   -7.5000  -15.0000   45.0000 2569.7991   11.8837
    0.0000  -15.0000   45.0000 2582.7085   11.7331
    7.5000  -15.0000   45.0000 2553.1235   11.9289
   -7.5000   -7.5000   45.0000 2647.2178   11.3239
    0.0000   -7.5000   45.0000 2655.7991   11.1731
    7.5000   -7.5000   45.0000 2622.7534   11.3736
   -7.5000    0.0000   45.0000 2685.4912   11.0002
    0.0000    0.0000   45.0000 2688.7922   10.8686
    7.5000    0.0000   45.0000 2655.5598   11.0590
   -7.5000    7.5000   45.0000 2686.6050   10.9182
    0.0000    7.5000   45.0000 2687.9270   10.8118
    7.5000    7.5000   45.0000 2662.7336   10.9865
   -7.5000   15.0000   45.0000 2655.1924   11.1096
    0.0000   15.0000   45.0000 2665.2388   10.9855
    7.5000   15.0000   45.0000 2636.2656   11.1373
   -7.5000   22.5000   45.0000 2593.7922   11.5320
    0.0000   22.5000   45.0000 2607.3013   11.3953
    7.5000   22.5000   45.0000 2576.8523   11.5636
   -7.5000   30.0000   45.0000 2503.9231   12.1351
    0.0000   30.0000   45.0000 2512.3274   11.9783
    7.5000   30.0000   45.0000 2488.3916   12.1535
   -7.5000   37.5000   45.0000 2399.8228   12.9195
    0.0000   37.5000   45.0000 2407.4529   12.8029
    7.5000   37.5000   45.0000 2385.1743   12.9868
   -7.5000   45.0000   45.0000 2273.9946   14.0162
    0.0000   45.0000   45.0000 2278.2773   13.8883
    7.5000   45.0000   45.0000 2259.8013   14.0802

---------------------------------------------------------------------
imgreg_4dfp /opt/freesurfer/average/711-2C_as_mni_average_305 /opt/freesurfer/average/711-2B_as_mni_average_305_mask talsrcimg_g11 none talsrcimg_to_711-2C_as_mni_average_305_t4 1283
---------------------------------------------------------------------

freesurfer imgreg_4dfp.c
/opt/freesurfer/average/711-2C_as_mni_average_305.4dfp.img
       256       256       256         1
  1.000000  1.000000  1.000000
orientation T byte_order littleendian
Reading image: /opt/freesurfer/average/711-2C_as_mni_average_305.4dfp.img
dimensions:      256       256       256
mmppix:       1.0000   -1.0000   -1.0000
center:     128.0000 -129.0000 -129.0000
/opt/freesurfer/average/711-2B_as_mni_average_305_mask.4dfp.img
       256       256       256         1
  1.000000  1.000000  1.000000
orientation T byte_order littleendian
Reading mask: /opt/freesurfer/average/711-2B_as_mni_average_305_mask.4dfp.img (2306576 pixels)
talsrcimg_g11.4dfp.img
       256       256       256         1
  1.000000  1.000000  1.000000
orientation T byte_order littleendian
Reading image: talsrcimg_g11.4dfp.img
dimensions:      256       256       256
mmppix:       1.0000   -1.0000   -1.0000
center:     128.0000 -129.0000 -129.0000
rotation matrix determinant  1.000000
fimgreg.f
image alignment mode   1283 decimal      503 hex
parameters
    0.0000    7.5000    7.5000    0.0000    0.0000    0.0000
eta,q 0.94832  9.27406
niter,ni,del,rscale     5    3   12.0000    1.2000
parameter  3 -0.631707 -> -0.500000 qaram    1.1500
parameter  5 -0.511225 -> -0.500000 qaram    1.1500
parameter  6 -0.969244 -> -0.500000 qaram    1.1500
parameters
   -1.4524    7.6924   10.9500   -0.3945    3.4500    3.4500
eta,q 0.95523  9.27198
  0.0598  0.0614  0.0678  0.0537  0.0606  0.0592
  0.0541  0.0561  0.0615  0.0512  0.0561  0.0557
  0.0523  0.0527  0.0560  0.0496  0.0523  0.0516
  0.0530  0.0521  0.0521  0.0495  0.0493  0.0481
  0.0565  0.0531  0.0498  0.0503  0.0481  0.0458
  0.0631  0.0557  0.0494  0.0521  0.0482  0.0446
  0.0708  0.0598  0.0504  0.0549  0.0495  0.0450
niter,ni,del,rscale     7    3   12.0000    1.2000
parameters
   -2.3470    8.3241   11.1324   -1.4691    2.8761    5.0326
eta,q 0.95708  9.28250
  0.0557  0.0582  0.0572  0.0488  0.0526  0.0541
  0.0484  0.0495  0.0497  0.0448  0.0474  0.0498
  0.0447  0.0448  0.0452  0.0435  0.0441  0.0462
  0.0448  0.0443  0.0446  0.0446  0.0438  0.0436
  0.0483  0.0456  0.0462  0.0464  0.0462  0.0429
  0.0549  0.0480  0.0495  0.0487  0.0504  0.0446
  0.0641  0.0518  0.0551  0.0515  0.0550  0.0481
niter,ni,del,rscale     6    3   12.0000    1.2000
parameters
   -2.2895    8.8321   11.1236   -1.9975    2.4754    5.1903
eta,q 0.95752  9.29149
  0.0601  0.0580  0.0555  0.0494  0.0526  0.0509
  0.0505  0.0488  0.0479  0.0445  0.0474  0.0473
  0.0445  0.0439  0.0436  0.0423  0.0435  0.0441
  0.0429  0.0429  0.0431  0.0431  0.0426  0.0425
  0.0451  0.0443  0.0451  0.0452  0.0448  0.0432
  0.0509  0.0474  0.0491  0.0474  0.0495  0.0466
  0.0586  0.0522  0.0543  0.0503  0.0547  0.0506
niter,ni,del,rscale     5    3   12.0000    1.2000
parameters
   -2.1801    9.0555   11.0607   -2.1600    2.3243    5.2370
eta,q 0.95761  9.29476
  0.0601  0.0567  0.0549  0.0504  0.0532  0.0506
  0.0504  0.0479  0.0474  0.0450  0.0479  0.0471
  0.0442  0.0433  0.0431  0.0422  0.0438  0.0440
  0.0425  0.0425  0.0426  0.0425  0.0424  0.0424
  0.0447  0.0442  0.0447  0.0446  0.0443  0.0433
  0.0504  0.0478  0.0488  0.0468  0.0487  0.0468
  0.0581  0.0536  0.0540  0.0497  0.0540  0.0507
niter,ni,del,rscale     4    3   12.0000    1.2000
parameters
   -2.1245    9.1173   11.0436   -2.2073    2.2623    5.2531
eta,q 0.95761  9.29577
  0.0598  0.0560  0.0549  0.0508  0.0533  0.0506
  0.0501  0.0475  0.0474  0.0453  0.0481  0.0471
  0.0441  0.0431  0.0431  0.0423  0.0439  0.0440
  0.0424  0.0424  0.0424  0.0424  0.0424  0.0424
  0.0448  0.0444  0.0445  0.0445  0.0441  0.0433
  0.0506  0.0481  0.0486  0.0467  0.0484  0.0469
  0.0583  0.0543  0.0538  0.0495  0.0537  0.0508
niter,ni,del,rscale     3    3   12.0000    1.2000
parameters
   -2.1019    9.1339   11.0383   -2.2199    2.2379    5.2593
eta,q 0.95761  9.29608
  0.0595  0.0558  0.0549  0.0509  0.0534  0.0506
  0.0500  0.0473  0.0474  0.0454  0.0482  0.0471
  0.0440  0.0430  0.0431  0.0423  0.0440  0.0439
  0.0424  0.0424  0.0424  0.0424  0.0424  0.0424
  0.0448  0.0444  0.0445  0.0444  0.0440  0.0434
  0.0507  0.0482  0.0486  0.0466  0.0483  0.0469
  0.0584  0.0546  0.0537  0.0494  0.0536  0.0508
registration optimization eta report
parameter search radius
    6.0000    6.0000    6.9000    6.0000    6.9000    6.9000
100000*second partial in parameter space
       46.       36.       25.       21.       23.       17.
  0.0595  0.0558  0.0549  0.0509  0.0534  0.0506
  0.0500  0.0473  0.0474  0.0454  0.0482  0.0471
  0.0440  0.0430  0.0431  0.0423  0.0440  0.0439
  0.0424  0.0424  0.0424  0.0424  0.0424  0.0424
  0.0448  0.0444  0.0445  0.0444  0.0440  0.0434
  0.0507  0.0482  0.0486  0.0466  0.0483  0.0469
  0.0584  0.0546  0.0537  0.0494  0.0536  0.0508
   -2.1019    9.1339   11.0383   -2.2199    2.2379    5.2593
eta,q 0.95761  9.29608

---------------------------------------------------------------------
imgreg_4dfp /opt/freesurfer/average/711-2C_as_mni_average_305 /opt/freesurfer/average/711-2B_as_mni_average_305_mask talsrcimg_g11 none talsrcimg_to_711-2C_as_mni_average_305_t4 3335
---------------------------------------------------------------------

freesurfer imgreg_4dfp.c
/opt/freesurfer/average/711-2C_as_mni_average_305.4dfp.img
       256       256       256         1
  1.000000  1.000000  1.000000
orientation T byte_order littleendian
Reading image: /opt/freesurfer/average/711-2C_as_mni_average_305.4dfp.img
dimensions:      256       256       256
mmppix:       1.0000   -1.0000   -1.0000
center:     128.0000 -129.0000 -129.0000
/opt/freesurfer/average/711-2B_as_mni_average_305_mask.4dfp.img
       256       256       256         1
  1.000000  1.000000  1.000000
orientation T byte_order littleendian
Reading mask: /opt/freesurfer/average/711-2B_as_mni_average_305_mask.4dfp.img (2306576 pixels)
talsrcimg_g11.4dfp.img
       256       256       256         1
  1.000000  1.000000  1.000000
orientation T byte_order littleendian
Reading image: talsrcimg_g11.4dfp.img
dimensions:      256       256       256
mmppix:       1.0000   -1.0000   -1.0000
center:     128.0000 -129.0000 -129.0000
fimgreg.f
image alignment mode   3335 decimal      D07 hex
parameters
   -2.1019    9.1339   11.0383   -0.4969   -0.4819   -0.1513
   -9.0088   -4.2406    9.1593    3.4996    3.9049   -3.8706
eta,q 0.95792  9.32003
niter,ni,del,rscale     5    3    5.0000    1.2000
parameter  4  0.826735 ->  0.500000 qaram    1.1500
parameter  5  2.172574 ->  0.500000 qaram    1.1500
parameter  6  0.925008 ->  0.500000 qaram    1.1500
parameters
   -2.0003    9.1890   10.6667   -4.6369   -4.6219   -4.2913
   -8.5276   -3.5383    7.4487    3.9375    3.7068   -0.6271
eta,q 0.96698  8.73182
  0.0454  0.0438  0.0433  0.0399  0.0332  0.0325  0.0363  0.0379  0.0345  0.0372  0.0342  0.0356
  0.0436  0.0429  0.0425  0.0400  0.0349  0.0332  0.0349  0.0358  0.0337  0.0353  0.0337  0.0346
  0.0425  0.0423  0.0421  0.0407  0.0371  0.0343  0.0339  0.0343  0.0333  0.0340  0.0334  0.0338
  0.0421  0.0421  0.0421  0.0420  0.0401  0.0354  0.0335  0.0335  0.0334  0.0333  0.0333  0.0333
  0.0423  0.0422  0.0425  0.0440  0.0434  0.0373  0.0337  0.0336  0.0340  0.0336  0.0334  0.0330
  0.0433  0.0427  0.0432  0.0467  0.0468  0.0404  0.0344  0.0346  0.0351  0.0348  0.0337  0.0331
  0.0449  0.0438  0.0443  0.0503  0.0510  0.0445  0.0356  0.0366  0.0366  0.0364  0.0343  0.0335
niter,ni,del,rscale     7    3    5.0000    1.2000
parameter  5  1.218831 ->  0.500000 qaram    1.3225
parameters
   -1.9368    8.9418   11.0935   -7.4821   -9.3829   -7.8513
   -8.5280   -3.1701    6.9962    2.9737    2.6470   -0.5926
eta,q 0.97123  8.16996
  0.0363  0.0350  0.0349  0.0338  0.0286  0.0298  0.0314  0.0333  0.0305  0.0313  0.0295  0.0300
  0.0346  0.0338  0.0340  0.0329  0.0292  0.0291  0.0300  0.0311  0.0295  0.0297  0.0290  0.0293
  0.0334  0.0331  0.0333  0.0326  0.0306  0.0289  0.0292  0.0296  0.0290  0.0289  0.0288  0.0289
  0.0330  0.0330  0.0330  0.0329  0.0326  0.0295  0.0289  0.0289  0.0289  0.0289  0.0288  0.0288
  0.0333  0.0335  0.0330  0.0339  0.0356  0.0308  0.0292  0.0292  0.0291  0.0295  0.0290  0.0289
  0.0343  0.0345  0.0333  0.0356  0.0391  0.0326  0.0301  0.0305  0.0298  0.0309  0.0294  0.0293
  0.0360  0.0360  0.0339  0.0380  0.0427  0.0358  0.0314  0.0325  0.0309  0.0329  0.0301  0.0299
niter,ni,del,rscale     7    3    5.0000    1.2000
parameter  5  0.516651 ->  0.500000 qaram    1.5209
parameters
   -2.0049    8.7994   10.2057   -7.7862  -14.8580   -9.5095
   -8.1627   -3.0815    7.4287    2.8758    2.2828   -1.0703
eta,q 0.97247  7.82199
  0.0316  0.0309  0.0291  0.0311  0.0283  0.0296  0.0303  0.0315  0.0295  0.0301  0.0284  0.0284
  0.0300  0.0297  0.0287  0.0297  0.0278  0.0283  0.0289  0.0295  0.0285  0.0285  0.0279  0.0279
  0.0290  0.0289  0.0285  0.0288  0.0278  0.0276  0.0279  0.0281  0.0278  0.0277  0.0276  0.0276
  0.0288  0.0288  0.0288  0.0285  0.0285  0.0277  0.0276  0.0276  0.0276  0.0275  0.0275  0.0275
  0.0292  0.0292  0.0293  0.0289  0.0302  0.0286  0.0278  0.0280  0.0277  0.0280  0.0277  0.0277
  0.0303  0.0301  0.0301  0.0299  0.0328  0.0300  0.0285  0.0293  0.0282  0.0288  0.0280  0.0281
  0.0320  0.0314  0.0311  0.0316  0.0365  0.0318  0.0298  0.0314  0.0291  0.0300  0.0286  0.0286
niter,ni,del,rscale     7    3    5.0000    1.2000
parameters
   -2.1357    9.2329    9.8213   -8.0365  -15.3248  -10.1847
   -8.0209   -3.1882    7.6874    3.4821    2.0500   -1.4396
eta,q 0.97259  7.76484
  0.0301  0.0305  0.0284  0.0300  0.0308  0.0302  0.0299  0.0311  0.0292  0.0303  0.0283  0.0283
  0.0286  0.0290  0.0277  0.0286  0.0290  0.0287  0.0286  0.0291  0.0282  0.0286  0.0278  0.0278
  0.0277  0.0280  0.0274  0.0276  0.0278  0.0277  0.0277  0.0278  0.0276  0.0276  0.0275  0.0275
  0.0275  0.0275  0.0275  0.0274  0.0274  0.0274  0.0274  0.0274  0.0274  0.0274  0.0274  0.0274
  0.0280  0.0275  0.0278  0.0278  0.0278  0.0280  0.0276  0.0279  0.0275  0.0277  0.0276  0.0276
  0.0291  0.0280  0.0283  0.0287  0.0293  0.0294  0.0285  0.0293  0.0281  0.0283  0.0279  0.0280
  0.0307  0.0289  0.0291  0.0304  0.0317  0.0312  0.0297  0.0314  0.0290  0.0293  0.0284  0.0285
niter,ni,del,rscale     6    3    5.0000    1.2000
parameters
   -2.2251    9.4600    9.5224   -8.1196  -15.4850  -10.5964
   -7.9414   -3.3439    7.8252    3.9408    2.0111   -1.7512
eta,q 0.97261  7.73968
  0.0301  0.0299  0.0284  0.0301  0.0309  0.0303  0.0298  0.0310  0.0290  0.0300  0.0283  0.0283
  0.0285  0.0286  0.0277  0.0286  0.0290  0.0288  0.0285  0.0291  0.0281  0.0284  0.0278  0.0278
  0.0276  0.0277  0.0274  0.0276  0.0278  0.0277  0.0277  0.0278  0.0276  0.0275  0.0275  0.0275
  0.0274  0.0274  0.0274  0.0274  0.0274  0.0274  0.0274  0.0274  0.0274  0.0274  0.0274  0.0274
  0.0278  0.0275  0.0277  0.0277  0.0277  0.0279  0.0276  0.0279  0.0275  0.0277  0.0275  0.0276
  0.0289  0.0281  0.0282  0.0286  0.0290  0.0293  0.0285  0.0293  0.0281  0.0283  0.0278  0.0279
  0.0305  0.0290  0.0290  0.0302  0.0313  0.0310  0.0297  0.0313  0.0289  0.0292  0.0284  0.0284
niter,ni,del,rscale     5    3    5.0000    1.2000
parameters
   -2.2862    9.6104    9.3270   -8.1713  -15.6331  -10.8609
   -7.8855   -3.4694    7.8830    4.2765    2.0546   -1.9657
eta,q 0.97261  7.72171
  0.0301  0.0296  0.0285  0.0301  0.0309  0.0304  0.0298  0.0310  0.0290  0.0298  0.0284  0.0283
  0.0285  0.0284  0.0278  0.0286  0.0290  0.0289  0.0285  0.0291  0.0281  0.0283  0.0278  0.0278
  0.0276  0.0277  0.0274  0.0276  0.0278  0.0278  0.0277  0.0278  0.0276  0.0275  0.0275  0.0275
  0.0274  0.0274  0.0274  0.0274  0.0274  0.0274  0.0274  0.0274  0.0274  0.0274  0.0274  0.0274
  0.0278  0.0275  0.0276  0.0277  0.0277  0.0278  0.0276  0.0279  0.0275  0.0277  0.0275  0.0276
  0.0288  0.0281  0.0281  0.0286  0.0290  0.0292  0.0285  0.0292  0.0281  0.0283  0.0278  0.0279
  0.0304  0.0291  0.0289  0.0302  0.0312  0.0309  0.0297  0.0313  0.0289  0.0292  0.0283  0.0284
niter,ni,del,rscale     4    3    5.0000    1.2000
parameters
   -2.3274    9.7288    9.1979   -8.2086  -15.7642  -11.0415
   -7.8497   -3.5577    7.8838    4.5419    2.1045   -2.1008
eta,q 0.97260  7.70829
  0.0302  0.0295  0.0286  0.0301  0.0309  0.0305  0.0298  0.0310  0.0289  0.0297  0.0284  0.0284
  0.0286  0.0283  0.0279  0.0286  0.0290  0.0290  0.0285  0.0291  0.0281  0.0282  0.0278  0.0278
  0.0276  0.0276  0.0275  0.0277  0.0278  0.0279  0.0277  0.0278  0.0276  0.0275  0.0275  0.0275
  0.0274  0.0274  0.0274  0.0274  0.0274  0.0274  0.0274  0.0274  0.0274  0.0274  0.0274  0.0274
  0.0278  0.0276  0.0276  0.0278  0.0277  0.0278  0.0277  0.0279  0.0276  0.0277  0.0275  0.0276
  0.0288  0.0281  0.0281  0.0287  0.0290  0.0291  0.0285  0.0292  0.0281  0.0283  0.0278  0.0279
  0.0303  0.0291  0.0288  0.0302  0.0312  0.0308  0.0297  0.0312  0.0289  0.0291  0.0284  0.0284
niter,ni,del,rscale     3    3    5.0000    1.2000
parameters
   -2.3539    9.8209    9.1052   -8.2333  -15.8827  -11.1840
   -7.8101   -3.6182    7.8694    4.7542    2.1630   -2.1943
eta,q 0.97259  7.69740
  0.0302  0.0295  0.0286  0.0302  0.0309  0.0305  0.0298  0.0310  0.0289  0.0296  0.0284  0.0284
  0.0286  0.0283  0.0279  0.0287  0.0291  0.0290  0.0285  0.0291  0.0281  0.0282  0.0279  0.0278
  0.0277  0.0276  0.0275  0.0277  0.0279  0.0279  0.0277  0.0278  0.0276  0.0275  0.0275  0.0275
  0.0274  0.0274  0.0274  0.0274  0.0274  0.0274  0.0274  0.0274  0.0274  0.0274  0.0274  0.0274
  0.0278  0.0276  0.0276  0.0278  0.0277  0.0278  0.0277  0.0279  0.0276  0.0277  0.0275  0.0276
  0.0287  0.0282  0.0281  0.0287  0.0290  0.0291  0.0285  0.0292  0.0281  0.0283  0.0278  0.0279
  0.0303  0.0291  0.0288  0.0302  0.0312  0.0308  0.0297  0.0312  0.0289  0.0291  0.0284  0.0284
niter,ni,del,rscale     2    3    5.0000    1.2000
parameters
   -2.3728    9.9009    9.0329   -8.2589  -15.9963  -11.2964
   -7.7809   -3.6630    7.8389    4.9410    2.2151   -2.2572
eta,q 0.97257  7.68784
  0.0302  0.0294  0.0287  0.0302  0.0309  0.0305  0.0298  0.0311  0.0289  0.0295  0.0284  0.0284
  0.0286  0.0283  0.0279  0.0287  0.0291  0.0290  0.0285  0.0291  0.0281  0.0282  0.0279  0.0278
  0.0277  0.0276  0.0275  0.0277  0.0279  0.0279  0.0277  0.0278  0.0276  0.0275  0.0275  0.0275
  0.0274  0.0274  0.0274  0.0274  0.0274  0.0274  0.0274  0.0274  0.0274  0.0274  0.0274  0.0274
  0.0278  0.0276  0.0276  0.0278  0.0278  0.0278  0.0277  0.0279  0.0276  0.0277  0.0275  0.0276
  0.0287  0.0282  0.0281  0.0287  0.0290  0.0291  0.0285  0.0292  0.0281  0.0283  0.0279  0.0279
  0.0303  0.0291  0.0288  0.0302  0.0312  0.0308  0.0298  0.0311  0.0289  0.0291  0.0284  0.0284
niter,ni,del,rscale     1    3    5.0000    1.2000
parameters
   -2.3862    9.9684    8.9733   -8.2758  -16.0971  -11.3962
   -7.7570   -3.7001    7.8223    5.1042    2.2584   -2.3256
eta,q 0.97256  7.67966
  0.0302  0.0294  0.0287  0.0302  0.0309  0.0305  0.0298  0.0311  0.0289  0.0295  0.0284  0.0284
  0.0286  0.0283  0.0280  0.0287  0.0291  0.0291  0.0285  0.0291  0.0281  0.0282  0.0279  0.0278
  0.0277  0.0276  0.0275  0.0277  0.0279  0.0280  0.0277  0.0279  0.0276  0.0275  0.0276  0.0275
  0.0274  0.0274  0.0274  0.0274  0.0274  0.0274  0.0274  0.0274  0.0274  0.0274  0.0274  0.0274
  0.0278  0.0276  0.0276  0.0278  0.0278  0.0278  0.0277  0.0279  0.0276  0.0277  0.0275  0.0276
  0.0287  0.0282  0.0281  0.0287  0.0290  0.0291  0.0285  0.0292  0.0281  0.0283  0.0279  0.0279
  0.0303  0.0291  0.0288  0.0302  0.0311  0.0308  0.0298  0.0311  0.0289  0.0291  0.0284  0.0284
registration optimization eta report
parameter search radius
    2.4000    2.4000    2.4000    8.2800   10.9503    8.2800
    7.2000    7.2000    7.2000    7.2000    7.2000    7.2000
100000*second partial in parameter space
       49.       32.       23.        4.        3.        5.
        5.        7.        3.        4.        2.        2.
  0.0302  0.0294  0.0287  0.0302  0.0309  0.0305  0.0298  0.0311  0.0289  0.0295  0.0284  0.0284
  0.0286  0.0283  0.0280  0.0287  0.0291  0.0291  0.0285  0.0291  0.0281  0.0282  0.0279  0.0278
  0.0277  0.0276  0.0275  0.0277  0.0279  0.0280  0.0277  0.0279  0.0276  0.0275  0.0276  0.0275
  0.0274  0.0274  0.0274  0.0274  0.0274  0.0274  0.0274  0.0274  0.0274  0.0274  0.0274  0.0274
  0.0278  0.0276  0.0276  0.0278  0.0278  0.0278  0.0277  0.0279  0.0276  0.0277  0.0275  0.0276
  0.0287  0.0282  0.0281  0.0287  0.0290  0.0291  0.0285  0.0292  0.0281  0.0283  0.0279  0.0279
  0.0303  0.0291  0.0288  0.0302  0.0311  0.0308  0.0298  0.0311  0.0289  0.0291  0.0284  0.0284
   -2.3862    9.9684    8.9733   -8.2758  -16.0971  -11.3962
   -7.7570   -3.7001    7.8223    5.1042    2.2584   -2.3256
eta,q 0.97256  7.67966

---------------------------------------------------------------------
imgreg_4dfp /opt/freesurfer/average/711-2C_as_mni_average_305 /opt/freesurfer/average/711-2B_as_mni_average_305_mask talsrcimg_g11 none talsrcimg_to_711-2C_as_mni_average_305_t4 2311
---------------------------------------------------------------------

freesurfer imgreg_4dfp.c
/opt/freesurfer/average/711-2C_as_mni_average_305.4dfp.img
       256       256       256         1
  1.000000  1.000000  1.000000
orientation T byte_order littleendian
Reading image: /opt/freesurfer/average/711-2C_as_mni_average_305.4dfp.img
dimensions:      256       256       256
mmppix:       1.0000   -1.0000   -1.0000
center:     128.0000 -129.0000 -129.0000
/opt/freesurfer/average/711-2B_as_mni_average_305_mask.4dfp.img
       256       256       256         1
  1.000000  1.000000  1.000000
orientation T byte_order littleendian
Reading mask: /opt/freesurfer/average/711-2B_as_mni_average_305_mask.4dfp.img (2306576 pixels)
talsrcimg_g11.4dfp.img
       256       256       256         1
  1.000000  1.000000  1.000000
orientation T byte_order littleendian
Reading image: talsrcimg_g11.4dfp.img
dimensions:      256       256       256
mmppix:       1.0000   -1.0000   -1.0000
center:     128.0000 -129.0000 -129.0000
fimgreg.f
image alignment mode   2311 decimal      907 hex
parameters
   -2.3862    9.9684    8.9733   -8.2758  -16.0971  -11.3962
   -7.7570   -3.7001    7.8223    5.1042    2.2584   -2.3256
eta,q 0.97256  7.67966
niter,ni,del,rscale     5    3    5.0000    0.8000
parameters
   -2.4217   10.0035    8.9017   -8.3782  -15.7910  -11.1993
   -7.7737   -3.7652    7.7492    4.7588    2.4118   -2.5808
eta,q 0.97259  7.69333
  0.0287  0.0283  0.0280  0.0284  0.0282  0.0287  0.0285  0.0291  0.0281  0.0281  0.0279  0.0278
  0.0280  0.0278  0.0277  0.0278  0.0278  0.0281  0.0279  0.0282  0.0277  0.0276  0.0276  0.0276
  0.0276  0.0275  0.0275  0.0275  0.0275  0.0277  0.0275  0.0276  0.0275  0.0274  0.0275  0.0274
  0.0274  0.0274  0.0274  0.0274  0.0274  0.0274  0.0274  0.0274  0.0274  0.0274  0.0274  0.0274
  0.0276  0.0275  0.0275  0.0276  0.0275  0.0275  0.0276  0.0276  0.0275  0.0276  0.0274  0.0275
  0.0281  0.0278  0.0277  0.0279  0.0277  0.0279  0.0279  0.0283  0.0277  0.0279  0.0276  0.0276
  0.0288  0.0282  0.0281  0.0284  0.0280  0.0286  0.0285  0.0292  0.0281  0.0283  0.0278  0.0279
niter,ni,del,rscale     4    3    5.0000    0.7000
parameters
   -2.4375    9.8967    8.9471   -8.3550  -15.5913  -11.0180
   -7.7670   -3.7797    7.7159    4.4910    2.4592   -2.6046
eta,q 0.97262  7.70853
  0.0284  0.0279  0.0279  0.0282  0.0280  0.0285  0.0282  0.0287  0.0279  0.0280  0.0277  0.0277
  0.0278  0.0276  0.0276  0.0277  0.0277  0.0279  0.0278  0.0280  0.0276  0.0276  0.0275  0.0275
  0.0275  0.0274  0.0275  0.0275  0.0275  0.0276  0.0275  0.0275  0.0274  0.0274  0.0274  0.0274
  0.0274  0.0274  0.0274  0.0274  0.0274  0.0274  0.0274  0.0274  0.0274  0.0274  0.0274  0.0274
  0.0275  0.0275  0.0274  0.0275  0.0274  0.0274  0.0275  0.0276  0.0274  0.0275  0.0274  0.0274
  0.0279  0.0277  0.0276  0.0278  0.0276  0.0278  0.0278  0.0280  0.0276  0.0277  0.0275  0.0276
  0.0284  0.0281  0.0278  0.0281  0.0279  0.0283  0.0282  0.0288  0.0279  0.0281  0.0277  0.0277
niter,ni,del,rscale     3    3    5.0000    0.6000
parameters
   -2.4393    9.7955    9.0119   -8.3512  -15.4456  -10.8521
   -7.7922   -3.7575    7.7075    4.2120    2.4477   -2.5841
eta,q 0.97265  7.72016
  0.0281  0.0278  0.0278  0.0280  0.0278  0.0282  0.0280  0.0284  0.0278  0.0278  0.0276  0.0276
  0.0277  0.0275  0.0275  0.0276  0.0276  0.0278  0.0276  0.0278  0.0275  0.0275  0.0275  0.0275
  0.0275  0.0274  0.0274  0.0274  0.0274  0.0275  0.0274  0.0275  0.0274  0.0274  0.0274  0.0274
  0.0274  0.0274  0.0274  0.0274  0.0274  0.0274  0.0274  0.0274  0.0274  0.0274  0.0274  0.0274
  0.0275  0.0275  0.0274  0.0275  0.0274  0.0274  0.0274  0.0275  0.0274  0.0275  0.0274  0.0274
  0.0277  0.0276  0.0275  0.0276  0.0275  0.0276  0.0277  0.0278  0.0275  0.0276  0.0275  0.0275
  0.0281  0.0279  0.0277  0.0279  0.0277  0.0281  0.0280  0.0284  0.0278  0.0279  0.0276  0.0276
niter,ni,del,rscale     2    3    5.0000    0.5000
parameters
   -2.4314    9.7088    9.0761   -8.3579  -15.3130  -10.7281
   -7.8229   -3.7111    7.7372    3.9722    2.4056   -2.5480
eta,q 0.97266  7.72962
  0.0279  0.0276  0.0276  0.0278  0.0277  0.0279  0.0278  0.0281  0.0276  0.0276  0.0275  0.0275
  0.0276  0.0275  0.0275  0.0275  0.0275  0.0276  0.0275  0.0277  0.0275  0.0274  0.0274  0.0274
  0.0274  0.0274  0.0274  0.0274  0.0274  0.0274  0.0274  0.0274  0.0274  0.0274  0.0274  0.0274
  0.0274  0.0274  0.0274  0.0274  0.0274  0.0274  0.0273  0.0273  0.0273  0.0273  0.0273  0.0273
  0.0274  0.0274  0.0274  0.0274  0.0274  0.0274  0.0274  0.0274  0.0274  0.0274  0.0274  0.0274
  0.0276  0.0275  0.0274  0.0275  0.0275  0.0276  0.0276  0.0277  0.0275  0.0275  0.0274  0.0274
  0.0279  0.0277  0.0276  0.0277  0.0276  0.0279  0.0278  0.0280  0.0276  0.0277  0.0275  0.0275
niter,ni,del,rscale     1    3    5.0000    0.4000
parameters
   -2.4205    9.6259    9.1277   -8.3512  -15.2055  -10.6332
   -7.8622   -3.6626    7.7895    3.7238    2.3544   -2.5075
eta,q 0.97267  7.73755
  0.0277  0.0275  0.0275  0.0276  0.0275  0.0277  0.0276  0.0278  0.0275  0.0275  0.0274  0.0275
  0.0275  0.0274  0.0274  0.0275  0.0274  0.0275  0.0275  0.0276  0.0274  0.0274  0.0274  0.0274
  0.0274  0.0274  0.0274  0.0274  0.0274  0.0274  0.0274  0.0274  0.0274  0.0273  0.0273  0.0273
  0.0273  0.0273  0.0273  0.0273  0.0273  0.0273  0.0273  0.0273  0.0273  0.0273  0.0273  0.0273
  0.0274  0.0274  0.0273  0.0274  0.0274  0.0274  0.0274  0.0274  0.0274  0.0274  0.0274  0.0273
  0.0275  0.0275  0.0274  0.0275  0.0274  0.0275  0.0275  0.0275  0.0274  0.0275  0.0274  0.0274
  0.0277  0.0276  0.0275  0.0276  0.0275  0.0277  0.0276  0.0278  0.0275  0.0276  0.0275  0.0274
registration optimization eta report
parameter search radius
    0.8000    0.8000    0.8000    2.4000    2.4000    2.4000
    2.4000    2.4000    2.4000    2.4000    2.4000    2.4000
100000*second partial in parameter space
       50.       33.       25.        4.        3.        6.
        5.        8.        3.        4.        2.        2.
  0.0277  0.0275  0.0275  0.0276  0.0275  0.0277  0.0276  0.0278  0.0275  0.0275  0.0274  0.0275
  0.0275  0.0274  0.0274  0.0275  0.0274  0.0275  0.0275  0.0276  0.0274  0.0274  0.0274  0.0274
  0.0274  0.0274  0.0274  0.0274  0.0274  0.0274  0.0274  0.0274  0.0274  0.0273  0.0273  0.0273
  0.0273  0.0273  0.0273  0.0273  0.0273  0.0273  0.0273  0.0273  0.0273  0.0273  0.0273  0.0273
  0.0274  0.0274  0.0273  0.0274  0.0274  0.0274  0.0274  0.0274  0.0274  0.0274  0.0274  0.0273
  0.0275  0.0275  0.0274  0.0275  0.0274  0.0275  0.0275  0.0275  0.0274  0.0275  0.0274  0.0274
  0.0277  0.0276  0.0275  0.0276  0.0275  0.0277  0.0276  0.0278  0.0275  0.0276  0.0275  0.0274
   -2.4205    9.6259    9.1277   -8.3512  -15.2055  -10.6332
   -7.8622   -3.6626    7.7895    3.7238    2.3544   -2.5075
eta,q 0.97267  7.73755

---------------------------------------------------------------------
imgreg_4dfp /opt/freesurfer/average/711-2C_as_mni_average_305 /opt/freesurfer/average/711-2B_as_mni_average_305_mask talsrcimg_g11 none talsrcimg_to_711-2C_as_mni_average_305_t4 2311
---------------------------------------------------------------------

freesurfer imgreg_4dfp.c
/opt/freesurfer/average/711-2C_as_mni_average_305.4dfp.img
       256       256       256         1
  1.000000  1.000000  1.000000
orientation T byte_order littleendian
Reading image: /opt/freesurfer/average/711-2C_as_mni_average_305.4dfp.img
dimensions:      256       256       256
mmppix:       1.0000   -1.0000   -1.0000
center:     128.0000 -129.0000 -129.0000
/opt/freesurfer/average/711-2B_as_mni_average_305_mask.4dfp.img
       256       256       256         1
  1.000000  1.000000  1.000000
orientation T byte_order littleendian
Reading mask: /opt/freesurfer/average/711-2B_as_mni_average_305_mask.4dfp.img (2306576 pixels)
talsrcimg_g11.4dfp.img
       256       256       256         1
  1.000000  1.000000  1.000000
orientation T byte_order littleendian
Reading image: talsrcimg_g11.4dfp.img
dimensions:      256       256       256
mmppix:       1.0000   -1.0000   -1.0000
center:     128.0000 -129.0000 -129.0000
fimgreg.f
image alignment mode   2311 decimal      907 hex
parameters
   -2.4205    9.6259    9.1277   -8.3512  -15.2055  -10.6332
   -7.8622   -3.6626    7.7895    3.7238    2.3544   -2.5075
eta,q 0.97267  7.73755
niter,ni,del,rscale     5    3    5.0000    0.8000
parameters
   -2.3860    9.5801    9.1970   -8.1869  -15.1936  -10.7327
   -7.8853   -3.5840    7.7961    3.9605    2.2525   -2.2943
eta,q 0.97266  7.74308
  0.0287  0.0282  0.0280  0.0284  0.0281  0.0286  0.0285  0.0292  0.0281  0.0284  0.0278  0.0279
  0.0279  0.0277  0.0276  0.0278  0.0277  0.0280  0.0278  0.0282  0.0277  0.0278  0.0275  0.0276
  0.0275  0.0274  0.0274  0.0275  0.0274  0.0275  0.0275  0.0276  0.0274  0.0274  0.0274  0.0274
  0.0273  0.0273  0.0273  0.0273  0.0273  0.0273  0.0273  0.0273  0.0273  0.0273  0.0273  0.0273
  0.0275  0.0275  0.0274  0.0275  0.0274  0.0275  0.0275  0.0275  0.0274  0.0275  0.0274  0.0274
  0.0279  0.0278  0.0276  0.0278  0.0276  0.0280  0.0278  0.0281  0.0277  0.0277  0.0276  0.0275
  0.0286  0.0283  0.0279  0.0282  0.0281  0.0288  0.0285  0.0291  0.0281  0.0281  0.0278  0.0278
niter,ni,del,rscale     4    3    5.0000    0.7000
parameters
   -2.3701    9.5996    9.1849   -8.2418  -15.2027  -10.7182
   -7.8942   -3.5805    7.8020    3.8670    2.2481   -2.3314
eta,q 0.97266  7.74027
  0.0284  0.0281  0.0278  0.0281  0.0279  0.0284  0.0282  0.0287  0.0279  0.0280  0.0277  0.0277
  0.0278  0.0277  0.0275  0.0277  0.0276  0.0278  0.0277  0.0280  0.0276  0.0276  0.0275  0.0275
  0.0275  0.0274  0.0274  0.0274  0.0274  0.0275  0.0274  0.0275  0.0274  0.0274  0.0274  0.0274
  0.0273  0.0273  0.0273  0.0273  0.0273  0.0273  0.0273  0.0273  0.0273  0.0273  0.0273  0.0273
  0.0275  0.0274  0.0274  0.0275  0.0274  0.0274  0.0274  0.0275  0.0274  0.0275  0.0274  0.0274
  0.0278  0.0276  0.0276  0.0277  0.0276  0.0278  0.0277  0.0280  0.0276  0.0277  0.0275  0.0275
  0.0283  0.0280  0.0278  0.0281  0.0279  0.0284  0.0282  0.0287  0.0279  0.0280  0.0277  0.0277
niter,ni,del,rscale     3    3    5.0000    0.6000
parameters
   -2.3782    9.5821    9.1832   -8.2645  -15.1523  -10.6697
   -7.8964   -3.5843    7.8229    3.7551    2.2513   -2.3585
eta,q 0.97267  7.74290
  0.0281  0.0278  0.0277  0.0279  0.0278  0.0281  0.0280  0.0284  0.0278  0.0278  0.0276  0.0276
  0.0276  0.0275  0.0275  0.0276  0.0275  0.0277  0.0276  0.0278  0.0275  0.0275  0.0275  0.0274
  0.0274  0.0274  0.0274  0.0274  0.0274  0.0274  0.0274  0.0275  0.0274  0.0274  0.0274  0.0274
  0.0273  0.0273  0.0273  0.0273  0.0273  0.0273  0.0273  0.0273  0.0273  0.0273  0.0273  0.0273
  0.0274  0.0274  0.0274  0.0274  0.0274  0.0274  0.0274  0.0275  0.0274  0.0274  0.0274  0.0274
  0.0277  0.0276  0.0275  0.0276  0.0275  0.0277  0.0276  0.0278  0.0275  0.0276  0.0274  0.0275
  0.0281  0.0278  0.0277  0.0279  0.0277  0.0281  0.0280  0.0284  0.0277  0.0279  0.0276  0.0276
niter,ni,del,rscale     2    3    5.0000    0.5000
parameters
   -2.3845    9.5489    9.1984   -8.2878  -15.1157  -10.6055
   -7.9056   -3.5712    7.8323    3.6229    2.2569   -2.3692
eta,q 0.97267  7.74536
  0.0278  0.0277  0.0276  0.0277  0.0276  0.0279  0.0278  0.0281  0.0276  0.0277  0.0275  0.0275
  0.0276  0.0275  0.0274  0.0275  0.0275  0.0276  0.0275  0.0277  0.0275  0.0275  0.0274  0.0274
  0.0274  0.0274  0.0274  0.0274  0.0274  0.0274  0.0274  0.0274  0.0274  0.0273  0.0273  0.0273
  0.0273  0.0273  0.0273  0.0273  0.0273  0.0273  0.0273  0.0273  0.0273  0.0273  0.0273  0.0273
  0.0274  0.0274  0.0274  0.0274  0.0274  0.0274  0.0274  0.0274  0.0274  0.0274  0.0273  0.0274
  0.0276  0.0275  0.0274  0.0275  0.0275  0.0276  0.0275  0.0277  0.0275  0.0275  0.0274  0.0274
  0.0278  0.0277  0.0276  0.0277  0.0276  0.0279  0.0278  0.0281  0.0276  0.0277  0.0275  0.0275
niter,ni,del,rscale     1    3    5.0000    0.4000
parameters
   -2.3799    9.5189    9.2155   -8.3109  -15.0640  -10.5607
   -7.9291   -3.5504    7.8588    3.5085    2.2463   -2.3811
eta,q 0.97267  7.74801
  0.0277  0.0275  0.0275  0.0276  0.0275  0.0277  0.0276  0.0278  0.0275  0.0276  0.0274  0.0274
  0.0275  0.0274  0.0274  0.0274  0.0274  0.0275  0.0275  0.0275  0.0274  0.0274  0.0274  0.0274
  0.0274  0.0274  0.0273  0.0274  0.0274  0.0274  0.0274  0.0274  0.0274  0.0273  0.0273  0.0273
  0.0273  0.0273  0.0273  0.0273  0.0273  0.0273  0.0273  0.0273  0.0273  0.0273  0.0273  0.0273
  0.0274  0.0274  0.0273  0.0274  0.0273  0.0274  0.0274  0.0274  0.0273  0.0274  0.0273  0.0273
  0.0275  0.0274  0.0274  0.0275  0.0274  0.0275  0.0275  0.0275  0.0274  0.0275  0.0274  0.0274
  0.0276  0.0276  0.0275  0.0276  0.0275  0.0277  0.0276  0.0278  0.0275  0.0276  0.0274  0.0274
registration optimization eta report
parameter search radius
    0.8000    0.8000    0.8000    2.4000    2.4000    2.4000
    2.4000    2.4000    2.4000    2.4000    2.4000    2.4000
100000*second partial in parameter space
       50.       35.       25.        4.        3.        6.
        5.        8.        3.        4.        2.        2.
  0.0277  0.0275  0.0275  0.0276  0.0275  0.0277  0.0276  0.0278  0.0275  0.0276  0.0274  0.0274
  0.0275  0.0274  0.0274  0.0274  0.0274  0.0275  0.0275  0.0275  0.0274  0.0274  0.0274  0.0274
  0.0274  0.0274  0.0273  0.0274  0.0274  0.0274  0.0274  0.0274  0.0274  0.0273  0.0273  0.0273
  0.0273  0.0273  0.0273  0.0273  0.0273  0.0273  0.0273  0.0273  0.0273  0.0273  0.0273  0.0273
  0.0274  0.0274  0.0273  0.0274  0.0273  0.0274  0.0274  0.0274  0.0273  0.0274  0.0273  0.0273
  0.0275  0.0274  0.0274  0.0275  0.0274  0.0275  0.0275  0.0275  0.0274  0.0275  0.0274  0.0274
  0.0276  0.0276  0.0275  0.0276  0.0275  0.0277  0.0276  0.0278  0.0275  0.0276  0.0274  0.0274
   -2.3799    9.5189    9.2155   -8.3109  -15.0640  -10.5607
   -7.9291   -3.5504    7.8588    3.5085    2.2463   -2.3811
eta,q 0.97267  7.74801

---------------------------------------------------------------------
compute_vox2vox talsrcimg talsrcimg_to_711-2C_as_mni_average_305_t4 /opt/freesurfer/average/711-2C_as_mni_average_305
---------------------------------------------------------------------

freesurfer compute_vox2vox.c
Reading: talsrcimg.4dfp.ifh
Reading: talsrcimg_to_711-2C_as_mni_average_305_t4
Reading: /opt/freesurfer/average/711-2C_as_mni_average_305.4dfp.ifh
Writing: talsrcimg_to_711-2C_as_mni_average_305_t4_vox2vox.txt

start time Mon Mar 9 01:09:18 CET 2026
end		time Mon Mar 9 01:09:32 CET 2026

mpr2mni305 success

avi2talxfm orig_nu.mgz /opt/freesurfer/average/mni305.cor.mgz talsrcimg_to_711-2C_as_mni_average_305_t4_vox2vox.txt transforms/talairach.auto.xfm
avi2talxfm done
mv -f /out/sourcedata/freesurfer/sub-v1s17x0050238_ses-1/mri/talsrcimg_to_711-2C_as_mni_average_305_t4_vox2vox.txt /out/sourcedata/freesurfer/sub-v1s17x0050238_ses-1/mri/transforms/talsrcimg_to_711-2C_as_mni_average_305_t4_vox2vox.txt
lta_convert --src orig_nu.mgz --trg /opt/freesurfer/average/mni305.cor.mgz --inxfm transforms/talairach.auto.xfm --outlta transforms/talairach.auto.xfm.lta --subject fsaverage
7.3.2

--src: orig_nu.mgz src image (geometry).
--trg: /opt/freesurfer/average/mni305.cor.mgz trg image (geometry).
--inmni: transforms/talairach.auto.xfm input MNI/XFM transform.
--outlta: transforms/talairach.auto.xfm.lta output LTA.
--s: fsaverage subject name
 LTA read, type : 1
 1.08095   0.03891   0.10200  -0.10599;
-0.02978   1.11578   0.02850  -1.86499;
-0.09879  -0.04969   1.16674  -4.20477;
 0.00000   0.00000   0.00000   1.00000;
setting subject to fsaverage
Writing  LTA to file transforms/talairach.auto.xfm.lta...
lta_convert successful.
 
 
Started at Mon Mar 9 01:09:18 CET 2026
Ended   at Mon Mar  9 01:09:33 CET 2026
talairach_avi done
