status file for recon-all
Mon Mar  9 03:52:46 CET 2026
#@# Tessellate lh Mon Mar  9 03:52:46 CET 2026
#@# Smooth1 lh Mon Mar  9 03:52:50 CET 2026
#@# Inflation1 lh Mon Mar  9 03:52:52 CET 2026
#@# QSphere lh Mon Mar  9 03:53:04 CET 2026
#@# Fix Topology lh Mon Mar  9 03:54:08 CET 2026
#@# Smooth2 lh Mon Mar  9 03:59:50 CET 2026
#@# Inflation2 lh Mon Mar  9 03:59:53 CET 2026
#@# Curv .H and .K lh Mon Mar  9 04:00:06 CET 2026
#@# Sphere lh Mon Mar  9 04:00:51 CET 2026
#@# Surf Reg lh Mon Mar  9 04:04:00 CET 2026
#@# Jacobian white lh Mon Mar  9 04:07:59 CET 2026
#@# AvgCurv lh Mon Mar  9 04:08:00 CET 2026
#@# Cortical Parc lh Mon Mar  9 04:08:01 CET 2026
#@# white curv lh Mon Mar  9 04:13:44 CET 2026
#@# white area lh Mon Mar  9 04:13:45 CET 2026
#@# pial curv lh Mon Mar  9 04:13:46 CET 2026
#@# pial area lh Mon Mar  9 04:13:48 CET 2026
#@# thickness lh Mon Mar  9 04:13:48 CET 2026
#@# area and vertex vol lh Mon Mar  9 04:14:17 CET 2026
#@# Curvature Stats lh Mon Mar  9 04:14:18 CET 2026
#@# Cortical Parc 2 lh Mon Mar  9 04:14:20 CET 2026
#@# Cortical Parc 3 lh Mon Mar  9 04:14:33 CET 2026
#@# WM/GM Contrast lh Mon Mar  9 04:14:43 CET 2026
recon-all -s sub-v1s17x0050254_ses-1 finished without error at Mon Mar  9 04:14:46 CET 2026



#New# invocation of recon-all 



status file for recon-all
Mon Mar  9 04:43:06 CET 2026
#@# white curv lh Mon Mar  9 04:43:06 CET 2026
#@# white area lh Mon Mar  9 04:43:06 CET 2026
#@# pial curv lh Mon Mar  9 04:43:07 CET 2026
#@# pial area lh Mon Mar  9 04:43:07 CET 2026
#@# thickness lh Mon Mar  9 04:43:07 CET 2026
#@# area and vertex vol lh Mon Mar  9 04:43:07 CET 2026
#@# Parcellation Stats lh Mon Mar  9 04:43:07 CET 2026
#@# Parcellation Stats 2 lh Mon Mar  9 04:43:24 CET 2026
#@# Parcellation Stats 3 lh Mon Mar  9 04:43:33 CET 2026
#@# BA_exvivo Labels lh Mon Mar  9 04:43:41 CET 2026
recon-all -s sub-v1s17x0050254_ses-1 finished without error at Mon Mar  9 04:46:06 CET 2026
