status file for recon-all
Mon Mar  9 02:06:46 CET 2026
#@# MotionCor Mon Mar  9 02:06:48 CET 2026
#@# Talairach Mon Mar  9 02:06:55 CET 2026
#@# Talairach Failure Detection Mon Mar  9 02:11:20 CET 2026
#@# Nu Intensity Correction Mon Mar  9 02:11:20 CET 2026
#@# Intensity Normalization Mon Mar  9 02:14:36 CET 2026
recon-all -s sub-v1s17x0050254_ses-1 finished without error at Mon Mar  9 02:16:02 CET 2026



#New# invocation of recon-all 



status file for recon-all
Mon Mar  9 02:23:44 CET 2026
#@# EM Registration Mon Mar  9 02:23:44 CET 2026
recon-all -s sub-v1s17x0050254_ses-1 finished without error at Mon Mar  9 02:26:09 CET 2026



#New# invocation of recon-all 



status file for recon-all
Mon Mar  9 02:26:12 CET 2026
#@# CA Normalize Mon Mar  9 02:26:12 CET 2026
#@# CA Reg Mon Mar  9 02:27:33 CET 2026
#@# SubCort Seg Mon Mar  9 03:17:47 CET 2026
#@# CC Seg Mon Mar  9 03:46:34 CET 2026
#@# Merge ASeg Mon Mar  9 03:47:29 CET 2026
#@# Intensity Normalization2 Mon Mar  9 03:47:29 CET 2026
#@# Mask BFS Mon Mar  9 03:49:41 CET 2026
#@# WM Segmentation Mon Mar  9 03:49:41 CET 2026
#@# Fill Mon Mar  9 03:51:40 CET 2026
recon-all -s sub-v1s17x0050254_ses-1 finished without error at Mon Mar  9 03:52:41 CET 2026



#New# invocation of recon-all 



status file for recon-all
Mon Mar  9 04:38:28 CET 2026
#@# white curv lh Mon Mar  9 04:38:28 CET 2026
#@# white area lh Mon Mar  9 04:38:28 CET 2026
#@# pial curv lh Mon Mar  9 04:38:28 CET 2026
#@# pial area lh Mon Mar  9 04:38:28 CET 2026
#@# thickness lh Mon Mar  9 04:38:28 CET 2026
#@# area and vertex vol lh Mon Mar  9 04:38:28 CET 2026
#@# white curv rh Mon Mar  9 04:38:28 CET 2026
#@# white area rh Mon Mar  9 04:38:28 CET 2026
#@# pial curv rh Mon Mar  9 04:38:28 CET 2026
#@# pial area rh Mon Mar  9 04:38:28 CET 2026
#@# thickness rh Mon Mar  9 04:38:28 CET 2026
#@# area and vertex vol rh Mon Mar  9 04:38:28 CET 2026
#@# Cortical ribbon mask Mon Mar  9 04:38:28 CET 2026
recon-all -s sub-v1s17x0050254_ses-1 finished without error at Mon Mar  9 04:43:02 CET 2026



#New# invocation of recon-all 



status file for recon-all
Mon Mar  9 04:49:16 CET 2026
#@# white curv lh Mon Mar  9 04:49:16 CET 2026
#@# white area lh Mon Mar  9 04:49:16 CET 2026
#@# pial curv lh Mon Mar  9 04:49:16 CET 2026
#@# pial area lh Mon Mar  9 04:49:16 CET 2026
#@# thickness lh Mon Mar  9 04:49:16 CET 2026
#@# area and vertex vol lh Mon Mar  9 04:49:16 CET 2026
#@# white curv rh Mon Mar  9 04:49:16 CET 2026
#@# white area rh Mon Mar  9 04:49:16 CET 2026
#@# pial curv rh Mon Mar  9 04:49:16 CET 2026
#@# pial area rh Mon Mar  9 04:49:16 CET 2026
#@# thickness rh Mon Mar  9 04:49:16 CET 2026
#@# area and vertex vol rh Mon Mar  9 04:49:16 CET 2026
#@# Curvature Stats lh Mon Mar  9 04:49:16 CET 2026
#@# Curvature Stats rh Mon Mar  9 04:49:19 CET 2026
#@# Relabel Hypointensities Mon Mar  9 04:49:21 CET 2026
#@# APas-to-ASeg Mon Mar  9 04:49:36 CET 2026
#@# AParc-to-ASeg aparc Mon Mar  9 04:49:43 CET 2026
#@# AParc-to-ASeg aparc.a2009s Mon Mar  9 04:50:24 CET 2026
#@# AParc-to-ASeg aparc.DKTatlas Mon Mar  9 04:51:04 CET 2026
#@# WMParc Mon Mar  9 04:51:44 CET 2026
#@# ASeg Stats Mon Mar  9 04:55:50 CET 2026
recon-all -s sub-v1s17x0050254_ses-1 finished without error at Mon Mar  9 04:56:31 CET 2026
