/out/sourcedata/freesurfer/sub-v1s17x0050232_ses-1/mri
/opt/freesurfer/bin/talairach_avi
--i orig_nu.mgz --xfm transforms/talairach.auto.xfm
talairach_avi 7.3.2
Linux dna020 5.14.0-427.37.1.el9_4.x86_64 #1 SMP PREEMPT_DYNAMIC Fri Sep 13 12:41:50 EDT 2024 x86_64 x86_64 x86_64 GNU/Linux
Mon Mar  9 00:55:14 CET 2026
mri_convert orig_nu.mgz talsrcimg.img 
reading from orig_nu.mgz...
TR=0.00, TE=0.00, TI=0.00, flip angle=0.00
i_ras = (-1, 2.11912e-10, 0)
j_ras = (0, 2.32831e-10, -1)
k_ras = (2.53976e-10, 1, -2.32831e-10)
writing to talsrcimg.img...
Analyze Output Matrix
-1.00000   0.00000   0.00000   130.01585;
 0.00000   0.00000   1.00000  -129.54550;
 0.00000  -1.00000  -0.00000   112.40232;
 0.00000   0.00000   0.00000   1.00000;
--------------------
INFO: set hdr.hist.orient to -1
mpr2mni305 talsrcimg
Mon Mar  9 00:55:14 CET 2026
/opt/freesurfer/bin/mpr2mni305 talsrcimg
mpr2mni305 7.3.2
target=711-2C_as_mni_average_305

---------------------------------------------------------------------
analyzeto4dfp talsrcimg -O0 -y
---------------------------------------------------------------------

freesurfer ifh2hdr.c
Mon Mar  9 00:55:14 2026
Writing: talsrcimg.4dfp.hdr
freesurfer analyzeto4dfp.c
Reading: talsrcimg.hdr
header size 348 bytes
hdr.dime.datatype	offset=70	value=2
hdr.dime.bitpix		offset=72	value=8
hdr.hist.orient		offset=252	value=-1
dimensionality     4
dimensions       256       256       256         1
Reading: talsrcimg.img
Writing: talsrcimg.4dfp.img
Writing: talsrcimg.4dfp.ifh
ifh2hdr talsrcimg -r0to255
ori=2

---------------------------------------------------------------------
gauss_4dfp talsrcimg 1.1
---------------------------------------------------------------------

freesurfer gauss_4dfp.c
Reading: talsrcimg.4dfp.img
Writing: talsrcimg_g11.4dfp.img
image dimensions 256 256 256 padded to 288 288 288
processing volume 1freesurfer ifh2hdr.c
Mon Mar  9 00:55:16 2026
Writing: talsrcimg_g11.4dfp.hdr

Writing: talsrcimg_g11.4dfp.ifh
including: talsrcimg.4dfp.img.rec in talsrcimg_g11.4dfp.img.rec

---------------------------------------------------------------------
imgreg_4dfp /opt/freesurfer/average/711-2C_as_mni_average_305 none talsrcimg_g11 none talsrcimg_to_711-2C_as_mni_average_305_t4 4355
---------------------------------------------------------------------

freesurfer imgreg_4dfp.c
/opt/freesurfer/average/711-2C_as_mni_average_305.4dfp.img
       256       256       256         1
  1.000000  1.000000  1.000000
orientation T byte_order littleendian
Reading image: /opt/freesurfer/average/711-2C_as_mni_average_305.4dfp.img
dimensions:      256       256       256
mmppix:       1.0000   -1.0000   -1.0000
center:     128.0000 -129.0000 -129.0000
talsrcimg_g11.4dfp.img
       256       256       256         1
  1.000000  1.000000  1.000000
orientation T byte_order littleendian
Reading image: talsrcimg_g11.4dfp.img
dimensions:      256       256       256
mmppix:       1.0000   -1.0000   -1.0000
center:     128.0000 -129.0000 -129.0000
t4_read: open error in t4_sub.f l:  41 t4_file(1:l)talsrcimg_to_711-2C_as_mni_average_305_t4 
t4_read: transform initialized to I4
rotation matrix determinant  1.000000
image alignment mode   4355 decimal     1103 hex
   -7.5000  -45.0000  -45.0000 7299.7837   10.6902
    0.0000  -45.0000  -45.0000 7615.0156   10.7155
    7.5000  -45.0000  -45.0000 7287.4565   10.7119
   -7.5000  -37.5000  -45.0000 7935.2256   10.5029
    0.0000  -37.5000  -45.0000 8280.9434   10.5304
    7.5000  -37.5000  -45.0000 7906.9102   10.5270
   -7.5000  -30.0000  -45.0000 8923.0742   10.3675
    0.0000  -30.0000  -45.0000 9312.7344   10.3975
    7.5000  -30.0000  -45.0000 8882.1279   10.3959
   -7.5000  -22.5000  -45.0000 9969.6592   10.3142
    0.0000  -22.5000  -45.000010412.6143   10.3421
    7.5000  -22.5000  -45.0000 9934.9355   10.3413
   -7.5000  -15.0000  -45.000010989.0176   10.3169
    0.0000  -15.0000  -45.000011488.5498   10.3406
    7.5000  -15.0000  -45.000010964.1279   10.3390
   -7.5000   -7.5000  -45.000011895.1396   10.3297
    0.0000   -7.5000  -45.000012431.9287   10.3508
    7.5000   -7.5000  -45.000011838.4990   10.3474
   -7.5000    0.0000  -45.000012684.4941   10.3383
    0.0000    0.0000  -45.000013233.1201   10.3611
    7.5000    0.0000  -45.000012614.0898   10.3574
   -7.5000    7.5000  -45.000012515.6992   10.3339
    0.0000    7.5000  -45.000013051.3438   10.3612
    7.5000    7.5000  -45.000012451.1025   10.3586
   -7.5000   15.0000  -45.000012320.2939   10.3224
    0.0000   15.0000  -45.000012836.9561   10.3522
    7.5000   15.0000  -45.000012233.7832   10.3507
   -7.5000   22.5000  -45.000011951.8428   10.3125
    0.0000   22.5000  -45.000012455.9961   10.3404
    7.5000   22.5000  -45.000011861.5898   10.3396
   -7.5000   30.0000  -45.000011459.0068   10.1794
    0.0000   30.0000  -45.000011951.3545   10.2028
    7.5000   30.0000  -45.000011372.5537   10.2013
   -7.5000   37.5000  -45.000011318.0850   10.1921
    0.0000   37.5000  -45.000011799.5166   10.2128
    7.5000   37.5000  -45.000011224.4805   10.2096
   -7.5000   45.0000  -45.000010522.3613    9.9415
    0.0000   45.0000  -45.000010987.8750    9.9634
    7.5000   45.0000  -45.000010449.2754    9.9599
   -7.5000  -45.0000  -37.5000 7638.2075   10.6531
    0.0000  -45.0000  -37.5000 7994.9873   10.6749
    7.5000  -45.0000  -37.5000 7642.0933   10.6677
   -7.5000  -37.5000  -37.5000 8333.0840   10.4645
    0.0000  -37.5000  -37.5000 8707.9365   10.4888
    7.5000  -37.5000  -37.5000 8312.0801   10.4821
   -7.5000  -30.0000  -37.5000 9382.5830   10.3295
    0.0000  -30.0000  -37.5000 9806.9375   10.3568
    7.5000  -30.0000  -37.5000 9355.4639   10.3525
   -7.5000  -22.5000  -37.500010490.4854   10.2773
    0.0000  -22.5000  -37.500010955.9658   10.3031
    7.5000  -22.5000  -37.500010461.6904   10.2996
   -7.5000  -15.0000  -37.500011542.5312   10.2811
    0.0000  -15.0000  -37.500012072.3994   10.3029
    7.5000  -15.0000  -37.500011531.1650   10.2982
   -7.5000   -7.5000  -37.500012522.4775   10.2947
    0.0000   -7.5000  -37.500013069.6191   10.3134
    7.5000   -7.5000  -37.500012470.9258   10.3067
   -7.5000    0.0000  -37.500013328.5479   10.3028
    0.0000    0.0000  -37.500013911.2793   10.3225
    7.5000    0.0000  -37.500013273.2441   10.3153
   -7.5000    7.5000  -37.500013158.1680   10.2970
    0.0000    7.5000  -37.500013725.2832   10.3211
    7.5000    7.5000  -37.500013100.4199   10.3152
   -7.5000   15.0000  -37.500012951.9971   10.2847
    0.0000   15.0000  -37.500013506.1572   10.3118
    7.5000   15.0000  -37.500012877.1504   10.3076
   -7.5000   22.5000  -37.500012539.1133   10.2756
    0.0000   22.5000  -37.500013092.5430   10.3014
    7.5000   22.5000  -37.500012485.6006   10.2979
   -7.5000   30.0000  -37.500012002.1279   10.1441
    0.0000   30.0000  -37.500012521.2002   10.1656
    7.5000   30.0000  -37.500011944.9678   10.1610
   -7.5000   37.5000  -37.500011831.1699   10.1575
    0.0000   37.5000  -37.500012333.7734   10.1760
    7.5000   37.5000  -37.500011778.6807   10.1693
   -7.5000   45.0000  -37.500011013.3779    9.9074
    0.0000   45.0000  -37.500011489.1289    9.9263
    7.5000   45.0000  -37.500010958.8428    9.9194
   -7.5000  -45.0000  -30.0000 8131.4937   11.1150
    0.0000  -45.0000  -30.0000 8505.3066   11.1330
    7.5000  -45.0000  -30.0000 8144.5527   11.1196
   -7.5000  -37.5000  -30.0000 8884.7627   10.9155
    0.0000  -37.5000  -30.0000 9292.1318   10.9374
    7.5000  -37.5000  -30.0000 8878.9248   10.9259
   -7.5000  -30.0000  -30.0000 9998.3350   10.7752
    0.0000  -30.0000  -30.000010468.1807   10.8005
    7.5000  -30.0000  -30.0000 9990.9551   10.7917
   -7.5000  -22.5000  -30.000011155.6191   10.7238
    0.0000  -22.5000  -30.000011657.8467   10.7465
    7.5000  -22.5000  -30.000011145.6963   10.7375
   -7.5000  -15.0000  -30.000012276.6270   10.7291
    0.0000  -15.0000  -30.000012832.5947   10.7469
    7.5000  -15.0000  -30.000012258.4785   10.7356
   -7.5000   -7.5000  -30.000013337.5928   10.7420
    0.0000   -7.5000  -30.000013916.3770   10.7566
    7.5000   -7.5000  -30.000013292.2529   10.7433
   -7.5000    0.0000  -30.000014224.8369   10.7487
    0.0000    0.0000  -30.000014852.1533   10.7648
    7.5000    0.0000  -30.000014185.6113   10.7518
   -7.5000    7.5000  -30.000014050.2764   10.7409
    0.0000    7.5000  -30.000014668.1748   10.7626
    7.5000    7.5000  -30.000013996.6699   10.7519
   -7.5000   15.0000  -30.000013836.7461   10.7286
    0.0000   15.0000  -30.000014411.7666   10.7537
    7.5000   15.0000  -30.000013757.1348   10.7450
   -7.5000   22.5000  -30.000013378.3945   10.7209
    0.0000   22.5000  -30.000013957.4775   10.7437
    7.5000   22.5000  -30.000013330.4316   10.7347
   -7.5000   30.0000  -30.000012752.7090   10.5871
    0.0000   30.0000  -30.000013308.8633   10.6047
    7.5000   30.0000  -30.000012717.2412   10.5935
   -7.5000   37.5000  -30.000012520.6543   10.5999
    0.0000   37.5000  -30.000013058.5791   10.6142
    7.5000   37.5000  -30.000012494.2139   10.6012
   -7.5000   45.0000  -30.000011655.0283   10.3437
    0.0000   45.0000  -30.000012135.8496   10.3593
    7.5000   45.0000  -30.000011631.4277   10.3468
   -7.5000  -45.0000  -22.5000 8604.8691   11.5082
    0.0000  -45.0000  -22.5000 8992.1689   11.5254
    7.5000  -45.0000  -22.5000 8614.8145   11.5094
   -7.5000  -37.5000  -22.5000 9408.2959   11.3023
    0.0000  -37.5000  -22.5000 9835.3301   11.3249
    7.5000  -37.5000  -22.5000 9411.3643   11.3114
   -7.5000  -30.0000  -22.500010592.6094   11.1586
    0.0000  -30.0000  -22.500011066.4639   11.1840
    7.5000  -30.0000  -22.500010594.0752   11.1729
   -7.5000  -22.5000  -22.500011800.5293   11.1069
    0.0000  -22.5000  -22.500012312.6025   11.1279
    7.5000  -22.5000  -22.500011787.9238   11.1158
   -7.5000  -15.0000  -22.500012984.4160   11.1116
    0.0000  -15.0000  -22.500013550.8232   11.1265
    7.5000  -15.0000  -22.500012952.6113   11.1114
   -7.5000   -7.5000  -22.500014116.4082   11.1229
    0.0000   -7.5000  -22.500014747.6934   11.1350
    7.5000   -7.5000  -22.500014100.5127   11.1184
   -7.5000    0.0000  -22.500015107.0898   11.1289
    0.0000    0.0000  -22.500015776.4736   11.1443
    7.5000    0.0000  -22.500015095.0752   11.1290
   -7.5000    7.5000  -22.500014974.5400   11.1214
    0.0000    7.5000  -22.500015607.7256   11.1437
    7.5000    7.5000  -22.500014938.1484   11.1312
   -7.5000   15.0000  -22.500014699.2842   11.1104
    0.0000   15.0000  -22.500015299.3486   11.1355
    7.5000   15.0000  -22.500014636.6650   11.1246
   -7.5000   22.5000  -22.500014200.8975   11.1032
    0.0000   22.5000  -22.500014795.6572   11.1242
    7.5000   22.5000  -22.500014143.6201   11.1121
   -7.5000   30.0000  -22.500013514.1016   10.9663
    0.0000   30.0000  -22.500014098.1875   10.9809
    7.5000   30.0000  -22.500013486.2734   10.9661
   -7.5000   37.5000  -22.500013223.7617   10.9774
    0.0000   37.5000  -22.500013793.7676   10.9893
    7.5000   37.5000  -22.500013215.0234   10.9730
   -7.5000   45.0000  -22.500012328.1299   10.7177
    0.0000   45.0000  -22.500012837.5938   10.7325
    7.5000   45.0000  -22.500012311.6543   10.7178
   -7.5000  -45.0000  -15.0000 9064.5186   11.7812
    0.0000  -45.0000  -15.0000 9451.1104   11.8017
    7.5000  -45.0000  -15.0000 9059.8262   11.7881
   -7.5000  -37.5000  -15.0000 9909.9932   11.5734
    0.0000  -37.5000  -15.000010335.2744   11.5996
    7.5000  -37.5000  -15.0000 9899.8516   11.5882
   -7.5000  -30.0000  -15.000011147.3545   11.4271
    0.0000  -30.0000  -15.000011613.1357   11.4553
    7.5000  -30.0000  -15.000011131.3945   11.4459
   -7.5000  -22.5000  -15.000012404.1455   11.3730
    0.0000  -22.5000  -15.000012920.9287   11.3958
    7.5000  -22.5000  -15.000012386.1172   11.3854
   -7.5000  -15.0000  -15.000013637.0977   11.3760
    0.0000  -15.0000  -15.000014216.4707   11.3921
    7.5000  -15.0000  -15.000013599.1094   11.3791
   -7.5000   -7.5000  -15.000014882.4053   11.3868
    0.0000   -7.5000  -15.000015521.6836   11.4007
    7.5000   -7.5000  -15.000014854.3418   11.3863
   -7.5000    0.0000  -15.000016014.7051   11.3938
    0.0000    0.0000  -15.000016719.3730   11.4122
    7.5000    0.0000  -15.000015992.2324   11.3993
   -7.5000    7.5000  -15.000015971.0635   11.3880
    0.0000    7.5000  -15.000016645.8047   11.4138
    7.5000    7.5000  -15.000015896.7051   11.4035
   -7.5000   15.0000  -15.000015670.6553   11.3777
    0.0000   15.0000  -15.000016316.5479   11.4057
    7.5000   15.0000  -15.000015589.2871   11.3965
   -7.5000   22.5000  -15.000015095.5186   11.3687
    0.0000   22.5000  -15.000015709.4395   11.3915
    7.5000   22.5000  -15.000014998.1396   11.3811
   -7.5000   30.0000  -15.000014315.3037   11.2288
    0.0000   30.0000  -15.000014929.9365   11.2447
    7.5000   30.0000  -15.000014232.8672   11.2318
   -7.5000   37.5000  -15.000014000.7744   11.2394
    0.0000   37.5000  -15.000014608.3506   11.2532
    7.5000   37.5000  -15.000013910.5771   11.2390
   -7.5000   45.0000  -15.000013066.9775   10.9794
    0.0000   45.0000  -15.000013598.2725   10.9972
    7.5000   45.0000  -15.000012975.2803   10.9848
   -7.5000  -45.0000   -7.5000 9483.1396   11.9021
    0.0000  -45.0000   -7.5000 9896.8945   11.9279
    7.5000  -45.0000   -7.5000 9481.1221   11.9204
   -7.5000  -37.5000   -7.500010415.4746   11.6947
    0.0000  -37.5000   -7.500010871.0557   11.7247
    7.5000  -37.5000   -7.500010393.4209   11.7183
   -7.5000  -30.0000   -7.500011741.5459   11.5460
    0.0000  -30.0000   -7.500012243.3262   11.5780
    7.5000  -30.0000   -7.500011704.3887   11.5735
   -7.5000  -22.5000   -7.500013067.0283   11.4883
    0.0000  -22.5000   -7.500013638.0703   11.5161
    7.5000  -22.5000   -7.500013039.4287   11.5116
   -7.5000  -15.0000   -7.500014360.5938   11.4904
    0.0000  -15.0000   -7.500014993.7822   11.5123
    7.5000  -15.0000   -7.500014324.1084   11.5061
   -7.5000   -7.5000   -7.500015661.7344   11.5027
    0.0000   -7.5000   -7.500016360.8574   11.5224
    7.5000   -7.5000   -7.500015613.1289   11.5145
   -7.5000    0.0000   -7.500016956.5234   11.5116
    0.0000    0.0000   -7.500017758.4570   11.5350
    7.5000    0.0000   -7.500016850.5605   11.5278
   -7.5000    7.5000   -7.500017092.1699   11.5072
    0.0000    7.5000   -7.500017968.4551   11.5368
    7.5000    7.5000   -7.500016875.1621   11.5315
   -7.5000   15.0000   -7.500016844.6895   11.4960
    0.0000   15.0000   -7.500017710.7910   11.5277
    7.5000   15.0000   -7.500016586.1445   11.5234
   -7.5000   22.5000   -7.500016143.8047   11.4827
    0.0000   22.5000   -7.500016909.0000   11.5105
    7.5000   22.5000   -7.500015911.6846   11.5060
   -7.5000   30.0000   -7.500015166.2598   11.3414
    0.0000   30.0000   -7.500015870.6064   11.3630
    7.5000   30.0000   -7.500014994.0918   11.3569
   -7.5000   37.5000   -7.500014776.3623   11.3536
    0.0000   37.5000   -7.500015437.0977   11.3730
    7.5000   37.5000   -7.500014596.9629   11.3652
   -7.5000   45.0000   -7.500013761.0371   11.0951
    0.0000   45.0000   -7.500014343.5771   11.1175
    7.5000   45.0000   -7.500013598.9756   11.1106
   -7.5000  -45.0000    0.0000 9876.5674   11.9139
    0.0000  -45.0000    0.000010319.0840   11.9419
    7.5000  -45.0000    0.0000 9864.2139   11.9379
   -7.5000  -37.5000    0.000010858.5029   11.7063
    0.0000  -37.5000    0.000011352.6357   11.7369
    7.5000  -37.5000    0.000010811.6514   11.7330
   -7.5000  -30.0000    0.000012240.1025   11.5560
    0.0000  -30.0000    0.000012806.0234   11.5892
    7.5000  -30.0000    0.000012186.3115   11.5875
   -7.5000  -22.5000    0.000013660.0508   11.4962
    0.0000  -22.5000    0.000014306.0674   11.5272
    7.5000  -22.5000    0.000013580.1895   11.5264
   -7.5000  -15.0000    0.000015020.2920   11.4988
    0.0000  -15.0000    0.000015761.2246   11.5251
    7.5000  -15.0000    0.000014914.2500   11.5233
   -7.5000   -7.5000    0.000016330.5723   11.5132
    0.0000   -7.5000    0.000017104.6426   11.5366
    7.5000   -7.5000    0.000016235.0537   11.5328
   -7.5000    0.0000    0.000017652.6699   11.5232
    0.0000    0.0000    0.000018530.3105   11.5485
    7.5000    0.0000    0.000017494.6172   11.5444
   -7.5000    7.5000    0.000017850.8125   11.5187
    0.0000    7.5000    0.000018942.8555   11.5490
    7.5000    7.5000    0.000017527.4570   11.5461
   -7.5000   15.0000    0.000017643.0918   11.5058
    0.0000   15.0000    0.000018811.3789   11.5389
    7.5000   15.0000    0.000017273.1777   11.5373
   -7.5000   22.5000    0.000016928.8535   11.4906
    0.0000   22.5000    0.000017947.9277   11.5216
    7.5000   22.5000    0.000016624.6816   11.5207
   -7.5000   30.0000    0.000015921.9297   11.3500
    0.0000   30.0000    0.000016794.5020   11.3760
    7.5000   30.0000    0.000015695.5059   11.3742
   -7.5000   37.5000    0.000015402.7051   11.3642
    0.0000   37.5000    0.000016174.5752   11.3873
    7.5000   37.5000    0.000015230.5088   11.3836
   -7.5000   45.0000    0.000014266.0635   11.1070
    0.0000   45.0000    0.000014924.6982   11.1314
    7.5000   45.0000    0.000014127.0410   11.1275
   -7.5000  -45.0000    7.5000 9472.1787   11.9200
    0.0000  -45.0000    7.5000 9927.6699   11.9445
    7.5000  -45.0000    7.5000 9409.2695   11.9364
   -7.5000  -37.5000    7.500010423.5840   11.7091
    0.0000  -37.5000    7.500010925.9678   11.7362
    7.5000  -37.5000    7.500010351.7510   11.7288
   -7.5000  -30.0000    7.500011773.3906   11.5580
    0.0000  -30.0000    7.500012352.3848   11.5886
    7.5000  -30.0000    7.500011706.1992   11.5838
   -7.5000  -22.5000    7.500013132.2617   11.4996
    0.0000  -22.5000    7.500013766.2637   11.5284
    7.5000  -22.5000    7.500013040.9580   11.5245
   -7.5000  -15.0000    7.500014421.5811   11.5039
    0.0000  -15.0000    7.500015111.1836   11.5283
    7.5000  -15.0000    7.500014321.4473   11.5230
   -7.5000   -7.5000    7.500015649.2090   11.5190
    0.0000   -7.5000    7.500016331.4131   11.5400
    7.5000   -7.5000    7.500015560.5205   11.5325
   -7.5000    0.0000    7.500016903.0098   11.5282
    0.0000    0.0000    7.500017754.7129   11.5502
    7.5000    0.0000    7.500016786.4219   11.5422
   -7.5000    7.5000    7.500016995.0566   11.5217
    0.0000    7.5000    7.500017974.4453   11.5486
    7.5000    7.5000    7.500016790.5117   11.5421
   -7.5000   15.0000    7.500016692.4375   11.5079
    0.0000   15.0000    7.500017649.5723   11.5382
    7.5000   15.0000    7.500016488.9922   11.5335
   -7.5000   22.5000    7.500016085.6992   11.4940
    0.0000   22.5000    7.500016989.4629   11.5228
    7.5000   22.5000    7.500015924.2695   11.5189
   -7.5000   30.0000    7.500015265.4199   11.3550
    0.0000   30.0000    7.500016098.7070   11.3791
    7.5000   30.0000    7.500015141.7480   11.3739
   -7.5000   37.5000    7.500014784.5664   11.3700
    0.0000   37.5000    7.500015563.6260   11.3906
    7.5000   37.5000    7.500014707.8408   11.3832
   -7.5000   45.0000    7.500013674.0996   11.1118
    0.0000   45.0000    7.500014336.8701   11.1330
    7.5000   45.0000    7.500013587.8037   11.1253
   -7.5000  -45.0000   15.0000 8901.8008   11.9648
    0.0000  -45.0000   15.0000 9328.3447   11.9841
    7.5000  -45.0000   15.0000 8859.6348   11.9697
   -7.5000  -37.5000   15.0000 9824.2754   11.7496
    0.0000  -37.5000   15.000010286.1602   11.7732
    7.5000  -37.5000   15.0000 9774.3711   11.7607
   -7.5000  -30.0000   15.000011092.3018   11.5982
    0.0000  -30.0000   15.000011616.9062   11.6255
    7.5000  -30.0000   15.000011046.7480   11.6160
   -7.5000  -22.5000   15.000012345.3740   11.5426
    0.0000  -22.5000   15.000012921.5098   11.5672
    7.5000  -22.5000   15.000012291.9590   11.5575
   -7.5000  -15.0000   15.000013547.4521   11.5483
    0.0000  -15.0000   15.000014151.3262   11.5675
    7.5000  -15.0000   15.000013493.4658   11.5554
   -7.5000   -7.5000   15.000014718.1689   11.5622
    0.0000   -7.5000   15.000015324.6953   11.5780
    7.5000   -7.5000   15.000014662.8965   11.5637
   -7.5000    0.0000   15.000015863.1787   11.5695
    0.0000    0.0000   15.000016626.5195   11.5869
    7.5000    0.0000   15.000015810.1592   11.5729
   -7.5000    7.5000   15.000015813.9287   11.5611
    0.0000    7.5000   15.000016599.2480   11.5846
    7.5000    7.5000   15.000015742.7959   11.5730
   -7.5000   15.0000   15.000015473.0820   11.5479
    0.0000   15.0000   15.000016194.2910   11.5750
    7.5000   15.0000   15.000015413.7451   11.5656
   -7.5000   22.5000   15.000015022.9561   11.5370
    0.0000   22.5000   15.000015686.0684   11.5616
    7.5000   22.5000   15.000014954.2490   11.5519
   -7.5000   30.0000   15.000014354.5293   11.3988
    0.0000   30.0000   15.000015020.8076   11.4178
    7.5000   30.0000   15.000014291.4111   11.4058
   -7.5000   37.5000   15.000013932.2461   11.4126
    0.0000   37.5000   15.000014584.5371   11.4281
    7.5000   37.5000   15.000013876.8242   11.4140
   -7.5000   45.0000   15.000012928.4160   11.1516
    0.0000   45.0000   15.000013506.4316   11.1684
    7.5000   45.0000   15.000012863.4512   11.1549
   -7.5000  -45.0000   22.5000 8272.2803   12.1040
    0.0000  -45.0000   22.5000 8651.5850   12.1218
    7.5000  -45.0000   22.5000 8252.0195   12.1046
   -7.5000  -37.5000   22.5000 9146.0518   11.8843
    0.0000  -37.5000   22.5000 9562.7490   11.9081
    7.5000  -37.5000   22.5000 9119.9854   11.8936
   -7.5000  -30.0000   22.500010325.9072   11.7315
    0.0000  -30.0000   22.500010806.2344   11.7582
    7.5000  -30.0000   22.500010302.7148   11.7463
   -7.5000  -22.5000   22.500011499.8486   11.6769
    0.0000  -22.5000   22.500012036.0771   11.6989
    7.5000  -22.5000   22.500011464.1787   11.6859
   -7.5000  -15.0000   22.500012614.4570   11.6822
    0.0000  -15.0000   22.500013162.0781   11.6975
    7.5000  -15.0000   22.500012568.2852   11.6814
   -7.5000   -7.5000   22.500013727.5547   11.6941
    0.0000   -7.5000   22.500014324.8564   11.7064
    7.5000   -7.5000   22.500013691.9053   11.6886
   -7.5000    0.0000   22.500014769.1230   11.7000
    0.0000    0.0000   22.500015491.4414   11.7159
    7.5000    0.0000   22.500014751.8457   11.6995
   -7.5000    7.5000   22.500014659.1758   11.6917
    0.0000    7.5000   22.500015339.7637   11.7151
    7.5000    7.5000   22.500014623.8223   11.7017
   -7.5000   15.0000   22.500014329.1211   11.6802
    0.0000   15.0000   22.500014954.0469   11.7067
    7.5000   15.0000   22.500014308.5264   11.6950
   -7.5000   22.5000   22.500013965.8154   11.6712
    0.0000   22.5000   22.500014565.1230   11.6932
    7.5000   22.5000   22.500013932.9053   11.6802
   -7.5000   30.0000   22.500013382.9023   11.5310
    0.0000   30.0000   22.500013964.9873   11.5462
    7.5000   30.0000   22.500013345.0205   11.5302
   -7.5000   37.5000   22.500013005.5742   11.5427
    0.0000   37.5000   22.500013553.9189   11.5549
    7.5000   37.5000   22.500012953.2285   11.5373
   -7.5000   45.0000   22.500012065.9189   11.2774
    0.0000   45.0000   22.500012563.9980   11.2928
    7.5000   45.0000   22.500012001.8916   11.2769
   -7.5000  -45.0000   30.0000 7669.6323   12.3586
    0.0000  -45.0000   30.0000 8024.1709   12.3803
    7.5000  -45.0000   30.0000 7659.6558   12.3653
   -7.5000  -37.5000   30.0000 8490.3594   12.1325
    0.0000  -37.5000   30.0000 8883.2686   12.1605
    7.5000  -37.5000   30.0000 8473.1113   12.1477
   -7.5000  -30.0000   30.0000 9587.0713   11.9766
    0.0000  -30.0000   30.000010022.7793   12.0070
    7.5000  -30.0000   30.0000 9558.1729   11.9965
   -7.5000  -22.5000   30.000010659.6006   11.9214
    0.0000  -22.5000   30.000011123.1602   11.9462
    7.5000  -22.5000   30.000010639.3477   11.9349
   -7.5000  -15.0000   30.000011714.4912   11.9259
    0.0000  -15.0000   30.000012202.2588   11.9434
    7.5000  -15.0000   30.000011674.4375   11.9294
   -7.5000   -7.5000   30.000012767.9980   11.9348
    0.0000   -7.5000   30.000013329.0645   11.9496
    7.5000   -7.5000   30.000012740.6855   11.9341
   -7.5000    0.0000   30.000013727.3350   11.9385
    0.0000    0.0000   30.000014372.8447   11.9579
    7.5000    0.0000   30.000013697.1729   11.9438
   -7.5000    7.5000   30.000013560.7656   11.9316
    0.0000    7.5000   30.000014179.5918   11.9592
    7.5000    7.5000   30.000013539.7266   11.9476
   -7.5000   15.0000   30.000013266.8301   11.9231
    0.0000   15.0000   30.000013855.0254   11.9533
    7.5000   15.0000   30.000013254.5928   11.9429
   -7.5000   22.5000   30.000012940.8564   11.9156
    0.0000   22.5000   30.000013515.1221   11.9404
    7.5000   22.5000   30.000012909.6621   11.9290
   -7.5000   30.0000   30.000012425.7363   11.7716
    0.0000   30.0000   30.000012960.3057   11.7888
    7.5000   30.0000   30.000012394.0811   11.7750
   -7.5000   37.5000   30.000012085.0723   11.7803
    0.0000   37.5000   30.000012581.3721   11.7949
    7.5000   37.5000   30.000012030.5039   11.7796
   -7.5000   45.0000   30.000011214.8242   11.5073
    0.0000   45.0000   30.000011649.3770   11.5261
    7.5000   45.0000   30.000011151.8467   11.5125
   -7.5000  -45.0000   37.5000 7389.3721   12.7011
    0.0000  -45.0000   37.5000 7729.1167   12.7300
    7.5000  -45.0000   37.5000 7381.6294   12.7232
   -7.5000  -37.5000   37.5000 8172.5415   12.4677
    0.0000  -37.5000   37.5000 8542.3662   12.5020
    7.5000  -37.5000   37.5000 8164.6748   12.4964
   -7.5000  -30.0000   37.5000 9224.9658   12.3039
    0.0000  -30.0000   37.5000 9630.5352   12.3411
    7.5000  -30.0000   37.5000 9211.9180   12.3375
   -7.5000  -22.5000   37.500010269.0889   12.2416
    0.0000  -22.5000   37.500010703.4756   12.2738
    7.5000  -22.5000   37.500010245.2051   12.2702
   -7.5000  -15.0000   37.500011271.9941   12.2429
    0.0000  -15.0000   37.500011760.0391   12.2678
    7.5000  -15.0000   37.500011256.6328   12.2621
   -7.5000   -7.5000   37.500012294.3438   12.2520
    0.0000   -7.5000   37.500012849.0107   12.2736
    7.5000   -7.5000   37.500012284.8193   12.2661
   -7.5000    0.0000   37.500013198.2822   12.2584
    0.0000    0.0000   37.500013819.8193   12.2843
    7.5000    0.0000   37.500013188.6172   12.2778
   -7.5000    7.5000   37.500013036.8955   12.2553
    0.0000    7.5000   37.500013626.3516   12.2891
    7.5000    7.5000   37.500013021.9990   12.2847
   -7.5000   15.0000   37.500012758.7754   12.2472
    0.0000   15.0000   37.500013312.9961   12.2841
    7.5000   15.0000   37.500012732.6367   12.2807
   -7.5000   22.5000   37.500012432.1748   12.2356
    0.0000   22.5000   37.500012992.1016   12.2678
    7.5000   22.5000   37.500012406.1553   12.2642
   -7.5000   30.0000   37.500011932.2236   12.0845
    0.0000   30.0000   37.500012475.4092   12.1090
    7.5000   30.0000   37.500011917.8447   12.1034
   -7.5000   37.5000   37.500011625.9385   12.0934
    0.0000   37.5000   37.500012127.3984   12.1148
    7.5000   37.5000   37.500011594.9805   12.1074
   -7.5000   45.0000   37.500010772.7686   11.8157
    0.0000   45.0000   37.500011226.3145   11.8406
    7.5000   45.0000   37.500010718.1328   11.8344
   -7.5000  -45.0000   45.0000 6807.4966   13.0738
    0.0000  -45.0000   45.0000 7133.2183   13.1055
    7.5000  -45.0000   45.0000 6805.3667   13.0985
   -7.5000  -37.5000   45.0000 7528.7505   12.8282
    0.0000  -37.5000   45.0000 7857.8179   12.8635
    7.5000  -37.5000   45.0000 7515.0435   12.8577
   -7.5000  -30.0000   45.0000 8490.2070   12.6528
    0.0000  -30.0000   45.0000 8857.3340   12.6911
    7.5000  -30.0000   45.0000 8477.1934   12.6886
   -7.5000  -22.5000   45.0000 9474.9746   12.5843
    0.0000  -22.5000   45.0000 9881.1514   12.6191
    7.5000  -22.5000   45.0000 9447.5459   12.6175
   -7.5000  -15.0000   45.000010407.3799   12.5858
    0.0000  -15.0000   45.000010880.0859   12.6143
    7.5000  -15.0000   45.000010391.7607   12.6106
   -7.5000   -7.5000   45.000011324.1318   12.5969
    0.0000   -7.5000   45.000011852.7373   12.6222
    7.5000   -7.5000   45.000011318.4473   12.6155
   -7.5000    0.0000   45.000012145.7646   12.6046
    0.0000    0.0000   45.000012706.3047   12.6330
    7.5000    0.0000   45.000012140.9941   12.6261
   -7.5000    7.5000   45.000011995.8193   12.6018
    0.0000    7.5000   45.000012529.7158   12.6368
    7.5000    7.5000   45.000011979.5381   12.6321
   -7.5000   15.0000   45.000011752.6582   12.5923
    0.0000   15.0000   45.000012255.4004   12.6304
    7.5000   15.0000   45.000011711.7754   12.6280
   -7.5000   22.5000   45.000011445.8506   12.5781
    0.0000   22.5000   45.000011944.7412   12.6129
    7.5000   22.5000   45.000011403.9297   12.6113
   -7.5000   30.0000   45.000010987.3711   12.4219
    0.0000   30.0000   45.000011472.3906   12.4500
    7.5000   30.0000   45.000010954.2510   12.4464
   -7.5000   37.5000   45.000010704.0352   12.4328
    0.0000   37.5000   45.000011184.8506   12.4577
    7.5000   37.5000   45.000010684.7861   12.4511
   -7.5000   45.0000   45.0000 9911.0068   12.1549
    0.0000   45.0000   45.000010353.8535   12.1823
    7.5000   45.0000   45.0000 9866.3594   12.1756

---------------------------------------------------------------------
imgreg_4dfp /opt/freesurfer/average/711-2C_as_mni_average_305 /opt/freesurfer/average/711-2B_as_mni_average_305_mask talsrcimg_g11 none talsrcimg_to_711-2C_as_mni_average_305_t4 4355
---------------------------------------------------------------------

freesurfer imgreg_4dfp.c
/opt/freesurfer/average/711-2C_as_mni_average_305.4dfp.img
       256       256       256         1
  1.000000  1.000000  1.000000
orientation T byte_order littleendian
Reading image: /opt/freesurfer/average/711-2C_as_mni_average_305.4dfp.img
dimensions:      256       256       256
mmppix:       1.0000   -1.0000   -1.0000
center:     128.0000 -129.0000 -129.0000
/opt/freesurfer/average/711-2B_as_mni_average_305_mask.4dfp.img
       256       256       256         1
  1.000000  1.000000  1.000000
orientation T byte_order littleendian
Reading mask: /opt/freesurfer/average/711-2B_as_mni_average_305_mask.4dfp.img (2306576 pixels)
talsrcimg_g11.4dfp.img
       256       256       256         1
  1.000000  1.000000  1.000000
orientation T byte_order littleendian
Reading image: talsrcimg_g11.4dfp.img
dimensions:      256       256       256
mmppix:       1.0000   -1.0000   -1.0000
center:     128.0000 -129.0000 -129.0000
rotation matrix determinant  1.000000
image alignment mode   4355 decimal     1103 hex
   -7.5000  -37.5000  -45.0000 2165.1626   13.2199
    0.0000  -37.5000  -45.0000 2176.0835   13.1645
    7.5000  -37.5000  -45.0000 2154.7383   13.3045
   -7.5000  -30.0000  -45.0000 2280.0710   11.8779
    0.0000  -30.0000  -45.0000 2293.0093   11.8135
    7.5000  -30.0000  -45.0000 2268.1614   11.9172
   -7.5000  -22.5000  -45.0000 2390.3083   10.8288
    0.0000  -22.5000  -45.0000 2405.8337   10.7621
    7.5000  -22.5000  -45.0000 2382.6445   10.8786
   -7.5000  -15.0000  -45.0000 2471.4282   10.0626
    0.0000  -15.0000  -45.0000 2492.7371   10.0052
    7.5000  -15.0000  -45.0000 2468.1511   10.1122
   -7.5000   -7.5000  -45.0000 2519.0872    9.5504
    0.0000   -7.5000  -45.0000 2536.9980    9.4907
    7.5000   -7.5000  -45.0000 2509.6731    9.5751
   -7.5000    0.0000  -45.0000 2544.6453    9.2244
    0.0000    0.0000  -45.0000 2560.7668    9.1492
    7.5000    0.0000  -45.0000 2536.9299    9.2355
   -7.5000    7.5000  -45.0000 2552.1873    9.0547
    0.0000    7.5000  -45.0000 2568.3755    8.9971
    7.5000    7.5000  -45.0000 2548.7605    9.0840
   -7.5000   15.0000  -45.0000 2544.7761    9.0930
    0.0000   15.0000  -45.0000 2560.7954    9.0325
    7.5000   15.0000  -45.0000 2539.0723    9.1229
   -7.5000   22.5000  -45.0000 2526.2788    9.2671
    0.0000   22.5000  -45.0000 2542.1638    9.2198
    7.5000   22.5000  -45.0000 2518.5847    9.3190
   -7.5000   30.0000  -45.0000 2490.3132    9.6027
    0.0000   30.0000  -45.0000 2508.4573    9.5562
    7.5000   30.0000  -45.0000 2484.4609    9.6536
   -7.5000   37.5000  -45.0000 2439.3311   10.1231
    0.0000   37.5000  -45.0000 2455.0183   10.0630
    7.5000   37.5000  -45.0000 2432.4355   10.1741
   -7.5000   45.0000  -45.0000 2361.6978   10.8172
    0.0000   45.0000  -45.0000 2379.3240   10.7480
    7.5000   45.0000  -45.0000 2355.4897   10.8409
   -7.5000   52.5000  -45.0000 2251.1611   11.6273
    0.0000   52.5000  -45.0000 2266.7349   11.5682
    7.5000   52.5000  -45.0000 2241.6919   11.6702
   -7.5000  -37.5000  -37.5000 2215.3601   12.5638
    0.0000  -37.5000  -37.5000 2230.8057   12.5032
    7.5000  -37.5000  -37.5000 2211.2739   12.6079
   -7.5000  -30.0000  -37.5000 2339.4988   11.2715
    0.0000  -30.0000  -37.5000 2357.2334   11.2005
    7.5000  -30.0000  -37.5000 2329.1384   11.2926
   -7.5000  -22.5000  -37.5000 2455.6655   10.2429
    0.0000  -22.5000  -37.5000 2475.4353   10.1561
    7.5000  -22.5000  -37.5000 2449.7258   10.2756
   -7.5000  -15.0000  -37.5000 2540.3577    9.4809
    0.0000  -15.0000  -37.5000 2563.2083    9.3940
    7.5000  -15.0000  -37.5000 2537.4824    9.5077
   -7.5000   -7.5000  -37.5000 2593.7092    8.9739
    0.0000   -7.5000  -37.5000 2613.5588    8.8904
    7.5000   -7.5000  -37.5000 2589.0740    8.9722
   -7.5000    0.0000  -37.5000 2628.2759    8.6322
    0.0000    0.0000  -37.5000 2646.0583    8.5476
    7.5000    0.0000  -37.5000 2624.1755    8.6222
   -7.5000    7.5000  -37.5000 2647.2751    8.4620
    0.0000    7.5000  -37.5000 2669.0513    8.3734
    7.5000    7.5000  -37.5000 2645.0779    8.4585
   -7.5000   15.0000  -37.5000 2640.5093    8.4828
    0.0000   15.0000  -37.5000 2662.0859    8.4078
    7.5000   15.0000  -37.5000 2637.5442    8.4990
   -7.5000   22.5000  -37.5000 2622.7039    8.6388
    0.0000   22.5000  -37.5000 2643.8943    8.5710
    7.5000   22.5000  -37.5000 2619.8713    8.6649
   -7.5000   30.0000  -37.5000 2590.0339    8.9540
    0.0000   30.0000  -37.5000 2609.9832    8.8739
    7.5000   30.0000  -37.5000 2585.7900    8.9744
   -7.5000   37.5000  -37.5000 2531.5930    9.4305
    0.0000   37.5000  -37.5000 2550.4993    9.3368
    7.5000   37.5000  -37.5000 2528.5376    9.4373
   -7.5000   45.0000  -37.5000 2448.7776   10.0671
    0.0000   45.0000  -37.5000 2468.6509    9.9722
    7.5000   45.0000  -37.5000 2445.7312   10.0691
   -7.5000   52.5000  -37.5000 2329.2610   10.8217
    0.0000   52.5000  -37.5000 2345.0425   10.7357
    7.5000   52.5000  -37.5000 2323.3069   10.8339
   -7.5000  -37.5000  -30.0000 2298.7959   12.4290
    0.0000  -37.5000  -30.0000 2317.7161   12.3313
    7.5000  -37.5000  -30.0000 2301.1094   12.4322
   -7.5000  -30.0000  -30.0000 2429.0220   11.1227
    0.0000  -30.0000  -30.0000 2448.0686   11.0195
    7.5000  -30.0000  -30.0000 2428.2976   11.1245
   -7.5000  -22.5000  -30.0000 2544.6956   10.0724
    0.0000  -22.5000  -30.0000 2566.9463    9.9841
    7.5000  -22.5000  -30.0000 2548.5405   10.0795
   -7.5000  -15.0000  -30.0000 2636.7261    9.2807
    0.0000  -15.0000  -30.0000 2660.3352    9.1884
    7.5000  -15.0000  -30.0000 2639.6089    9.2911
   -7.5000   -7.5000  -30.0000 2701.8254    8.7403
    0.0000   -7.5000  -30.0000 2723.8660    8.6501
    7.5000   -7.5000  -30.0000 2702.6887    8.7366
   -7.5000    0.0000  -30.0000 2744.9524    8.3905
    0.0000    0.0000  -30.0000 2767.4050    8.3031
    7.5000    0.0000  -30.0000 2749.1636    8.3860
   -7.5000    7.5000  -30.0000 2778.1553    8.1888
    0.0000    7.5000  -30.0000 2807.7017    8.0954
    7.5000    7.5000  -30.0000 2779.7810    8.1718
   -7.5000   15.0000  -30.0000 2781.6914    8.2078
    0.0000   15.0000  -30.0000 2806.2744    8.1137
    7.5000   15.0000  -30.0000 2777.5334    8.2070
   -7.5000   22.5000  -30.0000 2766.2969    8.3419
    0.0000   22.5000  -30.0000 2789.1365    8.2591
    7.5000   22.5000  -30.0000 2765.5818    8.3613
   -7.5000   30.0000  -30.0000 2731.1140    8.6585
    0.0000   30.0000  -30.0000 2753.9963    8.5543
    7.5000   30.0000  -30.0000 2729.9978    8.6517
   -7.5000   37.5000  -30.0000 2666.0879    9.1119
    0.0000   37.5000  -30.0000 2688.1831    8.9987
    7.5000   37.5000  -30.0000 2666.6350    9.0890
   -7.5000   45.0000  -30.0000 2577.9229    9.7304
    0.0000   45.0000  -30.0000 2597.7595    9.6274
    7.5000   45.0000  -30.0000 2580.8420    9.7153
   -7.5000   52.5000  -30.0000 2449.9639   10.4830
    0.0000   52.5000  -30.0000 2464.4417   10.3812
    7.5000   52.5000  -30.0000 2446.7195   10.4726
   -7.5000  -37.5000  -22.5000 2348.1160   12.2516
    0.0000  -37.5000  -22.5000 2364.6584   12.1245
    7.5000  -37.5000  -22.5000 2347.1765   12.2592
   -7.5000  -30.0000  -22.5000 2479.3550   10.9215
    0.0000  -30.0000  -22.5000 2501.4265   10.8127
    7.5000  -30.0000  -22.5000 2479.6011   10.9241
   -7.5000  -22.5000  -22.5000 2594.6572    9.8598
    0.0000  -22.5000  -22.5000 2617.7725    9.7422
    7.5000  -22.5000  -22.5000 2597.5830    9.8546
   -7.5000  -15.0000  -22.5000 2695.6655    9.0437
    0.0000  -15.0000  -22.5000 2717.1484    8.9430
    7.5000  -15.0000  -22.5000 2695.2119    9.0429
   -7.5000   -7.5000  -22.5000 2772.3345    8.4691
    0.0000   -7.5000  -22.5000 2798.2297    8.3808
    7.5000   -7.5000  -22.5000 2777.5388    8.4815
   -7.5000    0.0000  -22.5000 2824.4424    8.0947
    0.0000    0.0000  -22.5000 2852.9939    8.0141
    7.5000    0.0000  -22.5000 2830.7087    8.1207
   -7.5000    7.5000  -22.5000 2866.5818    7.9026
    0.0000    7.5000  -22.5000 2897.5186    7.7977
    7.5000    7.5000  -22.5000 2871.7866    7.9150
   -7.5000   15.0000  -22.5000 2879.0103    7.8739
    0.0000   15.0000  -22.5000 2908.8657    7.7695
    7.5000   15.0000  -22.5000 2874.3459    7.9032
   -7.5000   22.5000  -22.5000 2871.4365    7.9876
    0.0000   22.5000  -22.5000 2897.0164    7.8942
    7.5000   22.5000  -22.5000 2866.0020    8.0173
   -7.5000   30.0000  -22.5000 2834.5251    8.2896
    0.0000   30.0000  -22.5000 2859.8511    8.1801
    7.5000   30.0000  -22.5000 2831.2224    8.2967
   -7.5000   37.5000  -22.5000 2765.4927    8.7253
    0.0000   37.5000  -22.5000 2789.5269    8.6108
    7.5000   37.5000  -22.5000 2768.4241    8.7269
   -7.5000   45.0000  -22.5000 2672.1760    9.3301
    0.0000   45.0000  -22.5000 2692.7390    9.2226
    7.5000   45.0000  -22.5000 2673.8042    9.3443
   -7.5000   52.5000  -22.5000 2537.8394   10.0668
    0.0000   52.5000  -22.5000 2555.4648    9.9707
    7.5000   52.5000  -22.5000 2536.3662   10.0951
   -7.5000  -37.5000  -15.0000 2363.7959   12.1137
    0.0000  -37.5000  -15.0000 2379.9463   11.9697
    7.5000  -37.5000  -15.0000 2362.2153   12.1468
   -7.5000  -30.0000  -15.0000 2492.1702   10.7357
    0.0000  -30.0000  -15.0000 2507.7383   10.6074
    7.5000  -30.0000  -15.0000 2488.0083   10.7691
   -7.5000  -22.5000  -15.0000 2607.7817    9.6760
    0.0000  -22.5000  -15.0000 2625.9326    9.5492
    7.5000  -22.5000  -15.0000 2608.7354    9.6830
   -7.5000  -15.0000  -15.0000 2713.4966    8.8615
    0.0000  -15.0000  -15.0000 2732.2842    8.7315
    7.5000  -15.0000  -15.0000 2714.2515    8.8569
   -7.5000   -7.5000  -15.0000 2803.5693    8.2774
    0.0000   -7.5000  -15.0000 2828.8562    8.1677
    7.5000   -7.5000  -15.0000 2810.8564    8.2778
   -7.5000    0.0000  -15.0000 2869.7754    7.8826
    0.0000    0.0000  -15.0000 2896.4087    7.7812
    7.5000    0.0000  -15.0000 2880.5239    7.8982
   -7.5000    7.5000  -15.0000 2921.2085    7.6977
    0.0000    7.5000  -15.0000 2952.5212    7.5900
    7.5000    7.5000  -15.0000 2925.0693    7.7048
   -7.5000   15.0000  -15.0000 2946.7456    7.6092
    0.0000   15.0000  -15.0000 2977.3093    7.5175
    7.5000   15.0000  -15.0000 2939.6204    7.6587
   -7.5000   22.5000  -15.0000 2942.5334    7.6800
    0.0000   22.5000  -15.0000 2969.3516    7.5829
    7.5000   22.5000  -15.0000 2927.5698    7.7382
   -7.5000   30.0000  -15.0000 2897.9634    7.9478
    0.0000   30.0000  -15.0000 2922.3491    7.8368
    7.5000   30.0000  -15.0000 2892.2512    7.9676
   -7.5000   37.5000  -15.0000 2829.0713    8.3824
    0.0000   37.5000  -15.0000 2855.7798    8.2656
    7.5000   37.5000  -15.0000 2828.6255    8.3799
   -7.5000   45.0000  -15.0000 2734.1897    8.9749
    0.0000   45.0000  -15.0000 2754.7332    8.8695
    7.5000   45.0000  -15.0000 2729.7385    8.9959
   -7.5000   52.5000  -15.0000 2592.1494    9.7351
    0.0000   52.5000  -15.0000 2610.4497    9.6273
    7.5000   52.5000  -15.0000 2584.9526    9.7572
   -7.5000  -37.5000   -7.5000 2361.3926   12.0521
    0.0000  -37.5000   -7.5000 2375.7188   11.9027
    7.5000  -37.5000   -7.5000 2360.6379   12.0559
   -7.5000  -30.0000   -7.5000 2485.9446   10.6544
    0.0000  -30.0000   -7.5000 2498.0415   10.5356
    7.5000  -30.0000   -7.5000 2482.7361   10.6837
   -7.5000  -22.5000   -7.5000 2599.0500    9.5903
    0.0000  -22.5000   -7.5000 2616.3438    9.4705
    7.5000  -22.5000   -7.5000 2601.7522    9.6006
   -7.5000  -15.0000   -7.5000 2706.3752    8.7570
    0.0000  -15.0000   -7.5000 2725.7002    8.6575
    7.5000  -15.0000   -7.5000 2712.5674    8.7631
   -7.5000   -7.5000   -7.5000 2805.5645    8.1517
    0.0000   -7.5000   -7.5000 2831.5833    8.0613
    7.5000   -7.5000   -7.5000 2818.2043    8.1494
   -7.5000    0.0000   -7.5000 2888.9419    7.7534
    0.0000    0.0000   -7.5000 2915.7556    7.6679
    7.5000    0.0000   -7.5000 2899.7993    7.7466
   -7.5000    7.5000   -7.5000 2954.4045    7.5864
    0.0000    7.5000   -7.5000 2988.3047    7.5194
    7.5000    7.5000   -7.5000 2960.0579    7.5561
   -7.5000   15.0000   -7.5000 2990.3179    7.4961
    0.0000   15.0000   -7.5000 3034.0884    7.4344
    7.5000   15.0000   -7.5000 2983.3406    7.4912
   -7.5000   22.5000   -7.5000 2984.7183    7.5041
    0.0000   22.5000   -7.5000 3021.3787    7.4434
    7.5000   22.5000   -7.5000 2970.3022    7.5321
   -7.5000   30.0000   -7.5000 2935.7009    7.6674
    0.0000   30.0000   -7.5000 2966.3745    7.5923
    7.5000   30.0000   -7.5000 2926.9524    7.7044
   -7.5000   37.5000   -7.5000 2868.2415    8.0747
    0.0000   37.5000   -7.5000 2892.9932    7.9811
    7.5000   37.5000   -7.5000 2864.1167    8.0870
   -7.5000   45.0000   -7.5000 2765.7043    8.7094
    0.0000   45.0000   -7.5000 2789.3447    8.6127
    7.5000   45.0000   -7.5000 2762.5034    8.7241
   -7.5000   52.5000   -7.5000 2617.6736    9.4937
    0.0000   52.5000   -7.5000 2636.9177    9.4083
    7.5000   52.5000   -7.5000 2609.1194    9.5104
   -7.5000  -37.5000    0.0000 2349.9058   12.1404
    0.0000  -37.5000    0.0000 2362.0159   11.9992
    7.5000  -37.5000    0.0000 2350.2712   12.1205
   -7.5000  -30.0000    0.0000 2466.1404   10.7404
    0.0000  -30.0000    0.0000 2478.9175   10.6324
    7.5000  -30.0000    0.0000 2469.5918   10.7296
   -7.5000  -22.5000    0.0000 2576.6731    9.6624
    0.0000  -22.5000    0.0000 2592.9438    9.5743
    7.5000  -22.5000    0.0000 2582.1482    9.6524
   -7.5000  -15.0000    0.0000 2683.2766    8.8094
    0.0000  -15.0000    0.0000 2704.8965    8.7342
    7.5000  -15.0000    0.0000 2692.1113    8.8008
   -7.5000   -7.5000    0.0000 2789.8767    8.1584
    0.0000   -7.5000    0.0000 2813.8806    8.1037
    7.5000   -7.5000    0.0000 2800.5442    8.1557
   -7.5000    0.0000    0.0000 2889.2825    7.7221
    0.0000    0.0000    0.0000 2913.7664    7.6806
    7.5000    0.0000    0.0000 2895.2078    7.7267
   -7.5000    7.5000    0.0000 2973.8782    7.5531
    0.0000    7.5000    0.0000 3006.9258    7.5120
    7.5000    7.5000    0.0000 2970.4497    7.5145
   -7.5000   15.0000    0.0000 3020.8157    7.4580
    0.0000   15.0000    0.0000 3068.8611    7.4396
    7.5000   15.0000    0.0000 3006.6433    7.4215
   -7.5000   22.5000    0.0000 3005.7546    7.4581
    0.0000   22.5000    0.0000 3049.7388    7.4340
    7.5000   22.5000    0.0000 2990.2192    7.4706
   -7.5000   30.0000    0.0000 2950.3899    7.6150
    0.0000   30.0000    0.0000 2982.7122    7.5622
    7.5000   30.0000    0.0000 2939.2788    7.6549
   -7.5000   37.5000    0.0000 2877.4570    7.9806
    0.0000   37.5000    0.0000 2903.0234    7.9099
    7.5000   37.5000    0.0000 2871.4419    8.0097
   -7.5000   45.0000    0.0000 2769.8250    8.5970
    0.0000   45.0000    0.0000 2791.4573    8.5159
    7.5000   45.0000    0.0000 2766.2346    8.6174
   -7.5000   52.5000    0.0000 2622.2214    9.3727
    0.0000   52.5000    0.0000 2639.6782    9.2860
    7.5000   52.5000    0.0000 2615.6746    9.3817
   -7.5000  -37.5000    7.5000 2327.8132   12.4172
    0.0000  -37.5000    7.5000 2341.6414   12.3241
    7.5000  -37.5000    7.5000 2322.6514   12.3651
   -7.5000  -30.0000    7.5000 2441.1602   10.9755
    0.0000  -30.0000    7.5000 2458.0813   10.8855
    7.5000  -30.0000    7.5000 2442.3428   10.9593
   -7.5000  -22.5000    7.5000 2547.6157    9.8506
    0.0000  -22.5000    7.5000 2564.7251    9.7726
    7.5000  -22.5000    7.5000 2550.5750    9.8457
   -7.5000  -15.0000    7.5000 2660.0112    8.9562
    0.0000  -15.0000    7.5000 2679.5674    8.8778
    7.5000  -15.0000    7.5000 2665.9033    8.9542
   -7.5000   -7.5000    7.5000 2770.8870    8.2521
    0.0000   -7.5000    7.5000 2791.6741    8.1854
    7.5000   -7.5000    7.5000 2776.5618    8.2630
   -7.5000    0.0000    7.5000 2876.2908    7.7930
    0.0000    0.0000    7.5000 2896.3108    7.7344
    7.5000    0.0000    7.5000 2877.6072    7.7954
   -7.5000    7.5000    7.5000 2968.7681    7.5827
    0.0000    7.5000    7.5000 3002.5928    7.5264
    7.5000    7.5000    7.5000 2966.0645    7.5553
   -7.5000   15.0000    7.5000 3025.9575    7.4416
    0.0000   15.0000    7.5000 3069.2651    7.4009
    7.5000   15.0000    7.5000 3009.1597    7.4347
   -7.5000   22.5000    7.5000 3012.2007    7.4664
    0.0000   22.5000    7.5000 3053.1880    7.3913
    7.5000   22.5000    7.5000 2990.5181    7.5081
   -7.5000   30.0000    7.5000 2947.4082    7.7090
    0.0000   30.0000    7.5000 2984.1450    7.6181
    7.5000   30.0000    7.5000 2934.2166    7.7424
   -7.5000   37.5000    7.5000 2863.5203    8.0968
    0.0000   37.5000    7.5000 2889.7471    8.0217
    7.5000   37.5000    7.5000 2858.5186    8.1349
   -7.5000   45.0000    7.5000 2754.0442    8.6980
    0.0000   45.0000    7.5000 2771.5198    8.6221
    7.5000   45.0000    7.5000 2750.1970    8.7149
   -7.5000   52.5000    7.5000 2605.7214    9.4180
    0.0000   52.5000    7.5000 2616.9829    9.3397
    7.5000   52.5000    7.5000 2600.7317    9.4278
   -7.5000  -37.5000   15.0000 2293.7124   12.8331
    0.0000  -37.5000   15.0000 2306.6169   12.7167
    7.5000  -37.5000   15.0000 2285.1382   12.8020
   -7.5000  -30.0000   15.0000 2408.0588   11.2950
    0.0000  -30.0000   15.0000 2429.1853   11.1940
    7.5000  -30.0000   15.0000 2405.8696   11.3005
   -7.5000  -22.5000   15.0000 2516.0332   10.0984
    0.0000  -22.5000   15.0000 2538.9194   10.0032
    7.5000  -22.5000   15.0000 2518.5725   10.1066
   -7.5000  -15.0000   15.0000 2627.8413    9.1607
    0.0000  -15.0000   15.0000 2650.1287    9.0617
    7.5000  -15.0000   15.0000 2635.3398    9.1587
   -7.5000   -7.5000   15.0000 2739.6260    8.4455
    0.0000   -7.5000   15.0000 2759.6189    8.3468
    7.5000   -7.5000   15.0000 2745.6458    8.4382
   -7.5000    0.0000   15.0000 2850.6138    7.9627
    0.0000    0.0000   15.0000 2869.4319    7.8774
    7.5000    0.0000   15.0000 2852.1555    7.9566
   -7.5000    7.5000   15.0000 2942.6267    7.6785
    0.0000    7.5000   15.0000 2973.7239    7.6292
    7.5000    7.5000   15.0000 2942.6890    7.6865
   -7.5000   15.0000   15.0000 2989.7185    7.5237
    0.0000   15.0000   15.0000 3021.5664    7.4516
    7.5000   15.0000   15.0000 2981.2007    7.5648
   -7.5000   22.5000   15.0000 2979.9973    7.6064
    0.0000   22.5000   15.0000 3004.7312    7.5046
    7.5000   22.5000   15.0000 2963.9509    7.6601
   -7.5000   30.0000   15.0000 2924.3943    7.8973
    0.0000   30.0000   15.0000 2952.6543    7.7942
    7.5000   30.0000   15.0000 2910.4121    7.9300
   -7.5000   37.5000   15.0000 2834.3840    8.3316
    0.0000   37.5000   15.0000 2857.7583    8.2297
    7.5000   37.5000   15.0000 2826.0525    8.3528
   -7.5000   45.0000   15.0000 2721.4336    8.9384
    0.0000   45.0000   15.0000 2740.1245    8.8311
    7.5000   45.0000   15.0000 2717.3557    8.9375
   -7.5000   52.5000   15.0000 2572.2529    9.6320
    0.0000   52.5000   15.0000 2583.7810    9.5414
    7.5000   52.5000   15.0000 2566.0088    9.6419
   -7.5000  -37.5000   22.5000 2247.4617   13.2662
    0.0000  -37.5000   22.5000 2261.2722   13.1172
    7.5000  -37.5000   22.5000 2241.4612   13.2531
   -7.5000  -30.0000   22.5000 2369.7102   11.6689
    0.0000  -30.0000   22.5000 2387.6362   11.5362
    7.5000  -30.0000   22.5000 2366.9377   11.6870
   -7.5000  -22.5000   22.5000 2482.5730   10.4260
    0.0000  -22.5000   22.5000 2503.9744   10.3041
    7.5000  -22.5000   22.5000 2484.1641   10.4383
   -7.5000  -15.0000   22.5000 2594.2725    9.4731
    0.0000  -15.0000   22.5000 2616.3135    9.3413
    7.5000  -15.0000   22.5000 2598.9651    9.4568
   -7.5000   -7.5000   22.5000 2712.0125    8.7329
    0.0000   -7.5000   22.5000 2730.9998    8.6100
    7.5000   -7.5000   22.5000 2715.2827    8.7239
   -7.5000    0.0000   22.5000 2814.8320    8.2436
    0.0000    0.0000   22.5000 2836.4829    8.1667
    7.5000    0.0000   22.5000 2817.2656    8.2431
   -7.5000    7.5000   22.5000 2895.0818    7.9400
    0.0000    7.5000   22.5000 2925.2170    7.8529
    7.5000    7.5000   22.5000 2894.1594    7.9499
   -7.5000   15.0000   22.5000 2936.5205    7.7921
    0.0000   15.0000   22.5000 2964.1765    7.6881
    7.5000   15.0000   22.5000 2932.4263    7.8179
   -7.5000   22.5000   22.5000 2927.8062    7.8918
    0.0000   22.5000   22.5000 2949.4111    7.8021
    7.5000   22.5000   22.5000 2918.2803    7.9327
   -7.5000   30.0000   22.5000 2873.0869    8.1953
    0.0000   30.0000   22.5000 2899.3098    8.0939
    7.5000   30.0000   22.5000 2865.0281    8.2198
   -7.5000   37.5000   22.5000 2789.1826    8.6489
    0.0000   37.5000   22.5000 2806.0122    8.5441
    7.5000   37.5000   22.5000 2777.9375    8.6530
   -7.5000   45.0000   22.5000 2679.6941    9.2415
    0.0000   45.0000   22.5000 2692.6602    9.1385
    7.5000   45.0000   22.5000 2671.3154    9.2510
   -7.5000   52.5000   22.5000 2529.8425    9.9347
    0.0000   52.5000   22.5000 2545.1030    9.8488
    7.5000   52.5000   22.5000 2522.6902    9.9578
   -7.5000  -37.5000   30.0000 2194.1833   13.7832
    0.0000  -37.5000   30.0000 2210.0979   13.6146
    7.5000  -37.5000   30.0000 2195.1414   13.8128
   -7.5000  -30.0000   30.0000 2324.4456   12.1379
    0.0000  -30.0000   30.0000 2339.8684   11.9821
    7.5000  -30.0000   30.0000 2323.0569   12.1470
   -7.5000  -22.5000   30.0000 2440.1672   10.8409
    0.0000  -22.5000   30.0000 2459.3145   10.6927
    7.5000  -22.5000   30.0000 2443.8943   10.8524
   -7.5000  -15.0000   30.0000 2554.2451    9.8691
    0.0000  -15.0000   30.0000 2571.9568    9.7086
    7.5000  -15.0000   30.0000 2556.6838    9.8717
   -7.5000   -7.5000   30.0000 2670.9895    9.1477
    0.0000   -7.5000   30.0000 2690.6909    9.0187
    7.5000   -7.5000   30.0000 2670.7959    9.1526
   -7.5000    0.0000   30.0000 2769.0801    8.6423
    0.0000    0.0000   30.0000 2790.7625    8.5511
    7.5000    0.0000   30.0000 2768.7322    8.6557
   -7.5000    7.5000   30.0000 2836.5637    8.3203
    0.0000    7.5000   30.0000 2868.0920    8.2097
    7.5000    7.5000   30.0000 2837.0911    8.3346
   -7.5000   15.0000   30.0000 2871.0828    8.1802
    0.0000   15.0000   30.0000 2898.0037    8.0912
    7.5000   15.0000   30.0000 2869.5769    8.2118
   -7.5000   22.5000   30.0000 2855.8044    8.2972
    0.0000   22.5000   30.0000 2878.9326    8.2185
    7.5000   22.5000   30.0000 2850.6843    8.3248
   -7.5000   30.0000   30.0000 2804.7556    8.5888
    0.0000   30.0000   30.0000 2827.7466    8.4867
    7.5000   30.0000   30.0000 2800.1814    8.5921
   -7.5000   37.5000   30.0000 2725.1506    9.0341
    0.0000   37.5000   30.0000 2743.0359    8.9290
    7.5000   37.5000   30.0000 2716.8191    9.0352
   -7.5000   45.0000   30.0000 2620.6116    9.6223
    0.0000   45.0000   30.0000 2631.6912    9.5194
    7.5000   45.0000   30.0000 2613.0493    9.6227
   -7.5000   52.5000   30.0000 2477.5925   10.3116
    0.0000   52.5000   30.0000 2489.9463   10.2370
    7.5000   52.5000   30.0000 2469.8691   10.3406
   -7.5000  -37.5000   37.5000 2144.0798   14.4060
    0.0000  -37.5000   37.5000 2159.4077   14.2387
    7.5000  -37.5000   37.5000 2145.4207   14.4936
   -7.5000  -30.0000   37.5000 2276.7690   12.6752
    0.0000  -30.0000   37.5000 2292.2864   12.5243
    7.5000  -30.0000   37.5000 2276.5603   12.7351
   -7.5000  -22.5000   37.5000 2396.8882   11.3498
    0.0000  -22.5000   37.5000 2412.6282   11.1961
    7.5000  -22.5000   37.5000 2396.6260   11.3950
   -7.5000  -15.0000   37.5000 2507.3943   10.3730
    0.0000  -15.0000   37.5000 2525.0300   10.2284
    7.5000  -15.0000   37.5000 2508.4653   10.4065
   -7.5000   -7.5000   37.5000 2620.2515    9.6462
    0.0000   -7.5000   37.5000 2639.4407    9.5400
    7.5000   -7.5000   37.5000 2619.3806    9.6854
   -7.5000    0.0000   37.5000 2708.2393    9.1315
    0.0000    0.0000   37.5000 2733.4470    9.0276
    7.5000    0.0000   37.5000 2707.1765    9.1701
   -7.5000    7.5000   37.5000 2769.4541    8.8173
    0.0000    7.5000   37.5000 2798.0830    8.7111
    7.5000    7.5000   37.5000 2767.1279    8.8447
   -7.5000   15.0000   37.5000 2793.1831    8.7093
    0.0000   15.0000   37.5000 2815.8630    8.6266
    7.5000   15.0000   37.5000 2788.4636    8.7423
   -7.5000   22.5000   37.5000 2773.6284    8.8020
    0.0000   22.5000   37.5000 2797.7993    8.7292
    7.5000   22.5000   37.5000 2768.4585    8.8331
   -7.5000   30.0000   37.5000 2724.6428    9.0544
    0.0000   30.0000   37.5000 2750.4836    8.9703
    7.5000   30.0000   37.5000 2721.6631    9.0835
   -7.5000   37.5000   37.5000 2649.9146    9.5082
    0.0000   37.5000   37.5000 2671.7852    9.4084
    7.5000   37.5000   37.5000 2647.8601    9.5201
   -7.5000   45.0000   37.5000 2551.4812   10.0838
    0.0000   45.0000   37.5000 2566.1096    9.9918
    7.5000   45.0000   37.5000 2544.5029   10.0934
   -7.5000   52.5000   37.5000 2410.2476   10.7783
    0.0000   52.5000   37.5000 2421.7014   10.7122
    7.5000   52.5000   37.5000 2402.4673   10.7980
   -7.5000  -37.5000   45.0000 2089.0542   15.2380
    0.0000  -37.5000   45.0000 2101.2314   15.0556
    7.5000  -37.5000   45.0000 2088.4041   15.3196
   -7.5000  -30.0000   45.0000 2223.1982   13.3640
    0.0000  -30.0000   45.0000 2238.5903   13.2020
    7.5000  -30.0000   45.0000 2222.1548   13.4443
   -7.5000  -22.5000   45.0000 2345.9561   12.0114
    0.0000  -22.5000   45.0000 2363.8638   11.8654
    7.5000  -22.5000   45.0000 2343.7529   12.0483
   -7.5000  -15.0000   45.0000 2451.9775   11.0282
    0.0000  -15.0000   45.0000 2475.2332   10.8951
    7.5000  -15.0000   45.0000 2455.0786   11.0506
   -7.5000   -7.5000   45.0000 2553.8960   10.2910
    0.0000   -7.5000   45.0000 2578.6562   10.1804
    7.5000   -7.5000   45.0000 2557.9822   10.3291
   -7.5000    0.0000   45.0000 2633.8872    9.7602
    0.0000    0.0000   45.0000 2659.5601    9.6541
    7.5000    0.0000   45.0000 2634.6992    9.8068
   -7.5000    7.5000   45.0000 2688.1606    9.4278
    0.0000    7.5000   45.0000 2712.3916    9.3438
    7.5000    7.5000   45.0000 2686.9783    9.4791
   -7.5000   15.0000   45.0000 2704.1736    9.3366
    0.0000   15.0000   45.0000 2724.2275    9.2638
    7.5000   15.0000   45.0000 2699.4287    9.3817
   -7.5000   22.5000   45.0000 2683.3713    9.4068
    0.0000   22.5000   45.0000 2703.2568    9.3520
    7.5000   22.5000   45.0000 2679.2214    9.4586
   -7.5000   30.0000   45.0000 2637.8101    9.6640
    0.0000   30.0000   45.0000 2656.2908    9.5946
    7.5000   30.0000   45.0000 2633.3916    9.7036
   -7.5000   37.5000   45.0000 2572.8662   10.0791
    0.0000   37.5000   45.0000 2597.0374    9.9794
    7.5000   37.5000   45.0000 2569.7068   10.1057
   -7.5000   45.0000   45.0000 2473.4905   10.6830
    0.0000   45.0000   45.0000 2493.3250   10.5766
    7.5000   45.0000   45.0000 2466.6443   10.7000
   -7.5000   52.5000   45.0000 2335.2336   11.3684
    0.0000   52.5000   45.0000 2349.9492   11.2864
    7.5000   52.5000   45.0000 2326.7915   11.3891

---------------------------------------------------------------------
imgreg_4dfp /opt/freesurfer/average/711-2C_as_mni_average_305 /opt/freesurfer/average/711-2B_as_mni_average_305_mask talsrcimg_g11 none talsrcimg_to_711-2C_as_mni_average_305_t4 1283
---------------------------------------------------------------------

freesurfer imgreg_4dfp.c
/opt/freesurfer/average/711-2C_as_mni_average_305.4dfp.img
       256       256       256         1
  1.000000  1.000000  1.000000
orientation T byte_order littleendian
Reading image: /opt/freesurfer/average/711-2C_as_mni_average_305.4dfp.img
dimensions:      256       256       256
mmppix:       1.0000   -1.0000   -1.0000
center:     128.0000 -129.0000 -129.0000
/opt/freesurfer/average/711-2B_as_mni_average_305_mask.4dfp.img
       256       256       256         1
  1.000000  1.000000  1.000000
orientation T byte_order littleendian
Reading mask: /opt/freesurfer/average/711-2B_as_mni_average_305_mask.4dfp.img (2306576 pixels)
talsrcimg_g11.4dfp.img
       256       256       256         1
  1.000000  1.000000  1.000000
orientation T byte_order littleendian
Reading image: talsrcimg_g11.4dfp.img
dimensions:      256       256       256
mmppix:       1.0000   -1.0000   -1.0000
center:     128.0000 -129.0000 -129.0000
rotation matrix determinant  1.000000
fimgreg.f
image alignment mode   1283 decimal      503 hex
parameters
    0.0000   15.0000    7.5000    0.0000    0.0000    0.0000
eta,q 0.96172  7.40752
niter,ni,del,rscale     5    3   12.0000    1.2000
parameter  3  0.673702 ->  0.500000 qaram    1.1500
parameter  4  1.009965 ->  0.500000 qaram    1.1500
parameters
   -0.4015   17.2234    4.0500   -3.4500   -0.6720   -2.3199
eta,q 0.96923  7.41756
  0.0514  0.0501  0.0349  0.0317  0.0389  0.0339
  0.0455  0.0455  0.0343  0.0318  0.0350  0.0317
  0.0409  0.0423  0.0349  0.0326  0.0324  0.0308
  0.0394  0.0392  0.0367  0.0345  0.0320  0.0318
  0.0423  0.0369  0.0404  0.0375  0.0344  0.0349
  0.0484  0.0378  0.0456  0.0405  0.0379  0.0397
  0.0544  0.0414  0.0508  0.0436  0.0419  0.0439
niter,ni,del,rscale     6    3   12.0000    1.2000
parameters
   -0.4993   18.1569    2.0338   -6.3672   -0.2144   -2.7063
eta,q 0.97158  7.44731
  0.0484  0.0440  0.0347  0.0302  0.0392  0.0335
  0.0394  0.0370  0.0302  0.0288  0.0347  0.0313
  0.0327  0.0327  0.0290  0.0284  0.0308  0.0295
  0.0308  0.0308  0.0303  0.0291  0.0285  0.0283
  0.0338  0.0307  0.0335  0.0319  0.0288  0.0288
  0.0410  0.0336  0.0386  0.0365  0.0320  0.0316
  0.0488  0.0373  0.0447  0.0421  0.0371  0.0361
niter,ni,del,rscale     5    3   12.0000    1.2000
parameters
   -0.8007   19.2344    1.5692   -7.2764    0.0688   -2.9160
eta,q 0.97249  7.43148
  0.0465  0.0437  0.0379  0.0331  0.0388  0.0330
  0.0366  0.0353  0.0323  0.0289  0.0341  0.0305
  0.0298  0.0304  0.0282  0.0275  0.0299  0.0286
  0.0284  0.0283  0.0279  0.0277  0.0276  0.0275
  0.0323  0.0279  0.0304  0.0286  0.0283  0.0279
  0.0404  0.0300  0.0348  0.0319  0.0321  0.0304
  0.0490  0.0353  0.0402  0.0370  0.0377  0.0347
niter,ni,del,rscale     4    3   12.0000    1.2000
parameters
   -0.8835   19.5663    1.3716   -7.4815    0.1356   -2.9633
eta,q 0.97273  7.42791
  0.0478  0.0406  0.0383  0.0349  0.0384  0.0331
  0.0377  0.0328  0.0328  0.0300  0.0336  0.0305
  0.0298  0.0289  0.0284  0.0274  0.0294  0.0285
  0.0275  0.0275  0.0274  0.0273  0.0273  0.0273
  0.0311  0.0278  0.0296  0.0280  0.0286  0.0276
  0.0393  0.0314  0.0339  0.0308  0.0327  0.0300
  0.0480  0.0378  0.0391  0.0357  0.0385  0.0341
niter,ni,del,rscale     3    3   12.0000    1.2000
parameters
   -0.8878   19.6332    1.3174   -7.5324    0.1431   -2.9697
eta,q 0.97276  7.42727
  0.0483  0.0395  0.0387  0.0353  0.0383  0.0332
  0.0382  0.0321  0.0331  0.0303  0.0334  0.0306
  0.0300  0.0285  0.0286  0.0275  0.0293  0.0285
  0.0273  0.0273  0.0273  0.0272  0.0272  0.0272
  0.0307  0.0280  0.0294  0.0279  0.0287  0.0276
  0.0389  0.0322  0.0335  0.0306  0.0329  0.0299
  0.0476  0.0388  0.0386  0.0354  0.0387  0.0340
niter,ni,del,rscale     2    3   12.0000    1.2000
parameters
   -0.8846   19.6513    1.3038   -7.5464    0.1414   -2.9708
eta,q 0.97277  7.42716
  0.0483  0.0393  0.0388  0.0354  0.0382  0.0332
  0.0382  0.0319  0.0331  0.0304  0.0334  0.0306
  0.0300  0.0284  0.0286  0.0275  0.0293  0.0285
  0.0272  0.0272  0.0272  0.0272  0.0272  0.0272
  0.0307  0.0280  0.0293  0.0279  0.0287  0.0276
  0.0389  0.0323  0.0334  0.0305  0.0329  0.0299
  0.0476  0.0389  0.0385  0.0353  0.0388  0.0340
registration optimization eta report
parameter search radius
    6.0000    6.0000    6.9000    6.9000    6.0000    6.0000
100000*second partial in parameter space
       56.       34.       23.       18.       30.       17.
  0.0483  0.0393  0.0388  0.0354  0.0382  0.0332
  0.0382  0.0319  0.0331  0.0304  0.0334  0.0306
  0.0300  0.0284  0.0286  0.0275  0.0293  0.0285
  0.0272  0.0272  0.0272  0.0272  0.0272  0.0272
  0.0307  0.0280  0.0293  0.0279  0.0287  0.0276
  0.0389  0.0323  0.0334  0.0305  0.0329  0.0299
  0.0476  0.0389  0.0385  0.0353  0.0388  0.0340
   -0.8846   19.6513    1.3038   -7.5464    0.1414   -2.9708
eta,q 0.97277  7.42716

---------------------------------------------------------------------
imgreg_4dfp /opt/freesurfer/average/711-2C_as_mni_average_305 /opt/freesurfer/average/711-2B_as_mni_average_305_mask talsrcimg_g11 none talsrcimg_to_711-2C_as_mni_average_305_t4 3335
---------------------------------------------------------------------

freesurfer imgreg_4dfp.c
/opt/freesurfer/average/711-2C_as_mni_average_305.4dfp.img
       256       256       256         1
  1.000000  1.000000  1.000000
orientation T byte_order littleendian
Reading image: /opt/freesurfer/average/711-2C_as_mni_average_305.4dfp.img
dimensions:      256       256       256
mmppix:       1.0000   -1.0000   -1.0000
center:     128.0000 -129.0000 -129.0000
/opt/freesurfer/average/711-2B_as_mni_average_305_mask.4dfp.img
       256       256       256         1
  1.000000  1.000000  1.000000
orientation T byte_order littleendian
Reading mask: /opt/freesurfer/average/711-2B_as_mni_average_305_mask.4dfp.img (2306576 pixels)
talsrcimg_g11.4dfp.img
       256       256       256         1
  1.000000  1.000000  1.000000
orientation T byte_order littleendian
Reading image: talsrcimg_g11.4dfp.img
dimensions:      256       256       256
mmppix:       1.0000   -1.0000   -1.0000
center:     128.0000 -129.0000 -129.0000
fimgreg.f
image alignment mode   3335 decimal      D07 hex
parameters
   -0.8846   19.6513    1.3038   -0.1347   -1.0010   -0.8664
    5.1702    0.4363   -5.1827   13.1279    0.2468  -13.1329
eta,q 0.97150  7.45901
niter,ni,del,rscale     5    3    5.0000    1.2000
parameter  5  1.910136 ->  0.500000 qaram    1.1500
parameter 11  0.753504 ->  0.500000 qaram    1.1500
parameters
   -0.8754   19.7481    1.2136   -3.7108   -5.1410    1.4871
    4.4427    1.4756   -3.6101   13.2962   -3.8932  -13.3918
eta,q 0.97534  7.32650
  0.0317  0.0307  0.0297  0.0286  0.0243  0.0268  0.0271  0.0293  0.0278  0.0280  0.0247  0.0257
  0.0300  0.0295  0.0290  0.0282  0.0249  0.0260  0.0260  0.0274  0.0265  0.0265  0.0246  0.0251
  0.0289  0.0288  0.0286  0.0281  0.0263  0.0255  0.0253  0.0260  0.0256  0.0255  0.0247  0.0248
  0.0285  0.0285  0.0285  0.0285  0.0281  0.0253  0.0252  0.0252  0.0251  0.0250  0.0250  0.0247
  0.0288  0.0287  0.0287  0.0298  0.0301  0.0252  0.0257  0.0252  0.0250  0.0252  0.0254  0.0248
  0.0299  0.0293  0.0292  0.0316  0.0323  0.0251  0.0267  0.0259  0.0254  0.0261  0.0260  0.0252
  0.0317  0.0304  0.0299  0.0339  0.0346  0.0255  0.0279  0.0276  0.0262  0.0279  0.0266  0.0259
niter,ni,del,rscale     6    3    5.0000    1.2000
parameter  5  0.559531 ->  0.500000 qaram    1.3225
parameters
   -0.6599   19.5954    2.0415   -3.5366   -9.9020    1.6475
    4.0458    1.4537   -3.0115   13.7820   -5.2584  -12.6915
eta,q 0.97668  7.18680
  0.0284  0.0269  0.0267  0.0266  0.0242  0.0246  0.0254  0.0267  0.0254  0.0264  0.0240  0.0246
  0.0264  0.0255  0.0257  0.0257  0.0235  0.0240  0.0243  0.0249  0.0244  0.0248  0.0235  0.0240
  0.0252  0.0248  0.0250  0.0249  0.0234  0.0235  0.0236  0.0238  0.0237  0.0238  0.0234  0.0236
  0.0247  0.0246  0.0246  0.0245  0.0244  0.0234  0.0234  0.0234  0.0234  0.0234  0.0233  0.0233
  0.0248  0.0251  0.0245  0.0244  0.0263  0.0233  0.0237  0.0238  0.0235  0.0235  0.0235  0.0233
  0.0257  0.0260  0.0246  0.0252  0.0287  0.0236  0.0246  0.0249  0.0239  0.0243  0.0240  0.0236
  0.0272  0.0275  0.0250  0.0268  0.0314  0.0248  0.0259  0.0268  0.0249  0.0257  0.0246  0.0242
niter,ni,del,rscale     6    3    5.0000    1.2000
parameters
   -0.5596   19.9056    2.7234   -3.2742  -10.7406    1.8746
    3.8524    1.6345   -3.0131   13.7587   -5.0121  -12.4112
eta,q 0.97684  7.16965
  0.0266  0.0266  0.0251  0.0252  0.0264  0.0248  0.0254  0.0268  0.0249  0.0259  0.0243  0.0244
  0.0248  0.0249  0.0243  0.0243  0.0248  0.0240  0.0242  0.0249  0.0240  0.0244  0.0237  0.0238
  0.0237  0.0238  0.0236  0.0236  0.0237  0.0234  0.0234  0.0236  0.0234  0.0235  0.0233  0.0234
  0.0233  0.0233  0.0233  0.0231  0.0231  0.0232  0.0232  0.0232  0.0232  0.0232  0.0232  0.0232
  0.0236  0.0234  0.0231  0.0230  0.0237  0.0232  0.0235  0.0235  0.0233  0.0235  0.0233  0.0232
  0.0245  0.0240  0.0233  0.0237  0.0255  0.0236  0.0243  0.0246  0.0239  0.0244  0.0236  0.0236
  0.0261  0.0252  0.0238  0.0252  0.0281  0.0249  0.0256  0.0265  0.0250  0.0259  0.0241  0.0243
niter,ni,del,rscale     5    3    5.0000    1.2000
parameters
   -0.5262   19.9280    2.8451   -3.2654  -10.8767    1.8878
    3.8333    1.6720   -3.0799   13.7213   -4.9512  -12.3151
eta,q 0.97684  7.16445
  0.0263  0.0257  0.0246  0.0251  0.0268  0.0248  0.0255  0.0267  0.0249  0.0259  0.0242  0.0243
  0.0246  0.0243  0.0239  0.0242  0.0252  0.0240  0.0242  0.0248  0.0240  0.0244  0.0236  0.0238
  0.0235  0.0234  0.0234  0.0235  0.0239  0.0234  0.0235  0.0236  0.0234  0.0235  0.0233  0.0234
  0.0232  0.0232  0.0232  0.0232  0.0231  0.0232  0.0232  0.0232  0.0232  0.0232  0.0232  0.0232
  0.0235  0.0234  0.0232  0.0231  0.0234  0.0232  0.0234  0.0235  0.0234  0.0235  0.0233  0.0232
  0.0244  0.0243  0.0236  0.0239  0.0250  0.0237  0.0243  0.0247  0.0240  0.0244  0.0236  0.0237
  0.0261  0.0256  0.0244  0.0254  0.0274  0.0250  0.0255  0.0267  0.0250  0.0260  0.0242  0.0244
niter,ni,del,rscale     4    3    5.0000    1.2000
parameters
   -0.5230   19.9271    2.8773   -3.2729  -10.8994    1.8889
    3.8317    1.6801   -3.1010   13.7024   -4.9308  -12.2769
eta,q 0.97684  7.16302
  0.0262  0.0257  0.0245  0.0251  0.0268  0.0248  0.0255  0.0267  0.0249  0.0259  0.0242  0.0243
  0.0245  0.0243  0.0238  0.0242  0.0252  0.0240  0.0242  0.0248  0.0240  0.0244  0.0236  0.0238
  0.0235  0.0234  0.0234  0.0235  0.0240  0.0234  0.0235  0.0236  0.0234  0.0235  0.0233  0.0234
  0.0232  0.0232  0.0232  0.0232  0.0232  0.0232  0.0232  0.0232  0.0232  0.0232  0.0232  0.0232
  0.0235  0.0235  0.0233  0.0231  0.0233  0.0232  0.0234  0.0235  0.0234  0.0235  0.0233  0.0233
  0.0245  0.0243  0.0237  0.0239  0.0249  0.0237  0.0242  0.0247  0.0239  0.0244  0.0236  0.0237
  0.0262  0.0256  0.0245  0.0254  0.0273  0.0250  0.0255  0.0267  0.0250  0.0259  0.0242  0.0244
niter,ni,del,rscale     3    3    5.0000    1.2000
parameters
   -0.5212   19.9232    2.8887   -3.2787  -10.9039    1.8903
    3.8293    1.6806   -3.1070   13.6945   -4.9239  -12.2637
eta,q 0.97684  7.16255
  0.0262  0.0257  0.0245  0.0251  0.0268  0.0248  0.0255  0.0266  0.0249  0.0259  0.0242  0.0243
  0.0245  0.0243  0.0238  0.0242  0.0252  0.0240  0.0242  0.0248  0.0240  0.0244  0.0236  0.0238
  0.0235  0.0234  0.0234  0.0235  0.0240  0.0234  0.0235  0.0236  0.0234  0.0235  0.0233  0.0234
  0.0232  0.0232  0.0232  0.0232  0.0232  0.0232  0.0232  0.0232  0.0232  0.0232  0.0232  0.0232
  0.0235  0.0235  0.0233  0.0231  0.0233  0.0232  0.0234  0.0235  0.0233  0.0235  0.0233  0.0233
  0.0245  0.0243  0.0237  0.0239  0.0249  0.0237  0.0242  0.0247  0.0239  0.0244  0.0236  0.0237
  0.0262  0.0257  0.0245  0.0254  0.0273  0.0250  0.0255  0.0267  0.0250  0.0259  0.0242  0.0244
registration optimization eta report
parameter search radius
    2.4000    2.4000    2.4000    7.2000    9.5220    7.2000
    7.2000    7.2000    7.2000    7.2000    8.2800    7.2000
100000*second partial in parameter space
       53.       43.       23.        4.        4.        3.
        4.        7.        3.        5.        2.        2.
  0.0262  0.0257  0.0245  0.0251  0.0268  0.0248  0.0255  0.0266  0.0249  0.0259  0.0242  0.0243
  0.0245  0.0243  0.0238  0.0242  0.0252  0.0240  0.0242  0.0248  0.0240  0.0244  0.0236  0.0238
  0.0235  0.0234  0.0234  0.0235  0.0240  0.0234  0.0235  0.0236  0.0234  0.0235  0.0233  0.0234
  0.0232  0.0232  0.0232  0.0232  0.0232  0.0232  0.0232  0.0232  0.0232  0.0232  0.0232  0.0232
  0.0235  0.0235  0.0233  0.0231  0.0233  0.0232  0.0234  0.0235  0.0233  0.0235  0.0233  0.0233
  0.0245  0.0243  0.0237  0.0239  0.0249  0.0237  0.0242  0.0247  0.0239  0.0244  0.0236  0.0237
  0.0262  0.0257  0.0245  0.0254  0.0273  0.0250  0.0255  0.0267  0.0250  0.0259  0.0242  0.0244
   -0.5212   19.9232    2.8887   -3.2787  -10.9039    1.8903
    3.8293    1.6806   -3.1070   13.6945   -4.9239  -12.2637
eta,q 0.97684  7.16255

---------------------------------------------------------------------
imgreg_4dfp /opt/freesurfer/average/711-2C_as_mni_average_305 /opt/freesurfer/average/711-2B_as_mni_average_305_mask talsrcimg_g11 none talsrcimg_to_711-2C_as_mni_average_305_t4 2311
---------------------------------------------------------------------

freesurfer imgreg_4dfp.c
/opt/freesurfer/average/711-2C_as_mni_average_305.4dfp.img
       256       256       256         1
  1.000000  1.000000  1.000000
orientation T byte_order littleendian
Reading image: /opt/freesurfer/average/711-2C_as_mni_average_305.4dfp.img
dimensions:      256       256       256
mmppix:       1.0000   -1.0000   -1.0000
center:     128.0000 -129.0000 -129.0000
/opt/freesurfer/average/711-2B_as_mni_average_305_mask.4dfp.img
       256       256       256         1
  1.000000  1.000000  1.000000
orientation T byte_order littleendian
Reading mask: /opt/freesurfer/average/711-2B_as_mni_average_305_mask.4dfp.img (2306576 pixels)
talsrcimg_g11.4dfp.img
       256       256       256         1
  1.000000  1.000000  1.000000
orientation T byte_order littleendian
Reading image: talsrcimg_g11.4dfp.img
dimensions:      256       256       256
mmppix:       1.0000   -1.0000   -1.0000
center:     128.0000 -129.0000 -129.0000
fimgreg.f
image alignment mode   2311 decimal      907 hex
parameters
   -0.5212   19.9232    2.8887   -3.2787  -10.9039    1.8903
    3.8293    1.6806   -3.1070   13.6945   -4.9239  -12.2637
eta,q 0.97684  7.16255
niter,ni,del,rscale     5    3    5.0000    0.8000
parameters
   -0.5117   19.9074    2.9466   -2.7038  -10.1356    2.4606
    3.8655    1.8576   -3.0110   13.6692   -4.9009  -12.1563
eta,q 0.97699  7.22066
  0.0245  0.0243  0.0238  0.0242  0.0245  0.0239  0.0242  0.0249  0.0239  0.0243  0.0234  0.0236
  0.0238  0.0236  0.0235  0.0237  0.0239  0.0234  0.0236  0.0239  0.0234  0.0236  0.0232  0.0233
  0.0233  0.0233  0.0233  0.0234  0.0234  0.0232  0.0232  0.0233  0.0231  0.0232  0.0231  0.0231
  0.0232  0.0232  0.0232  0.0232  0.0231  0.0230  0.0230  0.0230  0.0230  0.0230  0.0230  0.0230
  0.0233  0.0233  0.0232  0.0231  0.0230  0.0230  0.0231  0.0232  0.0231  0.0231  0.0231  0.0231
  0.0237  0.0237  0.0234  0.0233  0.0233  0.0232  0.0235  0.0237  0.0234  0.0236  0.0232  0.0232
  0.0245  0.0243  0.0237  0.0239  0.0240  0.0236  0.0242  0.0246  0.0238  0.0243  0.0234  0.0236
niter,ni,del,rscale     4    3    5.0000    0.7000
parameters
   -0.5005   19.7984    2.7981   -2.4588   -9.9185    2.5601
    3.8852    1.9013   -2.9295   13.6922   -4.8676  -12.0803
eta,q 0.97704  7.23896
  0.0241  0.0238  0.0234  0.0238  0.0240  0.0235  0.0239  0.0244  0.0237  0.0240  0.0233  0.0234
  0.0235  0.0233  0.0232  0.0235  0.0236  0.0232  0.0234  0.0236  0.0233  0.0234  0.0231  0.0232
  0.0231  0.0231  0.0230  0.0232  0.0232  0.0230  0.0231  0.0231  0.0231  0.0231  0.0230  0.0230
  0.0230  0.0230  0.0230  0.0230  0.0230  0.0230  0.0230  0.0230  0.0230  0.0230  0.0230  0.0230
  0.0231  0.0232  0.0231  0.0230  0.0230  0.0230  0.0231  0.0231  0.0230  0.0231  0.0230  0.0230
  0.0235  0.0235  0.0233  0.0232  0.0233  0.0231  0.0234  0.0236  0.0232  0.0234  0.0231  0.0231
  0.0241  0.0241  0.0236  0.0238  0.0239  0.0235  0.0239  0.0243  0.0236  0.0240  0.0233  0.0234
niter,ni,del,rscale     3    3    5.0000    0.6000
parameters
   -0.5057   19.7654    2.7517   -2.3090   -9.7962    2.6915
    3.9024    1.9226   -2.9040   13.7190   -4.7984  -12.0488
eta,q 0.97706  7.25144
  0.0238  0.0236  0.0233  0.0236  0.0237  0.0233  0.0236  0.0240  0.0234  0.0237  0.0232  0.0233
  0.0233  0.0232  0.0231  0.0233  0.0234  0.0231  0.0233  0.0234  0.0232  0.0233  0.0231  0.0231
  0.0231  0.0230  0.0230  0.0231  0.0231  0.0230  0.0230  0.0231  0.0230  0.0230  0.0230  0.0230
  0.0230  0.0230  0.0230  0.0230  0.0230  0.0229  0.0229  0.0229  0.0229  0.0229  0.0229  0.0229
  0.0231  0.0231  0.0230  0.0230  0.0230  0.0229  0.0230  0.0231  0.0230  0.0230  0.0230  0.0230
  0.0233  0.0233  0.0231  0.0232  0.0232  0.0230  0.0232  0.0234  0.0231  0.0232  0.0230  0.0231
  0.0238  0.0237  0.0234  0.0236  0.0237  0.0233  0.0237  0.0240  0.0234  0.0237  0.0232  0.0233
niter,ni,del,rscale     2    3    5.0000    0.5000
parameters
   -0.5083   19.7406    2.7099   -2.1498   -9.6976    2.8458
    3.9416    1.9364   -2.8787   13.7548   -4.7493  -12.0550
eta,q 0.97708  7.26411
  0.0235  0.0234  0.0232  0.0234  0.0235  0.0232  0.0234  0.0237  0.0233  0.0234  0.0231  0.0231
  0.0232  0.0231  0.0230  0.0232  0.0232  0.0231  0.0232  0.0233  0.0231  0.0232  0.0230  0.0230
  0.0230  0.0230  0.0230  0.0230  0.0230  0.0230  0.0230  0.0230  0.0230  0.0230  0.0229  0.0230
  0.0229  0.0229  0.0229  0.0229  0.0229  0.0229  0.0229  0.0229  0.0229  0.0229  0.0229  0.0229
  0.0230  0.0230  0.0230  0.0229  0.0230  0.0229  0.0230  0.0230  0.0230  0.0230  0.0229  0.0229
  0.0232  0.0232  0.0231  0.0231  0.0231  0.0230  0.0231  0.0233  0.0231  0.0231  0.0230  0.0230
  0.0235  0.0235  0.0232  0.0234  0.0235  0.0232  0.0234  0.0237  0.0233  0.0234  0.0231  0.0231
niter,ni,del,rscale     1    3    5.0000    0.4000
parameters
   -0.5122   19.7144    2.6676   -2.0156   -9.6091    3.0269
    3.9727    1.9455   -2.8462   13.8107   -4.6552  -12.0886
eta,q 0.97709  7.27667
  0.0233  0.0232  0.0231  0.0233  0.0233  0.0231  0.0232  0.0234  0.0231  0.0233  0.0230  0.0230
  0.0231  0.0230  0.0230  0.0231  0.0231  0.0230  0.0231  0.0231  0.0230  0.0231  0.0230  0.0230
  0.0230  0.0229  0.0229  0.0230  0.0230  0.0229  0.0230  0.0230  0.0229  0.0230  0.0229  0.0229
  0.0229  0.0229  0.0229  0.0229  0.0229  0.0229  0.0229  0.0229  0.0229  0.0229  0.0229  0.0229
  0.0230  0.0230  0.0229  0.0229  0.0229  0.0229  0.0229  0.0230  0.0229  0.0229  0.0229  0.0229
  0.0231  0.0231  0.0230  0.0230  0.0231  0.0229  0.0230  0.0231  0.0230  0.0230  0.0230  0.0230
  0.0233  0.0233  0.0231  0.0232  0.0233  0.0231  0.0232  0.0234  0.0231  0.0232  0.0230  0.0231
registration optimization eta report
parameter search radius
    0.8000    0.8000    0.8000    2.4000    2.4000    2.4000
    2.4000    2.4000    2.4000    2.4000    2.4000    2.4000
100000*second partial in parameter space
       61.       50.       25.        6.        7.        3.
        6.        9.        4.        6.        2.        2.
  0.0233  0.0232  0.0231  0.0233  0.0233  0.0231  0.0232  0.0234  0.0231  0.0233  0.0230  0.0230
  0.0231  0.0230  0.0230  0.0231  0.0231  0.0230  0.0231  0.0231  0.0230  0.0231  0.0230  0.0230
  0.0230  0.0229  0.0229  0.0230  0.0230  0.0229  0.0230  0.0230  0.0229  0.0230  0.0229  0.0229
  0.0229  0.0229  0.0229  0.0229  0.0229  0.0229  0.0229  0.0229  0.0229  0.0229  0.0229  0.0229
  0.0230  0.0230  0.0229  0.0229  0.0229  0.0229  0.0229  0.0230  0.0229  0.0229  0.0229  0.0229
  0.0231  0.0231  0.0230  0.0230  0.0231  0.0229  0.0230  0.0231  0.0230  0.0230  0.0230  0.0230
  0.0233  0.0233  0.0231  0.0232  0.0233  0.0231  0.0232  0.0234  0.0231  0.0232  0.0230  0.0231
   -0.5122   19.7144    2.6676   -2.0156   -9.6091    3.0269
    3.9727    1.9455   -2.8462   13.8107   -4.6552  -12.0886
eta,q 0.97709  7.27667

---------------------------------------------------------------------
imgreg_4dfp /opt/freesurfer/average/711-2C_as_mni_average_305 /opt/freesurfer/average/711-2B_as_mni_average_305_mask talsrcimg_g11 none talsrcimg_to_711-2C_as_mni_average_305_t4 2311
---------------------------------------------------------------------

freesurfer imgreg_4dfp.c
/opt/freesurfer/average/711-2C_as_mni_average_305.4dfp.img
       256       256       256         1
  1.000000  1.000000  1.000000
orientation T byte_order littleendian
Reading image: /opt/freesurfer/average/711-2C_as_mni_average_305.4dfp.img
dimensions:      256       256       256
mmppix:       1.0000   -1.0000   -1.0000
center:     128.0000 -129.0000 -129.0000
/opt/freesurfer/average/711-2B_as_mni_average_305_mask.4dfp.img
       256       256       256         1
  1.000000  1.000000  1.000000
orientation T byte_order littleendian
Reading mask: /opt/freesurfer/average/711-2B_as_mni_average_305_mask.4dfp.img (2306576 pixels)
talsrcimg_g11.4dfp.img
       256       256       256         1
  1.000000  1.000000  1.000000
orientation T byte_order littleendian
Reading image: talsrcimg_g11.4dfp.img
dimensions:      256       256       256
mmppix:       1.0000   -1.0000   -1.0000
center:     128.0000 -129.0000 -129.0000
fimgreg.f
image alignment mode   2311 decimal      907 hex
parameters
   -0.5122   19.7144    2.6676   -2.0156   -9.6091    3.0269
    3.9727    1.9455   -2.8462   13.8107   -4.6552  -12.0886
eta,q 0.97709  7.27668
niter,ni,del,rscale     5    3    5.0000    0.8000
parameters
   -0.5269   19.7129    2.6165   -2.4976   -9.8764    2.4451
    3.8895    1.8649   -2.9323   13.7026   -4.8046  -12.1201
eta,q 0.97702  7.23808
  0.0244  0.0242  0.0235  0.0239  0.0241  0.0235  0.0241  0.0247  0.0238  0.0242  0.0233  0.0235
  0.0236  0.0235  0.0232  0.0234  0.0235  0.0232  0.0235  0.0237  0.0233  0.0235  0.0231  0.0232
  0.0231  0.0230  0.0230  0.0231  0.0231  0.0230  0.0231  0.0232  0.0231  0.0231  0.0230  0.0231
  0.0229  0.0229  0.0229  0.0229  0.0229  0.0229  0.0230  0.0230  0.0230  0.0230  0.0230  0.0230
  0.0231  0.0231  0.0230  0.0230  0.0231  0.0230  0.0231  0.0232  0.0231  0.0231  0.0230  0.0230
  0.0236  0.0235  0.0232  0.0236  0.0236  0.0233  0.0235  0.0238  0.0234  0.0236  0.0232  0.0232
  0.0245  0.0242  0.0236  0.0245  0.0245  0.0241  0.0242  0.0248  0.0239  0.0244  0.0234  0.0236
niter,ni,del,rscale     4    3    5.0000    0.7000
parameters
   -0.5178   19.7767    2.7368   -2.4469   -9.8738    2.5773
    3.8905    1.8884   -2.9264   13.7158   -4.8221  -12.1092
eta,q 0.97704  7.24216
  0.0241  0.0240  0.0235  0.0238  0.0240  0.0235  0.0239  0.0244  0.0236  0.0240  0.0233  0.0234
  0.0235  0.0235  0.0232  0.0234  0.0235  0.0232  0.0234  0.0236  0.0233  0.0234  0.0231  0.0232
  0.0231  0.0231  0.0231  0.0231  0.0231  0.0230  0.0231  0.0231  0.0230  0.0231  0.0230  0.0230
  0.0230  0.0230  0.0230  0.0230  0.0230  0.0230  0.0230  0.0230  0.0230  0.0230  0.0230  0.0230
  0.0231  0.0231  0.0230  0.0230  0.0230  0.0230  0.0230  0.0231  0.0230  0.0230  0.0230  0.0230
  0.0235  0.0233  0.0231  0.0233  0.0234  0.0231  0.0234  0.0236  0.0232  0.0234  0.0231  0.0231
  0.0241  0.0238  0.0234  0.0239  0.0240  0.0235  0.0239  0.0243  0.0236  0.0240  0.0233  0.0234
niter,ni,del,rscale     3    3    5.0000    0.6000
parameters
   -0.5105   19.7632    2.7328   -2.3026   -9.7907    2.7046
    3.9083    1.9185   -2.9054   13.7357   -4.7847  -12.0619
eta,q 0.97706  7.25254
  0.0238  0.0236  0.0233  0.0236  0.0237  0.0233  0.0236  0.0240  0.0234  0.0237  0.0232  0.0233
  0.0233  0.0233  0.0231  0.0233  0.0234  0.0231  0.0233  0.0234  0.0232  0.0233  0.0230  0.0231
  0.0231  0.0230  0.0230  0.0231  0.0231  0.0230  0.0230  0.0231  0.0230  0.0230  0.0230  0.0230
  0.0230  0.0230  0.0230  0.0230  0.0229  0.0229  0.0229  0.0229  0.0229  0.0229  0.0229  0.0229
  0.0231  0.0230  0.0230  0.0230  0.0230  0.0229  0.0230  0.0231  0.0230  0.0230  0.0230  0.0230
  0.0233  0.0233  0.0231  0.0232  0.0232  0.0230  0.0232  0.0234  0.0231  0.0232  0.0230  0.0231
  0.0238  0.0237  0.0233  0.0236  0.0237  0.0233  0.0237  0.0240  0.0234  0.0237  0.0232  0.0233
niter,ni,del,rscale     2    3    5.0000    0.5000
parameters
   -0.5085   19.7413    2.7005   -2.1531   -9.6955    2.8606
    3.9437    1.9334   -2.8740   13.7657   -4.7588  -12.0693
eta,q 0.97708  7.26469
  0.0235  0.0234  0.0232  0.0234  0.0235  0.0232  0.0234  0.0237  0.0233  0.0234  0.0231  0.0231
  0.0232  0.0231  0.0230  0.0232  0.0232  0.0231  0.0232  0.0233  0.0231  0.0232  0.0230  0.0230
  0.0230  0.0230  0.0230  0.0230  0.0230  0.0230  0.0230  0.0230  0.0230  0.0230  0.0229  0.0230
  0.0229  0.0229  0.0229  0.0229  0.0229  0.0229  0.0229  0.0229  0.0229  0.0229  0.0229  0.0229
  0.0230  0.0230  0.0230  0.0229  0.0230  0.0229  0.0230  0.0230  0.0230  0.0230  0.0229  0.0229
  0.0232  0.0232  0.0231  0.0231  0.0231  0.0230  0.0231  0.0233  0.0231  0.0231  0.0230  0.0230
  0.0235  0.0235  0.0232  0.0234  0.0235  0.0232  0.0234  0.0237  0.0233  0.0234  0.0231  0.0231
niter,ni,del,rscale     1    3    5.0000    0.4000
parameters
   -0.5108   19.7200    2.6629   -2.0182   -9.6110    3.0230
    3.9625    1.9413   -2.8483   13.8222   -4.6776  -12.0963
eta,q 0.97709  7.27652
  0.0233  0.0232  0.0231  0.0233  0.0233  0.0231  0.0232  0.0234  0.0231  0.0233  0.0230  0.0230
  0.0231  0.0230  0.0230  0.0231  0.0231  0.0230  0.0231  0.0231  0.0230  0.0231  0.0230  0.0230
  0.0230  0.0229  0.0229  0.0230  0.0230  0.0229  0.0230  0.0230  0.0229  0.0230  0.0229  0.0229
  0.0229  0.0229  0.0229  0.0229  0.0229  0.0229  0.0229  0.0229  0.0229  0.0229  0.0229  0.0229
  0.0230  0.0230  0.0229  0.0229  0.0229  0.0229  0.0229  0.0230  0.0229  0.0229  0.0229  0.0229
  0.0231  0.0231  0.0230  0.0230  0.0231  0.0229  0.0231  0.0231  0.0230  0.0230  0.0230  0.0230
  0.0233  0.0233  0.0231  0.0232  0.0233  0.0231  0.0232  0.0234  0.0231  0.0232  0.0230  0.0231
registration optimization eta report
parameter search radius
    0.8000    0.8000    0.8000    2.4000    2.4000    2.4000
    2.4000    2.4000    2.4000    2.4000    2.4000    2.4000
100000*second partial in parameter space
       61.       50.       26.        6.        7.        3.
        6.        9.        4.        6.        2.        2.
  0.0233  0.0232  0.0231  0.0233  0.0233  0.0231  0.0232  0.0234  0.0231  0.0233  0.0230  0.0230
  0.0231  0.0230  0.0230  0.0231  0.0231  0.0230  0.0231  0.0231  0.0230  0.0231  0.0230  0.0230
  0.0230  0.0229  0.0229  0.0230  0.0230  0.0229  0.0230  0.0230  0.0229  0.0230  0.0229  0.0229
  0.0229  0.0229  0.0229  0.0229  0.0229  0.0229  0.0229  0.0229  0.0229  0.0229  0.0229  0.0229
  0.0230  0.0230  0.0229  0.0229  0.0229  0.0229  0.0229  0.0230  0.0229  0.0229  0.0229  0.0229
  0.0231  0.0231  0.0230  0.0230  0.0231  0.0229  0.0231  0.0231  0.0230  0.0230  0.0230  0.0230
  0.0233  0.0233  0.0231  0.0232  0.0233  0.0231  0.0232  0.0234  0.0231  0.0232  0.0230  0.0231
   -0.5108   19.7200    2.6629   -2.0182   -9.6110    3.0230
    3.9625    1.9413   -2.8483   13.8222   -4.6776  -12.0963
eta,q 0.97709  7.27652

---------------------------------------------------------------------
compute_vox2vox talsrcimg talsrcimg_to_711-2C_as_mni_average_305_t4 /opt/freesurfer/average/711-2C_as_mni_average_305
---------------------------------------------------------------------

freesurfer compute_vox2vox.c
Reading: talsrcimg.4dfp.ifh
Reading: talsrcimg_to_711-2C_as_mni_average_305_t4
Reading: /opt/freesurfer/average/711-2C_as_mni_average_305.4dfp.ifh
Writing: talsrcimg_to_711-2C_as_mni_average_305_t4_vox2vox.txt

start time Mon Mar 9 00:55:14 CET 2026
end		time Mon Mar 9 00:56:39 CET 2026

mpr2mni305 success

avi2talxfm orig_nu.mgz /opt/freesurfer/average/mni305.cor.mgz talsrcimg_to_711-2C_as_mni_average_305_t4_vox2vox.txt transforms/talairach.auto.xfm
avi2talxfm done
mv -f /out/sourcedata/freesurfer/sub-v1s17x0050232_ses-1/mri/talsrcimg_to_711-2C_as_mni_average_305_t4_vox2vox.txt /out/sourcedata/freesurfer/sub-v1s17x0050232_ses-1/mri/transforms/talsrcimg_to_711-2C_as_mni_average_305_t4_vox2vox.txt
lta_convert --src orig_nu.mgz --trg /opt/freesurfer/average/mni305.cor.mgz --inxfm transforms/talairach.auto.xfm --outlta transforms/talairach.auto.xfm.lta --subject fsaverage
7.3.2

--src: orig_nu.mgz src image (geometry).
--trg: /opt/freesurfer/average/mni305.cor.mgz trg image (geometry).
--inmni: transforms/talairach.auto.xfm input MNI/XFM transform.
--outlta: transforms/talairach.auto.xfm.lta output LTA.
--s: fsaverage subject name
 LTA read, type : 1
 1.01863  -0.01297  -0.04639  -0.35516;
 0.04914   0.95291   0.12537  -2.48106;
 0.02458  -0.14613   1.08570  -3.23900;
 0.00000   0.00000   0.00000   1.00000;
setting subject to fsaverage
Writing  LTA to file transforms/talairach.auto.xfm.lta...
lta_convert successful.
 
 
Started at Mon Mar 9 00:55:14 CET 2026
Ended   at Mon Mar  9 00:56:40 CET 2026
talairach_avi done
