status file for recon-all
Mon Mar  9 00:56:02 CET 2026
#@# MotionCor Mon Mar  9 00:56:04 CET 2026
#@# Talairach Mon Mar  9 00:56:11 CET 2026
#@# Talairach Failure Detection Mon Mar  9 01:00:35 CET 2026
#@# Nu Intensity Correction Mon Mar  9 01:00:35 CET 2026
#@# Intensity Normalization Mon Mar  9 01:03:48 CET 2026
recon-all -s sub-v1s17x0050235_ses-1 finished without error at Mon Mar  9 01:05:23 CET 2026



#New# invocation of recon-all 



status file for recon-all
Mon Mar  9 01:12:51 CET 2026
#@# EM Registration Mon Mar  9 01:12:51 CET 2026
recon-all -s sub-v1s17x0050235_ses-1 finished without error at Mon Mar  9 01:14:35 CET 2026



#New# invocation of recon-all 



status file for recon-all
Mon Mar  9 01:14:36 CET 2026
#@# CA Normalize Mon Mar  9 01:14:36 CET 2026
#@# CA Reg Mon Mar  9 01:15:58 CET 2026
#@# SubCort Seg Mon Mar  9 01:56:13 CET 2026
#@# CC Seg Mon Mar  9 02:22:47 CET 2026
#@# Merge ASeg Mon Mar  9 02:23:22 CET 2026
#@# Intensity Normalization2 Mon Mar  9 02:23:22 CET 2026
#@# Mask BFS Mon Mar  9 02:25:43 CET 2026
#@# WM Segmentation Mon Mar  9 02:25:43 CET 2026
#@# Fill Mon Mar  9 02:27:38 CET 2026
recon-all -s sub-v1s17x0050235_ses-1 finished without error at Mon Mar  9 02:28:39 CET 2026



#New# invocation of recon-all 



status file for recon-all
Mon Mar  9 03:14:42 CET 2026
#@# white curv lh Mon Mar  9 03:14:42 CET 2026
#@# white area lh Mon Mar  9 03:14:42 CET 2026
#@# pial curv lh Mon Mar  9 03:14:42 CET 2026
#@# pial area lh Mon Mar  9 03:14:42 CET 2026
#@# thickness lh Mon Mar  9 03:14:42 CET 2026
#@# area and vertex vol lh Mon Mar  9 03:14:42 CET 2026
#@# white curv rh Mon Mar  9 03:14:42 CET 2026
#@# white area rh Mon Mar  9 03:14:42 CET 2026
#@# pial curv rh Mon Mar  9 03:14:42 CET 2026
#@# pial area rh Mon Mar  9 03:14:43 CET 2026
#@# thickness rh Mon Mar  9 03:14:43 CET 2026
#@# area and vertex vol rh Mon Mar  9 03:14:43 CET 2026
#@# Cortical ribbon mask Mon Mar  9 03:14:43 CET 2026
recon-all -s sub-v1s17x0050235_ses-1 finished without error at Mon Mar  9 03:20:03 CET 2026



#New# invocation of recon-all 



status file for recon-all
Mon Mar  9 03:26:00 CET 2026
#@# white curv lh Mon Mar  9 03:26:00 CET 2026
#@# white area lh Mon Mar  9 03:26:00 CET 2026
#@# pial curv lh Mon Mar  9 03:26:00 CET 2026
#@# pial area lh Mon Mar  9 03:26:00 CET 2026
#@# thickness lh Mon Mar  9 03:26:00 CET 2026
#@# area and vertex vol lh Mon Mar  9 03:26:00 CET 2026
#@# white curv rh Mon Mar  9 03:26:00 CET 2026
#@# white area rh Mon Mar  9 03:26:00 CET 2026
#@# pial curv rh Mon Mar  9 03:26:00 CET 2026
#@# pial area rh Mon Mar  9 03:26:00 CET 2026
#@# thickness rh Mon Mar  9 03:26:00 CET 2026
#@# area and vertex vol rh Mon Mar  9 03:26:01 CET 2026
#@# Curvature Stats lh Mon Mar  9 03:26:01 CET 2026
#@# Curvature Stats rh Mon Mar  9 03:26:03 CET 2026
#@# Relabel Hypointensities Mon Mar  9 03:26:05 CET 2026
#@# APas-to-ASeg Mon Mar  9 03:26:19 CET 2026
#@# AParc-to-ASeg aparc Mon Mar  9 03:26:26 CET 2026
#@# AParc-to-ASeg aparc.a2009s Mon Mar  9 03:26:55 CET 2026
#@# AParc-to-ASeg aparc.DKTatlas Mon Mar  9 03:27:24 CET 2026
#@# WMParc Mon Mar  9 03:27:53 CET 2026
#@# ASeg Stats Mon Mar  9 03:31:25 CET 2026
recon-all -s sub-v1s17x0050235_ses-1 finished without error at Mon Mar  9 03:31:57 CET 2026
