/out/sourcedata/freesurfer/sub-v1s17x0050260_ses-1/mri
/opt/freesurfer/bin/talairach_avi
--i orig_nu.mgz --xfm transforms/talairach.auto.xfm
talairach_avi 7.3.2
Linux dna081 5.14.0-427.37.1.el9_4.x86_64 #1 SMP PREEMPT_DYNAMIC Fri Sep 13 12:41:50 EDT 2024 x86_64 x86_64 x86_64 GNU/Linux
Mon Mar  9 02:28:12 CET 2026
mri_convert orig_nu.mgz talsrcimg.img 
reading from orig_nu.mgz...
TR=0.00, TE=0.00, TI=0.00, flip angle=0.00
i_ras = (-1, -1.07684e-09, 0)
j_ras = (0, 0, -1)
k_ras = (1.07684e-09, 1, 0)
writing to talsrcimg.img...
Analyze Output Matrix
-1.00000   0.00000   0.00000   128.45419;
-0.00000   0.00000   1.00000  -138.50629;
 0.00000  -1.00000   0.00000   123.15002;
 0.00000   0.00000   0.00000   1.00000;
--------------------
INFO: set hdr.hist.orient to -1
mpr2mni305 talsrcimg
Mon Mar  9 02:28:13 CET 2026
/opt/freesurfer/bin/mpr2mni305 talsrcimg
mpr2mni305 7.3.2
target=711-2C_as_mni_average_305

---------------------------------------------------------------------
analyzeto4dfp talsrcimg -O0 -y
---------------------------------------------------------------------

freesurfer ifh2hdr.c
Mon Mar  9 02:28:13 2026
Writing: talsrcimg.4dfp.hdr
freesurfer analyzeto4dfp.c
Reading: talsrcimg.hdr
header size 348 bytes
hdr.dime.datatype	offset=70	value=2
hdr.dime.bitpix		offset=72	value=8
hdr.hist.orient		offset=252	value=-1
dimensionality     4
dimensions       256       256       256         1
Reading: talsrcimg.img
Writing: talsrcimg.4dfp.img
Writing: talsrcimg.4dfp.ifh
ifh2hdr talsrcimg -r0to255
ori=2

---------------------------------------------------------------------
gauss_4dfp talsrcimg 1.1
---------------------------------------------------------------------

freesurfer gauss_4dfp.c
Reading: talsrcimg.4dfp.img
Writing: talsrcimg_g11.4dfp.img
image dimensions 256 256 256 padded to 288 288 288
processing volume 1freesurfer ifh2hdr.c
Mon Mar  9 02:28:14 2026
Writing: talsrcimg_g11.4dfp.hdr

Writing: talsrcimg_g11.4dfp.ifh
including: talsrcimg.4dfp.img.rec in talsrcimg_g11.4dfp.img.rec

---------------------------------------------------------------------
imgreg_4dfp /opt/freesurfer/average/711-2C_as_mni_average_305 none talsrcimg_g11 none talsrcimg_to_711-2C_as_mni_average_305_t4 4355
---------------------------------------------------------------------

freesurfer imgreg_4dfp.c
/opt/freesurfer/average/711-2C_as_mni_average_305.4dfp.img
       256       256       256         1
  1.000000  1.000000  1.000000
orientation T byte_order littleendian
Reading image: /opt/freesurfer/average/711-2C_as_mni_average_305.4dfp.img
dimensions:      256       256       256
mmppix:       1.0000   -1.0000   -1.0000
center:     128.0000 -129.0000 -129.0000
talsrcimg_g11.4dfp.img
       256       256       256         1
  1.000000  1.000000  1.000000
orientation T byte_order littleendian
Reading image: talsrcimg_g11.4dfp.img
dimensions:      256       256       256
mmppix:       1.0000   -1.0000   -1.0000
center:     128.0000 -129.0000 -129.0000
t4_read: open error in t4_sub.f l:  41 t4_file(1:l)talsrcimg_to_711-2C_as_mni_average_305_t4 
t4_read: transform initialized to I4
rotation matrix determinant  1.000000
image alignment mode   4355 decimal     1103 hex
   -7.5000  -45.0000  -45.0000 7326.5737   13.0382
    0.0000  -45.0000  -45.0000 7617.6396   13.0660
    7.5000  -45.0000  -45.0000 7255.1416   13.0890
   -7.5000  -37.5000  -45.0000 7890.3301   12.9886
    0.0000  -37.5000  -45.0000 8220.0430   13.0165
    7.5000  -37.5000  -45.0000 7815.2148   13.0412
   -7.5000  -30.0000  -45.0000 8797.6592   13.0215
    0.0000  -30.0000  -45.0000 9159.0811   13.0462
    7.5000  -30.0000  -45.0000 8697.6016   13.0748
   -7.5000  -22.5000  -45.0000 9612.3535   13.0453
    0.0000  -22.5000  -45.000010012.2451   13.0655
    7.5000  -22.5000  -45.0000 9510.0723   13.0959
   -7.5000  -15.0000  -45.000010327.3896   13.0360
    0.0000  -15.0000  -45.000010744.8242   13.0557
    7.5000  -15.0000  -45.000010195.3818   13.0841
   -7.5000   -7.5000  -45.000010967.8730   12.9992
    0.0000   -7.5000  -45.000011417.2871   13.0227
    7.5000   -7.5000  -45.000010827.4717   13.0475
   -7.5000    0.0000  -45.000011588.8887   12.9736
    0.0000    0.0000  -45.000012071.3506   13.0010
    7.5000    0.0000  -45.000011446.8848   13.0237
   -7.5000    7.5000  -45.000011339.6631   12.9866
    0.0000    7.5000  -45.000011799.9102   13.0145
    7.5000    7.5000  -45.000011212.5020   13.0392
   -7.5000   15.0000  -45.000010941.5576   13.0215
    0.0000   15.0000  -45.000011376.3633   13.0462
    7.5000   15.0000  -45.000010825.7314   13.0748
   -7.5000   22.5000  -45.000010552.0693   13.0435
    0.0000   22.5000  -45.000010954.3145   13.0637
    7.5000   22.5000  -45.000010400.0830   13.0941
   -7.5000   30.0000  -45.0000 9901.0986   12.8623
    0.0000   30.0000  -45.000010271.4209   12.8817
    7.5000   30.0000  -45.0000 9763.6250   12.9097
   -7.5000   37.5000  -45.0000 9440.1299   12.8259
    0.0000   37.5000  -45.0000 9781.5010   12.8492
    7.5000   37.5000  -45.0000 9295.4746   12.8736
   -7.5000   45.0000  -45.0000 8653.2627   12.4756
    0.0000   45.0000  -45.0000 8961.5967   12.5020
    7.5000   45.0000  -45.0000 8519.6826   12.5239
   -7.5000  -45.0000  -37.5000 7818.6392   12.9743
    0.0000  -45.0000  -37.5000 8136.6714   13.0073
    7.5000  -45.0000  -37.5000 7731.3403   13.0308
   -7.5000  -37.5000  -37.5000 8446.2969   12.9250
    0.0000  -37.5000  -37.5000 8792.2051   12.9577
    7.5000  -37.5000  -37.5000 8345.9951   12.9830
   -7.5000  -30.0000  -37.5000 9401.0244   12.9580
    0.0000  -30.0000  -37.5000 9779.5801   12.9889
    7.5000  -30.0000  -37.5000 9291.0732   13.0188
   -7.5000  -22.5000  -37.500010264.9648   12.9822
    0.0000  -22.5000  -37.500010687.8877   13.0106
    7.5000  -22.5000  -37.500010153.9062   13.0425
   -7.5000  -15.0000  -37.500010990.4912   12.9739
    0.0000  -15.0000  -37.500011451.7090   13.0020
    7.5000  -15.0000  -37.500010870.5596   13.0321
   -7.5000   -7.5000  -37.500011673.6016   12.9369
    0.0000   -7.5000  -37.500012183.7656   12.9674
    7.5000   -7.5000  -37.500011546.2539   12.9933
   -7.5000    0.0000  -37.500012344.9023   12.9103
    0.0000    0.0000  -37.500012886.7461   12.9429
    7.5000    0.0000  -37.500012209.5723   12.9662
   -7.5000    7.5000  -37.500012066.5342   12.9230
    0.0000    7.5000  -37.500012569.0088   12.9558
    7.5000    7.5000  -37.500011937.5342   12.9810
   -7.5000   15.0000  -37.500011612.3242   12.9579
    0.0000   15.0000  -37.500012093.8379   12.9889
    7.5000   15.0000  -37.500011497.4834   13.0187
   -7.5000   22.5000  -37.500011175.2734   12.9804
    0.0000   22.5000  -37.500011622.1670   13.0088
    7.5000   22.5000  -37.500011019.3311   13.0407
   -7.5000   30.0000  -37.500010504.8711   12.8010
    0.0000   30.0000  -37.500010910.5752   12.8287
    7.5000   30.0000  -37.500010359.1240   12.8584
   -7.5000   37.5000  -37.5000 9958.8086   12.7645
    0.0000   37.5000  -37.500010366.6113   12.7946
    7.5000   37.5000  -37.5000 9837.1191   12.8202
   -7.5000   45.0000  -37.5000 9114.7686   12.4148
    0.0000   45.0000  -37.5000 9461.6797   12.4462
    7.5000   45.0000  -37.5000 8983.7939   12.4685
   -7.5000  -45.0000  -30.0000 8467.0586   13.5099
    0.0000  -45.0000  -30.0000 8812.4355   13.5484
    7.5000  -45.0000  -30.0000 8365.2773   13.5718
   -7.5000  -37.5000  -30.0000 9152.5781   13.4610
    0.0000  -37.5000  -30.0000 9511.6133   13.4984
    7.5000  -37.5000  -30.0000 9031.6836   13.5234
   -7.5000  -30.0000  -30.000010161.4551   13.4950
    0.0000  -30.0000  -30.000010556.7607   13.5312
    7.5000  -30.0000  -30.000010047.4551   13.5607
   -7.5000  -22.5000  -30.000011096.5381   13.5176
    0.0000  -22.5000  -30.000011548.1602   13.5532
    7.5000  -22.5000  -30.000010981.4521   13.5849
   -7.5000  -15.0000  -30.000011865.9814   13.5074
    0.0000  -15.0000  -30.000012356.6943   13.5436
    7.5000  -15.0000  -30.000011753.1221   13.5738
   -7.5000   -7.5000  -30.000012613.5107   13.4689
    0.0000   -7.5000  -30.000013159.1943   13.5066
    7.5000   -7.5000  -30.000012480.1592   13.5326
   -7.5000    0.0000  -30.000013343.8613   13.4432
    0.0000    0.0000  -30.000013917.0752   13.4814
    7.5000    0.0000  -30.000013174.8174   13.5045
   -7.5000    7.5000  -30.000013001.9160   13.4590
    0.0000    7.5000  -30.000013561.8574   13.4963
    7.5000    7.5000  -30.000012836.6299   13.5214
   -7.5000   15.0000  -30.000012498.6914   13.4950
    0.0000   15.0000  -30.000013036.4932   13.5312
    7.5000   15.0000  -30.000012370.5264   13.5606
   -7.5000   22.5000  -30.000011988.4463   13.5144
    0.0000   22.5000  -30.000012465.3721   13.5499
    7.5000   22.5000  -30.000011823.0146   13.5816
   -7.5000   30.0000  -30.000011305.1191   13.3286
    0.0000   30.0000  -30.000011753.1924   13.3644
    7.5000   30.0000  -30.000011140.8457   13.3942
   -7.5000   37.5000  -30.000010677.7051   13.2907
    0.0000   37.5000  -30.000011124.0420   13.3279
    7.5000   37.5000  -30.000010549.0947   13.3536
   -7.5000   45.0000  -30.0000 9728.3184   12.9368
    0.0000   45.0000  -30.000010100.9756   12.9735
    7.5000   45.0000  -30.0000 9616.8906   12.9957
   -7.5000  -45.0000  -22.5000 9113.0645   13.9712
    0.0000  -45.0000  -22.5000 9482.5674   14.0090
    7.5000  -45.0000  -22.5000 9016.5811   14.0314
   -7.5000  -37.5000  -22.5000 9829.5244   13.9236
    0.0000  -37.5000  -22.500010229.3945   13.9597
    7.5000  -37.5000  -22.5000 9722.5947   13.9833
   -7.5000  -30.0000  -22.500010894.4492   13.9584
    0.0000  -30.0000  -22.500011346.7344   13.9924
    7.5000  -30.0000  -22.500010789.6865   14.0190
   -7.5000  -22.5000  -22.500011913.0205   13.9785
    0.0000  -22.5000  -22.500012417.3535   14.0119
    7.5000  -22.5000  -22.500011792.1182   14.0401
   -7.5000  -15.0000  -22.500012764.4473   13.9649
    0.0000  -15.0000  -22.500013280.4346   13.9996
    7.5000  -15.0000  -22.500012628.2783   14.0268
   -7.5000   -7.5000  -22.500013561.1611   13.9254
    0.0000   -7.5000  -22.500014131.2383   13.9620
    7.5000   -7.5000  -22.500013375.5898   13.9862
   -7.5000    0.0000  -22.500014312.7197   13.9022
    0.0000    0.0000  -22.500014912.7549   13.9397
    7.5000    0.0000  -22.500014104.4678   13.9618
   -7.5000    7.5000  -22.500013933.0117   13.9215
    0.0000    7.5000  -22.500014567.4199   13.9576
    7.5000    7.5000  -22.500013749.4492   13.9812
   -7.5000   15.0000  -22.500013397.7129   13.9583
    0.0000   15.0000  -22.500014013.2363   13.9923
    7.5000   15.0000  -22.500013250.4092   14.0190
   -7.5000   22.5000  -22.500012761.6064   13.9742
    0.0000   22.5000  -22.500013321.2637   14.0075
    7.5000   22.5000  -22.500012587.8447   14.0357
   -7.5000   30.0000  -22.500012009.1758   13.7823
    0.0000   30.0000  -22.500012539.3320   13.8165
    7.5000   30.0000  -22.500011864.3574   13.8433
   -7.5000   37.5000  -22.500011347.4287   13.7432
    0.0000   37.5000  -22.500011829.1709   13.7794
    7.5000   37.5000  -22.500011222.8848   13.8032
   -7.5000   45.0000  -22.500010323.4561   13.3885
    0.0000   45.0000  -22.500010733.5771   13.4246
    7.5000   45.0000  -22.500010216.0488   13.4459
   -7.5000  -45.0000  -15.0000 9744.5234   14.3004
    0.0000  -45.0000  -15.000010144.2441   14.3330
    7.5000  -45.0000  -15.0000 9665.9805   14.3550
   -7.5000  -37.5000  -15.000010481.0742   14.2525
    0.0000  -37.5000  -15.000010920.6826   14.2839
    7.5000  -37.5000  -15.000010408.1416   14.3069
   -7.5000  -30.0000  -15.000011608.7627   14.2883
    0.0000  -30.0000  -15.000012103.2617   14.3161
    7.5000  -30.0000  -15.000011527.9521   14.3410
   -7.5000  -22.5000  -15.000012697.9092   14.3084
    0.0000  -22.5000  -15.000013249.2529   14.3333
    7.5000  -22.5000  -15.000012593.5645   14.3590
   -7.5000  -15.0000  -15.000013631.6680   14.2929
    0.0000  -15.0000  -15.000014214.9170   14.3187
    7.5000  -15.0000  -15.000013520.4961   14.3433
   -7.5000   -7.5000  -15.000014465.1367   14.2522
    0.0000   -7.5000  -15.000015090.2803   14.2817
    7.5000   -7.5000  -15.000014310.5850   14.3043
   -7.5000    0.0000  -15.000015217.5957   14.2297
    0.0000    0.0000  -15.000015894.1133   14.2621
    7.5000    0.0000  -15.000015036.9053   14.2838
   -7.5000    7.5000  -15.000014839.0176   14.2503
    0.0000    7.5000  -15.000015555.6045   14.2818
    7.5000    7.5000  -15.000014673.5879   14.3047
   -7.5000   15.0000  -15.000014304.7793   14.2883
    0.0000   15.0000  -15.000014989.5615   14.3161
    7.5000   15.0000  -15.000014163.1934   14.3410
   -7.5000   22.5000  -15.000013546.5830   14.3033
    0.0000   22.5000  -15.000014155.4775   14.3283
    7.5000   22.5000  -15.000013395.8838   14.3540
   -7.5000   30.0000  -15.000012721.7246   14.1079
    0.0000   30.0000  -15.000013303.3203   14.1334
    7.5000   30.0000  -15.000012608.3516   14.1577
   -7.5000   37.5000  -15.000012032.7090   14.0678
    0.0000   37.5000  -15.000012568.0586   14.0969
    7.5000   37.5000  -15.000011940.7080   14.1191
   -7.5000   45.0000  -15.000010928.0205   13.7122
    0.0000   45.0000  -15.000011386.2979   13.7434
    7.5000   45.0000  -15.000010835.3369   13.7643
   -7.5000  -45.0000   -7.500010396.9629   14.4668
    0.0000  -45.0000   -7.500010809.7861   14.4956
    7.5000  -45.0000   -7.500010319.1504   14.5188
   -7.5000  -37.5000   -7.500011186.2207   14.4157
    0.0000  -37.5000   -7.500011636.8750   14.4444
    7.5000  -37.5000   -7.500011102.1182   14.4690
   -7.5000  -30.0000   -7.500012370.9639   14.4521
    0.0000  -30.0000   -7.500012880.8457   14.4766
    7.5000  -30.0000   -7.500012294.2588   14.5040
   -7.5000  -22.5000   -7.500013528.7246   14.4749
    0.0000  -22.5000   -7.500014098.8262   14.4945
    7.5000  -22.5000   -7.500013427.3037   14.5227
   -7.5000  -15.0000   -7.500014538.4033   14.4613
    0.0000  -15.0000   -7.500015168.1309   14.4805
    7.5000  -15.0000   -7.500014443.0430   14.5067
   -7.5000   -7.5000   -7.500015433.2793   14.4203
    0.0000   -7.5000   -7.500016105.8994   14.4441
    7.5000   -7.5000   -7.500015310.3701   14.4679
   -7.5000    0.0000   -7.500016201.9150   14.3954
    0.0000    0.0000   -7.500016921.8496   14.4238
    7.5000    0.0000   -7.500016068.9072   14.4467
   -7.5000    7.5000   -7.500015790.8916   14.4136
    0.0000    7.5000   -7.500016559.6426   14.4422
    7.5000    7.5000   -7.500015663.3125   14.4668
   -7.5000   15.0000   -7.500015188.2285   14.4521
    0.0000   15.0000   -7.500015915.4688   14.4766
    7.5000   15.0000   -7.500015079.8516   14.5040
   -7.5000   22.5000   -7.500014338.3145   14.4682
    0.0000   22.5000   -7.500014989.8428   14.4878
    7.5000   22.5000   -7.500014227.4238   14.5159
   -7.5000   30.0000   -7.500013479.0410   14.2738
    0.0000   30.0000   -7.500014084.0098   14.2927
    7.5000   30.0000   -7.500013364.4600   14.3186
   -7.5000   37.5000   -7.500012776.2891   14.2333
    0.0000   37.5000   -7.500013339.3809   14.2568
    7.5000   37.5000   -7.500012680.1855   14.2802
   -7.5000   45.0000   -7.500011606.4170   13.8745
    0.0000   45.0000   -7.500012118.1621   13.9019
    7.5000   45.0000   -7.500011505.3438   13.9239
   -7.5000  -45.0000    0.000011013.4512   14.4998
    0.0000  -45.0000    0.000011476.3594   14.5304
    7.5000  -45.0000    0.000010939.8115   14.5558
   -7.5000  -37.5000    0.000011825.0332   14.4457
    0.0000  -37.5000    0.000012318.8643   14.4766
    7.5000  -37.5000    0.000011746.9795   14.5040
   -7.5000  -30.0000    0.000013054.6230   14.4825
    0.0000  -30.0000    0.000013627.1299   14.5100
    7.5000  -30.0000    0.000012982.4590   14.5415
   -7.5000  -22.5000    0.000014245.8223   14.5083
    0.0000  -22.5000    0.000014865.4033   14.5308
    7.5000  -22.5000    0.000014160.7344   14.5639
   -7.5000  -15.0000    0.000015312.5898   14.4975
    0.0000  -15.0000    0.000015979.5605   14.5190
    7.5000  -15.0000    0.000015227.4795   14.5498
   -7.5000   -7.5000    0.000016323.9873   14.4564
    0.0000   -7.5000    0.000017020.1445   14.4822
    7.5000   -7.5000    0.000016202.3398   14.5092
   -7.5000    0.0000    0.000017207.0195   14.4283
    0.0000    0.0000    0.000017963.1758   14.4585
    7.5000    0.0000    0.000017094.3496   14.4837
   -7.5000    7.5000    0.000016739.9902   14.4435
    0.0000    7.5000    0.000017500.6602   14.4744
    7.5000    7.5000    0.000016656.9336   14.5018
   -7.5000   15.0000    0.000016030.7549   14.4825
    0.0000   15.0000    0.000016764.9629   14.5100
    7.5000   15.0000    0.000015967.9238   14.5414
   -7.5000   22.5000    0.000015078.5781   14.5017
    0.0000   22.5000    0.000015745.3828   14.5242
    7.5000   22.5000    0.000014976.9609   14.5572
   -7.5000   30.0000    0.000014153.3076   14.3098
    0.0000   30.0000    0.000014780.5127   14.3311
    7.5000   30.0000    0.000013995.2002   14.3615
   -7.5000   37.5000    0.000013409.5303   14.2693
    0.0000   37.5000    0.000014016.1406   14.2948
    7.5000   37.5000    0.000013266.1221   14.3215
   -7.5000   45.0000    0.000012201.3789   13.9072
    0.0000   45.0000    0.000012760.4062   13.9363
    7.5000   45.0000    0.000012082.0957   13.9606
   -7.5000  -45.0000    7.500010744.4385   14.5046
    0.0000  -45.0000    7.500011227.3301   14.5416
    7.5000  -45.0000    7.500010698.9551   14.5679
   -7.5000  -37.5000    7.500011546.6582   14.4501
    0.0000  -37.5000    7.500012048.4121   14.4867
    7.5000  -37.5000    7.500011497.7432   14.5150
   -7.5000  -30.0000    7.500012756.5205   14.4871
    0.0000  -30.0000    7.500013315.3398   14.5218
    7.5000  -30.0000    7.500012705.2568   14.5551
   -7.5000  -22.5000    7.500013857.6953   14.5138
    0.0000  -22.5000    7.500014460.0010   14.5455
    7.5000  -22.5000    7.500013836.4258   14.5813
   -7.5000  -15.0000    7.500014868.8242   14.5040
    0.0000  -15.0000    7.500015480.7744   14.5355
    7.5000  -15.0000    7.500014824.8486   14.5692
   -7.5000   -7.5000    7.500015923.4473   14.4625
    0.0000   -7.5000    7.500016655.2812   14.4968
    7.5000   -7.5000    7.500015812.0859   14.5258
   -7.5000    0.0000    7.500017043.8535   14.4332
    0.0000    0.0000    7.500017888.9590   14.4697
    7.5000    0.0000    7.500016837.4531   14.4958
   -7.5000    7.5000    7.500016627.5488   14.4479
    0.0000    7.5000    7.500017447.2930   14.4846
    7.5000    7.5000    7.500016458.1680   14.5128
   -7.5000   15.0000    7.500015814.8125   14.4871
    0.0000   15.0000    7.500016538.2461   14.5217
    7.5000   15.0000    7.500015687.6592   14.5551
   -7.5000   22.5000    7.500014763.3750   14.5071
    0.0000   22.5000    7.500015387.8965   14.5388
    7.5000   22.5000    7.500014633.2383   14.5746
   -7.5000   30.0000    7.500013763.4414   14.3163
    0.0000   30.0000    7.500014317.8652   14.3474
    7.5000   30.0000    7.500013581.7158   14.3806
   -7.5000   37.5000    7.500013043.4873   14.2754
    0.0000   37.5000    7.500013580.2158   14.3092
    7.5000   37.5000    7.500012875.5977   14.3378
   -7.5000   45.0000    7.500011897.9189   13.9119
    0.0000   45.0000    7.500012410.2285   13.9471
    7.5000   45.0000    7.500011783.9541   13.9722
   -7.5000  -45.0000   15.000010355.6758   14.5074
    0.0000  -45.0000   15.000010807.3232   14.5487
    7.5000  -45.0000   15.000010316.5576   14.5738
   -7.5000  -37.5000   15.000011117.4971   14.4549
    0.0000  -37.5000   15.000011610.3047   14.4950
    7.5000  -37.5000   15.000011083.0508   14.5219
   -7.5000  -30.0000   15.000012292.8359   14.4914
    0.0000  -30.0000   15.000012849.7676   14.5303
    7.5000  -30.0000   15.000012264.6650   14.5619
   -7.5000  -22.5000   15.000013374.9551   14.5157
    0.0000  -22.5000   15.000013971.3750   14.5539
    7.5000  -22.5000   15.000013338.8955   14.5879
   -7.5000  -15.0000   15.000014352.2334   14.5047
    0.0000  -15.0000   15.000014946.4834   14.5436
    7.5000  -15.0000   15.000014278.5068   14.5761
   -7.5000   -7.5000   15.000015336.6543   14.4634
    0.0000   -7.5000   15.000016028.1104   14.5039
    7.5000   -7.5000   15.000015223.7520   14.5318
   -7.5000    0.0000   15.000016377.0293   14.4358
    0.0000    0.0000   15.000017110.9414   14.4768
    7.5000    0.0000   15.000016173.5576   14.5016
   -7.5000    7.5000   15.000015988.7061   14.4527
    0.0000    7.5000   15.000016738.4902   14.4928
    7.5000    7.5000   15.000015814.7656   14.5197
   -7.5000   15.0000   15.000015261.6162   14.4914
    0.0000   15.0000   15.000015975.0557   14.5303
    7.5000   15.0000   15.000015122.5820   14.5619
   -7.5000   22.5000   15.000014214.5889   14.5090
    0.0000   22.5000   15.000014863.9775   14.5472
    7.5000   22.5000   15.000014116.2354   14.5812
   -7.5000   30.0000   15.000013174.0625   14.3170
    0.0000   30.0000   15.000013728.3105   14.3554
    7.5000   30.0000   15.000013053.3105   14.3874
   -7.5000   37.5000   15.000012508.7344   14.2762
    0.0000   37.5000   15.000013001.4062   14.3162
    7.5000   37.5000   15.000012371.4775   14.3437
   -7.5000   45.0000   15.000011440.7539   13.9144
    0.0000   45.0000   15.000011899.6533   13.9540
    7.5000   45.0000   15.000011331.0869   13.9779
   -7.5000  -45.0000   22.5000 9850.8828   14.5033
    0.0000  -45.0000   22.500010306.6494   14.5425
    7.5000  -45.0000   22.5000 9815.0586   14.5658
   -7.5000  -37.5000   22.500010582.7393   14.4539
    0.0000  -37.5000   22.500011082.4834   14.4914
    7.5000  -37.5000   22.500010547.6738   14.5158
   -7.5000  -30.0000   22.500011715.6543   14.4899
    0.0000  -30.0000   22.500012232.7051   14.5252
    7.5000  -30.0000   22.500011656.3174   14.5529
   -7.5000  -22.5000   22.500012741.7461   14.5109
    0.0000  -22.5000   22.500013285.5986   14.5455
    7.5000  -22.5000   22.500012668.6602   14.5747
   -7.5000  -15.0000   22.500013675.6553   14.4968
    0.0000  -15.0000   22.500014220.7178   14.5327
    7.5000  -15.0000   22.500013586.9922   14.5609
   -7.5000   -7.5000   22.500014574.0117   14.4557
    0.0000   -7.5000   22.500015167.0508   14.4937
    7.5000   -7.5000   22.500014490.4395   14.5188
   -7.5000    0.0000   22.500015422.9521   14.4317
    0.0000    0.0000   22.500015997.2744   14.4705
    7.5000    0.0000   22.500015315.6270   14.4935
   -7.5000    7.5000   22.500015011.3066   14.4517
    0.0000    7.5000   22.500015574.6279   14.4892
    7.5000    7.5000   22.500014915.4365   14.5136
   -7.5000   15.0000   22.500014433.3066   14.4899
    0.0000   15.0000   22.500015028.2295   14.5252
    7.5000   15.0000   22.500014350.4971   14.5529
   -7.5000   22.5000   22.500013519.9502   14.5042
    0.0000   22.5000   22.500014078.6982   14.5388
    7.5000   22.5000   22.500013443.0098   14.5680
   -7.5000   30.0000   22.500012550.1748   14.3092
    0.0000   30.0000   22.500013042.9453   14.3447
    7.5000   30.0000   22.500012449.8350   14.3725
   -7.5000   37.5000   22.500011937.2422   14.2686
    0.0000   37.5000   22.500012385.9150   14.3062
    7.5000   37.5000   22.500011824.7568   14.3309
   -7.5000   45.0000   22.500010897.9658   13.9105
    0.0000   45.0000   22.500011325.2539   13.9479
    7.5000   45.0000   22.500010798.8193   13.9701
   -7.5000  -45.0000   30.0000 9208.5195   14.5424
    0.0000  -45.0000   30.0000 9635.4023   14.5757
    7.5000  -45.0000   30.0000 9170.0537   14.5984
   -7.5000  -37.5000   30.0000 9915.6572   14.4935
    0.0000  -37.5000   30.000010369.5830   14.5256
    7.5000  -37.5000   30.0000 9870.2090   14.5493
   -7.5000  -30.0000   30.000010967.3662   14.5302
    0.0000  -30.0000   30.000011449.4023   14.5585
    7.5000  -30.0000   30.000010890.7998   14.5843
   -7.5000  -22.5000   30.000011966.4834   14.5507
    0.0000  -22.5000   30.000012471.9746   14.5763
    7.5000  -22.5000   30.000011878.9492   14.6029
   -7.5000  -15.0000   30.000012842.8662   14.5350
    0.0000  -15.0000   30.000013388.1875   14.5615
    7.5000  -15.0000   30.000012778.7236   14.5870
   -7.5000   -7.5000   30.000013654.6836   14.4934
    0.0000   -7.5000   30.000014250.7881   14.5236
    7.5000   -7.5000   30.000013608.1992   14.5469
   -7.5000    0.0000   30.000014374.0000   14.4703
    0.0000    0.0000   30.000014934.6504   14.5033
    7.5000    0.0000   30.000014321.0732   14.5257
   -7.5000    7.5000   30.000013990.7139   14.4913
    0.0000    7.5000   30.000014532.0186   14.5234
    7.5000    7.5000   30.000013940.6914   14.5471
   -7.5000   15.0000   30.000013520.5654   14.5302
    0.0000   15.0000   30.000014059.2275   14.5585
    7.5000   15.0000   30.000013466.8389   14.5843
   -7.5000   22.5000   30.000012710.9131   14.5440
    0.0000   22.5000   30.000013196.0488   14.5696
    7.5000   22.5000   30.000012652.3389   14.5962
   -7.5000   30.0000   30.000011775.9570   14.3469
    0.0000   30.0000   30.000012210.8174   14.3730
    7.5000   30.0000   30.000011695.8320   14.3982
   -7.5000   37.5000   30.000011208.4102   14.3059
    0.0000   37.5000   30.000011626.7090   14.3356
    7.5000   37.5000   30.000011124.7627   14.3586
   -7.5000   45.0000   30.000010243.3145   13.9477
    0.0000   45.0000   30.000010646.9814   13.9795
    7.5000   45.0000   30.000010154.9014   14.0011
   -7.5000  -45.0000   37.5000 8892.7451   14.6476
    0.0000  -45.0000   37.5000 9293.1572   14.6771
    7.5000  -45.0000   37.5000 8859.7676   14.7011
   -7.5000  -37.5000   37.5000 9563.5898   14.5955
    0.0000  -37.5000   37.500010010.3545   14.6248
    7.5000  -37.5000   37.5000 9530.1396   14.6502
   -7.5000  -30.0000   37.500010579.2207   14.6326
    0.0000  -30.0000   37.500011061.4854   14.6576
    7.5000  -30.0000   37.500010533.5264   14.6857
   -7.5000  -22.5000   37.500011534.1689   14.6554
    0.0000  -22.5000   37.500012052.6133   14.6754
    7.5000  -22.5000   37.500011481.2891   14.7044
   -7.5000  -15.0000   37.500012395.5459   14.6412
    0.0000  -15.0000   37.500012967.5645   14.6608
    7.5000  -15.0000   37.500012363.4385   14.6881
   -7.5000   -7.5000   37.500013157.6035   14.5995
    0.0000   -7.5000   37.500013746.8213   14.6240
    7.5000   -7.5000   37.500013129.9375   14.6487
   -7.5000    0.0000   37.500013835.1025   14.5745
    0.0000    0.0000   37.500014407.3896   14.6037
    7.5000    0.0000   37.500013795.3691   14.6274
   -7.5000    7.5000   37.500013452.9854   14.5933
    0.0000    7.5000   37.500014023.8848   14.6226
    7.5000    7.5000   37.500013427.9854   14.6480
   -7.5000   15.0000   37.500013068.1309   14.6326
    0.0000   15.0000   37.500013609.4727   14.6575
    7.5000   15.0000   37.500013017.9268   14.6857
   -7.5000   22.5000   37.500012312.3027   14.6487
    0.0000   22.5000   37.500012791.8096   14.6686
    7.5000   22.5000   37.500012255.5557   14.6977
   -7.5000   30.0000   37.500011388.0566   14.4517
    0.0000   30.0000   37.500011812.1465   14.4711
    7.5000   30.0000   37.500011306.7090   14.4980
   -7.5000   37.5000   37.500010834.4736   14.4106
    0.0000   37.5000   37.500011252.1807   14.4347
    7.5000   37.5000   37.500010763.7285   14.4591
   -7.5000   45.0000   37.5000 9925.1191   14.0481
    0.0000   45.0000   37.500010303.4395   14.0762
    7.5000   45.0000   37.5000 9840.8633   14.0992
   -7.5000  -45.0000   45.0000 8185.9531   14.7844
    0.0000  -45.0000   45.0000 8544.6826   14.8172
    7.5000  -45.0000   45.0000 8159.4697   14.8436
   -7.5000  -37.5000   45.0000 8815.3330   14.7256
    0.0000  -37.5000   45.0000 9217.9629   14.7585
    7.5000  -37.5000   45.0000 8777.8301   14.7866
   -7.5000  -30.0000   45.0000 9738.4482   14.7627
    0.0000  -30.0000   45.000010184.3848   14.7918
    7.5000  -30.0000   45.0000 9697.3281   14.8242
   -7.5000  -22.5000   45.000010618.6436   14.7908
    0.0000  -22.5000   45.000011089.8975   14.8147
    7.5000  -22.5000   45.000010569.3320   14.8488
   -7.5000  -15.0000   45.000011402.9375   14.7816
    0.0000  -15.0000   45.000011927.7295   14.8048
    7.5000  -15.0000   45.000011366.0342   14.8368
   -7.5000   -7.5000   45.000012083.4395   14.7398
    0.0000   -7.5000   45.000012633.5850   14.7677
    7.5000   -7.5000   45.000012053.6270   14.7958
   -7.5000    0.0000   45.000012693.5322   14.7096
    0.0000    0.0000   45.000013237.2900   14.7420
    7.5000    0.0000   45.000012654.9727   14.7681
   -7.5000    7.5000   45.000012345.6582   14.7233
    0.0000    7.5000   45.000012870.1533   14.7562
    7.5000    7.5000   45.000012311.8408   14.7844
   -7.5000   15.0000   45.000011987.8682   14.7627
    0.0000   15.0000   45.000012484.9150   14.7918
    7.5000   15.0000   45.000011946.5420   14.8241
   -7.5000   22.5000   45.000011344.6553   14.7839
    0.0000   22.5000   45.000011793.0684   14.8078
    7.5000   22.5000   45.000011306.9785   14.8419
   -7.5000   30.0000   45.000010467.0820   14.5890
    0.0000   30.0000   45.000010872.4688   14.6119
    7.5000   30.0000   45.000010418.8516   14.6435
   -7.5000   37.5000   45.0000 9989.3496   14.5477
    0.0000   37.5000   45.000010372.2949   14.5753
    7.5000   37.5000   45.0000 9913.3369   14.6030
   -7.5000   45.0000   45.0000 9142.6230   14.1848
    0.0000   45.0000   45.0000 9502.2305   14.2161
    7.5000   45.0000   45.0000 9058.3779   14.2412

---------------------------------------------------------------------
imgreg_4dfp /opt/freesurfer/average/711-2C_as_mni_average_305 /opt/freesurfer/average/711-2B_as_mni_average_305_mask talsrcimg_g11 none talsrcimg_to_711-2C_as_mni_average_305_t4 4355
---------------------------------------------------------------------

freesurfer imgreg_4dfp.c
/opt/freesurfer/average/711-2C_as_mni_average_305.4dfp.img
       256       256       256         1
  1.000000  1.000000  1.000000
orientation T byte_order littleendian
Reading image: /opt/freesurfer/average/711-2C_as_mni_average_305.4dfp.img
dimensions:      256       256       256
mmppix:       1.0000   -1.0000   -1.0000
center:     128.0000 -129.0000 -129.0000
/opt/freesurfer/average/711-2B_as_mni_average_305_mask.4dfp.img
       256       256       256         1
  1.000000  1.000000  1.000000
orientation T byte_order littleendian
Reading mask: /opt/freesurfer/average/711-2B_as_mni_average_305_mask.4dfp.img (2306576 pixels)
talsrcimg_g11.4dfp.img
       256       256       256         1
  1.000000  1.000000  1.000000
orientation T byte_order littleendian
Reading image: talsrcimg_g11.4dfp.img
dimensions:      256       256       256
mmppix:       1.0000   -1.0000   -1.0000
center:     128.0000 -129.0000 -129.0000
rotation matrix determinant  1.000000
image alignment mode   4355 decimal     1103 hex
   -7.5000  -45.0000  -45.0000 1962.3049   16.3528
    0.0000  -45.0000  -45.0000 1967.6187   16.3202
    7.5000  -45.0000  -45.0000 1946.8717   16.5464
   -7.5000  -37.5000  -45.0000 2068.3337   14.7323
    0.0000  -37.5000  -45.0000 2075.4829   14.7287
    7.5000  -37.5000  -45.0000 2054.3171   14.8989
   -7.5000  -30.0000  -45.0000 2166.9939   13.6015
    0.0000  -30.0000  -45.0000 2172.8235   13.6056
    7.5000  -30.0000  -45.0000 2150.8945   13.7601
   -7.5000  -22.5000  -45.0000 2229.0549   12.8171
    0.0000  -22.5000  -45.0000 2234.6460   12.8193
    7.5000  -22.5000  -45.0000 2213.1182   12.9834
   -7.5000  -15.0000  -45.0000 2267.8022   12.2447
    0.0000  -15.0000  -45.0000 2274.1533   12.2426
    7.5000  -15.0000  -45.0000 2247.5173   12.4114
   -7.5000   -7.5000  -45.0000 2286.2622   11.9366
    0.0000   -7.5000  -45.0000 2292.5483   11.9110
    7.5000   -7.5000  -45.0000 2266.7327   12.0835
   -7.5000    0.0000  -45.0000 2284.7510   11.8378
    0.0000    0.0000  -45.0000 2292.6255   11.8128
    7.5000    0.0000  -45.0000 2266.5432   11.9891
   -7.5000    7.5000  -45.0000 2276.4246   11.9359
    0.0000    7.5000  -45.0000 2286.2000   11.9189
    7.5000    7.5000  -45.0000 2259.4912   12.1335
   -7.5000   15.0000  -45.0000 2252.4749   12.2937
    0.0000   15.0000  -45.0000 2261.7249   12.2930
    7.5000   15.0000  -45.0000 2235.4666   12.5130
   -7.5000   22.5000  -45.0000 2209.2285   12.9081
    0.0000   22.5000  -45.0000 2220.3511   12.8665
    7.5000   22.5000  -45.0000 2188.0513   13.1180
   -7.5000   30.0000  -45.0000 2137.9241   13.7308
    0.0000   30.0000  -45.0000 2147.3877   13.6651
    7.5000   30.0000  -45.0000 2118.3503   13.9191
   -7.5000   37.5000  -45.0000 2054.0562   14.8171
    0.0000   37.5000  -45.0000 2066.4622   14.7425
    7.5000   37.5000  -45.0000 2036.4783   15.0279
   -7.5000   45.0000  -45.0000 1955.8374   16.3067
    0.0000   45.0000  -45.0000 1967.3295   16.1997
    7.5000   45.0000  -45.0000 1937.2675   16.5717
   -7.5000  -45.0000  -37.5000 2045.4169   15.1094
    0.0000  -45.0000  -37.5000 2052.0190   15.1028
    7.5000  -45.0000  -37.5000 2028.9761   15.2930
   -7.5000  -37.5000  -37.5000 2164.7715   13.6549
    0.0000  -37.5000  -37.5000 2169.0916   13.6465
    7.5000  -37.5000  -37.5000 2146.1001   13.8074
   -7.5000  -30.0000  -37.5000 2264.3591   12.5835
    0.0000  -30.0000  -37.5000 2267.6912   12.5969
    7.5000  -30.0000  -37.5000 2246.5620   12.7566
   -7.5000  -22.5000  -37.5000 2330.3118   11.8203
    0.0000  -22.5000  -37.5000 2333.7717   11.8429
    7.5000  -22.5000  -37.5000 2311.7563   11.9811
   -7.5000  -15.0000  -37.5000 2368.5627   11.3032
    0.0000  -15.0000  -37.5000 2373.0764   11.2965
    7.5000  -15.0000  -37.5000 2346.6230   11.4366
   -7.5000   -7.5000  -37.5000 2389.7927   11.0011
    0.0000   -7.5000  -37.5000 2396.1377   11.0100
    7.5000   -7.5000  -37.5000 2367.8826   11.1501
   -7.5000    0.0000  -37.5000 2390.4563   10.9013
    0.0000    0.0000  -37.5000 2397.1023   10.9236
    7.5000    0.0000  -37.5000 2371.2852   11.0752
   -7.5000    7.5000  -37.5000 2385.5842   11.0043
    0.0000    7.5000  -37.5000 2391.3826   11.0107
    7.5000    7.5000  -37.5000 2364.2996   11.1892
   -7.5000   15.0000  -37.5000 2356.3103   11.3256
    0.0000   15.0000  -37.5000 2365.1982   11.3317
    7.5000   15.0000  -37.5000 2338.4893   11.5196
   -7.5000   22.5000  -37.5000 2311.5352   11.8501
    0.0000   22.5000  -37.5000 2323.7656   11.8403
    7.5000   22.5000  -37.5000 2292.8481   12.0660
   -7.5000   30.0000  -37.5000 2238.9880   12.5945
    0.0000   30.0000  -37.5000 2248.2656   12.5787
    7.5000   30.0000  -37.5000 2215.9563   12.8144
   -7.5000   37.5000  -37.5000 2150.4858   13.5816
    0.0000   37.5000  -37.5000 2163.9204   13.5481
    7.5000   37.5000  -37.5000 2132.7583   13.8077
   -7.5000   45.0000  -37.5000 2046.7860   14.9430
    0.0000   45.0000  -37.5000 2056.5518   14.8741
    7.5000   45.0000  -37.5000 2025.8684   15.1808
   -7.5000  -45.0000  -30.0000 2161.7383   14.5338
    0.0000  -45.0000  -30.0000 2168.2595   14.5475
    7.5000  -45.0000  -30.0000 2142.8044   14.7269
   -7.5000  -37.5000  -30.0000 2289.8792   13.1274
    0.0000  -37.5000  -30.0000 2297.6304   13.1318
    7.5000  -37.5000  -30.0000 2266.9150   13.3049
   -7.5000  -30.0000  -30.0000 2394.5776   12.0990
    0.0000  -30.0000  -30.0000 2397.8101   12.0719
    7.5000  -30.0000  -30.0000 2374.1245   12.2554
   -7.5000  -22.5000  -30.0000 2466.5520   11.3241
    0.0000  -22.5000  -30.0000 2471.1577   11.3286
    7.5000  -22.5000  -30.0000 2445.9646   11.4699
   -7.5000  -15.0000  -30.0000 2509.4851   10.8077
    0.0000  -15.0000  -30.0000 2512.4048   10.8167
    7.5000  -15.0000  -30.0000 2488.7710   10.9261
   -7.5000   -7.5000  -30.0000 2542.3193   10.4927
    0.0000   -7.5000  -30.0000 2547.8511   10.5114
    7.5000   -7.5000  -30.0000 2516.8137   10.6276
   -7.5000    0.0000  -30.0000 2549.3467   10.4235
    0.0000    0.0000  -30.0000 2553.8384   10.4439
    7.5000    0.0000  -30.0000 2523.0129   10.5621
   -7.5000    7.5000  -30.0000 2541.0437   10.5307
    0.0000    7.5000  -30.0000 2546.4231   10.5346
    7.5000    7.5000  -30.0000 2516.2422   10.6753
   -7.5000   15.0000  -30.0000 2510.2207   10.8326
    0.0000   15.0000  -30.0000 2519.7371   10.8411
    7.5000   15.0000  -30.0000 2487.8374   10.9958
   -7.5000   22.5000  -30.0000 2459.3752   11.3267
    0.0000   22.5000  -30.0000 2472.2893   11.3316
    7.5000   22.5000  -30.0000 2439.1516   11.5034
   -7.5000   30.0000  -30.0000 2387.0500   12.0246
    0.0000   30.0000  -30.0000 2397.5229   12.0221
    7.5000   30.0000  -30.0000 2361.5859   12.2214
   -7.5000   37.5000  -30.0000 2288.5229   12.9540
    0.0000   37.5000  -30.0000 2300.8025   12.9387
    7.5000   37.5000  -30.0000 2268.2961   13.1784
   -7.5000   45.0000  -30.0000 2171.0552   14.2542
    0.0000   45.0000  -30.0000 2181.1863   14.2209
    7.5000   45.0000  -30.0000 2153.7029   14.5013
   -7.5000  -45.0000  -22.5000 2247.5496   13.9453
    0.0000  -45.0000  -22.5000 2251.0854   13.9466
    7.5000  -45.0000  -22.5000 2229.6770   14.1426
   -7.5000  -37.5000  -22.5000 2379.1807   12.5637
    0.0000  -37.5000  -22.5000 2385.2483   12.5580
    7.5000  -37.5000  -22.5000 2358.4470   12.7416
   -7.5000  -30.0000  -22.5000 2487.2000   11.5236
    0.0000  -30.0000  -22.5000 2493.6060   11.5066
    7.5000  -30.0000  -22.5000 2465.9226   11.6881
   -7.5000  -22.5000  -22.5000 2568.7188   10.7561
    0.0000  -22.5000  -22.5000 2578.0977   10.7599
    7.5000  -22.5000  -22.5000 2545.9480   10.9049
   -7.5000  -15.0000  -22.5000 2620.6133   10.2384
    0.0000  -15.0000  -22.5000 2624.0649   10.2450
    7.5000  -15.0000  -22.5000 2598.2810   10.3757
   -7.5000   -7.5000  -22.5000 2663.3088    9.9354
    0.0000   -7.5000  -22.5000 2669.7659    9.9309
    7.5000   -7.5000  -22.5000 2634.4802   10.0351
   -7.5000    0.0000  -22.5000 2679.9202    9.8359
    0.0000    0.0000  -22.5000 2686.0442    9.8468
    7.5000    0.0000  -22.5000 2654.3496    9.9306
   -7.5000    7.5000  -22.5000 2673.2349    9.9441
    0.0000    7.5000  -22.5000 2682.7847    9.9678
    7.5000    7.5000  -22.5000 2643.9497   10.0653
   -7.5000   15.0000  -22.5000 2639.7419   10.2468
    0.0000   15.0000  -22.5000 2654.0398   10.2643
    7.5000   15.0000  -22.5000 2616.6345   10.3950
   -7.5000   22.5000  -22.5000 2586.6653   10.7369
    0.0000   22.5000  -22.5000 2603.3875   10.7279
    7.5000   22.5000  -22.5000 2564.3936   10.8715
   -7.5000   30.0000  -22.5000 2504.4324   11.3860
    0.0000   30.0000  -22.5000 2518.2275   11.3741
    7.5000   30.0000  -22.5000 2482.0276   11.5528
   -7.5000   37.5000  -22.5000 2395.1279   12.2879
    0.0000   37.5000  -22.5000 2407.6028   12.2601
    7.5000   37.5000  -22.5000 2375.2576   12.4718
   -7.5000   45.0000  -22.5000 2265.5579   13.5310
    0.0000   45.0000  -22.5000 2277.8960   13.5038
    7.5000   45.0000  -22.5000 2248.6392   13.7368
   -7.5000  -45.0000  -15.0000 2296.3022   13.4168
    0.0000  -45.0000  -15.0000 2304.3408   13.3844
    7.5000  -45.0000  -15.0000 2278.0361   13.6017
   -7.5000  -37.5000  -15.0000 2424.3586   12.0540
    0.0000  -37.5000  -15.0000 2434.4756   12.0205
    7.5000  -37.5000  -15.0000 2406.8621   12.2226
   -7.5000  -30.0000  -15.0000 2538.5425   10.9980
    0.0000  -30.0000  -15.0000 2546.8193   10.9919
    7.5000  -30.0000  -15.0000 2519.2603   11.1767
   -7.5000  -22.5000  -15.0000 2635.4756   10.2181
    0.0000  -22.5000  -15.0000 2644.2637   10.2272
    7.5000  -22.5000  -15.0000 2611.7844   10.3795
   -7.5000  -15.0000  -15.0000 2701.0081    9.6978
    0.0000  -15.0000  -15.0000 2709.6401    9.6985
    7.5000  -15.0000  -15.0000 2678.7915    9.8297
   -7.5000   -7.5000  -15.0000 2746.7573    9.3762
    0.0000   -7.5000  -15.0000 2761.9995    9.3732
    7.5000   -7.5000  -15.0000 2724.0007    9.4908
   -7.5000    0.0000  -15.0000 2775.0161    9.2302
    0.0000    0.0000  -15.0000 2794.3884    9.2359
    7.5000    0.0000  -15.0000 2752.1985    9.3370
   -7.5000    7.5000  -15.0000 2775.3315    9.3490
    0.0000    7.5000  -15.0000 2793.3816    9.3730
    7.5000    7.5000  -15.0000 2748.8777    9.4818
   -7.5000   15.0000  -15.0000 2745.4333    9.6612
    0.0000   15.0000  -15.0000 2764.0427    9.6707
    7.5000   15.0000  -15.0000 2723.9009    9.7860
   -7.5000   22.5000  -15.0000 2681.3452   10.1342
    0.0000   22.5000  -15.0000 2701.4089   10.1180
    7.5000   22.5000  -15.0000 2660.9458   10.2642
   -7.5000   30.0000  -15.0000 2589.5659   10.7717
    0.0000   30.0000  -15.0000 2608.0398   10.7524
    7.5000   30.0000  -15.0000 2572.1035   10.9082
   -7.5000   37.5000  -15.0000 2472.9856   11.6674
    0.0000   37.5000  -15.0000 2486.6482   11.6449
    7.5000   37.5000  -15.0000 2456.1941   11.8323
   -7.5000   45.0000  -15.0000 2337.2549   12.8632
    0.0000   45.0000  -15.0000 2349.0581   12.8444
    7.5000   45.0000  -15.0000 2317.0339   13.0555
   -7.5000  -45.0000   -7.5000 2323.4736   12.9660
    0.0000  -45.0000   -7.5000 2328.0637   12.9302
    7.5000  -45.0000   -7.5000 2302.7913   13.1769
   -7.5000  -37.5000   -7.5000 2452.5200   11.6178
    0.0000  -37.5000   -7.5000 2459.1240   11.5913
    7.5000  -37.5000   -7.5000 2431.1768   11.7988
   -7.5000  -30.0000   -7.5000 2569.6194   10.5671
    0.0000  -30.0000   -7.5000 2576.3313   10.5402
    7.5000  -30.0000   -7.5000 2548.3333   10.7453
   -7.5000  -22.5000   -7.5000 2677.9309    9.7883
    0.0000  -22.5000   -7.5000 2686.6760    9.7583
    7.5000  -22.5000   -7.5000 2655.3352    9.9285
   -7.5000  -15.0000   -7.5000 2755.8760    9.2424
    0.0000  -15.0000   -7.5000 2772.0820    9.2157
    7.5000  -15.0000   -7.5000 2737.4919    9.3639
   -7.5000   -7.5000   -7.5000 2818.9893    8.8891
    0.0000   -7.5000   -7.5000 2837.3552    8.8657
    7.5000   -7.5000   -7.5000 2799.0017    9.0069
   -7.5000    0.0000   -7.5000 2861.3799    8.7193
    0.0000    0.0000   -7.5000 2886.4478    8.7007
    7.5000    0.0000   -7.5000 2836.9124    8.8475
   -7.5000    7.5000   -7.5000 2865.1099    8.8224
    0.0000    7.5000   -7.5000 2889.0510    8.8203
    7.5000    7.5000   -7.5000 2831.7249    8.9803
   -7.5000   15.0000   -7.5000 2825.4492    9.1238
    0.0000   15.0000   -7.5000 2846.9639    9.1060
    7.5000   15.0000   -7.5000 2803.8442    9.2637
   -7.5000   22.5000   -7.5000 2753.1218    9.5892
    0.0000   22.5000   -7.5000 2771.6418    9.5579
    7.5000   22.5000   -7.5000 2735.7808    9.7275
   -7.5000   30.0000   -7.5000 2653.1489   10.2506
    0.0000   30.0000   -7.5000 2672.0940   10.1978
    7.5000   30.0000   -7.5000 2632.3169   10.3796
   -7.5000   37.5000   -7.5000 2529.5137   11.1115
    0.0000   37.5000   -7.5000 2544.4871   11.0790
    7.5000   37.5000   -7.5000 2508.8413   11.2786
   -7.5000   45.0000   -7.5000 2385.4441   12.2830
    0.0000   45.0000   -7.5000 2401.2847   12.2437
    7.5000   45.0000   -7.5000 2365.0876   12.4682
   -7.5000  -45.0000    0.0000 2337.0767   12.6974
    0.0000  -45.0000    0.0000 2346.1406   12.6481
    7.5000  -45.0000    0.0000 2318.0835   12.8950
   -7.5000  -37.5000    0.0000 2460.1165   11.3429
    0.0000  -37.5000    0.0000 2468.1135   11.3060
    7.5000  -37.5000    0.0000 2444.1936   11.5374
   -7.5000  -30.0000    0.0000 2582.3474   10.2906
    0.0000  -30.0000    0.0000 2594.1130   10.2426
    7.5000  -30.0000    0.0000 2564.1365   10.4468
   -7.5000  -22.5000    0.0000 2697.4504    9.4874
    0.0000  -22.5000    0.0000 2710.6733    9.4352
    7.5000  -22.5000    0.0000 2682.0249    9.6077
   -7.5000  -15.0000    0.0000 2794.2090    8.9043
    0.0000  -15.0000    0.0000 2815.5649    8.8578
    7.5000  -15.0000    0.0000 2781.0137    9.0148
   -7.5000   -7.5000    0.0000 2875.3628    8.5463
    0.0000   -7.5000    0.0000 2896.0090    8.4995
    7.5000   -7.5000    0.0000 2858.6260    8.6524
   -7.5000    0.0000    0.0000 2930.0903    8.4093
    0.0000    0.0000    0.0000 2965.0005    8.3551
    7.5000    0.0000    0.0000 2908.9165    8.5241
   -7.5000    7.5000    0.0000 2939.1985    8.4866
    0.0000    7.5000    0.0000 2974.1091    8.4406
    7.5000    7.5000    0.0000 2906.0161    8.6388
   -7.5000   15.0000    0.0000 2884.6770    8.7617
    0.0000   15.0000    0.0000 2911.7083    8.7273
    7.5000   15.0000    0.0000 2860.8892    8.9062
   -7.5000   22.5000    0.0000 2805.3049    9.2020
    0.0000   22.5000    0.0000 2825.0491    9.1658
    7.5000   22.5000    0.0000 2782.9519    9.3441
   -7.5000   30.0000    0.0000 2697.8599    9.8561
    0.0000   30.0000    0.0000 2718.1428    9.8104
    7.5000   30.0000    0.0000 2678.2534    9.9701
   -7.5000   37.5000    0.0000 2562.4287   10.7432
    0.0000   37.5000    0.0000 2581.2422   10.7051
    7.5000   37.5000    0.0000 2545.2981   10.8841
   -7.5000   45.0000    0.0000 2416.3970   11.8985
    0.0000   45.0000    0.0000 2432.8306   11.8813
    7.5000   45.0000    0.0000 2398.3098   12.0717
   -7.5000  -45.0000    7.5000 2334.7986   12.6092
    0.0000  -45.0000    7.5000 2352.1616   12.5639
    7.5000  -45.0000    7.5000 2323.4231   12.8148
   -7.5000  -37.5000    7.5000 2461.4597   11.2191
    0.0000  -37.5000    7.5000 2473.9817   11.1556
    7.5000  -37.5000    7.5000 2444.3784   11.4130
   -7.5000  -30.0000    7.5000 2584.3516   10.1528
    0.0000  -30.0000    7.5000 2598.5408   10.0923
    7.5000  -30.0000    7.5000 2564.7344   10.3131
   -7.5000  -22.5000    7.5000 2702.7234    9.3108
    0.0000  -22.5000    7.5000 2721.1887    9.2451
    7.5000  -22.5000    7.5000 2690.2346    9.4599
   -7.5000  -15.0000    7.5000 2810.0166    8.7064
    0.0000  -15.0000    7.5000 2833.8604    8.6398
    7.5000  -15.0000    7.5000 2797.7505    8.8373
   -7.5000   -7.5000    7.5000 2909.5911    8.3629
    0.0000   -7.5000    7.5000 2934.6384    8.2977
    7.5000   -7.5000    7.5000 2892.9185    8.4634
   -7.5000    0.0000    7.5000 2982.5730    8.2927
    0.0000    0.0000    7.5000 3018.9634    8.2341
    7.5000    0.0000    7.5000 2956.0957    8.3716
   -7.5000    7.5000    7.5000 2987.5195    8.4045
    0.0000    7.5000    7.5000 3033.9041    8.3617
    7.5000    7.5000    7.5000 2954.0728    8.5046
   -7.5000   15.0000    7.5000 2923.1711    8.6036
    0.0000   15.0000    7.5000 2959.6406    8.5623
    7.5000   15.0000    7.5000 2898.2053    8.7311
   -7.5000   22.5000    7.5000 2836.9785    8.9955
    0.0000   22.5000    7.5000 2862.3984    8.9389
    7.5000   22.5000    7.5000 2815.1484    9.1324
   -7.5000   30.0000    7.5000 2721.0627    9.6409
    0.0000   30.0000    7.5000 2741.3154    9.5931
    7.5000   30.0000    7.5000 2700.7612    9.7653
   -7.5000   37.5000    7.5000 2581.2576   10.5381
    0.0000   37.5000    7.5000 2599.2666   10.5044
    7.5000   37.5000    7.5000 2564.9595   10.6797
   -7.5000   45.0000    7.5000 2431.3960   11.6878
    0.0000   45.0000    7.5000 2444.7969   11.6809
    7.5000   45.0000    7.5000 2416.6880   11.8695
   -7.5000  -45.0000   15.0000 2330.9023   12.6469
    0.0000  -45.0000   15.0000 2352.1028   12.5577
    7.5000  -45.0000   15.0000 2317.6685   12.8616
   -7.5000  -37.5000   15.0000 2451.9641   11.2508
    0.0000  -37.5000   15.0000 2470.7603   11.1506
    7.5000  -37.5000   15.0000 2434.3591   11.4401
   -7.5000  -30.0000   15.0000 2570.6025   10.1856
    0.0000  -30.0000   15.0000 2588.3162   10.1004
    7.5000  -30.0000   15.0000 2556.2532   10.3639
   -7.5000  -22.5000   15.0000 2692.8137    9.3353
    0.0000  -22.5000   15.0000 2710.4976    9.2749
    7.5000  -22.5000   15.0000 2675.4033    9.5149
   -7.5000  -15.0000   15.0000 2805.3018    8.7256
    0.0000  -15.0000   15.0000 2826.7668    8.6538
    7.5000  -15.0000   15.0000 2784.1824    8.8711
   -7.5000   -7.5000   15.0000 2909.3643    8.3655
    0.0000   -7.5000   15.0000 2938.1338    8.2864
    7.5000   -7.5000   15.0000 2886.9053    8.4699
   -7.5000    0.0000   15.0000 2986.2498    8.2721
    0.0000    0.0000   15.0000 3027.2583    8.2024
    7.5000    0.0000   15.0000 2955.2358    8.3598
   -7.5000    7.5000   15.0000 2989.0483    8.3930
    0.0000    7.5000   15.0000 3036.0867    8.3170
    7.5000    7.5000   15.0000 2955.3225    8.4910
   -7.5000   15.0000   15.0000 2923.3833    8.6369
    0.0000   15.0000   15.0000 2958.2751    8.5687
    7.5000   15.0000   15.0000 2894.7056    8.7617
   -7.5000   22.5000   15.0000 2830.3589    9.0392
    0.0000   22.5000   15.0000 2856.0933    8.9940
    7.5000   22.5000   15.0000 2810.1841    9.1660
   -7.5000   30.0000   15.0000 2714.4629    9.6513
    0.0000   30.0000   15.0000 2732.4902    9.6207
    7.5000   30.0000   15.0000 2694.7766    9.7912
   -7.5000   37.5000   15.0000 2577.3530   10.5092
    0.0000   37.5000   15.0000 2592.4617   10.4857
    7.5000   37.5000   15.0000 2560.3091   10.6717
   -7.5000   45.0000   15.0000 2426.9688   11.6367
    0.0000   45.0000   15.0000 2439.5786   11.6189
    7.5000   45.0000   15.0000 2411.7830   11.8179
   -7.5000  -45.0000   22.5000 2312.7351   12.8430
    0.0000  -45.0000   22.5000 2333.3635   12.7453
    7.5000  -45.0000   22.5000 2298.8267   13.0524
   -7.5000  -37.5000   22.5000 2432.6077   11.4434
    0.0000  -37.5000   22.5000 2454.6331   11.3445
    7.5000  -37.5000   22.5000 2417.7466   11.6154
   -7.5000  -30.0000   22.5000 2550.5532   10.3839
    0.0000  -30.0000   22.5000 2569.4595   10.2904
    7.5000  -30.0000   22.5000 2535.0803   10.5380
   -7.5000  -22.5000   22.5000 2668.9795    9.5473
    0.0000  -22.5000   22.5000 2690.2439    9.4456
    7.5000  -22.5000   22.5000 2653.6838    9.6860
   -7.5000  -15.0000   22.5000 2781.4541    8.9088
    0.0000  -15.0000   22.5000 2803.8296    8.8130
    7.5000  -15.0000   22.5000 2762.7173    9.0505
   -7.5000   -7.5000   22.5000 2882.7542    8.5124
    0.0000   -7.5000   22.5000 2910.6223    8.4233
    7.5000   -7.5000   22.5000 2863.9509    8.6364
   -7.5000    0.0000   22.5000 2947.4392    8.3872
    0.0000    0.0000   22.5000 2980.5103    8.3084
    7.5000    0.0000   22.5000 2922.0063    8.5115
   -7.5000    7.5000   22.5000 2946.8479    8.4639
    0.0000    7.5000   22.5000 2975.5854    8.3643
    7.5000    7.5000   22.5000 2918.7983    8.5878
   -7.5000   15.0000   22.5000 2886.9871    8.7863
    0.0000   15.0000   22.5000 2918.8328    8.7029
    7.5000   15.0000   22.5000 2865.5935    8.8993
   -7.5000   22.5000   22.5000 2794.7705    9.2592
    0.0000   22.5000   22.5000 2820.7439    9.1951
    7.5000   22.5000   22.5000 2776.3965    9.3667
   -7.5000   30.0000   22.5000 2679.5627    9.8752
    0.0000   30.0000   22.5000 2700.4443    9.8203
    7.5000   30.0000   22.5000 2664.6418    9.9967
   -7.5000   37.5000   22.5000 2549.8098   10.6855
    0.0000   37.5000   22.5000 2563.5203   10.6556
    7.5000   37.5000   22.5000 2536.3796   10.8476
   -7.5000   45.0000   22.5000 2404.1941   11.7488
    0.0000   45.0000   22.5000 2413.6165   11.7328
    7.5000   45.0000   22.5000 2390.4573   11.9279
   -7.5000  -45.0000   30.0000 2275.8403   13.1740
    0.0000  -45.0000   30.0000 2294.9883   13.0788
    7.5000  -45.0000   30.0000 2264.1304   13.3705
   -7.5000  -37.5000   30.0000 2400.8718   11.7579
    0.0000  -37.5000   30.0000 2421.4390   11.6773
    7.5000  -37.5000   30.0000 2388.5315   11.9384
   -7.5000  -30.0000   30.0000 2519.2139   10.6986
    0.0000  -30.0000   30.0000 2538.1182   10.6038
    7.5000  -30.0000   30.0000 2502.2964   10.8417
   -7.5000  -22.5000   30.0000 2640.7842    9.8602
    0.0000  -22.5000   30.0000 2664.3252    9.7663
    7.5000  -22.5000   30.0000 2625.3809    9.9836
   -7.5000  -15.0000   30.0000 2747.0771    9.2314
    0.0000  -15.0000   30.0000 2772.8997    9.1361
    7.5000  -15.0000   30.0000 2732.3477    9.3560
   -7.5000   -7.5000   30.0000 2834.5583    8.8535
    0.0000   -7.5000   30.0000 2862.5347    8.7711
    7.5000   -7.5000   30.0000 2817.7058    8.9648
   -7.5000    0.0000   30.0000 2881.4248    8.6963
    0.0000    0.0000   30.0000 2909.0376    8.5980
    7.5000    0.0000   30.0000 2862.1619    8.8014
   -7.5000    7.5000   30.0000 2873.6384    8.7451
    0.0000    7.5000   30.0000 2896.0315    8.6710
    7.5000    7.5000   30.0000 2855.5759    8.8652
   -7.5000   15.0000   30.0000 2821.7595    9.0683
    0.0000   15.0000   30.0000 2851.4194    8.9912
    7.5000   15.0000   30.0000 2806.6147    9.1795
   -7.5000   22.5000   30.0000 2732.2947    9.5790
    0.0000   22.5000   30.0000 2754.7334    9.5039
    7.5000   22.5000   30.0000 2719.2756    9.6871
   -7.5000   30.0000   30.0000 2625.7183   10.1992
    0.0000   30.0000   30.0000 2642.7253   10.1244
    7.5000   30.0000   30.0000 2612.0774   10.3121
   -7.5000   37.5000   30.0000 2501.6304   11.0053
    0.0000   37.5000   30.0000 2517.3931   10.9464
    7.5000   37.5000   30.0000 2490.7803   11.1541
   -7.5000   45.0000   30.0000 2359.3799   12.0551
    0.0000   45.0000   30.0000 2373.3970   12.0117
    7.5000   45.0000   30.0000 2348.4563   12.1876
   -7.5000  -45.0000   37.5000 2236.3826   13.7177
    0.0000  -45.0000   37.5000 2254.8657   13.6215
    7.5000  -45.0000   37.5000 2231.7603   13.8890
   -7.5000  -37.5000   37.5000 2360.6345   12.2730
    0.0000  -37.5000   37.5000 2385.5955   12.1716
    7.5000  -37.5000   37.5000 2354.0908   12.4137
   -7.5000  -30.0000   37.5000 2479.9299   11.1847
    0.0000  -30.0000   37.5000 2504.7451   11.0778
    7.5000  -30.0000   37.5000 2469.8845   11.3024
   -7.5000  -22.5000   37.5000 2596.9897   10.3287
    0.0000  -22.5000   37.5000 2624.4597   10.2273
    7.5000  -22.5000   37.5000 2585.7668   10.4513
   -7.5000  -15.0000   37.5000 2695.0374    9.6914
    0.0000  -15.0000   37.5000 2725.9863    9.6195
    7.5000  -15.0000   37.5000 2687.3474    9.8240
   -7.5000   -7.5000   37.5000 2768.0510    9.3096
    0.0000   -7.5000   37.5000 2797.4514    9.2315
    7.5000   -7.5000   37.5000 2757.8933    9.4331
   -7.5000    0.0000   37.5000 2801.1973    9.1472
    0.0000    0.0000   37.5000 2828.5852    9.0614
    7.5000    0.0000   37.5000 2787.0198    9.2637
   -7.5000    7.5000   37.5000 2785.5906    9.2012
    0.0000    7.5000   37.5000 2813.6846    9.1221
    7.5000    7.5000   37.5000 2776.0273    9.3068
   -7.5000   15.0000   37.5000 2741.0586    9.5167
    0.0000   15.0000   37.5000 2771.6577    9.4374
    7.5000   15.0000   37.5000 2731.8669    9.6068
   -7.5000   22.5000   37.5000 2654.2512   10.0362
    0.0000   22.5000   37.5000 2679.1394    9.9448
    7.5000   22.5000   37.5000 2648.7124   10.1168
   -7.5000   30.0000   37.5000 2555.2109   10.6526
    0.0000   30.0000   37.5000 2573.2542   10.5632
    7.5000   30.0000   37.5000 2547.3745   10.7411
   -7.5000   37.5000   37.5000 2440.1707   11.4219
    0.0000   37.5000   37.5000 2457.5789   11.3567
    7.5000   37.5000   37.5000 2434.6230   11.5430
   -7.5000   45.0000   37.5000 2308.5374   12.4525
    0.0000   45.0000   37.5000 2322.8386   12.4058
    7.5000   45.0000   37.5000 2298.2715   12.5881
   -7.5000  -45.0000   45.0000 2189.5271   14.4657
    0.0000  -45.0000   45.0000 2207.6484   14.3366
    7.5000  -45.0000   45.0000 2185.5266   14.6039
   -7.5000  -37.5000   45.0000 2315.3423   12.9811
    0.0000  -37.5000   45.0000 2339.7334   12.8645
    7.5000  -37.5000   45.0000 2310.6809   13.0912
   -7.5000  -30.0000   45.0000 2430.8887   11.8378
    0.0000  -30.0000   45.0000 2453.7332   11.7454
    7.5000  -30.0000   45.0000 2423.5249   11.9520
   -7.5000  -22.5000   45.0000 2539.5137   10.9621
    0.0000  -22.5000   45.0000 2563.9712   10.8703
    7.5000  -22.5000   45.0000 2530.5720   11.0849
   -7.5000  -15.0000   45.0000 2623.6951   10.3138
    0.0000  -15.0000   45.0000 2655.4062   10.2350
    7.5000  -15.0000   45.0000 2618.3794   10.4254
   -7.5000   -7.5000   45.0000 2680.1096    9.9137
    0.0000   -7.5000   45.0000 2711.5522    9.8385
    7.5000   -7.5000   45.0000 2672.9802   10.0335
   -7.5000    0.0000   45.0000 2704.4451    9.7538
    0.0000    0.0000   45.0000 2728.7842    9.6919
    7.5000    0.0000   45.0000 2693.3352    9.8758
   -7.5000    7.5000   45.0000 2687.9863    9.7809
    0.0000    7.5000   45.0000 2715.9165    9.7201
    7.5000    7.5000   45.0000 2682.6748    9.8853
   -7.5000   15.0000   45.0000 2646.4116   10.0874
    0.0000   15.0000   45.0000 2675.2771   10.0242
    7.5000   15.0000   45.0000 2639.6316   10.1762
   -7.5000   22.5000   45.0000 2573.5996   10.5852
    0.0000   22.5000   45.0000 2596.8145   10.5039
    7.5000   22.5000   45.0000 2569.7966   10.6678
   -7.5000   30.0000   45.0000 2476.6799   11.2175
    0.0000   30.0000   45.0000 2494.2759   11.1264
    7.5000   30.0000   45.0000 2471.5254   11.3063
   -7.5000   37.5000   45.0000 2371.7991   11.9748
    0.0000   37.5000   45.0000 2387.2246   11.9020
    7.5000   37.5000   45.0000 2362.7275   12.0748
   -7.5000   45.0000   45.0000 2243.1013   13.0229
    0.0000   45.0000   45.0000 2258.5967   12.9716
    7.5000   45.0000   45.0000 2233.9768   13.1281

---------------------------------------------------------------------
imgreg_4dfp /opt/freesurfer/average/711-2C_as_mni_average_305 /opt/freesurfer/average/711-2B_as_mni_average_305_mask talsrcimg_g11 none talsrcimg_to_711-2C_as_mni_average_305_t4 1283
---------------------------------------------------------------------

freesurfer imgreg_4dfp.c
/opt/freesurfer/average/711-2C_as_mni_average_305.4dfp.img
       256       256       256         1
  1.000000  1.000000  1.000000
orientation T byte_order littleendian
Reading image: /opt/freesurfer/average/711-2C_as_mni_average_305.4dfp.img
dimensions:      256       256       256
mmppix:       1.0000   -1.0000   -1.0000
center:     128.0000 -129.0000 -129.0000
/opt/freesurfer/average/711-2B_as_mni_average_305_mask.4dfp.img
       256       256       256         1
  1.000000  1.000000  1.000000
orientation T byte_order littleendian
Reading mask: /opt/freesurfer/average/711-2B_as_mni_average_305_mask.4dfp.img (2306576 pixels)
talsrcimg_g11.4dfp.img
       256       256       256         1
  1.000000  1.000000  1.000000
orientation T byte_order littleendian
Reading image: talsrcimg_g11.4dfp.img
dimensions:      256       256       256
mmppix:       1.0000   -1.0000   -1.0000
center:     128.0000 -129.0000 -129.0000
rotation matrix determinant  1.000000
fimgreg.f
image alignment mode   1283 decimal      503 hex
parameters
    0.0000    7.5000   15.0000    0.0000    0.0000    0.0000
eta,q 0.95271  8.31227
niter,ni,del,rscale     5    3   12.0000    1.2000
parameter  4  0.911098 ->  0.500000 qaram    1.1500
parameters
   -1.3577    4.5534   12.0800   -3.4500   -0.4367   -0.6296
eta,q 0.95715  8.26012
  0.0581  0.0480  0.0460  0.0426  0.0497  0.0466
  0.0513  0.0459  0.0451  0.0427  0.0453  0.0446
  0.0480  0.0464  0.0449  0.0436  0.0431  0.0432
  0.0502  0.0479  0.0459  0.0448  0.0429  0.0429
  0.0552  0.0511  0.0491  0.0471  0.0444  0.0436
  0.0605  0.0569  0.0548  0.0499  0.0471  0.0458
  0.0665  0.0645  0.0618  0.0530  0.0515  0.0489
niter,ni,del,rscale     5    3   12.0000    1.2000
parameters
   -1.3020    6.3352   10.6788   -5.9267   -1.0717   -0.1717
eta,q 0.95969  8.36699
  0.0588  0.0579  0.0462  0.0447  0.0474  0.0469
  0.0515  0.0492  0.0438  0.0408  0.0431  0.0441
  0.0455  0.0445  0.0426  0.0409  0.0407  0.0419
  0.0428  0.0428  0.0426  0.0425  0.0408  0.0405
  0.0451  0.0427  0.0444  0.0448  0.0429  0.0405
  0.0510  0.0433  0.0478  0.0481  0.0458  0.0424
  0.0584  0.0457  0.0527  0.0518  0.0501  0.0457
niter,ni,del,rscale     4    3   12.0000    1.2000
parameters
   -0.9656    6.9610   10.2106   -6.0402   -1.4505   -0.1037
eta,q 0.96007  8.40328
  0.0589  0.0557  0.0471  0.0494  0.0479  0.0458
  0.0510  0.0468  0.0428  0.0433  0.0435  0.0431
  0.0439  0.0419  0.0405  0.0397  0.0405  0.0410
  0.0403  0.0403  0.0403  0.0402  0.0401  0.0399
  0.0422  0.0411  0.0419  0.0423  0.0421  0.0404
  0.0482  0.0444  0.0450  0.0450  0.0453  0.0426
  0.0556  0.0495  0.0490  0.0483  0.0495  0.0459
niter,ni,del,rscale     3    3   12.0000    1.2000
parameters
   -0.8184    7.0162   10.1440   -6.1116   -1.5952   -0.0615
eta,q 0.96014  8.40565
  0.0582  0.0529  0.0482  0.0495  0.0484  0.0457
  0.0500  0.0448  0.0434  0.0433  0.0441  0.0430
  0.0429  0.0409  0.0407  0.0396  0.0408  0.0409
  0.0399  0.0399  0.0400  0.0400  0.0399  0.0399
  0.0428  0.0417  0.0412  0.0422  0.0416  0.0404
  0.0491  0.0458  0.0442  0.0449  0.0448  0.0426
  0.0563  0.0513  0.0481  0.0481  0.0489  0.0459
niter,ni,del,rscale     2    3   12.0000    1.2000
parameters
   -0.7693    7.0454   10.1083   -6.1498   -1.6540   -0.0451
eta,q 0.96016  8.40663
  0.0577  0.0529  0.0483  0.0496  0.0486  0.0456
  0.0495  0.0447  0.0434  0.0434  0.0442  0.0429
  0.0425  0.0408  0.0407  0.0395  0.0409  0.0409
  0.0399  0.0399  0.0399  0.0399  0.0399  0.0398
  0.0430  0.0418  0.0411  0.0421  0.0414  0.0404
  0.0495  0.0459  0.0441  0.0449  0.0446  0.0426
  0.0567  0.0514  0.0480  0.0481  0.0487  0.0459
registration optimization eta report
parameter search radius
    6.0000    6.0000    6.0000    6.9000    6.0000    6.0000
100000*second partial in parameter space
       46.       34.       23.       19.       24.       16.
  0.0577  0.0529  0.0483  0.0496  0.0486  0.0456
  0.0495  0.0447  0.0434  0.0434  0.0442  0.0429
  0.0425  0.0408  0.0407  0.0395  0.0409  0.0409
  0.0399  0.0399  0.0399  0.0399  0.0399  0.0398
  0.0430  0.0418  0.0411  0.0421  0.0414  0.0404
  0.0495  0.0459  0.0441  0.0449  0.0446  0.0426
  0.0567  0.0514  0.0480  0.0481  0.0487  0.0459
   -0.7693    7.0454   10.1083   -6.1498   -1.6540   -0.0451
eta,q 0.96016  8.40663

---------------------------------------------------------------------
imgreg_4dfp /opt/freesurfer/average/711-2C_as_mni_average_305 /opt/freesurfer/average/711-2B_as_mni_average_305_mask talsrcimg_g11 none talsrcimg_to_711-2C_as_mni_average_305_t4 3335
---------------------------------------------------------------------

freesurfer imgreg_4dfp.c
/opt/freesurfer/average/711-2C_as_mni_average_305.4dfp.img
       256       256       256         1
  1.000000  1.000000  1.000000
orientation T byte_order littleendian
Reading image: /opt/freesurfer/average/711-2C_as_mni_average_305.4dfp.img
dimensions:      256       256       256
mmppix:       1.0000   -1.0000   -1.0000
center:     128.0000 -129.0000 -129.0000
/opt/freesurfer/average/711-2B_as_mni_average_305_mask.4dfp.img
       256       256       256         1
  1.000000  1.000000  1.000000
orientation T byte_order littleendian
Reading mask: /opt/freesurfer/average/711-2B_as_mni_average_305_mask.4dfp.img (2306576 pixels)
talsrcimg_g11.4dfp.img
       256       256       256         1
  1.000000  1.000000  1.000000
orientation T byte_order littleendian
Reading image: talsrcimg_g11.4dfp.img
dimensions:      256       256       256
mmppix:       1.0000   -1.0000   -1.0000
center:     128.0000 -129.0000 -129.0000
fimgreg.f
image alignment mode   3335 decimal      D07 hex
parameters
   -0.7693    7.0454   10.1083   -0.0417   -0.5753   -0.6169
   -0.2309    2.8782   -0.0787   10.7106   -2.8864  -10.7084
eta,q 0.96154  8.35011
niter,ni,del,rscale     5    3    5.0000    1.2000
parameter  4  1.279864 ->  0.500000 qaram    1.1500
parameter  5  1.314428 ->  0.500000 qaram    1.1500
parameter  6  0.526507 ->  0.500000 qaram    1.1500
parameters
   -0.8362    7.4576   10.3045   -4.1817   -4.7153   -4.7569
    0.2023    3.0138    1.0245    9.3668   -4.6937   -7.5987
eta,q 0.96916  7.82721
  0.0413  0.0414  0.0400  0.0334  0.0309  0.0317  0.0342  0.0353  0.0333  0.0330  0.0316  0.0335
  0.0397  0.0401  0.0392  0.0342  0.0317  0.0313  0.0327  0.0334  0.0323  0.0318  0.0313  0.0324
  0.0387  0.0391  0.0386  0.0359  0.0329  0.0314  0.0317  0.0319  0.0316  0.0312  0.0311  0.0316
  0.0385  0.0385  0.0384  0.0383  0.0345  0.0320  0.0313  0.0313  0.0313  0.0312  0.0311  0.0311
  0.0389  0.0384  0.0384  0.0413  0.0370  0.0331  0.0315  0.0317  0.0313  0.0319  0.0314  0.0309
  0.0399  0.0389  0.0388  0.0451  0.0398  0.0349  0.0323  0.0330  0.0316  0.0332  0.0319  0.0309
  0.0416  0.0400  0.0395  0.0496  0.0429  0.0378  0.0336  0.0352  0.0324  0.0350  0.0326  0.0313
niter,ni,del,rscale     7    3    5.0000    1.2000
parameter  4  0.816114 ->  0.500000 qaram    1.3225
parameter  5  0.603862 ->  0.500000 qaram    1.3225
parameters
   -0.7606    7.1066   10.2803   -8.9427   -9.4763   -5.8795
   -0.5388    3.1921    0.5728    9.0109   -5.3805   -8.4291
eta,q 0.97214  7.36879
  0.0343  0.0323  0.0320  0.0288  0.0285  0.0299  0.0300  0.0315  0.0293  0.0301  0.0286  0.0288
  0.0326  0.0313  0.0314  0.0290  0.0280  0.0287  0.0288  0.0296  0.0285  0.0288  0.0282  0.0282
  0.0314  0.0308  0.0309  0.0296  0.0283  0.0281  0.0280  0.0284  0.0280  0.0280  0.0279  0.0279
  0.0308  0.0308  0.0308  0.0308  0.0292  0.0280  0.0280  0.0279  0.0279  0.0279  0.0279  0.0279
  0.0311  0.0313  0.0309  0.0330  0.0306  0.0286  0.0285  0.0282  0.0282  0.0283  0.0280  0.0281
  0.0322  0.0322  0.0314  0.0359  0.0328  0.0296  0.0296  0.0293  0.0288  0.0292  0.0284  0.0287
  0.0340  0.0335  0.0321  0.0395  0.0358  0.0312  0.0310  0.0312  0.0297  0.0305  0.0289  0.0294
niter,ni,del,rscale     7    3    5.0000    1.2000
parameters
   -0.7385    7.3620   10.3240  -12.9774  -10.7749   -6.2902
   -0.6391    3.1391    0.5532    9.8812   -6.0727   -8.2027
eta,q 0.97275  7.12902
  0.0307  0.0304  0.0292  0.0281  0.0296  0.0298  0.0298  0.0309  0.0289  0.0302  0.0279  0.0284
  0.0291  0.0291  0.0285  0.0274  0.0284  0.0285  0.0284  0.0290  0.0280  0.0286  0.0275  0.0278
  0.0282  0.0282  0.0280  0.0273  0.0275  0.0276  0.0275  0.0277  0.0274  0.0277  0.0273  0.0274
  0.0279  0.0279  0.0278  0.0278  0.0273  0.0273  0.0273  0.0273  0.0273  0.0273  0.0273  0.0272
  0.0282  0.0280  0.0280  0.0288  0.0279  0.0278  0.0276  0.0277  0.0275  0.0274  0.0274  0.0274
  0.0291  0.0285  0.0284  0.0309  0.0294  0.0289  0.0286  0.0291  0.0280  0.0279  0.0277  0.0277
  0.0306  0.0295  0.0291  0.0340  0.0316  0.0303  0.0300  0.0310  0.0289  0.0290  0.0282  0.0283
niter,ni,del,rscale     6    3    5.0000    1.2000
parameters
   -0.7658    7.9464    9.9310  -13.5093  -11.7531   -7.0617
   -0.6427    3.2264    0.8941   11.1222   -6.3425   -8.4828
eta,q 0.97302  7.05094
  0.0300  0.0300  0.0280  0.0298  0.0293  0.0294  0.0297  0.0307  0.0288  0.0299  0.0277  0.0279
  0.0285  0.0287  0.0274  0.0281  0.0282  0.0281  0.0283  0.0289  0.0279  0.0284  0.0273  0.0274
  0.0275  0.0277  0.0271  0.0272  0.0274  0.0273  0.0274  0.0276  0.0273  0.0275  0.0271  0.0271
  0.0272  0.0272  0.0271  0.0271  0.0271  0.0271  0.0271  0.0271  0.0271  0.0271  0.0270  0.0270
  0.0276  0.0272  0.0274  0.0276  0.0275  0.0277  0.0274  0.0275  0.0272  0.0270  0.0271  0.0271
  0.0285  0.0275  0.0280  0.0286  0.0288  0.0289  0.0283  0.0287  0.0277  0.0275  0.0274  0.0275
  0.0301  0.0282  0.0287  0.0303  0.0307  0.0303  0.0297  0.0306  0.0284  0.0284  0.0278  0.0281
niter,ni,del,rscale     5    3    5.0000    1.2000
parameters
   -0.7622    8.5171    9.4616  -13.9823  -12.8864   -7.8257
   -0.7698    3.3241    0.9734   12.5875   -6.3501   -8.6149
eta,q 0.97330  6.97187
  0.0298  0.0296  0.0276  0.0296  0.0287  0.0291  0.0293  0.0304  0.0283  0.0296  0.0275  0.0276
  0.0282  0.0283  0.0271  0.0279  0.0277  0.0279  0.0279  0.0286  0.0275  0.0283  0.0270  0.0271
  0.0273  0.0275  0.0268  0.0269  0.0270  0.0270  0.0271  0.0273  0.0270  0.0273  0.0268  0.0268
  0.0270  0.0270  0.0269  0.0268  0.0268  0.0268  0.0268  0.0268  0.0268  0.0268  0.0267  0.0267
  0.0273  0.0269  0.0272  0.0274  0.0272  0.0274  0.0271  0.0272  0.0270  0.0267  0.0268  0.0268
  0.0282  0.0272  0.0278  0.0284  0.0284  0.0286  0.0281  0.0284  0.0275  0.0272  0.0271  0.0272
  0.0298  0.0279  0.0285  0.0300  0.0302  0.0301  0.0294  0.0303  0.0283  0.0280  0.0275  0.0277
niter,ni,del,rscale     4    3    5.0000    1.2000
parameters
   -0.7252    9.2168    8.9466  -14.4425  -14.2525   -8.7903
   -0.9040    3.4524    0.8204   14.2790   -6.2759   -8.5837
eta,q 0.97372  6.88308
  0.0296  0.0293  0.0272  0.0294  0.0282  0.0285  0.0289  0.0300  0.0280  0.0294  0.0271  0.0273
  0.0280  0.0281  0.0267  0.0277  0.0272  0.0274  0.0275  0.0282  0.0271  0.0280  0.0267  0.0267
  0.0270  0.0272  0.0265  0.0266  0.0266  0.0266  0.0267  0.0270  0.0266  0.0270  0.0264  0.0264
  0.0267  0.0267  0.0266  0.0265  0.0265  0.0265  0.0264  0.0264  0.0264  0.0264  0.0263  0.0263
  0.0270  0.0266  0.0269  0.0272  0.0269  0.0271  0.0268  0.0268  0.0266  0.0263  0.0264  0.0264
  0.0279  0.0268  0.0274  0.0283  0.0281  0.0282  0.0277  0.0280  0.0272  0.0267  0.0266  0.0267
  0.0294  0.0274  0.0282  0.0298  0.0299  0.0298  0.0291  0.0299  0.0281  0.0275  0.0271  0.0272
niter,ni,del,rscale     3    3    5.0000    1.2000
parameters
   -0.6774    9.9383    8.4405  -14.7683  -15.2927   -9.7998
   -0.9714    3.5617    0.6992   15.5309   -6.2536   -8.9580
eta,q 0.97411  6.81283
  0.0293  0.0290  0.0268  0.0292  0.0282  0.0280  0.0285  0.0296  0.0278  0.0289  0.0268  0.0268
  0.0276  0.0278  0.0263  0.0275  0.0270  0.0269  0.0271  0.0278  0.0268  0.0275  0.0263  0.0263
  0.0266  0.0268  0.0261  0.0263  0.0262  0.0262  0.0263  0.0265  0.0262  0.0265  0.0260  0.0260
  0.0263  0.0263  0.0261  0.0260  0.0260  0.0260  0.0260  0.0260  0.0260  0.0260  0.0259  0.0259
  0.0266  0.0261  0.0264  0.0267  0.0266  0.0266  0.0263  0.0264  0.0262  0.0259  0.0260  0.0260
  0.0275  0.0263  0.0270  0.0280  0.0277  0.0277  0.0272  0.0276  0.0269  0.0265  0.0263  0.0264
  0.0290  0.0270  0.0278  0.0294  0.0294  0.0292  0.0286  0.0294  0.0279  0.0274  0.0268  0.0270
niter,ni,del,rscale     2    3    5.0000    1.2000
parameters
   -0.6460   10.3550    8.0858  -14.9080  -15.6831  -10.3969
   -0.9939    3.6084    0.6595   16.2056   -6.2327   -9.3171
eta,q 0.97421  6.78398
  0.0288  0.0284  0.0267  0.0292  0.0284  0.0279  0.0284  0.0293  0.0278  0.0285  0.0267  0.0268
  0.0272  0.0272  0.0261  0.0274  0.0271  0.0268  0.0270  0.0276  0.0267  0.0271  0.0262  0.0262
  0.0262  0.0263  0.0259  0.0262  0.0262  0.0261  0.0261  0.0263  0.0260  0.0262  0.0259  0.0259
  0.0259  0.0259  0.0258  0.0258  0.0258  0.0258  0.0258  0.0258  0.0258  0.0258  0.0258  0.0258
  0.0262  0.0259  0.0261  0.0264  0.0262  0.0263  0.0261  0.0262  0.0261  0.0259  0.0259  0.0259
  0.0271  0.0263  0.0266  0.0277  0.0273  0.0273  0.0270  0.0275  0.0267  0.0266  0.0262  0.0264
  0.0287  0.0271  0.0274  0.0292  0.0290  0.0286  0.0284  0.0293  0.0278  0.0276  0.0267  0.0269
niter,ni,del,rscale     1    3    5.0000    1.2000
parameters
   -0.6356   10.5576    7.8650  -14.9761  -15.8201  -10.7433
   -0.9964    3.6140    0.6473   16.5681   -6.2208   -9.5059
eta,q 0.97422  6.77158
  0.0287  0.0280  0.0267  0.0292  0.0285  0.0279  0.0284  0.0293  0.0278  0.0282  0.0267  0.0268
  0.0271  0.0268  0.0262  0.0275  0.0272  0.0269  0.0270  0.0275  0.0267  0.0270  0.0262  0.0262
  0.0261  0.0261  0.0259  0.0262  0.0262  0.0261  0.0261  0.0263  0.0260  0.0261  0.0259  0.0259
  0.0258  0.0258  0.0258  0.0258  0.0258  0.0258  0.0258  0.0258  0.0258  0.0258  0.0258  0.0258
  0.0261  0.0259  0.0260  0.0263  0.0261  0.0261  0.0261  0.0262  0.0260  0.0260  0.0259  0.0259
  0.0271  0.0264  0.0264  0.0277  0.0272  0.0271  0.0270  0.0274  0.0267  0.0267  0.0262  0.0263
  0.0286  0.0273  0.0272  0.0292  0.0288  0.0284  0.0284  0.0293  0.0278  0.0278  0.0267  0.0269
registration optimization eta report
parameter search radius
    2.4000    2.4000    2.4000    9.5220    9.5220    8.2800
    7.2000    7.2000    7.2000    7.2000    7.2000    7.2000
100000*second partial in parameter space
       49.       32.       20.        4.        3.        3.
        5.        7.        4.        4.        2.        2.
  0.0287  0.0280  0.0267  0.0292  0.0285  0.0279  0.0284  0.0293  0.0278  0.0282  0.0267  0.0268
  0.0271  0.0268  0.0262  0.0275  0.0272  0.0269  0.0270  0.0275  0.0267  0.0270  0.0262  0.0262
  0.0261  0.0261  0.0259  0.0262  0.0262  0.0261  0.0261  0.0263  0.0260  0.0261  0.0259  0.0259
  0.0258  0.0258  0.0258  0.0258  0.0258  0.0258  0.0258  0.0258  0.0258  0.0258  0.0258  0.0258
  0.0261  0.0259  0.0260  0.0263  0.0261  0.0261  0.0261  0.0262  0.0260  0.0260  0.0259  0.0259
  0.0271  0.0264  0.0264  0.0277  0.0272  0.0271  0.0270  0.0274  0.0267  0.0267  0.0262  0.0263
  0.0286  0.0273  0.0272  0.0292  0.0288  0.0284  0.0284  0.0293  0.0278  0.0278  0.0267  0.0269
   -0.6356   10.5576    7.8650  -14.9761  -15.8201  -10.7433
   -0.9964    3.6140    0.6473   16.5681   -6.2208   -9.5059
eta,q 0.97422  6.77158

---------------------------------------------------------------------
imgreg_4dfp /opt/freesurfer/average/711-2C_as_mni_average_305 /opt/freesurfer/average/711-2B_as_mni_average_305_mask talsrcimg_g11 none talsrcimg_to_711-2C_as_mni_average_305_t4 2311
---------------------------------------------------------------------

freesurfer imgreg_4dfp.c
/opt/freesurfer/average/711-2C_as_mni_average_305.4dfp.img
       256       256       256         1
  1.000000  1.000000  1.000000
orientation T byte_order littleendian
Reading image: /opt/freesurfer/average/711-2C_as_mni_average_305.4dfp.img
dimensions:      256       256       256
mmppix:       1.0000   -1.0000   -1.0000
center:     128.0000 -129.0000 -129.0000
/opt/freesurfer/average/711-2B_as_mni_average_305_mask.4dfp.img
       256       256       256         1
  1.000000  1.000000  1.000000
orientation T byte_order littleendian
Reading mask: /opt/freesurfer/average/711-2B_as_mni_average_305_mask.4dfp.img (2306576 pixels)
talsrcimg_g11.4dfp.img
       256       256       256         1
  1.000000  1.000000  1.000000
orientation T byte_order littleendian
Reading image: talsrcimg_g11.4dfp.img
dimensions:      256       256       256
mmppix:       1.0000   -1.0000   -1.0000
center:     128.0000 -129.0000 -129.0000
fimgreg.f
image alignment mode   2311 decimal      907 hex
parameters
   -0.6356   10.5576    7.8650  -14.9761  -15.8201  -10.7433
   -0.9964    3.6140    0.6473   16.5681   -6.2208   -9.5059
eta,q 0.97422  6.77158
niter,ni,del,rscale     5    3    5.0000    0.8000
parameters
   -0.6406   10.6359    7.7488  -15.1121  -15.5223  -10.7428
   -1.0182    3.6683    0.6197   16.6758   -6.3137   -9.8089
eta,q 0.97423  6.77858
  0.0271  0.0267  0.0262  0.0268  0.0267  0.0267  0.0270  0.0275  0.0267  0.0269  0.0262  0.0262
  0.0263  0.0262  0.0260  0.0262  0.0262  0.0262  0.0263  0.0266  0.0262  0.0263  0.0259  0.0259
  0.0259  0.0259  0.0258  0.0259  0.0259  0.0259  0.0259  0.0260  0.0259  0.0259  0.0258  0.0258
  0.0258  0.0258  0.0258  0.0258  0.0258  0.0258  0.0258  0.0258  0.0258  0.0258  0.0258  0.0258
  0.0259  0.0259  0.0259  0.0259  0.0258  0.0259  0.0259  0.0259  0.0259  0.0259  0.0258  0.0258
  0.0264  0.0261  0.0261  0.0263  0.0261  0.0262  0.0263  0.0265  0.0262  0.0262  0.0260  0.0260
  0.0271  0.0265  0.0264  0.0269  0.0265  0.0267  0.0270  0.0274  0.0267  0.0268  0.0262  0.0263
niter,ni,del,rscale     4    3    5.0000    0.7000
parameters
   -0.6323   10.6500    7.6988  -15.1642  -15.4517  -10.7083
   -1.0317    3.7019    0.6299   16.7286   -6.3723   -9.9138
eta,q 0.97424  6.78067
  0.0268  0.0264  0.0261  0.0266  0.0264  0.0265  0.0267  0.0271  0.0265  0.0266  0.0261  0.0261
  0.0262  0.0260  0.0259  0.0261  0.0261  0.0261  0.0262  0.0264  0.0261  0.0261  0.0259  0.0259
  0.0259  0.0258  0.0258  0.0259  0.0259  0.0259  0.0259  0.0259  0.0258  0.0259  0.0258  0.0258
  0.0258  0.0258  0.0258  0.0258  0.0258  0.0258  0.0258  0.0258  0.0258  0.0258  0.0258  0.0258
  0.0259  0.0258  0.0258  0.0259  0.0258  0.0258  0.0259  0.0259  0.0258  0.0258  0.0258  0.0258
  0.0262  0.0260  0.0260  0.0262  0.0260  0.0261  0.0262  0.0263  0.0261  0.0261  0.0259  0.0259
  0.0267  0.0264  0.0262  0.0266  0.0264  0.0265  0.0267  0.0271  0.0265  0.0265  0.0261  0.0261
niter,ni,del,rscale     3    3    5.0000    0.6000
parameters
   -0.6287   10.6534    7.6884  -15.1730  -15.4146  -10.6676
   -1.0473    3.7287    0.6414   16.7346   -6.3988   -9.9509
eta,q 0.97424  6.78280
  0.0265  0.0262  0.0260  0.0264  0.0262  0.0263  0.0265  0.0268  0.0263  0.0264  0.0260  0.0260
  0.0261  0.0260  0.0259  0.0261  0.0260  0.0260  0.0261  0.0262  0.0260  0.0260  0.0259  0.0259
  0.0258  0.0258  0.0258  0.0258  0.0258  0.0258  0.0258  0.0259  0.0258  0.0258  0.0258  0.0258
  0.0258  0.0258  0.0258  0.0258  0.0258  0.0258  0.0258  0.0258  0.0258  0.0258  0.0258  0.0258
  0.0258  0.0258  0.0258  0.0258  0.0258  0.0258  0.0258  0.0259  0.0258  0.0258  0.0258  0.0258
  0.0261  0.0260  0.0259  0.0261  0.0260  0.0260  0.0261  0.0262  0.0260  0.0260  0.0259  0.0259
  0.0265  0.0262  0.0260  0.0264  0.0262  0.0263  0.0265  0.0267  0.0263  0.0264  0.0260  0.0260
niter,ni,del,rscale     2    3    5.0000    0.5000
parameters
   -0.6249   10.6507    7.6926  -15.1929  -15.3750  -10.6269
   -1.0670    3.7517    0.6458   16.7238   -6.4439   -9.9740
eta,q 0.97424  6.78450
  0.0263  0.0261  0.0260  0.0262  0.0261  0.0261  0.0262  0.0265  0.0261  0.0262  0.0259  0.0259
  0.0260  0.0259  0.0258  0.0260  0.0259  0.0259  0.0260  0.0261  0.0259  0.0259  0.0258  0.0258
  0.0258  0.0258  0.0258  0.0258  0.0258  0.0258  0.0258  0.0258  0.0258  0.0258  0.0258  0.0258
  0.0258  0.0258  0.0258  0.0258  0.0258  0.0258  0.0258  0.0258  0.0258  0.0258  0.0258  0.0258
  0.0258  0.0258  0.0258  0.0258  0.0258  0.0258  0.0258  0.0258  0.0258  0.0258  0.0258  0.0258
  0.0260  0.0259  0.0258  0.0260  0.0259  0.0259  0.0260  0.0261  0.0259  0.0259  0.0258  0.0258
  0.0263  0.0261  0.0260  0.0262  0.0261  0.0261  0.0263  0.0264  0.0261  0.0262  0.0259  0.0259
niter,ni,del,rscale     1    3    5.0000    0.4000
parameters
   -0.6195   10.6416    7.7062  -15.2070  -15.3369  -10.5750
   -1.0834    3.7709    0.6620   16.7002   -6.4530   -9.9809
eta,q 0.97424  6.78640
  0.0261  0.0260  0.0259  0.0261  0.0260  0.0260  0.0261  0.0262  0.0260  0.0260  0.0259  0.0259
  0.0259  0.0258  0.0258  0.0259  0.0259  0.0259  0.0259  0.0260  0.0259  0.0259  0.0258  0.0258
  0.0258  0.0258  0.0258  0.0258  0.0258  0.0258  0.0258  0.0258  0.0258  0.0258  0.0258  0.0258
  0.0258  0.0258  0.0258  0.0258  0.0258  0.0258  0.0258  0.0258  0.0258  0.0258  0.0258  0.0258
  0.0258  0.0258  0.0258  0.0258  0.0258  0.0258  0.0258  0.0258  0.0258  0.0258  0.0258  0.0258
  0.0259  0.0259  0.0258  0.0259  0.0258  0.0259  0.0259  0.0260  0.0259  0.0259  0.0258  0.0258
  0.0261  0.0260  0.0259  0.0261  0.0260  0.0260  0.0261  0.0262  0.0260  0.0260  0.0259  0.0259
registration optimization eta report
parameter search radius
    0.8000    0.8000    0.8000    2.4000    2.4000    2.4000
    2.4000    2.4000    2.4000    2.4000    2.4000    2.4000
100000*second partial in parameter space
       51.       32.       20.        5.        4.        4.
        5.        8.        4.        5.        2.        2.
  0.0261  0.0260  0.0259  0.0261  0.0260  0.0260  0.0261  0.0262  0.0260  0.0260  0.0259  0.0259
  0.0259  0.0258  0.0258  0.0259  0.0259  0.0259  0.0259  0.0260  0.0259  0.0259  0.0258  0.0258
  0.0258  0.0258  0.0258  0.0258  0.0258  0.0258  0.0258  0.0258  0.0258  0.0258  0.0258  0.0258
  0.0258  0.0258  0.0258  0.0258  0.0258  0.0258  0.0258  0.0258  0.0258  0.0258  0.0258  0.0258
  0.0258  0.0258  0.0258  0.0258  0.0258  0.0258  0.0258  0.0258  0.0258  0.0258  0.0258  0.0258
  0.0259  0.0259  0.0258  0.0259  0.0258  0.0259  0.0259  0.0260  0.0259  0.0259  0.0258  0.0258
  0.0261  0.0260  0.0259  0.0261  0.0260  0.0260  0.0261  0.0262  0.0260  0.0260  0.0259  0.0259
   -0.6195   10.6416    7.7062  -15.2070  -15.3369  -10.5750
   -1.0834    3.7709    0.6620   16.7002   -6.4530   -9.9809
eta,q 0.97424  6.78640

---------------------------------------------------------------------
imgreg_4dfp /opt/freesurfer/average/711-2C_as_mni_average_305 /opt/freesurfer/average/711-2B_as_mni_average_305_mask talsrcimg_g11 none talsrcimg_to_711-2C_as_mni_average_305_t4 2311
---------------------------------------------------------------------

freesurfer imgreg_4dfp.c
/opt/freesurfer/average/711-2C_as_mni_average_305.4dfp.img
       256       256       256         1
  1.000000  1.000000  1.000000
orientation T byte_order littleendian
Reading image: /opt/freesurfer/average/711-2C_as_mni_average_305.4dfp.img
dimensions:      256       256       256
mmppix:       1.0000   -1.0000   -1.0000
center:     128.0000 -129.0000 -129.0000
/opt/freesurfer/average/711-2B_as_mni_average_305_mask.4dfp.img
       256       256       256         1
  1.000000  1.000000  1.000000
orientation T byte_order littleendian
Reading mask: /opt/freesurfer/average/711-2B_as_mni_average_305_mask.4dfp.img (2306576 pixels)
talsrcimg_g11.4dfp.img
       256       256       256         1
  1.000000  1.000000  1.000000
orientation T byte_order littleendian
Reading image: talsrcimg_g11.4dfp.img
dimensions:      256       256       256
mmppix:       1.0000   -1.0000   -1.0000
center:     128.0000 -129.0000 -129.0000
fimgreg.f
image alignment mode   2311 decimal      907 hex
parameters
   -0.6195   10.6416    7.7062  -15.2070  -15.3369  -10.5750
   -1.0834    3.7709    0.6620   16.7002   -6.4530   -9.9809
eta,q 0.97424  6.78639
niter,ni,del,rscale     5    3    5.0000    0.8000
parameters
   -0.6144   10.6504    7.7055  -15.2055  -15.4858  -10.6686
   -1.0659    3.7187    0.6723   16.7566   -6.3860   -9.9074
eta,q 0.97424  6.77937
  0.0271  0.0266  0.0263  0.0269  0.0265  0.0266  0.0270  0.0274  0.0267  0.0268  0.0262  0.0263
  0.0263  0.0261  0.0260  0.0263  0.0261  0.0262  0.0263  0.0265  0.0262  0.0262  0.0259  0.0260
  0.0259  0.0258  0.0258  0.0259  0.0259  0.0259  0.0259  0.0260  0.0259  0.0259  0.0258  0.0258
  0.0258  0.0258  0.0258  0.0258  0.0258  0.0258  0.0258  0.0258  0.0258  0.0258  0.0258  0.0258
  0.0259  0.0259  0.0258  0.0259  0.0259  0.0259  0.0259  0.0260  0.0259  0.0259  0.0258  0.0258
  0.0263  0.0261  0.0260  0.0263  0.0262  0.0262  0.0263  0.0266  0.0262  0.0262  0.0259  0.0260
  0.0270  0.0266  0.0263  0.0269  0.0267  0.0267  0.0270  0.0275  0.0267  0.0268  0.0262  0.0262
niter,ni,del,rscale     4    3    5.0000    0.7000
parameters
   -0.6239   10.6633    7.6963  -15.1832  -15.4556  -10.6980
   -1.0557    3.7151    0.6552   16.7544   -6.3829   -9.9401
eta,q 0.97424  6.78052
  0.0267  0.0264  0.0261  0.0266  0.0264  0.0265  0.0267  0.0271  0.0265  0.0266  0.0261  0.0261
  0.0262  0.0260  0.0259  0.0262  0.0261  0.0261  0.0262  0.0264  0.0261  0.0261  0.0259  0.0259
  0.0259  0.0258  0.0258  0.0259  0.0258  0.0259  0.0259  0.0259  0.0258  0.0258  0.0258  0.0258
  0.0258  0.0258  0.0258  0.0258  0.0258  0.0258  0.0258  0.0258  0.0258  0.0258  0.0258  0.0258
  0.0259  0.0258  0.0258  0.0259  0.0258  0.0258  0.0259  0.0259  0.0258  0.0259  0.0258  0.0258
  0.0262  0.0260  0.0259  0.0262  0.0260  0.0261  0.0262  0.0264  0.0261  0.0261  0.0259  0.0259
  0.0268  0.0264  0.0262  0.0266  0.0264  0.0265  0.0267  0.0271  0.0265  0.0266  0.0261  0.0261
registration optimization eta report
parameter search radius
    1.4000    1.4000    1.4000    4.2000    4.2000    4.2000
    4.2000    4.2000    4.2000    4.2000    4.2000    4.2000
100000*second partial in parameter space
       50.       32.       20.        5.        4.        4.
        5.        8.        4.        5.        2.        2.
  0.0267  0.0264  0.0261  0.0266  0.0264  0.0265  0.0267  0.0271  0.0265  0.0266  0.0261  0.0261
  0.0262  0.0260  0.0259  0.0262  0.0261  0.0261  0.0262  0.0264  0.0261  0.0261  0.0259  0.0259
  0.0259  0.0258  0.0258  0.0259  0.0258  0.0259  0.0259  0.0259  0.0258  0.0258  0.0258  0.0258
  0.0258  0.0258  0.0258  0.0258  0.0258  0.0258  0.0258  0.0258  0.0258  0.0258  0.0258  0.0258
  0.0259  0.0258  0.0258  0.0259  0.0258  0.0258  0.0259  0.0259  0.0258  0.0259  0.0258  0.0258
  0.0262  0.0260  0.0259  0.0262  0.0260  0.0261  0.0262  0.0264  0.0261  0.0261  0.0259  0.0259
  0.0268  0.0264  0.0262  0.0266  0.0264  0.0265  0.0267  0.0271  0.0265  0.0266  0.0261  0.0261
   -0.6239   10.6633    7.6963  -15.1832  -15.4556  -10.6980
   -1.0557    3.7151    0.6552   16.7544   -6.3829   -9.9401
eta,q 0.97424  6.78052

---------------------------------------------------------------------
compute_vox2vox talsrcimg talsrcimg_to_711-2C_as_mni_average_305_t4 /opt/freesurfer/average/711-2C_as_mni_average_305
---------------------------------------------------------------------

freesurfer compute_vox2vox.c
Reading: talsrcimg.4dfp.ifh
Reading: talsrcimg_to_711-2C_as_mni_average_305_t4
Reading: /opt/freesurfer/average/711-2C_as_mni_average_305.4dfp.ifh
Writing: talsrcimg_to_711-2C_as_mni_average_305_t4_vox2vox.txt

start time Mon Mar 9 02:28:13 CET 2026
end		time Mon Mar 9 02:28:26 CET 2026

mpr2mni305 success

avi2talxfm orig_nu.mgz /opt/freesurfer/average/mni305.cor.mgz talsrcimg_to_711-2C_as_mni_average_305_t4_vox2vox.txt transforms/talairach.auto.xfm
avi2talxfm done
mv -f /out/sourcedata/freesurfer/sub-v1s17x0050260_ses-1/mri/talsrcimg_to_711-2C_as_mni_average_305_t4_vox2vox.txt /out/sourcedata/freesurfer/sub-v1s17x0050260_ses-1/mri/transforms/talsrcimg_to_711-2C_as_mni_average_305_t4_vox2vox.txt
lta_convert --src orig_nu.mgz --trg /opt/freesurfer/average/mni305.cor.mgz --inxfm transforms/talairach.auto.xfm --outlta transforms/talairach.auto.xfm.lta --subject fsaverage
7.3.2

--src: orig_nu.mgz src image (geometry).
--trg: /opt/freesurfer/average/mni305.cor.mgz trg image (geometry).
--inmni: transforms/talairach.auto.xfm input MNI/XFM transform.
--outlta: transforms/talairach.auto.xfm.lta output LTA.
--s: fsaverage subject name
 LTA read, type : 1
 1.17514  -0.05053   0.00873   1.19058;
 0.08119   1.09214   0.12942   1.54093;
-0.02520  -0.21604   1.15710  -6.20602;
 0.00000   0.00000   0.00000   1.00000;
setting subject to fsaverage
Writing  LTA to file transforms/talairach.auto.xfm.lta...
lta_convert successful.
 
 
Started at Mon Mar 9 02:28:12 CET 2026
Ended   at Mon Mar  9 02:28:26 CET 2026
talairach_avi done
