status file for recon-all
Mon Mar  9 04:12:46 CET 2026
#@# Tessellate rh Mon Mar  9 04:12:46 CET 2026
#@# Smooth1 rh Mon Mar  9 04:12:49 CET 2026
#@# Inflation1 rh Mon Mar  9 04:12:51 CET 2026
#@# QSphere rh Mon Mar  9 04:13:02 CET 2026
#@# Fix Topology rh Mon Mar  9 04:13:54 CET 2026
#@# Smooth2 rh Mon Mar  9 04:20:39 CET 2026
#@# Inflation2 rh Mon Mar  9 04:20:41 CET 2026
#@# Curv .H and .K rh Mon Mar  9 04:20:52 CET 2026
#@# Sphere rh Mon Mar  9 04:21:39 CET 2026
#@# Surf Reg rh Mon Mar  9 04:24:58 CET 2026
#@# Jacobian white rh Mon Mar  9 04:29:11 CET 2026
#@# AvgCurv rh Mon Mar  9 04:29:12 CET 2026
#@# Cortical Parc rh Mon Mar  9 04:29:13 CET 2026
#@# white curv rh Mon Mar  9 04:35:08 CET 2026
#@# white area rh Mon Mar  9 04:35:10 CET 2026
#@# pial curv rh Mon Mar  9 04:35:10 CET 2026
#@# pial area rh Mon Mar  9 04:35:12 CET 2026
#@# thickness rh Mon Mar  9 04:35:12 CET 2026
#@# area and vertex vol rh Mon Mar  9 04:35:38 CET 2026
#@# Curvature Stats rh Mon Mar  9 04:35:39 CET 2026
#@# Cortical Parc 2 rh Mon Mar  9 04:35:41 CET 2026
#@# Cortical Parc 3 rh Mon Mar  9 04:35:53 CET 2026
#@# WM/GM Contrast rh Mon Mar  9 04:36:02 CET 2026
recon-all -s sub-v1s17x0050263_ses-1 finished without error at Mon Mar  9 04:36:04 CET 2026



#New# invocation of recon-all 



status file for recon-all
Mon Mar  9 04:44:36 CET 2026
#@# white curv rh Mon Mar  9 04:44:36 CET 2026
#@# white area rh Mon Mar  9 04:44:36 CET 2026
#@# pial curv rh Mon Mar  9 04:44:36 CET 2026
#@# pial area rh Mon Mar  9 04:44:36 CET 2026
#@# thickness rh Mon Mar  9 04:44:36 CET 2026
#@# area and vertex vol rh Mon Mar  9 04:44:36 CET 2026
#@# Parcellation Stats rh Mon Mar  9 04:44:36 CET 2026
#@# Parcellation Stats 2 rh Mon Mar  9 04:44:57 CET 2026
#@# Parcellation Stats 3 rh Mon Mar  9 04:45:08 CET 2026
#@# BA_exvivo Labels rh Mon Mar  9 04:45:19 CET 2026
recon-all -s sub-v1s17x0050263_ses-1 finished without error at Mon Mar  9 04:47:32 CET 2026
