status file for recon-all
Mon Mar  9 03:49:36 CET 2026
#@# Tessellate lh Mon Mar  9 03:49:36 CET 2026
#@# Smooth1 lh Mon Mar  9 03:49:39 CET 2026
#@# Inflation1 lh Mon Mar  9 03:49:41 CET 2026
#@# QSphere lh Mon Mar  9 03:49:52 CET 2026
#@# Fix Topology lh Mon Mar  9 03:50:47 CET 2026
#@# Smooth2 lh Mon Mar  9 03:57:29 CET 2026
#@# Inflation2 lh Mon Mar  9 03:57:31 CET 2026
#@# Curv .H and .K lh Mon Mar  9 03:57:42 CET 2026
#@# Sphere lh Mon Mar  9 03:58:31 CET 2026
#@# Surf Reg lh Mon Mar  9 04:01:37 CET 2026
#@# Jacobian white lh Mon Mar  9 04:05:36 CET 2026
#@# AvgCurv lh Mon Mar  9 04:05:37 CET 2026
#@# Cortical Parc lh Mon Mar  9 04:05:37 CET 2026
#@# white curv lh Mon Mar  9 04:11:46 CET 2026
#@# white area lh Mon Mar  9 04:11:48 CET 2026
#@# pial curv lh Mon Mar  9 04:11:48 CET 2026
#@# pial area lh Mon Mar  9 04:11:50 CET 2026
#@# thickness lh Mon Mar  9 04:11:50 CET 2026
#@# area and vertex vol lh Mon Mar  9 04:12:17 CET 2026
#@# Curvature Stats lh Mon Mar  9 04:12:18 CET 2026
#@# Cortical Parc 2 lh Mon Mar  9 04:12:20 CET 2026
#@# Cortical Parc 3 lh Mon Mar  9 04:12:32 CET 2026
#@# WM/GM Contrast lh Mon Mar  9 04:12:41 CET 2026
recon-all -s sub-v1s17x0050263_ses-1 finished without error at Mon Mar  9 04:12:44 CET 2026



#New# invocation of recon-all 



status file for recon-all
Mon Mar  9 04:41:34 CET 2026
#@# white curv lh Mon Mar  9 04:41:34 CET 2026
#@# white area lh Mon Mar  9 04:41:34 CET 2026
#@# pial curv lh Mon Mar  9 04:41:34 CET 2026
#@# pial area lh Mon Mar  9 04:41:34 CET 2026
#@# thickness lh Mon Mar  9 04:41:34 CET 2026
#@# area and vertex vol lh Mon Mar  9 04:41:34 CET 2026
#@# Parcellation Stats lh Mon Mar  9 04:41:34 CET 2026
#@# Parcellation Stats 2 lh Mon Mar  9 04:41:57 CET 2026
#@# Parcellation Stats 3 lh Mon Mar  9 04:42:08 CET 2026
#@# BA_exvivo Labels lh Mon Mar  9 04:42:19 CET 2026
recon-all -s sub-v1s17x0050263_ses-1 finished without error at Mon Mar  9 04:44:35 CET 2026
