status file for recon-all
Mon Mar  9 01:13:04 CET 2026
#@# MotionCor Mon Mar  9 01:13:06 CET 2026
#@# Talairach Mon Mar  9 01:13:11 CET 2026
#@# Talairach Failure Detection Mon Mar  9 01:16:01 CET 2026
#@# Nu Intensity Correction Mon Mar  9 01:16:01 CET 2026
#@# Intensity Normalization Mon Mar  9 01:18:46 CET 2026
recon-all -s sub-v1s17x0050242_ses-1 finished without error at Mon Mar  9 01:19:43 CET 2026



#New# invocation of recon-all 



status file for recon-all
Mon Mar  9 01:25:49 CET 2026
#@# EM Registration Mon Mar  9 01:25:49 CET 2026
recon-all -s sub-v1s17x0050242_ses-1 finished without error at Mon Mar  9 01:26:59 CET 2026



#New# invocation of recon-all 



status file for recon-all
Mon Mar  9 01:27:02 CET 2026
#@# CA Normalize Mon Mar  9 01:27:02 CET 2026
#@# CA Reg Mon Mar  9 01:27:58 CET 2026
#@# SubCort Seg Mon Mar  9 01:59:54 CET 2026
#@# CC Seg Mon Mar  9 02:20:50 CET 2026
#@# Merge ASeg Mon Mar  9 02:21:08 CET 2026
#@# Intensity Normalization2 Mon Mar  9 02:21:08 CET 2026
#@# Mask BFS Mon Mar  9 02:22:38 CET 2026
#@# WM Segmentation Mon Mar  9 02:22:39 CET 2026
#@# Fill Mon Mar  9 02:24:11 CET 2026
recon-all -s sub-v1s17x0050242_ses-1 finished without error at Mon Mar  9 02:24:50 CET 2026



#New# invocation of recon-all 



status file for recon-all
Mon Mar  9 03:02:28 CET 2026
#@# white curv lh Mon Mar  9 03:02:28 CET 2026
#@# white area lh Mon Mar  9 03:02:28 CET 2026
#@# pial curv lh Mon Mar  9 03:02:28 CET 2026
#@# pial area lh Mon Mar  9 03:02:28 CET 2026
#@# thickness lh Mon Mar  9 03:02:28 CET 2026
#@# area and vertex vol lh Mon Mar  9 03:02:28 CET 2026
#@# white curv rh Mon Mar  9 03:02:28 CET 2026
#@# white area rh Mon Mar  9 03:02:28 CET 2026
#@# pial curv rh Mon Mar  9 03:02:28 CET 2026
#@# pial area rh Mon Mar  9 03:02:28 CET 2026
#@# thickness rh Mon Mar  9 03:02:28 CET 2026
#@# area and vertex vol rh Mon Mar  9 03:02:28 CET 2026
#@# Cortical ribbon mask Mon Mar  9 03:02:28 CET 2026
recon-all -s sub-v1s17x0050242_ses-1 finished without error at Mon Mar  9 03:05:50 CET 2026



#New# invocation of recon-all 



status file for recon-all
Mon Mar  9 03:10:38 CET 2026
#@# white curv lh Mon Mar  9 03:10:38 CET 2026
#@# white area lh Mon Mar  9 03:10:38 CET 2026
#@# pial curv lh Mon Mar  9 03:10:38 CET 2026
#@# pial area lh Mon Mar  9 03:10:38 CET 2026
#@# thickness lh Mon Mar  9 03:10:38 CET 2026
#@# area and vertex vol lh Mon Mar  9 03:10:38 CET 2026
#@# white curv rh Mon Mar  9 03:10:38 CET 2026
#@# white area rh Mon Mar  9 03:10:38 CET 2026
#@# pial curv rh Mon Mar  9 03:10:38 CET 2026
#@# pial area rh Mon Mar  9 03:10:38 CET 2026
#@# thickness rh Mon Mar  9 03:10:38 CET 2026
#@# area and vertex vol rh Mon Mar  9 03:10:38 CET 2026
#@# Curvature Stats lh Mon Mar  9 03:10:38 CET 2026
#@# Curvature Stats rh Mon Mar  9 03:10:40 CET 2026
#@# Relabel Hypointensities Mon Mar  9 03:10:41 CET 2026
#@# APas-to-ASeg Mon Mar  9 03:10:52 CET 2026
#@# AParc-to-ASeg aparc Mon Mar  9 03:10:57 CET 2026
#@# AParc-to-ASeg aparc.a2009s Mon Mar  9 03:11:16 CET 2026
#@# AParc-to-ASeg aparc.DKTatlas Mon Mar  9 03:11:33 CET 2026
#@# WMParc Mon Mar  9 03:11:54 CET 2026
#@# ASeg Stats Mon Mar  9 03:13:44 CET 2026
recon-all -s sub-v1s17x0050242_ses-1 finished without error at Mon Mar  9 03:14:02 CET 2026
