status file for recon-all
Mon Mar  9 02:24:53 CET 2026
#@# Tessellate lh Mon Mar  9 02:24:53 CET 2026
#@# Smooth1 lh Mon Mar  9 02:24:56 CET 2026
#@# Inflation1 lh Mon Mar  9 02:24:58 CET 2026
#@# QSphere lh Mon Mar  9 02:25:05 CET 2026
#@# Fix Topology lh Mon Mar  9 02:25:46 CET 2026
#@# Smooth2 lh Mon Mar  9 02:31:03 CET 2026
#@# Inflation2 lh Mon Mar  9 02:31:05 CET 2026
#@# Curv .H and .K lh Mon Mar  9 02:31:14 CET 2026
#@# Sphere lh Mon Mar  9 02:31:51 CET 2026
#@# Surf Reg lh Mon Mar  9 02:34:01 CET 2026
#@# Jacobian white lh Mon Mar  9 02:36:42 CET 2026
#@# AvgCurv lh Mon Mar  9 02:36:42 CET 2026
#@# Cortical Parc lh Mon Mar  9 02:36:43 CET 2026
#@# white curv lh Mon Mar  9 02:42:11 CET 2026
#@# white area lh Mon Mar  9 02:42:12 CET 2026
#@# pial curv lh Mon Mar  9 02:42:13 CET 2026
#@# pial area lh Mon Mar  9 02:42:14 CET 2026
#@# thickness lh Mon Mar  9 02:42:14 CET 2026
#@# area and vertex vol lh Mon Mar  9 02:42:34 CET 2026
#@# Curvature Stats lh Mon Mar  9 02:42:35 CET 2026
#@# Cortical Parc 2 lh Mon Mar  9 02:42:37 CET 2026
#@# Cortical Parc 3 lh Mon Mar  9 02:42:47 CET 2026
#@# WM/GM Contrast lh Mon Mar  9 02:42:54 CET 2026
recon-all -s sub-v1s17x0050242_ses-1 finished without error at Mon Mar  9 02:42:56 CET 2026



#New# invocation of recon-all 



status file for recon-all
Mon Mar  9 03:05:54 CET 2026
#@# white curv lh Mon Mar  9 03:05:54 CET 2026
#@# white area lh Mon Mar  9 03:05:54 CET 2026
#@# pial curv lh Mon Mar  9 03:05:54 CET 2026
#@# pial area lh Mon Mar  9 03:05:54 CET 2026
#@# thickness lh Mon Mar  9 03:05:54 CET 2026
#@# area and vertex vol lh Mon Mar  9 03:05:54 CET 2026
#@# Parcellation Stats lh Mon Mar  9 03:05:54 CET 2026
#@# Parcellation Stats 2 lh Mon Mar  9 03:06:09 CET 2026
#@# Parcellation Stats 3 lh Mon Mar  9 03:06:17 CET 2026
#@# BA_exvivo Labels lh Mon Mar  9 03:06:24 CET 2026
recon-all -s sub-v1s17x0050242_ses-1 finished without error at Mon Mar  9 03:08:13 CET 2026
