status file for recon-all
Mon Mar  9 04:52:40 CET 2026
#@# Tessellate lh Mon Mar  9 04:52:40 CET 2026
#@# Smooth1 lh Mon Mar  9 04:52:44 CET 2026
#@# Inflation1 lh Mon Mar  9 04:52:47 CET 2026
#@# QSphere lh Mon Mar  9 04:53:03 CET 2026
#@# Fix Topology lh Mon Mar  9 04:54:30 CET 2026
#@# Smooth2 lh Mon Mar  9 05:01:02 CET 2026
#@# Inflation2 lh Mon Mar  9 05:01:06 CET 2026
#@# Curv .H and .K lh Mon Mar  9 05:01:22 CET 2026
#@# Sphere lh Mon Mar  9 05:02:14 CET 2026
#@# Surf Reg lh Mon Mar  9 05:04:51 CET 2026
#@# Jacobian white lh Mon Mar  9 05:10:11 CET 2026
#@# AvgCurv lh Mon Mar  9 05:10:12 CET 2026
#@# Cortical Parc lh Mon Mar  9 05:10:13 CET 2026
#@# white curv lh Mon Mar  9 05:17:41 CET 2026
#@# white area lh Mon Mar  9 05:17:43 CET 2026
#@# pial curv lh Mon Mar  9 05:17:44 CET 2026
#@# pial area lh Mon Mar  9 05:17:46 CET 2026
#@# thickness lh Mon Mar  9 05:17:47 CET 2026
#@# area and vertex vol lh Mon Mar  9 05:18:18 CET 2026
#@# Curvature Stats lh Mon Mar  9 05:18:20 CET 2026
#@# Cortical Parc 2 lh Mon Mar  9 05:18:23 CET 2026
#@# Cortical Parc 3 lh Mon Mar  9 05:18:37 CET 2026
#@# WM/GM Contrast lh Mon Mar  9 05:18:49 CET 2026
recon-all -s sub-v1s17x0051140_ses-1 finished without error at Mon Mar  9 05:18:53 CET 2026



#New# invocation of recon-all 



status file for recon-all
Mon Mar  9 05:53:32 CET 2026
#@# white curv lh Mon Mar  9 05:53:32 CET 2026
#@# white area lh Mon Mar  9 05:53:32 CET 2026
#@# pial curv lh Mon Mar  9 05:53:32 CET 2026
#@# pial area lh Mon Mar  9 05:53:32 CET 2026
#@# thickness lh Mon Mar  9 05:53:32 CET 2026
#@# area and vertex vol lh Mon Mar  9 05:53:32 CET 2026
#@# Parcellation Stats lh Mon Mar  9 05:53:32 CET 2026
#@# Parcellation Stats 2 lh Mon Mar  9 05:53:55 CET 2026
#@# Parcellation Stats 3 lh Mon Mar  9 05:54:06 CET 2026
#@# BA_exvivo Labels lh Mon Mar  9 05:54:17 CET 2026
recon-all -s sub-v1s17x0051140_ses-1 finished without error at Mon Mar  9 05:57:17 CET 2026
