/out/sourcedata/freesurfer/sub-v1s17x0050240_ses-1/mri
/opt/freesurfer/bin/talairach_avi
--i orig_nu.mgz --xfm transforms/talairach.auto.xfm
talairach_avi 7.3.2
Linux dna058 5.14.0-427.37.1.el9_4.x86_64 #1 SMP PREEMPT_DYNAMIC Fri Sep 13 12:41:50 EDT 2024 x86_64 x86_64 x86_64 GNU/Linux
Mon Mar  9 01:12:43 CET 2026
mri_convert orig_nu.mgz talsrcimg.img 
reading from orig_nu.mgz...
TR=0.00, TE=0.00, TI=0.00, flip angle=0.00
i_ras = (-1, -3.08501e-09, 0)
j_ras = (0, -9.31323e-10, -1)
k_ras = (3.0268e-09, 1, 0)
writing to talsrcimg.img...
Analyze Output Matrix
-1.00000   0.00000   0.00000   129.94717;
-0.00000  -0.00000   1.00000  -119.82767;
 0.00000  -1.00000   0.00000   115.05325;
 0.00000   0.00000   0.00000   1.00000;
--------------------
INFO: set hdr.hist.orient to -1
mpr2mni305 talsrcimg
Mon Mar  9 01:12:44 CET 2026
/opt/freesurfer/bin/mpr2mni305 talsrcimg
mpr2mni305 7.3.2
target=711-2C_as_mni_average_305

---------------------------------------------------------------------
analyzeto4dfp talsrcimg -O0 -y
---------------------------------------------------------------------

freesurfer ifh2hdr.c
Mon Mar  9 01:12:44 2026
Writing: talsrcimg.4dfp.hdr
freesurfer analyzeto4dfp.c
Reading: talsrcimg.hdr
header size 348 bytes
hdr.dime.datatype	offset=70	value=2
hdr.dime.bitpix		offset=72	value=8
hdr.hist.orient		offset=252	value=-1
dimensionality     4
dimensions       256       256       256         1
Reading: talsrcimg.img
Writing: talsrcimg.4dfp.img
Writing: talsrcimg.4dfp.ifh
ifh2hdr talsrcimg -r0to251
ori=2

---------------------------------------------------------------------
gauss_4dfp talsrcimg 1.1
---------------------------------------------------------------------

freesurfer gauss_4dfp.c
Reading: talsrcimg.4dfp.img
Writing: talsrcimg_g11.4dfp.img
image dimensions 256 256 256 padded to 288 288 288
processing volume 1freesurfer ifh2hdr.c
Mon Mar  9 01:12:46 2026
Writing: talsrcimg_g11.4dfp.hdr

Writing: talsrcimg_g11.4dfp.ifh
including: talsrcimg.4dfp.img.rec in talsrcimg_g11.4dfp.img.rec

---------------------------------------------------------------------
imgreg_4dfp /opt/freesurfer/average/711-2C_as_mni_average_305 none talsrcimg_g11 none talsrcimg_to_711-2C_as_mni_average_305_t4 4355
---------------------------------------------------------------------

freesurfer imgreg_4dfp.c
/opt/freesurfer/average/711-2C_as_mni_average_305.4dfp.img
       256       256       256         1
  1.000000  1.000000  1.000000
orientation T byte_order littleendian
Reading image: /opt/freesurfer/average/711-2C_as_mni_average_305.4dfp.img
dimensions:      256       256       256
mmppix:       1.0000   -1.0000   -1.0000
center:     128.0000 -129.0000 -129.0000
talsrcimg_g11.4dfp.img
       256       256       256         1
  1.000000  1.000000  1.000000
orientation T byte_order littleendian
Reading image: talsrcimg_g11.4dfp.img
dimensions:      256       256       256
mmppix:       1.0000   -1.0000   -1.0000
center:     128.0000 -129.0000 -129.0000
t4_read: open error in t4_sub.f l:  41 t4_file(1:l)talsrcimg_to_711-2C_as_mni_average_305_t4 
t4_read: transform initialized to I4
rotation matrix determinant  1.000000
image alignment mode   4355 decimal     1103 hex
   -7.5000  -45.0000  -45.0000 7353.2603   15.1181
    0.0000  -45.0000  -45.0000 7714.5581   15.1356
    7.5000  -45.0000  -45.0000 7422.9512   15.1524
   -7.5000  -37.5000  -45.0000 8068.0684   14.9528
    0.0000  -37.5000  -45.0000 8460.6807   14.9630
    7.5000  -37.5000  -45.0000 8123.8730   14.9767
   -7.5000  -30.0000  -45.0000 9102.4697   14.8949
    0.0000  -30.0000  -45.0000 9552.8271   14.9012
    7.5000  -30.0000  -45.0000 9153.1182   14.9122
   -7.5000  -22.5000  -45.000010133.8770   14.9036
    0.0000  -22.5000  -45.000010621.7666   14.9140
    7.5000  -22.5000  -45.000010170.4238   14.9246
   -7.5000  -15.0000  -45.000011126.3789   14.9222
    0.0000  -15.0000  -45.000011657.8652   14.9390
    7.5000  -15.0000  -45.000011161.1299   14.9516
   -7.5000   -7.5000  -45.000011989.7559   14.9299
    0.0000   -7.5000  -45.000012570.9023   14.9494
    7.5000   -7.5000  -45.000012047.0293   14.9646
   -7.5000    0.0000  -45.000012737.7334   14.9211
    0.0000    0.0000  -45.000013333.7598   14.9381
    7.5000    0.0000  -45.000012775.4170   14.9542
   -7.5000    7.5000  -45.000012565.2842   14.9031
    0.0000    7.5000  -45.000013135.3613   14.9133
    7.5000    7.5000  -45.000012558.0840   14.9271
   -7.5000   15.0000  -45.000012290.4844   14.8935
    0.0000   15.0000  -45.000012832.7920   14.8998
    7.5000   15.0000  -45.000012248.8232   14.9107
   -7.5000   22.5000  -45.000011846.3633   14.9016
    0.0000   22.5000  -45.000012376.2666   14.9119
    7.5000   22.5000  -45.000011834.1924   14.9225
   -7.5000   30.0000  -45.000011309.6992   14.7233
    0.0000   30.0000  -45.000011797.9580   14.7399
    7.5000   30.0000  -45.000011264.8643   14.7523
   -7.5000   37.5000  -45.000011132.2207   14.7310
    0.0000   37.5000  -45.000011611.6611   14.7502
    7.5000   37.5000  -45.000011083.4912   14.7652
   -7.5000   45.0000  -45.000010327.1689   14.3484
    0.0000   45.0000  -45.000010763.7031   14.3647
    7.5000   45.0000  -45.000010274.8877   14.3802
   -7.5000  -45.0000  -37.5000 7727.0493   15.1191
    0.0000  -45.0000  -37.5000 8094.5464   15.1353
    7.5000  -45.0000  -37.5000 7781.0381   15.1527
   -7.5000  -37.5000  -37.5000 8487.5205   14.9491
    0.0000  -37.5000  -37.5000 8900.0049   14.9571
    7.5000  -37.5000  -37.5000 8532.0557   14.9692
   -7.5000  -30.0000  -37.5000 9562.9541   14.8851
    0.0000  -30.0000  -37.500010029.3350   14.8902
    7.5000  -30.0000  -37.5000 9617.2510   14.8996
   -7.5000  -22.5000  -37.500010628.4736   14.8930
    0.0000  -22.5000  -37.500011122.5654   14.9043
    7.5000  -22.5000  -37.500010666.0312   14.9149
   -7.5000  -15.0000  -37.500011640.8828   14.9160
    0.0000  -15.0000  -37.500012190.0400   14.9348
    7.5000  -15.0000  -37.500011668.8916   14.9490
   -7.5000   -7.5000  -37.500012527.2188   14.9291
    0.0000   -7.5000  -37.500013126.8965   14.9494
    7.5000   -7.5000  -37.500012576.4346   14.9668
   -7.5000    0.0000  -37.500013275.2490   14.9220
    0.0000    0.0000  -37.500013902.0635   14.9376
    7.5000    0.0000  -37.500013301.8008   14.9543
   -7.5000    7.5000  -37.500013089.4766   14.8995
    0.0000    7.5000  -37.500013693.5996   14.9074
    7.5000    7.5000  -37.500013060.0459   14.9196
   -7.5000   15.0000  -37.500012799.8242   14.8837
    0.0000   15.0000  -37.500013390.2900   14.8887
    7.5000   15.0000  -37.500012746.9131   14.8981
   -7.5000   22.5000  -37.500012351.8916   14.8910
    0.0000   22.5000  -37.500012932.1191   14.9022
    7.5000   22.5000  -37.500012329.4746   14.9129
   -7.5000   30.0000  -37.500011762.3496   14.7173
    0.0000   30.0000  -37.500012299.3193   14.7357
    7.5000   30.0000  -37.500011728.1758   14.7498
   -7.5000   37.5000  -37.500011523.6553   14.7302
    0.0000   37.5000  -37.500012031.6211   14.7501
    7.5000   37.5000  -37.500011470.9385   14.7674
   -7.5000   45.0000  -37.500010686.3008   14.3493
    0.0000   45.0000  -37.500011134.2686   14.3643
    7.5000   45.0000  -37.500010643.8291   14.3803
   -7.5000  -45.0000  -30.0000 8179.2720   15.7550
    0.0000  -45.0000  -30.0000 8572.1016   15.7694
    7.5000  -45.0000  -30.0000 8240.5791   15.7850
   -7.5000  -37.5000  -30.0000 8979.3760   15.5786
    0.0000  -37.5000  -30.0000 9404.7529   15.5832
    7.5000  -37.5000  -30.0000 9041.1523   15.5902
   -7.5000  -30.0000  -30.000010134.0078   15.5119
    0.0000  -30.0000  -30.000010601.8564   15.5122
    7.5000  -30.0000  -30.000010183.6016   15.5140
   -7.5000  -22.5000  -30.000011250.2559   15.5190
    0.0000  -22.5000  -30.000011768.8076   15.5252
    7.5000  -22.5000  -30.000011294.7217   15.5290
   -7.5000  -15.0000  -30.000012305.1006   15.5425
    0.0000  -15.0000  -30.000012876.1328   15.5572
    7.5000  -15.0000  -30.000012326.0645   15.5672
   -7.5000   -7.5000  -30.000013232.8271   15.5563
    0.0000   -7.5000  -30.000013862.4092   15.5744
    7.5000   -7.5000  -30.000013250.0166   15.5902
   -7.5000    0.0000  -30.000013997.1904   15.5495
    0.0000    0.0000  -30.000014650.1738   15.5632
    7.5000    0.0000  -30.000014004.0342   15.5780
   -7.5000    7.5000  -30.000013752.7422   15.5270
    0.0000    7.5000  -30.000014403.4805   15.5316
    7.5000    7.5000  -30.000013731.2070   15.5386
   -7.5000   15.0000  -30.000013458.0381   15.5104
    0.0000   15.0000  -30.000014100.9756   15.5107
    7.5000   15.0000  -30.000013415.5576   15.5125
   -7.5000   22.5000  -30.000012996.9023   15.5152
    0.0000   22.5000  -30.000013628.5322   15.5215
    7.5000   22.5000  -30.000012958.8555   15.5252
   -7.5000   30.0000  -30.000012330.6855   15.3368
    0.0000   30.0000  -30.000012924.8701   15.3514
    7.5000   30.0000  -30.000012289.4932   15.3612
   -7.5000   37.5000  -30.000012052.3076   15.3505
    0.0000   37.5000  -30.000012595.0811   15.3683
    7.5000   37.5000  -30.000011988.5303   15.3839
   -7.5000   45.0000  -30.000011167.7480   14.9637
    0.0000   45.0000  -30.000011648.0840   14.9769
    7.5000   45.0000  -30.000011105.7275   14.9911
   -7.5000  -45.0000  -22.5000 8616.3896   16.2954
    0.0000  -45.0000  -22.5000 9022.5068   16.3088
    7.5000  -45.0000  -22.5000 8687.8994   16.3215
   -7.5000  -37.5000  -22.5000 9483.1064   16.1193
    0.0000  -37.5000  -22.5000 9927.8330   16.1225
    7.5000  -37.5000  -22.5000 9521.8955   16.1255
   -7.5000  -30.0000  -22.500010705.4004   16.0585
    0.0000  -30.0000  -22.500011177.2881   16.0543
    7.5000  -30.0000  -22.500010730.8115   16.0491
   -7.5000  -22.5000  -22.500011865.0410   16.0662
    0.0000  -22.5000  -22.500012408.7773   16.0651
    7.5000  -22.5000  -22.500011887.5400   16.0601
   -7.5000  -15.0000  -22.500012925.2217   16.0841
    0.0000  -15.0000  -22.500013507.1162   16.0918
    7.5000  -15.0000  -22.500012932.2979   16.0940
   -7.5000   -7.5000  -22.500013888.5801   16.0916
    0.0000   -7.5000  -22.500014522.4131   16.1057
    7.5000   -7.5000  -22.500013888.6934   16.1167
   -7.5000    0.0000  -22.500014697.3594   16.0828
    0.0000    0.0000  -22.500015369.9453   16.0956
    7.5000    0.0000  -22.500014683.4131   16.1076
   -7.5000    7.5000  -22.500014417.3369   16.0661
    0.0000    7.5000  -22.500015071.6553   16.0692
    7.5000    7.5000  -22.500014380.2744   16.0722
   -7.5000   15.0000  -22.500014106.6309   16.0569
    0.0000   15.0000  -22.500014726.5029   16.0528
    7.5000   15.0000  -22.500014023.6357   16.0475
   -7.5000   22.5000  -22.500013614.8711   16.0612
    0.0000   22.5000  -22.500014225.4043   16.0602
    7.5000   22.5000  -22.500013504.1846   16.0552
   -7.5000   30.0000  -22.500012874.1680   15.8737
    0.0000   30.0000  -22.500013444.8691   15.8813
    7.5000   30.0000  -22.500012780.6777   15.8835
   -7.5000   37.5000  -22.500012535.1953   15.8811
    0.0000   37.5000  -22.500013062.2695   15.8951
    7.5000   37.5000  -22.500012412.0273   15.9058
   -7.5000   45.0000  -22.500011596.0850   15.4885
    0.0000   45.0000  -22.500012073.7451   15.5008
    7.5000   45.0000  -22.500011489.0684   15.5124
   -7.5000  -45.0000  -15.0000 9068.9521   16.6852
    0.0000  -45.0000  -15.0000 9514.6777   16.7001
    7.5000  -45.0000  -15.0000 9118.4609   16.7120
   -7.5000  -37.5000  -15.0000 9983.0371   16.5112
    0.0000  -37.5000  -15.000010455.0938   16.5168
    7.5000  -37.5000  -15.0000 9986.9844   16.5206
   -7.5000  -30.0000  -15.000011248.2412   16.4569
    0.0000  -30.0000  -15.000011735.4082   16.4534
    7.5000  -30.0000  -15.000011238.8037   16.4483
   -7.5000  -22.5000  -15.000012430.3096   16.4656
    0.0000  -22.5000  -15.000012970.4189   16.4626
    7.5000  -22.5000  -15.000012434.5488   16.4558
   -7.5000  -15.0000  -15.000013488.4678   16.4778
    0.0000  -15.0000  -15.000014054.4658   16.4827
    7.5000  -15.0000  -15.000013486.2998   16.4819
   -7.5000   -7.5000  -15.000014485.2920   16.4785
    0.0000   -7.5000  -15.000015106.7266   16.4915
    7.5000   -7.5000  -15.000014488.6328   16.4996
   -7.5000    0.0000  -15.000015384.0811   16.4676
    0.0000    0.0000  -15.000016106.3145   16.4819
    7.5000    0.0000  -15.000015378.0811   16.4931
   -7.5000    7.5000  -15.000015148.6260   16.4566
    0.0000    7.5000  -15.000015834.8320   16.4622
    7.5000    7.5000  -15.000015083.5840   16.4661
   -7.5000   15.0000  -15.000014787.9492   16.4553
    0.0000   15.0000  -15.000015371.1094   16.4518
    7.5000   15.0000  -15.000014658.7002   16.4466
   -7.5000   22.5000  -15.000014261.1182   16.4598
    0.0000   22.5000  -15.000014799.2773   16.4568
    7.5000   22.5000  -15.000014096.0000   16.4500
   -7.5000   30.0000  -15.000013468.6562   16.2646
    0.0000   30.0000  -15.000013977.6631   16.2693
    7.5000   30.0000  -15.000013315.9014   16.2686
   -7.5000   37.5000  -15.000013068.0605   16.2652
    0.0000   37.5000  -15.000013568.4736   16.2780
    7.5000   37.5000  -15.000012894.5986   16.2861
   -7.5000   45.0000  -15.000012040.1045   15.8687
    0.0000   45.0000  -15.000012526.2871   15.8824
    7.5000   45.0000  -15.000011900.9795   15.8933
   -7.5000  -45.0000   -7.5000 9536.5225   16.8813
    0.0000  -45.0000   -7.5000 9994.2949   16.8994
    7.5000  -45.0000   -7.5000 9561.7158   16.9143
   -7.5000  -37.5000   -7.500010458.9697   16.7039
    0.0000  -37.5000   -7.500010950.1689   16.7137
    7.5000  -37.5000   -7.500010457.6494   16.7238
   -7.5000  -30.0000   -7.500011744.3789   16.6474
    0.0000  -30.0000   -7.500012265.0996   16.6498
    7.5000  -30.0000   -7.500011740.6826   16.6537
   -7.5000  -22.5000   -7.500012945.6104   16.6568
    0.0000  -22.5000   -7.500013538.8936   16.6604
    7.5000  -22.5000   -7.500012960.7139   16.6628
   -7.5000  -15.0000   -7.500014058.1016   16.6706
    0.0000  -15.0000   -7.500014659.4795   16.6813
    7.5000  -15.0000   -7.500014047.7793   16.6871
   -7.5000   -7.5000   -7.500015065.0137   16.6725
    0.0000   -7.5000   -7.500015706.3193   16.6894
    7.5000   -7.5000   -7.500015079.7285   16.7008
   -7.5000    0.0000   -7.500015993.9971   16.6614
    0.0000    0.0000   -7.500016794.6328   16.6788
    7.5000    0.0000   -7.500016045.6143   16.6930
   -7.5000    7.5000   -7.500015807.4121   16.6486
    0.0000    7.5000   -7.500016533.3457   16.6584
    7.5000    7.5000   -7.500015829.0898   16.6685
   -7.5000   15.0000   -7.500015451.9717   16.6457
    0.0000   15.0000   -7.500016077.8877   16.6482
    7.5000   15.0000   -7.500015391.4248   16.6521
   -7.5000   22.5000   -7.500014901.4287   16.6491
    0.0000   22.5000   -7.500015440.6211   16.6527
    7.5000   22.5000   -7.500014731.6553   16.6551
   -7.5000   30.0000   -7.500014044.1191   16.4544
    0.0000   30.0000   -7.500014553.8633   16.4650
    7.5000   30.0000   -7.500013844.6455   16.4707
   -7.5000   37.5000   -7.500013525.6240   16.4563
    0.0000   37.5000   -7.500014054.4297   16.4730
    7.5000   37.5000   -7.500013335.4463   16.4842
   -7.5000   45.0000   -7.500012457.1240   16.0584
    0.0000   45.0000   -7.500012962.7969   16.0752
    7.5000   45.0000   -7.500012298.8320   16.0889
   -7.5000  -45.0000    0.0000 9874.1250   16.9176
    0.0000  -45.0000    0.000010371.0713   16.9371
    7.5000  -45.0000    0.0000 9913.2451   16.9560
   -7.5000  -37.5000    0.000010832.7725   16.7325
    0.0000  -37.5000    0.000011336.4902   16.7440
    7.5000  -37.5000    0.000010852.4600   16.7593
   -7.5000  -30.0000    0.000012165.0889   16.6678
    0.0000  -30.0000    0.000012702.1855   16.6749
    7.5000  -30.0000    0.000012174.5303   16.6871
   -7.5000  -22.5000    0.000013416.6318   16.6776
    0.0000  -22.5000    0.000013998.2930   16.6891
    7.5000  -22.5000    0.000013432.6631   16.7010
   -7.5000  -15.0000    0.000014544.7344   16.6983
    0.0000  -15.0000    0.000015124.6924   16.7171
    7.5000  -15.0000    0.000014547.1260   16.7312
   -7.5000   -7.5000    0.000015559.3350   16.7070
    0.0000   -7.5000    0.000016228.1836   16.7288
    7.5000   -7.5000    0.000015611.3740   16.7458
   -7.5000    0.0000    0.000016516.7441   16.6971
    0.0000    0.0000    0.000017344.1855   16.7161
    7.5000    0.0000    0.000016597.3516   16.7341
   -7.5000    7.5000    0.000016305.8174   16.6770
    0.0000    7.5000    0.000017125.1035   16.6884
    7.5000    7.5000    0.000016365.0596   16.7038
   -7.5000   15.0000    0.000015993.7803   16.6662
    0.0000   15.0000    0.000016792.2305   16.6732
    7.5000   15.0000    0.000015971.5137   16.6854
   -7.5000   22.5000    0.000015433.7012   16.6699
    0.0000   22.5000    0.000016147.0645   16.6814
    7.5000   22.5000    0.000015313.9121   16.6933
   -7.5000   30.0000    0.000014522.9951   16.4822
    0.0000   30.0000    0.000015133.1191   16.5007
    7.5000   30.0000    0.000014386.6641   16.5147
   -7.5000   37.5000    0.000013921.0762   16.4908
    0.0000   37.5000    0.000014461.5479   16.5123
    7.5000   37.5000    0.000013786.7217   16.5291
   -7.5000   45.0000    0.000012826.6758   16.0941
    0.0000   45.0000    0.000013291.1143   16.1124
    7.5000   45.0000    0.000012687.1660   16.1298
   -7.5000  -45.0000    7.5000 9376.6660   16.9187
    0.0000  -45.0000    7.5000 9841.8320   16.9368
    7.5000  -45.0000    7.5000 9429.9229   16.9563
   -7.5000  -37.5000    7.500010303.2607   16.7284
    0.0000  -37.5000    7.500010788.6855   16.7374
    7.5000  -37.5000    7.500010334.3486   16.7509
   -7.5000  -30.0000    7.500011591.8447   16.6568
    0.0000  -30.0000    7.500012148.4482   16.6625
    7.5000  -30.0000    7.500011606.3770   16.6730
   -7.5000  -22.5000    7.500012793.7471   16.6657
    0.0000  -22.5000    7.500013394.3037   16.6783
    7.5000  -22.5000    7.500012807.6777   16.6902
   -7.5000  -15.0000    7.500013887.8828   16.6914
    0.0000  -15.0000    7.500014503.4521   16.7124
    7.5000  -15.0000    7.500013904.8271   16.7284
   -7.5000   -7.5000    7.500014864.2842   16.7061
    0.0000   -7.5000    7.500015566.5889   16.7287
    7.5000   -7.5000    7.500014919.8730   16.7483
   -7.5000    0.0000    7.500015769.3750   16.6981
    0.0000    0.0000    7.500016518.5938   16.7156
    7.5000    0.0000    7.500015851.1855   16.7343
   -7.5000    7.5000    7.500015486.1328   16.6729
    0.0000    7.5000    7.500016187.1826   16.6818
    7.5000    7.5000    7.500015560.0957   16.6954
   -7.5000   15.0000    7.500015110.6084   16.6552
    0.0000   15.0000    7.500015817.7041   16.6609
    7.5000   15.0000    7.500015191.6104   16.6714
   -7.5000   22.5000    7.500014602.4404   16.6580
    0.0000   22.5000    7.500015308.1875   16.6706
    7.5000   22.5000    7.500014636.8164   16.6825
   -7.5000   30.0000    7.500013825.5508   16.4754
    0.0000   30.0000    7.500014470.3027   16.4961
    7.5000   30.0000    7.500013815.7988   16.5119
   -7.5000   37.5000    7.500013260.0137   16.4899
    0.0000   37.5000    7.500013841.5000   16.5122
    7.5000   37.5000    7.500013225.5830   16.5315
   -7.5000   45.0000    7.500012197.3115   16.0950
    0.0000   45.0000    7.500012712.1523   16.1119
    7.5000   45.0000    7.500012129.2598   16.1299
   -7.5000  -45.0000   15.0000 8753.4180   16.9185
    0.0000  -45.0000   15.0000 9202.6426   16.9340
    7.5000  -45.0000   15.0000 8815.2549   16.9507
   -7.5000  -37.5000   15.0000 9640.6387   16.7291
    0.0000  -37.5000   15.000010111.5781   16.7340
    7.5000  -37.5000   15.0000 9663.7842   16.7416
   -7.5000  -30.0000   15.000010840.0713   16.6575
    0.0000  -30.0000   15.000011390.6094   16.6578
    7.5000  -30.0000   15.000010894.9297   16.6598
   -7.5000  -22.5000   15.000011980.4258   16.6651
    0.0000  -22.5000   15.000012573.7715   16.6718
    7.5000  -22.5000   15.000012053.9062   16.6758
   -7.5000  -15.0000   15.000013022.1133   16.6903
    0.0000  -15.0000   15.000013634.7793   16.7062
    7.5000  -15.0000   15.000013092.3447   16.7169
   -7.5000   -7.5000   15.000013965.3975   16.7052
    0.0000   -7.5000   15.000014613.9824   16.7246
    7.5000   -7.5000   15.000014064.5566   16.7415
   -7.5000    0.0000   15.000014828.8633   16.6978
    0.0000    0.0000   15.000015472.8369   16.7126
    7.5000    0.0000   15.000014914.4727   16.7285
   -7.5000    7.5000   15.000014560.9795   16.6737
    0.0000    7.5000   15.000015145.5596   16.6786
    7.5000    7.5000   15.000014614.2002   16.6861
   -7.5000   15.0000   15.000014192.8730   16.6559
    0.0000   15.0000   15.000014767.3955   16.6562
    7.5000   15.0000   15.000014270.6777   16.6581
   -7.5000   22.5000   15.000013716.4434   16.6574
    0.0000   22.5000   15.000014272.1660   16.6641
    7.5000   22.5000   15.000013781.8115   16.6682
   -7.5000   30.0000   15.000013011.1787   16.4743
    0.0000   30.0000   15.000013518.6709   16.4900
    7.5000   30.0000   15.000013039.0791   16.5005
   -7.5000   37.5000   15.000012483.5840   16.4890
    0.0000   37.5000   15.000012967.3516   16.5081
    7.5000   37.5000   15.000012504.1045   16.5249
   -7.5000   45.0000   15.000011488.6807   16.0948
    0.0000   45.0000   15.000011926.2510   16.1090
    7.5000   45.0000   15.000011456.8047   16.1243
   -7.5000  -45.0000   22.5000 8103.0874   16.9933
    0.0000  -45.0000   22.5000 8497.9072   17.0072
    7.5000  -45.0000   22.5000 8153.5713   17.0203
   -7.5000  -37.5000   22.5000 8907.2588   16.8090
    0.0000  -37.5000   22.5000 9350.5938   16.8121
    7.5000  -37.5000   22.5000 8953.7842   16.8152
   -7.5000  -30.0000   22.500010013.4014   16.7450
    0.0000  -30.0000   22.500010517.2715   16.7406
    7.5000  -30.0000   22.500010084.1172   16.7351
   -7.5000  -22.5000   22.500011090.0723   16.7528
    0.0000  -22.5000   22.500011638.1260   16.7515
    7.5000  -22.5000   22.500011163.4697   16.7462
   -7.5000  -15.0000   22.500012052.2920   16.7714
    0.0000  -15.0000   22.500012638.3389   16.7792
    7.5000  -15.0000   22.500012143.7803   16.7814
   -7.5000   -7.5000   22.500012949.9072   16.7794
    0.0000   -7.5000   22.500013594.6816   16.7940
    7.5000   -7.5000   22.500013039.6309   16.8053
   -7.5000    0.0000   22.500013764.3350   16.7706
    0.0000    0.0000   22.500014421.1719   16.7838
    7.5000    0.0000   22.500013834.8027   16.7962
   -7.5000    7.5000   22.500013519.1514   16.7532
    0.0000    7.5000   22.500014120.5088   16.7563
    7.5000    7.5000   22.500013560.3682   16.7594
   -7.5000   15.0000   22.500013147.1396   16.7434
    0.0000   15.0000   22.500013729.4004   16.7390
    7.5000   15.0000   22.500013207.3018   16.7334
   -7.5000   22.5000   22.500012727.4082   16.7451
    0.0000   22.5000   22.500013284.0176   16.7438
    7.5000   22.5000   22.500012775.6025   16.7385
   -7.5000   30.0000   22.500012084.6348   16.5543
    0.0000   30.0000   22.500012584.1123   16.5621
    7.5000   30.0000   22.500012116.4316   16.5642
   -7.5000   37.5000   22.500011602.3672   16.5623
    0.0000   37.5000   22.500012065.5215   16.5767
    7.5000   37.5000   22.500011627.2178   16.5878
   -7.5000   45.0000   22.500010668.2002   16.1649
    0.0000   45.0000   22.500011107.6475   16.1776
    7.5000   45.0000   22.500010673.9453   16.1896
   -7.5000  -45.0000   30.0000 7395.3979   17.2145
    0.0000  -45.0000   30.0000 7766.3047   17.2303
    7.5000  -45.0000   30.0000 7440.6304   17.2429
   -7.5000  -37.5000   30.0000 8139.7202   17.0328
    0.0000  -37.5000   30.0000 8549.3086   17.0391
    7.5000  -37.5000   30.0000 8185.2842   17.0430
   -7.5000  -30.0000   30.0000 9173.2520   16.9764
    0.0000  -30.0000   30.0000 9634.8955   16.9733
    7.5000  -30.0000   30.0000 9226.3623   16.9675
   -7.5000  -22.5000   30.000010161.2969   16.9853
    0.0000  -22.5000   30.000010674.1436   16.9823
    7.5000  -22.5000   30.000010203.2158   16.9748
   -7.5000  -15.0000   30.000011060.7373   16.9973
    0.0000  -15.0000   30.000011608.0654   17.0022
    7.5000  -15.0000   30.000011111.8389   17.0012
   -7.5000   -7.5000   30.000011898.3984   16.9973
    0.0000   -7.5000   30.000012478.1895   17.0108
    7.5000   -7.5000   30.000011957.0049   17.0193
   -7.5000    0.0000   30.000012643.4727   16.9861
    0.0000    0.0000   30.000013237.3984   17.0013
    7.5000    0.0000   30.000012701.3018   17.0131
   -7.5000    7.5000   30.000012382.7588   16.9755
    0.0000    7.5000   30.000012957.7559   16.9819
    7.5000    7.5000   30.000012448.8809   16.9858
   -7.5000   15.0000   30.000012042.8145   16.9747
    0.0000   15.0000   30.000012598.5527   16.9716
    7.5000   15.0000   30.000012117.4727   16.9658
   -7.5000   22.5000   30.000011668.7256   16.9775
    0.0000   22.5000   30.000012178.2852   16.9745
    7.5000   22.5000   30.000011725.7139   16.9670
   -7.5000   30.0000   30.000011090.6484   16.7773
    0.0000   30.0000   30.000011560.1855   16.7822
    7.5000   30.0000   30.000011142.2715   16.7811
   -7.5000   37.5000   30.000010678.9346   16.7774
    0.0000   37.5000   30.000011126.4121   16.7907
    7.5000   37.5000   30.000010702.1152   16.7991
   -7.5000   45.0000   30.0000 9828.5898   16.3727
    0.0000   45.0000   30.000010234.3359   16.3873
    7.5000   45.0000   30.0000 9828.3184   16.3986
   -7.5000  -45.0000   37.5000 6993.7515   17.6500
    0.0000  -45.0000   37.5000 7339.9316   17.6703
    7.5000  -45.0000   37.5000 7035.2935   17.6885
   -7.5000  -37.5000   37.5000 7699.4976   17.4590
    0.0000  -37.5000   37.5000 8081.2979   17.4701
    7.5000  -37.5000   37.5000 7754.6982   17.4821
   -7.5000  -30.0000   37.5000 8680.9502   17.3988
    0.0000  -30.0000   37.5000 9111.9756   17.4013
    7.5000  -30.0000   37.5000 8733.7979   17.4059
   -7.5000  -22.5000   37.5000 9641.2051   17.4079
    0.0000  -22.5000   37.500010103.8066   17.4115
    7.5000  -22.5000   37.5000 9666.0332   17.4147
   -7.5000  -15.0000   37.500010491.2471   17.4208
    0.0000  -15.0000   37.500011012.7783   17.4324
    7.5000  -15.0000   37.500010539.9561   17.4402
   -7.5000   -7.5000   37.500011281.6670   17.4215
    0.0000   -7.5000   37.500011837.7881   17.4403
    7.5000   -7.5000   37.500011343.6777   17.4549
   -7.5000    0.0000   37.500011986.4727   17.4101
    0.0000    0.0000   37.500012554.2207   17.4297
    7.5000    0.0000   37.500012049.9961   17.4471
   -7.5000    7.5000   37.500011746.0811   17.3987
    0.0000    7.5000   37.500012302.9688   17.4098
    7.5000    7.5000   37.500011809.3311   17.4218
   -7.5000   15.0000   37.500011453.0625   17.3970
    0.0000   15.0000   37.500011988.8594   17.3996
    7.5000   15.0000   37.500011494.4072   17.4041
   -7.5000   22.5000   37.500011097.7012   17.3998
    0.0000   22.5000   37.500011604.4844   17.4035
    7.5000   22.5000   37.500011134.0977   17.4067
   -7.5000   30.0000   37.500010551.3447   17.1954
    0.0000   30.0000   37.500011034.1377   17.2068
    7.5000   30.0000   37.500010597.1064   17.2145
   -7.5000   37.5000   37.500010179.8184   17.1960
    0.0000   37.5000   37.500010626.5547   17.2146
    7.5000   37.5000   37.500010212.1582   17.2290
   -7.5000   45.0000   37.5000 9380.1348   16.7813
    0.0000   45.0000   37.5000 9782.4043   16.8002
    7.5000   45.0000   37.5000 9395.5830   16.8170
   -7.5000  -45.0000   45.0000 6305.6343   18.1848
    0.0000  -45.0000   45.0000 6615.7100   18.2069
    7.5000  -45.0000   45.0000 6344.2295   18.2249
   -7.5000  -37.5000   45.0000 6956.8271   17.9752
    0.0000  -37.5000   45.0000 7293.0181   17.9878
    7.5000  -37.5000   45.0000 7003.5220   18.0008
   -7.5000  -30.0000   45.0000 7849.8101   17.8976
    0.0000  -30.0000   45.0000 8230.5361   17.9049
    7.5000  -30.0000   45.0000 7885.5903   17.9151
   -7.5000  -22.5000   45.0000 8721.7881   17.9014
    0.0000  -22.5000   45.0000 9146.7852   17.9137
    7.5000  -22.5000   45.0000 8741.4844   17.9252
   -7.5000  -15.0000   45.0000 9518.3486   17.9200
    0.0000  -15.0000   45.0000 9987.6094   17.9407
    7.5000  -15.0000   45.0000 9547.8496   17.9558
   -7.5000   -7.5000   45.000010241.5244   17.9325
    0.0000   -7.5000   45.000010744.9805   17.9568
    7.5000   -7.5000   45.000010292.0381   17.9745
   -7.5000    0.0000   45.000010870.6875   17.9288
    0.0000    0.0000   45.000011399.4980   17.9502
    7.5000    0.0000   45.000010928.8428   17.9673
   -7.5000    7.5000   45.000010666.0254   17.9107
    0.0000    7.5000   45.000011189.6758   17.9233
    7.5000    7.5000   45.000010721.7979   17.9364
   -7.5000   15.0000   45.000010403.4629   17.8957
    0.0000   15.0000   45.000010909.9531   17.9030
    7.5000   15.0000   45.000010442.1865   17.9131
   -7.5000   22.5000   45.000010080.6436   17.8931
    0.0000   22.5000   45.000010561.0889   17.9054
    7.5000   22.5000   45.000010116.5264   17.9169
   -7.5000   30.0000   45.0000 9618.6953   17.6866
    0.0000   30.0000   45.000010068.9385   17.7070
    7.5000   30.0000   45.0000 9651.8506   17.7219
   -7.5000   37.5000   45.0000 9277.0000   17.6988
    0.0000   37.5000   45.0000 9697.7949   17.7228
    7.5000   37.5000   45.0000 9308.3486   17.7403
   -7.5000   45.0000   45.0000 8555.2275   17.2891
    0.0000   45.0000   45.0000 8936.4863   17.3097
    7.5000   45.0000   45.0000 8579.0371   17.3262

---------------------------------------------------------------------
imgreg_4dfp /opt/freesurfer/average/711-2C_as_mni_average_305 /opt/freesurfer/average/711-2B_as_mni_average_305_mask talsrcimg_g11 none talsrcimg_to_711-2C_as_mni_average_305_t4 4355
---------------------------------------------------------------------

freesurfer imgreg_4dfp.c
/opt/freesurfer/average/711-2C_as_mni_average_305.4dfp.img
       256       256       256         1
  1.000000  1.000000  1.000000
orientation T byte_order littleendian
Reading image: /opt/freesurfer/average/711-2C_as_mni_average_305.4dfp.img
dimensions:      256       256       256
mmppix:       1.0000   -1.0000   -1.0000
center:     128.0000 -129.0000 -129.0000
/opt/freesurfer/average/711-2B_as_mni_average_305_mask.4dfp.img
       256       256       256         1
  1.000000  1.000000  1.000000
orientation T byte_order littleendian
Reading mask: /opt/freesurfer/average/711-2B_as_mni_average_305_mask.4dfp.img (2306576 pixels)
talsrcimg_g11.4dfp.img
       256       256       256         1
  1.000000  1.000000  1.000000
orientation T byte_order littleendian
Reading image: talsrcimg_g11.4dfp.img
dimensions:      256       256       256
mmppix:       1.0000   -1.0000   -1.0000
center:     128.0000 -129.0000 -129.0000
rotation matrix determinant  1.000000
image alignment mode   4355 decimal     1103 hex
   -7.5000  -45.0000  -45.0000 1934.0111   18.3946
    0.0000  -45.0000  -45.0000 1950.5469   18.2200
    7.5000  -45.0000  -45.0000 1949.3600   18.2950
   -7.5000  -37.5000  -45.0000 2064.6006   16.3151
    0.0000  -37.5000  -45.0000 2081.3474   16.1792
    7.5000  -37.5000  -45.0000 2078.0996   16.2541
   -7.5000  -30.0000  -45.0000 2181.9697   14.6696
    0.0000  -30.0000  -45.0000 2199.9163   14.5530
    7.5000  -30.0000  -45.0000 2191.3872   14.5966
   -7.5000  -22.5000  -45.0000 2282.8159   13.3406
    0.0000  -22.5000  -45.0000 2300.6384   13.2328
    7.5000  -22.5000  -45.0000 2292.4302   13.2851
   -7.5000  -15.0000  -45.0000 2360.7141   12.3645
    0.0000  -15.0000  -45.0000 2382.5261   12.2426
    7.5000  -15.0000  -45.0000 2373.9766   12.2998
   -7.5000   -7.5000  -45.0000 2407.7788   11.6752
    0.0000   -7.5000  -45.0000 2431.1284   11.5564
    7.5000   -7.5000  -45.0000 2425.8416   11.6168
   -7.5000    0.0000  -45.0000 2443.7432   11.2992
    0.0000    0.0000  -45.0000 2467.4961   11.1535
    7.5000    0.0000  -45.0000 2458.0779   11.2414
   -7.5000    7.5000  -45.0000 2466.3359   11.1779
    0.0000    7.5000  -45.0000 2486.1746   11.0310
    7.5000    7.5000  -45.0000 2476.4990   11.1194
   -7.5000   15.0000  -45.0000 2457.2629   11.3135
    0.0000   15.0000  -45.0000 2479.7483   11.1649
    7.5000   15.0000  -45.0000 2467.2749   11.2335
   -7.5000   22.5000  -45.0000 2424.9016   11.6343
    0.0000   22.5000  -45.0000 2452.8616   11.4874
    7.5000   22.5000  -45.0000 2442.0913   11.5782
   -7.5000   30.0000  -45.0000 2374.3477   12.1941
    0.0000   30.0000  -45.0000 2403.5381   12.0252
    7.5000   30.0000  -45.0000 2391.5410   12.1235
   -7.5000   37.5000  -45.0000 2305.1982   12.9711
    0.0000   37.5000  -45.0000 2332.5564   12.8032
    7.5000   37.5000  -45.0000 2321.9500   12.9254
   -7.5000   45.0000  -45.0000 2214.1372   14.0205
    0.0000   45.0000  -45.0000 2237.6909   13.8421
    7.5000   45.0000  -45.0000 2224.1013   13.9554
   -7.5000  -45.0000  -37.5000 1984.5154   17.4331
    0.0000  -45.0000  -37.5000 1998.9517   17.2538
    7.5000  -45.0000  -37.5000 1996.9821   17.3611
   -7.5000  -37.5000  -37.5000 2123.3643   15.4644
    0.0000  -37.5000  -37.5000 2141.5835   15.3103
    7.5000  -37.5000  -37.5000 2136.0718   15.3828
   -7.5000  -30.0000  -37.5000 2244.9517   13.8464
    0.0000  -30.0000  -37.5000 2265.6609   13.7103
    7.5000  -30.0000  -37.5000 2258.5081   13.7907
   -7.5000  -22.5000  -37.5000 2347.9839   12.5572
    0.0000  -22.5000  -37.5000 2368.6863   12.4299
    7.5000  -22.5000  -37.5000 2363.0955   12.5212
   -7.5000  -15.0000  -37.5000 2430.4841   11.6121
    0.0000  -15.0000  -37.5000 2455.6973   11.4755
    7.5000  -15.0000  -37.5000 2445.6414   11.5496
   -7.5000   -7.5000  -37.5000 2490.3440   10.9393
    0.0000   -7.5000  -37.5000 2515.5359   10.8065
    7.5000   -7.5000  -37.5000 2508.7883   10.8805
   -7.5000    0.0000  -37.5000 2529.9644   10.5473
    0.0000    0.0000  -37.5000 2556.0645   10.4155
    7.5000    0.0000  -37.5000 2547.8521   10.4854
   -7.5000    7.5000  -37.5000 2564.4075   10.3885
    0.0000    7.5000  -37.5000 2589.7666   10.2600
    7.5000    7.5000  -37.5000 2577.2722   10.3320
   -7.5000   15.0000  -37.5000 2560.1519   10.5159
    0.0000   15.0000  -37.5000 2586.2395   10.3864
    7.5000   15.0000  -37.5000 2568.9014   10.4623
   -7.5000   22.5000  -37.5000 2531.9561   10.8302
    0.0000   22.5000  -37.5000 2563.3679   10.7020
    7.5000   22.5000  -37.5000 2545.7888   10.8038
   -7.5000   30.0000  -37.5000 2479.8765   11.3433
    0.0000   30.0000  -37.5000 2511.0305   11.2126
    7.5000   30.0000  -37.5000 2494.1516   11.3213
   -7.5000   37.5000  -37.5000 2401.7341   12.0909
    0.0000   37.5000  -37.5000 2431.3369   11.9409
    7.5000   37.5000  -37.5000 2414.8054   12.0603
   -7.5000   45.0000  -37.5000 2301.7461   13.0901
    0.0000   45.0000  -37.5000 2323.8511   12.9251
    7.5000   45.0000  -37.5000 2309.5754   13.0253
   -7.5000  -45.0000  -30.0000 2059.9729   17.2080
    0.0000  -45.0000  -30.0000 2076.6333   17.0086
    7.5000  -45.0000  -30.0000 2072.4651   17.1123
   -7.5000  -37.5000  -30.0000 2204.1724   15.2094
    0.0000  -37.5000  -30.0000 2223.6511   15.0137
    7.5000  -37.5000  -30.0000 2218.0945   15.1198
   -7.5000  -30.0000  -30.0000 2336.2844   13.5759
    0.0000  -30.0000  -30.0000 2354.2461   13.3966
    7.5000  -30.0000  -30.0000 2351.9255   13.5134
   -7.5000  -22.5000  -30.0000 2444.6990   12.3118
    0.0000  -22.5000  -30.0000 2467.0151   12.1520
    7.5000  -22.5000  -30.0000 2466.6699   12.2420
   -7.5000  -15.0000  -30.0000 2537.7217   11.3532
    0.0000  -15.0000  -30.0000 2563.5945   11.2042
    7.5000  -15.0000  -30.0000 2557.0627   11.2851
   -7.5000   -7.5000  -30.0000 2609.7407   10.6465
    0.0000   -7.5000  -30.0000 2639.3381   10.5224
    7.5000   -7.5000  -30.0000 2631.8328   10.5900
   -7.5000    0.0000  -30.0000 2661.8655   10.2110
    0.0000    0.0000  -30.0000 2691.1284   10.0888
    7.5000    0.0000  -30.0000 2684.4824   10.1686
   -7.5000    7.5000  -30.0000 2704.2141   10.0210
    0.0000    7.5000  -30.0000 2735.0955    9.9054
    7.5000    7.5000  -30.0000 2720.2634    9.9754
   -7.5000   15.0000  -30.0000 2707.8889   10.1323
    0.0000   15.0000  -30.0000 2741.4070   10.0092
    7.5000   15.0000  -30.0000 2718.3018   10.0979
   -7.5000   22.5000  -30.0000 2682.3296   10.4599
    0.0000   22.5000  -30.0000 2717.0444   10.3346
    7.5000   22.5000  -30.0000 2695.3059   10.4338
   -7.5000   30.0000  -30.0000 2624.0999   10.9544
    0.0000   30.0000  -30.0000 2656.3523   10.8411
    7.5000   30.0000  -30.0000 2636.8394   10.9478
   -7.5000   37.5000  -30.0000 2538.0347   11.6903
    0.0000   37.5000  -30.0000 2565.6638   11.5610
    7.5000   37.5000  -30.0000 2546.4749   11.6726
   -7.5000   45.0000  -30.0000 2428.3037   12.6773
    0.0000   45.0000  -30.0000 2452.2759   12.5204
    7.5000   45.0000  -30.0000 2433.3523   12.6300
   -7.5000  -45.0000  -22.5000 2104.5693   16.9215
    0.0000  -45.0000  -22.5000 2124.9587   16.6942
    7.5000  -45.0000  -22.5000 2121.7307   16.8613
   -7.5000  -37.5000  -22.5000 2255.2747   14.9153
    0.0000  -37.5000  -22.5000 2275.3582   14.6902
    7.5000  -37.5000  -22.5000 2271.3452   14.8284
   -7.5000  -30.0000  -22.5000 2388.3369   13.2903
    0.0000  -30.0000  -22.5000 2407.0889   13.0983
    7.5000  -30.0000  -22.5000 2407.6890   13.2064
   -7.5000  -22.5000  -22.5000 2507.8684   12.0357
    0.0000  -22.5000  -22.5000 2530.1758   11.8625
    7.5000  -22.5000  -22.5000 2526.1880   11.9417
   -7.5000  -15.0000  -22.5000 2609.6621   11.0474
    0.0000  -15.0000  -22.5000 2634.8640   10.8980
    7.5000  -15.0000  -22.5000 2628.9517   10.9763
   -7.5000   -7.5000  -22.5000 2694.6963   10.3396
    0.0000   -7.5000  -22.5000 2727.4839   10.1900
    7.5000   -7.5000  -22.5000 2718.8274   10.2813
   -7.5000    0.0000  -22.5000 2766.2217    9.8652
    0.0000    0.0000  -22.5000 2799.0437    9.7419
    7.5000    0.0000  -22.5000 2788.3213    9.8203
   -7.5000    7.5000  -22.5000 2820.8726    9.6548
    0.0000    7.5000  -22.5000 2857.6604    9.5321
    7.5000    7.5000  -22.5000 2840.2017    9.6211
   -7.5000   15.0000  -22.5000 2834.8589    9.7524
    0.0000   15.0000  -22.5000 2872.2354    9.6067
    7.5000   15.0000  -22.5000 2843.3662    9.7042
   -7.5000   22.5000  -22.5000 2805.7827   10.0826
    0.0000   22.5000  -22.5000 2838.9167    9.9498
    7.5000   22.5000  -22.5000 2811.1594   10.0378
   -7.5000   30.0000  -22.5000 2735.0813   10.5591
    0.0000   30.0000  -22.5000 2767.2581   10.4283
    7.5000   30.0000  -22.5000 2743.2231   10.5395
   -7.5000   37.5000  -22.5000 2636.1257   11.2722
    0.0000   37.5000  -22.5000 2664.3745   11.1254
    7.5000   37.5000  -22.5000 2641.9109   11.2515
   -7.5000   45.0000  -22.5000 2512.9827   12.2596
    0.0000   45.0000  -22.5000 2538.7227   12.0952
    7.5000   45.0000  -22.5000 2516.5413   12.2222
   -7.5000  -45.0000  -15.0000 2131.8550   16.7338
    0.0000  -45.0000  -15.0000 2156.5950   16.4963
    7.5000  -45.0000  -15.0000 2146.4578   16.6477
   -7.5000  -37.5000  -15.0000 2279.2966   14.6989
    0.0000  -37.5000  -15.0000 2303.6870   14.4972
    7.5000  -37.5000  -15.0000 2293.5046   14.6212
   -7.5000  -30.0000  -15.0000 2409.1582   13.0743
    0.0000  -30.0000  -15.0000 2432.3164   12.8720
    7.5000  -30.0000  -15.0000 2426.5825   12.9924
   -7.5000  -22.5000  -15.0000 2528.6230   11.8014
    0.0000  -22.5000  -15.0000 2554.9895   11.5918
    7.5000  -22.5000  -15.0000 2546.1313   11.7169
   -7.5000  -15.0000  -15.0000 2636.9287   10.7997
    0.0000  -15.0000  -15.0000 2663.6602   10.6160
    7.5000  -15.0000  -15.0000 2656.8855   10.7295
   -7.5000   -7.5000  -15.0000 2742.0073   10.0753
    0.0000   -7.5000  -15.0000 2777.8359    9.9058
    7.5000   -7.5000  -15.0000 2765.2605   10.0140
   -7.5000    0.0000  -15.0000 2831.2046    9.5997
    0.0000    0.0000  -15.0000 2869.6982    9.4535
    7.5000    0.0000  -15.0000 2855.1843    9.5577
   -7.5000    7.5000  -15.0000 2896.6177    9.4170
    0.0000    7.5000  -15.0000 2942.9180    9.2694
    7.5000    7.5000  -15.0000 2918.2437    9.3693
   -7.5000   15.0000  -15.0000 2921.2034    9.4919
    0.0000   15.0000  -15.0000 2967.3889    9.3070
    7.5000   15.0000  -15.0000 2924.9766    9.4391
   -7.5000   22.5000  -15.0000 2888.6060    9.7843
    0.0000   22.5000  -15.0000 2923.0703    9.6302
    7.5000   22.5000  -15.0000 2884.7124    9.7494
   -7.5000   30.0000  -15.0000 2801.6482   10.2758
    0.0000   30.0000  -15.0000 2832.2971   10.1044
    7.5000   30.0000  -15.0000 2803.3320   10.2467
   -7.5000   37.5000  -15.0000 2692.6565   10.9612
    0.0000   37.5000  -15.0000 2721.7749   10.7805
    7.5000   37.5000  -15.0000 2697.0947   10.9327
   -7.5000   45.0000  -15.0000 2557.6365   11.9435
    0.0000   45.0000  -15.0000 2587.4780   11.7559
    7.5000   45.0000  -15.0000 2565.5977   11.8957
   -7.5000  -45.0000   -7.5000 2143.1836   16.6525
    0.0000  -45.0000   -7.5000 2173.5586   16.3867
    7.5000  -45.0000   -7.5000 2160.3945   16.5202
   -7.5000  -37.5000   -7.5000 2284.3196   14.5724
    0.0000  -37.5000   -7.5000 2310.5828   14.3442
    7.5000  -37.5000   -7.5000 2297.3521   14.4802
   -7.5000  -30.0000   -7.5000 2412.0239   12.9157
    0.0000  -30.0000   -7.5000 2435.1929   12.7071
    7.5000  -30.0000   -7.5000 2423.0842   12.8618
   -7.5000  -22.5000   -7.5000 2529.6406   11.6101
    0.0000  -22.5000   -7.5000 2555.7693   11.4182
    7.5000  -22.5000   -7.5000 2542.5771   11.5847
   -7.5000  -15.0000   -7.5000 2643.4126   10.6223
    0.0000  -15.0000   -7.5000 2672.6880   10.4476
    7.5000  -15.0000   -7.5000 2659.5000   10.5820
   -7.5000   -7.5000   -7.5000 2758.9597    9.8983
    0.0000   -7.5000   -7.5000 2792.2678    9.7317
    7.5000   -7.5000   -7.5000 2779.1570    9.8679
   -7.5000    0.0000   -7.5000 2858.6807    9.4469
    0.0000    0.0000   -7.5000 2899.0569    9.3069
    7.5000    0.0000   -7.5000 2879.6101    9.4265
   -7.5000    7.5000   -7.5000 2935.3459    9.2928
    0.0000    7.5000   -7.5000 2990.5574    9.1549
    7.5000    7.5000   -7.5000 2956.7021    9.2591
   -7.5000   15.0000   -7.5000 2961.8386    9.3220
    0.0000   15.0000   -7.5000 3022.8074    9.1593
    7.5000   15.0000   -7.5000 2971.6396    9.2962
   -7.5000   22.5000   -7.5000 2923.2512    9.5971
    0.0000   22.5000   -7.5000 2966.8882    9.4243
    7.5000   22.5000   -7.5000 2919.2847    9.5584
   -7.5000   30.0000   -7.5000 2825.2854   10.0673
    0.0000   30.0000   -7.5000 2856.0000    9.9203
    7.5000   30.0000   -7.5000 2824.2737   10.0350
   -7.5000   37.5000   -7.5000 2705.5356   10.7455
    0.0000   37.5000   -7.5000 2734.9790   10.5972
    7.5000   37.5000   -7.5000 2712.1226   10.6969
   -7.5000   45.0000   -7.5000 2567.7727   11.7223
    0.0000   45.0000   -7.5000 2597.3806   11.5543
    7.5000   45.0000   -7.5000 2578.1157   11.6435
   -7.5000  -45.0000    0.0000 2132.3406   16.8290
    0.0000  -45.0000    0.0000 2163.5459   16.5598
    7.5000  -45.0000    0.0000 2147.9436   16.7490
   -7.5000  -37.5000    0.0000 2274.6501   14.6826
    0.0000  -37.5000    0.0000 2301.9062   14.4254
    7.5000  -37.5000    0.0000 2285.3606   14.6160
   -7.5000  -30.0000    0.0000 2399.0647   12.9571
    0.0000  -30.0000    0.0000 2426.6941   12.7243
    7.5000  -30.0000    0.0000 2408.4937   12.9485
   -7.5000  -22.5000    0.0000 2516.1174   11.6727
    0.0000  -22.5000    0.0000 2545.2239   11.4409
    7.5000  -22.5000    0.0000 2527.5166   11.6425
   -7.5000  -15.0000    0.0000 2633.3945   10.6758
    0.0000  -15.0000    0.0000 2661.9966   10.4548
    7.5000  -15.0000    0.0000 2646.4946   10.6394
   -7.5000   -7.5000    0.0000 2747.0012    9.9444
    0.0000   -7.5000    0.0000 2779.9563    9.7550
    7.5000   -7.5000    0.0000 2765.3867    9.9194
   -7.5000    0.0000    0.0000 2850.3657    9.4978
    0.0000    0.0000    0.0000 2891.4189    9.3628
    7.5000    0.0000    0.0000 2872.0481    9.4862
   -7.5000    7.5000    0.0000 2928.7837    9.3255
    0.0000    7.5000    0.0000 2982.6809    9.2165
    7.5000    7.5000    0.0000 2947.5742    9.3171
   -7.5000   15.0000    0.0000 2952.9534    9.3701
    0.0000   15.0000    0.0000 3008.5686    9.2423
    7.5000   15.0000    0.0000 2963.8250    9.3644
   -7.5000   22.5000    0.0000 2908.5476    9.6399
    0.0000   22.5000    0.0000 2954.5479    9.5138
    7.5000   22.5000    0.0000 2912.7524    9.6030
   -7.5000   30.0000    0.0000 2813.9114   10.0989
    0.0000   30.0000    0.0000 2848.6960    9.9584
    7.5000   30.0000    0.0000 2815.5464   10.0573
   -7.5000   37.5000    0.0000 2690.7681   10.7629
    0.0000   37.5000    0.0000 2720.7458   10.5997
    7.5000   37.5000    0.0000 2697.5591   10.7158
   -7.5000   45.0000    0.0000 2554.6365   11.7162
    0.0000   45.0000    0.0000 2580.2534   11.5130
    7.5000   45.0000    0.0000 2562.0625   11.6348
   -7.5000  -45.0000    7.5000 2102.8894   17.2436
    0.0000  -45.0000    7.5000 2133.2900   16.9528
    7.5000  -45.0000    7.5000 2118.7183   17.1580
   -7.5000  -37.5000    7.5000 2245.1763   15.0017
    0.0000  -37.5000    7.5000 2272.8826   14.7225
    7.5000  -37.5000    7.5000 2259.2166   14.9549
   -7.5000  -30.0000    7.5000 2376.5388   13.2669
    0.0000  -30.0000    7.5000 2403.6099   13.0306
    7.5000  -30.0000    7.5000 2381.3962   13.2412
   -7.5000  -22.5000    7.5000 2491.0415   11.9567
    0.0000  -22.5000    7.5000 2516.2981   11.7430
    7.5000  -22.5000    7.5000 2496.0996   11.9283
   -7.5000  -15.0000    7.5000 2605.6240   10.9509
    0.0000  -15.0000    7.5000 2629.8254   10.7530
    7.5000  -15.0000    7.5000 2609.7197   10.9269
   -7.5000   -7.5000    7.5000 2714.2195   10.2122
    0.0000   -7.5000    7.5000 2743.9685   10.0353
    7.5000   -7.5000    7.5000 2723.7437   10.2144
   -7.5000    0.0000    7.5000 2812.6089    9.7766
    0.0000    0.0000    7.5000 2850.0244    9.6154
    7.5000    0.0000    7.5000 2828.5920    9.7452
   -7.5000    7.5000    7.5000 2883.7715    9.5594
    0.0000    7.5000    7.5000 2932.6514    9.3724
    7.5000    7.5000    7.5000 2896.6836    9.5433
   -7.5000   15.0000    7.5000 2900.1511    9.5904
    0.0000   15.0000    7.5000 2946.2449    9.4197
    7.5000   15.0000    7.5000 2913.6018    9.5681
   -7.5000   22.5000    7.5000 2852.9282    9.8853
    0.0000   22.5000    7.5000 2894.7642    9.7404
    7.5000   22.5000    7.5000 2861.9697    9.8485
   -7.5000   30.0000    7.5000 2766.5491   10.3736
    0.0000   30.0000    7.5000 2799.1758   10.2315
    7.5000   30.0000    7.5000 2768.9758   10.3352
   -7.5000   37.5000    7.5000 2647.4695   11.0218
    0.0000   37.5000    7.5000 2673.5564   10.8704
    7.5000   37.5000    7.5000 2651.9133   10.9798
   -7.5000   45.0000    7.5000 2515.6353   11.9118
    0.0000   45.0000    7.5000 2540.2083   11.7431
    7.5000   45.0000    7.5000 2522.2068   11.8376
   -7.5000  -45.0000   15.0000 2058.7019   17.8385
    0.0000  -45.0000   15.0000 2078.6089   17.5937
    7.5000  -45.0000   15.0000 2068.6814   17.8231
   -7.5000  -37.5000   15.0000 2204.4219   15.5411
    0.0000  -37.5000   15.0000 2223.6621   15.2988
    7.5000  -37.5000   15.0000 2210.5898   15.5248
   -7.5000  -30.0000   15.0000 2334.5850   13.7776
    0.0000  -30.0000   15.0000 2356.8638   13.5709
    7.5000  -30.0000   15.0000 2336.0466   13.7568
   -7.5000  -22.5000   15.0000 2452.3452   12.4263
    0.0000  -22.5000   15.0000 2474.7734   12.2156
    7.5000  -22.5000   15.0000 2451.7209   12.4128
   -7.5000  -15.0000   15.0000 2564.3271   11.4144
    0.0000  -15.0000   15.0000 2589.8699   11.2155
    7.5000  -15.0000   15.0000 2566.0303   11.3994
   -7.5000   -7.5000   15.0000 2668.7585   10.6739
    0.0000   -7.5000   15.0000 2695.9856   10.4754
    7.5000   -7.5000   15.0000 2672.8069   10.6536
   -7.5000    0.0000   15.0000 2755.0925   10.2263
    0.0000    0.0000   15.0000 2787.4287   10.0145
    7.5000    0.0000   15.0000 2761.1670   10.1787
   -7.5000    7.5000   15.0000 2811.8057    9.9768
    0.0000    7.5000   15.0000 2847.3469    9.7574
    7.5000    7.5000   15.0000 2813.9207    9.9271
   -7.5000   15.0000   15.0000 2823.8267    9.9847
    0.0000   15.0000   15.0000 2859.0166    9.7795
    7.5000   15.0000   15.0000 2834.2808    9.9174
   -7.5000   22.5000   15.0000 2774.9692   10.2883
    0.0000   22.5000   15.0000 2811.4438   10.0945
    7.5000   22.5000   15.0000 2787.3767   10.2225
   -7.5000   30.0000   15.0000 2695.6724   10.7641
    0.0000   30.0000   15.0000 2723.7505   10.5827
    7.5000   30.0000   15.0000 2698.1987   10.7165
   -7.5000   37.5000   15.0000 2582.6350   11.4187
    0.0000   37.5000   15.0000 2608.5503   11.2301
    7.5000   37.5000   15.0000 2591.1477   11.3696
   -7.5000   45.0000   15.0000 2458.3372   12.2843
    0.0000   45.0000   15.0000 2482.3955   12.0775
    7.5000   45.0000   15.0000 2466.6069   12.1993
   -7.5000  -45.0000   22.5000 2006.0044   18.7008
    0.0000  -45.0000   22.5000 2016.6230   18.5106
    7.5000  -45.0000   22.5000 2009.7593   18.7433
   -7.5000  -37.5000   22.5000 2157.4917   16.3056
    0.0000  -37.5000   22.5000 2170.9189   16.0823
    7.5000  -37.5000   22.5000 2156.9644   16.3050
   -7.5000  -30.0000   22.5000 2284.8250   14.4604
    0.0000  -30.0000   22.5000 2302.2419   14.2710
    7.5000  -30.0000   22.5000 2283.4299   14.4707
   -7.5000  -22.5000   22.5000 2406.5278   13.0573
    0.0000  -22.5000   22.5000 2425.6660   12.8631
    7.5000  -22.5000   22.5000 2401.6157   13.0644
   -7.5000  -15.0000   22.5000 2511.6772   12.0314
    0.0000  -15.0000   22.5000 2534.6687   11.8294
    7.5000  -15.0000   22.5000 2511.7925   12.0240
   -7.5000   -7.5000   22.5000 2610.0168   11.2855
    0.0000   -7.5000   22.5000 2636.7312   11.0939
    7.5000   -7.5000   22.5000 2609.3828   11.2644
   -7.5000    0.0000   22.5000 2683.0535   10.8352
    0.0000    0.0000   22.5000 2716.0288   10.6300
    7.5000    0.0000   22.5000 2681.6208   10.7871
   -7.5000    7.5000   22.5000 2730.0042   10.5726
    0.0000    7.5000   22.5000 2758.9507   10.3762
    7.5000    7.5000   22.5000 2725.8188   10.5084
   -7.5000   15.0000   22.5000 2729.8501   10.5654
    0.0000   15.0000   22.5000 2759.8967   10.3671
    7.5000   15.0000   22.5000 2731.8457   10.4775
   -7.5000   22.5000   22.5000 2684.3896   10.8541
    0.0000   22.5000   22.5000 2714.0391   10.6614
    7.5000   22.5000   22.5000 2687.4207   10.7692
   -7.5000   30.0000   22.5000 2608.1191   11.3072
    0.0000   30.0000   22.5000 2632.5500   11.1159
    7.5000   30.0000   22.5000 2611.1184   11.2373
   -7.5000   37.5000   22.5000 2507.6235   11.9355
    0.0000   37.5000   22.5000 2529.2800   11.7407
    7.5000   37.5000   22.5000 2512.4614   11.8724
   -7.5000   45.0000   22.5000 2391.8640   12.7879
    0.0000   45.0000   22.5000 2413.6030   12.6003
    7.5000   45.0000   22.5000 2397.1152   12.7071
   -7.5000  -45.0000   30.0000 1944.7881   19.8829
    0.0000  -45.0000   30.0000 1958.6005   19.6607
    7.5000  -45.0000   30.0000 1945.3470   19.8566
   -7.5000  -37.5000   30.0000 2099.3037   17.3059
    0.0000  -37.5000   30.0000 2113.4102   17.1138
    7.5000  -37.5000   30.0000 2096.7693   17.3150
   -7.5000  -30.0000   30.0000 2230.7688   15.3803
    0.0000  -30.0000   30.0000 2247.1099   15.1902
    7.5000  -30.0000   30.0000 2224.7195   15.3804
   -7.5000  -22.5000   30.0000 2347.0410   13.9253
    0.0000  -22.5000   30.0000 2365.0022   13.7397
    7.5000  -22.5000   30.0000 2338.8999   13.9028
   -7.5000  -15.0000   30.0000 2446.3210   12.8598
    0.0000  -15.0000   30.0000 2467.0010   12.6635
    7.5000  -15.0000   30.0000 2439.3125   12.8196
   -7.5000   -7.5000   30.0000 2532.2024   12.1011
    0.0000   -7.5000   30.0000 2556.7097   11.8998
    7.5000   -7.5000   30.0000 2528.5354   12.0583
   -7.5000    0.0000   30.0000 2596.6157   11.6211
    0.0000    0.0000   30.0000 2626.3640   11.4249
    7.5000    0.0000   30.0000 2591.9233   11.5853
   -7.5000    7.5000   30.0000 2632.4802   11.3322
    0.0000    7.5000   30.0000 2658.5776   11.1622
    7.5000    7.5000   30.0000 2628.7913   11.3030
   -7.5000   15.0000   30.0000 2625.3657   11.3240
    0.0000   15.0000   30.0000 2653.8269   11.1534
    7.5000   15.0000   30.0000 2626.5110   11.2626
   -7.5000   22.5000   30.0000 2582.1968   11.5757
    0.0000   22.5000   30.0000 2605.2598   11.3892
    7.5000   22.5000   30.0000 2583.2712   11.4916
   -7.5000   30.0000   30.0000 2512.3816   11.9858
    0.0000   30.0000   30.0000 2531.2214   11.8168
    7.5000   30.0000   30.0000 2512.9226   11.9387
   -7.5000   37.5000   30.0000 2430.0474   12.6027
    0.0000   37.5000   30.0000 2448.6445   12.4269
    7.5000   37.5000   30.0000 2428.2097   12.5547
   -7.5000   45.0000   30.0000 2323.5222   13.4807
    0.0000   45.0000   30.0000 2337.9211   13.3030
    7.5000   45.0000   30.0000 2318.7844   13.4016
   -7.5000  -45.0000   37.5000 1879.3901   21.3686
    0.0000  -45.0000   37.5000 1893.5493   21.1578
    7.5000  -45.0000   37.5000 1875.5592   21.4167
   -7.5000  -37.5000   37.5000 2035.4601   18.6186
    0.0000  -37.5000   37.5000 2049.0840   18.4280
    7.5000  -37.5000   37.5000 2030.7261   18.6788
   -7.5000  -30.0000   37.5000 2163.7695   16.5434
    0.0000  -30.0000   37.5000 2179.1509   16.3875
    7.5000  -30.0000   37.5000 2156.1736   16.5988
   -7.5000  -22.5000   37.5000 2279.3384   15.0212
    0.0000  -22.5000   37.5000 2292.3079   14.8531
    7.5000  -22.5000   37.5000 2264.8599   15.0177
   -7.5000  -15.0000   37.5000 2370.9956   13.8910
    0.0000  -15.0000   37.5000 2386.5012   13.7195
    7.5000  -15.0000   37.5000 2358.9307   13.8574
   -7.5000   -7.5000   37.5000 2449.8667   13.1082
    0.0000   -7.5000   37.5000 2468.7556   12.9179
    7.5000   -7.5000   37.5000 2440.3162   13.0710
   -7.5000    0.0000   37.5000 2504.4243   12.5785
    0.0000    0.0000   37.5000 2525.0066   12.4140
    7.5000    0.0000   37.5000 2495.5701   12.5571
   -7.5000    7.5000   37.5000 2531.4648   12.2795
    0.0000    7.5000   37.5000 2551.0715   12.1213
    7.5000    7.5000   37.5000 2527.4238   12.2451
   -7.5000   15.0000   37.5000 2522.0181   12.2846
    0.0000   15.0000   37.5000 2545.7175   12.1133
    7.5000   15.0000   37.5000 2519.1196   12.2018
   -7.5000   22.5000   37.5000 2482.0671   12.4857
    0.0000   22.5000   37.5000 2500.7771   12.3161
    7.5000   22.5000   37.5000 2477.5205   12.4112
   -7.5000   30.0000   37.5000 2414.3037   12.8703
    0.0000   30.0000   37.5000 2434.6785   12.7385
    7.5000   30.0000   37.5000 2412.3286   12.8458
   -7.5000   37.5000   37.5000 2340.4580   13.4767
    0.0000   37.5000   37.5000 2356.9546   13.3154
    7.5000   37.5000   37.5000 2336.1555   13.4621
   -7.5000   45.0000   37.5000 2241.1772   14.3751
    0.0000   45.0000   37.5000 2254.7261   14.1840
    7.5000   45.0000   37.5000 2238.4863   14.3257
   -7.5000  -45.0000   45.0000 1801.6561   23.3000
    0.0000  -45.0000   45.0000 1813.9320   23.0838
    7.5000  -45.0000   45.0000 1793.2135   23.4569
   -7.5000  -37.5000   45.0000 1957.1248   20.2747
    0.0000  -37.5000   45.0000 1969.1562   20.1107
    7.5000  -37.5000   45.0000 1948.5795   20.4045
   -7.5000  -30.0000   45.0000 2086.9419   18.0349
    0.0000  -30.0000   45.0000 2099.7690   17.8657
    7.5000  -30.0000   45.0000 2074.5527   18.1053
   -7.5000  -22.5000   45.0000 2198.3389   16.3890
    0.0000  -22.5000   45.0000 2211.1216   16.2215
    7.5000  -22.5000   45.0000 2180.7856   16.4278
   -7.5000  -15.0000   45.0000 2286.9800   15.1894
    0.0000  -15.0000   45.0000 2300.2324   15.0149
    7.5000  -15.0000   45.0000 2270.1492   15.1821
   -7.5000   -7.5000   45.0000 2360.8892   14.3390
    0.0000   -7.5000   45.0000 2375.3481   14.1670
    7.5000   -7.5000   45.0000 2348.3823   14.3198
   -7.5000    0.0000   45.0000 2405.6477   13.7406
    0.0000    0.0000   45.0000 2420.8293   13.6037
    7.5000    0.0000   45.0000 2395.1511   13.7335
   -7.5000    7.5000   45.0000 2427.3213   13.4346
    0.0000    7.5000   45.0000 2448.1289   13.2718
    7.5000    7.5000   45.0000 2422.4697   13.3841
   -7.5000   15.0000   45.0000 2418.0908   13.3773
    0.0000   15.0000   45.0000 2440.7212   13.2356
    7.5000   15.0000   45.0000 2411.4568   13.3212
   -7.5000   22.5000   45.0000 2380.4502   13.5375
    0.0000   22.5000   45.0000 2399.4858   13.3965
    7.5000   22.5000   45.0000 2372.7256   13.4958
   -7.5000   30.0000   45.0000 2321.4900   13.9827
    0.0000   30.0000   45.0000 2335.8674   13.8532
    7.5000   30.0000   45.0000 2314.8938   13.9289
   -7.5000   37.5000   45.0000 2245.3372   14.6086
    0.0000   37.5000   45.0000 2257.6985   14.4662
    7.5000   37.5000   45.0000 2239.4958   14.5718
   -7.5000   45.0000   45.0000 2148.9043   15.5228
    0.0000   45.0000   45.0000 2160.5076   15.3327
    7.5000   45.0000   45.0000 2144.9065   15.4542

---------------------------------------------------------------------
imgreg_4dfp /opt/freesurfer/average/711-2C_as_mni_average_305 /opt/freesurfer/average/711-2B_as_mni_average_305_mask talsrcimg_g11 none talsrcimg_to_711-2C_as_mni_average_305_t4 1283
---------------------------------------------------------------------

freesurfer imgreg_4dfp.c
/opt/freesurfer/average/711-2C_as_mni_average_305.4dfp.img
       256       256       256         1
  1.000000  1.000000  1.000000
orientation T byte_order littleendian
Reading image: /opt/freesurfer/average/711-2C_as_mni_average_305.4dfp.img
dimensions:      256       256       256
mmppix:       1.0000   -1.0000   -1.0000
center:     128.0000 -129.0000 -129.0000
/opt/freesurfer/average/711-2B_as_mni_average_305_mask.4dfp.img
       256       256       256         1
  1.000000  1.000000  1.000000
orientation T byte_order littleendian
Reading mask: /opt/freesurfer/average/711-2B_as_mni_average_305_mask.4dfp.img (2306576 pixels)
talsrcimg_g11.4dfp.img
       256       256       256         1
  1.000000  1.000000  1.000000
orientation T byte_order littleendian
Reading image: talsrcimg_g11.4dfp.img
dimensions:      256       256       256
mmppix:       1.0000   -1.0000   -1.0000
center:     128.0000 -129.0000 -129.0000
rotation matrix determinant  1.000000
fimgreg.f
image alignment mode   1283 decimal      503 hex
parameters
    0.0000   15.0000   -7.5000    0.0000    0.0000    0.0000
eta,q 0.94884  9.14097
niter,ni,del,rscale     5    3   12.0000    1.2000
parameter  3 -0.512269 -> -0.500000 qaram    1.1500
parameter  4  0.961884 ->  0.500000 qaram    1.1500
parameters
    0.8035   12.9253   -4.0500   -3.4500    2.6151    0.8390
eta,q 0.95340  9.06284
  0.0704  0.0553  0.0628  0.0492  0.0601  0.0506
  0.0634  0.0533  0.0578  0.0484  0.0554  0.0487
  0.0571  0.0525  0.0543  0.0488  0.0512  0.0477
  0.0539  0.0534  0.0524  0.0501  0.0484  0.0469
  0.0536  0.0555  0.0506  0.0516  0.0470  0.0463
  0.0570  0.0594  0.0501  0.0527  0.0474  0.0470
  0.0646  0.0652  0.0521  0.0537  0.0495  0.0494
niter,ni,del,rscale     6    3   12.0000    1.2000
parameters
    0.0977   14.6676   -5.2842   -4.9424    3.3145    0.0205
eta,q 0.95553  9.04620
  0.0602  0.0611  0.0523  0.0487  0.0540  0.0478
  0.0526  0.0546  0.0491  0.0452  0.0495  0.0461
  0.0471  0.0495  0.0461  0.0445  0.0464  0.0450
  0.0466  0.0461  0.0447  0.0450  0.0446  0.0443
  0.0511  0.0447  0.0478  0.0465  0.0445  0.0453
  0.0585  0.0465  0.0541  0.0497  0.0465  0.0477
  0.0671  0.0505  0.0612  0.0534  0.0509  0.0505
niter,ni,del,rscale     5    3   12.0000    1.2000
parameters
   -0.3612   15.5296   -5.9170   -6.1682    3.9944   -0.2955
eta,q 0.95633  9.05254
  0.0588  0.0578  0.0536  0.0484  0.0532  0.0475
  0.0516  0.0508  0.0492  0.0443  0.0486  0.0456
  0.0461  0.0464  0.0455  0.0436  0.0456  0.0444
  0.0445  0.0444  0.0442  0.0442  0.0438  0.0436
  0.0482  0.0447  0.0462  0.0456  0.0440  0.0439
  0.0551  0.0472  0.0514  0.0482  0.0462  0.0460
  0.0635  0.0516  0.0585  0.0519  0.0499  0.0488
niter,ni,del,rscale     4    3   12.0000    1.2000
parameters
   -0.7133   16.3557   -6.3467   -7.3330    4.5947   -0.4996
eta,q 0.95701  9.06901
  0.0580  0.0573  0.0546  0.0480  0.0519  0.0469
  0.0510  0.0499  0.0495  0.0436  0.0476  0.0450
  0.0456  0.0453  0.0450  0.0428  0.0447  0.0437
  0.0437  0.0436  0.0436  0.0435  0.0430  0.0429
  0.0471  0.0441  0.0460  0.0449  0.0435  0.0433
  0.0536  0.0464  0.0512  0.0477  0.0456  0.0452
  0.0616  0.0509  0.0579  0.0512  0.0491  0.0480
niter,ni,del,rscale     3    3   12.0000    1.2000
parameters
   -0.9849   17.1326   -6.7233   -8.3823    5.0989   -0.9475
eta,q 0.95746  9.07467
  0.0577  0.0567  0.0549  0.0478  0.0510  0.0463
  0.0503  0.0491  0.0493  0.0435  0.0470  0.0441
  0.0449  0.0447  0.0445  0.0423  0.0441  0.0430
  0.0430  0.0430  0.0429  0.0429  0.0425  0.0425
  0.0462  0.0436  0.0454  0.0445  0.0429  0.0429
  0.0525  0.0461  0.0512  0.0472  0.0450  0.0449
  0.0601  0.0505  0.0578  0.0509  0.0489  0.0479
niter,ni,del,rscale     2    3   12.0000    1.2000
parameters
   -1.1860   17.7129   -7.0051   -8.9451    5.5255   -1.3471
eta,q 0.95774  9.07709
  0.0583  0.0563  0.0550  0.0490  0.0510  0.0463
  0.0497  0.0489  0.0490  0.0440  0.0469  0.0437
  0.0442  0.0439  0.0443  0.0418  0.0438  0.0425
  0.0425  0.0425  0.0426  0.0426  0.0423  0.0423
  0.0455  0.0434  0.0445  0.0440  0.0427  0.0428
  0.0520  0.0462  0.0504  0.0466  0.0451  0.0446
  0.0597  0.0514  0.0574  0.0503  0.0492  0.0475
niter,ni,del,rscale     1    3   12.0000    1.2000
parameters
   -1.3317   17.9639   -7.1647   -9.1213    5.7927   -1.5075
eta,q 0.95783  9.07908
  0.0591  0.0557  0.0554  0.0501  0.0509  0.0467
  0.0498  0.0482  0.0490  0.0449  0.0467  0.0438
  0.0439  0.0431  0.0441  0.0416  0.0435  0.0425
  0.0423  0.0422  0.0423  0.0423  0.0422  0.0422
  0.0453  0.0436  0.0440  0.0437  0.0427  0.0427
  0.0520  0.0471  0.0497  0.0462  0.0454  0.0443
  0.0598  0.0531  0.0570  0.0498  0.0498  0.0471
registration optimization eta report
parameter search radius
    6.0000    6.0000    6.9000    6.9000    6.0000    6.0000
100000*second partial in parameter space
       47.       34.       29.       17.       23.       13.
  0.0591  0.0557  0.0554  0.0501  0.0509  0.0467
  0.0498  0.0482  0.0490  0.0449  0.0467  0.0438
  0.0439  0.0431  0.0441  0.0416  0.0435  0.0425
  0.0423  0.0422  0.0423  0.0423  0.0422  0.0422
  0.0453  0.0436  0.0440  0.0437  0.0427  0.0427
  0.0520  0.0471  0.0497  0.0462  0.0454  0.0443
  0.0598  0.0531  0.0570  0.0498  0.0498  0.0471
   -1.3317   17.9639   -7.1647   -9.1213    5.7927   -1.5075
eta,q 0.95783  9.07908

---------------------------------------------------------------------
imgreg_4dfp /opt/freesurfer/average/711-2C_as_mni_average_305 /opt/freesurfer/average/711-2B_as_mni_average_305_mask talsrcimg_g11 none talsrcimg_to_711-2C_as_mni_average_305_t4 3335
---------------------------------------------------------------------

freesurfer imgreg_4dfp.c
/opt/freesurfer/average/711-2C_as_mni_average_305.4dfp.img
       256       256       256         1
  1.000000  1.000000  1.000000
orientation T byte_order littleendian
Reading image: /opt/freesurfer/average/711-2C_as_mni_average_305.4dfp.img
dimensions:      256       256       256
mmppix:       1.0000   -1.0000   -1.0000
center:     128.0000 -129.0000 -129.0000
/opt/freesurfer/average/711-2B_as_mni_average_305_mask.4dfp.img
       256       256       256         1
  1.000000  1.000000  1.000000
orientation T byte_order littleendian
Reading mask: /opt/freesurfer/average/711-2B_as_mni_average_305_mask.4dfp.img (2306576 pixels)
talsrcimg_g11.4dfp.img
       256       256       256         1
  1.000000  1.000000  1.000000
orientation T byte_order littleendian
Reading image: talsrcimg_g11.4dfp.img
dimensions:      256       256       256
mmppix:       1.0000   -1.0000   -1.0000
center:     128.0000 -129.0000 -129.0000
fimgreg.f
image alignment mode   3335 decimal      D07 hex
parameters
   -1.3317   17.9639   -7.1647   -0.5451   -1.3408   -1.7687
    4.1970   -9.5448   -2.6174   16.1093   10.0929  -15.7716
eta,q 0.95807  9.15060
niter,ni,del,rscale     5    3    5.0000    1.2000
parameter  4  0.936272 ->  0.500000 qaram    1.1500
parameter  5  1.938594 ->  0.500000 qaram    1.1500
parameter  6  0.984002 ->  0.500000 qaram    1.1500
parameter 12 -0.841043 -> -0.500000 qaram    1.1500
parameters
   -1.3881   17.8116   -7.6939   -4.6851   -5.4808   -5.9087
    3.4285   -8.2513   -0.0544   13.4032    7.8479  -11.6316
eta,q 0.97093  8.61694
  0.0450  0.0434  0.0428  0.0385  0.0327  0.0303  0.0327  0.0362  0.0337  0.0313  0.0304  0.0330
  0.0433  0.0426  0.0421  0.0389  0.0341  0.0306  0.0316  0.0338  0.0323  0.0303  0.0300  0.0317
  0.0423  0.0421  0.0419  0.0399  0.0361  0.0319  0.0309  0.0319  0.0313  0.0299  0.0299  0.0307
  0.0419  0.0419  0.0419  0.0419  0.0391  0.0345  0.0308  0.0308  0.0306  0.0303  0.0300  0.0299
  0.0423  0.0421  0.0423  0.0448  0.0423  0.0381  0.0313  0.0307  0.0303  0.0317  0.0303  0.0293
  0.0435  0.0428  0.0431  0.0486  0.0457  0.0426  0.0323  0.0316  0.0305  0.0338  0.0309  0.0290
  0.0453  0.0440  0.0441  0.0531  0.0498  0.0476  0.0337  0.0335  0.0312  0.0361  0.0318  0.0291
niter,ni,del,rscale     7    3    5.0000    1.2000
parameter  5  0.781622 ->  0.500000 qaram    1.3225
parameter  6  0.607519 ->  0.500000 qaram    1.3225
parameters
   -1.3515   17.8158   -7.8152   -8.3492  -10.2418  -10.6697
    2.4289   -8.0837    0.2354   13.2448    5.8334   -9.2411
eta,q 0.97459  8.02433
  0.0323  0.0316  0.0308  0.0291  0.0267  0.0256  0.0274  0.0291  0.0273  0.0280  0.0259  0.0280
  0.0305  0.0302  0.0298  0.0288  0.0267  0.0256  0.0263  0.0273  0.0264  0.0266  0.0257  0.0269
  0.0295  0.0294  0.0292  0.0288  0.0274  0.0260  0.0257  0.0261  0.0258  0.0258  0.0255  0.0261
  0.0291  0.0291  0.0291  0.0291  0.0288  0.0268  0.0257  0.0256  0.0256  0.0256  0.0256  0.0255
  0.0294  0.0293  0.0294  0.0300  0.0310  0.0289  0.0262  0.0259  0.0257  0.0260  0.0258  0.0254
  0.0304  0.0302  0.0301  0.0322  0.0342  0.0324  0.0272  0.0270  0.0262  0.0268  0.0262  0.0257
  0.0321  0.0316  0.0311  0.0356  0.0382  0.0371  0.0285  0.0288  0.0271  0.0282  0.0267  0.0262
niter,ni,del,rscale     7    3    5.0000    1.2000
parameters
   -1.4752   18.1567   -7.9161   -9.8927  -13.5865  -13.1495
    2.2143   -7.8602    0.6764   13.2939    6.2575   -9.4132
eta,q 0.97548  7.71327
  0.0278  0.0283  0.0266  0.0265  0.0261  0.0267  0.0268  0.0282  0.0261  0.0266  0.0256  0.0260
  0.0264  0.0268  0.0259  0.0256  0.0253  0.0252  0.0255  0.0264  0.0253  0.0254  0.0251  0.0252
  0.0256  0.0258  0.0255  0.0252  0.0249  0.0245  0.0248  0.0251  0.0247  0.0247  0.0247  0.0247
  0.0254  0.0254  0.0254  0.0254  0.0252  0.0249  0.0245  0.0245  0.0245  0.0245  0.0245  0.0245
  0.0258  0.0255  0.0256  0.0258  0.0264  0.0258  0.0249  0.0248  0.0246  0.0248  0.0246  0.0247
  0.0268  0.0260  0.0261  0.0264  0.0283  0.0278  0.0258  0.0260  0.0250  0.0255  0.0249  0.0253
  0.0283  0.0269  0.0268  0.0278  0.0313  0.0315  0.0270  0.0279  0.0258  0.0264  0.0254  0.0261
niter,ni,del,rscale     6    3    5.0000    1.2000
parameters
   -1.4891   18.6434   -8.4027  -10.3273  -14.5638  -14.1139
    2.2002   -7.8646    0.6148   14.3018    6.4477   -9.8668
eta,q 0.97571  7.62878
  0.0273  0.0272  0.0253  0.0263  0.0265  0.0274  0.0266  0.0278  0.0256  0.0267  0.0254  0.0256
  0.0258  0.0259  0.0247  0.0252  0.0254  0.0256  0.0254  0.0260  0.0249  0.0255  0.0248  0.0249
  0.0248  0.0250  0.0244  0.0245  0.0247  0.0245  0.0246  0.0248  0.0245  0.0247  0.0244  0.0244
  0.0245  0.0245  0.0245  0.0244  0.0244  0.0244  0.0243  0.0243  0.0243  0.0243  0.0243  0.0243
  0.0249  0.0245  0.0248  0.0249  0.0248  0.0251  0.0246  0.0247  0.0244  0.0244  0.0244  0.0245
  0.0258  0.0249  0.0254  0.0256  0.0260  0.0265  0.0254  0.0260  0.0249  0.0248  0.0247  0.0251
  0.0273  0.0256  0.0263  0.0265  0.0279  0.0291  0.0266  0.0278  0.0257  0.0256  0.0252  0.0259
niter,ni,del,rscale     5    3    5.0000    1.2000
parameters
   -1.4490   19.0669   -8.8598  -10.6178  -15.2637  -14.8493
    2.2882   -7.8429    0.5489   15.3508    6.7013  -10.3263
eta,q 0.97593  7.57165
  0.0271  0.0266  0.0251  0.0263  0.0265  0.0274  0.0265  0.0275  0.0254  0.0265  0.0252  0.0254
  0.0256  0.0255  0.0245  0.0251  0.0252  0.0256  0.0252  0.0258  0.0247  0.0253  0.0246  0.0246
  0.0246  0.0247  0.0242  0.0243  0.0244  0.0244  0.0244  0.0246  0.0243  0.0245  0.0242  0.0242
  0.0243  0.0243  0.0242  0.0242  0.0241  0.0242  0.0241  0.0241  0.0241  0.0241  0.0241  0.0241
  0.0246  0.0243  0.0246  0.0247  0.0245  0.0249  0.0244  0.0245  0.0243  0.0241  0.0242  0.0243
  0.0255  0.0246  0.0252  0.0255  0.0256  0.0262  0.0252  0.0257  0.0247  0.0246  0.0245  0.0249
  0.0270  0.0254  0.0261  0.0263  0.0274  0.0286  0.0264  0.0275  0.0255  0.0254  0.0250  0.0257
niter,ni,del,rscale     4    3    5.0000    1.2000
parameters
   -1.4133   19.4408   -9.2406  -10.8418  -15.8437  -15.4353
    2.3923   -7.8501    0.3447   16.2020    6.9864  -10.7657
eta,q 0.97610  7.52804
  0.0269  0.0264  0.0249  0.0262  0.0264  0.0273  0.0263  0.0273  0.0254  0.0263  0.0251  0.0252
  0.0254  0.0253  0.0243  0.0250  0.0251  0.0255  0.0251  0.0256  0.0246  0.0252  0.0244  0.0245
  0.0244  0.0245  0.0240  0.0241  0.0242  0.0243  0.0242  0.0244  0.0241  0.0244  0.0241  0.0240
  0.0241  0.0241  0.0240  0.0240  0.0240  0.0240  0.0239  0.0239  0.0239  0.0239  0.0239  0.0239
  0.0244  0.0241  0.0243  0.0245  0.0243  0.0247  0.0242  0.0243  0.0241  0.0240  0.0240  0.0242
  0.0253  0.0245  0.0249  0.0253  0.0254  0.0260  0.0250  0.0256  0.0247  0.0245  0.0243  0.0247
  0.0267  0.0253  0.0258  0.0262  0.0272  0.0283  0.0261  0.0273  0.0256  0.0254  0.0249  0.0255
niter,ni,del,rscale     3    3    5.0000    1.2000
parameters
   -1.3903   19.7160   -9.5301  -11.0065  -16.2024  -15.8351
    2.4925   -7.8546    0.1705   16.7802    7.1533  -11.1277
eta,q 0.97619  7.50043
  0.0266  0.0261  0.0249  0.0262  0.0265  0.0273  0.0262  0.0271  0.0254  0.0262  0.0249  0.0252
  0.0252  0.0250  0.0242  0.0249  0.0251  0.0255  0.0249  0.0255  0.0245  0.0250  0.0243  0.0244
  0.0242  0.0243  0.0239  0.0241  0.0242  0.0242  0.0241  0.0242  0.0240  0.0242  0.0240  0.0239
  0.0239  0.0239  0.0239  0.0239  0.0238  0.0238  0.0238  0.0238  0.0238  0.0238  0.0238  0.0238
  0.0242  0.0240  0.0241  0.0244  0.0242  0.0245  0.0241  0.0242  0.0240  0.0240  0.0239  0.0241
  0.0251  0.0244  0.0247  0.0252  0.0253  0.0258  0.0249  0.0254  0.0246  0.0246  0.0243  0.0246
  0.0265  0.0253  0.0255  0.0261  0.0270  0.0280  0.0260  0.0272  0.0255  0.0255  0.0248  0.0254
niter,ni,del,rscale     2    3    5.0000    1.2000
parameters
   -1.3733   19.8830   -9.7215  -11.1100  -16.3856  -16.0746
    2.5550   -7.8459    0.0772   17.1264    7.2281  -11.3768
eta,q 0.97623  7.48545
  0.0265  0.0259  0.0249  0.0262  0.0266  0.0274  0.0261  0.0271  0.0254  0.0260  0.0249  0.0252
  0.0251  0.0248  0.0242  0.0249  0.0251  0.0256  0.0249  0.0254  0.0245  0.0249  0.0243  0.0244
  0.0241  0.0241  0.0239  0.0240  0.0242  0.0242  0.0241  0.0242  0.0240  0.0241  0.0239  0.0239
  0.0238  0.0238  0.0238  0.0238  0.0238  0.0238  0.0238  0.0238  0.0238  0.0238  0.0238  0.0238
  0.0241  0.0239  0.0240  0.0243  0.0241  0.0244  0.0241  0.0242  0.0240  0.0240  0.0239  0.0240
  0.0250  0.0245  0.0246  0.0252  0.0251  0.0257  0.0248  0.0254  0.0246  0.0246  0.0243  0.0245
  0.0264  0.0254  0.0253  0.0261  0.0269  0.0278  0.0260  0.0271  0.0255  0.0256  0.0248  0.0253
niter,ni,del,rscale     1    3    5.0000    1.2000
parameters
   -1.3594   19.9791   -9.8385  -11.1690  -16.4794  -16.2162
    2.5860   -7.8317    0.0469   17.3276    7.2625  -11.5334
eta,q 0.97624  7.47738
  0.0264  0.0258  0.0250  0.0262  0.0266  0.0274  0.0260  0.0271  0.0255  0.0260  0.0248  0.0252
  0.0250  0.0247  0.0243  0.0249  0.0251  0.0256  0.0248  0.0254  0.0245  0.0248  0.0243  0.0244
  0.0241  0.0240  0.0239  0.0240  0.0242  0.0242  0.0240  0.0242  0.0240  0.0240  0.0239  0.0239
  0.0238  0.0238  0.0238  0.0238  0.0238  0.0238  0.0238  0.0238  0.0238  0.0238  0.0238  0.0238
  0.0241  0.0239  0.0240  0.0242  0.0241  0.0244  0.0240  0.0242  0.0240  0.0240  0.0239  0.0240
  0.0250  0.0245  0.0245  0.0251  0.0251  0.0256  0.0248  0.0253  0.0246  0.0247  0.0243  0.0245
  0.0264  0.0255  0.0252  0.0260  0.0268  0.0277  0.0260  0.0271  0.0255  0.0257  0.0248  0.0253
registration optimization eta report
parameter search radius
    2.4000    2.4000    2.4000    8.2800    9.5220    9.5220
    7.2000    7.2000    7.2000    7.2000    7.2000    8.2800
100000*second partial in parameter space
       46.       33.       23.        3.        3.        4.
        4.        6.        3.        4.        2.        2.
  0.0264  0.0258  0.0250  0.0262  0.0266  0.0274  0.0260  0.0271  0.0255  0.0260  0.0248  0.0252
  0.0250  0.0247  0.0243  0.0249  0.0251  0.0256  0.0248  0.0254  0.0245  0.0248  0.0243  0.0244
  0.0241  0.0240  0.0239  0.0240  0.0242  0.0242  0.0240  0.0242  0.0240  0.0240  0.0239  0.0239
  0.0238  0.0238  0.0238  0.0238  0.0238  0.0238  0.0238  0.0238  0.0238  0.0238  0.0238  0.0238
  0.0241  0.0239  0.0240  0.0242  0.0241  0.0244  0.0240  0.0242  0.0240  0.0240  0.0239  0.0240
  0.0250  0.0245  0.0245  0.0251  0.0251  0.0256  0.0248  0.0253  0.0246  0.0247  0.0243  0.0245
  0.0264  0.0255  0.0252  0.0260  0.0268  0.0277  0.0260  0.0271  0.0255  0.0257  0.0248  0.0253
   -1.3594   19.9791   -9.8385  -11.1690  -16.4794  -16.2162
    2.5860   -7.8317    0.0469   17.3276    7.2625  -11.5334
eta,q 0.97624  7.47738

---------------------------------------------------------------------
imgreg_4dfp /opt/freesurfer/average/711-2C_as_mni_average_305 /opt/freesurfer/average/711-2B_as_mni_average_305_mask talsrcimg_g11 none talsrcimg_to_711-2C_as_mni_average_305_t4 2311
---------------------------------------------------------------------

freesurfer imgreg_4dfp.c
/opt/freesurfer/average/711-2C_as_mni_average_305.4dfp.img
       256       256       256         1
  1.000000  1.000000  1.000000
orientation T byte_order littleendian
Reading image: /opt/freesurfer/average/711-2C_as_mni_average_305.4dfp.img
dimensions:      256       256       256
mmppix:       1.0000   -1.0000   -1.0000
center:     128.0000 -129.0000 -129.0000
/opt/freesurfer/average/711-2B_as_mni_average_305_mask.4dfp.img
       256       256       256         1
  1.000000  1.000000  1.000000
orientation T byte_order littleendian
Reading mask: /opt/freesurfer/average/711-2B_as_mni_average_305_mask.4dfp.img (2306576 pixels)
talsrcimg_g11.4dfp.img
       256       256       256         1
  1.000000  1.000000  1.000000
orientation T byte_order littleendian
Reading image: talsrcimg_g11.4dfp.img
dimensions:      256       256       256
mmppix:       1.0000   -1.0000   -1.0000
center:     128.0000 -129.0000 -129.0000
fimgreg.f
image alignment mode   2311 decimal      907 hex
parameters
   -1.3594   19.9791   -9.8385  -11.1690  -16.4794  -16.2162
    2.5860   -7.8317    0.0469   17.3276    7.2625  -11.5334
eta,q 0.97624  7.47738
niter,ni,del,rscale     5    3    5.0000    0.8000
parameters
   -1.3487   20.0297   -9.9303  -11.5069  -16.3161  -16.2785
    2.5424   -7.7837    0.0473   17.3688    7.2435  -11.7186
eta,q 0.97625  7.46941
  0.0250  0.0247  0.0243  0.0246  0.0246  0.0249  0.0248  0.0254  0.0245  0.0248  0.0242  0.0242
  0.0243  0.0242  0.0240  0.0241  0.0242  0.0243  0.0242  0.0245  0.0241  0.0242  0.0240  0.0240
  0.0239  0.0239  0.0238  0.0238  0.0239  0.0239  0.0239  0.0239  0.0238  0.0239  0.0238  0.0238
  0.0238  0.0238  0.0238  0.0238  0.0238  0.0237  0.0237  0.0237  0.0237  0.0237  0.0237  0.0237
  0.0239  0.0238  0.0239  0.0239  0.0238  0.0239  0.0239  0.0239  0.0238  0.0239  0.0238  0.0238
  0.0243  0.0241  0.0241  0.0244  0.0241  0.0243  0.0243  0.0244  0.0241  0.0242  0.0240  0.0240
  0.0250  0.0246  0.0244  0.0249  0.0245  0.0249  0.0248  0.0253  0.0245  0.0247  0.0242  0.0243
niter,ni,del,rscale     4    3    5.0000    0.7000
parameters
   -1.3316   20.0428   -9.9823  -11.5505  -16.2948  -16.3437
    2.5280   -7.7633    0.0544   17.4056    7.2236  -11.7634
eta,q 0.97625  7.46674
  0.0247  0.0244  0.0242  0.0245  0.0244  0.0246  0.0246  0.0250  0.0244  0.0245  0.0241  0.0242
  0.0242  0.0241  0.0239  0.0241  0.0240  0.0242  0.0241  0.0243  0.0240  0.0241  0.0239  0.0239
  0.0239  0.0238  0.0238  0.0238  0.0238  0.0238  0.0238  0.0239  0.0238  0.0238  0.0238  0.0238
  0.0237  0.0237  0.0238  0.0237  0.0237  0.0237  0.0237  0.0237  0.0237  0.0237  0.0237  0.0237
  0.0238  0.0238  0.0238  0.0239  0.0238  0.0239  0.0238  0.0239  0.0238  0.0238  0.0238  0.0238
  0.0241  0.0240  0.0240  0.0241  0.0240  0.0242  0.0241  0.0243  0.0240  0.0241  0.0239  0.0239
  0.0247  0.0244  0.0242  0.0246  0.0244  0.0247  0.0246  0.0250  0.0244  0.0245  0.0241  0.0242
niter,ni,del,rscale     3    3    5.0000    0.6000
parameters
   -1.3256   20.0555  -10.0192  -11.5495  -16.2903  -16.4064
    2.5171   -7.7565    0.0666   17.4241    7.2153  -11.8140
eta,q 0.97625  7.46525
  0.0244  0.0242  0.0241  0.0244  0.0242  0.0244  0.0244  0.0247  0.0242  0.0243  0.0240  0.0240
  0.0241  0.0240  0.0239  0.0240  0.0240  0.0241  0.0240  0.0241  0.0239  0.0240  0.0239  0.0239
  0.0238  0.0238  0.0238  0.0238  0.0238  0.0238  0.0238  0.0238  0.0238  0.0238  0.0238  0.0238
  0.0237  0.0237  0.0237  0.0237  0.0237  0.0237  0.0237  0.0237  0.0237  0.0237  0.0237  0.0237
  0.0238  0.0238  0.0238  0.0238  0.0238  0.0238  0.0238  0.0238  0.0238  0.0238  0.0238  0.0238
  0.0240  0.0240  0.0239  0.0240  0.0239  0.0241  0.0240  0.0241  0.0239  0.0240  0.0239  0.0239
  0.0244  0.0242  0.0241  0.0244  0.0242  0.0245  0.0244  0.0246  0.0242  0.0243  0.0240  0.0241
niter,ni,del,rscale     2    3    5.0000    0.5000
parameters
   -1.3184   20.0670  -10.0527  -11.5493  -16.2685  -16.4591
    2.5043   -7.7491    0.0760   17.4435    7.2146  -11.8347
eta,q 0.97625  7.46460
  0.0242  0.0241  0.0240  0.0242  0.0241  0.0242  0.0242  0.0244  0.0241  0.0242  0.0239  0.0240
  0.0240  0.0239  0.0238  0.0240  0.0239  0.0240  0.0239  0.0240  0.0239  0.0239  0.0238  0.0238
  0.0238  0.0238  0.0238  0.0238  0.0238  0.0238  0.0238  0.0238  0.0238  0.0238  0.0238  0.0238
  0.0237  0.0237  0.0237  0.0237  0.0237  0.0237  0.0237  0.0237  0.0237  0.0237  0.0237  0.0237
  0.0238  0.0238  0.0238  0.0238  0.0238  0.0238  0.0238  0.0238  0.0238  0.0238  0.0238  0.0238
  0.0239  0.0239  0.0239  0.0239  0.0239  0.0240  0.0239  0.0240  0.0239  0.0239  0.0238  0.0238
  0.0242  0.0241  0.0240  0.0242  0.0241  0.0243  0.0242  0.0244  0.0241  0.0241  0.0239  0.0240
niter,ni,del,rscale     1    3    5.0000    0.4000
parameters
   -1.3119   20.0734  -10.0742  -11.5420  -16.2468  -16.4781
    2.5058   -7.7553    0.1004   17.4671    7.2133  -11.8597
eta,q 0.97626  7.46538
  0.0241  0.0240  0.0239  0.0240  0.0240  0.0241  0.0240  0.0241  0.0239  0.0240  0.0239  0.0239
  0.0239  0.0238  0.0238  0.0239  0.0238  0.0239  0.0239  0.0239  0.0238  0.0239  0.0238  0.0238
  0.0238  0.0238  0.0238  0.0238  0.0238  0.0238  0.0238  0.0238  0.0238  0.0238  0.0238  0.0238
  0.0237  0.0237  0.0237  0.0237  0.0237  0.0237  0.0237  0.0237  0.0237  0.0237  0.0237  0.0237
  0.0238  0.0238  0.0238  0.0238  0.0238  0.0238  0.0238  0.0238  0.0238  0.0238  0.0238  0.0238
  0.0239  0.0238  0.0238  0.0239  0.0238  0.0239  0.0239  0.0239  0.0238  0.0239  0.0238  0.0238
  0.0240  0.0240  0.0239  0.0240  0.0239  0.0241  0.0240  0.0241  0.0239  0.0240  0.0239  0.0239
registration optimization eta report
parameter search radius
    0.8000    0.8000    0.8000    2.4000    2.4000    2.4000
    2.4000    2.4000    2.4000    2.4000    2.4000    2.4000
100000*second partial in parameter space
       47.       34.       24.        5.        4.        6.
        5.        7.        3.        5.        2.        2.
  0.0241  0.0240  0.0239  0.0240  0.0240  0.0241  0.0240  0.0241  0.0239  0.0240  0.0239  0.0239
  0.0239  0.0238  0.0238  0.0239  0.0238  0.0239  0.0239  0.0239  0.0238  0.0239  0.0238  0.0238
  0.0238  0.0238  0.0238  0.0238  0.0238  0.0238  0.0238  0.0238  0.0238  0.0238  0.0238  0.0238
  0.0237  0.0237  0.0237  0.0237  0.0237  0.0237  0.0237  0.0237  0.0237  0.0237  0.0237  0.0237
  0.0238  0.0238  0.0238  0.0238  0.0238  0.0238  0.0238  0.0238  0.0238  0.0238  0.0238  0.0238
  0.0239  0.0238  0.0238  0.0239  0.0238  0.0239  0.0239  0.0239  0.0238  0.0239  0.0238  0.0238
  0.0240  0.0240  0.0239  0.0240  0.0239  0.0241  0.0240  0.0241  0.0239  0.0240  0.0239  0.0239
   -1.3119   20.0734  -10.0742  -11.5420  -16.2468  -16.4781
    2.5058   -7.7553    0.1004   17.4671    7.2133  -11.8597
eta,q 0.97626  7.46538

---------------------------------------------------------------------
imgreg_4dfp /opt/freesurfer/average/711-2C_as_mni_average_305 /opt/freesurfer/average/711-2B_as_mni_average_305_mask talsrcimg_g11 none talsrcimg_to_711-2C_as_mni_average_305_t4 2311
---------------------------------------------------------------------

freesurfer imgreg_4dfp.c
/opt/freesurfer/average/711-2C_as_mni_average_305.4dfp.img
       256       256       256         1
  1.000000  1.000000  1.000000
orientation T byte_order littleendian
Reading image: /opt/freesurfer/average/711-2C_as_mni_average_305.4dfp.img
dimensions:      256       256       256
mmppix:       1.0000   -1.0000   -1.0000
center:     128.0000 -129.0000 -129.0000
/opt/freesurfer/average/711-2B_as_mni_average_305_mask.4dfp.img
       256       256       256         1
  1.000000  1.000000  1.000000
orientation T byte_order littleendian
Reading mask: /opt/freesurfer/average/711-2B_as_mni_average_305_mask.4dfp.img (2306576 pixels)
talsrcimg_g11.4dfp.img
       256       256       256         1
  1.000000  1.000000  1.000000
orientation T byte_order littleendian
Reading image: talsrcimg_g11.4dfp.img
dimensions:      256       256       256
mmppix:       1.0000   -1.0000   -1.0000
center:     128.0000 -129.0000 -129.0000
fimgreg.f
image alignment mode   2311 decimal      907 hex
parameters
   -1.3119   20.0734  -10.0742  -11.5420  -16.2468  -16.4781
    2.5058   -7.7553    0.1004   17.4671    7.2133  -11.8597
eta,q 0.97626  7.46538
niter,ni,del,rscale     5    3    5.0000    0.8000
parameters
   -1.3154   20.0710  -10.0654  -11.5322  -16.3377  -16.4343
    2.5245   -7.7336    0.0442   17.4946    7.2396  -11.8359
eta,q 0.97626  7.46372
  0.0249  0.0246  0.0244  0.0248  0.0245  0.0249  0.0248  0.0253  0.0245  0.0248  0.0242  0.0243
  0.0243  0.0241  0.0240  0.0242  0.0241  0.0243  0.0242  0.0245  0.0241  0.0242  0.0240  0.0240
  0.0239  0.0238  0.0238  0.0239  0.0238  0.0239  0.0239  0.0239  0.0238  0.0239  0.0238  0.0238
  0.0237  0.0237  0.0237  0.0237  0.0237  0.0237  0.0237  0.0237  0.0237  0.0237  0.0237  0.0237
  0.0239  0.0238  0.0238  0.0239  0.0238  0.0239  0.0239  0.0239  0.0238  0.0239  0.0238  0.0238
  0.0243  0.0241  0.0240  0.0242  0.0241  0.0243  0.0242  0.0245  0.0241  0.0242  0.0240  0.0240
  0.0250  0.0246  0.0243  0.0248  0.0246  0.0249  0.0248  0.0253  0.0246  0.0247  0.0242  0.0243
niter,ni,del,rscale     4    3    5.0000    0.7000
parameters
   -1.3142   20.0795  -10.0566  -11.5557  -16.3268  -16.4372
    2.5164   -7.7358    0.0581   17.4917    7.2276  -11.8445
eta,q 0.97625  7.46327
  0.0247  0.0244  0.0242  0.0245  0.0244  0.0247  0.0246  0.0250  0.0244  0.0245  0.0241  0.0242
  0.0242  0.0240  0.0240  0.0241  0.0240  0.0242  0.0241  0.0243  0.0240  0.0241  0.0239  0.0239
  0.0239  0.0238  0.0238  0.0239  0.0238  0.0239  0.0238  0.0239  0.0238  0.0238  0.0238  0.0238
  0.0237  0.0237  0.0237  0.0237  0.0237  0.0237  0.0237  0.0237  0.0237  0.0237  0.0237  0.0237
  0.0239  0.0238  0.0238  0.0238  0.0238  0.0239  0.0238  0.0239  0.0238  0.0238  0.0238  0.0238
  0.0242  0.0240  0.0240  0.0241  0.0240  0.0242  0.0241  0.0243  0.0240  0.0241  0.0239  0.0239
  0.0247  0.0244  0.0242  0.0246  0.0244  0.0247  0.0246  0.0250  0.0244  0.0245  0.0241  0.0242
registration optimization eta report
parameter search radius
    1.4000    1.4000    1.4000    4.2000    4.2000    4.2000
    4.2000    4.2000    4.2000    4.2000    4.2000    4.2000
100000*second partial in parameter space
       47.       34.       24.        5.        4.        5.
        5.        7.        3.        4.        2.        2.
  0.0247  0.0244  0.0242  0.0245  0.0244  0.0247  0.0246  0.0250  0.0244  0.0245  0.0241  0.0242
  0.0242  0.0240  0.0240  0.0241  0.0240  0.0242  0.0241  0.0243  0.0240  0.0241  0.0239  0.0239
  0.0239  0.0238  0.0238  0.0239  0.0238  0.0239  0.0238  0.0239  0.0238  0.0238  0.0238  0.0238
  0.0237  0.0237  0.0237  0.0237  0.0237  0.0237  0.0237  0.0237  0.0237  0.0237  0.0237  0.0237
  0.0239  0.0238  0.0238  0.0238  0.0238  0.0239  0.0238  0.0239  0.0238  0.0238  0.0238  0.0238
  0.0242  0.0240  0.0240  0.0241  0.0240  0.0242  0.0241  0.0243  0.0240  0.0241  0.0239  0.0239
  0.0247  0.0244  0.0242  0.0246  0.0244  0.0247  0.0246  0.0250  0.0244  0.0245  0.0241  0.0242
   -1.3142   20.0795  -10.0566  -11.5557  -16.3268  -16.4372
    2.5164   -7.7358    0.0581   17.4917    7.2276  -11.8445
eta,q 0.97625  7.46327

---------------------------------------------------------------------
compute_vox2vox talsrcimg talsrcimg_to_711-2C_as_mni_average_305_t4 /opt/freesurfer/average/711-2C_as_mni_average_305
---------------------------------------------------------------------

freesurfer compute_vox2vox.c
Reading: talsrcimg.4dfp.ifh
Reading: talsrcimg_to_711-2C_as_mni_average_305_t4
Reading: /opt/freesurfer/average/711-2C_as_mni_average_305.4dfp.ifh
Writing: talsrcimg_to_711-2C_as_mni_average_305_t4_vox2vox.txt

start time Mon Mar 9 01:12:44 CET 2026
end		time Mon Mar 9 01:14:14 CET 2026

mpr2mni305 success

avi2talxfm orig_nu.mgz /opt/freesurfer/average/mni305.cor.mgz talsrcimg_to_711-2C_as_mni_average_305_t4_vox2vox.txt transforms/talairach.auto.xfm
avi2talxfm done
mv -f /out/sourcedata/freesurfer/sub-v1s17x0050240_ses-1/mri/talsrcimg_to_711-2C_as_mni_average_305_t4_vox2vox.txt /out/sourcedata/freesurfer/sub-v1s17x0050240_ses-1/mri/transforms/talsrcimg_to_711-2C_as_mni_average_305_t4_vox2vox.txt
lta_convert --src orig_nu.mgz --trg /opt/freesurfer/average/mni305.cor.mgz --inxfm transforms/talairach.auto.xfm --outlta transforms/talairach.auto.xfm.lta --subject fsaverage
7.3.2

--src: orig_nu.mgz src image (geometry).
--trg: /opt/freesurfer/average/mni305.cor.mgz trg image (geometry).
--inmni: transforms/talairach.auto.xfm input MNI/XFM transform.
--outlta: transforms/talairach.auto.xfm.lta output LTA.
--s: fsaverage subject name
 LTA read, type : 1
 1.12186   0.10773  -0.01849   0.72807;
-0.09435   1.15321   0.16608   0.11981;
 0.01894  -0.24115   1.16042  -7.56401;
 0.00000   0.00000   0.00000   1.00000;
setting subject to fsaverage
Writing  LTA to file transforms/talairach.auto.xfm.lta...
lta_convert successful.
 
 
Started at Mon Mar 9 01:12:43 CET 2026
Ended   at Mon Mar  9 01:14:14 CET 2026
talairach_avi done
