status file for recon-all
Mon Mar  9 05:25:41 CET 2026
#@# Tessellate rh Mon Mar  9 05:25:41 CET 2026
#@# Smooth1 rh Mon Mar  9 05:25:45 CET 2026
#@# Inflation1 rh Mon Mar  9 05:25:48 CET 2026
#@# QSphere rh Mon Mar  9 05:26:03 CET 2026
#@# Fix Topology rh Mon Mar  9 05:27:27 CET 2026
#@# Smooth2 rh Mon Mar  9 05:34:45 CET 2026
#@# Inflation2 rh Mon Mar  9 05:34:49 CET 2026
#@# Curv .H and .K rh Mon Mar  9 05:35:05 CET 2026
#@# Sphere rh Mon Mar  9 05:35:57 CET 2026
#@# Surf Reg rh Mon Mar  9 05:39:48 CET 2026
#@# Jacobian white rh Mon Mar  9 05:44:36 CET 2026
#@# AvgCurv rh Mon Mar  9 05:44:37 CET 2026
#@# Cortical Parc rh Mon Mar  9 05:44:38 CET 2026
#@# white curv rh Mon Mar  9 05:51:51 CET 2026
#@# white area rh Mon Mar  9 05:51:53 CET 2026
#@# pial curv rh Mon Mar  9 05:51:54 CET 2026
#@# pial area rh Mon Mar  9 05:51:56 CET 2026
#@# thickness rh Mon Mar  9 05:51:57 CET 2026
#@# area and vertex vol rh Mon Mar  9 05:52:31 CET 2026
#@# Curvature Stats rh Mon Mar  9 05:52:32 CET 2026
#@# Cortical Parc 2 rh Mon Mar  9 05:52:35 CET 2026
#@# Cortical Parc 3 rh Mon Mar  9 05:52:50 CET 2026
#@# WM/GM Contrast rh Mon Mar  9 05:53:01 CET 2026
recon-all -s sub-v1s17x0051142_ses-1 finished without error at Mon Mar  9 05:53:04 CET 2026



#New# invocation of recon-all 



status file for recon-all
Mon Mar  9 06:06:02 CET 2026
#@# white curv rh Mon Mar  9 06:06:02 CET 2026
#@# white area rh Mon Mar  9 06:06:02 CET 2026
#@# pial curv rh Mon Mar  9 06:06:02 CET 2026
#@# pial area rh Mon Mar  9 06:06:02 CET 2026
#@# thickness rh Mon Mar  9 06:06:02 CET 2026
#@# area and vertex vol rh Mon Mar  9 06:06:02 CET 2026
#@# Parcellation Stats rh Mon Mar  9 06:06:02 CET 2026
#@# Parcellation Stats 2 rh Mon Mar  9 06:06:25 CET 2026
#@# Parcellation Stats 3 rh Mon Mar  9 06:06:36 CET 2026
#@# BA_exvivo Labels rh Mon Mar  9 06:06:48 CET 2026
recon-all -s sub-v1s17x0051142_ses-1 finished without error at Mon Mar  9 06:09:39 CET 2026
