/out/sourcedata/freesurfer/sub-v1s17x0050233_ses-1/mri
/opt/freesurfer/bin/talairach_avi
--i orig_nu.mgz --xfm transforms/talairach.auto.xfm
talairach_avi 7.3.2
Linux dna028 5.14.0-427.37.1.el9_4.x86_64 #1 SMP PREEMPT_DYNAMIC Fri Sep 13 12:41:50 EDT 2024 x86_64 x86_64 x86_64 GNU/Linux
Mon Mar  9 00:55:43 CET 2026
mri_convert orig_nu.mgz talsrcimg.img 
reading from orig_nu.mgz...
TR=0.00, TE=0.00, TI=0.00, flip angle=0.00
i_ras = (-1, -7.89441e-09, 0)
j_ras = (0, 0, -1)
k_ras = (4.43833e-10, 1, 4.65661e-10)
writing to talsrcimg.img...
Analyze Output Matrix
-1.00000   0.00000   0.00000   128.47192;
-0.00000   0.00000   1.00000  -133.83054;
 0.00000  -1.00000   0.00000   109.91328;
 0.00000   0.00000   0.00000   1.00000;
--------------------
INFO: set hdr.hist.orient to -1
mpr2mni305 talsrcimg
Mon Mar  9 00:55:44 CET 2026
/opt/freesurfer/bin/mpr2mni305 talsrcimg
mpr2mni305 7.3.2
target=711-2C_as_mni_average_305

---------------------------------------------------------------------
analyzeto4dfp talsrcimg -O0 -y
---------------------------------------------------------------------

freesurfer ifh2hdr.c
Mon Mar  9 00:55:44 2026
Writing: talsrcimg.4dfp.hdr
freesurfer analyzeto4dfp.c
Reading: talsrcimg.hdr
header size 348 bytes
hdr.dime.datatype	offset=70	value=2
hdr.dime.bitpix		offset=72	value=8
hdr.hist.orient		offset=252	value=-1
dimensionality     4
dimensions       256       256       256         1
Reading: talsrcimg.img
Writing: talsrcimg.4dfp.img
Writing: talsrcimg.4dfp.ifh
ifh2hdr talsrcimg -r0to255
ori=2

---------------------------------------------------------------------
gauss_4dfp talsrcimg 1.1
---------------------------------------------------------------------

freesurfer gauss_4dfp.c
Reading: talsrcimg.4dfp.img
Writing: talsrcimg_g11.4dfp.img
image dimensions 256 256 256 padded to 288 288 288
processing volume 1freesurfer ifh2hdr.c
Mon Mar  9 00:55:45 2026
Writing: talsrcimg_g11.4dfp.hdr

Writing: talsrcimg_g11.4dfp.ifh
including: talsrcimg.4dfp.img.rec in talsrcimg_g11.4dfp.img.rec

---------------------------------------------------------------------
imgreg_4dfp /opt/freesurfer/average/711-2C_as_mni_average_305 none talsrcimg_g11 none talsrcimg_to_711-2C_as_mni_average_305_t4 4355
---------------------------------------------------------------------

freesurfer imgreg_4dfp.c
/opt/freesurfer/average/711-2C_as_mni_average_305.4dfp.img
       256       256       256         1
  1.000000  1.000000  1.000000
orientation T byte_order littleendian
Reading image: /opt/freesurfer/average/711-2C_as_mni_average_305.4dfp.img
dimensions:      256       256       256
mmppix:       1.0000   -1.0000   -1.0000
center:     128.0000 -129.0000 -129.0000
talsrcimg_g11.4dfp.img
       256       256       256         1
  1.000000  1.000000  1.000000
orientation T byte_order littleendian
Reading image: talsrcimg_g11.4dfp.img
dimensions:      256       256       256
mmppix:       1.0000   -1.0000   -1.0000
center:     128.0000 -129.0000 -129.0000
t4_read: open error in t4_sub.f l:  41 t4_file(1:l)talsrcimg_to_711-2C_as_mni_average_305_t4 
t4_read: transform initialized to I4
rotation matrix determinant  1.000000
image alignment mode   4355 decimal     1103 hex
   -7.5000  -45.0000  -45.0000 7526.6582   12.5877
    0.0000  -45.0000  -45.0000 7784.6812   12.5724
    7.5000  -45.0000  -45.0000 7382.8584   12.5515
   -7.5000  -37.5000  -45.0000 8149.9868   12.3962
    0.0000  -37.5000  -45.0000 8431.1494   12.3769
    7.5000  -37.5000  -45.0000 8015.7842   12.3490
   -7.5000  -30.0000  -45.0000 9099.2236   12.2509
    0.0000  -30.0000  -45.0000 9414.3291   12.2251
    7.5000  -30.0000  -45.0000 8966.7412   12.1911
   -7.5000  -22.5000  -45.000010064.6602   12.1756
    0.0000  -22.5000  -45.000010413.1484   12.1468
    7.5000  -22.5000  -45.0000 9928.3320   12.1161
   -7.5000  -15.0000  -45.000011019.1396   12.1732
    0.0000  -15.0000  -45.000011403.6611   12.1477
    7.5000  -15.0000  -45.000010886.3008   12.1249
   -7.5000   -7.5000  -45.000011857.5625   12.1774
    0.0000   -7.5000  -45.000012303.1963   12.1587
    7.5000   -7.5000  -45.000011736.3516   12.1415
   -7.5000    0.0000  -45.000012655.9238   12.1800
    0.0000    0.0000  -45.000013130.8359   12.1648
    7.5000    0.0000  -45.000012519.1904   12.1465
   -7.5000    7.5000  -45.000012522.9932   12.1797
    0.0000    7.5000  -45.000013010.8818   12.1608
    7.5000    7.5000  -45.000012385.6094   12.1342
   -7.5000   15.0000  -45.000012222.1436   12.1774
    0.0000   15.0000  -45.000012706.9697   12.1519
    7.5000   15.0000  -45.000012101.4717   12.1184
   -7.5000   22.5000  -45.000011738.7656   12.1719
    0.0000   22.5000  -45.000012214.6650   12.1431
    7.5000   22.5000  -45.000011628.4287   12.1125
   -7.5000   30.0000  -45.000011214.7656   12.0109
    0.0000   30.0000  -45.000011663.1641   11.9858
    7.5000   30.0000  -45.000011103.9668   11.9633
   -7.5000   37.5000  -45.000011004.4658   12.0151
    0.0000   37.5000  -45.000011459.9072   11.9967
    7.5000   37.5000  -45.000010905.4443   11.9797
   -7.5000   45.0000  -45.000010253.2383   11.7126
    0.0000   45.0000  -45.000010679.4639   11.6979
    7.5000   45.0000  -45.000010162.3447   11.6803
   -7.5000  -45.0000  -37.5000 7874.4487   12.5463
    0.0000  -45.0000  -37.5000 8160.8804   12.5267
    7.5000  -45.0000  -37.5000 7745.9902   12.5032
   -7.5000  -37.5000  -37.5000 8539.0684   12.3532
    0.0000  -37.5000  -37.5000 8844.6973   12.3315
    7.5000  -37.5000  -37.5000 8417.0723   12.3011
   -7.5000  -30.0000  -37.5000 9571.0059   12.2093
    0.0000  -30.0000  -37.5000 9894.8574   12.1821
    7.5000  -30.0000  -37.5000 9428.4873   12.1454
   -7.5000  -22.5000  -37.500010596.6963   12.1367
    0.0000  -22.5000  -37.500010956.1914   12.1057
    7.5000  -22.5000  -37.500010423.6816   12.0721
   -7.5000  -15.0000  -37.500011591.2012   12.1357
    0.0000  -15.0000  -37.500011999.5312   12.1061
    7.5000  -15.0000  -37.500011426.9609   12.0806
   -7.5000   -7.5000  -37.500012475.9922   12.1395
    0.0000   -7.5000  -37.500012949.7744   12.1160
    7.5000   -7.5000  -37.500012331.7334   12.0963
   -7.5000    0.0000  -37.500013296.0811   12.1403
    0.0000    0.0000  -37.500013820.7119   12.1209
    7.5000    0.0000  -37.500013174.4453   12.1003
   -7.5000    7.5000  -37.500013135.9414   12.1383
    0.0000    7.5000  -37.500013664.7461   12.1170
    7.5000    7.5000  -37.500013024.1211   12.0879
   -7.5000   15.0000  -37.500012826.6426   12.1364
    0.0000   15.0000  -37.500013331.2773   12.1096
    7.5000   15.0000  -37.500012710.6348   12.0734
   -7.5000   22.5000  -37.500012304.8682   12.1330
    0.0000   22.5000  -37.500012793.3477   12.1020
    7.5000   22.5000  -37.500012182.5898   12.0684
   -7.5000   30.0000  -37.500011733.8857   11.9740
    0.0000   30.0000  -37.500012185.2246   11.9448
    7.5000   30.0000  -37.500011609.8438   11.9196
   -7.5000   37.5000  -37.500011535.8242   11.9777
    0.0000   37.5000  -37.500011999.9658   11.9545
    7.5000   37.5000  -37.500011436.8389   11.9351
   -7.5000   45.0000  -37.500010723.3643   11.6744
    0.0000   45.0000  -37.500011171.6826   11.6557
    7.5000   45.0000  -37.500010658.0127   11.6359
   -7.5000  -45.0000  -30.0000 8379.0059   13.0772
    0.0000  -45.0000  -30.0000 8680.0664   13.0553
    7.5000  -45.0000  -30.0000 8244.2490   13.0281
   -7.5000  -37.5000  -30.0000 9120.9570   12.8745
    0.0000  -37.5000  -30.0000 9441.5381   12.8508
    7.5000  -37.5000  -30.0000 8967.0928   12.8178
   -7.5000  -30.0000  -30.000010248.2451   12.7248
    0.0000  -30.0000  -30.000010607.6504   12.6961
    7.5000  -30.0000  -30.000010067.6152   12.6569
   -7.5000  -22.5000  -30.000011333.8877   12.6509
    0.0000  -22.5000  -30.000011726.7861   12.6184
    7.5000  -22.5000  -30.000011140.5703   12.5824
   -7.5000  -15.0000  -30.000012381.6338   12.6502
    0.0000  -15.0000  -30.000012831.2549   12.6186
    7.5000  -15.0000  -30.000012204.6592   12.5909
   -7.5000   -7.5000  -30.000013360.7354   12.6534
    0.0000   -7.5000  -30.000013849.6094   12.6275
    7.5000   -7.5000  -30.000013182.4551   12.6052
   -7.5000    0.0000  -30.000014237.2275   12.6535
    0.0000    0.0000  -30.000014769.0107   12.6317
    7.5000    0.0000  -30.000014065.3994   12.6082
   -7.5000    7.5000  -30.000014064.9385   12.6507
    0.0000    7.5000  -30.000014610.1719   12.6273
    7.5000    7.5000  -30.000013923.7402   12.5955
   -7.5000   15.0000  -30.000013701.3867   12.6493
    0.0000   15.0000  -30.000014235.9658   12.6209
    7.5000   15.0000  -30.000013566.5020   12.5821
   -7.5000   22.5000  -30.000013091.3584   12.6457
    0.0000   22.5000  -30.000013636.5029   12.6132
    7.5000   22.5000  -30.000012987.2441   12.5773
   -7.5000   30.0000  -30.000012438.8760   12.4827
    0.0000   30.0000  -30.000012942.3486   12.4516
    7.5000   30.0000  -30.000012338.7656   12.4242
   -7.5000   37.5000  -30.000012238.2588   12.4860
    0.0000   37.5000  -30.000012726.1865   12.4604
    7.5000   37.5000  -30.000012141.8750   12.4384
   -7.5000   45.0000  -30.000011409.3203   12.1768
    0.0000   45.0000  -30.000011873.6621   12.1558
    7.5000   45.0000  -30.000011343.7363   12.1332
   -7.5000  -45.0000  -22.5000 8855.3477   13.5192
    0.0000  -45.0000  -22.5000 9174.0273   13.4995
    7.5000  -45.0000  -22.5000 8706.6875   13.4725
   -7.5000  -37.5000  -22.5000 9653.2354   13.3118
    0.0000  -37.5000  -22.5000 9995.3779   13.2893
    7.5000  -37.5000  -22.5000 9494.4551   13.2573
   -7.5000  -30.0000  -22.500010853.0293   13.1573
    0.0000  -30.0000  -22.500011239.7881   13.1296
    7.5000  -30.0000  -22.500010670.5166   13.0921
   -7.5000  -22.5000  -22.500012010.8340   13.0807
    0.0000  -22.5000  -22.500012436.4619   13.0499
    7.5000  -22.5000  -22.500011822.8789   13.0157
   -7.5000  -15.0000  -22.500013113.8193   13.0785
    0.0000  -15.0000  -22.500013584.8838   13.0498
    7.5000  -15.0000  -22.500012941.4268   13.0235
   -7.5000   -7.5000  -22.500014151.0029   13.0811
    0.0000   -7.5000  -22.500014682.0439   13.0581
    7.5000   -7.5000  -22.500013995.8262   13.0366
   -7.5000    0.0000  -22.500015079.5752   13.0820
    0.0000    0.0000  -22.500015663.8525   13.0623
    7.5000    0.0000  -22.500014922.9229   13.0391
   -7.5000    7.5000  -22.500014956.2637   13.0803
    0.0000    7.5000  -22.500015537.8887   13.0582
    7.5000    7.5000  -22.500014783.3857   13.0274
   -7.5000   15.0000  -22.500014548.0684   13.0795
    0.0000   15.0000  -22.500015141.1113   13.0520
    7.5000   15.0000  -22.500014384.1484   13.0150
   -7.5000   22.5000  -22.500013887.3994   13.0745
    0.0000   22.5000  -22.500014490.5117   13.0438
    7.5000   22.5000  -22.500013772.6914   13.0096
   -7.5000   30.0000  -22.500013147.3730   12.9074
    0.0000   30.0000  -22.500013722.3652   12.8791
    7.5000   30.0000  -22.500013058.5830   12.8531
   -7.5000   37.5000  -22.500012903.6562   12.9100
    0.0000   37.5000  -22.500013444.7451   12.8873
    7.5000   37.5000  -22.500012808.3848   12.8660
   -7.5000   45.0000  -22.500012057.5889   12.5986
    0.0000   45.0000  -22.500012546.4521   12.5797
    7.5000   45.0000  -22.500011974.8838   12.5573
   -7.5000  -45.0000  -15.0000 9283.6426   13.8263
    0.0000  -45.0000  -15.0000 9628.7891   13.8111
    7.5000  -45.0000  -15.0000 9143.0117   13.7868
   -7.5000  -37.5000  -15.000010123.3066   13.6177
    0.0000  -37.5000  -15.000010497.0225   13.5985
    7.5000  -37.5000  -15.0000 9972.2217   13.5688
   -7.5000  -30.0000  -15.000011385.8701   13.4602
    0.0000  -30.0000  -15.000011799.0957   13.4350
    7.5000  -30.0000  -15.000011212.1602   13.4001
   -7.5000  -22.5000  -15.000012633.1846   13.3801
    0.0000  -22.5000  -15.000013085.5771   13.3524
    7.5000  -22.5000  -15.000012454.2725   13.3211
   -7.5000  -15.0000  -15.000013782.2012   13.3762
    0.0000  -15.0000  -15.000014291.2217   13.3521
    7.5000  -15.0000  -15.000013628.2236   13.3287
   -7.5000   -7.5000  -15.000014860.2725   13.3784
    0.0000   -7.5000  -15.000015455.0635   13.3606
    7.5000   -7.5000  -15.000014749.6162   13.3417
   -7.5000    0.0000  -15.000015883.2529   13.3808
    0.0000    0.0000  -15.000016523.5625   13.3655
    7.5000    0.0000  -15.000015730.4463   13.3447
   -7.5000    7.5000  -15.000015847.3945   13.3811
    0.0000    7.5000  -15.000016465.4824   13.3621
    7.5000    7.5000  -15.000015588.4990   13.3337
   -7.5000   15.0000  -15.000015432.4033   13.3805
    0.0000   15.0000  -15.000016065.3906   13.3554
    7.5000   15.0000  -15.000015184.5078   13.3210
   -7.5000   22.5000  -15.000014750.7588   13.3732
    0.0000   22.5000  -15.000015387.5615   13.3456
    7.5000   22.5000  -15.000014565.2510   13.3142
   -7.5000   30.0000  -15.000013944.9980   13.2030
    0.0000   30.0000  -15.000014535.5645   13.1792
    7.5000   30.0000  -15.000013756.0537   13.1561
   -7.5000   37.5000  -15.000013668.9785   13.2053
    0.0000   37.5000  -15.000014228.1865   13.1877
    7.5000   37.5000  -15.000013456.2393   13.1690
   -7.5000   45.0000  -15.000012783.3525   12.8941
    0.0000   45.0000  -15.000013274.1016   12.8794
    7.5000   45.0000  -15.000012596.1572   12.8593
   -7.5000  -45.0000   -7.5000 9692.6357   13.9788
    0.0000  -45.0000   -7.500010036.8271   13.9648
    7.5000  -45.0000   -7.5000 9561.7236   13.9427
   -7.5000  -37.5000   -7.500010603.5537   13.7694
    0.0000  -37.5000   -7.500011002.6143   13.7505
    7.5000  -37.5000   -7.500010490.3828   13.7216
   -7.5000  -30.0000   -7.500011929.9375   13.6104
    0.0000  -30.0000   -7.500012382.9062   13.5846
    7.5000  -30.0000   -7.500011821.6465   13.5496
   -7.5000  -22.5000   -7.500013245.1895   13.5281
    0.0000  -22.5000   -7.500013758.9639   13.4998
    7.5000  -22.5000   -7.500013133.3379   13.4683
   -7.5000  -15.0000   -7.500014439.2607   13.5240
    0.0000  -15.0000   -7.500015044.3848   13.5000
    7.5000  -15.0000   -7.500014356.6748   13.4769
   -7.5000   -7.5000   -7.500015615.2168   13.5265
    0.0000   -7.5000   -7.500016305.6338   13.5097
    7.5000   -7.5000   -7.500015554.1689   13.4920
   -7.5000    0.0000   -7.500016783.3867   13.5291
    0.0000    0.0000   -7.500017464.0293   13.5151
    7.5000    0.0000   -7.500016571.6211   13.4959
   -7.5000    7.5000   -7.500016899.9219   13.5301
    0.0000    7.5000   -7.500017480.6406   13.5117
    7.5000    7.5000   -7.500016405.1250   13.4841
   -7.5000   15.0000   -7.500016582.7402   13.5295
    0.0000   15.0000   -7.500017156.2617   13.5039
    7.5000   15.0000   -7.500016012.6973   13.4694
   -7.5000   22.5000   -7.500015819.7109   13.5196
    0.0000   22.5000   -7.500016405.5195   13.4914
    7.5000   22.5000   -7.500015355.5322   13.4599
   -7.5000   30.0000   -7.500014845.5391   13.3486
    0.0000   30.0000   -7.500015392.9121   13.3249
    7.5000   30.0000   -7.500014470.4600   13.3021
   -7.5000   37.5000   -7.500014482.2334   13.3510
    0.0000   37.5000   -7.500014994.1201   13.3345
    7.5000   37.5000   -7.500014127.2871   13.3170
   -7.5000   45.0000   -7.500013503.2002   13.0395
    0.0000   45.0000   -7.500013977.9619   13.0260
    7.5000   45.0000   -7.500013196.4580   13.0075
   -7.5000  -45.0000    0.000010059.5986   14.0145
    0.0000  -45.0000    0.000010450.5957   13.9971
    7.5000  -45.0000    0.0000 9957.7871   13.9744
   -7.5000  -37.5000    0.000011016.9609   13.8029
    0.0000  -37.5000    0.000011465.5518   13.7815
    7.5000  -37.5000    0.000010938.1006   13.7508
   -7.5000  -30.0000    0.000012417.3662   13.6430
    0.0000  -30.0000    0.000012917.0635   13.6145
    7.5000  -30.0000    0.000012331.3252   13.5769
   -7.5000  -22.5000    0.000013819.3799   13.5603
    0.0000  -22.5000    0.000014389.4258   13.5283
    7.5000  -22.5000    0.000013723.1709   13.4940
   -7.5000  -15.0000    0.000015134.4678   13.5572
    0.0000  -15.0000    0.000015759.2412   13.5286
    7.5000  -15.0000    0.000015002.6016   13.5031
   -7.5000   -7.5000    0.000016383.2422   13.5606
    0.0000   -7.5000    0.000017018.8398   13.5395
    7.5000   -7.5000    0.000016189.5918   13.5205
   -7.5000    0.0000    0.000017561.2754   13.5629
    0.0000    0.0000    0.000018096.0957   13.5456
    7.5000    0.0000    0.000017210.9785   13.5257
   -7.5000    7.5000    0.000017636.2891   13.5629
    0.0000    7.5000    0.000018157.1641   13.5420
    7.5000    7.5000    0.000017039.0234   13.5128
   -7.5000   15.0000    0.000017415.3945   13.5616
    0.0000   15.0000    0.000018045.4766   13.5334
    7.5000   15.0000    0.000016729.3555   13.4963
   -7.5000   22.5000    0.000016711.8320   13.5518
    0.0000   22.5000    0.000017366.1699   13.5198
    7.5000   22.5000    0.000016106.7471   13.4856
   -7.5000   30.0000    0.000015649.8350   13.3817
    0.0000   30.0000    0.000016238.7998   13.3535
    7.5000   30.0000    0.000015163.6387   13.3283
   -7.5000   37.5000    0.000015137.1631   13.3851
    0.0000   37.5000    0.000015696.8945   13.3643
    7.5000   37.5000    0.000014735.5352   13.3455
   -7.5000   45.0000    0.000014036.7510   13.0730
    0.0000   45.0000    0.000014556.1074   13.0564
    7.5000   45.0000    0.000013711.9229   13.0372
   -7.5000  -45.0000    7.5000 9672.1797   14.0323
    0.0000  -45.0000    7.500010043.0537   14.0105
    7.5000  -45.0000    7.5000 9543.3574   13.9841
   -7.5000  -37.5000    7.500010611.4434   13.8168
    0.0000  -37.5000    7.500011031.3877   13.7926
    7.5000  -37.5000    7.500010489.7021   13.7587
   -7.5000  -30.0000    7.500011982.6582   13.6561
    0.0000  -30.0000    7.500012445.8799   13.6258
    7.5000  -30.0000    7.500011830.9053   13.5847
   -7.5000  -22.5000    7.500013350.0713   13.5748
    0.0000  -22.5000    7.500013868.0469   13.5401
    7.5000  -22.5000    7.500013174.7480   13.5025
   -7.5000  -15.0000    7.500014621.9697   13.5733
    0.0000  -15.0000    7.500015180.9053   13.5402
    7.5000  -15.0000    7.500014420.1719   13.5117
   -7.5000   -7.5000    7.500015783.8486   13.5774
    0.0000   -7.5000    7.500016343.6074   13.5511
    7.5000   -7.5000    7.500015544.0059   13.5291
   -7.5000    0.0000    7.500016849.0957   13.5785
    0.0000    0.0000    7.500017395.6055   13.5568
    7.5000    0.0000    7.500016577.2852   13.5338
   -7.5000    7.5000    7.500016781.9609   13.5766
    0.0000    7.5000    7.500017513.7500   13.5528
    7.5000    7.5000    7.500016524.7949   13.5203
   -7.5000   15.0000    7.500016560.8242   13.5747
    0.0000   15.0000    7.500017417.7168   13.5447
    7.5000   15.0000    7.500016306.6299   13.5042
   -7.5000   22.5000    7.500015909.4844   13.5662
    0.0000   22.5000    7.500016715.9883   13.5316
    7.5000   22.5000    7.500015646.2422   13.4940
   -7.5000   30.0000    7.500014972.6367   13.3976
    0.0000   30.0000    7.500015709.8848   13.3649
    7.5000   30.0000    7.500014746.3643   13.3368
   -7.5000   37.5000    7.500014512.7236   13.4017
    0.0000   37.5000    7.500015182.1064   13.3757
    7.5000   37.5000    7.500014280.3252   13.3540
   -7.5000   45.0000    7.500013467.3486   13.0881
    0.0000   45.0000    7.500014028.6611   13.0672
    7.5000   45.0000    7.500013248.5098   13.0450
   -7.5000  -45.0000   15.0000 9149.4512   14.0718
    0.0000  -45.0000   15.0000 9505.9580   14.0484
    7.5000  -45.0000   15.0000 9004.8672   14.0191
   -7.5000  -37.5000   15.000010052.6797   13.8533
    0.0000  -37.5000   15.000010450.9160   13.8279
    7.5000  -37.5000   15.0000 9925.9912   13.7922
   -7.5000  -30.0000   15.000011336.5469   13.6919
    0.0000  -30.0000   15.000011771.6445   13.6611
    7.5000  -30.0000   15.000011206.8047   13.6188
   -7.5000  -22.5000   15.000012578.8936   13.6122
    0.0000  -22.5000   15.000013089.2861   13.5774
    7.5000  -22.5000   15.000012443.6426   13.5386
   -7.5000  -15.0000   15.000013762.1768   13.6114
    0.0000  -15.0000   15.000014322.1074   13.5776
    7.5000  -15.0000   15.000013626.2822   13.5478
   -7.5000   -7.5000   15.000014855.9150   13.6149
    0.0000   -7.5000   15.000015416.7158   13.5872
    7.5000   -7.5000   15.000014698.9961   13.5632
   -7.5000    0.0000   15.000015903.3721   13.6150
    0.0000    0.0000   15.000016527.6562   13.5917
    7.5000    0.0000   15.000015725.7754   13.5663
   -7.5000    7.5000   15.000015863.2832   13.6119
    0.0000    7.5000   15.000016626.6113   13.5869
    7.5000    7.5000   15.000015718.7236   13.5526
   -7.5000   15.0000   15.000015597.3730   13.6105
    0.0000   15.0000   15.000016333.7080   13.5800
    7.5000   15.0000   15.000015449.3955   13.5382
   -7.5000   22.5000   15.000014916.8945   13.6037
    0.0000   22.5000   15.000015549.7256   13.5688
    7.5000   22.5000   15.000014775.2227   13.5302
   -7.5000   30.0000   15.000014056.6455   13.4352
    0.0000   30.0000   15.000014685.5088   13.4019
    7.5000   30.0000   15.000013974.7451   13.3724
   -7.5000   37.5000   15.000013626.8574   13.4387
    0.0000   37.5000   15.000014248.9854   13.4114
    7.5000   37.5000   15.000013561.6709   13.3877
   -7.5000   45.0000   15.000012665.7754   13.1233
    0.0000   45.0000   15.000013216.5391   13.1008
    7.5000   45.0000   15.000012575.6904   13.0763
   -7.5000  -45.0000   22.5000 8486.9502   14.1741
    0.0000  -45.0000   22.5000 8822.9424   14.1535
    7.5000  -45.0000   22.5000 8380.5371   14.1244
   -7.5000  -37.5000   22.5000 9353.2539   13.9547
    0.0000  -37.5000   22.5000 9739.7871   13.9311
    7.5000  -37.5000   22.5000 9270.3848   13.8967
   -7.5000  -30.0000   22.500010545.1104   13.7915
    0.0000  -30.0000   22.500010985.4355   13.7621
    7.5000  -30.0000   22.500010457.5928   13.7219
   -7.5000  -22.5000   22.500011687.7568   13.7101
    0.0000  -22.5000   22.500012200.7266   13.6776
    7.5000  -22.5000   22.500011612.4941   13.6408
   -7.5000  -15.0000   22.500012801.1602   13.7075
    0.0000  -15.0000   22.500013310.4609   13.6772
    7.5000  -15.0000   22.500012710.6230   13.6488
   -7.5000   -7.5000   22.500013826.1943   13.7102
    0.0000   -7.5000   22.500014340.8730   13.6860
    7.5000   -7.5000   22.500013735.9941   13.6628
   -7.5000    0.0000   22.500014824.3242   13.7113
    0.0000    0.0000   22.500015444.3438   13.6907
    7.5000    0.0000   22.500014733.7197   13.6657
   -7.5000    7.5000   22.500014788.2832   13.7098
    0.0000    7.5000   22.500015445.2334   13.6865
    7.5000    7.5000   22.500014702.3896   13.6534
   -7.5000   15.0000   22.500014540.1846   13.7090
    0.0000   15.0000   22.500015088.4766   13.6800
    7.5000   15.0000   22.500014396.6738   13.6402
   -7.5000   22.5000   22.500013963.5039   13.7016
    0.0000   22.5000   22.500014438.8213   13.6690
    7.5000   22.5000   22.500013805.2910   13.6323
   -7.5000   30.0000   22.500013222.3447   13.5301
    0.0000   30.0000   22.500013729.0537   13.5001
    7.5000   30.0000   22.500013125.0068   13.4722
   -7.5000   37.5000   22.500012819.6240   13.5328
    0.0000   37.5000   22.500013340.9707   13.5088
    7.5000   37.5000   22.500012729.6895   13.4860
   -7.5000   45.0000   22.500011891.9189   13.2162
    0.0000   45.0000   22.500012361.5039   13.1962
    7.5000   45.0000   22.500011794.2949   13.1722
   -7.5000  -45.0000   30.0000 7797.4907   14.4055
    0.0000  -45.0000   30.0000 8126.7847   14.3889
    7.5000  -45.0000   30.0000 7750.1523   14.3621
   -7.5000  -37.5000   30.0000 8616.5986   14.1807
    0.0000  -37.5000   30.0000 8983.8389   14.1596
    7.5000  -37.5000   30.0000 8558.1895   14.1269
   -7.5000  -30.0000   30.0000 9724.7246   14.0101
    0.0000  -30.0000   30.000010125.4648   13.9823
    7.5000  -30.0000   30.0000 9657.2314   13.9441
   -7.5000  -22.5000   30.000010790.4863   13.9239
    0.0000  -22.5000   30.000011250.2158   13.8936
    7.5000  -22.5000   30.000010737.0361   13.8594
   -7.5000  -15.0000   30.000011825.2510   13.9209
    0.0000  -15.0000   30.000012283.7012   13.8945
    7.5000  -15.0000   30.000011765.7900   13.8690
   -7.5000   -7.5000   30.000012789.6455   13.9254
    0.0000   -7.5000   30.000013288.3574   13.9058
    7.5000   -7.5000   30.000012734.1504   13.8852
   -7.5000    0.0000   30.000013722.0596   13.9289
    0.0000    0.0000   30.000014313.3906   13.9122
    7.5000    0.0000   30.000013694.8330   13.8892
   -7.5000    7.5000   30.000013671.7373   13.9277
    0.0000    7.5000   30.000014235.4385   13.9069
    7.5000    7.5000   30.000013618.1123   13.8756
   -7.5000   15.0000   30.000013405.1582   13.9249
    0.0000   15.0000   30.000013866.6260   13.8974
    7.5000   15.0000   30.000013303.4707   13.8597
   -7.5000   22.5000   30.000012912.1641   13.9152
    0.0000   22.5000   30.000013343.4570   13.8849
    7.5000   22.5000   30.000012818.9854   13.8507
   -7.5000   30.0000   30.000012308.0127   13.7407
    0.0000   30.0000   30.000012754.7373   13.7147
    7.5000   30.0000   30.000012217.5820   13.6895
   -7.5000   37.5000   30.000011962.0322   13.7451
    0.0000   37.5000   30.000012401.2715   13.7259
    7.5000   37.5000   30.000011846.5322   13.7055
   -7.5000   45.0000   30.000011072.0020   13.4258
    0.0000   45.0000   30.000011480.3506   13.4098
    7.5000   45.0000   30.000010964.4766   13.3876
   -7.5000  -45.0000   37.5000 7446.8354   14.7804
    0.0000  -45.0000   37.5000 7767.5220   14.7638
    7.5000  -45.0000   37.5000 7412.8511   14.7378
   -7.5000  -37.5000   37.5000 8221.7773   14.5460
    0.0000  -37.5000   37.5000 8559.8760   14.5233
    7.5000  -37.5000   37.5000 8172.3521   14.4895
   -7.5000  -30.0000   37.5000 9277.0107   14.3695
    0.0000  -30.0000   37.5000 9663.9160   14.3389
    7.5000  -30.0000   37.5000 9243.3818   14.2990
   -7.5000  -22.5000   37.500010319.9971   14.2804
    0.0000  -22.5000   37.500010761.6748   14.2479
    7.5000  -22.5000   37.500010292.0166   14.2127
   -7.5000  -15.0000   37.500011341.9160   14.2773
    0.0000  -15.0000   37.500011803.1533   14.2504
    7.5000  -15.0000   37.500011287.8223   14.2249
   -7.5000   -7.5000   37.500012274.0527   14.2785
    0.0000   -7.5000   37.500012796.4287   14.2595
    7.5000   -7.5000   37.500012241.2100   14.2396
   -7.5000    0.0000   37.500013149.5439   14.2795
    0.0000    0.0000   37.500013735.0918   14.2630
    7.5000    0.0000   37.500013150.6133   14.2405
   -7.5000    7.5000   37.500013064.2822   14.2798
    0.0000    7.5000   37.500013599.4502   14.2576
    7.5000    7.5000   37.500013038.6895   14.2254
   -7.5000   15.0000   37.500012783.5244   14.2795
    0.0000   15.0000   37.500013232.2227   14.2492
    7.5000   15.0000   37.500012712.8965   14.2098
   -7.5000   22.5000   37.500012351.8672   14.2714
    0.0000   22.5000   37.500012793.5586   14.2389
    7.5000   22.5000   37.500012299.9766   14.2037
   -7.5000   30.0000   37.500011821.8877   14.0925
    0.0000   30.0000   37.500012246.4785   14.0659
    7.5000   30.0000   37.500011746.2725   14.0408
   -7.5000   37.5000   37.500011514.7246   14.0937
    0.0000   37.5000   37.500011939.0635   14.0750
    7.5000   37.5000   37.500011426.8008   14.0553
   -7.5000   45.0000   37.500010640.8311   13.7638
    0.0000   45.0000   37.500011029.6074   13.7479
    7.5000   45.0000   37.500010548.8506   13.7262
   -7.5000  -45.0000   45.0000 6823.2832   15.2231
    0.0000  -45.0000   45.0000 7116.1304   15.2013
    7.5000  -45.0000   45.0000 6773.0923   15.1734
   -7.5000  -37.5000   45.0000 7523.7031   14.9767
    0.0000  -37.5000   45.0000 7828.7725   14.9487
    7.5000  -37.5000   45.0000 7470.4038   14.9114
   -7.5000  -30.0000   45.0000 8479.0977   14.7893
    0.0000  -30.0000   45.0000 8839.5332   14.7526
    7.5000  -30.0000   45.0000 8444.8037   14.7074
   -7.5000  -22.5000   45.0000 9453.9072   14.6903
    0.0000  -22.5000   45.0000 9861.2012   14.6506
    7.5000  -22.5000   45.0000 9414.7637   14.6100
   -7.5000  -15.0000   45.000010387.2354   14.6832
    0.0000  -15.0000   45.000010835.0498   14.6489
    7.5000  -15.0000   45.000010351.5332   14.6191
   -7.5000   -7.5000   45.000011262.7930   14.6855
    0.0000   -7.5000   45.000011762.1592   14.6602
    7.5000   -7.5000   45.000011235.9502   14.6378
   -7.5000    0.0000   45.000012078.3838   14.6897
    0.0000    0.0000   45.000012612.5098   14.6682
    7.5000    0.0000   45.000012053.6113   14.6440
   -7.5000    7.5000   45.000011964.4590   14.6928
    0.0000    7.5000   45.000012448.0889   14.6656
    7.5000    7.5000   45.000011926.9766   14.6301
   -7.5000   15.0000   45.000011678.8408   14.6931
    0.0000   15.0000   45.000012106.3486   14.6568
    7.5000   15.0000   45.000011639.4668   14.6122
   -7.5000   22.5000   45.000011302.2852   14.6808
    0.0000   22.5000   45.000011725.0176   14.6412
    7.5000   22.5000   45.000011269.4629   14.6007
   -7.5000   30.0000   45.000010822.2021   14.4918
    0.0000   30.0000   45.000011209.0791   14.4580
    7.5000   30.0000   45.000010756.6250   14.4286
   -7.5000   37.5000   45.000010566.3037   14.4942
    0.0000   37.5000   45.000010967.2070   14.4692
    7.5000   37.5000   45.000010504.7686   14.4471
   -7.5000   45.0000   45.0000 9778.2139   14.1656
    0.0000   45.0000   45.000010160.0039   14.1449
    7.5000   45.0000   45.0000 9710.0322   14.1215

---------------------------------------------------------------------
imgreg_4dfp /opt/freesurfer/average/711-2C_as_mni_average_305 /opt/freesurfer/average/711-2B_as_mni_average_305_mask talsrcimg_g11 none talsrcimg_to_711-2C_as_mni_average_305_t4 4355
---------------------------------------------------------------------

freesurfer imgreg_4dfp.c
/opt/freesurfer/average/711-2C_as_mni_average_305.4dfp.img
       256       256       256         1
  1.000000  1.000000  1.000000
orientation T byte_order littleendian
Reading image: /opt/freesurfer/average/711-2C_as_mni_average_305.4dfp.img
dimensions:      256       256       256
mmppix:       1.0000   -1.0000   -1.0000
center:     128.0000 -129.0000 -129.0000
/opt/freesurfer/average/711-2B_as_mni_average_305_mask.4dfp.img
       256       256       256         1
  1.000000  1.000000  1.000000
orientation T byte_order littleendian
Reading mask: /opt/freesurfer/average/711-2B_as_mni_average_305_mask.4dfp.img (2306576 pixels)
talsrcimg_g11.4dfp.img
       256       256       256         1
  1.000000  1.000000  1.000000
orientation T byte_order littleendian
Reading image: talsrcimg_g11.4dfp.img
dimensions:      256       256       256
mmppix:       1.0000   -1.0000   -1.0000
center:     128.0000 -129.0000 -129.0000
rotation matrix determinant  1.000000
image alignment mode   4355 decimal     1103 hex
   -7.5000  -37.5000  -45.0000 2199.4778   14.7588
    0.0000  -37.5000  -45.0000 2193.3923   14.7605
    7.5000  -37.5000  -45.0000 2170.1387   14.9673
   -7.5000  -30.0000  -45.0000 2297.9539   13.2986
    0.0000  -30.0000  -45.0000 2294.3701   13.2771
    7.5000  -30.0000  -45.0000 2270.2446   13.5003
   -7.5000  -22.5000  -45.0000 2386.2454   12.1731
    0.0000  -22.5000  -45.0000 2381.2776   12.1522
    7.5000  -22.5000  -45.0000 2357.3774   12.3697
   -7.5000  -15.0000  -45.0000 2456.3728   11.3719
    0.0000  -15.0000  -45.0000 2450.1704   11.3767
    7.5000  -15.0000  -45.0000 2429.7832   11.5934
   -7.5000   -7.5000  -45.0000 2493.5750   10.8663
    0.0000   -7.5000  -45.0000 2492.2500   10.8782
    7.5000   -7.5000  -45.0000 2469.0740   11.0989
   -7.5000    0.0000  -45.0000 2525.9502   10.5665
    0.0000    0.0000  -45.0000 2522.9114   10.5747
    7.5000    0.0000  -45.0000 2493.5278   10.7842
   -7.5000    7.5000  -45.0000 2531.8960   10.5164
    0.0000    7.5000  -45.0000 2532.9763   10.5165
    7.5000    7.5000  -45.0000 2500.3953   10.7127
   -7.5000   15.0000  -45.0000 2527.5039   10.6054
    0.0000   15.0000  -45.0000 2527.7549   10.5884
    7.5000   15.0000  -45.0000 2492.6250   10.7980
   -7.5000   22.5000  -45.0000 2503.7334   10.9033
    0.0000   22.5000  -45.0000 2506.9844   10.8783
    7.5000   22.5000  -45.0000 2471.6069   11.0737
   -7.5000   30.0000  -45.0000 2458.0847   11.3866
    0.0000   30.0000  -45.0000 2462.9749   11.3473
    7.5000   30.0000  -45.0000 2430.2634   11.5245
   -7.5000   37.5000  -45.0000 2398.3633   12.0042
    0.0000   37.5000  -45.0000 2405.7808   11.9567
    7.5000   37.5000  -45.0000 2370.5107   12.1605
   -7.5000   45.0000  -45.0000 2321.7944   12.7919
    0.0000   45.0000  -45.0000 2326.9592   12.7657
    7.5000   45.0000  -45.0000 2293.0469   12.9952
   -7.5000   52.5000  -45.0000 2203.6646   13.8424
    0.0000   52.5000  -45.0000 2208.2239   13.7856
    7.5000   52.5000  -45.0000 2177.9409   14.0172
   -7.5000  -37.5000  -37.5000 2254.0723   14.0016
    0.0000  -37.5000  -37.5000 2247.2705   14.0251
    7.5000  -37.5000  -37.5000 2225.4778   14.2581
   -7.5000  -30.0000  -37.5000 2367.2490   12.6150
    0.0000  -30.0000  -37.5000 2359.7759   12.6019
    7.5000  -30.0000  -37.5000 2331.5356   12.8101
   -7.5000  -22.5000  -37.5000 2465.7234   11.5082
    0.0000  -22.5000  -37.5000 2456.4895   11.4859
    7.5000  -22.5000  -37.5000 2424.5066   11.6956
   -7.5000  -15.0000  -37.5000 2539.8479   10.7297
    0.0000  -15.0000  -37.5000 2531.3845   10.7142
    7.5000  -15.0000  -37.5000 2503.8086   10.9230
   -7.5000   -7.5000  -37.5000 2583.9829   10.2092
    0.0000   -7.5000  -37.5000 2579.0715   10.1962
    7.5000   -7.5000  -37.5000 2549.1062   10.3845
   -7.5000    0.0000  -37.5000 2620.5125    9.8943
    0.0000    0.0000  -37.5000 2620.7097    9.8732
    7.5000    0.0000  -37.5000 2585.9026   10.0627
   -7.5000    7.5000  -37.5000 2627.4407    9.8347
    0.0000    7.5000  -37.5000 2630.3574    9.8150
    7.5000    7.5000  -37.5000 2595.1016    9.9884
   -7.5000   15.0000  -37.5000 2621.9397    9.8975
    0.0000   15.0000  -37.5000 2622.0122    9.8915
    7.5000   15.0000  -37.5000 2583.5354   10.0806
   -7.5000   22.5000  -37.5000 2598.3330   10.1677
    0.0000   22.5000  -37.5000 2600.0173   10.1379
    7.5000   22.5000  -37.5000 2562.8557   10.3151
   -7.5000   30.0000  -37.5000 2555.0190   10.5821
    0.0000   30.0000  -37.5000 2559.4146   10.5307
    7.5000   30.0000  -37.5000 2527.1965   10.7056
   -7.5000   37.5000  -37.5000 2496.3496   11.1285
    0.0000   37.5000  -37.5000 2502.0334   11.0850
    7.5000   37.5000  -37.5000 2468.7710   11.2783
   -7.5000   45.0000  -37.5000 2410.5027   11.8712
    0.0000   45.0000  -37.5000 2418.9495   11.8219
    7.5000   45.0000  -37.5000 2387.0054   12.0363
   -7.5000   52.5000  -37.5000 2283.2312   12.8411
    0.0000   52.5000  -37.5000 2290.4143   12.7939
    7.5000   52.5000  -37.5000 2263.2498   13.0053
   -7.5000  -37.5000  -30.0000 2340.3328   13.8287
    0.0000  -37.5000  -30.0000 2335.9958   13.8275
    7.5000  -37.5000  -30.0000 2310.1379   14.0360
   -7.5000  -30.0000  -30.0000 2465.8987   12.4657
    0.0000  -30.0000  -30.0000 2459.7239   12.4466
    7.5000  -30.0000  -30.0000 2428.1501   12.6291
   -7.5000  -22.5000  -30.0000 2570.0920   11.3363
    0.0000  -22.5000  -30.0000 2563.3530   11.3216
    7.5000  -22.5000  -30.0000 2528.9846   11.5129
   -7.5000  -15.0000  -30.0000 2652.0747   10.4995
    0.0000  -15.0000  -30.0000 2645.3989   10.4795
    7.5000  -15.0000  -30.0000 2613.1890   10.6855
   -7.5000   -7.5000  -30.0000 2711.3843    9.9318
    0.0000   -7.5000  -30.0000 2703.5320    9.9200
    7.5000   -7.5000  -30.0000 2669.2366   10.1044
   -7.5000    0.0000  -30.0000 2752.3940    9.6319
    0.0000    0.0000  -30.0000 2748.6052    9.5915
    7.5000    0.0000  -30.0000 2709.8984    9.7725
   -7.5000    7.5000  -30.0000 2765.6655    9.5394
    0.0000    7.5000  -30.0000 2770.7812    9.4895
    7.5000    7.5000  -30.0000 2730.3364    9.6598
   -7.5000   15.0000  -30.0000 2761.3687    9.6048
    0.0000   15.0000  -30.0000 2764.4680    9.5597
    7.5000   15.0000  -30.0000 2722.2246    9.7484
   -7.5000   22.5000  -30.0000 2740.7500    9.8294
    0.0000   22.5000  -30.0000 2747.4673    9.7942
    7.5000   22.5000  -30.0000 2704.1914    9.9830
   -7.5000   30.0000  -30.0000 2696.4783   10.2158
    0.0000   30.0000  -30.0000 2703.7583   10.1560
    7.5000   30.0000  -30.0000 2668.4402   10.3311
   -7.5000   37.5000  -30.0000 2630.5242   10.7396
    0.0000   37.5000  -30.0000 2642.7627   10.6716
    7.5000   37.5000  -30.0000 2605.8191   10.8619
   -7.5000   45.0000  -30.0000 2540.7131   11.4713
    0.0000   45.0000  -30.0000 2552.4956   11.4079
    7.5000   45.0000  -30.0000 2521.6326   11.6054
   -7.5000   52.5000  -30.0000 2404.0940   12.4193
    0.0000   52.5000  -30.0000 2411.7607   12.3572
    7.5000   52.5000  -30.0000 2385.0872   12.5618
   -7.5000  -37.5000  -22.5000 2393.0801   13.5766
    0.0000  -37.5000  -22.5000 2389.2976   13.5581
    7.5000  -37.5000  -22.5000 2360.3901   13.7761
   -7.5000  -30.0000  -22.5000 2523.1580   12.2044
    0.0000  -30.0000  -22.5000 2518.6372   12.1751
    7.5000  -30.0000  -22.5000 2483.1194   12.3806
   -7.5000  -22.5000  -22.5000 2631.6287   11.0585
    0.0000  -22.5000  -22.5000 2627.9033   11.0391
    7.5000  -22.5000  -22.5000 2590.1294   11.2528
   -7.5000  -15.0000  -22.5000 2721.8789   10.1977
    0.0000  -15.0000  -22.5000 2716.6956   10.1696
    7.5000  -15.0000  -22.5000 2684.7173   10.3957
   -7.5000   -7.5000  -22.5000 2795.1074    9.5988
    0.0000   -7.5000  -22.5000 2791.3259    9.5820
    7.5000   -7.5000  -22.5000 2753.8137    9.7893
   -7.5000    0.0000  -22.5000 2835.6243    9.2968
    0.0000    0.0000  -22.5000 2835.1775    9.2609
    7.5000    0.0000  -22.5000 2798.4609    9.4435
   -7.5000    7.5000  -22.5000 2859.1267    9.1991
    0.0000    7.5000  -22.5000 2866.1895    9.1415
    7.5000    7.5000  -22.5000 2824.6094    9.3259
   -7.5000   15.0000  -22.5000 2864.5161    9.2401
    0.0000   15.0000  -22.5000 2873.1750    9.1958
    7.5000   15.0000  -22.5000 2822.2988    9.3779
   -7.5000   22.5000  -22.5000 2848.3831    9.4366
    0.0000   22.5000  -22.5000 2861.1250    9.3943
    7.5000   22.5000  -22.5000 2809.1099    9.5919
   -7.5000   30.0000  -22.5000 2800.4614    9.8140
    0.0000   30.0000  -22.5000 2816.8945    9.7389
    7.5000   30.0000  -22.5000 2769.9065    9.9386
   -7.5000   37.5000  -22.5000 2732.6985   10.3219
    0.0000   37.5000  -22.5000 2747.6633   10.2411
    7.5000   37.5000  -22.5000 2706.8918   10.4380
   -7.5000   45.0000  -22.5000 2642.6743   11.0230
    0.0000   45.0000  -22.5000 2652.8279   10.9537
    7.5000   45.0000  -22.5000 2616.6938   11.1508
   -7.5000   52.5000  -22.5000 2497.1506   11.9367
    0.0000   52.5000  -22.5000 2505.2822   11.8760
    7.5000   52.5000  -22.5000 2476.6125   12.0714
   -7.5000  -37.5000  -15.0000 2406.1267   13.3204
    0.0000  -37.5000  -15.0000 2405.2856   13.3139
    7.5000  -37.5000  -15.0000 2371.3171   13.5840
   -7.5000  -30.0000  -15.0000 2538.2671   11.9291
    0.0000  -30.0000  -15.0000 2534.0540   11.9030
    7.5000  -30.0000  -15.0000 2497.5835   12.1543
   -7.5000  -22.5000  -15.0000 2651.4434   10.8049
    0.0000  -22.5000  -15.0000 2649.3972   10.7768
    7.5000  -22.5000  -15.0000 2613.4277   11.0130
   -7.5000  -15.0000  -15.0000 2747.5632    9.9445
    0.0000  -15.0000  -15.0000 2743.6506    9.9112
    7.5000  -15.0000  -15.0000 2709.4514   10.1387
   -7.5000   -7.5000  -15.0000 2826.4561    9.3431
    0.0000   -7.5000  -15.0000 2827.0623    9.3296
    7.5000   -7.5000  -15.0000 2789.1472    9.5306
   -7.5000    0.0000  -15.0000 2875.6846    9.0215
    0.0000    0.0000  -15.0000 2877.2383    8.9957
    7.5000    0.0000  -15.0000 2841.3948    9.1728
   -7.5000    7.5000  -15.0000 2911.7986    8.9082
    0.0000    7.5000  -15.0000 2918.7788    8.8634
    7.5000    7.5000  -15.0000 2879.9507    9.0073
   -7.5000   15.0000  -15.0000 2924.4426    8.9457
    0.0000   15.0000  -15.0000 2930.9768    8.9107
    7.5000   15.0000  -15.0000 2887.5962    9.0381
   -7.5000   22.5000  -15.0000 2917.5354    9.0989
    0.0000   22.5000  -15.0000 2930.1013    9.0635
    7.5000   22.5000  -15.0000 2878.4023    9.2337
   -7.5000   30.0000  -15.0000 2869.2949    9.4493
    0.0000   30.0000  -15.0000 2885.9678    9.3749
    7.5000   30.0000  -15.0000 2835.7102    9.5451
   -7.5000   37.5000  -15.0000 2798.6079    9.9428
    0.0000   37.5000  -15.0000 2815.5725    9.8442
    7.5000   37.5000  -15.0000 2771.4155   10.0188
   -7.5000   45.0000  -15.0000 2701.8398   10.6284
    0.0000   45.0000  -15.0000 2714.3369   10.5363
    7.5000   45.0000  -15.0000 2678.2947   10.7184
   -7.5000   52.5000  -15.0000 2552.9294   11.5343
    0.0000   52.5000  -15.0000 2567.0166   11.4495
    7.5000   52.5000  -15.0000 2537.4209   11.6354
   -7.5000  -37.5000   -7.5000 2396.2002   13.1900
    0.0000  -37.5000   -7.5000 2391.0461   13.1688
    7.5000  -37.5000   -7.5000 2364.3728   13.5012
   -7.5000  -30.0000   -7.5000 2526.3325   11.7651
    0.0000  -30.0000   -7.5000 2522.0818   11.7634
    7.5000  -30.0000   -7.5000 2492.5317   12.0627
   -7.5000  -22.5000   -7.5000 2647.1008   10.6308
    0.0000  -22.5000   -7.5000 2642.5107   10.6179
    7.5000  -22.5000   -7.5000 2611.3176   10.9062
   -7.5000  -15.0000   -7.5000 2740.0852    9.7871
    0.0000  -15.0000   -7.5000 2740.9375    9.7586
    7.5000  -15.0000   -7.5000 2710.1511   10.0034
   -7.5000   -7.5000   -7.5000 2828.7373    9.2099
    0.0000   -7.5000   -7.5000 2836.6685    9.1867
    7.5000   -7.5000   -7.5000 2806.6797    9.3774
   -7.5000    0.0000   -7.5000 2893.1133    8.8694
    0.0000    0.0000   -7.5000 2900.5796    8.8277
    7.5000    0.0000   -7.5000 2870.6550    8.9621
   -7.5000    7.5000   -7.5000 2943.7546    8.7590
    0.0000    7.5000   -7.5000 2952.3364    8.6804
    7.5000    7.5000   -7.5000 2917.3848    8.7620
   -7.5000   15.0000   -7.5000 2964.0999    8.8222
    0.0000   15.0000   -7.5000 2976.2095    8.7286
    7.5000   15.0000   -7.5000 2932.6147    8.7915
   -7.5000   22.5000   -7.5000 2957.1675    8.9197
    0.0000   22.5000   -7.5000 2972.6494    8.8283
    7.5000   22.5000   -7.5000 2922.1838    8.9408
   -7.5000   30.0000   -7.5000 2907.3914    9.1579
    0.0000   30.0000   -7.5000 2921.5913    9.0719
    7.5000   30.0000   -7.5000 2878.8860    9.2193
   -7.5000   37.5000   -7.5000 2835.7454    9.6075
    0.0000   37.5000   -7.5000 2848.8684    9.5227
    7.5000   37.5000   -7.5000 2810.6152    9.6889
   -7.5000   45.0000   -7.5000 2732.7676   10.3044
    0.0000   45.0000   -7.5000 2749.0046   10.2087
    7.5000   45.0000   -7.5000 2713.0012   10.3772
   -7.5000   52.5000   -7.5000 2580.2598   11.2228
    0.0000   52.5000   -7.5000 2595.6208   11.1079
    7.5000   52.5000   -7.5000 2570.7295   11.2815
   -7.5000  -37.5000    0.0000 2371.3992   13.3033
    0.0000  -37.5000    0.0000 2372.5293   13.2739
    7.5000  -37.5000    0.0000 2349.6790   13.6197
   -7.5000  -30.0000    0.0000 2498.9839   11.8505
    0.0000  -30.0000    0.0000 2498.8010   11.8145
    7.5000  -30.0000    0.0000 2478.7263   12.1338
   -7.5000  -22.5000    0.0000 2614.1577   10.7188
    0.0000  -22.5000    0.0000 2615.6638   10.6743
    7.5000  -22.5000    0.0000 2593.6782   10.9441
   -7.5000  -15.0000    0.0000 2713.1304    9.8546
    0.0000  -15.0000    0.0000 2717.4868    9.7983
    7.5000  -15.0000    0.0000 2694.1423   10.0161
   -7.5000   -7.5000    0.0000 2816.2161    9.2558
    0.0000   -7.5000    0.0000 2820.9390    9.2011
    7.5000   -7.5000    0.0000 2793.3479    9.3472
   -7.5000    0.0000    0.0000 2896.1694    8.8612
    0.0000    0.0000    0.0000 2896.6936    8.7897
    7.5000    0.0000    0.0000 2869.8384    8.8842
   -7.5000    7.5000    0.0000 2958.3027    8.7039
    0.0000    7.5000    0.0000 2963.0078    8.6060
    7.5000    7.5000    0.0000 2930.1951    8.6639
   -7.5000   15.0000    0.0000 2982.0386    8.7733
    0.0000   15.0000    0.0000 2999.9656    8.6807
    7.5000   15.0000    0.0000 2954.5964    8.6748
   -7.5000   22.5000    0.0000 2974.5024    8.8883
    0.0000   22.5000    0.0000 2996.2891    8.8153
    7.5000   22.5000    0.0000 2944.7388    8.8284
   -7.5000   30.0000    0.0000 2921.9514    9.0774
    0.0000   30.0000    0.0000 2936.6604    9.0220
    7.5000   30.0000    0.0000 2898.4570    9.0966
   -7.5000   37.5000    0.0000 2848.3877    9.4664
    0.0000   37.5000    0.0000 2860.9478    9.3936
    7.5000   37.5000    0.0000 2833.3943    9.5267
   -7.5000   45.0000    0.0000 2746.1448   10.1248
    0.0000   45.0000    0.0000 2761.3484   10.0350
    7.5000   45.0000    0.0000 2732.2007   10.1978
   -7.5000   52.5000    0.0000 2593.8740   11.0081
    0.0000   52.5000    0.0000 2608.8381   10.9118
    7.5000   52.5000    0.0000 2585.5317   11.0995
   -7.5000  -37.5000    7.5000 2340.4238   13.6903
    0.0000  -37.5000    7.5000 2343.6414   13.6310
    7.5000  -37.5000    7.5000 2327.2722   13.9426
   -7.5000  -30.0000    7.5000 2461.8230   12.2006
    0.0000  -30.0000    7.5000 2463.9622   12.1175
    7.5000  -30.0000    7.5000 2445.5159   12.3810
   -7.5000  -22.5000    7.5000 2574.2397   11.0037
    0.0000  -22.5000    7.5000 2576.4700   10.9295
    7.5000  -22.5000    7.5000 2556.8193   11.1537
   -7.5000  -15.0000    7.5000 2684.9973   10.0623
    0.0000  -15.0000    7.5000 2684.4709    9.9728
    7.5000  -15.0000    7.5000 2664.4536   10.1764
   -7.5000   -7.5000    7.5000 2791.8687    9.3854
    0.0000   -7.5000    7.5000 2792.8052    9.3029
    7.5000   -7.5000    7.5000 2769.7410    9.4509
   -7.5000    0.0000    7.5000 2881.1707    8.9280
    0.0000    0.0000    7.5000 2881.5369    8.8595
    7.5000    0.0000    7.5000 2854.3550    8.9601
   -7.5000    7.5000    7.5000 2958.3691    8.7048
    0.0000    7.5000    7.5000 2966.3003    8.6459
    7.5000    7.5000    7.5000 2929.3289    8.7186
   -7.5000   15.0000    7.5000 2996.1125    8.7024
    0.0000   15.0000    7.5000 3017.0913    8.6854
    7.5000   15.0000    7.5000 2965.1233    8.6996
   -7.5000   22.5000    7.5000 2978.8796    8.8171
    0.0000   22.5000    7.5000 3007.6377    8.8115
    7.5000   22.5000    7.5000 2956.0476    8.8456
   -7.5000   30.0000    7.5000 2915.7646    9.1073
    0.0000   30.0000    7.5000 2943.2144    9.0665
    7.5000   30.0000    7.5000 2901.4302    9.1574
   -7.5000   37.5000    7.5000 2838.0872    9.5410
    0.0000   37.5000    7.5000 2856.2209    9.4696
    7.5000   37.5000    7.5000 2824.6689    9.5993
   -7.5000   45.0000    7.5000 2733.5999   10.1957
    0.0000   45.0000    7.5000 2751.2715   10.1067
    7.5000   45.0000    7.5000 2724.4976   10.2575
   -7.5000   52.5000    7.5000 2583.8354   11.0447
    0.0000   52.5000    7.5000 2601.7607   10.9497
    7.5000   52.5000    7.5000 2581.3220   11.1176
   -7.5000  -37.5000   15.0000 2309.7695   14.2135
    0.0000  -37.5000   15.0000 2315.3176   14.1328
    7.5000  -37.5000   15.0000 2293.3479   14.4193
   -7.5000  -30.0000   15.0000 2426.9624   12.6152
    0.0000  -30.0000   15.0000 2430.3213   12.5211
    7.5000  -30.0000   15.0000 2411.2329   12.7761
   -7.5000  -22.5000   15.0000 2535.7512   11.3346
    0.0000  -22.5000   15.0000 2537.8132   11.2407
    7.5000  -22.5000   15.0000 2518.3120   11.4671
   -7.5000  -15.0000   15.0000 2646.4609   10.3496
    0.0000  -15.0000   15.0000 2649.2893   10.2527
    7.5000  -15.0000   15.0000 2631.0964   10.4423
   -7.5000   -7.5000   15.0000 2755.4260    9.6196
    0.0000   -7.5000   15.0000 2759.3745    9.5345
    7.5000   -7.5000   15.0000 2738.6521    9.6931
   -7.5000    0.0000   15.0000 2851.4033    9.1269
    0.0000    0.0000   15.0000 2860.1956    9.0599
    7.5000    0.0000   15.0000 2827.2673    9.1875
   -7.5000    7.5000   15.0000 2933.3394    8.8826
    0.0000    7.5000   15.0000 2947.2649    8.8296
    7.5000    7.5000   15.0000 2909.8132    8.9163
   -7.5000   15.0000   15.0000 2968.8638    8.8123
    0.0000   15.0000   15.0000 2996.9675    8.7995
    7.5000   15.0000   15.0000 2947.4011    8.8514
   -7.5000   22.5000   15.0000 2954.0479    8.8935
    0.0000   22.5000   15.0000 2984.1738    8.8280
    7.5000   22.5000   15.0000 2932.5974    8.9603
   -7.5000   30.0000   15.0000 2890.3091    9.2138
    0.0000   30.0000   15.0000 2922.7239    9.1116
    7.5000   30.0000   15.0000 2883.2651    9.2682
   -7.5000   37.5000   15.0000 2808.0400    9.6795
    0.0000   37.5000   15.0000 2831.7463    9.5983
    7.5000   37.5000   15.0000 2802.9729    9.7621
   -7.5000   45.0000   15.0000 2707.3601   10.3733
    0.0000   45.0000   15.0000 2724.0388   10.2912
    7.5000   45.0000   15.0000 2699.5193   10.4632
   -7.5000   52.5000   15.0000 2559.0012   11.2499
    0.0000   52.5000   15.0000 2570.3940   11.1672
    7.5000   52.5000   15.0000 2555.9692   11.3174
   -7.5000  -37.5000   22.5000 2270.8862   14.7669
    0.0000  -37.5000   22.5000 2275.3892   14.6763
    7.5000  -37.5000   22.5000 2250.5374   14.9921
   -7.5000  -30.0000   22.5000 2387.5908   13.0634
    0.0000  -30.0000   22.5000 2393.0183   12.9688
    7.5000  -30.0000   22.5000 2368.4995   13.2450
   -7.5000  -22.5000   22.5000 2495.4099   11.7414
    0.0000  -22.5000   22.5000 2505.2959   11.6332
    7.5000  -22.5000   22.5000 2478.6514   11.8676
   -7.5000  -15.0000   22.5000 2607.1589   10.7082
    0.0000  -15.0000   22.5000 2616.2720   10.6068
    7.5000  -15.0000   22.5000 2594.4634   10.8039
   -7.5000   -7.5000   22.5000 2710.6663    9.9579
    0.0000   -7.5000   22.5000 2721.4331    9.8457
    7.5000   -7.5000   22.5000 2699.5627   10.0434
   -7.5000    0.0000   22.5000 2804.7915    9.4666
    0.0000    0.0000   22.5000 2819.7415    9.3655
    7.5000    0.0000   22.5000 2790.5603    9.5266
   -7.5000    7.5000   22.5000 2883.0085    9.1821
    0.0000    7.5000   22.5000 2897.2656    9.1392
    7.5000    7.5000   22.5000 2871.0229    9.2423
   -7.5000   15.0000   22.5000 2918.1035    9.0882
    0.0000   15.0000   22.5000 2941.4580    9.0191
    7.5000   15.0000   22.5000 2905.6235    9.1452
   -7.5000   22.5000   22.5000 2904.1550    9.1885
    0.0000   22.5000   22.5000 2926.4570    9.0718
    7.5000   22.5000   22.5000 2890.5540    9.2293
   -7.5000   30.0000   22.5000 2846.5525    9.5264
    0.0000   30.0000   22.5000 2875.3008    9.4144
    7.5000   30.0000   22.5000 2846.4373    9.5722
   -7.5000   37.5000   22.5000 2764.1421   10.0178
    0.0000   37.5000   22.5000 2792.2766    9.9280
    7.5000   37.5000   22.5000 2763.4707   10.0947
   -7.5000   45.0000   22.5000 2664.0381   10.7018
    0.0000   45.0000   22.5000 2680.7261   10.6086
    7.5000   45.0000   22.5000 2661.5291   10.7895
   -7.5000   52.5000   22.5000 2517.2476   11.5597
    0.0000   52.5000   22.5000 2533.5188   11.4712
    7.5000   52.5000   22.5000 2518.8794   11.6374
   -7.5000  -37.5000   30.0000 2214.2217   15.4027
    0.0000  -37.5000   30.0000 2217.7012   15.2911
    7.5000  -37.5000   30.0000 2194.3044   15.6329
   -7.5000  -30.0000   30.0000 2337.5764   13.6074
    0.0000  -30.0000   30.0000 2342.2090   13.5083
    7.5000  -30.0000   30.0000 2316.6514   13.7872
   -7.5000  -22.5000   30.0000 2452.8450   12.2376
    0.0000  -22.5000   30.0000 2464.7947   12.1127
    7.5000  -22.5000   30.0000 2435.4333   12.3704
   -7.5000  -15.0000   30.0000 2562.1345   11.1861
    0.0000  -15.0000   30.0000 2572.4055   11.0593
    7.5000  -15.0000   30.0000 2547.6331   11.3087
   -7.5000   -7.5000   30.0000 2660.6370   10.4453
    0.0000   -7.5000   30.0000 2675.3601   10.3127
    7.5000   -7.5000   30.0000 2648.8484   10.5374
   -7.5000    0.0000   30.0000 2750.8435    9.9339
    0.0000    0.0000   30.0000 2767.3005    9.8483
    7.5000    0.0000   30.0000 2741.6990   10.0216
   -7.5000    7.5000   30.0000 2818.9177    9.6485
    0.0000    7.5000   30.0000 2838.8538    9.5758
    7.5000    7.5000   30.0000 2814.7871    9.7126
   -7.5000   15.0000   30.0000 2849.7026    9.5425
    0.0000   15.0000   30.0000 2870.9553    9.4033
    7.5000   15.0000   30.0000 2844.1633    9.5587
   -7.5000   22.5000   30.0000 2832.5334    9.6595
    0.0000   22.5000   30.0000 2852.8508    9.5252
    7.5000   22.5000   30.0000 2832.0320    9.6734
   -7.5000   30.0000   30.0000 2779.4773   10.0138
    0.0000   30.0000   30.0000 2808.6074    9.9046
    7.5000   30.0000   30.0000 2785.1738   10.0309
   -7.5000   37.5000   30.0000 2700.3997   10.5214
    0.0000   37.5000   30.0000 2726.8447   10.4194
    7.5000   37.5000   30.0000 2701.1917   10.5683
   -7.5000   45.0000   30.0000 2599.8850   11.2123
    0.0000   45.0000   30.0000 2617.1174   11.0973
    7.5000   45.0000   30.0000 2601.7883   11.2675
   -7.5000   52.5000   30.0000 2463.6372   12.0283
    0.0000   52.5000   30.0000 2483.0869   11.9084
    7.5000   52.5000   30.0000 2468.5283   12.0790
   -7.5000  -37.5000   37.5000 2148.9841   16.2039
    0.0000  -37.5000   37.5000 2153.4463   16.0763
    7.5000  -37.5000   37.5000 2130.8403   16.4215
   -7.5000  -30.0000   37.5000 2273.7034   14.3386
    0.0000  -30.0000   37.5000 2285.1499   14.1948
    7.5000  -30.0000   37.5000 2261.1116   14.5102
   -7.5000  -22.5000   37.5000 2393.2798   12.9168
    0.0000  -22.5000   37.5000 2411.3223   12.7621
    7.5000  -22.5000   37.5000 2383.9148   13.0504
   -7.5000  -15.0000   37.5000 2504.3108   11.8645
    0.0000  -15.0000   37.5000 2522.1218   11.7170
    7.5000  -15.0000   37.5000 2493.2026   11.9650
   -7.5000   -7.5000   37.5000 2603.5046   11.0866
    0.0000   -7.5000   37.5000 2625.0645   10.9696
    7.5000   -7.5000   37.5000 2592.9011   11.1887
   -7.5000    0.0000   37.5000 2684.2588   10.5427
    0.0000    0.0000   37.5000 2705.1995   10.4600
    7.5000    0.0000   37.5000 2678.0439   10.6514
   -7.5000    7.5000   37.5000 2739.9358   10.2582
    0.0000    7.5000   37.5000 2769.5112   10.1333
    7.5000    7.5000   37.5000 2746.2151   10.2934
   -7.5000   15.0000   37.5000 2764.2009   10.1151
    0.0000   15.0000   37.5000 2789.1965    9.9536
    7.5000   15.0000   37.5000 2768.7507   10.1241
   -7.5000   22.5000   37.5000 2747.5813   10.2365
    0.0000   22.5000   37.5000 2773.0630   10.1080
    7.5000   22.5000   37.5000 2753.7869   10.2611
   -7.5000   30.0000   37.5000 2703.8882   10.5905
    0.0000   30.0000   37.5000 2729.3401   10.4732
    7.5000   30.0000   37.5000 2709.6453   10.6213
   -7.5000   37.5000   37.5000 2624.8030   11.1588
    0.0000   37.5000   37.5000 2652.0203   11.0368
    7.5000   37.5000   37.5000 2634.8342   11.1795
   -7.5000   45.0000   37.5000 2523.7244   11.8257
    0.0000   45.0000   37.5000 2545.2893   11.7127
    7.5000   45.0000   37.5000 2533.7678   11.8612
   -7.5000   52.5000   37.5000 2399.5605   12.6014
    0.0000   52.5000   37.5000 2418.6870   12.4923
    7.5000   52.5000   37.5000 2403.9661   12.6389
   -7.5000  -37.5000   45.0000 2083.1472   17.2679
    0.0000  -37.5000   45.0000 2086.7815   17.1312
    7.5000  -37.5000   45.0000 2065.0930   17.4779
   -7.5000  -30.0000   45.0000 2205.1465   15.2992
    0.0000  -30.0000   45.0000 2218.6138   15.1236
    7.5000  -30.0000   45.0000 2195.1528   15.4341
   -7.5000  -22.5000   45.0000 2325.0613   13.8014
    0.0000  -22.5000   45.0000 2346.3403   13.6441
    7.5000  -22.5000   45.0000 2317.7585   13.9003
   -7.5000  -15.0000   45.0000 2433.3135   12.7116
    0.0000  -15.0000   45.0000 2457.2236   12.5711
    7.5000  -15.0000   45.0000 2428.4482   12.8124
   -7.5000   -7.5000   45.0000 2532.9778   11.8961
    0.0000   -7.5000   45.0000 2555.7878   11.8098
    7.5000   -7.5000   45.0000 2525.7437   12.0145
   -7.5000    0.0000   45.0000 2605.9373   11.3551
    0.0000    0.0000   45.0000 2628.8723   11.2402
    7.5000    0.0000   45.0000 2602.7036   11.4286
   -7.5000    7.5000   45.0000 2650.6313   11.0333
    0.0000    7.5000   45.0000 2680.7969   10.8830
    7.5000    7.5000   45.0000 2658.2300   11.0536
   -7.5000   15.0000   45.0000 2670.6843   10.8378
    0.0000   15.0000   45.0000 2692.2786   10.6952
    7.5000   15.0000   45.0000 2677.9014   10.8670
   -7.5000   22.5000   45.0000 2649.4297   10.9623
    0.0000   22.5000   45.0000 2671.9670   10.8610
    7.5000   22.5000   45.0000 2660.4849   11.0087
   -7.5000   30.0000   45.0000 2610.4199   11.3086
    0.0000   30.0000   45.0000 2630.3601   11.1924
    7.5000   30.0000   45.0000 2619.5146   11.3448
   -7.5000   37.5000   45.0000 2541.2766   11.8719
    0.0000   37.5000   45.0000 2570.1306   11.7356
    7.5000   37.5000   45.0000 2555.4888   11.9007
   -7.5000   45.0000   45.0000 2449.8093   12.5498
    0.0000   45.0000   45.0000 2476.1411   12.4340
    7.5000   45.0000   45.0000 2462.6353   12.5997
   -7.5000   52.5000   45.0000 2327.7576   13.3491
    0.0000   52.5000   45.0000 2350.4775   13.2336
    7.5000   52.5000   45.0000 2333.9150   13.3913

---------------------------------------------------------------------
imgreg_4dfp /opt/freesurfer/average/711-2C_as_mni_average_305 /opt/freesurfer/average/711-2B_as_mni_average_305_mask talsrcimg_g11 none talsrcimg_to_711-2C_as_mni_average_305_t4 1283
---------------------------------------------------------------------

freesurfer imgreg_4dfp.c
/opt/freesurfer/average/711-2C_as_mni_average_305.4dfp.img
       256       256       256         1
  1.000000  1.000000  1.000000
orientation T byte_order littleendian
Reading image: /opt/freesurfer/average/711-2C_as_mni_average_305.4dfp.img
dimensions:      256       256       256
mmppix:       1.0000   -1.0000   -1.0000
center:     128.0000 -129.0000 -129.0000
/opt/freesurfer/average/711-2B_as_mni_average_305_mask.4dfp.img
       256       256       256         1
  1.000000  1.000000  1.000000
orientation T byte_order littleendian
Reading mask: /opt/freesurfer/average/711-2B_as_mni_average_305_mask.4dfp.img (2306576 pixels)
talsrcimg_g11.4dfp.img
       256       256       256         1
  1.000000  1.000000  1.000000
orientation T byte_order littleendian
Reading image: talsrcimg_g11.4dfp.img
dimensions:      256       256       256
mmppix:       1.0000   -1.0000   -1.0000
center:     128.0000 -129.0000 -129.0000
rotation matrix determinant  1.000000
fimgreg.f
image alignment mode   1283 decimal      503 hex
parameters
    0.0000   15.0000    7.5000    0.0000    0.0000    0.0000
eta,q 0.94683  8.67977
niter,ni,del,rscale     5    3   12.0000    1.2000
parameter  4  0.934235 ->  0.500000 qaram    1.1500
parameter  6  0.575194 ->  0.500000 qaram    1.1500
parameters
   -2.0603   17.7801    7.3725   -3.4500   -1.7222   -3.4500
eta,q 0.95456  8.66879
  0.0574  0.0629  0.0560  0.0470  0.0506  0.0470
  0.0527  0.0594  0.0529  0.0484  0.0480  0.0456
  0.0518  0.0549  0.0503  0.0489  0.0471  0.0455
  0.0538  0.0517  0.0497  0.0497  0.0486  0.0472
  0.0575  0.0500  0.0505  0.0523  0.0500  0.0495
  0.0632  0.0504  0.0527  0.0558  0.0522  0.0517
  0.0698  0.0529  0.0570  0.0593  0.0549  0.0545
niter,ni,del,rscale     6    3   12.0000    1.2000
parameter  4  2.547432 ->  0.500000 qaram    1.3225
parameters
   -1.6496   19.3434    6.6669   -7.4175   -2.1184   -2.8335
eta,q 0.96042  8.72388
  0.0631  0.0551  0.0491  0.0377  0.0477  0.0492
  0.0543  0.0505  0.0467  0.0391  0.0436  0.0450
  0.0476  0.0470  0.0454  0.0419  0.0404  0.0415
  0.0454  0.0456  0.0454  0.0452  0.0397  0.0396
  0.0473  0.0455  0.0464  0.0483  0.0417  0.0402
  0.0517  0.0462  0.0481  0.0516  0.0452  0.0430
  0.0584  0.0484  0.0515  0.0559  0.0499  0.0465
niter,ni,del,rscale     6    3   12.0000    1.2000
parameter  4  0.614497 ->  0.500000 qaram    1.5209
parameters
   -1.2907   20.2951    5.6840  -11.9801   -3.1930   -2.0287
eta,q 0.96478  8.67000
  0.0606  0.0515  0.0434  0.0382  0.0427  0.0454
  0.0508  0.0469  0.0400  0.0366  0.0384  0.0408
  0.0426  0.0432  0.0387  0.0364  0.0355  0.0370
  0.0396  0.0397  0.0389  0.0387  0.0363  0.0355
  0.0421  0.0391  0.0403  0.0434  0.0395  0.0353
  0.0481  0.0418  0.0431  0.0482  0.0433  0.0373
  0.0558  0.0471  0.0476  0.0526  0.0479  0.0422
niter,ni,del,rscale     6    3   12.0000    1.2000
parameters
   -0.9637   20.6615    4.6798  -11.9730   -3.6642   -1.8207
eta,q 0.96518  8.67909
  0.0566  0.0511  0.0409  0.0488  0.0428  0.0433
  0.0464  0.0416  0.0374  0.0411  0.0389  0.0391
  0.0384  0.0363  0.0353  0.0369  0.0356  0.0360
  0.0352  0.0353  0.0354  0.0350  0.0350  0.0348
  0.0378  0.0372  0.0377  0.0372  0.0376  0.0351
  0.0442  0.0415  0.0413  0.0416  0.0408  0.0378
  0.0519  0.0459  0.0456  0.0483  0.0450  0.0429
niter,ni,del,rscale     5    3   12.0000    1.2000
parameters
   -0.8061   20.6164    4.5761  -12.0050   -3.8825   -1.7042
eta,q 0.96530  8.67814
  0.0552  0.0478  0.0426  0.0488  0.0431  0.0431
  0.0456  0.0395  0.0391  0.0413  0.0393  0.0390
  0.0379  0.0353  0.0360  0.0369  0.0359  0.0359
  0.0348  0.0348  0.0348  0.0348  0.0348  0.0347
  0.0379  0.0374  0.0362  0.0375  0.0370  0.0351
  0.0447  0.0420  0.0393  0.0420  0.0402  0.0380
  0.0528  0.0460  0.0433  0.0484  0.0441  0.0431
niter,ni,del,rscale     4    3   12.0000    1.2000
parameters
   -0.7254   20.6271    4.5508  -12.0249   -3.9991   -1.6420
eta,q 0.96531  8.67817
  0.0547  0.0480  0.0428  0.0488  0.0433  0.0430
  0.0452  0.0397  0.0393  0.0415  0.0394  0.0389
  0.0376  0.0353  0.0361  0.0370  0.0360  0.0359
  0.0347  0.0347  0.0347  0.0347  0.0347  0.0347
  0.0379  0.0372  0.0361  0.0376  0.0368  0.0351
  0.0449  0.0419  0.0391  0.0421  0.0400  0.0382
  0.0532  0.0458  0.0431  0.0484  0.0437  0.0433
niter,ni,del,rscale     3    3   12.0000    1.2000
parameters
   -0.6797   20.6390    4.5409  -12.0337   -4.0639   -1.6092
eta,q 0.96530  8.67846
  0.0544  0.0480  0.0428  0.0489  0.0434  0.0430
  0.0451  0.0398  0.0393  0.0416  0.0395  0.0388
  0.0375  0.0354  0.0361  0.0370  0.0361  0.0359
  0.0347  0.0347  0.0347  0.0347  0.0347  0.0347
  0.0380  0.0373  0.0361  0.0376  0.0366  0.0352
  0.0451  0.0419  0.0391  0.0421  0.0399  0.0383
  0.0534  0.0458  0.0431  0.0484  0.0435  0.0434
niter,ni,del,rscale     2    3   12.0000    1.2000
parameters
   -0.6539   20.6456    4.5357  -12.0390   -4.1000   -1.5917
eta,q 0.96530  8.67860
  0.0543  0.0480  0.0429  0.0489  0.0434  0.0430
  0.0450  0.0398  0.0394  0.0416  0.0396  0.0388
  0.0375  0.0354  0.0361  0.0371  0.0362  0.0359
  0.0347  0.0347  0.0347  0.0347  0.0347  0.0347
  0.0380  0.0373  0.0361  0.0377  0.0366  0.0352
  0.0452  0.0420  0.0391  0.0421  0.0398  0.0383
  0.0535  0.0458  0.0431  0.0484  0.0435  0.0434
registration optimization eta report
parameter search radius
    6.0000    6.0000    6.0000    9.1253    6.0000    6.9000
100000*second partial in parameter space
       52.       33.       22.       16.       23.       18.
  0.0543  0.0480  0.0429  0.0489  0.0434  0.0430
  0.0450  0.0398  0.0394  0.0416  0.0396  0.0388
  0.0375  0.0354  0.0361  0.0371  0.0362  0.0359
  0.0347  0.0347  0.0347  0.0347  0.0347  0.0347
  0.0380  0.0373  0.0361  0.0377  0.0366  0.0352
  0.0452  0.0420  0.0391  0.0421  0.0398  0.0383
  0.0535  0.0458  0.0431  0.0484  0.0435  0.0434
   -0.6539   20.6456    4.5357  -12.0390   -4.1000   -1.5917
eta,q 0.96530  8.67860

---------------------------------------------------------------------
imgreg_4dfp /opt/freesurfer/average/711-2C_as_mni_average_305 /opt/freesurfer/average/711-2B_as_mni_average_305_mask talsrcimg_g11 none talsrcimg_to_711-2C_as_mni_average_305_t4 3335
---------------------------------------------------------------------

freesurfer imgreg_4dfp.c
/opt/freesurfer/average/711-2C_as_mni_average_305.4dfp.img
       256       256       256         1
  1.000000  1.000000  1.000000
orientation T byte_order littleendian
Reading image: /opt/freesurfer/average/711-2C_as_mni_average_305.4dfp.img
dimensions:      256       256       256
mmppix:       1.0000   -1.0000   -1.0000
center:     128.0000 -129.0000 -129.0000
/opt/freesurfer/average/711-2B_as_mni_average_305_mask.4dfp.img
       256       256       256         1
  1.000000  1.000000  1.000000
orientation T byte_order littleendian
Reading mask: /opt/freesurfer/average/711-2B_as_mni_average_305_mask.4dfp.img (2306576 pixels)
talsrcimg_g11.4dfp.img
       256       256       256         1
  1.000000  1.000000  1.000000
orientation T byte_order littleendian
Reading image: talsrcimg_g11.4dfp.img
dimensions:      256       256       256
mmppix:       1.0000   -1.0000   -1.0000
center:     128.0000 -129.0000 -129.0000
fimgreg.f
image alignment mode   3335 decimal      D07 hex
parameters
   -0.6539   20.6456    4.5357   -0.2944   -2.1957   -2.4497
    1.2259    7.5692   -2.7706   20.6555   -7.1498  -20.8044
eta,q 0.96445  8.72695
niter,ni,del,rscale     5    3    5.0000    1.2000
parameter  4  1.286059 ->  0.500000 qaram    1.1500
parameter  5  1.243226 ->  0.500000 qaram    1.1500
parameters
   -0.8577   20.9867    4.3040   -4.4344   -6.3357   -5.2325
    3.0324    7.3341   -0.3025   18.0391   -3.9792  -23.7857
eta,q 0.96992  8.19851
  0.0380  0.0385  0.0364  0.0326  0.0305  0.0320  0.0340  0.0342  0.0333  0.0315  0.0319  0.0306
  0.0366  0.0370  0.0358  0.0334  0.0312  0.0313  0.0327  0.0325  0.0323  0.0307  0.0313  0.0302
  0.0357  0.0360  0.0356  0.0345  0.0323  0.0311  0.0317  0.0313  0.0315  0.0305  0.0308  0.0301
  0.0356  0.0355  0.0355  0.0355  0.0337  0.0314  0.0311  0.0310  0.0310  0.0308  0.0305  0.0303
  0.0361  0.0356  0.0357  0.0371  0.0357  0.0322  0.0310  0.0314  0.0308  0.0317  0.0303  0.0308
  0.0373  0.0362  0.0361  0.0395  0.0385  0.0335  0.0313  0.0328  0.0310  0.0332  0.0303  0.0317
  0.0390  0.0372  0.0368  0.0421  0.0413  0.0348  0.0321  0.0348  0.0315  0.0354  0.0306  0.0328
niter,ni,del,rscale     6    3    5.0000    1.2000
parameter  4  0.583055 ->  0.500000 qaram    1.3225
parameter  5  0.661853 ->  0.500000 qaram    1.3225
parameters
   -0.9893   20.9400    3.5488   -9.1954  -11.0967   -6.0213
    1.7079    7.0102   -2.5161   19.5804   -4.5635  -25.9342
eta,q 0.97266  7.73612
  0.0327  0.0321  0.0306  0.0295  0.0281  0.0300  0.0295  0.0313  0.0284  0.0304  0.0283  0.0281
  0.0312  0.0310  0.0301  0.0289  0.0279  0.0289  0.0284  0.0294  0.0278  0.0290  0.0278  0.0275
  0.0303  0.0303  0.0299  0.0290  0.0281  0.0282  0.0278  0.0281  0.0276  0.0281  0.0276  0.0273
  0.0301  0.0301  0.0301  0.0299  0.0289  0.0279  0.0279  0.0278  0.0278  0.0276  0.0275  0.0275
  0.0305  0.0303  0.0306  0.0313  0.0304  0.0283  0.0286  0.0284  0.0283  0.0275  0.0277  0.0280
  0.0316  0.0311  0.0314  0.0329  0.0321  0.0296  0.0297  0.0299  0.0291  0.0279  0.0281  0.0287
  0.0333  0.0324  0.0324  0.0354  0.0346  0.0314  0.0311  0.0319  0.0301  0.0287  0.0286  0.0296
niter,ni,del,rscale     7    3    5.0000    1.2000
parameters
   -1.2951   21.7399    3.3003  -10.1133  -13.5259   -6.3775
    1.9196    6.9076   -2.4586   21.8380   -4.2130  -26.9744
eta,q 0.97320  7.61331
  0.0297  0.0308  0.0284  0.0304  0.0285  0.0294  0.0295  0.0306  0.0285  0.0298  0.0280  0.0278
  0.0282  0.0292  0.0276  0.0286  0.0275  0.0282  0.0282  0.0286  0.0276  0.0284  0.0274  0.0272
  0.0274  0.0280  0.0271  0.0274  0.0269  0.0273  0.0273  0.0273  0.0271  0.0274  0.0270  0.0269
  0.0273  0.0273  0.0271  0.0270  0.0270  0.0269  0.0269  0.0269  0.0269  0.0269  0.0268  0.0268
  0.0280  0.0271  0.0274  0.0279  0.0278  0.0272  0.0272  0.0274  0.0271  0.0268  0.0270  0.0271
  0.0293  0.0273  0.0281  0.0298  0.0296  0.0284  0.0280  0.0288  0.0276  0.0270  0.0273  0.0277
  0.0311  0.0280  0.0290  0.0318  0.0317  0.0303  0.0293  0.0307  0.0284  0.0275  0.0278  0.0285
niter,ni,del,rscale     6    3    5.0000    1.2000
parameters
   -1.3567   22.8177    2.7690  -10.7043  -15.6421   -7.2129
    1.9146    6.8786   -2.6351   23.9896   -4.0715  -27.7267
eta,q 0.97396  7.50655
  0.0296  0.0302  0.0273  0.0300  0.0280  0.0283  0.0286  0.0298  0.0277  0.0292  0.0271  0.0270
  0.0280  0.0287  0.0266  0.0281  0.0268  0.0272  0.0273  0.0279  0.0269  0.0279  0.0265  0.0264
  0.0271  0.0275  0.0264  0.0268  0.0262  0.0265  0.0265  0.0266  0.0264  0.0268  0.0262  0.0261
  0.0268  0.0268  0.0264  0.0263  0.0263  0.0262  0.0262  0.0262  0.0262  0.0262  0.0260  0.0261
  0.0272  0.0264  0.0268  0.0269  0.0271  0.0266  0.0265  0.0267  0.0264  0.0261  0.0262  0.0263
  0.0283  0.0265  0.0276  0.0289  0.0285  0.0279  0.0273  0.0279  0.0270  0.0264  0.0265  0.0268
  0.0299  0.0270  0.0286  0.0311  0.0306  0.0300  0.0286  0.0298  0.0279  0.0270  0.0270  0.0274
niter,ni,del,rscale     5    3    5.0000    1.2000
parameters
   -1.3503   23.5776    2.2385  -10.9921  -16.8494   -7.9442
    1.9130    6.9569   -2.4452   25.1219   -4.2021  -28.3072
eta,q 0.97427  7.44452
  0.0289  0.0292  0.0266  0.0296  0.0280  0.0278  0.0280  0.0293  0.0276  0.0286  0.0267  0.0266
  0.0273  0.0278  0.0260  0.0278  0.0267  0.0268  0.0268  0.0274  0.0267  0.0272  0.0261  0.0261
  0.0263  0.0267  0.0258  0.0264  0.0259  0.0260  0.0260  0.0262  0.0260  0.0262  0.0258  0.0258
  0.0260  0.0260  0.0258  0.0257  0.0258  0.0257  0.0258  0.0258  0.0258  0.0258  0.0257  0.0257
  0.0264  0.0258  0.0262  0.0262  0.0264  0.0260  0.0260  0.0262  0.0259  0.0259  0.0259  0.0259
  0.0273  0.0261  0.0268  0.0280  0.0276  0.0273  0.0268  0.0274  0.0265  0.0264  0.0262  0.0263
  0.0289  0.0268  0.0278  0.0303  0.0296  0.0292  0.0280  0.0291  0.0275  0.0272  0.0267  0.0270
niter,ni,del,rscale     4    3    5.0000    1.2000
parameters
   -1.3547   23.9476    1.9244  -11.1019  -17.3328   -8.4323
    1.8091    7.0249   -2.3852   25.7201   -4.1920  -28.6927
eta,q 0.97430  7.41963
  0.0285  0.0283  0.0266  0.0296  0.0283  0.0278  0.0279  0.0292  0.0275  0.0282  0.0267  0.0266
  0.0270  0.0271  0.0260  0.0278  0.0269  0.0268  0.0267  0.0273  0.0266  0.0269  0.0261  0.0261
  0.0260  0.0262  0.0257  0.0263  0.0260  0.0260  0.0260  0.0261  0.0259  0.0260  0.0258  0.0258
  0.0257  0.0257  0.0257  0.0257  0.0257  0.0257  0.0257  0.0257  0.0257  0.0257  0.0257  0.0257
  0.0261  0.0257  0.0259  0.0260  0.0261  0.0259  0.0260  0.0261  0.0259  0.0259  0.0258  0.0259
  0.0270  0.0262  0.0265  0.0277  0.0272  0.0269  0.0268  0.0273  0.0265  0.0265  0.0261  0.0262
  0.0285  0.0271  0.0273  0.0301  0.0289  0.0288  0.0280  0.0290  0.0275  0.0275  0.0266  0.0268
niter,ni,del,rscale     3    3    5.0000    1.2000
parameters
   -1.3395   24.1247    1.7289  -11.1307  -17.5474   -8.7374
    1.7337    7.0693   -2.3992   26.0467   -4.1718  -28.9033
eta,q 0.97429  7.40867
  0.0284  0.0280  0.0267  0.0296  0.0284  0.0278  0.0279  0.0291  0.0275  0.0281  0.0267  0.0267
  0.0269  0.0268  0.0261  0.0278  0.0270  0.0268  0.0267  0.0273  0.0266  0.0268  0.0261  0.0261
  0.0260  0.0260  0.0258  0.0264  0.0261  0.0261  0.0260  0.0261  0.0259  0.0260  0.0258  0.0258
  0.0257  0.0257  0.0257  0.0257  0.0257  0.0257  0.0257  0.0257  0.0257  0.0257  0.0257  0.0257
  0.0260  0.0258  0.0259  0.0260  0.0260  0.0258  0.0260  0.0261  0.0259  0.0260  0.0258  0.0259
  0.0269  0.0264  0.0264  0.0276  0.0271  0.0268  0.0268  0.0273  0.0266  0.0266  0.0261  0.0262
  0.0284  0.0274  0.0271  0.0300  0.0288  0.0286  0.0280  0.0290  0.0275  0.0276  0.0266  0.0267
niter,ni,del,rscale     2    3    5.0000    1.2000
parameters
   -1.3297   24.2128    1.6092  -11.1342  -17.6550   -8.9201
    1.7026    7.0918   -2.4146   26.2265   -4.1343  -29.0305
eta,q 0.97427  7.40328
  0.0284  0.0278  0.0268  0.0297  0.0285  0.0278  0.0279  0.0291  0.0275  0.0280  0.0267  0.0267
  0.0269  0.0267  0.0261  0.0279  0.0271  0.0268  0.0267  0.0273  0.0266  0.0267  0.0261  0.0261
  0.0260  0.0260  0.0258  0.0264  0.0261  0.0261  0.0260  0.0261  0.0259  0.0260  0.0258  0.0258
  0.0257  0.0257  0.0257  0.0257  0.0257  0.0257  0.0257  0.0257  0.0257  0.0257  0.0257  0.0257
  0.0260  0.0259  0.0259  0.0260  0.0260  0.0258  0.0260  0.0261  0.0260  0.0260  0.0259  0.0259
  0.0269  0.0265  0.0263  0.0276  0.0270  0.0267  0.0268  0.0273  0.0266  0.0267  0.0262  0.0262
  0.0284  0.0275  0.0270  0.0300  0.0287  0.0284  0.0280  0.0291  0.0276  0.0277  0.0266  0.0267
niter,ni,del,rscale     1    3    5.0000    1.2000
parameters
   -1.3257   24.2615    1.5400  -11.1324  -17.7124   -9.0265
    1.6895    7.1053   -2.4313   26.3356   -4.1160  -29.0975
eta,q 0.97426  7.40057
  0.0284  0.0278  0.0268  0.0297  0.0285  0.0279  0.0279  0.0291  0.0276  0.0280  0.0267  0.0267
  0.0269  0.0267  0.0262  0.0279  0.0271  0.0269  0.0268  0.0273  0.0266  0.0267  0.0261  0.0261
  0.0260  0.0260  0.0258  0.0265  0.0261  0.0261  0.0260  0.0261  0.0260  0.0260  0.0258  0.0258
  0.0257  0.0257  0.0257  0.0257  0.0257  0.0257  0.0257  0.0257  0.0257  0.0257  0.0257  0.0257
  0.0260  0.0259  0.0259  0.0260  0.0260  0.0258  0.0260  0.0261  0.0260  0.0260  0.0259  0.0259
  0.0269  0.0266  0.0263  0.0276  0.0270  0.0266  0.0268  0.0273  0.0266  0.0267  0.0262  0.0262
  0.0284  0.0276  0.0269  0.0300  0.0287  0.0284  0.0280  0.0291  0.0276  0.0278  0.0267  0.0267
registration optimization eta report
parameter search radius
    2.4000    2.4000    2.4000    9.5220    9.5220    7.2000
    7.2000    7.2000    7.2000    7.2000    7.2000    7.2000
100000*second partial in parameter space
       46.       34.       20.        5.        3.        5.
        4.        6.        4.        4.        2.        2.
  0.0284  0.0278  0.0268  0.0297  0.0285  0.0279  0.0279  0.0291  0.0276  0.0280  0.0267  0.0267
  0.0269  0.0267  0.0262  0.0279  0.0271  0.0269  0.0268  0.0273  0.0266  0.0267  0.0261  0.0261
  0.0260  0.0260  0.0258  0.0265  0.0261  0.0261  0.0260  0.0261  0.0260  0.0260  0.0258  0.0258
  0.0257  0.0257  0.0257  0.0257  0.0257  0.0257  0.0257  0.0257  0.0257  0.0257  0.0257  0.0257
  0.0260  0.0259  0.0259  0.0260  0.0260  0.0258  0.0260  0.0261  0.0260  0.0260  0.0259  0.0259
  0.0269  0.0266  0.0263  0.0276  0.0270  0.0266  0.0268  0.0273  0.0266  0.0267  0.0262  0.0262
  0.0284  0.0276  0.0269  0.0300  0.0287  0.0284  0.0280  0.0291  0.0276  0.0278  0.0267  0.0267
   -1.3257   24.2615    1.5400  -11.1324  -17.7124   -9.0265
    1.6895    7.1053   -2.4313   26.3356   -4.1160  -29.0975
eta,q 0.97426  7.40057

---------------------------------------------------------------------
imgreg_4dfp /opt/freesurfer/average/711-2C_as_mni_average_305 /opt/freesurfer/average/711-2B_as_mni_average_305_mask talsrcimg_g11 none talsrcimg_to_711-2C_as_mni_average_305_t4 2311
---------------------------------------------------------------------

freesurfer imgreg_4dfp.c
/opt/freesurfer/average/711-2C_as_mni_average_305.4dfp.img
       256       256       256         1
  1.000000  1.000000  1.000000
orientation T byte_order littleendian
Reading image: /opt/freesurfer/average/711-2C_as_mni_average_305.4dfp.img
dimensions:      256       256       256
mmppix:       1.0000   -1.0000   -1.0000
center:     128.0000 -129.0000 -129.0000
/opt/freesurfer/average/711-2B_as_mni_average_305_mask.4dfp.img
       256       256       256         1
  1.000000  1.000000  1.000000
orientation T byte_order littleendian
Reading mask: /opt/freesurfer/average/711-2B_as_mni_average_305_mask.4dfp.img (2306576 pixels)
talsrcimg_g11.4dfp.img
       256       256       256         1
  1.000000  1.000000  1.000000
orientation T byte_order littleendian
Reading image: talsrcimg_g11.4dfp.img
dimensions:      256       256       256
mmppix:       1.0000   -1.0000   -1.0000
center:     128.0000 -129.0000 -129.0000
fimgreg.f
image alignment mode   2311 decimal      907 hex
parameters
   -1.3257   24.2615    1.5400  -11.1324  -17.7124   -9.0265
    1.6895    7.1053   -2.4313   26.3356   -4.1160  -29.0975
eta,q 0.97426  7.40056
niter,ni,del,rscale     5    3    5.0000    0.8000
parameters
   -1.3342   24.2990    1.4938  -10.5663  -17.5675   -8.6535
    1.6684    7.1182   -2.4629   26.2265   -3.9799  -29.1237
eta,q 0.97432  7.43235
  0.0269  0.0267  0.0262  0.0271  0.0265  0.0268  0.0267  0.0274  0.0266  0.0266  0.0262  0.0261
  0.0263  0.0262  0.0259  0.0265  0.0261  0.0263  0.0262  0.0264  0.0261  0.0261  0.0259  0.0259
  0.0259  0.0259  0.0258  0.0260  0.0258  0.0259  0.0258  0.0259  0.0258  0.0258  0.0257  0.0257
  0.0257  0.0257  0.0257  0.0257  0.0257  0.0257  0.0257  0.0257  0.0257  0.0257  0.0257  0.0257
  0.0259  0.0258  0.0258  0.0257  0.0258  0.0257  0.0258  0.0259  0.0258  0.0258  0.0257  0.0257
  0.0263  0.0261  0.0260  0.0260  0.0260  0.0260  0.0262  0.0264  0.0261  0.0262  0.0259  0.0259
  0.0269  0.0266  0.0263  0.0267  0.0265  0.0266  0.0267  0.0273  0.0266  0.0267  0.0261  0.0261
niter,ni,del,rscale     4    3    5.0000    0.7000
parameters
   -1.3572   24.2225    1.5911  -10.5331  -17.4869   -8.3912
    1.7209    7.0702   -2.4769   26.0732   -3.9494  -29.0478
eta,q 0.97434  7.44024
  0.0266  0.0263  0.0261  0.0266  0.0263  0.0265  0.0265  0.0269  0.0263  0.0264  0.0260  0.0260
  0.0261  0.0259  0.0259  0.0261  0.0260  0.0261  0.0261  0.0262  0.0260  0.0260  0.0258  0.0258
  0.0258  0.0257  0.0257  0.0258  0.0258  0.0258  0.0258  0.0258  0.0257  0.0257  0.0257  0.0257
  0.0257  0.0257  0.0257  0.0257  0.0257  0.0257  0.0257  0.0257  0.0257  0.0257  0.0257  0.0257
  0.0258  0.0258  0.0257  0.0258  0.0257  0.0257  0.0257  0.0258  0.0257  0.0258  0.0257  0.0257
  0.0261  0.0260  0.0258  0.0261  0.0259  0.0259  0.0260  0.0263  0.0260  0.0261  0.0258  0.0258
  0.0267  0.0264  0.0260  0.0266  0.0263  0.0264  0.0265  0.0270  0.0263  0.0265  0.0260  0.0260
niter,ni,del,rscale     3    3    5.0000    0.6000
parameters
   -1.3752   24.1777    1.6674  -10.4954  -17.4352   -8.1865
    1.7515    7.0384   -2.4682   25.9457   -3.9682  -28.9917
eta,q 0.97435  7.44668
  0.0263  0.0261  0.0260  0.0264  0.0261  0.0263  0.0263  0.0266  0.0262  0.0262  0.0259  0.0259
  0.0260  0.0259  0.0258  0.0260  0.0259  0.0260  0.0259  0.0261  0.0259  0.0259  0.0257  0.0258
  0.0257  0.0257  0.0257  0.0258  0.0257  0.0258  0.0257  0.0257  0.0257  0.0257  0.0257  0.0257
  0.0257  0.0257  0.0257  0.0257  0.0257  0.0257  0.0256  0.0256  0.0256  0.0256  0.0256  0.0256
  0.0257  0.0257  0.0257  0.0257  0.0257  0.0257  0.0257  0.0258  0.0257  0.0257  0.0257  0.0257
  0.0260  0.0259  0.0258  0.0259  0.0259  0.0258  0.0259  0.0261  0.0259  0.0260  0.0258  0.0258
  0.0264  0.0262  0.0259  0.0264  0.0261  0.0262  0.0262  0.0266  0.0261  0.0263  0.0259  0.0259
niter,ni,del,rscale     2    3    5.0000    0.5000
parameters
   -1.3886   24.1404    1.7340  -10.4701  -17.3895   -8.0077
    1.7732    7.0259   -2.4592   25.8191   -3.9757  -28.9359
eta,q 0.97436  7.45188
  0.0261  0.0260  0.0259  0.0261  0.0260  0.0261  0.0261  0.0263  0.0260  0.0260  0.0258  0.0258
  0.0259  0.0258  0.0258  0.0259  0.0258  0.0259  0.0258  0.0259  0.0258  0.0258  0.0257  0.0257
  0.0257  0.0257  0.0257  0.0257  0.0257  0.0257  0.0257  0.0257  0.0257  0.0257  0.0256  0.0257
  0.0256  0.0256  0.0256  0.0256  0.0256  0.0256  0.0256  0.0256  0.0256  0.0256  0.0256  0.0256
  0.0257  0.0257  0.0257  0.0257  0.0257  0.0256  0.0257  0.0257  0.0257  0.0257  0.0257  0.0257
  0.0259  0.0258  0.0257  0.0258  0.0258  0.0258  0.0258  0.0259  0.0258  0.0259  0.0257  0.0257
  0.0261  0.0260  0.0258  0.0261  0.0260  0.0261  0.0261  0.0263  0.0260  0.0261  0.0258  0.0258
niter,ni,del,rscale     1    3    5.0000    0.4000
parameters
   -1.3958   24.1046    1.7866  -10.4419  -17.3453   -7.8565
    1.7760    7.0119   -2.4531   25.6902   -4.0154  -28.8643
eta,q 0.97437  7.45634
  0.0260  0.0258  0.0258  0.0259  0.0259  0.0259  0.0259  0.0261  0.0259  0.0259  0.0257  0.0258
  0.0258  0.0257  0.0257  0.0258  0.0257  0.0258  0.0258  0.0258  0.0257  0.0257  0.0257  0.0257
  0.0257  0.0257  0.0257  0.0257  0.0257  0.0257  0.0257  0.0257  0.0257  0.0256  0.0256  0.0256
  0.0256  0.0256  0.0256  0.0256  0.0256  0.0256  0.0256  0.0256  0.0256  0.0256  0.0256  0.0256
  0.0257  0.0257  0.0256  0.0257  0.0257  0.0256  0.0257  0.0257  0.0257  0.0257  0.0256  0.0256
  0.0258  0.0258  0.0257  0.0258  0.0257  0.0257  0.0258  0.0258  0.0257  0.0258  0.0257  0.0257
  0.0260  0.0259  0.0258  0.0259  0.0258  0.0259  0.0259  0.0261  0.0259  0.0259  0.0257  0.0257
registration optimization eta report
parameter search radius
    0.8000    0.8000    0.8000    2.4000    2.4000    2.4000
    2.4000    2.4000    2.4000    2.4000    2.4000    2.4000
100000*second partial in parameter space
       50.       36.       22.        5.        4.        5.
        5.        8.        4.        5.        2.        2.
  0.0260  0.0258  0.0258  0.0259  0.0259  0.0259  0.0259  0.0261  0.0259  0.0259  0.0257  0.0258
  0.0258  0.0257  0.0257  0.0258  0.0257  0.0258  0.0258  0.0258  0.0257  0.0257  0.0257  0.0257
  0.0257  0.0257  0.0257  0.0257  0.0257  0.0257  0.0257  0.0257  0.0257  0.0256  0.0256  0.0256
  0.0256  0.0256  0.0256  0.0256  0.0256  0.0256  0.0256  0.0256  0.0256  0.0256  0.0256  0.0256
  0.0257  0.0257  0.0256  0.0257  0.0257  0.0256  0.0257  0.0257  0.0257  0.0257  0.0256  0.0256
  0.0258  0.0258  0.0257  0.0258  0.0257  0.0257  0.0258  0.0258  0.0257  0.0258  0.0257  0.0257
  0.0260  0.0259  0.0258  0.0259  0.0258  0.0259  0.0259  0.0261  0.0259  0.0259  0.0257  0.0257
   -1.3958   24.1046    1.7866  -10.4419  -17.3453   -7.8565
    1.7760    7.0119   -2.4531   25.6902   -4.0154  -28.8643
eta,q 0.97437  7.45634

---------------------------------------------------------------------
imgreg_4dfp /opt/freesurfer/average/711-2C_as_mni_average_305 /opt/freesurfer/average/711-2B_as_mni_average_305_mask talsrcimg_g11 none talsrcimg_to_711-2C_as_mni_average_305_t4 2311
---------------------------------------------------------------------

freesurfer imgreg_4dfp.c
/opt/freesurfer/average/711-2C_as_mni_average_305.4dfp.img
       256       256       256         1
  1.000000  1.000000  1.000000
orientation T byte_order littleendian
Reading image: /opt/freesurfer/average/711-2C_as_mni_average_305.4dfp.img
dimensions:      256       256       256
mmppix:       1.0000   -1.0000   -1.0000
center:     128.0000 -129.0000 -129.0000
/opt/freesurfer/average/711-2B_as_mni_average_305_mask.4dfp.img
       256       256       256         1
  1.000000  1.000000  1.000000
orientation T byte_order littleendian
Reading mask: /opt/freesurfer/average/711-2B_as_mni_average_305_mask.4dfp.img (2306576 pixels)
talsrcimg_g11.4dfp.img
       256       256       256         1
  1.000000  1.000000  1.000000
orientation T byte_order littleendian
Reading image: talsrcimg_g11.4dfp.img
dimensions:      256       256       256
mmppix:       1.0000   -1.0000   -1.0000
center:     128.0000 -129.0000 -129.0000
fimgreg.f
image alignment mode   2311 decimal      907 hex
parameters
   -1.3958   24.1046    1.7866  -10.4419  -17.3453   -7.8565
    1.7760    7.0119   -2.4531   25.6902   -4.0154  -28.8643
eta,q 0.97437  7.45634
niter,ni,del,rscale     5    3    5.0000    0.8000
parameters
   -1.3798   24.0699    1.8490  -10.6399  -17.3713   -8.1574
    1.7818    7.0242   -2.4249   25.8041   -4.0477  -28.8316
eta,q 0.97436  7.44261
  0.0269  0.0265  0.0262  0.0267  0.0264  0.0266  0.0267  0.0273  0.0265  0.0267  0.0261  0.0261
  0.0262  0.0260  0.0259  0.0262  0.0260  0.0261  0.0261  0.0264  0.0260  0.0261  0.0258  0.0258
  0.0258  0.0257  0.0257  0.0258  0.0257  0.0258  0.0258  0.0258  0.0257  0.0258  0.0257  0.0257
  0.0256  0.0256  0.0256  0.0256  0.0256  0.0256  0.0256  0.0256  0.0256  0.0256  0.0256  0.0256
  0.0258  0.0257  0.0257  0.0258  0.0257  0.0257  0.0258  0.0258  0.0257  0.0258  0.0257  0.0257
  0.0262  0.0261  0.0259  0.0262  0.0260  0.0262  0.0261  0.0264  0.0260  0.0261  0.0259  0.0258
  0.0269  0.0266  0.0262  0.0270  0.0264  0.0271  0.0267  0.0273  0.0265  0.0266  0.0261  0.0261
niter,ni,del,rscale     4    3    5.0000    0.7000
parameters
   -1.3732   24.1087    1.7667  -10.5518  -17.3778   -8.1667
    1.7613    7.0340   -2.4291   25.8215   -4.0327  -28.8712
eta,q 0.97436  7.44522
  0.0266  0.0264  0.0260  0.0266  0.0263  0.0265  0.0265  0.0270  0.0263  0.0264  0.0260  0.0260
  0.0261  0.0260  0.0258  0.0261  0.0259  0.0261  0.0260  0.0262  0.0259  0.0260  0.0258  0.0258
  0.0257  0.0257  0.0257  0.0258  0.0257  0.0258  0.0257  0.0258  0.0257  0.0257  0.0257  0.0257
  0.0256  0.0256  0.0256  0.0256  0.0256  0.0256  0.0256  0.0256  0.0256  0.0256  0.0256  0.0256
  0.0258  0.0257  0.0257  0.0257  0.0257  0.0257  0.0257  0.0258  0.0257  0.0258  0.0257  0.0257
  0.0261  0.0259  0.0259  0.0260  0.0259  0.0260  0.0260  0.0262  0.0260  0.0260  0.0258  0.0258
  0.0266  0.0263  0.0261  0.0266  0.0263  0.0266  0.0265  0.0269  0.0263  0.0264  0.0260  0.0260
niter,ni,del,rscale     3    3    5.0000    0.6000
parameters
   -1.3798   24.1116    1.7599  -10.4988  -17.3629   -8.0699
    1.7638    7.0310   -2.4395   25.7954   -4.0205  -28.8952
eta,q 0.97436  7.44983
  0.0263  0.0262  0.0259  0.0263  0.0261  0.0263  0.0262  0.0266  0.0261  0.0262  0.0259  0.0259
  0.0259  0.0259  0.0258  0.0260  0.0259  0.0260  0.0259  0.0261  0.0259  0.0259  0.0257  0.0257
  0.0257  0.0257  0.0257  0.0257  0.0257  0.0258  0.0257  0.0257  0.0257  0.0257  0.0257  0.0257
  0.0256  0.0256  0.0256  0.0256  0.0256  0.0256  0.0256  0.0256  0.0256  0.0256  0.0256  0.0256
  0.0257  0.0257  0.0257  0.0257  0.0257  0.0257  0.0257  0.0257  0.0257  0.0257  0.0257  0.0257
  0.0260  0.0259  0.0258  0.0259  0.0258  0.0259  0.0259  0.0261  0.0259  0.0259  0.0257  0.0258
  0.0263  0.0262  0.0260  0.0263  0.0261  0.0263  0.0262  0.0266  0.0261  0.0262  0.0259  0.0259
niter,ni,del,rscale     2    3    5.0000    0.5000
parameters
   -1.3899   24.0982    1.7834  -10.4641  -17.3371   -7.9349
    1.7828    7.0226   -2.4500   25.7238   -4.0045  -28.8556
eta,q 0.97436  7.45423
  0.0261  0.0260  0.0259  0.0261  0.0260  0.0261  0.0261  0.0263  0.0260  0.0260  0.0258  0.0258
  0.0258  0.0258  0.0257  0.0259  0.0258  0.0259  0.0258  0.0259  0.0258  0.0258  0.0257  0.0257
  0.0257  0.0257  0.0257  0.0257  0.0257  0.0257  0.0257  0.0257  0.0257  0.0257  0.0256  0.0257
  0.0256  0.0256  0.0256  0.0256  0.0256  0.0256  0.0256  0.0256  0.0256  0.0256  0.0256  0.0256
  0.0257  0.0257  0.0257  0.0257  0.0257  0.0256  0.0257  0.0257  0.0257  0.0257  0.0256  0.0257
  0.0259  0.0258  0.0257  0.0258  0.0258  0.0258  0.0258  0.0259  0.0258  0.0258  0.0257  0.0257
  0.0261  0.0260  0.0258  0.0261  0.0260  0.0261  0.0261  0.0263  0.0260  0.0261  0.0258  0.0258
niter,ni,del,rscale     1    3    5.0000    0.4000
parameters
   -1.3986   24.0811    1.8160  -10.4560  -17.3065   -7.8063
    1.7899    7.0091   -2.4365   25.6471   -4.0588  -28.8220
eta,q 0.97437  7.45786
  0.0259  0.0259  0.0258  0.0259  0.0258  0.0259  0.0259  0.0261  0.0259  0.0259  0.0257  0.0257
  0.0258  0.0257  0.0257  0.0258  0.0257  0.0258  0.0258  0.0258  0.0257  0.0257  0.0257  0.0257
  0.0257  0.0257  0.0256  0.0257  0.0257  0.0257  0.0257  0.0257  0.0257  0.0256  0.0256  0.0256
  0.0256  0.0256  0.0256  0.0256  0.0256  0.0256  0.0256  0.0256  0.0256  0.0256  0.0256  0.0256
  0.0257  0.0257  0.0256  0.0257  0.0257  0.0256  0.0257  0.0257  0.0256  0.0257  0.0256  0.0256
  0.0258  0.0257  0.0257  0.0258  0.0257  0.0257  0.0258  0.0258  0.0257  0.0258  0.0257  0.0257
  0.0260  0.0259  0.0258  0.0259  0.0258  0.0259  0.0259  0.0261  0.0259  0.0259  0.0257  0.0257
registration optimization eta report
parameter search radius
    0.8000    0.8000    0.8000    2.4000    2.4000    2.4000
    2.4000    2.4000    2.4000    2.4000    2.4000    2.4000
100000*second partial in parameter space
       49.       36.       22.        5.        4.        5.
        5.        8.        4.        5.        2.        2.
  0.0259  0.0259  0.0258  0.0259  0.0258  0.0259  0.0259  0.0261  0.0259  0.0259  0.0257  0.0257
  0.0258  0.0257  0.0257  0.0258  0.0257  0.0258  0.0258  0.0258  0.0257  0.0257  0.0257  0.0257
  0.0257  0.0257  0.0256  0.0257  0.0257  0.0257  0.0257  0.0257  0.0257  0.0256  0.0256  0.0256
  0.0256  0.0256  0.0256  0.0256  0.0256  0.0256  0.0256  0.0256  0.0256  0.0256  0.0256  0.0256
  0.0257  0.0257  0.0256  0.0257  0.0257  0.0256  0.0257  0.0257  0.0256  0.0257  0.0256  0.0256
  0.0258  0.0257  0.0257  0.0258  0.0257  0.0257  0.0258  0.0258  0.0257  0.0258  0.0257  0.0257
  0.0260  0.0259  0.0258  0.0259  0.0258  0.0259  0.0259  0.0261  0.0259  0.0259  0.0257  0.0257
   -1.3986   24.0811    1.8160  -10.4560  -17.3065   -7.8063
    1.7899    7.0091   -2.4365   25.6471   -4.0588  -28.8220
eta,q 0.97437  7.45786

---------------------------------------------------------------------
compute_vox2vox talsrcimg talsrcimg_to_711-2C_as_mni_average_305_t4 /opt/freesurfer/average/711-2C_as_mni_average_305
---------------------------------------------------------------------

freesurfer compute_vox2vox.c
Reading: talsrcimg.4dfp.ifh
Reading: talsrcimg_to_711-2C_as_mni_average_305_t4
Reading: /opt/freesurfer/average/711-2C_as_mni_average_305.4dfp.ifh
Writing: talsrcimg_to_711-2C_as_mni_average_305_t4_vox2vox.txt

start time Mon Mar 9 00:55:44 CET 2026
end		time Mon Mar 9 00:57:09 CET 2026

mpr2mni305 success

avi2talxfm orig_nu.mgz /opt/freesurfer/average/mni305.cor.mgz talsrcimg_to_711-2C_as_mni_average_305_t4_vox2vox.txt transforms/talairach.auto.xfm
avi2talxfm done
mv -f /out/sourcedata/freesurfer/sub-v1s17x0050233_ses-1/mri/talsrcimg_to_711-2C_as_mni_average_305_t4_vox2vox.txt /out/sourcedata/freesurfer/sub-v1s17x0050233_ses-1/mri/transforms/talsrcimg_to_711-2C_as_mni_average_305_t4_vox2vox.txt
lta_convert --src orig_nu.mgz --trg /opt/freesurfer/average/mni305.cor.mgz --inxfm transforms/talairach.auto.xfm --outlta transforms/talairach.auto.xfm.lta --subject fsaverage
7.3.2

--src: orig_nu.mgz src image (geometry).
--trg: /opt/freesurfer/average/mni305.cor.mgz trg image (geometry).
--inmni: transforms/talairach.auto.xfm input MNI/XFM transform.
--outlta: transforms/talairach.auto.xfm.lta output LTA.
--s: fsaverage subject name
 LTA read, type : 1
 1.11222  -0.07098  -0.04881   2.10178;
 0.05398   0.98536   0.34227   1.35033;
 0.01603  -0.30770   1.10169  -6.70660;
 0.00000   0.00000   0.00000   1.00000;
setting subject to fsaverage
Writing  LTA to file transforms/talairach.auto.xfm.lta...
lta_convert successful.
 
 
Started at Mon Mar 9 00:55:43 CET 2026
Ended   at Mon Mar  9 00:57:10 CET 2026
talairach_avi done
