status file for recon-all
Mon Mar  9 02:52:58 CET 2026
#@# MotionCor Mon Mar  9 02:53:00 CET 2026
#@# Talairach Mon Mar  9 02:53:05 CET 2026
#@# Talairach Failure Detection Mon Mar  9 02:55:55 CET 2026
#@# Nu Intensity Correction Mon Mar  9 02:55:55 CET 2026
#@# Intensity Normalization Mon Mar  9 02:58:39 CET 2026
recon-all -s sub-v1s17x0051136_ses-1 finished without error at Mon Mar  9 02:59:38 CET 2026



#New# invocation of recon-all 



status file for recon-all
Mon Mar  9 03:05:48 CET 2026
#@# EM Registration Mon Mar  9 03:05:48 CET 2026
recon-all -s sub-v1s17x0051136_ses-1 finished without error at Mon Mar  9 03:06:52 CET 2026



#New# invocation of recon-all 



status file for recon-all
Mon Mar  9 03:06:55 CET 2026
#@# CA Normalize Mon Mar  9 03:06:55 CET 2026
#@# CA Reg Mon Mar  9 03:07:49 CET 2026
#@# SubCort Seg Mon Mar  9 03:38:16 CET 2026
#@# CC Seg Mon Mar  9 04:00:35 CET 2026
#@# Merge ASeg Mon Mar  9 04:00:52 CET 2026
#@# Intensity Normalization2 Mon Mar  9 04:00:52 CET 2026
#@# Mask BFS Mon Mar  9 04:02:21 CET 2026
#@# WM Segmentation Mon Mar  9 04:02:22 CET 2026
#@# Fill Mon Mar  9 04:04:04 CET 2026
recon-all -s sub-v1s17x0051136_ses-1 finished without error at Mon Mar  9 04:04:42 CET 2026



#New# invocation of recon-all 



status file for recon-all
Mon Mar  9 04:53:43 CET 2026
#@# white curv lh Mon Mar  9 04:53:43 CET 2026
#@# white area lh Mon Mar  9 04:53:43 CET 2026
#@# pial curv lh Mon Mar  9 04:53:43 CET 2026
#@# pial area lh Mon Mar  9 04:53:43 CET 2026
#@# thickness lh Mon Mar  9 04:53:43 CET 2026
#@# area and vertex vol lh Mon Mar  9 04:53:43 CET 2026
#@# white curv rh Mon Mar  9 04:53:43 CET 2026
#@# white area rh Mon Mar  9 04:53:43 CET 2026
#@# pial curv rh Mon Mar  9 04:53:43 CET 2026
#@# pial area rh Mon Mar  9 04:53:43 CET 2026
#@# thickness rh Mon Mar  9 04:53:43 CET 2026
#@# area and vertex vol rh Mon Mar  9 04:53:43 CET 2026
#@# Cortical ribbon mask Mon Mar  9 04:53:43 CET 2026
recon-all -s sub-v1s17x0051136_ses-1 finished without error at Mon Mar  9 04:57:59 CET 2026



#New# invocation of recon-all 



status file for recon-all
Mon Mar  9 05:03:13 CET 2026
#@# white curv lh Mon Mar  9 05:03:13 CET 2026
#@# white area lh Mon Mar  9 05:03:13 CET 2026
#@# pial curv lh Mon Mar  9 05:03:13 CET 2026
#@# pial area lh Mon Mar  9 05:03:13 CET 2026
#@# thickness lh Mon Mar  9 05:03:13 CET 2026
#@# area and vertex vol lh Mon Mar  9 05:03:13 CET 2026
#@# white curv rh Mon Mar  9 05:03:13 CET 2026
#@# white area rh Mon Mar  9 05:03:13 CET 2026
#@# pial curv rh Mon Mar  9 05:03:13 CET 2026
#@# pial area rh Mon Mar  9 05:03:13 CET 2026
#@# thickness rh Mon Mar  9 05:03:14 CET 2026
#@# area and vertex vol rh Mon Mar  9 05:03:14 CET 2026
#@# Curvature Stats lh Mon Mar  9 05:03:14 CET 2026
#@# Curvature Stats rh Mon Mar  9 05:03:15 CET 2026
#@# Relabel Hypointensities Mon Mar  9 05:03:17 CET 2026
#@# APas-to-ASeg Mon Mar  9 05:03:28 CET 2026
#@# AParc-to-ASeg aparc Mon Mar  9 05:03:34 CET 2026
#@# AParc-to-ASeg aparc.a2009s Mon Mar  9 05:03:59 CET 2026
#@# AParc-to-ASeg aparc.DKTatlas Mon Mar  9 05:04:27 CET 2026
#@# WMParc Mon Mar  9 05:04:56 CET 2026
#@# ASeg Stats Mon Mar  9 05:06:48 CET 2026
recon-all -s sub-v1s17x0051136_ses-1 finished without error at Mon Mar  9 05:07:04 CET 2026
