status file for recon-all
Mon Mar  9 04:37:47 CET 2026
#@# Tessellate lh Mon Mar  9 04:37:47 CET 2026
#@# Smooth1 lh Mon Mar  9 04:37:51 CET 2026
#@# Inflation1 lh Mon Mar  9 04:37:54 CET 2026
#@# QSphere lh Mon Mar  9 04:38:09 CET 2026
#@# Fix Topology lh Mon Mar  9 04:39:25 CET 2026
#@# Smooth2 lh Mon Mar  9 04:46:58 CET 2026
#@# Inflation2 lh Mon Mar  9 04:47:01 CET 2026
#@# Curv .H and .K lh Mon Mar  9 04:47:18 CET 2026
#@# Sphere lh Mon Mar  9 04:48:12 CET 2026
#@# Surf Reg lh Mon Mar  9 04:52:17 CET 2026
#@# Jacobian white lh Mon Mar  9 04:57:21 CET 2026
#@# AvgCurv lh Mon Mar  9 04:57:22 CET 2026
#@# Cortical Parc lh Mon Mar  9 04:57:23 CET 2026
#@# white curv lh Mon Mar  9 05:04:16 CET 2026
#@# white area lh Mon Mar  9 05:04:18 CET 2026
#@# pial curv lh Mon Mar  9 05:04:19 CET 2026
#@# pial area lh Mon Mar  9 05:04:21 CET 2026
#@# thickness lh Mon Mar  9 05:04:22 CET 2026
#@# area and vertex vol lh Mon Mar  9 05:04:59 CET 2026
#@# Curvature Stats lh Mon Mar  9 05:05:01 CET 2026
#@# Cortical Parc 2 lh Mon Mar  9 05:05:04 CET 2026
#@# Cortical Parc 3 lh Mon Mar  9 05:05:19 CET 2026
#@# WM/GM Contrast lh Mon Mar  9 05:05:31 CET 2026
recon-all -s sub-v1s17x0051137_ses-1 finished without error at Mon Mar  9 05:05:34 CET 2026



#New# invocation of recon-all 



status file for recon-all
Mon Mar  9 05:38:50 CET 2026
#@# white curv lh Mon Mar  9 05:38:50 CET 2026
#@# white area lh Mon Mar  9 05:38:50 CET 2026
#@# pial curv lh Mon Mar  9 05:38:50 CET 2026
#@# pial area lh Mon Mar  9 05:38:50 CET 2026
#@# thickness lh Mon Mar  9 05:38:50 CET 2026
#@# area and vertex vol lh Mon Mar  9 05:38:50 CET 2026
#@# Parcellation Stats lh Mon Mar  9 05:38:50 CET 2026
#@# Parcellation Stats 2 lh Mon Mar  9 05:39:14 CET 2026
#@# Parcellation Stats 3 lh Mon Mar  9 05:39:26 CET 2026
#@# BA_exvivo Labels lh Mon Mar  9 05:39:38 CET 2026
recon-all -s sub-v1s17x0051137_ses-1 finished without error at Mon Mar  9 05:42:36 CET 2026
