status file for recon-all
Mon Mar  9 05:05:37 CET 2026
#@# Tessellate rh Mon Mar  9 05:05:37 CET 2026
#@# Smooth1 rh Mon Mar  9 05:05:41 CET 2026
#@# Inflation1 rh Mon Mar  9 05:05:44 CET 2026
#@# QSphere rh Mon Mar  9 05:05:59 CET 2026
#@# Fix Topology rh Mon Mar  9 05:07:07 CET 2026
#@# Smooth2 rh Mon Mar  9 05:15:24 CET 2026
#@# Inflation2 rh Mon Mar  9 05:15:27 CET 2026
#@# Curv .H and .K rh Mon Mar  9 05:15:48 CET 2026
#@# Sphere rh Mon Mar  9 05:16:42 CET 2026
#@# Surf Reg rh Mon Mar  9 05:19:16 CET 2026
#@# Jacobian white rh Mon Mar  9 05:24:02 CET 2026
#@# AvgCurv rh Mon Mar  9 05:24:03 CET 2026
#@# Cortical Parc rh Mon Mar  9 05:24:05 CET 2026
#@# white curv rh Mon Mar  9 05:30:56 CET 2026
#@# white area rh Mon Mar  9 05:30:58 CET 2026
#@# pial curv rh Mon Mar  9 05:30:58 CET 2026
#@# pial area rh Mon Mar  9 05:31:01 CET 2026
#@# thickness rh Mon Mar  9 05:31:01 CET 2026
#@# area and vertex vol rh Mon Mar  9 05:31:39 CET 2026
#@# Curvature Stats rh Mon Mar  9 05:31:41 CET 2026
#@# Cortical Parc 2 rh Mon Mar  9 05:31:44 CET 2026
#@# Cortical Parc 3 rh Mon Mar  9 05:31:59 CET 2026
#@# WM/GM Contrast rh Mon Mar  9 05:32:11 CET 2026
recon-all -s sub-v1s17x0051137_ses-1 finished without error at Mon Mar  9 05:32:14 CET 2026



#New# invocation of recon-all 



status file for recon-all
Mon Mar  9 05:42:38 CET 2026
#@# white curv rh Mon Mar  9 05:42:38 CET 2026
#@# white area rh Mon Mar  9 05:42:38 CET 2026
#@# pial curv rh Mon Mar  9 05:42:38 CET 2026
#@# pial area rh Mon Mar  9 05:42:38 CET 2026
#@# thickness rh Mon Mar  9 05:42:38 CET 2026
#@# area and vertex vol rh Mon Mar  9 05:42:38 CET 2026
#@# Parcellation Stats rh Mon Mar  9 05:42:38 CET 2026
#@# Parcellation Stats 2 rh Mon Mar  9 05:43:02 CET 2026
#@# Parcellation Stats 3 rh Mon Mar  9 05:43:14 CET 2026
#@# BA_exvivo Labels rh Mon Mar  9 05:43:26 CET 2026
recon-all -s sub-v1s17x0051137_ses-1 finished without error at Mon Mar  9 05:46:20 CET 2026
