/out/sourcedata/freesurfer/sub-v1s17x0050241_ses-1/mri
/opt/freesurfer/bin/talairach_avi
--i orig_nu.mgz --xfm transforms/talairach.auto.xfm
talairach_avi 7.3.2
Linux dna079 5.14.0-427.37.1.el9_4.x86_64 #1 SMP PREEMPT_DYNAMIC Fri Sep 13 12:41:50 EDT 2024 x86_64 x86_64 x86_64 GNU/Linux
Mon Mar  9 01:14:50 CET 2026
mri_convert orig_nu.mgz talsrcimg.img 
reading from orig_nu.mgz...
TR=0.00, TE=0.00, TI=0.00, flip angle=0.00
i_ras = (-1, -4.65661e-10, 3.72529e-09)
j_ras = (0, -1.86265e-09, -1)
k_ras = (3.49246e-10, 1, 1.86265e-09)
writing to talsrcimg.img...
Analyze Output Matrix
-1.00000   0.00000   0.00000   128.36700;
-0.00000  -0.00000   1.00000  -125.82077;
 0.00000  -1.00000   0.00000   111.41159;
 0.00000   0.00000   0.00000   1.00000;
--------------------
INFO: set hdr.hist.orient to -1
mpr2mni305 talsrcimg
Mon Mar  9 01:14:50 CET 2026
/opt/freesurfer/bin/mpr2mni305 talsrcimg
mpr2mni305 7.3.2
target=711-2C_as_mni_average_305

---------------------------------------------------------------------
analyzeto4dfp talsrcimg -O0 -y
---------------------------------------------------------------------

freesurfer ifh2hdr.c
Mon Mar  9 01:14:50 2026
Writing: talsrcimg.4dfp.hdr
freesurfer analyzeto4dfp.c
Reading: talsrcimg.hdr
header size 348 bytes
hdr.dime.datatype	offset=70	value=2
hdr.dime.bitpix		offset=72	value=8
hdr.hist.orient		offset=252	value=-1
dimensionality     4
dimensions       256       256       256         1
Reading: talsrcimg.img
Writing: talsrcimg.4dfp.img
Writing: talsrcimg.4dfp.ifh
ifh2hdr talsrcimg -r0to255
ori=2

---------------------------------------------------------------------
gauss_4dfp talsrcimg 1.1
---------------------------------------------------------------------

freesurfer gauss_4dfp.c
Reading: talsrcimg.4dfp.img
Writing: talsrcimg_g11.4dfp.img
image dimensions 256 256 256 padded to 288 288 288
processing volume 1freesurfer ifh2hdr.c
Mon Mar  9 01:14:52 2026
Writing: talsrcimg_g11.4dfp.hdr

Writing: talsrcimg_g11.4dfp.ifh
including: talsrcimg.4dfp.img.rec in talsrcimg_g11.4dfp.img.rec

---------------------------------------------------------------------
imgreg_4dfp /opt/freesurfer/average/711-2C_as_mni_average_305 none talsrcimg_g11 none talsrcimg_to_711-2C_as_mni_average_305_t4 4355
---------------------------------------------------------------------

freesurfer imgreg_4dfp.c
/opt/freesurfer/average/711-2C_as_mni_average_305.4dfp.img
       256       256       256         1
  1.000000  1.000000  1.000000
orientation T byte_order littleendian
Reading image: /opt/freesurfer/average/711-2C_as_mni_average_305.4dfp.img
dimensions:      256       256       256
mmppix:       1.0000   -1.0000   -1.0000
center:     128.0000 -129.0000 -129.0000
talsrcimg_g11.4dfp.img
       256       256       256         1
  1.000000  1.000000  1.000000
orientation T byte_order littleendian
Reading image: talsrcimg_g11.4dfp.img
dimensions:      256       256       256
mmppix:       1.0000   -1.0000   -1.0000
center:     128.0000 -129.0000 -129.0000
t4_read: open error in t4_sub.f l:  41 t4_file(1:l)talsrcimg_to_711-2C_as_mni_average_305_t4 
t4_read: transform initialized to I4
rotation matrix determinant  1.000000
image alignment mode   4355 decimal     1103 hex
   -7.5000  -45.0000  -45.0000 7039.9985   12.2071
    0.0000  -45.0000  -45.0000 7400.7959   12.2223
    7.5000  -45.0000  -45.0000 7124.4971   12.2179
   -7.5000  -37.5000  -45.0000 7755.1050   12.0269
    0.0000  -37.5000  -45.0000 8142.5938   12.0406
    7.5000  -37.5000  -45.0000 7821.6533   12.0327
   -7.5000  -30.0000  -45.0000 8782.3018   11.9196
    0.0000  -30.0000  -45.0000 9227.0576   11.9361
    7.5000  -30.0000  -45.0000 8862.3281   11.9251
   -7.5000  -22.5000  -45.0000 9819.8877   11.8810
    0.0000  -22.5000  -45.000010316.4102   11.9005
    7.5000  -22.5000  -45.0000 9895.6455   11.8923
   -7.5000  -15.0000  -45.000010849.5645   11.8791
    0.0000  -15.0000  -45.000011389.5928   11.8980
    7.5000  -15.0000  -45.000010915.1191   11.8944
   -7.5000   -7.5000  -45.000011839.8379   11.8626
    0.0000   -7.5000  -45.000012403.8262   11.8775
    7.5000   -7.5000  -45.000011872.0889   11.8761
   -7.5000    0.0000  -45.000012618.5723   11.8493
    0.0000    0.0000  -45.000013227.1016   11.8615
    7.5000    0.0000  -45.000012646.5166   11.8583
   -7.5000    7.5000  -45.000012469.4678   11.8539
    0.0000    7.5000  -45.000013044.5928   11.8667
    7.5000    7.5000  -45.000012468.3740   11.8587
   -7.5000   15.0000  -45.000012247.3047   11.8690
    0.0000   15.0000  -45.000012792.7754   11.8853
    7.5000   15.0000  -45.000012247.0410   11.8744
   -7.5000   22.5000  -45.000011917.4531   11.8793
    0.0000   22.5000  -45.000012443.6982   11.8988
    7.5000   22.5000  -45.000011911.8223   11.8906
   -7.5000   30.0000  -45.000011424.7754   11.7208
    0.0000   30.0000  -45.000011939.0420   11.7394
    7.5000   30.0000  -45.000011445.1318   11.7359
   -7.5000   37.5000  -45.000011378.0703   11.7045
    0.0000   37.5000  -45.000011863.8398   11.7193
    7.5000   37.5000  -45.000011354.8682   11.7178
   -7.5000   45.0000  -45.000010754.3779   11.3945
    0.0000   45.0000  -45.000011223.3418   11.4062
    7.5000   45.0000  -45.000010724.7803   11.4032
   -7.5000  -45.0000  -37.5000 7416.2910   12.2169
    0.0000  -45.0000  -37.5000 7793.3677   12.2339
    7.5000  -45.0000  -37.5000 7482.8691   12.2289
   -7.5000  -37.5000  -37.5000 8169.8608   12.0342
    0.0000  -37.5000  -37.5000 8579.6670   12.0517
    7.5000  -37.5000  -37.5000 8229.7861   12.0456
   -7.5000  -30.0000  -37.5000 9249.5146   11.9284
    0.0000  -30.0000  -37.5000 9702.3672   11.9509
    7.5000  -30.0000  -37.5000 9306.3154   11.9440
   -7.5000  -22.5000  -37.500010326.6797   11.8946
    0.0000  -22.5000  -37.500010833.6611   11.9203
    7.5000  -22.5000  -37.500010383.0664   11.9154
   -7.5000  -15.0000  -37.500011391.6572   11.8954
    0.0000  -15.0000  -37.500011945.8604   11.9186
    7.5000  -15.0000  -37.500011449.2529   11.9160
   -7.5000   -7.5000  -37.500012412.8740   11.8772
    0.0000   -7.5000  -37.500012995.5791   11.8942
    7.5000   -7.5000  -37.500012454.1621   11.8917
   -7.5000    0.0000  -37.500013232.9795   11.8595
    0.0000    0.0000  -37.500013861.9648   11.8732
    7.5000    0.0000  -37.500013269.5967   11.8691
   -7.5000    7.5000  -37.500013067.4385   11.8610
    0.0000    7.5000  -37.500013671.9160   11.8775
    7.5000    7.5000  -37.500013085.8809   11.8712
   -7.5000   15.0000  -37.500012824.2920   11.8778
    0.0000   15.0000  -37.500013405.8623   11.9000
    7.5000   15.0000  -37.500012831.2422   11.8931
   -7.5000   22.5000  -37.500012464.5283   11.8928
    0.0000   22.5000  -37.500013040.9326   11.9185
    7.5000   22.5000  -37.500012474.2969   11.9137
   -7.5000   30.0000  -37.500011957.2158   11.7369
    0.0000   30.0000  -37.500012510.3447   11.7598
    7.5000   30.0000  -37.500011981.3877   11.7572
   -7.5000   37.5000  -37.500011836.8936   11.7189
    0.0000   37.5000  -37.500012351.9980   11.7357
    7.5000   37.5000  -37.500011806.1689   11.7332
   -7.5000   45.0000  -37.500011187.2275   11.4044
    0.0000   45.0000  -37.500011641.3682   11.4175
    7.5000   45.0000  -37.500011143.5615   11.4136
   -7.5000  -45.0000  -30.0000 7918.8105   12.7471
    0.0000  -45.0000  -30.0000 8308.4756   12.7662
    7.5000  -45.0000  -30.0000 7975.7559   12.7612
   -7.5000  -37.5000  -30.0000 8714.1250   12.5553
    0.0000  -37.5000  -30.0000 9142.3301   12.5764
    7.5000  -37.5000  -30.0000 8772.0615   12.5724
   -7.5000  -30.0000  -30.0000 9836.4736   12.4434
    0.0000  -30.0000  -30.000010315.9424   12.4701
    7.5000  -30.0000  -30.0000 9897.7041   12.4676
   -7.5000  -22.5000  -30.000010975.1455   12.4079
    0.0000  -22.5000  -30.000011499.9668   12.4366
    7.5000  -22.5000  -30.000011041.2969   12.4357
   -7.5000  -15.0000  -30.000012104.7080   12.4094
    0.0000  -15.0000  -30.000012679.7334   12.4341
    7.5000  -15.0000  -30.000012154.5391   12.4334
   -7.5000   -7.5000  -30.000013176.7979   12.3917
    0.0000   -7.5000  -30.000013808.7891   12.4098
    7.5000   -7.5000  -30.000013218.1426   12.4073
   -7.5000    0.0000  -30.000014060.1309   12.3741
    0.0000    0.0000  -30.000014734.6211   12.3897
    7.5000    0.0000  -30.000014099.4297   12.3855
   -7.5000    7.5000  -30.000013874.8652   12.3747
    0.0000    7.5000  -30.000014519.9834   12.3946
    7.5000    7.5000  -30.000013889.8213   12.3904
   -7.5000   15.0000  -30.000013601.0928   12.3906
    0.0000   15.0000  -30.000014210.8252   12.4170
    7.5000   15.0000  -30.000013584.0547   12.4144
   -7.5000   22.5000  -30.000013233.0391   12.4048
    0.0000   22.5000  -30.000013863.1514   12.4334
    7.5000   22.5000  -30.000013219.4062   12.4326
   -7.5000   30.0000  -30.000012708.5654   12.2452
    0.0000   30.0000  -30.000013312.1416   12.2696
    7.5000   30.0000  -30.000012701.3086   12.2689
   -7.5000   37.5000  -30.000012504.6562   12.2278
    0.0000   37.5000  -30.000013040.3311   12.2456
    7.5000   37.5000  -30.000012452.8301   12.2432
   -7.5000   45.0000  -30.000011816.1855   11.9079
    0.0000   45.0000  -30.000012268.9951   11.9230
    7.5000   45.0000  -30.000011748.6729   11.9189
   -7.5000  -45.0000  -22.5000 8368.3096   13.1905
    0.0000  -45.0000  -22.5000 8769.0596   13.2094
    7.5000  -45.0000  -22.5000 8431.9941   13.2055
   -7.5000  -37.5000  -22.5000 9207.4160   12.9939
    0.0000  -37.5000  -22.5000 9639.0254   13.0143
    7.5000  -37.5000  -22.5000 9263.0039   13.0104
   -7.5000  -30.0000  -22.500010407.6982   12.8746
    0.0000  -30.0000  -22.500010894.6660   12.8985
    7.5000  -30.0000  -22.500010466.4180   12.8959
   -7.5000  -22.5000  -22.500011622.9434   12.8317
    0.0000  -22.5000  -22.500012147.6055   12.8558
    7.5000  -22.5000  -22.500011663.4111   12.8557
   -7.5000  -15.0000  -22.500012801.9463   12.8304
    0.0000  -15.0000  -22.500013397.1426   12.8510
    7.5000  -15.0000  -22.500012834.9541   12.8521
   -7.5000   -7.5000  -22.500013917.1943   12.8154
    0.0000   -7.5000  -22.500014587.0127   12.8318
    7.5000   -7.5000  -22.500013944.1582   12.8313
   -7.5000    0.0000  -22.500014899.1621   12.8037
    0.0000    0.0000  -22.500015592.0312   12.8193
    7.5000    0.0000  -22.500014894.2598   12.8162
   -7.5000    7.5000  -22.500014705.8857   12.8070
    0.0000    7.5000  -22.500015373.6318   12.8264
    7.5000    7.5000  -22.500014676.0586   12.8223
   -7.5000   15.0000  -22.500014372.7295   12.8200
    0.0000   15.0000  -22.500015010.4678   12.8437
    7.5000   15.0000  -22.500014303.1367   12.8410
   -7.5000   22.5000  -22.500013984.5693   12.8276
    0.0000   22.5000  -22.500014612.8301   12.8517
    7.5000   22.5000  -22.500013903.2646   12.8516
   -7.5000   30.0000  -22.500013435.2295   12.6626
    0.0000   30.0000  -22.500014046.4941   12.6829
    7.5000   30.0000  -22.500013371.3428   12.6840
   -7.5000   37.5000  -22.500013175.9121   12.6478
    0.0000   37.5000  -22.500013718.6768   12.6640
    7.5000   37.5000  -22.500013094.3760   12.6634
   -7.5000   45.0000  -22.500012421.1650   12.3306
    0.0000   45.0000  -22.500012895.7002   12.3456
    7.5000   45.0000  -22.500012322.4004   12.3426
   -7.5000  -45.0000  -15.0000 8815.6562   13.4965
    0.0000  -45.0000  -15.0000 9223.1768   13.5137
    7.5000  -45.0000  -15.0000 8868.6934   13.5109
   -7.5000  -37.5000  -15.0000 9727.1475   13.2986
    0.0000  -37.5000  -15.000010172.2021   13.3155
    7.5000  -37.5000  -15.0000 9763.5361   13.3099
   -7.5000  -30.0000  -15.000010990.8350   13.1746
    0.0000  -30.0000  -15.000011497.2246   13.1926
    7.5000  -30.0000  -15.000011023.7598   13.1861
   -7.5000  -22.5000  -15.000012234.7158   13.1246
    0.0000  -22.5000  -15.000012795.7188   13.1422
    7.5000  -22.5000  -15.000012243.3906   13.1393
   -7.5000  -15.0000  -15.000013409.5352   13.1197
    0.0000  -15.0000  -15.000014047.2178   13.1354
    7.5000  -15.0000  -15.000013423.3350   13.1363
   -7.5000   -7.5000  -15.000014571.7354   13.1065
    0.0000   -7.5000  -15.000015297.5811   13.1205
    7.5000   -7.5000  -15.000014562.1982   13.1217
   -7.5000    0.0000  -15.000015657.2363   13.0999
    0.0000    0.0000  -15.000016424.7109   13.1142
    7.5000    0.0000  -15.000015632.1777   13.1124
   -7.5000    7.5000  -15.000015532.3740   13.1074
    0.0000    7.5000  -15.000016288.2080   13.1235
    7.5000    7.5000  -15.000015481.4160   13.1179
   -7.5000   15.0000  -15.000015215.5635   13.1188
    0.0000   15.0000  -15.000015940.5059   13.1366
    7.5000   15.0000  -15.000015089.3154   13.1301
   -7.5000   22.5000  -15.000014761.3525   13.1199
    0.0000   22.5000  -15.000015417.2871   13.1374
    7.5000   22.5000  -15.000014604.9814   13.1345
   -7.5000   30.0000  -15.000014141.8857   12.9499
    0.0000   30.0000  -15.000014790.5156   12.9654
    7.5000   30.0000  -15.000014032.7842   12.9662
   -7.5000   37.5000  -15.000013810.8740   12.9369
    0.0000   37.5000  -15.000014442.2100   12.9507
    7.5000   37.5000  -15.000013713.7705   12.9519
   -7.5000   45.0000  -15.000012978.6953   12.6235
    0.0000   45.0000  -15.000013569.5234   12.6372
    7.5000   45.0000  -15.000012866.0137   12.6355
   -7.5000  -45.0000   -7.5000 9209.5576   13.6369
    0.0000  -45.0000   -7.5000 9665.7803   13.6531
    7.5000  -45.0000   -7.5000 9268.1514   13.6498
   -7.5000  -37.5000   -7.500010171.1377   13.4376
    0.0000  -37.5000   -7.500010678.3760   13.4520
    7.5000  -37.5000   -7.500010214.1885   13.4442
   -7.5000  -30.0000   -7.500011526.6553   13.3142
    0.0000  -30.0000   -7.500012070.8623   13.3296
    7.5000  -30.0000   -7.500011530.1992   13.3185
   -7.5000  -22.5000   -7.500012856.0742   13.2648
    0.0000  -22.5000   -7.500013431.4922   13.2814
    7.5000  -22.5000   -7.500012836.2646   13.2739
   -7.5000  -15.0000   -7.500014081.4141   13.2597
    0.0000  -15.0000   -7.500014719.7031   13.2758
    7.5000  -15.0000   -7.500014053.4814   13.2739
   -7.5000   -7.5000   -7.500015238.3164   13.2447
    0.0000   -7.5000   -7.500015892.0469   13.2590
    7.5000   -7.5000   -7.500015205.8721   13.2594
   -7.5000    0.0000   -7.500016324.7842   13.2364
    0.0000    0.0000   -7.500017102.3965   13.2496
    7.5000    0.0000   -7.500016326.6699   13.2475
   -7.5000    7.5000   -7.500016338.7832   13.2443
    0.0000    7.5000   -7.500017366.7266   13.2580
    7.5000    7.5000   -7.500016317.3213   13.2501
   -7.5000   15.0000   -7.500016186.0898   13.2577
    0.0000   15.0000   -7.500017280.9609   13.2730
    7.5000   15.0000   -7.500016068.0625   13.2619
   -7.5000   22.5000   -7.500015712.0449   13.2585
    0.0000   22.5000   -7.500016655.5977   13.2751
    7.5000   22.5000   -7.500015555.0713   13.2676
   -7.5000   30.0000   -7.500014936.8584   13.0877
    0.0000   30.0000   -7.500015769.9023   13.1036
    7.5000   30.0000   -7.500014817.9814   13.1018
   -7.5000   37.5000   -7.500014451.4795   13.0730
    0.0000   37.5000   -7.500015203.9746   13.0871
    7.5000   37.5000   -7.500014364.3066   13.0875
   -7.5000   45.0000   -7.500013513.7383   12.7574
    0.0000   45.0000   -7.500014179.1826   12.7701
    7.5000   45.0000   -7.500013395.3604   12.7681
   -7.5000  -45.0000    0.0000 9538.8154   13.6582
    0.0000  -45.0000    0.000010027.2705   13.6752
    7.5000  -45.0000    0.0000 9584.4990   13.6703
   -7.5000  -37.5000    0.000010550.0000   13.4566
    0.0000  -37.5000    0.000011066.8105   13.4719
    7.5000  -37.5000    0.000010581.8311   13.4631
   -7.5000  -30.0000    0.000011935.1709   13.3366
    0.0000  -30.0000    0.000012489.6719   13.3551
    7.5000  -30.0000    0.000011939.1113   13.3428
   -7.5000  -22.5000    0.000013300.1143   13.2935
    0.0000  -22.5000    0.000013909.5527   13.3153
    7.5000  -22.5000    0.000013304.3379   13.3061
   -7.5000  -15.0000    0.000014590.2383   13.2912
    0.0000  -15.0000    0.000015287.3486   13.3124
    7.5000  -15.0000    0.000014586.5938   13.3084
   -7.5000   -7.5000    0.000015794.4346   13.2728
    0.0000   -7.5000    0.000016555.3516   13.2895
    7.5000   -7.5000    0.000015811.1982   13.2879
   -7.5000    0.0000    0.000016977.4648   13.2579
    0.0000    0.0000    0.000017874.6055   13.2716
    7.5000    0.0000    0.000016978.5000   13.2680
   -7.5000    7.5000    0.000017015.1953   13.2630
    0.0000    7.5000    0.000018171.8047   13.2774
    7.5000    7.5000    0.000016965.2773   13.2685
   -7.5000   15.0000    0.000016799.4258   13.2799
    0.0000   15.0000    0.000018033.5430   13.2982
    7.5000   15.0000    0.000016753.2793   13.2860
   -7.5000   22.5000    0.000016305.3027   13.2872
    0.0000   22.5000    0.000017437.5254   13.3090
    7.5000   22.5000    0.000016255.9072   13.2998
   -7.5000   30.0000    0.000015503.9873   13.1192
    0.0000   30.0000    0.000016475.6367   13.1401
    7.5000   30.0000    0.000015445.8516   13.1362
   -7.5000   37.5000    0.000014947.8311   13.1010
    0.0000   37.5000    0.000015781.5137   13.1175
    7.5000   37.5000    0.000014914.9355   13.1159
   -7.5000   45.0000    0.000013906.1338   12.7791
    0.0000   45.0000    0.000014578.5381   12.7922
    7.5000   45.0000    0.000013844.1924   12.7888
   -7.5000  -45.0000    7.5000 9092.9863   13.6711
    0.0000  -45.0000    7.5000 9563.7549   13.6901
    7.5000  -45.0000    7.5000 9141.4443   13.6844
   -7.5000  -37.5000    7.500010052.6211   13.4666
    0.0000  -37.5000    7.500010571.6445   13.4862
    7.5000  -37.5000    7.500010102.3232   13.4794
   -7.5000  -30.0000    7.500011384.7012   13.3482
    0.0000  -30.0000    7.500011959.0430   13.3734
    7.5000  -30.0000    7.500011430.6895   13.3657
   -7.5000  -22.5000    7.500012713.4062   13.3104
    0.0000  -22.5000    7.500013361.1729   13.3391
    7.5000  -22.5000    7.500012749.9170   13.3337
   -7.5000  -15.0000    7.500013962.7930   13.3113
    0.0000  -15.0000    7.500014663.9521   13.3373
    7.5000  -15.0000    7.500013986.0361   13.3343
   -7.5000   -7.5000    7.500015140.0967   13.2909
    0.0000   -7.5000    7.500015871.4658   13.3099
    7.5000   -7.5000    7.500015148.8584   13.3071
   -7.5000    0.0000    7.500016250.8877   13.2711
    0.0000    0.0000    7.500017064.7305   13.2864
    7.5000    0.0000    7.500016251.8135   13.2819
   -7.5000    7.5000    7.500016143.9053   13.2728
    0.0000    7.5000    7.500017041.1113   13.2912
    7.5000    7.5000    7.500016183.7539   13.2842
   -7.5000   15.0000    7.500015808.8828   13.2915
    0.0000   15.0000    7.500016659.0723   13.3164
    7.5000   15.0000    7.500015890.1719   13.3087
   -7.5000   22.5000    7.500015358.9854   13.3041
    0.0000   22.5000    7.500016124.9658   13.3329
    7.5000   22.5000    7.500015408.0947   13.3274
   -7.5000   30.0000    7.500014742.5010   13.1390
    0.0000   30.0000    7.500015441.0771   13.1647
    7.5000   30.0000    7.500014745.3066   13.1617
   -7.5000   37.5000    7.500014271.8320   13.1189
    0.0000   37.5000    7.500014924.2822   13.1377
    7.5000   37.5000    7.500014281.1934   13.1349
   -7.5000   45.0000    7.500013272.1602   12.7919
    0.0000   45.0000    7.500013826.8828   12.8066
    7.5000   45.0000    7.500013244.7256   12.8022
   -7.5000  -45.0000   15.0000 8516.2139   13.7265
    0.0000  -45.0000   15.0000 8982.5869   13.7472
    7.5000  -45.0000   15.0000 8574.0391   13.7420
   -7.5000  -37.5000   15.0000 9438.4062   13.5195
    0.0000  -37.5000   15.0000 9957.8555   13.5423
    7.5000  -37.5000   15.0000 9503.3994   13.5381
   -7.5000  -30.0000   15.000010705.9043   13.3986
    0.0000  -30.0000   15.000011265.1270   13.4275
    7.5000  -30.0000   15.000010775.6689   13.4248
   -7.5000  -22.5000   15.000011964.2402   13.3602
    0.0000  -22.5000   15.000012552.9297   13.3912
    7.5000  -22.5000   15.000011996.5059   13.3903
   -7.5000  -15.0000   15.000013116.8076   13.3619
    0.0000  -15.0000   15.000013723.4248   13.3886
    7.5000  -15.0000   15.000013151.7480   13.3879
   -7.5000   -7.5000   15.000014237.2402   13.3428
    0.0000   -7.5000   15.000014872.8389   13.3623
    7.5000   -7.5000   15.000014252.4541   13.3598
   -7.5000    0.0000   15.000015266.5615   13.3239
    0.0000    0.0000   15.000015986.0605   13.3408
    7.5000    0.0000   15.000015302.5879   13.3363
   -7.5000    7.5000   15.000015062.8545   13.3244
    0.0000    7.5000   15.000015809.4404   13.3460
    7.5000    7.5000   15.000015160.9619   13.3416
   -7.5000   15.0000   15.000014735.2842   13.3416
    0.0000   15.0000   15.000015407.0400   13.3701
    7.5000   15.0000   15.000014830.1035   13.3673
   -7.5000   22.5000   15.000014357.3076   13.3539
    0.0000   22.5000   15.000014981.5840   13.3848
    7.5000   22.5000   15.000014396.6377   13.3840
   -7.5000   30.0000   15.000013839.1865   13.1889
    0.0000   30.0000   15.000014452.8682   13.2153
    7.5000   30.0000   15.000013842.4873   13.2146
   -7.5000   37.5000   15.000013459.7109   13.1701
    0.0000   37.5000   15.000014052.7012   13.1894
    7.5000   37.5000   15.000013460.9902   13.1869
   -7.5000   45.0000   15.000012514.6240   12.8427
    0.0000   45.0000   15.000013050.3203   12.8590
    7.5000   45.0000   15.000012486.6367   12.8547
   -7.5000  -45.0000   22.5000 7917.3315   13.8458
    0.0000  -45.0000   22.5000 8314.0830   13.8659
    7.5000  -45.0000   22.5000 7938.9932   13.8616
   -7.5000  -37.5000   22.5000 8780.8027   13.6370
    0.0000  -37.5000   22.5000 9222.4355   13.6587
    7.5000  -37.5000   22.5000 8806.4775   13.6544
   -7.5000  -30.0000   22.5000 9946.2012   13.5103
    0.0000  -30.0000   22.500010418.0117   13.5358
    7.5000  -30.0000   22.5000 9988.7822   13.5329
   -7.5000  -22.5000   22.500011083.4844   13.4650
    0.0000  -22.5000   22.500011597.2881   13.4906
    7.5000  -22.5000   22.500011121.3867   13.4904
   -7.5000  -15.0000   22.500012159.4316   13.4639
    0.0000  -15.0000   22.500012716.3740   13.4857
    7.5000  -15.0000   22.500012186.5068   13.4866
   -7.5000   -7.5000   22.500013224.2383   13.4480
    0.0000   -7.5000   22.500013829.7793   13.4654
    7.5000   -7.5000   22.500013241.5781   13.4646
   -7.5000    0.0000   22.500014199.2129   13.4354
    0.0000    0.0000   22.500014872.0879   13.4520
    7.5000    0.0000   22.500014233.4697   13.4485
   -7.5000    7.5000   22.500014010.2441   13.4387
    0.0000    7.5000   22.500014646.7666   13.4593
    7.5000    7.5000   22.500014061.0791   13.4549
   -7.5000   15.0000   22.500013682.5195   13.4524
    0.0000   15.0000   22.500014266.7627   13.4776
    7.5000   15.0000   22.500013714.6006   13.4747
   -7.5000   22.5000   22.500013318.0801   13.4587
    0.0000   22.5000   22.500013892.1797   13.4843
    7.5000   22.5000   22.500013329.2109   13.4840
   -7.5000   30.0000   22.500012877.4307   13.2896
    0.0000   30.0000   22.500013425.1650   13.3111
    7.5000   30.0000   22.500012872.7441   13.3121
   -7.5000   37.5000   22.500012574.1826   13.2740
    0.0000   37.5000   22.500013100.0205   13.2911
    7.5000   37.5000   22.500012553.8730   13.2904
   -7.5000   45.0000   22.500011682.0312   12.9502
    0.0000   45.0000   22.500012161.4688   12.9661
    7.5000   45.0000   22.500011630.1279   12.9628
   -7.5000  -45.0000   30.0000 7307.7212   14.1024
    0.0000  -45.0000   30.0000 7664.7617   14.1205
    7.5000  -45.0000   30.0000 7315.3667   14.1168
   -7.5000  -37.5000   30.0000 8094.4937   13.8871
    0.0000  -37.5000   30.0000 8476.7939   13.9051
    7.5000  -37.5000   30.0000 8110.7866   13.8987
   -7.5000  -30.0000   30.0000 9159.6641   13.7526
    0.0000  -30.0000   30.0000 9591.2520   13.7718
    7.5000  -30.0000   30.0000 9187.8340   13.7649
   -7.5000  -22.5000   30.000010215.0449   13.7001
    0.0000  -22.5000   30.000010699.5400   13.7187
    7.5000  -22.5000   30.000010234.2793   13.7157
   -7.5000  -15.0000   30.000011224.7939   13.6970
    0.0000  -15.0000   30.000011743.5654   13.7133
    7.5000  -15.0000   30.000011230.4365   13.7140
   -7.5000   -7.5000   30.000012226.0312   13.6838
    0.0000   -7.5000   30.000012772.9561   13.6982
    7.5000   -7.5000   30.000012220.4482   13.6990
   -7.5000    0.0000   30.000013117.3291   13.6757
    0.0000    0.0000   30.000013726.6777   13.6905
    7.5000    0.0000   30.000013130.1826   13.6879
   -7.5000    7.5000   30.000012939.2568   13.6815
    0.0000    7.5000   30.000013517.8379   13.6986
    7.5000    7.5000   30.000012946.5059   13.6922
   -7.5000   15.0000   30.000012628.9893   13.6926
    0.0000   15.0000   30.000013173.3223   13.7116
    7.5000   15.0000   30.000012624.2949   13.7047
   -7.5000   22.5000   30.000012259.1816   13.6936
    0.0000   22.5000   30.000012789.9639   13.7122
    7.5000   22.5000   30.000012254.3750   13.7092
   -7.5000   30.0000   30.000011868.2520   13.5197
    0.0000   30.0000   30.000012386.4824   13.5359
    7.5000   30.0000   30.000011853.9756   13.5366
   -7.5000   37.5000   30.000011643.5830   13.5067
    0.0000   37.5000   30.000012134.2646   13.5210
    7.5000   37.5000   30.000011615.0664   13.5217
   -7.5000   45.0000   30.000010808.0527   13.1818
    0.0000   45.0000   30.000011249.8623   13.1961
    7.5000   45.0000   30.000010762.5146   13.1936
   -7.5000  -45.0000   37.5000 6988.8691   14.4973
    0.0000  -45.0000   37.5000 7318.8594   14.5159
    7.5000  -45.0000   37.5000 6992.7422   14.5126
   -7.5000  -37.5000   37.5000 7737.6099   14.2700
    0.0000  -37.5000   37.5000 8089.9648   14.2873
    7.5000  -37.5000   37.5000 7749.8496   14.2790
   -7.5000  -30.0000   37.5000 8766.2852   14.1318
    0.0000  -30.0000   37.5000 9180.6436   14.1509
    7.5000  -30.0000   37.5000 8776.8506   14.1392
   -7.5000  -22.5000   37.5000 9794.9844   14.0796
    0.0000  -22.5000   37.500010258.1543   14.0998
    7.5000  -22.5000   37.5000 9801.8281   14.0925
   -7.5000  -15.0000   37.500010769.8789   14.0766
    0.0000  -15.0000   37.500011266.2490   14.0956
    7.5000  -15.0000   37.500010755.2539   14.0947
   -7.5000   -7.5000   37.500011704.0195   14.0592
    0.0000   -7.5000   37.500012223.5000   14.0755
    7.5000   -7.5000   37.500011693.7334   14.0768
   -7.5000    0.0000   37.500012553.8125   14.0463
    0.0000    0.0000   37.500013117.0059   14.0615
    7.5000    0.0000   37.500012543.1914   14.0596
   -7.5000    7.5000   37.500012380.2812   14.0527
    0.0000    7.5000   37.500012941.1494   14.0691
    7.5000    7.5000   37.500012389.0176   14.0607
   -7.5000   15.0000   37.500012078.3164   14.0684
    0.0000   15.0000   37.500012598.5137   14.0872
    7.5000   15.0000   37.500012068.4102   14.0756
   -7.5000   22.5000   37.500011715.2578   14.0729
    0.0000   22.5000   37.500012208.7393   14.0931
    7.5000   22.5000   37.500011699.1641   14.0859
   -7.5000   30.0000   37.500011366.7266   13.8944
    0.0000   30.0000   37.500011848.6992   13.9132
    7.5000   30.0000   37.500011326.8535   13.9123
   -7.5000   37.5000   37.500011181.9922   13.8772
    0.0000   37.5000   37.500011662.5273   13.8933
    7.5000   37.5000   37.500011139.6855   13.8946
   -7.5000   45.0000   37.500010356.3389   13.5390
    0.0000   45.0000   37.500010800.1270   13.5536
    7.5000   45.0000   37.500010307.3320   13.5519
   -7.5000  -45.0000   45.0000 6372.9409   14.9188
    0.0000  -45.0000   45.0000 6663.4927   14.9420
    7.5000  -45.0000   45.0000 6369.8853   14.9382
   -7.5000  -37.5000   45.0000 7054.1797   14.6740
    0.0000  -37.5000   45.0000 7366.1978   14.6958
    7.5000  -37.5000   45.0000 7063.2061   14.6866
   -7.5000  -30.0000   45.0000 8000.7100   14.5335
    0.0000  -30.0000   45.0000 8372.5205   14.5596
    7.5000  -30.0000   45.0000 8002.7354   14.5461
   -7.5000  -22.5000   45.0000 8949.1133   14.4892
    0.0000  -22.5000   45.0000 9373.7568   14.5190
    7.5000  -22.5000   45.0000 8936.8936   14.5098
   -7.5000  -15.0000   45.0000 9860.5146   14.4915
    0.0000  -15.0000   45.000010305.0889   14.5197
    7.5000  -15.0000   45.0000 9826.4844   14.5173
   -7.5000   -7.5000   45.000010713.4912   14.4661
    0.0000   -7.5000   45.000011196.7754   14.4885
    7.5000   -7.5000   45.000010702.1299   14.4890
   -7.5000    0.0000   45.000011468.7783   14.4404
    0.0000    0.0000   45.000011975.4443   14.4593
    7.5000    0.0000   45.000011460.3740   14.4570
   -7.5000    7.5000   45.000011313.4043   14.4426
    0.0000    7.5000   45.000011813.0273   14.4632
    7.5000    7.5000   45.000011302.5850   14.4538
   -7.5000   15.0000   45.000011032.6768   14.4658
    0.0000   15.0000   45.000011508.3164   14.4916
    7.5000   15.0000   45.000011012.2725   14.4782
   -7.5000   22.5000   45.000010710.9072   14.4823
    0.0000   22.5000   45.000011168.3018   14.5121
    7.5000   22.5000   45.000010684.8506   14.5028
   -7.5000   30.0000   45.000010392.9805   14.3027
    0.0000   30.0000   45.000010842.8115   14.3305
    7.5000   30.0000   45.000010360.9600   14.3282
   -7.5000   37.5000   45.000010241.7256   14.2776
    0.0000   37.5000   45.000010689.9043   14.2998
    7.5000   37.5000   45.000010206.5469   14.3003
   -7.5000   45.0000   45.0000 9491.6611   13.9252
    0.0000   45.0000   45.0000 9905.5059   13.9434
    7.5000   45.0000   45.0000 9463.0537   13.9412

---------------------------------------------------------------------
imgreg_4dfp /opt/freesurfer/average/711-2C_as_mni_average_305 /opt/freesurfer/average/711-2B_as_mni_average_305_mask talsrcimg_g11 none talsrcimg_to_711-2C_as_mni_average_305_t4 4355
---------------------------------------------------------------------

freesurfer imgreg_4dfp.c
/opt/freesurfer/average/711-2C_as_mni_average_305.4dfp.img
       256       256       256         1
  1.000000  1.000000  1.000000
orientation T byte_order littleendian
Reading image: /opt/freesurfer/average/711-2C_as_mni_average_305.4dfp.img
dimensions:      256       256       256
mmppix:       1.0000   -1.0000   -1.0000
center:     128.0000 -129.0000 -129.0000
/opt/freesurfer/average/711-2B_as_mni_average_305_mask.4dfp.img
       256       256       256         1
  1.000000  1.000000  1.000000
orientation T byte_order littleendian
Reading mask: /opt/freesurfer/average/711-2B_as_mni_average_305_mask.4dfp.img (2306576 pixels)
talsrcimg_g11.4dfp.img
       256       256       256         1
  1.000000  1.000000  1.000000
orientation T byte_order littleendian
Reading image: talsrcimg_g11.4dfp.img
dimensions:      256       256       256
mmppix:       1.0000   -1.0000   -1.0000
center:     128.0000 -129.0000 -129.0000
rotation matrix determinant  1.000000
image alignment mode   4355 decimal     1103 hex
   -7.5000  -37.5000  -45.0000 2046.9484   14.8786
    0.0000  -37.5000  -45.0000 2061.3564   14.7228
    7.5000  -37.5000  -45.0000 2054.8318   14.7524
   -7.5000  -30.0000  -45.0000 2172.8508   13.2455
    0.0000  -30.0000  -45.0000 2191.2520   13.1126
    7.5000  -30.0000  -45.0000 2182.0820   13.1519
   -7.5000  -22.5000  -45.0000 2288.2041   11.9959
    0.0000  -22.5000  -45.0000 2309.6138   11.8790
    7.5000  -22.5000  -45.0000 2300.9387   11.9293
   -7.5000  -15.0000  -45.0000 2384.8040   11.0384
    0.0000  -15.0000  -45.0000 2409.6130   10.9359
    7.5000  -15.0000  -45.0000 2399.7913   10.9963
   -7.5000   -7.5000  -45.0000 2457.6931   10.3625
    0.0000   -7.5000  -45.0000 2480.5801   10.2413
    7.5000   -7.5000  -45.0000 2469.7175   10.2901
   -7.5000    0.0000  -45.0000 2495.8335    9.9148
    0.0000    0.0000  -45.0000 2517.9465    9.7821
    7.5000    0.0000  -45.0000 2503.9260    9.8472
   -7.5000    7.5000  -45.0000 2516.8926    9.6889
    0.0000    7.5000  -45.0000 2540.1816    9.5541
    7.5000    7.5000  -45.0000 2520.9617    9.6306
   -7.5000   15.0000  -45.0000 2514.8008    9.6677
    0.0000   15.0000  -45.0000 2533.1074    9.5368
    7.5000   15.0000  -45.0000 2520.7092    9.6182
   -7.5000   22.5000  -45.0000 2498.0491    9.7946
    0.0000   22.5000  -45.0000 2519.2917    9.6798
    7.5000   22.5000  -45.0000 2500.8904    9.7725
   -7.5000   30.0000  -45.0000 2455.7773   10.1334
    0.0000   30.0000  -45.0000 2477.7832   10.0091
    7.5000   30.0000  -45.0000 2464.6470   10.1115
   -7.5000   37.5000  -45.0000 2403.9377   10.6758
    0.0000   37.5000  -45.0000 2427.8574   10.5352
    7.5000   37.5000  -45.0000 2412.2720   10.6661
   -7.5000   45.0000  -45.0000 2329.6458   11.4131
    0.0000   45.0000  -45.0000 2353.2710   11.2880
    7.5000   45.0000  -45.0000 2334.1128   11.4049
   -7.5000   52.5000  -45.0000 2213.2751   12.3427
    0.0000   52.5000  -45.0000 2235.3533   12.2142
    7.5000   52.5000  -45.0000 2216.5076   12.3142
   -7.5000  -37.5000  -37.5000 2100.0105   14.1093
    0.0000  -37.5000  -37.5000 2115.3521   13.9738
    7.5000  -37.5000  -37.5000 2109.1128   14.0128
   -7.5000  -30.0000  -37.5000 2228.8652   12.5466
    0.0000  -30.0000  -37.5000 2247.7781   12.4179
    7.5000  -30.0000  -37.5000 2239.8650   12.4724
   -7.5000  -22.5000  -37.5000 2346.9167   11.3310
    0.0000  -22.5000  -37.5000 2370.5383   11.2230
    7.5000  -22.5000  -37.5000 2360.1777   11.2857
   -7.5000  -15.0000  -37.5000 2450.5974   10.3916
    0.0000  -15.0000  -37.5000 2476.5264   10.2826
    7.5000  -15.0000  -37.5000 2467.2471   10.3520
   -7.5000   -7.5000  -37.5000 2528.7214    9.7199
    0.0000   -7.5000  -37.5000 2551.5896    9.5926
    7.5000   -7.5000  -37.5000 2542.2222    9.6648
   -7.5000    0.0000  -37.5000 2570.5312    9.2726
    0.0000    0.0000  -37.5000 2593.3132    9.1489
    7.5000    0.0000  -37.5000 2585.1416    9.2200
   -7.5000    7.5000  -37.5000 2602.8557    9.0408
    0.0000    7.5000  -37.5000 2629.4834    8.9296
    7.5000    7.5000  -37.5000 2610.5781    9.0061
   -7.5000   15.0000  -37.5000 2614.2515    8.9756
    0.0000   15.0000  -37.5000 2639.2102    8.8716
    7.5000   15.0000  -37.5000 2622.1963    8.9585
   -7.5000   22.5000  -37.5000 2596.3628    9.1251
    0.0000   22.5000  -37.5000 2623.3394    9.0080
    7.5000   22.5000  -37.5000 2605.2227    9.1130
   -7.5000   30.0000  -37.5000 2555.6938    9.4496
    0.0000   30.0000  -37.5000 2583.3413    9.3406
    7.5000   30.0000  -37.5000 2567.1304    9.4459
   -7.5000   37.5000  -37.5000 2498.0581    9.9628
    0.0000   37.5000  -37.5000 2526.5920    9.8290
    7.5000   37.5000  -37.5000 2504.5884    9.9490
   -7.5000   45.0000  -37.5000 2417.4412   10.6553
    0.0000   45.0000  -37.5000 2440.1924   10.5279
    7.5000   45.0000  -37.5000 2422.6245   10.6377
   -7.5000   52.5000  -37.5000 2289.2615   11.5138
    0.0000   52.5000  -37.5000 2311.8057   11.3807
    7.5000   52.5000  -37.5000 2294.5095   11.4862
   -7.5000  -37.5000  -30.0000 2180.2866   13.9255
    0.0000  -37.5000  -30.0000 2198.4829   13.7490
    7.5000  -37.5000  -30.0000 2193.2537   13.8237
   -7.5000  -30.0000  -30.0000 2311.8728   12.3686
    0.0000  -30.0000  -30.0000 2336.1108   12.2114
    7.5000  -30.0000  -30.0000 2328.9678   12.2899
   -7.5000  -22.5000  -30.0000 2435.7134   11.1228
    0.0000  -22.5000  -30.0000 2460.8640   11.0068
    7.5000  -22.5000  -30.0000 2452.5413   11.0860
   -7.5000  -15.0000  -30.0000 2548.0488   10.1770
    0.0000  -15.0000  -30.0000 2572.6851   10.0628
    7.5000  -15.0000  -30.0000 2566.6204   10.1380
   -7.5000   -7.5000  -30.0000 2636.1787    9.4627
    0.0000   -7.5000  -30.0000 2664.3140    9.3511
    7.5000   -7.5000  -30.0000 2654.0288    9.4173
   -7.5000    0.0000  -30.0000 2688.8525    9.0021
    0.0000    0.0000  -30.0000 2717.5139    8.9006
    7.5000    0.0000  -30.0000 2708.4067    8.9601
   -7.5000    7.5000  -30.0000 2729.9512    8.7732
    0.0000    7.5000  -30.0000 2761.5017    8.6420
    7.5000    7.5000  -30.0000 2743.4724    8.7314
   -7.5000   15.0000  -30.0000 2758.2725    8.6825
    0.0000   15.0000  -30.0000 2787.1250    8.5654
    7.5000   15.0000  -30.0000 2761.7998    8.6625
   -7.5000   22.5000  -30.0000 2744.5349    8.8396
    0.0000   22.5000  -30.0000 2777.0859    8.7255
    7.5000   22.5000  -30.0000 2750.8740    8.8325
   -7.5000   30.0000  -30.0000 2700.8064    9.1655
    0.0000   30.0000  -30.0000 2738.6523    9.0453
    7.5000   30.0000  -30.0000 2713.4258    9.1505
   -7.5000   37.5000  -30.0000 2635.2490    9.6665
    0.0000   37.5000  -30.0000 2667.2322    9.5389
    7.5000   37.5000  -30.0000 2642.0090    9.6479
   -7.5000   45.0000  -30.0000 2545.1895   10.3599
    0.0000   45.0000  -30.0000 2568.0701   10.2197
    7.5000   45.0000  -30.0000 2548.8262   10.3359
   -7.5000   52.5000  -30.0000 2406.8962   11.1944
    0.0000   52.5000  -30.0000 2425.4490   11.0532
    7.5000   52.5000  -30.0000 2410.1589   11.1690
   -7.5000  -37.5000  -22.5000 2226.1665   13.6975
    0.0000  -37.5000  -22.5000 2246.5295   13.4535
    7.5000  -37.5000  -22.5000 2240.8718   13.5659
   -7.5000  -30.0000  -22.5000 2362.5447   12.1263
    0.0000  -30.0000  -22.5000 2389.8306   11.9356
    7.5000  -30.0000  -22.5000 2380.6423   12.0259
   -7.5000  -22.5000  -22.5000 2491.5996   10.8889
    0.0000  -22.5000  -22.5000 2521.3672   10.7248
    7.5000  -22.5000  -22.5000 2512.4170   10.8244
   -7.5000  -15.0000  -22.5000 2608.7842    9.9280
    0.0000  -15.0000  -22.5000 2640.5269    9.7850
    7.5000  -15.0000  -22.5000 2632.0930    9.8627
   -7.5000   -7.5000  -22.5000 2709.6411    9.1994
    0.0000   -7.5000  -22.5000 2741.1978    9.0744
    7.5000   -7.5000  -22.5000 2729.7021    9.1478
   -7.5000    0.0000  -22.5000 2778.2634    8.7254
    0.0000    0.0000  -22.5000 2808.1555    8.6099
    7.5000    0.0000  -22.5000 2795.5957    8.6819
   -7.5000    7.5000  -22.5000 2828.3445    8.4776
    0.0000    7.5000  -22.5000 2863.5210    8.3402
    7.5000    7.5000  -22.5000 2841.1819    8.4331
   -7.5000   15.0000  -22.5000 2861.2170    8.3660
    0.0000   15.0000  -22.5000 2899.9297    8.2253
    7.5000   15.0000  -22.5000 2864.4966    8.3313
   -7.5000   22.5000  -22.5000 2854.8042    8.5136
    0.0000   22.5000  -22.5000 2885.9675    8.3683
    7.5000   22.5000  -22.5000 2855.4370    8.4842
   -7.5000   30.0000  -22.5000 2808.6855    8.8283
    0.0000   30.0000  -22.5000 2844.8777    8.6847
    7.5000   30.0000  -22.5000 2815.8608    8.8065
   -7.5000   37.5000  -22.5000 2734.4070    9.3195
    0.0000   37.5000  -22.5000 2765.2258    9.1848
    7.5000   37.5000  -22.5000 2738.6792    9.3124
   -7.5000   45.0000  -22.5000 2634.1116   10.0072
    0.0000   45.0000  -22.5000 2657.6160    9.8570
    7.5000   45.0000  -22.5000 2631.5283    9.9911
   -7.5000   52.5000  -22.5000 2487.1467   10.8484
    0.0000   52.5000  -22.5000 2510.8494   10.6864
    7.5000   52.5000  -22.5000 2487.1870   10.8208
   -7.5000  -37.5000  -15.0000 2246.0076   13.5953
    0.0000  -37.5000  -15.0000 2268.8457   13.3159
    7.5000  -37.5000  -15.0000 2262.6917   13.4086
   -7.5000  -30.0000  -15.0000 2380.5464   11.9712
    0.0000  -30.0000  -15.0000 2406.4915   11.7515
    7.5000  -30.0000  -15.0000 2402.6455   11.8400
   -7.5000  -22.5000  -15.0000 2509.5132   10.6969
    0.0000  -22.5000  -15.0000 2537.3687   10.5152
    7.5000  -22.5000  -15.0000 2529.8840   10.5944
   -7.5000  -15.0000  -15.0000 2628.5723    9.7009
    0.0000  -15.0000  -15.0000 2659.9209    9.5628
    7.5000  -15.0000  -15.0000 2650.2192    9.6304
   -7.5000   -7.5000  -15.0000 2740.8735    8.9600
    0.0000   -7.5000  -15.0000 2774.7095    8.8430
    7.5000   -7.5000  -15.0000 2758.8079    8.9099
   -7.5000    0.0000  -15.0000 2830.5515    8.4954
    0.0000    0.0000  -15.0000 2858.3923    8.3799
    7.5000    0.0000  -15.0000 2844.0427    8.4324
   -7.5000    7.5000  -15.0000 2890.5493    8.2361
    0.0000    7.5000  -15.0000 2923.1030    8.1283
    7.5000    7.5000  -15.0000 2906.4272    8.1755
   -7.5000   15.0000  -15.0000 2933.8203    8.1363
    0.0000   15.0000  -15.0000 2977.2471    8.0108
    7.5000   15.0000  -15.0000 2935.0828    8.0874
   -7.5000   22.5000  -15.0000 2930.6885    8.2443
    0.0000   22.5000  -15.0000 2969.8977    8.1041
    7.5000   22.5000  -15.0000 2919.7009    8.2168
   -7.5000   30.0000  -15.0000 2876.9773    8.5279
    0.0000   30.0000  -15.0000 2910.2131    8.4014
    7.5000   30.0000  -15.0000 2875.2791    8.5091
   -7.5000   37.5000  -15.0000 2792.1477    8.9907
    0.0000   37.5000  -15.0000 2827.2715    8.8657
    7.5000   37.5000  -15.0000 2796.0349    8.9788
   -7.5000   45.0000  -15.0000 2683.3564    9.6717
    0.0000   45.0000  -15.0000 2713.8201    9.5437
    7.5000   45.0000  -15.0000 2683.5613    9.6479
   -7.5000   52.5000  -15.0000 2531.7542   10.5277
    0.0000   52.5000  -15.0000 2554.6948   10.3985
    7.5000   52.5000  -15.0000 2529.0725   10.4994
   -7.5000  -37.5000   -7.5000 2244.3223   13.5363
    0.0000  -37.5000   -7.5000 2268.7205   13.2881
    7.5000  -37.5000   -7.5000 2263.4700   13.3573
   -7.5000  -30.0000   -7.5000 2373.8687   11.8972
    0.0000  -30.0000   -7.5000 2396.8574   11.6867
    7.5000  -30.0000   -7.5000 2393.0334   11.7685
   -7.5000  -22.5000   -7.5000 2501.1162   10.6012
    0.0000  -22.5000   -7.5000 2523.0540   10.4135
    7.5000  -22.5000   -7.5000 2516.4612   10.4961
   -7.5000  -15.0000   -7.5000 2624.6580    9.5874
    0.0000  -15.0000   -7.5000 2647.3074    9.4176
    7.5000  -15.0000   -7.5000 2637.6221    9.5009
   -7.5000   -7.5000   -7.5000 2745.1914    8.8271
    0.0000   -7.5000   -7.5000 2767.1609    8.6867
    7.5000   -7.5000   -7.5000 2755.5432    8.7473
   -7.5000    0.0000   -7.5000 2845.4802    8.3207
    0.0000    0.0000   -7.5000 2870.4854    8.2055
    7.5000    0.0000   -7.5000 2854.1206    8.2697
   -7.5000    7.5000   -7.5000 2926.6655    8.0717
    0.0000    7.5000   -7.5000 2961.5439    8.0024
    7.5000    7.5000   -7.5000 2938.5583    8.0213
   -7.5000   15.0000   -7.5000 2979.4729    8.0286
    0.0000   15.0000   -7.5000 3034.2434    7.9891
    7.5000   15.0000   -7.5000 2982.0334    7.9746
   -7.5000   22.5000   -7.5000 2973.8315    8.1176
    0.0000   22.5000   -7.5000 3023.6394    8.0563
    7.5000   22.5000   -7.5000 2963.6482    8.0730
   -7.5000   30.0000   -7.5000 2915.0308    8.3243
    0.0000   30.0000   -7.5000 2950.4280    8.2316
    7.5000   30.0000   -7.5000 2906.0559    8.2956
   -7.5000   37.5000   -7.5000 2827.0386    8.7217
    0.0000   37.5000   -7.5000 2857.1045    8.6097
    7.5000   37.5000   -7.5000 2823.5173    8.7089
   -7.5000   45.0000   -7.5000 2710.2222    9.3953
    0.0000   45.0000   -7.5000 2739.1868    9.2836
    7.5000   45.0000   -7.5000 2707.7148    9.3747
   -7.5000   52.5000   -7.5000 2549.5291   10.2927
    0.0000   52.5000   -7.5000 2571.3127   10.1650
    7.5000   52.5000   -7.5000 2547.0173   10.2509
   -7.5000  -37.5000    0.0000 2236.5591   13.6570
    0.0000  -37.5000    0.0000 2260.3760   13.4256
    7.5000  -37.5000    0.0000 2252.8069   13.4957
   -7.5000  -30.0000    0.0000 2363.8323   11.9439
    0.0000  -30.0000    0.0000 2383.6531   11.7284
    7.5000  -30.0000    0.0000 2377.3274   11.8196
   -7.5000  -22.5000    0.0000 2488.6091   10.6327
    0.0000  -22.5000    0.0000 2503.9038   10.4478
    7.5000  -22.5000    0.0000 2496.6184   10.5477
   -7.5000  -15.0000    0.0000 2609.3174    9.6293
    0.0000  -15.0000    0.0000 2624.3604    9.4820
    7.5000  -15.0000    0.0000 2612.2087    9.5787
   -7.5000   -7.5000    0.0000 2730.7195    8.8442
    0.0000   -7.5000    0.0000 2749.0054    8.7461
    7.5000   -7.5000    0.0000 2733.4050    8.8237
   -7.5000    0.0000    0.0000 2839.7246    8.3206
    0.0000    0.0000    0.0000 2863.5337    8.2424
    7.5000    0.0000    0.0000 2841.5195    8.3091
   -7.5000    7.5000    0.0000 2935.4041    8.0665
    0.0000    7.5000    0.0000 2971.0671    8.0197
    7.5000    7.5000    0.0000 2937.6426    8.0434
   -7.5000   15.0000    0.0000 2996.0000    8.0123
    0.0000   15.0000    0.0000 3051.6350    8.0018
    7.5000   15.0000    0.0000 2993.7310    7.9762
   -7.5000   22.5000    0.0000 2989.3525    8.1087
    0.0000   22.5000    0.0000 3045.2014    8.0577
    7.5000   22.5000    0.0000 2974.6584    8.1021
   -7.5000   30.0000    0.0000 2919.8691    8.3243
    0.0000   30.0000    0.0000 2956.1807    8.2436
    7.5000   30.0000    0.0000 2908.2986    8.3191
   -7.5000   37.5000    0.0000 2826.5498    8.7039
    0.0000   37.5000    0.0000 2853.2729    8.6007
    7.5000   37.5000    0.0000 2818.5283    8.7014
   -7.5000   45.0000    0.0000 2708.5315    9.3498
    0.0000   45.0000    0.0000 2729.1387    9.2287
    7.5000   45.0000    0.0000 2702.0715    9.3214
   -7.5000   52.5000    0.0000 2548.9050   10.2043
    0.0000   52.5000    0.0000 2565.7122   10.0602
    7.5000   52.5000    0.0000 2544.6304   10.1478
   -7.5000  -37.5000    7.5000 2215.6458   13.9087
    0.0000  -37.5000    7.5000 2238.6238   13.6649
    7.5000  -37.5000    7.5000 2227.7786   13.7883
   -7.5000  -30.0000    7.5000 2344.7031   12.1518
    0.0000  -30.0000    7.5000 2363.7712   11.9480
    7.5000  -30.0000    7.5000 2354.7097   12.0949
   -7.5000  -22.5000    7.5000 2466.6443   10.8365
    0.0000  -22.5000    7.5000 2485.2136   10.6973
    7.5000  -22.5000    7.5000 2470.8164   10.8198
   -7.5000  -15.0000    7.5000 2585.0352    9.8206
    0.0000  -15.0000    7.5000 2601.5735    9.7090
    7.5000  -15.0000    7.5000 2584.7273    9.8319
   -7.5000   -7.5000    7.5000 2710.9727    9.0286
    0.0000   -7.5000    7.5000 2727.0159    8.9258
    7.5000   -7.5000    7.5000 2706.4448    9.0370
   -7.5000    0.0000    7.5000 2824.1506    8.4616
    0.0000    0.0000    7.5000 2843.1387    8.3790
    7.5000    0.0000    7.5000 2817.5798    8.4886
   -7.5000    7.5000    7.5000 2919.3984    8.1745
    0.0000    7.5000    7.5000 2951.8657    8.1115
    7.5000    7.5000    7.5000 2916.1323    8.1799
   -7.5000   15.0000    7.5000 2975.9333    8.0534
    0.0000   15.0000    7.5000 3022.0093    7.9872
    7.5000   15.0000    7.5000 2970.1243    8.0921
   -7.5000   22.5000    7.5000 2966.6077    8.1429
    0.0000   22.5000    7.5000 3011.3010    8.0264
    7.5000   22.5000    7.5000 2953.5693    8.1943
   -7.5000   30.0000    7.5000 2901.5647    8.4387
    0.0000   30.0000    7.5000 2937.8115    8.2987
    7.5000   30.0000    7.5000 2889.6521    8.4438
   -7.5000   37.5000    7.5000 2799.7908    8.8970
    0.0000   37.5000    7.5000 2826.6135    8.7549
    7.5000   37.5000    7.5000 2793.1262    8.8843
   -7.5000   45.0000    7.5000 2681.1284    9.5309
    0.0000   45.0000    7.5000 2699.7622    9.3827
    7.5000   45.0000    7.5000 2674.3767    9.5023
   -7.5000   52.5000    7.5000 2526.2754   10.3282
    0.0000   52.5000    7.5000 2539.8555   10.1847
    7.5000   52.5000    7.5000 2519.6345   10.2935
   -7.5000  -37.5000   15.0000 2181.1646   14.2811
    0.0000  -37.5000   15.0000 2202.9233   14.0902
    7.5000  -37.5000   15.0000 2188.1318   14.2542
   -7.5000  -30.0000   15.0000 2315.2568   12.5128
    0.0000  -30.0000   15.0000 2335.7585   12.3444
    7.5000  -30.0000   15.0000 2321.0403   12.5320
   -7.5000  -22.5000   15.0000 2439.4609   11.1748
    0.0000  -22.5000   15.0000 2462.0286   11.0251
    7.5000  -22.5000   15.0000 2439.1890   11.2141
   -7.5000  -15.0000   15.0000 2558.9016   10.1194
    0.0000  -15.0000   15.0000 2576.3132    9.9815
    7.5000  -15.0000   15.0000 2552.5071   10.1556
   -7.5000   -7.5000   15.0000 2685.9463    9.3086
    0.0000   -7.5000   15.0000 2702.6921    9.1815
    7.5000   -7.5000   15.0000 2676.0442    9.3485
   -7.5000    0.0000   15.0000 2798.6951    8.7479
    0.0000    0.0000   15.0000 2817.0027    8.6324
    7.5000    0.0000   15.0000 2785.8242    8.7717
   -7.5000    7.5000   15.0000 2879.7021    8.4317
    0.0000    7.5000   15.0000 2908.6460    8.3282
    7.5000    7.5000   15.0000 2870.0737    8.4528
   -7.5000   15.0000   15.0000 2921.1672    8.3033
    0.0000   15.0000   15.0000 2952.3132    8.1945
    7.5000   15.0000   15.0000 2910.0671    8.3606
   -7.5000   22.5000   15.0000 2914.3579    8.3988
    0.0000   22.5000   15.0000 2941.1409    8.2894
    7.5000   22.5000   15.0000 2898.4324    8.4412
   -7.5000   30.0000   15.0000 2858.7488    8.6791
    0.0000   30.0000   15.0000 2885.1677    8.5726
    7.5000   30.0000   15.0000 2842.0979    8.7072
   -7.5000   37.5000   15.0000 2754.7314    9.1807
    0.0000   37.5000   15.0000 2779.0259    9.0507
    7.5000   37.5000   15.0000 2745.5286    9.1834
   -7.5000   45.0000   15.0000 2637.6204    9.8265
    0.0000   45.0000   15.0000 2656.8630    9.6944
    7.5000   45.0000   15.0000 2630.5903    9.8270
   -7.5000   52.5000   15.0000 2486.9148   10.6089
    0.0000   52.5000   15.0000 2501.3066   10.4862
    7.5000   52.5000   15.0000 2477.3047   10.5991
   -7.5000  -37.5000   22.5000 2139.1221   14.7932
    0.0000  -37.5000   22.5000 2155.4138   14.6124
    7.5000  -37.5000   22.5000 2139.1367   14.8392
   -7.5000  -30.0000   22.5000 2278.2456   12.9754
    0.0000  -30.0000   22.5000 2298.5049   12.8115
    7.5000  -30.0000   22.5000 2280.4636   13.0451
   -7.5000  -22.5000   22.5000 2405.5620   11.5902
    0.0000  -22.5000   22.5000 2427.3455   11.4304
    7.5000  -22.5000   22.5000 2400.4424   11.6581
   -7.5000  -15.0000   22.5000 2527.1306   10.5154
    0.0000  -15.0000   22.5000 2544.8118   10.3710
    7.5000  -15.0000   22.5000 2514.9824   10.5876
   -7.5000   -7.5000   22.5000 2651.8188    9.7145
    0.0000   -7.5000   22.5000 2669.5684    9.5871
    7.5000   -7.5000   22.5000 2638.4229    9.7736
   -7.5000    0.0000   22.5000 2759.6790    9.1541
    0.0000    0.0000   22.5000 2777.7932    9.0396
    7.5000    0.0000   22.5000 2743.2349    9.1788
   -7.5000    7.5000   22.5000 2827.5715    8.8365
    0.0000    7.5000   22.5000 2850.5256    8.7102
    7.5000    7.5000   22.5000 2810.7185    8.8706
   -7.5000   15.0000   22.5000 2855.6985    8.7068
    0.0000   15.0000   22.5000 2874.4197    8.5984
    7.5000   15.0000   22.5000 2836.1123    8.7599
   -7.5000   22.5000   22.5000 2842.1836    8.7927
    0.0000   22.5000   22.5000 2862.5791    8.6877
    7.5000   22.5000   22.5000 2826.0320    8.8205
   -7.5000   30.0000   22.5000 2786.9761    9.0690
    0.0000   30.0000   22.5000 2808.2476    8.9661
    7.5000   30.0000   22.5000 2770.7463    9.0920
   -7.5000   37.5000   22.5000 2690.5669    9.5767
    0.0000   37.5000   22.5000 2707.8101    9.4520
    7.5000   37.5000   22.5000 2678.4895    9.5840
   -7.5000   45.0000   22.5000 2581.9465   10.2302
    0.0000   45.0000   22.5000 2597.5774   10.1037
    7.5000   45.0000   22.5000 2570.3481   10.2357
   -7.5000   52.5000   22.5000 2437.7949   11.0201
    0.0000   52.5000   22.5000 2451.0442   10.8970
    7.5000   52.5000   22.5000 2426.3745   11.0064
   -7.5000  -37.5000   30.0000 2089.6433   15.4247
    0.0000  -37.5000   30.0000 2103.8242   15.2220
    7.5000  -37.5000   30.0000 2090.5771   15.4993
   -7.5000  -30.0000   30.0000 2230.9438   13.5597
    0.0000  -30.0000   30.0000 2248.5342   13.3760
    7.5000  -30.0000   30.0000 2230.3308   13.6486
   -7.5000  -22.5000   30.0000 2360.8269   12.1377
    0.0000  -22.5000   30.0000 2382.0720   11.9658
    7.5000  -22.5000   30.0000 2354.5657   12.2231
   -7.5000  -15.0000   30.0000 2481.0669   11.0603
    0.0000  -15.0000   30.0000 2501.3169   10.9073
    7.5000  -15.0000   30.0000 2469.9038   11.1242
   -7.5000   -7.5000   30.0000 2601.0952   10.2557
    0.0000   -7.5000   30.0000 2618.8979   10.1151
    7.5000   -7.5000   30.0000 2585.0815   10.3102
   -7.5000    0.0000   30.0000 2695.5825    9.6735
    0.0000    0.0000   30.0000 2717.2822    9.5511
    7.5000    0.0000   30.0000 2677.8372    9.7191
   -7.5000    7.5000   30.0000 2750.3210    9.3507
    0.0000    7.5000   30.0000 2774.4170    9.2321
    7.5000    7.5000   30.0000 2732.3003    9.3953
   -7.5000   15.0000   30.0000 2771.0759    9.2395
    0.0000   15.0000   30.0000 2788.9475    9.1326
    7.5000   15.0000   30.0000 2751.0173    9.2754
   -7.5000   22.5000   30.0000 2754.7607    9.2777
    0.0000   22.5000   30.0000 2774.1541    9.1829
    7.5000   22.5000   30.0000 2739.0059    9.3157
   -7.5000   30.0000   30.0000 2699.0293    9.5740
    0.0000   30.0000   30.0000 2719.8616    9.4763
    7.5000   30.0000   30.0000 2683.8608    9.6103
   -7.5000   37.5000   30.0000 2614.3083   10.0683
    0.0000   37.5000   30.0000 2629.4773    9.9600
    7.5000   37.5000   30.0000 2599.8296   10.0877
   -7.5000   45.0000   30.0000 2512.0984   10.7169
    0.0000   45.0000   30.0000 2523.8337   10.6057
    7.5000   45.0000   30.0000 2498.9492   10.7313
   -7.5000   52.5000   30.0000 2377.0134   11.4774
    0.0000   52.5000   30.0000 2386.8840   11.3882
    7.5000   52.5000   30.0000 2363.8254   11.4952
   -7.5000  -37.5000   37.5000 2037.8427   16.3011
    0.0000  -37.5000   37.5000 2054.6565   16.0736
    7.5000  -37.5000   37.5000 2037.8004   16.3725
   -7.5000  -30.0000   37.5000 2177.7061   14.3605
    0.0000  -30.0000   37.5000 2198.3987   14.1537
    7.5000  -30.0000   37.5000 2175.6082   14.4407
   -7.5000  -22.5000   37.5000 2309.5862   12.8794
    0.0000  -22.5000   37.5000 2331.9231   12.7070
    7.5000  -22.5000   37.5000 2303.6526   12.9541
   -7.5000  -15.0000   37.5000 2427.5410   11.7714
    0.0000  -15.0000   37.5000 2449.2393   11.6232
    7.5000  -15.0000   37.5000 2415.1138   11.8291
   -7.5000   -7.5000   37.5000 2536.7185   10.9307
    0.0000   -7.5000   37.5000 2552.9045   10.7994
    7.5000   -7.5000   37.5000 2521.7732   10.9870
   -7.5000    0.0000   37.5000 2616.9846   10.3348
    0.0000    0.0000   37.5000 2636.8635   10.2099
    7.5000    0.0000   37.5000 2601.8042   10.3828
   -7.5000    7.5000   37.5000 2663.7017   10.0117
    0.0000    7.5000   37.5000 2685.3906    9.8967
    7.5000    7.5000   37.5000 2649.7046   10.0646
   -7.5000   15.0000   37.5000 2675.4087    9.8739
    0.0000   15.0000   37.5000 2689.7703    9.7846
    7.5000   15.0000   37.5000 2657.6274    9.9230
   -7.5000   22.5000   37.5000 2656.2974    9.9131
    0.0000   22.5000   37.5000 2669.3123    9.8357
    7.5000   22.5000   37.5000 2643.0952    9.9608
   -7.5000   30.0000   37.5000 2610.4595   10.1955
    0.0000   30.0000   37.5000 2625.5630   10.1064
    7.5000   30.0000   37.5000 2594.3772   10.2432
   -7.5000   37.5000   37.5000 2537.3960   10.6477
    0.0000   37.5000   37.5000 2554.7080   10.5559
    7.5000   37.5000   37.5000 2518.5852   10.7182
   -7.5000   45.0000   37.5000 2439.5737   11.2971
    0.0000   45.0000   37.5000 2452.9304   11.1820
    7.5000   45.0000   37.5000 2422.7544   11.3542
   -7.5000   52.5000   37.5000 2305.2097   12.0585
    0.0000   52.5000   37.5000 2315.7488   11.9642
    7.5000   52.5000   37.5000 2290.8442   12.0952
   -7.5000  -37.5000   45.0000 1976.2697   17.4517
    0.0000  -37.5000   45.0000 1990.0714   17.2387
    7.5000  -37.5000   45.0000 1973.4110   17.5635
   -7.5000  -30.0000   45.0000 2115.9380   15.3971
    0.0000  -30.0000   45.0000 2135.0225   15.2238
    7.5000  -30.0000   45.0000 2110.1235   15.5096
   -7.5000  -22.5000   45.0000 2246.2566   13.8529
    0.0000  -22.5000   45.0000 2267.2302   13.7034
    7.5000  -22.5000   45.0000 2234.6086   13.9379
   -7.5000  -15.0000   45.0000 2363.9470   12.6720
    0.0000  -15.0000   45.0000 2379.8938   12.5433
    7.5000  -15.0000   45.0000 2346.6943   12.7477
   -7.5000   -7.5000   45.0000 2461.3206   11.8047
    0.0000   -7.5000   45.0000 2475.9287   11.6709
    7.5000   -7.5000   45.0000 2445.2437   11.8648
   -7.5000    0.0000   45.0000 2528.2024   11.1841
    0.0000    0.0000   45.0000 2544.6277   11.0552
    7.5000    0.0000   45.0000 2515.6562   11.2334
   -7.5000    7.5000   45.0000 2566.1206   10.8273
    0.0000    7.5000   45.0000 2581.6870   10.7302
    7.5000    7.5000   45.0000 2551.9336   10.8690
   -7.5000   15.0000   45.0000 2573.7559   10.6620
    0.0000   15.0000   45.0000 2585.7024   10.5860
    7.5000   15.0000   45.0000 2558.5459   10.7096
   -7.5000   22.5000   45.0000 2551.6233   10.7139
    0.0000   22.5000   45.0000 2564.4275   10.6415
    7.5000   22.5000   45.0000 2541.2605   10.7444
   -7.5000   30.0000   45.0000 2507.0020   10.9873
    0.0000   30.0000   45.0000 2519.1479   10.9054
    7.5000   30.0000   45.0000 2495.9211   11.0270
   -7.5000   37.5000   45.0000 2448.0190   11.4054
    0.0000   37.5000   45.0000 2466.8933   11.3133
    7.5000   37.5000   45.0000 2433.3962   11.4690
   -7.5000   45.0000   45.0000 2360.3845   12.0250
    0.0000   45.0000   45.0000 2373.8210   11.9218
    7.5000   45.0000   45.0000 2345.2927   12.1039
   -7.5000   52.5000   45.0000 2227.0627   12.8098
    0.0000   52.5000   45.0000 2241.6467   12.7090
    7.5000   52.5000   45.0000 2215.4788   12.8386

---------------------------------------------------------------------
imgreg_4dfp /opt/freesurfer/average/711-2C_as_mni_average_305 /opt/freesurfer/average/711-2B_as_mni_average_305_mask talsrcimg_g11 none talsrcimg_to_711-2C_as_mni_average_305_t4 1283
---------------------------------------------------------------------

freesurfer imgreg_4dfp.c
/opt/freesurfer/average/711-2C_as_mni_average_305.4dfp.img
       256       256       256         1
  1.000000  1.000000  1.000000
orientation T byte_order littleendian
Reading image: /opt/freesurfer/average/711-2C_as_mni_average_305.4dfp.img
dimensions:      256       256       256
mmppix:       1.0000   -1.0000   -1.0000
center:     128.0000 -129.0000 -129.0000
/opt/freesurfer/average/711-2B_as_mni_average_305_mask.4dfp.img
       256       256       256         1
  1.000000  1.000000  1.000000
orientation T byte_order littleendian
Reading mask: /opt/freesurfer/average/711-2B_as_mni_average_305_mask.4dfp.img (2306576 pixels)
talsrcimg_g11.4dfp.img
       256       256       256         1
  1.000000  1.000000  1.000000
orientation T byte_order littleendian
Reading image: talsrcimg_g11.4dfp.img
dimensions:      256       256       256
mmppix:       1.0000   -1.0000   -1.0000
center:     128.0000 -129.0000 -129.0000
rotation matrix determinant  1.000000
fimgreg.f
image alignment mode   1283 decimal      503 hex
parameters
    0.0000   15.0000    0.0000    0.0000    0.0000    0.0000
eta,q 0.95711  8.00413
niter,ni,del,rscale     5    3   12.0000    1.2000
parameter  4  1.573889 ->  0.500000 qaram    1.1500
parameters
    0.0955   17.7081   -1.0845   -3.4500    1.7019    1.5821
eta,q 0.96440  7.99811
  0.0567  0.0622  0.0440  0.0364  0.0486  0.0457
  0.0503  0.0537  0.0424  0.0364  0.0443  0.0418
  0.0454  0.0473  0.0417  0.0386  0.0399  0.0380
  0.0432  0.0431  0.0415  0.0415  0.0369  0.0358
  0.0447  0.0417  0.0421  0.0446  0.0358  0.0357
  0.0497  0.0424  0.0440  0.0481  0.0376  0.0367
  0.0561  0.0440  0.0477  0.0515  0.0408  0.0392
niter,ni,del,rscale     5    3   12.0000    1.2000
parameters
   -0.5880   19.3050   -1.2813   -5.4014    2.2551    1.2803
eta,q 0.96800  7.97229
  0.0488  0.0548  0.0404  0.0394  0.0428  0.0399
  0.0409  0.0475  0.0372  0.0333  0.0382  0.0352
  0.0359  0.0400  0.0350  0.0321  0.0344  0.0324
  0.0356  0.0352  0.0342  0.0342  0.0323  0.0321
  0.0395  0.0344  0.0353  0.0382  0.0327  0.0336
  0.0468  0.0371  0.0375  0.0429  0.0357  0.0367
  0.0551  0.0421  0.0414  0.0470  0.0399  0.0411
niter,ni,del,rscale     4    3   12.0000    1.2000
parameters
   -0.7508   19.9388   -1.9194   -5.8158    2.3471    1.1350
eta,q 0.96857  7.97579
  0.0497  0.0528  0.0376  0.0428  0.0412  0.0398
  0.0408  0.0441  0.0341  0.0364  0.0366  0.0351
  0.0341  0.0351  0.0322  0.0314  0.0332  0.0320
  0.0320  0.0319  0.0320  0.0318  0.0315  0.0315
  0.0357  0.0335  0.0335  0.0349  0.0327  0.0329
  0.0429  0.0387  0.0363  0.0393  0.0361  0.0359
  0.0507  0.0458  0.0402  0.0441  0.0408  0.0402
niter,ni,del,rscale     3    3   12.0000    1.2000
parameters
   -0.7694   20.1156   -2.0915   -6.0084    2.3501    1.1146
eta,q 0.96869  7.97717
  0.0508  0.0505  0.0386  0.0433  0.0409  0.0400
  0.0417  0.0410  0.0344  0.0373  0.0363  0.0353
  0.0343  0.0333  0.0321  0.0317  0.0329  0.0321
  0.0314  0.0314  0.0315  0.0315  0.0313  0.0313
  0.0350  0.0343  0.0327  0.0344  0.0327  0.0327
  0.0425  0.0404  0.0353  0.0387  0.0362  0.0356
  0.0504  0.0474  0.0391  0.0435  0.0409  0.0398
niter,ni,del,rscale     2    3   12.0000    1.2000
parameters
   -0.7656   20.1881   -2.1723   -6.1025    2.3409    1.1132
eta,q 0.96873  7.97806
  0.0511  0.0499  0.0389  0.0435  0.0408  0.0400
  0.0419  0.0403  0.0344  0.0377  0.0363  0.0353
  0.0343  0.0329  0.0320  0.0319  0.0328  0.0321
  0.0313  0.0313  0.0313  0.0313  0.0313  0.0313
  0.0348  0.0345  0.0325  0.0342  0.0327  0.0326
  0.0425  0.0409  0.0351  0.0385  0.0362  0.0355
  0.0504  0.0477  0.0389  0.0433  0.0410  0.0397
niter,ni,del,rscale     1    3   12.0000    1.2000
parameters
   -0.7593   20.2224   -2.2091   -6.1494    2.3321    1.1140
eta,q 0.96874  7.97856
  0.0512  0.0497  0.0390  0.0436  0.0408  0.0400
  0.0419  0.0401  0.0345  0.0379  0.0363  0.0353
  0.0343  0.0328  0.0320  0.0320  0.0328  0.0321
  0.0313  0.0313  0.0313  0.0313  0.0313  0.0313
  0.0348  0.0346  0.0324  0.0341  0.0327  0.0326
  0.0425  0.0411  0.0350  0.0384  0.0362  0.0355
  0.0505  0.0478  0.0388  0.0431  0.0409  0.0397
registration optimization eta report
parameter search radius
    6.0000    6.0000    6.0000    6.9000    6.0000    6.0000
100000*second partial in parameter space
       52.       48.       21.       25.       26.       24.
  0.0512  0.0497  0.0390  0.0436  0.0408  0.0400
  0.0419  0.0401  0.0345  0.0379  0.0363  0.0353
  0.0343  0.0328  0.0320  0.0320  0.0328  0.0321
  0.0313  0.0313  0.0313  0.0313  0.0313  0.0313
  0.0348  0.0346  0.0324  0.0341  0.0327  0.0326
  0.0425  0.0411  0.0350  0.0384  0.0362  0.0355
  0.0505  0.0478  0.0388  0.0431  0.0409  0.0397
   -0.7593   20.2224   -2.2091   -6.1494    2.3321    1.1140
eta,q 0.96874  7.97856

---------------------------------------------------------------------
imgreg_4dfp /opt/freesurfer/average/711-2C_as_mni_average_305 /opt/freesurfer/average/711-2B_as_mni_average_305_mask talsrcimg_g11 none talsrcimg_to_711-2C_as_mni_average_305_t4 3335
---------------------------------------------------------------------

freesurfer imgreg_4dfp.c
/opt/freesurfer/average/711-2C_as_mni_average_305.4dfp.img
       256       256       256         1
  1.000000  1.000000  1.000000
orientation T byte_order littleendian
Reading image: /opt/freesurfer/average/711-2C_as_mni_average_305.4dfp.img
dimensions:      256       256       256
mmppix:       1.0000   -1.0000   -1.0000
center:     128.0000 -129.0000 -129.0000
/opt/freesurfer/average/711-2B_as_mni_average_305_mask.4dfp.img
       256       256       256         1
  1.000000  1.000000  1.000000
orientation T byte_order littleendian
Reading mask: /opt/freesurfer/average/711-2B_as_mni_average_305_mask.4dfp.img (2306576 pixels)
talsrcimg_g11.4dfp.img
       256       256       256         1
  1.000000  1.000000  1.000000
orientation T byte_order littleendian
Reading image: talsrcimg_g11.4dfp.img
dimensions:      256       256       256
mmppix:       1.0000   -1.0000   -1.0000
center:     128.0000 -129.0000 -129.0000
fimgreg.f
image alignment mode   3335 decimal      D07 hex
parameters
   -0.7593   20.2224   -2.2091   -0.1017   -0.5857   -0.6578
   -1.4972   -4.2533    1.9426   10.6315    4.0692  -10.7033
eta,q 0.96560  8.05980
niter,ni,del,rscale     5    3    5.0000    1.2000
parameter  4  0.594358 ->  0.500000 qaram    1.1500
parameter  5  2.216675 ->  0.500000 qaram    1.1500
parameter  6  0.523154 ->  0.500000 qaram    1.1500
parameters
   -0.8388   20.1671   -2.1365   -4.2417   -4.7257   -4.7978
   -1.4802   -4.3029    2.5161    7.8342    1.4865  -10.9035
eta,q 0.97141  7.57099
  0.0374  0.0360  0.0358  0.0338  0.0282  0.0294  0.0315  0.0323  0.0313  0.0301  0.0289  0.0296
  0.0357  0.0350  0.0351  0.0337  0.0292  0.0292  0.0303  0.0308  0.0302  0.0290  0.0287  0.0290
  0.0347  0.0345  0.0346  0.0338  0.0312  0.0293  0.0295  0.0296  0.0295  0.0287  0.0286  0.0287
  0.0344  0.0344  0.0344  0.0344  0.0337  0.0296  0.0292  0.0292  0.0292  0.0292  0.0287  0.0286
  0.0348  0.0346  0.0345  0.0357  0.0361  0.0303  0.0294  0.0295  0.0293  0.0306  0.0289  0.0287
  0.0360  0.0351  0.0350  0.0379  0.0388  0.0315  0.0302  0.0306  0.0298  0.0323  0.0294  0.0291
  0.0379  0.0361  0.0357  0.0407  0.0422  0.0334  0.0315  0.0326  0.0307  0.0343  0.0300  0.0297
niter,ni,del,rscale     7    3    5.0000    1.2000
parameter  5  0.819307 ->  0.500000 qaram    1.3225
parameters
   -0.6300   20.0488   -2.1789   -5.9513   -9.4867   -5.3046
   -1.7022   -4.1170    2.9431    8.4882    1.8203  -11.5648
eta,q 0.97336  7.29011
  0.0318  0.0310  0.0298  0.0297  0.0266  0.0288  0.0286  0.0302  0.0284  0.0301  0.0275  0.0277
  0.0302  0.0295  0.0291  0.0288  0.0266  0.0276  0.0276  0.0286  0.0275  0.0284  0.0271  0.0271
  0.0291  0.0287  0.0286  0.0285  0.0272  0.0268  0.0270  0.0273  0.0270  0.0272  0.0268  0.0267
  0.0286  0.0286  0.0285  0.0285  0.0285  0.0267  0.0267  0.0267  0.0267  0.0267  0.0267  0.0267
  0.0287  0.0290  0.0287  0.0289  0.0307  0.0273  0.0269  0.0270  0.0268  0.0269  0.0267  0.0269
  0.0295  0.0300  0.0292  0.0298  0.0337  0.0281  0.0277  0.0281  0.0272  0.0277  0.0270  0.0274
  0.0309  0.0314  0.0298  0.0317  0.0368  0.0291  0.0290  0.0300  0.0281  0.0291  0.0274  0.0281
niter,ni,del,rscale     7    3    5.0000    1.2000
parameters
   -0.6289   20.1023   -2.1631   -6.0634  -12.3782   -5.2224
   -2.0570   -4.0284    2.6053    9.2834    1.7703  -12.4076
eta,q 0.97371  7.17032
  0.0293  0.0291  0.0281  0.0283  0.0279  0.0288  0.0283  0.0298  0.0278  0.0296  0.0272  0.0274
  0.0279  0.0277  0.0273  0.0272  0.0268  0.0275  0.0273  0.0281  0.0270  0.0279  0.0267  0.0267
  0.0270  0.0269  0.0268  0.0267  0.0264  0.0266  0.0266  0.0269  0.0265  0.0268  0.0264  0.0263
  0.0266  0.0266  0.0266  0.0266  0.0266  0.0264  0.0264  0.0264  0.0264  0.0264  0.0263  0.0263
  0.0269  0.0269  0.0268  0.0268  0.0276  0.0268  0.0267  0.0267  0.0266  0.0264  0.0264  0.0266
  0.0278  0.0276  0.0273  0.0273  0.0296  0.0276  0.0275  0.0279  0.0272  0.0271  0.0267  0.0272
  0.0294  0.0288  0.0280  0.0283  0.0329  0.0285  0.0288  0.0298  0.0281  0.0284  0.0272  0.0279
niter,ni,del,rscale     6    3    5.0000    1.2000
parameters
   -0.6755   20.1453   -2.1366   -6.8750  -12.9694   -5.0678
   -2.1709   -3.9593    2.3222    9.5872    1.7974  -12.6571
eta,q 0.97379  7.11795
  0.0289  0.0287  0.0278  0.0278  0.0291  0.0287  0.0285  0.0297  0.0277  0.0290  0.0271  0.0275
  0.0274  0.0273  0.0270  0.0267  0.0276  0.0274  0.0273  0.0280  0.0269  0.0275  0.0266  0.0268
  0.0266  0.0265  0.0265  0.0262  0.0265  0.0265  0.0265  0.0267  0.0264  0.0266  0.0263  0.0263
  0.0263  0.0263  0.0263  0.0263  0.0262  0.0262  0.0262  0.0262  0.0262  0.0262  0.0262  0.0262
  0.0266  0.0266  0.0265  0.0267  0.0267  0.0267  0.0265  0.0266  0.0265  0.0264  0.0263  0.0264
  0.0276  0.0273  0.0269  0.0272  0.0278  0.0274  0.0274  0.0278  0.0271  0.0272  0.0266  0.0269
  0.0291  0.0284  0.0277  0.0283  0.0301  0.0284  0.0286  0.0297  0.0280  0.0285  0.0271  0.0276
niter,ni,del,rscale     5    3    5.0000    1.2000
parameters
   -0.7037   20.2124   -2.1457   -6.9711  -13.1164   -5.0578
   -2.1309   -3.9660    2.2728    9.7606    1.7841  -12.7562
eta,q 0.97379  7.10996
  0.0289  0.0287  0.0276  0.0282  0.0293  0.0286  0.0286  0.0296  0.0278  0.0289  0.0271  0.0275
  0.0274  0.0273  0.0268  0.0269  0.0278  0.0273  0.0274  0.0279  0.0270  0.0274  0.0266  0.0268
  0.0265  0.0265  0.0264  0.0262  0.0267  0.0264  0.0265  0.0267  0.0264  0.0265  0.0263  0.0263
  0.0262  0.0262  0.0262  0.0262  0.0262  0.0262  0.0262  0.0262  0.0262  0.0262  0.0262  0.0262
  0.0265  0.0265  0.0264  0.0266  0.0266  0.0267  0.0265  0.0266  0.0264  0.0264  0.0263  0.0264
  0.0275  0.0272  0.0269  0.0271  0.0277  0.0274  0.0273  0.0278  0.0270  0.0273  0.0266  0.0269
  0.0290  0.0283  0.0276  0.0280  0.0297  0.0284  0.0285  0.0298  0.0279  0.0286  0.0271  0.0276
niter,ni,del,rscale     4    3    5.0000    1.2000
parameters
   -0.7089   20.2550   -2.1714   -7.0139  -13.1818   -5.0884
   -2.1298   -3.9665    2.2607    9.8614    1.7604  -12.8101
eta,q 0.97380  7.10544
  0.0290  0.0286  0.0276  0.0282  0.0293  0.0286  0.0285  0.0296  0.0278  0.0288  0.0271  0.0276
  0.0275  0.0272  0.0268  0.0269  0.0278  0.0273  0.0273  0.0279  0.0270  0.0273  0.0266  0.0268
  0.0265  0.0264  0.0263  0.0262  0.0267  0.0264  0.0265  0.0267  0.0264  0.0265  0.0263  0.0264
  0.0262  0.0262  0.0262  0.0262  0.0262  0.0262  0.0262  0.0262  0.0262  0.0262  0.0262  0.0262
  0.0265  0.0265  0.0264  0.0266  0.0266  0.0267  0.0265  0.0266  0.0264  0.0264  0.0263  0.0264
  0.0275  0.0272  0.0269  0.0271  0.0276  0.0274  0.0273  0.0278  0.0270  0.0273  0.0266  0.0269
  0.0290  0.0283  0.0276  0.0280  0.0296  0.0284  0.0286  0.0297  0.0278  0.0286  0.0271  0.0276
niter,ni,del,rscale     3    3    5.0000    1.2000
parameters
   -0.7107   20.2831   -2.1992   -7.0394  -13.2249   -5.1383
   -2.1324   -3.9621    2.2631    9.9322    1.7436  -12.8558
eta,q 0.97380  7.10142
  0.0290  0.0285  0.0276  0.0282  0.0293  0.0286  0.0285  0.0296  0.0278  0.0287  0.0271  0.0276
  0.0274  0.0272  0.0268  0.0269  0.0278  0.0272  0.0273  0.0279  0.0270  0.0273  0.0266  0.0268
  0.0265  0.0264  0.0263  0.0262  0.0267  0.0264  0.0265  0.0267  0.0264  0.0265  0.0263  0.0263
  0.0262  0.0262  0.0262  0.0262  0.0262  0.0262  0.0262  0.0262  0.0262  0.0262  0.0262  0.0262
  0.0265  0.0265  0.0264  0.0266  0.0266  0.0267  0.0265  0.0266  0.0264  0.0264  0.0263  0.0264
  0.0275  0.0272  0.0269  0.0271  0.0276  0.0274  0.0273  0.0278  0.0270  0.0273  0.0266  0.0269
  0.0290  0.0283  0.0276  0.0280  0.0296  0.0284  0.0286  0.0297  0.0278  0.0286  0.0271  0.0275
niter,ni,del,rscale     2    3    5.0000    1.2000
parameters
   -0.7100   20.3053   -2.2291   -7.0645  -13.2575   -5.1895
   -2.1342   -3.9594    2.2562    9.9896    1.7263  -12.8914
eta,q 0.97382  7.09767
  0.0290  0.0285  0.0276  0.0282  0.0293  0.0286  0.0285  0.0296  0.0278  0.0287  0.0271  0.0275
  0.0274  0.0272  0.0268  0.0269  0.0278  0.0272  0.0273  0.0279  0.0269  0.0273  0.0266  0.0268
  0.0265  0.0264  0.0263  0.0262  0.0267  0.0264  0.0265  0.0266  0.0264  0.0265  0.0263  0.0263
  0.0262  0.0262  0.0262  0.0262  0.0262  0.0262  0.0262  0.0262  0.0262  0.0262  0.0262  0.0262
  0.0265  0.0265  0.0264  0.0266  0.0266  0.0267  0.0265  0.0266  0.0264  0.0264  0.0263  0.0264
  0.0274  0.0272  0.0269  0.0271  0.0276  0.0274  0.0273  0.0278  0.0270  0.0273  0.0266  0.0269
  0.0290  0.0283  0.0276  0.0280  0.0295  0.0284  0.0285  0.0297  0.0278  0.0286  0.0271  0.0275
niter,ni,del,rscale     1    3    5.0000    1.2000
parameters
   -0.7095   20.3249   -2.2561   -7.0843  -13.2876   -5.2407
   -2.1375   -3.9575    2.2547   10.0362    1.6955  -12.9212
eta,q 0.97382  7.09415
  0.0289  0.0285  0.0276  0.0282  0.0293  0.0286  0.0285  0.0296  0.0278  0.0287  0.0271  0.0275
  0.0274  0.0272  0.0268  0.0269  0.0278  0.0272  0.0273  0.0279  0.0269  0.0272  0.0266  0.0268
  0.0265  0.0264  0.0263  0.0262  0.0267  0.0264  0.0265  0.0266  0.0264  0.0265  0.0263  0.0263
  0.0262  0.0262  0.0262  0.0262  0.0262  0.0262  0.0262  0.0262  0.0262  0.0262  0.0262  0.0262
  0.0265  0.0265  0.0264  0.0266  0.0265  0.0267  0.0265  0.0266  0.0264  0.0264  0.0263  0.0264
  0.0274  0.0272  0.0269  0.0271  0.0276  0.0274  0.0273  0.0278  0.0269  0.0273  0.0266  0.0268
  0.0289  0.0283  0.0276  0.0280  0.0295  0.0284  0.0285  0.0297  0.0278  0.0286  0.0271  0.0275
registration optimization eta report
parameter search radius
    2.4000    2.4000    2.4000    8.2800    9.5220    8.2800
    7.2000    7.2000    7.2000    7.2000    7.2000    7.2000
100000*second partial in parameter space
       48.       39.       24.        3.        3.        3.
        4.        7.        3.        5.        2.        3.
  0.0289  0.0285  0.0276  0.0282  0.0293  0.0286  0.0285  0.0296  0.0278  0.0287  0.0271  0.0275
  0.0274  0.0272  0.0268  0.0269  0.0278  0.0272  0.0273  0.0279  0.0269  0.0272  0.0266  0.0268
  0.0265  0.0264  0.0263  0.0262  0.0267  0.0264  0.0265  0.0266  0.0264  0.0265  0.0263  0.0263
  0.0262  0.0262  0.0262  0.0262  0.0262  0.0262  0.0262  0.0262  0.0262  0.0262  0.0262  0.0262
  0.0265  0.0265  0.0264  0.0266  0.0265  0.0267  0.0265  0.0266  0.0264  0.0264  0.0263  0.0264
  0.0274  0.0272  0.0269  0.0271  0.0276  0.0274  0.0273  0.0278  0.0269  0.0273  0.0266  0.0268
  0.0289  0.0283  0.0276  0.0280  0.0295  0.0284  0.0285  0.0297  0.0278  0.0286  0.0271  0.0275
   -0.7095   20.3249   -2.2561   -7.0843  -13.2876   -5.2407
   -2.1375   -3.9575    2.2547   10.0362    1.6955  -12.9212
eta,q 0.97382  7.09415

---------------------------------------------------------------------
imgreg_4dfp /opt/freesurfer/average/711-2C_as_mni_average_305 /opt/freesurfer/average/711-2B_as_mni_average_305_mask talsrcimg_g11 none talsrcimg_to_711-2C_as_mni_average_305_t4 2311
---------------------------------------------------------------------

freesurfer imgreg_4dfp.c
/opt/freesurfer/average/711-2C_as_mni_average_305.4dfp.img
       256       256       256         1
  1.000000  1.000000  1.000000
orientation T byte_order littleendian
Reading image: /opt/freesurfer/average/711-2C_as_mni_average_305.4dfp.img
dimensions:      256       256       256
mmppix:       1.0000   -1.0000   -1.0000
center:     128.0000 -129.0000 -129.0000
/opt/freesurfer/average/711-2B_as_mni_average_305_mask.4dfp.img
       256       256       256         1
  1.000000  1.000000  1.000000
orientation T byte_order littleendian
Reading mask: /opt/freesurfer/average/711-2B_as_mni_average_305_mask.4dfp.img (2306576 pixels)
talsrcimg_g11.4dfp.img
       256       256       256         1
  1.000000  1.000000  1.000000
orientation T byte_order littleendian
Reading image: talsrcimg_g11.4dfp.img
dimensions:      256       256       256
mmppix:       1.0000   -1.0000   -1.0000
center:     128.0000 -129.0000 -129.0000
fimgreg.f
image alignment mode   2311 decimal      907 hex
parameters
   -0.7095   20.3249   -2.2561   -7.0843  -13.2876   -5.2407
   -2.1375   -3.9575    2.2547   10.0362    1.6955  -12.9212
eta,q 0.97382  7.09415
niter,ni,del,rscale     5    3    5.0000    0.8000
parameters
   -0.7081   20.2951   -2.3062   -7.8325  -13.0705   -5.7345
   -2.1945   -3.8105    2.1170    9.8687    1.7246  -12.9618
eta,q 0.97391  7.05143
  0.0274  0.0272  0.0268  0.0267  0.0271  0.0269  0.0272  0.0279  0.0268  0.0271  0.0265  0.0267
  0.0267  0.0266  0.0264  0.0263  0.0266  0.0264  0.0266  0.0269  0.0264  0.0265  0.0263  0.0264
  0.0263  0.0263  0.0262  0.0261  0.0263  0.0261  0.0262  0.0263  0.0262  0.0262  0.0261  0.0262
  0.0262  0.0262  0.0262  0.0262  0.0261  0.0261  0.0261  0.0261  0.0261  0.0261  0.0261  0.0261
  0.0263  0.0263  0.0263  0.0264  0.0262  0.0264  0.0262  0.0263  0.0262  0.0262  0.0261  0.0262
  0.0267  0.0267  0.0265  0.0267  0.0265  0.0268  0.0266  0.0268  0.0265  0.0266  0.0263  0.0264
  0.0274  0.0272  0.0269  0.0269  0.0270  0.0272  0.0273  0.0277  0.0269  0.0273  0.0265  0.0267
niter,ni,del,rscale     4    3    5.0000    0.7000
parameters
   -0.7207   20.3120   -2.4791   -8.0473  -13.0609   -6.1291
   -2.1900   -3.8061    2.1085    9.9816    1.5990  -13.0373
eta,q 0.97395  7.02923
  0.0271  0.0269  0.0265  0.0267  0.0268  0.0268  0.0270  0.0274  0.0266  0.0269  0.0264  0.0265
  0.0265  0.0264  0.0262  0.0263  0.0264  0.0264  0.0265  0.0267  0.0263  0.0265  0.0262  0.0263
  0.0262  0.0262  0.0261  0.0261  0.0262  0.0261  0.0261  0.0262  0.0261  0.0262  0.0261  0.0261
  0.0261  0.0261  0.0261  0.0261  0.0261  0.0261  0.0261  0.0261  0.0261  0.0261  0.0261  0.0260
  0.0262  0.0262  0.0262  0.0262  0.0261  0.0263  0.0262  0.0262  0.0261  0.0261  0.0261  0.0261
  0.0265  0.0264  0.0264  0.0265  0.0264  0.0266  0.0265  0.0267  0.0263  0.0264  0.0262  0.0263
  0.0271  0.0268  0.0267  0.0267  0.0268  0.0270  0.0269  0.0274  0.0267  0.0268  0.0264  0.0266
niter,ni,del,rscale     3    3    5.0000    0.6000
parameters
   -0.7326   20.3746   -2.6322   -8.2698  -13.1207   -6.4180
   -2.2190   -3.8095    2.1417   10.2428    1.4599  -13.1461
eta,q 0.97398  7.00954
  0.0268  0.0267  0.0263  0.0265  0.0266  0.0266  0.0267  0.0270  0.0265  0.0267  0.0263  0.0263
  0.0264  0.0263  0.0262  0.0262  0.0263  0.0263  0.0263  0.0265  0.0262  0.0264  0.0261  0.0262
  0.0261  0.0261  0.0261  0.0261  0.0261  0.0261  0.0261  0.0261  0.0261  0.0261  0.0260  0.0261
  0.0261  0.0261  0.0261  0.0260  0.0260  0.0260  0.0260  0.0260  0.0260  0.0260  0.0260  0.0260
  0.0261  0.0261  0.0261  0.0262  0.0261  0.0262  0.0261  0.0262  0.0261  0.0261  0.0261  0.0261
  0.0264  0.0263  0.0263  0.0263  0.0263  0.0264  0.0263  0.0265  0.0262  0.0262  0.0262  0.0262
  0.0268  0.0266  0.0265  0.0266  0.0266  0.0268  0.0267  0.0270  0.0265  0.0265  0.0263  0.0264
niter,ni,del,rscale     2    3    5.0000    0.5000
parameters
   -0.7385   20.4786   -2.7781   -8.4600  -13.2243   -6.6675
   -2.2533   -3.8110    2.1778   10.5972    1.3101  -13.2731
eta,q 0.97401  6.99205
  0.0265  0.0265  0.0262  0.0264  0.0264  0.0264  0.0265  0.0267  0.0263  0.0265  0.0262  0.0262
  0.0263  0.0262  0.0261  0.0261  0.0262  0.0262  0.0262  0.0263  0.0261  0.0262  0.0261  0.0261
  0.0261  0.0261  0.0260  0.0260  0.0261  0.0260  0.0260  0.0261  0.0260  0.0261  0.0260  0.0260
  0.0260  0.0260  0.0260  0.0260  0.0260  0.0260  0.0260  0.0260  0.0260  0.0260  0.0260  0.0260
  0.0261  0.0260  0.0261  0.0261  0.0261  0.0261  0.0261  0.0261  0.0260  0.0260  0.0260  0.0260
  0.0263  0.0261  0.0262  0.0262  0.0262  0.0263  0.0262  0.0263  0.0261  0.0261  0.0261  0.0261
  0.0265  0.0263  0.0264  0.0264  0.0264  0.0266  0.0265  0.0267  0.0263  0.0263  0.0262  0.0262
niter,ni,del,rscale     1    3    5.0000    0.4000
parameters
   -0.7435   20.6069   -2.9257   -8.6392  -13.3881   -6.8975
   -2.3075   -3.8364    2.2044   11.0695    1.1921  -13.4045
eta,q 0.97404  6.97464
  0.0263  0.0263  0.0261  0.0262  0.0262  0.0262  0.0263  0.0264  0.0262  0.0263  0.0261  0.0261
  0.0261  0.0262  0.0260  0.0261  0.0261  0.0261  0.0261  0.0262  0.0261  0.0262  0.0260  0.0260
  0.0260  0.0261  0.0260  0.0260  0.0260  0.0260  0.0260  0.0260  0.0260  0.0260  0.0260  0.0260
  0.0260  0.0260  0.0260  0.0260  0.0260  0.0260  0.0260  0.0260  0.0260  0.0260  0.0260  0.0260
  0.0260  0.0260  0.0260  0.0260  0.0260  0.0260  0.0260  0.0260  0.0260  0.0260  0.0260  0.0260
  0.0261  0.0261  0.0261  0.0261  0.0261  0.0262  0.0261  0.0262  0.0261  0.0260  0.0260  0.0260
  0.0263  0.0262  0.0262  0.0263  0.0263  0.0264  0.0263  0.0264  0.0262  0.0261  0.0261  0.0261
registration optimization eta report
parameter search radius
    0.8000    0.8000    0.8000    2.4000    2.4000    2.4000
    2.4000    2.4000    2.4000    2.4000    2.4000    2.4000
100000*second partial in parameter space
       52.       40.       26.        4.        4.        6.
        5.        8.        3.        4.        2.        3.
  0.0263  0.0263  0.0261  0.0262  0.0262  0.0262  0.0263  0.0264  0.0262  0.0263  0.0261  0.0261
  0.0261  0.0262  0.0260  0.0261  0.0261  0.0261  0.0261  0.0262  0.0261  0.0262  0.0260  0.0260
  0.0260  0.0261  0.0260  0.0260  0.0260  0.0260  0.0260  0.0260  0.0260  0.0260  0.0260  0.0260
  0.0260  0.0260  0.0260  0.0260  0.0260  0.0260  0.0260  0.0260  0.0260  0.0260  0.0260  0.0260
  0.0260  0.0260  0.0260  0.0260  0.0260  0.0260  0.0260  0.0260  0.0260  0.0260  0.0260  0.0260
  0.0261  0.0261  0.0261  0.0261  0.0261  0.0262  0.0261  0.0262  0.0261  0.0260  0.0260  0.0260
  0.0263  0.0262  0.0262  0.0263  0.0263  0.0264  0.0263  0.0264  0.0262  0.0261  0.0261  0.0261
   -0.7435   20.6069   -2.9257   -8.6392  -13.3881   -6.8975
   -2.3075   -3.8364    2.2044   11.0695    1.1921  -13.4045
eta,q 0.97404  6.97464

---------------------------------------------------------------------
imgreg_4dfp /opt/freesurfer/average/711-2C_as_mni_average_305 /opt/freesurfer/average/711-2B_as_mni_average_305_mask talsrcimg_g11 none talsrcimg_to_711-2C_as_mni_average_305_t4 2311
---------------------------------------------------------------------

freesurfer imgreg_4dfp.c
/opt/freesurfer/average/711-2C_as_mni_average_305.4dfp.img
       256       256       256         1
  1.000000  1.000000  1.000000
orientation T byte_order littleendian
Reading image: /opt/freesurfer/average/711-2C_as_mni_average_305.4dfp.img
dimensions:      256       256       256
mmppix:       1.0000   -1.0000   -1.0000
center:     128.0000 -129.0000 -129.0000
/opt/freesurfer/average/711-2B_as_mni_average_305_mask.4dfp.img
       256       256       256         1
  1.000000  1.000000  1.000000
orientation T byte_order littleendian
Reading mask: /opt/freesurfer/average/711-2B_as_mni_average_305_mask.4dfp.img (2306576 pixels)
talsrcimg_g11.4dfp.img
       256       256       256         1
  1.000000  1.000000  1.000000
orientation T byte_order littleendian
Reading image: talsrcimg_g11.4dfp.img
dimensions:      256       256       256
mmppix:       1.0000   -1.0000   -1.0000
center:     128.0000 -129.0000 -129.0000
fimgreg.f
image alignment mode   2311 decimal      907 hex
parameters
   -0.7435   20.6069   -2.9257   -8.6392  -13.3881   -6.8975
   -2.3075   -3.8364    2.2044   11.0695    1.1921  -13.4045
eta,q 0.97404  6.97464
niter,ni,del,rscale     5    3    5.0000    0.8000
parameters
   -0.7376   20.7914   -3.0731   -8.3964  -13.7492   -7.1778
   -2.2748   -3.7979    2.1966   11.5147    1.0237  -13.4626
eta,q 0.97406  6.96425
  0.0273  0.0272  0.0265  0.0270  0.0267  0.0270  0.0271  0.0277  0.0267  0.0271  0.0264  0.0265
  0.0266  0.0265  0.0262  0.0264  0.0263  0.0264  0.0265  0.0267  0.0263  0.0265  0.0261  0.0262
  0.0261  0.0261  0.0260  0.0260  0.0260  0.0261  0.0261  0.0261  0.0260  0.0261  0.0260  0.0260
  0.0260  0.0260  0.0260  0.0259  0.0260  0.0260  0.0259  0.0259  0.0259  0.0259  0.0259  0.0259
  0.0261  0.0260  0.0261  0.0261  0.0261  0.0262  0.0261  0.0261  0.0260  0.0260  0.0260  0.0260
  0.0265  0.0263  0.0263  0.0264  0.0265  0.0266  0.0265  0.0267  0.0263  0.0262  0.0262  0.0262
  0.0273  0.0267  0.0267  0.0267  0.0270  0.0272  0.0271  0.0276  0.0267  0.0268  0.0264  0.0265
niter,ni,del,rscale     4    3    5.0000    0.7000
parameters
   -0.7193   20.9321   -3.2272   -8.5952  -13.9872   -7.4710
   -2.3267   -3.7644    2.1445   12.0555    0.9439  -13.5773
eta,q 0.97411  6.94177
  0.0270  0.0268  0.0263  0.0266  0.0265  0.0267  0.0268  0.0272  0.0265  0.0268  0.0262  0.0263
  0.0264  0.0264  0.0261  0.0262  0.0262  0.0263  0.0263  0.0265  0.0262  0.0264  0.0261  0.0261
  0.0261  0.0261  0.0259  0.0259  0.0260  0.0260  0.0260  0.0260  0.0260  0.0261  0.0259  0.0259
  0.0259  0.0259  0.0259  0.0259  0.0259  0.0259  0.0259  0.0259  0.0259  0.0259  0.0259  0.0259
  0.0260  0.0260  0.0260  0.0261  0.0260  0.0261  0.0260  0.0261  0.0260  0.0259  0.0259  0.0260
  0.0264  0.0262  0.0262  0.0263  0.0263  0.0265  0.0263  0.0265  0.0262  0.0261  0.0261  0.0261
  0.0269  0.0265  0.0265  0.0266  0.0267  0.0270  0.0268  0.0272  0.0265  0.0265  0.0263  0.0263
niter,ni,del,rscale     3    3    5.0000    0.6000
parameters
   -0.7067   21.1278   -3.4167   -8.8306  -14.2785   -7.7901
   -2.3667   -3.7691    2.0411   12.7927    0.8938  -13.7301
eta,q 0.97418  6.91708
  0.0266  0.0266  0.0261  0.0264  0.0263  0.0265  0.0265  0.0268  0.0263  0.0266  0.0261  0.0261
  0.0262  0.0263  0.0260  0.0261  0.0261  0.0261  0.0261  0.0263  0.0261  0.0262  0.0259  0.0259
  0.0260  0.0260  0.0259  0.0259  0.0259  0.0259  0.0259  0.0260  0.0259  0.0260  0.0259  0.0258
  0.0259  0.0259  0.0259  0.0259  0.0259  0.0259  0.0259  0.0259  0.0259  0.0259  0.0258  0.0258
  0.0260  0.0259  0.0260  0.0260  0.0259  0.0260  0.0260  0.0260  0.0259  0.0258  0.0259  0.0259
  0.0262  0.0260  0.0261  0.0262  0.0261  0.0263  0.0262  0.0263  0.0261  0.0259  0.0259  0.0260
  0.0266  0.0263  0.0264  0.0265  0.0265  0.0267  0.0265  0.0268  0.0264  0.0262  0.0261  0.0262
niter,ni,del,rscale     2    3    5.0000    0.5000
parameters
   -0.6925   21.3809   -3.6294   -9.0462  -14.6387   -8.1494
   -2.4164   -3.7842    1.9036   13.7076    0.9075  -13.9614
eta,q 0.97427  6.89176
  0.0263  0.0264  0.0259  0.0262  0.0261  0.0262  0.0262  0.0264  0.0261  0.0263  0.0259  0.0259
  0.0261  0.0261  0.0258  0.0259  0.0259  0.0259  0.0260  0.0261  0.0259  0.0261  0.0258  0.0258
  0.0259  0.0259  0.0258  0.0258  0.0258  0.0258  0.0258  0.0258  0.0258  0.0259  0.0258  0.0257
  0.0258  0.0258  0.0258  0.0258  0.0258  0.0258  0.0258  0.0258  0.0258  0.0258  0.0257  0.0257
  0.0259  0.0258  0.0259  0.0259  0.0258  0.0259  0.0258  0.0259  0.0258  0.0257  0.0258  0.0258
  0.0260  0.0259  0.0260  0.0260  0.0260  0.0261  0.0260  0.0261  0.0260  0.0258  0.0258  0.0259
  0.0263  0.0260  0.0262  0.0263  0.0263  0.0264  0.0262  0.0264  0.0261  0.0259  0.0259  0.0260
niter,ni,del,rscale     1    3    5.0000    0.4000
parameters
   -0.6759   21.6868   -3.8748   -9.2486  -15.0256   -8.5167
   -2.4529   -3.8215    1.7391   14.6429    0.9490  -14.2479
eta,q 0.97437  6.86679
  0.0261  0.0262  0.0258  0.0259  0.0258  0.0259  0.0259  0.0261  0.0259  0.0261  0.0258  0.0257
  0.0259  0.0260  0.0257  0.0258  0.0257  0.0258  0.0258  0.0258  0.0258  0.0259  0.0257  0.0257
  0.0258  0.0258  0.0257  0.0257  0.0257  0.0257  0.0257  0.0257  0.0257  0.0258  0.0256  0.0256
  0.0257  0.0257  0.0257  0.0257  0.0257  0.0257  0.0257  0.0257  0.0257  0.0257  0.0256  0.0256
  0.0258  0.0257  0.0257  0.0257  0.0257  0.0257  0.0257  0.0257  0.0257  0.0256  0.0256  0.0257
  0.0259  0.0257  0.0258  0.0259  0.0258  0.0259  0.0258  0.0259  0.0258  0.0256  0.0257  0.0257
  0.0260  0.0258  0.0260  0.0260  0.0260  0.0261  0.0260  0.0261  0.0259  0.0257  0.0258  0.0258
registration optimization eta report
parameter search radius
    0.8000    0.8000    0.8000    2.4000    2.4000    2.4000
    2.4000    2.4000    2.4000    2.4000    2.4000    2.4000
100000*second partial in parameter space
       50.       39.       25.        5.        4.        6.
        5.        7.        4.        4.        2.        2.
  0.0261  0.0262  0.0258  0.0259  0.0258  0.0259  0.0259  0.0261  0.0259  0.0261  0.0258  0.0257
  0.0259  0.0260  0.0257  0.0258  0.0257  0.0258  0.0258  0.0258  0.0258  0.0259  0.0257  0.0257
  0.0258  0.0258  0.0257  0.0257  0.0257  0.0257  0.0257  0.0257  0.0257  0.0258  0.0256  0.0256
  0.0257  0.0257  0.0257  0.0257  0.0257  0.0257  0.0257  0.0257  0.0257  0.0257  0.0256  0.0256
  0.0258  0.0257  0.0257  0.0257  0.0257  0.0257  0.0257  0.0257  0.0257  0.0256  0.0256  0.0257
  0.0259  0.0257  0.0258  0.0259  0.0258  0.0259  0.0258  0.0259  0.0258  0.0256  0.0257  0.0257
  0.0260  0.0258  0.0260  0.0260  0.0260  0.0261  0.0260  0.0261  0.0259  0.0257  0.0258  0.0258
   -0.6759   21.6868   -3.8748   -9.2486  -15.0256   -8.5167
   -2.4529   -3.8215    1.7391   14.6429    0.9490  -14.2479
eta,q 0.97437  6.86679

---------------------------------------------------------------------
compute_vox2vox talsrcimg talsrcimg_to_711-2C_as_mni_average_305_t4 /opt/freesurfer/average/711-2C_as_mni_average_305
---------------------------------------------------------------------

freesurfer compute_vox2vox.c
Reading: talsrcimg.4dfp.ifh
Reading: talsrcimg_to_711-2C_as_mni_average_305_t4
Reading: /opt/freesurfer/average/711-2C_as_mni_average_305.4dfp.ifh
Writing: talsrcimg_to_711-2C_as_mni_average_305_t4_vox2vox.txt

start time Mon Mar 9 01:14:50 CET 2026
end		time Mon Mar 9 01:15:04 CET 2026

mpr2mni305 success

avi2talxfm orig_nu.mgz /opt/freesurfer/average/mni305.cor.mgz talsrcimg_to_711-2C_as_mni_average_305_t4_vox2vox.txt transforms/talairach.auto.xfm
avi2talxfm done
mv -f /out/sourcedata/freesurfer/sub-v1s17x0050241_ses-1/mri/talsrcimg_to_711-2C_as_mni_average_305_t4_vox2vox.txt /out/sourcedata/freesurfer/sub-v1s17x0050241_ses-1/mri/transforms/talsrcimg_to_711-2C_as_mni_average_305_t4_vox2vox.txt
lta_convert --src orig_nu.mgz --trg /opt/freesurfer/average/mni305.cor.mgz --inxfm transforms/talairach.auto.xfm --outlta transforms/talairach.auto.xfm.lta --subject fsaverage
7.3.2

--src: orig_nu.mgz src image (geometry).
--trg: /opt/freesurfer/average/mni305.cor.mgz trg image (geometry).
--inmni: transforms/talairach.auto.xfm input MNI/XFM transform.
--outlta: transforms/talairach.auto.xfm.lta output LTA.
--s: fsaverage subject name
 LTA read, type : 1
 1.10076   0.03983   0.03845   1.35068;
-0.01454   1.06400   0.17798   0.05563;
-0.02002  -0.18417   1.14537  -5.03264;
 0.00000   0.00000   0.00000   1.00000;
setting subject to fsaverage
Writing  LTA to file transforms/talairach.auto.xfm.lta...
lta_convert successful.
 
 
Started at Mon Mar 9 01:14:50 CET 2026
Ended   at Mon Mar  9 01:15:04 CET 2026
talairach_avi done
