status file for recon-all
Mon Mar  9 04:33:16 CET 2026
#@# Tessellate lh Mon Mar  9 04:33:16 CET 2026
#@# Smooth1 lh Mon Mar  9 04:33:18 CET 2026
#@# Inflation1 lh Mon Mar  9 04:33:20 CET 2026
#@# QSphere lh Mon Mar  9 04:33:34 CET 2026
#@# Fix Topology lh Mon Mar  9 04:34:47 CET 2026
#@# Smooth2 lh Mon Mar  9 04:40:54 CET 2026
#@# Inflation2 lh Mon Mar  9 04:40:57 CET 2026
#@# Curv .H and .K lh Mon Mar  9 04:41:10 CET 2026
#@# Sphere lh Mon Mar  9 04:41:47 CET 2026
#@# Surf Reg lh Mon Mar  9 04:43:32 CET 2026
#@# Jacobian white lh Mon Mar  9 04:47:07 CET 2026
#@# AvgCurv lh Mon Mar  9 04:47:08 CET 2026
#@# Cortical Parc lh Mon Mar  9 04:47:08 CET 2026
#@# white curv lh Mon Mar  9 04:52:55 CET 2026
#@# white area lh Mon Mar  9 04:52:56 CET 2026
#@# pial curv lh Mon Mar  9 04:52:57 CET 2026
#@# pial area lh Mon Mar  9 04:52:58 CET 2026
#@# thickness lh Mon Mar  9 04:52:59 CET 2026
#@# area and vertex vol lh Mon Mar  9 04:53:18 CET 2026
#@# Curvature Stats lh Mon Mar  9 04:53:19 CET 2026
#@# Cortical Parc 2 lh Mon Mar  9 04:53:21 CET 2026
#@# Cortical Parc 3 lh Mon Mar  9 04:53:31 CET 2026
#@# WM/GM Contrast lh Mon Mar  9 04:53:39 CET 2026
recon-all -s sub-v1s17x0051139_ses-1 finished without error at Mon Mar  9 04:53:41 CET 2026



#New# invocation of recon-all 



status file for recon-all
Mon Mar  9 05:21:28 CET 2026
#@# white curv lh Mon Mar  9 05:21:28 CET 2026
#@# white area lh Mon Mar  9 05:21:28 CET 2026
#@# pial curv lh Mon Mar  9 05:21:28 CET 2026
#@# pial area lh Mon Mar  9 05:21:28 CET 2026
#@# thickness lh Mon Mar  9 05:21:28 CET 2026
#@# area and vertex vol lh Mon Mar  9 05:21:28 CET 2026
#@# Parcellation Stats lh Mon Mar  9 05:21:28 CET 2026
#@# Parcellation Stats 2 lh Mon Mar  9 05:21:44 CET 2026
#@# Parcellation Stats 3 lh Mon Mar  9 05:21:52 CET 2026
#@# BA_exvivo Labels lh Mon Mar  9 05:21:59 CET 2026
recon-all -s sub-v1s17x0051139_ses-1 finished without error at Mon Mar  9 05:24:03 CET 2026
