/out/sourcedata/freesurfer/sub-v1s17x0050252_ses-1/mri
/opt/freesurfer/bin/talairach_avi
--i orig_nu.mgz --xfm transforms/talairach.auto.xfm
talairach_avi 7.3.2
Linux dna018 5.14.0-427.37.1.el9_4.x86_64 #1 SMP PREEMPT_DYNAMIC Fri Sep 13 12:41:50 EDT 2024 x86_64 x86_64 x86_64 GNU/Linux
Mon Mar  9 02:01:16 CET 2026
mri_convert orig_nu.mgz talsrcimg.img 
reading from orig_nu.mgz...
TR=0.00, TE=0.00, TI=0.00, flip angle=0.00
i_ras = (-1, 3.67436e-10, 0)
j_ras = (0, 0, -1)
k_ras = (-4.09273e-09, 1, 0)
writing to talsrcimg.img...
Analyze Output Matrix
-1.00000   0.00000  -0.00000   130.06912;
 0.00000   0.00000   1.00000  -129.57526;
 0.00000  -1.00000   0.00000   112.21585;
 0.00000   0.00000   0.00000   1.00000;
--------------------
INFO: set hdr.hist.orient to -1
mpr2mni305 talsrcimg
Mon Mar  9 02:01:16 CET 2026
/opt/freesurfer/bin/mpr2mni305 talsrcimg
mpr2mni305 7.3.2
target=711-2C_as_mni_average_305

---------------------------------------------------------------------
analyzeto4dfp talsrcimg -O0 -y
---------------------------------------------------------------------

freesurfer ifh2hdr.c
Mon Mar  9 02:01:16 2026
Writing: talsrcimg.4dfp.hdr
freesurfer analyzeto4dfp.c
Reading: talsrcimg.hdr
header size 348 bytes
hdr.dime.datatype	offset=70	value=2
hdr.dime.bitpix		offset=72	value=8
hdr.hist.orient		offset=252	value=-1
dimensionality     4
dimensions       256       256       256         1
Reading: talsrcimg.img
Writing: talsrcimg.4dfp.img
Writing: talsrcimg.4dfp.ifh
ifh2hdr talsrcimg -r0to254
ori=2

---------------------------------------------------------------------
gauss_4dfp talsrcimg 1.1
---------------------------------------------------------------------

freesurfer gauss_4dfp.c
Reading: talsrcimg.4dfp.img
Writing: talsrcimg_g11.4dfp.img
image dimensions 256 256 256 padded to 288 288 288
processing volume 1freesurfer ifh2hdr.c
Mon Mar  9 02:01:18 2026
Writing: talsrcimg_g11.4dfp.hdr

Writing: talsrcimg_g11.4dfp.ifh
including: talsrcimg.4dfp.img.rec in talsrcimg_g11.4dfp.img.rec

---------------------------------------------------------------------
imgreg_4dfp /opt/freesurfer/average/711-2C_as_mni_average_305 none talsrcimg_g11 none talsrcimg_to_711-2C_as_mni_average_305_t4 4355
---------------------------------------------------------------------

freesurfer imgreg_4dfp.c
/opt/freesurfer/average/711-2C_as_mni_average_305.4dfp.img
       256       256       256         1
  1.000000  1.000000  1.000000
orientation T byte_order littleendian
Reading image: /opt/freesurfer/average/711-2C_as_mni_average_305.4dfp.img
dimensions:      256       256       256
mmppix:       1.0000   -1.0000   -1.0000
center:     128.0000 -129.0000 -129.0000
talsrcimg_g11.4dfp.img
       256       256       256         1
  1.000000  1.000000  1.000000
orientation T byte_order littleendian
Reading image: talsrcimg_g11.4dfp.img
dimensions:      256       256       256
mmppix:       1.0000   -1.0000   -1.0000
center:     128.0000 -129.0000 -129.0000
t4_read: open error in t4_sub.f l:  41 t4_file(1:l)talsrcimg_to_711-2C_as_mni_average_305_t4 
t4_read: transform initialized to I4
rotation matrix determinant  1.000000
image alignment mode   4355 decimal     1103 hex
   -7.5000  -45.0000  -45.0000 6303.3213   13.4625
    0.0000  -45.0000  -45.0000 6559.4785   13.4822
    7.5000  -45.0000  -45.0000 6300.9805   13.5011
   -7.5000  -37.5000  -45.0000 6943.5508   13.2369
    0.0000  -37.5000  -45.0000 7230.7334   13.2501
    7.5000  -37.5000  -45.0000 6940.4668   13.2662
   -7.5000  -30.0000  -45.0000 7908.1958   13.0849
    0.0000  -30.0000  -45.0000 8247.0137   13.0944
    7.5000  -30.0000  -45.0000 7886.7153   13.1077
   -7.5000  -22.5000  -45.0000 8934.4170   13.0277
    0.0000  -22.5000  -45.0000 9310.4268   13.0403
    7.5000  -22.5000  -45.0000 8881.6777   13.0525
   -7.5000  -15.0000  -45.0000 9971.5889   13.0228
    0.0000  -15.0000  -45.000010385.4014   13.0412
    7.5000  -15.0000  -45.0000 9891.6904   13.0549
   -7.5000   -7.5000  -45.000010905.2168   13.0382
    0.0000   -7.5000  -45.000011349.8311   13.0593
    7.5000   -7.5000  -45.000010803.1582   13.0759
   -7.5000    0.0000  -45.000011678.3076   13.0581
    0.0000    0.0000  -45.000012168.7227   13.0771
    7.5000    0.0000  -45.000011593.6768   13.0945
   -7.5000    7.5000  -45.000011573.1494   13.0611
    0.0000    7.5000  -45.000012071.8154   13.0743
    7.5000    7.5000  -45.000011479.7178   13.0898
   -7.5000   15.0000  -45.000011356.2119   13.0448
    0.0000   15.0000  -45.000011854.8740   13.0542
    7.5000   15.0000  -45.000011267.4141   13.0675
   -7.5000   22.5000  -45.000011036.4590   13.0246
    0.0000   22.5000  -45.000011503.7637   13.0372
    7.5000   22.5000  -45.000010969.0186   13.0494
   -7.5000   30.0000  -45.000010699.8623   12.8493
    0.0000   30.0000  -45.000011139.2588   12.8674
    7.5000   30.0000  -45.000010625.1055   12.8809
   -7.5000   37.5000  -45.000010780.6885   12.8645
    0.0000   37.5000  -45.000011212.8809   12.8852
    7.5000   37.5000  -45.000010696.9453   12.9016
   -7.5000   45.0000  -45.000010162.4004   12.5569
    0.0000   45.0000  -45.000010548.4570   12.5752
    7.5000   45.0000  -45.000010061.1973   12.5919
   -7.5000  -45.0000  -37.5000 6721.2300   13.4837
    0.0000  -45.0000  -37.5000 6988.7153   13.5066
    7.5000  -45.0000  -37.5000 6713.8979   13.5233
   -7.5000  -37.5000  -37.5000 7419.9116   13.2651
    0.0000  -37.5000  -37.5000 7717.9297   13.2824
    7.5000  -37.5000  -37.5000 7398.9014   13.2958
   -7.5000  -30.0000  -37.5000 8445.8506   13.1130
    0.0000  -30.0000  -37.5000 8793.3965   13.1257
    7.5000  -30.0000  -37.5000 8408.6982   13.1376
   -7.5000  -22.5000  -37.5000 9535.9102   13.0492
    0.0000  -22.5000  -37.5000 9915.3037   13.0627
    7.5000  -22.5000  -37.5000 9451.2080   13.0747
   -7.5000  -15.0000  -37.500010615.3828   13.0370
    0.0000  -15.0000  -37.500011030.8984   13.0547
    7.5000  -15.0000  -37.500010506.4004   13.0688
   -7.5000   -7.5000  -37.500011595.4355   13.0529
    0.0000   -7.5000  -37.500012059.4043   13.0743
    7.5000   -7.5000  -37.500011496.8721   13.0902
   -7.5000    0.0000  -37.500012420.2822   13.0799
    0.0000    0.0000  -37.500012925.3428   13.1016
    7.5000    0.0000  -37.500012308.7432   13.1166
   -7.5000    7.5000  -37.500012283.2900   13.0888
    0.0000    7.5000  -37.500012808.5117   13.1059
    7.5000    7.5000  -37.500012162.2852   13.1188
   -7.5000   15.0000  -37.500012050.2598   13.0727
    0.0000   15.0000  -37.500012600.1016   13.0852
    7.5000   15.0000  -37.500011928.8877   13.0970
   -7.5000   22.5000  -37.500011713.5186   13.0461
    0.0000   22.5000  -37.500012220.2080   13.0595
    7.5000   22.5000  -37.500011587.0342   13.0716
   -7.5000   30.0000  -37.500011313.4951   12.8633
    0.0000   30.0000  -37.500011808.2754   12.8807
    7.5000   30.0000  -37.500011221.4102   12.8946
   -7.5000   37.5000  -37.500011387.9736   12.8789
    0.0000   37.5000  -37.500011852.2549   12.9001
    7.5000   37.5000  -37.500011258.3887   12.9158
   -7.5000   45.0000  -37.500010685.4268   12.5779
    0.0000   45.0000  -37.500011107.2285   12.5988
    7.5000   45.0000  -37.500010561.3525   12.6132
   -7.5000  -45.0000  -30.0000 7239.3037   14.0643
    0.0000  -45.0000  -30.0000 7528.3745   14.0923
    7.5000  -45.0000  -30.0000 7221.8311   14.1040
   -7.5000  -37.5000  -30.0000 8006.1890   13.8425
    0.0000  -37.5000  -30.0000 8328.3115   13.8651
    7.5000  -37.5000  -30.0000 7974.9175   13.8746
   -7.5000  -30.0000  -30.0000 9129.3604   13.6885
    0.0000  -30.0000  -30.0000 9502.8076   13.7067
    7.5000  -30.0000  -30.0000 9076.0908   13.7181
   -7.5000  -22.5000  -30.000010263.5840   13.6204
    0.0000  -22.5000  -30.000010678.5723   13.6385
    7.5000  -22.5000  -30.000010176.9580   13.6522
   -7.5000  -15.0000  -30.000011407.9346   13.6007
    0.0000  -15.0000  -30.000011855.1709   13.6221
    7.5000  -15.0000  -30.000011305.9941   13.6372
   -7.5000   -7.5000  -30.000012446.7266   13.6128
    0.0000   -7.5000  -30.000012958.0166   13.6380
    7.5000   -7.5000  -30.000012345.0557   13.6518
   -7.5000    0.0000  -30.000013344.0039   13.6431
    0.0000    0.0000  -30.000013907.9121   13.6691
    7.5000    0.0000  -30.000013225.4180   13.6792
   -7.5000    7.5000  -30.000013170.3447   13.6583
    0.0000    7.5000  -30.000013738.5342   13.6805
    7.5000    7.5000  -30.000013039.2910   13.6896
   -7.5000   15.0000  -30.000012900.8750   13.6464
    0.0000   15.0000  -30.000013488.9570   13.6644
    7.5000   15.0000  -30.000012772.7568   13.6757
   -7.5000   22.5000  -30.000012542.8359   13.6158
    0.0000   22.5000  -30.000013099.3398   13.6338
    7.5000   22.5000  -30.000012412.1162   13.6475
   -7.5000   30.0000  -30.000012132.4424   13.4207
    0.0000   30.0000  -30.000012673.3174   13.4418
    7.5000   30.0000  -30.000012025.0391   13.4567
   -7.5000   37.5000  -30.000012166.7227   13.4327
    0.0000   37.5000  -30.000012688.6260   13.4576
    7.5000   37.5000  -30.000012009.2910   13.4711
   -7.5000   45.0000  -30.000011371.7363   13.1291
    0.0000   45.0000  -30.000011827.5508   13.1541
    7.5000   45.0000  -30.000011232.2529   13.1639
   -7.5000  -45.0000  -22.5000 7727.1577   14.5320
    0.0000  -45.0000  -22.5000 8040.1343   14.5620
    7.5000  -45.0000  -22.5000 7694.0005   14.5703
   -7.5000  -37.5000  -22.5000 8572.6064   14.3014
    0.0000  -37.5000  -22.5000 8925.3926   14.3251
    7.5000  -37.5000  -22.5000 8523.2998   14.3333
   -7.5000  -30.0000  -22.5000 9767.9941   14.1466
    0.0000  -30.0000  -22.500010181.9668   14.1671
    7.5000  -30.0000  -22.5000 9700.4082   14.1799
   -7.5000  -22.5000  -22.500010960.2910   14.0813
    0.0000  -22.5000  -22.500011417.6016   14.1037
    7.5000  -22.5000  -22.500010878.1055   14.1197
   -7.5000  -15.0000  -22.500012133.2686   14.0616
    0.0000  -15.0000  -22.500012647.4219   14.0883
    7.5000  -15.0000  -22.500012049.2061   14.1041
   -7.5000   -7.5000  -22.500013280.9219   14.0695
    0.0000   -7.5000  -22.500013852.3652   14.0988
    7.5000   -7.5000  -22.500013180.4893   14.1103
   -7.5000    0.0000  -22.500014264.3291   14.0954
    0.0000    0.0000  -22.500014884.2578   14.1233
    7.5000    0.0000  -22.500014148.3145   14.1302
   -7.5000    7.5000  -22.500014052.6660   14.1109
    0.0000    7.5000  -22.500014676.0762   14.1342
    7.5000    7.5000  -22.500013930.3730   14.1420
   -7.5000   15.0000  -22.500013725.6670   14.1034
    0.0000   15.0000  -22.500014346.3154   14.1236
    7.5000   15.0000  -22.500013590.3643   14.1363
   -7.5000   22.5000  -22.500013343.1924   14.0756
    0.0000   22.5000  -22.500013939.5430   14.0980
    7.5000   22.5000  -22.500013216.8223   14.1139
   -7.5000   30.0000  -22.500012930.1279   13.8776
    0.0000   30.0000  -22.500013533.8828   13.9040
    7.5000   30.0000  -22.500012798.9883   13.9196
   -7.5000   37.5000  -22.500012922.2178   13.8854
    0.0000   37.5000  -22.500013495.0986   13.9144
    7.5000   37.5000  -22.500012764.0410   13.9257
   -7.5000   45.0000  -22.500012043.0371   13.5745
    0.0000   45.0000  -22.500012550.8965   13.6014
    7.5000   45.0000  -22.500011902.9404   13.6081
   -7.5000  -45.0000  -15.0000 8233.3486   14.8501
    0.0000  -45.0000  -15.0000 8591.3682   14.8777
    7.5000  -45.0000  -15.0000 8203.1406   14.8879
   -7.5000  -37.5000  -15.0000 9134.6475   14.6073
    0.0000  -37.5000  -15.0000 9526.7227   14.6275
    7.5000  -37.5000  -15.0000 9094.2471   14.6386
   -7.5000  -30.0000  -15.000010396.3525   14.4497
    0.0000  -30.0000  -15.000010849.0703   14.4675
    7.5000  -30.0000  -15.000010335.7783   14.4823
   -7.5000  -22.5000  -15.000011649.4248   14.3902
    0.0000  -22.5000  -15.000012148.8447   14.4124
    7.5000  -22.5000  -15.000011573.0586   14.4288
   -7.5000  -15.0000  -15.000012856.0576   14.3772
    0.0000  -15.0000  -15.000013424.0850   14.4056
    7.5000  -15.0000  -15.000012787.1816   14.4208
   -7.5000   -7.5000  -15.000014058.7100   14.3841
    0.0000   -7.5000  -15.000014675.6934   14.4140
    7.5000   -7.5000  -15.000013951.6201   14.4257
   -7.5000    0.0000  -15.000015152.9688   14.4027
    0.0000    0.0000  -15.000015842.9922   14.4288
    7.5000    0.0000  -15.000015050.7529   14.4377
   -7.5000    7.5000  -15.000014954.7461   14.4128
    0.0000    7.5000  -15.000015651.8359   14.4328
    7.5000    7.5000  -15.000014823.7773   14.4435
   -7.5000   15.0000  -15.000014543.1123   14.4057
    0.0000   15.0000  -15.000015219.1904   14.4233
    7.5000   15.0000  -15.000014418.2051   14.4380
   -7.5000   22.5000  -15.000014106.1367   14.3836
    0.0000   22.5000  -15.000014761.0723   14.4058
    7.5000   22.5000  -15.000014000.0000   14.4222
   -7.5000   30.0000  -15.000013671.4883   14.1911
    0.0000   30.0000  -15.000014298.7930   14.2191
    7.5000   30.0000  -15.000013560.5498   14.2342
   -7.5000   37.5000  -15.000013628.8311   14.1979
    0.0000   37.5000  -15.000014215.2061   14.2274
    7.5000   37.5000  -15.000013458.2979   14.2390
   -7.5000   45.0000  -15.000012653.1494   13.8789
    0.0000   45.0000  -15.000013196.3115   13.9040
    7.5000   45.0000  -15.000012514.4756   13.9126
   -7.5000  -45.0000   -7.5000 8763.8477   15.0119
    0.0000  -45.0000   -7.5000 9149.3848   15.0351
    7.5000  -45.0000   -7.5000 8729.8643   15.0518
   -7.5000  -37.5000   -7.5000 9725.5518   14.7600
    0.0000  -37.5000   -7.500010155.0996   14.7754
    7.5000  -37.5000   -7.5000 9685.6035   14.7913
   -7.5000  -30.0000   -7.500011062.1934   14.5961
    0.0000  -30.0000   -7.500011533.8438   14.6086
    7.5000  -30.0000   -7.500010999.6475   14.6241
   -7.5000  -22.5000   -7.500012374.8555   14.5378
    0.0000  -22.5000   -7.500012892.3799   14.5553
    7.5000  -22.5000   -7.500012333.9688   14.5704
   -7.5000  -15.0000   -7.500013628.6045   14.5321
    0.0000  -15.0000   -7.500014199.7148   14.5568
    7.5000  -15.0000   -7.500013577.8223   14.5718
   -7.5000   -7.5000   -7.500014816.9541   14.5434
    0.0000   -7.5000   -7.500015424.8672   14.5699
    7.5000   -7.5000   -7.500014753.2246   14.5852
   -7.5000    0.0000   -7.500016048.7803   14.5599
    0.0000    0.0000   -7.500016693.8574   14.5823
    7.5000    0.0000   -7.500015917.0830   14.5975
   -7.5000    7.5000   -7.500015997.8740   14.5638
    0.0000    7.5000   -7.500016701.4902   14.5793
    7.5000    7.5000   -7.500015775.0127   14.5947
   -7.5000   15.0000   -7.500015525.0938   14.5516
    0.0000   15.0000   -7.500016247.0732   14.5640
    7.5000   15.0000   -7.500015386.5234   14.5794
   -7.5000   22.5000   -7.500014947.7510   14.5296
    0.0000   22.5000   -7.500015642.0166   14.5471
    7.5000   22.5000   -7.500014900.4209   14.5622
   -7.5000   30.0000   -7.500014424.5918   14.3436
    0.0000   30.0000   -7.500015065.5186   14.3681
    7.5000   30.0000   -7.500014387.9492   14.3828
   -7.5000   37.5000   -7.500014317.7070   14.3548
    0.0000   37.5000   -7.500014912.1768   14.3809
    7.5000   37.5000   -7.500014209.5156   14.3961
   -7.5000   45.0000   -7.500013329.7627   14.0330
    0.0000   45.0000   -7.500013896.5781   14.0546
    7.5000   45.0000   -7.500013215.3564   14.0692
   -7.5000  -45.0000    0.0000 9206.8916   15.0595
    0.0000  -45.0000    0.0000 9580.3887   15.0814
    7.5000  -45.0000    0.0000 9161.5957   15.1026
   -7.5000  -37.5000    0.000010200.7031   14.8072
    0.0000  -37.5000    0.000010627.2900   14.8220
    7.5000  -37.5000    0.000010144.0439   14.8399
   -7.5000  -30.0000    0.000011584.5928   14.6373
    0.0000  -30.0000    0.000012072.0566   14.6479
    7.5000  -30.0000    0.000011513.5010   14.6628
   -7.5000  -22.5000    0.000012967.8779   14.5733
    0.0000  -22.5000    0.000013506.0713   14.5873
    7.5000  -22.5000    0.000012899.6387   14.6010
   -7.5000  -15.0000    0.000014293.0449   14.5677
    0.0000  -15.0000    0.000014864.2949   14.5883
    7.5000  -15.0000    0.000014219.1406   14.6037
   -7.5000   -7.5000    0.000015517.9180   14.5850
    0.0000   -7.5000    0.000016101.8945   14.6085
    7.5000   -7.5000    0.000015503.3633   14.6271
   -7.5000    0.0000    0.000016787.8242   14.6072
    0.0000    0.0000    0.000017461.0723   14.6285
    7.5000    0.0000    0.000016730.7422   14.6479
   -7.5000    7.5000    0.000016824.4688   14.6106
    0.0000    7.5000    0.000017520.1680   14.6254
    7.5000    7.5000    0.000016605.9102   14.6428
   -7.5000   15.0000    0.000016496.6094   14.5925
    0.0000   15.0000    0.000017173.3770   14.6029
    7.5000   15.0000    0.000016342.6162   14.6178
   -7.5000   22.5000    0.000015920.2197   14.5651
    0.0000   22.5000    0.000016588.5449   14.5791
    7.5000   22.5000    0.000015847.0850   14.5928
   -7.5000   30.0000    0.000015299.4307   14.3792
    0.0000   30.0000    0.000015918.7217   14.3995
    7.5000   30.0000    0.000015238.3145   14.4147
   -7.5000   37.5000    0.000015089.0059   14.3962
    0.0000   37.5000    0.000015702.4951   14.4194
    7.5000   37.5000    0.000014940.4180   14.4378
   -7.5000   45.0000    0.000014008.6143   14.0796
    0.0000   45.0000    0.000014609.8311   14.1002
    7.5000   45.0000    0.000013840.1885   14.1189
   -7.5000  -45.0000    7.5000 8868.8232   15.0886
    0.0000  -45.0000    7.5000 9252.3848   15.1142
    7.5000  -45.0000    7.5000 8840.2109   15.1329
   -7.5000  -37.5000    7.5000 9843.9326   14.8439
    0.0000  -37.5000    7.500010283.8535   14.8633
    7.5000  -37.5000    7.5000 9817.0537   14.8782
   -7.5000  -30.0000    7.500011196.0176   14.6737
    0.0000  -30.0000    7.500011668.8271   14.6879
    7.5000  -30.0000    7.500011154.6143   14.7012
   -7.5000  -22.5000    7.500012513.2012   14.6023
    0.0000  -22.5000    7.500013007.3574   14.6174
    7.5000  -22.5000    7.500012474.0645   14.6309
   -7.5000  -15.0000    7.500013788.4404   14.5887
    0.0000  -15.0000    7.500014269.7920   14.6084
    7.5000  -15.0000    7.500013745.8086   14.6242
   -7.5000   -7.5000    7.500015018.4863   14.6064
    0.0000   -7.5000    7.500015524.7861   14.6304
    7.5000   -7.5000    7.500014985.4287   14.6482
   -7.5000    0.0000    7.500016236.9990   14.6367
    0.0000    0.0000    7.500016816.9180   14.6610
    7.5000    0.0000    7.500016152.0645   14.6778
   -7.5000    7.5000    7.500016147.0127   14.6467
    0.0000    7.5000    7.500016711.0996   14.6657
    7.5000    7.5000    7.500015996.6689   14.6802
   -7.5000   15.0000    7.500015832.6572   14.6286
    0.0000   15.0000    7.500016395.8770   14.6426
    7.5000   15.0000    7.500015657.6826   14.6559
   -7.5000   22.5000    7.500015410.6377   14.5941
    0.0000   22.5000    7.500015979.4668   14.6091
    7.5000   22.5000    7.500015205.7988   14.6227
   -7.5000   30.0000    7.500014851.5605   14.3999
    0.0000   30.0000    7.500015393.9170   14.4194
    7.5000   30.0000    7.500014638.5176   14.4349
   -7.5000   37.5000    7.500014582.9180   14.4174
    0.0000   37.5000    7.500015105.0459   14.4411
    7.5000   37.5000    7.500014335.4932   14.4587
   -7.5000   45.0000    7.500013475.5918   14.1081
    0.0000   45.0000    7.500013973.8789   14.1315
    7.5000   45.0000    7.500013280.9121   14.1477
   -7.5000  -45.0000   15.0000 8442.6211   15.1030
    0.0000  -45.0000   15.0000 8768.8477   15.1330
    7.5000  -45.0000   15.0000 8415.0420   15.1457
   -7.5000  -37.5000   15.0000 9361.4385   14.8648
    0.0000  -37.5000   15.0000 9719.4854   14.8891
    7.5000  -37.5000   15.0000 9325.0264   14.8993
   -7.5000  -30.0000   15.000010630.0410   14.6994
    0.0000  -30.0000   15.000011054.9941   14.7189
    7.5000  -30.0000   15.000010587.1777   14.7312
   -7.5000  -22.5000   15.000011892.8438   14.6263
    0.0000  -22.5000   15.000012370.9121   14.6457
    7.5000  -22.5000   15.000011847.8115   14.6604
   -7.5000  -15.0000   15.000013122.1104   14.6051
    0.0000  -15.0000   15.000013640.4102   14.6281
    7.5000  -15.0000   15.000013049.8975   14.6444
   -7.5000   -7.5000   15.000014282.6064   14.6182
    0.0000   -7.5000   15.000014862.8496   14.6452
    7.5000   -7.5000   15.000014217.5791   14.6600
   -7.5000    0.0000   15.000015338.7549   14.6506
    0.0000    0.0000   15.000015944.2275   14.6786
    7.5000    0.0000   15.000015269.6230   14.6895
   -7.5000    7.5000   15.000015177.0791   14.6670
    0.0000    7.5000   15.000015732.7158   14.6908
    7.5000    7.5000   15.000015075.5078   14.7006
   -7.5000   15.0000   15.000014841.9521   14.6543
    0.0000   15.0000   15.000015376.0381   14.6735
    7.5000   15.0000   15.000014746.7637   14.6857
   -7.5000   22.5000   15.000014451.5928   14.6181
    0.0000   22.5000   15.000014973.6426   14.6375
    7.5000   22.5000   15.000014321.6855   14.6522
   -7.5000   30.0000   15.000014002.5361   14.4161
    0.0000   30.0000   15.000014510.7832   14.4388
    7.5000   30.0000   15.000013860.6680   14.4548
   -7.5000   37.5000   15.000013782.1006   14.4290
    0.0000   37.5000   15.000014255.1836   14.4557
    7.5000   37.5000   15.000013597.5820   14.4703
   -7.5000   45.0000   15.000012748.5039   14.1215
    0.0000   45.0000   15.000013202.2959   14.1485
    7.5000   45.0000   15.000012594.7734   14.1590
   -7.5000  -45.0000   22.5000 7916.5811   15.1237
    0.0000  -45.0000   22.5000 8242.8076   15.1553
    7.5000  -45.0000   22.5000 7913.3843   15.1642
   -7.5000  -37.5000   22.5000 8771.3516   14.8831
    0.0000  -37.5000   22.5000 9146.2695   14.9081
    7.5000  -37.5000   22.5000 8745.8232   14.9168
   -7.5000  -30.0000   22.5000 9981.7129   14.7215
    0.0000  -30.0000   22.500010412.2275   14.7431
    7.5000  -30.0000   22.5000 9932.7637   14.7567
   -7.5000  -22.5000   22.500011180.6719   14.6535
    0.0000  -22.5000   22.500011644.4238   14.6770
    7.5000  -22.5000   22.500011117.4062   14.6939
   -7.5000  -15.0000   22.500012336.1963   14.6329
    0.0000  -15.0000   22.500012836.6455   14.6610
    7.5000  -15.0000   22.500012260.0049   14.6776
   -7.5000   -7.5000   22.500013363.2305   14.6412
    0.0000   -7.5000   22.500013906.0488   14.6720
    7.5000   -7.5000   22.500013319.7852   14.6841
   -7.5000    0.0000   22.500014301.0010   14.6682
    0.0000    0.0000   22.500014857.9521   14.6976
    7.5000    0.0000   22.500014269.4775   14.7050
   -7.5000    7.5000   22.500014143.8965   14.6843
    0.0000    7.5000   22.500014680.6445   14.7089
    7.5000    7.5000   22.500014102.9824   14.7172
   -7.5000   15.0000   22.500013868.1104   14.6764
    0.0000   15.0000   22.500014369.6797   14.6978
    7.5000   15.0000   22.500013808.1182   14.7112
   -7.5000   22.5000   22.500013500.3975   14.6452
    0.0000   22.5000   22.500013981.8096   14.6688
    7.5000   22.5000   22.500013413.0967   14.6856
   -7.5000   30.0000   22.500013085.0859   14.4435
    0.0000   30.0000   22.500013566.8730   14.4713
    7.5000   30.0000   22.500013015.1553   14.4877
   -7.5000   37.5000   22.500012869.8555   14.4517
    0.0000   37.5000   22.500013321.5400   14.4821
    7.5000   37.5000   22.500012754.1816   14.4941
   -7.5000   45.0000   22.500011944.8877   14.1385
    0.0000   45.0000   22.500012390.6504   14.1668
    7.5000   45.0000   22.500011838.9863   14.1739
   -7.5000  -45.0000   30.0000 7362.8467   15.2259
    0.0000  -45.0000   30.0000 7682.6475   15.2556
    7.5000  -45.0000   30.0000 7357.5532   15.2673
   -7.5000  -37.5000   30.0000 8149.8296   14.9740
    0.0000  -37.5000   30.0000 8511.5068   14.9963
    7.5000  -37.5000   30.0000 8128.7778   15.0087
   -7.5000  -30.0000   30.0000 9287.2979   14.8113
    0.0000  -30.0000   30.0000 9684.9316   14.8310
    7.5000  -30.0000   30.0000 9251.4873   14.8474
   -7.5000  -22.5000   30.000010396.9023   14.7504
    0.0000  -22.5000   30.000010845.3311   14.7746
    7.5000  -22.5000   30.000010359.5186   14.7926
   -7.5000  -15.0000   30.000011450.1396   14.7372
    0.0000  -15.0000   30.000011930.6582   14.7676
    7.5000  -15.0000   30.000011408.4893   14.7844
   -7.5000   -7.5000   30.000012380.0391   14.7437
    0.0000   -7.5000   30.000012900.2119   14.7756
    7.5000   -7.5000   30.000012354.0811   14.7886
   -7.5000    0.0000   30.000013221.4863   14.7621
    0.0000    0.0000   30.000013764.7803   14.7902
    7.5000    0.0000   30.000013206.9707   14.8004
   -7.5000    7.5000   30.000013082.1592   14.7725
    0.0000    7.5000   30.000013611.7676   14.7944
    7.5000    7.5000   30.000013059.2764   14.8065
   -7.5000   15.0000   30.000012836.0195   14.7657
    0.0000   15.0000   30.000013317.6982   14.7853
    7.5000   15.0000   30.000012790.8369   14.8015
   -7.5000   22.5000   30.000012505.1387   14.7421
    0.0000   22.5000   30.000012977.1816   14.7663
    7.5000   22.5000   30.000012442.4414   14.7843
   -7.5000   30.0000   30.000012135.0303   14.5464
    0.0000   30.0000   30.000012596.7109   14.5765
    7.5000   30.0000   30.000012080.8076   14.5930
   -7.5000   37.5000   30.000011905.8154   14.5529
    0.0000   37.5000   30.000012360.5498   14.5844
    7.5000   37.5000   30.000011838.3574   14.5973
   -7.5000   45.0000   30.000011073.4316   14.2290
    0.0000   45.0000   30.000011503.1016   14.2560
    7.5000   45.0000   30.000010999.2256   14.2658
   -7.5000  -45.0000   37.5000 7119.8794   15.5504
    0.0000  -45.0000   37.5000 7425.5957   15.5765
    7.5000  -45.0000   37.5000 7119.9028   15.5950
   -7.5000  -37.5000   37.5000 7876.4893   15.2827
    0.0000  -37.5000   37.5000 8239.3809   15.3002
    7.5000  -37.5000   37.5000 7870.8130   15.3180
   -7.5000  -30.0000   37.5000 8969.1797   15.1051
    0.0000  -30.0000   37.5000 9388.8994   15.1190
    7.5000  -30.0000   37.5000 8960.3301   15.1368
   -7.5000  -22.5000   37.500010053.9658   15.0385
    0.0000  -22.5000   37.500010510.9639   15.0577
    7.5000  -22.5000   37.500010028.0029   15.0750
   -7.5000  -15.0000   37.500011044.3740   15.0305
    0.0000  -15.0000   37.500011536.5938   15.0577
    7.5000  -15.0000   37.500011015.3467   15.0746
   -7.5000   -7.5000   37.500011942.5752   15.0450
    0.0000   -7.5000   37.500012464.6533   15.0744
    7.5000   -7.5000   37.500011913.4326   15.0914
   -7.5000    0.0000   37.500012738.4863   15.0668
    0.0000    0.0000   37.500013282.1445   15.0920
    7.5000    0.0000   37.500012717.7314   15.1088
   -7.5000    7.5000   37.500012580.0068   15.0729
    0.0000    7.5000   37.500013092.1973   15.0904
    7.5000    7.5000   37.500012564.8516   15.1077
   -7.5000   15.0000   37.500012302.9639   15.0576
    0.0000   15.0000   37.500012784.1006   15.0714
    7.5000   15.0000   37.500012277.2803   15.0891
   -7.5000   22.5000   37.500012012.5420   15.0300
    0.0000   22.5000   37.500012487.0771   15.0492
    7.5000   22.5000   37.500011968.6738   15.0665
   -7.5000   30.0000   37.500011683.4658   14.8360
    0.0000   30.0000   37.500012150.7109   14.8629
    7.5000   30.0000   37.500011629.4961   14.8795
   -7.5000   37.5000   37.500011443.3984   14.8503
    0.0000   37.5000   37.500011913.0938   14.8793
    7.5000   37.5000   37.500011379.4678   14.8961
   -7.5000   45.0000   37.500010651.3877   14.5227
    0.0000   45.0000   37.500011081.1338   14.5469
    7.5000   45.0000   37.500010586.9951   14.5631
   -7.5000  -45.0000   45.0000 6564.4585   15.8905
    0.0000  -45.0000   45.0000 6832.6655   15.9125
    7.5000  -45.0000   45.0000 6559.0918   15.9391
   -7.5000  -37.5000   45.0000 7263.2002   15.6107
    0.0000  -37.5000   45.0000 7581.4399   15.6250
    7.5000  -37.5000   45.0000 7257.4116   15.6486
   -7.5000  -30.0000   45.0000 8259.3857   15.4157
    0.0000  -30.0000   45.0000 8641.3613   15.4259
    7.5000  -30.0000   45.0000 8257.4668   15.4468
   -7.5000  -22.5000   45.0000 9250.4346   15.3367
    0.0000  -22.5000   45.0000 9666.0410   15.3512
    7.5000  -22.5000   45.0000 9238.4482   15.3707
   -7.5000  -15.0000   45.000010175.5146   15.3282
    0.0000  -15.0000   45.000010604.6816   15.3499
    7.5000  -15.0000   45.000010145.8662   15.3706
   -7.5000   -7.5000   45.000010981.4199   15.3525
    0.0000   -7.5000   45.000011447.1689   15.3769
    7.5000   -7.5000   45.000010957.6064   15.4005
   -7.5000    0.0000   45.000011697.5371   15.3846
    0.0000    0.0000   45.000012193.9189   15.4061
    7.5000    0.0000   45.000011677.8164   15.4304
   -7.5000    7.5000   45.000011537.1729   15.3910
    0.0000    7.5000   45.000012003.6250   15.4053
    7.5000    7.5000   45.000011531.9668   15.4282
   -7.5000   15.0000   45.000011268.5293   15.3657
    0.0000   15.0000   45.000011717.3398   15.3758
    7.5000   15.0000   45.000011249.3945   15.3966
   -7.5000   22.5000   45.000010995.8184   15.3280
    0.0000   22.5000   45.000011447.3486   15.3425
    7.5000   22.5000   45.000010971.1768   15.3620
   -7.5000   30.0000   45.000010725.7217   15.1285
    0.0000   30.0000   45.000011169.2422   15.1499
    7.5000   30.0000   45.000010693.4463   15.1704
   -7.5000   37.5000   45.000010494.5967   15.1525
    0.0000   37.5000   45.000010918.4883   15.1765
    7.5000   37.5000   45.000010446.7021   15.1998
   -7.5000   45.0000   45.0000 9772.9805   14.8357
    0.0000   45.0000   45.000010162.6650   14.8564
    7.5000   45.0000   45.0000 9715.2812   14.8799

---------------------------------------------------------------------
imgreg_4dfp /opt/freesurfer/average/711-2C_as_mni_average_305 /opt/freesurfer/average/711-2B_as_mni_average_305_mask talsrcimg_g11 none talsrcimg_to_711-2C_as_mni_average_305_t4 4355
---------------------------------------------------------------------

freesurfer imgreg_4dfp.c
/opt/freesurfer/average/711-2C_as_mni_average_305.4dfp.img
       256       256       256         1
  1.000000  1.000000  1.000000
orientation T byte_order littleendian
Reading image: /opt/freesurfer/average/711-2C_as_mni_average_305.4dfp.img
dimensions:      256       256       256
mmppix:       1.0000   -1.0000   -1.0000
center:     128.0000 -129.0000 -129.0000
/opt/freesurfer/average/711-2B_as_mni_average_305_mask.4dfp.img
       256       256       256         1
  1.000000  1.000000  1.000000
orientation T byte_order littleendian
Reading mask: /opt/freesurfer/average/711-2B_as_mni_average_305_mask.4dfp.img (2306576 pixels)
talsrcimg_g11.4dfp.img
       256       256       256         1
  1.000000  1.000000  1.000000
orientation T byte_order littleendian
Reading image: talsrcimg_g11.4dfp.img
dimensions:      256       256       256
mmppix:       1.0000   -1.0000   -1.0000
center:     128.0000 -129.0000 -129.0000
rotation matrix determinant  1.000000
image alignment mode   4355 decimal     1103 hex
   -7.5000  -37.5000  -45.0000 1871.8784   18.1443
    0.0000  -37.5000  -45.0000 1877.7200   18.1296
    7.5000  -37.5000  -45.0000 1870.1429   18.3895
   -7.5000  -30.0000  -45.0000 2006.5775   15.8829
    0.0000  -30.0000  -45.0000 2013.8345   15.8270
    7.5000  -30.0000  -45.0000 1996.0951   16.0581
   -7.5000  -22.5000  -45.0000 2131.7317   14.2549
    0.0000  -22.5000  -45.0000 2137.8381   14.2153
    7.5000  -22.5000  -45.0000 2115.3447   14.3897
   -7.5000  -15.0000  -45.0000 2240.4766   13.0929
    0.0000  -15.0000  -45.0000 2244.8110   13.0738
    7.5000  -15.0000  -45.0000 2221.4805   13.2184
   -7.5000   -7.5000  -45.0000 2319.6763   12.2787
    0.0000   -7.5000  -45.0000 2321.7795   12.2563
    7.5000   -7.5000  -45.0000 2295.3379   12.3885
   -7.5000    0.0000  -45.0000 2368.8843   11.6248
    0.0000    0.0000  -45.0000 2374.4729   11.6102
    7.5000    0.0000  -45.0000 2345.5513   11.7470
   -7.5000    7.5000  -45.0000 2407.8770   11.1887
    0.0000    7.5000  -45.0000 2415.4055   11.1631
    7.5000    7.5000  -45.0000 2387.1375   11.3057
   -7.5000   15.0000  -45.0000 2420.5254   11.0406
    0.0000   15.0000  -45.0000 2428.7144   11.0096
    7.5000   15.0000  -45.0000 2403.4460   11.1639
   -7.5000   22.5000  -45.0000 2406.1033   11.1563
    0.0000   22.5000  -45.0000 2413.5388   11.1305
    7.5000   22.5000  -45.0000 2389.3225   11.2867
   -7.5000   30.0000  -45.0000 2383.2688   11.4219
    0.0000   30.0000  -45.0000 2391.3774   11.3756
    7.5000   30.0000  -45.0000 2360.9844   11.5592
   -7.5000   37.5000  -45.0000 2342.9658   11.9257
    0.0000   37.5000  -45.0000 2350.4509   11.8680
    7.5000   37.5000  -45.0000 2320.3491   12.0840
   -7.5000   45.0000  -45.0000 2280.9712   12.6948
    0.0000   45.0000  -45.0000 2285.3662   12.6453
    7.5000   45.0000  -45.0000 2254.8625   12.9010
   -7.5000   52.5000  -45.0000 2172.8767   13.6545
    0.0000   52.5000  -45.0000 2178.7402   13.5988
    7.5000   52.5000  -45.0000 2149.0105   13.9029
   -7.5000  -37.5000  -37.5000 1940.0873   16.9038
    0.0000  -37.5000  -37.5000 1945.2664   16.8752
    7.5000  -37.5000  -37.5000 1933.9061   17.1271
   -7.5000  -30.0000  -37.5000 2080.3638   14.8401
    0.0000  -30.0000  -37.5000 2086.4250   14.8172
    7.5000  -30.0000  -37.5000 2066.7764   14.9864
   -7.5000  -22.5000  -37.5000 2207.9443   13.2861
    0.0000  -22.5000  -37.5000 2211.2927   13.2334
    7.5000  -22.5000  -37.5000 2189.0671   13.4057
   -7.5000  -15.0000  -37.5000 2320.0203   12.1698
    0.0000  -15.0000  -37.5000 2321.8318   12.1308
    7.5000  -15.0000  -37.5000 2296.4543   12.2816
   -7.5000   -7.5000  -37.5000 2401.5220   11.3856
    0.0000   -7.5000  -37.5000 2406.5593   11.3648
    7.5000   -7.5000  -37.5000 2380.2310   11.4982
   -7.5000    0.0000  -37.5000 2455.4360   10.7891
    0.0000    0.0000  -37.5000 2461.4863   10.7807
    7.5000    0.0000  -37.5000 2434.8235   10.9144
   -7.5000    7.5000  -37.5000 2503.9563   10.3672
    0.0000    7.5000  -37.5000 2510.3115   10.3587
    7.5000    7.5000  -37.5000 2478.7468   10.4962
   -7.5000   15.0000  -37.5000 2526.7717   10.2180
    0.0000   15.0000  -37.5000 2534.7610   10.2028
    7.5000   15.0000  -37.5000 2501.6025   10.3346
   -7.5000   22.5000  -37.5000 2522.1213   10.3247
    0.0000   22.5000  -37.5000 2528.9116   10.2878
    7.5000   22.5000  -37.5000 2495.8528   10.4362
   -7.5000   30.0000  -37.5000 2496.4182   10.5805
    0.0000   30.0000  -37.5000 2505.5488   10.5481
    7.5000   30.0000  -37.5000 2469.7598   10.6881
   -7.5000   37.5000  -37.5000 2449.0125   11.0745
    0.0000   37.5000  -37.5000 2457.8889   11.0301
    7.5000   37.5000  -37.5000 2420.8184   11.1977
   -7.5000   45.0000  -37.5000 2374.1594   11.8079
    0.0000   45.0000  -37.5000 2382.9304   11.7588
    7.5000   45.0000  -37.5000 2344.3887   11.9831
   -7.5000   52.5000  -37.5000 2257.5994   12.7020
    0.0000   52.5000  -37.5000 2263.2090   12.6660
    7.5000   52.5000  -37.5000 2229.4785   12.9145
   -7.5000  -37.5000  -30.0000 2037.3347   16.4057
    0.0000  -37.5000  -30.0000 2041.6962   16.3232
    7.5000  -37.5000  -30.0000 2026.4164   16.6098
   -7.5000  -30.0000  -30.0000 2187.2708   14.4177
    0.0000  -30.0000  -30.0000 2192.1086   14.3499
    7.5000  -30.0000  -30.0000 2169.3135   14.5665
   -7.5000  -22.5000  -30.0000 2315.6907   12.8555
    0.0000  -22.5000  -30.0000 2323.1602   12.8338
    7.5000  -22.5000  -30.0000 2296.4224   12.9926
   -7.5000  -15.0000  -30.0000 2430.5771   11.7252
    0.0000  -15.0000  -30.0000 2433.7539   11.7277
    7.5000  -15.0000  -30.0000 2408.8772   11.8539
   -7.5000   -7.5000  -30.0000 2518.3916   10.9499
    0.0000   -7.5000  -30.0000 2524.2803   10.9349
    7.5000   -7.5000  -30.0000 2496.8550   11.0622
   -7.5000    0.0000  -30.0000 2580.7971   10.3806
    0.0000    0.0000  -30.0000 2587.9956   10.3645
    7.5000    0.0000  -30.0000 2563.2437   10.4853
   -7.5000    7.5000  -30.0000 2636.4600    9.9692
    0.0000    7.5000  -30.0000 2647.4912    9.9629
    7.5000    7.5000  -30.0000 2613.9016   10.0849
   -7.5000   15.0000  -30.0000 2669.9070    9.7900
    0.0000   15.0000  -30.0000 2680.9497    9.7815
    7.5000   15.0000  -30.0000 2644.3608    9.9230
   -7.5000   22.5000  -30.0000 2675.6670    9.8792
    0.0000   22.5000  -30.0000 2684.7395    9.8585
    7.5000   22.5000  -30.0000 2647.3826   10.0041
   -7.5000   30.0000  -30.0000 2650.6882   10.1456
    0.0000   30.0000  -30.0000 2665.4426   10.1138
    7.5000   30.0000  -30.0000 2621.7080   10.2524
   -7.5000   37.5000  -30.0000 2599.0894   10.6513
    0.0000   37.5000  -30.0000 2610.8062   10.6116
    7.5000   37.5000  -30.0000 2567.3345   10.7780
   -7.5000   45.0000  -30.0000 2512.2766   11.3788
    0.0000   45.0000  -30.0000 2520.6050   11.3355
    7.5000   45.0000  -30.0000 2483.5061   11.5363
   -7.5000   52.5000  -30.0000 2382.4373   12.2726
    0.0000   52.5000  -30.0000 2388.4106   12.2192
    7.5000   52.5000  -30.0000 2355.1646   12.4492
   -7.5000  -37.5000  -22.5000 2111.9155   15.8452
    0.0000  -37.5000  -22.5000 2114.5459   15.7990
    7.5000  -37.5000  -22.5000 2097.1677   16.0169
   -7.5000  -30.0000  -22.5000 2260.7842   13.9367
    0.0000  -30.0000  -22.5000 2266.4167   13.8749
    7.5000  -30.0000  -22.5000 2239.1331   14.0621
   -7.5000  -22.5000  -22.5000 2387.3323   12.4021
    0.0000  -22.5000  -22.5000 2395.4211   12.3771
    7.5000  -22.5000  -22.5000 2370.1067   12.5323
   -7.5000  -15.0000  -22.5000 2503.4792   11.2665
    0.0000  -15.0000  -22.5000 2510.9331   11.2560
    7.5000  -15.0000  -22.5000 2489.7954   11.4010
   -7.5000   -7.5000  -22.5000 2603.5566   10.4737
    0.0000   -7.5000  -22.5000 2612.8494   10.4747
    7.5000   -7.5000  -22.5000 2585.9607   10.5888
   -7.5000    0.0000  -22.5000 2685.0769    9.9095
    0.0000    0.0000  -22.5000 2693.4185    9.8934
    7.5000    0.0000  -22.5000 2664.2683   10.0144
   -7.5000    7.5000  -22.5000 2748.3967    9.5063
    0.0000    7.5000  -22.5000 2763.1157    9.4750
    7.5000    7.5000  -22.5000 2726.3389    9.6141
   -7.5000   15.0000  -22.5000 2789.1353    9.3041
    0.0000   15.0000  -22.5000 2803.8999    9.2903
    7.5000   15.0000  -22.5000 2761.3176    9.4332
   -7.5000   22.5000  -22.5000 2797.9172    9.3855
    0.0000   22.5000  -22.5000 2810.3284    9.3652
    7.5000   22.5000  -22.5000 2768.7822    9.5052
   -7.5000   30.0000  -22.5000 2775.0696    9.6328
    0.0000   30.0000  -22.5000 2793.8018    9.6128
    7.5000   30.0000  -22.5000 2746.5920    9.7566
   -7.5000   37.5000  -22.5000 2712.6235   10.1428
    0.0000   37.5000  -22.5000 2730.4927   10.1054
    7.5000   37.5000  -22.5000 2685.4080   10.2678
   -7.5000   45.0000  -22.5000 2619.6028   10.8647
    0.0000   45.0000  -22.5000 2629.8633   10.8298
    7.5000   45.0000  -22.5000 2592.4177   11.0076
   -7.5000   52.5000  -22.5000 2479.3330   11.7563
    0.0000   52.5000  -22.5000 2487.7810   11.7112
    7.5000   52.5000  -22.5000 2450.6165   11.9163
   -7.5000  -37.5000  -15.0000 2159.0552   15.4096
    0.0000  -37.5000  -15.0000 2166.5947   15.3523
    7.5000  -37.5000  -15.0000 2146.9583   15.5875
   -7.5000  -30.0000  -15.0000 2302.2900   13.5040
    0.0000  -30.0000  -15.0000 2312.0120   13.4327
    7.5000  -30.0000  -15.0000 2285.5723   13.6364
   -7.5000  -22.5000  -15.0000 2427.4338   11.9918
    0.0000  -22.5000  -15.0000 2437.4207   11.9598
    7.5000  -22.5000  -15.0000 2414.9690   12.1411
   -7.5000  -15.0000  -15.0000 2542.4556   10.8412
    0.0000  -15.0000  -15.0000 2555.8362   10.8366
    7.5000  -15.0000  -15.0000 2534.6245   10.9984
   -7.5000   -7.5000  -15.0000 2655.5708   10.0358
    0.0000   -7.5000  -15.0000 2664.7322   10.0151
    7.5000   -7.5000  -15.0000 2640.4438   10.1517
   -7.5000    0.0000  -15.0000 2749.9897    9.4833
    0.0000    0.0000  -15.0000 2764.5823    9.4550
    7.5000    0.0000  -15.0000 2734.6035    9.5754
   -7.5000    7.5000  -15.0000 2829.5110    9.0909
    0.0000    7.5000  -15.0000 2849.6882    9.0559
    7.5000    7.5000  -15.0000 2804.6951    9.1950
   -7.5000   15.0000  -15.0000 2880.0908    8.8454
    0.0000   15.0000  -15.0000 2903.6108    8.8235
    7.5000   15.0000  -15.0000 2849.3052    8.9895
   -7.5000   22.5000  -15.0000 2894.0310    8.9192
    0.0000   22.5000  -15.0000 2910.4062    8.8886
    7.5000   22.5000  -15.0000 2861.5415    9.0620
   -7.5000   30.0000  -15.0000 2861.7144    9.1712
    0.0000   30.0000  -15.0000 2880.7046    9.1384
    7.5000   30.0000  -15.0000 2833.4719    9.3107
   -7.5000   37.5000  -15.0000 2794.2185    9.6591
    0.0000   37.5000  -15.0000 2810.3396    9.6219
    7.5000   37.5000  -15.0000 2765.2957    9.7906
   -7.5000   45.0000  -15.0000 2686.9478   10.3831
    0.0000   45.0000  -15.0000 2702.7175   10.3399
    7.5000   45.0000  -15.0000 2660.6917   10.5244
   -7.5000   52.5000  -15.0000 2539.2800   11.2891
    0.0000   52.5000  -15.0000 2549.2542   11.2449
    7.5000   52.5000  -15.0000 2509.2905   11.4713
   -7.5000  -37.5000   -7.5000 2189.4006   15.0492
    0.0000  -37.5000   -7.5000 2202.9583   14.9680
    7.5000  -37.5000   -7.5000 2176.9949   15.2182
   -7.5000  -30.0000   -7.5000 2327.2981   13.1600
    0.0000  -30.0000   -7.5000 2342.5889   13.0644
    7.5000  -30.0000   -7.5000 2316.3760   13.3013
   -7.5000  -22.5000   -7.5000 2449.9973   11.6305
    0.0000  -22.5000   -7.5000 2465.2227   11.5578
    7.5000  -22.5000   -7.5000 2447.5461   11.8036
   -7.5000  -15.0000   -7.5000 2570.4380   10.4926
    0.0000  -15.0000   -7.5000 2587.3677   10.4368
    7.5000  -15.0000   -7.5000 2563.8923   10.6619
   -7.5000   -7.5000   -7.5000 2682.0811    9.6711
    0.0000   -7.5000   -7.5000 2696.0986    9.6106
    7.5000   -7.5000   -7.5000 2672.2346    9.8050
   -7.5000    0.0000   -7.5000 2787.8604    9.1136
    0.0000    0.0000   -7.5000 2809.5471    9.0653
    7.5000    0.0000   -7.5000 2778.0598    9.2162
   -7.5000    7.5000   -7.5000 2884.8350    8.7818
    0.0000    7.5000   -7.5000 2910.9397    8.7168
    7.5000    7.5000   -7.5000 2860.3699    8.8569
   -7.5000   15.0000   -7.5000 2951.8279    8.5353
    0.0000   15.0000   -7.5000 2980.9360    8.4947
    7.5000   15.0000   -7.5000 2911.6143    8.6822
   -7.5000   22.5000   -7.5000 2968.6108    8.5288
    0.0000   22.5000   -7.5000 2990.5066    8.4971
    7.5000   22.5000   -7.5000 2925.0317    8.7203
   -7.5000   30.0000   -7.5000 2927.2766    8.7861
    0.0000   30.0000   -7.5000 2947.0874    8.7349
    7.5000   30.0000   -7.5000 2892.4229    8.9749
   -7.5000   37.5000   -7.5000 2844.0989    9.2724
    0.0000   37.5000   -7.5000 2860.9065    9.2215
    7.5000   37.5000   -7.5000 2813.6892    9.4540
   -7.5000   45.0000   -7.5000 2729.2988   10.0187
    0.0000   45.0000   -7.5000 2744.6313    9.9677
    7.5000   45.0000   -7.5000 2697.7966   10.1942
   -7.5000   52.5000   -7.5000 2571.0364   10.9238
    0.0000   52.5000   -7.5000 2581.9490   10.8739
    7.5000   52.5000   -7.5000 2541.9583   11.1025
   -7.5000  -37.5000    0.0000 2199.6299   14.8544
    0.0000  -37.5000    0.0000 2216.5217   14.6448
    7.5000  -37.5000    0.0000 2189.1970   14.9570
   -7.5000  -30.0000    0.0000 2335.4380   12.9361
    0.0000  -30.0000    0.0000 2353.3831   12.7784
    7.5000  -30.0000    0.0000 2330.9136   13.0522
   -7.5000  -22.5000    0.0000 2461.8428   11.4295
    0.0000  -22.5000    0.0000 2478.7578   11.3113
    7.5000  -22.5000    0.0000 2460.3347   11.5734
   -7.5000  -15.0000    0.0000 2587.8577   10.2982
    0.0000  -15.0000    0.0000 2603.0852   10.1975
    7.5000  -15.0000    0.0000 2580.6384   10.4428
   -7.5000   -7.5000    0.0000 2702.8582    9.4721
    0.0000   -7.5000    0.0000 2721.2937    9.3812
    7.5000   -7.5000    0.0000 2696.8315    9.6196
   -7.5000    0.0000    0.0000 2812.2322    8.9254
    0.0000    0.0000    0.0000 2838.9817    8.8308
    7.5000    0.0000    0.0000 2807.1384    9.0720
   -7.5000    7.5000    0.0000 2910.5854    8.6147
    0.0000    7.5000    0.0000 2939.3569    8.5182
    7.5000    7.5000    0.0000 2893.7363    8.7231
   -7.5000   15.0000    0.0000 2993.0627    8.4504
    0.0000   15.0000    0.0000 3027.6960    8.3697
    7.5000   15.0000    0.0000 2953.5029    8.5698
   -7.5000   22.5000    0.0000 3014.2117    8.4416
    0.0000   22.5000    0.0000 3043.5928    8.3688
    7.5000   22.5000    0.0000 2965.9724    8.6038
   -7.5000   30.0000    0.0000 2960.5330    8.6878
    0.0000   30.0000    0.0000 2982.7034    8.6106
    7.5000   30.0000    0.0000 2921.7915    8.8386
   -7.5000   37.5000    0.0000 2865.8772    9.1265
    0.0000   37.5000    0.0000 2888.9854    9.0710
    7.5000   37.5000    0.0000 2833.0735    9.2923
   -7.5000   45.0000    0.0000 2743.7822    9.8378
    0.0000   45.0000    0.0000 2763.7109    9.7858
    7.5000   45.0000    0.0000 2714.1487    9.9877
   -7.5000   52.5000    0.0000 2582.4927   10.7120
    0.0000   52.5000    0.0000 2594.8567   10.6642
    7.5000   52.5000    0.0000 2557.4194   10.8704
   -7.5000  -37.5000    7.5000 2196.8279   14.7930
    0.0000  -37.5000    7.5000 2213.8044   14.6010
    7.5000  -37.5000    7.5000 2186.5862   14.9079
   -7.5000  -30.0000    7.5000 2339.7407   12.8678
    0.0000  -30.0000    7.5000 2357.4878   12.6994
    7.5000  -30.0000    7.5000 2335.1265   13.0011
   -7.5000  -22.5000    7.5000 2469.9771   11.4012
    0.0000  -22.5000    7.5000 2491.3142   11.2426
    7.5000  -22.5000    7.5000 2468.5107   11.5452
   -7.5000  -15.0000    7.5000 2595.8376   10.2833
    0.0000  -15.0000    7.5000 2615.9043   10.1210
    7.5000  -15.0000    7.5000 2595.6133   10.4203
   -7.5000   -7.5000    7.5000 2717.8127    9.4818
    0.0000   -7.5000    7.5000 2735.4041    9.3305
    7.5000   -7.5000    7.5000 2714.3975    9.6200
   -7.5000    0.0000    7.5000 2828.3757    8.9564
    0.0000    0.0000    7.5000 2852.5295    8.8090
    7.5000    0.0000    7.5000 2822.4744    9.0719
   -7.5000    7.5000    7.5000 2918.6353    8.6302
    0.0000    7.5000    7.5000 2952.3745    8.5272
    7.5000    7.5000    7.5000 2904.6882    8.7239
   -7.5000   15.0000    7.5000 2986.8684    8.4571
    0.0000   15.0000    7.5000 3028.3545    8.3573
    7.5000   15.0000    7.5000 2957.0049    8.5807
   -7.5000   22.5000    7.5000 2999.3855    8.5288
    0.0000   22.5000    7.5000 3033.1196    8.4406
    7.5000   22.5000    7.5000 2963.3572    8.6432
   -7.5000   30.0000    7.5000 2944.6467    8.8003
    0.0000   30.0000    7.5000 2968.4385    8.7280
    7.5000   30.0000    7.5000 2912.9802    8.8892
   -7.5000   37.5000    7.5000 2851.8452    9.2205
    0.0000   37.5000    7.5000 2873.5728    9.1606
    7.5000   37.5000    7.5000 2824.7405    9.3323
   -7.5000   45.0000    7.5000 2729.7273    9.8787
    0.0000   45.0000    7.5000 2745.8523    9.8269
    7.5000   45.0000    7.5000 2704.5425   10.0149
   -7.5000   52.5000    7.5000 2566.9480   10.7098
    0.0000   52.5000    7.5000 2585.3149   10.6553
    7.5000   52.5000    7.5000 2545.2205   10.8596
   -7.5000  -37.5000   15.0000 2172.7346   14.9344
    0.0000  -37.5000   15.0000 2183.5144   14.6833
    7.5000  -37.5000   15.0000 2167.6411   15.0228
   -7.5000  -30.0000   15.0000 2323.7480   13.0002
    0.0000  -30.0000   15.0000 2338.1465   12.8123
    7.5000  -30.0000   15.0000 2318.9973   13.1162
   -7.5000  -22.5000   15.0000 2463.3862   11.5294
    0.0000  -22.5000   15.0000 2482.4255   11.3840
    7.5000  -22.5000   15.0000 2460.5886   11.6678
   -7.5000  -15.0000   15.0000 2592.7976   10.4585
    0.0000  -15.0000   15.0000 2613.4080   10.3339
    7.5000  -15.0000   15.0000 2589.8606   10.5801
   -7.5000   -7.5000   15.0000 2711.2646    9.6932
    0.0000   -7.5000   15.0000 2731.2754    9.5843
    7.5000   -7.5000   15.0000 2705.8889    9.8015
   -7.5000    0.0000   15.0000 2814.2861    9.1436
    0.0000    0.0000   15.0000 2837.4124    9.0509
    7.5000    0.0000   15.0000 2808.3098    9.2550
   -7.5000    7.5000   15.0000 2900.4341    8.7715
    0.0000    7.5000   15.0000 2927.9810    8.6758
    7.5000    7.5000   15.0000 2885.4368    8.8809
   -7.5000   15.0000   15.0000 2948.2625    8.6052
    0.0000   15.0000   15.0000 2980.5413    8.5115
    7.5000   15.0000   15.0000 2928.9861    8.7150
   -7.5000   22.5000   15.0000 2948.7954    8.7047
    0.0000   22.5000   15.0000 2976.2788    8.6456
    7.5000   22.5000   15.0000 2925.3376    8.7925
   -7.5000   30.0000   15.0000 2895.8975    9.0091
    0.0000   30.0000   15.0000 2920.1765    8.9437
    7.5000   30.0000   15.0000 2871.2712    9.0772
   -7.5000   37.5000   15.0000 2809.0410    9.4699
    0.0000   37.5000   15.0000 2829.3955    9.3987
    7.5000   37.5000   15.0000 2785.2092    9.5425
   -7.5000   45.0000   15.0000 2689.0449   10.1236
    0.0000   45.0000   15.0000 2705.3691   10.0540
    7.5000   45.0000   15.0000 2666.3745   10.2239
   -7.5000   52.5000   15.0000 2534.5374   10.9100
    0.0000   52.5000   15.0000 2547.8286   10.8502
    7.5000   52.5000   15.0000 2513.8157   11.0424
   -7.5000  -37.5000   22.5000 2143.3376   15.2397
    0.0000  -37.5000   22.5000 2153.6968   15.0481
    7.5000  -37.5000   22.5000 2142.0332   15.3266
   -7.5000  -30.0000   22.5000 2298.1172   13.2977
    0.0000  -30.0000   22.5000 2311.6030   13.1615
    7.5000  -30.0000   22.5000 2294.3557   13.4195
   -7.5000  -22.5000   22.5000 2439.9407   11.8122
    0.0000  -22.5000   22.5000 2458.1147   11.6972
    7.5000  -22.5000   22.5000 2437.7273   11.9515
   -7.5000  -15.0000   22.5000 2576.3801   10.7418
    0.0000  -15.0000   22.5000 2596.9878   10.6243
    7.5000  -15.0000   22.5000 2570.9160   10.8666
   -7.5000   -7.5000   22.5000 2688.1287    9.9701
    0.0000   -7.5000   22.5000 2714.8726    9.8619
    7.5000   -7.5000   22.5000 2683.3618   10.0808
   -7.5000    0.0000   22.5000 2785.8149    9.4136
    0.0000    0.0000   22.5000 2810.7332    9.3129
    7.5000    0.0000   22.5000 2780.9131    9.5295
   -7.5000    7.5000   22.5000 2864.6406    9.0454
    0.0000    7.5000   22.5000 2894.1401    8.9418
    7.5000    7.5000   22.5000 2851.8562    9.1652
   -7.5000   15.0000   22.5000 2901.1343    8.9013
    0.0000   15.0000   22.5000 2929.0562    8.8091
    7.5000   15.0000   22.5000 2886.6189    9.0167
   -7.5000   22.5000   22.5000 2884.0479    9.0042
    0.0000   22.5000   22.5000 2907.9500    8.9257
    7.5000   22.5000   22.5000 2864.0815    9.0963
   -7.5000   30.0000   22.5000 2824.4849    9.3083
    0.0000   30.0000   22.5000 2848.7495    9.2352
    7.5000   30.0000   22.5000 2809.5930    9.3778
   -7.5000   37.5000   22.5000 2741.4075    9.7838
    0.0000   37.5000   22.5000 2759.9219    9.7115
    7.5000   37.5000   22.5000 2724.0845    9.8653
   -7.5000   45.0000   22.5000 2630.6877   10.4426
    0.0000   45.0000   22.5000 2649.5259   10.3954
    7.5000   45.0000   22.5000 2611.8699   10.5573
   -7.5000   52.5000   22.5000 2483.0085   11.2325
    0.0000   52.5000   22.5000 2499.2305   11.1762
    7.5000   52.5000   22.5000 2466.3516   11.3686
   -7.5000  -37.5000   30.0000 2111.4756   15.6883
    0.0000  -37.5000   30.0000 2128.4954   15.5081
    7.5000  -37.5000   30.0000 2112.4827   15.7456
   -7.5000  -30.0000   30.0000 2264.0476   13.7236
    0.0000  -30.0000   30.0000 2284.3574   13.5862
    7.5000  -30.0000   30.0000 2264.5586   13.8102
   -7.5000  -22.5000   30.0000 2408.1467   12.2019
    0.0000  -22.5000   30.0000 2430.4395   12.1044
    7.5000  -22.5000   30.0000 2407.4873   12.3372
   -7.5000  -15.0000   30.0000 2541.4248   11.1232
    0.0000  -15.0000   30.0000 2566.6277   11.0227
    7.5000  -15.0000   30.0000 2539.7488   11.2477
   -7.5000   -7.5000   30.0000 2650.2744   10.3471
    0.0000   -7.5000   30.0000 2679.2727   10.2363
    7.5000   -7.5000   30.0000 2647.5344   10.4605
   -7.5000    0.0000   30.0000 2736.9373    9.8040
    0.0000    0.0000   30.0000 2765.2988    9.7032
    7.5000    0.0000   30.0000 2730.8257    9.9167
   -7.5000    7.5000   30.0000 2801.1377    9.4579
    0.0000    7.5000   30.0000 2830.3850    9.3726
    7.5000    7.5000   30.0000 2790.1541    9.5740
   -7.5000   15.0000   30.0000 2831.8267    9.3118
    0.0000   15.0000   30.0000 2852.1091    9.2316
    7.5000   15.0000   30.0000 2815.2415    9.4217
   -7.5000   22.5000   30.0000 2803.2380    9.4193
    0.0000   22.5000   30.0000 2826.7217    9.3377
    7.5000   22.5000   30.0000 2790.2080    9.5106
   -7.5000   30.0000   30.0000 2742.5225    9.7249
    0.0000   30.0000   30.0000 2765.0168    9.6473
    7.5000   30.0000   30.0000 2731.6306    9.7970
   -7.5000   37.5000   30.0000 2661.5371   10.1919
    0.0000   37.5000   30.0000 2682.8792   10.1270
    7.5000   37.5000   30.0000 2652.0171   10.2878
   -7.5000   45.0000   30.0000 2561.7026   10.8572
    0.0000   45.0000   30.0000 2580.5413   10.8028
    7.5000   45.0000   30.0000 2549.7170   10.9665
   -7.5000   52.5000   30.0000 2420.2935   11.6487
    0.0000   52.5000   30.0000 2432.9023   11.5899
    7.5000   52.5000   30.0000 2406.9365   11.7768
   -7.5000  -37.5000   37.5000 2078.5369   16.3343
    0.0000  -37.5000   37.5000 2099.6987   16.1761
    7.5000  -37.5000   37.5000 2079.4761   16.3987
   -7.5000  -30.0000   37.5000 2229.7300   14.3393
    0.0000  -30.0000   37.5000 2257.6467   14.2180
    7.5000  -30.0000   37.5000 2234.0654   14.4222
   -7.5000  -22.5000   37.5000 2371.0691   12.7852
    0.0000  -22.5000   37.5000 2397.9333   12.7046
    7.5000  -22.5000   37.5000 2374.2085   12.8909
   -7.5000  -15.0000   37.5000 2498.2383   11.6486
    0.0000  -15.0000   37.5000 2522.2161   11.5761
    7.5000  -15.0000   37.5000 2496.4460   11.7712
   -7.5000   -7.5000   37.5000 2599.6777   10.8642
    0.0000   -7.5000   37.5000 2625.5776   10.7923
    7.5000   -7.5000   37.5000 2595.7878   10.9749
   -7.5000    0.0000   37.5000 2674.5557   10.3534
    0.0000    0.0000   37.5000 2700.4172   10.2729
    7.5000    0.0000   37.5000 2667.9731   10.4713
   -7.5000    7.5000   37.5000 2720.8923   10.0324
    0.0000    7.5000   37.5000 2742.2314    9.9551
    7.5000    7.5000   37.5000 2711.4250   10.1498
   -7.5000   15.0000   37.5000 2734.9722    9.8788
    0.0000   15.0000   37.5000 2752.6555    9.8066
    7.5000   15.0000   37.5000 2724.6697    9.9752
   -7.5000   22.5000   37.5000 2717.6047    9.9526
    0.0000   22.5000   37.5000 2739.3789    9.8838
    7.5000   22.5000   37.5000 2705.6689   10.0337
   -7.5000   30.0000   37.5000 2658.6345   10.2749
    0.0000   30.0000   37.5000 2678.9395   10.2110
    7.5000   30.0000   37.5000 2644.1995   10.3662
   -7.5000   37.5000   37.5000 2580.2419   10.7563
    0.0000   37.5000   37.5000 2600.8601   10.7058
    7.5000   37.5000   37.5000 2565.0081   10.8740
   -7.5000   45.0000   37.5000 2484.6360   11.4103
    0.0000   45.0000   37.5000 2497.7996   11.3773
    7.5000   45.0000   37.5000 2466.7170   11.5541
   -7.5000   52.5000   37.5000 2348.0178   12.1887
    0.0000   52.5000   37.5000 2356.1604   12.1347
    7.5000   52.5000   37.5000 2330.6609   12.3183
   -7.5000  -37.5000   45.0000 2035.6154   17.2664
    0.0000  -37.5000   45.0000 2057.8215   17.1011
    7.5000  -37.5000   45.0000 2039.3003   17.3263
   -7.5000  -30.0000   45.0000 2183.3379   15.1800
    0.0000  -30.0000   45.0000 2215.2690   15.0538
    7.5000  -30.0000   45.0000 2189.2175   15.2485
   -7.5000  -22.5000   45.0000 2321.3447   13.5570
    0.0000  -22.5000   45.0000 2349.5386   13.4604
    7.5000  -22.5000   45.0000 2324.4216   13.6538
   -7.5000  -15.0000   45.0000 2443.2534   12.3792
    0.0000  -15.0000   45.0000 2464.2715   12.3142
    7.5000  -15.0000   45.0000 2438.6372   12.4883
   -7.5000   -7.5000   45.0000 2534.1226   11.5804
    0.0000   -7.5000   45.0000 2556.2051   11.5047
    7.5000   -7.5000   45.0000 2528.8845   11.6911
   -7.5000    0.0000   45.0000 2595.5366   11.0772
    0.0000    0.0000   45.0000 2619.6750   11.0060
    7.5000    0.0000   45.0000 2589.4187   11.2052
   -7.5000    7.5000   45.0000 2628.2063   10.7637
    0.0000    7.5000   45.0000 2645.6619   10.7030
    7.5000    7.5000   45.0000 2622.7422   10.8826
   -7.5000   15.0000   45.0000 2634.0642   10.6023
    0.0000   15.0000   45.0000 2649.6184   10.5397
    7.5000   15.0000   45.0000 2626.5820   10.7050
   -7.5000   22.5000   45.0000 2619.7009   10.6372
    0.0000   22.5000   45.0000 2639.9236   10.5788
    7.5000   22.5000   45.0000 2613.2251   10.7132
   -7.5000   30.0000   45.0000 2569.2500   10.9894
    0.0000   30.0000   45.0000 2586.0886   10.9309
    7.5000   30.0000   45.0000 2559.2588   11.0633
   -7.5000   37.5000   45.0000 2493.6121   11.4861
    0.0000   37.5000   45.0000 2509.4656   11.4458
    7.5000   37.5000   45.0000 2479.1963   11.6060
   -7.5000   45.0000   45.0000 2396.3813   12.1451
    0.0000   45.0000   45.0000 2410.8354   12.0969
    7.5000   45.0000   45.0000 2382.4292   12.2765
   -7.5000   52.5000   45.0000 2262.1924   12.9378
    0.0000   52.5000   45.0000 2273.3198   12.8780
    7.5000   52.5000   45.0000 2248.4473   13.0520

---------------------------------------------------------------------
imgreg_4dfp /opt/freesurfer/average/711-2C_as_mni_average_305 /opt/freesurfer/average/711-2B_as_mni_average_305_mask talsrcimg_g11 none talsrcimg_to_711-2C_as_mni_average_305_t4 1283
---------------------------------------------------------------------

freesurfer imgreg_4dfp.c
/opt/freesurfer/average/711-2C_as_mni_average_305.4dfp.img
       256       256       256         1
  1.000000  1.000000  1.000000
orientation T byte_order littleendian
Reading image: /opt/freesurfer/average/711-2C_as_mni_average_305.4dfp.img
dimensions:      256       256       256
mmppix:       1.0000   -1.0000   -1.0000
center:     128.0000 -129.0000 -129.0000
/opt/freesurfer/average/711-2B_as_mni_average_305_mask.4dfp.img
       256       256       256         1
  1.000000  1.000000  1.000000
orientation T byte_order littleendian
Reading mask: /opt/freesurfer/average/711-2B_as_mni_average_305_mask.4dfp.img (2306576 pixels)
talsrcimg_g11.4dfp.img
       256       256       256         1
  1.000000  1.000000  1.000000
orientation T byte_order littleendian
Reading image: talsrcimg_g11.4dfp.img
dimensions:      256       256       256
mmppix:       1.0000   -1.0000   -1.0000
center:     128.0000 -129.0000 -129.0000
rotation matrix determinant  1.000000
fimgreg.f
image alignment mode   1283 decimal      503 hex
parameters
    0.0000   22.5000    0.0000    0.0000    0.0000    0.0000
eta,q 0.95515  8.37011
niter,ni,del,rscale     5    3   12.0000    1.2000
parameters
   -1.5199   20.5818    2.9395    2.1696   -1.1967   -0.1254
eta,q 0.95838  8.35063
  0.0528  0.0481  0.0556  0.0486  0.0465  0.0450
  0.0477  0.0445  0.0506  0.0467  0.0434  0.0428
  0.0454  0.0443  0.0469  0.0447  0.0419  0.0417
  0.0461  0.0451  0.0444  0.0426  0.0418  0.0416
  0.0501  0.0476  0.0428  0.0418  0.0439  0.0422
  0.0568  0.0518  0.0429  0.0424  0.0475  0.0432
  0.0647  0.0564  0.0445  0.0442  0.0522  0.0451
niter,ni,del,rscale     4    3   12.0000    1.2000
parameters
   -1.4305   19.3256    3.2098    3.0483   -1.4127    0.0110
eta,q 0.96021  8.35233
  0.0572  0.0478  0.0468  0.0477  0.0466  0.0450
  0.0496  0.0408  0.0435  0.0452  0.0429  0.0423
  0.0440  0.0392  0.0411  0.0415  0.0406  0.0404
  0.0416  0.0416  0.0399  0.0398  0.0398  0.0398
  0.0434  0.0447  0.0401  0.0402  0.0407  0.0403
  0.0495  0.0481  0.0423  0.0421  0.0435  0.0419
  0.0561  0.0529  0.0461  0.0446  0.0479  0.0446
niter,ni,del,rscale     3    3   12.0000    1.2000
parameters
   -1.3468   18.9824    3.2617    3.4897   -1.4890    0.0708
eta,q 0.96056  8.35342
  0.0558  0.0513  0.0458  0.0473  0.0465  0.0449
  0.0481  0.0427  0.0424  0.0439  0.0427  0.0421
  0.0422  0.0386  0.0402  0.0402  0.0403  0.0402
  0.0398  0.0398  0.0394  0.0394  0.0394  0.0394
  0.0417  0.0431  0.0397  0.0404  0.0402  0.0400
  0.0480  0.0468  0.0420  0.0426  0.0428  0.0419
  0.0546  0.0511  0.0459  0.0450  0.0470  0.0448
niter,ni,del,rscale     2    3   12.0000    1.2000
parameters
   -1.2962   18.7726    3.2816    3.7253   -1.5270    0.0976
eta,q 0.96075  8.35414
  0.0553  0.0521  0.0455  0.0469  0.0463  0.0450
  0.0476  0.0430  0.0420  0.0431  0.0425  0.0421
  0.0418  0.0385  0.0398  0.0397  0.0401  0.0400
  0.0394  0.0394  0.0392  0.0392  0.0393  0.0393
  0.0415  0.0426  0.0395  0.0405  0.0400  0.0399
  0.0479  0.0466  0.0418  0.0429  0.0426  0.0419
  0.0544  0.0510  0.0456  0.0452  0.0466  0.0450
niter,ni,del,rscale     1    3   12.0000    1.2000
parameters
   -1.2687   18.6652    3.2831    3.8468   -1.5486    0.1090
eta,q 0.96081  8.35444
  0.0550  0.0526  0.0453  0.0467  0.0463  0.0450
  0.0474  0.0434  0.0419  0.0427  0.0424  0.0421
  0.0416  0.0386  0.0397  0.0394  0.0400  0.0400
  0.0393  0.0392  0.0391  0.0391  0.0392  0.0392
  0.0415  0.0423  0.0395  0.0406  0.0399  0.0398
  0.0478  0.0463  0.0417  0.0430  0.0425  0.0420
  0.0544  0.0508  0.0455  0.0452  0.0464  0.0451
registration optimization eta report
parameter search radius
    6.0000    6.0000    6.0000    6.0000    6.0000    6.0000
100000*second partial in parameter space
       42.       35.       18.       19.       20.       16.
  0.0550  0.0526  0.0453  0.0467  0.0463  0.0450
  0.0474  0.0434  0.0419  0.0427  0.0424  0.0421
  0.0416  0.0386  0.0397  0.0394  0.0400  0.0400
  0.0393  0.0392  0.0391  0.0391  0.0392  0.0392
  0.0415  0.0423  0.0395  0.0406  0.0399  0.0398
  0.0478  0.0463  0.0417  0.0430  0.0425  0.0420
  0.0544  0.0508  0.0455  0.0452  0.0464  0.0451
   -1.2687   18.6652    3.2831    3.8468   -1.5486    0.1090
eta,q 0.96081  8.35444

---------------------------------------------------------------------
imgreg_4dfp /opt/freesurfer/average/711-2C_as_mni_average_305 /opt/freesurfer/average/711-2B_as_mni_average_305_mask talsrcimg_g11 none talsrcimg_to_711-2C_as_mni_average_305_t4 3335
---------------------------------------------------------------------

freesurfer imgreg_4dfp.c
/opt/freesurfer/average/711-2C_as_mni_average_305.4dfp.img
       256       256       256         1
  1.000000  1.000000  1.000000
orientation T byte_order littleendian
Reading image: /opt/freesurfer/average/711-2C_as_mni_average_305.4dfp.img
dimensions:      256       256       256
mmppix:       1.0000   -1.0000   -1.0000
center:     128.0000 -129.0000 -129.0000
/opt/freesurfer/average/711-2B_as_mni_average_305_mask.4dfp.img
       256       256       256         1
  1.000000  1.000000  1.000000
orientation T byte_order littleendian
Reading mask: /opt/freesurfer/average/711-2B_as_mni_average_305_mask.4dfp.img (2306576 pixels)
talsrcimg_g11.4dfp.img
       256       256       256         1
  1.000000  1.000000  1.000000
orientation T byte_order littleendian
Reading image: talsrcimg_g11.4dfp.img
dimensions:      256       256       256
mmppix:       1.0000   -1.0000   -1.0000
center:     128.0000 -129.0000 -129.0000
fimgreg.f
image alignment mode   3335 decimal      D07 hex
parameters
   -1.2687   18.6652    3.2831   -0.0367   -0.2251   -0.2617
   -0.0085    2.7091    0.1901   -6.7038   -2.7024    6.7065
eta,q 0.96342  8.32640
niter,ni,del,rscale     5    3    5.0000    1.2000
parameter  4  1.383062 ->  0.500000 qaram    1.1500
parameter  5  1.829415 ->  0.500000 qaram    1.1500
parameters
   -1.4257   18.5578    3.6822   -4.1767   -4.3651   -2.3661
   -0.3649    2.4960    0.4000   -8.7205   -3.2638    4.6419
eta,q 0.97209  8.00852
  0.0389  0.0381  0.0386  0.0307  0.0268  0.0296  0.0306  0.0321  0.0302  0.0297  0.0292  0.0287
  0.0375  0.0373  0.0376  0.0317  0.0279  0.0290  0.0294  0.0302  0.0292  0.0286  0.0285  0.0281
  0.0367  0.0368  0.0369  0.0336  0.0296  0.0284  0.0286  0.0288  0.0286  0.0281  0.0281  0.0279
  0.0366  0.0366  0.0366  0.0365  0.0321  0.0283  0.0283  0.0283  0.0283  0.0283  0.0281  0.0280
  0.0370  0.0368  0.0366  0.0401  0.0348  0.0292  0.0287  0.0290  0.0285  0.0293  0.0283  0.0285
  0.0380  0.0374  0.0369  0.0443  0.0377  0.0314  0.0297  0.0305  0.0291  0.0309  0.0289  0.0292
  0.0396  0.0385  0.0376  0.0490  0.0414  0.0343  0.0311  0.0327  0.0300  0.0326  0.0296  0.0302
niter,ni,del,rscale     6    3    5.0000    1.2000
parameter  4  0.641697 ->  0.500000 qaram    1.3225
parameter  5  0.604494 ->  0.500000 qaram    1.3225
parameters
   -1.2426   18.3576    3.4081   -8.9377   -9.1261   -0.6261
   -0.2206    2.5173    0.5772   -7.6133   -3.1724    4.4597
eta,q 0.97525  7.74900
  0.0315  0.0300  0.0289  0.0266  0.0259  0.0271  0.0274  0.0283  0.0265  0.0283  0.0260  0.0261
  0.0297  0.0287  0.0282  0.0265  0.0253  0.0263  0.0260  0.0266  0.0256  0.0266  0.0253  0.0254
  0.0284  0.0280  0.0279  0.0269  0.0255  0.0258  0.0252  0.0253  0.0250  0.0254  0.0249  0.0249
  0.0279  0.0279  0.0279  0.0279  0.0265  0.0252  0.0248  0.0248  0.0248  0.0248  0.0248  0.0248
  0.0281  0.0284  0.0281  0.0300  0.0285  0.0247  0.0251  0.0252  0.0250  0.0249  0.0249  0.0249
  0.0290  0.0293  0.0287  0.0334  0.0314  0.0247  0.0259  0.0264  0.0255  0.0255  0.0253  0.0255
  0.0305  0.0307  0.0295  0.0376  0.0345  0.0263  0.0272  0.0285  0.0263  0.0267  0.0259  0.0263
niter,ni,del,rscale     7    3    5.0000    1.2000
parameters
   -1.0978   18.5212    3.7703  -10.9695  -10.4686   -0.9697
   -0.8610    2.8229   -0.2091   -6.5964   -2.5593    5.0907
eta,q 0.97530  7.60918
  0.0279  0.0274  0.0265  0.0265  0.0276  0.0263  0.0268  0.0281  0.0259  0.0276  0.0258  0.0263
  0.0263  0.0260  0.0256  0.0254  0.0262  0.0257  0.0256  0.0264  0.0252  0.0263  0.0252  0.0255
  0.0252  0.0251  0.0250  0.0248  0.0251  0.0253  0.0250  0.0253  0.0248  0.0253  0.0249  0.0250
  0.0248  0.0247  0.0247  0.0247  0.0247  0.0248  0.0249  0.0248  0.0248  0.0248  0.0247  0.0247
  0.0250  0.0249  0.0248  0.0253  0.0255  0.0244  0.0253  0.0250  0.0251  0.0248  0.0248  0.0248
  0.0258  0.0256  0.0251  0.0270  0.0273  0.0253  0.0263  0.0259  0.0257  0.0253  0.0250  0.0252
  0.0273  0.0267  0.0257  0.0304  0.0304  0.0275  0.0275  0.0277  0.0265  0.0264  0.0255  0.0259
niter,ni,del,rscale     6    3    5.0000    1.2000
parameters
   -1.1319   18.6538    3.8243  -11.2693  -11.1244   -1.2452
   -0.9215    2.8548   -0.7193   -6.1348   -2.0413    5.2569
eta,q 0.97523  7.56394
  0.0274  0.0271  0.0260  0.0273  0.0278  0.0263  0.0272  0.0278  0.0260  0.0272  0.0258  0.0262
  0.0259  0.0258  0.0253  0.0259  0.0265  0.0257  0.0259  0.0262  0.0253  0.0260  0.0253  0.0255
  0.0250  0.0250  0.0248  0.0250  0.0253  0.0253  0.0251  0.0252  0.0249  0.0252  0.0249  0.0250
  0.0247  0.0247  0.0247  0.0247  0.0247  0.0247  0.0248  0.0248  0.0248  0.0248  0.0248  0.0248
  0.0251  0.0249  0.0248  0.0249  0.0252  0.0245  0.0251  0.0250  0.0250  0.0249  0.0248  0.0249
  0.0260  0.0255  0.0252  0.0258  0.0267  0.0252  0.0260  0.0261  0.0256  0.0255  0.0251  0.0253
  0.0275  0.0266  0.0259  0.0280  0.0294  0.0275  0.0272  0.0280  0.0263  0.0267  0.0255  0.0261
niter,ni,del,rscale     5    3    5.0000    1.2000
parameters
   -1.1215   18.8088    3.7627  -11.3589  -11.4448   -1.4247
   -0.8832    2.8539   -1.0812   -5.6985   -1.7057    5.1715
eta,q 0.97518  7.54225
  0.0275  0.0271  0.0259  0.0275  0.0279  0.0264  0.0272  0.0278  0.0261  0.0271  0.0258  0.0261
  0.0260  0.0258  0.0252  0.0260  0.0266  0.0258  0.0260  0.0263  0.0253  0.0260  0.0253  0.0254
  0.0251  0.0251  0.0249  0.0251  0.0255  0.0253  0.0251  0.0253  0.0249  0.0252  0.0249  0.0250
  0.0248  0.0248  0.0248  0.0248  0.0248  0.0248  0.0248  0.0248  0.0248  0.0248  0.0248  0.0248
  0.0251  0.0249  0.0249  0.0250  0.0251  0.0245  0.0251  0.0251  0.0251  0.0249  0.0249  0.0250
  0.0260  0.0255  0.0253  0.0258  0.0265  0.0252  0.0260  0.0261  0.0256  0.0256  0.0251  0.0255
  0.0274  0.0265  0.0260  0.0278  0.0289  0.0274  0.0272  0.0280  0.0263  0.0267  0.0256  0.0262
niter,ni,del,rscale     4    3    5.0000    1.2000
parameters
   -1.1190   18.9741    3.6687  -11.4528  -11.7049   -1.5671
   -0.8376    2.8440   -1.3598   -5.2219   -1.4309    5.0165
eta,q 0.97516  7.52368
  0.0276  0.0271  0.0259  0.0275  0.0279  0.0264  0.0273  0.0278  0.0261  0.0271  0.0258  0.0261
  0.0260  0.0259  0.0253  0.0261  0.0267  0.0258  0.0260  0.0263  0.0254  0.0260  0.0253  0.0254
  0.0251  0.0251  0.0249  0.0251  0.0255  0.0253  0.0251  0.0253  0.0250  0.0252  0.0250  0.0250
  0.0248  0.0248  0.0248  0.0248  0.0248  0.0248  0.0249  0.0249  0.0249  0.0249  0.0248  0.0248
  0.0252  0.0250  0.0250  0.0251  0.0251  0.0245  0.0252  0.0251  0.0251  0.0249  0.0249  0.0250
  0.0261  0.0255  0.0254  0.0259  0.0264  0.0252  0.0260  0.0261  0.0256  0.0255  0.0252  0.0255
  0.0275  0.0265  0.0261  0.0278  0.0288  0.0273  0.0272  0.0280  0.0263  0.0267  0.0257  0.0262
niter,ni,del,rscale     3    3    5.0000    1.2000
parameters
   -1.1221   19.1556    3.5559  -11.5591  -11.9857   -1.7100
   -0.8135    2.8341   -1.6092   -4.6784   -1.1787    4.8164
eta,q 0.97514  7.50376
  0.0276  0.0271  0.0259  0.0275  0.0278  0.0264  0.0272  0.0278  0.0261  0.0271  0.0258  0.0261
  0.0261  0.0259  0.0253  0.0261  0.0266  0.0258  0.0260  0.0263  0.0254  0.0260  0.0253  0.0254
  0.0251  0.0251  0.0249  0.0252  0.0256  0.0254  0.0252  0.0253  0.0250  0.0253  0.0250  0.0250
  0.0248  0.0248  0.0248  0.0248  0.0248  0.0249  0.0249  0.0249  0.0249  0.0249  0.0249  0.0249
  0.0252  0.0250  0.0250  0.0251  0.0250  0.0246  0.0252  0.0251  0.0251  0.0249  0.0249  0.0250
  0.0261  0.0255  0.0254  0.0259  0.0264  0.0252  0.0260  0.0261  0.0256  0.0255  0.0252  0.0255
  0.0275  0.0265  0.0261  0.0278  0.0287  0.0273  0.0272  0.0280  0.0263  0.0266  0.0257  0.0262
niter,ni,del,rscale     2    3    5.0000    1.2000
parameters
   -1.1229   19.3654    3.4268  -11.6749  -12.3256   -1.8637
   -0.7806    2.8127   -1.8514   -4.0604   -0.9461    4.5968
eta,q 0.97512  7.48090
  0.0276  0.0271  0.0259  0.0275  0.0277  0.0264  0.0272  0.0278  0.0262  0.0271  0.0258  0.0260
  0.0261  0.0259  0.0253  0.0261  0.0265  0.0258  0.0260  0.0263  0.0255  0.0261  0.0253  0.0254
  0.0252  0.0252  0.0249  0.0252  0.0255  0.0254  0.0252  0.0253  0.0251  0.0253  0.0250  0.0250
  0.0249  0.0249  0.0248  0.0248  0.0248  0.0249  0.0249  0.0249  0.0249  0.0249  0.0249  0.0249
  0.0252  0.0250  0.0250  0.0251  0.0251  0.0246  0.0252  0.0251  0.0251  0.0250  0.0250  0.0250
  0.0261  0.0255  0.0255  0.0260  0.0264  0.0252  0.0260  0.0262  0.0256  0.0255  0.0252  0.0255
  0.0275  0.0264  0.0261  0.0278  0.0286  0.0273  0.0272  0.0280  0.0263  0.0266  0.0257  0.0262
niter,ni,del,rscale     1    3    5.0000    1.2000
parameters
   -1.1331   19.6010    3.2854  -11.7923  -12.6923   -2.0268
   -0.7374    2.7814   -2.0401   -3.3857   -0.7612    4.3227
eta,q 0.97509  7.45658
  0.0275  0.0271  0.0259  0.0275  0.0276  0.0264  0.0272  0.0278  0.0262  0.0271  0.0258  0.0260
  0.0261  0.0260  0.0253  0.0261  0.0264  0.0258  0.0260  0.0263  0.0255  0.0261  0.0253  0.0254
  0.0252  0.0252  0.0249  0.0252  0.0255  0.0254  0.0252  0.0254  0.0251  0.0254  0.0250  0.0250
  0.0249  0.0249  0.0249  0.0249  0.0249  0.0249  0.0250  0.0249  0.0250  0.0250  0.0249  0.0249
  0.0252  0.0250  0.0251  0.0252  0.0250  0.0246  0.0252  0.0252  0.0251  0.0249  0.0250  0.0251
  0.0261  0.0255  0.0255  0.0260  0.0264  0.0253  0.0260  0.0262  0.0256  0.0255  0.0253  0.0255
  0.0275  0.0264  0.0261  0.0278  0.0285  0.0273  0.0272  0.0280  0.0263  0.0266  0.0257  0.0262
registration optimization eta report
parameter search radius
    2.4000    2.4000    2.4000    9.5220    9.5220    7.2000
    7.2000    7.2000    7.2000    7.2000    7.2000    7.2000
100000*second partial in parameter space
       46.       32.       19.        3.        3.        4.
        4.        6.        3.        4.        2.        2.
  0.0275  0.0271  0.0259  0.0275  0.0276  0.0264  0.0272  0.0278  0.0262  0.0271  0.0258  0.0260
  0.0261  0.0260  0.0253  0.0261  0.0264  0.0258  0.0260  0.0263  0.0255  0.0261  0.0253  0.0254
  0.0252  0.0252  0.0249  0.0252  0.0255  0.0254  0.0252  0.0254  0.0251  0.0254  0.0250  0.0250
  0.0249  0.0249  0.0249  0.0249  0.0249  0.0249  0.0250  0.0249  0.0250  0.0250  0.0249  0.0249
  0.0252  0.0250  0.0251  0.0252  0.0250  0.0246  0.0252  0.0252  0.0251  0.0249  0.0250  0.0251
  0.0261  0.0255  0.0255  0.0260  0.0264  0.0253  0.0260  0.0262  0.0256  0.0255  0.0253  0.0255
  0.0275  0.0264  0.0261  0.0278  0.0285  0.0273  0.0272  0.0280  0.0263  0.0266  0.0257  0.0262
   -1.1331   19.6010    3.2854  -11.7923  -12.6923   -2.0268
   -0.7374    2.7814   -2.0401   -3.3857   -0.7612    4.3227
eta,q 0.97509  7.45658

---------------------------------------------------------------------
imgreg_4dfp /opt/freesurfer/average/711-2C_as_mni_average_305 /opt/freesurfer/average/711-2B_as_mni_average_305_mask talsrcimg_g11 none talsrcimg_to_711-2C_as_mni_average_305_t4 2311
---------------------------------------------------------------------

freesurfer imgreg_4dfp.c
/opt/freesurfer/average/711-2C_as_mni_average_305.4dfp.img
       256       256       256         1
  1.000000  1.000000  1.000000
orientation T byte_order littleendian
Reading image: /opt/freesurfer/average/711-2C_as_mni_average_305.4dfp.img
dimensions:      256       256       256
mmppix:       1.0000   -1.0000   -1.0000
center:     128.0000 -129.0000 -129.0000
/opt/freesurfer/average/711-2B_as_mni_average_305_mask.4dfp.img
       256       256       256         1
  1.000000  1.000000  1.000000
orientation T byte_order littleendian
Reading mask: /opt/freesurfer/average/711-2B_as_mni_average_305_mask.4dfp.img (2306576 pixels)
talsrcimg_g11.4dfp.img
       256       256       256         1
  1.000000  1.000000  1.000000
orientation T byte_order littleendian
Reading image: talsrcimg_g11.4dfp.img
dimensions:      256       256       256
mmppix:       1.0000   -1.0000   -1.0000
center:     128.0000 -129.0000 -129.0000
fimgreg.f
image alignment mode   2311 decimal      907 hex
parameters
   -1.1331   19.6010    3.2854  -11.7923  -12.6923   -2.0268
   -0.7374    2.7814   -2.0401   -3.3857   -0.7612    4.3227
eta,q 0.97509  7.45658
niter,ni,del,rscale     5    3    5.0000    0.8000
parameters
   -1.1600   19.8202    3.1128  -11.6969  -11.9557   -0.7163
   -0.7421    3.0182   -1.8933   -2.9746   -0.7715    3.2766
eta,q 0.97541  7.52270
  0.0261  0.0260  0.0253  0.0256  0.0259  0.0258  0.0258  0.0263  0.0253  0.0259  0.0251  0.0250
  0.0254  0.0254  0.0250  0.0252  0.0255  0.0255  0.0251  0.0255  0.0249  0.0252  0.0248  0.0247
  0.0250  0.0251  0.0249  0.0250  0.0252  0.0252  0.0248  0.0249  0.0247  0.0248  0.0247  0.0246
  0.0249  0.0249  0.0249  0.0249  0.0249  0.0248  0.0246  0.0246  0.0246  0.0246  0.0246  0.0246
  0.0251  0.0249  0.0250  0.0250  0.0248  0.0246  0.0248  0.0247  0.0247  0.0247  0.0247  0.0248
  0.0255  0.0251  0.0252  0.0252  0.0250  0.0247  0.0252  0.0252  0.0249  0.0250  0.0248  0.0251
  0.0262  0.0255  0.0255  0.0255  0.0256  0.0253  0.0258  0.0261  0.0252  0.0255  0.0251  0.0255
niter,ni,del,rscale     4    3    5.0000    0.7000
parameters
   -1.1549   19.8421    3.1908  -11.7230  -12.0610   -0.5337
   -0.7978    3.0771   -1.7745   -2.6139   -1.0108    2.9953
eta,q 0.97546  7.52260
  0.0256  0.0253  0.0251  0.0252  0.0253  0.0255  0.0254  0.0258  0.0251  0.0255  0.0249  0.0250
  0.0250  0.0249  0.0248  0.0248  0.0250  0.0252  0.0249  0.0252  0.0248  0.0250  0.0247  0.0247
  0.0247  0.0246  0.0246  0.0246  0.0247  0.0248  0.0247  0.0248  0.0246  0.0247  0.0246  0.0246
  0.0246  0.0246  0.0246  0.0246  0.0246  0.0246  0.0246  0.0246  0.0246  0.0246  0.0245  0.0245
  0.0247  0.0246  0.0246  0.0247  0.0246  0.0245  0.0247  0.0247  0.0246  0.0246  0.0246  0.0246
  0.0250  0.0249  0.0248  0.0249  0.0249  0.0248  0.0250  0.0251  0.0248  0.0248  0.0247  0.0248
  0.0256  0.0252  0.0250  0.0252  0.0255  0.0256  0.0255  0.0258  0.0250  0.0253  0.0250  0.0251
niter,ni,del,rscale     3    3    5.0000    0.6000
parameters
   -1.1475   19.9096    3.1781  -11.8156  -12.0991   -0.2837
   -0.8366    3.1615   -1.6494   -2.4337   -1.1087    2.7393
eta,q 0.97550  7.52416
  0.0253  0.0251  0.0249  0.0250  0.0251  0.0253  0.0252  0.0255  0.0249  0.0252  0.0248  0.0248
  0.0249  0.0248  0.0247  0.0247  0.0248  0.0250  0.0248  0.0250  0.0247  0.0248  0.0246  0.0246
  0.0246  0.0246  0.0246  0.0246  0.0246  0.0247  0.0246  0.0247  0.0246  0.0246  0.0245  0.0245
  0.0245  0.0245  0.0245  0.0245  0.0245  0.0245  0.0245  0.0245  0.0245  0.0245  0.0245  0.0245
  0.0246  0.0246  0.0246  0.0246  0.0246  0.0245  0.0246  0.0246  0.0245  0.0245  0.0245  0.0246
  0.0249  0.0247  0.0247  0.0247  0.0248  0.0247  0.0248  0.0249  0.0247  0.0247  0.0246  0.0247
  0.0253  0.0250  0.0249  0.0250  0.0252  0.0253  0.0252  0.0254  0.0249  0.0251  0.0248  0.0249
niter,ni,del,rscale     2    3    5.0000    0.5000
parameters
   -1.1391   19.9444    3.1900  -11.8761  -12.0927   -0.0609
   -0.8862    3.2197   -1.5794   -2.3319   -1.1972    2.5394
eta,q 0.97552  7.52804
  0.0250  0.0249  0.0248  0.0248  0.0249  0.0251  0.0249  0.0252  0.0248  0.0250  0.0247  0.0247
  0.0247  0.0247  0.0246  0.0246  0.0247  0.0249  0.0247  0.0248  0.0246  0.0247  0.0246  0.0246
  0.0246  0.0246  0.0245  0.0245  0.0246  0.0246  0.0245  0.0246  0.0245  0.0246  0.0245  0.0245
  0.0245  0.0245  0.0245  0.0245  0.0245  0.0245  0.0245  0.0245  0.0245  0.0245  0.0245  0.0245
  0.0246  0.0245  0.0245  0.0245  0.0245  0.0245  0.0245  0.0245  0.0245  0.0245  0.0245  0.0245
  0.0247  0.0247  0.0246  0.0246  0.0247  0.0246  0.0247  0.0248  0.0246  0.0247  0.0246  0.0246
  0.0250  0.0248  0.0247  0.0248  0.0249  0.0250  0.0250  0.0252  0.0247  0.0249  0.0247  0.0248
niter,ni,del,rscale     1    3    5.0000    0.4000
parameters
   -1.1304   19.9611    3.2201  -11.9171  -12.0745    0.1236
   -0.9089    3.2673   -1.5204   -2.2771   -1.2494    2.4391
eta,q 0.97553  7.53201
  0.0248  0.0247  0.0247  0.0247  0.0248  0.0249  0.0248  0.0249  0.0247  0.0248  0.0246  0.0246
  0.0246  0.0246  0.0246  0.0246  0.0246  0.0247  0.0246  0.0247  0.0246  0.0246  0.0245  0.0245
  0.0245  0.0245  0.0245  0.0245  0.0245  0.0246  0.0245  0.0245  0.0245  0.0245  0.0245  0.0245
  0.0245  0.0245  0.0245  0.0245  0.0245  0.0245  0.0245  0.0245  0.0245  0.0245  0.0245  0.0245
  0.0245  0.0245  0.0245  0.0245  0.0245  0.0245  0.0245  0.0245  0.0245  0.0245  0.0245  0.0245
  0.0246  0.0246  0.0245  0.0246  0.0246  0.0246  0.0246  0.0247  0.0246  0.0246  0.0245  0.0246
  0.0248  0.0247  0.0246  0.0247  0.0248  0.0248  0.0248  0.0249  0.0246  0.0248  0.0246  0.0247
registration optimization eta report
parameter search radius
    0.8000    0.8000    0.8000    2.4000    2.4000    2.4000
    2.4000    2.4000    2.4000    2.4000    2.4000    2.4000
100000*second partial in parameter space
       51.       37.       25.        4.        5.        7.
        5.        8.        3.        5.        2.        3.
  0.0248  0.0247  0.0247  0.0247  0.0248  0.0249  0.0248  0.0249  0.0247  0.0248  0.0246  0.0246
  0.0246  0.0246  0.0246  0.0246  0.0246  0.0247  0.0246  0.0247  0.0246  0.0246  0.0245  0.0245
  0.0245  0.0245  0.0245  0.0245  0.0245  0.0246  0.0245  0.0245  0.0245  0.0245  0.0245  0.0245
  0.0245  0.0245  0.0245  0.0245  0.0245  0.0245  0.0245  0.0245  0.0245  0.0245  0.0245  0.0245
  0.0245  0.0245  0.0245  0.0245  0.0245  0.0245  0.0245  0.0245  0.0245  0.0245  0.0245  0.0245
  0.0246  0.0246  0.0245  0.0246  0.0246  0.0246  0.0246  0.0247  0.0246  0.0246  0.0245  0.0246
  0.0248  0.0247  0.0246  0.0247  0.0248  0.0248  0.0248  0.0249  0.0246  0.0248  0.0246  0.0247
   -1.1304   19.9611    3.2201  -11.9171  -12.0745    0.1236
   -0.9089    3.2673   -1.5204   -2.2771   -1.2494    2.4391
eta,q 0.97553  7.53201

---------------------------------------------------------------------
imgreg_4dfp /opt/freesurfer/average/711-2C_as_mni_average_305 /opt/freesurfer/average/711-2B_as_mni_average_305_mask talsrcimg_g11 none talsrcimg_to_711-2C_as_mni_average_305_t4 2311
---------------------------------------------------------------------

freesurfer imgreg_4dfp.c
/opt/freesurfer/average/711-2C_as_mni_average_305.4dfp.img
       256       256       256         1
  1.000000  1.000000  1.000000
orientation T byte_order littleendian
Reading image: /opt/freesurfer/average/711-2C_as_mni_average_305.4dfp.img
dimensions:      256       256       256
mmppix:       1.0000   -1.0000   -1.0000
center:     128.0000 -129.0000 -129.0000
/opt/freesurfer/average/711-2B_as_mni_average_305_mask.4dfp.img
       256       256       256         1
  1.000000  1.000000  1.000000
orientation T byte_order littleendian
Reading mask: /opt/freesurfer/average/711-2B_as_mni_average_305_mask.4dfp.img (2306576 pixels)
talsrcimg_g11.4dfp.img
       256       256       256         1
  1.000000  1.000000  1.000000
orientation T byte_order littleendian
Reading image: talsrcimg_g11.4dfp.img
dimensions:      256       256       256
mmppix:       1.0000   -1.0000   -1.0000
center:     128.0000 -129.0000 -129.0000
fimgreg.f
image alignment mode   2311 decimal      907 hex
parameters
   -1.1304   19.9611    3.2201  -11.9171  -12.0745    0.1236
   -0.9089    3.2673   -1.5204   -2.2771   -1.2494    2.4391
eta,q 0.97553  7.53201
niter,ni,del,rscale     5    3    5.0000    0.8000
parameters
   -1.1116   19.9939    3.2673  -11.9443  -12.5444   -0.5332
   -0.9105    3.1072   -1.6062   -2.0129   -1.2068    2.7402
eta,q 0.97546  7.49508
  0.0258  0.0255  0.0252  0.0252  0.0252  0.0255  0.0257  0.0260  0.0252  0.0257  0.0250  0.0252
  0.0251  0.0249  0.0248  0.0248  0.0249  0.0251  0.0251  0.0252  0.0248  0.0252  0.0248  0.0249
  0.0246  0.0246  0.0245  0.0246  0.0246  0.0247  0.0247  0.0247  0.0246  0.0247  0.0246  0.0246
  0.0245  0.0245  0.0245  0.0245  0.0245  0.0245  0.0245  0.0245  0.0245  0.0246  0.0245  0.0245
  0.0246  0.0246  0.0245  0.0246  0.0246  0.0246  0.0247  0.0247  0.0246  0.0246  0.0246  0.0246
  0.0250  0.0249  0.0247  0.0248  0.0250  0.0253  0.0251  0.0253  0.0249  0.0249  0.0247  0.0248
  0.0257  0.0254  0.0251  0.0253  0.0258  0.0267  0.0257  0.0263  0.0253  0.0255  0.0250  0.0251
niter,ni,del,rscale     4    3    5.0000    0.7000
parameters
   -1.1364   20.0772    3.1185  -11.9311  -12.4958   -0.5861
   -0.8875    3.1328   -1.6281   -1.8925   -1.1325    2.6172
eta,q 0.97547  7.49567
  0.0255  0.0253  0.0249  0.0251  0.0252  0.0254  0.0254  0.0258  0.0251  0.0254  0.0249  0.0250
  0.0249  0.0249  0.0247  0.0248  0.0249  0.0251  0.0249  0.0251  0.0248  0.0250  0.0247  0.0247
  0.0246  0.0246  0.0246  0.0246  0.0247  0.0248  0.0246  0.0247  0.0246  0.0247  0.0246  0.0246
  0.0245  0.0245  0.0245  0.0245  0.0245  0.0245  0.0245  0.0245  0.0245  0.0245  0.0245  0.0245
  0.0247  0.0246  0.0246  0.0246  0.0246  0.0245  0.0246  0.0246  0.0246  0.0246  0.0246  0.0246
  0.0250  0.0248  0.0248  0.0248  0.0248  0.0249  0.0249  0.0250  0.0248  0.0249  0.0247  0.0248
  0.0255  0.0251  0.0251  0.0251  0.0253  0.0257  0.0254  0.0258  0.0251  0.0254  0.0249  0.0250
niter,ni,del,rscale     3    3    5.0000    0.6000
parameters
   -1.1383   20.1278    3.0719  -11.9610  -12.4273   -0.3897
   -0.8896    3.1751   -1.6326   -1.8063   -1.1041    2.4217
eta,q 0.97549  7.50213
  0.0252  0.0251  0.0249  0.0250  0.0251  0.0253  0.0252  0.0255  0.0249  0.0252  0.0248  0.0248
  0.0249  0.0248  0.0247  0.0247  0.0248  0.0250  0.0248  0.0250  0.0247  0.0248  0.0246  0.0246
  0.0246  0.0246  0.0246  0.0246  0.0246  0.0247  0.0246  0.0247  0.0246  0.0246  0.0245  0.0245
  0.0245  0.0245  0.0245  0.0245  0.0245  0.0245  0.0245  0.0245  0.0245  0.0245  0.0245  0.0245
  0.0246  0.0246  0.0246  0.0246  0.0245  0.0245  0.0246  0.0246  0.0246  0.0246  0.0245  0.0246
  0.0249  0.0247  0.0247  0.0247  0.0247  0.0247  0.0248  0.0249  0.0247  0.0248  0.0246  0.0247
  0.0252  0.0250  0.0249  0.0250  0.0251  0.0253  0.0252  0.0255  0.0249  0.0252  0.0248  0.0249
niter,ni,del,rscale     2    3    5.0000    0.5000
parameters
   -1.1342   20.1554    3.0817  -11.9989  -12.3622   -0.1712
   -0.9052    3.2170   -1.6283   -1.7524   -1.1200    2.2354
eta,q 0.97551  7.50890
  0.0250  0.0249  0.0248  0.0248  0.0249  0.0251  0.0250  0.0252  0.0248  0.0250  0.0247  0.0247
  0.0247  0.0247  0.0246  0.0246  0.0247  0.0249  0.0247  0.0248  0.0246  0.0247  0.0246  0.0246
  0.0246  0.0245  0.0245  0.0245  0.0246  0.0246  0.0245  0.0246  0.0245  0.0246  0.0245  0.0245
  0.0245  0.0245  0.0245  0.0245  0.0245  0.0245  0.0245  0.0245  0.0245  0.0245  0.0245  0.0245
  0.0246  0.0246  0.0245  0.0245  0.0245  0.0245  0.0246  0.0246  0.0245  0.0245  0.0245  0.0245
  0.0247  0.0247  0.0246  0.0247  0.0246  0.0247  0.0247  0.0248  0.0246  0.0247  0.0246  0.0246
  0.0250  0.0248  0.0248  0.0248  0.0249  0.0250  0.0250  0.0252  0.0248  0.0250  0.0247  0.0248
niter,ni,del,rscale     1    3    5.0000    0.4000
parameters
   -1.1289   20.1512    3.1093  -12.0393  -12.3050    0.0082
   -0.9208    3.2528   -1.5835   -1.7512   -1.1591    2.1345
eta,q 0.97551  7.51437
  0.0248  0.0247  0.0247  0.0247  0.0247  0.0249  0.0248  0.0249  0.0247  0.0248  0.0246  0.0246
  0.0246  0.0246  0.0246  0.0246  0.0246  0.0247  0.0246  0.0247  0.0246  0.0246  0.0245  0.0245
  0.0245  0.0245  0.0245  0.0245  0.0245  0.0246  0.0245  0.0246  0.0245  0.0245  0.0245  0.0245
  0.0245  0.0245  0.0245  0.0245  0.0245  0.0245  0.0245  0.0245  0.0245  0.0245  0.0245  0.0245
  0.0245  0.0245  0.0245  0.0245  0.0245  0.0245  0.0245  0.0245  0.0245  0.0245  0.0245  0.0245
  0.0246  0.0246  0.0246  0.0246  0.0246  0.0246  0.0246  0.0247  0.0245  0.0246  0.0245  0.0246
  0.0248  0.0247  0.0246  0.0247  0.0247  0.0248  0.0248  0.0249  0.0246  0.0248  0.0246  0.0247
registration optimization eta report
parameter search radius
    0.8000    0.8000    0.8000    2.4000    2.4000    2.4000
    2.4000    2.4000    2.4000    2.4000    2.4000    2.4000
100000*second partial in parameter space
       51.       35.       25.        4.        4.        7.
        5.        8.        3.        5.        2.        3.
  0.0248  0.0247  0.0247  0.0247  0.0247  0.0249  0.0248  0.0249  0.0247  0.0248  0.0246  0.0246
  0.0246  0.0246  0.0246  0.0246  0.0246  0.0247  0.0246  0.0247  0.0246  0.0246  0.0245  0.0245
  0.0245  0.0245  0.0245  0.0245  0.0245  0.0246  0.0245  0.0246  0.0245  0.0245  0.0245  0.0245
  0.0245  0.0245  0.0245  0.0245  0.0245  0.0245  0.0245  0.0245  0.0245  0.0245  0.0245  0.0245
  0.0245  0.0245  0.0245  0.0245  0.0245  0.0245  0.0245  0.0245  0.0245  0.0245  0.0245  0.0245
  0.0246  0.0246  0.0246  0.0246  0.0246  0.0246  0.0246  0.0247  0.0245  0.0246  0.0245  0.0246
  0.0248  0.0247  0.0246  0.0247  0.0247  0.0248  0.0248  0.0249  0.0246  0.0248  0.0246  0.0247
   -1.1289   20.1512    3.1093  -12.0393  -12.3050    0.0082
   -0.9208    3.2528   -1.5835   -1.7512   -1.1591    2.1345
eta,q 0.97551  7.51437

---------------------------------------------------------------------
compute_vox2vox talsrcimg talsrcimg_to_711-2C_as_mni_average_305_t4 /opt/freesurfer/average/711-2C_as_mni_average_305
---------------------------------------------------------------------

freesurfer compute_vox2vox.c
Reading: talsrcimg.4dfp.ifh
Reading: talsrcimg_to_711-2C_as_mni_average_305_t4
Reading: /opt/freesurfer/average/711-2C_as_mni_average_305.4dfp.ifh
Writing: talsrcimg_to_711-2C_as_mni_average_305_t4_vox2vox.txt

start time Mon Mar 9 02:01:16 CET 2026
end		time Mon Mar 9 02:02:43 CET 2026

mpr2mni305 success

avi2talxfm orig_nu.mgz /opt/freesurfer/average/mni305.cor.mgz talsrcimg_to_711-2C_as_mni_average_305_t4_vox2vox.txt transforms/talairach.auto.xfm
avi2talxfm done
mv -f /out/sourcedata/freesurfer/sub-v1s17x0050252_ses-1/mri/talsrcimg_to_711-2C_as_mni_average_305_t4_vox2vox.txt /out/sourcedata/freesurfer/sub-v1s17x0050252_ses-1/mri/transforms/talsrcimg_to_711-2C_as_mni_average_305_t4_vox2vox.txt
lta_convert --src orig_nu.mgz --trg /opt/freesurfer/average/mni305.cor.mgz --inxfm transforms/talairach.auto.xfm --outlta transforms/talairach.auto.xfm.lta --subject fsaverage
7.3.2

--src: orig_nu.mgz src image (geometry).
--trg: /opt/freesurfer/average/mni305.cor.mgz trg image (geometry).
--inmni: transforms/talairach.auto.xfm input MNI/XFM transform.
--outlta: transforms/talairach.auto.xfm.lta output LTA.
--s: fsaverage subject name
 LTA read, type : 1
 1.13662  -0.03674   0.01283   0.08115;
 0.01273   0.99908  -0.02418  -2.45044;
 0.02078   0.01929   1.14006  -3.86706;
 0.00000   0.00000   0.00000   1.00000;
setting subject to fsaverage
Writing  LTA to file transforms/talairach.auto.xfm.lta...
lta_convert successful.
 
 
Started at Mon Mar 9 02:01:16 CET 2026
Ended   at Mon Mar  9 02:02:43 CET 2026
talairach_avi done
