/out/sourcedata/freesurfer/sub-v1s17x0050247_ses-1/mri
/opt/freesurfer/bin/talairach_avi
--i orig_nu.mgz --xfm transforms/talairach.auto.xfm
talairach_avi 7.3.2
Linux dna007 5.14.0-427.37.1.el9_4.x86_64 #1 SMP PREEMPT_DYNAMIC Fri Sep 13 12:41:50 EDT 2024 x86_64 x86_64 x86_64 GNU/Linux
Mon Mar  9 01:45:48 CET 2026
mri_convert orig_nu.mgz talsrcimg.img 
reading from orig_nu.mgz...
TR=0.00, TE=0.00, TI=0.00, flip angle=0.00
i_ras = (-1, -6.69388e-10, 0)
j_ras = (-1.86265e-09, 9.31323e-10, -1)
k_ras = (2.03727e-10, 1, -9.31323e-10)
writing to talsrcimg.img...
Analyze Output Matrix
-1.00000  -0.00000   0.00000   127.43658;
-0.00000   0.00000   1.00000  -123.23654;
 0.00000  -1.00000  -0.00000   112.22151;
 0.00000   0.00000   0.00000   1.00000;
--------------------
INFO: set hdr.hist.orient to -1
mpr2mni305 talsrcimg
Mon Mar  9 01:45:48 CET 2026
/opt/freesurfer/bin/mpr2mni305 talsrcimg
mpr2mni305 7.3.2
target=711-2C_as_mni_average_305

---------------------------------------------------------------------
analyzeto4dfp talsrcimg -O0 -y
---------------------------------------------------------------------

freesurfer ifh2hdr.c
Mon Mar  9 01:45:48 2026
Writing: talsrcimg.4dfp.hdr
freesurfer analyzeto4dfp.c
Reading: talsrcimg.hdr
header size 348 bytes
hdr.dime.datatype	offset=70	value=2
hdr.dime.bitpix		offset=72	value=8
hdr.hist.orient		offset=252	value=-1
dimensionality     4
dimensions       256       256       256         1
Reading: talsrcimg.img
Writing: talsrcimg.4dfp.img
Writing: talsrcimg.4dfp.ifh
ifh2hdr talsrcimg -r0to243
ori=2

---------------------------------------------------------------------
gauss_4dfp talsrcimg 1.1
---------------------------------------------------------------------

freesurfer gauss_4dfp.c
Reading: talsrcimg.4dfp.img
Writing: talsrcimg_g11.4dfp.img
image dimensions 256 256 256 padded to 288 288 288
processing volume 1freesurfer ifh2hdr.c
Mon Mar  9 01:45:50 2026
Writing: talsrcimg_g11.4dfp.hdr

Writing: talsrcimg_g11.4dfp.ifh
including: talsrcimg.4dfp.img.rec in talsrcimg_g11.4dfp.img.rec

---------------------------------------------------------------------
imgreg_4dfp /opt/freesurfer/average/711-2C_as_mni_average_305 none talsrcimg_g11 none talsrcimg_to_711-2C_as_mni_average_305_t4 4355
---------------------------------------------------------------------

freesurfer imgreg_4dfp.c
/opt/freesurfer/average/711-2C_as_mni_average_305.4dfp.img
       256       256       256         1
  1.000000  1.000000  1.000000
orientation T byte_order littleendian
Reading image: /opt/freesurfer/average/711-2C_as_mni_average_305.4dfp.img
dimensions:      256       256       256
mmppix:       1.0000   -1.0000   -1.0000
center:     128.0000 -129.0000 -129.0000
talsrcimg_g11.4dfp.img
       256       256       256         1
  1.000000  1.000000  1.000000
orientation T byte_order littleendian
Reading image: talsrcimg_g11.4dfp.img
dimensions:      256       256       256
mmppix:       1.0000   -1.0000   -1.0000
center:     128.0000 -129.0000 -129.0000
t4_read: open error in t4_sub.f l:  41 t4_file(1:l)talsrcimg_to_711-2C_as_mni_average_305_t4 
t4_read: transform initialized to I4
rotation matrix determinant  1.000000
image alignment mode   4355 decimal     1103 hex
   -7.5000  -45.0000  -45.0000 6970.0537   14.1385
    0.0000  -45.0000  -45.0000 7287.8115   14.1502
    7.5000  -45.0000  -45.0000 7001.8184   14.1358
   -7.5000  -37.5000  -45.0000 7641.8804   13.9433
    0.0000  -37.5000  -45.0000 8014.6328   13.9569
    7.5000  -37.5000  -45.0000 7677.6821   13.9471
   -7.5000  -30.0000  -45.0000 8658.1338   13.9178
    0.0000  -30.0000  -45.0000 9081.9727   13.9327
    7.5000  -30.0000  -45.0000 8690.4736   13.9269
   -7.5000  -22.5000  -45.0000 9686.5742   13.9300
    0.0000  -22.5000  -45.000010152.4062   13.9444
    7.5000  -22.5000  -45.0000 9726.8613   13.9390
   -7.5000  -15.0000  -45.000010656.2188   13.9300
    0.0000  -15.0000  -45.000011185.5713   13.9431
    7.5000  -15.0000  -45.000010702.3984   13.9354
   -7.5000   -7.5000  -45.000011555.2090   13.9127
    0.0000   -7.5000  -45.000012135.6416   13.9246
    7.5000   -7.5000  -45.000011609.3828   13.9127
   -7.5000    0.0000  -45.000012283.1475   13.8954
    0.0000    0.0000  -45.000012882.7314   13.9071
    7.5000    0.0000  -45.000012326.5215   13.8933
   -7.5000    7.5000  -45.000012112.3486   13.8960
    0.0000    7.5000  -45.000012707.8330   13.9094
    7.5000    7.5000  -45.000012138.8496   13.8994
   -7.5000   15.0000  -45.000011860.1553   13.9129
    0.0000   15.0000  -45.000012441.6816   13.9278
    7.5000   15.0000  -45.000011885.8125   13.9221
   -7.5000   22.5000  -45.000011521.6533   13.9276
    0.0000   22.5000  -45.000012071.9727   13.9420
    7.5000   22.5000  -45.000011551.5645   13.9366
   -7.5000   30.0000  -45.000011009.2568   13.7444
    0.0000   30.0000  -45.000011553.5625   13.7573
    7.5000   30.0000  -45.000011050.0332   13.7497
   -7.5000   37.5000  -45.000010966.5156   13.7273
    0.0000   37.5000  -45.000011510.0508   13.7390
    7.5000   37.5000  -45.000010971.6826   13.7273
   -7.5000   45.0000  -45.000010327.8945   13.3620
    0.0000   45.0000  -45.000010816.2041   13.3733
    7.5000   45.0000  -45.000010305.2324   13.3600
   -7.5000  -45.0000  -37.5000 7327.9194   14.1594
    0.0000  -45.0000  -37.5000 7681.0962   14.1663
    7.5000  -45.0000  -37.5000 7364.8052   14.1511
   -7.5000  -37.5000  -37.5000 8066.4243   13.9560
    0.0000  -37.5000  -37.5000 8466.2773   13.9650
    7.5000  -37.5000  -37.5000 8102.7944   13.9578
   -7.5000  -30.0000  -37.5000 9154.9180   13.9308
    0.0000  -30.0000  -37.5000 9605.4590   13.9418
    7.5000  -30.0000  -37.5000 9188.2441   13.9413
   -7.5000  -22.5000  -37.500010196.0400   13.9525
    0.0000  -22.5000  -37.500010701.6543   13.9642
    7.5000  -22.5000  -37.500010248.4023   13.9633
   -7.5000  -15.0000  -37.500011214.7920   13.9612
    0.0000  -15.0000  -37.500011765.5244   13.9716
    7.5000  -15.0000  -37.500011256.5088   13.9652
   -7.5000   -7.5000  -37.500012158.0537   13.9424
    0.0000   -7.5000  -37.500012768.7441   13.9505
    7.5000   -7.5000  -37.500012190.7480   13.9375
   -7.5000    0.0000  -37.500012902.7334   13.9161
    0.0000    0.0000  -37.500013533.1768   13.9233
    7.5000    0.0000  -37.500012937.2402   13.9089
   -7.5000    7.5000  -37.500012727.8174   13.9087
    0.0000    7.5000  -37.500013358.4951   13.9175
    7.5000    7.5000  -37.500012746.5928   13.9102
   -7.5000   15.0000  -37.500012462.2412   13.9259
    0.0000   15.0000  -37.500013102.8408   13.9369
    7.5000   15.0000  -37.500012511.8330   13.9364
   -7.5000   22.5000  -37.500012078.0020   13.9502
    0.0000   22.5000  -37.500012706.2051   13.9619
    7.5000   22.5000  -37.500012144.1982   13.9609
   -7.5000   30.0000  -37.500011511.4150   13.7751
    0.0000   30.0000  -37.500012104.0430   13.7854
    7.5000   30.0000  -37.500011579.6885   13.7791
   -7.5000   37.5000  -37.500011409.0771   13.7566
    0.0000   37.5000  -37.500011983.1270   13.7646
    7.5000   37.5000  -37.500011428.1113   13.7517
   -7.5000   45.0000  -37.500010742.5186   13.3820
    0.0000   45.0000  -37.500011249.2080   13.3889
    7.5000   45.0000  -37.500010737.3594   13.3751
   -7.5000  -45.0000  -30.0000 7829.8779   14.7785
    0.0000  -45.0000  -30.0000 8215.8262   14.7916
    7.5000  -45.0000  -30.0000 7872.1367   14.7728
   -7.5000  -37.5000  -30.0000 8615.6533   14.5614
    0.0000  -37.5000  -30.0000 9045.8477   14.5750
    7.5000  -37.5000  -30.0000 8660.3271   14.5654
   -7.5000  -30.0000  -30.0000 9759.6494   14.5285
    0.0000  -30.0000  -30.000010243.8711   14.5421
    7.5000  -30.0000  -30.0000 9812.1064   14.5408
   -7.5000  -22.5000  -30.000010870.2676   14.5507
    0.0000  -22.5000  -30.000011406.1582   14.5641
    7.5000  -22.5000  -30.000010928.6553   14.5631
   -7.5000  -15.0000  -30.000011940.1055   14.5639
    0.0000  -15.0000  -30.000012521.3330   14.5767
    7.5000  -15.0000  -30.000011974.9111   14.5690
   -7.5000   -7.5000  -30.000012919.6348   14.5498
    0.0000   -7.5000  -30.000013567.1611   14.5624
    7.5000   -7.5000  -30.000012960.4541   14.5464
   -7.5000    0.0000  -30.000013680.5420   14.5249
    0.0000    0.0000  -30.000014375.0098   14.5378
    7.5000    0.0000  -30.000013738.2754   14.5200
   -7.5000    7.5000  -30.000013461.2861   14.5119
    0.0000    7.5000  -30.000014160.2832   14.5253
    7.5000    7.5000  -30.000013508.6260   14.5156
   -7.5000   15.0000  -30.000013172.0967   14.5234
    0.0000   15.0000  -30.000013888.3555   14.5370
    7.5000   15.0000  -30.000013246.0234   14.5357
   -7.5000   22.5000  -30.000012798.8408   14.5468
    0.0000   22.5000  -30.000013508.8066   14.5602
    7.5000   22.5000  -30.000012875.3223   14.5592
   -7.5000   30.0000  -30.000012216.5312   14.3712
    0.0000   30.0000  -30.000012875.0176   14.3838
    7.5000   30.0000  -30.000012281.7178   14.3762
   -7.5000   37.5000  -30.000012035.9404   14.3573
    0.0000   37.5000  -30.000012662.0693   14.3697
    7.5000   37.5000  -30.000012058.5322   14.3539
   -7.5000   45.0000  -30.000011307.7373   13.9777
    0.0000   45.0000  -30.000011859.2129   13.9901
    7.5000   45.0000  -30.000011315.8906   13.9729
   -7.5000  -45.0000  -22.5000 8323.3906   15.2885
    0.0000  -45.0000  -22.5000 8738.3750   15.3136
    7.5000  -45.0000  -22.5000 8371.8896   15.2914
   -7.5000  -37.5000  -22.5000 9157.1787   15.0676
    0.0000  -37.5000  -22.5000 9607.5273   15.0914
    7.5000  -37.5000  -22.5000 9201.5938   15.0754
   -7.5000  -30.0000  -22.500010351.4756   15.0262
    0.0000  -30.0000  -22.500010857.3613   15.0469
    7.5000  -30.0000  -22.500010411.3818   15.0380
   -7.5000  -22.5000  -22.500011523.8447   15.0384
    0.0000  -22.5000  -22.500012084.0049   15.0567
    7.5000  -22.5000  -22.500011585.4258   15.0497
   -7.5000  -15.0000  -22.500012624.0977   15.0471
    0.0000  -15.0000  -22.500013266.3555   15.0657
    7.5000  -15.0000  -22.500012677.8193   15.0542
   -7.5000   -7.5000  -22.500013661.4307   15.0401
    0.0000   -7.5000  -22.500014389.1787   15.0618
    7.5000   -7.5000  -22.500013736.2744   15.0432
   -7.5000    0.0000  -22.500014468.3652   15.0261
    0.0000    0.0000  -22.500015249.1602   15.0505
    7.5000    0.0000  -22.500014554.7930   15.0291
   -7.5000    7.5000  -22.500014192.7793   15.0161
    0.0000    7.5000  -22.500014949.8066   15.0397
    7.5000    7.5000  -22.500014281.6973   15.0236
   -7.5000   15.0000  -22.500013851.5576   15.0209
    0.0000   15.0000  -22.500014609.0186   15.0416
    7.5000   15.0000  -22.500013939.4688   15.0327
   -7.5000   22.5000  -22.500013463.5586   15.0333
    0.0000   22.5000  -22.500014228.1191   15.0516
    7.5000   22.5000  -22.500013562.8887   15.0446
   -7.5000   30.0000  -22.500012865.9580   14.8503
    0.0000   30.0000  -22.500013581.7227   14.8686
    7.5000   30.0000  -22.500012951.8369   14.8573
   -7.5000   37.5000  -22.500012633.6328   14.8434
    0.0000   37.5000  -22.500013298.3760   14.8647
    7.5000   37.5000  -22.500012669.7725   14.8465
   -7.5000   45.0000  -22.500011866.9863   14.4709
    0.0000   45.0000  -22.500012460.0566   14.4944
    7.5000   45.0000  -22.500011858.7217   14.4738
   -7.5000  -45.0000  -15.0000 8796.0928   15.6350
    0.0000  -45.0000  -15.0000 9228.5469   15.6673
    7.5000  -45.0000  -15.0000 8836.7051   15.6449
   -7.5000  -37.5000  -15.0000 9663.3447   15.4172
    0.0000  -37.5000  -15.000010146.7822   15.4477
    7.5000  -37.5000  -15.0000 9706.2979   15.4279
   -7.5000  -30.0000  -15.000010915.4463   15.3743
    0.0000  -30.0000  -15.000011463.3457   15.4004
    7.5000  -30.0000  -15.000010967.4355   15.3851
   -7.5000  -22.5000  -15.000012137.5928   15.3766
    0.0000  -22.5000  -15.000012752.9258   15.3993
    7.5000  -22.5000  -15.000012213.4629   15.3865
   -7.5000  -15.0000  -15.000013286.2559   15.3765
    0.0000  -15.0000  -15.000013976.1357   15.3996
    7.5000  -15.0000  -15.000013361.4521   15.3856
   -7.5000   -7.5000  -15.000014379.2900   15.3712
    0.0000   -7.5000  -15.000015124.7285   15.3989
    7.5000   -7.5000  -15.000014460.8838   15.3805
   -7.5000    0.0000  -15.000015291.5703   15.3664
    0.0000    0.0000  -15.000016056.5586   15.3978
    7.5000    0.0000  -15.000015376.2539   15.3760
   -7.5000    7.5000  -15.000014945.1299   15.3645
    0.0000    7.5000  -15.000015707.8213   15.3947
    7.5000    7.5000  -15.000015042.5469   15.3748
   -7.5000   15.0000  -15.000014561.5928   15.3689
    0.0000   15.0000  -15.000015311.1240   15.3951
    7.5000   15.0000  -15.000014662.9697   15.3798
   -7.5000   22.5000  -15.000014155.4102   15.3706
    0.0000   22.5000  -15.000014912.1436   15.3933
    7.5000   22.5000  -15.000014269.2510   15.3806
   -7.5000   30.0000  -15.000013508.5762   15.1775
    0.0000   30.0000  -15.000014245.2510   15.2003
    7.5000   30.0000  -15.000013616.9834   15.1865
   -7.5000   37.5000  -15.000013188.4834   15.1723
    0.0000   37.5000  -15.000013903.0068   15.1996
    7.5000   37.5000  -15.000013271.7969   15.1815
   -7.5000   45.0000  -15.000012367.6992   14.8076
    0.0000   45.0000  -15.000013017.3848   14.8378
    7.5000   45.0000  -15.000012359.7051   14.8168
   -7.5000  -45.0000   -7.5000 9266.4160   15.7935
    0.0000  -45.0000   -7.5000 9730.0498   15.8194
    7.5000  -45.0000   -7.5000 9317.9277   15.8005
   -7.5000  -37.5000   -7.500010180.1963   15.5785
    0.0000  -37.5000   -7.500010687.2676   15.6044
    7.5000  -37.5000   -7.500010230.5029   15.5876
   -7.5000  -30.0000   -7.500011471.9678   15.5422
    0.0000  -30.0000   -7.500012019.2109   15.5661
    7.5000  -30.0000   -7.500011524.0840   15.5527
   -7.5000  -22.5000   -7.500012749.0186   15.5451
    0.0000  -22.5000   -7.500013366.7080   15.5664
    7.5000  -22.5000   -7.500012815.2842   15.5548
   -7.5000  -15.0000   -7.500013921.6572   15.5406
    0.0000  -15.0000   -7.500014607.8438   15.5614
    7.5000  -15.0000   -7.500013996.5273   15.5493
   -7.5000   -7.5000   -7.500015079.7490   15.5292
    0.0000   -7.5000   -7.500015803.5537   15.5523
    7.5000   -7.5000   -7.500015147.1191   15.5370
   -7.5000    0.0000   -7.500016110.4551   15.5220
    0.0000    0.0000   -7.500016972.2480   15.5472
    7.5000    0.0000   -7.500016209.2344   15.5289
   -7.5000    7.5000   -7.500015755.6074   15.5254
    0.0000    7.5000   -7.500016571.5762   15.5510
    7.5000    7.5000   -7.500015886.0654   15.5341
   -7.5000   15.0000   -7.500015307.0625   15.5368
    0.0000   15.0000   -7.500016031.3604   15.5606
    7.5000   15.0000   -7.500015434.8994   15.5472
   -7.5000   22.5000   -7.500014867.4658   15.5374
    0.0000   22.5000   -7.500015581.4629   15.5587
    7.5000   22.5000   -7.500014989.7402   15.5471
   -7.5000   30.0000   -7.500014159.3828   15.3390
    0.0000   30.0000   -7.500014901.4883   15.3596
    7.5000   30.0000   -7.500014302.7666   15.3477
   -7.5000   37.5000   -7.500013793.9736   15.3279
    0.0000   37.5000   -7.500014524.0029   15.3506
    7.5000   37.5000   -7.500013901.3945   15.3355
   -7.5000   45.0000   -7.500012888.8906   14.9603
    0.0000   45.0000   -7.500013542.6572   14.9846
    7.5000   45.0000   -7.500012889.5176   14.9669
   -7.5000  -45.0000    0.0000 9604.9551   15.8213
    0.0000  -45.0000    0.000010105.2432   15.8344
    7.5000  -45.0000    0.0000 9653.7871   15.8183
   -7.5000  -37.5000    0.000010566.5557   15.6029
    0.0000  -37.5000    0.000011094.4297   15.6182
    7.5000  -37.5000    0.000010611.0859   15.6072
   -7.5000  -30.0000    0.000011918.4717   15.5744
    0.0000  -30.0000    0.000012488.0098   15.5910
    7.5000  -30.0000    0.000011989.8369   15.5846
   -7.5000  -22.5000    0.000013239.0879   15.5880
    0.0000  -22.5000    0.000013877.4844   15.6042
    7.5000  -22.5000    0.000013311.9414   15.5981
   -7.5000  -15.0000    0.000014444.5410   15.5881
    0.0000  -15.0000    0.000015111.4365   15.6027
    7.5000  -15.0000    0.000014508.5156   15.5941
   -7.5000   -7.5000    0.000015624.5547   15.5687
    0.0000   -7.5000    0.000016263.2725   15.5820
    7.5000   -7.5000    0.000015646.4609   15.5687
   -7.5000    0.0000    0.000016725.6641   15.5493
    0.0000    0.0000    0.000017514.9980   15.5624
    7.5000    0.0000    0.000016741.4688   15.5469
   -7.5000    7.5000    0.000016450.2988   15.5500
    0.0000    7.5000    0.000017154.6328   15.5650
    7.5000    7.5000    0.000016479.2324   15.5538
   -7.5000   15.0000    0.000016039.0889   15.5689
    0.0000   15.0000    0.000016692.9375   15.5856
    7.5000   15.0000    0.000016051.1973   15.5792
   -7.5000   22.5000    0.000015578.8027   15.5803
    0.0000   22.5000    0.000016284.7285   15.5965
    7.5000   22.5000    0.000015613.2451   15.5904
   -7.5000   30.0000    0.000014801.2256   15.3863
    0.0000   30.0000    0.000015523.6152   15.4008
    7.5000   30.0000    0.000014865.0459   15.3922
   -7.5000   37.5000    0.000014346.0430   15.3672
    0.0000   37.5000    0.000015023.4551   15.3803
    7.5000   37.5000    0.000014392.2754   15.3672
   -7.5000   45.0000    0.000013353.5674   14.9877
    0.0000   45.0000    0.000013958.7158   15.0004
    7.5000   45.0000    0.000013334.1602   14.9855
   -7.5000  -45.0000    7.5000 9189.9121   15.8448
    0.0000  -45.0000    7.5000 9640.1729   15.8525
    7.5000  -45.0000    7.5000 9250.6592   15.8355
   -7.5000  -37.5000    7.500010139.1484   15.6172
    0.0000  -37.5000    7.500010613.8760   15.6272
    7.5000  -37.5000    7.500010185.2061   15.6192
   -7.5000  -30.0000    7.500011434.0127   15.5889
    0.0000  -30.0000    7.500011963.7422   15.6013
    7.5000  -30.0000    7.500011506.1631   15.6007
   -7.5000  -22.5000    7.500012684.4961   15.6133
    0.0000  -22.5000    7.500013263.5400   15.6264
    7.5000  -22.5000    7.500012742.0566   15.6253
   -7.5000  -15.0000    7.500013853.4980   15.6229
    0.0000  -15.0000    7.500014443.2939   15.6346
    7.5000  -15.0000    7.500013867.6738   15.6275
   -7.5000   -7.5000    7.500015004.3604   15.6019
    0.0000   -7.5000    7.500015627.7842   15.6110
    7.5000   -7.5000    7.500014990.3750   15.5964
   -7.5000    0.0000    7.500016022.2207   15.5725
    0.0000    0.0000    7.500016725.8516   15.5805
    7.5000    0.0000    7.500015999.9951   15.5644
   -7.5000    7.5000    7.500015788.3691   15.5642
    0.0000    7.5000    7.500016494.4922   15.5741
    7.5000    7.5000    7.500015727.0215   15.5659
   -7.5000   15.0000    7.500015451.5049   15.5835
    0.0000   15.0000    7.500016205.3057   15.5958
    7.5000   15.0000    7.500015398.7490   15.5952
   -7.5000   22.5000    7.500014994.9883   15.6056
    0.0000   22.5000    7.500015786.0420   15.6187
    7.5000   22.5000    7.500014969.5977   15.6176
   -7.5000   30.0000    7.500014236.4219   15.4207
    0.0000   30.0000    7.500014983.0459   15.4323
    7.5000   30.0000    7.500014240.8887   15.4252
   -7.5000   37.5000    7.500013743.6592   15.4000
    0.0000   37.5000    7.500014416.3057   15.4090
    7.5000   37.5000    7.500013765.1260   15.3945
   -7.5000   45.0000    7.500012751.3799   15.0101
    0.0000   45.0000    7.500013345.7695   15.0178
    7.5000   45.0000    7.500012738.5527   15.0023
   -7.5000  -45.0000   15.0000 8636.9053   15.8717
    0.0000  -45.0000   15.0000 9062.6934   15.8857
    7.5000  -45.0000   15.0000 8680.7871   15.8656
   -7.5000  -37.5000   15.0000 9534.8604   15.6385
    0.0000  -37.5000   15.000010019.5029   15.6531
    7.5000  -37.5000   15.0000 9579.9658   15.6428
   -7.5000  -30.0000   15.000010788.6348   15.6031
    0.0000  -30.0000   15.000011308.1123   15.6177
    7.5000  -30.0000   15.000010843.0791   15.6163
   -7.5000  -22.5000   15.000012000.8525   15.6270
    0.0000  -22.5000   15.000012563.2666   15.6414
    7.5000  -22.5000   15.000012047.0547   15.6403
   -7.5000  -15.0000   15.000013114.4902   15.6412
    0.0000  -15.0000   15.000013724.5156   15.6550
    7.5000  -15.0000   15.000013150.3457   15.6467
   -7.5000   -7.5000   15.000014221.0127   15.6261
    0.0000   -7.5000   15.000014846.2275   15.6396
    7.5000   -7.5000   15.000014257.0273   15.6223
   -7.5000    0.0000   15.000015175.3574   15.5993
    0.0000    0.0000   15.000015786.8418   15.6132
    7.5000    0.0000   15.000015167.0518   15.5940
   -7.5000    7.5000   15.000014909.7373   15.5854
    0.0000    7.5000   15.000015464.6074   15.5997
    7.5000    7.5000   15.000014873.0029   15.5893
   -7.5000   15.0000   15.000014574.1572   15.5976
    0.0000   15.0000   15.000015118.0859   15.6122
    7.5000   15.0000   15.000014532.6104   15.6108
   -7.5000   22.5000   15.000014140.6660   15.6193
    0.0000   22.5000   15.000014687.2061   15.6337
    7.5000   22.5000   15.000014113.7529   15.6326
   -7.5000   30.0000   15.000013494.0830   15.4387
    0.0000   30.0000   15.000014037.0869   15.4523
    7.5000   30.0000   15.000013492.0635   15.4442
   -7.5000   37.5000   15.000013061.0479   15.4239
    0.0000   37.5000   15.000013604.5918   15.4371
    7.5000   37.5000   15.000013074.6992   15.4202
   -7.5000   45.0000   15.000012110.0322   15.0359
    0.0000   45.0000   15.000012628.9297   15.0493
    7.5000   45.0000   15.000012078.7568   15.0308
   -7.5000  -45.0000   22.5000 7989.4380   15.8833
    0.0000  -45.0000   22.5000 8423.2227   15.9093
    7.5000  -45.0000   22.5000 8055.5771   15.8863
   -7.5000  -37.5000   22.5000 8844.3438   15.6537
    0.0000  -37.5000   22.5000 9317.4609   15.6783
    7.5000  -37.5000   22.5000 8916.1250   15.6617
   -7.5000  -30.0000   22.500010025.0645   15.6107
    0.0000  -30.0000   22.500010515.7861   15.6321
    7.5000  -30.0000   22.500010085.5713   15.6229
   -7.5000  -22.5000   22.500011137.1914   15.6235
    0.0000  -22.5000   22.500011684.2715   15.6424
    7.5000  -22.5000   22.500011216.3174   15.6351
   -7.5000  -15.0000   22.500012177.2178   15.6326
    0.0000  -15.0000   22.500012754.6299   15.6518
    7.5000  -15.0000   22.500012242.5654   15.6398
   -7.5000   -7.5000   22.500013186.3271   15.6252
    0.0000   -7.5000   22.500013806.2979   15.6476
    7.5000   -7.5000   22.500013259.7520   15.6283
   -7.5000    0.0000   22.500014083.1172   15.6106
    0.0000    0.0000   22.500014684.1611   15.6359
    7.5000    0.0000   22.500014110.7783   15.6136
   -7.5000    7.5000   22.500013833.7324   15.6002
    0.0000    7.5000   22.500014373.5576   15.6246
    7.5000    7.5000   22.500013818.6318   15.6079
   -7.5000   15.0000   22.500013522.9805   15.6052
    0.0000   15.0000   22.500014042.6309   15.6266
    7.5000   15.0000   22.500013499.0391   15.6174
   -7.5000   22.5000   22.500013103.9307   15.6158
    0.0000   22.5000   22.500013623.5479   15.6347
    7.5000   22.5000   22.500013084.9258   15.6275
   -7.5000   30.0000   22.500012553.0977   15.4302
    0.0000   30.0000   22.500013078.0176   15.4492
    7.5000   30.0000   22.500012555.3740   15.4374
   -7.5000   37.5000   22.500012197.8223   15.4230
    0.0000   37.5000   22.500012723.9902   15.4451
    7.5000   37.5000   22.500012215.4082   15.4261
   -7.5000   45.0000   22.500011296.7119   15.0468
    0.0000   45.0000   22.500011772.3730   15.0712
    7.5000   45.0000   22.500011272.2686   15.0497
   -7.5000  -45.0000   30.0000 7306.2686   15.9952
    0.0000  -45.0000   30.0000 7707.0737   16.0283
    7.5000  -45.0000   30.0000 7388.6855   16.0054
   -7.5000  -37.5000   30.0000 8088.6035   15.7700
    0.0000  -37.5000   30.0000 8520.6543   15.8013
    7.5000  -37.5000   30.0000 8163.0801   15.7809
   -7.5000  -30.0000   30.0000 9172.4678   15.7260
    0.0000  -30.0000   30.0000 9636.8369   15.7529
    7.5000  -30.0000   30.0000 9230.2324   15.7372
   -7.5000  -22.5000   30.000010191.0068   15.7292
    0.0000  -22.5000   30.000010722.3232   15.7525
    7.5000  -22.5000   30.000010273.2842   15.7393
   -7.5000  -15.0000   30.000011144.3594   15.7297
    0.0000  -15.0000   30.000011702.6172   15.7534
    7.5000  -15.0000   30.000011226.7676   15.7389
   -7.5000   -7.5000   30.000012075.5283   15.7239
    0.0000   -7.5000   30.000012657.1367   15.7522
    7.5000   -7.5000   30.000012148.7559   15.7333
   -7.5000    0.0000   30.000012894.9209   15.7181
    0.0000    0.0000   30.000013468.7646   15.7502
    7.5000    0.0000   30.000012944.2012   15.7279
   -7.5000    7.5000   30.000012688.5664   15.7156
    0.0000    7.5000   30.000013217.3271   15.7466
    7.5000    7.5000   30.000012706.0996   15.7262
   -7.5000   15.0000   30.000012386.1143   15.7204
    0.0000   15.0000   30.000012884.8525   15.7473
    7.5000   15.0000   30.000012383.6631   15.7316
   -7.5000   22.5000   30.000012003.5088   15.7215
    0.0000   22.5000   30.000012497.9229   15.7448
    7.5000   22.5000   30.000012007.9668   15.7316
   -7.5000   30.0000   30.000011528.3848   15.5261
    0.0000   30.0000   30.000012008.0977   15.5495
    7.5000   30.0000   30.000011542.4502   15.5351
   -7.5000   37.5000   30.000011244.2480   15.5204
    0.0000   37.5000   30.000011747.2891   15.5484
    7.5000   37.5000   30.000011280.2471   15.5297
   -7.5000   45.0000   30.000010387.6475   15.1504
    0.0000   45.0000   30.000010846.1016   15.1814
    7.5000   45.0000   30.000010392.7334   15.1598
   -7.5000  -45.0000   37.5000 6949.0620   16.3502
    0.0000  -45.0000   37.5000 7310.8105   16.3761
    7.5000  -45.0000   37.5000 7019.7339   16.3561
   -7.5000  -37.5000   37.5000 7693.2310   16.1175
    0.0000  -37.5000   37.5000 8099.2324   16.1436
    7.5000  -37.5000   37.5000 7756.5923   16.1263
   -7.5000  -30.0000   37.5000 8723.1641   16.0784
    0.0000  -30.0000   37.5000 9186.2227   16.1024
    7.5000  -30.0000   37.5000 8783.8291   16.0886
   -7.5000  -22.5000   37.5000 9688.3984   16.0843
    0.0000  -22.5000   37.500010224.0400   16.1056
    7.5000  -22.5000   37.5000 9784.4795   16.0932
   -7.5000  -15.0000   37.500010611.0449   16.0826
    0.0000  -15.0000   37.500011169.1709   16.1032
    7.5000  -15.0000   37.500010698.6904   16.0899
   -7.5000   -7.5000   37.500011491.6504   16.0706
    0.0000   -7.5000   37.500012058.4189   16.0935
    7.5000   -7.5000   37.500011557.7227   16.0769
   -7.5000    0.0000   37.500012277.4453   16.0602
    0.0000    0.0000   37.500012826.2695   16.0855
    7.5000    0.0000   37.500012314.7070   16.0660
   -7.5000    7.5000   37.500012086.0947   16.0609
    0.0000    7.5000   37.500012607.8672   16.0867
    7.5000    7.5000   37.500012116.4434   16.0692
   -7.5000   15.0000   37.500011781.7578   16.0726
    0.0000   15.0000   37.500012289.3232   16.0966
    7.5000   15.0000   37.500011812.3340   16.0828
   -7.5000   22.5000   37.500011402.4629   16.0763
    0.0000   22.5000   37.500011895.6123   16.0976
    7.5000   22.5000   37.500011429.3311   16.0852
   -7.5000   30.0000   37.500010962.6348   15.8744
    0.0000   30.0000   37.500011440.4150   15.8948
    7.5000   30.0000   37.500010991.9570   15.8817
   -7.5000   37.5000   37.500010720.6465   15.8626
    0.0000   37.5000   37.500011236.7393   15.8852
    7.5000   37.5000   37.500010778.8887   15.8688
   -7.5000   45.0000   37.5000 9910.8389   15.4802
    0.0000   45.0000   37.500010368.9297   15.5045
    7.5000   45.0000   37.5000 9940.4775   15.4858
   -7.5000  -45.0000   45.0000 6321.0796   16.8021
    0.0000  -45.0000   45.0000 6641.7773   16.8147
    7.5000  -45.0000   45.0000 6378.1743   16.7993
   -7.5000  -37.5000   45.0000 7008.4746   16.5462
    0.0000  -37.5000   45.0000 7369.7173   16.5616
    7.5000  -37.5000   45.0000 7066.1484   16.5519
   -7.5000  -30.0000   45.0000 7933.2505   16.5045
    0.0000  -30.0000   45.0000 8357.8135   16.5215
    7.5000  -30.0000   45.0000 7999.2617   16.5170
   -7.5000  -22.5000   45.0000 8824.4512   16.5197
    0.0000  -22.5000   45.0000 9313.0117   16.5357
    7.5000  -22.5000   45.0000 8907.1533   16.5318
   -7.5000  -15.0000   45.0000 9658.1494   16.5272
    0.0000  -15.0000   45.000010188.1016   16.5411
    7.5000  -15.0000   45.0000 9764.8438   16.5343
   -7.5000   -7.5000   45.000010453.5527   16.5140
    0.0000   -7.5000   45.000010998.5049   16.5265
    7.5000   -7.5000   45.000010536.6992   16.5143
   -7.5000    0.0000   45.000011167.5117   16.4941
    0.0000    0.0000   45.000011693.4707   16.5068
    7.5000    0.0000   45.000011215.2305   16.4920
   -7.5000    7.5000   45.000011014.5869   16.4864
    0.0000    7.5000   45.000011503.6289   16.5016
    7.5000    7.5000   45.000011041.7578   16.4917
   -7.5000   15.0000   45.000010724.4219   16.4983
    0.0000   15.0000   45.000011215.3818   16.5153
    7.5000   15.0000   45.000010760.0820   16.5109
   -7.5000   22.5000   45.000010386.7812   16.5115
    0.0000   22.5000   45.000010852.8057   16.5275
    7.5000   22.5000   45.000010417.4580   16.5235
   -7.5000   30.0000   45.000010012.8818   16.3118
    0.0000   30.0000   45.000010478.4453   16.3256
    7.5000   30.0000   45.000010048.8193   16.3188
   -7.5000   37.5000   45.0000 9816.4121   16.2989
    0.0000   37.5000   45.000010276.8750   16.3112
    7.5000   37.5000   45.0000 9850.9434   16.2991
   -7.5000   45.0000   45.0000 9062.9746   15.9056
    0.0000   45.0000   45.0000 9475.6865   15.9178
    7.5000   45.0000   45.0000 9064.0039   15.9036

---------------------------------------------------------------------
imgreg_4dfp /opt/freesurfer/average/711-2C_as_mni_average_305 /opt/freesurfer/average/711-2B_as_mni_average_305_mask talsrcimg_g11 none talsrcimg_to_711-2C_as_mni_average_305_t4 4355
---------------------------------------------------------------------

freesurfer imgreg_4dfp.c
/opt/freesurfer/average/711-2C_as_mni_average_305.4dfp.img
       256       256       256         1
  1.000000  1.000000  1.000000
orientation T byte_order littleendian
Reading image: /opt/freesurfer/average/711-2C_as_mni_average_305.4dfp.img
dimensions:      256       256       256
mmppix:       1.0000   -1.0000   -1.0000
center:     128.0000 -129.0000 -129.0000
/opt/freesurfer/average/711-2B_as_mni_average_305_mask.4dfp.img
       256       256       256         1
  1.000000  1.000000  1.000000
orientation T byte_order littleendian
Reading mask: /opt/freesurfer/average/711-2B_as_mni_average_305_mask.4dfp.img (2306576 pixels)
talsrcimg_g11.4dfp.img
       256       256       256         1
  1.000000  1.000000  1.000000
orientation T byte_order littleendian
Reading image: talsrcimg_g11.4dfp.img
dimensions:      256       256       256
mmppix:       1.0000   -1.0000   -1.0000
center:     128.0000 -129.0000 -129.0000
rotation matrix determinant  1.000000
image alignment mode   4355 decimal     1103 hex
   -7.5000  -45.0000  -45.0000 1876.1188   18.7066
    0.0000  -45.0000  -45.0000 1884.0879   18.6247
    7.5000  -45.0000  -45.0000 1879.5602   18.7071
   -7.5000  -37.5000  -45.0000 2006.6157   16.4890
    0.0000  -37.5000  -45.0000 2020.3438   16.4263
    7.5000  -37.5000  -45.0000 2012.4504   16.4612
   -7.5000  -30.0000  -45.0000 2126.4187   14.7670
    0.0000  -30.0000  -45.0000 2143.4019   14.7232
    7.5000  -30.0000  -45.0000 2132.1138   14.7529
   -7.5000  -22.5000  -45.0000 2236.0068   13.4250
    0.0000  -22.5000  -45.0000 2254.1189   13.3535
    7.5000  -22.5000  -45.0000 2244.7568   13.4153
   -7.5000  -15.0000  -45.0000 2322.6118   12.3743
    0.0000  -15.0000  -45.0000 2341.6541   12.2974
    7.5000  -15.0000  -45.0000 2328.2134   12.3660
   -7.5000   -7.5000  -45.0000 2384.7476   11.6307
    0.0000   -7.5000  -45.0000 2404.1519   11.5438
    7.5000   -7.5000  -45.0000 2387.8796   11.6165
   -7.5000    0.0000  -45.0000 2418.9038   11.1769
    0.0000    0.0000  -45.0000 2439.3713   11.0511
    7.5000    0.0000  -45.0000 2419.6514   11.1339
   -7.5000    7.5000  -45.0000 2437.9856   10.9731
    0.0000    7.5000  -45.0000 2460.6316   10.8585
    7.5000    7.5000  -45.0000 2440.0261   10.9229
   -7.5000   15.0000  -45.0000 2428.6892   11.0958
    0.0000   15.0000  -45.0000 2450.0837   10.9659
    7.5000   15.0000  -45.0000 2430.7007   11.0429
   -7.5000   22.5000  -45.0000 2407.2717   11.3159
    0.0000   22.5000  -45.0000 2427.7256   11.1899
    7.5000   22.5000  -45.0000 2409.7988   11.2789
   -7.5000   30.0000  -45.0000 2361.8325   11.7581
    0.0000   30.0000  -45.0000 2387.1687   11.6384
    7.5000   30.0000  -45.0000 2367.9812   11.7166
   -7.5000   37.5000  -45.0000 2303.2788   12.4406
    0.0000   37.5000  -45.0000 2328.8384   12.3169
    7.5000   37.5000  -45.0000 2308.3616   12.3779
   -7.5000   45.0000  -45.0000 2219.6704   13.4161
    0.0000   45.0000  -45.0000 2240.6924   13.2689
    7.5000   45.0000  -45.0000 2221.6143   13.3245
   -7.5000  -45.0000  -37.5000 1926.0542   17.7021
    0.0000  -45.0000  -37.5000 1939.3385   17.5612
    7.5000  -45.0000  -37.5000 1932.9402   17.6170
   -7.5000  -37.5000  -37.5000 2067.2561   15.5742
    0.0000  -37.5000  -37.5000 2086.8320   15.4770
    7.5000  -37.5000  -37.5000 2075.2812   15.5078
   -7.5000  -30.0000  -37.5000 2198.6421   13.8982
    0.0000  -30.0000  -37.5000 2213.9917   13.8177
    7.5000  -30.0000  -37.5000 2202.2085   13.8679
   -7.5000  -22.5000  -37.5000 2308.0767   12.5782
    0.0000  -22.5000  -37.5000 2325.6646   12.5140
    7.5000  -22.5000  -37.5000 2314.6111   12.5799
   -7.5000  -15.0000  -37.5000 2400.6174   11.5912
    0.0000  -15.0000  -37.5000 2421.0645   11.5141
    7.5000  -15.0000  -37.5000 2406.4331   11.5760
   -7.5000   -7.5000  -37.5000 2469.6189   10.8746
    0.0000   -7.5000  -37.5000 2491.2676   10.7813
    7.5000   -7.5000  -37.5000 2473.9460   10.8395
   -7.5000    0.0000  -37.5000 2508.9958   10.4292
    0.0000    0.0000  -37.5000 2529.9480   10.2882
    7.5000    0.0000  -37.5000 2509.6506   10.3763
   -7.5000    7.5000  -37.5000 2540.0190   10.2092
    0.0000    7.5000  -37.5000 2561.9624   10.0803
    7.5000    7.5000  -37.5000 2537.8057   10.1554
   -7.5000   15.0000  -37.5000 2537.8811   10.2794
    0.0000   15.0000  -37.5000 2560.8503   10.1643
    7.5000   15.0000  -37.5000 2539.7810   10.2395
   -7.5000   22.5000  -37.5000 2512.9675   10.5302
    0.0000   22.5000  -37.5000 2539.8220   10.4066
    7.5000   22.5000  -37.5000 2518.9836   10.4994
   -7.5000   30.0000  -37.5000 2464.1812   10.9805
    0.0000   30.0000  -37.5000 2492.5461   10.8630
    7.5000   30.0000  -37.5000 2471.4507   10.9354
   -7.5000   37.5000  -37.5000 2396.0957   11.6077
    0.0000   37.5000  -37.5000 2425.1084   11.4818
    7.5000   37.5000  -37.5000 2401.2952   11.5424
   -7.5000   45.0000  -37.5000 2305.2446   12.4795
    0.0000   45.0000  -37.5000 2329.6238   12.3394
    7.5000   45.0000  -37.5000 2310.1111   12.4016
   -7.5000  -45.0000  -30.0000 2008.5507   17.3647
    0.0000  -45.0000  -30.0000 2026.7764   17.2327
    7.5000  -45.0000  -30.0000 2018.4950   17.3077
   -7.5000  -37.5000  -30.0000 2156.9421   15.2797
    0.0000  -37.5000  -30.0000 2178.4155   15.1470
    7.5000  -37.5000  -30.0000 2166.0420   15.2316
   -7.5000  -30.0000  -30.0000 2291.4919   13.6272
    0.0000  -30.0000  -30.0000 2313.3823   13.5111
    7.5000  -30.0000  -30.0000 2299.0129   13.5788
   -7.5000  -22.5000  -30.0000 2405.7283   12.2907
    0.0000  -22.5000  -30.0000 2429.7073   12.1981
    7.5000  -22.5000  -30.0000 2415.8828   12.2820
   -7.5000  -15.0000  -30.0000 2511.6079   11.2701
    0.0000  -15.0000  -30.0000 2534.5054   11.1872
    7.5000  -15.0000  -30.0000 2516.4990   11.2561
   -7.5000   -7.5000  -30.0000 2594.4390   10.5476
    0.0000   -7.5000  -30.0000 2618.5220   10.4669
    7.5000   -7.5000  -30.0000 2599.7830   10.5168
   -7.5000    0.0000  -30.0000 2638.7546   10.0751
    0.0000    0.0000  -30.0000 2662.6663    9.9789
    7.5000    0.0000  -30.0000 2646.4438   10.0525
   -7.5000    7.5000  -30.0000 2673.5420    9.8317
    0.0000    7.5000  -30.0000 2700.0159    9.7295
    7.5000    7.5000  -30.0000 2675.4397    9.8164
   -7.5000   15.0000  -30.0000 2680.6714    9.8645
    0.0000   15.0000  -30.0000 2710.2424    9.7603
    7.5000   15.0000  -30.0000 2688.1431    9.8434
   -7.5000   22.5000  -30.0000 2662.4795   10.1396
    0.0000   22.5000  -30.0000 2695.9426   10.0238
    7.5000   22.5000  -30.0000 2672.1560   10.1055
   -7.5000   30.0000  -30.0000 2614.7720   10.5980
    0.0000   30.0000  -30.0000 2648.4185   10.4675
    7.5000   30.0000  -30.0000 2621.4961   10.5568
   -7.5000   37.5000  -30.0000 2536.0603   11.2333
    0.0000   37.5000  -30.0000 2569.0518   11.0780
    7.5000   37.5000  -30.0000 2543.1042   11.1679
   -7.5000   45.0000  -30.0000 2434.0015   12.0766
    0.0000   45.0000  -30.0000 2461.3394   11.9131
    7.5000   45.0000  -30.0000 2440.5332   11.9864
   -7.5000  -45.0000  -22.5000 2067.8518   16.9369
    0.0000  -45.0000  -22.5000 2088.4314   16.8388
    7.5000  -45.0000  -22.5000 2079.5054   16.9387
   -7.5000  -37.5000  -22.5000 2220.3174   14.8793
    0.0000  -37.5000  -22.5000 2240.2642   14.7509
    7.5000  -37.5000  -22.5000 2225.9807   14.8627
   -7.5000  -30.0000  -22.5000 2350.2197   13.2497
    0.0000  -30.0000  -22.5000 2374.4336   13.1286
    7.5000  -30.0000  -22.5000 2360.8044   13.2222
   -7.5000  -22.5000  -22.5000 2471.8005   11.9412
    0.0000  -22.5000  -22.5000 2496.2419   11.8340
    7.5000  -22.5000  -22.5000 2482.2505   11.9306
   -7.5000  -15.0000  -22.5000 2583.2747   10.9127
    0.0000  -15.0000  -22.5000 2610.2783   10.8240
    7.5000  -15.0000  -22.5000 2590.9534   10.9120
   -7.5000   -7.5000  -22.5000 2681.5928   10.1644
    0.0000   -7.5000  -22.5000 2712.3596   10.0897
    7.5000   -7.5000  -22.5000 2691.0522   10.1706
   -7.5000    0.0000  -22.5000 2741.2385    9.6875
    0.0000    0.0000  -22.5000 2774.2178    9.6160
    7.5000    0.0000  -22.5000 2753.2490    9.6809
   -7.5000    7.5000  -22.5000 2783.8462    9.4310
    0.0000    7.5000  -22.5000 2816.2480    9.3479
    7.5000    7.5000  -22.5000 2790.7104    9.4186
   -7.5000   15.0000  -22.5000 2801.3140    9.4157
    0.0000   15.0000  -22.5000 2836.6663    9.3024
    7.5000   15.0000  -22.5000 2813.1177    9.3969
   -7.5000   22.5000  -22.5000 2784.8154    9.6953
    0.0000   22.5000  -22.5000 2822.9316    9.5687
    7.5000   22.5000  -22.5000 2798.0300    9.6555
   -7.5000   30.0000  -22.5000 2734.5769   10.1251
    0.0000   30.0000  -22.5000 2770.4207    9.9835
    7.5000   30.0000  -22.5000 2745.2925   10.0783
   -7.5000   37.5000  -22.5000 2648.0090   10.7350
    0.0000   37.5000  -22.5000 2680.9868   10.5957
    7.5000   37.5000  -22.5000 2657.6592   10.6765
   -7.5000   45.0000  -22.5000 2537.6890   11.5865
    0.0000   45.0000  -22.5000 2565.9451   11.4376
    7.5000   45.0000  -22.5000 2542.3433   11.5103
   -7.5000  -45.0000  -15.0000 2102.8301   16.6305
    0.0000  -45.0000  -15.0000 2121.0723   16.4880
    7.5000  -45.0000  -15.0000 2110.8552   16.6223
   -7.5000  -37.5000  -15.0000 2251.5044   14.5437
    0.0000  -37.5000  -15.0000 2268.7249   14.4136
    7.5000  -37.5000  -15.0000 2255.3120   14.5329
   -7.5000  -30.0000  -15.0000 2380.3984   12.9105
    0.0000  -30.0000  -15.0000 2404.1064   12.7942
    7.5000  -30.0000  -15.0000 2391.0085   12.9162
   -7.5000  -22.5000  -15.0000 2503.3857   11.6380
    0.0000  -22.5000  -15.0000 2532.0876   11.5198
    7.5000  -22.5000  -15.0000 2517.1750   11.6279
   -7.5000  -15.0000  -15.0000 2621.7869   10.6114
    0.0000  -15.0000  -15.0000 2651.3323   10.5029
    7.5000  -15.0000  -15.0000 2633.5632   10.6105
   -7.5000   -7.5000  -15.0000 2728.8257    9.8507
    0.0000   -7.5000  -15.0000 2761.5676    9.7478
    7.5000   -7.5000  -15.0000 2741.7231    9.8420
   -7.5000    0.0000  -15.0000 2808.8201    9.3659
    0.0000    0.0000  -15.0000 2844.1123    9.2696
    7.5000    0.0000  -15.0000 2823.4656    9.3351
   -7.5000    7.5000  -15.0000 2863.5054    9.0835
    0.0000    7.5000  -15.0000 2907.8611    8.9673
    7.5000    7.5000  -15.0000 2876.8916    9.0597
   -7.5000   15.0000  -15.0000 2893.8682    9.0483
    0.0000   15.0000  -15.0000 2938.7229    8.9056
    7.5000   15.0000  -15.0000 2910.9619    9.0087
   -7.5000   22.5000  -15.0000 2876.4963    9.3226
    0.0000   22.5000  -15.0000 2919.5952    9.1847
    7.5000   22.5000  -15.0000 2894.0420    9.2769
   -7.5000   30.0000  -15.0000 2815.0793    9.7249
    0.0000   30.0000  -15.0000 2855.3447    9.5739
    7.5000   30.0000  -15.0000 2829.8284    9.6712
   -7.5000   37.5000  -15.0000 2720.2458   10.3050
    0.0000   37.5000  -15.0000 2757.2625   10.1426
    7.5000   37.5000  -15.0000 2734.6680   10.2446
   -7.5000   45.0000  -15.0000 2596.6702   11.1630
    0.0000   45.0000  -15.0000 2629.8025   11.0045
    7.5000   45.0000  -15.0000 2603.6855   11.1076
   -7.5000  -45.0000   -7.5000 2111.8872   16.5311
    0.0000  -45.0000   -7.5000 2135.5383   16.3024
    7.5000  -45.0000   -7.5000 2124.2529   16.4701
   -7.5000  -37.5000   -7.5000 2254.9993   14.4140
    0.0000  -37.5000   -7.5000 2280.2742   14.1927
    7.5000  -37.5000   -7.5000 2269.4783   14.3713
   -7.5000  -30.0000   -7.5000 2385.0317   12.7408
    0.0000  -30.0000   -7.5000 2409.5776   12.5318
    7.5000  -30.0000   -7.5000 2398.7549   12.7097
   -7.5000  -22.5000   -7.5000 2512.0105   11.4547
    0.0000  -22.5000   -7.5000 2539.6436   11.2605
    7.5000  -22.5000   -7.5000 2524.7095   11.3989
   -7.5000  -15.0000   -7.5000 2630.4119   10.4248
    0.0000  -15.0000   -7.5000 2663.2441   10.2533
    7.5000  -15.0000   -7.5000 2647.0874   10.3780
   -7.5000   -7.5000   -7.5000 2744.4917    9.6491
    0.0000   -7.5000   -7.5000 2778.2678    9.4876
    7.5000   -7.5000   -7.5000 2759.4570    9.5980
   -7.5000    0.0000   -7.5000 2841.8606    9.1332
    0.0000    0.0000   -7.5000 2884.4741    8.9876
    7.5000    0.0000   -7.5000 2856.9314    9.0819
   -7.5000    7.5000   -7.5000 2912.0029    8.8384
    0.0000    7.5000   -7.5000 2971.9663    8.7055
    7.5000    7.5000   -7.5000 2932.5620    8.8073
   -7.5000   15.0000   -7.5000 2957.7832    8.7648
    0.0000   15.0000   -7.5000 3021.4604    8.6002
    7.5000   15.0000   -7.5000 2978.3789    8.7474
   -7.5000   22.5000   -7.5000 2933.4216    9.0303
    0.0000   22.5000   -7.5000 2988.1157    8.8799
    7.5000   22.5000   -7.5000 2950.3000    9.0122
   -7.5000   30.0000   -7.5000 2852.9209    9.4420
    0.0000   30.0000   -7.5000 2901.8323    9.2728
    7.5000   30.0000   -7.5000 2872.6792    9.3955
   -7.5000   37.5000   -7.5000 2756.1035    9.9956
    0.0000   37.5000   -7.5000 2796.2769    9.8264
    7.5000   37.5000   -7.5000 2773.8494    9.9355
   -7.5000   45.0000   -7.5000 2625.8127   10.8425
    0.0000   45.0000   -7.5000 2659.7070   10.6658
    7.5000   45.0000   -7.5000 2639.8462   10.7605
   -7.5000  -45.0000    0.0000 2105.4512   16.6103
    0.0000  -45.0000    0.0000 2128.7539   16.3298
    7.5000  -45.0000    0.0000 2119.8997   16.4902
   -7.5000  -37.5000    0.0000 2248.7324   14.4387
    0.0000  -37.5000    0.0000 2276.8071   14.1824
    7.5000  -37.5000    0.0000 2265.1379   14.3297
   -7.5000  -30.0000    0.0000 2374.6179   12.7344
    0.0000  -30.0000    0.0000 2405.6113   12.4739
    7.5000  -30.0000    0.0000 2393.5176   12.6493
   -7.5000  -22.5000    0.0000 2498.9263   11.4488
    0.0000  -22.5000    0.0000 2527.2485   11.1892
    7.5000  -22.5000    0.0000 2516.1553   11.3548
   -7.5000  -15.0000    0.0000 2617.1084   10.4169
    0.0000  -15.0000    0.0000 2650.2456   10.1875
    7.5000  -15.0000    0.0000 2635.5745   10.3151
   -7.5000   -7.5000    0.0000 2733.9417    9.6283
    0.0000   -7.5000    0.0000 2767.7708    9.4036
    7.5000   -7.5000    0.0000 2750.2390    9.5270
   -7.5000    0.0000    0.0000 2841.9407    9.1248
    0.0000    0.0000    0.0000 2881.3838    8.9083
    7.5000    0.0000    0.0000 2858.9355    9.0221
   -7.5000    7.5000    0.0000 2923.6965    8.8084
    0.0000    7.5000    0.0000 2984.3501    8.6454
    7.5000    7.5000    0.0000 2945.6892    8.7386
   -7.5000   15.0000    0.0000 2975.8569    8.7375
    0.0000   15.0000    0.0000 3048.8459    8.5540
    7.5000   15.0000    0.0000 2995.6204    8.6763
   -7.5000   22.5000    0.0000 2951.0784    8.9563
    0.0000   22.5000    0.0000 3018.2603    8.8012
    7.5000   22.5000    0.0000 2971.1562    8.9120
   -7.5000   30.0000    0.0000 2864.6411    9.3352
    0.0000   30.0000    0.0000 2913.1018    9.1992
    7.5000   30.0000    0.0000 2885.0083    9.2923
   -7.5000   37.5000    0.0000 2756.4038    9.9045
    0.0000   37.5000    0.0000 2790.8135    9.7438
    7.5000   37.5000    0.0000 2773.3281    9.8447
   -7.5000   45.0000    0.0000 2626.4031   10.7631
    0.0000   45.0000    0.0000 2653.8359   10.5838
    7.5000   45.0000    0.0000 2639.8916   10.6677
   -7.5000  -45.0000    7.5000 2076.0977   16.9508
    0.0000  -45.0000    7.5000 2104.1597   16.6130
    7.5000  -45.0000    7.5000 2095.2061   16.7786
   -7.5000  -37.5000    7.5000 2228.3235   14.6797
    0.0000  -37.5000    7.5000 2258.6218   14.3243
    7.5000  -37.5000    7.5000 2244.4060   14.5014
   -7.5000  -30.0000    7.5000 2356.0593   12.9319
    0.0000  -30.0000    7.5000 2386.6724   12.5891
    7.5000  -30.0000    7.5000 2377.9141   12.7753
   -7.5000  -22.5000    7.5000 2479.0518   11.6207
    0.0000  -22.5000    7.5000 2509.2595   11.2926
    7.5000  -22.5000    7.5000 2499.7488   11.4541
   -7.5000  -15.0000    7.5000 2590.3057   10.6003
    0.0000  -15.0000    7.5000 2624.7256   10.3098
    7.5000  -15.0000    7.5000 2611.9614   10.4516
   -7.5000   -7.5000    7.5000 2706.8669    9.8372
    0.0000   -7.5000    7.5000 2742.3875    9.5737
    7.5000   -7.5000    7.5000 2726.7556    9.6933
   -7.5000    0.0000    7.5000 2815.7156    9.3151
    0.0000    0.0000    7.5000 2856.2690    9.0998
    7.5000    0.0000    7.5000 2836.0911    9.1866
   -7.5000    7.5000    7.5000 2904.4150    8.9652
    0.0000    7.5000    7.5000 2956.9792    8.7781
    7.5000    7.5000    7.5000 2921.8174    8.8699
   -7.5000   15.0000    7.5000 2949.5149    8.9182
    0.0000   15.0000    7.5000 3004.2537    8.7474
    7.5000   15.0000    7.5000 2967.3462    8.8407
   -7.5000   22.5000    7.5000 2917.0337    9.1462
    0.0000   22.5000    7.5000 2973.8345    9.0169
    7.5000   22.5000    7.5000 2937.2427    9.0805
   -7.5000   30.0000    7.5000 2842.3101    9.5032
    0.0000   30.0000    7.5000 2890.1587    9.3894
    7.5000   30.0000    7.5000 2859.9048    9.4456
   -7.5000   37.5000    7.5000 2730.6802   10.0557
    0.0000   37.5000    7.5000 2767.1506    9.9129
    7.5000   37.5000    7.5000 2746.5210    9.9882
   -7.5000   45.0000    7.5000 2602.5059   10.8529
    0.0000   45.0000    7.5000 2631.7583   10.6851
    7.5000   45.0000    7.5000 2618.8208   10.7635
   -7.5000  -45.0000   15.0000 2034.8429   17.4944
    0.0000  -45.0000   15.0000 2057.7244   17.0776
    7.5000  -45.0000   15.0000 2051.4036   17.2452
   -7.5000  -37.5000   15.0000 2190.2390   15.1354
    0.0000  -37.5000   15.0000 2217.9141   14.7374
    7.5000  -37.5000   15.0000 2205.3838   14.8945
   -7.5000  -30.0000   15.0000 2322.6709   13.3210
    0.0000  -30.0000   15.0000 2352.9558   12.9991
    7.5000  -30.0000   15.0000 2341.5764   13.1598
   -7.5000  -22.5000   15.0000 2443.3154   11.9928
    0.0000  -22.5000   15.0000 2478.9915   11.7054
    7.5000  -22.5000   15.0000 2462.1677   11.8488
   -7.5000  -15.0000   15.0000 2550.8845   10.9805
    0.0000  -15.0000   15.0000 2587.2004   10.7001
    7.5000  -15.0000   15.0000 2571.0632   10.8358
   -7.5000   -7.5000   15.0000 2669.1182   10.2032
    0.0000   -7.5000   15.0000 2703.7639    9.9430
    7.5000   -7.5000   15.0000 2689.6465   10.0678
   -7.5000    0.0000   15.0000 2772.3486    9.6475
    0.0000    0.0000   15.0000 2811.0874    9.4024
    7.5000    0.0000   15.0000 2794.4739    9.5126
   -7.5000    7.5000   15.0000 2849.9092    9.2957
    0.0000    7.5000   15.0000 2898.1072    9.0454
    7.5000    7.5000   15.0000 2872.9146    9.1770
   -7.5000   15.0000   15.0000 2883.7729    9.2543
    0.0000   15.0000   15.0000 2927.5627    9.0503
    7.5000   15.0000   15.0000 2905.2346    9.1465
   -7.5000   22.5000   15.0000 2852.1116    9.4604
    0.0000   22.5000   15.0000 2894.3979    9.2804
    7.5000   22.5000   15.0000 2870.8687    9.3791
   -7.5000   30.0000   15.0000 2783.8389    9.8512
    0.0000   30.0000   15.0000 2824.8032    9.6757
    7.5000   30.0000   15.0000 2801.2581    9.7736
   -7.5000   37.5000   15.0000 2677.4736   10.4253
    0.0000   37.5000   15.0000 2710.2390   10.2783
    7.5000   37.5000   15.0000 2693.4160   10.3553
   -7.5000   45.0000   15.0000 2558.4199   11.1928
    0.0000   45.0000   15.0000 2585.6472   11.0401
    7.5000   45.0000   15.0000 2570.2646   11.1056
   -7.5000  -45.0000   22.5000 1988.6379   18.2772
    0.0000  -45.0000   22.5000 2011.2726   17.8753
    7.5000  -45.0000   22.5000 2003.7321   18.0506
   -7.5000  -37.5000   22.5000 2145.7517   15.8047
    0.0000  -37.5000   22.5000 2172.7485   15.4763
    7.5000  -37.5000   22.5000 2160.2983   15.6318
   -7.5000  -30.0000   22.5000 2281.3335   13.9479
    0.0000  -30.0000   22.5000 2306.6458   13.6528
    7.5000  -30.0000   22.5000 2297.2090   13.8183
   -7.5000  -22.5000   22.5000 2398.4424   12.5768
    0.0000  -22.5000   22.5000 2432.5579   12.2812
    7.5000  -22.5000   22.5000 2419.3118   12.4356
   -7.5000  -15.0000   22.5000 2504.8115   11.5347
    0.0000  -15.0000   22.5000 2541.1001   11.2371
    7.5000  -15.0000   22.5000 2526.8232   11.3698
   -7.5000   -7.5000   22.5000 2618.9958   10.7056
    0.0000   -7.5000   22.5000 2658.4321   10.4343
    7.5000   -7.5000   22.5000 2644.2561   10.5591
   -7.5000    0.0000   22.5000 2715.6609   10.1249
    0.0000    0.0000   22.5000 2757.0176    9.8531
    7.5000    0.0000   22.5000 2740.8918    9.9749
   -7.5000    7.5000   22.5000 2780.3252    9.7820
    0.0000    7.5000   22.5000 2823.2395    9.5342
    7.5000    7.5000   22.5000 2803.3481    9.6451
   -7.5000   15.0000   22.5000 2804.6821    9.7346
    0.0000   15.0000   22.5000 2841.2039    9.5212
    7.5000   15.0000   22.5000 2822.4094    9.6097
   -7.5000   22.5000   22.5000 2766.6465    9.9130
    0.0000   22.5000   22.5000 2803.3040    9.7205
    7.5000   22.5000   22.5000 2785.1326    9.8095
   -7.5000   30.0000   22.5000 2701.9131   10.3006
    0.0000   30.0000   22.5000 2739.0935   10.1160
    7.5000   30.0000   22.5000 2723.0974   10.1950
   -7.5000   37.5000   22.5000 2604.5261   10.8978
    0.0000   37.5000   22.5000 2639.9941   10.7072
    7.5000   37.5000   22.5000 2623.8948   10.8032
   -7.5000   45.0000   22.5000 2495.8225   11.6725
    0.0000   45.0000   22.5000 2520.9158   11.5045
    7.5000   45.0000   22.5000 2507.9214   11.5813
   -7.5000  -45.0000   30.0000 1937.2059   19.2078
    0.0000  -45.0000   30.0000 1959.8137   18.9067
    7.5000  -45.0000   30.0000 1953.6663   19.0719
   -7.5000  -37.5000   30.0000 2093.7815   16.6072
    0.0000  -37.5000   30.0000 2120.0581   16.3120
    7.5000  -37.5000   30.0000 2110.8589   16.4523
   -7.5000  -30.0000   30.0000 2229.0972   14.6791
    0.0000  -30.0000   30.0000 2258.8635   14.3921
    7.5000  -30.0000   30.0000 2247.3423   14.5127
   -7.5000  -22.5000   30.0000 2343.5747   13.2672
    0.0000  -22.5000   30.0000 2382.8914   12.9865
    7.5000  -22.5000   30.0000 2366.5647   13.1113
   -7.5000  -15.0000   30.0000 2449.5112   12.1943
    0.0000  -15.0000   30.0000 2488.3931   11.9285
    7.5000  -15.0000   30.0000 2473.0918   12.0419
   -7.5000   -7.5000   30.0000 2558.6904   11.3496
    0.0000   -7.5000   30.0000 2596.8679   11.0878
    7.5000   -7.5000   30.0000 2581.5471   11.1965
   -7.5000    0.0000   30.0000 2641.3835   10.7487
    0.0000    0.0000   30.0000 2681.7373   10.4972
    7.5000    0.0000   30.0000 2665.3489   10.6078
   -7.5000    7.5000   30.0000 2696.8464   10.3967
    0.0000    7.5000   30.0000 2731.6482   10.1912
    7.5000    7.5000   30.0000 2716.5020   10.2855
   -7.5000   15.0000   30.0000 2704.7744   10.3661
    0.0000   15.0000   30.0000 2736.0342   10.1719
    7.5000   15.0000   30.0000 2720.4143   10.2392
   -7.5000   22.5000   30.0000 2672.9836   10.5078
    0.0000   22.5000   30.0000 2702.9614   10.3342
    7.5000   22.5000   30.0000 2688.2332   10.3982
   -7.5000   30.0000   30.0000 2613.3123   10.9017
    0.0000   30.0000   30.0000 2641.4482   10.7198
    7.5000   30.0000   30.0000 2629.6282   10.7825
   -7.5000   37.5000   30.0000 2526.2493   11.4971
    0.0000   37.5000   30.0000 2554.5132   11.3029
    7.5000   37.5000   30.0000 2543.8462   11.3838
   -7.5000   45.0000   30.0000 2424.2017   12.2549
    0.0000   45.0000   30.0000 2446.6436   12.0829
    7.5000   45.0000   30.0000 2434.9626   12.1571
   -7.5000  -45.0000   37.5000 1876.7604   20.4392
    0.0000  -45.0000   37.5000 1900.0109   20.1642
    7.5000  -45.0000   37.5000 1896.4662   20.3084
   -7.5000  -37.5000   37.5000 2035.6664   17.6203
    0.0000  -37.5000   37.5000 2063.3997   17.3423
    7.5000  -37.5000   37.5000 2054.3201   17.4820
   -7.5000  -30.0000   37.5000 2167.5806   15.6098
    0.0000  -30.0000   37.5000 2199.1235   15.3550
    7.5000  -30.0000   37.5000 2185.6650   15.4402
   -7.5000  -22.5000   37.5000 2280.1960   14.1361
    0.0000  -22.5000   37.5000 2319.4993   13.9100
    7.5000  -22.5000   37.5000 2304.7683   13.9882
   -7.5000  -15.0000   37.5000 2386.3059   13.0158
    0.0000  -15.0000   37.5000 2427.0222   12.8007
    7.5000  -15.0000   37.5000 2411.5942   12.8767
   -7.5000   -7.5000   37.5000 2488.8984   12.1647
    0.0000   -7.5000   37.5000 2523.3660   11.9140
    7.5000   -7.5000   37.5000 2509.0879   12.0132
   -7.5000    0.0000   37.5000 2559.1223   11.5426
    0.0000    0.0000   37.5000 2590.8076   11.3183
    7.5000    0.0000   37.5000 2577.7461   11.4141
   -7.5000    7.5000   37.5000 2601.9133   11.1919
    0.0000    7.5000   37.5000 2627.2783   11.0046
    7.5000    7.5000   37.5000 2617.6089   11.0883
   -7.5000   15.0000   37.5000 2598.6885   11.1438
    0.0000   15.0000   37.5000 2626.5491   10.9827
    7.5000   15.0000   37.5000 2614.1897   11.0404
   -7.5000   22.5000   37.5000 2571.5320   11.2426
    0.0000   22.5000   37.5000 2597.1333   11.1022
    7.5000   22.5000   37.5000 2585.5251   11.1762
   -7.5000   30.0000   37.5000 2509.9746   11.6746
    0.0000   30.0000   37.5000 2536.4487   11.5167
    7.5000   30.0000   37.5000 2525.4353   11.5839
   -7.5000   37.5000   37.5000 2437.2542   12.2293
    0.0000   37.5000   37.5000 2466.7292   12.0808
    7.5000   37.5000   37.5000 2455.5110   12.1303
   -7.5000   45.0000   37.5000 2343.0461   13.0042
    0.0000   45.0000   37.5000 2366.2271   12.8601
    7.5000   45.0000   37.5000 2355.9912   12.9008
   -7.5000  -45.0000   45.0000 1809.7483   22.0757
    0.0000  -45.0000   45.0000 1826.1787   21.7436
    7.5000  -45.0000   45.0000 1826.9449   21.7964
   -7.5000  -37.5000   45.0000 1967.9611   19.0203
    0.0000  -37.5000   45.0000 1990.7654   18.7546
    7.5000  -37.5000   45.0000 1984.2844   18.8150
   -7.5000  -30.0000   45.0000 2091.8450   16.8315
    0.0000  -30.0000   45.0000 2122.8188   16.6026
    7.5000  -30.0000   45.0000 2113.5979   16.6862
   -7.5000  -22.5000   45.0000 2203.1150   15.2631
    0.0000  -22.5000   45.0000 2239.4751   15.0511
    7.5000  -22.5000   45.0000 2226.6887   15.1173
   -7.5000  -15.0000   45.0000 2306.0674   14.0456
    0.0000  -15.0000   45.0000 2346.9756   13.8379
    7.5000  -15.0000   45.0000 2335.0825   13.9265
   -7.5000   -7.5000   45.0000 2401.0159   13.1652
    0.0000   -7.5000   45.0000 2438.9712   12.9304
    7.5000   -7.5000   45.0000 2426.0154   13.0193
   -7.5000    0.0000   45.0000 2463.5010   12.5232
    0.0000    0.0000   45.0000 2491.9219   12.3132
    7.5000    0.0000   45.0000 2478.1372   12.3957
   -7.5000    7.5000   45.0000 2499.0227   12.1887
    0.0000    7.5000   45.0000 2518.2083   11.9945
    7.5000    7.5000   45.0000 2508.9641   12.0759
   -7.5000   15.0000   45.0000 2491.0950   12.0725
    0.0000   15.0000   45.0000 2514.2083   11.9319
    7.5000   15.0000   45.0000 2503.0525   11.9824
   -7.5000   22.5000   45.0000 2468.5156   12.1610
    0.0000   22.5000   45.0000 2490.2056   12.0447
    7.5000   22.5000   45.0000 2479.9727   12.0997
   -7.5000   30.0000   45.0000 2412.5200   12.6091
    0.0000   30.0000   45.0000 2438.3328   12.4605
    7.5000   30.0000   45.0000 2426.3948   12.5308
   -7.5000   37.5000   45.0000 2344.3972   13.1609
    0.0000   37.5000   45.0000 2369.1660   13.0318
    7.5000   37.5000   45.0000 2359.6343   13.0780
   -7.5000   45.0000   45.0000 2252.3564   13.9493
    0.0000   45.0000   45.0000 2275.1929   13.7829
    7.5000   45.0000   45.0000 2264.7126   13.8172

---------------------------------------------------------------------
imgreg_4dfp /opt/freesurfer/average/711-2C_as_mni_average_305 /opt/freesurfer/average/711-2B_as_mni_average_305_mask talsrcimg_g11 none talsrcimg_to_711-2C_as_mni_average_305_t4 1283
---------------------------------------------------------------------

freesurfer imgreg_4dfp.c
/opt/freesurfer/average/711-2C_as_mni_average_305.4dfp.img
       256       256       256         1
  1.000000  1.000000  1.000000
orientation T byte_order littleendian
Reading image: /opt/freesurfer/average/711-2C_as_mni_average_305.4dfp.img
dimensions:      256       256       256
mmppix:       1.0000   -1.0000   -1.0000
center:     128.0000 -129.0000 -129.0000
/opt/freesurfer/average/711-2B_as_mni_average_305_mask.4dfp.img
       256       256       256         1
  1.000000  1.000000  1.000000
orientation T byte_order littleendian
Reading mask: /opt/freesurfer/average/711-2B_as_mni_average_305_mask.4dfp.img (2306576 pixels)
talsrcimg_g11.4dfp.img
       256       256       256         1
  1.000000  1.000000  1.000000
orientation T byte_order littleendian
Reading image: talsrcimg_g11.4dfp.img
dimensions:      256       256       256
mmppix:       1.0000   -1.0000   -1.0000
center:     128.0000 -129.0000 -129.0000
rotation matrix determinant  1.000000
fimgreg.f
image alignment mode   1283 decimal      503 hex
parameters
    0.0000   15.0000    0.0000    0.0000    0.0000    0.0000
eta,q 0.95613  8.55441
niter,ni,del,rscale     5    3   12.0000    1.2000
parameter  4  0.627891 ->  0.500000 qaram    1.1500
parameters
    0.6836   15.6239   -0.7331   -3.4500   -0.0377   -0.7261
eta,q 0.95945  8.43854
  0.0634  0.0538  0.0503  0.0424  0.0493  0.0446
  0.0550  0.0483  0.0473  0.0406  0.0451  0.0425
  0.0485  0.0450  0.0441  0.0412  0.0421  0.0410
  0.0438  0.0431  0.0427  0.0427  0.0406  0.0406
  0.0441  0.0432  0.0448  0.0449  0.0415  0.0419
  0.0496  0.0457  0.0503  0.0472  0.0450  0.0440
  0.0571  0.0503  0.0554  0.0494  0.0499  0.0472
niter,ni,del,rscale     5    3   12.0000    1.2000
parameters
    0.6762   17.0754   -1.3396   -4.2273   -0.1243   -0.8769
eta,q 0.95970  8.42047
  0.0585  0.0572  0.0477  0.0463  0.0485  0.0456
  0.0504  0.0502  0.0450  0.0419  0.0444  0.0430
  0.0438  0.0436  0.0419  0.0399  0.0416  0.0411
  0.0405  0.0405  0.0405  0.0406  0.0403  0.0403
  0.0434  0.0408  0.0421  0.0424  0.0411  0.0410
  0.0505  0.0427  0.0466  0.0450  0.0445  0.0432
  0.0586  0.0465  0.0525  0.0482  0.0494  0.0464
niter,ni,del,rscale     4    3   12.0000    1.2000
parameters
    0.6866   17.6523   -1.5369   -5.0254   -0.0961   -1.0615
eta,q 0.95978  8.42302
  0.0587  0.0538  0.0482  0.0461  0.0486  0.0452
  0.0499  0.0464  0.0457  0.0416  0.0446  0.0427
  0.0431  0.0412  0.0423  0.0395  0.0417  0.0408
  0.0403  0.0403  0.0406  0.0407  0.0402  0.0402
  0.0432  0.0415  0.0414  0.0422  0.0409  0.0408
  0.0501  0.0444  0.0449  0.0447  0.0441  0.0428
  0.0584  0.0484  0.0508  0.0480  0.0490  0.0461
niter,ni,del,rscale     3    3   12.0000    1.2000
parameters
    0.6878   18.1359   -1.6972   -5.6498   -0.0509   -1.2157
eta,q 0.95993  8.43195
  0.0588  0.0532  0.0482  0.0465  0.0485  0.0450
  0.0497  0.0460  0.0456  0.0418  0.0444  0.0425
  0.0428  0.0407  0.0420  0.0391  0.0414  0.0407
  0.0402  0.0402  0.0405  0.0405  0.0401  0.0401
  0.0432  0.0414  0.0414  0.0421  0.0407  0.0406
  0.0501  0.0445  0.0446  0.0445  0.0438  0.0426
  0.0583  0.0486  0.0505  0.0476  0.0487  0.0458
niter,ni,del,rscale     2    3   12.0000    1.2000
parameters
    0.6859   18.4957   -1.8345   -6.1072   -0.0275   -1.3157
eta,q 0.96013  8.43986
  0.0586  0.0527  0.0482  0.0469  0.0483  0.0450
  0.0494  0.0457  0.0454  0.0424  0.0441  0.0424
  0.0424  0.0406  0.0417  0.0389  0.0411  0.0405
  0.0401  0.0401  0.0402  0.0402  0.0399  0.0399
  0.0431  0.0413  0.0412  0.0420  0.0406  0.0403
  0.0500  0.0446  0.0445  0.0444  0.0437  0.0424
  0.0581  0.0491  0.0503  0.0475  0.0485  0.0456
niter,ni,del,rscale     1    3   12.0000    1.2000
parameters
    0.6861   18.7506   -1.9382   -6.4559   -0.0200   -1.3675
eta,q 0.96030  8.44835
  0.0584  0.0523  0.0482  0.0471  0.0481  0.0449
  0.0491  0.0455  0.0452  0.0428  0.0438  0.0424
  0.0421  0.0404  0.0414  0.0390  0.0409  0.0404
  0.0399  0.0399  0.0400  0.0400  0.0397  0.0397
  0.0430  0.0413  0.0410  0.0419  0.0405  0.0401
  0.0497  0.0448  0.0442  0.0444  0.0435  0.0423
  0.0577  0.0495  0.0500  0.0475  0.0483  0.0454
registration optimization eta report
parameter search radius
    6.0000    6.0000    6.0000    6.9000    6.0000    6.0000
100000*second partial in parameter space
       49.       31.       25.       16.       24.       15.
  0.0584  0.0523  0.0482  0.0471  0.0481  0.0449
  0.0491  0.0455  0.0452  0.0428  0.0438  0.0424
  0.0421  0.0404  0.0414  0.0390  0.0409  0.0404
  0.0399  0.0399  0.0400  0.0400  0.0397  0.0397
  0.0430  0.0413  0.0410  0.0419  0.0405  0.0401
  0.0497  0.0448  0.0442  0.0444  0.0435  0.0423
  0.0577  0.0495  0.0500  0.0475  0.0483  0.0454
    0.6861   18.7506   -1.9382   -6.4559   -0.0200   -1.3675
eta,q 0.96030  8.44835

---------------------------------------------------------------------
imgreg_4dfp /opt/freesurfer/average/711-2C_as_mni_average_305 /opt/freesurfer/average/711-2B_as_mni_average_305_mask talsrcimg_g11 none talsrcimg_to_711-2C_as_mni_average_305_t4 3335
---------------------------------------------------------------------

freesurfer imgreg_4dfp.c
/opt/freesurfer/average/711-2C_as_mni_average_305.4dfp.img
       256       256       256         1
  1.000000  1.000000  1.000000
orientation T byte_order littleendian
Reading image: /opt/freesurfer/average/711-2C_as_mni_average_305.4dfp.img
dimensions:      256       256       256
mmppix:       1.0000   -1.0000   -1.0000
center:     128.0000 -129.0000 -129.0000
/opt/freesurfer/average/711-2B_as_mni_average_305_mask.4dfp.img
       256       256       256         1
  1.000000  1.000000  1.000000
orientation T byte_order littleendian
Reading mask: /opt/freesurfer/average/711-2B_as_mni_average_305_mask.4dfp.img (2306576 pixels)
talsrcimg_g11.4dfp.img
       256       256       256         1
  1.000000  1.000000  1.000000
orientation T byte_order littleendian
Reading image: talsrcimg_g11.4dfp.img
dimensions:      256       256       256
mmppix:       1.0000   -1.0000   -1.0000
center:     128.0000 -129.0000 -129.0000
fimgreg.f
image alignment mode   3335 decimal      D07 hex
parameters
    0.6861   18.7506   -1.9382   -0.0285   -0.6623   -0.6341
    2.3675    0.3031   -2.3865   11.2398   -0.0349  -11.2439
eta,q 0.95955  8.55844
niter,ni,del,rscale     5    3    5.0000    1.2000
parameter  4  0.923870 ->  0.500000 qaram    1.1500
parameter  5  2.864641 ->  0.500000 qaram    1.1500
parameter  6  0.788576 ->  0.500000 qaram    1.1500
parameters
    0.6901   19.3248   -2.5743   -4.1685   -4.8023   -4.7741
    0.9646    1.4585   -1.1529    9.9309   -1.7134  -11.2353
eta,q 0.97126  8.17404
  0.0433  0.0420  0.0411  0.0367  0.0296  0.0295  0.0306  0.0340  0.0318  0.0310  0.0294  0.0298
  0.0418  0.0412  0.0405  0.0370  0.0315  0.0292  0.0297  0.0318  0.0306  0.0297  0.0289  0.0292
  0.0408  0.0407  0.0403  0.0381  0.0339  0.0298  0.0292  0.0300  0.0296  0.0289  0.0288  0.0288
  0.0405  0.0405  0.0404  0.0403  0.0372  0.0321  0.0292  0.0291  0.0290  0.0289  0.0288  0.0287
  0.0408  0.0404  0.0408  0.0436  0.0405  0.0357  0.0298  0.0291  0.0289  0.0298  0.0291  0.0289
  0.0417  0.0405  0.0416  0.0479  0.0438  0.0401  0.0308  0.0299  0.0295  0.0314  0.0296  0.0292
  0.0434  0.0410  0.0426  0.0527  0.0479  0.0447  0.0321  0.0318  0.0305  0.0331  0.0305  0.0297
niter,ni,del,rscale     7    3    5.0000    1.2000
parameter  3  0.523915 ->  0.500000 qaram    1.1500
parameter  5  1.015071 ->  0.500000 qaram    1.3225
parameter 11  0.802922 ->  0.500000 qaram    1.1500
parameters
    1.0933   19.5188   -3.9543   -7.1459   -9.5633   -7.7894
    0.5720    2.0641   -1.1446   11.5047   -5.8534  -12.0497
eta,q 0.97454  7.84392
  0.0322  0.0314  0.0287  0.0288  0.0249  0.0264  0.0275  0.0286  0.0276  0.0294  0.0255  0.0262
  0.0306  0.0300  0.0281  0.0283  0.0250  0.0261  0.0265  0.0271  0.0266  0.0278  0.0255  0.0257
  0.0294  0.0290  0.0282  0.0281  0.0263  0.0257  0.0260  0.0261  0.0260  0.0265  0.0255  0.0255
  0.0287  0.0286  0.0286  0.0281  0.0281  0.0253  0.0258  0.0258  0.0258  0.0258  0.0256  0.0255
  0.0287  0.0288  0.0295  0.0289  0.0307  0.0269  0.0261  0.0259  0.0260  0.0257  0.0258  0.0256
  0.0293  0.0295  0.0306  0.0312  0.0343  0.0303  0.0268  0.0265  0.0266  0.0262  0.0260  0.0260
  0.0305  0.0306  0.0320  0.0351  0.0379  0.0351  0.0279  0.0278  0.0276  0.0273  0.0263  0.0265
niter,ni,del,rscale     7    3    5.0000    1.2000
parameters
    1.4171   19.8283   -4.1378   -7.4745  -13.2123   -9.1426
    0.4728    2.0719   -0.0651   12.6161   -7.3457  -11.7416
eta,q 0.97523  7.67177
  0.0282  0.0282  0.0266  0.0267  0.0263  0.0263  0.0268  0.0277  0.0270  0.0275  0.0252  0.0256
  0.0268  0.0268  0.0258  0.0258  0.0253  0.0255  0.0258  0.0261  0.0261  0.0263  0.0249  0.0252
  0.0259  0.0259  0.0254  0.0254  0.0247  0.0251  0.0252  0.0252  0.0254  0.0255  0.0248  0.0249
  0.0255  0.0254  0.0253  0.0253  0.0253  0.0247  0.0250  0.0250  0.0250  0.0249  0.0248  0.0248
  0.0255  0.0254  0.0256  0.0253  0.0271  0.0245  0.0252  0.0253  0.0250  0.0248  0.0249  0.0248
  0.0260  0.0260  0.0261  0.0257  0.0294  0.0262  0.0259  0.0262  0.0254  0.0254  0.0252  0.0251
  0.0271  0.0271  0.0270  0.0273  0.0333  0.0295  0.0270  0.0276  0.0261  0.0264  0.0255  0.0255
niter,ni,del,rscale     6    3    5.0000    1.2000
parameters
    1.3351   20.1509   -4.2271   -7.2344  -14.5402   -9.6979
    0.2593    2.0346    0.7272   13.3557   -8.0386  -11.5365
eta,q 0.97513  7.62088
  0.0268  0.0277  0.0259  0.0263  0.0271  0.0267  0.0267  0.0277  0.0266  0.0270  0.0254  0.0256
  0.0256  0.0262  0.0252  0.0252  0.0261  0.0258  0.0258  0.0262  0.0258  0.0260  0.0250  0.0253
  0.0249  0.0252  0.0248  0.0248  0.0253  0.0253  0.0252  0.0252  0.0253  0.0254  0.0249  0.0250
  0.0248  0.0248  0.0247  0.0247  0.0247  0.0249  0.0250  0.0250  0.0250  0.0250  0.0249  0.0249
  0.0251  0.0249  0.0249  0.0247  0.0254  0.0245  0.0252  0.0254  0.0250  0.0249  0.0250  0.0249
  0.0259  0.0255  0.0253  0.0249  0.0271  0.0255  0.0259  0.0263  0.0254  0.0254  0.0252  0.0251
  0.0271  0.0264  0.0261  0.0262  0.0293  0.0283  0.0270  0.0277  0.0261  0.0265  0.0255  0.0256
niter,ni,del,rscale     5    3    5.0000    1.2000
parameters
    1.3114   20.4203   -4.3903   -7.3826  -15.1057  -10.1223
    0.0918    2.0439    1.0349   13.8879   -8.0355  -11.5665
eta,q 0.97505  7.58372
  0.0270  0.0274  0.0259  0.0262  0.0273  0.0268  0.0267  0.0278  0.0264  0.0269  0.0256  0.0257
  0.0258  0.0261  0.0253  0.0253  0.0263  0.0258  0.0258  0.0262  0.0257  0.0259  0.0252  0.0253
  0.0251  0.0252  0.0249  0.0248  0.0255  0.0253  0.0252  0.0253  0.0252  0.0253  0.0250  0.0250
  0.0249  0.0249  0.0249  0.0249  0.0249  0.0249  0.0250  0.0250  0.0250  0.0250  0.0249  0.0249
  0.0251  0.0250  0.0250  0.0248  0.0250  0.0246  0.0252  0.0253  0.0251  0.0250  0.0250  0.0250
  0.0259  0.0255  0.0255  0.0252  0.0265  0.0254  0.0259  0.0263  0.0255  0.0255  0.0252  0.0253
  0.0271  0.0264  0.0262  0.0265  0.0285  0.0281  0.0269  0.0277  0.0263  0.0265  0.0255  0.0257
niter,ni,del,rscale     4    3    5.0000    1.2000
parameters
    1.2971   20.6034   -4.5499   -7.4242  -15.4634  -10.4085
    0.0146    2.0529    0.9993   14.3716   -7.5741  -11.5439
eta,q 0.97500  7.56151
  0.0271  0.0272  0.0260  0.0263  0.0274  0.0268  0.0267  0.0277  0.0263  0.0268  0.0257  0.0257
  0.0259  0.0260  0.0254  0.0253  0.0263  0.0258  0.0259  0.0262  0.0256  0.0259  0.0253  0.0254
  0.0252  0.0252  0.0250  0.0249  0.0256  0.0253  0.0253  0.0253  0.0252  0.0254  0.0251  0.0251
  0.0249  0.0249  0.0249  0.0249  0.0249  0.0250  0.0250  0.0250  0.0250  0.0250  0.0250  0.0250
  0.0252  0.0251  0.0251  0.0250  0.0250  0.0247  0.0252  0.0254  0.0251  0.0250  0.0250  0.0251
  0.0259  0.0256  0.0256  0.0252  0.0263  0.0254  0.0259  0.0263  0.0256  0.0255  0.0252  0.0253
  0.0271  0.0265  0.0263  0.0264  0.0283  0.0279  0.0269  0.0276  0.0264  0.0265  0.0255  0.0258
niter,ni,del,rscale     3    3    5.0000    1.2000
parameters
    1.2872   20.7478   -4.6798   -7.5001  -15.8175  -10.6977
   -0.0202    2.0706    0.7105   14.8828   -6.6696  -11.3608
eta,q 0.97499  7.53616
  0.0271  0.0271  0.0260  0.0263  0.0274  0.0268  0.0268  0.0277  0.0262  0.0268  0.0257  0.0259
  0.0259  0.0259  0.0254  0.0253  0.0263  0.0258  0.0259  0.0262  0.0256  0.0259  0.0254  0.0254
  0.0252  0.0252  0.0251  0.0249  0.0256  0.0253  0.0253  0.0253  0.0252  0.0254  0.0251  0.0251
  0.0250  0.0250  0.0250  0.0250  0.0250  0.0250  0.0251  0.0251  0.0251  0.0251  0.0250  0.0250
  0.0253  0.0252  0.0252  0.0250  0.0250  0.0248  0.0252  0.0254  0.0252  0.0250  0.0250  0.0251
  0.0259  0.0257  0.0256  0.0253  0.0263  0.0254  0.0259  0.0263  0.0257  0.0255  0.0252  0.0254
  0.0271  0.0266  0.0263  0.0264  0.0282  0.0278  0.0269  0.0276  0.0265  0.0265  0.0255  0.0258
niter,ni,del,rscale     2    3    5.0000    1.2000
parameters
    1.2751   20.9033   -4.8280   -7.6285  -16.2776  -11.1573
   -0.0147    2.1005    0.1358   15.5317   -5.3503  -11.0836
eta,q 0.97502  7.49816
  0.0271  0.0270  0.0261  0.0262  0.0273  0.0267  0.0267  0.0276  0.0262  0.0268  0.0258  0.0259
  0.0259  0.0259  0.0255  0.0253  0.0262  0.0257  0.0259  0.0262  0.0255  0.0259  0.0254  0.0255
  0.0252  0.0253  0.0251  0.0249  0.0255  0.0252  0.0253  0.0254  0.0252  0.0254  0.0252  0.0251
  0.0250  0.0250  0.0250  0.0250  0.0250  0.0251  0.0251  0.0251  0.0251  0.0251  0.0250  0.0250
  0.0253  0.0252  0.0252  0.0251  0.0251  0.0249  0.0252  0.0253  0.0253  0.0250  0.0250  0.0251
  0.0259  0.0257  0.0256  0.0253  0.0263  0.0254  0.0258  0.0262  0.0258  0.0254  0.0252  0.0253
  0.0271  0.0265  0.0263  0.0263  0.0282  0.0278  0.0268  0.0276  0.0266  0.0264  0.0255  0.0258
niter,ni,del,rscale     1    3    5.0000    1.2000
parameters
    1.2686   21.1362   -5.0864   -7.8197  -16.8932  -11.9260
    0.0564    2.1364   -0.6126   16.2949   -4.0721  -11.0347
eta,q 0.97513  7.44333
  0.0270  0.0271  0.0260  0.0262  0.0271  0.0265  0.0266  0.0275  0.0261  0.0268  0.0259  0.0258
  0.0259  0.0260  0.0254  0.0251  0.0260  0.0255  0.0258  0.0262  0.0254  0.0258  0.0255  0.0253
  0.0252  0.0253  0.0250  0.0247  0.0253  0.0250  0.0252  0.0253  0.0250  0.0253  0.0251  0.0250
  0.0250  0.0250  0.0250  0.0250  0.0249  0.0250  0.0250  0.0250  0.0250  0.0249  0.0249  0.0249
  0.0252  0.0251  0.0252  0.0251  0.0251  0.0250  0.0251  0.0252  0.0252  0.0249  0.0249  0.0250
  0.0259  0.0256  0.0257  0.0253  0.0262  0.0256  0.0257  0.0261  0.0258  0.0253  0.0251  0.0253
  0.0270  0.0264  0.0264  0.0261  0.0282  0.0277  0.0266  0.0275  0.0266  0.0262  0.0255  0.0258
registration optimization eta report
parameter search radius
    2.4000    2.4000    2.7600    8.2800    9.5220    8.2800
    7.2000    7.2000    7.2000    7.2000    8.2800    7.2000
100000*second partial in parameter space
       35.       30.       16.        2.        3.        3.
        3.        5.        3.        3.        1.        2.
  0.0270  0.0271  0.0260  0.0262  0.0271  0.0265  0.0266  0.0275  0.0261  0.0268  0.0259  0.0258
  0.0259  0.0260  0.0254  0.0251  0.0260  0.0255  0.0258  0.0262  0.0254  0.0258  0.0255  0.0253
  0.0252  0.0253  0.0250  0.0247  0.0253  0.0250  0.0252  0.0253  0.0250  0.0253  0.0251  0.0250
  0.0250  0.0250  0.0250  0.0250  0.0249  0.0250  0.0250  0.0250  0.0250  0.0249  0.0249  0.0249
  0.0252  0.0251  0.0252  0.0251  0.0251  0.0250  0.0251  0.0252  0.0252  0.0249  0.0249  0.0250
  0.0259  0.0256  0.0257  0.0253  0.0262  0.0256  0.0257  0.0261  0.0258  0.0253  0.0251  0.0253
  0.0270  0.0264  0.0264  0.0261  0.0282  0.0277  0.0266  0.0275  0.0266  0.0262  0.0255  0.0258
    1.2686   21.1362   -5.0864   -7.8197  -16.8932  -11.9260
    0.0564    2.1364   -0.6126   16.2949   -4.0721  -11.0347
eta,q 0.97513  7.44333

---------------------------------------------------------------------
imgreg_4dfp /opt/freesurfer/average/711-2C_as_mni_average_305 /opt/freesurfer/average/711-2B_as_mni_average_305_mask talsrcimg_g11 none talsrcimg_to_711-2C_as_mni_average_305_t4 2311
---------------------------------------------------------------------

freesurfer imgreg_4dfp.c
/opt/freesurfer/average/711-2C_as_mni_average_305.4dfp.img
       256       256       256         1
  1.000000  1.000000  1.000000
orientation T byte_order littleendian
Reading image: /opt/freesurfer/average/711-2C_as_mni_average_305.4dfp.img
dimensions:      256       256       256
mmppix:       1.0000   -1.0000   -1.0000
center:     128.0000 -129.0000 -129.0000
/opt/freesurfer/average/711-2B_as_mni_average_305_mask.4dfp.img
       256       256       256         1
  1.000000  1.000000  1.000000
orientation T byte_order littleendian
Reading mask: /opt/freesurfer/average/711-2B_as_mni_average_305_mask.4dfp.img (2306576 pixels)
talsrcimg_g11.4dfp.img
       256       256       256         1
  1.000000  1.000000  1.000000
orientation T byte_order littleendian
Reading image: talsrcimg_g11.4dfp.img
dimensions:      256       256       256
mmppix:       1.0000   -1.0000   -1.0000
center:     128.0000 -129.0000 -129.0000
fimgreg.f
image alignment mode   2311 decimal      907 hex
parameters
    1.2686   21.1362   -5.0864   -7.8197  -16.8932  -11.9260
    0.0564    2.1364   -0.6126   16.2949   -4.0721  -11.0347
eta,q 0.97512  7.44333
niter,ni,del,rscale     5    3    5.0000    0.8000
parameter  4  0.635705 ->  0.500000 qaram    1.1500
parameters
    1.2541   21.4464   -5.4450  -10.5797  -16.8611  -12.6145
    0.0662    2.2957   -1.3507   17.1545   -3.6464  -11.7724
eta,q 0.97553  7.31674
  0.0258  0.0260  0.0251  0.0248  0.0251  0.0250  0.0254  0.0261  0.0251  0.0254  0.0250  0.0248
  0.0253  0.0254  0.0249  0.0246  0.0249  0.0247  0.0250  0.0253  0.0247  0.0250  0.0247  0.0246
  0.0250  0.0251  0.0248  0.0246  0.0247  0.0245  0.0246  0.0247  0.0246  0.0247  0.0246  0.0245
  0.0249  0.0249  0.0248  0.0248  0.0246  0.0246  0.0245  0.0245  0.0245  0.0245  0.0245  0.0245
  0.0250  0.0249  0.0250  0.0250  0.0246  0.0247  0.0246  0.0247  0.0247  0.0245  0.0245  0.0246
  0.0253  0.0250  0.0252  0.0251  0.0248  0.0249  0.0250  0.0252  0.0250  0.0246  0.0246  0.0247
  0.0258  0.0254  0.0255  0.0252  0.0252  0.0252  0.0254  0.0259  0.0255  0.0250  0.0248  0.0250
niter,ni,del,rscale     5    3    5.0000    0.8000
parameters
    1.2768   21.7297   -5.8204   -9.5132  -17.3211  -13.2517
    0.1488    2.2619   -1.4626   17.6497   -3.4041  -12.0319
eta,q 0.97559  7.32561
  0.0257  0.0256  0.0247  0.0260  0.0249  0.0249  0.0253  0.0259  0.0251  0.0253  0.0249  0.0248
  0.0250  0.0250  0.0245  0.0252  0.0247  0.0246  0.0248  0.0251  0.0247  0.0248  0.0246  0.0246
  0.0246  0.0247  0.0244  0.0246  0.0245  0.0244  0.0245  0.0246  0.0245  0.0246  0.0245  0.0244
  0.0245  0.0245  0.0245  0.0244  0.0245  0.0245  0.0244  0.0244  0.0244  0.0244  0.0244  0.0244
  0.0246  0.0245  0.0246  0.0245  0.0245  0.0246  0.0245  0.0246  0.0245  0.0244  0.0244  0.0245
  0.0250  0.0246  0.0248  0.0248  0.0248  0.0248  0.0248  0.0251  0.0248  0.0246  0.0246  0.0246
  0.0256  0.0250  0.0252  0.0250  0.0253  0.0252  0.0253  0.0259  0.0252  0.0250  0.0248  0.0249
niter,ni,del,rscale     4    3    5.0000    0.7000
parameters
    1.2505   21.8648   -6.0922   -9.5603  -17.3899  -13.6695
    0.1929    2.2113   -1.5189   17.8999   -3.3259  -12.3179
eta,q 0.97565  7.31113
  0.0252  0.0252  0.0246  0.0252  0.0248  0.0248  0.0250  0.0255  0.0249  0.0250  0.0247  0.0246
  0.0248  0.0248  0.0245  0.0247  0.0246  0.0245  0.0247  0.0249  0.0246  0.0247  0.0245  0.0245
  0.0245  0.0245  0.0244  0.0244  0.0245  0.0244  0.0245  0.0245  0.0244  0.0245  0.0244  0.0244
  0.0244  0.0244  0.0244  0.0244  0.0244  0.0244  0.0244  0.0244  0.0244  0.0244  0.0244  0.0244
  0.0245  0.0244  0.0245  0.0246  0.0244  0.0245  0.0244  0.0245  0.0244  0.0244  0.0244  0.0244
  0.0248  0.0246  0.0247  0.0249  0.0246  0.0247  0.0247  0.0249  0.0246  0.0245  0.0245  0.0245
  0.0253  0.0249  0.0249  0.0250  0.0249  0.0249  0.0250  0.0255  0.0250  0.0249  0.0247  0.0247
niter,ni,del,rscale     3    3    5.0000    0.6000
parameters
    1.2362   21.9428   -6.2548   -9.8201  -17.3280  -13.9611
    0.1962    2.1947   -1.5430   18.0658   -3.2716  -12.5667
eta,q 0.97569  7.29666
  0.0250  0.0249  0.0246  0.0249  0.0247  0.0247  0.0248  0.0252  0.0248  0.0247  0.0246  0.0245
  0.0246  0.0246  0.0244  0.0245  0.0245  0.0244  0.0245  0.0247  0.0245  0.0245  0.0244  0.0244
  0.0244  0.0244  0.0244  0.0243  0.0244  0.0243  0.0244  0.0244  0.0244  0.0244  0.0243  0.0243
  0.0244  0.0244  0.0244  0.0243  0.0243  0.0243  0.0243  0.0243  0.0243  0.0243  0.0243  0.0243
  0.0244  0.0244  0.0244  0.0245  0.0243  0.0244  0.0244  0.0244  0.0244  0.0243  0.0243  0.0244
  0.0246  0.0245  0.0245  0.0247  0.0244  0.0246  0.0245  0.0247  0.0245  0.0244  0.0244  0.0244
  0.0250  0.0248  0.0247  0.0249  0.0247  0.0247  0.0248  0.0252  0.0248  0.0247  0.0246  0.0246
niter,ni,del,rscale     2    3    5.0000    0.5000
parameters
    1.2361   21.9904   -6.3750  -10.0151  -17.2257  -14.1886
    0.1817    2.1779   -1.5645   18.1928   -3.1982  -12.7529
eta,q 0.97572  7.28775
  0.0248  0.0247  0.0245  0.0248  0.0245  0.0246  0.0246  0.0249  0.0246  0.0246  0.0245  0.0244
  0.0245  0.0245  0.0244  0.0245  0.0244  0.0244  0.0244  0.0245  0.0244  0.0244  0.0244  0.0243
  0.0244  0.0244  0.0243  0.0243  0.0243  0.0243  0.0243  0.0243  0.0243  0.0243  0.0243  0.0243
  0.0243  0.0243  0.0243  0.0243  0.0243  0.0243  0.0243  0.0243  0.0243  0.0243  0.0243  0.0243
  0.0244  0.0243  0.0243  0.0244  0.0243  0.0244  0.0243  0.0244  0.0243  0.0243  0.0243  0.0243
  0.0245  0.0244  0.0244  0.0246  0.0244  0.0245  0.0244  0.0246  0.0244  0.0244  0.0244  0.0244
  0.0247  0.0246  0.0246  0.0248  0.0245  0.0246  0.0247  0.0249  0.0246  0.0246  0.0245  0.0245
niter,ni,del,rscale     1    3    5.0000    0.4000
parameters
    1.2370   22.0206   -6.4609  -10.1306  -17.1195  -14.3763
    0.1877    2.1664   -1.5845   18.3168   -3.1309  -12.8978
eta,q 0.97573  7.28325
  0.0246  0.0245  0.0244  0.0246  0.0244  0.0245  0.0245  0.0247  0.0245  0.0245  0.0244  0.0244
  0.0244  0.0244  0.0243  0.0244  0.0244  0.0243  0.0244  0.0244  0.0244  0.0244  0.0243  0.0243
  0.0243  0.0243  0.0243  0.0243  0.0243  0.0243  0.0243  0.0243  0.0243  0.0243  0.0243  0.0243
  0.0243  0.0243  0.0243  0.0243  0.0243  0.0243  0.0243  0.0243  0.0243  0.0243  0.0243  0.0243
  0.0243  0.0243  0.0243  0.0244  0.0243  0.0243  0.0243  0.0243  0.0243  0.0243  0.0243  0.0243
  0.0244  0.0244  0.0244  0.0245  0.0243  0.0244  0.0244  0.0244  0.0244  0.0243  0.0243  0.0243
  0.0246  0.0245  0.0244  0.0246  0.0244  0.0245  0.0245  0.0247  0.0245  0.0244  0.0244  0.0244
registration optimization eta report
parameter search radius
    0.8000    0.8000    0.8000    2.7600    2.4000    2.4000
    2.4000    2.4000    2.4000    2.4000    2.4000    2.4000
100000*second partial in parameter space
       44.       33.       21.        4.        3.        3.
        4.        7.        4.        3.        2.        2.
  0.0246  0.0245  0.0244  0.0246  0.0244  0.0245  0.0245  0.0247  0.0245  0.0245  0.0244  0.0244
  0.0244  0.0244  0.0243  0.0244  0.0244  0.0243  0.0244  0.0244  0.0244  0.0244  0.0243  0.0243
  0.0243  0.0243  0.0243  0.0243  0.0243  0.0243  0.0243  0.0243  0.0243  0.0243  0.0243  0.0243
  0.0243  0.0243  0.0243  0.0243  0.0243  0.0243  0.0243  0.0243  0.0243  0.0243  0.0243  0.0243
  0.0243  0.0243  0.0243  0.0244  0.0243  0.0243  0.0243  0.0243  0.0243  0.0243  0.0243  0.0243
  0.0244  0.0244  0.0244  0.0245  0.0243  0.0244  0.0244  0.0244  0.0244  0.0243  0.0243  0.0243
  0.0246  0.0245  0.0244  0.0246  0.0244  0.0245  0.0245  0.0247  0.0245  0.0244  0.0244  0.0244
    1.2370   22.0206   -6.4609  -10.1306  -17.1195  -14.3763
    0.1877    2.1664   -1.5845   18.3168   -3.1309  -12.8978
eta,q 0.97573  7.28325

---------------------------------------------------------------------
imgreg_4dfp /opt/freesurfer/average/711-2C_as_mni_average_305 /opt/freesurfer/average/711-2B_as_mni_average_305_mask talsrcimg_g11 none talsrcimg_to_711-2C_as_mni_average_305_t4 2311
---------------------------------------------------------------------

freesurfer imgreg_4dfp.c
/opt/freesurfer/average/711-2C_as_mni_average_305.4dfp.img
       256       256       256         1
  1.000000  1.000000  1.000000
orientation T byte_order littleendian
Reading image: /opt/freesurfer/average/711-2C_as_mni_average_305.4dfp.img
dimensions:      256       256       256
mmppix:       1.0000   -1.0000   -1.0000
center:     128.0000 -129.0000 -129.0000
/opt/freesurfer/average/711-2B_as_mni_average_305_mask.4dfp.img
       256       256       256         1
  1.000000  1.000000  1.000000
orientation T byte_order littleendian
Reading mask: /opt/freesurfer/average/711-2B_as_mni_average_305_mask.4dfp.img (2306576 pixels)
talsrcimg_g11.4dfp.img
       256       256       256         1
  1.000000  1.000000  1.000000
orientation T byte_order littleendian
Reading image: talsrcimg_g11.4dfp.img
dimensions:      256       256       256
mmppix:       1.0000   -1.0000   -1.0000
center:     128.0000 -129.0000 -129.0000
fimgreg.f
image alignment mode   2311 decimal      907 hex
parameters
    1.2370   22.0206   -6.4609  -10.1306  -17.1195  -14.3763
    0.1877    2.1664   -1.5845   18.3168   -3.1309  -12.8978
eta,q 0.97573  7.28325
niter,ni,del,rscale     5    3    5.0000    0.8000
parameters
    1.2330   22.0632   -6.5192   -9.6637  -17.6514  -14.0880
    0.1849    2.1732   -1.5563   18.2937   -3.1810  -12.7948
eta,q 0.97568  7.29037
  0.0254  0.0252  0.0248  0.0253  0.0248  0.0251  0.0252  0.0258  0.0251  0.0250  0.0248  0.0248
  0.0248  0.0247  0.0245  0.0248  0.0245  0.0247  0.0247  0.0250  0.0247  0.0246  0.0245  0.0245
  0.0244  0.0244  0.0243  0.0244  0.0244  0.0244  0.0244  0.0245  0.0244  0.0244  0.0244  0.0244
  0.0243  0.0243  0.0243  0.0243  0.0243  0.0243  0.0243  0.0243  0.0243  0.0243  0.0243  0.0243
  0.0244  0.0244  0.0244  0.0244  0.0244  0.0244  0.0244  0.0245  0.0244  0.0244  0.0244  0.0244
  0.0248  0.0246  0.0245  0.0247  0.0246  0.0246  0.0247  0.0250  0.0247  0.0246  0.0245  0.0245
  0.0254  0.0251  0.0249  0.0249  0.0252  0.0249  0.0252  0.0257  0.0251  0.0251  0.0248  0.0248
niter,ni,del,rscale     4    3    5.0000    0.7000
parameters
    1.2233   22.0701   -6.4273   -9.8321  -17.5563  -14.0197
    0.1902    2.1739   -1.5603   18.3005   -3.1869  -12.7954
eta,q 0.97570  7.28916
  0.0252  0.0250  0.0248  0.0249  0.0248  0.0249  0.0250  0.0254  0.0249  0.0248  0.0247  0.0246
  0.0247  0.0246  0.0245  0.0245  0.0246  0.0245  0.0246  0.0248  0.0246  0.0246  0.0245  0.0245
  0.0244  0.0244  0.0244  0.0243  0.0244  0.0243  0.0244  0.0244  0.0244  0.0244  0.0243  0.0243
  0.0243  0.0243  0.0243  0.0243  0.0243  0.0243  0.0243  0.0243  0.0243  0.0243  0.0243  0.0243
  0.0244  0.0244  0.0243  0.0245  0.0243  0.0244  0.0244  0.0244  0.0244  0.0243  0.0243  0.0243
  0.0247  0.0246  0.0245  0.0247  0.0245  0.0246  0.0246  0.0248  0.0246  0.0245  0.0245  0.0245
  0.0252  0.0249  0.0247  0.0249  0.0248  0.0248  0.0250  0.0254  0.0249  0.0249  0.0247  0.0246
niter,ni,del,rscale     3    3    5.0000    0.6000
parameters
    1.2283   22.0538   -6.4178  -10.0220  -17.4111  -14.0703
    0.1768    2.1752   -1.5721   18.3061   -3.1925  -12.8309
eta,q 0.97572  7.28566
  0.0249  0.0248  0.0246  0.0248  0.0246  0.0247  0.0248  0.0251  0.0247  0.0247  0.0245  0.0245
  0.0246  0.0245  0.0244  0.0245  0.0245  0.0244  0.0245  0.0247  0.0245  0.0245  0.0244  0.0244
  0.0244  0.0243  0.0243  0.0243  0.0244  0.0243  0.0244  0.0244  0.0243  0.0243  0.0243  0.0243
  0.0243  0.0243  0.0243  0.0243  0.0243  0.0243  0.0243  0.0243  0.0243  0.0243  0.0243  0.0243
  0.0244  0.0244  0.0243  0.0244  0.0243  0.0244  0.0243  0.0244  0.0243  0.0243  0.0243  0.0243
  0.0246  0.0245  0.0244  0.0246  0.0244  0.0245  0.0245  0.0247  0.0245  0.0244  0.0244  0.0244
  0.0249  0.0248  0.0246  0.0248  0.0246  0.0247  0.0248  0.0251  0.0247  0.0247  0.0246  0.0245
niter,ni,del,rscale     2    3    5.0000    0.5000
parameters
    1.2353   22.0484   -6.4391  -10.1328  -17.2655  -14.2135
    0.1727    2.1744   -1.5838   18.3117   -3.1741  -12.8663
eta,q 0.97573  7.28256
  0.0247  0.0246  0.0245  0.0247  0.0245  0.0246  0.0246  0.0249  0.0246  0.0246  0.0245  0.0244
  0.0245  0.0244  0.0244  0.0244  0.0244  0.0244  0.0244  0.0245  0.0244  0.0244  0.0244  0.0243
  0.0243  0.0243  0.0243  0.0243  0.0243  0.0243  0.0243  0.0243  0.0243  0.0243  0.0243  0.0243
  0.0243  0.0243  0.0243  0.0243  0.0243  0.0243  0.0243  0.0243  0.0243  0.0243  0.0243  0.0243
  0.0243  0.0243  0.0243  0.0244  0.0243  0.0243  0.0243  0.0243  0.0243  0.0243  0.0243  0.0243
  0.0245  0.0244  0.0244  0.0245  0.0244  0.0245  0.0244  0.0245  0.0244  0.0244  0.0244  0.0244
  0.0247  0.0246  0.0245  0.0247  0.0245  0.0246  0.0246  0.0249  0.0246  0.0246  0.0245  0.0244
niter,ni,del,rscale     1    3    5.0000    0.4000
parameters
    1.2388   22.0489   -6.4820  -10.1988  -17.1210  -14.3630
    0.1675    2.1763   -1.5816   18.3693   -3.1362  -12.9706
eta,q 0.97574  7.28172
  0.0246  0.0245  0.0244  0.0245  0.0244  0.0245  0.0245  0.0247  0.0245  0.0245  0.0244  0.0244
  0.0244  0.0244  0.0243  0.0244  0.0244  0.0243  0.0244  0.0244  0.0244  0.0244  0.0243  0.0243
  0.0243  0.0243  0.0243  0.0243  0.0243  0.0243  0.0243  0.0243  0.0243  0.0243  0.0243  0.0243
  0.0243  0.0243  0.0243  0.0243  0.0243  0.0243  0.0243  0.0243  0.0243  0.0243  0.0243  0.0243
  0.0243  0.0243  0.0243  0.0243  0.0243  0.0243  0.0243  0.0243  0.0243  0.0243  0.0243  0.0243
  0.0244  0.0244  0.0243  0.0244  0.0243  0.0244  0.0244  0.0244  0.0244  0.0243  0.0243  0.0243
  0.0246  0.0245  0.0244  0.0246  0.0244  0.0245  0.0245  0.0247  0.0245  0.0245  0.0244  0.0244
registration optimization eta report
parameter search radius
    0.8000    0.8000    0.8000    2.4000    2.4000    2.4000
    2.4000    2.4000    2.4000    2.4000    2.4000    2.4000
100000*second partial in parameter space
       44.       33.       22.        5.        3.        3.
        4.        7.        4.        3.        2.        2.
  0.0246  0.0245  0.0244  0.0245  0.0244  0.0245  0.0245  0.0247  0.0245  0.0245  0.0244  0.0244
  0.0244  0.0244  0.0243  0.0244  0.0244  0.0243  0.0244  0.0244  0.0244  0.0244  0.0243  0.0243
  0.0243  0.0243  0.0243  0.0243  0.0243  0.0243  0.0243  0.0243  0.0243  0.0243  0.0243  0.0243
  0.0243  0.0243  0.0243  0.0243  0.0243  0.0243  0.0243  0.0243  0.0243  0.0243  0.0243  0.0243
  0.0243  0.0243  0.0243  0.0243  0.0243  0.0243  0.0243  0.0243  0.0243  0.0243  0.0243  0.0243
  0.0244  0.0244  0.0243  0.0244  0.0243  0.0244  0.0244  0.0244  0.0244  0.0243  0.0243  0.0243
  0.0246  0.0245  0.0244  0.0246  0.0244  0.0245  0.0245  0.0247  0.0245  0.0245  0.0244  0.0244
    1.2388   22.0489   -6.4820  -10.1988  -17.1210  -14.3630
    0.1675    2.1763   -1.5816   18.3693   -3.1362  -12.9706
eta,q 0.97574  7.28172

---------------------------------------------------------------------
compute_vox2vox talsrcimg talsrcimg_to_711-2C_as_mni_average_305_t4 /opt/freesurfer/average/711-2C_as_mni_average_305
---------------------------------------------------------------------

freesurfer compute_vox2vox.c
Reading: talsrcimg.4dfp.ifh
Reading: talsrcimg_to_711-2C_as_mni_average_305_t4
Reading: /opt/freesurfer/average/711-2C_as_mni_average_305.4dfp.ifh
Writing: talsrcimg_to_711-2C_as_mni_average_305_t4_vox2vox.txt

start time Mon Mar 9 01:45:48 CET 2026
end		time Mon Mar 9 01:47:13 CET 2026

mpr2mni305 success

avi2talxfm orig_nu.mgz /opt/freesurfer/average/mni305.cor.mgz talsrcimg_to_711-2C_as_mni_average_305_t4_vox2vox.txt transforms/talairach.auto.xfm
avi2talxfm done
mv -f /out/sourcedata/freesurfer/sub-v1s17x0050247_ses-1/mri/talsrcimg_to_711-2C_as_mni_average_305_t4_vox2vox.txt /out/sourcedata/freesurfer/sub-v1s17x0050247_ses-1/mri/transforms/talsrcimg_to_711-2C_as_mni_average_305_t4_vox2vox.txt
lta_convert --src orig_nu.mgz --trg /opt/freesurfer/average/mni305.cor.mgz --inxfm transforms/talairach.auto.xfm --outlta transforms/talairach.auto.xfm.lta --subject fsaverage
7.3.2

--src: orig_nu.mgz src image (geometry).
--trg: /opt/freesurfer/average/mni305.cor.mgz trg image (geometry).
--inmni: transforms/talairach.auto.xfm input MNI/XFM transform.
--outlta: transforms/talairach.auto.xfm.lta output LTA.
--s: fsaverage subject name
 LTA read, type : 1
 1.11252  -0.02689  -0.00646   0.34900;
 0.04253   1.12876   0.17657   0.02306;
 0.01180  -0.25069   1.16732  -6.57932;
 0.00000   0.00000   0.00000   1.00000;
setting subject to fsaverage
Writing  LTA to file transforms/talairach.auto.xfm.lta...
lta_convert successful.
 
 
Started at Mon Mar 9 01:45:48 CET 2026
Ended   at Mon Mar  9 01:47:14 CET 2026
talairach_avi done
