/out/sourcedata/freesurfer/sub-v1s17x0050263_ses-1/mri
/opt/freesurfer/bin/talairach_avi
--i orig_nu.mgz --xfm transforms/talairach.auto.xfm
talairach_avi 7.3.2
Linux dna075 5.14.0-427.37.1.el9_4.x86_64 #1 SMP PREEMPT_DYNAMIC Fri Sep 13 12:41:50 EDT 2024 x86_64 x86_64 x86_64 GNU/Linux
Mon Mar  9 02:35:27 CET 2026
mri_convert orig_nu.mgz talsrcimg.img 
reading from orig_nu.mgz...
TR=0.00, TE=0.00, TI=0.00, flip angle=0.00
i_ras = (-1, 0, 0)
j_ras = (-7.45058e-09, 0, -1)
k_ras = (1.74623e-09, 1, 9.31323e-10)
writing to talsrcimg.img...
Analyze Output Matrix
-1.00000  -0.00000   0.00000   130.58940;
 0.00000   0.00000   1.00000  -136.64688;
 0.00000  -1.00000   0.00000   112.30951;
 0.00000   0.00000   0.00000   1.00000;
--------------------
INFO: set hdr.hist.orient to -1
mpr2mni305 talsrcimg
Mon Mar  9 02:35:27 CET 2026
/opt/freesurfer/bin/mpr2mni305 talsrcimg
mpr2mni305 7.3.2
target=711-2C_as_mni_average_305

---------------------------------------------------------------------
analyzeto4dfp talsrcimg -O0 -y
---------------------------------------------------------------------

freesurfer ifh2hdr.c
Mon Mar  9 02:35:27 2026
Writing: talsrcimg.4dfp.hdr
freesurfer analyzeto4dfp.c
Reading: talsrcimg.hdr
header size 348 bytes
hdr.dime.datatype	offset=70	value=2
hdr.dime.bitpix		offset=72	value=8
hdr.hist.orient		offset=252	value=-1
dimensionality     4
dimensions       256       256       256         1
Reading: talsrcimg.img
Writing: talsrcimg.4dfp.img
Writing: talsrcimg.4dfp.ifh
ifh2hdr talsrcimg -r0to255
ori=2

---------------------------------------------------------------------
gauss_4dfp talsrcimg 1.1
---------------------------------------------------------------------

freesurfer gauss_4dfp.c
Reading: talsrcimg.4dfp.img
Writing: talsrcimg_g11.4dfp.img
image dimensions 256 256 256 padded to 288 288 288
processing volume 1freesurfer ifh2hdr.c
Mon Mar  9 02:35:29 2026
Writing: talsrcimg_g11.4dfp.hdr

Writing: talsrcimg_g11.4dfp.ifh
including: talsrcimg.4dfp.img.rec in talsrcimg_g11.4dfp.img.rec

---------------------------------------------------------------------
imgreg_4dfp /opt/freesurfer/average/711-2C_as_mni_average_305 none talsrcimg_g11 none talsrcimg_to_711-2C_as_mni_average_305_t4 4355
---------------------------------------------------------------------

freesurfer imgreg_4dfp.c
/opt/freesurfer/average/711-2C_as_mni_average_305.4dfp.img
       256       256       256         1
  1.000000  1.000000  1.000000
orientation T byte_order littleendian
Reading image: /opt/freesurfer/average/711-2C_as_mni_average_305.4dfp.img
dimensions:      256       256       256
mmppix:       1.0000   -1.0000   -1.0000
center:     128.0000 -129.0000 -129.0000
talsrcimg_g11.4dfp.img
       256       256       256         1
  1.000000  1.000000  1.000000
orientation T byte_order littleendian
Reading image: talsrcimg_g11.4dfp.img
dimensions:      256       256       256
mmppix:       1.0000   -1.0000   -1.0000
center:     128.0000 -129.0000 -129.0000
t4_read: open error in t4_sub.f l:  41 t4_file(1:l)talsrcimg_to_711-2C_as_mni_average_305_t4 
t4_read: transform initialized to I4
rotation matrix determinant  1.000000
image alignment mode   4355 decimal     1103 hex
   -7.5000  -45.0000  -45.0000 7338.4370   11.7033
    0.0000  -45.0000  -45.0000 7663.3911   11.7075
    7.5000  -45.0000  -45.0000 7303.6191   11.7193
   -7.5000  -37.5000  -45.0000 7950.6323   11.5329
    0.0000  -37.5000  -45.0000 8286.8096   11.5374
    7.5000  -37.5000  -45.0000 7902.1152   11.5454
   -7.5000  -30.0000  -45.0000 8868.5371   11.4229
    0.0000  -30.0000  -45.0000 9230.7549   11.4316
    7.5000  -30.0000  -45.0000 8822.5840   11.4389
   -7.5000  -22.5000  -45.0000 9812.9609   11.3982
    0.0000  -22.5000  -45.000010186.3633   11.4104
    7.5000  -22.5000  -45.0000 9750.9385   11.4201
   -7.5000  -15.0000  -45.000010692.9580   11.4012
    0.0000  -15.0000  -45.000011095.7139   11.4121
    7.5000  -15.0000  -45.000010614.9795   11.4239
   -7.5000   -7.5000  -45.000011533.0039   11.3923
    0.0000   -7.5000  -45.000011997.7510   11.3983
    7.5000   -7.5000  -45.000011456.8057   11.4099
   -7.5000    0.0000  -45.000012287.2432   11.3805
    0.0000    0.0000  -45.000012782.2852   11.3836
    7.5000    0.0000  -45.000012226.3232   11.3935
   -7.5000    7.5000  -45.000012095.2510   11.3796
    0.0000    7.5000  -45.000012570.2559   11.3841
    7.5000    7.5000  -45.000012025.6123   11.3919
   -7.5000   15.0000  -45.000011735.2275   11.3882
    0.0000   15.0000  -45.000012189.5273   11.3969
    7.5000   15.0000  -45.000011659.1387   11.4041
   -7.5000   22.5000  -45.000011295.9268   11.3964
    0.0000   22.5000  -45.000011716.6719   11.4086
    7.5000   22.5000  -45.000011180.3027   11.4183
   -7.5000   30.0000  -45.000010794.0098   11.2493
    0.0000   30.0000  -45.000011195.6396   11.2600
    7.5000   30.0000  -45.000010654.6582   11.2717
   -7.5000   37.5000  -45.000010583.2695   11.2404
    0.0000   37.5000  -45.000010979.6299   11.2464
    7.5000   37.5000  -45.000010450.3965   11.2578
   -7.5000   45.0000  -45.0000 9858.8320   10.9437
    0.0000   45.0000  -45.000010239.7979   10.9467
    7.5000   45.0000  -45.0000 9758.2217   10.9563
   -7.5000  -45.0000  -37.5000 7719.9233   11.6209
    0.0000  -45.0000  -37.5000 8050.2866   11.6303
    7.5000  -45.0000  -37.5000 7668.5156   11.6433
   -7.5000  -37.5000  -37.5000 8391.9297   11.4525
    0.0000  -37.5000  -37.5000 8727.4092   11.4620
    7.5000  -37.5000  -37.5000 8325.1426   11.4709
   -7.5000  -30.0000  -37.5000 9364.2490   11.3468
    0.0000  -30.0000  -37.5000 9750.0664   11.3599
    7.5000  -30.0000  -37.5000 9308.2764   11.3681
   -7.5000  -22.5000  -37.500010369.5898   11.3251
    0.0000  -22.5000  -37.500010778.3770   11.3410
    7.5000  -22.5000  -37.500010300.3760   11.3519
   -7.5000  -15.0000  -37.500011300.4668   11.3282
    0.0000  -15.0000  -37.500011749.2988   11.3429
    7.5000  -15.0000  -37.500011220.7695   11.3566
   -7.5000   -7.5000  -37.500012166.1318   11.3167
    0.0000   -7.5000  -37.500012660.3789   11.3274
    7.5000   -7.5000  -37.500012076.6738   11.3407
   -7.5000    0.0000  -37.500012951.7725   11.3021
    0.0000    0.0000  -37.500013480.7471   11.3102
    7.5000    0.0000  -37.500012891.6367   11.3216
   -7.5000    7.5000  -37.500012742.0107   11.3013
    0.0000    7.5000  -37.500013244.5195   11.3107
    7.5000    7.5000  -37.500012688.5146   11.3196
   -7.5000   15.0000  -37.500012348.5254   11.3126
    0.0000   15.0000  -37.500012833.4277   11.3256
    7.5000   15.0000  -37.500012289.5732   11.3338
   -7.5000   22.5000  -37.500011860.6807   11.3233
    0.0000   22.5000  -37.500012307.3779   11.3392
    7.5000   22.5000  -37.500011755.1152   11.3501
   -7.5000   30.0000  -37.500011363.5371   11.1772
    0.0000   30.0000  -37.500011784.6143   11.1918
    7.5000   30.0000  -37.500011243.4111   11.2053
   -7.5000   37.5000  -37.500011134.4727   11.1659
    0.0000   37.5000  -37.500011540.9932   11.1764
    7.5000   37.5000  -37.500011023.3867   11.1896
   -7.5000   45.0000  -37.500010365.3760   10.8683
    0.0000   45.0000  -37.500010735.7061   10.8761
    7.5000   45.0000  -37.500010265.9434   10.8871
   -7.5000  -45.0000  -30.0000 8276.1445   12.0857
    0.0000  -45.0000  -30.0000 8605.9053   12.0998
    7.5000  -45.0000  -30.0000 8212.9863   12.1163
   -7.5000  -37.5000  -30.0000 8985.2285   11.9100
    0.0000  -37.5000  -30.0000 9349.3799   11.9255
    7.5000  -37.5000  -30.0000 8920.0127   11.9384
   -7.5000  -30.0000  -30.000010042.2715   11.7995
    0.0000  -30.0000  -30.000010461.1279   11.8186
    7.5000  -30.0000  -30.0000 9983.1963   11.8312
   -7.5000  -22.5000  -30.000011107.9248   11.7769
    0.0000  -22.5000  -30.000011560.6064   11.7975
    7.5000  -22.5000  -30.000011044.8350   11.8121
   -7.5000  -15.0000  -30.000012122.6182   11.7804
    0.0000  -15.0000  -30.000012608.9365   11.7988
    7.5000  -15.0000  -30.000012042.2861   11.8158
   -7.5000   -7.5000  -30.000013051.7744   11.7695
    0.0000   -7.5000  -30.000013573.1758   11.7836
    7.5000   -7.5000  -30.000012958.6182   11.8004
   -7.5000    0.0000  -30.000013906.7148   11.7548
    0.0000    0.0000  -30.000014466.1328   11.7673
    7.5000    0.0000  -30.000013817.1191   11.7823
   -7.5000    7.5000  -30.000013656.3203   11.7532
    0.0000    7.5000  -30.000014206.8857   11.7683
    7.5000    7.5000  -30.000013585.5596   11.7813
   -7.5000   15.0000  -30.000013224.7588   11.7641
    0.0000   15.0000  -30.000013730.8896   11.7830
    7.5000   15.0000  -30.000013161.1270   11.7954
   -7.5000   22.5000  -30.000012677.5088   11.7738
    0.0000   22.5000  -30.000013146.7793   11.7944
    7.5000   22.5000  -30.000012584.5117   11.8090
   -7.5000   30.0000  -30.000012142.6650   11.6245
    0.0000   30.0000  -30.000012572.2158   11.6427
    7.5000   30.0000  -30.000012036.6758   11.6595
   -7.5000   37.5000  -30.000011903.0518   11.6137
    0.0000   37.5000  -30.000012311.6875   11.6277
    7.5000   37.5000  -30.000011796.8652   11.6442
   -7.5000   45.0000  -30.000011058.7227   11.3120
    0.0000   45.0000  -30.000011433.6240   11.3240
    7.5000   45.0000  -30.000010967.4258   11.3384
   -7.5000  -45.0000  -22.5000 8798.8232   12.5077
    0.0000  -45.0000  -22.5000 9161.7764   12.5213
    7.5000  -45.0000  -22.5000 8729.9707   12.5407
   -7.5000  -37.5000  -22.5000 9570.3438   12.3262
    0.0000  -37.5000  -22.5000 9983.3691   12.3424
    7.5000  -37.5000  -22.5000 9510.0762   12.3588
   -7.5000  -30.0000  -22.500010713.4766   12.2076
    0.0000  -30.0000  -22.500011169.5107   12.2278
    7.5000  -30.0000  -22.500010647.8438   12.2436
   -7.5000  -22.5000  -22.500011827.7715   12.1794
    0.0000  -22.5000  -22.500012315.6152   12.2004
    7.5000  -22.5000  -22.500011748.9053   12.2174
   -7.5000  -15.0000  -22.500012916.6016   12.1820
    0.0000  -15.0000  -22.500013447.7256   12.1998
    7.5000  -15.0000  -22.500012832.6729   12.2185
   -7.5000   -7.5000  -22.500013963.7715   12.1753
    0.0000   -7.5000  -22.500014511.6094   12.1883
    7.5000   -7.5000  -22.500013855.5283   12.2071
   -7.5000    0.0000  -22.500014895.8008   12.1655
    0.0000    0.0000  -22.500015466.8330   12.1775
    7.5000    0.0000  -22.500014756.2715   12.1953
   -7.5000    7.5000  -22.500014603.3379   12.1641
    0.0000    7.5000  -22.500015145.8535   12.1799
    7.5000    7.5000  -22.500014490.7793   12.1962
   -7.5000   15.0000  -22.500014116.5400   12.1709
    0.0000   15.0000  -22.500014653.2373   12.1909
    7.5000   15.0000  -22.500014031.4844   12.2066
   -7.5000   22.5000  -22.500013498.0674   12.1754
    0.0000   22.5000  -22.500014021.2754   12.1964
    7.5000   22.5000  -22.500013425.7158   12.2133
   -7.5000   30.0000  -22.500012905.9580   12.0227
    0.0000   30.0000  -22.500013378.8477   12.0403
    7.5000   30.0000  -22.500012820.9004   12.0587
   -7.5000   37.5000  -22.500012663.6934   12.0160
    0.0000   37.5000  -22.500013079.3965   12.0288
    7.5000   37.5000  -22.500012536.8340   12.0474
   -7.5000   45.0000  -22.500011767.4365   11.7160
    0.0000   45.0000  -22.500012149.4932   11.7275
    7.5000   45.0000  -22.500011661.5850   11.7447
   -7.5000  -45.0000  -15.0000 9296.5312   12.8200
    0.0000  -45.0000  -15.0000 9667.5498   12.8288
    7.5000  -45.0000  -15.0000 9219.8086   12.8483
   -7.5000  -37.5000  -15.000010147.1230   12.6349
    0.0000  -37.5000  -15.000010577.6992   12.6466
    7.5000  -37.5000  -15.000010063.8770   12.6632
   -7.5000  -30.0000  -15.000011365.7705   12.5100
    0.0000  -30.0000  -15.000011849.2305   12.5262
    7.5000  -30.0000  -15.000011272.6963   12.5419
   -7.5000  -22.5000  -15.000012517.9531   12.4767
    0.0000  -22.5000  -15.000013046.5566   12.4946
    7.5000  -22.5000  -15.000012413.8193   12.5110
   -7.5000  -15.0000  -15.000013673.3672   12.4784
    0.0000  -15.0000  -15.000014255.5479   12.4926
    7.5000  -15.0000  -15.000013548.8799   12.5105
   -7.5000   -7.5000  -15.000014838.7383   12.4748
    0.0000   -7.5000  -15.000015443.1406   12.4835
    7.5000   -7.5000  -15.000014691.2490   12.5017
   -7.5000    0.0000  -15.000015836.5137   12.4694
    0.0000    0.0000  -15.000016472.7480   12.4768
    7.5000    0.0000  -15.000015673.5664   12.4944
   -7.5000    7.5000  -15.000015523.7715   12.4688
    0.0000    7.5000  -15.000016143.7402   12.4801
    7.5000    7.5000  -15.000015398.1660   12.4963
   -7.5000   15.0000  -15.000015002.0244   12.4723
    0.0000   15.0000  -15.000015611.6641   12.4885
    7.5000   15.0000  -15.000014915.8896   12.5039
   -7.5000   22.5000  -15.000014348.9346   12.4720
    0.0000   22.5000  -15.000014942.6035   12.4899
    7.5000   22.5000  -15.000014269.4072   12.5063
   -7.5000   30.0000  -15.000013666.7354   12.3169
    0.0000   30.0000  -15.000014218.5088   12.3309
    7.5000   30.0000  -15.000013570.5117   12.3486
   -7.5000   37.5000  -15.000013388.9033   12.3133
    0.0000   37.5000  -15.000013873.4092   12.3220
    7.5000   37.5000  -15.000013253.9814   12.3399
   -7.5000   45.0000  -15.000012460.6279   12.0159
    0.0000   45.0000  -15.000012886.6553   12.0230
    7.5000   45.0000  -15.000012330.4365   12.0400
   -7.5000  -45.0000   -7.5000 9804.6094   12.9769
    0.0000  -45.0000   -7.500010206.3086   12.9814
    7.5000  -45.0000   -7.5000 9709.6299   12.9978
   -7.5000  -37.5000   -7.500010713.2686   12.7897
    0.0000  -37.5000   -7.500011162.2041   12.7959
    7.5000  -37.5000   -7.500010610.2197   12.8088
   -7.5000  -30.0000   -7.500012010.4463   12.6640
    0.0000  -30.0000   -7.500012491.8350   12.6751
    7.5000  -30.0000   -7.500011879.2744   12.6868
   -7.5000  -22.5000   -7.500013236.7461   12.6314
    0.0000  -22.5000   -7.500013753.1104   12.6455
    7.5000  -22.5000   -7.500013102.1602   12.6587
   -7.5000  -15.0000   -7.500014448.2969   12.6337
    0.0000  -15.0000   -7.500015020.2598   12.6449
    7.5000  -15.0000   -7.500014306.1572   12.6599
   -7.5000   -7.5000   -7.500015683.5840   12.6288
    0.0000   -7.5000   -7.500016317.9414   12.6344
    7.5000   -7.5000   -7.500015535.3271   12.6495
   -7.5000    0.0000   -7.500016827.8438   12.6218
    0.0000    0.0000   -7.500017562.9727   12.6251
    7.5000    0.0000   -7.500016667.1777   12.6393
   -7.5000    7.5000   -7.500016560.1328   12.6213
    0.0000    7.5000   -7.500017293.0977   12.6273
    7.5000    7.5000   -7.500016403.6738   12.6397
   -7.5000   15.0000   -7.500016002.3311   12.6258
    0.0000   15.0000   -7.500016707.7617   12.6368
    7.5000   15.0000   -7.500015872.2676   12.6484
   -7.5000   22.5000   -7.500015284.5742   12.6253
    0.0000   22.5000   -7.500015945.1660   12.6393
    7.5000   22.5000   -7.500015144.4912   12.6526
   -7.5000   30.0000   -7.500014520.8379   12.4698
    0.0000   30.0000   -7.500015119.5449   12.4810
    7.5000   30.0000   -7.500014342.9346   12.4957
   -7.5000   37.5000   -7.500014187.4893   12.4650
    0.0000   37.5000   -7.500014730.3311   12.4706
    7.5000   37.5000   -7.500013991.7607   12.4854
   -7.5000   45.0000   -7.500013225.1797   12.1650
    0.0000   45.0000   -7.500013696.4570   12.1682
    7.5000   45.0000   -7.500013044.1279   12.1819
   -7.5000  -45.0000    0.000010228.0264   12.9982
    0.0000  -45.0000    0.000010625.1621   13.0034
    7.5000  -45.0000    0.000010123.2256   13.0169
   -7.5000  -37.5000    0.000011201.6025   12.8106
    0.0000  -37.5000    0.000011641.4629   12.8158
    7.5000  -37.5000    0.000011089.1309   12.8250
   -7.5000  -30.0000    0.000012565.2090   12.6889
    0.0000  -30.0000    0.000013049.6084   12.6984
    7.5000  -30.0000    0.000012452.8135   12.7066
   -7.5000  -22.5000    0.000013889.7480   12.6609
    0.0000  -22.5000    0.000014433.2422   12.6741
    7.5000  -22.5000    0.000013780.0127   12.6849
   -7.5000  -15.0000    0.000015138.2178   12.6640
    0.0000  -15.0000    0.000015765.3242   12.6758
    7.5000  -15.0000    0.000015043.0625   12.6892
   -7.5000   -7.5000    0.000016428.5664   12.6545
    0.0000   -7.5000    0.000017120.1484   12.6614
    7.5000   -7.5000    0.000016305.6602   12.6747
   -7.5000    0.0000    0.000017749.9141   12.6423
    0.0000    0.0000    0.000018553.4180   12.6462
    7.5000    0.0000    0.000017478.6465   12.6577
   -7.5000    7.5000    0.000017689.2520   12.6416
    0.0000    7.5000    0.000018490.3770   12.6468
    7.5000    7.5000    0.000017280.9531   12.6557
   -7.5000   15.0000    0.000017144.4590   12.6506
    0.0000   15.0000    0.000017910.5176   12.6601
    7.5000   15.0000    0.000016725.0371   12.6682
   -7.5000   22.5000    0.000016272.3330   12.6548
    0.0000   22.5000    0.000016979.1504   12.6680
    7.5000   22.5000    0.000015920.7559   12.6788
   -7.5000   30.0000    0.000015291.3555   12.5001
    0.0000   30.0000    0.000015955.9883   12.5118
    7.5000   30.0000    0.000015027.9238   12.5250
   -7.5000   37.5000    0.000014881.6504   12.4908
    0.0000   37.5000    0.000015497.1064   12.4976
    7.5000   37.5000    0.000014656.1865   12.5106
   -7.5000   45.0000    0.000013852.9277   12.1857
    0.0000   45.0000    0.000014394.3291   12.1895
    7.5000   45.0000    0.000013678.8311   12.2005
   -7.5000  -45.0000    7.5000 9865.6240   12.9852
    0.0000  -45.0000    7.500010219.8662   12.9956
    7.5000  -45.0000    7.5000 9772.8428   13.0101
   -7.5000  -37.5000    7.500010811.3086   12.7972
    0.0000  -37.5000    7.500011216.7939   12.8078
    7.5000  -37.5000    7.500010717.9150   12.8177
   -7.5000  -30.0000    7.500012156.0469   12.6792
    0.0000  -30.0000    7.500012599.9971   12.6937
    7.5000  -30.0000    7.500012045.8672   12.7030
   -7.5000  -22.5000    7.500013502.3008   12.6551
    0.0000  -22.5000    7.500014028.0518   12.6727
    7.5000  -22.5000    7.500013398.3936   12.6850
   -7.5000  -15.0000    7.500014785.9707   12.6586
    0.0000  -15.0000    7.500015406.2383   12.6750
    7.5000  -15.0000    7.500014659.1221   12.6903
   -7.5000   -7.5000    7.500016025.3779   12.6458
    0.0000   -7.5000    7.500016680.8242   12.6577
    7.5000   -7.5000    7.500015858.9385   12.6725
   -7.5000    0.0000    7.500017187.2344   12.6295
    0.0000    0.0000    7.500017941.1270   12.6385
    7.5000    0.0000    7.500016934.4219   12.6512
   -7.5000    7.5000    7.500017159.4316   12.6284
    0.0000    7.5000    7.500018014.8008   12.6388
    7.5000    7.5000    7.500016793.3184   12.6488
   -7.5000   15.0000    7.500016724.8516   12.6410
    0.0000   15.0000    7.500017632.8418   12.6554
    7.5000   15.0000    7.500016356.1406   12.6646
   -7.5000   22.5000    7.500015885.7383   12.6490
    0.0000   22.5000    7.500016731.0957   12.6666
    7.5000   22.5000    7.500015600.2529   12.6789
   -7.5000   30.0000    7.500014917.0898   12.4948
    0.0000   30.0000    7.500015674.3516   12.5110
    7.5000   30.0000    7.500014715.4463   12.5261
   -7.5000   37.5000    7.500014451.7812   12.4822
    0.0000   37.5000    7.500015159.9824   12.4938
    7.5000   37.5000    7.500014326.5771   12.5085
   -7.5000   45.0000    7.500013445.3955   12.1734
    0.0000   45.0000    7.500014067.3311   12.1820
    7.5000   45.0000    7.500013338.8477   12.1943
   -7.5000  -45.0000   15.0000 9434.8398   12.9780
    0.0000  -45.0000   15.0000 9783.4863   12.9931
    7.5000  -45.0000   15.0000 9333.5957   13.0109
   -7.5000  -37.5000   15.000010362.6006   12.7893
    0.0000  -37.5000   15.000010782.5127   12.8060
    7.5000  -37.5000   15.000010254.2607   12.8198
   -7.5000  -30.0000   15.000011660.9688   12.6707
    0.0000  -30.0000   15.000012128.2305   12.6912
    7.5000  -30.0000   15.000011532.1387   12.7047
   -7.5000  -22.5000   15.000012973.6250   12.6464
    0.0000  -22.5000   15.000013524.4111   12.6686
    7.5000  -22.5000   15.000012854.0088   12.6843
   -7.5000  -15.0000   15.000014173.6777   12.6502
    0.0000  -15.0000   15.000014827.6035   12.6700
    7.5000  -15.0000   15.000014074.5264   12.6882
   -7.5000   -7.5000   15.000015300.8818   12.6384
    0.0000   -7.5000   15.000015993.6025   12.6536
    7.5000   -7.5000   15.000015212.3838   12.6716
   -7.5000    0.0000   15.000016307.2969   12.6227
    0.0000    0.0000   15.000017121.2344   12.6362
    7.5000    0.0000   15.000016258.4004   12.6522
   -7.5000    7.5000   15.000016188.9121   12.6209
    0.0000    7.5000   15.000017191.9238   12.6372
    7.5000    7.5000   15.000016140.9395   12.6512
   -7.5000   15.0000   15.000015762.7168   12.6326
    0.0000   15.0000   15.000016764.1680   12.6530
    7.5000   15.0000   15.000015743.3311   12.6663
   -7.5000   22.5000   15.000014990.9570   12.6403
    0.0000   22.5000   15.000015868.0020   12.6625
    7.5000   22.5000   15.000015018.0049   12.6781
   -7.5000   30.0000   15.000014185.9180   12.4865
    0.0000   30.0000   15.000014945.2334   12.5060
    7.5000   30.0000   15.000014193.8848   12.5240
   -7.5000   37.5000   15.000013798.0996   12.4749
    0.0000   37.5000   15.000014499.4941   12.4899
    7.5000   37.5000   15.000013770.6221   12.5077
   -7.5000   45.0000   15.000012876.5322   12.1668
    0.0000   45.0000   15.000013475.1836   12.1798
    7.5000   45.0000   15.000012805.0088   12.1953
   -7.5000  -45.0000   22.5000 8892.4209   13.0216
    0.0000  -45.0000   22.5000 9301.1133   13.0359
    7.5000  -45.0000   22.5000 8831.2402   13.0561
   -7.5000  -37.5000   22.5000 9790.5000   12.8320
    0.0000  -37.5000   22.500010243.7891   12.8489
    7.5000  -37.5000   22.5000 9703.9473   12.8659
   -7.5000  -30.0000   22.500010995.0430   12.7081
    0.0000  -30.0000   22.500011468.2598   12.7292
    7.5000  -30.0000   22.500010892.1914   12.7456
   -7.5000  -22.5000   22.500012211.8047   12.6787
    0.0000  -22.5000   22.500012755.5547   12.7007
    7.5000  -22.5000   22.500012115.0518   12.7183
   -7.5000  -15.0000   22.500013344.7510   12.6816
    0.0000  -15.0000   22.500013958.0781   12.7002
    7.5000  -15.0000   22.500013252.3447   12.7197
   -7.5000   -7.5000   22.500014402.1133   12.6746
    0.0000   -7.5000   22.500015022.4072   12.6882
    7.5000   -7.5000   22.500014301.1133   12.7078
   -7.5000    0.0000   22.500015411.0527   12.6644
    0.0000    0.0000   22.500016151.4932   12.6769
    7.5000    0.0000   22.500015304.2705   12.6954
   -7.5000    7.5000   22.500015308.4844   12.6628
    0.0000    7.5000   22.500016132.7314   12.6792
    7.5000    7.5000   22.500015212.3057   12.6962
   -7.5000   15.0000   22.500014842.6826   12.6698
    0.0000   15.0000   22.500015617.4971   12.6907
    7.5000   15.0000   22.500014809.5879   12.7069
   -7.5000   22.5000   22.500014137.8525   12.6726
    0.0000   22.5000   22.500014825.5703   12.6946
    7.5000   22.5000   22.500014139.0020   12.7122
   -7.5000   30.0000   22.500013443.7676   12.5175
    0.0000   30.0000   22.500014085.0947   12.5359
    7.5000   30.0000   22.500013400.5957   12.5551
   -7.5000   37.5000   22.500013055.6738   12.5106
    0.0000   37.5000   22.500013682.2695   12.5240
    7.5000   37.5000   22.500012998.7578   12.5433
   -7.5000   45.0000   22.500012145.3330   12.2070
    0.0000   45.0000   22.500012687.7646   12.2191
    7.5000   45.0000   22.500012060.2861   12.2369
   -7.5000  -45.0000   30.0000 8245.9043   13.1581
    0.0000  -45.0000   30.0000 8643.3408   13.1670
    7.5000  -45.0000   30.0000 8213.2227   13.1872
   -7.5000  -37.5000   30.0000 9089.4785   12.9656
    0.0000  -37.5000   30.0000 9509.2021   12.9775
    7.5000  -37.5000   30.0000 9030.8799   12.9948
   -7.5000  -30.0000   30.000010204.0166   12.8357
    0.0000  -30.0000   30.000010649.0273   12.8525
    7.5000  -30.0000   30.000010136.1475   12.8688
   -7.5000  -22.5000   30.000011333.3174   12.8012
    0.0000  -22.5000   30.000011840.0322   12.8196
    7.5000  -22.5000   30.000011261.9355   12.8368
   -7.5000  -15.0000   30.000012398.0703   12.8031
    0.0000  -15.0000   30.000012922.7910   12.8176
    7.5000  -15.0000   30.000012300.2080   12.8363
   -7.5000   -7.5000   30.000013393.5645   12.7995
    0.0000   -7.5000   30.000013917.4219   12.8083
    7.5000   -7.5000   30.000013269.1416   12.8271
   -7.5000    0.0000   30.000014367.1055   12.7939
    0.0000    0.0000   30.000015031.3955   12.8013
    7.5000    0.0000   30.000014242.4805   12.8195
   -7.5000    7.5000   30.000014263.2520   12.7931
    0.0000    7.5000   30.000014930.7812   12.8046
    7.5000    7.5000   30.000014150.3066   12.8215
   -7.5000   15.0000   30.000013858.9092   12.7965
    0.0000   15.0000   30.000014444.9834   12.8132
    7.5000   15.0000   30.000013757.2842   12.8294
   -7.5000   22.5000   30.000013264.4727   12.7950
    0.0000   22.5000   30.000013804.7207   12.8134
    7.5000   22.5000   30.000013175.0947   12.8306
   -7.5000   30.0000   30.000012634.2949   12.6374
    0.0000   30.0000   30.000013175.3291   12.6518
    7.5000   30.0000   30.000012530.8848   12.6702
   -7.5000   37.5000   30.000012266.0498   12.6339
    0.0000   37.5000   30.000012801.3398   12.6425
    7.5000   37.5000   30.000012153.7627   12.6611
   -7.5000   45.0000   30.000011362.0459   12.3318
    0.0000   45.0000   30.000011852.8350   12.3390
    7.5000   45.0000   30.000011261.5059   12.3565
   -7.5000  -45.0000   37.5000 7882.7480   13.3768
    0.0000  -45.0000   37.5000 8227.3174   13.3806
    7.5000  -45.0000   37.5000 7830.7769   13.3980
   -7.5000  -37.5000   37.5000 8688.4434   13.1783
    0.0000  -37.5000   37.5000 9079.6982   13.1840
    7.5000  -37.5000   37.5000 8626.4424   13.1979
   -7.5000  -30.0000   37.5000 9775.3486   13.0461
    0.0000  -30.0000   37.500010199.3564   13.0571
    7.5000  -30.0000   37.5000 9704.5625   13.0699
   -7.5000  -22.5000   37.500010872.6797   13.0126
    0.0000  -22.5000   37.500011323.9834   13.0269
    7.5000  -22.5000   37.500010797.0264   13.0412
   -7.5000  -15.0000   37.500011894.4941   13.0151
    0.0000  -15.0000   37.500012341.3281   13.0264
    7.5000  -15.0000   37.500011784.1094   13.0424
   -7.5000   -7.5000   37.500012888.3721   13.0089
    0.0000   -7.5000   37.500013360.9971   13.0141
    7.5000   -7.5000   37.500012747.4795   13.0301
   -7.5000    0.0000   37.500013833.6387   13.0005
    0.0000    0.0000   37.500014419.5156   13.0031
    7.5000    0.0000   37.500013703.3232   13.0182
   -7.5000    7.5000   37.500013692.9053   13.0000
    0.0000    7.5000   37.500014246.4941   13.0054
    7.5000    7.5000   37.500013574.6172   13.0188
   -7.5000   15.0000   37.500013327.8779   13.0057
    0.0000   15.0000   37.500013829.2686   13.0166
    7.5000   15.0000   37.500013199.8564   13.0292
   -7.5000   22.5000   37.500012800.8818   13.0063
    0.0000   22.5000   37.500013282.0684   13.0206
    7.5000   22.5000   37.500012675.4336   13.0349
   -7.5000   30.0000   37.500012211.0332   12.8466
    0.0000   30.0000   37.500012701.0684   12.8578
    7.5000   30.0000   37.500012094.6660   12.8736
   -7.5000   37.5000   37.500011852.5459   12.8405
    0.0000   37.5000   37.500012340.6699   12.8456
    7.5000   37.5000   37.500011737.2275   12.8614
   -7.5000   45.0000   37.500010980.3125   12.5310
    0.0000   45.0000   37.500011420.7920   12.5334
    7.5000   45.0000   37.500010859.1406   12.5480
   -7.5000  -45.0000   45.0000 7195.7852   13.6681
    0.0000  -45.0000   45.0000 7513.2026   13.6730
    7.5000  -45.0000   45.0000 7158.3086   13.6886
   -7.5000  -37.5000   45.0000 7941.8301   13.4585
    0.0000  -37.5000   45.0000 8292.4639   13.4637
    7.5000  -37.5000   45.0000 7886.1948   13.4744
   -7.5000  -30.0000   45.0000 8971.1113   13.3224
    0.0000  -30.0000   45.0000 9334.8076   13.3322
    7.5000  -30.0000   45.0000 8901.1211   13.3419
   -7.5000  -22.5000   45.0000 9984.3271   13.2913
    0.0000  -22.5000   45.000010373.1309   13.3050
    7.5000  -22.5000   45.0000 9914.0371   13.3176
   -7.5000  -15.0000   45.000010939.1826   13.2954
    0.0000  -15.0000   45.000011344.3359   13.3076
    7.5000  -15.0000   45.000010826.8281   13.3229
   -7.5000   -7.5000   45.000011865.2998   13.2859
    0.0000   -7.5000   45.000012310.9707   13.2927
    7.5000   -7.5000   45.000011748.6572   13.3078
   -7.5000    0.0000   45.000012733.2051   13.2725
    0.0000    0.0000   45.000013228.6709   13.2761
    7.5000    0.0000   45.000012622.2129   13.2894
   -7.5000    7.5000   45.000012579.3330   13.2709
    0.0000    7.5000   45.000013042.4844   13.2760
    7.5000    7.5000   45.000012467.5312   13.2865
   -7.5000   15.0000   45.000012239.2568   13.2799
    0.0000   15.0000   45.000012684.5166   13.2898
    7.5000   15.0000   45.000012117.5928   13.2992
   -7.5000   22.5000   45.000011796.2051   13.2848
    0.0000   22.5000   45.000012238.1348   13.2985
    7.5000   22.5000   45.000011667.8613   13.3111
   -7.5000   30.0000   45.000011274.6914   13.1221
    0.0000   30.0000   45.000011696.6797   13.1342
    7.5000   30.0000   45.000011147.6211   13.1494
   -7.5000   37.5000   45.000010936.8262   13.1129
    0.0000   37.5000   45.000011361.4365   13.1195
    7.5000   37.5000   45.000010818.0049   13.1345
   -7.5000   45.0000   45.000010118.5439   12.7990
    0.0000   45.0000   45.000010509.9619   12.8025
    7.5000   45.0000   45.000010007.0469   12.8152

---------------------------------------------------------------------
imgreg_4dfp /opt/freesurfer/average/711-2C_as_mni_average_305 /opt/freesurfer/average/711-2B_as_mni_average_305_mask talsrcimg_g11 none talsrcimg_to_711-2C_as_mni_average_305_t4 4355
---------------------------------------------------------------------

freesurfer imgreg_4dfp.c
/opt/freesurfer/average/711-2C_as_mni_average_305.4dfp.img
       256       256       256         1
  1.000000  1.000000  1.000000
orientation T byte_order littleendian
Reading image: /opt/freesurfer/average/711-2C_as_mni_average_305.4dfp.img
dimensions:      256       256       256
mmppix:       1.0000   -1.0000   -1.0000
center:     128.0000 -129.0000 -129.0000
/opt/freesurfer/average/711-2B_as_mni_average_305_mask.4dfp.img
       256       256       256         1
  1.000000  1.000000  1.000000
orientation T byte_order littleendian
Reading mask: /opt/freesurfer/average/711-2B_as_mni_average_305_mask.4dfp.img (2306576 pixels)
talsrcimg_g11.4dfp.img
       256       256       256         1
  1.000000  1.000000  1.000000
orientation T byte_order littleendian
Reading image: talsrcimg_g11.4dfp.img
dimensions:      256       256       256
mmppix:       1.0000   -1.0000   -1.0000
center:     128.0000 -129.0000 -129.0000
rotation matrix determinant  1.000000
image alignment mode   4355 decimal     1103 hex
   -7.5000  -45.0000  -45.0000 2067.7600   15.7506
    0.0000  -45.0000  -45.0000 2073.6482   15.7951
    7.5000  -45.0000  -45.0000 2051.1208   16.0080
   -7.5000  -37.5000  -45.0000 2176.8105   14.1094
    0.0000  -37.5000  -45.0000 2180.6042   14.1451
    7.5000  -37.5000  -45.0000 2154.0674   14.3405
   -7.5000  -30.0000  -45.0000 2271.2935   12.8525
    0.0000  -30.0000  -45.0000 2272.5540   12.8229
    7.5000  -30.0000  -45.0000 2249.2688   13.0601
   -7.5000  -22.5000  -45.0000 2347.5200   11.9230
    0.0000  -22.5000  -45.0000 2347.3735   11.8837
    7.5000  -22.5000  -45.0000 2323.2432   12.0936
   -7.5000  -15.0000  -45.0000 2393.7788   11.2904
    0.0000  -15.0000  -45.0000 2391.4614   11.2099
    7.5000  -15.0000  -45.0000 2368.4734   11.4146
   -7.5000   -7.5000  -45.0000 2429.4314   10.8471
    0.0000   -7.5000  -45.0000 2435.0020   10.7855
    7.5000   -7.5000  -45.0000 2407.7273   10.9642
   -7.5000    0.0000  -45.0000 2444.1223   10.6359
    0.0000    0.0000  -45.0000 2449.8328   10.5836
    7.5000    0.0000  -45.0000 2424.1106   10.7640
   -7.5000    7.5000  -45.0000 2451.8904   10.5900
    0.0000    7.5000  -45.0000 2450.5825   10.5254
    7.5000    7.5000  -45.0000 2426.5452   10.7236
   -7.5000   15.0000  -45.0000 2445.6482   10.7295
    0.0000   15.0000  -45.0000 2448.1987   10.6453
    7.5000   15.0000  -45.0000 2421.8301   10.8614
   -7.5000   22.5000  -45.0000 2418.4404   11.0585
    0.0000   22.5000  -45.0000 2422.3896   10.9790
    7.5000   22.5000  -45.0000 2392.3660   11.1908
   -7.5000   30.0000  -45.0000 2369.8650   11.5564
    0.0000   30.0000  -45.0000 2374.9463   11.5127
    7.5000   30.0000  -45.0000 2343.5227   11.7083
   -7.5000   37.5000  -45.0000 2305.5999   12.2399
    0.0000   37.5000  -45.0000 2311.0212   12.1811
    7.5000   37.5000  -45.0000 2281.4578   12.4045
   -7.5000   45.0000  -45.0000 2225.1948   13.1488
    0.0000   45.0000  -45.0000 2229.2534   13.0947
    7.5000   45.0000  -45.0000 2202.4382   13.3101
   -7.5000  -45.0000  -37.5000 2126.5269   14.8065
    0.0000  -45.0000  -37.5000 2133.6338   14.8514
    7.5000  -45.0000  -37.5000 2105.6785   15.0900
   -7.5000  -37.5000  -37.5000 2251.8972   13.2623
    0.0000  -37.5000  -37.5000 2254.1589   13.2866
    7.5000  -37.5000  -37.5000 2222.8799   13.5119
   -7.5000  -30.0000  -37.5000 2350.2739   12.0888
    0.0000  -30.0000  -37.5000 2356.7581   12.0713
    7.5000  -30.0000  -37.5000 2325.5859   12.2873
   -7.5000  -22.5000  -37.5000 2435.6606   11.1944
    0.0000  -22.5000  -37.5000 2437.2856   11.1472
    7.5000  -22.5000  -37.5000 2410.6963   11.3559
   -7.5000  -15.0000  -37.5000 2488.3035   10.5517
    0.0000  -15.0000  -37.5000 2492.7866   10.4787
    7.5000  -15.0000  -37.5000 2467.7158   10.6707
   -7.5000   -7.5000  -37.5000 2526.4221   10.0988
    0.0000   -7.5000  -37.5000 2531.9177   10.0378
    7.5000   -7.5000  -37.5000 2505.1729   10.2361
   -7.5000    0.0000  -37.5000 2544.9563    9.8706
    0.0000    0.0000  -37.5000 2551.9675    9.8044
    7.5000    0.0000  -37.5000 2524.5352   10.0049
   -7.5000    7.5000  -37.5000 2551.4121    9.8093
    0.0000    7.5000  -37.5000 2551.6350    9.7604
    7.5000    7.5000  -37.5000 2529.6611    9.9472
   -7.5000   15.0000  -37.5000 2547.7180    9.9281
    0.0000   15.0000  -37.5000 2549.7319    9.8638
    7.5000   15.0000  -37.5000 2523.5588   10.0604
   -7.5000   22.5000  -37.5000 2519.8794   10.2021
    0.0000   22.5000  -37.5000 2524.8708   10.1522
    7.5000   22.5000  -37.5000 2492.3054   10.3542
   -7.5000   30.0000  -37.5000 2470.7991   10.6290
    0.0000   30.0000  -37.5000 2476.0522   10.5986
    7.5000   30.0000  -37.5000 2442.6201   10.8071
   -7.5000   37.5000  -37.5000 2406.8865   11.2465
    0.0000   37.5000  -37.5000 2410.8462   11.1892
    7.5000   37.5000  -37.5000 2380.1284   11.4319
   -7.5000   45.0000  -37.5000 2322.4470   12.0653
    0.0000   45.0000  -37.5000 2325.3662   11.9937
    7.5000   45.0000  -37.5000 2298.1045   12.2191
   -7.5000  -45.0000  -30.0000 2221.2559   14.5357
    0.0000  -45.0000  -30.0000 2230.5793   14.5822
    7.5000  -45.0000  -30.0000 2203.0364   14.8642
   -7.5000  -37.5000  -30.0000 2357.1821   13.0198
    0.0000  -37.5000  -30.0000 2364.3286   13.0433
    7.5000  -37.5000  -30.0000 2329.1431   13.2978
   -7.5000  -30.0000  -30.0000 2468.7258   11.8326
    0.0000  -30.0000  -30.0000 2476.7876   11.8442
    7.5000  -30.0000  -30.0000 2441.8779   12.0722
   -7.5000  -22.5000  -30.0000 2558.1426   10.9016
    0.0000  -22.5000  -30.0000 2560.8420   10.8811
    7.5000  -22.5000  -30.0000 2533.7834   11.0874
   -7.5000  -15.0000  -30.0000 2623.8140   10.2164
    0.0000  -15.0000  -30.0000 2627.5784   10.1776
    7.5000  -15.0000  -30.0000 2602.9690   10.3762
   -7.5000   -7.5000  -30.0000 2664.4312    9.7789
    0.0000   -7.5000  -30.0000 2667.5896    9.7393
    7.5000   -7.5000  -30.0000 2641.0344    9.9163
   -7.5000    0.0000  -30.0000 2688.9170    9.5304
    0.0000    0.0000  -30.0000 2696.5698    9.4735
    7.5000    0.0000  -30.0000 2666.5981    9.6560
   -7.5000    7.5000  -30.0000 2696.9739    9.4543
    0.0000    7.5000  -30.0000 2701.8445    9.4072
    7.5000    7.5000  -30.0000 2672.3677    9.6155
   -7.5000   15.0000  -30.0000 2691.5408    9.5405
    0.0000   15.0000  -30.0000 2698.1265    9.4868
    7.5000   15.0000  -30.0000 2664.4255    9.7040
   -7.5000   22.5000  -30.0000 2667.1465    9.7851
    0.0000   22.5000  -30.0000 2673.2842    9.7391
    7.5000   22.5000  -30.0000 2637.0393    9.9600
   -7.5000   30.0000  -30.0000 2620.9402   10.1712
    0.0000   30.0000  -30.0000 2626.9673   10.1344
    7.5000   30.0000  -30.0000 2593.5889   10.3737
   -7.5000   37.5000  -30.0000 2552.7349   10.7555
    0.0000   37.5000  -30.0000 2556.3989   10.6808
    7.5000   37.5000  -30.0000 2523.1851   10.9291
   -7.5000   45.0000  -30.0000 2456.3384   11.5474
    0.0000   45.0000  -30.0000 2463.1592   11.4527
    7.5000   45.0000  -30.0000 2431.9785   11.6768
   -7.5000  -45.0000  -22.5000 2283.8735   14.2574
    0.0000  -45.0000  -22.5000 2293.6584   14.2784
    7.5000  -45.0000  -22.5000 2267.6438   14.5069
   -7.5000  -37.5000  -22.5000 2424.1753   12.7153
    0.0000  -37.5000  -22.5000 2434.4082   12.7584
    7.5000  -37.5000  -22.5000 2404.5015   12.9838
   -7.5000  -30.0000  -22.5000 2545.4951   11.5317
    0.0000  -30.0000  -22.5000 2552.9341   11.5625
    7.5000  -30.0000  -22.5000 2520.8550   11.7668
   -7.5000  -22.5000  -22.5000 2635.1125   10.5783
    0.0000  -22.5000  -22.5000 2642.7781   10.5763
    7.5000  -22.5000  -22.5000 2614.5862   10.7717
   -7.5000  -15.0000  -22.5000 2712.5181    9.8509
    0.0000  -15.0000  -22.5000 2720.3442    9.8274
    7.5000  -15.0000  -22.5000 2691.2524   10.0226
   -7.5000   -7.5000  -22.5000 2765.9155    9.3945
    0.0000   -7.5000  -22.5000 2771.1428    9.3635
    7.5000   -7.5000  -22.5000 2740.4631    9.5441
   -7.5000    0.0000  -22.5000 2800.8865    9.1407
    0.0000    0.0000  -22.5000 2806.3186    9.0863
    7.5000    0.0000  -22.5000 2768.0156    9.2836
   -7.5000    7.5000  -22.5000 2813.0315    9.0588
    0.0000    7.5000  -22.5000 2819.2617    8.9808
    7.5000    7.5000  -22.5000 2779.2947    9.2253
   -7.5000   15.0000  -22.5000 2806.9404    9.1192
    0.0000   15.0000  -22.5000 2815.5686    9.0392
    7.5000   15.0000  -22.5000 2776.2825    9.2930
   -7.5000   22.5000  -22.5000 2785.5012    9.3326
    0.0000   22.5000  -22.5000 2795.8276    9.2805
    7.5000   22.5000  -22.5000 2753.0598    9.5184
   -7.5000   30.0000  -22.5000 2738.3616    9.6989
    0.0000   30.0000  -22.5000 2748.8372    9.6501
    7.5000   30.0000  -22.5000 2710.7197    9.8803
   -7.5000   37.5000  -22.5000 2663.4873   10.2317
    0.0000   37.5000  -22.5000 2672.4636   10.1653
    7.5000   37.5000  -22.5000 2633.5588   10.3936
   -7.5000   45.0000  -22.5000 2563.5210   10.9770
    0.0000   45.0000  -22.5000 2571.1821   10.8839
    7.5000   45.0000  -22.5000 2537.1929   11.1088
   -7.5000  -45.0000  -15.0000 2308.3782   14.0094
    0.0000  -45.0000  -15.0000 2318.9097   13.9937
    7.5000  -45.0000  -15.0000 2293.1487   14.2065
   -7.5000  -37.5000  -15.0000 2454.6975   12.4750
    0.0000  -37.5000  -15.0000 2466.2439   12.4817
    7.5000  -37.5000  -15.0000 2434.7522   12.7116
   -7.5000  -30.0000  -15.0000 2582.2620   11.2757
    0.0000  -30.0000  -15.0000 2588.0771   11.2722
    7.5000  -30.0000  -15.0000 2556.6089   11.4906
   -7.5000  -22.5000  -15.0000 2673.8416   10.2938
    0.0000  -22.5000  -15.0000 2680.0259   10.2890
    7.5000  -22.5000  -15.0000 2648.6150   10.4885
   -7.5000  -15.0000  -15.0000 2758.4075    9.5444
    0.0000  -15.0000  -15.0000 2766.9316    9.5221
    7.5000  -15.0000  -15.0000 2731.8110    9.7073
   -7.5000   -7.5000  -15.0000 2822.7026    9.0505
    0.0000   -7.5000  -15.0000 2828.4885    9.0157
    7.5000   -7.5000  -15.0000 2798.2900    9.1896
   -7.5000    0.0000  -15.0000 2863.1370    8.7901
    0.0000    0.0000  -15.0000 2864.5122    8.7487
    7.5000    0.0000  -15.0000 2828.7925    8.9200
   -7.5000    7.5000  -15.0000 2885.5095    8.6698
    0.0000    7.5000  -15.0000 2890.5293    8.6138
    7.5000    7.5000  -15.0000 2849.1057    8.8279
   -7.5000   15.0000  -15.0000 2884.5813    8.6982
    0.0000   15.0000  -15.0000 2892.2979    8.6400
    7.5000   15.0000  -15.0000 2846.7510    8.8841
   -7.5000   22.5000  -15.0000 2870.2212    8.9027
    0.0000   22.5000  -15.0000 2882.0835    8.8589
    7.5000   22.5000  -15.0000 2832.3721    9.1015
   -7.5000   30.0000  -15.0000 2818.2126    9.2568
    0.0000   30.0000  -15.0000 2833.0005    9.2088
    7.5000   30.0000  -15.0000 2788.3733    9.4345
   -7.5000   37.5000  -15.0000 2744.8408    9.7455
    0.0000   37.5000  -15.0000 2753.5076    9.7000
    7.5000   37.5000  -15.0000 2713.6538    9.9094
   -7.5000   45.0000  -15.0000 2642.4893   10.4560
    0.0000   45.0000  -15.0000 2650.4221   10.3865
    7.5000   45.0000  -15.0000 2614.5269   10.6070
   -7.5000  -45.0000   -7.5000 2311.7092   13.8442
    0.0000  -45.0000   -7.5000 2323.1594   13.8233
    7.5000  -45.0000   -7.5000 2294.8330   14.0529
   -7.5000  -37.5000   -7.5000 2457.8792   12.2878
    0.0000  -37.5000   -7.5000 2470.2954   12.2777
    7.5000  -37.5000   -7.5000 2441.8333   12.4712
   -7.5000  -30.0000   -7.5000 2587.8215   11.0764
    0.0000  -30.0000   -7.5000 2595.5461   11.0461
    7.5000  -30.0000   -7.5000 2565.6963   11.2293
   -7.5000  -22.5000   -7.5000 2683.5911   10.0822
    0.0000  -22.5000   -7.5000 2688.8704   10.0542
    7.5000  -22.5000   -7.5000 2660.9309   10.2112
   -7.5000  -15.0000   -7.5000 2772.6687    9.3162
    0.0000  -15.0000   -7.5000 2773.2964    9.2893
    7.5000  -15.0000   -7.5000 2746.6074    9.4486
   -7.5000   -7.5000   -7.5000 2847.3037    8.7786
    0.0000   -7.5000   -7.5000 2849.3538    8.7581
    7.5000   -7.5000   -7.5000 2823.4292    8.9107
   -7.5000    0.0000   -7.5000 2892.2214    8.5051
    0.0000    0.0000   -7.5000 2892.2617    8.4866
    7.5000    0.0000   -7.5000 2865.0991    8.6264
   -7.5000    7.5000   -7.5000 2924.9299    8.3849
    0.0000    7.5000   -7.5000 2928.3682    8.3627
    7.5000    7.5000   -7.5000 2889.2407    8.5194
   -7.5000   15.0000   -7.5000 2936.8604    8.3776
    0.0000   15.0000   -7.5000 2939.9021    8.3603
    7.5000   15.0000   -7.5000 2894.8337    8.5445
   -7.5000   22.5000   -7.5000 2929.8618    8.5316
    0.0000   22.5000   -7.5000 2935.2610    8.5126
    7.5000   22.5000   -7.5000 2884.2722    8.7047
   -7.5000   30.0000   -7.5000 2878.7507    8.8644
    0.0000   30.0000   -7.5000 2889.0562    8.8236
    7.5000   30.0000   -7.5000 2842.5759    8.9906
   -7.5000   37.5000   -7.5000 2800.2146    9.3298
    0.0000   37.5000   -7.5000 2809.5581    9.2779
    7.5000   37.5000   -7.5000 2768.8157    9.4574
   -7.5000   45.0000   -7.5000 2693.8745   10.0231
    0.0000   45.0000   -7.5000 2704.2339    9.9422
    7.5000   45.0000   -7.5000 2670.9868   10.1376
   -7.5000  -45.0000    0.0000 2294.2444   13.8319
    0.0000  -45.0000    0.0000 2304.5513   13.7864
    7.5000  -45.0000    0.0000 2279.1956   13.9897
   -7.5000  -37.5000    0.0000 2443.2952   12.2685
    0.0000  -37.5000    0.0000 2451.8384   12.2145
    7.5000  -37.5000    0.0000 2426.2388   12.4090
   -7.5000  -30.0000    0.0000 2570.4260   10.9967
    0.0000  -30.0000    0.0000 2577.0173   10.9496
    7.5000  -30.0000    0.0000 2550.8010   11.1397
   -7.5000  -22.5000    0.0000 2672.5718    9.9909
    0.0000  -22.5000    0.0000 2674.4033    9.9588
    7.5000  -22.5000    0.0000 2652.3828   10.1384
   -7.5000  -15.0000    0.0000 2763.2183    9.2104
    0.0000  -15.0000    0.0000 2766.3835    9.2043
    7.5000  -15.0000    0.0000 2740.3757    9.3595
   -7.5000   -7.5000    0.0000 2849.8679    8.6545
    0.0000   -7.5000    0.0000 2852.2505    8.6553
    7.5000   -7.5000    0.0000 2828.7307    8.7896
   -7.5000    0.0000    0.0000 2907.6150    8.3663
    0.0000    0.0000    0.0000 2910.3840    8.3553
    7.5000    0.0000    0.0000 2880.9670    8.4507
   -7.5000    7.5000    0.0000 2951.1135    8.2900
    0.0000    7.5000    0.0000 2954.9570    8.2801
    7.5000    7.5000    0.0000 2917.0840    8.3223
   -7.5000   15.0000    0.0000 2972.8035    8.2597
    0.0000   15.0000    0.0000 2979.5720    8.2558
    7.5000   15.0000    0.0000 2928.8618    8.3285
   -7.5000   22.5000    0.0000 2968.5698    8.3169
    0.0000   22.5000    0.0000 2978.1602    8.3035
    7.5000   22.5000    0.0000 2919.3855    8.4330
   -7.5000   30.0000    0.0000 2915.8130    8.5768
    0.0000   30.0000    0.0000 2929.5791    8.5489
    7.5000   30.0000    0.0000 2877.5000    8.6973
   -7.5000   37.5000    0.0000 2837.6851    9.0317
    0.0000   37.5000    0.0000 2849.0964    8.9976
    7.5000   37.5000    0.0000 2806.0205    9.1658
   -7.5000   45.0000    0.0000 2726.8623    9.7182
    0.0000   45.0000    0.0000 2737.1553    9.6493
    7.5000   45.0000    0.0000 2705.2512    9.8310
   -7.5000  -45.0000    7.5000 2275.7664   13.9773
    0.0000  -45.0000    7.5000 2278.7495   13.8810
    7.5000  -45.0000    7.5000 2259.8582   14.1461
   -7.5000  -37.5000    7.5000 2415.7798   12.3834
    0.0000  -37.5000    7.5000 2424.4670   12.3082
    7.5000  -37.5000    7.5000 2400.6338   12.5364
   -7.5000  -30.0000    7.5000 2535.5669   11.0918
    0.0000  -30.0000    7.5000 2537.3708   11.0186
    7.5000  -30.0000    7.5000 2520.2021   11.2587
   -7.5000  -22.5000    7.5000 2641.2112   10.0946
    0.0000  -22.5000    7.5000 2640.6206   10.0612
    7.5000  -22.5000    7.5000 2627.4648   10.2450
   -7.5000  -15.0000    7.5000 2740.6772    9.2871
    0.0000  -15.0000    7.5000 2740.0005    9.2954
    7.5000  -15.0000    7.5000 2720.2637    9.4364
   -7.5000   -7.5000    7.5000 2834.7500    8.7035
    0.0000   -7.5000    7.5000 2833.7893    8.7188
    7.5000   -7.5000    7.5000 2809.6157    8.8172
   -7.5000    0.0000    7.5000 2905.9226    8.3281
    0.0000    0.0000    7.5000 2909.4373    8.3289
    7.5000    0.0000    7.5000 2878.1440    8.4161
   -7.5000    7.5000    7.5000 2966.7869    8.2091
    0.0000    7.5000    7.5000 2973.5515    8.2089
    7.5000    7.5000    7.5000 2930.3088    8.2615
   -7.5000   15.0000    7.5000 2992.3909    8.2055
    0.0000   15.0000    7.5000 3005.5710    8.2179
    7.5000   15.0000    7.5000 2950.0913    8.2624
   -7.5000   22.5000    7.5000 2984.6760    8.2784
    0.0000   22.5000    7.5000 2999.5388    8.2725
    7.5000   22.5000    7.5000 2936.2751    8.3704
   -7.5000   30.0000    7.5000 2931.0464    8.5138
    0.0000   30.0000    7.5000 2945.0679    8.4968
    7.5000   30.0000    7.5000 2889.4500    8.6390
   -7.5000   37.5000    7.5000 2851.8599    8.9484
    0.0000   37.5000    7.5000 2862.7107    8.9145
    7.5000   37.5000    7.5000 2823.1743    9.0889
   -7.5000   45.0000    7.5000 2737.8013    9.6084
    0.0000   45.0000    7.5000 2749.7881    9.5453
    7.5000   45.0000    7.5000 2720.2400    9.7473
   -7.5000  -45.0000   15.0000 2245.1943   14.3922
    0.0000  -45.0000   15.0000 2247.8416   14.2654
    7.5000  -45.0000   15.0000 2229.9971   14.5442
   -7.5000  -37.5000   15.0000 2375.7749   12.7743
    0.0000  -37.5000   15.0000 2386.1621   12.7197
    7.5000  -37.5000   15.0000 2363.8303   12.9232
   -7.5000  -30.0000   15.0000 2489.0383   11.4256
    0.0000  -30.0000   15.0000 2489.7449   11.3942
    7.5000  -30.0000   15.0000 2472.3462   11.5910
   -7.5000  -22.5000   15.0000 2599.7795   10.3435
    0.0000  -22.5000   15.0000 2600.0393   10.3317
    7.5000  -22.5000   15.0000 2584.1453   10.5075
   -7.5000  -15.0000   15.0000 2704.5256    9.4619
    0.0000  -15.0000   15.0000 2706.1785    9.4772
    7.5000  -15.0000   15.0000 2685.1138    9.6196
   -7.5000   -7.5000   15.0000 2806.7234    8.7953
    0.0000   -7.5000   15.0000 2808.3772    8.8272
    7.5000   -7.5000   15.0000 2782.3640    8.9548
   -7.5000    0.0000   15.0000 2893.1790    8.3430
    0.0000    0.0000   15.0000 2896.6880    8.3685
    7.5000    0.0000   15.0000 2864.9243    8.5075
   -7.5000    7.5000   15.0000 2958.6553    8.1843
    0.0000    7.5000   15.0000 2971.9548    8.1959
    7.5000    7.5000   15.0000 2928.2988    8.3298
   -7.5000   15.0000   15.0000 2994.3997    8.1454
    0.0000   15.0000   15.0000 3019.4409    8.1685
    7.5000   15.0000   15.0000 2959.7441    8.2910
   -7.5000   22.5000   15.0000 2983.1653    8.2282
    0.0000   22.5000   15.0000 3001.6521    8.2206
    7.5000   22.5000   15.0000 2942.9851    8.4094
   -7.5000   30.0000   15.0000 2923.5916    8.5243
    0.0000   30.0000   15.0000 2940.3730    8.4835
    7.5000   30.0000   15.0000 2885.1274    8.6999
   -7.5000   37.5000   15.0000 2837.4441    9.0348
    0.0000   37.5000   15.0000 2852.9153    8.9853
    7.5000   37.5000   15.0000 2811.2920    9.1839
   -7.5000   45.0000   15.0000 2723.5657    9.7187
    0.0000   45.0000   15.0000 2732.9626    9.6655
    7.5000   45.0000   15.0000 2707.6543    9.8540
   -7.5000  -45.0000   22.5000 2204.7578   15.0075
    0.0000  -45.0000   22.5000 2212.0322   14.9733
    7.5000  -45.0000   22.5000 2190.5266   15.2096
   -7.5000  -37.5000   22.5000 2337.3418   13.2858
    0.0000  -37.5000   22.5000 2348.6326   13.2930
    7.5000  -37.5000   22.5000 2324.1184   13.4821
   -7.5000  -30.0000   22.5000 2443.8262   11.8231
    0.0000  -30.0000   22.5000 2448.6558   11.8145
    7.5000  -30.0000   22.5000 2430.5986   12.0036
   -7.5000  -22.5000   22.5000 2558.5967   10.6640
    0.0000  -22.5000   22.5000 2563.3989   10.6402
    7.5000  -22.5000   22.5000 2543.0781   10.8365
   -7.5000  -15.0000   22.5000 2663.9775    9.7327
    0.0000  -15.0000   22.5000 2669.6536    9.7220
    7.5000  -15.0000   22.5000 2645.8225    9.8972
   -7.5000   -7.5000   22.5000 2767.1873    9.0177
    0.0000   -7.5000   22.5000 2769.0920    9.0157
    7.5000   -7.5000   22.5000 2742.4807    9.1930
   -7.5000    0.0000   22.5000 2858.5017    8.5515
    0.0000    0.0000   22.5000 2862.9336    8.5431
    7.5000    0.0000   22.5000 2834.2429    8.7121
   -7.5000    7.5000   22.5000 2930.9055    8.3552
    0.0000    7.5000   22.5000 2942.8374    8.3629
    7.5000    7.5000   22.5000 2904.4897    8.4900
   -7.5000   15.0000   22.5000 2964.1863    8.2741
    0.0000   15.0000   22.5000 2991.6802    8.2743
    7.5000   15.0000   22.5000 2935.2390    8.4540
   -7.5000   22.5000   22.5000 2950.2986    8.3527
    0.0000   22.5000   22.5000 2973.0474    8.3092
    7.5000   22.5000   22.5000 2919.9067    8.5669
   -7.5000   30.0000   22.5000 2897.9924    8.6768
    0.0000   30.0000   22.5000 2914.1760    8.6210
    7.5000   30.0000   22.5000 2865.9807    8.8632
   -7.5000   37.5000   22.5000 2810.6929    9.2185
    0.0000   37.5000   22.5000 2826.8569    9.1564
    7.5000   37.5000   22.5000 2789.8003    9.3653
   -7.5000   45.0000   22.5000 2690.0552    9.9624
    0.0000   45.0000   22.5000 2700.5259    9.8896
    7.5000   45.0000   22.5000 2679.5857   10.0664
   -7.5000  -45.0000   30.0000 2157.3552   15.7661
    0.0000  -45.0000   30.0000 2167.3025   15.7342
    7.5000  -45.0000   30.0000 2141.0105   15.9778
   -7.5000  -37.5000   30.0000 2290.7993   13.9013
    0.0000  -37.5000   30.0000 2303.9985   13.8680
    7.5000  -37.5000   30.0000 2277.9739   14.1213
   -7.5000  -30.0000   30.0000 2398.8318   12.3298
    0.0000  -30.0000   30.0000 2408.1743   12.2700
    7.5000  -30.0000   30.0000 2388.3191   12.5344
   -7.5000  -22.5000   30.0000 2512.2849   11.0981
    0.0000  -22.5000   30.0000 2518.6221   11.0357
    7.5000  -22.5000   30.0000 2496.8142   11.2717
   -7.5000  -15.0000   30.0000 2615.1953   10.1211
    0.0000  -15.0000   30.0000 2618.0137   10.0805
    7.5000  -15.0000   30.0000 2597.0444   10.2806
   -7.5000   -7.5000   30.0000 2713.9905    9.3884
    0.0000   -7.5000   30.0000 2718.5752    9.3381
    7.5000   -7.5000   30.0000 2693.8875    9.5304
   -7.5000    0.0000   30.0000 2805.7356    8.9200
    0.0000    0.0000   30.0000 2815.9517    8.8827
    7.5000    0.0000   30.0000 2784.0266    9.0578
   -7.5000    7.5000   30.0000 2876.0005    8.6819
    0.0000    7.5000   30.0000 2890.3567    8.6824
    7.5000    7.5000   30.0000 2853.0664    8.8307
   -7.5000   15.0000   30.0000 2911.1975    8.6046
    0.0000   15.0000   30.0000 2926.0850    8.5682
    7.5000   15.0000   30.0000 2880.1746    8.7885
   -7.5000   22.5000   30.0000 2899.0210    8.7103
    0.0000   22.5000   30.0000 2906.1199    8.6641
    7.5000   22.5000   30.0000 2868.0879    8.9044
   -7.5000   30.0000   30.0000 2845.3303    9.0540
    0.0000   30.0000   30.0000 2858.0752    8.9978
    7.5000   30.0000   30.0000 2821.2249    9.2147
   -7.5000   37.5000   30.0000 2765.0603    9.5597
    0.0000   37.5000   30.0000 2778.1123    9.4814
    7.5000   37.5000   30.0000 2744.3071    9.6944
   -7.5000   45.0000   30.0000 2643.6143   10.2727
    0.0000   45.0000   30.0000 2657.8296   10.1899
    7.5000   45.0000   30.0000 2638.8245   10.3822
   -7.5000  -45.0000   37.5000 2101.5115   16.6149
    0.0000  -45.0000   37.5000 2108.3428   16.5487
    7.5000  -45.0000   37.5000 2084.2925   16.8318
   -7.5000  -37.5000   37.5000 2234.8877   14.6616
    0.0000  -37.5000   37.5000 2246.7903   14.5422
    7.5000  -37.5000   37.5000 2221.0640   14.8170
   -7.5000  -30.0000   37.5000 2349.7820   12.9998
    0.0000  -30.0000   37.5000 2358.6890   12.8949
    7.5000  -30.0000   37.5000 2337.3040   13.1787
   -7.5000  -22.5000   37.5000 2462.5017   11.6784
    0.0000  -22.5000   37.5000 2469.3755   11.5856
    7.5000  -22.5000   37.5000 2445.3445   11.8409
   -7.5000  -15.0000   37.5000 2560.9211   10.6596
    0.0000  -15.0000   37.5000 2565.1653   10.5625
    7.5000  -15.0000   37.5000 2541.9075   10.8000
   -7.5000   -7.5000   37.5000 2660.9875    9.9072
    0.0000   -7.5000   37.5000 2665.6562    9.8161
    7.5000   -7.5000   37.5000 2640.1892   10.0354
   -7.5000    0.0000   37.5000 2749.0554    9.4358
    0.0000    0.0000   37.5000 2756.5813    9.3828
    7.5000    0.0000   37.5000 2725.8516    9.5600
   -7.5000    7.5000   37.5000 2809.0071    9.1604
    0.0000    7.5000   37.5000 2823.9451    9.1037
    7.5000    7.5000   37.5000 2787.0947    9.2991
   -7.5000   15.0000   37.5000 2836.5815    9.0819
    0.0000   15.0000   37.5000 2848.5186    9.0181
    7.5000   15.0000   37.5000 2806.0669    9.2469
   -7.5000   22.5000   37.5000 2827.9585    9.2170
    0.0000   22.5000   37.5000 2828.8755    9.1804
    7.5000   22.5000   37.5000 2799.0693    9.3666
   -7.5000   30.0000   37.5000 2774.8567    9.5668
    0.0000   30.0000   37.5000 2782.6174    9.5221
    7.5000   30.0000   37.5000 2753.5913    9.7151
   -7.5000   37.5000   37.5000 2697.8569   10.0526
    0.0000   37.5000   37.5000 2709.1477    9.9775
    7.5000   37.5000   37.5000 2681.2351   10.1913
   -7.5000   45.0000   37.5000 2588.9287   10.7289
    0.0000   45.0000   37.5000 2602.7722   10.6403
    7.5000   45.0000   37.5000 2580.8862   10.8532
   -7.5000  -45.0000   45.0000 2033.4928   17.6109
    0.0000  -45.0000   45.0000 2039.6283   17.5133
    7.5000  -45.0000   45.0000 2021.0411   17.8172
   -7.5000  -37.5000   45.0000 2169.1680   15.5085
    0.0000  -37.5000   45.0000 2179.6252   15.3415
    7.5000  -37.5000   45.0000 2154.9761   15.6502
   -7.5000  -30.0000   45.0000 2288.6580   13.8303
    0.0000  -30.0000   45.0000 2295.3792   13.6448
    7.5000  -30.0000   45.0000 2274.2100   13.9701
   -7.5000  -22.5000   45.0000 2401.7646   12.4491
    0.0000  -22.5000   45.0000 2409.4199   12.2909
    7.5000  -22.5000   45.0000 2386.8428   12.5851
   -7.5000  -15.0000   45.0000 2500.2275   11.3707
    0.0000  -15.0000   45.0000 2507.6113   11.2189
    7.5000  -15.0000   45.0000 2482.6523   11.4996
   -7.5000   -7.5000   45.0000 2594.9014   10.5895
    0.0000   -7.5000   45.0000 2604.7017   10.4727
    7.5000   -7.5000   45.0000 2577.6951   10.7193
   -7.5000    0.0000   45.0000 2678.8074   10.0640
    0.0000    0.0000   45.0000 2686.6548    9.9878
    7.5000    0.0000   45.0000 2658.4888   10.1983
   -7.5000    7.5000   45.0000 2734.3704    9.7682
    0.0000    7.5000   45.0000 2747.9771    9.6775
    7.5000    7.5000   45.0000 2715.4678    9.9037
   -7.5000   15.0000   45.0000 2748.5591    9.6910
    0.0000   15.0000   45.0000 2758.7939    9.6220
    7.5000   15.0000   45.0000 2723.8198    9.8344
   -7.5000   22.5000   45.0000 2738.3127    9.8471
    0.0000   22.5000   45.0000 2745.8225    9.8151
    7.5000   22.5000   45.0000 2714.1343    9.9913
   -7.5000   30.0000   45.0000 2691.0232   10.1852
    0.0000   30.0000   45.0000 2700.3599   10.1225
    7.5000   30.0000   45.0000 2673.2930   10.3020
   -7.5000   37.5000   45.0000 2615.9480   10.6563
    0.0000   37.5000   45.0000 2627.5549   10.5671
    7.5000   37.5000   45.0000 2601.8599   10.7785
   -7.5000   45.0000   45.0000 2519.8523   11.3287
    0.0000   45.0000   45.0000 2531.1572   11.2198
    7.5000   45.0000   45.0000 2507.4587   11.4537

---------------------------------------------------------------------
imgreg_4dfp /opt/freesurfer/average/711-2C_as_mni_average_305 /opt/freesurfer/average/711-2B_as_mni_average_305_mask talsrcimg_g11 none talsrcimg_to_711-2C_as_mni_average_305_t4 1283
---------------------------------------------------------------------

freesurfer imgreg_4dfp.c
/opt/freesurfer/average/711-2C_as_mni_average_305.4dfp.img
       256       256       256         1
  1.000000  1.000000  1.000000
orientation T byte_order littleendian
Reading image: /opt/freesurfer/average/711-2C_as_mni_average_305.4dfp.img
dimensions:      256       256       256
mmppix:       1.0000   -1.0000   -1.0000
center:     128.0000 -129.0000 -129.0000
/opt/freesurfer/average/711-2B_as_mni_average_305_mask.4dfp.img
       256       256       256         1
  1.000000  1.000000  1.000000
orientation T byte_order littleendian
Reading mask: /opt/freesurfer/average/711-2B_as_mni_average_305_mask.4dfp.img (2306576 pixels)
talsrcimg_g11.4dfp.img
       256       256       256         1
  1.000000  1.000000  1.000000
orientation T byte_order littleendian
Reading image: talsrcimg_g11.4dfp.img
dimensions:      256       256       256
mmppix:       1.0000   -1.0000   -1.0000
center:     128.0000 -129.0000 -129.0000
rotation matrix determinant  1.000000
fimgreg.f
image alignment mode   1283 decimal      503 hex
parameters
    0.0000   15.0000   15.0000    0.0000    0.0000    0.0000
eta,q 0.94671  8.16930
niter,ni,del,rscale     5    3   12.0000    1.2000
parameter  4  1.780133 ->  0.500000 qaram    1.1500
parameters
   -1.7453   16.0295   13.7802   -3.4500    0.4101    1.7432
eta,q 0.95376  8.12334
  0.0568  0.0633  0.0549  0.0452  0.0518  0.0544
  0.0527  0.0572  0.0532  0.0465  0.0499  0.0517
  0.0511  0.0529  0.0515  0.0485  0.0484  0.0491
  0.0528  0.0510  0.0509  0.0509  0.0470  0.0469
  0.0559  0.0513  0.0528  0.0534  0.0470  0.0463
  0.0603  0.0533  0.0566  0.0570  0.0484  0.0475
  0.0671  0.0569  0.0604  0.0608  0.0513  0.0494
niter,ni,del,rscale     5    3   12.0000    1.2000
parameter  4  1.828859 ->  0.500000 qaram    1.3225
parameters
   -2.0074   17.4938   12.7723   -7.4175    0.9659    2.3523
eta,q 0.95863  8.14413
  0.0572  0.0566  0.0503  0.0393  0.0469  0.0475
  0.0503  0.0524  0.0479  0.0409  0.0446  0.0444
  0.0467  0.0486  0.0457  0.0428  0.0427  0.0421
  0.0462  0.0461  0.0456  0.0453  0.0415  0.0413
  0.0488  0.0456  0.0478  0.0493  0.0415  0.0418
  0.0527  0.0469  0.0508  0.0529  0.0428  0.0431
  0.0579  0.0503  0.0545  0.0567  0.0457  0.0453
niter,ni,del,rscale     5    3   12.0000    1.2000
parameter  4  1.278530 ->  0.500000 qaram    1.5209
parameters
   -2.0134   18.7321   12.1513  -11.9801    0.6016    2.4462
eta,q 0.96248  8.25792
  0.0542  0.0543  0.0463  0.0354  0.0435  0.0431
  0.0471  0.0471  0.0436  0.0371  0.0407  0.0403
  0.0430  0.0427  0.0416  0.0390  0.0384  0.0382
  0.0414  0.0414  0.0412  0.0411  0.0376  0.0375
  0.0430  0.0412  0.0426  0.0441  0.0390  0.0384
  0.0476  0.0425  0.0452  0.0484  0.0416  0.0400
  0.0540  0.0461  0.0488  0.0538  0.0452  0.0427
niter,ni,del,rscale     5    3   12.0000    1.2000
parameters
   -1.9565   20.6885   11.1183  -15.5820   -0.0360    3.0081
eta,q 0.96622  8.22043
  0.0528  0.0507  0.0419  0.0393  0.0385  0.0415
  0.0448  0.0446  0.0392  0.0338  0.0359  0.0379
  0.0395  0.0399  0.0371  0.0340  0.0344  0.0349
  0.0375  0.0375  0.0368  0.0367  0.0337  0.0337
  0.0398  0.0367  0.0388  0.0404  0.0349  0.0344
  0.0448  0.0363  0.0426  0.0450  0.0374  0.0361
  0.0519  0.0406  0.0470  0.0506  0.0414  0.0391
niter,ni,del,rscale     4    3   12.0000    1.2000
parameters
   -1.7113   20.6293   10.2660  -15.6423   -0.3394    3.2344
eta,q 0.96646  8.22214
  0.0504  0.0467  0.0393  0.0459  0.0386  0.0404
  0.0413  0.0394  0.0355  0.0396  0.0356  0.0368
  0.0355  0.0346  0.0337  0.0339  0.0342  0.0342
  0.0338  0.0338  0.0338  0.0335  0.0335  0.0335
  0.0360  0.0364  0.0356  0.0367  0.0342  0.0343
  0.0406  0.0405  0.0387  0.0404  0.0363  0.0362
  0.0470  0.0462  0.0430  0.0450  0.0399  0.0393
niter,ni,del,rscale     3    3   12.0000    1.2000
parameters
   -1.6425   20.7023   10.2056  -15.7075   -0.4801    3.3189
eta,q 0.96639  8.22260
  0.0488  0.0468  0.0411  0.0458  0.0388  0.0400
  0.0399  0.0396  0.0368  0.0397  0.0358  0.0366
  0.0346  0.0347  0.0342  0.0340  0.0342  0.0341
  0.0335  0.0336  0.0336  0.0336  0.0336  0.0336
  0.0359  0.0358  0.0348  0.0368  0.0341  0.0344
  0.0405  0.0397  0.0373  0.0404  0.0361  0.0364
  0.0470  0.0454  0.0411  0.0449  0.0394  0.0395
niter,ni,del,rscale     2    3   12.0000    1.2000
parameters
   -1.6039   20.7299   10.1849  -15.7319   -0.5327    3.3520
eta,q 0.96636  8.22301
  0.0486  0.0466  0.0412  0.0459  0.0389  0.0399
  0.0398  0.0395  0.0368  0.0399  0.0359  0.0365
  0.0346  0.0346  0.0342  0.0341  0.0343  0.0341
  0.0336  0.0336  0.0336  0.0336  0.0336  0.0336
  0.0360  0.0360  0.0348  0.0368  0.0340  0.0345
  0.0405  0.0399  0.0372  0.0404  0.0360  0.0365
  0.0470  0.0455  0.0410  0.0448  0.0392  0.0396
registration optimization eta report
parameter search radius
    6.0000    6.0000    6.0000    9.1253    6.0000    6.0000
100000*second partial in parameter space
       39.       34.       21.       14.       15.       17.
  0.0486  0.0466  0.0412  0.0459  0.0389  0.0399
  0.0398  0.0395  0.0368  0.0399  0.0359  0.0365
  0.0346  0.0346  0.0342  0.0341  0.0343  0.0341
  0.0336  0.0336  0.0336  0.0336  0.0336  0.0336
  0.0360  0.0360  0.0348  0.0368  0.0340  0.0345
  0.0405  0.0399  0.0372  0.0404  0.0360  0.0365
  0.0470  0.0455  0.0410  0.0448  0.0392  0.0396
   -1.6039   20.7299   10.1849  -15.7319   -0.5327    3.3520
eta,q 0.96636  8.22301

---------------------------------------------------------------------
imgreg_4dfp /opt/freesurfer/average/711-2C_as_mni_average_305 /opt/freesurfer/average/711-2B_as_mni_average_305_mask talsrcimg_g11 none talsrcimg_to_711-2C_as_mni_average_305_t4 3335
---------------------------------------------------------------------

freesurfer imgreg_4dfp.c
/opt/freesurfer/average/711-2C_as_mni_average_305.4dfp.img
       256       256       256         1
  1.000000  1.000000  1.000000
orientation T byte_order littleendian
Reading image: /opt/freesurfer/average/711-2C_as_mni_average_305.4dfp.img
dimensions:      256       256       256
mmppix:       1.0000   -1.0000   -1.0000
center:     128.0000 -129.0000 -129.0000
/opt/freesurfer/average/711-2B_as_mni_average_305_mask.4dfp.img
       256       256       256         1
  1.000000  1.000000  1.000000
orientation T byte_order littleendian
Reading mask: /opt/freesurfer/average/711-2B_as_mni_average_305_mask.4dfp.img (2306576 pixels)
talsrcimg_g11.4dfp.img
       256       256       256         1
  1.000000  1.000000  1.000000
orientation T byte_order littleendian
Reading image: talsrcimg_g11.4dfp.img
dimensions:      256       256       256
mmppix:       1.0000   -1.0000   -1.0000
center:     128.0000 -129.0000 -129.0000
fimgreg.f
image alignment mode   3335 decimal      D07 hex
parameters
   -1.6039   20.7299   10.1849   -0.1754   -3.9253   -3.7501
   -5.8796   -0.6920    5.8468   27.1196   -0.9297  -27.1125
eta,q 0.96883  8.19158
niter,ni,del,rscale     5    3    5.0000    1.2000
parameter  4  0.758179 ->  0.500000 qaram    1.1500
parameter  5  0.538780 ->  0.500000 qaram    1.1500
parameters
   -1.6777   20.5034    9.9542   -4.3154   -8.0653   -4.4451
   -4.7507    0.4087    6.6749   26.0058    1.7794  -28.3032
eta,q 0.97098  7.81835
  0.0339  0.0332  0.0322  0.0301  0.0300  0.0312  0.0323  0.0339  0.0310  0.0309  0.0301  0.0299
  0.0324  0.0319  0.0316  0.0301  0.0295  0.0301  0.0309  0.0318  0.0301  0.0298  0.0297  0.0294
  0.0315  0.0312  0.0312  0.0304  0.0295  0.0295  0.0299  0.0302  0.0295  0.0292  0.0294  0.0291
  0.0312  0.0312  0.0311  0.0311  0.0302  0.0294  0.0294  0.0293  0.0292  0.0292  0.0291  0.0290
  0.0316  0.0317  0.0314  0.0322  0.0315  0.0299  0.0294  0.0294  0.0293  0.0298  0.0290  0.0294
  0.0326  0.0326  0.0319  0.0338  0.0337  0.0307  0.0300  0.0303  0.0296  0.0308  0.0291  0.0299
  0.0343  0.0340  0.0327  0.0360  0.0362  0.0318  0.0309  0.0319  0.0303  0.0324  0.0293  0.0307
niter,ni,del,rscale     6    3    5.0000    1.2000
parameters
   -1.6737   20.4694    9.3736   -5.7059   -8.8173   -5.3662
   -4.6827    0.3062    6.5405   26.1920    1.2001  -29.1073
eta,q 0.97120  7.69597
  0.0319  0.0311  0.0298  0.0304  0.0308  0.0309  0.0311  0.0325  0.0302  0.0313  0.0294  0.0298
  0.0303  0.0299  0.0292  0.0293  0.0300  0.0297  0.0299  0.0305  0.0294  0.0300  0.0290  0.0292
  0.0294  0.0292  0.0289  0.0288  0.0293  0.0290  0.0291  0.0292  0.0289  0.0291  0.0289  0.0289
  0.0290  0.0290  0.0290  0.0289  0.0288  0.0289  0.0288  0.0288  0.0288  0.0288  0.0288  0.0288
  0.0293  0.0293  0.0294  0.0294  0.0291  0.0296  0.0290  0.0294  0.0290  0.0291  0.0289  0.0290
  0.0303  0.0300  0.0301  0.0303  0.0302  0.0308  0.0298  0.0307  0.0295  0.0298  0.0292  0.0296
  0.0319  0.0312  0.0310  0.0318  0.0323  0.0321  0.0310  0.0327  0.0303  0.0310  0.0296  0.0303
niter,ni,del,rscale     5    3    5.0000    1.2000
parameters
   -1.7186   20.5171    8.8969   -5.8610   -8.9495   -6.0035
   -4.6367    0.2381    6.6101   26.4948    0.7532  -29.6181
eta,q 0.97129  7.66678
  0.0316  0.0309  0.0297  0.0310  0.0309  0.0311  0.0310  0.0324  0.0301  0.0312  0.0293  0.0297
  0.0301  0.0297  0.0290  0.0297  0.0300  0.0298  0.0297  0.0305  0.0293  0.0299  0.0289  0.0292
  0.0291  0.0290  0.0288  0.0289  0.0293  0.0289  0.0290  0.0291  0.0289  0.0290  0.0287  0.0288
  0.0288  0.0288  0.0288  0.0287  0.0287  0.0287  0.0287  0.0287  0.0287  0.0287  0.0287  0.0287
  0.0291  0.0290  0.0292  0.0291  0.0288  0.0294  0.0290  0.0292  0.0289  0.0289  0.0288  0.0289
  0.0302  0.0297  0.0298  0.0299  0.0297  0.0306  0.0297  0.0306  0.0293  0.0296  0.0290  0.0294
  0.0318  0.0307  0.0307  0.0310  0.0315  0.0319  0.0309  0.0325  0.0301  0.0308  0.0295  0.0301
niter,ni,del,rscale     4    3    5.0000    1.2000
parameters
   -1.7519   20.5711    8.6033   -5.9486   -9.0934   -6.4132
   -4.6014    0.1945    6.6927   26.7771    0.4062  -29.9226
eta,q 0.97133  7.64830
  0.0315  0.0308  0.0298  0.0310  0.0308  0.0312  0.0309  0.0324  0.0301  0.0311  0.0293  0.0297
  0.0300  0.0296  0.0291  0.0297  0.0299  0.0299  0.0297  0.0304  0.0293  0.0298  0.0289  0.0292
  0.0290  0.0289  0.0287  0.0289  0.0292  0.0290  0.0289  0.0291  0.0288  0.0290  0.0287  0.0288
  0.0287  0.0287  0.0287  0.0287  0.0287  0.0287  0.0287  0.0287  0.0287  0.0287  0.0287  0.0287
  0.0290  0.0289  0.0290  0.0291  0.0288  0.0292  0.0289  0.0292  0.0288  0.0289  0.0288  0.0288
  0.0301  0.0295  0.0296  0.0298  0.0296  0.0304  0.0297  0.0305  0.0293  0.0296  0.0290  0.0293
  0.0317  0.0306  0.0304  0.0310  0.0314  0.0317  0.0308  0.0325  0.0300  0.0308  0.0294  0.0300
niter,ni,del,rscale     3    3    5.0000    1.2000
parameters
   -1.7730   20.6324    8.4133   -6.0102   -9.2519   -6.7016
   -4.5841    0.1623    6.7704   27.0271    0.1667  -30.1342
eta,q 0.97134  7.63421
  0.0315  0.0307  0.0298  0.0310  0.0307  0.0313  0.0309  0.0324  0.0300  0.0310  0.0293  0.0297
  0.0300  0.0296  0.0291  0.0297  0.0299  0.0299  0.0297  0.0304  0.0293  0.0298  0.0289  0.0291
  0.0290  0.0289  0.0287  0.0288  0.0292  0.0290  0.0289  0.0291  0.0288  0.0290  0.0287  0.0288
  0.0287  0.0287  0.0287  0.0287  0.0286  0.0287  0.0287  0.0287  0.0287  0.0287  0.0287  0.0287
  0.0290  0.0289  0.0289  0.0291  0.0287  0.0292  0.0289  0.0292  0.0288  0.0288  0.0287  0.0288
  0.0300  0.0295  0.0294  0.0298  0.0296  0.0303  0.0297  0.0305  0.0292  0.0295  0.0290  0.0292
  0.0316  0.0305  0.0302  0.0310  0.0314  0.0316  0.0308  0.0324  0.0300  0.0307  0.0293  0.0299
niter,ni,del,rscale     2    3    5.0000    1.2000
parameters
   -1.7874   20.6881    8.2738   -6.0606   -9.4058   -6.9261
   -4.5623    0.1371    6.8427   27.2514   -0.0331  -30.2851
eta,q 0.97136  7.62240
  0.0315  0.0306  0.0299  0.0310  0.0307  0.0313  0.0308  0.0323  0.0300  0.0309  0.0293  0.0297
  0.0300  0.0295  0.0291  0.0297  0.0299  0.0300  0.0297  0.0304  0.0293  0.0297  0.0289  0.0291
  0.0290  0.0289  0.0287  0.0289  0.0291  0.0290  0.0289  0.0291  0.0288  0.0290  0.0287  0.0288
  0.0287  0.0287  0.0287  0.0287  0.0287  0.0287  0.0287  0.0287  0.0287  0.0287  0.0286  0.0286
  0.0290  0.0288  0.0289  0.0291  0.0287  0.0291  0.0289  0.0292  0.0288  0.0288  0.0287  0.0288
  0.0300  0.0294  0.0294  0.0298  0.0295  0.0303  0.0297  0.0305  0.0292  0.0295  0.0290  0.0292
  0.0316  0.0304  0.0302  0.0310  0.0313  0.0316  0.0308  0.0324  0.0300  0.0307  0.0293  0.0298
niter,ni,del,rscale     1    3    5.0000    1.2000
parameters
   -1.7990   20.7457    8.1681   -6.1065   -9.5567   -7.1080
   -4.5478    0.1165    6.9090   27.4560   -0.1673  -30.3976
eta,q 0.97136  7.61202
  0.0315  0.0306  0.0299  0.0311  0.0307  0.0313  0.0308  0.0323  0.0300  0.0308  0.0293  0.0297
  0.0300  0.0295  0.0292  0.0297  0.0298  0.0300  0.0296  0.0304  0.0292  0.0297  0.0289  0.0291
  0.0290  0.0289  0.0287  0.0288  0.0291  0.0290  0.0289  0.0291  0.0288  0.0290  0.0287  0.0288
  0.0286  0.0286  0.0286  0.0286  0.0286  0.0287  0.0286  0.0286  0.0286  0.0287  0.0286  0.0286
  0.0290  0.0288  0.0289  0.0290  0.0287  0.0291  0.0289  0.0291  0.0288  0.0288  0.0287  0.0288
  0.0300  0.0294  0.0294  0.0299  0.0295  0.0302  0.0297  0.0304  0.0292  0.0295  0.0290  0.0292
  0.0316  0.0304  0.0301  0.0310  0.0313  0.0316  0.0308  0.0323  0.0299  0.0307  0.0293  0.0298
registration optimization eta report
parameter search radius
    2.4000    2.4000    2.4000    8.2800    8.2800    7.2000
    7.2000    7.2000    7.2000    7.2000    7.2000    7.2000
100000*second partial in parameter space
       50.       32.       23.        3.        3.        5.
        4.        7.        3.        4.        1.        2.
  0.0315  0.0306  0.0299  0.0311  0.0307  0.0313  0.0308  0.0323  0.0300  0.0308  0.0293  0.0297
  0.0300  0.0295  0.0292  0.0297  0.0298  0.0300  0.0296  0.0304  0.0292  0.0297  0.0289  0.0291
  0.0290  0.0289  0.0287  0.0288  0.0291  0.0290  0.0289  0.0291  0.0288  0.0290  0.0287  0.0288
  0.0286  0.0286  0.0286  0.0286  0.0286  0.0287  0.0286  0.0286  0.0286  0.0287  0.0286  0.0286
  0.0290  0.0288  0.0289  0.0290  0.0287  0.0291  0.0289  0.0291  0.0288  0.0288  0.0287  0.0288
  0.0300  0.0294  0.0294  0.0299  0.0295  0.0302  0.0297  0.0304  0.0292  0.0295  0.0290  0.0292
  0.0316  0.0304  0.0301  0.0310  0.0313  0.0316  0.0308  0.0323  0.0299  0.0307  0.0293  0.0298
   -1.7990   20.7457    8.1681   -6.1065   -9.5567   -7.1080
   -4.5478    0.1165    6.9090   27.4560   -0.1673  -30.3976
eta,q 0.97136  7.61202

---------------------------------------------------------------------
imgreg_4dfp /opt/freesurfer/average/711-2C_as_mni_average_305 /opt/freesurfer/average/711-2B_as_mni_average_305_mask talsrcimg_g11 none talsrcimg_to_711-2C_as_mni_average_305_t4 2311
---------------------------------------------------------------------

freesurfer imgreg_4dfp.c
/opt/freesurfer/average/711-2C_as_mni_average_305.4dfp.img
       256       256       256         1
  1.000000  1.000000  1.000000
orientation T byte_order littleendian
Reading image: /opt/freesurfer/average/711-2C_as_mni_average_305.4dfp.img
dimensions:      256       256       256
mmppix:       1.0000   -1.0000   -1.0000
center:     128.0000 -129.0000 -129.0000
/opt/freesurfer/average/711-2B_as_mni_average_305_mask.4dfp.img
       256       256       256         1
  1.000000  1.000000  1.000000
orientation T byte_order littleendian
Reading mask: /opt/freesurfer/average/711-2B_as_mni_average_305_mask.4dfp.img (2306576 pixels)
talsrcimg_g11.4dfp.img
       256       256       256         1
  1.000000  1.000000  1.000000
orientation T byte_order littleendian
Reading image: talsrcimg_g11.4dfp.img
dimensions:      256       256       256
mmppix:       1.0000   -1.0000   -1.0000
center:     128.0000 -129.0000 -129.0000
fimgreg.f
image alignment mode   2311 decimal      907 hex
parameters
   -1.7990   20.7457    8.1681   -6.1065   -9.5567   -7.1080
   -4.5478    0.1165    6.9090   27.4560   -0.1673  -30.3976
eta,q 0.97136  7.61202
niter,ni,del,rscale     5    3    5.0000    0.8000
parameters
   -1.7923   20.7962    8.0400   -6.4334   -8.8271   -7.2883
   -4.7073    0.0672    6.8495   27.4643   -0.3368  -30.1667
eta,q 0.97142  7.61956
  0.0300  0.0295  0.0292  0.0294  0.0296  0.0299  0.0295  0.0303  0.0292  0.0296  0.0289  0.0291
  0.0292  0.0290  0.0288  0.0289  0.0292  0.0292  0.0290  0.0293  0.0288  0.0290  0.0287  0.0288
  0.0288  0.0288  0.0287  0.0287  0.0289  0.0287  0.0287  0.0287  0.0286  0.0287  0.0286  0.0287
  0.0286  0.0286  0.0286  0.0286  0.0286  0.0286  0.0286  0.0286  0.0286  0.0286  0.0286  0.0286
  0.0288  0.0287  0.0287  0.0288  0.0286  0.0288  0.0287  0.0288  0.0287  0.0287  0.0286  0.0286
  0.0292  0.0290  0.0290  0.0292  0.0288  0.0294  0.0291  0.0294  0.0289  0.0290  0.0287  0.0288
  0.0299  0.0294  0.0293  0.0296  0.0292  0.0302  0.0297  0.0303  0.0292  0.0296  0.0289  0.0291
niter,ni,del,rscale     4    3    5.0000    0.7000
parameters
   -1.7903   20.8225    7.9791   -6.4858   -8.7280   -7.3905
   -4.7152    0.0619    6.8801   27.4890   -0.3784  -30.1409
eta,q 0.97143  7.61771
  0.0296  0.0292  0.0290  0.0293  0.0293  0.0297  0.0293  0.0299  0.0290  0.0293  0.0288  0.0290
  0.0290  0.0289  0.0288  0.0289  0.0289  0.0291  0.0289  0.0292  0.0288  0.0289  0.0287  0.0288
  0.0287  0.0287  0.0286  0.0286  0.0287  0.0287  0.0287  0.0287  0.0286  0.0287  0.0286  0.0286
  0.0286  0.0286  0.0286  0.0286  0.0286  0.0286  0.0286  0.0286  0.0286  0.0286  0.0286  0.0286
  0.0287  0.0286  0.0286  0.0287  0.0286  0.0287  0.0287  0.0287  0.0286  0.0286  0.0286  0.0286
  0.0290  0.0288  0.0288  0.0289  0.0289  0.0292  0.0289  0.0292  0.0288  0.0289  0.0287  0.0287
  0.0296  0.0292  0.0291  0.0293  0.0292  0.0298  0.0294  0.0299  0.0290  0.0293  0.0288  0.0290
niter,ni,del,rscale     3    3    5.0000    0.6000
parameters
   -1.7901   20.8368    7.9395   -6.5472   -8.6848   -7.4377
   -4.7268    0.0375    6.8790   27.5589   -0.4127  -30.1392
eta,q 0.97143  7.61622
  0.0293  0.0291  0.0289  0.0291  0.0291  0.0294  0.0291  0.0296  0.0289  0.0291  0.0287  0.0289
  0.0289  0.0288  0.0287  0.0288  0.0288  0.0290  0.0288  0.0290  0.0287  0.0288  0.0286  0.0287
  0.0287  0.0286  0.0286  0.0286  0.0286  0.0287  0.0286  0.0287  0.0286  0.0286  0.0286  0.0286
  0.0286  0.0286  0.0286  0.0286  0.0286  0.0286  0.0286  0.0286  0.0286  0.0286  0.0286  0.0286
  0.0287  0.0286  0.0286  0.0286  0.0286  0.0287  0.0286  0.0287  0.0286  0.0286  0.0286  0.0286
  0.0289  0.0288  0.0287  0.0288  0.0288  0.0290  0.0288  0.0290  0.0287  0.0288  0.0286  0.0287
  0.0293  0.0290  0.0289  0.0291  0.0291  0.0295  0.0291  0.0296  0.0289  0.0291  0.0287  0.0289
niter,ni,del,rscale     2    3    5.0000    0.5000
parameters
   -1.7879   20.8601    7.9145   -6.5880   -8.6657   -7.4726
   -4.7234    0.0251    6.8741   27.6468   -0.4856  -30.1506
eta,q 0.97144  7.61561
  0.0291  0.0289  0.0288  0.0289  0.0289  0.0292  0.0290  0.0293  0.0288  0.0290  0.0287  0.0288
  0.0288  0.0287  0.0287  0.0287  0.0287  0.0289  0.0288  0.0289  0.0287  0.0288  0.0286  0.0287
  0.0286  0.0286  0.0286  0.0286  0.0286  0.0286  0.0286  0.0286  0.0286  0.0286  0.0286  0.0286
  0.0286  0.0286  0.0286  0.0286  0.0286  0.0286  0.0286  0.0286  0.0286  0.0286  0.0286  0.0286
  0.0286  0.0286  0.0286  0.0286  0.0286  0.0286  0.0286  0.0287  0.0286  0.0286  0.0286  0.0286
  0.0288  0.0287  0.0287  0.0288  0.0287  0.0289  0.0287  0.0289  0.0287  0.0287  0.0286  0.0287
  0.0291  0.0289  0.0288  0.0289  0.0289  0.0292  0.0290  0.0293  0.0288  0.0289  0.0287  0.0288
niter,ni,del,rscale     1    3    5.0000    0.4000
parameters
   -1.7868   20.8873    7.8843   -6.6406   -8.7229   -7.5152
   -4.6946    0.0013    6.9070   27.7771   -0.5901  -30.1765
eta,q 0.97145  7.61195
  0.0289  0.0288  0.0287  0.0288  0.0288  0.0290  0.0288  0.0290  0.0287  0.0288  0.0286  0.0287
  0.0287  0.0287  0.0286  0.0287  0.0287  0.0287  0.0287  0.0288  0.0286  0.0287  0.0286  0.0286
  0.0286  0.0286  0.0286  0.0286  0.0286  0.0286  0.0286  0.0286  0.0286  0.0286  0.0286  0.0286
  0.0286  0.0286  0.0286  0.0286  0.0286  0.0286  0.0286  0.0286  0.0286  0.0286  0.0286  0.0286
  0.0286  0.0286  0.0286  0.0286  0.0286  0.0286  0.0286  0.0286  0.0286  0.0286  0.0286  0.0286
  0.0287  0.0287  0.0286  0.0287  0.0287  0.0288  0.0287  0.0288  0.0286  0.0286  0.0286  0.0286
  0.0289  0.0288  0.0287  0.0288  0.0288  0.0290  0.0288  0.0290  0.0287  0.0288  0.0286  0.0287
registration optimization eta report
parameter search radius
    0.8000    0.8000    0.8000    2.4000    2.4000    2.4000
    2.4000    2.4000    2.4000    2.4000    2.4000    2.4000
100000*second partial in parameter space
       52.       34.       25.        4.        4.        7.
        5.        8.        3.        4.        1.        2.
  0.0289  0.0288  0.0287  0.0288  0.0288  0.0290  0.0288  0.0290  0.0287  0.0288  0.0286  0.0287
  0.0287  0.0287  0.0286  0.0287  0.0287  0.0287  0.0287  0.0288  0.0286  0.0287  0.0286  0.0286
  0.0286  0.0286  0.0286  0.0286  0.0286  0.0286  0.0286  0.0286  0.0286  0.0286  0.0286  0.0286
  0.0286  0.0286  0.0286  0.0286  0.0286  0.0286  0.0286  0.0286  0.0286  0.0286  0.0286  0.0286
  0.0286  0.0286  0.0286  0.0286  0.0286  0.0286  0.0286  0.0286  0.0286  0.0286  0.0286  0.0286
  0.0287  0.0287  0.0286  0.0287  0.0287  0.0288  0.0287  0.0288  0.0286  0.0286  0.0286  0.0286
  0.0289  0.0288  0.0287  0.0288  0.0288  0.0290  0.0288  0.0290  0.0287  0.0288  0.0286  0.0287
   -1.7868   20.8873    7.8843   -6.6406   -8.7229   -7.5152
   -4.6946    0.0013    6.9070   27.7771   -0.5901  -30.1765
eta,q 0.97145  7.61195

---------------------------------------------------------------------
imgreg_4dfp /opt/freesurfer/average/711-2C_as_mni_average_305 /opt/freesurfer/average/711-2B_as_mni_average_305_mask talsrcimg_g11 none talsrcimg_to_711-2C_as_mni_average_305_t4 2311
---------------------------------------------------------------------

freesurfer imgreg_4dfp.c
/opt/freesurfer/average/711-2C_as_mni_average_305.4dfp.img
       256       256       256         1
  1.000000  1.000000  1.000000
orientation T byte_order littleendian
Reading image: /opt/freesurfer/average/711-2C_as_mni_average_305.4dfp.img
dimensions:      256       256       256
mmppix:       1.0000   -1.0000   -1.0000
center:     128.0000 -129.0000 -129.0000
/opt/freesurfer/average/711-2B_as_mni_average_305_mask.4dfp.img
       256       256       256         1
  1.000000  1.000000  1.000000
orientation T byte_order littleendian
Reading mask: /opt/freesurfer/average/711-2B_as_mni_average_305_mask.4dfp.img (2306576 pixels)
talsrcimg_g11.4dfp.img
       256       256       256         1
  1.000000  1.000000  1.000000
orientation T byte_order littleendian
Reading image: talsrcimg_g11.4dfp.img
dimensions:      256       256       256
mmppix:       1.0000   -1.0000   -1.0000
center:     128.0000 -129.0000 -129.0000
fimgreg.f
image alignment mode   2311 decimal      907 hex
parameters
   -1.7868   20.8873    7.8843   -6.6406   -8.7229   -7.5152
   -4.6946    0.0013    6.9070   27.7771   -0.5901  -30.1765
eta,q 0.97145  7.61195
niter,ni,del,rscale     5    3    5.0000    0.8000
parameters
   -1.8049   20.9042    7.8806   -6.4911   -9.0091   -7.6045
   -4.6662    0.0540    7.0109   27.7991   -0.5485  -30.3196
eta,q 0.97144  7.60521
  0.0298  0.0294  0.0292  0.0296  0.0293  0.0300  0.0296  0.0303  0.0292  0.0295  0.0289  0.0290
  0.0291  0.0290  0.0288  0.0290  0.0289  0.0293  0.0290  0.0294  0.0289  0.0290  0.0287  0.0288
  0.0287  0.0287  0.0286  0.0287  0.0287  0.0287  0.0287  0.0288  0.0286  0.0287  0.0286  0.0286
  0.0286  0.0286  0.0286  0.0286  0.0286  0.0286  0.0286  0.0286  0.0286  0.0286  0.0286  0.0286
  0.0287  0.0286  0.0286  0.0287  0.0287  0.0288  0.0287  0.0288  0.0286  0.0286  0.0286  0.0286
  0.0292  0.0289  0.0289  0.0290  0.0290  0.0293  0.0290  0.0293  0.0288  0.0290  0.0287  0.0288
  0.0299  0.0294  0.0292  0.0294  0.0296  0.0301  0.0296  0.0302  0.0291  0.0296  0.0289  0.0291
niter,ni,del,rscale     4    3    5.0000    0.7000
parameters
   -1.8001   20.9150    7.8279   -6.5372   -8.9964   -7.6489
   -4.6937    0.0298    6.9923   27.9076   -0.5851  -30.3348
eta,q 0.97145  7.60402
  0.0296  0.0292  0.0290  0.0293  0.0292  0.0297  0.0293  0.0299  0.0290  0.0293  0.0288  0.0289
  0.0290  0.0289  0.0288  0.0289  0.0289  0.0291  0.0289  0.0291  0.0288  0.0289  0.0287  0.0287
  0.0287  0.0286  0.0286  0.0286  0.0287  0.0287  0.0287  0.0287  0.0286  0.0287  0.0286  0.0286
  0.0286  0.0286  0.0286  0.0286  0.0286  0.0286  0.0286  0.0286  0.0286  0.0286  0.0286  0.0286
  0.0287  0.0286  0.0286  0.0287  0.0286  0.0287  0.0286  0.0287  0.0286  0.0286  0.0286  0.0286
  0.0290  0.0288  0.0288  0.0289  0.0289  0.0291  0.0289  0.0292  0.0288  0.0288  0.0287  0.0287
  0.0296  0.0292  0.0291  0.0293  0.0292  0.0298  0.0293  0.0299  0.0290  0.0293  0.0288  0.0290
niter,ni,del,rscale     3    3    5.0000    0.6000
parameters
   -1.7959   20.9467    7.7963   -6.6075   -9.0093   -7.6895
   -4.6903    0.0106    6.9912   28.0257   -0.6734  -30.3619
eta,q 0.97145  7.60139
  0.0293  0.0291  0.0289  0.0291  0.0290  0.0294  0.0291  0.0295  0.0289  0.0291  0.0287  0.0288
  0.0289  0.0288  0.0287  0.0288  0.0288  0.0290  0.0288  0.0290  0.0287  0.0288  0.0286  0.0287
  0.0286  0.0286  0.0286  0.0286  0.0286  0.0287  0.0286  0.0286  0.0286  0.0286  0.0286  0.0286
  0.0286  0.0286  0.0286  0.0286  0.0286  0.0286  0.0286  0.0286  0.0285  0.0285  0.0286  0.0285
  0.0286  0.0286  0.0286  0.0286  0.0286  0.0287  0.0286  0.0287  0.0286  0.0286  0.0286  0.0286
  0.0289  0.0288  0.0287  0.0288  0.0288  0.0290  0.0288  0.0290  0.0287  0.0288  0.0286  0.0287
  0.0293  0.0290  0.0289  0.0291  0.0291  0.0295  0.0291  0.0295  0.0289  0.0291  0.0287  0.0288
niter,ni,del,rscale     2    3    5.0000    0.5000
parameters
   -1.7947   20.9798    7.7668   -6.6660   -9.0331   -7.7361
   -4.6827   -0.0098    7.0090   28.1735   -0.7241  -30.3797
eta,q 0.97146  7.59891
  0.0291  0.0289  0.0288  0.0289  0.0289  0.0292  0.0289  0.0292  0.0288  0.0290  0.0287  0.0287
  0.0288  0.0287  0.0286  0.0287  0.0287  0.0288  0.0287  0.0288  0.0287  0.0288  0.0286  0.0286
  0.0286  0.0286  0.0286  0.0286  0.0286  0.0286  0.0286  0.0286  0.0286  0.0286  0.0286  0.0286
  0.0286  0.0285  0.0286  0.0285  0.0286  0.0285  0.0285  0.0285  0.0286  0.0286  0.0285  0.0285
  0.0286  0.0286  0.0286  0.0286  0.0286  0.0286  0.0286  0.0286  0.0286  0.0286  0.0286  0.0286
  0.0288  0.0287  0.0287  0.0287  0.0287  0.0289  0.0287  0.0289  0.0287  0.0287  0.0286  0.0286
  0.0291  0.0289  0.0288  0.0289  0.0289  0.0292  0.0290  0.0292  0.0288  0.0289  0.0287  0.0288
niter,ni,del,rscale     1    3    5.0000    0.4000
parameters
   -1.7934   21.0196    7.7259   -6.6993   -9.1009   -7.7906
   -4.6370   -0.0380    7.0005   28.3621   -0.7586  -30.4499
eta,q 0.97146  7.59647
  0.0289  0.0288  0.0287  0.0288  0.0288  0.0290  0.0288  0.0290  0.0287  0.0288  0.0286  0.0287
  0.0287  0.0287  0.0286  0.0287  0.0287  0.0287  0.0287  0.0287  0.0286  0.0287  0.0286  0.0286
  0.0286  0.0286  0.0286  0.0286  0.0286  0.0286  0.0286  0.0286  0.0286  0.0286  0.0285  0.0286
  0.0285  0.0285  0.0285  0.0285  0.0285  0.0285  0.0285  0.0285  0.0285  0.0285  0.0285  0.0285
  0.0286  0.0286  0.0286  0.0286  0.0286  0.0286  0.0286  0.0286  0.0286  0.0286  0.0286  0.0286
  0.0287  0.0286  0.0286  0.0287  0.0287  0.0287  0.0286  0.0288  0.0286  0.0286  0.0286  0.0286
  0.0289  0.0287  0.0287  0.0288  0.0288  0.0290  0.0288  0.0290  0.0287  0.0288  0.0286  0.0287
registration optimization eta report
parameter search radius
    0.8000    0.8000    0.8000    2.4000    2.4000    2.4000
    2.4000    2.4000    2.4000    2.4000    2.4000    2.4000
100000*second partial in parameter space
       52.       34.       26.        4.        4.        7.
        5.        8.        3.        4.        1.        2.
  0.0289  0.0288  0.0287  0.0288  0.0288  0.0290  0.0288  0.0290  0.0287  0.0288  0.0286  0.0287
  0.0287  0.0287  0.0286  0.0287  0.0287  0.0287  0.0287  0.0287  0.0286  0.0287  0.0286  0.0286
  0.0286  0.0286  0.0286  0.0286  0.0286  0.0286  0.0286  0.0286  0.0286  0.0286  0.0285  0.0286
  0.0285  0.0285  0.0285  0.0285  0.0285  0.0285  0.0285  0.0285  0.0285  0.0285  0.0285  0.0285
  0.0286  0.0286  0.0286  0.0286  0.0286  0.0286  0.0286  0.0286  0.0286  0.0286  0.0286  0.0286
  0.0287  0.0286  0.0286  0.0287  0.0287  0.0287  0.0286  0.0288  0.0286  0.0286  0.0286  0.0286
  0.0289  0.0287  0.0287  0.0288  0.0288  0.0290  0.0288  0.0290  0.0287  0.0288  0.0286  0.0287
   -1.7934   21.0196    7.7259   -6.6993   -9.1009   -7.7906
   -4.6370   -0.0380    7.0005   28.3621   -0.7586  -30.4499
eta,q 0.97146  7.59647

---------------------------------------------------------------------
compute_vox2vox talsrcimg talsrcimg_to_711-2C_as_mni_average_305_t4 /opt/freesurfer/average/711-2C_as_mni_average_305
---------------------------------------------------------------------

freesurfer compute_vox2vox.c
Reading: talsrcimg.4dfp.ifh
Reading: talsrcimg_to_711-2C_as_mni_average_305_t4
Reading: /opt/freesurfer/average/711-2C_as_mni_average_305.4dfp.ifh
Writing: talsrcimg_to_711-2C_as_mni_average_305_t4_vox2vox.txt

start time Mon Mar 9 02:35:27 CET 2026
end		time Mon Mar 9 02:35:41 CET 2026

mpr2mni305 success

avi2talxfm orig_nu.mgz /opt/freesurfer/average/mni305.cor.mgz talsrcimg_to_711-2C_as_mni_average_305_t4_vox2vox.txt transforms/talairach.auto.xfm
avi2talxfm done
mv -f /out/sourcedata/freesurfer/sub-v1s17x0050263_ses-1/mri/talsrcimg_to_711-2C_as_mni_average_305_t4_vox2vox.txt /out/sourcedata/freesurfer/sub-v1s17x0050263_ses-1/mri/transforms/talsrcimg_to_711-2C_as_mni_average_305_t4_vox2vox.txt
lta_convert --src orig_nu.mgz --trg /opt/freesurfer/average/mni305.cor.mgz --inxfm transforms/talairach.auto.xfm --outlta transforms/talairach.auto.xfm.lta --subject fsaverage
7.3.2

--src: orig_nu.mgz src image (geometry).
--trg: /opt/freesurfer/average/mni305.cor.mgz trg image (geometry).
--inmni: transforms/talairach.auto.xfm input MNI/XFM transform.
--outlta: transforms/talairach.auto.xfm.lta output LTA.
--s: fsaverage subject name
 LTA read, type : 1
 1.06797  -0.01479   0.04952  -0.01016;
-0.01666   0.98342   0.32858  -1.52017;
-0.07705  -0.30570   0.99378  -4.59944;
 0.00000   0.00000   0.00000   1.00000;
setting subject to fsaverage
Writing  LTA to file transforms/talairach.auto.xfm.lta...
lta_convert successful.
 
 
Started at Mon Mar 9 02:35:27 CET 2026
Ended   at Mon Mar  9 02:35:41 CET 2026
talairach_avi done
