status file for recon-all
Thu Mar 12 14:02:54 CET 2026
#@# Tessellate rh Thu Mar 12 14:02:54 CET 2026
#@# Smooth1 rh Thu Mar 12 14:02:58 CET 2026
#@# Inflation1 rh Thu Mar 12 14:03:01 CET 2026
#@# QSphere rh Thu Mar 12 14:03:19 CET 2026
#@# Fix Topology rh Thu Mar 12 14:05:53 CET 2026
#@# Smooth2 rh Thu Mar 12 14:12:13 CET 2026
#@# Inflation2 rh Thu Mar 12 14:12:16 CET 2026
#@# Curv .H and .K rh Thu Mar 12 14:12:33 CET 2026
#@# Sphere rh Thu Mar 12 14:13:29 CET 2026
#@# Surf Reg rh Thu Mar 12 14:17:59 CET 2026
#@# Jacobian white rh Thu Mar 12 14:23:28 CET 2026
#@# AvgCurv rh Thu Mar 12 14:23:29 CET 2026
#@# Cortical Parc rh Thu Mar 12 14:23:30 CET 2026
#@# white curv rh Thu Mar 12 14:30:43 CET 2026
#@# white area rh Thu Mar 12 14:30:45 CET 2026
#@# pial curv rh Thu Mar 12 14:30:46 CET 2026
#@# pial area rh Thu Mar 12 14:30:48 CET 2026
#@# thickness rh Thu Mar 12 14:30:49 CET 2026
#@# area and vertex vol rh Thu Mar 12 14:31:21 CET 2026
#@# Curvature Stats rh Thu Mar 12 14:31:23 CET 2026
#@# Cortical Parc 2 rh Thu Mar 12 14:31:26 CET 2026
#@# Cortical Parc 3 rh Thu Mar 12 14:31:40 CET 2026
#@# WM/GM Contrast rh Thu Mar 12 14:31:52 CET 2026
recon-all -s sub-v1s17x0050268_ses-1 finished without error at Thu Mar 12 14:31:56 CET 2026



#New# invocation of recon-all 



status file for recon-all
Thu Mar 12 14:41:42 CET 2026
#@# white curv rh Thu Mar 12 14:41:42 CET 2026
#@# white area rh Thu Mar 12 14:41:42 CET 2026
#@# pial curv rh Thu Mar 12 14:41:42 CET 2026
#@# pial area rh Thu Mar 12 14:41:42 CET 2026
#@# thickness rh Thu Mar 12 14:41:42 CET 2026
#@# area and vertex vol rh Thu Mar 12 14:41:42 CET 2026
#@# Parcellation Stats rh Thu Mar 12 14:41:42 CET 2026
#@# Parcellation Stats 2 rh Thu Mar 12 14:42:04 CET 2026
#@# Parcellation Stats 3 rh Thu Mar 12 14:42:15 CET 2026
#@# BA_exvivo Labels rh Thu Mar 12 14:42:26 CET 2026
recon-all -s sub-v1s17x0050268_ses-1 finished without error at Thu Mar 12 14:45:26 CET 2026
