status file for recon-all
Thu Mar 12 11:41:04 CET 2026
#@# MotionCor Thu Mar 12 11:41:06 CET 2026
#@# Talairach Thu Mar 12 11:41:13 CET 2026
#@# Talairach Failure Detection Thu Mar 12 11:45:40 CET 2026
#@# Nu Intensity Correction Thu Mar 12 11:45:40 CET 2026
#@# Intensity Normalization Thu Mar 12 11:48:54 CET 2026
recon-all -s sub-v1s17x0050268_ses-1 finished without error at Thu Mar 12 11:50:27 CET 2026



#New# invocation of recon-all 



status file for recon-all
Thu Mar 12 11:58:16 CET 2026
#@# EM Registration Thu Mar 12 11:58:16 CET 2026
recon-all -s sub-v1s17x0050268_ses-1 finished without error at Thu Mar 12 12:00:20 CET 2026



#New# invocation of recon-all 



status file for recon-all
Thu Mar 12 12:00:24 CET 2026
#@# CA Normalize Thu Mar 12 12:00:24 CET 2026
#@# CA Reg Thu Mar 12 12:01:45 CET 2026
#@# SubCort Seg Thu Mar 12 12:59:00 CET 2026
#@# CC Seg Thu Mar 12 13:27:22 CET 2026
#@# Merge ASeg Thu Mar 12 13:28:00 CET 2026
#@# Intensity Normalization2 Thu Mar 12 13:28:00 CET 2026
#@# Mask BFS Thu Mar 12 13:30:13 CET 2026
#@# WM Segmentation Thu Mar 12 13:30:14 CET 2026
#@# Fill Thu Mar 12 13:32:11 CET 2026
recon-all -s sub-v1s17x0050268_ses-1 finished without error at Thu Mar 12 13:33:12 CET 2026



#New# invocation of recon-all 



status file for recon-all
Thu Mar 12 14:32:02 CET 2026
#@# white curv lh Thu Mar 12 14:32:02 CET 2026
#@# white area lh Thu Mar 12 14:32:02 CET 2026
#@# pial curv lh Thu Mar 12 14:32:02 CET 2026
#@# pial area lh Thu Mar 12 14:32:02 CET 2026
#@# thickness lh Thu Mar 12 14:32:02 CET 2026
#@# area and vertex vol lh Thu Mar 12 14:32:02 CET 2026
#@# white curv rh Thu Mar 12 14:32:02 CET 2026
#@# white area rh Thu Mar 12 14:32:02 CET 2026
#@# pial curv rh Thu Mar 12 14:32:02 CET 2026
#@# pial area rh Thu Mar 12 14:32:02 CET 2026
#@# thickness rh Thu Mar 12 14:32:02 CET 2026
#@# area and vertex vol rh Thu Mar 12 14:32:02 CET 2026
#@# Cortical ribbon mask Thu Mar 12 14:32:02 CET 2026
recon-all -s sub-v1s17x0050268_ses-1 finished without error at Thu Mar 12 14:37:54 CET 2026



#New# invocation of recon-all 



status file for recon-all
Thu Mar 12 14:45:32 CET 2026
#@# white curv lh Thu Mar 12 14:45:32 CET 2026
#@# white area lh Thu Mar 12 14:45:32 CET 2026
#@# pial curv lh Thu Mar 12 14:45:32 CET 2026
#@# pial area lh Thu Mar 12 14:45:32 CET 2026
#@# thickness lh Thu Mar 12 14:45:32 CET 2026
#@# area and vertex vol lh Thu Mar 12 14:45:32 CET 2026
#@# white curv rh Thu Mar 12 14:45:32 CET 2026
#@# white area rh Thu Mar 12 14:45:32 CET 2026
#@# pial curv rh Thu Mar 12 14:45:32 CET 2026
#@# pial area rh Thu Mar 12 14:45:32 CET 2026
#@# thickness rh Thu Mar 12 14:45:32 CET 2026
#@# area and vertex vol rh Thu Mar 12 14:45:32 CET 2026
#@# Curvature Stats lh Thu Mar 12 14:45:32 CET 2026
#@# Curvature Stats rh Thu Mar 12 14:45:35 CET 2026
#@# Relabel Hypointensities Thu Mar 12 14:45:38 CET 2026
#@# APas-to-ASeg Thu Mar 12 14:45:54 CET 2026
#@# AParc-to-ASeg aparc Thu Mar 12 14:46:04 CET 2026
#@# AParc-to-ASeg aparc.a2009s Thu Mar 12 14:46:49 CET 2026
#@# AParc-to-ASeg aparc.DKTatlas Thu Mar 12 14:47:32 CET 2026
#@# WMParc Thu Mar 12 14:48:13 CET 2026
#@# ASeg Stats Thu Mar 12 14:51:53 CET 2026
recon-all -s sub-v1s17x0050268_ses-1 finished without error at Thu Mar 12 14:52:29 CET 2026
