status file for recon-all
Thu Mar 12 13:33:16 CET 2026
#@# Tessellate lh Thu Mar 12 13:33:16 CET 2026
#@# Smooth1 lh Thu Mar 12 13:33:20 CET 2026
#@# Inflation1 lh Thu Mar 12 13:33:22 CET 2026
#@# QSphere lh Thu Mar 12 13:33:39 CET 2026
#@# Fix Topology lh Thu Mar 12 13:35:50 CET 2026
#@# Smooth2 lh Thu Mar 12 13:42:08 CET 2026
#@# Inflation2 lh Thu Mar 12 13:42:12 CET 2026
#@# Curv .H and .K lh Thu Mar 12 13:42:29 CET 2026
#@# Sphere lh Thu Mar 12 13:43:19 CET 2026
#@# Surf Reg lh Thu Mar 12 13:48:22 CET 2026
#@# Jacobian white lh Thu Mar 12 13:54:07 CET 2026
#@# AvgCurv lh Thu Mar 12 13:54:08 CET 2026
#@# Cortical Parc lh Thu Mar 12 13:54:09 CET 2026
#@# white curv lh Thu Mar 12 14:01:40 CET 2026
#@# white area lh Thu Mar 12 14:01:42 CET 2026
#@# pial curv lh Thu Mar 12 14:01:43 CET 2026
#@# pial area lh Thu Mar 12 14:01:45 CET 2026
#@# thickness lh Thu Mar 12 14:01:46 CET 2026
#@# area and vertex vol lh Thu Mar 12 14:02:17 CET 2026
#@# Curvature Stats lh Thu Mar 12 14:02:19 CET 2026
#@# Cortical Parc 2 lh Thu Mar 12 14:02:22 CET 2026
#@# Cortical Parc 3 lh Thu Mar 12 14:02:37 CET 2026
#@# WM/GM Contrast lh Thu Mar 12 14:02:49 CET 2026
recon-all -s sub-v1s17x0050268_ses-1 finished without error at Thu Mar 12 14:02:52 CET 2026



#New# invocation of recon-all 



status file for recon-all
Thu Mar 12 14:38:00 CET 2026
#@# white curv lh Thu Mar 12 14:38:00 CET 2026
#@# white area lh Thu Mar 12 14:38:00 CET 2026
#@# pial curv lh Thu Mar 12 14:38:00 CET 2026
#@# pial area lh Thu Mar 12 14:38:00 CET 2026
#@# thickness lh Thu Mar 12 14:38:00 CET 2026
#@# area and vertex vol lh Thu Mar 12 14:38:00 CET 2026
#@# Parcellation Stats lh Thu Mar 12 14:38:00 CET 2026
#@# Parcellation Stats 2 lh Thu Mar 12 14:38:22 CET 2026
#@# Parcellation Stats 3 lh Thu Mar 12 14:38:33 CET 2026
#@# BA_exvivo Labels lh Thu Mar 12 14:38:44 CET 2026
recon-all -s sub-v1s17x0050268_ses-1 finished without error at Thu Mar 12 14:41:40 CET 2026
