/out/sourcedata/freesurfer/sub-v1s17x0050249_ses-1/mri
/opt/freesurfer/bin/talairach_avi
--i orig_nu.mgz --xfm transforms/talairach.auto.xfm
talairach_avi 7.3.2
Linux dna085 5.14.0-427.37.1.el9_4.x86_64 #1 SMP PREEMPT_DYNAMIC Fri Sep 13 12:41:50 EDT 2024 x86_64 x86_64 x86_64 GNU/Linux
Mon Mar  9 01:57:23 CET 2026
mri_convert orig_nu.mgz talsrcimg.img 
reading from orig_nu.mgz...
TR=0.00, TE=0.00, TI=0.00, flip angle=0.00
i_ras = (-1, 2.59024e-09, 0)
j_ras = (-3.72529e-09, 0, -1)
k_ras = (-2.67755e-09, 1, 0)
writing to talsrcimg.img...
Analyze Output Matrix
-1.00000  -0.00000  -0.00000   129.99921;
 0.00000   0.00000   1.00000  -129.61130;
 0.00000  -1.00000   0.00000   119.37891;
 0.00000   0.00000   0.00000   1.00000;
--------------------
INFO: set hdr.hist.orient to -1
mpr2mni305 talsrcimg
Mon Mar  9 01:57:23 CET 2026
/opt/freesurfer/bin/mpr2mni305 talsrcimg
mpr2mni305 7.3.2
target=711-2C_as_mni_average_305

---------------------------------------------------------------------
analyzeto4dfp talsrcimg -O0 -y
---------------------------------------------------------------------

freesurfer ifh2hdr.c
Mon Mar  9 01:57:23 2026
Writing: talsrcimg.4dfp.hdr
freesurfer analyzeto4dfp.c
Reading: talsrcimg.hdr
header size 348 bytes
hdr.dime.datatype	offset=70	value=2
hdr.dime.bitpix		offset=72	value=8
hdr.hist.orient		offset=252	value=-1
dimensionality     4
dimensions       256       256       256         1
Reading: talsrcimg.img
Writing: talsrcimg.4dfp.img
Writing: talsrcimg.4dfp.ifh
ifh2hdr talsrcimg -r0to255
ori=2

---------------------------------------------------------------------
gauss_4dfp talsrcimg 1.1
---------------------------------------------------------------------

freesurfer gauss_4dfp.c
Reading: talsrcimg.4dfp.img
Writing: talsrcimg_g11.4dfp.img
image dimensions 256 256 256 padded to 288 288 288
processing volume 1freesurfer ifh2hdr.c
Mon Mar  9 01:57:25 2026
Writing: talsrcimg_g11.4dfp.hdr

Writing: talsrcimg_g11.4dfp.ifh
including: talsrcimg.4dfp.img.rec in talsrcimg_g11.4dfp.img.rec

---------------------------------------------------------------------
imgreg_4dfp /opt/freesurfer/average/711-2C_as_mni_average_305 none talsrcimg_g11 none talsrcimg_to_711-2C_as_mni_average_305_t4 4355
---------------------------------------------------------------------

freesurfer imgreg_4dfp.c
/opt/freesurfer/average/711-2C_as_mni_average_305.4dfp.img
       256       256       256         1
  1.000000  1.000000  1.000000
orientation T byte_order littleendian
Reading image: /opt/freesurfer/average/711-2C_as_mni_average_305.4dfp.img
dimensions:      256       256       256
mmppix:       1.0000   -1.0000   -1.0000
center:     128.0000 -129.0000 -129.0000
talsrcimg_g11.4dfp.img
       256       256       256         1
  1.000000  1.000000  1.000000
orientation T byte_order littleendian
Reading image: talsrcimg_g11.4dfp.img
dimensions:      256       256       256
mmppix:       1.0000   -1.0000   -1.0000
center:     128.0000 -129.0000 -129.0000
t4_read: open error in t4_sub.f l:  41 t4_file(1:l)talsrcimg_to_711-2C_as_mni_average_305_t4 
t4_read: transform initialized to I4
rotation matrix determinant  1.000000
image alignment mode   4355 decimal     1103 hex
   -7.5000  -45.0000  -45.0000 7715.4604   12.3198
    0.0000  -45.0000  -45.0000 8052.4297   12.3190
    7.5000  -45.0000  -45.0000 7683.1650   12.3298
   -7.5000  -37.5000  -45.0000 8405.7139   12.1973
    0.0000  -37.5000  -45.0000 8780.0830   12.1952
    7.5000  -37.5000  -45.0000 8360.4688   12.2043
   -7.5000  -30.0000  -45.0000 9449.0215   12.1632
    0.0000  -30.0000  -45.0000 9872.7256   12.1617
    7.5000  -30.0000  -45.0000 9407.4961   12.1711
   -7.5000  -22.5000  -45.000010461.3398   12.1561
    0.0000  -22.5000  -45.000010944.0537   12.1567
    7.5000  -22.5000  -45.000010424.1680   12.1684
   -7.5000  -15.0000  -45.000011329.0146   12.1507
    0.0000  -15.0000  -45.000011847.7490   12.1524
    7.5000  -15.0000  -45.000011278.6445   12.1663
   -7.5000   -7.5000  -45.000012100.3809   12.1528
    0.0000   -7.5000  -45.000012645.0859   12.1534
    7.5000   -7.5000  -45.000012032.4805   12.1664
   -7.5000    0.0000  -45.000012824.3203   12.1605
    0.0000    0.0000  -45.000013411.4912   12.1594
    7.5000    0.0000  -45.000012747.7627   12.1697
   -7.5000    7.5000  -45.000012585.2598   12.1645
    0.0000    7.5000  -45.000013148.6504   12.1624
    7.5000    7.5000  -45.000012511.9990   12.1714
   -7.5000   15.0000  -45.000012237.5146   12.1623
    0.0000   15.0000  -45.000012768.3232   12.1607
    7.5000   15.0000  -45.000012183.4082   12.1702
   -7.5000   22.5000  -45.000011722.7500   12.1545
    0.0000   22.5000  -45.000012221.6943   12.1550
    7.5000   22.5000  -45.000011643.6377   12.1667
   -7.5000   30.0000  -45.000011238.7383   11.9888
    0.0000   30.0000  -45.000011705.0273   11.9904
    7.5000   30.0000  -45.000011140.1094   12.0041
   -7.5000   37.5000  -45.000010766.5889   11.9909
    0.0000   37.5000  -45.000011244.1904   11.9914
    7.5000   37.5000  -45.000010694.4824   12.0042
   -7.5000   45.0000  -45.0000 9885.2793   11.6938
    0.0000   45.0000  -45.000010333.0088   11.6927
    7.5000   45.0000  -45.0000 9841.1016   11.7026
   -7.5000  -45.0000  -37.5000 8149.2705   12.3219
    0.0000  -45.0000  -37.5000 8509.8447   12.3191
    7.5000  -45.0000  -37.5000 8107.6240   12.3309
   -7.5000  -37.5000  -37.5000 8878.2285   12.2047
    0.0000  -37.5000  -37.5000 9269.2568   12.1989
    7.5000  -37.5000  -37.5000 8831.7520   12.2073
   -7.5000  -30.0000  -37.5000 9966.6709   12.1787
    0.0000  -30.0000  -37.500010412.5352   12.1731
    7.5000  -30.0000  -37.5000 9921.3828   12.1802
   -7.5000  -22.5000  -37.500011023.8115   12.1730
    0.0000  -22.5000  -37.500011515.0762   12.1714
    7.5000  -22.5000  -37.500010977.2129   12.1809
   -7.5000  -15.0000  -37.500011940.5342   12.1619
    0.0000  -15.0000  -37.500012456.2734   12.1635
    7.5000  -15.0000  -37.500011882.0654   12.1766
   -7.5000   -7.5000  -37.500012751.9316   12.1565
    0.0000   -7.5000  -37.500013318.9824   12.1571
    7.5000   -7.5000  -37.500012693.5137   12.1709
   -7.5000    0.0000  -37.500013502.7246   12.1617
    0.0000    0.0000  -37.500014119.8477   12.1590
    7.5000    0.0000  -37.500013419.8018   12.1703
   -7.5000    7.5000  -37.500013218.4844   12.1718
    0.0000    7.5000  -37.500013820.5645   12.1660
    7.5000    7.5000  -37.500013137.2627   12.1743
   -7.5000   15.0000  -37.500012848.7139   12.1777
    0.0000   15.0000  -37.500013414.8008   12.1721
    7.5000   15.0000  -37.500012772.3740   12.1792
   -7.5000   22.5000  -37.500012271.9043   12.1714
    0.0000   22.5000  -37.500012806.1494   12.1697
    7.5000   22.5000  -37.500012178.6699   12.1792
   -7.5000   30.0000  -37.500011752.0801   11.9998
    0.0000   30.0000  -37.500012245.2031   12.0014
    7.5000   30.0000  -37.500011643.8604   12.0143
   -7.5000   37.5000  -37.500011256.5469   11.9945
    0.0000   37.5000  -37.500011750.8740   11.9951
    7.5000   37.5000  -37.500011173.0723   12.0088
   -7.5000   45.0000  -37.500010310.8711   11.6949
    0.0000   45.0000  -37.500010769.1240   11.6923
    7.5000   45.0000  -37.500010263.5703   11.7032
   -7.5000  -45.0000  -30.0000 8713.5508   12.8452
    0.0000  -45.0000  -30.0000 9105.6963   12.8401
    7.5000  -45.0000  -30.0000 8678.3311   12.8528
   -7.5000  -37.5000  -30.0000 9482.6475   12.7246
    0.0000  -37.5000  -30.0000 9918.7148   12.7163
    7.5000  -37.5000  -30.0000 9454.5859   12.7237
   -7.5000  -30.0000  -30.000010620.0703   12.6985
    0.0000  -30.0000  -30.000011102.8271   12.6918
    7.5000  -30.0000  -30.000010595.2764   12.6962
   -7.5000  -22.5000  -30.000011731.3428   12.6918
    0.0000  -22.5000  -30.000012271.9160   12.6910
    7.5000  -22.5000  -30.000011710.2510   12.6979
   -7.5000  -15.0000  -30.000012717.5713   12.6787
    0.0000  -15.0000  -30.000013296.6104   12.6813
    7.5000  -15.0000  -30.000012682.1650   12.6933
   -7.5000   -7.5000  -30.000013598.2891   12.6724
    0.0000   -7.5000  -30.000014210.4863   12.6725
    7.5000   -7.5000  -30.000013538.0234   12.6869
   -7.5000    0.0000  -30.000014381.0137   12.6781
    0.0000    0.0000  -30.000015061.2119   12.6732
    7.5000    0.0000  -30.000014294.5225   12.6854
   -7.5000    7.5000  -30.000014053.3672   12.6902
    0.0000    7.5000  -30.000014707.9336   12.6819
    7.5000    7.5000  -30.000013961.4990   12.6892
   -7.5000   15.0000  -30.000013657.4834   12.6975
    0.0000   15.0000  -30.000014300.6748   12.6908
    7.5000   15.0000  -30.000013584.6768   12.6952
   -7.5000   22.5000  -30.000013034.6982   12.6888
    0.0000   22.5000  -30.000013628.0391   12.6879
    7.5000   22.5000  -30.000012942.5771   12.6948
   -7.5000   30.0000  -30.000012438.0820   12.5109
    0.0000   30.0000  -30.000012979.4570   12.5135
    7.5000   30.0000  -30.000012325.7100   12.5254
   -7.5000   37.5000  -30.000011905.3154   12.5047
    0.0000   37.5000  -30.000012421.4814   12.5048
    7.5000   37.5000  -30.000011825.1299   12.5190
   -7.5000   45.0000  -30.000010905.6523   12.2005
    0.0000   45.0000  -30.000011373.7744   12.1957
    7.5000   45.0000  -30.000010859.8574   12.2075
   -7.5000  -45.0000  -22.5000 9241.8770   13.2916
    0.0000  -45.0000  -22.5000 9646.6787   13.2861
    7.5000  -45.0000  -22.5000 9206.7607   13.2979
   -7.5000  -37.5000  -22.500010044.3291   13.1609
    0.0000  -37.5000  -22.500010509.0088   13.1543
    7.5000  -37.5000  -22.500010021.3389   13.1613
   -7.5000  -30.0000  -22.500011225.4346   13.1241
    0.0000  -30.0000  -22.500011753.0703   13.1212
    7.5000  -30.0000  -22.500011210.0029   13.1256
   -7.5000  -22.5000  -22.500012401.4697   13.1147
    0.0000  -22.5000  -22.500012987.1094   13.1174
    7.5000  -22.5000  -22.500012380.5000   13.1244
   -7.5000  -15.0000  -22.500013463.4180   13.1074
    0.0000  -15.0000  -22.500014074.9287   13.1114
    7.5000  -15.0000  -22.500013424.3984   13.1232
   -7.5000   -7.5000  -22.500014423.1631   13.1102
    0.0000   -7.5000  -22.500015092.0137   13.1097
    7.5000   -7.5000  -22.500014351.1279   13.1231
   -7.5000    0.0000  -22.500015223.9629   13.1196
    0.0000    0.0000  -22.500015960.8691   13.1142
    7.5000    0.0000  -22.500015140.5264   13.1254
   -7.5000    7.5000  -22.500014839.1924   13.1252
    0.0000    7.5000  -22.500015554.7383   13.1187
    7.5000    7.5000  -22.500014784.8203   13.1256
   -7.5000   15.0000  -22.500014437.2002   13.1231
    0.0000   15.0000  -22.500015131.1162   13.1202
    7.5000   15.0000  -22.500014382.5146   13.1246
   -7.5000   22.5000  -22.500013751.8672   13.1107
    0.0000   22.5000  -22.500014418.4277   13.1134
    7.5000   22.5000  -22.500013700.9883   13.1204
   -7.5000   30.0000  -22.500013083.3467   12.9359
    0.0000   30.0000  -22.500013660.4814   12.9399
    7.5000   30.0000  -22.500012994.2725   12.9515
   -7.5000   37.5000  -22.500012507.0420   12.9387
    0.0000   37.5000  -22.500013066.2734   12.9382
    7.5000   37.5000  -22.500012458.0156   12.9515
   -7.5000   45.0000  -22.500011474.0498   12.6349
    0.0000   45.0000  -22.500011997.3672   12.6296
    7.5000   45.0000  -22.500011442.5752   12.6404
   -7.5000  -45.0000  -15.0000 9752.2588   13.6092
    0.0000  -45.0000  -15.000010187.5039   13.6058
    7.5000  -45.0000  -15.0000 9718.7861   13.6166
   -7.5000  -37.5000  -15.000010590.6377   13.4686
    0.0000  -37.5000  -15.000011081.2578   13.4662
    7.5000  -37.5000  -15.000010565.2246   13.4739
   -7.5000  -30.0000  -15.000011823.2812   13.4210
    0.0000  -30.0000  -15.000012367.6260   13.4228
    7.5000  -30.0000  -15.000011797.5283   13.4297
   -7.5000  -22.5000  -15.000013048.8838   13.4097
    0.0000  -22.5000  -15.000013645.8398   13.4151
    7.5000  -22.5000  -15.000013007.3916   13.4245
   -7.5000  -15.0000  -15.000014195.3027   13.4089
    0.0000  -15.0000  -15.000014828.0225   13.4136
    7.5000  -15.0000  -15.000014121.0801   13.4264
   -7.5000   -7.5000  -15.000015236.5205   13.4212
    0.0000   -7.5000  -15.000015941.8916   13.4210
    7.5000   -7.5000  -15.000015130.0762   13.4335
   -7.5000    0.0000  -15.000016103.7656   13.4341
    0.0000    0.0000  -15.000016888.7559   13.4305
    7.5000    0.0000  -15.000016039.1318   13.4404
   -7.5000    7.5000  -15.000015658.4600   13.4323
    0.0000    7.5000  -15.000016445.5898   13.4299
    7.5000    7.5000  -15.000015667.8623   13.4374
   -7.5000   15.0000  -15.000015171.6758   13.4200
    0.0000   15.0000  -15.000015927.2217   13.4218
    7.5000   15.0000  -15.000015173.3359   13.4287
   -7.5000   22.5000  -15.000014423.2139   13.4049
    0.0000   22.5000  -15.000015154.7920   13.4103
    7.5000   22.5000  -15.000014414.2207   13.4198
   -7.5000   30.0000  -15.000013698.5625   13.2354
    0.0000   30.0000  -15.000014334.2607   13.2400
    7.5000   30.0000  -15.000013612.6816   13.2526
   -7.5000   37.5000  -15.000013125.0410   13.2475
    0.0000   37.5000  -15.000013729.7607   13.2473
    7.5000   37.5000  -15.000013051.6201   13.2597
   -7.5000   45.0000  -15.000012058.4912   12.9455
    0.0000   45.0000  -15.000012619.5234   12.9420
    7.5000   45.0000  -15.000011985.9912   12.9516
   -7.5000  -45.0000   -7.500010262.7832   13.7616
    0.0000  -45.0000   -7.500010724.9785   13.7604
    7.5000  -45.0000   -7.500010211.8682   13.7716
   -7.5000  -37.5000   -7.500011144.1807   13.6195
    0.0000  -37.5000   -7.500011627.1543   13.6191
    7.5000  -37.5000   -7.500011091.6992   13.6284
   -7.5000  -30.0000   -7.500012420.9844   13.5724
    0.0000  -30.0000   -7.500012969.9131   13.5746
    7.5000  -30.0000   -7.500012361.7842   13.5843
   -7.5000  -22.5000   -7.500013675.9092   13.5618
    0.0000  -22.5000   -7.500014289.0469   13.5661
    7.5000  -22.5000   -7.500013629.0859   13.5782
   -7.5000  -15.0000   -7.500014849.2666   13.5611
    0.0000  -15.0000   -7.500015459.2695   13.5646
    7.5000  -15.0000   -7.500014778.8359   13.5791
   -7.5000   -7.5000   -7.500015966.0566   13.5723
    0.0000   -7.5000   -7.500016634.7637   13.5726
    7.5000   -7.5000   -7.500015850.0479   13.5858
   -7.5000    0.0000   -7.500017058.9727   13.5844
    0.0000    0.0000   -7.500017889.7734   13.5829
    7.5000    0.0000   -7.500016961.5469   13.5933
   -7.5000    7.5000   -7.500016696.3594   13.5828
    0.0000    7.5000   -7.500017538.3105   13.5824
    7.5000    7.5000   -7.500016657.5293   13.5916
   -7.5000   15.0000   -7.500016104.5410   13.5714
    0.0000   15.0000   -7.500016887.1582   13.5735
    7.5000   15.0000   -7.500016070.0264   13.5833
   -7.5000   22.5000   -7.500015204.7080   13.5555
    0.0000   22.5000   -7.500015929.3486   13.5599
    7.5000   22.5000   -7.500015152.1816   13.5720
   -7.5000   30.0000   -7.500014333.4854   13.3853
    0.0000   30.0000   -7.500014994.3975   13.3887
    7.5000   30.0000   -7.500014202.0391   13.4030
   -7.5000   37.5000   -7.500013756.5498   13.3962
    0.0000   37.5000   -7.500014384.0811   13.3966
    7.5000   37.5000   -7.500013609.5791   13.4097
   -7.5000   45.0000   -7.500012659.1904   13.0928
    0.0000   45.0000   -7.500013215.1494   13.0914
    7.5000   45.0000   -7.500012524.1670   13.1014
   -7.5000  -45.0000    0.000010678.6533   13.7860
    0.0000  -45.0000    0.000011162.1123   13.7850
    7.5000  -45.0000    0.000010631.9346   13.7971
   -7.5000  -37.5000    0.000011563.0664   13.6488
    0.0000  -37.5000    0.000012065.0537   13.6465
    7.5000  -37.5000    0.000011515.7432   13.6567
   -7.5000  -30.0000    0.000012871.7090   13.6107
    0.0000  -30.0000    0.000013438.2900   13.6090
    7.5000  -30.0000    0.000012822.6611   13.6195
   -7.5000  -22.5000    0.000014178.9971   13.6028
    0.0000  -22.5000    0.000014783.7852   13.6034
    7.5000  -22.5000    0.000014138.0615   13.6165
   -7.5000  -15.0000    0.000015417.3682   13.5967
    0.0000  -15.0000    0.000015982.0908   13.5986
    7.5000  -15.0000    0.000015336.5010   13.6141
   -7.5000   -7.5000    0.000016598.1973   13.5991
    0.0000   -7.5000    0.000017322.6348   13.5997
    7.5000   -7.5000    0.000016484.2988   13.6142
   -7.5000    0.0000    0.000017830.0293   13.6076
    0.0000    0.0000    0.000018703.3086   13.6064
    7.5000    0.0000    0.000017635.0938   13.6179
   -7.5000    7.5000    0.000017605.5078   13.6122
    0.0000    7.5000    0.000018464.9043   13.6098
    7.5000    7.5000    0.000017336.1094   13.6198
   -7.5000   15.0000    0.000017057.5000   13.6096
    0.0000   15.0000    0.000017835.0566   13.6079
    7.5000   15.0000    0.000016744.2793   13.6185
   -7.5000   22.5000    0.000016019.7344   13.5965
    0.0000   22.5000    0.000016713.2031   13.5971
    7.5000   22.5000    0.000015784.4014   13.6102
   -7.5000   30.0000    0.000014905.8242   13.4207
    0.0000   30.0000    0.000015537.6387   13.4226
    7.5000   30.0000    0.000014703.3535   13.4379
   -7.5000   37.5000    0.000014247.3916   13.4231
    0.0000   37.5000    0.000014845.2021   13.4237
    7.5000   37.5000    0.000014057.8721   13.4380
   -7.5000   45.0000    0.000013107.6631   13.1162
    0.0000   45.0000    0.000013666.7617   13.1150
    7.5000   45.0000    0.000012949.8359   13.1261
   -7.5000  -45.0000    7.500010238.2002   13.7885
    0.0000  -45.0000    7.500010692.7295   13.7855
    7.5000  -45.0000    7.500010215.4453   13.7986
   -7.5000  -37.5000    7.500011074.2705   13.6574
    0.0000  -37.5000    7.500011567.3525   13.6509
    7.5000  -37.5000    7.500011041.6680   13.6603
   -7.5000  -30.0000    7.500012338.5684   13.6283
    0.0000  -30.0000    7.500012881.1494   13.6220
    7.5000  -30.0000    7.500012290.4365   13.6299
   -7.5000  -22.5000    7.500013602.8828   13.6219
    0.0000  -22.5000    7.500014150.2295   13.6201
    7.5000  -22.5000    7.500013523.2744   13.6308
   -7.5000  -15.0000    7.500014799.4805   13.6095
    0.0000  -15.0000    7.500015331.2451   13.6112
    7.5000  -15.0000    7.500014664.4971   13.6259
   -7.5000   -7.5000    7.500015924.3467   13.6034
    0.0000   -7.5000    7.500016579.8223   13.6041
    7.5000   -7.5000    7.500015784.8340   13.6196
   -7.5000    0.0000    7.500016949.3223   13.6093
    0.0000    0.0000    7.500017650.3145   13.6062
    7.5000    0.0000    7.500016792.4961   13.6189
   -7.5000    7.5000    7.500016662.3477   13.6206
    0.0000    7.5000    7.500017322.2578   13.6140
    7.5000    7.5000    7.500016473.3965   13.6234
   -7.5000   15.0000    7.500016214.7920   13.6272
    0.0000   15.0000    7.500016903.5059   13.6209
    7.5000   15.0000    7.500015986.8770   13.6289
   -7.5000   22.5000    7.500015329.1348   13.6157
    0.0000   22.5000    7.500015993.9912   13.6139
    7.5000   22.5000    7.500015128.6562   13.6245
   -7.5000   30.0000    7.500014283.1182   13.4334
    0.0000   30.0000    7.500014877.2051   13.4351
    7.5000   30.0000    7.500014094.8271   13.4496
   -7.5000   37.5000    7.500013642.8301   13.4274
    0.0000   37.5000    7.500014181.2129   13.4280
    7.5000   37.5000    7.500013473.7744   13.4434
   -7.5000   45.0000    7.500012593.3301   13.1178
    0.0000   45.0000    7.500013077.5381   13.1148
    7.5000   45.0000    7.500012432.5430   13.1270
   -7.5000  -45.0000   15.0000 9626.5645   13.8013
    0.0000  -45.0000   15.000010079.4043   13.7959
    7.5000  -45.0000   15.0000 9610.1309   13.8095
   -7.5000  -37.5000   15.000010418.5762   13.6716
    0.0000  -37.5000   15.000010906.3486   13.6627
    7.5000  -37.5000   15.000010388.4189   13.6708
   -7.5000  -30.0000   15.000011638.4414   13.6435
    0.0000  -30.0000   15.000012142.5449   13.6364
    7.5000  -30.0000   15.000011557.9531   13.6411
   -7.5000  -22.5000   15.000012825.7832   13.6364
    0.0000  -22.5000   15.000013342.7090   13.6355
    7.5000  -22.5000   15.000012729.9951   13.6430
   -7.5000  -15.0000   15.000013904.5088   13.6223
    0.0000  -15.0000   15.000014452.7090   13.6252
    7.5000  -15.0000   15.000013819.1221   13.6381
   -7.5000   -7.5000   15.000014905.9688   13.6155
    0.0000   -7.5000   15.000015514.1924   13.6157
    7.5000   -7.5000   15.000014826.8174   13.6312
   -7.5000    0.0000   15.000015802.7930   13.6217
    0.0000    0.0000   15.000016391.8203   13.6164
    7.5000    0.0000   15.000015708.6699   13.6295
   -7.5000    7.5000   15.000015514.0117   13.6346
    0.0000    7.5000   15.000016061.1309   13.6257
    7.5000    7.5000   15.000015415.0801   13.6337
   -7.5000   15.0000   15.000015139.2412   13.6424
    0.0000   15.0000   15.000015733.8691   13.6353
    7.5000   15.0000   15.000015030.5723   13.6401
   -7.5000   22.5000   15.000014382.0527   13.6301
    0.0000   22.5000   15.000014979.2988   13.6293
    7.5000   22.5000   15.000014279.5225   13.6367
   -7.5000   30.0000   15.000013422.8389   13.4460
    0.0000   30.0000   15.000013977.2861   13.4488
    7.5000   30.0000   15.000013301.8447   13.4616
   -7.5000   37.5000   15.000012847.3818   13.4393
    0.0000   37.5000   15.000013359.8809   13.4395
    7.5000   37.5000   15.000012724.9766   13.4548
   -7.5000   45.0000   15.000011863.8779   13.1298
    0.0000   45.0000   15.000012337.5186   13.1247
    7.5000   45.0000   15.000011744.2295   13.1373
   -7.5000  -45.0000   22.5000 8937.8330   13.8995
    0.0000  -45.0000   22.5000 9364.9805   13.8939
    7.5000  -45.0000   22.5000 8930.6338   13.9067
   -7.5000  -37.5000   22.5000 9679.2832   13.7617
    0.0000  -37.5000   22.500010121.4326   13.7550
    7.5000  -37.5000   22.5000 9666.2021   13.7626
   -7.5000  -30.0000   22.500010802.8516   13.7230
    0.0000  -30.0000   22.500011273.4424   13.7203
    7.5000  -30.0000   22.500010763.5869   13.7251
   -7.5000  -22.5000   22.500011906.7666   13.7133
    0.0000  -22.5000   22.500012405.7412   13.7164
    7.5000  -22.5000   22.500011859.5928   13.7240
   -7.5000  -15.0000   22.500012927.8369   13.7056
    0.0000  -15.0000   22.500013449.8047   13.7102
    7.5000  -15.0000   22.500012882.4268   13.7228
   -7.5000   -7.5000   22.500013838.4473   13.7085
    0.0000   -7.5000   22.500014372.7627   13.7083
    7.5000   -7.5000   22.500013773.6582   13.7227
   -7.5000    0.0000   22.500014630.9180   13.7184
    0.0000    0.0000   22.500015150.7041   13.7128
    7.5000    0.0000   22.500014559.3535   13.7249
   -7.5000    7.5000   22.500014346.0645   13.7242
    0.0000    7.5000   22.500014857.7041   13.7175
    7.5000    7.5000   22.500014288.9756   13.7251
   -7.5000   15.0000   22.500014036.7881   13.7220
    0.0000   15.0000   22.500014555.6348   13.7192
    7.5000   15.0000   22.500013948.1406   13.7240
   -7.5000   22.5000   22.500013387.4873   13.7070
    0.0000   22.5000   22.500013902.1143   13.7101
    7.5000   22.5000   22.500013307.3789   13.7177
   -7.5000   30.0000   22.500012481.5420   13.5282
    0.0000   30.0000   22.500012958.4170   13.5327
    7.5000   30.0000   22.500012395.2568   13.5452
   -7.5000   37.5000   22.500011948.6201   13.5311
    0.0000   37.5000   22.500012433.1543   13.5309
    7.5000   37.5000   22.500011858.4834   13.5451
   -7.5000   45.0000   22.500011035.2871   13.2229
    0.0000   45.0000   22.500011482.7432   13.2176
    7.5000   45.0000   22.500010937.8477   13.2292
   -7.5000  -45.0000   30.0000 8236.0635   14.1177
    0.0000  -45.0000   30.0000 8615.0791   14.1145
    7.5000  -45.0000   30.0000 8239.3428   14.1273
   -7.5000  -37.5000   30.0000 8927.6699   13.9695
    0.0000  -37.5000   30.0000 9341.2539   13.9673
    7.5000  -37.5000   30.0000 8927.2002   13.9767
   -7.5000  -30.0000   30.0000 9950.1943   13.9197
    0.0000  -30.0000   30.000010417.6182   13.9218
    7.5000  -30.0000   30.0000 9931.2100   13.9302
   -7.5000  -22.5000   30.000010967.1934   13.9074
    0.0000  -22.5000   30.000011465.0117   13.9131
    7.5000  -22.5000   30.000010926.2129   13.9240
   -7.5000  -15.0000   30.000011905.7373   13.9058
    0.0000  -15.0000   30.000012434.2588   13.9106
    7.5000  -15.0000   30.000011876.1260   13.9250
   -7.5000   -7.5000   30.000012741.9941   13.9181
    0.0000   -7.5000   30.000013278.6055   13.9179
    7.5000   -7.5000   30.000012700.2500   13.9324
   -7.5000    0.0000   30.000013472.4658   13.9319
    0.0000    0.0000   30.000013985.5049   13.9285
    7.5000    0.0000   30.000013410.9688   13.9403
   -7.5000    7.5000   30.000013179.7676   13.9309
    0.0000    7.5000   30.000013691.5322   13.9288
    7.5000    7.5000   30.000013135.5156   13.9380
   -7.5000   15.0000   30.000012881.1104   13.9187
    0.0000   15.0000   30.000013387.7178   13.9207
    7.5000   15.0000   30.000012818.1240   13.9291
   -7.5000   22.5000   30.000012328.9307   13.9010
    0.0000   22.5000   30.000012817.3477   13.9067
    7.5000   22.5000   30.000012263.1250   13.9176
   -7.5000   30.0000   30.000011492.6221   13.7258
    0.0000   30.0000   30.000011920.3467   13.7306
    7.5000   30.0000   30.000011402.9326   13.7448
   -7.5000   37.5000   30.000011022.8779   13.7379
    0.0000   37.5000   30.000011455.6162   13.7378
    7.5000   37.5000   30.000010947.6201   13.7521
   -7.5000   45.0000   30.000010171.5742   13.4287
    0.0000   45.0000   30.000010583.8467   13.4254
    7.5000   45.0000   30.000010097.3760   13.4368
   -7.5000  -45.0000   37.5000 7897.3872   14.5111
    0.0000  -45.0000   37.5000 8274.8105   14.5116
    7.5000  -45.0000   37.5000 7914.1333   14.5288
   -7.5000  -37.5000   37.5000 8550.4355   14.3515
    0.0000  -37.5000   37.5000 8977.3125   14.3528
    7.5000  -37.5000   37.5000 8560.2383   14.3683
   -7.5000  -30.0000   37.5000 9557.6396   14.3000
    0.0000  -30.0000   37.500010018.5371   14.3038
    7.5000  -30.0000   37.5000 9539.6143   14.3194
   -7.5000  -22.5000   37.500010507.2910   14.2911
    0.0000  -22.5000   37.500011003.6240   14.2970
    7.5000  -22.5000   37.500010487.4473   14.3144
   -7.5000  -15.0000   37.500011393.9277   14.2922
    0.0000  -15.0000   37.500011930.3682   14.2972
    7.5000  -15.0000   37.500011384.5098   14.3167
   -7.5000   -7.5000   37.500012192.1895   14.3036
    0.0000   -7.5000   37.500012721.3418   14.3054
    7.5000   -7.5000   37.500012168.8721   14.3241
   -7.5000    0.0000   37.500012857.3203   14.3146
    0.0000    0.0000   37.500013391.8604   14.3147
    7.5000    0.0000   37.500012844.4883   14.3310
   -7.5000    7.5000   37.500012575.0684   14.3110
    0.0000    7.5000   37.500013092.3066   14.3122
    7.5000    7.5000   37.500012567.5898   14.3275
   -7.5000   15.0000   37.500012284.6709   14.2989
    0.0000   15.0000   37.500012778.5029   14.3027
    7.5000   15.0000   37.500012254.4414   14.3182
   -7.5000   22.5000   37.500011801.1650   14.2846
    0.0000   22.5000   37.500012285.5342   14.2904
    7.5000   22.5000   37.500011750.5439   14.3078
   -7.5000   30.0000   37.500010980.5928   14.1073
    0.0000   30.0000   37.500011429.3076   14.1121
    7.5000   30.0000   37.500010926.1592   14.1315
   -7.5000   37.5000   37.500010522.5850   14.1185
    0.0000   37.5000   37.500010966.4238   14.1202
    7.5000   37.5000   37.500010471.1006   14.1387
   -7.5000   45.0000   37.5000 9729.5918   13.7976
    0.0000   45.0000   37.500010118.9932   13.7977
    7.5000   45.0000   37.5000 9649.0781   13.8134
   -7.5000  -45.0000   45.0000 7250.8096   14.9245
    0.0000  -45.0000   45.0000 7594.8428   14.9250
    7.5000  -45.0000   45.0000 7262.5439   14.9426
   -7.5000  -37.5000   45.0000 7852.5356   14.7575
    0.0000  -37.5000   45.0000 8241.9053   14.7564
    7.5000  -37.5000   45.0000 7863.3545   14.7718
   -7.5000  -30.0000   45.0000 8760.8408   14.7149
    0.0000  -30.0000   45.0000 9195.0889   14.7138
    7.5000  -30.0000   45.0000 8755.4971   14.7292
   -7.5000  -22.5000   45.0000 9639.0684   14.7138
    0.0000  -22.5000   45.000010101.9053   14.7146
    7.5000  -22.5000   45.0000 9630.8750   14.7321
   -7.5000  -15.0000   45.000010443.8428   14.7121
    0.0000  -15.0000   45.000010922.8311   14.7142
    7.5000  -15.0000   45.000010430.9531   14.7343
   -7.5000   -7.5000   45.000011147.5811   14.7121
    0.0000   -7.5000   45.000011625.8398   14.7135
    7.5000   -7.5000   45.000011138.8945   14.7329
   -7.5000    0.0000   45.000011746.7393   14.7144
    0.0000    0.0000   45.000012246.2695   14.7146
    7.5000    0.0000   45.000011731.5742   14.7313
   -7.5000    7.5000   45.000011514.0352   14.7144
    0.0000    7.5000   45.000012000.8965   14.7131
    7.5000    7.5000   45.000011485.0674   14.7284
   -7.5000   15.0000   45.000011227.5547   14.7137
    0.0000   15.0000   45.000011693.6094   14.7125
    7.5000   15.0000   45.000011192.3115   14.7279
   -7.5000   22.5000   45.000010796.1846   14.7070
    0.0000   22.5000   45.000011262.9102   14.7077
    7.5000   22.5000   45.000010750.0742   14.7253
   -7.5000   30.0000   45.000010058.3867   14.5204
    0.0000   30.0000   45.000010483.8438   14.5225
    7.5000   30.0000   45.000010018.2988   14.5423
   -7.5000   37.5000   45.0000 9636.0146   14.5204
    0.0000   37.5000   45.000010054.1250   14.5219
    7.5000   37.5000   45.0000 9590.3809   14.5410
   -7.5000   45.0000   45.0000 8910.7031   14.1894
    0.0000   45.0000   45.0000 9284.0742   14.1896
    7.5000   45.0000   45.0000 8851.6172   14.2057

---------------------------------------------------------------------
imgreg_4dfp /opt/freesurfer/average/711-2C_as_mni_average_305 /opt/freesurfer/average/711-2B_as_mni_average_305_mask talsrcimg_g11 none talsrcimg_to_711-2C_as_mni_average_305_t4 4355
---------------------------------------------------------------------

freesurfer imgreg_4dfp.c
/opt/freesurfer/average/711-2C_as_mni_average_305.4dfp.img
       256       256       256         1
  1.000000  1.000000  1.000000
orientation T byte_order littleendian
Reading image: /opt/freesurfer/average/711-2C_as_mni_average_305.4dfp.img
dimensions:      256       256       256
mmppix:       1.0000   -1.0000   -1.0000
center:     128.0000 -129.0000 -129.0000
/opt/freesurfer/average/711-2B_as_mni_average_305_mask.4dfp.img
       256       256       256         1
  1.000000  1.000000  1.000000
orientation T byte_order littleendian
Reading mask: /opt/freesurfer/average/711-2B_as_mni_average_305_mask.4dfp.img (2306576 pixels)
talsrcimg_g11.4dfp.img
       256       256       256         1
  1.000000  1.000000  1.000000
orientation T byte_order littleendian
Reading image: talsrcimg_g11.4dfp.img
dimensions:      256       256       256
mmppix:       1.0000   -1.0000   -1.0000
center:     128.0000 -129.0000 -129.0000
rotation matrix determinant  1.000000
image alignment mode   4355 decimal     1103 hex
   -7.5000  -45.0000  -45.0000 2052.8530   14.9849
    0.0000  -45.0000  -45.0000 2060.4570   14.9777
    7.5000  -45.0000  -45.0000 2039.5087   15.1276
   -7.5000  -37.5000  -45.0000 2183.8530   13.3731
    0.0000  -37.5000  -45.0000 2190.5166   13.3568
    7.5000  -37.5000  -45.0000 2166.9207   13.5013
   -7.5000  -30.0000  -45.0000 2301.1145   12.1510
    0.0000  -30.0000  -45.0000 2307.3931   12.1355
    7.5000  -30.0000  -45.0000 2285.9587   12.2647
   -7.5000  -22.5000  -45.0000 2386.1370   11.2660
    0.0000  -22.5000  -45.0000 2394.8662   11.2449
    7.5000  -22.5000  -45.0000 2372.4412   11.3565
   -7.5000  -15.0000  -45.0000 2438.3474   10.6115
    0.0000  -15.0000  -45.0000 2448.6213   10.5930
    7.5000  -15.0000  -45.0000 2421.9507   10.7032
   -7.5000   -7.5000  -45.0000 2474.3928   10.1812
    0.0000   -7.5000  -45.0000 2486.4502   10.1420
    7.5000   -7.5000  -45.0000 2457.8794   10.2733
   -7.5000    0.0000  -45.0000 2497.2471    9.9385
    0.0000    0.0000  -45.0000 2511.2869    9.8987
    7.5000    0.0000  -45.0000 2481.6995   10.0294
   -7.5000    7.5000  -45.0000 2502.2056    9.8949
    0.0000    7.5000  -45.0000 2515.3899    9.8429
    7.5000    7.5000  -45.0000 2484.9666    9.9879
   -7.5000   15.0000  -45.0000 2492.4009   10.0142
    0.0000   15.0000  -45.0000 2504.7683    9.9813
    7.5000   15.0000  -45.0000 2474.1938   10.1458
   -7.5000   22.5000  -45.0000 2466.2312   10.3546
    0.0000   22.5000  -45.0000 2474.5718   10.3101
    7.5000   22.5000  -45.0000 2443.3955   10.4874
   -7.5000   30.0000  -45.0000 2416.9373   10.8912
    0.0000   30.0000  -45.0000 2424.0908   10.8501
    7.5000   30.0000  -45.0000 2393.0955   11.0381
   -7.5000   37.5000  -45.0000 2345.7708   11.6280
    0.0000   37.5000  -45.0000 2354.7278   11.6035
    7.5000   37.5000  -45.0000 2321.3621   11.7885
   -7.5000   45.0000  -45.0000 2249.0481   12.6356
    0.0000   45.0000  -45.0000 2259.9980   12.6013
    7.5000   45.0000  -45.0000 2228.7656   12.7918
   -7.5000  -45.0000  -37.5000 2113.5356   14.1658
    0.0000  -45.0000  -37.5000 2119.5481   14.1743
    7.5000  -45.0000  -37.5000 2099.4368   14.3320
   -7.5000  -37.5000  -37.5000 2249.4978   12.6300
    0.0000  -37.5000  -37.5000 2256.1328   12.6209
    7.5000  -37.5000  -37.5000 2231.2151   12.7779
   -7.5000  -30.0000  -37.5000 2366.8562   11.4437
    0.0000  -30.0000  -37.5000 2376.4875   11.4004
    7.5000  -30.0000  -37.5000 2350.2070   11.5604
   -7.5000  -22.5000  -37.5000 2457.8875   10.5695
    0.0000  -22.5000  -37.5000 2469.0059   10.5240
    7.5000  -22.5000  -37.5000 2444.8484   10.6523
   -7.5000  -15.0000  -37.5000 2512.3855    9.9613
    0.0000  -15.0000  -37.5000 2521.8931    9.9059
    7.5000  -15.0000  -37.5000 2498.0876   10.0255
   -7.5000   -7.5000  -37.5000 2561.9873    9.5101
    0.0000   -7.5000  -37.5000 2570.9319    9.4649
    7.5000   -7.5000  -37.5000 2543.7119    9.5978
   -7.5000    0.0000  -37.5000 2598.5427    9.2468
    0.0000    0.0000  -37.5000 2612.6716    9.2077
    7.5000    0.0000  -37.5000 2577.0752    9.3376
   -7.5000    7.5000  -37.5000 2607.7747    9.2144
    0.0000    7.5000  -37.5000 2621.4348    9.1587
    7.5000    7.5000  -37.5000 2586.6584    9.2970
   -7.5000   15.0000  -37.5000 2598.5447    9.3521
    0.0000   15.0000  -37.5000 2612.2568    9.2991
    7.5000   15.0000  -37.5000 2576.9858    9.4491
   -7.5000   22.5000  -37.5000 2565.6191    9.6847
    0.0000   22.5000  -37.5000 2579.6372    9.6313
    7.5000   22.5000  -37.5000 2543.7690    9.7729
   -7.5000   30.0000  -37.5000 2510.7458   10.1904
    0.0000   30.0000  -37.5000 2522.5571   10.1335
    7.5000   30.0000  -37.5000 2487.3784   10.2916
   -7.5000   37.5000  -37.5000 2434.1538   10.8757
    0.0000   37.5000  -37.5000 2445.2346   10.8267
    7.5000   37.5000  -37.5000 2409.9976   10.9987
   -7.5000   45.0000  -37.5000 2326.9629   11.8082
    0.0000   45.0000  -37.5000 2340.7795   11.7584
    7.5000   45.0000  -37.5000 2307.6145   11.9504
   -7.5000  -45.0000  -30.0000 2204.5886   13.9187
    0.0000  -45.0000  -30.0000 2213.7024   13.9004
    7.5000  -45.0000  -30.0000 2192.5093   14.0675
   -7.5000  -37.5000  -30.0000 2344.8057   12.3964
    0.0000  -37.5000  -30.0000 2356.3489   12.3638
    7.5000  -37.5000  -30.0000 2331.5793   12.5371
   -7.5000  -30.0000  -30.0000 2464.9470   11.1919
    0.0000  -30.0000  -30.0000 2477.5334   11.1509
    7.5000  -30.0000  -30.0000 2451.2192   11.3145
   -7.5000  -22.5000  -30.0000 2564.8411   10.2731
    0.0000  -22.5000  -30.0000 2576.3721   10.2318
    7.5000  -22.5000  -30.0000 2551.3389   10.3721
   -7.5000  -15.0000  -30.0000 2628.2437    9.6471
    0.0000  -15.0000  -30.0000 2642.7944    9.5979
    7.5000  -15.0000  -30.0000 2615.2925    9.7297
   -7.5000   -7.5000  -30.0000 2685.3308    9.2075
    0.0000   -7.5000  -30.0000 2699.0635    9.1603
    7.5000   -7.5000  -30.0000 2670.3730    9.2887
   -7.5000    0.0000  -30.0000 2738.3799    8.9312
    0.0000    0.0000  -30.0000 2754.7922    8.8772
    7.5000    0.0000  -30.0000 2713.6777    9.0021
   -7.5000    7.5000  -30.0000 2754.1511    8.8818
    0.0000    7.5000  -30.0000 2769.2686    8.8199
    7.5000    7.5000  -30.0000 2727.9343    8.9503
   -7.5000   15.0000  -30.0000 2746.7207    9.0261
    0.0000   15.0000  -30.0000 2766.7146    8.9708
    7.5000   15.0000  -30.0000 2724.2327    9.1069
   -7.5000   22.5000  -30.0000 2713.2454    9.3791
    0.0000   22.5000  -30.0000 2733.9346    9.3008
    7.5000   22.5000  -30.0000 2691.4070    9.4514
   -7.5000   30.0000  -30.0000 2651.6287    9.8731
    0.0000   30.0000  -30.0000 2665.2354    9.8079
    7.5000   30.0000  -30.0000 2628.0435    9.9549
   -7.5000   37.5000  -30.0000 2564.1165   10.5652
    0.0000   37.5000  -30.0000 2574.9192   10.4914
    7.5000   37.5000  -30.0000 2541.1333   10.6511
   -7.5000   45.0000  -30.0000 2445.9297   11.4837
    0.0000   45.0000  -30.0000 2458.3572   11.4098
    7.5000   45.0000  -30.0000 2428.6047   11.5908
   -7.5000  -45.0000  -22.5000 2259.2202   13.6343
    0.0000  -45.0000  -22.5000 2271.0713   13.5660
    7.5000  -45.0000  -22.5000 2249.6541   13.7771
   -7.5000  -37.5000  -22.5000 2401.1875   12.1119
    0.0000  -37.5000  -22.5000 2419.5044   12.0510
    7.5000  -37.5000  -22.5000 2392.3914   12.2293
   -7.5000  -30.0000  -22.5000 2521.6726   10.8735
    0.0000  -30.0000  -22.5000 2538.4668   10.8297
    7.5000  -30.0000  -22.5000 2513.3325   10.9878
   -7.5000  -22.5000  -22.5000 2633.3933    9.9349
    0.0000  -22.5000  -22.5000 2648.0806    9.8957
    7.5000  -22.5000  -22.5000 2623.0437   10.0376
   -7.5000  -15.0000  -22.5000 2714.9365    9.2788
    0.0000  -15.0000  -22.5000 2731.0242    9.2428
    7.5000  -15.0000  -22.5000 2701.2002    9.3845
   -7.5000   -7.5000  -22.5000 2782.4634    8.8449
    0.0000   -7.5000  -22.5000 2797.7375    8.7905
    7.5000   -7.5000  -22.5000 2766.1992    8.9281
   -7.5000    0.0000  -22.5000 2841.6270    8.5656
    0.0000    0.0000  -22.5000 2862.0754    8.5271
    7.5000    0.0000  -22.5000 2813.0596    8.6761
   -7.5000    7.5000  -22.5000 2865.4165    8.4818
    0.0000    7.5000  -22.5000 2887.0071    8.4321
    7.5000    7.5000  -22.5000 2834.7361    8.5901
   -7.5000   15.0000  -22.5000 2866.2397    8.6198
    0.0000   15.0000  -22.5000 2886.7319    8.5552
    7.5000   15.0000  -22.5000 2839.8596    8.7190
   -7.5000   22.5000  -22.5000 2827.4595    8.9651
    0.0000   22.5000  -22.5000 2849.9688    8.9123
    7.5000   22.5000  -22.5000 2804.4170    9.0610
   -7.5000   30.0000  -22.5000 2753.5945    9.4710
    0.0000   30.0000  -22.5000 2768.6228    9.4078
    7.5000   30.0000  -22.5000 2732.3887    9.5678
   -7.5000   37.5000  -22.5000 2652.9602   10.1678
    0.0000   37.5000  -22.5000 2666.4548   10.0966
    7.5000   37.5000  -22.5000 2632.9883   10.2671
   -7.5000   45.0000  -22.5000 2529.7979   11.0826
    0.0000   45.0000  -22.5000 2547.4817   11.0100
    7.5000   45.0000  -22.5000 2509.5276   11.1888
   -7.5000  -45.0000  -15.0000 2287.1030   13.4286
    0.0000  -45.0000  -15.0000 2301.5283   13.3452
    7.5000  -45.0000  -15.0000 2278.4504   13.5777
   -7.5000  -37.5000  -15.0000 2423.7896   11.8627
    0.0000  -37.5000  -15.0000 2442.9202   11.7986
    7.5000  -37.5000  -15.0000 2416.3750   11.9995
   -7.5000  -30.0000  -15.0000 2545.5923   10.6168
    0.0000  -30.0000  -15.0000 2564.4490   10.5579
    7.5000  -30.0000  -15.0000 2538.5613   10.7407
   -7.5000  -22.5000  -15.0000 2665.4209    9.6694
    0.0000  -22.5000  -15.0000 2681.0894    9.6098
    7.5000  -22.5000  -15.0000 2657.6355    9.7754
   -7.5000  -15.0000  -15.0000 2764.0029    8.9884
    0.0000  -15.0000  -15.0000 2781.8188    8.9303
    7.5000  -15.0000  -15.0000 2752.0903    9.0864
   -7.5000   -7.5000  -15.0000 2848.4348    8.5265
    0.0000   -7.5000  -15.0000 2867.1516    8.4774
    7.5000   -7.5000  -15.0000 2831.9751    8.6184
   -7.5000    0.0000  -15.0000 2908.9282    8.2701
    0.0000    0.0000  -15.0000 2935.3850    8.2385
    7.5000    0.0000  -15.0000 2887.0447    8.3843
   -7.5000    7.5000  -15.0000 2945.2664    8.1648
    0.0000    7.5000  -15.0000 2974.6577    8.1140
    7.5000    7.5000  -15.0000 2913.6135    8.3036
   -7.5000   15.0000  -15.0000 2945.0188    8.2588
    0.0000   15.0000  -15.0000 2969.3616    8.1990
    7.5000   15.0000  -15.0000 2911.7556    8.4075
   -7.5000   22.5000  -15.0000 2897.0811    8.5799
    0.0000   22.5000  -15.0000 2920.9534    8.5353
    7.5000   22.5000  -15.0000 2870.3962    8.7215
   -7.5000   30.0000  -15.0000 2814.9368    9.0918
    0.0000   30.0000  -15.0000 2833.2263    9.0402
    7.5000   30.0000  -15.0000 2791.1008    9.2272
   -7.5000   37.5000  -15.0000 2709.6335    9.8004
    0.0000   37.5000  -15.0000 2727.2166    9.7360
    7.5000   37.5000  -15.0000 2687.6646    9.9209
   -7.5000   45.0000  -15.0000 2577.6355   10.7508
    0.0000   45.0000  -15.0000 2595.1917   10.6865
    7.5000   45.0000  -15.0000 2554.7590   10.8812
   -7.5000  -45.0000   -7.5000 2298.2798   13.2842
    0.0000  -45.0000   -7.5000 2316.1318   13.1666
    7.5000  -45.0000   -7.5000 2292.5327   13.3982
   -7.5000  -37.5000   -7.5000 2427.7317   11.7130
    0.0000  -37.5000   -7.5000 2444.5547   11.6083
    7.5000  -37.5000   -7.5000 2425.1990   11.8262
   -7.5000  -30.0000   -7.5000 2548.2478   10.4542
    0.0000  -30.0000   -7.5000 2564.6348   10.3464
    7.5000  -30.0000   -7.5000 2540.7236   10.5627
   -7.5000  -22.5000   -7.5000 2670.1794    9.4902
    0.0000  -22.5000   -7.5000 2689.5913    9.3980
    7.5000  -22.5000   -7.5000 2663.1755    9.5893
   -7.5000  -15.0000   -7.5000 2779.7502    8.7814
    0.0000  -15.0000   -7.5000 2803.3279    8.7018
    7.5000  -15.0000   -7.5000 2768.1116    8.8819
   -7.5000   -7.5000   -7.5000 2873.1414    8.3302
    0.0000   -7.5000   -7.5000 2896.5859    8.2379
    7.5000   -7.5000   -7.5000 2860.8679    8.4299
   -7.5000    0.0000   -7.5000 2951.3105    8.1058
    0.0000    0.0000   -7.5000 2983.1611    8.0256
    7.5000    0.0000   -7.5000 2934.8267    8.1870
   -7.5000    7.5000   -7.5000 2996.1111    8.0448
    0.0000    7.5000   -7.5000 3042.0066    7.9600
    7.5000    7.5000   -7.5000 2970.6572    8.1390
   -7.5000   15.0000   -7.5000 2988.5923    8.0822
    0.0000   15.0000   -7.5000 3023.4185    8.0326
    7.5000   15.0000   -7.5000 2954.7290    8.2267
   -7.5000   22.5000   -7.5000 2935.0010    8.3226
    0.0000   22.5000   -7.5000 2956.5549    8.2660
    7.5000   22.5000   -7.5000 2904.2915    8.4707
   -7.5000   30.0000   -7.5000 2842.4951    8.8148
    0.0000   30.0000   -7.5000 2865.0203    8.7442
    7.5000   30.0000   -7.5000 2819.7720    8.9444
   -7.5000   37.5000   -7.5000 2731.8315    9.5643
    0.0000   37.5000   -7.5000 2752.0737    9.4879
    7.5000   37.5000   -7.5000 2711.1650    9.6829
   -7.5000   45.0000   -7.5000 2597.4236   10.5393
    0.0000   45.0000   -7.5000 2612.1821   10.4737
    7.5000   45.0000   -7.5000 2576.3840   10.6634
   -7.5000  -45.0000    0.0000 2299.0547   13.2882
    0.0000  -45.0000    0.0000 2324.2102   13.1429
    7.5000  -45.0000    0.0000 2297.2573   13.3796
   -7.5000  -37.5000    0.0000 2423.1323   11.6862
    0.0000  -37.5000    0.0000 2443.8215   11.5477
    7.5000  -37.5000    0.0000 2421.9785   11.7931
   -7.5000  -30.0000    0.0000 2538.1509   10.4194
    0.0000  -30.0000    0.0000 2558.5027   10.2772
    7.5000  -30.0000    0.0000 2534.9204   10.5274
   -7.5000  -22.5000    0.0000 2664.8467    9.4657
    0.0000  -22.5000    0.0000 2683.4624    9.3397
    7.5000  -22.5000    0.0000 2657.8428    9.5653
   -7.5000  -15.0000    0.0000 2778.8032    8.7582
    0.0000  -15.0000    0.0000 2800.0603    8.6490
    7.5000  -15.0000    0.0000 2768.7280    8.8554
   -7.5000   -7.5000    0.0000 2879.2783    8.3212
    0.0000   -7.5000    0.0000 2904.9055    8.2083
    7.5000   -7.5000    0.0000 2865.5654    8.4021
   -7.5000    0.0000    0.0000 2967.3826    8.1073
    0.0000    0.0000    0.0000 3005.2517    8.0263
    7.5000    0.0000    0.0000 2948.8479    8.1721
   -7.5000    7.5000    0.0000 3019.9802    8.0514
    0.0000    7.5000    0.0000 3073.9736    7.9952
    7.5000    7.5000    0.0000 2993.8835    8.1138
   -7.5000   15.0000    0.0000 2998.4924    8.1485
    0.0000   15.0000    0.0000 3043.1113    8.0653
    7.5000   15.0000    0.0000 2969.8291    8.2107
   -7.5000   22.5000    0.0000 2933.6106    8.3670
    0.0000   22.5000    0.0000 2961.3804    8.2868
    7.5000   22.5000    0.0000 2912.6799    8.4416
   -7.5000   30.0000    0.0000 2840.4839    8.7859
    0.0000   30.0000    0.0000 2864.1902    8.7195
    7.5000   30.0000    0.0000 2822.0632    8.8957
   -7.5000   37.5000    0.0000 2727.4404    9.4890
    0.0000   37.5000    0.0000 2747.0676    9.4192
    7.5000   37.5000    0.0000 2713.1230    9.5900
   -7.5000   45.0000    0.0000 2592.6987   10.4341
    0.0000   45.0000    0.0000 2606.6511   10.3768
    7.5000   45.0000    0.0000 2577.5103   10.5458
   -7.5000  -45.0000    7.5000 2291.6431   13.4205
    0.0000  -45.0000    7.5000 2318.8657   13.2254
    7.5000  -45.0000    7.5000 2296.8113   13.5151
   -7.5000  -37.5000    7.5000 2413.6143   11.8290
    0.0000  -37.5000    7.5000 2437.7017   11.6431
    7.5000  -37.5000    7.5000 2415.5225   11.9081
   -7.5000  -30.0000    7.5000 2526.1067   10.6076
    0.0000  -30.0000    7.5000 2550.2803   10.4379
    7.5000  -30.0000    7.5000 2525.8574   10.6650
   -7.5000  -22.5000    7.5000 2650.3135    9.6424
    0.0000  -22.5000    7.5000 2670.6487    9.4893
    7.5000  -22.5000    7.5000 2644.6389    9.7132
   -7.5000  -15.0000    7.5000 2764.4307    8.9198
    0.0000  -15.0000    7.5000 2781.6421    8.7788
    7.5000  -15.0000    7.5000 2752.5884    8.9867
   -7.5000   -7.5000    7.5000 2868.7837    8.4603
    0.0000   -7.5000    7.5000 2892.6533    8.3405
    7.5000   -7.5000    7.5000 2854.9556    8.5215
   -7.5000    0.0000    7.5000 2952.4626    8.1948
    0.0000    0.0000    7.5000 2990.7915    8.1173
    7.5000    0.0000    7.5000 2937.6340    8.2697
   -7.5000    7.5000    7.5000 3000.5356    8.1139
    0.0000    7.5000    7.5000 3040.0125    8.0231
    7.5000    7.5000    7.5000 2977.7798    8.2026
   -7.5000   15.0000    7.5000 2975.8284    8.2657
    0.0000   15.0000    7.5000 3017.9707    8.1718
    7.5000   15.0000    7.5000 2951.5325    8.3263
   -7.5000   22.5000    7.5000 2901.0078    8.5801
    0.0000   22.5000    7.5000 2934.9124    8.4937
    7.5000   22.5000    7.5000 2888.2737    8.6350
   -7.5000   30.0000    7.5000 2808.3777    9.0200
    0.0000   30.0000    7.5000 2834.2900    8.9429
    7.5000   30.0000    7.5000 2796.1772    9.0901
   -7.5000   37.5000    7.5000 2692.7944    9.6730
    0.0000   37.5000    7.5000 2713.4475    9.5981
    7.5000   37.5000    7.5000 2682.8574    9.7491
   -7.5000   45.0000    7.5000 2563.9392   10.5472
    0.0000   45.0000    7.5000 2577.4338   10.4781
    7.5000   45.0000    7.5000 2551.4438   10.6544
   -7.5000  -45.0000   15.0000 2264.5288   13.7475
    0.0000  -45.0000   15.0000 2285.9216   13.5408
    7.5000  -45.0000   15.0000 2266.5498   13.8406
   -7.5000  -37.5000   15.0000 2390.2686   12.1413
    0.0000  -37.5000   15.0000 2414.4470   11.9684
    7.5000  -37.5000   15.0000 2389.8831   12.2012
   -7.5000  -30.0000   15.0000 2509.5630   10.9259
    0.0000  -30.0000   15.0000 2530.2227   10.7413
    7.5000  -30.0000   15.0000 2501.3184   10.9477
   -7.5000  -22.5000   15.0000 2628.1594    9.9446
    0.0000  -22.5000   15.0000 2649.8291    9.7743
    7.5000  -22.5000   15.0000 2620.0906    9.9875
   -7.5000  -15.0000   15.0000 2737.0510    9.2233
    0.0000  -15.0000   15.0000 2757.5671    9.0599
    7.5000  -15.0000   15.0000 2727.3230    9.2706
   -7.5000   -7.5000   15.0000 2837.0417    8.7324
    0.0000   -7.5000   15.0000 2859.2371    8.6117
    7.5000   -7.5000   15.0000 2824.9353    8.7972
   -7.5000    0.0000   15.0000 2906.4148    8.4685
    0.0000    0.0000   15.0000 2938.2517    8.3471
    7.5000    0.0000   15.0000 2893.9272    8.5376
   -7.5000    7.5000   15.0000 2940.7395    8.3762
    0.0000    7.5000   15.0000 2969.4565    8.2513
    7.5000    7.5000   15.0000 2925.5508    8.4433
   -7.5000   15.0000   15.0000 2916.9517    8.5465
    0.0000   15.0000   15.0000 2949.0420    8.4569
    7.5000   15.0000   15.0000 2901.4756    8.6087
   -7.5000   22.5000   15.0000 2845.3857    8.8961
    0.0000   22.5000   15.0000 2875.0886    8.8069
    7.5000   22.5000   15.0000 2835.2341    8.9587
   -7.5000   30.0000   15.0000 2754.6885    9.3397
    0.0000   30.0000   15.0000 2778.8020    9.2510
    7.5000   30.0000   15.0000 2743.4575    9.4214
   -7.5000   37.5000   15.0000 2641.7178    9.9890
    0.0000   37.5000   15.0000 2661.4192    9.9037
    7.5000   37.5000   15.0000 2633.1597   10.0625
   -7.5000   45.0000   15.0000 2515.3533   10.8377
    0.0000   45.0000   15.0000 2530.5891   10.7661
    7.5000   45.0000   15.0000 2507.9124   10.9191
   -7.5000  -45.0000   22.5000 2219.3438   14.2355
    0.0000  -45.0000   22.5000 2239.4250   14.0286
    7.5000  -45.0000   22.5000 2219.6807   14.2818
   -7.5000  -37.5000   22.5000 2354.9761   12.5735
    0.0000  -37.5000   22.5000 2377.6309   12.3804
    7.5000  -37.5000   22.5000 2353.6191   12.6354
   -7.5000  -30.0000   22.5000 2477.2937   11.3350
    0.0000  -30.0000   22.5000 2498.0908   11.1394
    7.5000  -30.0000   22.5000 2468.9888   11.3664
   -7.5000  -22.5000   22.5000 2596.1816   10.3645
    0.0000  -22.5000   22.5000 2620.5332   10.1712
    7.5000  -22.5000   22.5000 2588.3457   10.3967
   -7.5000  -15.0000   22.5000 2700.6873    9.6354
    0.0000  -15.0000   22.5000 2725.0635    9.4678
    7.5000  -15.0000   22.5000 2692.1028    9.6856
   -7.5000   -7.5000   22.5000 2785.7292    9.1467
    0.0000   -7.5000   22.5000 2808.9919    9.0010
    7.5000   -7.5000   22.5000 2777.2024    9.1964
   -7.5000    0.0000   22.5000 2843.7463    8.8601
    0.0000    0.0000   22.5000 2872.1477    8.7016
    7.5000    0.0000   22.5000 2835.9031    8.9036
   -7.5000    7.5000   22.5000 2865.8223    8.7614
    0.0000    7.5000   22.5000 2891.6943    8.6366
    7.5000    7.5000   22.5000 2859.6257    8.8268
   -7.5000   15.0000   22.5000 2838.4216    8.9466
    0.0000   15.0000   22.5000 2866.9482    8.8547
    7.5000   15.0000   22.5000 2827.1538    9.0066
   -7.5000   22.5000   22.5000 2771.1973    9.3086
    0.0000   22.5000   22.5000 2796.5142    9.2285
    7.5000   22.5000   22.5000 2761.0984    9.3684
   -7.5000   30.0000   22.5000 2683.6936    9.7774
    0.0000   30.0000   22.5000 2700.2563    9.6953
    7.5000   30.0000   22.5000 2674.5444    9.8605
   -7.5000   37.5000   22.5000 2580.1389   10.4122
    0.0000   37.5000   22.5000 2598.1123   10.3225
    7.5000   37.5000   22.5000 2572.1252   10.4931
   -7.5000   45.0000   22.5000 2456.3276   11.2710
    0.0000   45.0000   22.5000 2474.9500   11.1921
    7.5000   45.0000   22.5000 2451.0916   11.3477
   -7.5000  -45.0000   30.0000 2169.6582   14.7980
    0.0000  -45.0000   30.0000 2185.6096   14.6067
    7.5000  -45.0000   30.0000 2171.3213   14.8562
   -7.5000  -37.5000   30.0000 2309.2764   13.1357
    0.0000  -37.5000   30.0000 2331.2461   12.9349
    7.5000  -37.5000   30.0000 2308.0869   13.1691
   -7.5000  -30.0000   30.0000 2428.2737   11.8589
    0.0000  -30.0000   30.0000 2452.6814   11.6842
    7.5000  -30.0000   30.0000 2424.3687   11.9103
   -7.5000  -22.5000   30.0000 2544.0317   10.8908
    0.0000  -22.5000   30.0000 2569.8167   10.7260
    7.5000  -22.5000   30.0000 2537.6643   10.9297
   -7.5000  -15.0000   30.0000 2644.1003   10.1505
    0.0000  -15.0000   30.0000 2671.3635   10.0055
    7.5000  -15.0000   30.0000 2636.0173   10.2145
   -7.5000   -7.5000   30.0000 2719.8359    9.6680
    0.0000   -7.5000   30.0000 2748.7095    9.5249
    7.5000   -7.5000   30.0000 2716.0308    9.7195
   -7.5000    0.0000   30.0000 2769.6431    9.3682
    0.0000    0.0000   30.0000 2798.4270    9.2286
    7.5000    0.0000   30.0000 2767.4382    9.4119
   -7.5000    7.5000   30.0000 2780.7739    9.2673
    0.0000    7.5000   30.0000 2807.3533    9.1505
    7.5000    7.5000   30.0000 2778.4563    9.3146
   -7.5000   15.0000   30.0000 2744.6694    9.4629
    0.0000   15.0000   30.0000 2771.9761    9.3641
    7.5000   15.0000   30.0000 2737.9780    9.5162
   -7.5000   22.5000   30.0000 2683.8423    9.8189
    0.0000   22.5000   30.0000 2706.7446    9.7270
    7.5000   22.5000   30.0000 2677.3032    9.8730
   -7.5000   30.0000   30.0000 2601.8943   10.3004
    0.0000   30.0000   30.0000 2615.2534   10.2264
    7.5000   30.0000   30.0000 2595.3040   10.3714
   -7.5000   37.5000   30.0000 2503.7146   10.9269
    0.0000   37.5000   30.0000 2521.5752   10.8527
    7.5000   37.5000   30.0000 2497.4082   11.0079
   -7.5000   45.0000   30.0000 2384.9275   11.7962
    0.0000   45.0000   30.0000 2400.9678   11.7309
    7.5000   45.0000   30.0000 2379.5254   11.8869
   -7.5000  -45.0000   37.5000 2121.1069   15.5928
    0.0000  -45.0000   37.5000 2136.0613   15.4323
    7.5000  -45.0000   37.5000 2120.0496   15.6511
   -7.5000  -37.5000   37.5000 2252.3455   13.8676
    0.0000  -37.5000   37.5000 2278.4148   13.7117
    7.5000  -37.5000   37.5000 2254.5083   13.8897
   -7.5000  -30.0000   37.5000 2373.8740   12.5642
    0.0000  -30.0000   37.5000 2398.6167   12.4368
    7.5000  -30.0000   37.5000 2370.2390   12.6018
   -7.5000  -22.5000   37.5000 2482.7424   11.5701
    0.0000  -22.5000   37.5000 2505.8508   11.4421
    7.5000  -22.5000   37.5000 2475.9011   11.6319
   -7.5000  -15.0000   37.5000 2573.3398   10.8169
    0.0000  -15.0000   37.5000 2599.5056   10.6901
    7.5000  -15.0000   37.5000 2568.3000   10.8817
   -7.5000   -7.5000   37.5000 2642.9561   10.3122
    0.0000   -7.5000   37.5000 2668.5764   10.1936
    7.5000   -7.5000   37.5000 2639.4797   10.3676
   -7.5000    0.0000   37.5000 2681.1697   10.0090
    0.0000    0.0000   37.5000 2704.0647    9.8991
    7.5000    0.0000   37.5000 2680.3435   10.0591
   -7.5000    7.5000   37.5000 2684.1741    9.9135
    0.0000    7.5000   37.5000 2706.7095    9.8249
    7.5000    7.5000   37.5000 2683.8508    9.9810
   -7.5000   15.0000   37.5000 2647.2539   10.1006
    0.0000   15.0000   37.5000 2669.3914   10.0112
    7.5000   15.0000   37.5000 2645.7200   10.1595
   -7.5000   22.5000   37.5000 2599.5303   10.4405
    0.0000   22.5000   37.5000 2620.3362   10.3492
    7.5000   22.5000   37.5000 2589.9531   10.4974
   -7.5000   30.0000   37.5000 2515.4568   10.9463
    0.0000   30.0000   37.5000 2530.8213   10.8716
    7.5000   30.0000   37.5000 2508.9023   11.0157
   -7.5000   37.5000   37.5000 2421.3838   11.5784
    0.0000   37.5000   37.5000 2434.2542   11.5086
    7.5000   37.5000   37.5000 2416.1331   11.6567
   -7.5000   45.0000   37.5000 2307.8750   12.4555
    0.0000   45.0000   37.5000 2317.3726   12.4031
    7.5000   45.0000   37.5000 2300.3079   12.5322
   -7.5000  -45.0000   45.0000 2060.7993   16.6515
    0.0000  -45.0000   45.0000 2079.7249   16.5376
    7.5000  -45.0000   45.0000 2061.0073   16.6911
   -7.5000  -37.5000   45.0000 2193.6938   14.8383
    0.0000  -37.5000   45.0000 2217.7102   14.7138
    7.5000  -37.5000   45.0000 2194.5356   14.8660
   -7.5000  -30.0000   45.0000 2311.6467   13.4738
    0.0000  -30.0000   45.0000 2334.8362   13.3711
    7.5000  -30.0000   45.0000 2304.8389   13.5141
   -7.5000  -22.5000   45.0000 2411.7466   12.4462
    0.0000  -22.5000   45.0000 2434.0447   12.3371
    7.5000  -22.5000   45.0000 2403.8484   12.4933
   -7.5000  -15.0000   45.0000 2493.3757   11.6788
    0.0000  -15.0000   45.0000 2515.3262   11.5513
    7.5000  -15.0000   45.0000 2488.7344   11.7178
   -7.5000   -7.5000   45.0000 2553.6125   11.1258
    0.0000   -7.5000   45.0000 2573.3215   11.0112
    7.5000   -7.5000   45.0000 2550.3210   11.1748
   -7.5000    0.0000   45.0000 2582.5498   10.7884
    0.0000    0.0000   45.0000 2599.7078   10.7128
    7.5000    0.0000   45.0000 2580.0134   10.8542
   -7.5000    7.5000   45.0000 2581.6494   10.7428
    0.0000    7.5000   45.0000 2601.4822   10.6752
    7.5000    7.5000   45.0000 2578.3572   10.8033
   -7.5000   15.0000   45.0000 2547.8035   10.9108
    0.0000   15.0000   45.0000 2563.7732   10.8438
    7.5000   15.0000   45.0000 2544.2463   10.9536
   -7.5000   22.5000   45.0000 2504.6582   11.2184
    0.0000   22.5000   45.0000 2525.1914   11.1521
    7.5000   22.5000   45.0000 2495.6260   11.2871
   -7.5000   30.0000   45.0000 2426.4573   11.7283
    0.0000   30.0000   45.0000 2443.6909   11.6745
    7.5000   30.0000   45.0000 2421.7234   11.8103
   -7.5000   37.5000   45.0000 2336.3052   12.3888
    0.0000   37.5000   45.0000 2349.3381   12.3117
    7.5000   37.5000   45.0000 2329.6250   12.4682
   -7.5000   45.0000   45.0000 2225.3030   13.2860
    0.0000   45.0000   45.0000 2235.3015   13.2234
    7.5000   45.0000   45.0000 2216.5715   13.3456

---------------------------------------------------------------------
imgreg_4dfp /opt/freesurfer/average/711-2C_as_mni_average_305 /opt/freesurfer/average/711-2B_as_mni_average_305_mask talsrcimg_g11 none talsrcimg_to_711-2C_as_mni_average_305_t4 1283
---------------------------------------------------------------------

freesurfer imgreg_4dfp.c
/opt/freesurfer/average/711-2C_as_mni_average_305.4dfp.img
       256       256       256         1
  1.000000  1.000000  1.000000
orientation T byte_order littleendian
Reading image: /opt/freesurfer/average/711-2C_as_mni_average_305.4dfp.img
dimensions:      256       256       256
mmppix:       1.0000   -1.0000   -1.0000
center:     128.0000 -129.0000 -129.0000
/opt/freesurfer/average/711-2B_as_mni_average_305_mask.4dfp.img
       256       256       256         1
  1.000000  1.000000  1.000000
orientation T byte_order littleendian
Reading mask: /opt/freesurfer/average/711-2B_as_mni_average_305_mask.4dfp.img (2306576 pixels)
talsrcimg_g11.4dfp.img
       256       256       256         1
  1.000000  1.000000  1.000000
orientation T byte_order littleendian
Reading image: talsrcimg_g11.4dfp.img
dimensions:      256       256       256
mmppix:       1.0000   -1.0000   -1.0000
center:     128.0000 -129.0000 -129.0000
rotation matrix determinant  1.000000
fimgreg.f
image alignment mode   1283 decimal      503 hex
parameters
    0.0000    7.5000    0.0000    0.0000    0.0000    0.0000
eta,q 0.96375  8.01041
niter,ni,del,rscale     5    3   12.0000    1.2000
parameter  4  0.804634 ->  0.500000 qaram    1.1500
parameters
   -0.8710    9.2600   -0.2717   -3.4500    0.2775    0.8914
eta,q 0.96763  7.94927
  0.0504  0.0512  0.0427  0.0331  0.0436  0.0396
  0.0422  0.0450  0.0387  0.0325  0.0382  0.0364
  0.0370  0.0397  0.0361  0.0332  0.0343  0.0340
  0.0369  0.0362  0.0353  0.0352  0.0326  0.0326
  0.0424  0.0354  0.0368  0.0386  0.0338  0.0326
  0.0506  0.0374  0.0399  0.0423  0.0370  0.0341
  0.0582  0.0405  0.0438  0.0461  0.0417  0.0366
niter,ni,del,rscale     5    3   12.0000    1.2000
parameters
   -1.1416   10.5715   -0.3439   -4.5426    0.4052    1.1696
eta,q 0.96850  7.96874
  0.0506  0.0489  0.0409  0.0380  0.0428  0.0373
  0.0418  0.0413  0.0368  0.0339  0.0373  0.0347
  0.0348  0.0354  0.0336  0.0316  0.0333  0.0324
  0.0324  0.0324  0.0318  0.0318  0.0315  0.0315
  0.0358  0.0320  0.0332  0.0341  0.0330  0.0322
  0.0444  0.0342  0.0369  0.0381  0.0367  0.0340
  0.0540  0.0390  0.0417  0.0427  0.0419  0.0363
niter,ni,del,rscale     4    3   12.0000    1.2000
parameters
   -1.1613   10.9271   -0.5179   -4.9254    0.3836    1.3015
eta,q 0.96853  7.97718
  0.0522  0.0454  0.0402  0.0393  0.0424  0.0371
  0.0428  0.0378  0.0362  0.0352  0.0370  0.0345
  0.0347  0.0332  0.0330  0.0323  0.0332  0.0323
  0.0315  0.0315  0.0315  0.0315  0.0315  0.0315
  0.0346  0.0325  0.0331  0.0330  0.0332  0.0323
  0.0429  0.0367  0.0367  0.0365  0.0372  0.0341
  0.0526  0.0419  0.0414  0.0412  0.0425  0.0366
niter,ni,del,rscale     3    3   12.0000    1.2000
parameters
   -1.1470   11.0664   -0.6069   -5.0933    0.3504    1.3544
eta,q 0.96851  7.98123
  0.0527  0.0445  0.0403  0.0396  0.0424  0.0371
  0.0432  0.0371  0.0362  0.0357  0.0371  0.0344
  0.0348  0.0329  0.0330  0.0326  0.0332  0.0322
  0.0315  0.0315  0.0315  0.0315  0.0315  0.0315
  0.0347  0.0331  0.0329  0.0327  0.0333  0.0324
  0.0430  0.0375  0.0364  0.0360  0.0373  0.0343
  0.0526  0.0425  0.0411  0.0407  0.0426  0.0368
niter,ni,del,rscale     2    3   12.0000    1.2000
parameters
   -1.1353   11.1254   -0.6485   -5.1622    0.3308    1.3771
eta,q 0.96849  7.98294
  0.0529  0.0442  0.0405  0.0397  0.0425  0.0371
  0.0434  0.0368  0.0363  0.0359  0.0372  0.0344
  0.0348  0.0327  0.0331  0.0328  0.0333  0.0322
  0.0315  0.0315  0.0315  0.0315  0.0315  0.0315
  0.0348  0.0334  0.0329  0.0326  0.0332  0.0324
  0.0432  0.0378  0.0363  0.0358  0.0373  0.0343
  0.0527  0.0426  0.0409  0.0404  0.0426  0.0369
registration optimization eta report
parameter search radius
    6.0000    6.0000    6.0000    6.9000    6.0000    6.0000
100000*second partial in parameter space
       57.       33.       25.       18.       30.       15.
  0.0529  0.0442  0.0405  0.0397  0.0425  0.0371
  0.0434  0.0368  0.0363  0.0359  0.0372  0.0344
  0.0348  0.0327  0.0331  0.0328  0.0333  0.0322
  0.0315  0.0315  0.0315  0.0315  0.0315  0.0315
  0.0348  0.0334  0.0329  0.0326  0.0332  0.0324
  0.0432  0.0378  0.0363  0.0358  0.0373  0.0343
  0.0527  0.0426  0.0409  0.0404  0.0426  0.0369
   -1.1353   11.1254   -0.6485   -5.1622    0.3308    1.3771
eta,q 0.96849  7.98294

---------------------------------------------------------------------
imgreg_4dfp /opt/freesurfer/average/711-2C_as_mni_average_305 /opt/freesurfer/average/711-2B_as_mni_average_305_mask talsrcimg_g11 none talsrcimg_to_711-2C_as_mni_average_305_t4 3335
---------------------------------------------------------------------

freesurfer imgreg_4dfp.c
/opt/freesurfer/average/711-2C_as_mni_average_305.4dfp.img
       256       256       256         1
  1.000000  1.000000  1.000000
orientation T byte_order littleendian
Reading image: /opt/freesurfer/average/711-2C_as_mni_average_305.4dfp.img
dimensions:      256       256       256
mmppix:       1.0000   -1.0000   -1.0000
center:     128.0000 -129.0000 -129.0000
/opt/freesurfer/average/711-2B_as_mni_average_305_mask.4dfp.img
       256       256       256         1
  1.000000  1.000000  1.000000
orientation T byte_order littleendian
Reading mask: /opt/freesurfer/average/711-2B_as_mni_average_305_mask.4dfp.img (2306576 pixels)
talsrcimg_g11.4dfp.img
       256       256       256         1
  1.000000  1.000000  1.000000
orientation T byte_order littleendian
Reading image: talsrcimg_g11.4dfp.img
dimensions:      256       256       256
mmppix:       1.0000   -1.0000   -1.0000
center:     128.0000 -129.0000 -129.0000
fimgreg.f
image alignment mode   3335 decimal      D07 hex
parameters
   -1.1353   11.1254   -0.6485   -0.0306   -0.4331   -0.4073
   -2.3416   -0.7910    2.4032    8.9812    0.5773   -8.9975
eta,q 0.96855  8.02823
niter,ni,del,rscale     5    3    5.0000    1.2000
parameter  4  0.867799 ->  0.500000 qaram    1.1500
parameter  5  0.918814 ->  0.500000 qaram    1.1500
parameters
   -1.3820   11.2888   -0.9276   -4.1706   -4.5731   -1.0150
   -0.6276   -0.8960    3.6782    6.0470    1.1654  -12.1327
eta,q 0.97338  7.73878
  0.0340  0.0337  0.0325  0.0288  0.0273  0.0292  0.0310  0.0310  0.0295  0.0276  0.0278  0.0270
  0.0325  0.0325  0.0318  0.0290  0.0273  0.0283  0.0294  0.0290  0.0284  0.0270  0.0273  0.0267
  0.0316  0.0317  0.0315  0.0298  0.0279  0.0277  0.0282  0.0277  0.0277  0.0268  0.0270  0.0266
  0.0314  0.0314  0.0314  0.0314  0.0292  0.0274  0.0274  0.0272  0.0272  0.0272  0.0268  0.0268
  0.0321  0.0315  0.0316  0.0340  0.0310  0.0274  0.0273  0.0277  0.0272  0.0281  0.0269  0.0273
  0.0334  0.0321  0.0322  0.0375  0.0335  0.0284  0.0277  0.0291  0.0276  0.0296  0.0271  0.0281
  0.0354  0.0332  0.0332  0.0414  0.0359  0.0307  0.0288  0.0312  0.0284  0.0317  0.0275  0.0291
niter,ni,del,rscale     6    3    5.0000    1.2000
parameters
   -1.3201   11.2332   -0.4324   -7.8210   -6.4135    0.8171
   -0.7410   -1.5066    3.6591    5.8085   -0.2865  -12.9125
eta,q 0.97426  7.58426
  0.0299  0.0287  0.0283  0.0266  0.0278  0.0282  0.0283  0.0291  0.0272  0.0278  0.0263  0.0267
  0.0281  0.0275  0.0275  0.0263  0.0269  0.0272  0.0270  0.0271  0.0265  0.0265  0.0260  0.0261
  0.0270  0.0268  0.0270  0.0262  0.0263  0.0265  0.0262  0.0260  0.0260  0.0259  0.0258  0.0258
  0.0266  0.0266  0.0266  0.0265  0.0262  0.0262  0.0259  0.0259  0.0258  0.0258  0.0258  0.0258
  0.0269  0.0269  0.0265  0.0276  0.0270  0.0258  0.0263  0.0267  0.0260  0.0261  0.0261  0.0260
  0.0279  0.0277  0.0268  0.0299  0.0285  0.0258  0.0271  0.0281  0.0264  0.0268  0.0265  0.0265
  0.0296  0.0289  0.0274  0.0335  0.0306  0.0270  0.0284  0.0300  0.0273  0.0280  0.0269  0.0273
niter,ni,del,rscale     5    3    5.0000    1.2000
parameters
   -1.2640   11.4670   -0.1927   -8.6657   -6.7999    0.1272
   -0.9177   -1.5646    4.0218    5.8895   -1.0943  -12.8796
eta,q 0.97420  7.51084
  0.0288  0.0283  0.0275  0.0276  0.0282  0.0275  0.0282  0.0296  0.0273  0.0280  0.0265  0.0270
  0.0272  0.0270  0.0266  0.0266  0.0271  0.0266  0.0269  0.0275  0.0266  0.0266  0.0261  0.0263
  0.0262  0.0261  0.0260  0.0259  0.0262  0.0261  0.0261  0.0262  0.0261  0.0259  0.0258  0.0259
  0.0257  0.0257  0.0257  0.0257  0.0257  0.0258  0.0258  0.0258  0.0258  0.0258  0.0258  0.0258
  0.0260  0.0258  0.0258  0.0259  0.0260  0.0258  0.0262  0.0264  0.0259  0.0261  0.0260  0.0259
  0.0270  0.0264  0.0262  0.0270  0.0272  0.0268  0.0271  0.0278  0.0263  0.0267  0.0263  0.0263
  0.0286  0.0275  0.0269  0.0290  0.0290  0.0290  0.0284  0.0295  0.0271  0.0277  0.0268  0.0270
niter,ni,del,rscale     4    3    5.0000    1.2000
parameters
   -1.2858   11.6573   -0.2462   -8.8287   -7.0873   -0.1353
   -0.9840   -1.5881    4.4097    6.2213   -1.5705  -12.9528
eta,q 0.97418  7.48642
  0.0286  0.0282  0.0271  0.0279  0.0282  0.0277  0.0283  0.0297  0.0273  0.0281  0.0265  0.0269
  0.0271  0.0270  0.0264  0.0268  0.0272  0.0268  0.0270  0.0276  0.0266  0.0267  0.0261  0.0263
  0.0261  0.0262  0.0259  0.0261  0.0263  0.0261  0.0261  0.0262  0.0261  0.0260  0.0259  0.0259
  0.0258  0.0258  0.0258  0.0258  0.0258  0.0258  0.0258  0.0258  0.0258  0.0258  0.0258  0.0258
  0.0261  0.0259  0.0259  0.0259  0.0261  0.0258  0.0262  0.0264  0.0259  0.0260  0.0260  0.0259
  0.0271  0.0265  0.0264  0.0267  0.0272  0.0265  0.0270  0.0278  0.0263  0.0266  0.0263  0.0263
  0.0287  0.0276  0.0272  0.0283  0.0289  0.0285  0.0283  0.0295  0.0271  0.0276  0.0267  0.0270
niter,ni,del,rscale     3    3    5.0000    1.2000
parameters
   -1.3179   11.8048   -0.3328   -8.9552   -7.3475   -0.3346
   -1.0089   -1.6240    4.7529    6.5572   -1.9633  -13.0447
eta,q 0.97417  7.46678
  0.0286  0.0281  0.0270  0.0279  0.0282  0.0277  0.0283  0.0296  0.0274  0.0280  0.0265  0.0269
  0.0271  0.0269  0.0264  0.0268  0.0272  0.0268  0.0270  0.0276  0.0266  0.0267  0.0261  0.0263
  0.0261  0.0262  0.0259  0.0261  0.0263  0.0261  0.0261  0.0262  0.0261  0.0260  0.0259  0.0260
  0.0258  0.0258  0.0258  0.0258  0.0258  0.0258  0.0258  0.0258  0.0258  0.0258  0.0258  0.0258
  0.0262  0.0259  0.0260  0.0259  0.0261  0.0258  0.0262  0.0264  0.0259  0.0261  0.0260  0.0260
  0.0272  0.0266  0.0265  0.0267  0.0272  0.0265  0.0270  0.0278  0.0263  0.0266  0.0263  0.0264
  0.0287  0.0276  0.0273  0.0283  0.0288  0.0284  0.0283  0.0295  0.0272  0.0275  0.0267  0.0270
niter,ni,del,rscale     2    3    5.0000    1.2000
parameters
   -1.3518   11.9409   -0.4285   -9.0732   -7.5855   -0.5339
   -1.0194   -1.6700    5.0486    6.8930   -2.3236  -13.1308
eta,q 0.97414  7.44830
  0.0286  0.0281  0.0270  0.0279  0.0282  0.0277  0.0283  0.0296  0.0274  0.0280  0.0266  0.0269
  0.0271  0.0269  0.0264  0.0268  0.0272  0.0268  0.0270  0.0276  0.0266  0.0268  0.0261  0.0264
  0.0261  0.0262  0.0260  0.0261  0.0263  0.0261  0.0262  0.0262  0.0261  0.0261  0.0259  0.0260
  0.0258  0.0258  0.0258  0.0258  0.0258  0.0259  0.0259  0.0259  0.0259  0.0259  0.0259  0.0259
  0.0262  0.0260  0.0260  0.0259  0.0261  0.0258  0.0262  0.0264  0.0259  0.0261  0.0260  0.0260
  0.0272  0.0266  0.0265  0.0267  0.0271  0.0265  0.0270  0.0278  0.0264  0.0266  0.0263  0.0264
  0.0287  0.0277  0.0273  0.0283  0.0288  0.0283  0.0283  0.0295  0.0272  0.0275  0.0267  0.0270
niter,ni,del,rscale     1    3    5.0000    1.2000
parameters
   -1.3867   12.0728   -0.5277   -9.1990   -7.8110   -0.7334
   -1.0238   -1.7165    5.2980    7.2256   -2.6292  -13.2311
eta,q 0.97412  7.43000
  0.0286  0.0281  0.0270  0.0280  0.0281  0.0277  0.0283  0.0296  0.0274  0.0280  0.0266  0.0269
  0.0271  0.0270  0.0264  0.0269  0.0272  0.0268  0.0270  0.0276  0.0266  0.0268  0.0262  0.0264
  0.0261  0.0262  0.0260  0.0261  0.0264  0.0262  0.0262  0.0263  0.0261  0.0261  0.0259  0.0260
  0.0259  0.0259  0.0258  0.0258  0.0259  0.0259  0.0259  0.0259  0.0259  0.0259  0.0259  0.0259
  0.0262  0.0260  0.0260  0.0260  0.0261  0.0258  0.0262  0.0264  0.0260  0.0261  0.0260  0.0260
  0.0272  0.0266  0.0265  0.0267  0.0271  0.0265  0.0270  0.0278  0.0264  0.0266  0.0263  0.0264
  0.0287  0.0277  0.0273  0.0283  0.0287  0.0283  0.0283  0.0295  0.0273  0.0275  0.0267  0.0270
registration optimization eta report
parameter search radius
    2.4000    2.4000    2.4000    8.2800    8.2800    7.2000
    7.2000    7.2000    7.2000    7.2000    7.2000    7.2000
100000*second partial in parameter space
       49.       35.       23.        3.        4.        4.
        5.        7.        3.        4.        1.        2.
  0.0286  0.0281  0.0270  0.0280  0.0281  0.0277  0.0283  0.0296  0.0274  0.0280  0.0266  0.0269
  0.0271  0.0270  0.0264  0.0269  0.0272  0.0268  0.0270  0.0276  0.0266  0.0268  0.0262  0.0264
  0.0261  0.0262  0.0260  0.0261  0.0264  0.0262  0.0262  0.0263  0.0261  0.0261  0.0259  0.0260
  0.0259  0.0259  0.0258  0.0258  0.0259  0.0259  0.0259  0.0259  0.0259  0.0259  0.0259  0.0259
  0.0262  0.0260  0.0260  0.0260  0.0261  0.0258  0.0262  0.0264  0.0260  0.0261  0.0260  0.0260
  0.0272  0.0266  0.0265  0.0267  0.0271  0.0265  0.0270  0.0278  0.0264  0.0266  0.0263  0.0264
  0.0287  0.0277  0.0273  0.0283  0.0287  0.0283  0.0283  0.0295  0.0273  0.0275  0.0267  0.0270
   -1.3867   12.0728   -0.5277   -9.1990   -7.8110   -0.7334
   -1.0238   -1.7165    5.2980    7.2256   -2.6292  -13.2311
eta,q 0.97412  7.43000

---------------------------------------------------------------------
imgreg_4dfp /opt/freesurfer/average/711-2C_as_mni_average_305 /opt/freesurfer/average/711-2B_as_mni_average_305_mask talsrcimg_g11 none talsrcimg_to_711-2C_as_mni_average_305_t4 2311
---------------------------------------------------------------------

freesurfer imgreg_4dfp.c
/opt/freesurfer/average/711-2C_as_mni_average_305.4dfp.img
       256       256       256         1
  1.000000  1.000000  1.000000
orientation T byte_order littleendian
Reading image: /opt/freesurfer/average/711-2C_as_mni_average_305.4dfp.img
dimensions:      256       256       256
mmppix:       1.0000   -1.0000   -1.0000
center:     128.0000 -129.0000 -129.0000
/opt/freesurfer/average/711-2B_as_mni_average_305_mask.4dfp.img
       256       256       256         1
  1.000000  1.000000  1.000000
orientation T byte_order littleendian
Reading mask: /opt/freesurfer/average/711-2B_as_mni_average_305_mask.4dfp.img (2306576 pixels)
talsrcimg_g11.4dfp.img
       256       256       256         1
  1.000000  1.000000  1.000000
orientation T byte_order littleendian
Reading image: talsrcimg_g11.4dfp.img
dimensions:      256       256       256
mmppix:       1.0000   -1.0000   -1.0000
center:     128.0000 -129.0000 -129.0000
fimgreg.f
image alignment mode   2311 decimal      907 hex
parameters
   -1.3867   12.0728   -0.5277   -9.1990   -7.8110   -0.7334
   -1.0238   -1.7165    5.2980    7.2256   -2.6292  -13.2311
eta,q 0.97412  7.43000
niter,ni,del,rscale     5    3    5.0000    0.8000
parameters
   -1.4252   12.2046   -0.6082   -8.8906   -7.4114   -0.1400
   -1.1802   -1.8132    5.3834    7.4601   -2.5636  -13.4336
eta,q 0.97419  7.47701
  0.0271  0.0270  0.0264  0.0267  0.0270  0.0268  0.0269  0.0276  0.0265  0.0268  0.0262  0.0263
  0.0264  0.0264  0.0261  0.0262  0.0265  0.0263  0.0263  0.0266  0.0261  0.0262  0.0260  0.0260
  0.0260  0.0260  0.0259  0.0260  0.0261  0.0260  0.0259  0.0260  0.0259  0.0259  0.0259  0.0259
  0.0259  0.0259  0.0259  0.0259  0.0259  0.0258  0.0258  0.0258  0.0258  0.0258  0.0258  0.0258
  0.0260  0.0259  0.0259  0.0259  0.0259  0.0258  0.0260  0.0261  0.0259  0.0259  0.0259  0.0259
  0.0265  0.0262  0.0262  0.0261  0.0262  0.0259  0.0264  0.0267  0.0261  0.0261  0.0260  0.0261
  0.0272  0.0267  0.0265  0.0265  0.0268  0.0265  0.0271  0.0277  0.0265  0.0266  0.0262  0.0264
niter,ni,del,rscale     4    3    5.0000    0.7000
parameters
   -1.4408   12.1268   -0.5875   -8.8832   -7.2343    0.0949
   -1.2040   -1.8193    5.3754    7.3410   -2.3836  -13.4102
eta,q 0.97421  7.49107
  0.0268  0.0265  0.0263  0.0264  0.0267  0.0265  0.0267  0.0273  0.0263  0.0264  0.0261  0.0262
  0.0262  0.0261  0.0260  0.0260  0.0263  0.0261  0.0262  0.0264  0.0260  0.0260  0.0259  0.0260
  0.0259  0.0259  0.0259  0.0259  0.0260  0.0259  0.0259  0.0259  0.0258  0.0258  0.0258  0.0258
  0.0258  0.0258  0.0258  0.0258  0.0258  0.0258  0.0258  0.0258  0.0258  0.0258  0.0258  0.0258
  0.0259  0.0259  0.0259  0.0259  0.0258  0.0258  0.0259  0.0260  0.0258  0.0259  0.0258  0.0258
  0.0263  0.0262  0.0260  0.0260  0.0261  0.0259  0.0262  0.0265  0.0260  0.0261  0.0259  0.0260
  0.0268  0.0266  0.0263  0.0264  0.0266  0.0264  0.0267  0.0272  0.0263  0.0265  0.0261  0.0262
niter,ni,del,rscale     3    3    5.0000    0.6000
parameters
   -1.4379   12.0539   -0.5468   -8.8063   -7.0750    0.3635
   -1.2415   -1.8049    5.2997    7.1923   -2.1127  -13.4151
eta,q 0.97424  7.50846
  0.0265  0.0263  0.0262  0.0262  0.0265  0.0263  0.0264  0.0269  0.0261  0.0262  0.0260  0.0261
  0.0261  0.0260  0.0260  0.0260  0.0261  0.0260  0.0261  0.0263  0.0259  0.0259  0.0259  0.0259
  0.0259  0.0258  0.0258  0.0258  0.0259  0.0259  0.0258  0.0259  0.0258  0.0258  0.0258  0.0258
  0.0258  0.0258  0.0258  0.0258  0.0258  0.0258  0.0258  0.0258  0.0258  0.0258  0.0258  0.0258
  0.0259  0.0259  0.0258  0.0258  0.0258  0.0257  0.0258  0.0259  0.0258  0.0258  0.0258  0.0258
  0.0261  0.0261  0.0259  0.0259  0.0260  0.0259  0.0261  0.0263  0.0260  0.0260  0.0258  0.0259
  0.0265  0.0264  0.0261  0.0262  0.0264  0.0262  0.0265  0.0268  0.0262  0.0263  0.0260  0.0261
niter,ni,del,rscale     2    3    5.0000    0.5000
parameters
   -1.4242   11.9706   -0.5049   -8.6977   -6.8956    0.6887
   -1.2805   -1.7714    5.1364    7.0443   -1.7690  -13.4094
eta,q 0.97427  7.53005
  0.0263  0.0261  0.0260  0.0260  0.0263  0.0261  0.0262  0.0266  0.0260  0.0260  0.0259  0.0260
  0.0260  0.0259  0.0259  0.0259  0.0260  0.0259  0.0259  0.0261  0.0258  0.0259  0.0258  0.0258
  0.0258  0.0258  0.0258  0.0258  0.0258  0.0258  0.0258  0.0258  0.0258  0.0258  0.0258  0.0258
  0.0258  0.0258  0.0258  0.0258  0.0258  0.0258  0.0257  0.0257  0.0257  0.0257  0.0257  0.0257
  0.0258  0.0258  0.0258  0.0258  0.0258  0.0257  0.0258  0.0258  0.0258  0.0258  0.0257  0.0258
  0.0260  0.0260  0.0259  0.0259  0.0259  0.0258  0.0260  0.0261  0.0259  0.0259  0.0258  0.0258
  0.0263  0.0262  0.0260  0.0260  0.0262  0.0260  0.0262  0.0265  0.0260  0.0261  0.0259  0.0260
niter,ni,del,rscale     1    3    5.0000    0.4000
parameters
   -1.3993   11.8819   -0.4637   -8.5328   -6.7183    1.0537
   -1.3167   -1.7169    4.9534    6.8949   -1.3663  -13.4211
eta,q 0.97431  7.55531
  0.0261  0.0259  0.0259  0.0259  0.0261  0.0260  0.0260  0.0262  0.0259  0.0259  0.0259  0.0258
  0.0259  0.0258  0.0258  0.0258  0.0259  0.0259  0.0258  0.0259  0.0258  0.0258  0.0258  0.0258
  0.0258  0.0257  0.0257  0.0257  0.0258  0.0258  0.0257  0.0258  0.0257  0.0257  0.0257  0.0257
  0.0257  0.0257  0.0257  0.0257  0.0257  0.0257  0.0257  0.0257  0.0257  0.0257  0.0257  0.0257
  0.0258  0.0258  0.0257  0.0257  0.0257  0.0257  0.0257  0.0258  0.0257  0.0257  0.0257  0.0257
  0.0259  0.0259  0.0258  0.0258  0.0258  0.0257  0.0259  0.0259  0.0258  0.0258  0.0257  0.0258
  0.0260  0.0260  0.0259  0.0259  0.0260  0.0259  0.0260  0.0262  0.0259  0.0259  0.0258  0.0258
registration optimization eta report
parameter search radius
    0.8000    0.8000    0.8000    2.4000    2.4000    2.4000
    2.4000    2.4000    2.4000    2.4000    2.4000    2.4000
100000*second partial in parameter space
       52.       39.       26.        3.        5.        4.
        6.        9.        3.        4.        2.        3.
  0.0261  0.0259  0.0259  0.0259  0.0261  0.0260  0.0260  0.0262  0.0259  0.0259  0.0259  0.0258
  0.0259  0.0258  0.0258  0.0258  0.0259  0.0259  0.0258  0.0259  0.0258  0.0258  0.0258  0.0258
  0.0258  0.0257  0.0257  0.0257  0.0258  0.0258  0.0257  0.0258  0.0257  0.0257  0.0257  0.0257
  0.0257  0.0257  0.0257  0.0257  0.0257  0.0257  0.0257  0.0257  0.0257  0.0257  0.0257  0.0257
  0.0258  0.0258  0.0257  0.0257  0.0257  0.0257  0.0257  0.0258  0.0257  0.0257  0.0257  0.0257
  0.0259  0.0259  0.0258  0.0258  0.0258  0.0257  0.0259  0.0259  0.0258  0.0258  0.0257  0.0258
  0.0260  0.0260  0.0259  0.0259  0.0260  0.0259  0.0260  0.0262  0.0259  0.0259  0.0258  0.0258
   -1.3993   11.8819   -0.4637   -8.5328   -6.7183    1.0537
   -1.3167   -1.7169    4.9534    6.8949   -1.3663  -13.4211
eta,q 0.97431  7.55531

---------------------------------------------------------------------
imgreg_4dfp /opt/freesurfer/average/711-2C_as_mni_average_305 /opt/freesurfer/average/711-2B_as_mni_average_305_mask talsrcimg_g11 none talsrcimg_to_711-2C_as_mni_average_305_t4 2311
---------------------------------------------------------------------

freesurfer imgreg_4dfp.c
/opt/freesurfer/average/711-2C_as_mni_average_305.4dfp.img
       256       256       256         1
  1.000000  1.000000  1.000000
orientation T byte_order littleendian
Reading image: /opt/freesurfer/average/711-2C_as_mni_average_305.4dfp.img
dimensions:      256       256       256
mmppix:       1.0000   -1.0000   -1.0000
center:     128.0000 -129.0000 -129.0000
/opt/freesurfer/average/711-2B_as_mni_average_305_mask.4dfp.img
       256       256       256         1
  1.000000  1.000000  1.000000
orientation T byte_order littleendian
Reading mask: /opt/freesurfer/average/711-2B_as_mni_average_305_mask.4dfp.img (2306576 pixels)
talsrcimg_g11.4dfp.img
       256       256       256         1
  1.000000  1.000000  1.000000
orientation T byte_order littleendian
Reading image: talsrcimg_g11.4dfp.img
dimensions:      256       256       256
mmppix:       1.0000   -1.0000   -1.0000
center:     128.0000 -129.0000 -129.0000
fimgreg.f
image alignment mode   2311 decimal      907 hex
parameters
   -1.3993   11.8819   -0.4637   -8.5328   -6.7183    1.0537
   -1.3167   -1.7169    4.9534    6.8949   -1.3663  -13.4211
eta,q 0.97431  7.55532
niter,ni,del,rscale     5    3    5.0000    0.8000
parameters
   -1.3617   11.7662   -0.4287   -8.5453   -6.7853    0.5101
   -1.1962   -1.7242    4.8015    6.6059   -1.5324  -13.1974
eta,q 0.97427  7.53222
  0.0271  0.0265  0.0264  0.0264  0.0268  0.0264  0.0270  0.0277  0.0264  0.0265  0.0261  0.0263
  0.0263  0.0261  0.0260  0.0260  0.0263  0.0261  0.0263  0.0266  0.0260  0.0260  0.0259  0.0260
  0.0259  0.0258  0.0258  0.0258  0.0259  0.0258  0.0259  0.0259  0.0258  0.0258  0.0258  0.0258
  0.0257  0.0257  0.0257  0.0257  0.0257  0.0257  0.0257  0.0257  0.0257  0.0257  0.0257  0.0257
  0.0258  0.0259  0.0258  0.0257  0.0258  0.0257  0.0259  0.0260  0.0258  0.0259  0.0258  0.0258
  0.0263  0.0262  0.0260  0.0260  0.0262  0.0262  0.0263  0.0266  0.0261  0.0262  0.0259  0.0259
  0.0270  0.0268  0.0264  0.0265  0.0269  0.0272  0.0269  0.0276  0.0265  0.0267  0.0262  0.0262
niter,ni,del,rscale     4    3    5.0000    0.7000
parameters
   -1.3521   11.7849   -0.3701   -8.4492   -6.7569    0.6033
   -1.2397   -1.7202    4.7835    6.5706   -1.4929  -13.1734
eta,q 0.97429  7.53983
  0.0268  0.0265  0.0263  0.0263  0.0266  0.0264  0.0267  0.0272  0.0262  0.0264  0.0261  0.0262
  0.0262  0.0261  0.0260  0.0260  0.0262  0.0261  0.0261  0.0264  0.0260  0.0260  0.0259  0.0259
  0.0258  0.0258  0.0258  0.0258  0.0259  0.0259  0.0258  0.0259  0.0258  0.0258  0.0258  0.0258
  0.0257  0.0257  0.0257  0.0257  0.0257  0.0257  0.0257  0.0257  0.0257  0.0257  0.0257  0.0257
  0.0258  0.0258  0.0258  0.0258  0.0258  0.0257  0.0258  0.0259  0.0258  0.0258  0.0257  0.0258
  0.0262  0.0260  0.0259  0.0259  0.0261  0.0259  0.0262  0.0264  0.0260  0.0260  0.0259  0.0259
  0.0267  0.0265  0.0262  0.0263  0.0267  0.0265  0.0267  0.0272  0.0263  0.0264  0.0260  0.0261
niter,ni,del,rscale     3    3    5.0000    0.6000
parameters
   -1.3427   11.7584   -0.3562   -8.3796   -6.6585    0.7999
   -1.2781   -1.7048    4.7376    6.5267   -1.3291  -13.1978
eta,q 0.97430  7.55278
  0.0265  0.0262  0.0261  0.0261  0.0264  0.0262  0.0264  0.0269  0.0261  0.0262  0.0260  0.0260
  0.0261  0.0259  0.0259  0.0259  0.0261  0.0260  0.0260  0.0262  0.0259  0.0259  0.0258  0.0258
  0.0258  0.0258  0.0258  0.0258  0.0258  0.0258  0.0258  0.0258  0.0257  0.0257  0.0257  0.0257
  0.0257  0.0257  0.0257  0.0257  0.0257  0.0257  0.0257  0.0257  0.0257  0.0257  0.0257  0.0257
  0.0258  0.0258  0.0257  0.0257  0.0258  0.0257  0.0258  0.0258  0.0257  0.0258  0.0257  0.0257
  0.0260  0.0260  0.0259  0.0258  0.0260  0.0258  0.0260  0.0262  0.0259  0.0259  0.0258  0.0258
  0.0265  0.0263  0.0261  0.0261  0.0264  0.0262  0.0264  0.0268  0.0261  0.0262  0.0259  0.0260
niter,ni,del,rscale     2    3    5.0000    0.5000
parameters
   -1.3342   11.7137   -0.3477   -8.2663   -6.5515    1.0522
   -1.3057   -1.6789    4.6554    6.4792   -1.0988  -13.2285
eta,q 0.97432  7.56990
  0.0262  0.0260  0.0260  0.0260  0.0262  0.0261  0.0262  0.0265  0.0259  0.0260  0.0259  0.0259
  0.0259  0.0259  0.0258  0.0258  0.0260  0.0259  0.0259  0.0260  0.0258  0.0258  0.0258  0.0258
  0.0258  0.0257  0.0257  0.0257  0.0258  0.0258  0.0257  0.0258  0.0257  0.0257  0.0257  0.0257
  0.0257  0.0257  0.0257  0.0257  0.0257  0.0257  0.0257  0.0257  0.0257  0.0257  0.0257  0.0257
  0.0258  0.0258  0.0257  0.0257  0.0257  0.0257  0.0257  0.0258  0.0257  0.0257  0.0257  0.0257
  0.0259  0.0259  0.0258  0.0258  0.0259  0.0258  0.0259  0.0260  0.0258  0.0258  0.0257  0.0258
  0.0262  0.0261  0.0260  0.0259  0.0262  0.0260  0.0262  0.0265  0.0260  0.0260  0.0258  0.0259
niter,ni,del,rscale     1    3    5.0000    0.4000
parameters
   -1.3159   11.6566   -0.3468   -8.1551   -6.4275    1.3435
   -1.3384   -1.6339    4.5206    6.4454   -0.7864  -13.2654
eta,q 0.97434  7.58933
  0.0260  0.0259  0.0259  0.0259  0.0260  0.0259  0.0260  0.0262  0.0258  0.0259  0.0258  0.0258
  0.0258  0.0258  0.0258  0.0258  0.0259  0.0258  0.0258  0.0259  0.0257  0.0257  0.0257  0.0257
  0.0257  0.0257  0.0257  0.0257  0.0257  0.0257  0.0257  0.0257  0.0257  0.0257  0.0257  0.0257
  0.0257  0.0257  0.0257  0.0257  0.0257  0.0257  0.0257  0.0257  0.0257  0.0257  0.0257  0.0257
  0.0257  0.0257  0.0257  0.0257  0.0257  0.0257  0.0257  0.0257  0.0257  0.0257  0.0257  0.0257
  0.0258  0.0258  0.0258  0.0257  0.0258  0.0257  0.0258  0.0259  0.0258  0.0258  0.0257  0.0257
  0.0260  0.0260  0.0259  0.0258  0.0260  0.0259  0.0260  0.0262  0.0259  0.0259  0.0258  0.0258
registration optimization eta report
parameter search radius
    0.8000    0.8000    0.8000    2.4000    2.4000    2.4000
    2.4000    2.4000    2.4000    2.4000    2.4000    2.4000
100000*second partial in parameter space
       53.       40.       29.        3.        6.        4.
        6.        9.        3.        4.        2.        3.
  0.0260  0.0259  0.0259  0.0259  0.0260  0.0259  0.0260  0.0262  0.0258  0.0259  0.0258  0.0258
  0.0258  0.0258  0.0258  0.0258  0.0259  0.0258  0.0258  0.0259  0.0257  0.0257  0.0257  0.0257
  0.0257  0.0257  0.0257  0.0257  0.0257  0.0257  0.0257  0.0257  0.0257  0.0257  0.0257  0.0257
  0.0257  0.0257  0.0257  0.0257  0.0257  0.0257  0.0257  0.0257  0.0257  0.0257  0.0257  0.0257
  0.0257  0.0257  0.0257  0.0257  0.0257  0.0257  0.0257  0.0257  0.0257  0.0257  0.0257  0.0257
  0.0258  0.0258  0.0258  0.0257  0.0258  0.0257  0.0258  0.0259  0.0258  0.0258  0.0257  0.0257
  0.0260  0.0260  0.0259  0.0258  0.0260  0.0259  0.0260  0.0262  0.0259  0.0259  0.0258  0.0258
   -1.3159   11.6566   -0.3468   -8.1551   -6.4275    1.3435
   -1.3384   -1.6339    4.5206    6.4454   -0.7864  -13.2654
eta,q 0.97434  7.58933

---------------------------------------------------------------------
compute_vox2vox talsrcimg talsrcimg_to_711-2C_as_mni_average_305_t4 /opt/freesurfer/average/711-2C_as_mni_average_305
---------------------------------------------------------------------

freesurfer compute_vox2vox.c
Reading: talsrcimg.4dfp.ifh
Reading: talsrcimg_to_711-2C_as_mni_average_305_t4
Reading: /opt/freesurfer/average/711-2C_as_mni_average_305.4dfp.ifh
Writing: talsrcimg_to_711-2C_as_mni_average_305_t4_vox2vox.txt

start time Mon Mar 9 01:57:23 CET 2026
end		time Mon Mar 9 01:57:37 CET 2026

mpr2mni305 success

avi2talxfm orig_nu.mgz /opt/freesurfer/average/mni305.cor.mgz talsrcimg_to_711-2C_as_mni_average_305_t4_vox2vox.txt transforms/talairach.auto.xfm
avi2talxfm done
mv -f /out/sourcedata/freesurfer/sub-v1s17x0050249_ses-1/mri/talsrcimg_to_711-2C_as_mni_average_305_t4_vox2vox.txt /out/sourcedata/freesurfer/sub-v1s17x0050249_ses-1/mri/transforms/talsrcimg_to_711-2C_as_mni_average_305_t4_vox2vox.txt
lta_convert --src orig_nu.mgz --trg /opt/freesurfer/average/mni305.cor.mgz --inxfm transforms/talairach.auto.xfm --outlta transforms/talairach.auto.xfm.lta --subject fsaverage
7.3.2

--src: orig_nu.mgz src image (geometry).
--trg: /opt/freesurfer/average/mni305.cor.mgz trg image (geometry).
--inmni: transforms/talairach.auto.xfm input MNI/XFM transform.
--outlta: transforms/talairach.auto.xfm.lta output LTA.
--s: fsaverage subject name
 LTA read, type : 1
 1.08805   0.01640   0.01789   0.34027;
 0.00155   0.97795   0.13866   0.63312;
-0.05267  -0.06815   1.05827  -2.30425;
 0.00000   0.00000   0.00000   1.00000;
setting subject to fsaverage
Writing  LTA to file transforms/talairach.auto.xfm.lta...
lta_convert successful.
 
 
Started at Mon Mar 9 01:57:23 CET 2026
Ended   at Mon Mar  9 01:57:37 CET 2026
talairach_avi done
