status file for recon-all
Mon Mar  9 01:12:10 CET 2026
#@# MotionCor Mon Mar  9 01:12:11 CET 2026
#@# Talairach Mon Mar  9 01:12:16 CET 2026
#@# Talairach Failure Detection Mon Mar  9 01:15:06 CET 2026
#@# Nu Intensity Correction Mon Mar  9 01:15:06 CET 2026
#@# Intensity Normalization Mon Mar  9 01:17:52 CET 2026
recon-all -s sub-v1s17x0050241_ses-1 finished without error at Mon Mar  9 01:18:56 CET 2026



#New# invocation of recon-all 



status file for recon-all
Mon Mar  9 01:25:05 CET 2026
#@# EM Registration Mon Mar  9 01:25:05 CET 2026
recon-all -s sub-v1s17x0050241_ses-1 finished without error at Mon Mar  9 01:26:20 CET 2026



#New# invocation of recon-all 



status file for recon-all
Mon Mar  9 01:26:22 CET 2026
#@# CA Normalize Mon Mar  9 01:26:22 CET 2026
#@# CA Reg Mon Mar  9 01:27:14 CET 2026
#@# SubCort Seg Mon Mar  9 02:02:09 CET 2026
#@# CC Seg Mon Mar  9 02:24:10 CET 2026
#@# Merge ASeg Mon Mar  9 02:24:29 CET 2026
#@# Intensity Normalization2 Mon Mar  9 02:24:29 CET 2026
#@# Mask BFS Mon Mar  9 02:25:59 CET 2026
#@# WM Segmentation Mon Mar  9 02:26:00 CET 2026
#@# Fill Mon Mar  9 02:27:35 CET 2026
recon-all -s sub-v1s17x0050241_ses-1 finished without error at Mon Mar  9 02:28:13 CET 2026



#New# invocation of recon-all 



status file for recon-all
Mon Mar  9 03:06:38 CET 2026
#@# white curv lh Mon Mar  9 03:06:38 CET 2026
#@# white area lh Mon Mar  9 03:06:38 CET 2026
#@# pial curv lh Mon Mar  9 03:06:38 CET 2026
#@# pial area lh Mon Mar  9 03:06:38 CET 2026
#@# thickness lh Mon Mar  9 03:06:38 CET 2026
#@# area and vertex vol lh Mon Mar  9 03:06:38 CET 2026
#@# white curv rh Mon Mar  9 03:06:38 CET 2026
#@# white area rh Mon Mar  9 03:06:38 CET 2026
#@# pial curv rh Mon Mar  9 03:06:38 CET 2026
#@# pial area rh Mon Mar  9 03:06:38 CET 2026
#@# thickness rh Mon Mar  9 03:06:39 CET 2026
#@# area and vertex vol rh Mon Mar  9 03:06:39 CET 2026
#@# Cortical ribbon mask Mon Mar  9 03:06:39 CET 2026
recon-all -s sub-v1s17x0050241_ses-1 finished without error at Mon Mar  9 03:10:43 CET 2026



#New# invocation of recon-all 



status file for recon-all
Mon Mar  9 03:15:50 CET 2026
#@# white curv lh Mon Mar  9 03:15:51 CET 2026
#@# white area lh Mon Mar  9 03:15:51 CET 2026
#@# pial curv lh Mon Mar  9 03:15:51 CET 2026
#@# pial area lh Mon Mar  9 03:15:51 CET 2026
#@# thickness lh Mon Mar  9 03:15:51 CET 2026
#@# area and vertex vol lh Mon Mar  9 03:15:51 CET 2026
#@# white curv rh Mon Mar  9 03:15:51 CET 2026
#@# white area rh Mon Mar  9 03:15:51 CET 2026
#@# pial curv rh Mon Mar  9 03:15:51 CET 2026
#@# pial area rh Mon Mar  9 03:15:51 CET 2026
#@# thickness rh Mon Mar  9 03:15:51 CET 2026
#@# area and vertex vol rh Mon Mar  9 03:15:51 CET 2026
#@# Curvature Stats lh Mon Mar  9 03:15:51 CET 2026
#@# Curvature Stats rh Mon Mar  9 03:15:52 CET 2026
#@# Relabel Hypointensities Mon Mar  9 03:15:54 CET 2026
#@# APas-to-ASeg Mon Mar  9 03:16:05 CET 2026
#@# AParc-to-ASeg aparc Mon Mar  9 03:16:10 CET 2026
#@# AParc-to-ASeg aparc.a2009s Mon Mar  9 03:16:32 CET 2026
#@# AParc-to-ASeg aparc.DKTatlas Mon Mar  9 03:16:55 CET 2026
#@# WMParc Mon Mar  9 03:17:13 CET 2026
#@# ASeg Stats Mon Mar  9 03:19:11 CET 2026
recon-all -s sub-v1s17x0050241_ses-1 finished without error at Mon Mar  9 03:19:30 CET 2026
