status file for recon-all
Mon Mar  9 02:46:40 CET 2026
#@# Tessellate rh Mon Mar  9 02:46:40 CET 2026
#@# Smooth1 rh Mon Mar  9 02:46:43 CET 2026
#@# Inflation1 rh Mon Mar  9 02:46:45 CET 2026
#@# QSphere rh Mon Mar  9 02:46:53 CET 2026
#@# Fix Topology rh Mon Mar  9 02:47:35 CET 2026
#@# Smooth2 rh Mon Mar  9 02:54:05 CET 2026
#@# Inflation2 rh Mon Mar  9 02:54:07 CET 2026
#@# Curv .H and .K rh Mon Mar  9 02:54:16 CET 2026
#@# Sphere rh Mon Mar  9 02:54:56 CET 2026
#@# Surf Reg rh Mon Mar  9 02:57:28 CET 2026
#@# Jacobian white rh Mon Mar  9 03:00:27 CET 2026
#@# AvgCurv rh Mon Mar  9 03:00:28 CET 2026
#@# Cortical Parc rh Mon Mar  9 03:00:29 CET 2026
#@# white curv rh Mon Mar  9 03:05:47 CET 2026
#@# white area rh Mon Mar  9 03:05:48 CET 2026
#@# pial curv rh Mon Mar  9 03:05:49 CET 2026
#@# pial area rh Mon Mar  9 03:05:50 CET 2026
#@# thickness rh Mon Mar  9 03:05:50 CET 2026
#@# area and vertex vol rh Mon Mar  9 03:06:11 CET 2026
#@# Curvature Stats rh Mon Mar  9 03:06:12 CET 2026
#@# Cortical Parc 2 rh Mon Mar  9 03:06:14 CET 2026
#@# Cortical Parc 3 rh Mon Mar  9 03:06:24 CET 2026
#@# WM/GM Contrast rh Mon Mar  9 03:06:32 CET 2026
recon-all -s sub-v1s17x0050241_ses-1 finished without error at Mon Mar  9 03:06:34 CET 2026



#New# invocation of recon-all 



status file for recon-all
Mon Mar  9 03:13:18 CET 2026
#@# white curv rh Mon Mar  9 03:13:19 CET 2026
#@# white area rh Mon Mar  9 03:13:19 CET 2026
#@# pial curv rh Mon Mar  9 03:13:19 CET 2026
#@# pial area rh Mon Mar  9 03:13:19 CET 2026
#@# thickness rh Mon Mar  9 03:13:19 CET 2026
#@# area and vertex vol rh Mon Mar  9 03:13:19 CET 2026
#@# Parcellation Stats rh Mon Mar  9 03:13:19 CET 2026
#@# Parcellation Stats 2 rh Mon Mar  9 03:13:35 CET 2026
#@# Parcellation Stats 3 rh Mon Mar  9 03:13:44 CET 2026
#@# BA_exvivo Labels rh Mon Mar  9 03:13:52 CET 2026
recon-all -s sub-v1s17x0050241_ses-1 finished without error at Mon Mar  9 03:15:47 CET 2026
