status file for recon-all
Mon Mar  9 02:55:13 CET 2026
#@# Tessellate lh Mon Mar  9 02:55:13 CET 2026
#@# Smooth1 lh Mon Mar  9 02:55:17 CET 2026
#@# Inflation1 lh Mon Mar  9 02:55:19 CET 2026
#@# QSphere lh Mon Mar  9 02:55:29 CET 2026
#@# Fix Topology lh Mon Mar  9 02:56:18 CET 2026
#@# Smooth2 lh Mon Mar  9 03:02:25 CET 2026
#@# Inflation2 lh Mon Mar  9 03:02:28 CET 2026
#@# Curv .H and .K lh Mon Mar  9 03:02:38 CET 2026
#@# Sphere lh Mon Mar  9 03:03:24 CET 2026
#@# Surf Reg lh Mon Mar  9 03:06:00 CET 2026
#@# Jacobian white lh Mon Mar  9 03:08:58 CET 2026
#@# AvgCurv lh Mon Mar  9 03:08:59 CET 2026
#@# Cortical Parc lh Mon Mar  9 03:09:00 CET 2026
#@# white curv lh Mon Mar  9 03:14:22 CET 2026
#@# white area lh Mon Mar  9 03:14:24 CET 2026
#@# pial curv lh Mon Mar  9 03:14:24 CET 2026
#@# pial area lh Mon Mar  9 03:14:26 CET 2026
#@# thickness lh Mon Mar  9 03:14:26 CET 2026
#@# area and vertex vol lh Mon Mar  9 03:14:55 CET 2026
#@# Curvature Stats lh Mon Mar  9 03:14:56 CET 2026
#@# Cortical Parc 2 lh Mon Mar  9 03:14:58 CET 2026
#@# Cortical Parc 3 lh Mon Mar  9 03:15:11 CET 2026
#@# WM/GM Contrast lh Mon Mar  9 03:15:20 CET 2026
recon-all -s sub-v1s17x0050245_ses-1 finished without error at Mon Mar  9 03:15:22 CET 2026



#New# invocation of recon-all 



status file for recon-all
Mon Mar  9 03:44:01 CET 2026
#@# white curv lh Mon Mar  9 03:44:02 CET 2026
#@# white area lh Mon Mar  9 03:44:02 CET 2026
#@# pial curv lh Mon Mar  9 03:44:02 CET 2026
#@# pial area lh Mon Mar  9 03:44:02 CET 2026
#@# thickness lh Mon Mar  9 03:44:02 CET 2026
#@# area and vertex vol lh Mon Mar  9 03:44:02 CET 2026
#@# Parcellation Stats lh Mon Mar  9 03:44:02 CET 2026
#@# Parcellation Stats 2 lh Mon Mar  9 03:44:19 CET 2026
#@# Parcellation Stats 3 lh Mon Mar  9 03:44:27 CET 2026
#@# BA_exvivo Labels lh Mon Mar  9 03:44:36 CET 2026
recon-all -s sub-v1s17x0050245_ses-1 finished without error at Mon Mar  9 03:46:48 CET 2026
