status file for recon-all
Mon Mar  9 03:15:27 CET 2026
#@# Tessellate rh Mon Mar  9 03:15:27 CET 2026
#@# Smooth1 rh Mon Mar  9 03:15:30 CET 2026
#@# Inflation1 rh Mon Mar  9 03:15:32 CET 2026
#@# QSphere rh Mon Mar  9 03:15:41 CET 2026
#@# Fix Topology rh Mon Mar  9 03:16:35 CET 2026
#@# Smooth2 rh Mon Mar  9 03:24:31 CET 2026
#@# Inflation2 rh Mon Mar  9 03:24:34 CET 2026
#@# Curv .H and .K rh Mon Mar  9 03:24:44 CET 2026
#@# Sphere rh Mon Mar  9 03:25:29 CET 2026
#@# Surf Reg rh Mon Mar  9 03:28:04 CET 2026
#@# Jacobian white rh Mon Mar  9 03:31:05 CET 2026
#@# AvgCurv rh Mon Mar  9 03:31:05 CET 2026
#@# Cortical Parc rh Mon Mar  9 03:31:06 CET 2026
#@# white curv rh Mon Mar  9 03:36:24 CET 2026
#@# white area rh Mon Mar  9 03:36:26 CET 2026
#@# pial curv rh Mon Mar  9 03:36:26 CET 2026
#@# pial area rh Mon Mar  9 03:36:28 CET 2026
#@# thickness rh Mon Mar  9 03:36:28 CET 2026
#@# area and vertex vol rh Mon Mar  9 03:36:56 CET 2026
#@# Curvature Stats rh Mon Mar  9 03:36:57 CET 2026
#@# Cortical Parc 2 rh Mon Mar  9 03:36:59 CET 2026
#@# Cortical Parc 3 rh Mon Mar  9 03:37:12 CET 2026
#@# WM/GM Contrast rh Mon Mar  9 03:37:21 CET 2026
recon-all -s sub-v1s17x0050245_ses-1 finished without error at Mon Mar  9 03:37:24 CET 2026



#New# invocation of recon-all 



status file for recon-all
Mon Mar  9 03:46:51 CET 2026
#@# white curv rh Mon Mar  9 03:46:52 CET 2026
#@# white area rh Mon Mar  9 03:46:52 CET 2026
#@# pial curv rh Mon Mar  9 03:46:52 CET 2026
#@# pial area rh Mon Mar  9 03:46:52 CET 2026
#@# thickness rh Mon Mar  9 03:46:52 CET 2026
#@# area and vertex vol rh Mon Mar  9 03:46:52 CET 2026
#@# Parcellation Stats rh Mon Mar  9 03:46:52 CET 2026
#@# Parcellation Stats 2 rh Mon Mar  9 03:47:08 CET 2026
#@# Parcellation Stats 3 rh Mon Mar  9 03:47:17 CET 2026
#@# BA_exvivo Labels rh Mon Mar  9 03:47:25 CET 2026
recon-all -s sub-v1s17x0050245_ses-1 finished without error at Mon Mar  9 03:49:38 CET 2026
