/out/sourcedata/freesurfer/sub-v1s17x0051134_ses-1/mri
/opt/freesurfer/bin/talairach_avi
--i orig_nu.mgz --xfm transforms/talairach.auto.xfm
talairach_avi 7.3.2
Linux dna003 5.14.0-427.37.1.el9_4.x86_64 #1 SMP PREEMPT_DYNAMIC Fri Sep 13 12:41:50 EDT 2024 x86_64 x86_64 x86_64 GNU/Linux
Mon Mar  9 02:50:59 CET 2026
mri_convert orig_nu.mgz talsrcimg.img 
reading from orig_nu.mgz...
TR=0.00, TE=0.00, TI=0.00, flip angle=0.00
i_ras = (-1, 2.62457e-09, -7.45058e-09)
j_ras = (0, 7.27596e-12, -1)
k_ras = (1.10185e-09, 1, 8.00355e-11)
writing to talsrcimg.img...
Analyze Output Matrix
-1.00000   0.00000   0.00000   128.03525;
 0.00000   0.00000   1.00000  -126.29684;
-0.00000  -1.00000   0.00000   105.64188;
 0.00000   0.00000   0.00000   1.00000;
--------------------
INFO: set hdr.hist.orient to -1
mpr2mni305 talsrcimg
Mon Mar  9 02:50:59 CET 2026
/opt/freesurfer/bin/mpr2mni305 talsrcimg
mpr2mni305 7.3.2
target=711-2C_as_mni_average_305

---------------------------------------------------------------------
analyzeto4dfp talsrcimg -O0 -y
---------------------------------------------------------------------

freesurfer ifh2hdr.c
Mon Mar  9 02:50:59 2026
Writing: talsrcimg.4dfp.hdr
freesurfer analyzeto4dfp.c
Reading: talsrcimg.hdr
header size 348 bytes
hdr.dime.datatype	offset=70	value=2
hdr.dime.bitpix		offset=72	value=8
hdr.hist.orient		offset=252	value=-1
dimensionality     4
dimensions       256       256       256         1
Reading: talsrcimg.img
Writing: talsrcimg.4dfp.img
Writing: talsrcimg.4dfp.ifh
ifh2hdr talsrcimg -r0to251
ori=2

---------------------------------------------------------------------
gauss_4dfp talsrcimg 1.1
---------------------------------------------------------------------

freesurfer gauss_4dfp.c
Reading: talsrcimg.4dfp.img
Writing: talsrcimg_g11.4dfp.img
image dimensions 256 256 256 padded to 288 288 288
processing volume 1freesurfer ifh2hdr.c
Mon Mar  9 02:51:01 2026
Writing: talsrcimg_g11.4dfp.hdr

Writing: talsrcimg_g11.4dfp.ifh
including: talsrcimg.4dfp.img.rec in talsrcimg_g11.4dfp.img.rec

---------------------------------------------------------------------
imgreg_4dfp /opt/freesurfer/average/711-2C_as_mni_average_305 none talsrcimg_g11 none talsrcimg_to_711-2C_as_mni_average_305_t4 4355
---------------------------------------------------------------------

freesurfer imgreg_4dfp.c
/opt/freesurfer/average/711-2C_as_mni_average_305.4dfp.img
       256       256       256         1
  1.000000  1.000000  1.000000
orientation T byte_order littleendian
Reading image: /opt/freesurfer/average/711-2C_as_mni_average_305.4dfp.img
dimensions:      256       256       256
mmppix:       1.0000   -1.0000   -1.0000
center:     128.0000 -129.0000 -129.0000
talsrcimg_g11.4dfp.img
       256       256       256         1
  1.000000  1.000000  1.000000
orientation T byte_order littleendian
Reading image: talsrcimg_g11.4dfp.img
dimensions:      256       256       256
mmppix:       1.0000   -1.0000   -1.0000
center:     128.0000 -129.0000 -129.0000
t4_read: open error in t4_sub.f l:  41 t4_file(1:l)talsrcimg_to_711-2C_as_mni_average_305_t4 
t4_read: transform initialized to I4
rotation matrix determinant  1.000000
image alignment mode   4355 decimal     1103 hex
   -7.5000  -45.0000  -45.0000 6334.9448   15.1412
    0.0000  -45.0000  -45.0000 6583.1948   15.1516
    7.5000  -45.0000  -45.0000 6293.1372   15.1602
   -7.5000  -37.5000  -45.0000 6974.4155   14.9108
    0.0000  -37.5000  -45.0000 7257.5078   14.9109
    7.5000  -37.5000  -45.0000 6929.0947   14.9106
   -7.5000  -30.0000  -45.0000 7950.1743   14.7805
    0.0000  -30.0000  -45.0000 8272.8184   14.7795
    7.5000  -30.0000  -45.0000 7886.7412   14.7795
   -7.5000  -22.5000  -45.0000 8974.0596   14.6927
    0.0000  -22.5000  -45.0000 9357.0469   14.6973
    7.5000  -22.5000  -45.0000 8908.2783   14.7048
   -7.5000  -15.0000  -45.0000 9985.8008   14.6459
    0.0000  -15.0000  -45.000010418.1865   14.6572
    7.5000  -15.0000  -45.0000 9930.5771   14.6717
   -7.5000   -7.5000  -45.000010963.9121   14.6134
    0.0000   -7.5000  -45.000011450.5137   14.6255
    7.5000   -7.5000  -45.000010907.7998   14.6391
   -7.5000    0.0000  -45.000011839.8672   14.6220
    0.0000    0.0000  -45.000012354.1670   14.6284
    7.5000    0.0000  -45.000011754.7949   14.6352
   -7.5000    7.5000  -45.000011730.7373   14.6691
    0.0000    7.5000  -45.000012243.5332   14.6693
    7.5000    7.5000  -45.000011632.9590   14.6695
   -7.5000   15.0000  -45.000011474.0625   14.7055
    0.0000   15.0000  -45.000012004.8076   14.7046
    7.5000   15.0000  -45.000011389.3281   14.7047
   -7.5000   22.5000  -45.000011193.7051   14.6887
    0.0000   22.5000  -45.000011705.2373   14.6933
    7.5000   22.5000  -45.000011132.6650   14.7008
   -7.5000   30.0000  -45.000010837.1514   14.4507
    0.0000   30.0000  -45.000011306.3379   14.4618
    7.5000   30.0000  -45.000010784.7275   14.4761
   -7.5000   37.5000  -45.000010727.5312   14.4187
    0.0000   37.5000  -45.000011188.8945   14.4306
    7.5000   37.5000  -45.000010662.7910   14.4440
   -7.5000   45.0000  -45.000010337.4971   14.0608
    0.0000   45.0000  -45.000010772.0645   14.0670
    7.5000   45.0000  -45.000010246.5293   14.0735
   -7.5000  -45.0000  -37.5000 6667.1938   15.1577
    0.0000  -45.0000  -37.5000 6931.0444   15.1599
    7.5000  -45.0000  -37.5000 6616.5742   15.1652
   -7.5000  -37.5000  -37.5000 7352.3540   14.9241
    0.0000  -37.5000  -37.5000 7662.2090   14.9188
    7.5000  -37.5000  -37.5000 7298.9058   14.9156
   -7.5000  -30.0000  -37.5000 8398.9912   14.7975
    0.0000  -30.0000  -37.5000 8760.2148   14.7930
    7.5000  -30.0000  -37.5000 8349.1748   14.7909
   -7.5000  -22.5000  -37.5000 9482.9463   14.7171
    0.0000  -22.5000  -37.5000 9894.9219   14.7175
    7.5000  -22.5000  -37.5000 9418.1064   14.7233
   -7.5000  -15.0000  -37.500010531.3545   14.6735
    0.0000  -15.0000  -37.500010993.6807   14.6784
    7.5000  -15.0000  -37.500010467.0400   14.6916
   -7.5000   -7.5000  -37.500011550.9033   14.6364
    0.0000   -7.5000  -37.500012051.3486   14.6407
    7.5000   -7.5000  -37.500011464.8242   14.6526
   -7.5000    0.0000  -37.500012468.8877   14.6379
    0.0000    0.0000  -37.500013023.0508   14.6370
    7.5000    0.0000  -37.500012361.9414   14.6409
   -7.5000    7.5000  -37.500012328.6230   14.6826
    0.0000    7.5000  -37.500012873.1797   14.6775
    7.5000    7.5000  -37.500012234.6748   14.6749
   -7.5000   15.0000  -37.500012073.5000   14.7228
    0.0000   15.0000  -37.500012633.2168   14.7185
    7.5000   15.0000  -37.500011992.1006   14.7164
   -7.5000   22.5000  -37.500011769.2324   14.7132
    0.0000   22.5000  -37.500012308.5781   14.7135
    7.5000   22.5000  -37.500011689.1631   14.7194
   -7.5000   30.0000  -37.500011356.7148   14.4779
    0.0000   30.0000  -37.500011879.1680   14.4827
    7.5000   30.0000  -37.500011298.1299   14.4958
   -7.5000   37.5000  -37.500011194.1709   14.4413
    0.0000   37.5000  -37.500011711.7393   14.4456
    7.5000   37.5000  -37.500011148.7979   14.4574
   -7.5000   45.0000  -37.500010752.4111   14.0761
    0.0000   45.0000  -37.500011227.0234   14.0752
    7.5000   45.0000  -37.500010684.8418   14.0789
   -7.5000  -45.0000  -30.0000 7104.8857   15.8038
    0.0000  -45.0000  -30.0000 7410.3584   15.8022
    7.5000  -45.0000  -30.0000 7069.2598   15.8073
   -7.5000  -37.5000  -30.0000 7855.9858   15.5596
    0.0000  -37.5000  -30.0000 8189.8735   15.5539
    7.5000  -37.5000  -30.0000 7816.5527   15.5524
   -7.5000  -30.0000  -30.0000 8982.2119   15.4274
    0.0000  -30.0000  -30.0000 9359.2383   15.4236
    7.5000  -30.0000  -30.0000 8935.1260   15.4247
   -7.5000  -22.5000  -30.000010138.9893   15.3443
    0.0000  -22.5000  -30.000010553.8486   15.3431
    7.5000  -22.5000  -30.000010062.0830   15.3523
   -7.5000  -15.0000  -30.000011228.8828   15.3007
    0.0000  -15.0000  -30.000011700.1719   15.3011
    7.5000  -15.0000  -30.000011149.5264   15.3164
   -7.5000   -7.5000  -30.000012266.6211   15.2619
    0.0000   -7.5000  -30.000012798.1904   15.2610
    7.5000   -7.5000  -30.000012183.6562   15.2730
   -7.5000    0.0000  -30.000013213.0879   15.2621
    0.0000    0.0000  -30.000013799.9932   15.2579
    7.5000    0.0000  -30.000013136.6836   15.2615
   -7.5000    7.5000  -30.000013052.9824   15.3076
    0.0000    7.5000  -30.000013634.4395   15.3021
    7.5000    7.5000  -30.000012989.4980   15.3009
   -7.5000   15.0000  -30.000012796.8906   15.3490
    0.0000   15.0000  -30.000013370.0439   15.3454
    7.5000   15.0000  -30.000012696.3086   15.3465
   -7.5000   22.5000  -30.000012472.5771   15.3386
    0.0000   22.5000  -30.000013046.5107   15.3375
    7.5000   22.5000  -30.000012377.1201   15.3466
   -7.5000   30.0000  -30.000012044.3906   15.0982
    0.0000   30.0000  -30.000012628.4814   15.0986
    7.5000   30.0000  -30.000011988.4814   15.1137
   -7.5000   37.5000  -30.000011867.4756   15.0600
    0.0000   37.5000  -30.000012459.7178   15.0591
    7.5000   37.5000  -30.000011837.7695   15.0709
   -7.5000   45.0000  -30.000011303.9316   14.6871
    0.0000   45.0000  -30.000011826.2402   14.6831
    7.5000   45.0000  -30.000011236.1621   14.6865
   -7.5000  -45.0000  -22.5000 7534.4219   16.3383
    0.0000  -45.0000  -22.5000 7851.2319   16.3416
    7.5000  -45.0000  -22.5000 7502.3457   16.3504
   -7.5000  -37.5000  -22.5000 8342.5146   16.0882
    0.0000  -37.5000  -22.5000 8691.0381   16.0887
    7.5000  -37.5000  -22.5000 8294.6641   16.0929
   -7.5000  -30.0000  -22.5000 9522.1348   15.9457
    0.0000  -30.0000  -22.5000 9921.9072   15.9471
    7.5000  -30.0000  -22.5000 9465.6191   15.9546
   -7.5000  -22.5000  -22.500010744.0371   15.8503
    0.0000  -22.5000  -22.500011194.4131   15.8528
    7.5000  -22.5000  -22.500010679.2998   15.8678
   -7.5000  -15.0000  -22.500011871.2910   15.8035
    0.0000  -15.0000  -22.500012383.2910   15.8064
    7.5000  -15.0000  -22.500011823.8379   15.8255
   -7.5000   -7.5000  -22.500012917.0244   15.7702
    0.0000   -7.5000  -22.500013504.7510   15.7724
    7.5000   -7.5000  -22.500012884.3418   15.7866
   -7.5000    0.0000  -22.500013891.8623   15.7786
    0.0000    0.0000  -22.500014535.0801   15.7791
    7.5000    0.0000  -22.500013868.2061   15.7859
   -7.5000    7.5000  -22.500013748.1289   15.8270
    0.0000    7.5000  -22.500014381.4395   15.8275
    7.5000    7.5000  -22.500013719.9932   15.8315
   -7.5000   15.0000  -22.500013443.0850   15.8635
    0.0000   15.0000  -22.500014046.3682   15.8651
    7.5000   15.0000  -22.500013368.6084   15.8726
   -7.5000   22.5000  -22.500013083.6963   15.8434
    0.0000   22.5000  -22.500013699.1582   15.8458
    7.5000   22.5000  -22.500013009.5371   15.8608
   -7.5000   30.0000  -22.500012654.6982   15.5967
    0.0000   30.0000  -22.500013303.0449   15.5996
    7.5000   30.0000  -22.500012629.6201   15.6184
   -7.5000   37.5000  -22.500012477.9795   15.5639
    0.0000   37.5000  -22.500013130.4551   15.5660
    7.5000   37.5000  -22.500012473.3066   15.5801
   -7.5000   45.0000  -22.500011814.5938   15.1955
    0.0000   45.0000  -22.500012384.1475   15.1961
    7.5000   45.0000  -22.500011769.1348   15.2026
   -7.5000  -45.0000  -15.0000 7938.2534   16.7146
    0.0000  -45.0000  -15.0000 8267.7988   16.7268
    7.5000  -45.0000  -15.0000 7906.7637   16.7393
   -7.5000  -37.5000  -15.0000 8798.8477   16.4608
    0.0000  -37.5000  -15.0000 9158.9600   16.4675
    7.5000  -37.5000  -15.0000 8749.2646   16.4755
   -7.5000  -30.0000  -15.000010052.1270   16.3095
    0.0000  -30.0000  -15.000010483.8408   16.3155
    7.5000  -30.0000  -15.000010005.6523   16.3262
   -7.5000  -22.5000  -15.000011336.6514   16.2032
    0.0000  -22.5000  -15.000011827.9199   16.2114
    7.5000  -22.5000  -15.000011283.9463   16.2291
   -7.5000  -15.0000  -15.000012505.2061   16.1527
    0.0000  -15.0000  -15.000013059.3828   16.1637
    7.5000  -15.0000  -15.000012483.0420   16.1845
   -7.5000   -7.5000  -15.000013590.2979   16.1252
    0.0000   -7.5000  -15.000014223.9756   16.1361
    7.5000   -7.5000  -15.000013576.8535   16.1523
   -7.5000    0.0000  -15.000014574.4180   16.1419
    0.0000    0.0000  -15.000015260.3115   16.1507
    7.5000    0.0000  -15.000014593.6309   16.1606
   -7.5000    7.5000  -15.000014434.6064   16.1931
    0.0000    7.5000  -15.000015097.8311   16.1996
    7.5000    7.5000  -15.000014445.4971   16.2074
   -7.5000   15.0000  -15.000014109.1357   16.2248
    0.0000   15.0000  -15.000014771.7861   16.2309
    7.5000   15.0000  -15.000014107.8623   16.2416
   -7.5000   22.5000  -15.000013702.5605   16.1954
    0.0000   22.5000  -15.000014375.5742   16.2036
    7.5000   22.5000  -15.000013705.1094   16.2212
   -7.5000   30.0000  -15.000013248.4854   15.9436
    0.0000   30.0000  -15.000013953.8857   15.9544
    7.5000   30.0000  -15.000013277.6553   15.9749
   -7.5000   37.5000  -15.000013045.9082   15.9165
    0.0000   37.5000  -15.000013764.5166   15.9273
    7.5000   37.5000  -15.000013104.6514   15.9432
   -7.5000   45.0000  -15.000012314.2188   15.5548
    0.0000   45.0000  -15.000012950.9541   15.5633
    7.5000   45.0000  -15.000012314.4238   15.5729
   -7.5000  -45.0000   -7.5000 8351.0811   16.9015
    0.0000  -45.0000   -7.5000 8699.9990   16.9179
    7.5000  -45.0000   -7.5000 8312.4980   16.9305
   -7.5000  -37.5000   -7.5000 9276.7314   16.6457
    0.0000  -37.5000   -7.5000 9676.0957   16.6521
    7.5000  -37.5000   -7.5000 9245.2754   16.6573
   -7.5000  -30.0000   -7.500010610.7559   16.4945
    0.0000  -30.0000   -7.500011088.5098   16.4989
    7.5000  -30.0000   -7.500010563.0488   16.5056
   -7.5000  -22.5000   -7.500011911.3545   16.3884
    0.0000  -22.5000   -7.500012448.1729   16.3976
    7.5000  -22.5000   -7.500011877.2129   16.4116
   -7.5000  -15.0000   -7.500013133.8584   16.3357
    0.0000  -15.0000   -7.500013724.9619   16.3513
    7.5000  -15.0000   -7.500013106.7295   16.3703
   -7.5000   -7.5000   -7.500014279.6650   16.3059
    0.0000   -7.5000   -7.500014907.8457   16.3225
    7.5000   -7.5000   -7.500014247.9482   16.3388
   -7.5000    0.0000   -7.500015283.4297   16.3222
    0.0000    0.0000   -7.500015957.7285   16.3342
    7.5000    0.0000   -7.500015287.3174   16.3442
   -7.5000    7.5000   -7.500015160.8779   16.3753
    0.0000    7.5000   -7.500015865.3945   16.3815
    7.5000    7.5000   -7.500015178.5596   16.3869
   -7.5000   15.0000   -7.500014858.4580   16.4096
    0.0000   15.0000   -7.500015606.5752   16.4141
    7.5000   15.0000   -7.500014926.0664   16.4209
   -7.5000   22.5000   -7.500014392.5986   16.3787
    0.0000   22.5000   -7.500015097.4414   16.3879
    7.5000   22.5000   -7.500014477.6348   16.4019
   -7.5000   30.0000   -7.500013894.8721   16.1237
    0.0000   30.0000   -7.500014617.0156   16.1392
    7.5000   30.0000   -7.500013988.8203   16.1579
   -7.5000   37.5000   -7.500013691.7949   16.0944
    0.0000   37.5000   -7.500014417.0410   16.1108
    7.5000   37.5000   -7.500013767.4531   16.1269
   -7.5000   45.0000   -7.500012869.4883   15.7316
    0.0000   45.0000   -7.500013511.1006   15.7431
    7.5000   45.0000   -7.500012879.6572   15.7528
   -7.5000  -45.0000    0.0000 8690.7988   16.9434
    0.0000  -45.0000    0.0000 9058.4082   16.9550
    7.5000  -45.0000    0.0000 8641.4033   16.9647
   -7.5000  -37.5000    0.0000 9690.5625   16.6856
    0.0000  -37.5000    0.000010127.0996   16.6857
    7.5000  -37.5000    0.0000 9646.2344   16.6853
   -7.5000  -30.0000    0.000011067.9639   16.5397
    0.0000  -30.0000    0.000011580.7500   16.5386
    7.5000  -30.0000    0.000011035.0283   16.5387
   -7.5000  -22.5000    0.000012408.1396   16.4415
    0.0000  -22.5000    0.000012961.5830   16.4466
    7.5000  -22.5000    0.000012403.3721   16.4550
   -7.5000  -15.0000    0.000013637.9629   16.3892
    0.0000  -15.0000    0.000014254.3906   16.4018
    7.5000  -15.0000    0.000013632.0049   16.4180
   -7.5000   -7.5000    0.000014791.7285   16.3528
    0.0000   -7.5000    0.000015429.1758   16.3663
    7.5000   -7.5000    0.000014777.0986   16.3816
   -7.5000    0.0000    0.000015841.0479   16.3624
    0.0000    0.0000    0.000016490.5293   16.3696
    7.5000    0.0000    0.000015826.5615   16.3772
   -7.5000    7.5000    0.000015759.6074   16.4151
    0.0000    7.5000    0.000016442.2090   16.4153
    7.5000    7.5000    0.000015716.4580   16.4156
   -7.5000   15.0000    0.000015495.3379   16.4558
    0.0000   15.0000    0.000016151.6602   16.4549
    7.5000   15.0000    0.000015481.5361   16.4550
   -7.5000   22.5000    0.000015077.4492   16.4318
    0.0000   22.5000    0.000015713.0625   16.4369
    7.5000   22.5000    0.000015070.8359   16.4453
   -7.5000   30.0000    0.000014557.6621   16.1770
    0.0000   30.0000    0.000015250.9404   16.1895
    7.5000   30.0000    0.000014583.5996   16.2055
   -7.5000   37.5000    0.000014302.4902   16.1412
    0.0000   37.5000    0.000014996.7627   16.1545
    7.5000   37.5000    0.000014312.2305   16.1696
   -7.5000   45.0000    0.000013354.0449   15.7715
    0.0000   45.0000    0.000013964.7793   15.7784
    7.5000   45.0000    0.000013320.8994   15.7857
   -7.5000  -45.0000    7.5000 8341.0176   16.9619
    0.0000  -45.0000    7.5000 8707.0488   16.9644
    7.5000  -45.0000    7.5000 8302.2998   16.9703
   -7.5000  -37.5000    7.5000 9328.7412   16.7005
    0.0000  -37.5000    7.5000 9755.7549   16.6945
    7.5000  -37.5000    7.5000 9289.8574   16.6909
   -7.5000  -30.0000    7.500010624.0869   16.5588
    0.0000  -30.0000    7.500011131.2646   16.5538
    7.5000  -30.0000    7.500010623.2207   16.5514
   -7.5000  -22.5000    7.500011880.5596   16.4688
    0.0000  -22.5000    7.500012424.9150   16.4692
    7.5000  -22.5000    7.500011894.0674   16.4758
   -7.5000  -15.0000    7.500013044.7559   16.4201
    0.0000  -15.0000    7.500013632.8135   16.4255
    7.5000  -15.0000    7.500013060.8477   16.4403
   -7.5000   -7.5000    7.500014188.1553   16.3785
    0.0000   -7.5000    7.500014779.7969   16.3833
    7.5000   -7.5000    7.500014176.1973   16.3967
   -7.5000    0.0000    7.500015242.8682   16.3803
    0.0000    0.0000    7.500015869.1592   16.3791
    7.5000    0.0000    7.500015208.6816   16.3835
   -7.5000    7.5000    7.500015163.3711   16.4302
    0.0000    7.5000    7.500015791.6592   16.4245
    7.5000    7.5000    7.500015110.7314   16.4216
   -7.5000   15.0000    7.500014932.1445   16.4752
    0.0000   15.0000    7.500015483.7656   16.4705
    7.5000   15.0000    7.500014816.1240   16.4681
   -7.5000   22.5000    7.500014603.2100   16.4591
    0.0000   22.5000    7.500015134.6611   16.4595
    7.5000   22.5000    7.500014439.4258   16.4661
   -7.5000   30.0000    7.500014129.6963   16.2075
    0.0000   30.0000    7.500014732.0605   16.2129
    7.5000   30.0000    7.500014014.1787   16.2275
   -7.5000   37.5000    7.500013869.9639   16.1665
    0.0000   37.5000    7.500014473.1191   16.1713
    7.5000   37.5000    7.500013776.7852   16.1845
   -7.5000   45.0000    7.500012868.9580   15.7887
    0.0000   45.0000    7.500013390.8096   15.7876
    7.5000   45.0000    7.500012799.5566   15.7918
   -7.5000  -45.0000   15.0000 7863.0874   16.9708
    0.0000  -45.0000   15.0000 8219.1709   16.9691
    7.5000  -45.0000   15.0000 7848.8228   16.9745
   -7.5000  -37.5000   15.0000 8801.5908   16.7085
    0.0000  -37.5000   15.0000 9220.6133   16.7025
    7.5000  -37.5000   15.0000 8785.5908   16.7009
   -7.5000  -30.0000   15.000010030.8301   16.5666
    0.0000  -30.0000   15.000010520.0889   16.5626
    7.5000  -30.0000   15.000010042.1074   16.5637
   -7.5000  -22.5000   15.000011239.7100   16.4773
    0.0000  -22.5000   15.000011767.4932   16.4761
    7.5000  -22.5000   15.000011250.0098   16.4859
   -7.5000  -15.0000   15.000012377.7734   16.4305
    0.0000  -15.0000   15.000012943.8223   16.4310
    7.5000  -15.0000   15.000012372.2539   16.4474
   -7.5000   -7.5000   15.000013489.8848   16.3889
    0.0000   -7.5000   15.000014077.6992   16.3880
    7.5000   -7.5000   15.000013465.8076   16.4008
   -7.5000    0.0000   15.000014527.3203   16.3891
    0.0000    0.0000   15.000015158.4453   16.3846
    7.5000    0.0000   15.000014491.4951   16.3884
   -7.5000    7.5000   15.000014439.0020   16.4379
    0.0000    7.5000   15.000015036.8857   16.4321
    7.5000    7.5000   15.000014383.1729   16.4307
   -7.5000   15.0000   15.000014108.0068   16.4824
    0.0000   15.0000   15.000014660.1250   16.4785
    7.5000   15.0000   15.000014017.8945   16.4797
   -7.5000   22.5000   15.000013737.7822   16.4676
    0.0000   22.5000   15.000014254.0576   16.4664
    7.5000   22.5000   15.000013616.7139   16.4762
   -7.5000   30.0000   15.000013324.0645   16.2178
    0.0000   30.0000   15.000013854.7285   16.2183
    7.5000   30.0000   15.000013221.3027   16.2345
   -7.5000   37.5000   15.000013156.8428   16.1768
    0.0000   37.5000   15.000013706.9414   16.1759
    7.5000   37.5000   15.000013070.2568   16.1886
   -7.5000   45.0000   15.000012268.3457   15.7972
    0.0000   45.0000   15.000012758.6885   15.7929
    7.5000   45.0000   15.000012193.6230   15.7966
   -7.5000  -45.0000   22.5000 7303.3965   16.9809
    0.0000  -45.0000   22.5000 7644.2251   16.9842
    7.5000  -45.0000   22.5000 7309.2456   16.9934
   -7.5000  -37.5000   22.5000 8167.8896   16.7208
    0.0000  -37.5000   22.5000 8577.6299   16.7212
    7.5000  -37.5000   22.5000 8180.7974   16.7256
   -7.5000  -30.0000   22.5000 9335.3584   16.5724
    0.0000  -30.0000   22.5000 9804.1846   16.5738
    7.5000  -30.0000   22.5000 9348.5771   16.5817
   -7.5000  -22.5000   22.500010497.2549   16.4731
    0.0000  -22.5000   22.500011004.6104   16.4756
    7.5000  -22.5000   22.500010492.9521   16.4912
   -7.5000  -15.0000   22.500011588.3613   16.4243
    0.0000  -15.0000   22.500012144.2930   16.4273
    7.5000  -15.0000   22.500011581.5547   16.4471
   -7.5000   -7.5000   22.500012621.6172   16.3897
    0.0000   -7.5000   22.500013204.4717   16.3919
    7.5000   -7.5000   22.500012597.2666   16.4066
   -7.5000    0.0000   22.500013599.1357   16.3985
    0.0000    0.0000   22.500014222.0244   16.3990
    7.5000    0.0000   22.500013570.1113   16.4060
   -7.5000    7.5000   22.500013494.5264   16.4490
    0.0000    7.5000   22.500014070.0254   16.4493
    7.5000    7.5000   22.500013446.3467   16.4536
   -7.5000   15.0000   22.500013160.4062   16.4869
    0.0000   15.0000   22.500013694.6201   16.4885
    7.5000   15.0000   22.500013110.7686   16.4962
   -7.5000   22.5000   22.500012814.5908   16.4634
    0.0000   22.5000   22.500013312.4424   16.4659
    7.5000   22.5000   22.500012752.4609   16.4815
   -7.5000   30.0000   22.500012418.1504   16.2117
    0.0000   30.0000   22.500012897.8867   16.2147
    7.5000   30.0000   22.500012360.8457   16.2342
   -7.5000   37.5000   22.500012299.8232   16.1776
    0.0000   37.5000   22.500012791.9775   16.1797
    7.5000   37.5000   22.500012266.0977   16.1943
   -7.5000   45.0000   22.500011514.5674   15.8063
    0.0000   45.0000   22.500011982.4336   15.8068
    7.5000   45.0000   22.500011478.9375   15.8135
   -7.5000  -45.0000   30.0000 6707.3115   17.0896
    0.0000  -45.0000   30.0000 7021.7178   17.1018
    7.5000  -45.0000   30.0000 6733.2314   17.1142
   -7.5000  -37.5000   30.0000 7494.7354   16.8277
    0.0000  -37.5000   30.0000 7871.3979   16.8344
    7.5000  -37.5000   30.0000 7528.5312   16.8419
   -7.5000  -30.0000   30.0000 8586.9619   16.6713
    0.0000  -30.0000   30.0000 9010.0596   16.6772
    7.5000  -30.0000   30.0000 8600.3516   16.6876
   -7.5000  -22.5000   30.0000 9656.8867   16.5616
    0.0000  -22.5000   30.000010139.0752   16.5696
    7.5000  -22.5000   30.0000 9664.6162   16.5873
   -7.5000  -15.0000   30.000010666.7646   16.5097
    0.0000  -15.0000   30.000011201.0391   16.5204
    7.5000  -15.0000   30.000010686.2158   16.5415
   -7.5000   -7.5000   30.000011636.2881   16.4817
    0.0000   -7.5000   30.000012193.3291   16.4925
    7.5000   -7.5000   30.000011644.1221   16.5088
   -7.5000    0.0000   30.000012529.9531   16.4992
    0.0000    0.0000   30.000013115.6426   16.5079
    7.5000    0.0000   30.000012533.1807   16.5176
   -7.5000    7.5000   30.000012429.2656   16.5518
    0.0000    7.5000   30.000013005.9268   16.5582
    7.5000    7.5000   30.000012427.1943   16.5656
   -7.5000   15.0000   30.000012142.6670   16.5841
    0.0000   15.0000   30.000012661.3242   16.5900
    7.5000   15.0000   30.000012137.3877   16.6004
   -7.5000   22.5000   30.000011800.6406   16.5518
    0.0000   22.5000   30.000012272.0303   16.5598
    7.5000   22.5000   30.000011774.4150   16.5775
   -7.5000   30.0000   30.000011434.7646   16.2960
    0.0000   30.0000   30.000011880.6445   16.3065
    7.5000   30.0000   30.000011398.1240   16.3274
   -7.5000   37.5000   30.000011341.7402   16.2684
    0.0000   37.5000   30.000011800.8799   16.2791
    7.5000   37.5000   30.000011307.6152   16.2952
   -7.5000   45.0000   30.000010666.2188   15.9033
    0.0000   45.0000   30.000011108.8135   15.9117
    7.5000   45.0000   30.000010628.4199   15.9211
   -7.5000  -45.0000   37.5000 6357.5693   17.3867
    0.0000  -45.0000   37.5000 6659.8164   17.4035
    7.5000  -45.0000   37.5000 6390.6875   17.4159
   -7.5000  -37.5000   37.5000 7114.0469   17.1143
    0.0000  -37.5000   37.5000 7455.5903   17.1212
    7.5000  -37.5000   37.5000 7148.3457   17.1263
   -7.5000  -30.0000   37.5000 8140.4775   16.9530
    0.0000  -30.0000   37.5000 8530.3418   16.9578
    7.5000  -30.0000   37.5000 8164.9258   16.9648
   -7.5000  -22.5000   37.5000 9168.6113   16.8416
    0.0000  -22.5000   37.5000 9626.7832   16.8511
    7.5000  -22.5000   37.5000 9194.2656   16.8654
   -7.5000  -15.0000   37.500010142.8223   16.7881
    0.0000  -15.0000   37.500010654.8242   16.8038
    7.5000  -15.0000   37.500010180.1465   16.8228
   -7.5000   -7.5000   37.500011068.0342   16.7584
    0.0000   -7.5000   37.500011614.6484   16.7751
    7.5000   -7.5000   37.500011107.1250   16.7912
   -7.5000    0.0000   37.500011936.3574   16.7754
    0.0000    0.0000   37.500012506.2598   16.7876
    7.5000    0.0000   37.500011953.6455   16.7974
   -7.5000    7.5000   37.500011844.1084   16.8291
    0.0000    7.5000   37.500012377.5254   16.8358
    7.5000    7.5000   37.500011839.2246   16.8412
   -7.5000   15.0000   37.500011560.7432   16.8635
    0.0000   15.0000   37.500012068.9902   16.8684
    7.5000   15.0000   37.500011557.9658   16.8754
   -7.5000   22.5000   37.500011228.1152   16.8316
    0.0000   22.5000   37.500011705.9980   16.8411
    7.5000   22.5000   37.500011210.5459   16.8553
   -7.5000   30.0000   37.500010876.1455   16.5708
    0.0000   30.0000   37.500011307.6875   16.5862
    7.5000   30.0000   37.500010832.2871   16.6050
   -7.5000   37.5000   37.500010813.6074   16.5415
    0.0000   37.5000   37.500011249.0615   16.5580
    7.5000   37.5000   37.500010782.1758   16.5739
   -7.5000   45.0000   37.500010207.1211   16.1696
    0.0000   45.0000   37.500010650.1191   16.1814
    7.5000   45.0000   37.500010182.2031   16.1908
   -7.5000  -45.0000   45.0000 5759.0928   17.8011
    0.0000  -45.0000   45.0000 6028.4106   17.8152
    7.5000  -45.0000   45.0000 5786.0015   17.8255
   -7.5000  -37.5000   45.0000 6447.3467   17.5129
    0.0000  -37.5000   45.0000 6752.8364   17.5141
    7.5000  -37.5000   45.0000 6480.9336   17.5136
   -7.5000  -30.0000   45.0000 7390.7871   17.3518
    0.0000  -30.0000   45.0000 7719.8218   17.3519
    7.5000  -30.0000   45.0000 7427.7886   17.3521
   -7.5000  -22.5000   45.0000 8316.4170   17.2465
    0.0000  -22.5000   45.0000 8718.3936   17.2538
    7.5000  -22.5000   45.0000 8355.6895   17.2631
   -7.5000  -15.0000   45.0000 9209.7676   17.1913
    0.0000  -15.0000   45.0000 9680.3105   17.2069
    7.5000  -15.0000   45.0000 9263.0479   17.2245
   -7.5000   -7.5000   45.000010072.5254   17.1501
    0.0000   -7.5000   45.000010584.4463   17.1664
    7.5000   -7.5000   45.000010122.9033   17.1829
   -7.5000    0.0000   45.000010858.7256   17.1576
    0.0000    0.0000   45.000011391.0068   17.1665
    7.5000    0.0000   45.000010884.2490   17.1746
   -7.5000    7.5000   45.000010765.0225   17.2133
    0.0000    7.5000   45.000011251.9258   17.2145
    7.5000    7.5000   45.000010775.1084   17.2148
   -7.5000   15.0000   45.000010510.0420   17.2589
    0.0000   15.0000   45.000010978.7061   17.2592
    7.5000   15.0000   45.000010524.6992   17.2594
   -7.5000   22.5000   45.000010218.6650   17.2361
    0.0000   22.5000   45.000010667.3486   17.2434
    7.5000   22.5000   45.000010222.1270   17.2527
   -7.5000   30.0000   45.0000 9887.5918   16.9672
    0.0000   30.0000   45.000010314.7236   16.9826
    7.5000   30.0000   45.0000 9878.1172   17.0000
   -7.5000   37.5000   45.0000 9871.5508   16.9267
    0.0000   37.5000   45.000010304.7617   16.9428
    7.5000   37.5000   45.0000 9871.1123   16.9590
   -7.5000   45.0000   45.0000 9325.5254   16.5454
    0.0000   45.0000   45.0000 9751.9785   16.5541
    7.5000   45.0000   45.0000 9342.2441   16.5618

---------------------------------------------------------------------
imgreg_4dfp /opt/freesurfer/average/711-2C_as_mni_average_305 /opt/freesurfer/average/711-2B_as_mni_average_305_mask talsrcimg_g11 none talsrcimg_to_711-2C_as_mni_average_305_t4 4355
---------------------------------------------------------------------

freesurfer imgreg_4dfp.c
/opt/freesurfer/average/711-2C_as_mni_average_305.4dfp.img
       256       256       256         1
  1.000000  1.000000  1.000000
orientation T byte_order littleendian
Reading image: /opt/freesurfer/average/711-2C_as_mni_average_305.4dfp.img
dimensions:      256       256       256
mmppix:       1.0000   -1.0000   -1.0000
center:     128.0000 -129.0000 -129.0000
/opt/freesurfer/average/711-2B_as_mni_average_305_mask.4dfp.img
       256       256       256         1
  1.000000  1.000000  1.000000
orientation T byte_order littleendian
Reading mask: /opt/freesurfer/average/711-2B_as_mni_average_305_mask.4dfp.img (2306576 pixels)
talsrcimg_g11.4dfp.img
       256       256       256         1
  1.000000  1.000000  1.000000
orientation T byte_order littleendian
Reading image: talsrcimg_g11.4dfp.img
dimensions:      256       256       256
mmppix:       1.0000   -1.0000   -1.0000
center:     128.0000 -129.0000 -129.0000
rotation matrix determinant  1.000000
image alignment mode   4355 decimal     1103 hex
   -7.5000  -45.0000  -45.0000 1714.2084   21.7657
    0.0000  -45.0000  -45.0000 1714.3787   21.8081
    7.5000  -45.0000  -45.0000 1697.9966   22.0798
   -7.5000  -37.5000  -45.0000 1836.6837   18.8527
    0.0000  -37.5000  -45.0000 1835.4438   18.8991
    7.5000  -37.5000  -45.0000 1819.5277   19.1689
   -7.5000  -30.0000  -45.0000 1958.8462   16.6300
    0.0000  -30.0000  -45.0000 1963.5516   16.6574
    7.5000  -30.0000  -45.0000 1942.8564   16.8660
   -7.5000  -22.5000  -45.0000 2081.5488   14.8529
    0.0000  -22.5000  -45.0000 2087.6118   14.8668
    7.5000  -22.5000  -45.0000 2063.9180   15.0155
   -7.5000  -15.0000  -45.0000 2195.3313   13.4779
    0.0000  -15.0000  -45.0000 2198.5603   13.4676
    7.5000  -15.0000  -45.0000 2177.8447   13.6128
   -7.5000   -7.5000  -45.0000 2284.5657   12.4550
    0.0000   -7.5000  -45.0000 2289.0569   12.4610
    7.5000   -7.5000  -45.0000 2268.4399   12.5760
   -7.5000    0.0000  -45.0000 2339.3445   11.8351
    0.0000    0.0000  -45.0000 2344.3562   11.8325
    7.5000    0.0000  -45.0000 2317.3223   11.9315
   -7.5000    7.5000  -45.0000 2369.7830   11.4696
    0.0000    7.5000  -45.0000 2377.8896   11.4371
    7.5000    7.5000  -45.0000 2347.6365   11.5470
   -7.5000   15.0000  -45.0000 2376.0828   11.3178
    0.0000   15.0000  -45.0000 2390.0483   11.2631
    7.5000   15.0000  -45.0000 2357.1521   11.3804
   -7.5000   22.5000  -45.0000 2368.0181   11.3701
    0.0000   22.5000  -45.0000 2378.7610   11.3196
    7.5000   22.5000  -45.0000 2350.9861   11.4578
   -7.5000   30.0000  -45.0000 2348.0498   11.6139
    0.0000   30.0000  -45.0000 2358.3755   11.5463
    7.5000   30.0000  -45.0000 2330.4124   11.7183
   -7.5000   37.5000  -45.0000 2308.5503   12.1223
    0.0000   37.5000  -45.0000 2320.7205   12.0541
    7.5000   37.5000  -45.0000 2290.7197   12.2186
   -7.5000   45.0000  -45.0000 2246.3396   12.9195
    0.0000   45.0000  -45.0000 2260.3047   12.8281
    7.5000   45.0000  -45.0000 2231.1030   12.9937
   -7.5000  -45.0000  -37.5000 1757.4362   20.5066
    0.0000  -45.0000  -37.5000 1760.9866   20.5324
    7.5000  -45.0000  -37.5000 1742.5452   20.8153
   -7.5000  -37.5000  -37.5000 1886.3910   17.7209
    0.0000  -37.5000  -37.5000 1888.0236   17.7792
    7.5000  -37.5000  -37.5000 1871.3121   17.9682
   -7.5000  -30.0000  -37.5000 2022.9623   15.6399
    0.0000  -30.0000  -37.5000 2023.7004   15.6630
    7.5000  -30.0000  -37.5000 2006.3279   15.8221
   -7.5000  -22.5000  -37.5000 2155.4192   13.9390
    0.0000  -22.5000  -37.5000 2155.6951   13.9630
    7.5000  -22.5000  -37.5000 2133.9436   14.1183
   -7.5000  -15.0000  -37.5000 2270.6748   12.6194
    0.0000  -15.0000  -37.5000 2276.4829   12.6191
    7.5000  -15.0000  -37.5000 2249.4524   12.7652
   -7.5000   -7.5000  -37.5000 2363.9514   11.6695
    0.0000   -7.5000  -37.5000 2369.6606   11.6430
    7.5000   -7.5000  -37.5000 2342.7930   11.7518
   -7.5000    0.0000  -37.5000 2427.7588   11.0398
    0.0000    0.0000  -37.5000 2434.4553   10.9906
    7.5000    0.0000  -37.5000 2403.8870   11.1025
   -7.5000    7.5000  -37.5000 2467.7529   10.6734
    0.0000    7.5000  -37.5000 2474.0063   10.6428
    7.5000    7.5000  -37.5000 2442.1467   10.7125
   -7.5000   15.0000  -37.5000 2484.8337   10.5340
    0.0000   15.0000  -37.5000 2495.4211   10.4936
    7.5000   15.0000  -37.5000 2463.5388   10.5822
   -7.5000   22.5000  -37.5000 2475.8699   10.6271
    0.0000   22.5000  -37.5000 2485.4292   10.5763
    7.5000   22.5000  -37.5000 2459.0073   10.6819
   -7.5000   30.0000  -37.5000 2446.6121   10.8694
    0.0000   30.0000  -37.5000 2460.7708   10.7987
    7.5000   30.0000  -37.5000 2432.4705   10.9362
   -7.5000   37.5000  -37.5000 2401.8962   11.3368
    0.0000   37.5000  -37.5000 2420.4517   11.2557
    7.5000   37.5000  -37.5000 2389.7244   11.3930
   -7.5000   45.0000  -37.5000 2338.0427   12.0403
    0.0000   45.0000  -37.5000 2355.4219   11.9623
    7.5000   45.0000  -37.5000 2324.2107   12.0847
   -7.5000  -45.0000  -30.0000 1827.6923   20.1010
    0.0000  -45.0000  -30.0000 1832.3403   20.1405
    7.5000  -45.0000  -30.0000 1815.1371   20.4228
   -7.5000  -37.5000  -30.0000 1966.0160   17.3857
    0.0000  -37.5000  -30.0000 1972.3361   17.3624
    7.5000  -37.5000  -30.0000 1954.7567   17.6278
   -7.5000  -30.0000  -30.0000 2113.8291   15.3361
    0.0000  -30.0000  -30.0000 2118.4846   15.2866
    7.5000  -30.0000  -30.0000 2096.9075   15.5150
   -7.5000  -22.5000  -30.0000 2254.2063   13.6434
    0.0000  -22.5000  -30.0000 2258.8171   13.6087
    7.5000  -22.5000  -30.0000 2230.5408   13.8029
   -7.5000  -15.0000  -30.0000 2374.9641   12.3143
    0.0000  -15.0000  -30.0000 2378.0469   12.2708
    7.5000  -15.0000  -30.0000 2347.7954   12.4413
   -7.5000   -7.5000  -30.0000 2477.3867   11.3168
    0.0000   -7.5000  -30.0000 2481.6321   11.2883
    7.5000   -7.5000  -30.0000 2450.0029   11.4076
   -7.5000    0.0000  -30.0000 2551.9846   10.6572
    0.0000    0.0000  -30.0000 2559.0583   10.6228
    7.5000    0.0000  -30.0000 2529.6689   10.7270
   -7.5000    7.5000  -30.0000 2600.8577   10.2929
    0.0000    7.5000  -30.0000 2607.6335   10.2470
    7.5000    7.5000  -30.0000 2578.4646   10.3464
   -7.5000   15.0000  -30.0000 2631.3096   10.1344
    0.0000   15.0000  -30.0000 2640.4070   10.0999
    7.5000   15.0000  -30.0000 2606.0991   10.1858
   -7.5000   22.5000  -30.0000 2630.8203   10.2315
    0.0000   22.5000  -30.0000 2643.5300   10.1891
    7.5000   22.5000  -30.0000 2609.5430   10.2741
   -7.5000   30.0000  -30.0000 2597.8958   10.5117
    0.0000   30.0000  -30.0000 2619.1765   10.4515
    7.5000   30.0000  -30.0000 2585.6575   10.5546
   -7.5000   37.5000  -30.0000 2549.2041   10.9848
    0.0000   37.5000  -30.0000 2572.3928   10.9050
    7.5000   37.5000  -30.0000 2537.0659   11.0184
   -7.5000   45.0000  -30.0000 2473.2595   11.6560
    0.0000   45.0000  -30.0000 2494.5366   11.5675
    7.5000   45.0000  -30.0000 2458.8425   11.6783
   -7.5000  -45.0000  -22.5000 1877.1880   19.6225
    0.0000  -45.0000  -22.5000 1884.2101   19.6159
    7.5000  -45.0000  -22.5000 1869.2490   19.9453
   -7.5000  -37.5000  -22.5000 2024.3040   16.9229
    0.0000  -37.5000  -22.5000 2030.9176   16.9142
    7.5000  -37.5000  -22.5000 2012.0884   17.2021
   -7.5000  -30.0000  -22.5000 2172.2681   14.9010
    0.0000  -30.0000  -22.5000 2180.8645   14.8257
    7.5000  -30.0000  -22.5000 2155.7727   15.0856
   -7.5000  -22.5000  -22.5000 2317.1218   13.2292
    0.0000  -22.5000  -22.5000 2323.5061   13.1945
    7.5000  -22.5000  -22.5000 2296.4360   13.3984
   -7.5000  -15.0000  -22.5000 2439.2329   11.9150
    0.0000  -15.0000  -22.5000 2448.3091   11.8753
    7.5000  -15.0000  -22.5000 2418.6472   12.0669
   -7.5000   -7.5000  -22.5000 2550.7339   10.9061
    0.0000   -7.5000  -22.5000 2562.4258   10.8900
    7.5000   -7.5000  -22.5000 2529.2007   11.0480
   -7.5000    0.0000  -22.5000 2644.7761   10.2259
    0.0000    0.0000  -22.5000 2655.8022   10.2068
    7.5000    0.0000  -22.5000 2623.9690   10.3405
   -7.5000    7.5000  -22.5000 2704.9773    9.8650
    0.0000    7.5000  -22.5000 2720.6160    9.8227
    7.5000    7.5000  -22.5000 2688.4744    9.9348
   -7.5000   15.0000  -22.5000 2743.3120    9.6998
    0.0000   15.0000  -22.5000 2759.7314    9.6550
    7.5000   15.0000  -22.5000 2720.9287    9.7526
   -7.5000   22.5000  -22.5000 2753.0786    9.7425
    0.0000   22.5000  -22.5000 2775.6240    9.6994
    7.5000   22.5000  -22.5000 2732.8018    9.7969
   -7.5000   30.0000  -22.5000 2723.7861   10.0477
    0.0000   30.0000  -22.5000 2751.5042   10.0011
    7.5000   30.0000  -22.5000 2712.6003   10.0900
   -7.5000   37.5000  -22.5000 2667.4067   10.5081
    0.0000   37.5000  -22.5000 2692.4963   10.4544
    7.5000   37.5000  -22.5000 2657.6035   10.5485
   -7.5000   45.0000  -22.5000 2574.7625   11.1680
    0.0000   45.0000  -22.5000 2599.0676   11.0936
    7.5000   45.0000  -22.5000 2565.3083   11.2087
   -7.5000  -45.0000  -15.0000 1906.3417   19.1950
    0.0000  -45.0000  -15.0000 1912.9459   19.1699
    7.5000  -45.0000  -15.0000 1898.2629   19.5220
   -7.5000  -37.5000  -15.0000 2056.1228   16.5701
    0.0000  -37.5000  -15.0000 2062.3906   16.5239
    7.5000  -37.5000  -15.0000 2043.5177   16.8228
   -7.5000  -30.0000  -15.0000 2204.3220   14.5217
    0.0000  -30.0000  -15.0000 2212.4670   14.4704
    7.5000  -30.0000  -15.0000 2188.4006   14.7337
   -7.5000  -22.5000  -15.0000 2348.8235   12.8742
    0.0000  -22.5000  -15.0000 2354.6399   12.8322
    7.5000  -22.5000  -15.0000 2330.3147   13.0764
   -7.5000  -15.0000  -15.0000 2472.9697   11.5571
    0.0000  -15.0000  -15.0000 2482.1145   11.5246
    7.5000  -15.0000  -15.0000 2455.8049   11.7285
   -7.5000   -7.5000  -15.0000 2597.1370   10.5717
    0.0000   -7.5000  -15.0000 2608.9043   10.5308
    7.5000   -7.5000  -15.0000 2576.5938   10.7087
   -7.5000    0.0000  -15.0000 2705.1252    9.8740
    0.0000    0.0000  -15.0000 2718.4446    9.8478
    7.5000    0.0000  -15.0000 2688.3911   10.0004
   -7.5000    7.5000  -15.0000 2784.6426    9.4833
    0.0000    7.5000  -15.0000 2801.3333    9.4467
    7.5000    7.5000  -15.0000 2767.1372    9.5766
   -7.5000   15.0000  -15.0000 2832.1780    9.3261
    0.0000   15.0000  -15.0000 2858.0259    9.2660
    7.5000   15.0000  -15.0000 2813.1523    9.4135
   -7.5000   22.5000  -15.0000 2854.1133    9.3226
    0.0000   22.5000  -15.0000 2885.7634    9.2666
    7.5000   22.5000  -15.0000 2836.0969    9.4043
   -7.5000   30.0000  -15.0000 2820.3857    9.6139
    0.0000   30.0000  -15.0000 2852.9817    9.5693
    7.5000   30.0000  -15.0000 2810.6985    9.6763
   -7.5000   37.5000  -15.0000 2752.6135   10.0582
    0.0000   37.5000  -15.0000 2777.8467   10.0179
    7.5000   37.5000  -15.0000 2743.3333   10.1263
   -7.5000   45.0000  -15.0000 2646.5479   10.7047
    0.0000   45.0000  -15.0000 2672.0291   10.6318
    7.5000   45.0000  -15.0000 2639.8660   10.7711
   -7.5000  -45.0000   -7.5000 1919.5751   19.0027
    0.0000  -45.0000   -7.5000 1926.7430   18.9270
    7.5000  -45.0000   -7.5000 1906.8148   19.2661
   -7.5000  -37.5000   -7.5000 2071.4663   16.4065
    0.0000  -37.5000   -7.5000 2080.2292   16.3278
    7.5000  -37.5000   -7.5000 2059.9775   16.6310
   -7.5000  -30.0000   -7.5000 2215.6484   14.3448
    0.0000  -30.0000   -7.5000 2226.7351   14.2670
    7.5000  -30.0000   -7.5000 2204.6501   14.5372
   -7.5000  -22.5000   -7.5000 2352.4241   12.6610
    0.0000  -22.5000   -7.5000 2362.7754   12.5801
    7.5000  -22.5000   -7.5000 2338.9595   12.8220
   -7.5000  -15.0000   -7.5000 2482.2068   11.3182
    0.0000  -15.0000   -7.5000 2493.7024   11.2271
    7.5000  -15.0000   -7.5000 2467.0127   11.4625
   -7.5000   -7.5000   -7.5000 2614.1570   10.3193
    0.0000   -7.5000   -7.5000 2629.2322   10.2460
    7.5000   -7.5000   -7.5000 2596.4443   10.4509
   -7.5000    0.0000   -7.5000 2730.3325    9.6203
    0.0000    0.0000   -7.5000 2750.2734    9.5525
    7.5000    0.0000   -7.5000 2715.0896    9.7395
   -7.5000    7.5000   -7.5000 2829.7539    9.2157
    0.0000    7.5000   -7.5000 2849.0544    9.1536
    7.5000    7.5000   -7.5000 2811.8008    9.3133
   -7.5000   15.0000   -7.5000 2897.8997    9.0582
    0.0000   15.0000   -7.5000 2931.3369    8.9902
    7.5000   15.0000   -7.5000 2880.4626    9.1482
   -7.5000   22.5000   -7.5000 2928.9880    9.0351
    0.0000   22.5000   -7.5000 2970.0845    8.9577
    7.5000   22.5000   -7.5000 2909.5027    9.1352
   -7.5000   30.0000   -7.5000 2885.5056    9.2884
    0.0000   30.0000   -7.5000 2927.3477    9.2257
    7.5000   30.0000   -7.5000 2874.0090    9.3850
   -7.5000   37.5000   -7.5000 2795.0566    9.7430
    0.0000   37.5000   -7.5000 2829.7273    9.6705
    7.5000   37.5000   -7.5000 2785.3311    9.8114
   -7.5000   45.0000   -7.5000 2685.4653   10.3806
    0.0000   45.0000   -7.5000 2712.5283   10.2920
    7.5000   45.0000   -7.5000 2676.0774   10.4248
   -7.5000  -45.0000    0.0000 1921.5985   19.0439
    0.0000  -45.0000    0.0000 1931.6321   18.9071
    7.5000  -45.0000    0.0000 1910.8104   19.2563
   -7.5000  -37.5000    0.0000 2077.4641   16.4266
    0.0000  -37.5000    0.0000 2091.1414   16.3168
    7.5000  -37.5000    0.0000 2070.5884   16.6110
   -7.5000  -30.0000    0.0000 2211.2661   14.3519
    0.0000  -30.0000    0.0000 2228.6064   14.2453
    7.5000  -30.0000    0.0000 2204.5442   14.4819
   -7.5000  -22.5000    0.0000 2342.6621   12.6587
    0.0000  -22.5000    0.0000 2358.7988   12.5208
    7.5000  -22.5000    0.0000 2337.1038   12.7686
   -7.5000  -15.0000    0.0000 2471.4050   11.2796
    0.0000  -15.0000    0.0000 2486.8359   11.1448
    7.5000  -15.0000    0.0000 2460.6135   11.3837
   -7.5000   -7.5000    0.0000 2605.8254   10.2650
    0.0000   -7.5000    0.0000 2628.2126   10.1360
    7.5000   -7.5000    0.0000 2593.8481   10.3664
   -7.5000    0.0000    0.0000 2729.9729    9.5540
    0.0000    0.0000    0.0000 2753.4858    9.4291
    7.5000    0.0000    0.0000 2717.6475    9.6479
   -7.5000    7.5000    0.0000 2838.3911    9.1629
    0.0000    7.5000    0.0000 2866.2207    9.0388
    7.5000    7.5000    0.0000 2821.1421    9.2293
   -7.5000   15.0000    0.0000 2912.1587    9.0087
    0.0000   15.0000    0.0000 2959.7485    8.8826
    7.5000   15.0000    0.0000 2900.4590    9.0532
   -7.5000   22.5000    0.0000 2953.8062    8.9757
    0.0000   22.5000    0.0000 3007.9707    8.8404
    7.5000   22.5000    0.0000 2937.9617    9.0266
   -7.5000   30.0000    0.0000 2907.2593    9.1916
    0.0000   30.0000    0.0000 2959.6252    9.0732
    7.5000   30.0000    0.0000 2897.3450    9.2641
   -7.5000   37.5000    0.0000 2812.8320    9.5971
    0.0000   37.5000    0.0000 2847.4072    9.5094
    7.5000   37.5000    0.0000 2803.9343    9.6639
   -7.5000   45.0000    0.0000 2692.0298   10.2249
    0.0000   45.0000    0.0000 2714.4058   10.1434
    7.5000   45.0000    0.0000 2681.4995   10.2694
   -7.5000  -45.0000    7.5000 1906.9651   19.3476
    0.0000  -45.0000    7.5000 1918.0247   19.1650
    7.5000  -45.0000    7.5000 1897.5898   19.4699
   -7.5000  -37.5000    7.5000 2067.1326   16.6792
    0.0000  -37.5000    7.5000 2086.2341   16.5250
    7.5000  -37.5000    7.5000 2058.9395   16.7910
   -7.5000  -30.0000    7.5000 2202.0044   14.5311
    0.0000  -30.0000    7.5000 2225.2124   14.3535
    7.5000  -30.0000    7.5000 2200.1946   14.6246
   -7.5000  -22.5000    7.5000 2330.3335   12.7570
    0.0000  -22.5000    7.5000 2349.4924   12.5816
    7.5000  -22.5000    7.5000 2329.5740   12.8585
   -7.5000  -15.0000    7.5000 2452.5154   11.3923
    0.0000  -15.0000    7.5000 2474.0657   11.2259
    7.5000  -15.0000    7.5000 2450.4451   11.4776
   -7.5000   -7.5000    7.5000 2585.4072   10.4092
    0.0000   -7.5000    7.5000 2610.1985   10.2383
    7.5000   -7.5000    7.5000 2582.3223   10.4693
   -7.5000    0.0000    7.5000 2705.9851    9.7253
    0.0000    0.0000    7.5000 2733.5933    9.5515
    7.5000    0.0000    7.5000 2699.7324    9.7734
   -7.5000    7.5000    7.5000 2811.6104    9.3319
    0.0000    7.5000    7.5000 2843.6577    9.1893
    7.5000    7.5000    7.5000 2803.2256    9.3647
   -7.5000   15.0000    7.5000 2889.4604    9.1328
    0.0000   15.0000    7.5000 2932.6860    9.0009
    7.5000   15.0000    7.5000 2879.1782    9.1589
   -7.5000   22.5000    7.5000 2927.1003    9.1127
    0.0000   22.5000    7.5000 2970.6519    8.9688
    7.5000   22.5000    7.5000 2916.0815    9.1260
   -7.5000   30.0000    7.5000 2877.5479    9.3447
    0.0000   30.0000    7.5000 2925.0430    9.2279
    7.5000   30.0000    7.5000 2879.7896    9.3428
   -7.5000   37.5000    7.5000 2791.0513    9.7050
    0.0000   37.5000    7.5000 2828.9531    9.5948
    7.5000   37.5000    7.5000 2788.4211    9.7256
   -7.5000   45.0000    7.5000 2668.5847   10.3138
    0.0000   45.0000    7.5000 2690.1431   10.2136
    7.5000   45.0000    7.5000 2662.1423   10.3353
   -7.5000  -45.0000   15.0000 1868.0223   19.8842
    0.0000  -45.0000   15.0000 1881.8606   19.6731
    7.5000  -45.0000   15.0000 1862.7146   19.9651
   -7.5000  -37.5000   15.0000 2034.8328   17.1035
    0.0000  -37.5000   15.0000 2055.0093   16.8982
    7.5000  -37.5000   15.0000 2030.7148   17.1730
   -7.5000  -30.0000   15.0000 2175.7957   14.8551
    0.0000  -30.0000   15.0000 2200.0208   14.6663
    7.5000  -30.0000   15.0000 2179.1272   14.9393
   -7.5000  -22.5000   15.0000 2306.3906   13.0832
    0.0000  -22.5000   15.0000 2327.1902   12.8940
    7.5000  -22.5000   15.0000 2307.4988   13.1583
   -7.5000  -15.0000   15.0000 2423.0720   11.7342
    0.0000  -15.0000   15.0000 2450.3047   11.5644
    7.5000  -15.0000   15.0000 2425.7581   11.7944
   -7.5000   -7.5000   15.0000 2549.6680   10.7470
    0.0000   -7.5000   15.0000 2575.2068   10.5748
    7.5000   -7.5000   15.0000 2549.3538   10.7878
   -7.5000    0.0000   15.0000 2665.2681   10.0617
    0.0000    0.0000   15.0000 2692.2280    9.9024
    7.5000    0.0000   15.0000 2664.1003   10.0942
   -7.5000    7.5000   15.0000 2765.3225    9.6422
    0.0000    7.5000   15.0000 2796.6309    9.5033
    7.5000    7.5000   15.0000 2764.0088    9.6703
   -7.5000   15.0000   15.0000 2830.2766    9.3951
    0.0000   15.0000   15.0000 2871.9653    9.2445
    7.5000   15.0000   15.0000 2823.7825    9.4226
   -7.5000   22.5000   15.0000 2860.1877    9.3689
    0.0000   22.5000   15.0000 2893.5259    9.2329
    7.5000   22.5000   15.0000 2849.1746    9.3821
   -7.5000   30.0000   15.0000 2818.4792    9.5825
    0.0000   30.0000   15.0000 2849.6909    9.4781
    7.5000   30.0000   15.0000 2811.0581    9.5898
   -7.5000   37.5000   15.0000 2737.0405    9.9835
    0.0000   37.5000   15.0000 2771.3457    9.8700
    7.5000   37.5000   15.0000 2732.9561    9.9915
   -7.5000   45.0000   15.0000 2615.7996   10.6056
    0.0000   45.0000   15.0000 2641.1177   10.4825
    7.5000   45.0000   15.0000 2614.2803   10.6082
   -7.5000  -45.0000   22.5000 1818.4259   20.6494
    0.0000  -45.0000   22.5000 1827.4662   20.4499
    7.5000  -45.0000   22.5000 1816.4808   20.7717
   -7.5000  -37.5000   22.5000 1984.7401   17.7165
    0.0000  -37.5000   22.5000 2000.6714   17.5499
    7.5000  -37.5000   22.5000 1986.2101   17.7858
   -7.5000  -30.0000   22.5000 2133.2310   15.4029
    0.0000  -30.0000   22.5000 2152.4968   15.2499
    7.5000  -30.0000   22.5000 2137.7571   15.4991
   -7.5000  -22.5000   22.5000 2267.6514   13.6163
    0.0000  -22.5000   22.5000 2288.4802   13.4621
    7.5000  -22.5000   22.5000 2267.5459   13.6753
   -7.5000  -15.0000   22.5000 2388.2229   12.2540
    0.0000  -15.0000   22.5000 2415.7234   12.0752
    7.5000  -15.0000   22.5000 2389.0842   12.2855
   -7.5000   -7.5000   22.5000 2503.1555   11.2422
    0.0000   -7.5000   22.5000 2532.3997   11.0754
    7.5000   -7.5000   22.5000 2503.4578   11.2666
   -7.5000    0.0000   22.5000 2613.6082   10.5325
    0.0000    0.0000   22.5000 2642.7688   10.3865
    7.5000    0.0000   22.5000 2613.4646   10.5626
   -7.5000    7.5000   22.5000 2702.4971   10.0913
    0.0000    7.5000   22.5000 2735.7825    9.9433
    7.5000    7.5000   22.5000 2702.7881   10.1216
   -7.5000   15.0000   22.5000 2752.5173    9.8295
    0.0000   15.0000   22.5000 2791.1401    9.6653
    7.5000   15.0000   22.5000 2750.2312    9.8602
   -7.5000   22.5000   22.5000 2770.5364    9.8056
    0.0000   22.5000   22.5000 2800.4363    9.6514
    7.5000   22.5000   22.5000 2763.1455    9.8312
   -7.5000   30.0000   22.5000 2727.3027    9.9942
    0.0000   30.0000   22.5000 2754.8721    9.8699
    7.5000   30.0000   22.5000 2720.5366   10.0138
   -7.5000   37.5000   22.5000 2656.1387   10.3864
    0.0000   37.5000   22.5000 2683.4307   10.2685
    7.5000   37.5000   22.5000 2653.8071   10.4112
   -7.5000   45.0000   22.5000 2547.4089   11.0165
    0.0000   45.0000   22.5000 2572.9624   10.8836
    7.5000   45.0000   22.5000 2548.0986   11.0304
   -7.5000  -45.0000   30.0000 1763.3704   21.8221
    0.0000  -45.0000   30.0000 1766.4865   21.6298
    7.5000  -45.0000   30.0000 1758.8588   21.9841
   -7.5000  -37.5000   30.0000 1928.3950   18.6731
    0.0000  -37.5000   30.0000 1937.8583   18.4993
    7.5000  -37.5000   30.0000 1928.9388   18.7585
   -7.5000  -30.0000   30.0000 2080.1248   16.2348
    0.0000  -30.0000   30.0000 2096.0408   16.0633
    7.5000  -30.0000   30.0000 2082.4307   16.2957
   -7.5000  -22.5000   30.0000 2215.5164   14.3587
    0.0000  -22.5000   30.0000 2239.3352   14.1876
    7.5000  -22.5000   30.0000 2216.5547   14.3847
   -7.5000  -15.0000   30.0000 2332.7964   12.9342
    0.0000  -15.0000   30.0000 2362.7036   12.7641
    7.5000  -15.0000   30.0000 2335.8586   12.9526
   -7.5000   -7.5000   30.0000 2444.5884   11.8912
    0.0000   -7.5000   30.0000 2475.7830   11.7420
    7.5000   -7.5000   30.0000 2446.5530   11.9150
   -7.5000    0.0000   30.0000 2542.9148   11.1776
    0.0000    0.0000   30.0000 2574.8079   11.0199
    7.5000    0.0000   30.0000 2546.6038   11.2051
   -7.5000    7.5000   30.0000 2616.2273   10.7183
    0.0000    7.5000   30.0000 2659.7915   10.5640
    7.5000    7.5000   30.0000 2625.2166   10.7324
   -7.5000   15.0000   30.0000 2661.7854   10.4488
    0.0000   15.0000   30.0000 2697.0059   10.2998
    7.5000   15.0000   30.0000 2666.3079   10.4716
   -7.5000   22.5000   30.0000 2662.9712   10.4177
    0.0000   22.5000   30.0000 2692.1399   10.2619
    7.5000   22.5000   30.0000 2663.8982   10.4363
   -7.5000   30.0000   30.0000 2622.2947   10.5704
    0.0000   30.0000   30.0000 2648.9780   10.4423
    7.5000   30.0000   30.0000 2623.0728   10.5866
   -7.5000   37.5000   30.0000 2558.0984   10.9394
    0.0000   37.5000   30.0000 2584.4722   10.8233
    7.5000   37.5000   30.0000 2558.1199   10.9614
   -7.5000   45.0000   30.0000 2465.2966   11.5563
    0.0000   45.0000   30.0000 2493.1785   11.4289
    7.5000   45.0000   30.0000 2466.8801   11.5820
   -7.5000  -45.0000   37.5000 1703.3496   23.3730
    0.0000  -45.0000   37.5000 1712.3237   23.1786
    7.5000  -45.0000   37.5000 1698.5491   23.5647
   -7.5000  -37.5000   37.5000 1868.2822   19.9340
    0.0000  -37.5000   37.5000 1881.2693   19.7859
    7.5000  -37.5000   37.5000 1867.9381   20.0597
   -7.5000  -30.0000   37.5000 2017.9420   17.3513
    0.0000  -30.0000   37.5000 2033.0436   17.1589
    7.5000  -30.0000   37.5000 2019.0458   17.3724
   -7.5000  -22.5000   37.5000 2152.7534   15.3566
    0.0000  -22.5000   37.5000 2177.7676   15.1961
    7.5000  -22.5000   37.5000 2155.6982   15.3610
   -7.5000  -15.0000   37.5000 2267.0137   13.8478
    0.0000  -15.0000   37.5000 2296.2002   13.7135
    7.5000  -15.0000   37.5000 2275.0996   13.8650
   -7.5000   -7.5000   37.5000 2371.6860   12.7489
    0.0000   -7.5000   37.5000 2403.5554   12.6239
    7.5000   -7.5000   37.5000 2380.4346   12.7958
   -7.5000    0.0000   37.5000 2463.4912   12.0003
    0.0000    0.0000   37.5000 2496.1519   11.8639
    7.5000    0.0000   37.5000 2471.4685   12.0289
   -7.5000    7.5000   37.5000 2531.9097   11.5168
    0.0000    7.5000   37.5000 2565.9094   11.3701
    7.5000    7.5000   37.5000 2537.6365   11.5215
   -7.5000   15.0000   37.5000 2561.2456   11.2413
    0.0000   15.0000   37.5000 2589.6992   11.1221
    7.5000   15.0000   37.5000 2566.4697   11.2617
   -7.5000   22.5000   37.5000 2553.5405   11.2104
    0.0000   22.5000   37.5000 2580.5632   11.0823
    7.5000   22.5000   37.5000 2556.9333   11.2080
   -7.5000   30.0000   37.5000 2515.5286   11.3335
    0.0000   30.0000   37.5000 2537.9651   11.2297
    7.5000   30.0000   37.5000 2519.0095   11.3457
   -7.5000   37.5000   37.5000 2454.2825   11.6999
    0.0000   37.5000   37.5000 2478.4797   11.5927
    7.5000   37.5000   37.5000 2458.1355   11.7196
   -7.5000   45.0000   37.5000 2380.0752   12.2828
    0.0000   45.0000   37.5000 2408.7307   12.1525
    7.5000   45.0000   37.5000 2384.9375   12.2954
   -7.5000  -45.0000   45.0000 1636.0129   25.4566
    0.0000  -45.0000   45.0000 1648.1329   25.2344
    7.5000  -45.0000   45.0000 1636.1119   25.5336
   -7.5000  -37.5000   45.0000 1797.8362   21.6499
    0.0000  -37.5000   45.0000 1815.4797   21.4290
    7.5000  -37.5000   45.0000 1803.4368   21.6746
   -7.5000  -30.0000   45.0000 1944.0818   18.8428
    0.0000  -30.0000   45.0000 1960.2395   18.5935
    7.5000  -30.0000   45.0000 1951.1212   18.8005
   -7.5000  -22.5000   45.0000 2074.1074   16.6887
    0.0000  -22.5000   45.0000 2099.0664   16.4813
    7.5000  -22.5000   45.0000 2081.2378   16.6612
   -7.5000  -15.0000   45.0000 2182.8801   15.0471
    0.0000  -15.0000   45.0000 2215.8865   14.9157
    7.5000  -15.0000   45.0000 2197.2046   15.0611
   -7.5000   -7.5000   45.0000 2290.6602   13.8466
    0.0000   -7.5000   45.0000 2323.0310   13.7247
    7.5000   -7.5000   45.0000 2303.2080   13.8773
   -7.5000    0.0000   45.0000 2376.7166   13.0353
    0.0000    0.0000   45.0000 2408.8423   12.8959
    7.5000    0.0000   45.0000 2388.0161   13.0372
   -7.5000    7.5000   45.0000 2434.8760   12.5026
    0.0000    7.5000   45.0000 2461.2224   12.3666
    7.5000    7.5000   45.0000 2443.4746   12.5047
   -7.5000   15.0000   45.0000 2453.4893   12.2268
    0.0000   15.0000   45.0000 2474.5498   12.0958
    7.5000   15.0000   45.0000 2458.9692   12.2450
   -7.5000   22.5000   45.0000 2443.6628   12.1829
    0.0000   22.5000   45.0000 2467.9509   12.0656
    7.5000   22.5000   45.0000 2450.5859   12.1738
   -7.5000   30.0000   45.0000 2409.3511   12.2615
    0.0000   30.0000   45.0000 2431.1343   12.1770
    7.5000   30.0000   45.0000 2418.2747   12.2812
   -7.5000   37.5000   45.0000 2354.7131   12.6460
    0.0000   37.5000   45.0000 2378.7832   12.5614
    7.5000   37.5000   45.0000 2364.8989   12.6744
   -7.5000   45.0000   45.0000 2283.5015   13.2391
    0.0000   45.0000   45.0000 2311.4048   13.1140
    7.5000   45.0000   45.0000 2297.9246   13.2315

---------------------------------------------------------------------
imgreg_4dfp /opt/freesurfer/average/711-2C_as_mni_average_305 /opt/freesurfer/average/711-2B_as_mni_average_305_mask talsrcimg_g11 none talsrcimg_to_711-2C_as_mni_average_305_t4 1283
---------------------------------------------------------------------

freesurfer imgreg_4dfp.c
/opt/freesurfer/average/711-2C_as_mni_average_305.4dfp.img
       256       256       256         1
  1.000000  1.000000  1.000000
orientation T byte_order littleendian
Reading image: /opt/freesurfer/average/711-2C_as_mni_average_305.4dfp.img
dimensions:      256       256       256
mmppix:       1.0000   -1.0000   -1.0000
center:     128.0000 -129.0000 -129.0000
/opt/freesurfer/average/711-2B_as_mni_average_305_mask.4dfp.img
       256       256       256         1
  1.000000  1.000000  1.000000
orientation T byte_order littleendian
Reading mask: /opt/freesurfer/average/711-2B_as_mni_average_305_mask.4dfp.img (2306576 pixels)
talsrcimg_g11.4dfp.img
       256       256       256         1
  1.000000  1.000000  1.000000
orientation T byte_order littleendian
Reading image: talsrcimg_g11.4dfp.img
dimensions:      256       256       256
mmppix:       1.0000   -1.0000   -1.0000
center:     128.0000 -129.0000 -129.0000
rotation matrix determinant  1.000000
fimgreg.f
image alignment mode   1283 decimal      503 hex
parameters
    0.0000   22.5000    0.0000    0.0000    0.0000    0.0000
eta,q 0.94357  8.83504
niter,ni,del,rscale     5    3   12.0000    1.2000
parameters
   -0.7432   21.3968   -0.2523   -2.5841   -0.8637   -0.5315
eta,q 0.94529  8.73253
  0.0666  0.0631  0.0644  0.0570  0.0591  0.0571
  0.0605  0.0589  0.0595  0.0551  0.0560  0.0555
  0.0572  0.0563  0.0564  0.0550  0.0547  0.0548
  0.0570  0.0566  0.0560  0.0557  0.0549  0.0547
  0.0598  0.0597  0.0581  0.0582  0.0560  0.0551
  0.0650  0.0641  0.0614  0.0621  0.0586  0.0562
  0.0723  0.0692  0.0647  0.0652  0.0621  0.0582
niter,ni,del,rscale     4    3   12.0000    1.2000
parameters
   -0.3530   22.8652   -0.7644   -5.2708   -1.4854    0.2417
eta,q 0.94775  8.81490
  0.0702  0.0699  0.0619  0.0545  0.0577  0.0562
  0.0626  0.0624  0.0573  0.0524  0.0544  0.0542
  0.0575  0.0570  0.0544  0.0527  0.0528  0.0531
  0.0547  0.0545  0.0542  0.0540  0.0524  0.0524
  0.0554  0.0544  0.0565  0.0557  0.0536  0.0522
  0.0599  0.0565  0.0600  0.0584  0.0564  0.0529
  0.0671  0.0594  0.0639  0.0624  0.0603  0.0548
niter,ni,del,rscale     3    3   12.0000    1.2000
parameters
   -0.1215   24.6528   -1.3760   -6.9001   -1.5348    0.0974
eta,q 0.95107  8.84516
  0.0694  0.0682  0.0603  0.0547  0.0560  0.0533
  0.0612  0.0618  0.0547  0.0503  0.0522  0.0510
  0.0550  0.0556  0.0511  0.0487  0.0500  0.0496
  0.0523  0.0522  0.0514  0.0508  0.0489  0.0489
  0.0540  0.0514  0.0545  0.0539  0.0496  0.0495
  0.0595  0.0532  0.0585  0.0567  0.0524  0.0511
  0.0671  0.0567  0.0630  0.0603  0.0564  0.0541
niter,ni,del,rscale     2    3   12.0000    1.2000
parameters
   -0.0800   25.3404   -1.5773   -7.4105   -1.5216   -0.0739
eta,q 0.95152  8.84386
  0.0671  0.0646  0.0603  0.0566  0.0557  0.0532
  0.0575  0.0591  0.0542  0.0526  0.0520  0.0506
  0.0509  0.0523  0.0494  0.0487  0.0497  0.0490
  0.0489  0.0489  0.0490  0.0489  0.0485  0.0485
  0.0518  0.0501  0.0519  0.0516  0.0491  0.0492
  0.0579  0.0535  0.0560  0.0552  0.0518  0.0509
  0.0658  0.0599  0.0607  0.0584  0.0559  0.0539
niter,ni,del,rscale     1    3   12.0000    1.2000
parameters
   -0.0333   25.5380   -1.6712   -7.6131   -1.5501   -0.1309
eta,q 0.95162  8.84370
  0.0666  0.0636  0.0604  0.0573  0.0555  0.0534
  0.0569  0.0575  0.0542  0.0534  0.0518  0.0507
  0.0504  0.0507  0.0492  0.0492  0.0495  0.0490
  0.0485  0.0485  0.0486  0.0485  0.0484  0.0484
  0.0513  0.0504  0.0512  0.0508  0.0491  0.0490
  0.0573  0.0549  0.0553  0.0545  0.0518  0.0507
  0.0652  0.0625  0.0601  0.0578  0.0559  0.0536
registration optimization eta report
parameter search radius
    6.0000    6.0000    6.0000    6.0000    6.0000    6.0000
100000*second partial in parameter space
       47.       40.       32.       24.       20.       14.
  0.0666  0.0636  0.0604  0.0573  0.0555  0.0534
  0.0569  0.0575  0.0542  0.0534  0.0518  0.0507
  0.0504  0.0507  0.0492  0.0492  0.0495  0.0490
  0.0485  0.0485  0.0486  0.0485  0.0484  0.0484
  0.0513  0.0504  0.0512  0.0508  0.0491  0.0490
  0.0573  0.0549  0.0553  0.0545  0.0518  0.0507
  0.0652  0.0625  0.0601  0.0578  0.0559  0.0536
   -0.0333   25.5380   -1.6712   -7.6131   -1.5501   -0.1309
eta,q 0.95162  8.84370

---------------------------------------------------------------------
imgreg_4dfp /opt/freesurfer/average/711-2C_as_mni_average_305 /opt/freesurfer/average/711-2B_as_mni_average_305_mask talsrcimg_g11 none talsrcimg_to_711-2C_as_mni_average_305_t4 3335
---------------------------------------------------------------------

freesurfer imgreg_4dfp.c
/opt/freesurfer/average/711-2C_as_mni_average_305.4dfp.img
       256       256       256         1
  1.000000  1.000000  1.000000
orientation T byte_order littleendian
Reading image: /opt/freesurfer/average/711-2C_as_mni_average_305.4dfp.img
dimensions:      256       256       256
mmppix:       1.0000   -1.0000   -1.0000
center:     128.0000 -129.0000 -129.0000
/opt/freesurfer/average/711-2B_as_mni_average_305_mask.4dfp.img
       256       256       256         1
  1.000000  1.000000  1.000000
orientation T byte_order littleendian
Reading mask: /opt/freesurfer/average/711-2B_as_mni_average_305_mask.4dfp.img (2306576 pixels)
talsrcimg_g11.4dfp.img
       256       256       256         1
  1.000000  1.000000  1.000000
orientation T byte_order littleendian
Reading image: talsrcimg_g11.4dfp.img
dimensions:      256       256       256
mmppix:       1.0000   -1.0000   -1.0000
center:     128.0000 -129.0000 -129.0000
fimgreg.f
image alignment mode   3335 decimal      D07 hex
parameters
   -0.0333   25.5380   -1.6712   -0.0369   -0.8809   -0.9178
   -0.1318    2.7114   -0.2285   13.2422   -2.7050  -13.2435
eta,q 0.95115  8.86172
niter,ni,del,rscale     5    3    5.0000    1.2000
parameter  4  1.605386 ->  0.500000 qaram    1.1500
parameter  5  2.412229 ->  0.500000 qaram    1.1500
parameter  6  1.100535 ->  0.500000 qaram    1.1500
parameters
   -0.1511   25.4848   -1.8947   -4.1769   -5.0209   -5.0578
   -1.6154    3.8251    0.9678    9.7661   -2.7582  -13.9452
eta,q 0.96674  8.35347
  0.0517  0.0505  0.0505  0.0418  0.0359  0.0335  0.0363  0.0406  0.0365  0.0345  0.0347  0.0347
  0.0501  0.0495  0.0495  0.0432  0.0379  0.0342  0.0350  0.0378  0.0354  0.0335  0.0339  0.0338
  0.0491  0.0489  0.0489  0.0455  0.0407  0.0359  0.0345  0.0357  0.0346  0.0333  0.0334  0.0333
  0.0488  0.0488  0.0488  0.0488  0.0437  0.0386  0.0346  0.0344  0.0342  0.0342  0.0333  0.0333
  0.0493  0.0491  0.0492  0.0529  0.0470  0.0427  0.0354  0.0344  0.0342  0.0358  0.0335  0.0336
  0.0505  0.0496  0.0500  0.0575  0.0509  0.0474  0.0367  0.0356  0.0346  0.0379  0.0340  0.0343
  0.0523  0.0506  0.0511  0.0624  0.0554  0.0527  0.0384  0.0380  0.0354  0.0404  0.0348  0.0353
niter,ni,del,rscale     7    3    5.0000    1.2000
parameter  4  0.620735 ->  0.500000 qaram    1.3225
parameter  5  0.950269 ->  0.500000 qaram    1.3225
parameter  6  0.583081 ->  0.500000 qaram    1.3225
parameters
   -0.0384   25.6625   -2.2410   -8.9379   -9.7819   -9.8188
   -1.5565    3.8797    1.1208    9.8110   -4.1050  -14.6762
eta,q 0.97249  7.78787
  0.0374  0.0363  0.0347  0.0320  0.0285  0.0277  0.0303  0.0314  0.0295  0.0308  0.0281  0.0286
  0.0353  0.0347  0.0338  0.0317  0.0287  0.0275  0.0289  0.0294  0.0285  0.0291  0.0277  0.0280
  0.0338  0.0337  0.0333  0.0319  0.0298  0.0280  0.0279  0.0281  0.0278  0.0280  0.0275  0.0276
  0.0333  0.0333  0.0333  0.0332  0.0317  0.0289  0.0276  0.0276  0.0276  0.0276  0.0276  0.0275
  0.0336  0.0335  0.0337  0.0358  0.0344  0.0307  0.0279  0.0279  0.0277  0.0279  0.0278  0.0278
  0.0348  0.0342  0.0346  0.0397  0.0380  0.0343  0.0288  0.0292  0.0283  0.0290  0.0282  0.0284
  0.0367  0.0355  0.0359  0.0445  0.0420  0.0395  0.0302  0.0314  0.0294  0.0308  0.0287  0.0292
niter,ni,del,rscale     7    3    5.0000    1.2000
parameters
    0.1531   25.8146   -2.2836  -10.8801  -13.9877  -11.8168
   -1.9227    4.1331    1.0666    9.6208   -3.6425  -15.4565
eta,q 0.97323  7.44181
  0.0311  0.0304  0.0290  0.0293  0.0279  0.0292  0.0288  0.0305  0.0284  0.0295  0.0278  0.0278
  0.0293  0.0289  0.0282  0.0282  0.0272  0.0277  0.0277  0.0287  0.0275  0.0279  0.0273  0.0272
  0.0280  0.0279  0.0276  0.0276  0.0270  0.0269  0.0270  0.0274  0.0270  0.0270  0.0269  0.0268
  0.0275  0.0275  0.0274  0.0275  0.0275  0.0270  0.0268  0.0268  0.0268  0.0268  0.0268  0.0268
  0.0277  0.0276  0.0277  0.0279  0.0291  0.0280  0.0272  0.0271  0.0270  0.0272  0.0268  0.0270
  0.0286  0.0284  0.0282  0.0297  0.0315  0.0295  0.0280  0.0282  0.0276  0.0282  0.0271  0.0275
  0.0302  0.0298  0.0291  0.0331  0.0353  0.0327  0.0292  0.0301  0.0285  0.0297  0.0276  0.0283
niter,ni,del,rscale     6    3    5.0000    1.2000
parameters
    0.1795   26.0753   -2.3736  -11.3662  -14.8035  -12.0512
   -2.0348    4.1573    0.9268    9.9069   -3.5367  -15.7003
eta,q 0.97322  7.38158
  0.0296  0.0296  0.0281  0.0291  0.0292  0.0303  0.0289  0.0302  0.0284  0.0298  0.0277  0.0279
  0.0281  0.0282  0.0273  0.0276  0.0278  0.0284  0.0277  0.0285  0.0275  0.0281  0.0272  0.0273
  0.0271  0.0272  0.0269  0.0269  0.0270  0.0272  0.0270  0.0273  0.0270  0.0271  0.0269  0.0269
  0.0268  0.0268  0.0267  0.0267  0.0267  0.0268  0.0268  0.0268  0.0268  0.0268  0.0268  0.0268
  0.0271  0.0269  0.0270  0.0269  0.0270  0.0274  0.0271  0.0271  0.0270  0.0271  0.0269  0.0269
  0.0280  0.0275  0.0275  0.0277  0.0284  0.0287  0.0278  0.0284  0.0276  0.0279  0.0272  0.0274
  0.0295  0.0286  0.0283  0.0299  0.0305  0.0306  0.0289  0.0303  0.0285  0.0292  0.0276  0.0281
niter,ni,del,rscale     5    3    5.0000    1.2000
parameters
    0.1880   26.1591   -2.4253  -11.5027  -14.8750  -12.0813
   -2.0698    4.1805    0.9002   10.0362   -3.5227  -15.7880
eta,q 0.97321  7.37322
  0.0296  0.0292  0.0282  0.0293  0.0296  0.0304  0.0289  0.0302  0.0284  0.0296  0.0277  0.0280
  0.0281  0.0279  0.0274  0.0277  0.0281  0.0285  0.0277  0.0285  0.0275  0.0280  0.0272  0.0273
  0.0271  0.0271  0.0269  0.0269  0.0272  0.0273  0.0270  0.0273  0.0270  0.0270  0.0269  0.0269
  0.0268  0.0268  0.0268  0.0268  0.0268  0.0268  0.0268  0.0268  0.0268  0.0268  0.0268  0.0268
  0.0271  0.0270  0.0270  0.0269  0.0269  0.0273  0.0271  0.0271  0.0270  0.0272  0.0269  0.0269
  0.0280  0.0277  0.0275  0.0276  0.0280  0.0286  0.0278  0.0284  0.0276  0.0280  0.0272  0.0274
  0.0295  0.0288  0.0282  0.0296  0.0299  0.0304  0.0289  0.0303  0.0284  0.0293  0.0277  0.0280
niter,ni,del,rscale     4    3    5.0000    1.2000
parameters
    0.1911   26.1819   -2.4438  -11.5163  -14.8898  -12.0746
   -2.0732    4.1890    0.9012   10.0780   -3.5277  -15.8342
eta,q 0.97321  7.37294
  0.0296  0.0290  0.0282  0.0294  0.0296  0.0304  0.0289  0.0302  0.0284  0.0296  0.0277  0.0280
  0.0280  0.0278  0.0274  0.0278  0.0281  0.0286  0.0278  0.0285  0.0276  0.0280  0.0272  0.0273
  0.0271  0.0270  0.0269  0.0269  0.0272  0.0273  0.0270  0.0273  0.0270  0.0270  0.0269  0.0269
  0.0268  0.0268  0.0268  0.0268  0.0268  0.0268  0.0268  0.0268  0.0268  0.0268  0.0268  0.0268
  0.0271  0.0270  0.0270  0.0269  0.0269  0.0273  0.0271  0.0272  0.0270  0.0272  0.0269  0.0269
  0.0280  0.0278  0.0275  0.0276  0.0279  0.0286  0.0278  0.0284  0.0275  0.0280  0.0272  0.0274
  0.0295  0.0289  0.0282  0.0295  0.0298  0.0304  0.0289  0.0303  0.0284  0.0294  0.0277  0.0280
registration optimization eta report
parameter search radius
    2.4000    2.4000    2.4000    9.5220    9.5220    9.5220
    7.2000    7.2000    7.2000    7.2000    7.2000    7.2000
100000*second partial in parameter space
       48.       38.       25.        3.        3.        4.
        4.        7.        3.        5.        2.        2.
  0.0296  0.0290  0.0282  0.0294  0.0296  0.0304  0.0289  0.0302  0.0284  0.0296  0.0277  0.0280
  0.0280  0.0278  0.0274  0.0278  0.0281  0.0286  0.0278  0.0285  0.0276  0.0280  0.0272  0.0273
  0.0271  0.0270  0.0269  0.0269  0.0272  0.0273  0.0270  0.0273  0.0270  0.0270  0.0269  0.0269
  0.0268  0.0268  0.0268  0.0268  0.0268  0.0268  0.0268  0.0268  0.0268  0.0268  0.0268  0.0268
  0.0271  0.0270  0.0270  0.0269  0.0269  0.0273  0.0271  0.0272  0.0270  0.0272  0.0269  0.0269
  0.0280  0.0278  0.0275  0.0276  0.0279  0.0286  0.0278  0.0284  0.0275  0.0280  0.0272  0.0274
  0.0295  0.0289  0.0282  0.0295  0.0298  0.0304  0.0289  0.0303  0.0284  0.0294  0.0277  0.0280
    0.1911   26.1819   -2.4438  -11.5163  -14.8898  -12.0746
   -2.0732    4.1890    0.9012   10.0780   -3.5277  -15.8342
eta,q 0.97321  7.37294

---------------------------------------------------------------------
imgreg_4dfp /opt/freesurfer/average/711-2C_as_mni_average_305 /opt/freesurfer/average/711-2B_as_mni_average_305_mask talsrcimg_g11 none talsrcimg_to_711-2C_as_mni_average_305_t4 2311
---------------------------------------------------------------------

freesurfer imgreg_4dfp.c
/opt/freesurfer/average/711-2C_as_mni_average_305.4dfp.img
       256       256       256         1
  1.000000  1.000000  1.000000
orientation T byte_order littleendian
Reading image: /opt/freesurfer/average/711-2C_as_mni_average_305.4dfp.img
dimensions:      256       256       256
mmppix:       1.0000   -1.0000   -1.0000
center:     128.0000 -129.0000 -129.0000
/opt/freesurfer/average/711-2B_as_mni_average_305_mask.4dfp.img
       256       256       256         1
  1.000000  1.000000  1.000000
orientation T byte_order littleendian
Reading mask: /opt/freesurfer/average/711-2B_as_mni_average_305_mask.4dfp.img (2306576 pixels)
talsrcimg_g11.4dfp.img
       256       256       256         1
  1.000000  1.000000  1.000000
orientation T byte_order littleendian
Reading image: talsrcimg_g11.4dfp.img
dimensions:      256       256       256
mmppix:       1.0000   -1.0000   -1.0000
center:     128.0000 -129.0000 -129.0000
fimgreg.f
image alignment mode   2311 decimal      907 hex
parameters
    0.1911   26.1819   -2.4438  -11.5163  -14.8898  -12.0746
   -2.0732    4.1890    0.9012   10.0780   -3.5277  -15.8342
eta,q 0.97321  7.37294
niter,ni,del,rscale     5    3    5.0000    0.8000
parameters
    0.1923   26.1696   -2.4625  -11.4265  -14.1606  -12.1484
   -2.1052    4.2813    0.9308    9.8705   -3.5364  -15.7926
eta,q 0.97326  7.40313
  0.0281  0.0278  0.0274  0.0273  0.0276  0.0278  0.0278  0.0285  0.0275  0.0279  0.0271  0.0273
  0.0274  0.0272  0.0271  0.0269  0.0272  0.0273  0.0272  0.0276  0.0271  0.0272  0.0269  0.0270
  0.0269  0.0269  0.0268  0.0268  0.0269  0.0269  0.0269  0.0270  0.0269  0.0268  0.0268  0.0268
  0.0268  0.0268  0.0268  0.0268  0.0268  0.0268  0.0268  0.0268  0.0268  0.0268  0.0267  0.0267
  0.0269  0.0269  0.0269  0.0268  0.0268  0.0269  0.0269  0.0269  0.0268  0.0270  0.0268  0.0268
  0.0274  0.0273  0.0271  0.0270  0.0269  0.0273  0.0272  0.0275  0.0271  0.0274  0.0269  0.0270
  0.0280  0.0278  0.0274  0.0272  0.0273  0.0279  0.0278  0.0284  0.0275  0.0281  0.0272  0.0273
niter,ni,del,rscale     4    3    5.0000    0.7000
parameters
    0.2010   26.1271   -2.5057  -11.1966  -14.0767  -12.2079
   -2.0963    4.2830    0.9462    9.7841   -3.5471  -15.7971
eta,q 0.97326  7.41392
  0.0277  0.0275  0.0272  0.0271  0.0273  0.0276  0.0275  0.0280  0.0274  0.0277  0.0270  0.0272
  0.0272  0.0271  0.0269  0.0269  0.0270  0.0271  0.0271  0.0274  0.0270  0.0271  0.0269  0.0269
  0.0269  0.0268  0.0268  0.0268  0.0268  0.0269  0.0268  0.0269  0.0268  0.0268  0.0268  0.0268
  0.0267  0.0267  0.0267  0.0267  0.0267  0.0267  0.0267  0.0267  0.0267  0.0267  0.0267  0.0267
  0.0269  0.0268  0.0268  0.0268  0.0267  0.0268  0.0268  0.0269  0.0268  0.0269  0.0268  0.0268
  0.0272  0.0271  0.0270  0.0268  0.0269  0.0272  0.0271  0.0273  0.0270  0.0272  0.0269  0.0269
  0.0277  0.0276  0.0273  0.0270  0.0273  0.0277  0.0275  0.0280  0.0273  0.0277  0.0270  0.0272
niter,ni,del,rscale     3    3    5.0000    0.6000
parameters
    0.1992   26.1180   -2.5191  -11.2187  -13.9795  -12.2297
   -2.1122    4.2918    0.9514    9.7407   -3.5110  -15.7577
eta,q 0.97326  7.41553
  0.0275  0.0273  0.0271  0.0269  0.0271  0.0274  0.0273  0.0277  0.0272  0.0274  0.0270  0.0271
  0.0271  0.0270  0.0269  0.0268  0.0269  0.0271  0.0270  0.0272  0.0269  0.0270  0.0268  0.0269
  0.0268  0.0268  0.0268  0.0267  0.0268  0.0268  0.0268  0.0269  0.0268  0.0268  0.0268  0.0268
  0.0267  0.0267  0.0267  0.0267  0.0267  0.0267  0.0267  0.0267  0.0267  0.0267  0.0267  0.0267
  0.0268  0.0268  0.0268  0.0268  0.0267  0.0268  0.0268  0.0268  0.0268  0.0268  0.0268  0.0268
  0.0271  0.0270  0.0269  0.0268  0.0269  0.0270  0.0270  0.0272  0.0269  0.0271  0.0268  0.0269
  0.0275  0.0273  0.0271  0.0269  0.0271  0.0274  0.0273  0.0277  0.0272  0.0274  0.0270  0.0270
niter,ni,del,rscale     2    3    5.0000    0.5000
parameters
    0.1955   26.1094   -2.5276  -11.2581  -13.8747  -12.2227
   -2.1270    4.3082    0.9375    9.7189   -3.4843  -15.7209
eta,q 0.97327  7.41787
  0.0272  0.0271  0.0270  0.0269  0.0270  0.0272  0.0271  0.0274  0.0270  0.0272  0.0269  0.0270
  0.0270  0.0269  0.0268  0.0268  0.0269  0.0270  0.0269  0.0271  0.0269  0.0269  0.0268  0.0268
  0.0268  0.0268  0.0268  0.0267  0.0268  0.0268  0.0268  0.0268  0.0268  0.0268  0.0268  0.0268
  0.0267  0.0267  0.0267  0.0267  0.0267  0.0267  0.0267  0.0267  0.0267  0.0267  0.0267  0.0267
  0.0268  0.0268  0.0268  0.0268  0.0267  0.0268  0.0268  0.0268  0.0268  0.0268  0.0268  0.0268
  0.0270  0.0269  0.0269  0.0268  0.0268  0.0269  0.0269  0.0270  0.0269  0.0270  0.0268  0.0268
  0.0272  0.0272  0.0270  0.0269  0.0270  0.0272  0.0271  0.0274  0.0271  0.0272  0.0269  0.0270
niter,ni,del,rscale     1    3    5.0000    0.4000
parameters
    0.1976   26.1043   -2.5342  -11.2863  -13.7751  -12.1989
   -2.1267    4.3118    0.9279    9.6947   -3.4836  -15.6648
eta,q 0.97327  7.42121
  0.0271  0.0270  0.0269  0.0268  0.0269  0.0270  0.0270  0.0272  0.0269  0.0271  0.0268  0.0269
  0.0269  0.0269  0.0268  0.0268  0.0268  0.0269  0.0269  0.0269  0.0268  0.0269  0.0268  0.0268
  0.0268  0.0268  0.0268  0.0267  0.0268  0.0268  0.0268  0.0268  0.0268  0.0268  0.0267  0.0268
  0.0267  0.0267  0.0267  0.0267  0.0267  0.0267  0.0267  0.0267  0.0267  0.0267  0.0267  0.0267
  0.0268  0.0268  0.0268  0.0267  0.0267  0.0268  0.0268  0.0268  0.0267  0.0268  0.0267  0.0267
  0.0269  0.0269  0.0268  0.0268  0.0268  0.0269  0.0268  0.0269  0.0268  0.0269  0.0268  0.0268
  0.0271  0.0270  0.0269  0.0268  0.0269  0.0270  0.0270  0.0272  0.0269  0.0271  0.0268  0.0269
registration optimization eta report
parameter search radius
    0.8000    0.8000    0.8000    2.4000    2.4000    2.4000
    2.4000    2.4000    2.4000    2.4000    2.4000    2.4000
100000*second partial in parameter space
       51.       42.       25.        1.        3.        5.
        5.        8.        4.        6.        2.        2.
  0.0271  0.0270  0.0269  0.0268  0.0269  0.0270  0.0270  0.0272  0.0269  0.0271  0.0268  0.0269
  0.0269  0.0269  0.0268  0.0268  0.0268  0.0269  0.0269  0.0269  0.0268  0.0269  0.0268  0.0268
  0.0268  0.0268  0.0268  0.0267  0.0268  0.0268  0.0268  0.0268  0.0268  0.0268  0.0267  0.0268
  0.0267  0.0267  0.0267  0.0267  0.0267  0.0267  0.0267  0.0267  0.0267  0.0267  0.0267  0.0267
  0.0268  0.0268  0.0268  0.0267  0.0267  0.0268  0.0268  0.0268  0.0267  0.0268  0.0267  0.0267
  0.0269  0.0269  0.0268  0.0268  0.0268  0.0269  0.0268  0.0269  0.0268  0.0269  0.0268  0.0268
  0.0271  0.0270  0.0269  0.0268  0.0269  0.0270  0.0270  0.0272  0.0269  0.0271  0.0268  0.0269
    0.1976   26.1043   -2.5342  -11.2863  -13.7751  -12.1989
   -2.1267    4.3118    0.9279    9.6947   -3.4836  -15.6648
eta,q 0.97327  7.42121

---------------------------------------------------------------------
imgreg_4dfp /opt/freesurfer/average/711-2C_as_mni_average_305 /opt/freesurfer/average/711-2B_as_mni_average_305_mask talsrcimg_g11 none talsrcimg_to_711-2C_as_mni_average_305_t4 2311
---------------------------------------------------------------------

freesurfer imgreg_4dfp.c
/opt/freesurfer/average/711-2C_as_mni_average_305.4dfp.img
       256       256       256         1
  1.000000  1.000000  1.000000
orientation T byte_order littleendian
Reading image: /opt/freesurfer/average/711-2C_as_mni_average_305.4dfp.img
dimensions:      256       256       256
mmppix:       1.0000   -1.0000   -1.0000
center:     128.0000 -129.0000 -129.0000
/opt/freesurfer/average/711-2B_as_mni_average_305_mask.4dfp.img
       256       256       256         1
  1.000000  1.000000  1.000000
orientation T byte_order littleendian
Reading mask: /opt/freesurfer/average/711-2B_as_mni_average_305_mask.4dfp.img (2306576 pixels)
talsrcimg_g11.4dfp.img
       256       256       256         1
  1.000000  1.000000  1.000000
orientation T byte_order littleendian
Reading image: talsrcimg_g11.4dfp.img
dimensions:      256       256       256
mmppix:       1.0000   -1.0000   -1.0000
center:     128.0000 -129.0000 -129.0000
fimgreg.f
image alignment mode   2311 decimal      907 hex
parameters
    0.1976   26.1043   -2.5342  -11.2863  -13.7751  -12.1989
   -2.1267    4.3118    0.9279    9.6947   -3.4836  -15.6648
eta,q 0.97327  7.42121
niter,ni,del,rscale     5    3    5.0000    0.8000
parameters
    0.2044   26.1006   -2.5151  -11.0381  -14.1695  -12.2232
   -2.0730    4.2438    0.9335    9.7696   -3.5551  -15.8407
eta,q 0.97326  7.41647
  0.0280  0.0278  0.0274  0.0272  0.0273  0.0278  0.0278  0.0283  0.0275  0.0281  0.0271  0.0273
  0.0273  0.0272  0.0270  0.0269  0.0270  0.0273  0.0272  0.0275  0.0271  0.0273  0.0269  0.0270
  0.0269  0.0268  0.0268  0.0268  0.0268  0.0269  0.0269  0.0269  0.0268  0.0269  0.0268  0.0268
  0.0267  0.0267  0.0267  0.0267  0.0267  0.0267  0.0267  0.0267  0.0267  0.0267  0.0267  0.0267
  0.0269  0.0269  0.0268  0.0268  0.0268  0.0269  0.0269  0.0269  0.0268  0.0269  0.0268  0.0268
  0.0273  0.0272  0.0270  0.0269  0.0271  0.0273  0.0272  0.0275  0.0271  0.0273  0.0269  0.0270
  0.0280  0.0278  0.0274  0.0271  0.0277  0.0279  0.0277  0.0285  0.0275  0.0279  0.0272  0.0273
niter,ni,del,rscale     4    3    5.0000    0.7000
parameters
    0.1956   26.1190   -2.5174  -11.2147  -14.0904  -12.2443
   -2.0932    4.2728    0.9519    9.7792   -3.5529  -15.7958
eta,q 0.97326  7.41102
  0.0277  0.0276  0.0272  0.0270  0.0273  0.0276  0.0275  0.0280  0.0274  0.0277  0.0270  0.0272
  0.0272  0.0271  0.0270  0.0268  0.0270  0.0272  0.0271  0.0274  0.0270  0.0272  0.0269  0.0269
  0.0269  0.0268  0.0268  0.0267  0.0268  0.0269  0.0268  0.0269  0.0268  0.0268  0.0268  0.0268
  0.0267  0.0267  0.0267  0.0267  0.0267  0.0267  0.0267  0.0267  0.0267  0.0267  0.0267  0.0267
  0.0269  0.0268  0.0268  0.0268  0.0267  0.0268  0.0268  0.0269  0.0268  0.0269  0.0268  0.0268
  0.0272  0.0271  0.0270  0.0269  0.0269  0.0272  0.0271  0.0273  0.0270  0.0272  0.0269  0.0269
  0.0277  0.0275  0.0272  0.0271  0.0273  0.0276  0.0275  0.0280  0.0273  0.0277  0.0270  0.0272
niter,ni,del,rscale     3    3    5.0000    0.6000
parameters
    0.1932   26.1198   -2.5298  -11.2156  -13.9667  -12.2488
   -2.1068    4.2843    0.9517    9.7430   -3.5117  -15.7713
eta,q 0.97326  7.41554
  0.0275  0.0273  0.0271  0.0270  0.0271  0.0274  0.0273  0.0277  0.0272  0.0274  0.0270  0.0270
  0.0271  0.0270  0.0269  0.0268  0.0269  0.0271  0.0270  0.0272  0.0269  0.0270  0.0268  0.0269
  0.0268  0.0268  0.0268  0.0267  0.0268  0.0268  0.0268  0.0269  0.0268  0.0268  0.0268  0.0268
  0.0267  0.0267  0.0267  0.0267  0.0267  0.0267  0.0267  0.0267  0.0267  0.0267  0.0267  0.0267
  0.0268  0.0268  0.0268  0.0268  0.0267  0.0268  0.0268  0.0268  0.0268  0.0268  0.0268  0.0268
  0.0271  0.0270  0.0269  0.0268  0.0269  0.0270  0.0270  0.0272  0.0269  0.0271  0.0268  0.0269
  0.0275  0.0273  0.0271  0.0269  0.0271  0.0274  0.0273  0.0277  0.0272  0.0274  0.0270  0.0271
niter,ni,del,rscale     2    3    5.0000    0.5000
parameters
    0.1953   26.1111   -2.5339  -11.2307  -13.8646  -12.2318
   -2.1247    4.3051    0.9378    9.7113   -3.4963  -15.7116
eta,q 0.97327  7.41919
  0.0272  0.0271  0.0270  0.0269  0.0270  0.0272  0.0271  0.0274  0.0270  0.0272  0.0269  0.0270
  0.0270  0.0269  0.0269  0.0268  0.0269  0.0270  0.0269  0.0271  0.0269  0.0269  0.0268  0.0268
  0.0268  0.0268  0.0268  0.0267  0.0268  0.0268  0.0268  0.0268  0.0268  0.0268  0.0268  0.0268
  0.0267  0.0267  0.0267  0.0267  0.0267  0.0267  0.0267  0.0267  0.0267  0.0267  0.0267  0.0267
  0.0268  0.0268  0.0268  0.0268  0.0267  0.0268  0.0268  0.0268  0.0268  0.0268  0.0268  0.0268
  0.0270  0.0269  0.0269  0.0268  0.0268  0.0269  0.0269  0.0270  0.0269  0.0270  0.0268  0.0268
  0.0272  0.0272  0.0270  0.0269  0.0270  0.0272  0.0271  0.0274  0.0271  0.0272  0.0269  0.0269
niter,ni,del,rscale     1    3    5.0000    0.4000
parameters
    0.1977   26.1028   -2.5337  -11.2823  -13.7825  -12.1970
   -2.1307    4.3133    0.9399    9.6881   -3.4892  -15.6564
eta,q 0.97327  7.42108
  0.0271  0.0270  0.0269  0.0268  0.0269  0.0271  0.0270  0.0272  0.0269  0.0271  0.0268  0.0269
  0.0269  0.0269  0.0268  0.0268  0.0268  0.0269  0.0269  0.0269  0.0268  0.0269  0.0268  0.0268
  0.0268  0.0268  0.0268  0.0267  0.0268  0.0268  0.0268  0.0268  0.0268  0.0268  0.0267  0.0268
  0.0267  0.0267  0.0267  0.0267  0.0267  0.0267  0.0267  0.0267  0.0267  0.0267  0.0267  0.0267
  0.0268  0.0268  0.0268  0.0267  0.0267  0.0268  0.0268  0.0268  0.0268  0.0268  0.0267  0.0267
  0.0269  0.0269  0.0268  0.0268  0.0268  0.0269  0.0268  0.0269  0.0268  0.0269  0.0268  0.0268
  0.0271  0.0270  0.0269  0.0268  0.0269  0.0270  0.0270  0.0272  0.0269  0.0271  0.0268  0.0269
registration optimization eta report
parameter search radius
    0.8000    0.8000    0.8000    2.4000    2.4000    2.4000
    2.4000    2.4000    2.4000    2.4000    2.4000    2.4000
100000*second partial in parameter space
       50.       41.       26.        1.        3.        5.
        5.        8.        4.        6.        2.        2.
  0.0271  0.0270  0.0269  0.0268  0.0269  0.0271  0.0270  0.0272  0.0269  0.0271  0.0268  0.0269
  0.0269  0.0269  0.0268  0.0268  0.0268  0.0269  0.0269  0.0269  0.0268  0.0269  0.0268  0.0268
  0.0268  0.0268  0.0268  0.0267  0.0268  0.0268  0.0268  0.0268  0.0268  0.0268  0.0267  0.0268
  0.0267  0.0267  0.0267  0.0267  0.0267  0.0267  0.0267  0.0267  0.0267  0.0267  0.0267  0.0267
  0.0268  0.0268  0.0268  0.0267  0.0267  0.0268  0.0268  0.0268  0.0268  0.0268  0.0267  0.0267
  0.0269  0.0269  0.0268  0.0268  0.0268  0.0269  0.0268  0.0269  0.0268  0.0269  0.0268  0.0268
  0.0271  0.0270  0.0269  0.0268  0.0269  0.0270  0.0270  0.0272  0.0269  0.0271  0.0268  0.0269
    0.1977   26.1028   -2.5337  -11.2823  -13.7825  -12.1970
   -2.1307    4.3133    0.9399    9.6881   -3.4892  -15.6564
eta,q 0.97327  7.42108

---------------------------------------------------------------------
compute_vox2vox talsrcimg talsrcimg_to_711-2C_as_mni_average_305_t4 /opt/freesurfer/average/711-2C_as_mni_average_305
---------------------------------------------------------------------

freesurfer compute_vox2vox.c
Reading: talsrcimg.4dfp.ifh
Reading: talsrcimg_to_711-2C_as_mni_average_305_t4
Reading: /opt/freesurfer/average/711-2C_as_mni_average_305.4dfp.ifh
Writing: talsrcimg_to_711-2C_as_mni_average_305_t4_vox2vox.txt

start time Mon Mar 9 02:50:59 CET 2026
end		time Mon Mar 9 02:52:24 CET 2026

mpr2mni305 success

avi2talxfm orig_nu.mgz /opt/freesurfer/average/mni305.cor.mgz talsrcimg_to_711-2C_as_mni_average_305_t4_vox2vox.txt transforms/talairach.auto.xfm
avi2talxfm done
mv -f /out/sourcedata/freesurfer/sub-v1s17x0051134_ses-1/mri/talsrcimg_to_711-2C_as_mni_average_305_t4_vox2vox.txt /out/sourcedata/freesurfer/sub-v1s17x0051134_ses-1/mri/transforms/talsrcimg_to_711-2C_as_mni_average_305_t4_vox2vox.txt
lta_convert --src orig_nu.mgz --trg /opt/freesurfer/average/mni305.cor.mgz --inxfm transforms/talairach.auto.xfm --outlta transforms/talairach.auto.xfm.lta --subject fsaverage
7.3.2

--src: orig_nu.mgz src image (geometry).
--trg: /opt/freesurfer/average/mni305.cor.mgz trg image (geometry).
--inmni: transforms/talairach.auto.xfm input MNI/XFM transform.
--outlta: transforms/talairach.auto.xfm.lta output LTA.
--s: fsaverage subject name
 LTA read, type : 1
 1.12474  -0.05717   0.01741   0.76741;
 0.04168   1.11442   0.20340  -0.60070;
-0.01694  -0.12460   1.13681  -3.23669;
 0.00000   0.00000   0.00000   1.00000;
setting subject to fsaverage
Writing  LTA to file transforms/talairach.auto.xfm.lta...
lta_convert successful.
 
 
Started at Mon Mar 9 02:50:59 CET 2026
Ended   at Mon Mar  9 02:52:24 CET 2026
talairach_avi done
