status file for recon-all
Thu Mar 12 11:43:11 CET 2026
#@# MotionCor Thu Mar 12 11:43:13 CET 2026
#@# Talairach Thu Mar 12 11:43:20 CET 2026
#@# Talairach Failure Detection Thu Mar 12 11:47:44 CET 2026
#@# Nu Intensity Correction Thu Mar 12 11:47:44 CET 2026
#@# Intensity Normalization Thu Mar 12 11:50:59 CET 2026
recon-all -s sub-v1s17x0050270_ses-1 finished without error at Thu Mar 12 11:52:33 CET 2026



#New# invocation of recon-all 



status file for recon-all
Thu Mar 12 12:00:24 CET 2026
#@# EM Registration Thu Mar 12 12:00:24 CET 2026
recon-all -s sub-v1s17x0050270_ses-1 finished without error at Thu Mar 12 12:02:27 CET 2026



#New# invocation of recon-all 



status file for recon-all
Thu Mar 12 12:02:29 CET 2026
#@# CA Normalize Thu Mar 12 12:02:29 CET 2026
#@# CA Reg Thu Mar 12 12:03:51 CET 2026
#@# SubCort Seg Thu Mar 12 12:52:48 CET 2026
#@# CC Seg Thu Mar 12 13:23:33 CET 2026
#@# Merge ASeg Thu Mar 12 13:24:07 CET 2026
#@# Intensity Normalization2 Thu Mar 12 13:24:07 CET 2026
#@# Mask BFS Thu Mar 12 13:26:25 CET 2026
#@# WM Segmentation Thu Mar 12 13:26:26 CET 2026
#@# Fill Thu Mar 12 13:28:28 CET 2026
recon-all -s sub-v1s17x0050270_ses-1 finished without error at Thu Mar 12 13:29:31 CET 2026



#New# invocation of recon-all 



status file for recon-all
Thu Mar 12 14:24:56 CET 2026
#@# white curv lh Thu Mar 12 14:24:56 CET 2026
#@# white area lh Thu Mar 12 14:24:56 CET 2026
#@# pial curv lh Thu Mar 12 14:24:56 CET 2026
#@# pial area lh Thu Mar 12 14:24:56 CET 2026
#@# thickness lh Thu Mar 12 14:24:56 CET 2026
#@# area and vertex vol lh Thu Mar 12 14:24:56 CET 2026
#@# white curv rh Thu Mar 12 14:24:56 CET 2026
#@# white area rh Thu Mar 12 14:24:56 CET 2026
#@# pial curv rh Thu Mar 12 14:24:56 CET 2026
#@# pial area rh Thu Mar 12 14:24:56 CET 2026
#@# thickness rh Thu Mar 12 14:24:56 CET 2026
#@# area and vertex vol rh Thu Mar 12 14:24:56 CET 2026
#@# Cortical ribbon mask Thu Mar 12 14:24:56 CET 2026
recon-all -s sub-v1s17x0050270_ses-1 finished without error at Thu Mar 12 14:31:33 CET 2026



#New# invocation of recon-all 



status file for recon-all
Thu Mar 12 14:39:21 CET 2026
#@# white curv lh Thu Mar 12 14:39:22 CET 2026
#@# white area lh Thu Mar 12 14:39:22 CET 2026
#@# pial curv lh Thu Mar 12 14:39:22 CET 2026
#@# pial area lh Thu Mar 12 14:39:22 CET 2026
#@# thickness lh Thu Mar 12 14:39:22 CET 2026
#@# area and vertex vol lh Thu Mar 12 14:39:22 CET 2026
#@# white curv rh Thu Mar 12 14:39:22 CET 2026
#@# white area rh Thu Mar 12 14:39:22 CET 2026
#@# pial curv rh Thu Mar 12 14:39:22 CET 2026
#@# pial area rh Thu Mar 12 14:39:22 CET 2026
#@# thickness rh Thu Mar 12 14:39:22 CET 2026
#@# area and vertex vol rh Thu Mar 12 14:39:22 CET 2026
#@# Curvature Stats lh Thu Mar 12 14:39:22 CET 2026
#@# Curvature Stats rh Thu Mar 12 14:39:24 CET 2026
#@# Relabel Hypointensities Thu Mar 12 14:39:27 CET 2026
#@# APas-to-ASeg Thu Mar 12 14:39:43 CET 2026
#@# AParc-to-ASeg aparc Thu Mar 12 14:39:52 CET 2026
#@# AParc-to-ASeg aparc.a2009s Thu Mar 12 14:40:42 CET 2026
#@# AParc-to-ASeg aparc.DKTatlas Thu Mar 12 14:41:22 CET 2026
#@# WMParc Thu Mar 12 14:42:13 CET 2026
#@# ASeg Stats Thu Mar 12 14:46:22 CET 2026
recon-all -s sub-v1s17x0050270_ses-1 finished without error at Thu Mar 12 14:47:02 CET 2026
