status file for recon-all
Thu Mar 12 13:58:25 CET 2026
#@# Tessellate rh Thu Mar 12 13:58:25 CET 2026
#@# Smooth1 rh Thu Mar 12 13:58:29 CET 2026
#@# Inflation1 rh Thu Mar 12 13:58:32 CET 2026
#@# QSphere rh Thu Mar 12 13:58:47 CET 2026
#@# Fix Topology rh Thu Mar 12 14:00:10 CET 2026
#@# Smooth2 rh Thu Mar 12 14:07:16 CET 2026
#@# Inflation2 rh Thu Mar 12 14:07:19 CET 2026
#@# Curv .H and .K rh Thu Mar 12 14:07:37 CET 2026
#@# Sphere rh Thu Mar 12 14:08:32 CET 2026
#@# Surf Reg rh Thu Mar 12 14:11:27 CET 2026
#@# Jacobian white rh Thu Mar 12 14:16:18 CET 2026
#@# AvgCurv rh Thu Mar 12 14:16:19 CET 2026
#@# Cortical Parc rh Thu Mar 12 14:16:20 CET 2026
#@# white curv rh Thu Mar 12 14:23:36 CET 2026
#@# white area rh Thu Mar 12 14:23:38 CET 2026
#@# pial curv rh Thu Mar 12 14:23:39 CET 2026
#@# pial area rh Thu Mar 12 14:23:41 CET 2026
#@# thickness rh Thu Mar 12 14:23:42 CET 2026
#@# area and vertex vol rh Thu Mar 12 14:24:17 CET 2026
#@# Curvature Stats rh Thu Mar 12 14:24:18 CET 2026
#@# Cortical Parc 2 rh Thu Mar 12 14:24:21 CET 2026
#@# Cortical Parc 3 rh Thu Mar 12 14:24:37 CET 2026
#@# WM/GM Contrast rh Thu Mar 12 14:24:48 CET 2026
recon-all -s sub-v1s17x0050270_ses-1 finished without error at Thu Mar 12 14:24:52 CET 2026



#New# invocation of recon-all 



status file for recon-all
Thu Mar 12 14:35:28 CET 2026
#@# white curv rh Thu Mar 12 14:35:28 CET 2026
#@# white area rh Thu Mar 12 14:35:28 CET 2026
#@# pial curv rh Thu Mar 12 14:35:28 CET 2026
#@# pial area rh Thu Mar 12 14:35:28 CET 2026
#@# thickness rh Thu Mar 12 14:35:28 CET 2026
#@# area and vertex vol rh Thu Mar 12 14:35:28 CET 2026
#@# Parcellation Stats rh Thu Mar 12 14:35:28 CET 2026
#@# Parcellation Stats 2 rh Thu Mar 12 14:35:52 CET 2026
#@# Parcellation Stats 3 rh Thu Mar 12 14:36:04 CET 2026
#@# BA_exvivo Labels rh Thu Mar 12 14:36:16 CET 2026
recon-all -s sub-v1s17x0050270_ses-1 finished without error at Thu Mar 12 14:39:17 CET 2026
