status file for recon-all
Mon Mar  9 04:02:10 CET 2026
#@# Tessellate rh Mon Mar  9 04:02:10 CET 2026
#@# Smooth1 rh Mon Mar  9 04:02:12 CET 2026
#@# Inflation1 rh Mon Mar  9 04:02:15 CET 2026
#@# QSphere rh Mon Mar  9 04:02:28 CET 2026
#@# Fix Topology rh Mon Mar  9 04:03:14 CET 2026
#@# Smooth2 rh Mon Mar  9 04:08:52 CET 2026
#@# Inflation2 rh Mon Mar  9 04:08:55 CET 2026
#@# Curv .H and .K rh Mon Mar  9 04:09:07 CET 2026
#@# Sphere rh Mon Mar  9 04:09:48 CET 2026
#@# Surf Reg rh Mon Mar  9 04:12:45 CET 2026
#@# Jacobian white rh Mon Mar  9 04:16:30 CET 2026
#@# AvgCurv rh Mon Mar  9 04:16:31 CET 2026
#@# Cortical Parc rh Mon Mar  9 04:16:31 CET 2026
#@# white curv rh Mon Mar  9 04:22:18 CET 2026
#@# white area rh Mon Mar  9 04:22:19 CET 2026
#@# pial curv rh Mon Mar  9 04:22:20 CET 2026
#@# pial area rh Mon Mar  9 04:22:21 CET 2026
#@# thickness rh Mon Mar  9 04:22:22 CET 2026
#@# area and vertex vol rh Mon Mar  9 04:22:44 CET 2026
#@# Curvature Stats rh Mon Mar  9 04:22:45 CET 2026
#@# Cortical Parc 2 rh Mon Mar  9 04:22:47 CET 2026
#@# Cortical Parc 3 rh Mon Mar  9 04:22:57 CET 2026
#@# WM/GM Contrast rh Mon Mar  9 04:23:04 CET 2026
recon-all -s sub-v1s17x0050260_ses-1 finished without error at Mon Mar  9 04:23:07 CET 2026



#New# invocation of recon-all 



status file for recon-all
Mon Mar  9 04:30:57 CET 2026
#@# white curv rh Mon Mar  9 04:30:58 CET 2026
#@# white area rh Mon Mar  9 04:30:58 CET 2026
#@# pial curv rh Mon Mar  9 04:30:58 CET 2026
#@# pial area rh Mon Mar  9 04:30:58 CET 2026
#@# thickness rh Mon Mar  9 04:30:58 CET 2026
#@# area and vertex vol rh Mon Mar  9 04:30:58 CET 2026
#@# Parcellation Stats rh Mon Mar  9 04:30:58 CET 2026
#@# Parcellation Stats 2 rh Mon Mar  9 04:31:15 CET 2026
#@# Parcellation Stats 3 rh Mon Mar  9 04:31:24 CET 2026
#@# BA_exvivo Labels rh Mon Mar  9 04:31:32 CET 2026
recon-all -s sub-v1s17x0050260_ses-1 finished without error at Mon Mar  9 04:33:36 CET 2026
