status file for recon-all
Mon Mar  9 03:28:02 CET 2026
#@# Tessellate lh Mon Mar  9 03:28:02 CET 2026
#@# Smooth1 lh Mon Mar  9 03:28:06 CET 2026
#@# Inflation1 lh Mon Mar  9 03:28:09 CET 2026
#@# QSphere lh Mon Mar  9 03:28:22 CET 2026
#@# Fix Topology lh Mon Mar  9 03:29:32 CET 2026
#@# Smooth2 lh Mon Mar  9 03:37:25 CET 2026
#@# Inflation2 lh Mon Mar  9 03:37:28 CET 2026
#@# Curv .H and .K lh Mon Mar  9 03:37:41 CET 2026
#@# Sphere lh Mon Mar  9 03:38:30 CET 2026
#@# Surf Reg lh Mon Mar  9 03:41:57 CET 2026
#@# Jacobian white lh Mon Mar  9 03:46:03 CET 2026
#@# AvgCurv lh Mon Mar  9 03:46:04 CET 2026
#@# Cortical Parc lh Mon Mar  9 03:46:04 CET 2026
#@# white curv lh Mon Mar  9 03:52:29 CET 2026
#@# white area lh Mon Mar  9 03:52:31 CET 2026
#@# pial curv lh Mon Mar  9 03:52:32 CET 2026
#@# pial area lh Mon Mar  9 03:52:34 CET 2026
#@# thickness lh Mon Mar  9 03:52:35 CET 2026
#@# area and vertex vol lh Mon Mar  9 03:53:06 CET 2026
#@# Curvature Stats lh Mon Mar  9 03:53:07 CET 2026
#@# Cortical Parc 2 lh Mon Mar  9 03:53:10 CET 2026
#@# Cortical Parc 3 lh Mon Mar  9 03:53:24 CET 2026
#@# WM/GM Contrast lh Mon Mar  9 03:53:34 CET 2026
recon-all -s sub-v1s17x0050247_ses-1 finished without error at Mon Mar  9 03:53:37 CET 2026



#New# invocation of recon-all 



status file for recon-all
Mon Mar  9 04:29:50 CET 2026
#@# white curv lh Mon Mar  9 04:29:50 CET 2026
#@# white area lh Mon Mar  9 04:29:50 CET 2026
#@# pial curv lh Mon Mar  9 04:29:50 CET 2026
#@# pial area lh Mon Mar  9 04:29:50 CET 2026
#@# thickness lh Mon Mar  9 04:29:50 CET 2026
#@# area and vertex vol lh Mon Mar  9 04:29:50 CET 2026
#@# Parcellation Stats lh Mon Mar  9 04:29:50 CET 2026
#@# Parcellation Stats 2 lh Mon Mar  9 04:30:11 CET 2026
#@# Parcellation Stats 3 lh Mon Mar  9 04:30:21 CET 2026
#@# BA_exvivo Labels lh Mon Mar  9 04:30:31 CET 2026
recon-all -s sub-v1s17x0050247_ses-1 finished without error at Mon Mar  9 04:33:06 CET 2026
