status file for recon-all
Mon Mar  9 03:53:42 CET 2026
#@# Tessellate rh Mon Mar  9 03:53:42 CET 2026
#@# Smooth1 rh Mon Mar  9 03:53:45 CET 2026
#@# Inflation1 rh Mon Mar  9 03:53:48 CET 2026
#@# QSphere rh Mon Mar  9 03:54:01 CET 2026
#@# Fix Topology rh Mon Mar  9 03:55:16 CET 2026
#@# Smooth2 rh Mon Mar  9 04:02:55 CET 2026
#@# Inflation2 rh Mon Mar  9 04:02:58 CET 2026
#@# Curv .H and .K rh Mon Mar  9 04:03:13 CET 2026
#@# Sphere rh Mon Mar  9 04:04:02 CET 2026
#@# Surf Reg rh Mon Mar  9 04:07:34 CET 2026
#@# Jacobian white rh Mon Mar  9 04:12:03 CET 2026
#@# AvgCurv rh Mon Mar  9 04:12:04 CET 2026
#@# Cortical Parc rh Mon Mar  9 04:12:05 CET 2026
#@# white curv rh Mon Mar  9 04:21:02 CET 2026
#@# white area rh Mon Mar  9 04:21:04 CET 2026
#@# pial curv rh Mon Mar  9 04:21:04 CET 2026
#@# pial area rh Mon Mar  9 04:21:06 CET 2026
#@# thickness rh Mon Mar  9 04:21:07 CET 2026
#@# area and vertex vol rh Mon Mar  9 04:21:37 CET 2026
#@# Curvature Stats rh Mon Mar  9 04:21:38 CET 2026
#@# Cortical Parc 2 rh Mon Mar  9 04:21:41 CET 2026
#@# Cortical Parc 3 rh Mon Mar  9 04:21:55 CET 2026
#@# WM/GM Contrast rh Mon Mar  9 04:22:05 CET 2026
recon-all -s sub-v1s17x0050247_ses-1 finished without error at Mon Mar  9 04:22:08 CET 2026



#New# invocation of recon-all 



status file for recon-all
Mon Mar  9 04:33:08 CET 2026
#@# white curv rh Mon Mar  9 04:33:09 CET 2026
#@# white area rh Mon Mar  9 04:33:09 CET 2026
#@# pial curv rh Mon Mar  9 04:33:09 CET 2026
#@# pial area rh Mon Mar  9 04:33:09 CET 2026
#@# thickness rh Mon Mar  9 04:33:09 CET 2026
#@# area and vertex vol rh Mon Mar  9 04:33:09 CET 2026
#@# Parcellation Stats rh Mon Mar  9 04:33:09 CET 2026
#@# Parcellation Stats 2 rh Mon Mar  9 04:33:28 CET 2026
#@# Parcellation Stats 3 rh Mon Mar  9 04:33:39 CET 2026
#@# BA_exvivo Labels rh Mon Mar  9 04:33:49 CET 2026
recon-all -s sub-v1s17x0050247_ses-1 finished without error at Mon Mar  9 04:36:23 CET 2026
