status file for recon-all
Mon Mar  9 04:09:21 CET 2026
#@# Tessellate lh Mon Mar  9 04:09:21 CET 2026
#@# Smooth1 lh Mon Mar  9 04:09:25 CET 2026
#@# Inflation1 lh Mon Mar  9 04:09:28 CET 2026
#@# QSphere lh Mon Mar  9 04:09:43 CET 2026
#@# Fix Topology lh Mon Mar  9 04:11:19 CET 2026
#@# Smooth2 lh Mon Mar  9 04:17:53 CET 2026
#@# Inflation2 lh Mon Mar  9 04:17:56 CET 2026
#@# Curv .H and .K lh Mon Mar  9 04:18:12 CET 2026
#@# Sphere lh Mon Mar  9 04:19:04 CET 2026
#@# Surf Reg lh Mon Mar  9 04:23:24 CET 2026
#@# Jacobian white lh Mon Mar  9 04:28:29 CET 2026
#@# AvgCurv lh Mon Mar  9 04:28:30 CET 2026
#@# Cortical Parc lh Mon Mar  9 04:28:31 CET 2026
#@# white curv lh Mon Mar  9 04:35:16 CET 2026
#@# white area lh Mon Mar  9 04:35:18 CET 2026
#@# pial curv lh Mon Mar  9 04:35:18 CET 2026
#@# pial area lh Mon Mar  9 04:35:20 CET 2026
#@# thickness lh Mon Mar  9 04:35:21 CET 2026
#@# area and vertex vol lh Mon Mar  9 04:35:54 CET 2026
#@# Curvature Stats lh Mon Mar  9 04:35:56 CET 2026
#@# Cortical Parc 2 lh Mon Mar  9 04:35:59 CET 2026
#@# Cortical Parc 3 lh Mon Mar  9 04:36:13 CET 2026
#@# WM/GM Contrast lh Mon Mar  9 04:36:25 CET 2026
recon-all -s sub-v1s17x0050261_ses-1 finished without error at Mon Mar  9 04:36:29 CET 2026



#New# invocation of recon-all 



status file for recon-all
Mon Mar  9 05:07:33 CET 2026
#@# white curv lh Mon Mar  9 05:07:33 CET 2026
#@# white area lh Mon Mar  9 05:07:33 CET 2026
#@# pial curv lh Mon Mar  9 05:07:33 CET 2026
#@# pial area lh Mon Mar  9 05:07:33 CET 2026
#@# thickness lh Mon Mar  9 05:07:33 CET 2026
#@# area and vertex vol lh Mon Mar  9 05:07:33 CET 2026
#@# Parcellation Stats lh Mon Mar  9 05:07:33 CET 2026
#@# Parcellation Stats 2 lh Mon Mar  9 05:07:55 CET 2026
#@# Parcellation Stats 3 lh Mon Mar  9 05:08:07 CET 2026
#@# BA_exvivo Labels lh Mon Mar  9 05:08:18 CET 2026
recon-all -s sub-v1s17x0050261_ses-1 finished without error at Mon Mar  9 05:11:24 CET 2026
