/out/sourcedata/freesurfer/sub-v1s17x0051141_ses-1/mri
/opt/freesurfer/bin/talairach_avi
--i orig_nu.mgz --xfm transforms/talairach.auto.xfm
talairach_avi 7.3.2
Linux dna078 5.14.0-427.37.1.el9_4.x86_64 #1 SMP PREEMPT_DYNAMIC Fri Sep 13 12:41:50 EDT 2024 x86_64 x86_64 x86_64 GNU/Linux
Mon Mar  9 03:11:08 CET 2026
mri_convert orig_nu.mgz talsrcimg.img 
reading from orig_nu.mgz...
TR=0.00, TE=0.00, TI=0.00, flip angle=0.00
i_ras = (-1, 2.36741e-09, -3.72529e-09)
j_ras = (0, 3.0559e-10, -1)
k_ras = (1.35697e-09, 1, -1.01863e-10)
writing to talsrcimg.img...
Analyze Output Matrix
-1.00000   0.00000   0.00000   129.49672;
 0.00000   0.00000   1.00000  -129.07019;
-0.00000  -1.00000  -0.00000   115.67011;
 0.00000   0.00000   0.00000   1.00000;
--------------------
INFO: set hdr.hist.orient to -1
mpr2mni305 talsrcimg
Mon Mar  9 03:11:08 CET 2026
/opt/freesurfer/bin/mpr2mni305 talsrcimg
mpr2mni305 7.3.2
target=711-2C_as_mni_average_305

---------------------------------------------------------------------
analyzeto4dfp talsrcimg -O0 -y
---------------------------------------------------------------------

freesurfer ifh2hdr.c
Mon Mar  9 03:11:09 2026
Writing: talsrcimg.4dfp.hdr
freesurfer analyzeto4dfp.c
Reading: talsrcimg.hdr
header size 348 bytes
hdr.dime.datatype	offset=70	value=2
hdr.dime.bitpix		offset=72	value=8
hdr.hist.orient		offset=252	value=-1
dimensionality     4
dimensions       256       256       256         1
Reading: talsrcimg.img
Writing: talsrcimg.4dfp.img
Writing: talsrcimg.4dfp.ifh
ifh2hdr talsrcimg -r0to255
ori=2

---------------------------------------------------------------------
gauss_4dfp talsrcimg 1.1
---------------------------------------------------------------------

freesurfer gauss_4dfp.c
Reading: talsrcimg.4dfp.img
Writing: talsrcimg_g11.4dfp.img
image dimensions 256 256 256 padded to 288 288 288
processing volume 1freesurfer ifh2hdr.c
Mon Mar  9 03:11:10 2026
Writing: talsrcimg_g11.4dfp.hdr

Writing: talsrcimg_g11.4dfp.ifh
including: talsrcimg.4dfp.img.rec in talsrcimg_g11.4dfp.img.rec

---------------------------------------------------------------------
imgreg_4dfp /opt/freesurfer/average/711-2C_as_mni_average_305 none talsrcimg_g11 none talsrcimg_to_711-2C_as_mni_average_305_t4 4355
---------------------------------------------------------------------

freesurfer imgreg_4dfp.c
/opt/freesurfer/average/711-2C_as_mni_average_305.4dfp.img
       256       256       256         1
  1.000000  1.000000  1.000000
orientation T byte_order littleendian
Reading image: /opt/freesurfer/average/711-2C_as_mni_average_305.4dfp.img
dimensions:      256       256       256
mmppix:       1.0000   -1.0000   -1.0000
center:     128.0000 -129.0000 -129.0000
talsrcimg_g11.4dfp.img
       256       256       256         1
  1.000000  1.000000  1.000000
orientation T byte_order littleendian
Reading image: talsrcimg_g11.4dfp.img
dimensions:      256       256       256
mmppix:       1.0000   -1.0000   -1.0000
center:     128.0000 -129.0000 -129.0000
t4_read: open error in t4_sub.f l:  41 t4_file(1:l)talsrcimg_to_711-2C_as_mni_average_305_t4 
t4_read: transform initialized to I4
rotation matrix determinant  1.000000
image alignment mode   4355 decimal     1103 hex
   -7.5000  -45.0000  -45.0000 7888.5244   12.1908
    0.0000  -45.0000  -45.0000 8155.9160   12.1792
    7.5000  -45.0000  -45.0000 7760.4360   12.1669
   -7.5000  -37.5000  -45.0000 8582.4639   12.0665
    0.0000  -37.5000  -45.0000 8866.3701   12.0478
    7.5000  -37.5000  -45.0000 8416.4014   12.0319
   -7.5000  -30.0000  -45.0000 9591.7080   12.0227
    0.0000  -30.0000  -45.0000 9925.0752   12.0025
    7.5000  -30.0000  -45.0000 9409.8965   11.9876
   -7.5000  -22.5000  -45.000010617.3359   12.0182
    0.0000  -22.5000  -45.000010992.0537   12.0050
    7.5000  -22.5000  -45.000010411.8828   11.9960
   -7.5000  -15.0000  -45.000011522.8672   11.9976
    0.0000  -15.0000  -45.000011932.0928   11.9933
    7.5000  -15.0000  -45.000011312.2305   11.9893
   -7.5000   -7.5000  -45.000012324.6758   11.9784
    0.0000   -7.5000  -45.000012768.6953   11.9746
    7.5000   -7.5000  -45.000012142.2959   11.9685
   -7.5000    0.0000  -45.000013074.4629   11.9775
    0.0000    0.0000  -45.000013535.4990   11.9663
    7.5000    0.0000  -45.000012878.6689   11.9545
   -7.5000    7.5000  -45.000012825.0303   11.9982
    0.0000    7.5000  -45.000013312.5732   11.9797
    7.5000    7.5000  -45.000012663.5615   11.9639
   -7.5000   15.0000  -45.000012413.9678   12.0196
    0.0000   15.0000  -45.000012869.0234   11.9994
    7.5000   15.0000  -45.000012249.8301   11.9845
   -7.5000   22.5000  -45.000011905.9668   12.0163
    0.0000   22.5000  -45.000012335.2188   12.0031
    7.5000   22.5000  -45.000011747.5010   11.9942
   -7.5000   30.0000  -45.000011362.5537   11.8377
    0.0000   30.0000  -45.000011784.3906   11.8335
    7.5000   30.0000  -45.000011227.2412   11.8295
   -7.5000   37.5000  -45.000011005.0820   11.8187
    0.0000   37.5000  -45.000011447.5029   11.8150
    7.5000   37.5000  -45.000010917.0479   11.8090
   -7.5000   45.0000  -45.000010110.4473   11.5178
    0.0000   45.0000  -45.000010540.4307   11.5070
    7.5000   45.0000  -45.000010063.4678   11.4956
   -7.5000  -45.0000  -37.5000 8303.2666   12.1893
    0.0000  -45.0000  -37.5000 8586.9746   12.1767
    7.5000  -45.0000  -37.5000 8154.7412   12.1611
   -7.5000  -37.5000  -37.5000 9035.5400   12.0651
    0.0000  -37.5000  -37.5000 9341.7012   12.0468
    7.5000  -37.5000  -37.5000 8853.0098   12.0301
   -7.5000  -30.0000  -37.500010098.1787   12.0215
    0.0000  -30.0000  -37.500010458.3281   12.0025
    7.5000  -30.0000  -37.5000 9900.6611   11.9887
   -7.5000  -22.5000  -37.500011150.9971   12.0177
    0.0000  -22.5000  -37.500011558.2344   12.0047
    7.5000  -22.5000  -37.500010942.1270   11.9960
   -7.5000  -15.0000  -37.500012117.5986   11.9974
    0.0000  -15.0000  -37.500012559.1973   11.9917
    7.5000  -15.0000  -37.500011887.0195   11.9856
   -7.5000   -7.5000  -37.500012965.1191   11.9777
    0.0000   -7.5000  -37.500013431.7285   11.9719
    7.5000   -7.5000  -37.500012749.2451   11.9622
   -7.5000    0.0000  -37.500013746.3486   11.9765
    0.0000    0.0000  -37.500014247.5957   11.9643
    7.5000    0.0000  -37.500013527.0947   11.9493
   -7.5000    7.5000  -37.500013486.0264   11.9970
    0.0000    7.5000  -37.500013991.6025   11.9789
    7.5000    7.5000  -37.500013283.3018   11.9624
   -7.5000   15.0000  -37.500013004.1797   12.0184
    0.0000   15.0000  -37.500013494.9600   11.9994
    7.5000   15.0000  -37.500012839.8760   11.9856
   -7.5000   22.5000  -37.500012469.0615   12.0159
    0.0000   22.5000  -37.500012929.1719   12.0029
    7.5000   22.5000  -37.500012318.1904   11.9942
   -7.5000   30.0000  -37.500011895.6992   11.8375
    0.0000   30.0000  -37.500012322.4902   11.8319
    7.5000   30.0000  -37.500011733.5977   11.8258
   -7.5000   37.5000  -37.500011544.0820   11.8181
    0.0000   37.5000  -37.500011993.3398   11.8124
    7.5000   37.5000  -37.500011436.3311   11.8028
   -7.5000   45.0000  -37.500010569.2822   11.5168
    0.0000   45.0000  -37.500011002.8564   11.5051
    7.5000   45.0000  -37.500010513.1592   11.4907
   -7.5000  -45.0000  -30.0000 8820.0869   12.7129
    0.0000  -45.0000  -30.0000 9119.4053   12.7019
    7.5000  -45.0000  -30.0000 8651.1260   12.6830
   -7.5000  -37.5000  -30.0000 9600.7012   12.5808
    0.0000  -37.5000  -30.0000 9921.8545   12.5644
    7.5000  -37.5000  -30.0000 9404.7871   12.5469
   -7.5000  -30.0000  -30.000010721.9424   12.5337
    0.0000  -30.0000  -30.000011086.8164   12.5157
    7.5000  -30.0000  -30.000010515.0469   12.5025
   -7.5000  -22.5000  -30.000011825.6387   12.5307
    0.0000  -22.5000  -30.000012252.1543   12.5172
    7.5000  -22.5000  -30.000011615.1572   12.5074
   -7.5000  -15.0000  -30.000012880.6953   12.5124
    0.0000  -15.0000  -30.000013354.5381   12.5055
    7.5000  -15.0000  -30.000012644.5781   12.4953
   -7.5000   -7.5000  -30.000013792.7539   12.4936
    0.0000   -7.5000  -30.000014292.5684   12.4877
    7.5000   -7.5000  -30.000013561.5195   12.4730
   -7.5000    0.0000  -30.000014601.0244   12.4912
    0.0000    0.0000  -30.000015143.9307   12.4806
    7.5000    0.0000  -30.000014375.7617   12.4622
   -7.5000    7.5000  -30.000014334.9697   12.5101
    0.0000    7.5000  -30.000014858.4482   12.4939
    7.5000    7.5000  -30.000014112.9326   12.4767
   -7.5000   15.0000  -30.000013823.1035   12.5305
    0.0000   15.0000  -30.000014343.0410   12.5125
    7.5000   15.0000  -30.000013652.5449   12.4993
   -7.5000   22.5000  -30.000013227.0303   12.5275
    0.0000   22.5000  -30.000013732.7490   12.5140
    7.5000   22.5000  -30.000013083.2852   12.5042
   -7.5000   30.0000  -30.000012550.2842   12.3469
    0.0000   30.0000  -30.000013026.2422   12.3401
    7.5000   30.0000  -30.000012427.4648   12.3299
   -7.5000   37.5000  -30.000012191.1787   12.3282
    0.0000   37.5000  -30.000012668.4541   12.3225
    7.5000   37.5000  -30.000012098.1250   12.3079
   -7.5000   45.0000  -30.000011188.8652   12.0206
    0.0000   45.0000  -30.000011619.7471   12.0104
    7.5000   45.0000  -30.000011107.7969   11.9927
   -7.5000  -45.0000  -22.5000 9265.7305   13.1637
    0.0000  -45.0000  -22.5000 9583.1211   13.1562
    7.5000  -45.0000  -22.5000 9116.2402   13.1375
   -7.5000  -37.5000  -22.500010088.5322   13.0235
    0.0000  -37.5000  -22.500010436.7266   13.0091
    7.5000  -37.5000  -22.5000 9919.0420   12.9919
   -7.5000  -30.0000  -22.500011282.6895   12.9726
    0.0000  -30.0000  -22.500011672.7188   12.9541
    7.5000  -30.0000  -22.500011097.6172   12.9405
   -7.5000  -22.5000  -22.500012463.4365   12.9695
    0.0000  -22.5000  -22.500012914.5088   12.9550
    7.5000  -22.5000  -22.500012264.7969   12.9434
   -7.5000  -15.0000  -22.500013583.3984   12.9537
    0.0000  -15.0000  -22.500014118.6953   12.9471
    7.5000  -15.0000  -22.500013352.2822   12.9347
   -7.5000   -7.5000  -22.500014584.5449   12.9369
    0.0000   -7.5000  -22.500015128.8105   12.9335
    7.5000   -7.5000  -22.500014348.3340   12.9178
   -7.5000    0.0000  -22.500015447.2627   12.9338
    0.0000    0.0000  -22.500016011.8467   12.9266
    7.5000    0.0000  -22.500015207.4160   12.9084
   -7.5000    7.5000  -22.500015121.6143   12.9505
    0.0000    7.5000  -22.500015683.2529   12.9361
    7.5000    7.5000  -22.500014898.5049   12.9193
   -7.5000   15.0000  -22.500014603.9580   12.9693
    0.0000   15.0000  -22.500015177.9707   12.9508
    7.5000   15.0000  -22.500014420.3848   12.9372
   -7.5000   22.5000  -22.500013967.7334   12.9653
    0.0000   22.5000  -22.500014530.7891   12.9508
    7.5000   22.5000  -22.500013802.6201   12.9392
   -7.5000   30.0000  -22.500013206.0527   12.7842
    0.0000   30.0000  -22.500013736.0557   12.7778
    7.5000   30.0000  -22.500013070.6465   12.7655
   -7.5000   37.5000  -22.500012827.5967   12.7677
    0.0000   37.5000  -22.500013342.3301   12.7644
    7.5000   37.5000  -22.500012713.9707   12.7488
   -7.5000   45.0000  -22.500011807.0957   12.4559
    0.0000   45.0000  -22.500012268.7129   12.4489
    7.5000   45.0000  -22.500011710.3232   12.4315
   -7.5000  -45.0000  -15.0000 9693.6670   13.4807
    0.0000  -45.0000  -15.000010047.1045   13.4748
    7.5000  -45.0000  -15.0000 9561.5723   13.4596
   -7.5000  -37.5000  -15.000010539.7949   13.3365
    0.0000  -37.5000  -15.000010926.5928   13.3218
    7.5000  -37.5000  -15.000010384.4941   13.3057
   -7.5000  -30.0000  -15.000011809.6045   13.2839
    0.0000  -30.0000  -15.000012231.2471   13.2638
    7.5000  -30.0000  -15.000011611.9473   13.2491
   -7.5000  -22.5000  -15.000013047.8447   13.2802
    0.0000  -22.5000  -15.000013513.0293   13.2648
    7.5000  -22.5000  -15.000012825.8311   13.2527
   -7.5000  -15.0000  -15.000014251.9043   13.2642
    0.0000  -15.0000  -15.000014799.8135   13.2588
    7.5000  -15.0000  -15.000014001.1074   13.2481
   -7.5000   -7.5000  -15.000015356.5713   13.2479
    0.0000   -7.5000  -15.000015951.5674   13.2468
    7.5000   -7.5000  -15.000015062.7539   13.2346
   -7.5000    0.0000  -15.000016326.8428   13.2447
    0.0000    0.0000  -15.000016969.4648   13.2391
    7.5000    0.0000  -15.000016049.2471   13.2243
   -7.5000    7.5000  -15.000016010.0635   13.2616
    0.0000    7.5000  -15.000016626.9434   13.2469
    7.5000    7.5000  -15.000015731.2666   13.2310
   -7.5000   15.0000  -15.000015463.3281   13.2805
    0.0000   15.0000  -15.000016056.9277   13.2604
    7.5000   15.0000  -15.000015177.8428   13.2457
   -7.5000   22.5000  -15.000014752.0811   13.2752
    0.0000   22.5000  -15.000015305.7988   13.2599
    7.5000   22.5000  -15.000014480.3535   13.2478
   -7.5000   30.0000  -15.000013928.8760   13.0925
    0.0000   30.0000  -15.000014457.8389   13.0872
    7.5000   30.0000  -15.000013666.2891   13.0767
   -7.5000   37.5000  -15.000013509.4844   13.0764
    0.0000   37.5000  -15.000014005.9453   13.0754
    7.5000   37.5000  -15.000013255.4941   13.0633
   -7.5000   45.0000  -15.000012445.3213   12.7630
    0.0000   45.0000  -15.000012908.3779   12.7576
    7.5000   45.0000  -15.000012254.3779   12.7433
   -7.5000  -45.0000   -7.500010143.3936   13.6251
    0.0000  -45.0000   -7.500010515.7012   13.6164
    7.5000  -45.0000   -7.5000 9997.7705   13.6035
   -7.5000  -37.5000   -7.500011038.5400   13.4828
    0.0000  -37.5000   -7.500011449.9297   13.4649
    7.5000  -37.5000   -7.500010884.5293   13.4485
   -7.5000  -30.0000   -7.500012349.3438   13.4318
    0.0000  -30.0000   -7.500012823.0400   13.4099
    7.5000  -30.0000   -7.500012177.3486   13.3940
   -7.5000  -22.5000   -7.500013618.7451   13.4272
    0.0000  -22.5000   -7.500014167.6504   13.4120
    7.5000  -22.5000   -7.500013449.5518   13.4009
   -7.5000  -15.0000   -7.500014880.1064   13.4075
    0.0000  -15.0000   -7.500015497.6719   13.4031
    7.5000  -15.0000   -7.500014678.1328   13.3965
   -7.5000   -7.5000   -7.500016111.4404   13.3886
    0.0000   -7.5000   -7.500016776.6055   13.3870
    7.5000   -7.5000   -7.500015807.8936   13.3792
   -7.5000    0.0000   -7.500017327.1660   13.3864
    0.0000    0.0000   -7.500018032.8066   13.3780
    7.5000    0.0000   -7.500016871.9102   13.3656
   -7.5000    7.5000   -7.500017173.7148   13.4067
    0.0000    7.5000   -7.500017833.9863   13.3889
    7.5000    7.5000   -7.500016617.9238   13.3727
   -7.5000   15.0000   -7.500016558.5039   13.4284
    0.0000   15.0000   -7.500017159.9707   13.4065
    7.5000   15.0000   -7.500015997.0293   13.3905
   -7.5000   22.5000   -7.500015676.2832   13.4208
    0.0000   22.5000   -7.500016211.9023   13.4056
    7.5000   22.5000   -7.500015160.5801   13.3945
   -7.5000   30.0000   -7.500014706.4199   13.2336
    0.0000   30.0000   -7.500015204.8232   13.2293
    7.5000   30.0000   -7.500014270.6270   13.2228
   -7.5000   37.5000   -7.500014164.3242   13.2150
    0.0000   37.5000   -7.500014649.6865   13.2134
    7.5000   37.5000   -7.500013817.9482   13.2057
   -7.5000   45.0000   -7.500013024.2461   12.9020
    0.0000   45.0000   -7.500013512.4961   12.8939
    7.5000   45.0000   -7.500012791.8623   12.8819
   -7.5000  -45.0000    0.000010499.3838   13.6404
    0.0000  -45.0000    0.000010879.5605   13.6275
    7.5000  -45.0000    0.000010344.4883   13.6137
   -7.5000  -37.5000    0.000011416.9863   13.5014
    0.0000  -37.5000    0.000011857.9326   13.4805
    7.5000  -37.5000    0.000011275.6465   13.4627
   -7.5000  -30.0000    0.000012752.3604   13.4524
    0.0000  -30.0000    0.000013273.2646   13.4299
    7.5000  -30.0000    0.000012624.5557   13.4132
   -7.5000  -22.5000    0.000014113.4082   13.4474
    0.0000  -22.5000    0.000014697.4707   13.4327
    7.5000  -22.5000    0.000013965.1016   13.4226
   -7.5000  -15.0000    0.000015469.6387   13.4244
    0.0000  -15.0000    0.000016104.4707   13.4196
    7.5000  -15.0000    0.000015243.2500   13.4151
   -7.5000   -7.5000    0.000016823.5352   13.4028
    0.0000   -7.5000    0.000017429.9688   13.3986
    7.5000   -7.5000    0.000016448.2598   13.3918
   -7.5000    0.0000    0.000018086.8242   13.4018
    0.0000    0.0000    0.000018787.9980   13.3893
    7.5000    0.0000    0.000017562.3730   13.3760
   -7.5000    7.5000    0.000017933.4180   13.4250
    0.0000    7.5000    0.000018701.5117   13.4043
    7.5000    7.5000    0.000017315.5586   13.3867
   -7.5000   15.0000    0.000017278.4297   13.4489
    0.0000   15.0000    0.000017976.5996   13.4264
    7.5000   15.0000    0.000016676.3223   13.4097
   -7.5000   22.5000    0.000016319.0098   13.4410
    0.0000   22.5000    0.000016942.1094   13.4263
    7.5000   22.5000    0.000015806.9463   13.4162
   -7.5000   30.0000    0.000015231.2822   13.2506
    0.0000   30.0000    0.000015805.9971   13.2459
    7.5000   30.0000    0.000014826.1670   13.2415
   -7.5000   37.5000    0.000014625.5195   13.2293
    0.0000   37.5000    0.000015181.9199   13.2252
    7.5000   37.5000    0.000014329.7979   13.2185
   -7.5000   45.0000    0.000013464.2412   12.9178
    0.0000   45.0000    0.000013993.7324   12.9057
    7.5000   45.0000    0.000013236.5518   12.8929
   -7.5000  -45.0000    7.500010023.7236   13.6401
    0.0000  -45.0000    7.500010417.5117   13.6260
    7.5000  -45.0000    7.5000 9890.8145   13.6086
   -7.5000  -37.5000    7.500010920.6533   13.5012
    0.0000  -37.5000    7.500011345.9248   13.4807
    7.5000  -37.5000    7.500010795.1445   13.4620
   -7.5000  -30.0000    7.500012223.8955   13.4523
    0.0000  -30.0000    7.500012713.7324   13.4311
    7.5000  -30.0000    7.500012083.2314   13.4156
   -7.5000  -22.5000    7.500013524.1611   13.4481
    0.0000  -22.5000    7.500014061.3115   13.4336
    7.5000  -22.5000    7.500013343.2354   13.4239
   -7.5000  -15.0000    7.500014758.2979   13.4254
    0.0000  -15.0000    7.500015345.4717   13.4190
    7.5000  -15.0000    7.500014556.4404   13.4122
   -7.5000   -7.5000    7.500015974.5381   13.4034
    0.0000   -7.5000    7.500016588.8047   13.3969
    7.5000   -7.5000    7.500015748.0088   13.3860
   -7.5000    0.0000    7.500017090.6367   13.4020
    0.0000    0.0000    7.500017831.4922   13.3884
    7.5000    0.0000    7.500016812.0488   13.3716
   -7.5000    7.5000    7.500016860.4336   13.4250
    0.0000    7.5000    7.500017579.1895   13.4047
    7.5000    7.5000    7.500016574.1738   13.3863
   -7.5000   15.0000    7.500016242.4727   13.4489
    0.0000   15.0000    7.500016870.3203   13.4277
    7.5000   15.0000    7.500015955.8174   13.4122
   -7.5000   22.5000    7.500015435.9434   13.4417
    0.0000   22.5000    7.500016004.4639   13.4272
    7.5000   22.5000    7.500015180.4434   13.4175
   -7.5000   30.0000    7.500014465.2783   13.2517
    0.0000   30.0000    7.500015006.1875   13.2454
    7.5000   30.0000    7.500014250.8896   13.2386
   -7.5000   37.5000    7.500013910.5605   13.2299
    0.0000   37.5000    7.500014456.0479   13.2235
    7.5000   37.5000    7.500013724.4697   13.2128
   -7.5000   45.0000    7.500012852.1729   12.9180
    0.0000   45.0000    7.500013347.5488   12.9049
    7.5000   45.0000    7.500012674.5703   12.8886
   -7.5000  -45.0000   15.0000 9472.2090   13.6962
    0.0000  -45.0000   15.0000 9831.5361   13.6843
    7.5000  -45.0000   15.0000 9297.2061   13.6639
   -7.5000  -37.5000   15.000010313.0371   13.5533
    0.0000  -37.5000   15.000010705.3193   13.5356
    7.5000  -37.5000   15.000010156.7178   13.5168
   -7.5000  -30.0000   15.000011509.7725   13.5025
    0.0000  -30.0000   15.000011952.8066   13.4830
    7.5000  -30.0000   15.000011348.8398   13.4689
   -7.5000  -22.5000   15.000012692.4346   13.4994
    0.0000  -22.5000   15.000013201.0293   13.4848
    7.5000  -22.5000   15.000012566.6582   13.4743
   -7.5000  -15.0000   15.000013798.5215   13.4797
    0.0000  -15.0000   15.000014372.0264   13.4722
    7.5000  -15.0000   15.000013707.8975   13.4612
   -7.5000   -7.5000   15.000014906.8984   13.4593
    0.0000   -7.5000   15.000015530.9014   13.4529
    7.5000   -7.5000   15.000014809.9844   13.4371
   -7.5000    0.0000   15.000015950.7754   13.4566
    0.0000    0.0000   15.000016665.6836   13.4452
    7.5000    0.0000   15.000015833.1113   13.4254
   -7.5000    7.5000   15.000015739.5078   13.4769
    0.0000    7.5000   15.000016345.2354   13.4594
    7.5000    7.5000   15.000015611.8369   13.4410
   -7.5000   15.0000   15.000015228.2197   13.4990
    0.0000   15.0000   15.000015749.5762   13.4796
    7.5000   15.0000   15.000015065.8027   13.4655
   -7.5000   22.5000   15.000014551.6318   13.4930
    0.0000   22.5000   15.000015061.1826   13.4784
    7.5000   22.5000   15.000014405.9141   13.4678
   -7.5000   30.0000   15.000013658.5615   13.3053
    0.0000   30.0000   15.000014138.3799   13.2979
    7.5000   30.0000   15.000013526.2188   13.2870
   -7.5000   37.5000   15.000013129.5322   13.2851
    0.0000   37.5000   15.000013599.0527   13.2788
    7.5000   37.5000   15.000013002.0732   13.2632
   -7.5000   45.0000   15.000012129.9805   12.9706
    0.0000   45.0000   15.000012564.7070   12.9596
    7.5000   45.0000   15.000011996.3906   12.9405
   -7.5000  -45.0000   22.5000 8800.5195   13.8395
    0.0000  -45.0000   22.5000 9124.8750   13.8317
    7.5000  -45.0000   22.5000 8635.1992   13.8119
   -7.5000  -37.5000   22.5000 9585.5703   13.6904
    0.0000  -37.5000   22.5000 9947.2705   13.6751
    7.5000  -37.5000   22.5000 9441.1162   13.6568
   -7.5000  -30.0000   22.500010697.6465   13.6362
    0.0000  -30.0000   22.500011112.4336   13.6166
    7.5000  -30.0000   22.500010567.9238   13.6020
   -7.5000  -22.5000   22.500011802.1699   13.6328
    0.0000  -22.5000   22.500012268.7656   13.6174
    7.5000  -22.5000   22.500011696.8428   13.6049
   -7.5000  -15.0000   22.500012830.3281   13.6159
    0.0000  -15.0000   22.500013356.4404   13.6090
    7.5000  -15.0000   22.500012767.1406   13.5955
   -7.5000   -7.5000   22.500013857.0459   13.5981
    0.0000   -7.5000   22.500014442.0488   13.5946
    7.5000   -7.5000   22.500013812.4707   13.5778
   -7.5000    0.0000   22.500014806.0508   13.5948
    0.0000    0.0000   22.500015441.9414   13.5873
    7.5000    0.0000   22.500014745.0176   13.5680
   -7.5000    7.5000   22.500014561.2744   13.6126
    0.0000    7.5000   22.500015112.1074   13.5975
    7.5000    7.5000   22.500014493.1426   13.5795
   -7.5000   15.0000   22.500014132.2148   13.6326
    0.0000   15.0000   22.500014634.5039   13.6131
    7.5000   15.0000   22.500014037.1631   13.5984
   -7.5000   22.5000   22.500013583.7861   13.6263
    0.0000   22.5000   22.500014071.5635   13.6109
    7.5000   22.5000   22.500013466.5986   13.5984
   -7.5000   30.0000   22.500012800.6855   13.4397
    0.0000   30.0000   22.500013251.3623   13.4329
    7.5000   30.0000   22.500012665.9072   13.4196
   -7.5000   37.5000   22.500012293.7607   13.4221
    0.0000   37.5000   22.500012718.7871   13.4187
    7.5000   37.5000   22.500012159.2471   13.4021
   -7.5000   45.0000   22.500011337.3428   13.1038
    0.0000   45.0000   22.500011742.3438   13.0966
    7.5000   45.0000   22.500011201.3984   13.0780
   -7.5000  -45.0000   30.0000 8085.1372   14.0759
    0.0000  -45.0000   30.0000 8379.8916   14.0704
    7.5000  -45.0000   30.0000 7961.5303   14.0555
   -7.5000  -37.5000   30.0000 8813.3389   13.9216
    0.0000  -37.5000   30.0000 9146.6016   13.9062
    7.5000  -37.5000   30.0000 8711.2666   13.8899
   -7.5000  -30.0000   30.0000 9850.3564   13.8665
    0.0000  -30.0000   30.000010237.5332   13.8450
    7.5000  -30.0000   30.0000 9752.8096   13.8296
   -7.5000  -22.5000   30.000010874.9541   13.8631
    0.0000  -22.5000   30.000011321.3633   13.8467
    7.5000  -22.5000   30.000010797.6406   13.8340
   -7.5000  -15.0000   30.000011818.1045   13.8453
    0.0000  -15.0000   30.000012344.7266   13.8401
    7.5000  -15.0000   30.000011787.7139   13.8292
   -7.5000   -7.5000   30.000012768.8516   13.8265
    0.0000   -7.5000   30.000013334.9277   13.8262
    7.5000   -7.5000   30.000012750.4717   13.8143
   -7.5000    0.0000   30.000013630.9072   13.8222
    0.0000    0.0000   30.000014208.0879   13.8170
    7.5000    0.0000   30.000013586.2559   13.8025
   -7.5000    7.5000   30.000013378.0234   13.8411
    0.0000    7.5000   30.000013897.7031   13.8258
    7.5000    7.5000   30.000013339.5518   13.8097
   -7.5000   15.0000   30.000012988.1719   13.8629
    0.0000   15.0000   30.000013486.6094   13.8413
    7.5000   15.0000   30.000012937.1416   13.8260
   -7.5000   22.5000   30.000012514.8779   13.8565
    0.0000   22.5000   30.000012990.1348   13.8401
    7.5000   22.5000   30.000012426.5947   13.8274
   -7.5000   30.0000   30.000011832.6846   13.6661
    0.0000   30.0000   30.000012267.5488   13.6609
    7.5000   30.0000   30.000011726.8545   13.6503
   -7.5000   37.5000   30.000011382.6387   13.6475
    0.0000   37.5000   30.000011796.5967   13.6472
    7.5000   37.5000   30.000011271.1045   13.6355
   -7.5000   45.0000   30.000010476.8242   13.3230
    0.0000   45.0000   30.000010873.4004   13.3180
    7.5000   45.0000   30.000010384.1260   13.3040
   -7.5000  -45.0000   37.5000 7692.4619   14.4680
    0.0000  -45.0000   37.5000 8005.1499   14.4581
    7.5000  -45.0000   37.5000 7616.6089   14.4458
   -7.5000  -37.5000   37.5000 8403.9893   14.3079
    0.0000  -37.5000   37.5000 8734.8770   14.2876
    7.5000  -37.5000   37.5000 8333.8408   14.2713
   -7.5000  -30.0000   37.5000 9408.5254   14.2496
    0.0000  -30.0000   37.5000 9788.0889   14.2247
    7.5000  -30.0000   37.5000 9341.8701   14.2087
   -7.5000  -22.5000   37.500010383.8682   14.2432
    0.0000  -22.5000   37.500010824.9883   14.2259
    7.5000  -22.5000   37.500010325.5615   14.2152
   -7.5000  -15.0000   37.500011314.0742   14.2211
    0.0000  -15.0000   37.500011823.2871   14.2161
    7.5000  -15.0000   37.500011281.8447   14.2105
   -7.5000   -7.5000   37.500012217.4912   14.2011
    0.0000   -7.5000   37.500012754.1562   14.1993
    7.5000   -7.5000   37.500012190.8096   14.1926
   -7.5000    0.0000   37.500013008.8701   14.1997
    0.0000    0.0000   37.500013556.9102   14.1903
    7.5000    0.0000   37.500012982.9502   14.1784
   -7.5000    7.5000   37.500012760.4023   14.2224
    0.0000    7.5000   37.500013271.8252   14.2023
    7.5000    7.5000   37.500012730.0137   14.1861
   -7.5000   15.0000   37.500012395.4766   14.2457
    0.0000   15.0000   37.500012890.5869   14.2209
    7.5000   15.0000   37.500012352.7852   14.2048
   -7.5000   22.5000   37.500011946.0137   14.2364
    0.0000   22.5000   37.500012408.5293   14.2191
    7.5000   22.5000   37.500011881.5176   14.2084
   -7.5000   30.0000   37.500011292.6826   14.0370
    0.0000   30.0000   37.500011743.8271   14.0321
    7.5000   30.0000   37.500011242.5605   14.0266
   -7.5000   37.5000   37.500010879.1875   14.0173
    0.0000   37.5000   37.500011312.2236   14.0155
    7.5000   37.5000   37.500010807.9932   14.0089
   -7.5000   45.0000   37.500010051.6797   13.6868
    0.0000   45.0000   37.500010442.9199   13.6778
    7.5000   45.0000   37.5000 9961.8115   13.6664
   -7.5000  -45.0000   45.0000 7017.0732   14.9035
    0.0000  -45.0000   45.0000 7301.4849   14.8893
    7.5000  -45.0000   45.0000 6948.1333   14.8761
   -7.5000  -37.5000   45.0000 7662.0234   14.7372
    0.0000  -37.5000   45.0000 7966.6401   14.7126
    7.5000  -37.5000   45.0000 7599.5859   14.6949
   -7.5000  -30.0000   45.0000 8594.1865   14.6774
    0.0000  -30.0000   45.0000 8942.6592   14.6508
    7.5000  -30.0000   45.0000 8527.3252   14.6345
   -7.5000  -22.5000   45.0000 9494.6787   14.6700
    0.0000  -22.5000   45.0000 9901.7314   14.6534
    7.5000  -22.5000   45.0000 9429.1045   14.6450
   -7.5000  -15.0000   45.000010358.5127   14.6417
    0.0000  -15.0000   45.000010820.2275   14.6380
    7.5000  -15.0000   45.000010325.3438   14.6361
   -7.5000   -7.5000   45.000011175.0000   14.6169
    0.0000   -7.5000   45.000011660.8203   14.6138
    7.5000   -7.5000   45.000011155.9492   14.6090
   -7.5000    0.0000   45.000011874.3027   14.6173
    0.0000    0.0000   45.000012382.6133   14.6036
    7.5000    0.0000   45.000011858.3506   14.5911
   -7.5000    7.5000   45.000011653.3369   14.6456
    0.0000    7.5000   45.000012124.4141   14.6213
    7.5000    7.5000   45.000011630.9014   14.6038
   -7.5000   15.0000   45.000011340.0107   14.6733
    0.0000   15.0000   45.000011790.7812   14.6467
    7.5000   15.0000   45.000011299.3105   14.6303
   -7.5000   22.5000   45.000010919.5596   14.6630
    0.0000   22.5000   45.000011347.0225   14.6464
    7.5000   22.5000   45.000010872.7744   14.6380
   -7.5000   30.0000   45.000010336.4707   14.4510
    0.0000   30.0000   45.000010752.9697   14.4473
    7.5000   30.0000   45.000010295.0322   14.4454
   -7.5000   37.5000   45.0000 9964.4785   14.4265
    0.0000   37.5000   45.000010376.1094   14.4234
    7.5000   37.5000   45.0000 9905.4404   14.4187
   -7.5000   45.0000   45.0000 9190.9863   14.0958
    0.0000   45.0000   45.0000 9576.9180   14.0826
    7.5000   45.0000   45.0000 9130.8164   14.0705

---------------------------------------------------------------------
imgreg_4dfp /opt/freesurfer/average/711-2C_as_mni_average_305 /opt/freesurfer/average/711-2B_as_mni_average_305_mask talsrcimg_g11 none talsrcimg_to_711-2C_as_mni_average_305_t4 4355
---------------------------------------------------------------------

freesurfer imgreg_4dfp.c
/opt/freesurfer/average/711-2C_as_mni_average_305.4dfp.img
       256       256       256         1
  1.000000  1.000000  1.000000
orientation T byte_order littleendian
Reading image: /opt/freesurfer/average/711-2C_as_mni_average_305.4dfp.img
dimensions:      256       256       256
mmppix:       1.0000   -1.0000   -1.0000
center:     128.0000 -129.0000 -129.0000
/opt/freesurfer/average/711-2B_as_mni_average_305_mask.4dfp.img
       256       256       256         1
  1.000000  1.000000  1.000000
orientation T byte_order littleendian
Reading mask: /opt/freesurfer/average/711-2B_as_mni_average_305_mask.4dfp.img (2306576 pixels)
talsrcimg_g11.4dfp.img
       256       256       256         1
  1.000000  1.000000  1.000000
orientation T byte_order littleendian
Reading image: talsrcimg_g11.4dfp.img
dimensions:      256       256       256
mmppix:       1.0000   -1.0000   -1.0000
center:     128.0000 -129.0000 -129.0000
rotation matrix determinant  1.000000
image alignment mode   4355 decimal     1103 hex
   -7.5000  -45.0000  -45.0000 2113.9023   14.8847
    0.0000  -45.0000  -45.0000 2110.5874   14.8781
    7.5000  -45.0000  -45.0000 2092.8374   15.1033
   -7.5000  -37.5000  -45.0000 2241.4421   13.3581
    0.0000  -37.5000  -45.0000 2236.0737   13.3416
    7.5000  -37.5000  -45.0000 2208.9937   13.5050
   -7.5000  -30.0000  -45.0000 2343.5229   12.1647
    0.0000  -30.0000  -45.0000 2340.2793   12.1479
    7.5000  -30.0000  -45.0000 2310.4153   12.3115
   -7.5000  -22.5000  -45.0000 2430.4775   11.2724
    0.0000  -22.5000  -45.0000 2427.3621   11.2652
    7.5000  -22.5000  -45.0000 2396.9724   11.4238
   -7.5000  -15.0000  -45.0000 2485.0349   10.6012
    0.0000  -15.0000  -45.0000 2482.0481   10.6066
    7.5000  -15.0000  -45.0000 2450.3682   10.7526
   -7.5000   -7.5000  -45.0000 2521.0244   10.1403
    0.0000   -7.5000  -45.0000 2523.1272   10.1146
    7.5000   -7.5000  -45.0000 2494.5786   10.2865
   -7.5000    0.0000  -45.0000 2541.0933    9.9017
    0.0000    0.0000  -45.0000 2539.7275    9.8908
    7.5000    0.0000  -45.0000 2509.6528   10.0788
   -7.5000    7.5000  -45.0000 2538.9878    9.8634
    0.0000    7.5000  -45.0000 2544.8616    9.8517
    7.5000    7.5000  -45.0000 2512.6765   10.0127
   -7.5000   15.0000  -45.0000 2532.0776   10.0075
    0.0000   15.0000  -45.0000 2538.2771    9.9514
    7.5000   15.0000  -45.0000 2506.6643   10.1236
   -7.5000   22.5000  -45.0000 2500.5427   10.3220
    0.0000   22.5000  -45.0000 2505.4189   10.2616
    7.5000   22.5000  -45.0000 2477.5349   10.4218
   -7.5000   30.0000  -45.0000 2450.0217   10.7869
    0.0000   30.0000  -45.0000 2458.0020   10.7397
    7.5000   30.0000  -45.0000 2425.5078   10.9196
   -7.5000   37.5000  -45.0000 2376.9189   11.4818
    0.0000   37.5000  -45.0000 2386.4292   11.4218
    7.5000   37.5000  -45.0000 2357.0183   11.6060
   -7.5000   45.0000  -45.0000 2282.1108   12.4467
    0.0000   45.0000  -45.0000 2294.3611   12.3821
    7.5000   45.0000  -45.0000 2264.6118   12.5397
   -7.5000  -45.0000  -37.5000 2169.1123   14.1452
    0.0000  -45.0000  -37.5000 2163.1394   14.1464
    7.5000  -45.0000  -37.5000 2144.4612   14.3385
   -7.5000  -37.5000  -37.5000 2302.4402   12.6940
    0.0000  -37.5000  -37.5000 2294.7656   12.6800
    7.5000  -37.5000  -37.5000 2265.6384   12.8418
   -7.5000  -30.0000  -37.5000 2410.4641   11.5264
    0.0000  -30.0000  -37.5000 2408.5393   11.5126
    7.5000  -30.0000  -37.5000 2372.0330   11.6782
   -7.5000  -22.5000  -37.5000 2499.0127   10.6256
    0.0000  -22.5000  -37.5000 2497.8618   10.6086
    7.5000  -22.5000  -37.5000 2463.4048   10.7697
   -7.5000  -15.0000  -37.5000 2561.1191    9.9783
    0.0000  -15.0000  -37.5000 2560.0718    9.9556
    7.5000  -15.0000  -37.5000 2525.7993   10.0945
   -7.5000   -7.5000  -37.5000 2604.8384    9.5283
    0.0000   -7.5000  -37.5000 2607.9089    9.4840
    7.5000   -7.5000  -37.5000 2576.0339    9.6187
   -7.5000    0.0000  -37.5000 2631.6750    9.2792
    0.0000    0.0000  -37.5000 2636.1982    9.2355
    7.5000    0.0000  -37.5000 2602.1128    9.3829
   -7.5000    7.5000  -37.5000 2634.8484    9.2232
    0.0000    7.5000  -37.5000 2644.2913    9.1993
    7.5000    7.5000  -37.5000 2607.3706    9.3545
   -7.5000   15.0000  -37.5000 2623.0784    9.3470
    0.0000   15.0000  -37.5000 2633.4148    9.3109
    7.5000   15.0000  -37.5000 2601.7476    9.4601
   -7.5000   22.5000  -37.5000 2592.7568    9.6381
    0.0000   22.5000  -37.5000 2604.4578    9.5692
    7.5000   22.5000  -37.5000 2575.6785    9.7323
   -7.5000   30.0000  -37.5000 2544.7012   10.0685
    0.0000   30.0000  -37.5000 2557.8257   10.0031
    7.5000   30.0000  -37.5000 2524.2114   10.1808
   -7.5000   37.5000  -37.5000 2467.6287   10.7014
    0.0000   37.5000  -37.5000 2482.0034   10.6302
    7.5000   37.5000  -37.5000 2453.2417   10.7983
   -7.5000   45.0000  -37.5000 2365.4368   11.5904
    0.0000   45.0000  -37.5000 2377.9307   11.5079
    7.5000   45.0000  -37.5000 2352.0950   11.6711
   -7.5000  -45.0000  -30.0000 2251.0090   14.0265
    0.0000  -45.0000  -30.0000 2243.9336   14.0262
    7.5000  -45.0000  -30.0000 2224.7820   14.2221
   -7.5000  -37.5000  -30.0000 2389.3694   12.5420
    0.0000  -37.5000  -30.0000 2381.1167   12.5442
    7.5000  -37.5000  -30.0000 2354.8584   12.7040
   -7.5000  -30.0000  -30.0000 2503.6736   11.3577
    0.0000  -30.0000  -30.0000 2497.7493   11.3574
    7.5000  -30.0000  -30.0000 2468.9221   11.5016
   -7.5000  -22.5000  -30.0000 2598.4060   10.4282
    0.0000  -22.5000  -30.0000 2593.6428   10.4201
    7.5000  -22.5000  -30.0000 2566.1589   10.5708
   -7.5000  -15.0000  -30.0000 2674.3770    9.7470
    0.0000  -15.0000  -30.0000 2674.1072    9.7198
    7.5000  -15.0000  -30.0000 2643.1919    9.8474
   -7.5000   -7.5000  -30.0000 2723.1345    9.2899
    0.0000   -7.5000  -30.0000 2729.7288    9.2468
    7.5000   -7.5000  -30.0000 2698.6863    9.3754
   -7.5000    0.0000  -30.0000 2758.8235    9.0118
    0.0000    0.0000  -30.0000 2767.4272    8.9535
    7.5000    0.0000  -30.0000 2730.1394    9.0980
   -7.5000    7.5000  -30.0000 2776.5513    8.9421
    0.0000    7.5000  -30.0000 2784.2017    8.9031
    7.5000    7.5000  -30.0000 2744.1072    9.0570
   -7.5000   15.0000  -30.0000 2765.9260    9.0635
    0.0000   15.0000  -30.0000 2780.5371    9.0187
    7.5000   15.0000  -30.0000 2746.7397    9.1769
   -7.5000   22.5000  -30.0000 2733.6992    9.3611
    0.0000   22.5000  -30.0000 2751.7334    9.2924
    7.5000   22.5000  -30.0000 2719.8069    9.4540
   -7.5000   30.0000  -30.0000 2679.1846    9.7806
    0.0000   30.0000  -30.0000 2697.5291    9.6943
    7.5000   30.0000  -30.0000 2666.9072    9.8617
   -7.5000   37.5000  -30.0000 2597.5959   10.3678
    0.0000   37.5000  -30.0000 2615.5322   10.2955
    7.5000   37.5000  -30.0000 2586.3611   10.4520
   -7.5000   45.0000  -30.0000 2487.7568   11.2295
    0.0000   45.0000  -30.0000 2501.7844   11.1468
    7.5000   45.0000  -30.0000 2474.4250   11.3134
   -7.5000  -45.0000  -22.5000 2292.5388   13.8301
    0.0000  -45.0000  -22.5000 2283.5212   13.8340
    7.5000  -45.0000  -22.5000 2265.0864   14.0940
   -7.5000  -37.5000  -22.5000 2435.5657   12.3250
    0.0000  -37.5000  -22.5000 2427.7891   12.3358
    7.5000  -37.5000  -22.5000 2400.3411   12.5517
   -7.5000  -30.0000  -22.5000 2556.6653   11.1464
    0.0000  -30.0000  -22.5000 2550.3704   11.1388
    7.5000  -30.0000  -22.5000 2521.3340   11.3276
   -7.5000  -22.5000  -22.5000 2657.8052   10.2143
    0.0000  -22.5000  -22.5000 2654.0598   10.1874
    7.5000  -22.5000  -22.5000 2625.9998   10.3548
   -7.5000  -15.0000  -22.5000 2746.2942    9.4995
    0.0000  -15.0000  -22.5000 2745.7100    9.4865
    7.5000  -15.0000  -22.5000 2713.8420    9.6121
   -7.5000   -7.5000  -22.5000 2805.5974    9.0097
    0.0000   -7.5000  -22.5000 2810.9470    8.9804
    7.5000   -7.5000  -22.5000 2781.5847    9.1107
   -7.5000    0.0000  -22.5000 2849.4797    8.6975
    0.0000    0.0000  -22.5000 2858.3137    8.6618
    7.5000    0.0000  -22.5000 2821.7930    8.8128
   -7.5000    7.5000  -22.5000 2873.1406    8.6297
    0.0000    7.5000  -22.5000 2887.0291    8.5701
    7.5000    7.5000  -22.5000 2841.9521    8.7362
   -7.5000   15.0000  -22.5000 2871.8621    8.7459
    0.0000   15.0000  -22.5000 2889.3901    8.6931
    7.5000   15.0000  -22.5000 2844.4792    8.8649
   -7.5000   22.5000  -22.5000 2839.5730    9.0403
    0.0000   22.5000  -22.5000 2858.1270    8.9787
    7.5000   22.5000  -22.5000 2820.8276    9.1192
   -7.5000   30.0000  -22.5000 2779.5635    9.4206
    0.0000   30.0000  -22.5000 2797.2302    9.3555
    7.5000   30.0000  -22.5000 2764.3779    9.5160
   -7.5000   37.5000  -22.5000 2693.1230    9.9917
    0.0000   37.5000  -22.5000 2710.4019    9.9283
    7.5000   37.5000  -22.5000 2679.4424   10.0964
   -7.5000   45.0000  -22.5000 2579.6074   10.8415
    0.0000   45.0000  -22.5000 2592.2124   10.7738
    7.5000   45.0000  -22.5000 2565.5950   10.9419
   -7.5000  -45.0000  -15.0000 2298.2683   13.6629
    0.0000  -45.0000  -15.0000 2294.5518   13.6916
    7.5000  -45.0000  -15.0000 2274.4731   14.0151
   -7.5000  -37.5000  -15.0000 2442.6638   12.1444
    0.0000  -37.5000  -15.0000 2440.1504   12.1508
    7.5000  -37.5000  -15.0000 2409.6782   12.4144
   -7.5000  -30.0000  -15.0000 2570.9438   10.9529
    0.0000  -30.0000  -15.0000 2565.4182   10.9490
    7.5000  -30.0000  -15.0000 2533.3582   11.1538
   -7.5000  -22.5000  -15.0000 2677.3640   10.0230
    0.0000  -22.5000  -15.0000 2671.1807    9.9853
    7.5000  -22.5000  -15.0000 2642.3750   10.1519
   -7.5000  -15.0000  -15.0000 2776.6738    9.2989
    0.0000  -15.0000  -15.0000 2774.3223    9.2674
    7.5000  -15.0000  -15.0000 2748.7126    9.3903
   -7.5000   -7.5000  -15.0000 2851.4585    8.7813
    0.0000   -7.5000  -15.0000 2856.6963    8.7426
    7.5000   -7.5000  -15.0000 2821.9565    8.8779
   -7.5000    0.0000  -15.0000 2903.7859    8.4832
    0.0000    0.0000  -15.0000 2913.5486    8.4566
    7.5000    0.0000  -15.0000 2877.1602    8.5868
   -7.5000    7.5000  -15.0000 2937.8513    8.4128
    0.0000    7.5000  -15.0000 2948.5293    8.3597
    7.5000    7.5000  -15.0000 2904.2925    8.5142
   -7.5000   15.0000  -15.0000 2943.9536    8.4916
    0.0000   15.0000  -15.0000 2960.6597    8.4325
    7.5000   15.0000  -15.0000 2907.0674    8.5936
   -7.5000   22.5000  -15.0000 2907.7310    8.7450
    0.0000   22.5000  -15.0000 2923.4128    8.6795
    7.5000   22.5000  -15.0000 2882.4587    8.8085
   -7.5000   30.0000  -15.0000 2842.7119    9.1145
    0.0000   30.0000  -15.0000 2860.2588    9.0445
    7.5000   30.0000  -15.0000 2828.2085    9.1695
   -7.5000   37.5000  -15.0000 2752.1572    9.6837
    0.0000   37.5000  -15.0000 2766.9861    9.6077
    7.5000   37.5000  -15.0000 2739.2380    9.7472
   -7.5000   45.0000  -15.0000 2634.1855   10.5330
    0.0000   45.0000  -15.0000 2645.9395   10.4357
    7.5000   45.0000  -15.0000 2622.8457   10.5838
   -7.5000  -45.0000   -7.5000 2290.7375   13.6276
    0.0000  -45.0000   -7.5000 2285.2708   13.6588
    7.5000  -45.0000   -7.5000 2265.8743   13.9577
   -7.5000  -37.5000   -7.5000 2434.3748   12.0465
    0.0000  -37.5000   -7.5000 2427.6184   12.0717
    7.5000  -37.5000   -7.5000 2400.3857   12.3470
   -7.5000  -30.0000   -7.5000 2560.2671   10.8345
    0.0000  -30.0000   -7.5000 2553.9905   10.8401
    7.5000  -30.0000   -7.5000 2523.6018   11.0765
   -7.5000  -22.5000   -7.5000 2668.8530    9.8769
    0.0000  -22.5000   -7.5000 2669.1689    9.8619
    7.5000  -22.5000   -7.5000 2639.7998   10.0522
   -7.5000  -15.0000   -7.5000 2774.3281    9.1507
    0.0000  -15.0000   -7.5000 2778.7446    9.1318
    7.5000  -15.0000   -7.5000 2754.7034    9.2715
   -7.5000   -7.5000   -7.5000 2863.6541    8.6483
    0.0000   -7.5000   -7.5000 2874.5664    8.6120
    7.5000   -7.5000   -7.5000 2840.0647    8.7289
   -7.5000    0.0000   -7.5000 2937.3086    8.3767
    0.0000    0.0000   -7.5000 2945.2158    8.3289
    7.5000    0.0000   -7.5000 2908.4966    8.4125
   -7.5000    7.5000   -7.5000 2975.7854    8.3535
    0.0000    7.5000   -7.5000 2988.6074    8.2876
    7.5000    7.5000   -7.5000 2943.0232    8.3441
   -7.5000   15.0000   -7.5000 2981.7556    8.3753
    0.0000   15.0000   -7.5000 3000.7468    8.3061
    7.5000   15.0000   -7.5000 2946.5159    8.3889
   -7.5000   22.5000   -7.5000 2943.6541    8.5221
    0.0000   22.5000   -7.5000 2962.2095    8.4503
    7.5000   22.5000   -7.5000 2917.1733    8.5578
   -7.5000   30.0000   -7.5000 2883.7371    8.8365
    0.0000   30.0000   -7.5000 2899.8533    8.7725
    7.5000   30.0000   -7.5000 2867.6707    8.8891
   -7.5000   37.5000   -7.5000 2784.8711    9.4118
    0.0000   37.5000   -7.5000 2799.5125    9.3368
    7.5000   37.5000   -7.5000 2774.5222    9.4710
   -7.5000   45.0000   -7.5000 2660.3057   10.2676
    0.0000   45.0000   -7.5000 2674.8716   10.1784
    7.5000   45.0000   -7.5000 2649.7874   10.3287
   -7.5000  -45.0000    0.0000 2273.8691   13.7179
    0.0000  -45.0000    0.0000 2267.8589   13.7608
    7.5000  -45.0000    0.0000 2246.6104   14.1004
   -7.5000  -37.5000    0.0000 2409.1172   12.1022
    0.0000  -37.5000    0.0000 2403.0251   12.1245
    7.5000  -37.5000    0.0000 2382.4856   12.4286
   -7.5000  -30.0000    0.0000 2524.1956   10.8804
    0.0000  -30.0000    0.0000 2522.5427   10.9102
    7.5000  -30.0000    0.0000 2503.6968   11.1501
   -7.5000  -22.5000    0.0000 2640.1169    9.9264
    0.0000  -22.5000    0.0000 2642.2908    9.9269
    7.5000  -22.5000    0.0000 2618.6646   10.1227
   -7.5000  -15.0000    0.0000 2754.1409    9.1981
    0.0000  -15.0000    0.0000 2756.7227    9.1802
    7.5000  -15.0000    0.0000 2732.9402    9.3271
   -7.5000   -7.5000    0.0000 2859.6917    8.6672
    0.0000   -7.5000    0.0000 2862.7029    8.6298
    7.5000   -7.5000    0.0000 2832.6155    8.7354
   -7.5000    0.0000    0.0000 2941.3547    8.3841
    0.0000    0.0000    0.0000 2950.3501    8.3244
    7.5000    0.0000    0.0000 2909.2932    8.3947
   -7.5000    7.5000    0.0000 2999.3477    8.2934
    0.0000    7.5000    0.0000 3011.4849    8.2531
    7.5000    7.5000    0.0000 2957.1553    8.2930
   -7.5000   15.0000    0.0000 2996.3643    8.3286
    0.0000   15.0000    0.0000 3018.2612    8.2804
    7.5000   15.0000    0.0000 2962.1890    8.3340
   -7.5000   22.5000    0.0000 2950.3728    8.4606
    0.0000   22.5000    0.0000 2975.0586    8.4187
    7.5000   22.5000    0.0000 2926.6223    8.5167
   -7.5000   30.0000    0.0000 2884.8889    8.7754
    0.0000   30.0000    0.0000 2902.0466    8.7278
    7.5000   30.0000    0.0000 2863.5732    8.8668
   -7.5000   37.5000    0.0000 2785.1580    9.3424
    0.0000   37.5000    0.0000 2802.2451    9.2744
    7.5000   37.5000    0.0000 2776.6292    9.4235
   -7.5000   45.0000    0.0000 2663.6667   10.1810
    0.0000   45.0000    0.0000 2681.7322   10.0940
    7.5000   45.0000    0.0000 2658.3533   10.2340
   -7.5000  -45.0000    7.5000 2249.8713   14.0245
    0.0000  -45.0000    7.5000 2244.2273   14.0977
    7.5000  -45.0000    7.5000 2220.6018   14.4379
   -7.5000  -37.5000    7.5000 2374.4939   12.3899
    0.0000  -37.5000    7.5000 2370.2898   12.4319
    7.5000  -37.5000    7.5000 2349.8083   12.7234
   -7.5000  -30.0000    7.5000 2483.8843   11.1431
    0.0000  -30.0000    7.5000 2481.7747   11.1604
    7.5000  -30.0000    7.5000 2463.5754   11.4066
   -7.5000  -22.5000    7.5000 2603.3157   10.1440
    0.0000  -22.5000    7.5000 2600.7344   10.1396
    7.5000  -22.5000    7.5000 2577.2212   10.3497
   -7.5000  -15.0000    7.5000 2720.2920    9.3505
    0.0000  -15.0000    7.5000 2723.5720    9.3362
    7.5000  -15.0000    7.5000 2695.0859    9.5041
   -7.5000   -7.5000    7.5000 2833.5845    8.7800
    0.0000   -7.5000    7.5000 2840.4976    8.7395
    7.5000   -7.5000    7.5000 2808.7397    8.8888
   -7.5000    0.0000    7.5000 2927.7563    8.4320
    0.0000    0.0000    7.5000 2938.3835    8.3976
    7.5000    0.0000    7.5000 2891.9873    8.5167
   -7.5000    7.5000    7.5000 2989.0496    8.3092
    0.0000    7.5000    7.5000 3003.1917    8.2614
    7.5000    7.5000    7.5000 2948.9280    8.3767
   -7.5000   15.0000    7.5000 2992.3091    8.3064
    0.0000   15.0000    7.5000 3015.2769    8.2431
    7.5000   15.0000    7.5000 2955.8704    8.3969
   -7.5000   22.5000    7.5000 2939.6116    8.5156
    0.0000   22.5000    7.5000 2964.2505    8.4202
    7.5000   22.5000    7.5000 2915.1660    8.6214
   -7.5000   30.0000    7.5000 2860.7427    8.8959
    0.0000   30.0000    7.5000 2878.8171    8.8194
    7.5000   30.0000    7.5000 2843.3755    9.0065
   -7.5000   37.5000    7.5000 2759.8748    9.4770
    0.0000   37.5000    7.5000 2778.1575    9.4023
    7.5000   37.5000    7.5000 2752.4297    9.5687
   -7.5000   45.0000    7.5000 2642.3171   10.2986
    0.0000   45.0000    7.5000 2657.8606   10.2145
    7.5000   45.0000    7.5000 2637.4319   10.3546
   -7.5000  -45.0000   15.0000 2215.3464   14.5941
    0.0000  -45.0000   15.0000 2208.4841   14.6627
    7.5000  -45.0000   15.0000 2178.2034   14.9887
   -7.5000  -37.5000   15.0000 2338.0308   12.8635
    0.0000  -37.5000   15.0000 2330.3596   12.8983
    7.5000  -37.5000   15.0000 2306.5339   13.1843
   -7.5000  -30.0000   15.0000 2447.3276   11.5147
    0.0000  -30.0000   15.0000 2441.6116   11.5254
    7.5000  -30.0000   15.0000 2416.7590   11.7816
   -7.5000  -22.5000   15.0000 2562.1367   10.4615
    0.0000  -22.5000   15.0000 2562.5881   10.4459
    7.5000  -22.5000   15.0000 2537.5261   10.6676
   -7.5000  -15.0000   15.0000 2675.1985    9.6243
    0.0000  -15.0000   15.0000 2684.4216    9.5850
    7.5000  -15.0000   15.0000 2657.1831    9.7971
   -7.5000   -7.5000   15.0000 2788.9685    9.0274
    0.0000   -7.5000   15.0000 2799.7407    8.9791
    7.5000   -7.5000   15.0000 2766.9202    9.1641
   -7.5000    0.0000   15.0000 2883.0110    8.6875
    0.0000    0.0000   15.0000 2895.1975    8.6380
    7.5000    0.0000   15.0000 2856.9097    8.7874
   -7.5000    7.5000   15.0000 2940.0327    8.5224
    0.0000    7.5000   15.0000 2958.3438    8.4704
    7.5000    7.5000   15.0000 2915.4846    8.6239
   -7.5000   15.0000   15.0000 2946.4663    8.5454
    0.0000   15.0000   15.0000 2962.4612    8.4411
    7.5000   15.0000   15.0000 2918.2241    8.6494
   -7.5000   22.5000   15.0000 2903.2520    8.7760
    0.0000   22.5000   15.0000 2924.0427    8.6655
    7.5000   22.5000   15.0000 2882.9067    8.8709
   -7.5000   30.0000   15.0000 2823.0750    9.1722
    0.0000   30.0000   15.0000 2842.8120    9.0726
    7.5000   30.0000   15.0000 2809.8860    9.2720
   -7.5000   37.5000   15.0000 2716.9741    9.7487
    0.0000   37.5000   15.0000 2734.6685    9.6602
    7.5000   37.5000   15.0000 2709.6262    9.8515
   -7.5000   45.0000   15.0000 2599.9590   10.5356
    0.0000   45.0000   15.0000 2614.1890   10.4591
    7.5000   45.0000   15.0000 2596.0994   10.6197
   -7.5000  -45.0000   22.5000 2166.7810   15.2922
    0.0000  -45.0000   22.5000 2155.9666   15.3215
    7.5000  -45.0000   22.5000 2129.1394   15.6929
   -7.5000  -37.5000   22.5000 2295.8728   13.4280
    0.0000  -37.5000   22.5000 2289.3748   13.4494
    7.5000  -37.5000   22.5000 2260.4702   13.7759
   -7.5000  -30.0000   22.5000 2409.4907   12.0073
    0.0000  -30.0000   22.5000 2406.1611   12.0012
    7.5000  -30.0000   22.5000 2375.7739   12.2921
   -7.5000  -22.5000   22.5000 2523.3647   10.8992
    0.0000  -22.5000   22.5000 2524.1370   10.8747
    7.5000  -22.5000   22.5000 2494.0215   11.1270
   -7.5000  -15.0000   22.5000 2632.3152   10.0321
    0.0000  -15.0000   22.5000 2639.7241    9.9875
    7.5000  -15.0000   22.5000 2611.7778   10.2348
   -7.5000   -7.5000   22.5000 2738.3125    9.4345
    0.0000   -7.5000   22.5000 2750.9121    9.3822
    7.5000   -7.5000   22.5000 2721.7722    9.5844
   -7.5000    0.0000   22.5000 2825.3613    9.0733
    0.0000    0.0000   22.5000 2840.1604    9.0194
    7.5000    0.0000   22.5000 2806.1201    9.1795
   -7.5000    7.5000   22.5000 2872.0188    8.9016
    0.0000    7.5000   22.5000 2891.5581    8.8075
    7.5000    7.5000   22.5000 2856.3831    8.9912
   -7.5000   15.0000   22.5000 2873.7224    8.9560
    0.0000   15.0000   22.5000 2889.5437    8.8451
    7.5000   15.0000   22.5000 2857.4431    9.0334
   -7.5000   22.5000   22.5000 2837.5322    9.2067
    0.0000   22.5000   22.5000 2855.0950    9.1119
    7.5000   22.5000   22.5000 2821.9578    9.2775
   -7.5000   30.0000   22.5000 2769.2522    9.6110
    0.0000   30.0000   22.5000 2784.9331    9.5271
    7.5000   30.0000   22.5000 2754.5537    9.6943
   -7.5000   37.5000   22.5000 2662.6191   10.1686
    0.0000   37.5000   22.5000 2674.3196   10.0846
    7.5000   37.5000   22.5000 2653.7434   10.2526
   -7.5000   45.0000   22.5000 2545.8525   10.9176
    0.0000   45.0000   22.5000 2561.2876   10.8367
    7.5000   45.0000   22.5000 2541.8806   11.0055
   -7.5000  -45.0000   30.0000 2109.5466   16.0678
    0.0000  -45.0000   30.0000 2105.2476   16.0572
    7.5000  -45.0000   30.0000 2077.4460   16.4768
   -7.5000  -37.5000   30.0000 2240.6809   14.1265
    0.0000  -37.5000   30.0000 2240.1223   14.1021
    7.5000  -37.5000   30.0000 2212.7354   14.4866
   -7.5000  -30.0000   30.0000 2359.5830   12.6465
    0.0000  -30.0000   30.0000 2360.7554   12.6048
    7.5000  -30.0000   30.0000 2328.3071   12.9364
   -7.5000  -22.5000   30.0000 2471.8054   11.4768
    0.0000  -22.5000   30.0000 2477.1841   11.4387
    7.5000  -22.5000   30.0000 2442.6052   11.7270
   -7.5000  -15.0000   30.0000 2577.6230   10.5735
    0.0000  -15.0000   30.0000 2589.7356   10.5433
    7.5000  -15.0000   30.0000 2554.8035   10.8040
   -7.5000   -7.5000   30.0000 2676.5088    9.9451
    0.0000   -7.5000   30.0000 2691.1875    9.9044
    7.5000   -7.5000   30.0000 2658.7495   10.1261
   -7.5000    0.0000   30.0000 2756.7109    9.5751
    0.0000    0.0000   30.0000 2769.3296    9.5130
    7.5000    0.0000   30.0000 2740.7009    9.6897
   -7.5000    7.5000   30.0000 2789.9609    9.4099
    0.0000    7.5000   30.0000 2808.9844    9.3100
    7.5000    7.5000   30.0000 2779.5461    9.5072
   -7.5000   15.0000   30.0000 2785.7188    9.4838
    0.0000   15.0000   30.0000 2805.1035    9.3893
    7.5000   15.0000   30.0000 2774.9363    9.5718
   -7.5000   22.5000   30.0000 2751.9304    9.7483
    0.0000   22.5000   30.0000 2771.1079    9.6540
    7.5000   22.5000   30.0000 2738.9644    9.8373
   -7.5000   30.0000   30.0000 2686.2307   10.1749
    0.0000   30.0000   30.0000 2706.2847   10.0815
    7.5000   30.0000   30.0000 2677.0186   10.2616
   -7.5000   37.5000   30.0000 2591.5815   10.7042
    0.0000   37.5000   30.0000 2604.6648   10.6137
    7.5000   37.5000   30.0000 2583.4971   10.7921
   -7.5000   45.0000   30.0000 2479.5330   11.4254
    0.0000   45.0000   30.0000 2491.8101   11.3450
    7.5000   45.0000   30.0000 2474.6118   11.5032
   -7.5000  -45.0000   37.5000 2049.3838   16.9656
    0.0000  -45.0000   37.5000 2054.8018   16.9451
    7.5000  -45.0000   37.5000 2026.9148   17.4321
   -7.5000  -37.5000   37.5000 2183.6709   14.9609
    0.0000  -37.5000   37.5000 2189.4905   14.9388
    7.5000  -37.5000   37.5000 2160.5293   15.3393
   -7.5000  -30.0000   37.5000 2302.3428   13.4234
    0.0000  -30.0000   37.5000 2307.5349   13.3861
    7.5000  -30.0000   37.5000 2274.3416   13.7519
   -7.5000  -22.5000   37.5000 2412.7104   12.2172
    0.0000  -22.5000   37.5000 2422.1758   12.1960
    7.5000  -22.5000   37.5000 2385.4587   12.5057
   -7.5000  -15.0000   37.5000 2512.7373   11.2868
    0.0000  -15.0000   37.5000 2528.7493   11.2705
    7.5000  -15.0000   37.5000 2493.2529   11.5216
   -7.5000   -7.5000   37.5000 2606.8208   10.6263
    0.0000   -7.5000   37.5000 2620.9927   10.5805
    7.5000   -7.5000   37.5000 2587.8301   10.8063
   -7.5000    0.0000   37.5000 2670.0945   10.2212
    0.0000    0.0000   37.5000 2687.6948   10.1533
    7.5000    0.0000   37.5000 2660.0979   10.3541
   -7.5000    7.5000   37.5000 2699.1831   10.0474
    0.0000    7.5000   37.5000 2717.7092    9.9642
    7.5000    7.5000   37.5000 2692.4456   10.1537
   -7.5000   15.0000   37.5000 2689.5125   10.1271
    0.0000   15.0000   37.5000 2708.2666   10.0604
    7.5000   15.0000   37.5000 2684.2449   10.2406
   -7.5000   22.5000   37.5000 2653.4399   10.4054
    0.0000   22.5000   37.5000 2672.4397   10.3310
    7.5000   22.5000   37.5000 2650.6709   10.5103
   -7.5000   30.0000   37.5000 2595.1384   10.7908
    0.0000   30.0000   37.5000 2616.6199   10.7183
    7.5000   30.0000   37.5000 2594.4561   10.9112
   -7.5000   37.5000   37.5000 2510.1658   11.3058
    0.0000   37.5000   37.5000 2526.9321   11.2194
    7.5000   37.5000   37.5000 2504.5691   11.4154
   -7.5000   45.0000   37.5000 2406.4136   12.0431
    0.0000   45.0000   37.5000 2418.4819   11.9571
    7.5000   45.0000   37.5000 2397.3572   12.1251
   -7.5000  -45.0000   45.0000 1988.5347   18.1165
    0.0000  -45.0000   45.0000 1992.7584   18.1217
    7.5000  -45.0000   45.0000 1959.6398   18.6069
   -7.5000  -37.5000   45.0000 2118.2910   16.0020
    0.0000  -37.5000   45.0000 2123.8137   15.9934
    7.5000  -37.5000   45.0000 2092.8364   16.4175
   -7.5000  -30.0000   45.0000 2234.8418   14.4171
    0.0000  -30.0000   45.0000 2242.7083   14.3998
    7.5000  -30.0000   45.0000 2210.0825   14.7394
   -7.5000  -22.5000   45.0000 2342.0461   13.1609
    0.0000  -22.5000   45.0000 2353.8623   13.1486
    7.5000  -22.5000   45.0000 2316.9182   13.4414
   -7.5000  -15.0000   45.0000 2441.1252   12.1766
    0.0000  -15.0000   45.0000 2456.6521   12.1614
    7.5000  -15.0000   45.0000 2425.2585   12.4185
   -7.5000   -7.5000   45.0000 2520.6646   11.4761
    0.0000   -7.5000   45.0000 2536.7568   11.4295
    7.5000   -7.5000   45.0000 2509.9656   11.6695
   -7.5000    0.0000   45.0000 2570.8618   11.0392
    0.0000    0.0000   45.0000 2592.1218   10.9707
    7.5000    0.0000   45.0000 2568.2258   11.1869
   -7.5000    7.5000   45.0000 2598.4939   10.8481
    0.0000    7.5000   45.0000 2615.7209   10.7921
    7.5000    7.5000   45.0000 2596.9355   10.9769
   -7.5000   15.0000   45.0000 2590.2170   10.9528
    0.0000   15.0000   45.0000 2603.3330   10.8960
    7.5000   15.0000   45.0000 2584.5969   11.0566
   -7.5000   22.5000   45.0000 2550.2002   11.2151
    0.0000   22.5000   45.0000 2565.5027   11.1666
    7.5000   22.5000   45.0000 2550.8967   11.3254
   -7.5000   30.0000   45.0000 2493.8257   11.5957
    0.0000   30.0000   45.0000 2513.6858   11.5135
    7.5000   30.0000   45.0000 2497.0879   11.7127
   -7.5000   37.5000   45.0000 2424.4309   12.0658
    0.0000   37.5000   45.0000 2448.3948   11.9723
    7.5000   37.5000   45.0000 2424.4175   12.1599
   -7.5000   45.0000   45.0000 2323.7930   12.8116
    0.0000   45.0000   45.0000 2341.6812   12.7243
    7.5000   45.0000   45.0000 2320.2568   12.8804

---------------------------------------------------------------------
imgreg_4dfp /opt/freesurfer/average/711-2C_as_mni_average_305 /opt/freesurfer/average/711-2B_as_mni_average_305_mask talsrcimg_g11 none talsrcimg_to_711-2C_as_mni_average_305_t4 1283
---------------------------------------------------------------------

freesurfer imgreg_4dfp.c
/opt/freesurfer/average/711-2C_as_mni_average_305.4dfp.img
       256       256       256         1
  1.000000  1.000000  1.000000
orientation T byte_order littleendian
Reading image: /opt/freesurfer/average/711-2C_as_mni_average_305.4dfp.img
dimensions:      256       256       256
mmppix:       1.0000   -1.0000   -1.0000
center:     128.0000 -129.0000 -129.0000
/opt/freesurfer/average/711-2B_as_mni_average_305_mask.4dfp.img
       256       256       256         1
  1.000000  1.000000  1.000000
orientation T byte_order littleendian
Reading mask: /opt/freesurfer/average/711-2B_as_mni_average_305_mask.4dfp.img (2306576 pixels)
talsrcimg_g11.4dfp.img
       256       256       256         1
  1.000000  1.000000  1.000000
orientation T byte_order littleendian
Reading image: talsrcimg_g11.4dfp.img
dimensions:      256       256       256
mmppix:       1.0000   -1.0000   -1.0000
center:     128.0000 -129.0000 -129.0000
rotation matrix determinant  1.000000
fimgreg.f
image alignment mode   1283 decimal      503 hex
parameters
    0.0000   15.0000    0.0000    0.0000    0.0000    0.0000
eta,q 0.94682  8.27377
niter,ni,del,rscale     5    3   12.0000    1.2000
parameter  2  0.688134 ->  0.500000 qaram    1.1500
parameter  3 -0.887555 -> -0.500000 qaram    1.1500
parameter  4  1.150744 ->  0.500000 qaram    1.1500
parameters
   -1.2109   11.5500    3.4500   -3.4500   -2.3709   -2.6604
eta,q 0.95587  8.16015
  0.0619  0.0526  0.0568  0.0463  0.0475  0.0460
  0.0568  0.0518  0.0554  0.0462  0.0457  0.0447
  0.0543  0.0531  0.0535  0.0468  0.0451  0.0441
  0.0547  0.0540  0.0518  0.0490  0.0462  0.0451
  0.0582  0.0557  0.0500  0.0527  0.0485  0.0477
  0.0638  0.0586  0.0490  0.0560  0.0521  0.0516
  0.0692  0.0625  0.0507  0.0578  0.0567  0.0555
niter,ni,del,rscale     7    3   12.0000    1.2000
parameter  4  5.434932 ->  0.500000 qaram    1.3225
parameters
   -1.4858   13.2882    2.0717   -7.4175   -2.4955   -3.6765
eta,q 0.96013  8.22955
  0.0556  0.0607  0.0472  0.0376  0.0466  0.0441
  0.0491  0.0533  0.0460  0.0393  0.0439  0.0421
  0.0453  0.0468  0.0452  0.0423  0.0413  0.0403
  0.0441  0.0441  0.0443  0.0448  0.0400  0.0400
  0.0462  0.0448  0.0447  0.0477  0.0412  0.0418
  0.0510  0.0471  0.0477  0.0508  0.0441  0.0448
  0.0575  0.0491  0.0541  0.0537  0.0473  0.0480
niter,ni,del,rscale     7    3   12.0000    1.2000
parameter  4  1.043612 ->  0.500000 qaram    1.5209
parameters
   -1.5381   14.7798    1.1288  -11.9801   -2.5470   -3.4158
eta,q 0.96448  8.24255
  0.0557  0.0533  0.0447  0.0368  0.0435  0.0432
  0.0481  0.0474  0.0417  0.0355  0.0402  0.0399
  0.0422  0.0427  0.0403  0.0366  0.0371  0.0371
  0.0399  0.0399  0.0401  0.0401  0.0356  0.0356
  0.0426  0.0406  0.0413  0.0444  0.0367  0.0361
  0.0487  0.0421  0.0439  0.0476  0.0398  0.0387
  0.0560  0.0454  0.0483  0.0510  0.0443  0.0425
niter,ni,del,rscale     7    3   12.0000    1.2000
parameters
   -1.5378   15.5861   -0.0814  -13.1137   -2.4865   -3.4275
eta,q 0.96445  8.24368
  0.0527  0.0519  0.0415  0.0438  0.0448  0.0425
  0.0451  0.0439  0.0384  0.0392  0.0408  0.0393
  0.0386  0.0376  0.0361  0.0364  0.0373  0.0366
  0.0355  0.0355  0.0360  0.0357  0.0356  0.0355
  0.0383  0.0379  0.0382  0.0385  0.0368  0.0364
  0.0450  0.0413  0.0421  0.0436  0.0402  0.0392
  0.0529  0.0446  0.0475  0.0477  0.0448  0.0427
niter,ni,del,rscale     6    3   12.0000    1.2000
parameters
   -1.6358   15.8512   -0.2359  -13.5690   -2.3792   -3.5425
eta,q 0.96398  8.24424
  0.0537  0.0494  0.0440  0.0448  0.0456  0.0424
  0.0456  0.0408  0.0402  0.0399  0.0415  0.0394
  0.0386  0.0354  0.0372  0.0373  0.0379  0.0370
  0.0355  0.0356  0.0359  0.0359  0.0360  0.0360
  0.0387  0.0394  0.0373  0.0372  0.0373  0.0370
  0.0464  0.0420  0.0404  0.0419  0.0408  0.0396
  0.0550  0.0446  0.0450  0.0464  0.0453  0.0430
niter,ni,del,rscale     5    3   12.0000    1.2000
parameters
   -1.6829   16.0085   -0.2807  -13.7833   -2.3017   -3.6291
eta,q 0.96366  8.24375
  0.0546  0.0489  0.0445  0.0451  0.0459  0.0425
  0.0465  0.0400  0.0406  0.0401  0.0418  0.0396
  0.0393  0.0351  0.0375  0.0376  0.0381  0.0373
  0.0360  0.0360  0.0363  0.0363  0.0363  0.0363
  0.0390  0.0399  0.0375  0.0369  0.0377  0.0372
  0.0467  0.0419  0.0405  0.0412  0.0412  0.0397
  0.0555  0.0446  0.0449  0.0460  0.0457  0.0430
niter,ni,del,rscale     4    3   12.0000    1.2000
parameters
   -1.6998   16.0938   -0.3184  -13.9003   -2.2596   -3.6884
eta,q 0.96347  8.24417
  0.0551  0.0487  0.0446  0.0451  0.0460  0.0426
  0.0470  0.0397  0.0407  0.0401  0.0419  0.0398
  0.0398  0.0350  0.0376  0.0377  0.0382  0.0375
  0.0363  0.0363  0.0365  0.0365  0.0365  0.0365
  0.0392  0.0401  0.0377  0.0368  0.0380  0.0374
  0.0469  0.0419  0.0406  0.0408  0.0415  0.0398
  0.0557  0.0447  0.0449  0.0457  0.0459  0.0430
niter,ni,del,rscale     3    3   12.0000    1.2000
parameters
   -1.7069   16.1385   -0.3412  -13.9617   -2.2347   -3.7238
eta,q 0.96336  8.24435
  0.0553  0.0485  0.0447  0.0452  0.0460  0.0427
  0.0472  0.0394  0.0408  0.0402  0.0419  0.0399
  0.0400  0.0350  0.0377  0.0378  0.0383  0.0376
  0.0365  0.0365  0.0366  0.0366  0.0366  0.0366
  0.0393  0.0402  0.0377  0.0367  0.0381  0.0374
  0.0470  0.0419  0.0407  0.0406  0.0416  0.0398
  0.0558  0.0447  0.0449  0.0456  0.0460  0.0430
registration optimization eta report
parameter search radius
    6.0000    6.9000    6.9000    9.1253    6.0000    6.0000
100000*second partial in parameter space
       51.       21.       17.       11.       25.       17.
  0.0553  0.0485  0.0447  0.0452  0.0460  0.0427
  0.0472  0.0394  0.0408  0.0402  0.0419  0.0399
  0.0400  0.0350  0.0377  0.0378  0.0383  0.0376
  0.0365  0.0365  0.0366  0.0366  0.0366  0.0366
  0.0393  0.0402  0.0377  0.0367  0.0381  0.0374
  0.0470  0.0419  0.0407  0.0406  0.0416  0.0398
  0.0558  0.0447  0.0449  0.0456  0.0460  0.0430
   -1.7069   16.1385   -0.3412  -13.9617   -2.2347   -3.7238
eta,q 0.96336  8.24435

---------------------------------------------------------------------
imgreg_4dfp /opt/freesurfer/average/711-2C_as_mni_average_305 /opt/freesurfer/average/711-2B_as_mni_average_305_mask talsrcimg_g11 none talsrcimg_to_711-2C_as_mni_average_305_t4 3335
---------------------------------------------------------------------

freesurfer imgreg_4dfp.c
/opt/freesurfer/average/711-2C_as_mni_average_305.4dfp.img
       256       256       256         1
  1.000000  1.000000  1.000000
orientation T byte_order littleendian
Reading image: /opt/freesurfer/average/711-2C_as_mni_average_305.4dfp.img
dimensions:      256       256       256
mmppix:       1.0000   -1.0000   -1.0000
center:     128.0000 -129.0000 -129.0000
/opt/freesurfer/average/711-2B_as_mni_average_305_mask.4dfp.img
       256       256       256         1
  1.000000  1.000000  1.000000
orientation T byte_order littleendian
Reading mask: /opt/freesurfer/average/711-2B_as_mni_average_305_mask.4dfp.img (2306576 pixels)
talsrcimg_g11.4dfp.img
       256       256       256         1
  1.000000  1.000000  1.000000
orientation T byte_order littleendian
Reading image: talsrcimg_g11.4dfp.img
dimensions:      256       256       256
mmppix:       1.0000   -1.0000   -1.0000
center:     128.0000 -129.0000 -129.0000
fimgreg.f
image alignment mode   3335 decimal      D07 hex
parameters
   -1.7069   16.1385   -0.3412   -0.2870   -3.0981   -3.0281
    5.3639    5.3431   -6.4897   23.8307   -3.8993  -24.1090
eta,q 0.96497  8.30092
niter,ni,del,rscale     5    3    5.0000    1.2000
parameter  4  1.580689 ->  0.500000 qaram    1.1500
parameter  5  1.484803 ->  0.500000 qaram    1.1500
parameter 10  0.711487 ->  0.500000 qaram    1.1500
parameters
   -1.7054   15.7570   -0.3545   -4.4270   -7.2381   -5.4807
    5.2672    6.0681   -3.4599   19.6907   -6.2631  -24.9523
eta,q 0.97093  7.80868
  0.0376  0.0362  0.0361  0.0313  0.0295  0.0311  0.0323  0.0340  0.0321  0.0293  0.0294  0.0300
  0.0362  0.0354  0.0355  0.0323  0.0303  0.0306  0.0312  0.0323  0.0313  0.0291  0.0292  0.0295
  0.0354  0.0350  0.0351  0.0335  0.0313  0.0303  0.0305  0.0310  0.0307  0.0293  0.0291  0.0291
  0.0350  0.0350  0.0349  0.0349  0.0326  0.0305  0.0303  0.0303  0.0303  0.0300  0.0292  0.0291
  0.0353  0.0355  0.0351  0.0369  0.0344  0.0312  0.0306  0.0304  0.0301  0.0311  0.0294  0.0293
  0.0362  0.0362  0.0355  0.0393  0.0367  0.0323  0.0313  0.0313  0.0301  0.0326  0.0298  0.0299
  0.0376  0.0372  0.0362  0.0420  0.0390  0.0338  0.0323  0.0329  0.0304  0.0344  0.0305  0.0306
niter,ni,del,rscale     7    3    5.0000    1.2000
parameter  4  0.884495 ->  0.500000 qaram    1.3225
parameter  5  0.688988 ->  0.500000 qaram    1.3225
parameters
   -1.5413   15.2069   -0.2768   -9.1880  -11.9991   -5.6847
    4.5413    6.2377   -3.7920   19.5446   -6.4173  -25.2327
eta,q 0.97402  7.40897
  0.0322  0.0301  0.0304  0.0271  0.0264  0.0282  0.0284  0.0300  0.0278  0.0289  0.0268  0.0274
  0.0306  0.0293  0.0296  0.0270  0.0260  0.0271  0.0270  0.0280  0.0267  0.0272  0.0263  0.0266
  0.0295  0.0289  0.0291  0.0277  0.0264  0.0263  0.0262  0.0266  0.0261  0.0262  0.0261  0.0261
  0.0291  0.0291  0.0289  0.0289  0.0271  0.0260  0.0260  0.0260  0.0260  0.0260  0.0260  0.0260
  0.0293  0.0296  0.0291  0.0305  0.0284  0.0263  0.0267  0.0264  0.0263  0.0265  0.0261  0.0262
  0.0301  0.0305  0.0295  0.0326  0.0299  0.0272  0.0278  0.0277  0.0270  0.0275  0.0264  0.0268
  0.0314  0.0318  0.0302  0.0353  0.0321  0.0285  0.0294  0.0298  0.0280  0.0289  0.0268  0.0276
niter,ni,del,rscale     7    3    5.0000    1.2000
parameters
   -1.7637   15.4122   -0.3714  -11.4116  -12.3157   -5.8133
    4.7829    6.1317   -3.7320   19.9296   -7.1893  -25.5067
eta,q 0.97425  7.31382
  0.0285  0.0286  0.0272  0.0279  0.0289  0.0280  0.0287  0.0294  0.0276  0.0289  0.0263  0.0271
  0.0270  0.0272  0.0265  0.0266  0.0273  0.0269  0.0272  0.0275  0.0266  0.0272  0.0260  0.0264
  0.0261  0.0263  0.0260  0.0258  0.0261  0.0261  0.0262  0.0262  0.0260  0.0261  0.0258  0.0259
  0.0260  0.0259  0.0259  0.0259  0.0258  0.0258  0.0258  0.0258  0.0258  0.0258  0.0258  0.0258
  0.0266  0.0261  0.0262  0.0270  0.0264  0.0260  0.0260  0.0262  0.0260  0.0261  0.0259  0.0260
  0.0278  0.0267  0.0267  0.0288  0.0276  0.0269  0.0269  0.0276  0.0266  0.0270  0.0262  0.0265
  0.0296  0.0278  0.0274  0.0313  0.0292  0.0282  0.0283  0.0297  0.0275  0.0282  0.0266  0.0273
niter,ni,del,rscale     6    3    5.0000    1.2000
parameters
   -1.8473   15.6534   -0.6563  -11.7495  -12.6397   -6.3746
    4.7917    6.1268   -3.4530   20.6754   -7.5425  -25.7749
eta,q 0.97430  7.28084
  0.0285  0.0283  0.0268  0.0289  0.0287  0.0277  0.0284  0.0294  0.0276  0.0288  0.0264  0.0270
  0.0270  0.0270  0.0261  0.0273  0.0272  0.0266  0.0270  0.0275  0.0266  0.0272  0.0260  0.0263
  0.0260  0.0261  0.0258  0.0262  0.0260  0.0259  0.0260  0.0262  0.0260  0.0261  0.0257  0.0258
  0.0257  0.0257  0.0257  0.0257  0.0257  0.0257  0.0257  0.0257  0.0257  0.0257  0.0257  0.0257
  0.0262  0.0259  0.0260  0.0262  0.0263  0.0261  0.0260  0.0261  0.0259  0.0260  0.0258  0.0259
  0.0273  0.0265  0.0266  0.0275  0.0275  0.0271  0.0270  0.0274  0.0264  0.0267  0.0261  0.0265
  0.0289  0.0274  0.0274  0.0295  0.0291  0.0284  0.0284  0.0294  0.0273  0.0278  0.0265  0.0272
niter,ni,del,rscale     5    3    5.0000    1.2000
parameters
   -1.8753   15.9345   -1.0343  -11.9920  -13.2151   -7.1256
    4.7467    6.1286   -3.3003   21.7520   -7.7356  -26.0165
eta,q 0.97438  7.24054
  0.0286  0.0282  0.0266  0.0289  0.0284  0.0275  0.0282  0.0291  0.0274  0.0287  0.0263  0.0268
  0.0270  0.0269  0.0260  0.0273  0.0269  0.0264  0.0268  0.0273  0.0265  0.0271  0.0259  0.0262
  0.0260  0.0261  0.0257  0.0261  0.0259  0.0258  0.0259  0.0261  0.0258  0.0261  0.0257  0.0257
  0.0257  0.0257  0.0257  0.0256  0.0257  0.0256  0.0256  0.0256  0.0256  0.0256  0.0256  0.0256
  0.0261  0.0258  0.0260  0.0261  0.0263  0.0260  0.0259  0.0260  0.0258  0.0258  0.0257  0.0258
  0.0271  0.0263  0.0266  0.0274  0.0274  0.0271  0.0269  0.0273  0.0264  0.0263  0.0260  0.0263
  0.0287  0.0272  0.0274  0.0294  0.0290  0.0285  0.0282  0.0292  0.0273  0.0273  0.0263  0.0270
niter,ni,del,rscale     4    3    5.0000    1.2000
parameters
   -1.8754   16.3809   -1.5695  -12.3329  -14.2817   -8.2330
    4.6702    6.1875   -3.3722   23.4680   -7.4831  -26.1389
eta,q 0.97470  7.17577
  0.0284  0.0282  0.0263  0.0286  0.0278  0.0271  0.0278  0.0287  0.0271  0.0286  0.0261  0.0264
  0.0269  0.0269  0.0257  0.0270  0.0265  0.0261  0.0265  0.0270  0.0262  0.0271  0.0256  0.0258
  0.0259  0.0260  0.0255  0.0260  0.0256  0.0255  0.0257  0.0259  0.0256  0.0260  0.0254  0.0254
  0.0256  0.0256  0.0256  0.0255  0.0255  0.0254  0.0254  0.0254  0.0254  0.0254  0.0253  0.0253
  0.0259  0.0256  0.0259  0.0259  0.0262  0.0259  0.0257  0.0257  0.0256  0.0253  0.0254  0.0255
  0.0269  0.0260  0.0265  0.0273  0.0274  0.0270  0.0266  0.0269  0.0262  0.0258  0.0256  0.0259
  0.0284  0.0268  0.0274  0.0292  0.0290  0.0286  0.0279  0.0287  0.0272  0.0268  0.0259  0.0264
niter,ni,del,rscale     3    3    5.0000    1.2000
parameters
   -1.8061   17.1148   -2.3823  -12.8165  -15.8961   -9.6450
    4.4359    6.4179   -3.8261   25.3700   -6.8793  -26.4277
eta,q 0.97538  7.08089
  0.0281  0.0283  0.0255  0.0280  0.0270  0.0263  0.0269  0.0281  0.0265  0.0287  0.0254  0.0255
  0.0266  0.0270  0.0251  0.0264  0.0259  0.0254  0.0258  0.0264  0.0255  0.0271  0.0250  0.0250
  0.0257  0.0259  0.0250  0.0254  0.0250  0.0249  0.0251  0.0253  0.0250  0.0257  0.0247  0.0247
  0.0253  0.0253  0.0251  0.0250  0.0250  0.0249  0.0248  0.0248  0.0248  0.0248  0.0246  0.0246
  0.0255  0.0251  0.0255  0.0254  0.0259  0.0254  0.0251  0.0251  0.0251  0.0247  0.0247  0.0248
  0.0264  0.0254  0.0262  0.0268  0.0272  0.0266  0.0260  0.0261  0.0259  0.0252  0.0248  0.0251
  0.0278  0.0261  0.0271  0.0287  0.0289  0.0283  0.0272  0.0278  0.0269  0.0264  0.0252  0.0256
niter,ni,del,rscale     2    3    5.0000    1.2000
parameters
   -1.6471   17.6932   -3.0979  -12.9565  -16.7920  -10.4472
    4.1944    6.6783   -3.9773   26.3827   -6.7681  -26.8497
eta,q 0.97563  7.03388
  0.0274  0.0278  0.0249  0.0276  0.0268  0.0262  0.0264  0.0277  0.0263  0.0282  0.0251  0.0252
  0.0260  0.0263  0.0246  0.0260  0.0257  0.0252  0.0253  0.0261  0.0253  0.0264  0.0247  0.0247
  0.0250  0.0252  0.0244  0.0249  0.0248  0.0246  0.0246  0.0249  0.0246  0.0250  0.0244  0.0244
  0.0246  0.0246  0.0245  0.0244  0.0244  0.0244  0.0244  0.0244  0.0244  0.0244  0.0244  0.0244
  0.0248  0.0245  0.0248  0.0248  0.0250  0.0248  0.0247  0.0246  0.0247  0.0245  0.0244  0.0245
  0.0255  0.0249  0.0254  0.0261  0.0263  0.0258  0.0255  0.0257  0.0254  0.0254  0.0247  0.0248
  0.0268  0.0257  0.0263  0.0279  0.0281  0.0274  0.0267  0.0274  0.0265  0.0267  0.0251  0.0253
niter,ni,del,rscale     1    3    5.0000    1.2000
parameters
   -1.5586   17.9540   -3.4683  -12.9661  -17.1616  -10.8519
    3.9945    6.8472   -3.9301   26.8966   -6.8611  -27.0449
eta,q 0.97565  7.01704
  0.0270  0.0269  0.0251  0.0276  0.0269  0.0262  0.0264  0.0276  0.0263  0.0278  0.0250  0.0252
  0.0256  0.0255  0.0246  0.0260  0.0257  0.0253  0.0253  0.0260  0.0253  0.0260  0.0246  0.0247
  0.0247  0.0247  0.0244  0.0248  0.0248  0.0246  0.0246  0.0248  0.0246  0.0248  0.0244  0.0244
  0.0244  0.0244  0.0244  0.0243  0.0243  0.0244  0.0244  0.0244  0.0244  0.0244  0.0243  0.0244
  0.0246  0.0245  0.0246  0.0247  0.0247  0.0246  0.0247  0.0246  0.0246  0.0246  0.0244  0.0245
  0.0253  0.0250  0.0250  0.0259  0.0258  0.0255  0.0254  0.0257  0.0252  0.0256  0.0247  0.0248
  0.0267  0.0259  0.0257  0.0277  0.0275  0.0269  0.0266  0.0275  0.0263  0.0269  0.0251  0.0252
registration optimization eta report
parameter search radius
    2.4000    2.4000    2.4000    9.5220    9.5220    7.2000
    7.2000    7.2000    7.2000    8.2800    7.2000    7.2000
100000*second partial in parameter space
       43.       35.       18.        4.        3.        4.
        4.        6.        4.        4.        1.        2.
  0.0270  0.0269  0.0251  0.0276  0.0269  0.0262  0.0264  0.0276  0.0263  0.0278  0.0250  0.0252
  0.0256  0.0255  0.0246  0.0260  0.0257  0.0253  0.0253  0.0260  0.0253  0.0260  0.0246  0.0247
  0.0247  0.0247  0.0244  0.0248  0.0248  0.0246  0.0246  0.0248  0.0246  0.0248  0.0244  0.0244
  0.0244  0.0244  0.0244  0.0243  0.0243  0.0244  0.0244  0.0244  0.0244  0.0244  0.0243  0.0244
  0.0246  0.0245  0.0246  0.0247  0.0247  0.0246  0.0247  0.0246  0.0246  0.0246  0.0244  0.0245
  0.0253  0.0250  0.0250  0.0259  0.0258  0.0255  0.0254  0.0257  0.0252  0.0256  0.0247  0.0248
  0.0267  0.0259  0.0257  0.0277  0.0275  0.0269  0.0266  0.0275  0.0263  0.0269  0.0251  0.0252
   -1.5586   17.9540   -3.4683  -12.9661  -17.1616  -10.8519
    3.9945    6.8472   -3.9301   26.8966   -6.8611  -27.0449
eta,q 0.97565  7.01704

---------------------------------------------------------------------
imgreg_4dfp /opt/freesurfer/average/711-2C_as_mni_average_305 /opt/freesurfer/average/711-2B_as_mni_average_305_mask talsrcimg_g11 none talsrcimg_to_711-2C_as_mni_average_305_t4 2311
---------------------------------------------------------------------

freesurfer imgreg_4dfp.c
/opt/freesurfer/average/711-2C_as_mni_average_305.4dfp.img
       256       256       256         1
  1.000000  1.000000  1.000000
orientation T byte_order littleendian
Reading image: /opt/freesurfer/average/711-2C_as_mni_average_305.4dfp.img
dimensions:      256       256       256
mmppix:       1.0000   -1.0000   -1.0000
center:     128.0000 -129.0000 -129.0000
/opt/freesurfer/average/711-2B_as_mni_average_305_mask.4dfp.img
       256       256       256         1
  1.000000  1.000000  1.000000
orientation T byte_order littleendian
Reading mask: /opt/freesurfer/average/711-2B_as_mni_average_305_mask.4dfp.img (2306576 pixels)
talsrcimg_g11.4dfp.img
       256       256       256         1
  1.000000  1.000000  1.000000
orientation T byte_order littleendian
Reading image: talsrcimg_g11.4dfp.img
dimensions:      256       256       256
mmppix:       1.0000   -1.0000   -1.0000
center:     128.0000 -129.0000 -129.0000
fimgreg.f
image alignment mode   2311 decimal      907 hex
parameters
   -1.5586   17.9540   -3.4683  -12.9661  -17.1616  -10.8519
    3.9945    6.8472   -3.9301   26.8966   -6.8611  -27.0449
eta,q 0.97565  7.01704
niter,ni,del,rscale     5    3    5.0000    0.8000
parameters
   -1.4938   18.0340   -3.6541  -12.7708  -16.8616  -10.8108
    3.8405    7.0692   -3.8702   26.8870   -6.9667  -27.2506
eta,q 0.97569  7.03314
  0.0256  0.0253  0.0247  0.0254  0.0253  0.0253  0.0253  0.0260  0.0252  0.0254  0.0246  0.0247
  0.0249  0.0248  0.0245  0.0249  0.0248  0.0248  0.0248  0.0251  0.0247  0.0248  0.0244  0.0245
  0.0245  0.0245  0.0244  0.0245  0.0245  0.0245  0.0244  0.0246  0.0244  0.0244  0.0243  0.0243
  0.0243  0.0243  0.0243  0.0243  0.0243  0.0243  0.0243  0.0243  0.0243  0.0243  0.0243  0.0243
  0.0244  0.0244  0.0244  0.0244  0.0244  0.0244  0.0245  0.0244  0.0244  0.0244  0.0244  0.0244
  0.0248  0.0247  0.0246  0.0247  0.0246  0.0247  0.0248  0.0249  0.0247  0.0248  0.0245  0.0245
  0.0254  0.0251  0.0249  0.0253  0.0251  0.0254  0.0254  0.0257  0.0252  0.0254  0.0246  0.0247
niter,ni,del,rscale     4    3    5.0000    0.7000
parameters
   -1.4550   18.0052   -3.6436  -12.8001  -16.7971  -10.6807
    3.7556    7.1507   -3.8586   26.8770   -7.0214  -27.3532
eta,q 0.97570  7.03841
  0.0252  0.0250  0.0247  0.0251  0.0250  0.0251  0.0251  0.0255  0.0250  0.0252  0.0245  0.0246
  0.0247  0.0246  0.0245  0.0247  0.0247  0.0247  0.0246  0.0249  0.0246  0.0247  0.0244  0.0244
  0.0244  0.0244  0.0244  0.0244  0.0244  0.0244  0.0244  0.0245  0.0244  0.0244  0.0243  0.0243
  0.0243  0.0243  0.0243  0.0243  0.0243  0.0243  0.0243  0.0243  0.0243  0.0243  0.0243  0.0243
  0.0244  0.0244  0.0243  0.0244  0.0244  0.0244  0.0244  0.0244  0.0244  0.0244  0.0243  0.0244
  0.0247  0.0246  0.0245  0.0247  0.0246  0.0246  0.0247  0.0248  0.0246  0.0247  0.0244  0.0244
  0.0251  0.0250  0.0247  0.0251  0.0250  0.0251  0.0251  0.0255  0.0250  0.0252  0.0246  0.0246
niter,ni,del,rscale     3    3    5.0000    0.6000
parameters
   -1.4341   17.9903   -3.6119  -12.8115  -16.7433  -10.5591
    3.7178    7.2071   -3.8479   26.8623   -7.0753  -27.4430
eta,q 0.97571  7.04359
  0.0250  0.0248  0.0246  0.0249  0.0248  0.0249  0.0249  0.0252  0.0248  0.0249  0.0245  0.0245
  0.0246  0.0245  0.0244  0.0246  0.0246  0.0246  0.0246  0.0247  0.0245  0.0246  0.0244  0.0244
  0.0244  0.0244  0.0243  0.0244  0.0244  0.0244  0.0244  0.0244  0.0244  0.0244  0.0243  0.0243
  0.0243  0.0243  0.0243  0.0243  0.0243  0.0243  0.0243  0.0243  0.0243  0.0243  0.0243  0.0243
  0.0244  0.0244  0.0243  0.0244  0.0243  0.0243  0.0244  0.0244  0.0244  0.0244  0.0243  0.0243
  0.0246  0.0245  0.0244  0.0246  0.0245  0.0245  0.0246  0.0247  0.0245  0.0246  0.0244  0.0244
  0.0249  0.0248  0.0245  0.0249  0.0248  0.0249  0.0249  0.0252  0.0248  0.0249  0.0245  0.0245
niter,ni,del,rscale     2    3    5.0000    0.5000
parameters
   -1.4212   17.9736   -3.5765  -12.8101  -16.6955  -10.4487
    3.7065    7.2503   -3.8431   26.8425   -7.1161  -27.5051
eta,q 0.97570  7.04843
  0.0248  0.0246  0.0245  0.0247  0.0247  0.0247  0.0247  0.0249  0.0247  0.0247  0.0244  0.0244
  0.0245  0.0244  0.0244  0.0245  0.0245  0.0245  0.0245  0.0246  0.0245  0.0245  0.0243  0.0244
  0.0243  0.0243  0.0243  0.0243  0.0244  0.0244  0.0243  0.0244  0.0243  0.0243  0.0243  0.0243
  0.0243  0.0243  0.0243  0.0243  0.0243  0.0243  0.0243  0.0243  0.0243  0.0243  0.0243  0.0243
  0.0243  0.0243  0.0243  0.0243  0.0243  0.0243  0.0243  0.0243  0.0243  0.0243  0.0243  0.0243
  0.0245  0.0245  0.0244  0.0245  0.0244  0.0245  0.0245  0.0246  0.0245  0.0245  0.0244  0.0244
  0.0247  0.0247  0.0245  0.0247  0.0247  0.0247  0.0247  0.0249  0.0247  0.0247  0.0244  0.0245
niter,ni,del,rscale     1    3    5.0000    0.4000
parameters
   -1.4125   17.9571   -3.5487  -12.8080  -16.6534  -10.3604
    3.7030    7.2819   -3.8349   26.8239   -7.1132  -27.5711
eta,q 0.97571  7.05252
  0.0246  0.0245  0.0244  0.0246  0.0245  0.0246  0.0246  0.0247  0.0245  0.0246  0.0244  0.0244
  0.0244  0.0244  0.0244  0.0244  0.0244  0.0244  0.0244  0.0245  0.0244  0.0244  0.0243  0.0243
  0.0243  0.0243  0.0243  0.0243  0.0243  0.0243  0.0243  0.0243  0.0243  0.0243  0.0243  0.0243
  0.0243  0.0243  0.0243  0.0243  0.0243  0.0243  0.0243  0.0243  0.0243  0.0243  0.0243  0.0243
  0.0243  0.0243  0.0243  0.0243  0.0243  0.0243  0.0243  0.0243  0.0243  0.0243  0.0243  0.0243
  0.0244  0.0244  0.0243  0.0244  0.0244  0.0244  0.0244  0.0245  0.0244  0.0244  0.0243  0.0243
  0.0246  0.0245  0.0244  0.0246  0.0245  0.0245  0.0246  0.0247  0.0245  0.0246  0.0244  0.0244
registration optimization eta report
parameter search radius
    0.8000    0.8000    0.8000    2.4000    2.4000    2.4000
    2.4000    2.4000    2.4000    2.4000    2.4000    2.4000
100000*second partial in parameter space
       45.       36.       19.        5.        4.        5.
        5.        7.        4.        5.        1.        2.
  0.0246  0.0245  0.0244  0.0246  0.0245  0.0246  0.0246  0.0247  0.0245  0.0246  0.0244  0.0244
  0.0244  0.0244  0.0244  0.0244  0.0244  0.0244  0.0244  0.0245  0.0244  0.0244  0.0243  0.0243
  0.0243  0.0243  0.0243  0.0243  0.0243  0.0243  0.0243  0.0243  0.0243  0.0243  0.0243  0.0243
  0.0243  0.0243  0.0243  0.0243  0.0243  0.0243  0.0243  0.0243  0.0243  0.0243  0.0243  0.0243
  0.0243  0.0243  0.0243  0.0243  0.0243  0.0243  0.0243  0.0243  0.0243  0.0243  0.0243  0.0243
  0.0244  0.0244  0.0243  0.0244  0.0244  0.0244  0.0244  0.0245  0.0244  0.0244  0.0243  0.0243
  0.0246  0.0245  0.0244  0.0246  0.0245  0.0245  0.0246  0.0247  0.0245  0.0246  0.0244  0.0244
   -1.4125   17.9571   -3.5487  -12.8080  -16.6534  -10.3604
    3.7030    7.2819   -3.8349   26.8239   -7.1132  -27.5711
eta,q 0.97571  7.05252

---------------------------------------------------------------------
imgreg_4dfp /opt/freesurfer/average/711-2C_as_mni_average_305 /opt/freesurfer/average/711-2B_as_mni_average_305_mask talsrcimg_g11 none talsrcimg_to_711-2C_as_mni_average_305_t4 2311
---------------------------------------------------------------------

freesurfer imgreg_4dfp.c
/opt/freesurfer/average/711-2C_as_mni_average_305.4dfp.img
       256       256       256         1
  1.000000  1.000000  1.000000
orientation T byte_order littleendian
Reading image: /opt/freesurfer/average/711-2C_as_mni_average_305.4dfp.img
dimensions:      256       256       256
mmppix:       1.0000   -1.0000   -1.0000
center:     128.0000 -129.0000 -129.0000
/opt/freesurfer/average/711-2B_as_mni_average_305_mask.4dfp.img
       256       256       256         1
  1.000000  1.000000  1.000000
orientation T byte_order littleendian
Reading mask: /opt/freesurfer/average/711-2B_as_mni_average_305_mask.4dfp.img (2306576 pixels)
talsrcimg_g11.4dfp.img
       256       256       256         1
  1.000000  1.000000  1.000000
orientation T byte_order littleendian
Reading image: talsrcimg_g11.4dfp.img
dimensions:      256       256       256
mmppix:       1.0000   -1.0000   -1.0000
center:     128.0000 -129.0000 -129.0000
fimgreg.f
image alignment mode   2311 decimal      907 hex
parameters
   -1.4125   17.9571   -3.5487  -12.8080  -16.6534  -10.3604
    3.7030    7.2819   -3.8349   26.8239   -7.1132  -27.5711
eta,q 0.97571  7.05252
niter,ni,del,rscale     5    3    5.0000    0.8000
parameters
   -1.4172   17.9759   -3.5172  -12.8904  -16.8279  -10.5312
    3.6818    7.1911   -3.8772   26.9115   -7.0920  -27.3606
eta,q 0.97570  7.04022
  0.0254  0.0252  0.0248  0.0253  0.0251  0.0252  0.0253  0.0258  0.0252  0.0255  0.0246  0.0247
  0.0248  0.0247  0.0245  0.0247  0.0247  0.0248  0.0248  0.0250  0.0247  0.0248  0.0244  0.0245
  0.0244  0.0244  0.0244  0.0244  0.0244  0.0244  0.0244  0.0245  0.0244  0.0244  0.0243  0.0243
  0.0243  0.0243  0.0243  0.0243  0.0243  0.0243  0.0243  0.0243  0.0243  0.0243  0.0243  0.0243
  0.0244  0.0244  0.0243  0.0244  0.0244  0.0244  0.0244  0.0245  0.0244  0.0244  0.0243  0.0243
  0.0248  0.0247  0.0245  0.0248  0.0247  0.0248  0.0248  0.0250  0.0247  0.0248  0.0244  0.0245
  0.0255  0.0252  0.0247  0.0253  0.0253  0.0255  0.0254  0.0259  0.0252  0.0254  0.0246  0.0247
niter,ni,del,rscale     4    3    5.0000    0.7000
parameters
   -1.4163   18.0024   -3.5730  -12.8319  -16.8130  -10.5754
    3.7035    7.2101   -3.8592   26.8875   -7.0926  -27.3571
eta,q 0.97570  7.04043
  0.0252  0.0250  0.0246  0.0251  0.0250  0.0251  0.0251  0.0255  0.0250  0.0251  0.0245  0.0246
  0.0247  0.0246  0.0244  0.0247  0.0246  0.0247  0.0247  0.0249  0.0246  0.0247  0.0244  0.0244
  0.0244  0.0244  0.0243  0.0244  0.0244  0.0244  0.0244  0.0245  0.0244  0.0244  0.0243  0.0243
  0.0243  0.0243  0.0243  0.0243  0.0243  0.0243  0.0243  0.0243  0.0243  0.0243  0.0243  0.0243
  0.0244  0.0244  0.0243  0.0244  0.0244  0.0244  0.0244  0.0244  0.0244  0.0244  0.0243  0.0243
  0.0247  0.0246  0.0245  0.0246  0.0246  0.0246  0.0247  0.0248  0.0246  0.0247  0.0244  0.0244
  0.0252  0.0250  0.0247  0.0251  0.0250  0.0252  0.0251  0.0255  0.0250  0.0252  0.0245  0.0246
niter,ni,del,rscale     3    3    5.0000    0.6000
parameters
   -1.4163   17.9894   -3.5798  -12.8264  -16.7499  -10.5224
    3.7057    7.2364   -3.8488   26.8557   -7.1017  -27.4469
eta,q 0.97570  7.04409
  0.0249  0.0248  0.0246  0.0249  0.0248  0.0249  0.0249  0.0252  0.0248  0.0249  0.0245  0.0245
  0.0246  0.0245  0.0244  0.0246  0.0246  0.0246  0.0246  0.0247  0.0245  0.0246  0.0244  0.0244
  0.0244  0.0243  0.0243  0.0244  0.0244  0.0244  0.0244  0.0244  0.0244  0.0244  0.0243  0.0243
  0.0243  0.0243  0.0243  0.0243  0.0243  0.0243  0.0243  0.0243  0.0243  0.0243  0.0243  0.0243
  0.0244  0.0244  0.0243  0.0244  0.0243  0.0243  0.0244  0.0244  0.0244  0.0244  0.0243  0.0243
  0.0246  0.0245  0.0244  0.0246  0.0245  0.0245  0.0246  0.0247  0.0245  0.0246  0.0244  0.0244
  0.0249  0.0248  0.0246  0.0249  0.0248  0.0249  0.0249  0.0252  0.0248  0.0249  0.0245  0.0245
niter,ni,del,rscale     2    3    5.0000    0.5000
parameters
   -1.4163   17.9667   -3.5603  -12.8162  -16.6845  -10.4358
    3.7002    7.2502   -3.8539   26.8289   -7.1081  -27.5007
eta,q 0.97570  7.04885
  0.0247  0.0246  0.0245  0.0247  0.0247  0.0247  0.0247  0.0249  0.0247  0.0247  0.0244  0.0244
  0.0245  0.0244  0.0244  0.0245  0.0245  0.0245  0.0245  0.0246  0.0245  0.0245  0.0243  0.0244
  0.0243  0.0243  0.0243  0.0243  0.0244  0.0244  0.0243  0.0244  0.0243  0.0243  0.0243  0.0243
  0.0243  0.0243  0.0243  0.0243  0.0243  0.0243  0.0243  0.0243  0.0243  0.0243  0.0243  0.0243
  0.0243  0.0243  0.0243  0.0243  0.0243  0.0243  0.0243  0.0244  0.0243  0.0243  0.0243  0.0243
  0.0245  0.0245  0.0244  0.0245  0.0244  0.0245  0.0245  0.0246  0.0245  0.0245  0.0243  0.0244
  0.0247  0.0247  0.0245  0.0247  0.0247  0.0247  0.0247  0.0249  0.0247  0.0247  0.0244  0.0244
niter,ni,del,rscale     1    3    5.0000    0.4000
parameters
   -1.4124   17.9534   -3.5428  -12.8176  -16.6477  -10.3620
    3.7018    7.2764   -3.8439   26.8153   -7.0850  -27.5881
eta,q 0.97571  7.05239
  0.0246  0.0245  0.0244  0.0246  0.0245  0.0246  0.0246  0.0247  0.0245  0.0246  0.0244  0.0244
  0.0244  0.0244  0.0243  0.0244  0.0244  0.0244  0.0244  0.0245  0.0244  0.0244  0.0243  0.0243
  0.0243  0.0243  0.0243  0.0243  0.0243  0.0243  0.0243  0.0243  0.0243  0.0243  0.0243  0.0243
  0.0243  0.0243  0.0243  0.0243  0.0243  0.0243  0.0243  0.0243  0.0243  0.0243  0.0243  0.0243
  0.0243  0.0243  0.0243  0.0243  0.0243  0.0243  0.0243  0.0243  0.0243  0.0243  0.0243  0.0243
  0.0244  0.0244  0.0243  0.0244  0.0244  0.0244  0.0244  0.0245  0.0244  0.0244  0.0243  0.0243
  0.0246  0.0245  0.0244  0.0246  0.0245  0.0246  0.0246  0.0247  0.0245  0.0246  0.0244  0.0244
registration optimization eta report
parameter search radius
    0.8000    0.8000    0.8000    2.4000    2.4000    2.4000
    2.4000    2.4000    2.4000    2.4000    2.4000    2.4000
100000*second partial in parameter space
       45.       35.       18.        5.        4.        5.
        5.        7.        4.        5.        1.        2.
  0.0246  0.0245  0.0244  0.0246  0.0245  0.0246  0.0246  0.0247  0.0245  0.0246  0.0244  0.0244
  0.0244  0.0244  0.0243  0.0244  0.0244  0.0244  0.0244  0.0245  0.0244  0.0244  0.0243  0.0243
  0.0243  0.0243  0.0243  0.0243  0.0243  0.0243  0.0243  0.0243  0.0243  0.0243  0.0243  0.0243
  0.0243  0.0243  0.0243  0.0243  0.0243  0.0243  0.0243  0.0243  0.0243  0.0243  0.0243  0.0243
  0.0243  0.0243  0.0243  0.0243  0.0243  0.0243  0.0243  0.0243  0.0243  0.0243  0.0243  0.0243
  0.0244  0.0244  0.0243  0.0244  0.0244  0.0244  0.0244  0.0245  0.0244  0.0244  0.0243  0.0243
  0.0246  0.0245  0.0244  0.0246  0.0245  0.0246  0.0246  0.0247  0.0245  0.0246  0.0244  0.0244
   -1.4124   17.9534   -3.5428  -12.8176  -16.6477  -10.3620
    3.7018    7.2764   -3.8439   26.8153   -7.0850  -27.5881
eta,q 0.97571  7.05239

---------------------------------------------------------------------
compute_vox2vox talsrcimg talsrcimg_to_711-2C_as_mni_average_305_t4 /opt/freesurfer/average/711-2C_as_mni_average_305
---------------------------------------------------------------------

freesurfer compute_vox2vox.c
Reading: talsrcimg.4dfp.ifh
Reading: talsrcimg_to_711-2C_as_mni_average_305_t4
Reading: /opt/freesurfer/average/711-2C_as_mni_average_305.4dfp.ifh
Writing: talsrcimg_to_711-2C_as_mni_average_305_t4_vox2vox.txt

start time Mon Mar 9 03:11:08 CET 2026
end		time Mon Mar 9 03:11:22 CET 2026

mpr2mni305 success

avi2talxfm orig_nu.mgz /opt/freesurfer/average/mni305.cor.mgz talsrcimg_to_711-2C_as_mni_average_305_t4_vox2vox.txt transforms/talairach.auto.xfm
avi2talxfm done
mv -f /out/sourcedata/freesurfer/sub-v1s17x0051141_ses-1/mri/talsrcimg_to_711-2C_as_mni_average_305_t4_vox2vox.txt /out/sourcedata/freesurfer/sub-v1s17x0051141_ses-1/mri/transforms/talsrcimg_to_711-2C_as_mni_average_305_t4_vox2vox.txt
lta_convert --src orig_nu.mgz --trg /opt/freesurfer/average/mni305.cor.mgz --inxfm transforms/talairach.auto.xfm --outlta transforms/talairach.auto.xfm.lta --subject fsaverage
7.3.2

--src: orig_nu.mgz src image (geometry).
--trg: /opt/freesurfer/average/mni305.cor.mgz trg image (geometry).
--inmni: transforms/talairach.auto.xfm input MNI/XFM transform.
--outlta: transforms/talairach.auto.xfm.lta output LTA.
--s: fsaverage subject name
 LTA read, type : 1
 1.13805  -0.07030  -0.07381   1.05902;
 0.09655   1.00913   0.32972   2.21902;
 0.02142  -0.32789   1.09025  -6.53369;
 0.00000   0.00000   0.00000   1.00000;
setting subject to fsaverage
Writing  LTA to file transforms/talairach.auto.xfm.lta...
lta_convert successful.
 
 
Started at Mon Mar 9 03:11:08 CET 2026
Ended   at Mon Mar  9 03:11:23 CET 2026
talairach_avi done
