status file for recon-all
Mon Mar  9 04:53:30 CET 2026
#@# Tessellate rh Mon Mar  9 04:53:30 CET 2026
#@# Smooth1 rh Mon Mar  9 04:53:34 CET 2026
#@# Inflation1 rh Mon Mar  9 04:53:37 CET 2026
#@# QSphere rh Mon Mar  9 04:53:52 CET 2026
#@# Fix Topology rh Mon Mar  9 04:55:32 CET 2026
#@# Smooth2 rh Mon Mar  9 05:01:57 CET 2026
#@# Inflation2 rh Mon Mar  9 05:02:00 CET 2026
#@# Curv .H and .K rh Mon Mar  9 05:02:15 CET 2026
#@# Sphere rh Mon Mar  9 05:03:03 CET 2026
#@# Surf Reg rh Mon Mar  9 05:07:07 CET 2026
#@# Jacobian white rh Mon Mar  9 05:11:49 CET 2026
#@# AvgCurv rh Mon Mar  9 05:11:50 CET 2026
#@# Cortical Parc rh Mon Mar  9 05:11:51 CET 2026
#@# white curv rh Mon Mar  9 05:18:32 CET 2026
#@# white area rh Mon Mar  9 05:18:34 CET 2026
#@# pial curv rh Mon Mar  9 05:18:35 CET 2026
#@# pial area rh Mon Mar  9 05:18:37 CET 2026
#@# thickness rh Mon Mar  9 05:18:38 CET 2026
#@# area and vertex vol rh Mon Mar  9 05:19:07 CET 2026
#@# Curvature Stats rh Mon Mar  9 05:19:09 CET 2026
#@# Cortical Parc 2 rh Mon Mar  9 05:19:12 CET 2026
#@# Cortical Parc 3 rh Mon Mar  9 05:19:27 CET 2026
#@# WM/GM Contrast rh Mon Mar  9 05:19:38 CET 2026
recon-all -s sub-v1s17x0050266_ses-1 finished without error at Mon Mar  9 05:19:42 CET 2026



#New# invocation of recon-all 



status file for recon-all
Mon Mar  9 05:29:49 CET 2026
#@# white curv rh Mon Mar  9 05:29:49 CET 2026
#@# white area rh Mon Mar  9 05:29:49 CET 2026
#@# pial curv rh Mon Mar  9 05:29:49 CET 2026
#@# pial area rh Mon Mar  9 05:29:49 CET 2026
#@# thickness rh Mon Mar  9 05:29:49 CET 2026
#@# area and vertex vol rh Mon Mar  9 05:29:49 CET 2026
#@# Parcellation Stats rh Mon Mar  9 05:29:49 CET 2026
#@# Parcellation Stats 2 rh Mon Mar  9 05:30:08 CET 2026
#@# Parcellation Stats 3 rh Mon Mar  9 05:30:18 CET 2026
#@# BA_exvivo Labels rh Mon Mar  9 05:30:27 CET 2026
recon-all -s sub-v1s17x0050266_ses-1 finished without error at Mon Mar  9 05:33:18 CET 2026
