status file for recon-all
Mon Mar  9 02:35:42 CET 2026
#@# MotionCor Mon Mar  9 02:35:44 CET 2026
#@# Talairach Mon Mar  9 02:35:51 CET 2026
#@# Talairach Failure Detection Mon Mar  9 02:40:20 CET 2026
#@# Nu Intensity Correction Mon Mar  9 02:40:20 CET 2026
#@# Intensity Normalization Mon Mar  9 02:43:37 CET 2026
recon-all -s sub-v1s17x0050266_ses-1 finished without error at Mon Mar  9 02:45:10 CET 2026



#New# invocation of recon-all 



status file for recon-all
Mon Mar  9 02:53:06 CET 2026
#@# EM Registration Mon Mar  9 02:53:06 CET 2026
recon-all -s sub-v1s17x0050266_ses-1 finished without error at Mon Mar  9 02:54:58 CET 2026



#New# invocation of recon-all 



status file for recon-all
Mon Mar  9 02:55:01 CET 2026
#@# CA Normalize Mon Mar  9 02:55:01 CET 2026
#@# CA Reg Mon Mar  9 02:56:24 CET 2026
#@# SubCort Seg Mon Mar  9 03:50:28 CET 2026
#@# CC Seg Mon Mar  9 04:20:30 CET 2026
#@# Merge ASeg Mon Mar  9 04:21:04 CET 2026
#@# Intensity Normalization2 Mon Mar  9 04:21:04 CET 2026
#@# Mask BFS Mon Mar  9 04:23:26 CET 2026
#@# WM Segmentation Mon Mar  9 04:23:27 CET 2026
#@# Fill Mon Mar  9 04:25:22 CET 2026
recon-all -s sub-v1s17x0050266_ses-1 finished without error at Mon Mar  9 04:26:23 CET 2026



#New# invocation of recon-all 



status file for recon-all
Mon Mar  9 05:19:49 CET 2026
#@# white curv lh Mon Mar  9 05:19:49 CET 2026
#@# white area lh Mon Mar  9 05:19:49 CET 2026
#@# pial curv lh Mon Mar  9 05:19:49 CET 2026
#@# pial area lh Mon Mar  9 05:19:49 CET 2026
#@# thickness lh Mon Mar  9 05:19:49 CET 2026
#@# area and vertex vol lh Mon Mar  9 05:19:49 CET 2026
#@# white curv rh Mon Mar  9 05:19:49 CET 2026
#@# white area rh Mon Mar  9 05:19:49 CET 2026
#@# pial curv rh Mon Mar  9 05:19:49 CET 2026
#@# pial area rh Mon Mar  9 05:19:49 CET 2026
#@# thickness rh Mon Mar  9 05:19:49 CET 2026
#@# area and vertex vol rh Mon Mar  9 05:19:49 CET 2026
#@# Cortical ribbon mask Mon Mar  9 05:19:49 CET 2026
recon-all -s sub-v1s17x0050266_ses-1 finished without error at Mon Mar  9 05:26:10 CET 2026



#New# invocation of recon-all 



status file for recon-all
Mon Mar  9 05:33:23 CET 2026
#@# white curv lh Mon Mar  9 05:33:23 CET 2026
#@# white area lh Mon Mar  9 05:33:23 CET 2026
#@# pial curv lh Mon Mar  9 05:33:23 CET 2026
#@# pial area lh Mon Mar  9 05:33:23 CET 2026
#@# thickness lh Mon Mar  9 05:33:23 CET 2026
#@# area and vertex vol lh Mon Mar  9 05:33:23 CET 2026
#@# white curv rh Mon Mar  9 05:33:23 CET 2026
#@# white area rh Mon Mar  9 05:33:23 CET 2026
#@# pial curv rh Mon Mar  9 05:33:23 CET 2026
#@# pial area rh Mon Mar  9 05:33:23 CET 2026
#@# thickness rh Mon Mar  9 05:33:23 CET 2026
#@# area and vertex vol rh Mon Mar  9 05:33:23 CET 2026
#@# Curvature Stats lh Mon Mar  9 05:33:23 CET 2026
#@# Curvature Stats rh Mon Mar  9 05:33:25 CET 2026
#@# Relabel Hypointensities Mon Mar  9 05:33:28 CET 2026
#@# APas-to-ASeg Mon Mar  9 05:33:44 CET 2026
#@# AParc-to-ASeg aparc Mon Mar  9 05:33:53 CET 2026
#@# AParc-to-ASeg aparc.a2009s Mon Mar  9 05:34:24 CET 2026
#@# AParc-to-ASeg aparc.DKTatlas Mon Mar  9 05:34:53 CET 2026
#@# WMParc Mon Mar  9 05:35:26 CET 2026
#@# ASeg Stats Mon Mar  9 05:39:14 CET 2026
recon-all -s sub-v1s17x0050266_ses-1 finished without error at Mon Mar  9 05:39:57 CET 2026
