/out/sourcedata/freesurfer/sub-v1s17x0051132_ses-1/mri
/opt/freesurfer/bin/talairach_avi
--i orig_nu.mgz --xfm transforms/talairach.auto.xfm
talairach_avi 7.3.2
Linux dna012 5.14.0-427.37.1.el9_4.x86_64 #1 SMP PREEMPT_DYNAMIC Fri Sep 13 12:41:50 EDT 2024 x86_64 x86_64 x86_64 GNU/Linux
Mon Mar  9 02:46:49 CET 2026
mri_convert orig_nu.mgz talsrcimg.img 
reading from orig_nu.mgz...
TR=0.00, TE=0.00, TI=0.00, flip angle=0.00
i_ras = (-1, -7.21229e-10, -1.16415e-10)
j_ras = (0, 0, -1)
k_ras = (7.21229e-10, 1, 0)
writing to talsrcimg.img...
Analyze Output Matrix
-1.00000   0.00000   0.00000   129.46481;
-0.00000   0.00000   1.00000  -126.98350;
-0.00000  -1.00000   0.00000   115.90862;
 0.00000   0.00000   0.00000   1.00000;
--------------------
INFO: set hdr.hist.orient to -1
mpr2mni305 talsrcimg
Mon Mar  9 02:46:49 CET 2026
/opt/freesurfer/bin/mpr2mni305 talsrcimg
mpr2mni305 7.3.2
target=711-2C_as_mni_average_305

---------------------------------------------------------------------
analyzeto4dfp talsrcimg -O0 -y
---------------------------------------------------------------------

freesurfer ifh2hdr.c
Mon Mar  9 02:46:50 2026
Writing: talsrcimg.4dfp.hdr
freesurfer analyzeto4dfp.c
Reading: talsrcimg.hdr
header size 348 bytes
hdr.dime.datatype	offset=70	value=2
hdr.dime.bitpix		offset=72	value=8
hdr.hist.orient		offset=252	value=-1
dimensionality     4
dimensions       256       256       256         1
Reading: talsrcimg.img
Writing: talsrcimg.4dfp.img
Writing: talsrcimg.4dfp.ifh
ifh2hdr talsrcimg -r0to255
ori=2

---------------------------------------------------------------------
gauss_4dfp talsrcimg 1.1
---------------------------------------------------------------------

freesurfer gauss_4dfp.c
Reading: talsrcimg.4dfp.img
Writing: talsrcimg_g11.4dfp.img
image dimensions 256 256 256 padded to 288 288 288
processing volume 1freesurfer ifh2hdr.c
Mon Mar  9 02:46:51 2026
Writing: talsrcimg_g11.4dfp.hdr

Writing: talsrcimg_g11.4dfp.ifh
including: talsrcimg.4dfp.img.rec in talsrcimg_g11.4dfp.img.rec

---------------------------------------------------------------------
imgreg_4dfp /opt/freesurfer/average/711-2C_as_mni_average_305 none talsrcimg_g11 none talsrcimg_to_711-2C_as_mni_average_305_t4 4355
---------------------------------------------------------------------

freesurfer imgreg_4dfp.c
/opt/freesurfer/average/711-2C_as_mni_average_305.4dfp.img
       256       256       256         1
  1.000000  1.000000  1.000000
orientation T byte_order littleendian
Reading image: /opt/freesurfer/average/711-2C_as_mni_average_305.4dfp.img
dimensions:      256       256       256
mmppix:       1.0000   -1.0000   -1.0000
center:     128.0000 -129.0000 -129.0000
talsrcimg_g11.4dfp.img
       256       256       256         1
  1.000000  1.000000  1.000000
orientation T byte_order littleendian
Reading image: talsrcimg_g11.4dfp.img
dimensions:      256       256       256
mmppix:       1.0000   -1.0000   -1.0000
center:     128.0000 -129.0000 -129.0000
t4_read: open error in t4_sub.f l:  41 t4_file(1:l)talsrcimg_to_711-2C_as_mni_average_305_t4 
t4_read: transform initialized to I4
rotation matrix determinant  1.000000
image alignment mode   4355 decimal     1103 hex
   -7.5000  -45.0000  -45.0000 7762.3130   12.0681
    0.0000  -45.0000  -45.0000 8073.2046   12.0874
    7.5000  -45.0000  -45.0000 7685.3062   12.1026
   -7.5000  -37.5000  -45.0000 8454.7607   11.8909
    0.0000  -37.5000  -45.0000 8782.6611   11.9077
    7.5000  -37.5000  -45.0000 8359.9082   11.9197
   -7.5000  -30.0000  -45.0000 9485.5381   11.8048
    0.0000  -30.0000  -45.0000 9847.4404   11.8139
    7.5000  -30.0000  -45.0000 9363.5137   11.8168
   -7.5000  -22.5000  -45.000010507.0205   11.7995
    0.0000  -22.5000  -45.000010916.2354   11.8022
    7.5000  -22.5000  -45.000010377.9277   11.7990
   -7.5000  -15.0000  -45.000011453.9258   11.8039
    0.0000  -15.0000  -45.000011907.8828   11.8074
    7.5000  -15.0000  -45.000011323.7998   11.8058
   -7.5000   -7.5000  -45.000012319.3164   11.8050
    0.0000   -7.5000  -45.000012810.2344   11.8163
    7.5000   -7.5000  -45.000012163.3105   11.8238
   -7.5000    0.0000  -45.000013078.6279   11.8027
    0.0000    0.0000  -45.000013602.3193   11.8206
    7.5000    0.0000  -45.000012923.8926   11.8350
   -7.5000    7.5000  -45.000012879.6748   11.7989
    0.0000    7.5000  -45.000013366.2422   11.8151
    7.5000    7.5000  -45.000012710.0850   11.8268
   -7.5000   15.0000  -45.000012458.4238   11.7963
    0.0000   15.0000  -45.000012926.1123   11.8053
    7.5000   15.0000  -45.000012330.0146   11.8084
   -7.5000   22.5000  -45.000011972.6357   11.7975
    0.0000   22.5000  -45.000012415.4336   11.8002
    7.5000   22.5000  -45.000011842.0605   11.7970
   -7.5000   30.0000  -45.000011506.4492   11.6466
    0.0000   30.0000  -45.000011954.4004   11.6500
    7.5000   30.0000  -45.000011381.8096   11.6484
   -7.5000   37.5000  -45.000011255.4580   11.6476
    0.0000   37.5000  -45.000011707.3232   11.6589
    7.5000   37.5000  -45.000011162.3223   11.6662
   -7.5000   45.0000  -45.000010393.8027   11.3497
    0.0000   45.0000  -45.000010822.3701   11.3669
    7.5000   45.0000  -45.000010296.6201   11.3808
   -7.5000  -45.0000  -37.5000 8147.4673   12.0607
    0.0000  -45.0000  -37.5000 8472.5146   12.0779
    7.5000  -45.0000  -37.5000 8069.4814   12.0917
   -7.5000  -37.5000  -37.5000 8893.9053   11.8870
    0.0000  -37.5000  -37.5000 9243.7676   11.9019
    7.5000  -37.5000  -37.5000 8784.5742   11.9134
   -7.5000  -30.0000  -37.5000 9990.0371   11.8034
    0.0000  -30.0000  -37.500010374.0801   11.8118
    7.5000  -30.0000  -37.5000 9847.4092   11.8159
   -7.5000  -22.5000  -37.500011054.0117   11.7977
    0.0000  -22.5000  -37.500011475.5293   11.8008
    7.5000  -22.5000  -37.500010912.8516   11.7995
   -7.5000  -15.0000  -37.500012057.9014   11.7997
    0.0000  -15.0000  -37.500012509.2051   11.8035
    7.5000  -15.0000  -37.500011909.5801   11.8032
   -7.5000   -7.5000  -37.500012963.9258   11.7980
    0.0000   -7.5000  -37.500013439.2461   11.8088
    7.5000   -7.5000  -37.500012790.3691   11.8159
   -7.5000    0.0000  -37.500013751.6533   11.7959
    0.0000    0.0000  -37.500014263.6895   11.8120
    7.5000    0.0000  -37.500013572.8311   11.8251
   -7.5000    7.5000  -37.500013480.2969   11.7950
    0.0000    7.5000  -37.500013996.1455   11.8095
    7.5000    7.5000  -37.500013325.8818   11.8206
   -7.5000   15.0000  -37.500013026.7939   11.7948
    0.0000   15.0000  -37.500013534.4043   11.8033
    7.5000   15.0000  -37.500012908.3398   11.8074
   -7.5000   22.5000  -37.500012507.4336   11.7957
    0.0000   22.5000  -37.500012995.1230   11.7988
    7.5000   22.5000  -37.500012402.4658   11.7975
   -7.5000   30.0000  -37.500011995.0371   11.6424
    0.0000   30.0000  -37.500012465.0830   11.6462
    7.5000   30.0000  -37.500011888.8223   11.6459
   -7.5000   37.5000  -37.500011758.8477   11.6408
    0.0000   37.5000  -37.500012215.5098   11.6514
    7.5000   37.5000  -37.500011656.3984   11.6584
   -7.5000   45.0000  -37.500010851.2646   11.3432
    0.0000   45.0000  -37.500011266.3965   11.3586
    7.5000   45.0000  -37.500010756.6689   11.3712
   -7.5000  -45.0000  -30.0000 8653.3965   12.5850
    0.0000  -45.0000  -30.0000 8999.2256   12.6011
    7.5000  -45.0000  -30.0000 8574.8174   12.6133
   -7.5000  -37.5000  -30.0000 9445.6982   12.4058
    0.0000  -37.5000  -30.0000 9816.7900   12.4223
    7.5000  -37.5000  -30.0000 9327.0869   12.4347
   -7.5000  -30.0000  -30.000010589.0908   12.3212
    0.0000  -30.0000  -30.000011019.4238   12.3331
    7.5000  -30.0000  -30.000010461.1758   12.3395
   -7.5000  -22.5000  -30.000011700.5537   12.3160
    0.0000  -22.5000  -30.000012172.3037   12.3211
    7.5000  -22.5000  -30.000011564.1143   12.3208
   -7.5000  -15.0000  -30.000012779.1729   12.3163
    0.0000  -15.0000  -30.000013276.8184   12.3192
    7.5000  -15.0000  -30.000012619.9023   12.3175
   -7.5000   -7.5000  -30.000013770.3936   12.3118
    0.0000   -7.5000  -30.000014297.8896   12.3202
    7.5000   -7.5000  -30.000013573.3398   12.3248
   -7.5000    0.0000  -30.000014610.0156   12.3084
    0.0000    0.0000  -30.000015157.9863   12.3232
    7.5000    0.0000  -30.000014393.4697   12.3347
   -7.5000    7.5000  -30.000014285.7412   12.3095
    0.0000    7.5000  -30.000014861.2246   12.3256
    7.5000    7.5000  -30.000014121.0381   12.3375
   -7.5000   15.0000  -30.000013837.4502   12.3122
    0.0000   15.0000  -30.000014382.5791   12.3241
    7.5000   15.0000  -30.000013718.3877   12.3305
   -7.5000   22.5000  -30.000013272.3984   12.3127
    0.0000   22.5000  -30.000013804.4199   12.3177
    7.5000   22.5000  -30.000013158.5723   12.3175
   -7.5000   30.0000  -30.000012639.8164   12.1533
    0.0000   30.0000  -30.000013147.5732   12.1562
    7.5000   30.0000  -30.000012546.4561   12.1545
   -7.5000   37.5000  -30.000012375.4258   12.1489
    0.0000   37.5000  -30.000012861.8594   12.1572
    7.5000   37.5000  -30.000012284.1865   12.1617
   -7.5000   45.0000  -30.000011436.9229   11.8447
    0.0000   45.0000  -30.000011863.2939   11.8589
    7.5000   45.0000  -30.000011349.9551   11.8700
   -7.5000  -45.0000  -22.5000 9100.3984   13.0454
    0.0000  -45.0000  -22.5000 9464.8799   13.0619
    7.5000  -45.0000  -22.5000 9020.5059   13.0737
   -7.5000  -37.5000  -22.5000 9937.4629   12.8573
    0.0000  -37.5000  -22.500010332.9961   12.8776
    7.5000  -37.5000  -22.5000 9831.7510   12.8915
   -7.5000  -30.0000  -22.500011161.4941   12.7696
    0.0000  -30.0000  -22.500011587.0752   12.7860
    7.5000  -30.0000  -22.500011042.3242   12.7935
   -7.5000  -22.5000  -22.500012320.6934   12.7653
    0.0000  -22.5000  -22.500012775.1836   12.7721
    7.5000  -22.5000  -22.500012169.1553   12.7710
   -7.5000  -15.0000  -22.500013448.3184   12.7671
    0.0000  -15.0000  -22.500013957.6328   12.7684
    7.5000  -15.0000  -22.500013271.2861   12.7637
   -7.5000   -7.5000  -22.500014524.2881   12.7628
    0.0000   -7.5000  -22.500015084.2275   12.7691
    7.5000   -7.5000  -22.500014311.2588   12.7708
   -7.5000    0.0000  -22.500015416.8760   12.7576
    0.0000    0.0000  -22.500015994.5381   12.7726
    7.5000    0.0000  -22.500015169.4004   12.7837
   -7.5000    7.5000  -22.500015093.3975   12.7573
    0.0000    7.5000  -22.500015667.8516   12.7769
    7.5000    7.5000  -22.500014899.5088   12.7902
   -7.5000   15.0000  -22.500014617.2891   12.7602
    0.0000   15.0000  -22.500015208.0830   12.7766
    7.5000   15.0000  -22.500014467.2266   12.7842
   -7.5000   22.5000  -22.500013990.4863   12.7609
    0.0000   22.5000  -22.500014561.4248   12.7678
    7.5000   22.5000  -22.500013863.0908   12.7666
   -7.5000   30.0000  -22.500013292.1543   12.6000
    0.0000   30.0000  -22.500013838.3545   12.6013
    7.5000   30.0000  -22.500013178.9785   12.5967
   -7.5000   37.5000  -22.500012988.0879   12.5958
    0.0000   37.5000  -22.500013517.3291   12.6021
    7.5000   37.5000  -22.500012886.5459   12.6037
   -7.5000   45.0000  -22.500012039.7959   12.2862
    0.0000   45.0000  -22.500012496.8965   12.3007
    7.5000   45.0000  -22.500011941.2637   12.3113
   -7.5000  -45.0000  -15.0000 9550.7646   13.3697
    0.0000  -45.0000  -15.0000 9925.4502   13.3883
    7.5000  -45.0000  -15.0000 9470.1357   13.4013
   -7.5000  -37.5000  -15.000010426.2578   13.1731
    0.0000  -37.5000  -15.000010830.6074   13.1962
    7.5000  -37.5000  -15.000010310.7217   13.2112
   -7.5000  -30.0000  -15.000011717.2148   13.0811
    0.0000  -30.0000  -15.000012156.1865   13.0993
    7.5000  -30.0000  -15.000011567.5605   13.1058
   -7.5000  -22.5000  -15.000012911.5996   13.0771
    0.0000  -22.5000  -15.000013417.2051   13.0840
    7.5000  -22.5000  -15.000012745.2686   13.0805
   -7.5000  -15.0000  -15.000014066.8408   13.0817
    0.0000  -15.0000  -15.000014632.6914   13.0820
    7.5000  -15.0000  -15.000013891.3438   13.0750
   -7.5000   -7.5000  -15.000015228.0166   13.0799
    0.0000   -7.5000  -15.000015830.6025   13.0862
    7.5000   -7.5000  -15.000014994.0537   13.0872
   -7.5000    0.0000  -15.000016263.5713   13.0740
    0.0000    0.0000  -15.000016884.5137   13.0910
    7.5000    0.0000  -15.000015944.4482   13.1031
   -7.5000    7.5000  -15.000015993.6191   13.0706
    0.0000    7.5000  -15.000016598.7129   13.0929
    7.5000    7.5000  -15.000015688.4141   13.1072
   -7.5000   15.0000  -15.000015459.2646   13.0715
    0.0000   15.0000  -15.000016094.5596   13.0897
    7.5000   15.0000  -15.000015226.1943   13.0963
   -7.5000   22.5000  -15.000014712.5693   13.0720
    0.0000   22.5000  -15.000015349.9502   13.0789
    7.5000   22.5000  -15.000014518.5801   13.0754
   -7.5000   30.0000  -15.000013942.6445   12.9123
    0.0000   30.0000  -15.000014535.7949   12.9126
    7.5000   30.0000  -15.000013762.7656   12.9058
   -7.5000   37.5000  -15.000013604.5645   12.9106
    0.0000   37.5000  -15.000014157.2070   12.9168
    7.5000   37.5000  -15.000013430.6006   12.9178
   -7.5000   45.0000  -15.000012615.1602   12.5985
    0.0000   45.0000  -15.000013108.6543   12.6149
    7.5000   45.0000  -15.000012447.2383   12.6266
   -7.5000  -45.0000   -7.5000 9983.1738   13.5063
    0.0000  -45.0000   -7.500010394.3525   13.5275
    7.5000  -45.0000   -7.5000 9888.9561   13.5430
   -7.5000  -37.5000   -7.500010926.1719   13.3062
    0.0000  -37.5000   -7.500011346.2168   13.3284
    7.5000  -37.5000   -7.500010786.2490   13.3431
   -7.5000  -30.0000   -7.500012244.1797   13.2106
    0.0000  -30.0000   -7.500012716.2236   13.2255
    7.5000  -30.0000   -7.500012085.6084   13.2298
   -7.5000  -22.5000   -7.500013512.2383   13.2058
    0.0000  -22.5000   -7.500014057.5547   13.2107
    7.5000  -22.5000   -7.500013351.0859   13.2059
   -7.5000  -15.0000   -7.500014686.7549   13.2117
    0.0000  -15.0000   -7.500015302.2793   13.2134
    7.5000  -15.0000   -7.500014548.6094   13.2080
   -7.5000   -7.5000   -7.500015865.3701   13.2124
    0.0000   -7.5000   -7.500016520.5293   13.2222
    7.5000   -7.5000   -7.500015676.9336   13.2265
   -7.5000    0.0000   -7.500017096.9531   13.2081
    0.0000    0.0000   -7.500017776.4883   13.2276
    7.5000    0.0000   -7.500016685.3047   13.2423
   -7.5000    7.5000   -7.500017100.7090   13.2029
    0.0000    7.5000   -7.500017828.9473   13.2244
    7.5000    7.5000   -7.500016553.7324   13.2384
   -7.5000   15.0000   -7.500016610.2891   13.2010
    0.0000   15.0000   -7.500017353.9609   13.2159
    7.5000   15.0000   -7.500016076.0762   13.2203
   -7.5000   22.5000   -7.500015689.9678   13.1992
    0.0000   22.5000   -7.500016380.5078   13.2041
    7.5000   22.5000   -7.500015279.9219   13.1994
   -7.5000   30.0000   -7.500014708.1709   13.0403
    0.0000   30.0000   -7.500015332.3633   13.0420
    7.5000   30.0000   -7.500014398.0459   13.0367
   -7.5000   37.5000   -7.500014253.2129   13.0411
    0.0000   37.5000   -7.500014841.9600   13.0507
    7.5000   37.5000   -7.500014002.9570   13.0550
   -7.5000   45.0000   -7.500013179.3018   12.7301
    0.0000   45.0000   -7.500013711.1367   12.7489
    7.5000   45.0000   -7.500012974.1201   12.7631
   -7.5000  -45.0000    0.000010341.2080   13.5045
    0.0000  -45.0000    0.000010772.2822   13.5260
    7.5000  -45.0000    0.000010222.2959   13.5431
   -7.5000  -37.5000    0.000011294.0068   13.3061
    0.0000  -37.5000    0.000011745.0205   13.3249
    7.5000  -37.5000    0.000011164.0645   13.3384
   -7.5000  -30.0000    0.000012649.1611   13.2099
    0.0000  -30.0000    0.000013152.7861   13.2200
    7.5000  -30.0000    0.000012515.1279   13.2233
   -7.5000  -22.5000    0.000014005.6504   13.2038
    0.0000  -22.5000    0.000014581.1211   13.2069
    7.5000  -22.5000    0.000013837.1338   13.2033
   -7.5000  -15.0000    0.000015251.0342   13.2088
    0.0000  -15.0000    0.000015877.9502   13.2127
    7.5000  -15.0000    0.000015061.4473   13.2110
   -7.5000   -7.5000    0.000016470.3047   13.2100
    0.0000   -7.5000    0.000017155.9453   13.2227
    7.5000   -7.5000    0.000016227.0439   13.2310
   -7.5000    0.0000    0.000017742.3613   13.2074
    0.0000    0.0000    0.000018518.9160   13.2274
    7.5000    0.0000    0.000017281.6543   13.2436
   -7.5000    7.5000    0.000017751.3477   13.2032
    0.0000    7.5000    0.000018577.2988   13.2214
    7.5000    7.5000    0.000017163.4824   13.2344
   -7.5000   15.0000    0.000017162.2539   13.2003
    0.0000   15.0000    0.000017998.2598   13.2104
    7.5000   15.0000    0.000016665.6484   13.2138
   -7.5000   22.5000    0.000016198.1025   13.1973
    0.0000   22.5000    0.000016964.0684   13.2003
    7.5000   22.5000    0.000015847.8828   13.1968
   -7.5000   30.0000    0.000015196.2578   13.0378
    0.0000   30.0000    0.000015883.9697   13.0417
    7.5000   30.0000    0.000014921.3486   13.0399
   -7.5000   37.5000    0.000014693.7295   13.0390
    0.0000   37.5000    0.000015336.7197   13.0516
    7.5000   37.5000    0.000014476.9668   13.0598
   -7.5000   45.0000    0.000013580.7529   12.7304
    0.0000   45.0000    0.000014152.0020   12.7497
    7.5000   45.0000    0.000013382.0117   12.7653
   -7.5000  -45.0000    7.5000 9897.0703   13.4962
    0.0000  -45.0000    7.500010307.7871   13.5155
    7.5000  -45.0000    7.5000 9766.7803   13.5310
   -7.5000  -37.5000    7.500010816.8672   13.3019
    0.0000  -37.5000    7.500011261.0371   13.3186
    7.5000  -37.5000    7.500010684.1025   13.3314
   -7.5000  -30.0000    7.500012137.7510   13.2083
    0.0000  -30.0000    7.500012649.8809   13.2178
    7.5000  -30.0000    7.500011979.0947   13.2223
   -7.5000  -22.5000    7.500013451.5146   13.2020
    0.0000  -22.5000    7.500014023.0791   13.2054
    7.5000  -22.5000    7.500013263.3516   13.2040
   -7.5000  -15.0000    7.500014595.1299   13.2042
    0.0000  -15.0000    7.500015204.2324   13.2085
    7.5000  -15.0000    7.500014419.0850   13.2081
   -7.5000   -7.5000    7.500015716.6475   13.2023
    0.0000   -7.5000    7.500016385.1641   13.2143
    7.5000   -7.5000    7.500015512.6523   13.2223
   -7.5000    0.0000    7.500016863.0059   13.2000
    0.0000    0.0000    7.500017597.4863   13.2179
    7.5000    0.0000    7.500016559.7930   13.2326
   -7.5000    7.5000    7.500016708.0566   13.1989
    0.0000    7.5000    7.500017460.2910   13.2151
    7.5000    7.5000    7.500016418.1055   13.2276
   -7.5000   15.0000    7.500016100.3760   13.1987
    0.0000   15.0000    7.500016852.9453   13.2082
    7.5000   15.0000    7.500015925.3467   13.2128
   -7.5000   22.5000    7.500015292.0547   13.1955
    0.0000   22.5000    7.500015996.8496   13.1989
    7.5000   22.5000    7.500015170.7881   13.1975
   -7.5000   30.0000    7.500014427.1943   13.0332
    0.0000   30.0000    7.500015086.7812   13.0375
    7.5000   30.0000    7.500014286.6396   13.0371
   -7.5000   37.5000    7.500013982.0781   13.0315
    0.0000   37.5000    7.500014598.8770   13.0433
    7.5000   37.5000    7.500013835.6006   13.0512
   -7.5000   45.0000    7.500012949.7461   12.7233
    0.0000   45.0000    7.500013479.2256   12.7406
    7.5000   45.0000    7.500012795.1260   12.7547
   -7.5000  -45.0000   15.0000 9342.8740   13.5501
    0.0000  -45.0000   15.0000 9755.5215   13.5675
    7.5000  -45.0000   15.0000 9202.8555   13.5806
   -7.5000  -37.5000   15.000010203.3613   13.3567
    0.0000  -37.5000   15.000010632.2539   13.3747
    7.5000  -37.5000   15.000010048.8760   13.3880
   -7.5000  -30.0000   15.000011422.6387   13.2656
    0.0000  -30.0000   15.000011908.7461   13.2785
    7.5000  -30.0000   15.000011256.2578   13.2854
   -7.5000  -22.5000   15.000012608.2119   13.2599
    0.0000  -22.5000   15.000013126.0928   13.2655
    7.5000  -22.5000   15.000012452.2979   13.2652
   -7.5000  -15.0000   15.000013683.8477   13.2601
    0.0000  -15.0000   15.000014225.3623   13.2634
    7.5000  -15.0000   15.000013540.2832   13.2615
   -7.5000   -7.5000   15.000014740.3350   13.2552
    0.0000   -7.5000   15.000015359.0312   13.2644
    7.5000   -7.5000   15.000014591.3145   13.2692
   -7.5000    0.0000   15.000015795.2627   13.2516
    0.0000    0.0000   15.000016457.5000   13.2675
    7.5000    0.0000   15.000015585.7744   13.2799
   -7.5000    7.5000   15.000015580.7920   13.2528
    0.0000    7.5000   15.000016233.3867   13.2702
    7.5000    7.5000   15.000015411.7637   13.2831
   -7.5000   15.0000   15.000015068.2959   13.2559
    0.0000   15.0000   15.000015688.4033   13.2688
    7.5000   15.0000   15.000014952.3838   13.2757
   -7.5000   22.5000   15.000014398.1338   13.2534
    0.0000   22.5000   15.000014981.2949   13.2590
    7.5000   22.5000   15.000014273.9434   13.2586
   -7.5000   30.0000   15.000013637.3164   13.0884
    0.0000   30.0000   15.000014201.8955   13.0917
    7.5000   30.0000   15.000013499.5361   13.0898
   -7.5000   37.5000   15.000013165.2793   13.0836
    0.0000   37.5000   15.000013717.7393   13.0927
    7.5000   37.5000   15.000013037.9414   13.0975
   -7.5000   45.0000   15.000012176.5156   12.7730
    0.0000   45.0000   15.000012671.3262   12.7884
    7.5000   45.0000   15.000012036.2070   12.8003
   -7.5000  -45.0000   22.5000 8647.6328   13.6933
    0.0000  -45.0000   22.5000 9025.7285   13.7107
    7.5000  -45.0000   22.5000 8522.8896   13.7231
   -7.5000  -37.5000   22.5000 9434.3984   13.4935
    0.0000  -37.5000   22.5000 9823.8379   13.5150
    7.5000  -37.5000   22.5000 9305.5215   13.5297
   -7.5000  -30.0000   22.500010564.4648   13.4005
    0.0000  -30.0000   22.500010993.1396   13.4180
    7.5000  -30.0000   22.500010435.7656   13.4259
   -7.5000  -22.5000   22.500011657.1572   13.3960
    0.0000  -22.5000   22.500012107.6973   13.4035
    7.5000  -22.5000   22.500011536.3643   13.4023
   -7.5000  -15.0000   22.500012668.8203   13.3980
    0.0000  -15.0000   22.500013170.5811   13.3996
    7.5000  -15.0000   22.500012553.7266   13.3946
   -7.5000   -7.5000   22.500013682.2705   13.3935
    0.0000   -7.5000   22.500014246.6973   13.4002
    7.5000   -7.5000   22.500013558.5947   13.4019
   -7.5000    0.0000   22.500014639.7148   13.3879
    0.0000    0.0000   22.500015236.5410   13.4037
    7.5000    0.0000   22.500014480.7295   13.4154
   -7.5000    7.5000   22.500014401.0664   13.3875
    0.0000    7.5000   22.500014972.1328   13.4082
    7.5000    7.5000   22.500014256.2588   13.4223
   -7.5000   15.0000   22.500013982.8096   13.3906
    0.0000   15.0000   22.500014530.0684   13.4081
    7.5000   15.0000   22.500013853.0576   13.4160
   -7.5000   22.5000   22.500013421.7939   13.3893
    0.0000   22.5000   22.500013954.4727   13.3969
    7.5000   22.5000   22.500013291.2373   13.3956
   -7.5000   30.0000   22.500012725.0391   13.2245
    0.0000   30.0000   22.500013237.8438   13.2261
    7.5000   30.0000   22.500012605.4355   13.2212
   -7.5000   37.5000   22.500012307.7100   13.2201
    0.0000   37.5000   22.500012794.9111   13.2268
    7.5000   37.5000   22.500012168.4922   13.2285
   -7.5000   45.0000   22.500011333.8154   12.9044
    0.0000   45.0000   22.500011778.9648   12.9196
    7.5000   45.0000   22.500011189.7959   12.9309
   -7.5000  -45.0000   30.0000 7897.8257   13.9247
    0.0000  -45.0000   30.0000 8236.0537   13.9447
    7.5000  -45.0000   30.0000 7816.8535   13.9591
   -7.5000  -37.5000   30.0000 8631.1094   13.7147
    0.0000  -37.5000   30.0000 8987.0908   13.7394
    7.5000  -37.5000   30.0000 8543.8467   13.7559
   -7.5000  -30.0000   30.0000 9669.8604   13.6158
    0.0000  -30.0000   30.000010064.8145   13.6354
    7.5000  -30.0000   30.0000 9577.1299   13.6429
   -7.5000  -22.5000   30.000010696.2051   13.6106
    0.0000  -22.5000   30.000011118.8164   13.6183
    7.5000  -22.5000   30.000010591.4238   13.6152
   -7.5000  -15.0000   30.000011643.0146   13.6148
    0.0000  -15.0000   30.000012120.6436   13.6157
    7.5000  -15.0000   30.000011549.1436   13.6091
   -7.5000   -7.5000   30.000012592.1025   13.6135
    0.0000   -7.5000   30.000013115.0635   13.6207
    7.5000   -7.5000   30.000012486.8887   13.6225
   -7.5000    0.0000   30.000013448.5371   13.6084
    0.0000    0.0000   30.000013980.0449   13.6267
    7.5000    0.0000   30.000013305.5127   13.6402
   -7.5000    7.5000   30.000013197.5449   13.6051
    0.0000    7.5000   30.000013719.3965   13.6290
    7.5000    7.5000   30.000013066.1006   13.6447
   -7.5000   15.0000   30.000012822.5605   13.6056
    0.0000   15.0000   30.000013339.5098   13.6251
    7.5000   15.0000   30.000012711.1846   13.6327
   -7.5000   22.5000   30.000012344.8955   13.6038
    0.0000   22.5000   30.000012832.3408   13.6116
    7.5000   22.5000   30.000012237.7002   13.6085
   -7.5000   30.0000   30.000011726.9805   13.4386
    0.0000   30.0000   30.000012184.6875   13.4395
    7.5000   30.0000   30.000011622.4619   13.4329
   -7.5000   37.5000   30.000011335.5752   13.4374
    0.0000   37.5000   30.000011764.5342   13.4445
    7.5000   37.5000   30.000011209.7998   13.4462
   -7.5000   45.0000   30.000010433.9521   13.1169
    0.0000   45.0000   30.000010828.0801   13.1346
    7.5000   45.0000   30.000010311.8447   13.1476
   -7.5000  -45.0000   37.5000 7532.5850   14.3307
    0.0000  -45.0000   37.5000 7846.5752   14.3557
    7.5000  -45.0000   37.5000 7464.0347   14.3744
   -7.5000  -37.5000   37.5000 8226.8027   14.1038
    0.0000  -37.5000   37.5000 8559.3975   14.1296
    7.5000  -37.5000   37.5000 8157.9487   14.1476
   -7.5000  -30.0000   37.5000 9228.3477   13.9955
    0.0000  -30.0000   37.5000 9610.9434   14.0132
    7.5000  -30.0000   37.5000 9156.8887   14.0201
   -7.5000  -22.5000   37.500010221.4092   13.9912
    0.0000  -22.5000   37.500010630.0010   13.9982
    7.5000  -22.5000   37.500010128.9209   13.9951
   -7.5000  -15.0000   37.500011147.4590   13.9997
    0.0000  -15.0000   37.500011595.6104   14.0036
    7.5000  -15.0000   37.500011062.2275   13.9993
   -7.5000   -7.5000   37.500012025.5908   14.0016
    0.0000   -7.5000   37.500012515.2412   14.0143
    7.5000   -7.5000   37.500011945.5010   14.0205
   -7.5000    0.0000   37.500012816.3125   13.9961
    0.0000    0.0000   37.500013332.3174   14.0191
    7.5000    0.0000   37.500012699.6787   14.0367
   -7.5000    7.5000   37.500012596.3887   13.9881
    0.0000    7.5000   37.500013102.9834   14.0130
    7.5000    7.5000   37.500012482.3789   14.0302
   -7.5000   15.0000   37.500012248.6406   13.9848
    0.0000   15.0000   37.500012741.8486   14.0024
    7.5000   15.0000   37.500012147.6113   14.0094
   -7.5000   22.5000   37.500011804.4375   13.9842
    0.0000   22.5000   37.500012264.5127   13.9913
    7.5000   22.5000   37.500011709.0254   13.9881
   -7.5000   30.0000   37.500011219.7471   13.8184
    0.0000   30.0000   37.500011670.5996   13.8223
    7.5000   30.0000   37.500011127.0352   13.8180
   -7.5000   37.5000   37.500010838.4971   13.8204
    0.0000   37.5000   37.500011287.9248   13.8329
    7.5000   37.5000   37.500010723.4580   13.8390
   -7.5000   45.0000   37.5000 9982.8916   13.4906
    0.0000   45.0000   37.500010385.6875   13.5128
    7.5000   45.0000   37.5000 9863.5127   13.5298
   -7.5000  -45.0000   45.0000 6873.7256   14.7771
    0.0000  -45.0000   45.0000 7159.9375   14.8082
    7.5000  -45.0000   45.0000 6825.6743   14.8283
   -7.5000  -37.5000   45.0000 7506.3862   14.5339
    0.0000  -37.5000   45.0000 7813.6182   14.5603
    7.5000  -37.5000   45.0000 7452.0430   14.5767
   -7.5000  -30.0000   45.0000 8436.4766   14.4198
    0.0000  -30.0000   45.0000 8777.8496   14.4346
    7.5000  -30.0000   45.0000 8362.6279   14.4391
   -7.5000  -22.5000   45.0000 9352.2100   14.4190
    0.0000  -22.5000   45.0000 9735.7285   14.4253
    7.5000  -22.5000   45.0000 9266.1484   14.4211
   -7.5000  -15.0000   45.000010215.3213   14.4300
    0.0000  -15.0000   45.000010648.8350   14.4383
    7.5000  -15.0000   45.000010137.3838   14.4356
   -7.5000   -7.5000   45.000011009.1885   14.4297
    0.0000   -7.5000   45.000011471.6641   14.4498
    7.5000   -7.5000   45.000010936.1953   14.4589
   -7.5000    0.0000   45.000011696.2441   14.4201
    0.0000    0.0000   45.000012173.5703   14.4491
    7.5000    0.0000   45.000011605.4775   14.4681
   -7.5000    7.5000   45.000011493.8271   14.4104
    0.0000    7.5000   45.000011963.4775   14.4360
    7.5000    7.5000   45.000011402.4600   14.4518
   -7.5000   15.0000   45.000011218.3262   14.4084
    0.0000   15.0000   45.000011666.5918   14.4231
    7.5000   15.0000   45.000011118.1631   14.4277
   -7.5000   22.5000   45.000010842.4131   14.4118
    0.0000   22.5000   45.000011262.9268   14.4181
    7.5000   22.5000   45.000010741.8926   14.4139
   -7.5000   30.0000   45.000010301.3662   14.2419
    0.0000   30.0000   45.000010709.3535   14.2502
    7.5000   30.0000   45.000010204.5381   14.2475
   -7.5000   37.5000   45.0000 9938.4639   14.2417
    0.0000   37.5000   45.000010351.0107   14.2615
    7.5000   37.5000   45.0000 9842.7334   14.2705
   -7.5000   45.0000   45.0000 9176.3340   13.9057
    0.0000   45.0000   45.0000 9561.8516   13.9336
    7.5000   45.0000   45.0000 9075.0537   13.9519

---------------------------------------------------------------------
imgreg_4dfp /opt/freesurfer/average/711-2C_as_mni_average_305 /opt/freesurfer/average/711-2B_as_mni_average_305_mask talsrcimg_g11 none talsrcimg_to_711-2C_as_mni_average_305_t4 4355
---------------------------------------------------------------------

freesurfer imgreg_4dfp.c
/opt/freesurfer/average/711-2C_as_mni_average_305.4dfp.img
       256       256       256         1
  1.000000  1.000000  1.000000
orientation T byte_order littleendian
Reading image: /opt/freesurfer/average/711-2C_as_mni_average_305.4dfp.img
dimensions:      256       256       256
mmppix:       1.0000   -1.0000   -1.0000
center:     128.0000 -129.0000 -129.0000
/opt/freesurfer/average/711-2B_as_mni_average_305_mask.4dfp.img
       256       256       256         1
  1.000000  1.000000  1.000000
orientation T byte_order littleendian
Reading mask: /opt/freesurfer/average/711-2B_as_mni_average_305_mask.4dfp.img (2306576 pixels)
talsrcimg_g11.4dfp.img
       256       256       256         1
  1.000000  1.000000  1.000000
orientation T byte_order littleendian
Reading image: talsrcimg_g11.4dfp.img
dimensions:      256       256       256
mmppix:       1.0000   -1.0000   -1.0000
center:     128.0000 -129.0000 -129.0000
rotation matrix determinant  1.000000
image alignment mode   4355 decimal     1103 hex
   -7.5000  -37.5000  -45.0000 2209.5820   13.2962
    0.0000  -37.5000  -45.0000 2209.9468   13.2924
    7.5000  -37.5000  -45.0000 2182.8926   13.5158
   -7.5000  -30.0000  -45.0000 2321.1992   12.0370
    0.0000  -30.0000  -45.0000 2320.8452   12.0046
    7.5000  -30.0000  -45.0000 2292.7319   12.2046
   -7.5000  -22.5000  -45.0000 2412.1277   11.0951
    0.0000  -22.5000  -45.0000 2414.9424   11.0662
    7.5000  -22.5000  -45.0000 2386.8704   11.2506
   -7.5000  -15.0000  -45.0000 2469.1968   10.4339
    0.0000  -15.0000  -45.0000 2471.4915   10.3945
    7.5000  -15.0000  -45.0000 2447.9150   10.5799
   -7.5000   -7.5000  -45.0000 2512.8770    9.9742
    0.0000   -7.5000  -45.0000 2517.9138    9.9322
    7.5000   -7.5000  -45.0000 2486.7317   10.1199
   -7.5000    0.0000  -45.0000 2532.8958    9.7225
    0.0000    0.0000  -45.0000 2541.2197    9.6758
    7.5000    0.0000  -45.0000 2510.0508    9.8644
   -7.5000    7.5000  -45.0000 2540.2302    9.6355
    0.0000    7.5000  -45.0000 2545.3896    9.5928
    7.5000    7.5000  -45.0000 2515.8091    9.7902
   -7.5000   15.0000  -45.0000 2536.6177    9.7276
    0.0000   15.0000  -45.0000 2540.4133    9.6919
    7.5000   15.0000  -45.0000 2510.2725    9.8996
   -7.5000   22.5000  -45.0000 2510.6204    9.9932
    0.0000   22.5000  -45.0000 2517.3120    9.9489
    7.5000   22.5000  -45.0000 2482.2468   10.1489
   -7.5000   30.0000  -45.0000 2466.6670   10.4335
    0.0000   30.0000  -45.0000 2472.8406   10.3859
    7.5000   30.0000  -45.0000 2436.9678   10.5637
   -7.5000   37.5000  -45.0000 2395.2012   11.0575
    0.0000   37.5000  -45.0000 2403.4285   10.9929
    7.5000   37.5000  -45.0000 2373.6995   11.1971
   -7.5000   45.0000  -45.0000 2303.4937   11.9162
    0.0000   45.0000  -45.0000 2314.0757   11.8598
    7.5000   45.0000  -45.0000 2279.0930   12.0779
   -7.5000   52.5000  -45.0000 2179.9460   13.0040
    0.0000   52.5000  -45.0000 2186.5554   12.9396
    7.5000   52.5000  -45.0000 2150.2654   13.2007
   -7.5000  -37.5000  -37.5000 2270.0222   12.6479
    0.0000  -37.5000  -37.5000 2272.9529   12.6308
    7.5000  -37.5000  -37.5000 2243.1912   12.8160
   -7.5000  -30.0000  -37.5000 2387.8406   11.4319
    0.0000  -30.0000  -37.5000 2393.3264   11.3813
    7.5000  -30.0000  -37.5000 2359.8782   11.5583
   -7.5000  -22.5000  -37.5000 2481.0532   10.4902
    0.0000  -22.5000  -37.5000 2487.9397   10.4271
    7.5000  -22.5000  -37.5000 2457.5947   10.6219
   -7.5000  -15.0000  -37.5000 2549.1252    9.8065
    0.0000  -15.0000  -37.5000 2554.1985    9.7470
    7.5000  -15.0000  -37.5000 2526.9834    9.9286
   -7.5000   -7.5000  -37.5000 2591.9126    9.3796
    0.0000   -7.5000  -37.5000 2596.9089    9.3203
    7.5000   -7.5000  -37.5000 2569.1365    9.4795
   -7.5000    0.0000  -37.5000 2623.2986    9.1055
    0.0000    0.0000  -37.5000 2629.4873    9.0375
    7.5000    0.0000  -37.5000 2598.6501    9.2050
   -7.5000    7.5000  -37.5000 2633.9219    9.0134
    0.0000    7.5000  -37.5000 2644.1267    8.9634
    7.5000    7.5000  -37.5000 2608.9282    9.1536
   -7.5000   15.0000  -37.5000 2629.8481    9.0961
    0.0000   15.0000  -37.5000 2639.3232    9.0592
    7.5000   15.0000  -37.5000 2601.2544    9.2547
   -7.5000   22.5000  -37.5000 2606.9229    9.3414
    0.0000   22.5000  -37.5000 2617.7361    9.2879
    7.5000   22.5000  -37.5000 2578.0261    9.4786
   -7.5000   30.0000  -37.5000 2562.2676    9.7351
    0.0000   30.0000  -37.5000 2575.9243    9.6655
    7.5000   30.0000  -37.5000 2534.9463    9.8524
   -7.5000   37.5000  -37.5000 2488.8999   10.3090
    0.0000   37.5000  -37.5000 2502.6990   10.2440
    7.5000   37.5000  -37.5000 2464.6345   10.4163
   -7.5000   45.0000  -37.5000 2390.1404   11.1004
    0.0000   45.0000  -37.5000 2399.9546   11.0385
    7.5000   45.0000  -37.5000 2364.6821   11.2328
   -7.5000   52.5000  -37.5000 2256.3879   12.1170
    0.0000   52.5000  -37.5000 2261.9041   12.0504
    7.5000   52.5000  -37.5000 2226.8511   12.2651
   -7.5000  -37.5000  -30.0000 2359.1558   12.4719
    0.0000  -37.5000  -30.0000 2361.2766   12.4491
    7.5000  -37.5000  -30.0000 2332.8667   12.6304
   -7.5000  -30.0000  -30.0000 2482.1387   11.2441
    0.0000  -30.0000  -30.0000 2488.2595   11.2154
    7.5000  -30.0000  -30.0000 2458.9011   11.3660
   -7.5000  -22.5000  -30.0000 2580.1101   10.2866
    0.0000  -22.5000  -30.0000 2589.9385   10.2394
    7.5000  -22.5000  -30.0000 2561.9485   10.4034
   -7.5000  -15.0000  -30.0000 2657.6418    9.5820
    0.0000  -15.0000  -30.0000 2666.8623    9.5394
    7.5000  -15.0000  -30.0000 2639.2866    9.7013
   -7.5000   -7.5000  -30.0000 2710.7656    9.1222
    0.0000   -7.5000  -30.0000 2720.5400    9.0760
    7.5000   -7.5000  -30.0000 2688.3992    9.2270
   -7.5000    0.0000  -30.0000 2750.2783    8.8317
    0.0000    0.0000  -30.0000 2761.6504    8.7705
    7.5000    0.0000  -30.0000 2723.0239    8.9481
   -7.5000    7.5000  -30.0000 2769.0181    8.7308
    0.0000    7.5000  -30.0000 2784.4302    8.6826
    7.5000    7.5000  -30.0000 2740.0471    8.8668
   -7.5000   15.0000  -30.0000 2772.1074    8.8247
    0.0000   15.0000  -30.0000 2784.7063    8.7777
    7.5000   15.0000  -30.0000 2740.5149    8.9878
   -7.5000   22.5000  -30.0000 2751.2485    9.0635
    0.0000   22.5000  -30.0000 2765.6724    8.9953
    7.5000   22.5000  -30.0000 2722.0249    9.2010
   -7.5000   30.0000  -30.0000 2698.2637    9.4424
    0.0000   30.0000  -30.0000 2716.8525    9.3640
    7.5000   30.0000  -30.0000 2675.2310    9.5362
   -7.5000   37.5000  -30.0000 2622.5745    9.9974
    0.0000   37.5000  -30.0000 2638.5842    9.9184
    7.5000   37.5000  -30.0000 2596.4292   10.0834
   -7.5000   45.0000  -30.0000 2515.9832   10.7718
    0.0000   45.0000  -30.0000 2525.3013   10.7106
    7.5000   45.0000  -30.0000 2486.3579   10.9066
   -7.5000   52.5000  -30.0000 2370.8928   11.7643
    0.0000   52.5000  -30.0000 2377.6582   11.6980
    7.5000   52.5000  -30.0000 2338.7676   11.9174
   -7.5000  -37.5000  -22.5000 2408.4138   12.2535
    0.0000  -37.5000  -22.5000 2415.3638   12.2229
    7.5000  -37.5000  -22.5000 2382.3677   12.4280
   -7.5000  -30.0000  -22.5000 2539.3098   11.0450
    0.0000  -30.0000  -22.5000 2547.5437   10.9990
    7.5000  -30.0000  -22.5000 2512.9753   11.1965
   -7.5000  -22.5000  -22.5000 2639.6763   10.0742
    0.0000  -22.5000  -22.5000 2648.2761   10.0123
    7.5000  -22.5000  -22.5000 2619.6877   10.2053
   -7.5000  -15.0000  -22.5000 2729.1941    9.3609
    0.0000  -15.0000  -22.5000 2738.0923    9.3002
    7.5000  -15.0000  -22.5000 2709.7620    9.4694
   -7.5000   -7.5000  -22.5000 2794.7664    8.8469
    0.0000   -7.5000  -22.5000 2805.9753    8.8021
    7.5000   -7.5000  -22.5000 2774.6304    8.9549
   -7.5000    0.0000  -22.5000 2837.7898    8.5545
    0.0000    0.0000  -22.5000 2852.5798    8.5009
    7.5000    0.0000  -22.5000 2814.8242    8.6677
   -7.5000    7.5000  -22.5000 2867.7546    8.4255
    0.0000    7.5000  -22.5000 2885.5803    8.3749
    7.5000    7.5000  -22.5000 2838.0210    8.5741
   -7.5000   15.0000  -22.5000 2877.3506    8.4949
    0.0000   15.0000  -22.5000 2893.1169    8.4457
    7.5000   15.0000  -22.5000 2838.2288    8.6763
   -7.5000   22.5000  -22.5000 2854.2676    8.7367
    0.0000   22.5000  -22.5000 2874.1418    8.6629
    7.5000   22.5000  -22.5000 2820.1030    8.8743
   -7.5000   30.0000  -22.5000 2799.6943    9.0986
    0.0000   30.0000  -22.5000 2818.4905    9.0211
    7.5000   30.0000  -22.5000 2771.2905    9.1991
   -7.5000   37.5000  -22.5000 2717.4646    9.6209
    0.0000   37.5000  -22.5000 2734.3103    9.5535
    7.5000   37.5000  -22.5000 2690.0164    9.7305
   -7.5000   45.0000  -22.5000 2607.3052   10.3974
    0.0000   45.0000  -22.5000 2618.4495   10.3315
    7.5000   45.0000  -22.5000 2575.3652   10.5420
   -7.5000   52.5000  -22.5000 2453.8645   11.3891
    0.0000   52.5000  -22.5000 2463.9363   11.3193
    7.5000   52.5000  -22.5000 2424.0188   11.5521
   -7.5000  -37.5000  -15.0000 2427.7732   12.1010
    0.0000  -37.5000  -15.0000 2430.9434   12.0600
    7.5000  -37.5000  -15.0000 2401.1873   12.3069
   -7.5000  -30.0000  -15.0000 2558.9070   10.8693
    0.0000  -30.0000  -15.0000 2561.8774   10.8396
    7.5000  -30.0000  -15.0000 2531.4336   11.0489
   -7.5000  -22.5000  -15.0000 2662.6470    9.9053
    0.0000  -22.5000  -15.0000 2670.2163    9.8605
    7.5000  -22.5000  -15.0000 2641.0500   10.0379
   -7.5000  -15.0000  -15.0000 2760.0974    9.1728
    0.0000  -15.0000  -15.0000 2774.5994    9.1139
    7.5000  -15.0000  -15.0000 2744.5527    9.2707
   -7.5000   -7.5000  -15.0000 2838.8564    8.6398
    0.0000   -7.5000  -15.0000 2853.8054    8.5862
    7.5000   -7.5000  -15.0000 2825.8093    8.7344
   -7.5000    0.0000  -15.0000 2894.4373    8.3562
    0.0000    0.0000  -15.0000 2909.6504    8.2896
    7.5000    0.0000  -15.0000 2877.4900    8.4269
   -7.5000    7.5000  -15.0000 2933.5359    8.2328
    0.0000    7.5000  -15.0000 2949.1956    8.1867
    7.5000    7.5000  -15.0000 2900.4919    8.3534
   -7.5000   15.0000  -15.0000 2945.7654    8.2550
    0.0000   15.0000  -15.0000 2963.0803    8.2265
    7.5000   15.0000  -15.0000 2900.8174    8.4180
   -7.5000   22.5000  -15.0000 2916.1270    8.4436
    0.0000   22.5000  -15.0000 2938.3013    8.3959
    7.5000   22.5000  -15.0000 2875.6772    8.5856
   -7.5000   30.0000  -15.0000 2858.6003    8.7826
    0.0000   30.0000  -15.0000 2878.4658    8.7166
    7.5000   30.0000  -15.0000 2831.1396    8.8834
   -7.5000   37.5000  -15.0000 2772.9302    9.3033
    0.0000   37.5000  -15.0000 2790.9636    9.2266
    7.5000   37.5000  -15.0000 2746.5649    9.4078
   -7.5000   45.0000  -15.0000 2658.3706   10.1165
    0.0000   45.0000  -15.0000 2672.1345   10.0181
    7.5000   45.0000  -15.0000 2626.7454   10.2262
   -7.5000   52.5000  -15.0000 2502.4661   11.1161
    0.0000   52.5000  -15.0000 2515.5200   11.0295
    7.5000   52.5000  -15.0000 2469.7607   11.2322
   -7.5000  -37.5000   -7.5000 2426.3098   12.0534
    0.0000  -37.5000   -7.5000 2427.9749   12.0118
    7.5000  -37.5000   -7.5000 2399.1797   12.2548
   -7.5000  -30.0000   -7.5000 2547.0771   10.7733
    0.0000  -30.0000   -7.5000 2550.8347   10.7364
    7.5000  -30.0000   -7.5000 2523.0544   10.9529
   -7.5000  -22.5000   -7.5000 2660.5769    9.7671
    0.0000  -22.5000   -7.5000 2666.8469    9.7392
    7.5000  -22.5000   -7.5000 2638.4460    9.9127
   -7.5000  -15.0000   -7.5000 2763.3901    9.0003
    0.0000  -15.0000   -7.5000 2774.7300    8.9714
    7.5000  -15.0000   -7.5000 2747.7539    9.1276
   -7.5000   -7.5000   -7.5000 2851.1960    8.4729
    0.0000   -7.5000   -7.5000 2866.8394    8.4330
    7.5000   -7.5000   -7.5000 2837.8521    8.5897
   -7.5000    0.0000   -7.5000 2925.0244    8.1965
    0.0000    0.0000   -7.5000 2939.5574    8.1489
    7.5000    0.0000   -7.5000 2900.4500    8.2740
   -7.5000    7.5000   -7.5000 2976.4436    8.1340
    0.0000    7.5000   -7.5000 2997.3367    8.0931
    7.5000    7.5000   -7.5000 2940.5137    8.1854
   -7.5000   15.0000   -7.5000 2989.2065    8.1697
    0.0000   15.0000   -7.5000 3012.7329    8.1482
    7.5000   15.0000   -7.5000 2939.3782    8.2408
   -7.5000   22.5000   -7.5000 2953.2046    8.2799
    0.0000   22.5000   -7.5000 2977.8098    8.2438
    7.5000   22.5000   -7.5000 2910.2910    8.3740
   -7.5000   30.0000   -7.5000 2890.9678    8.5501
    0.0000   30.0000   -7.5000 2910.3613    8.5035
    7.5000   30.0000   -7.5000 2859.8811    8.6659
   -7.5000   37.5000   -7.5000 2797.6763    9.0734
    0.0000   37.5000   -7.5000 2817.8767    9.0129
    7.5000   37.5000   -7.5000 2772.0024    9.2043
   -7.5000   45.0000   -7.5000 2677.7336    9.8941
    0.0000   45.0000   -7.5000 2694.1689    9.8226
    7.5000   45.0000   -7.5000 2647.8591   10.0261
   -7.5000   52.5000   -7.5000 2518.4534   10.8926
    0.0000   52.5000   -7.5000 2532.9304   10.8375
    7.5000   52.5000   -7.5000 2487.7590   11.0248
   -7.5000  -37.5000    0.0000 2407.2239   12.1257
    0.0000  -37.5000    0.0000 2414.1562   12.0754
    7.5000  -37.5000    0.0000 2386.8455   12.3246
   -7.5000  -30.0000    0.0000 2519.2817   10.8161
    0.0000  -30.0000    0.0000 2527.0383   10.7529
    7.5000  -30.0000    0.0000 2505.7627   10.9914
   -7.5000  -22.5000    0.0000 2633.5527    9.8021
    0.0000  -22.5000    0.0000 2642.4282    9.7596
    7.5000  -22.5000    0.0000 2620.4043    9.9664
   -7.5000  -15.0000    0.0000 2740.1265    9.0289
    0.0000  -15.0000    0.0000 2748.3936    8.9999
    7.5000  -15.0000    0.0000 2723.9241    9.1753
   -7.5000   -7.5000    0.0000 2841.9126    8.4830
    0.0000   -7.5000    0.0000 2852.4976    8.4618
    7.5000   -7.5000    0.0000 2819.0391    8.5961
   -7.5000    0.0000    0.0000 2929.9546    8.1646
    0.0000    0.0000    0.0000 2940.3438    8.1501
    7.5000    0.0000    0.0000 2895.1819    8.2621
   -7.5000    7.5000    0.0000 2998.5454    8.0686
    0.0000    7.5000    0.0000 3019.3914    8.0623
    7.5000    7.5000    0.0000 2947.8538    8.1414
   -7.5000   15.0000    0.0000 3007.4216    8.0877
    0.0000   15.0000    0.0000 3037.9307    8.0799
    7.5000   15.0000    0.0000 2954.5884    8.1697
   -7.5000   22.5000    0.0000 2958.3494    8.2238
    0.0000   22.5000    0.0000 2989.0659    8.1860
    7.5000   22.5000    0.0000 2918.1968    8.3285
   -7.5000   30.0000    0.0000 2884.6089    8.5484
    0.0000   30.0000    0.0000 2905.3198    8.5204
    7.5000   30.0000    0.0000 2852.9705    8.6726
   -7.5000   37.5000    0.0000 2792.0679    9.0803
    0.0000   37.5000    0.0000 2807.4180    9.0429
    7.5000   37.5000    0.0000 2766.6997    9.2137
   -7.5000   45.0000    0.0000 2672.5862    9.8570
    0.0000   45.0000    0.0000 2686.0413    9.7929
    7.5000   45.0000    0.0000 2644.8171    9.9938
   -7.5000   52.5000    0.0000 2515.0671   10.8075
    0.0000   52.5000    0.0000 2527.2327   10.7433
    7.5000   52.5000    0.0000 2488.1350   10.9565
   -7.5000  -37.5000    7.5000 2378.6226   12.4392
    0.0000  -37.5000    7.5000 2384.8325   12.3723
    7.5000  -37.5000    7.5000 2361.8997   12.6099
   -7.5000  -30.0000    7.5000 2484.8247   11.0940
    0.0000  -30.0000    7.5000 2493.7263   11.0413
    7.5000  -30.0000    7.5000 2470.6260   11.2498
   -7.5000  -22.5000    7.5000 2598.7185   10.0457
    0.0000  -22.5000    7.5000 2608.2502    9.9951
    7.5000  -22.5000    7.5000 2585.7358   10.1895
   -7.5000  -15.0000    7.5000 2701.8411    9.2205
    0.0000  -15.0000    7.5000 2715.0845    9.1856
    7.5000  -15.0000    7.5000 2690.8735    9.3591
   -7.5000   -7.5000    7.5000 2813.4441    8.6237
    0.0000   -7.5000    7.5000 2827.8162    8.5926
    7.5000   -7.5000    7.5000 2795.2722    8.7515
   -7.5000    0.0000    7.5000 2905.4180    8.2734
    0.0000    0.0000    7.5000 2921.1470    8.2366
    7.5000    0.0000    7.5000 2879.9114    8.3855
   -7.5000    7.5000    7.5000 2979.2271    8.1299
    0.0000    7.5000    7.5000 3005.2874    8.1077
    7.5000    7.5000    7.5000 2937.9922    8.2398
   -7.5000   15.0000    7.5000 2989.7612    8.1179
    0.0000   15.0000    7.5000 3021.1360    8.0638
    7.5000   15.0000    7.5000 2944.2112    8.2742
   -7.5000   22.5000    7.5000 2944.6294    8.3000
    0.0000   22.5000    7.5000 2970.0720    8.2325
    7.5000   22.5000    7.5000 2907.9407    8.4441
   -7.5000   30.0000    7.5000 2862.8508    8.6979
    0.0000   30.0000    7.5000 2885.7830    8.6388
    7.5000   30.0000    7.5000 2837.4802    8.8093
   -7.5000   37.5000    7.5000 2760.9727    9.2899
    0.0000   37.5000    7.5000 2776.7498    9.2391
    7.5000   37.5000    7.5000 2740.9495    9.3993
   -7.5000   45.0000    7.5000 2642.3772   10.0547
    0.0000   45.0000    7.5000 2651.8223   10.0064
    7.5000   45.0000    7.5000 2619.8918   10.1751
   -7.5000   52.5000    7.5000 2485.5344   10.9765
    0.0000   52.5000    7.5000 2492.6504   10.9213
    7.5000   52.5000    7.5000 2462.1079   11.1075
   -7.5000  -37.5000   15.0000 2339.5913   12.9035
    0.0000  -37.5000   15.0000 2345.3267   12.8705
    7.5000  -37.5000   15.0000 2319.0764   13.0944
   -7.5000  -30.0000   15.0000 2445.2478   11.4944
    0.0000  -30.0000   15.0000 2454.3252   11.4467
    7.5000  -30.0000   15.0000 2426.2444   11.6654
   -7.5000  -22.5000   15.0000 2557.1108   10.3943
    0.0000  -22.5000   15.0000 2566.8628   10.3452
    7.5000  -22.5000   15.0000 2542.2441   10.5609
   -7.5000  -15.0000   15.0000 2662.5303    9.5425
    0.0000  -15.0000   15.0000 2673.7344    9.4911
    7.5000  -15.0000   15.0000 2651.3130    9.6982
   -7.5000   -7.5000   15.0000 2768.6262    8.9388
    0.0000   -7.5000   15.0000 2781.4431    8.8914
    7.5000   -7.5000   15.0000 2752.7959    9.0803
   -7.5000    0.0000   15.0000 2858.6338    8.5675
    0.0000    0.0000   15.0000 2874.1526    8.5299
    7.5000    0.0000   15.0000 2837.8823    8.6843
   -7.5000    7.5000   15.0000 2922.1160    8.3923
    0.0000    7.5000   15.0000 2946.9124    8.3434
    7.5000    7.5000   15.0000 2893.2600    8.5266
   -7.5000   15.0000   15.0000 2931.3433    8.3890
    0.0000   15.0000   15.0000 2954.8333    8.3196
    7.5000   15.0000   15.0000 2896.2678    8.5437
   -7.5000   22.5000   15.0000 2891.1489    8.6098
    0.0000   22.5000   15.0000 2911.5698    8.5422
    7.5000   22.5000   15.0000 2860.6841    8.7399
   -7.5000   30.0000   15.0000 2820.2612    9.0066
    0.0000   30.0000   15.0000 2843.1548    8.9290
    7.5000   30.0000   15.0000 2799.1140    9.1050
   -7.5000   37.5000   15.0000 2713.5105    9.5823
    0.0000   37.5000   15.0000 2728.8284    9.5236
    7.5000   37.5000   15.0000 2698.7305    9.6829
   -7.5000   45.0000   15.0000 2596.3186   10.3570
    0.0000   45.0000   15.0000 2608.4226   10.3114
    7.5000   45.0000   15.0000 2577.5037   10.4790
   -7.5000   52.5000   15.0000 2441.9509   11.2974
    0.0000   52.5000   15.0000 2450.2993   11.2507
    7.5000   52.5000   15.0000 2421.1731   11.4266
   -7.5000  -37.5000   22.5000 2285.4900   13.4958
    0.0000  -37.5000   22.5000 2294.4109   13.4408
    7.5000  -37.5000   22.5000 2266.6870   13.7312
   -7.5000  -30.0000   22.5000 2398.2954   12.0135
    0.0000  -30.0000   22.5000 2409.8708   11.9471
    7.5000  -30.0000   22.5000 2381.8125   12.2282
   -7.5000  -22.5000   22.5000 2509.9558   10.8869
    0.0000  -22.5000   22.5000 2522.1934   10.8046
    7.5000  -22.5000   22.5000 2495.5737   11.0806
   -7.5000  -15.0000   22.5000 2616.9768   10.0188
    0.0000  -15.0000   22.5000 2632.8066    9.9376
    7.5000  -15.0000   22.5000 2603.9839   10.1836
   -7.5000   -7.5000   22.5000 2717.3586    9.4081
    0.0000   -7.5000   22.5000 2732.2432    9.3339
    7.5000   -7.5000   22.5000 2701.8506    9.5463
   -7.5000    0.0000   22.5000 2793.4194    9.0198
    0.0000    0.0000   22.5000 2812.2598    8.9713
    7.5000    0.0000   22.5000 2777.0515    9.1417
   -7.5000    7.5000   22.5000 2845.3542    8.8088
    0.0000    7.5000   22.5000 2866.7637    8.7470
    7.5000    7.5000   22.5000 2821.6650    8.9508
   -7.5000   15.0000   22.5000 2853.9702    8.8246
    0.0000   15.0000   22.5000 2871.2107    8.7640
    7.5000   15.0000   22.5000 2826.9844    8.9579
   -7.5000   22.5000   22.5000 2817.2947    9.0640
    0.0000   22.5000   22.5000 2837.2075    8.9996
    7.5000   22.5000   22.5000 2796.6470    9.1652
   -7.5000   30.0000   22.5000 2749.7595    9.4759
    0.0000   30.0000   22.5000 2772.2693    9.4016
    7.5000   30.0000   22.5000 2734.9351    9.5668
   -7.5000   37.5000   22.5000 2654.7542   10.0461
    0.0000   37.5000   22.5000 2671.5872    9.9644
    7.5000   37.5000   22.5000 2639.5798   10.1295
   -7.5000   45.0000   22.5000 2539.0852   10.8023
    0.0000   45.0000   22.5000 2549.5417   10.7426
    7.5000   45.0000   22.5000 2521.0706   10.9200
   -7.5000   52.5000   22.5000 2389.9338   11.7381
    0.0000   52.5000   22.5000 2402.1570   11.6799
    7.5000   52.5000   22.5000 2372.2683   11.8446
   -7.5000  -37.5000   30.0000 2224.2363   14.1813
    0.0000  -37.5000   30.0000 2239.1077   14.1219
    7.5000  -37.5000   30.0000 2212.2695   14.4689
   -7.5000  -30.0000   30.0000 2340.1433   12.6729
    0.0000  -30.0000   30.0000 2357.8105   12.5756
    7.5000  -30.0000   30.0000 2329.7126   12.9057
   -7.5000  -22.5000   30.0000 2458.2302   11.5119
    0.0000  -22.5000   30.0000 2474.7114   11.4020
    7.5000  -22.5000   30.0000 2443.8848   11.6998
   -7.5000  -15.0000   30.0000 2561.6169   10.6238
    0.0000  -15.0000   30.0000 2578.5188   10.5408
    7.5000  -15.0000   30.0000 2547.4961   10.7952
   -7.5000   -7.5000   30.0000 2654.2109    9.9830
    0.0000   -7.5000   30.0000 2671.1250    9.9336
    7.5000   -7.5000   30.0000 2638.6160   10.1395
   -7.5000    0.0000   30.0000 2722.8604    9.5846
    0.0000    0.0000   30.0000 2741.4873    9.5149
    7.5000    0.0000   30.0000 2704.2764    9.7207
   -7.5000    7.5000   30.0000 2761.9727    9.3482
    0.0000    7.5000   30.0000 2779.6450    9.2976
    7.5000    7.5000   30.0000 2738.6169    9.5030
   -7.5000   15.0000   30.0000 2760.7083    9.3613
    0.0000   15.0000   30.0000 2778.0842    9.3167
    7.5000   15.0000   30.0000 2740.3777    9.4989
   -7.5000   22.5000   30.0000 2726.4783    9.6158
    0.0000   22.5000   30.0000 2746.5811    9.5482
    7.5000   22.5000   30.0000 2711.1455    9.7166
   -7.5000   30.0000   30.0000 2667.3171   10.0251
    0.0000   30.0000   30.0000 2688.6135    9.9366
    7.5000   30.0000   30.0000 2654.0566   10.1172
   -7.5000   37.5000   30.0000 2578.4131   10.5772
    0.0000   37.5000   30.0000 2594.7019   10.4941
    7.5000   37.5000   30.0000 2561.7683   10.6867
   -7.5000   45.0000   30.0000 2469.6245   11.3395
    0.0000   45.0000   30.0000 2477.8870   11.2989
    7.5000   45.0000   30.0000 2450.7830   11.4796
   -7.5000   52.5000   30.0000 2325.7029   12.2874
    0.0000   52.5000   30.0000 2337.2026   12.2359
    7.5000   52.5000   30.0000 2308.8997   12.4136
   -7.5000  -37.5000   37.5000 2166.2368   15.0436
    0.0000  -37.5000   37.5000 2179.2512   14.9492
    7.5000  -37.5000   37.5000 2154.1245   15.3145
   -7.5000  -30.0000   37.5000 2284.7632   13.4647
    0.0000  -30.0000   37.5000 2302.2935   13.3555
    7.5000  -30.0000   37.5000 2272.5879   13.6830
   -7.5000  -22.5000   37.5000 2397.9348   12.2607
    0.0000  -22.5000   37.5000 2415.3604   12.1505
    7.5000  -22.5000   37.5000 2384.9182   12.4457
   -7.5000  -15.0000   37.5000 2499.1104   11.3549
    0.0000  -15.0000   37.5000 2516.2959   11.2762
    7.5000  -15.0000   37.5000 2484.3569   11.5330
   -7.5000   -7.5000   37.5000 2580.0469   10.6872
    0.0000   -7.5000   37.5000 2596.5198   10.6276
    7.5000   -7.5000   37.5000 2565.6914   10.8565
   -7.5000    0.0000   37.5000 2636.7168   10.2617
    0.0000    0.0000   37.5000 2658.0737   10.1917
    7.5000    0.0000   37.5000 2620.3621   10.4085
   -7.5000    7.5000   37.5000 2673.9634   10.0197
    0.0000    7.5000   37.5000 2689.5164    9.9790
    7.5000    7.5000   37.5000 2655.2104   10.1623
   -7.5000   15.0000   37.5000 2667.8962   10.0117
    0.0000   15.0000   37.5000 2683.1626    9.9814
    7.5000   15.0000   37.5000 2651.7864   10.1547
   -7.5000   22.5000   37.5000 2633.0918   10.2591
    0.0000   22.5000   37.5000 2646.5732   10.2071
    7.5000   22.5000   37.5000 2619.7744   10.3720
   -7.5000   30.0000   37.5000 2576.0750   10.6400
    0.0000   30.0000   37.5000 2594.1855   10.5637
    7.5000   30.0000   37.5000 2565.9875   10.7632
   -7.5000   37.5000   37.5000 2502.1321   11.1711
    0.0000   37.5000   37.5000 2523.0510   11.1072
    7.5000   37.5000   37.5000 2487.0957   11.3054
   -7.5000   45.0000   37.5000 2397.6177   11.9463
    0.0000   45.0000   37.5000 2409.6387   11.8916
    7.5000   45.0000   37.5000 2377.0027   12.1091
   -7.5000   52.5000   37.5000 2257.5767   12.9157
    0.0000   52.5000   37.5000 2268.5459   12.8811
    7.5000   52.5000   37.5000 2241.5901   13.0483
   -7.5000  -37.5000   45.0000 2099.6953   16.1211
    0.0000  -37.5000   45.0000 2111.1812   16.0171
    7.5000  -37.5000   45.0000 2084.5679   16.3816
   -7.5000  -30.0000   45.0000 2220.2385   14.4355
    0.0000  -30.0000   45.0000 2232.1567   14.3154
    7.5000  -30.0000   45.0000 2202.2356   14.6261
   -7.5000  -22.5000   45.0000 2328.7378   13.1783
    0.0000  -22.5000   45.0000 2346.3035   13.0583
    7.5000  -22.5000   45.0000 2314.0574   13.3476
   -7.5000  -15.0000   45.0000 2424.2561   12.2417
    0.0000  -15.0000   45.0000 2447.1624   12.1688
    7.5000  -15.0000   45.0000 2412.6245   12.4082
   -7.5000   -7.5000   45.0000 2496.6733   11.5457
    0.0000   -7.5000   45.0000 2517.2708   11.4748
    7.5000   -7.5000   45.0000 2485.6929   11.7197
   -7.5000    0.0000   45.0000 2543.0869   11.0658
    0.0000    0.0000   45.0000 2564.7312   11.0155
    7.5000    0.0000   45.0000 2531.6663   11.2302
   -7.5000    7.5000   45.0000 2570.5168   10.8203
    0.0000    7.5000   45.0000 2583.3923   10.7868
    7.5000    7.5000   45.0000 2557.0481   10.9487
   -7.5000   15.0000   45.0000 2568.4702   10.8208
    0.0000   15.0000   45.0000 2579.2336   10.8003
    7.5000   15.0000   45.0000 2552.8726   10.9614
   -7.5000   22.5000   45.0000 2532.2476   11.0868
    0.0000   22.5000   45.0000 2543.0112   11.0417
    7.5000   22.5000   45.0000 2518.7651   11.2078
   -7.5000   30.0000   45.0000 2474.7324   11.4406
    0.0000   30.0000   45.0000 2488.1775   11.3800
    7.5000   30.0000   45.0000 2465.0640   11.5588
   -7.5000   37.5000   45.0000 2409.1260   11.9350
    0.0000   37.5000   45.0000 2426.5042   11.8702
    7.5000   37.5000   45.0000 2399.2185   12.0635
   -7.5000   45.0000   45.0000 2318.7449   12.7112
    0.0000   45.0000   45.0000 2330.3921   12.6377
    7.5000   45.0000   45.0000 2301.5112   12.8513
   -7.5000   52.5000   45.0000 2181.9238   13.6611
    0.0000   52.5000   45.0000 2194.1333   13.6147
    7.5000   52.5000   45.0000 2167.6697   13.8117

---------------------------------------------------------------------
imgreg_4dfp /opt/freesurfer/average/711-2C_as_mni_average_305 /opt/freesurfer/average/711-2B_as_mni_average_305_mask talsrcimg_g11 none talsrcimg_to_711-2C_as_mni_average_305_t4 1283
---------------------------------------------------------------------

freesurfer imgreg_4dfp.c
/opt/freesurfer/average/711-2C_as_mni_average_305.4dfp.img
       256       256       256         1
  1.000000  1.000000  1.000000
orientation T byte_order littleendian
Reading image: /opt/freesurfer/average/711-2C_as_mni_average_305.4dfp.img
dimensions:      256       256       256
mmppix:       1.0000   -1.0000   -1.0000
center:     128.0000 -129.0000 -129.0000
/opt/freesurfer/average/711-2B_as_mni_average_305_mask.4dfp.img
       256       256       256         1
  1.000000  1.000000  1.000000
orientation T byte_order littleendian
Reading mask: /opt/freesurfer/average/711-2B_as_mni_average_305_mask.4dfp.img (2306576 pixels)
talsrcimg_g11.4dfp.img
       256       256       256         1
  1.000000  1.000000  1.000000
orientation T byte_order littleendian
Reading image: talsrcimg_g11.4dfp.img
dimensions:      256       256       256
mmppix:       1.0000   -1.0000   -1.0000
center:     128.0000 -129.0000 -129.0000
rotation matrix determinant  1.000000
fimgreg.f
image alignment mode   1283 decimal      503 hex
parameters
    0.0000   15.0000    0.0000    0.0000    0.0000    0.0000
eta,q 0.95299  8.07838
niter,ni,del,rscale     5    3   12.0000    1.2000
parameter  4  1.077528 ->  0.500000 qaram    1.1500
parameters
   -2.7616   12.9851    0.8029   -3.4500    0.2130   -1.2586
eta,q 0.96231  8.02100
  0.0507  0.0478  0.0508  0.0382  0.0474  0.0425
  0.0449  0.0439  0.0474  0.0381  0.0434  0.0395
  0.0442  0.0419  0.0441  0.0389  0.0398  0.0378
  0.0485  0.0437  0.0419  0.0416  0.0382  0.0382
  0.0549  0.0484  0.0422  0.0458  0.0390  0.0403
  0.0615  0.0537  0.0442  0.0501  0.0420  0.0436
  0.0693  0.0597  0.0477  0.0529  0.0467  0.0481
niter,ni,del,rscale     5    3   12.0000    1.2000
parameter  4  0.613372 ->  0.500000 qaram    1.3225
parameters
   -2.3955   14.4087    0.1418   -7.4175   -0.3380   -1.7175
eta,q 0.96479  8.11346
  0.0582  0.0532  0.0436  0.0360  0.0429  0.0408
  0.0479  0.0464  0.0398  0.0355  0.0385  0.0374
  0.0406  0.0408  0.0376  0.0359  0.0359  0.0354
  0.0377  0.0378  0.0376  0.0374  0.0355  0.0354
  0.0400  0.0378  0.0391  0.0399  0.0376  0.0368
  0.0457  0.0398  0.0420  0.0445  0.0411  0.0390
  0.0532  0.0434  0.0471  0.0497  0.0455  0.0422
niter,ni,del,rscale     5    3   12.0000    1.2000
parameters
   -2.1239   16.4333   -0.5638  -10.8952   -0.8977   -1.4494
eta,q 0.96741  8.13639
  0.0560  0.0488  0.0405  0.0347  0.0398  0.0399
  0.0454  0.0432  0.0371  0.0331  0.0361  0.0358
  0.0382  0.0386  0.0343  0.0324  0.0333  0.0332
  0.0352  0.0352  0.0336  0.0336  0.0327  0.0326
  0.0376  0.0336  0.0355  0.0369  0.0347  0.0333
  0.0439  0.0345  0.0393  0.0418  0.0382  0.0353
  0.0521  0.0385  0.0452  0.0477  0.0427  0.0384
niter,ni,del,rscale     4    3   12.0000    1.2000
parameters
   -1.7530   16.8423   -1.5489  -11.1555   -1.1750   -1.4511
eta,q 0.96819  8.15704
  0.0549  0.0459  0.0379  0.0412  0.0397  0.0389
  0.0438  0.0395  0.0341  0.0348  0.0360  0.0347
  0.0357  0.0351  0.0319  0.0323  0.0329  0.0323
  0.0326  0.0326  0.0323  0.0318  0.0318  0.0318
  0.0350  0.0324  0.0346  0.0330  0.0335  0.0329
  0.0413  0.0364  0.0380  0.0368  0.0369  0.0352
  0.0495  0.0436  0.0424  0.0416  0.0412  0.0384
niter,ni,del,rscale     3    3   12.0000    1.2000
parameters
   -1.6103   16.8588   -1.7061  -11.2557   -1.2830   -1.4215
eta,q 0.96822  8.16086
  0.0532  0.0441  0.0396  0.0417  0.0400  0.0390
  0.0426  0.0379  0.0358  0.0352  0.0363  0.0348
  0.0347  0.0340  0.0326  0.0323  0.0331  0.0323
  0.0318  0.0318  0.0318  0.0318  0.0318  0.0318
  0.0348  0.0323  0.0335  0.0328  0.0332  0.0329
  0.0418  0.0374  0.0363  0.0365  0.0366  0.0351
  0.0508  0.0448  0.0402  0.0413  0.0407  0.0384
niter,ni,del,rscale     2    3   12.0000    1.2000
parameters
   -1.5639   16.8645   -1.7561  -11.2874   -1.3245   -1.4093
eta,q 0.96822  8.16212
  0.0526  0.0441  0.0398  0.0419  0.0401  0.0390
  0.0422  0.0378  0.0360  0.0353  0.0364  0.0347
  0.0344  0.0339  0.0327  0.0323  0.0332  0.0323
  0.0318  0.0318  0.0318  0.0318  0.0318  0.0318
  0.0350  0.0323  0.0334  0.0327  0.0331  0.0329
  0.0423  0.0375  0.0361  0.0364  0.0364  0.0352
  0.0514  0.0448  0.0399  0.0412  0.0405  0.0384
registration optimization eta report
parameter search radius
    6.0000    6.0000    6.0000    7.9350    6.0000    6.0000
100000*second partial in parameter space
       55.       35.       22.       16.       23.       19.
  0.0526  0.0441  0.0398  0.0419  0.0401  0.0390
  0.0422  0.0378  0.0360  0.0353  0.0364  0.0347
  0.0344  0.0339  0.0327  0.0323  0.0332  0.0323
  0.0318  0.0318  0.0318  0.0318  0.0318  0.0318
  0.0350  0.0323  0.0334  0.0327  0.0331  0.0329
  0.0423  0.0375  0.0361  0.0364  0.0364  0.0352
  0.0514  0.0448  0.0399  0.0412  0.0405  0.0384
   -1.5639   16.8645   -1.7561  -11.2874   -1.3245   -1.4093
eta,q 0.96822  8.16212

---------------------------------------------------------------------
imgreg_4dfp /opt/freesurfer/average/711-2C_as_mni_average_305 /opt/freesurfer/average/711-2B_as_mni_average_305_mask talsrcimg_g11 none talsrcimg_to_711-2C_as_mni_average_305_t4 3335
---------------------------------------------------------------------

freesurfer imgreg_4dfp.c
/opt/freesurfer/average/711-2C_as_mni_average_305.4dfp.img
       256       256       256         1
  1.000000  1.000000  1.000000
orientation T byte_order littleendian
Reading image: /opt/freesurfer/average/711-2C_as_mni_average_305.4dfp.img
dimensions:      256       256       256
mmppix:       1.0000   -1.0000   -1.0000
center:     128.0000 -129.0000 -129.0000
/opt/freesurfer/average/711-2B_as_mni_average_305_mask.4dfp.img
       256       256       256         1
  1.000000  1.000000  1.000000
orientation T byte_order littleendian
Reading mask: /opt/freesurfer/average/711-2B_as_mni_average_305_mask.4dfp.img (2306576 pixels)
talsrcimg_g11.4dfp.img
       256       256       256         1
  1.000000  1.000000  1.000000
orientation T byte_order littleendian
Reading image: talsrcimg_g11.4dfp.img
dimensions:      256       256       256
mmppix:       1.0000   -1.0000   -1.0000
center:     128.0000 -129.0000 -129.0000
fimgreg.f
image alignment mode   3335 decimal      D07 hex
parameters
   -1.5639   16.8645   -1.7561   -0.0570   -1.9528   -1.9604
    1.9595    2.7475   -2.4588   19.5113   -2.3116  -19.5678
eta,q 0.96917  8.12868
niter,ni,del,rscale     5    3    5.0000    1.2000
parameter  4  0.600914 ->  0.500000 qaram    1.1500
parameter  5  0.993911 ->  0.500000 qaram    1.1500
parameters
   -1.6174   16.7357   -1.6291   -4.1970   -6.0928   -5.0055
    0.9403    2.7897   -2.1475   16.5564   -3.1568  -18.5303
eta,q 0.97299  7.63256
  0.0342  0.0330  0.0327  0.0300  0.0278  0.0284  0.0294  0.0311  0.0294  0.0279  0.0277  0.0288
  0.0324  0.0317  0.0317  0.0301  0.0279  0.0277  0.0282  0.0293  0.0284  0.0272  0.0273  0.0279
  0.0312  0.0310  0.0311  0.0303  0.0287  0.0276  0.0276  0.0280  0.0277  0.0271  0.0271  0.0273
  0.0308  0.0308  0.0308  0.0308  0.0301  0.0280  0.0275  0.0275  0.0275  0.0275  0.0271  0.0270
  0.0313  0.0312  0.0309  0.0322  0.0319  0.0290  0.0281  0.0278  0.0276  0.0284  0.0272  0.0271
  0.0325  0.0321  0.0315  0.0344  0.0341  0.0303  0.0292  0.0291  0.0282  0.0299  0.0276  0.0274
  0.0346  0.0334  0.0323  0.0376  0.0370  0.0324  0.0307  0.0311  0.0291  0.0319  0.0282  0.0280
niter,ni,del,rscale     6    3    5.0000    1.2000
parameters
   -1.4948   16.7592   -1.3997   -5.9143   -9.1042   -5.8595
    0.8342    2.9095   -2.0444   16.4529   -3.2073  -19.0559
eta,q 0.97352  7.40663
  0.0303  0.0295  0.0288  0.0283  0.0277  0.0285  0.0290  0.0305  0.0285  0.0291  0.0273  0.0276
  0.0286  0.0282  0.0279  0.0272  0.0268  0.0274  0.0277  0.0286  0.0275  0.0275  0.0269  0.0269
  0.0275  0.0273  0.0273  0.0268  0.0265  0.0267  0.0268  0.0271  0.0268  0.0266  0.0266  0.0266
  0.0270  0.0270  0.0270  0.0270  0.0268  0.0265  0.0265  0.0265  0.0265  0.0265  0.0265  0.0265
  0.0272  0.0273  0.0271  0.0274  0.0280  0.0270  0.0268  0.0269  0.0267  0.0269  0.0266  0.0267
  0.0281  0.0281  0.0275  0.0285  0.0296  0.0283  0.0278  0.0283  0.0274  0.0278  0.0269  0.0272
  0.0297  0.0294  0.0282  0.0307  0.0315  0.0298  0.0292  0.0304  0.0284  0.0290  0.0274  0.0279
niter,ni,del,rscale     5    3    5.0000    1.2000
parameters
   -1.4571   16.9821   -1.8213   -5.7812   -9.3759   -6.4368
    0.7854    2.9362   -2.0754   16.7908   -3.1996  -19.5986
eta,q 0.97356  7.38753
  0.0295  0.0293  0.0274  0.0288  0.0290  0.0286  0.0290  0.0303  0.0283  0.0293  0.0273  0.0275
  0.0279  0.0279  0.0267  0.0274  0.0277  0.0275  0.0276  0.0284  0.0273  0.0277  0.0268  0.0269
  0.0269  0.0269  0.0264  0.0265  0.0268  0.0267  0.0267  0.0270  0.0267  0.0267  0.0266  0.0265
  0.0265  0.0265  0.0265  0.0264  0.0264  0.0264  0.0264  0.0264  0.0264  0.0264  0.0264  0.0264
  0.0268  0.0266  0.0268  0.0267  0.0267  0.0268  0.0268  0.0269  0.0267  0.0268  0.0265  0.0267
  0.0277  0.0273  0.0274  0.0272  0.0279  0.0280  0.0277  0.0283  0.0274  0.0275  0.0268  0.0272
  0.0294  0.0284  0.0283  0.0286  0.0294  0.0295  0.0291  0.0304  0.0284  0.0287  0.0273  0.0279
niter,ni,del,rscale     4    3    5.0000    1.2000
parameters
   -1.4476   17.0494   -2.1068   -5.8598   -9.5115   -6.7669
    0.7826    2.9417   -2.0803   17.0204   -3.1862  -19.8833
eta,q 0.97358  7.36931
  0.0294  0.0289  0.0275  0.0287  0.0290  0.0288  0.0290  0.0303  0.0283  0.0292  0.0273  0.0276
  0.0278  0.0276  0.0268  0.0273  0.0278  0.0276  0.0276  0.0284  0.0273  0.0276  0.0268  0.0269
  0.0268  0.0267  0.0264  0.0265  0.0269  0.0268  0.0267  0.0270  0.0267  0.0267  0.0265  0.0265
  0.0264  0.0264  0.0264  0.0264  0.0264  0.0264  0.0264  0.0264  0.0264  0.0264  0.0264  0.0264
  0.0267  0.0267  0.0267  0.0267  0.0267  0.0268  0.0267  0.0268  0.0267  0.0268  0.0265  0.0266
  0.0277  0.0275  0.0273  0.0273  0.0278  0.0279  0.0276  0.0283  0.0273  0.0276  0.0268  0.0271
  0.0294  0.0287  0.0281  0.0287  0.0293  0.0293  0.0290  0.0304  0.0283  0.0287  0.0273  0.0278
niter,ni,del,rscale     3    3    5.0000    1.2000
parameters
   -1.4504   17.1070   -2.2727   -5.9076   -9.6081   -6.9761
    0.7818    2.9346   -2.0808   17.1815   -3.1855  -20.0447
eta,q 0.97357  7.35783
  0.0294  0.0289  0.0277  0.0287  0.0290  0.0288  0.0290  0.0303  0.0283  0.0291  0.0273  0.0277
  0.0278  0.0276  0.0269  0.0273  0.0278  0.0277  0.0276  0.0284  0.0273  0.0276  0.0268  0.0270
  0.0268  0.0267  0.0265  0.0265  0.0269  0.0268  0.0267  0.0270  0.0267  0.0267  0.0265  0.0266
  0.0264  0.0264  0.0264  0.0264  0.0264  0.0264  0.0264  0.0264  0.0264  0.0264  0.0264  0.0264
  0.0267  0.0267  0.0267  0.0267  0.0267  0.0267  0.0267  0.0269  0.0267  0.0268  0.0265  0.0266
  0.0277  0.0274  0.0272  0.0273  0.0277  0.0278  0.0276  0.0283  0.0273  0.0276  0.0268  0.0271
  0.0294  0.0286  0.0280  0.0287  0.0293  0.0292  0.0290  0.0304  0.0283  0.0287  0.0273  0.0277
niter,ni,del,rscale     2    3    5.0000    1.2000
parameters
   -1.4541   17.1497   -2.3767   -5.9397   -9.6878   -7.1173
    0.7886    2.9297   -2.0840   17.3033   -3.1823  -20.1399
eta,q 0.97355  7.34975
  0.0294  0.0288  0.0277  0.0287  0.0290  0.0289  0.0290  0.0303  0.0283  0.0291  0.0273  0.0277
  0.0278  0.0275  0.0270  0.0273  0.0278  0.0277  0.0276  0.0284  0.0273  0.0276  0.0268  0.0270
  0.0268  0.0267  0.0265  0.0265  0.0269  0.0268  0.0267  0.0270  0.0267  0.0267  0.0266  0.0266
  0.0264  0.0264  0.0264  0.0264  0.0264  0.0264  0.0264  0.0264  0.0264  0.0264  0.0264  0.0264
  0.0267  0.0267  0.0267  0.0268  0.0267  0.0267  0.0267  0.0269  0.0267  0.0268  0.0265  0.0266
  0.0278  0.0274  0.0272  0.0273  0.0277  0.0278  0.0276  0.0283  0.0273  0.0276  0.0268  0.0271
  0.0294  0.0286  0.0279  0.0287  0.0292  0.0292  0.0290  0.0304  0.0283  0.0288  0.0273  0.0277
niter,ni,del,rscale     1    3    5.0000    1.2000
parameters
   -1.4582   17.1833   -2.4479   -5.9628   -9.7472   -7.2128
    0.7859    2.9233   -2.0798   17.3948   -3.2005  -20.2103
eta,q 0.97354  7.34422
  0.0294  0.0288  0.0278  0.0287  0.0290  0.0289  0.0290  0.0303  0.0283  0.0290  0.0273  0.0277
  0.0278  0.0275  0.0270  0.0273  0.0278  0.0278  0.0276  0.0284  0.0273  0.0276  0.0268  0.0270
  0.0268  0.0267  0.0265  0.0265  0.0269  0.0269  0.0267  0.0270  0.0267  0.0267  0.0266  0.0266
  0.0264  0.0264  0.0264  0.0264  0.0264  0.0264  0.0264  0.0264  0.0264  0.0264  0.0265  0.0265
  0.0268  0.0267  0.0267  0.0268  0.0267  0.0267  0.0268  0.0269  0.0267  0.0268  0.0265  0.0266
  0.0278  0.0274  0.0272  0.0273  0.0277  0.0278  0.0277  0.0283  0.0273  0.0276  0.0268  0.0271
  0.0294  0.0286  0.0279  0.0287  0.0292  0.0292  0.0290  0.0304  0.0282  0.0288  0.0273  0.0277
registration optimization eta report
parameter search radius
    2.4000    2.4000    2.4000    8.2800    8.2800    7.2000
    7.2000    7.2000    7.2000    7.2000    7.2000    7.2000
100000*second partial in parameter space
       51.       39.       24.        3.        4.        5.
        5.        7.        3.        5.        2.        2.
  0.0294  0.0288  0.0278  0.0287  0.0290  0.0289  0.0290  0.0303  0.0283  0.0290  0.0273  0.0277
  0.0278  0.0275  0.0270  0.0273  0.0278  0.0278  0.0276  0.0284  0.0273  0.0276  0.0268  0.0270
  0.0268  0.0267  0.0265  0.0265  0.0269  0.0269  0.0267  0.0270  0.0267  0.0267  0.0266  0.0266
  0.0264  0.0264  0.0264  0.0264  0.0264  0.0264  0.0264  0.0264  0.0264  0.0264  0.0265  0.0265
  0.0268  0.0267  0.0267  0.0268  0.0267  0.0267  0.0268  0.0269  0.0267  0.0268  0.0265  0.0266
  0.0278  0.0274  0.0272  0.0273  0.0277  0.0278  0.0277  0.0283  0.0273  0.0276  0.0268  0.0271
  0.0294  0.0286  0.0279  0.0287  0.0292  0.0292  0.0290  0.0304  0.0282  0.0288  0.0273  0.0277
   -1.4582   17.1833   -2.4479   -5.9628   -9.7472   -7.2128
    0.7859    2.9233   -2.0798   17.3948   -3.2005  -20.2103
eta,q 0.97354  7.34422

---------------------------------------------------------------------
imgreg_4dfp /opt/freesurfer/average/711-2C_as_mni_average_305 /opt/freesurfer/average/711-2B_as_mni_average_305_mask talsrcimg_g11 none talsrcimg_to_711-2C_as_mni_average_305_t4 2311
---------------------------------------------------------------------

freesurfer imgreg_4dfp.c
/opt/freesurfer/average/711-2C_as_mni_average_305.4dfp.img
       256       256       256         1
  1.000000  1.000000  1.000000
orientation T byte_order littleendian
Reading image: /opt/freesurfer/average/711-2C_as_mni_average_305.4dfp.img
dimensions:      256       256       256
mmppix:       1.0000   -1.0000   -1.0000
center:     128.0000 -129.0000 -129.0000
/opt/freesurfer/average/711-2B_as_mni_average_305_mask.4dfp.img
       256       256       256         1
  1.000000  1.000000  1.000000
orientation T byte_order littleendian
Reading mask: /opt/freesurfer/average/711-2B_as_mni_average_305_mask.4dfp.img (2306576 pixels)
talsrcimg_g11.4dfp.img
       256       256       256         1
  1.000000  1.000000  1.000000
orientation T byte_order littleendian
Reading image: talsrcimg_g11.4dfp.img
dimensions:      256       256       256
mmppix:       1.0000   -1.0000   -1.0000
center:     128.0000 -129.0000 -129.0000
fimgreg.f
image alignment mode   2311 decimal      907 hex
parameters
   -1.4582   17.1833   -2.4479   -5.9628   -9.7472   -7.2128
    0.7859    2.9233   -2.0798   17.3948   -3.2005  -20.2103
eta,q 0.97354  7.34422
niter,ni,del,rscale     5    3    5.0000    0.8000
parameters
   -1.4458   17.1883   -2.5488   -6.4268   -9.4464   -7.2182
    0.7343    3.0460   -2.1135   17.1871   -3.1654  -20.2297
eta,q 0.97362  7.33128
  0.0278  0.0275  0.0270  0.0270  0.0274  0.0277  0.0276  0.0284  0.0272  0.0275  0.0268  0.0270
  0.0271  0.0269  0.0267  0.0266  0.0270  0.0271  0.0269  0.0274  0.0268  0.0268  0.0266  0.0266
  0.0266  0.0266  0.0265  0.0264  0.0266  0.0266  0.0265  0.0267  0.0265  0.0264  0.0264  0.0265
  0.0265  0.0265  0.0264  0.0264  0.0264  0.0264  0.0264  0.0264  0.0264  0.0264  0.0264  0.0264
  0.0266  0.0266  0.0266  0.0266  0.0264  0.0265  0.0265  0.0266  0.0265  0.0266  0.0264  0.0264
  0.0270  0.0269  0.0268  0.0269  0.0267  0.0270  0.0270  0.0272  0.0268  0.0270  0.0266  0.0266
  0.0278  0.0275  0.0272  0.0272  0.0273  0.0278  0.0276  0.0282  0.0273  0.0276  0.0268  0.0270
niter,ni,del,rscale     4    3    5.0000    0.7000
parameters
   -1.4440   17.1492   -2.5683   -6.5216   -9.2857   -7.1773
    0.7144    3.0652   -2.1310   17.0625   -3.1415  -20.1802
eta,q 0.97363  7.33250
  0.0274  0.0271  0.0269  0.0270  0.0272  0.0274  0.0273  0.0279  0.0270  0.0272  0.0267  0.0268
  0.0269  0.0267  0.0266  0.0266  0.0268  0.0269  0.0268  0.0271  0.0267  0.0267  0.0265  0.0266
  0.0265  0.0265  0.0264  0.0264  0.0265  0.0265  0.0265  0.0266  0.0265  0.0264  0.0264  0.0264
  0.0264  0.0264  0.0264  0.0264  0.0264  0.0264  0.0264  0.0264  0.0264  0.0264  0.0264  0.0264
  0.0265  0.0265  0.0265  0.0265  0.0264  0.0264  0.0265  0.0265  0.0264  0.0265  0.0264  0.0264
  0.0268  0.0268  0.0266  0.0267  0.0267  0.0268  0.0268  0.0270  0.0267  0.0268  0.0265  0.0265
  0.0274  0.0272  0.0269  0.0269  0.0271  0.0275  0.0273  0.0279  0.0271  0.0273  0.0267  0.0268
niter,ni,del,rscale     3    3    5.0000    0.6000
parameters
   -1.4403   17.1186   -2.5493   -6.6581   -9.1740   -7.1032
    0.6918    3.0879   -2.1429   16.9183   -3.1375  -20.0988
eta,q 0.97365  7.33104
  0.0271  0.0269  0.0267  0.0268  0.0270  0.0272  0.0270  0.0275  0.0269  0.0270  0.0266  0.0267
  0.0267  0.0266  0.0265  0.0265  0.0267  0.0268  0.0267  0.0269  0.0266  0.0266  0.0264  0.0265
  0.0265  0.0264  0.0264  0.0264  0.0265  0.0265  0.0264  0.0265  0.0264  0.0264  0.0264  0.0264
  0.0264  0.0264  0.0264  0.0264  0.0264  0.0264  0.0263  0.0263  0.0263  0.0263  0.0263  0.0263
  0.0264  0.0264  0.0264  0.0265  0.0264  0.0264  0.0264  0.0265  0.0264  0.0265  0.0264  0.0264
  0.0267  0.0267  0.0265  0.0266  0.0266  0.0267  0.0267  0.0268  0.0266  0.0267  0.0264  0.0265
  0.0271  0.0270  0.0267  0.0268  0.0269  0.0272  0.0271  0.0275  0.0269  0.0270  0.0266  0.0267
niter,ni,del,rscale     2    3    5.0000    0.5000
parameters
   -1.4402   17.0909   -2.5226   -6.7811   -9.0616   -7.0256
    0.6828    3.1021   -2.1362   16.7822   -3.0912  -20.0136
eta,q 0.97367  7.33035
  0.0269  0.0267  0.0266  0.0267  0.0268  0.0269  0.0268  0.0271  0.0267  0.0268  0.0265  0.0266
  0.0266  0.0265  0.0265  0.0264  0.0266  0.0266  0.0266  0.0267  0.0265  0.0265  0.0264  0.0264
  0.0264  0.0264  0.0264  0.0263  0.0264  0.0264  0.0264  0.0264  0.0264  0.0264  0.0263  0.0264
  0.0263  0.0263  0.0263  0.0263  0.0263  0.0263  0.0263  0.0263  0.0263  0.0263  0.0263  0.0263
  0.0264  0.0264  0.0264  0.0264  0.0264  0.0264  0.0264  0.0264  0.0264  0.0264  0.0263  0.0264
  0.0266  0.0266  0.0264  0.0265  0.0265  0.0266  0.0266  0.0267  0.0265  0.0266  0.0264  0.0264
  0.0269  0.0268  0.0266  0.0267  0.0268  0.0269  0.0268  0.0271  0.0267  0.0268  0.0265  0.0266
niter,ni,del,rscale     1    3    5.0000    0.4000
parameters
   -1.4431   17.0611   -2.4855   -6.8815   -8.9472   -6.9333
    0.6682    3.1020   -2.1380   16.6309   -3.0364  -19.9043
eta,q 0.97367  7.33106
  0.0267  0.0266  0.0265  0.0265  0.0266  0.0267  0.0266  0.0268  0.0266  0.0266  0.0264  0.0265
  0.0265  0.0264  0.0264  0.0264  0.0265  0.0265  0.0265  0.0266  0.0264  0.0264  0.0264  0.0264
  0.0264  0.0264  0.0264  0.0263  0.0264  0.0264  0.0264  0.0264  0.0264  0.0263  0.0263  0.0263
  0.0263  0.0263  0.0263  0.0263  0.0263  0.0263  0.0263  0.0263  0.0263  0.0263  0.0263  0.0263
  0.0264  0.0264  0.0263  0.0264  0.0263  0.0263  0.0264  0.0264  0.0264  0.0264  0.0263  0.0263
  0.0265  0.0265  0.0264  0.0265  0.0264  0.0265  0.0265  0.0265  0.0264  0.0265  0.0264  0.0264
  0.0267  0.0266  0.0265  0.0265  0.0266  0.0267  0.0266  0.0268  0.0266  0.0267  0.0264  0.0265
registration optimization eta report
parameter search radius
    0.8000    0.8000    0.8000    2.4000    2.4000    2.4000
    2.4000    2.4000    2.4000    2.4000    2.4000    2.4000
100000*second partial in parameter space
       54.       43.       26.        4.        5.        6.
        6.        9.        4.        5.        2.        3.
  0.0267  0.0266  0.0265  0.0265  0.0266  0.0267  0.0266  0.0268  0.0266  0.0266  0.0264  0.0265
  0.0265  0.0264  0.0264  0.0264  0.0265  0.0265  0.0265  0.0266  0.0264  0.0264  0.0264  0.0264
  0.0264  0.0264  0.0264  0.0263  0.0264  0.0264  0.0264  0.0264  0.0264  0.0263  0.0263  0.0263
  0.0263  0.0263  0.0263  0.0263  0.0263  0.0263  0.0263  0.0263  0.0263  0.0263  0.0263  0.0263
  0.0264  0.0264  0.0263  0.0264  0.0263  0.0263  0.0264  0.0264  0.0264  0.0264  0.0263  0.0263
  0.0265  0.0265  0.0264  0.0265  0.0264  0.0265  0.0265  0.0265  0.0264  0.0265  0.0264  0.0264
  0.0267  0.0266  0.0265  0.0265  0.0266  0.0267  0.0266  0.0268  0.0266  0.0267  0.0264  0.0265
   -1.4431   17.0611   -2.4855   -6.8815   -8.9472   -6.9333
    0.6682    3.1020   -2.1380   16.6309   -3.0364  -19.9043
eta,q 0.97367  7.33106

---------------------------------------------------------------------
imgreg_4dfp /opt/freesurfer/average/711-2C_as_mni_average_305 /opt/freesurfer/average/711-2B_as_mni_average_305_mask talsrcimg_g11 none talsrcimg_to_711-2C_as_mni_average_305_t4 2311
---------------------------------------------------------------------

freesurfer imgreg_4dfp.c
/opt/freesurfer/average/711-2C_as_mni_average_305.4dfp.img
       256       256       256         1
  1.000000  1.000000  1.000000
orientation T byte_order littleendian
Reading image: /opt/freesurfer/average/711-2C_as_mni_average_305.4dfp.img
dimensions:      256       256       256
mmppix:       1.0000   -1.0000   -1.0000
center:     128.0000 -129.0000 -129.0000
/opt/freesurfer/average/711-2B_as_mni_average_305_mask.4dfp.img
       256       256       256         1
  1.000000  1.000000  1.000000
orientation T byte_order littleendian
Reading mask: /opt/freesurfer/average/711-2B_as_mni_average_305_mask.4dfp.img (2306576 pixels)
talsrcimg_g11.4dfp.img
       256       256       256         1
  1.000000  1.000000  1.000000
orientation T byte_order littleendian
Reading image: talsrcimg_g11.4dfp.img
dimensions:      256       256       256
mmppix:       1.0000   -1.0000   -1.0000
center:     128.0000 -129.0000 -129.0000
fimgreg.f
image alignment mode   2311 decimal      907 hex
parameters
   -1.4431   17.0611   -2.4855   -6.8815   -8.9472   -6.9333
    0.6682    3.1020   -2.1380   16.6309   -3.0364  -19.9043
eta,q 0.97367  7.33106
niter,ni,del,rscale     5    3    5.0000    0.8000
parameters
   -1.4483   17.0398   -2.4111   -6.3102   -9.1325   -7.0372
    0.7291    3.0527   -2.1645   16.8467   -3.1038  -20.0266
eta,q 0.97364  7.35011
  0.0277  0.0274  0.0271  0.0274  0.0273  0.0276  0.0276  0.0283  0.0273  0.0277  0.0267  0.0269
  0.0270  0.0268  0.0267  0.0268  0.0269  0.0270  0.0269  0.0272  0.0268  0.0269  0.0265  0.0266
  0.0265  0.0264  0.0264  0.0264  0.0265  0.0265  0.0265  0.0266  0.0265  0.0265  0.0264  0.0264
  0.0263  0.0263  0.0263  0.0263  0.0263  0.0264  0.0264  0.0263  0.0263  0.0264  0.0264  0.0264
  0.0265  0.0265  0.0264  0.0264  0.0265  0.0265  0.0265  0.0266  0.0265  0.0265  0.0264  0.0264
  0.0270  0.0268  0.0266  0.0266  0.0269  0.0270  0.0269  0.0273  0.0268  0.0269  0.0265  0.0266
  0.0277  0.0274  0.0269  0.0269  0.0276  0.0278  0.0276  0.0284  0.0273  0.0274  0.0268  0.0270
niter,ni,del,rscale     4    3    5.0000    0.7000
parameters
   -1.4351   17.0651   -2.4526   -6.4482   -9.1430   -7.0395
    0.7095    3.0822   -2.1473   16.8519   -3.1061  -20.0534
eta,q 0.97365  7.34333
  0.0274  0.0272  0.0268  0.0269  0.0271  0.0274  0.0273  0.0279  0.0271  0.0273  0.0267  0.0268
  0.0268  0.0268  0.0266  0.0265  0.0268  0.0269  0.0268  0.0271  0.0267  0.0267  0.0265  0.0266
  0.0265  0.0265  0.0264  0.0263  0.0265  0.0265  0.0265  0.0265  0.0264  0.0264  0.0264  0.0264
  0.0264  0.0264  0.0264  0.0264  0.0263  0.0263  0.0263  0.0263  0.0264  0.0263  0.0263  0.0263
  0.0265  0.0264  0.0264  0.0265  0.0264  0.0264  0.0265  0.0265  0.0264  0.0265  0.0264  0.0264
  0.0268  0.0267  0.0266  0.0267  0.0267  0.0268  0.0268  0.0270  0.0267  0.0268  0.0265  0.0266
  0.0274  0.0272  0.0269  0.0269  0.0272  0.0275  0.0273  0.0279  0.0270  0.0272  0.0267  0.0268
niter,ni,del,rscale     3    3    5.0000    0.6000
parameters
   -1.4349   17.0696   -2.4717   -6.6218   -9.0917   -7.0084
    0.6942    3.0957   -2.1512   16.8005   -3.0888  -20.0105
eta,q 0.97366  7.33754
  0.0271  0.0270  0.0267  0.0268  0.0270  0.0271  0.0270  0.0275  0.0269  0.0270  0.0266  0.0267
  0.0267  0.0266  0.0265  0.0265  0.0267  0.0267  0.0266  0.0268  0.0266  0.0266  0.0264  0.0265
  0.0264  0.0264  0.0264  0.0263  0.0264  0.0265  0.0264  0.0265  0.0264  0.0264  0.0264  0.0264
  0.0264  0.0264  0.0263  0.0264  0.0263  0.0263  0.0263  0.0263  0.0263  0.0263  0.0263  0.0263
  0.0264  0.0264  0.0264  0.0265  0.0264  0.0264  0.0264  0.0265  0.0264  0.0264  0.0264  0.0264
  0.0267  0.0266  0.0265  0.0266  0.0266  0.0267  0.0267  0.0268  0.0266  0.0267  0.0264  0.0265
  0.0271  0.0270  0.0267  0.0268  0.0270  0.0272  0.0270  0.0275  0.0269  0.0270  0.0266  0.0267
niter,ni,del,rscale     2    3    5.0000    0.5000
parameters
   -1.4366   17.0601   -2.4721   -6.7443   -9.0061   -6.9629
    0.6852    3.1035   -2.1476   16.7073   -3.0668  -19.9533
eta,q 0.97367  7.33531
  0.0269  0.0268  0.0266  0.0267  0.0268  0.0269  0.0268  0.0271  0.0267  0.0268  0.0265  0.0266
  0.0266  0.0265  0.0264  0.0264  0.0266  0.0266  0.0265  0.0267  0.0265  0.0265  0.0264  0.0264
  0.0264  0.0264  0.0264  0.0263  0.0264  0.0264  0.0264  0.0264  0.0264  0.0264  0.0263  0.0264
  0.0263  0.0263  0.0263  0.0263  0.0263  0.0263  0.0263  0.0263  0.0263  0.0263  0.0263  0.0263
  0.0264  0.0264  0.0264  0.0264  0.0264  0.0264  0.0264  0.0264  0.0264  0.0264  0.0263  0.0263
  0.0266  0.0265  0.0265  0.0265  0.0265  0.0266  0.0265  0.0267  0.0265  0.0266  0.0264  0.0264
  0.0269  0.0268  0.0266  0.0267  0.0268  0.0269  0.0268  0.0271  0.0267  0.0268  0.0265  0.0266
niter,ni,del,rscale     1    3    5.0000    0.4000
parameters
   -1.4398   17.0439   -2.4625   -6.8573   -8.9354   -6.9098
    0.6627    3.1111   -2.1533   16.5894   -3.0468  -19.8801
eta,q 0.97368  7.33293
  0.0267  0.0266  0.0265  0.0265  0.0266  0.0267  0.0266  0.0268  0.0266  0.0266  0.0264  0.0265
  0.0265  0.0264  0.0264  0.0264  0.0265  0.0265  0.0265  0.0266  0.0264  0.0264  0.0264  0.0264
  0.0264  0.0264  0.0263  0.0263  0.0264  0.0264  0.0264  0.0264  0.0263  0.0263  0.0263  0.0263
  0.0263  0.0263  0.0263  0.0263  0.0263  0.0263  0.0263  0.0263  0.0263  0.0263  0.0263  0.0263
  0.0264  0.0264  0.0263  0.0264  0.0263  0.0263  0.0264  0.0264  0.0264  0.0264  0.0263  0.0263
  0.0265  0.0265  0.0264  0.0265  0.0264  0.0265  0.0265  0.0265  0.0264  0.0265  0.0264  0.0264
  0.0267  0.0266  0.0265  0.0265  0.0266  0.0267  0.0266  0.0268  0.0266  0.0267  0.0264  0.0265
registration optimization eta report
parameter search radius
    0.8000    0.8000    0.8000    2.4000    2.4000    2.4000
    2.4000    2.4000    2.4000    2.4000    2.4000    2.4000
100000*second partial in parameter space
       55.       44.       26.        4.        5.        6.
        5.        9.        4.        5.        2.        3.
  0.0267  0.0266  0.0265  0.0265  0.0266  0.0267  0.0266  0.0268  0.0266  0.0266  0.0264  0.0265
  0.0265  0.0264  0.0264  0.0264  0.0265  0.0265  0.0265  0.0266  0.0264  0.0264  0.0264  0.0264
  0.0264  0.0264  0.0263  0.0263  0.0264  0.0264  0.0264  0.0264  0.0263  0.0263  0.0263  0.0263
  0.0263  0.0263  0.0263  0.0263  0.0263  0.0263  0.0263  0.0263  0.0263  0.0263  0.0263  0.0263
  0.0264  0.0264  0.0263  0.0264  0.0263  0.0263  0.0264  0.0264  0.0264  0.0264  0.0263  0.0263
  0.0265  0.0265  0.0264  0.0265  0.0264  0.0265  0.0265  0.0265  0.0264  0.0265  0.0264  0.0264
  0.0267  0.0266  0.0265  0.0265  0.0266  0.0267  0.0266  0.0268  0.0266  0.0267  0.0264  0.0265
   -1.4398   17.0439   -2.4625   -6.8573   -8.9354   -6.9098
    0.6627    3.1111   -2.1533   16.5894   -3.0468  -19.8801
eta,q 0.97368  7.33293

---------------------------------------------------------------------
compute_vox2vox talsrcimg talsrcimg_to_711-2C_as_mni_average_305_t4 /opt/freesurfer/average/711-2C_as_mni_average_305
---------------------------------------------------------------------

freesurfer compute_vox2vox.c
Reading: talsrcimg.4dfp.ifh
Reading: talsrcimg_to_711-2C_as_mni_average_305_t4
Reading: /opt/freesurfer/average/711-2C_as_mni_average_305.4dfp.ifh
Writing: talsrcimg_to_711-2C_as_mni_average_305_t4_vox2vox.txt

start time Mon Mar 9 02:46:49 CET 2026
end		time Mon Mar 9 02:48:21 CET 2026

mpr2mni305 success

avi2talxfm orig_nu.mgz /opt/freesurfer/average/mni305.cor.mgz talsrcimg_to_711-2C_as_mni_average_305_t4_vox2vox.txt transforms/talairach.auto.xfm
avi2talxfm done
mv -f /out/sourcedata/freesurfer/sub-v1s17x0051132_ses-1/mri/talsrcimg_to_711-2C_as_mni_average_305_t4_vox2vox.txt /out/sourcedata/freesurfer/sub-v1s17x0051132_ses-1/mri/transforms/talsrcimg_to_711-2C_as_mni_average_305_t4_vox2vox.txt
lta_convert --src orig_nu.mgz --trg /opt/freesurfer/average/mni305.cor.mgz --inxfm transforms/talairach.auto.xfm --outlta transforms/talairach.auto.xfm.lta --subject fsaverage
7.3.2

--src: orig_nu.mgz src image (geometry).
--trg: /opt/freesurfer/average/mni305.cor.mgz trg image (geometry).
--inmni: transforms/talairach.auto.xfm input MNI/XFM transform.
--outlta: transforms/talairach.auto.xfm.lta output LTA.
--s: fsaverage subject name
 LTA read, type : 1
 1.07219  -0.03315  -0.01504   1.05689;
 0.03899   1.03279   0.22518  -0.35858;
 0.01825  -0.18893   1.05674  -4.43218;
 0.00000   0.00000   0.00000   1.00000;
setting subject to fsaverage
Writing  LTA to file transforms/talairach.auto.xfm.lta...
lta_convert successful.
 
 
Started at Mon Mar 9 02:46:49 CET 2026
Ended   at Mon Mar  9 02:48:21 CET 2026
talairach_avi done
