/out/sourcedata/freesurfer/sub-v1s17x0050236_ses-1/mri
/opt/freesurfer/bin/talairach_avi
--i orig_nu.mgz --xfm transforms/talairach.auto.xfm
talairach_avi 7.3.2
Linux dna067 5.14.0-427.37.1.el9_4.x86_64 #1 SMP PREEMPT_DYNAMIC Fri Sep 13 12:41:50 EDT 2024 x86_64 x86_64 x86_64 GNU/Linux
Mon Mar  9 00:58:53 CET 2026
mri_convert orig_nu.mgz talsrcimg.img 
reading from orig_nu.mgz...
TR=0.00, TE=0.00, TI=0.00, flip angle=0.00
i_ras = (-1, 1.39698e-09, 1.86265e-09)
j_ras = (0, 0, -1)
k_ras = (2.35741e-09, 1, 9.31323e-10)
writing to talsrcimg.img...
Analyze Output Matrix
-1.00000   0.00000   0.00000   128.89981;
 0.00000   0.00000   1.00000  -133.76891;
 0.00000  -1.00000   0.00000   128.99692;
 0.00000   0.00000   0.00000   1.00000;
--------------------
INFO: set hdr.hist.orient to -1
mpr2mni305 talsrcimg
Mon Mar  9 00:58:54 CET 2026
/opt/freesurfer/bin/mpr2mni305 talsrcimg
mpr2mni305 7.3.2
target=711-2C_as_mni_average_305

---------------------------------------------------------------------
analyzeto4dfp talsrcimg -O0 -y
---------------------------------------------------------------------

freesurfer ifh2hdr.c
Mon Mar  9 00:58:54 2026
Writing: talsrcimg.4dfp.hdr
freesurfer analyzeto4dfp.c
Reading: talsrcimg.hdr
header size 348 bytes
hdr.dime.datatype	offset=70	value=2
hdr.dime.bitpix		offset=72	value=8
hdr.hist.orient		offset=252	value=-1
dimensionality     4
dimensions       256       256       256         1
Reading: talsrcimg.img
Writing: talsrcimg.4dfp.img
Writing: talsrcimg.4dfp.ifh
ifh2hdr talsrcimg -r0to255
ori=2

---------------------------------------------------------------------
gauss_4dfp talsrcimg 1.1
---------------------------------------------------------------------

freesurfer gauss_4dfp.c
Reading: talsrcimg.4dfp.img
Writing: talsrcimg_g11.4dfp.img
image dimensions 256 256 256 padded to 288 288 288
processing volume 1freesurfer ifh2hdr.c
Mon Mar  9 00:58:55 2026
Writing: talsrcimg_g11.4dfp.hdr

Writing: talsrcimg_g11.4dfp.ifh
including: talsrcimg.4dfp.img.rec in talsrcimg_g11.4dfp.img.rec

---------------------------------------------------------------------
imgreg_4dfp /opt/freesurfer/average/711-2C_as_mni_average_305 none talsrcimg_g11 none talsrcimg_to_711-2C_as_mni_average_305_t4 4355
---------------------------------------------------------------------

freesurfer imgreg_4dfp.c
/opt/freesurfer/average/711-2C_as_mni_average_305.4dfp.img
       256       256       256         1
  1.000000  1.000000  1.000000
orientation T byte_order littleendian
Reading image: /opt/freesurfer/average/711-2C_as_mni_average_305.4dfp.img
dimensions:      256       256       256
mmppix:       1.0000   -1.0000   -1.0000
center:     128.0000 -129.0000 -129.0000
talsrcimg_g11.4dfp.img
       256       256       256         1
  1.000000  1.000000  1.000000
orientation T byte_order littleendian
Reading image: talsrcimg_g11.4dfp.img
dimensions:      256       256       256
mmppix:       1.0000   -1.0000   -1.0000
center:     128.0000 -129.0000 -129.0000
t4_read: open error in t4_sub.f l:  41 t4_file(1:l)talsrcimg_to_711-2C_as_mni_average_305_t4 
t4_read: transform initialized to I4
rotation matrix determinant  1.000000
image alignment mode   4355 decimal     1103 hex
   -7.5000  -45.0000  -45.0000 7621.5376   14.2421
    0.0000  -45.0000  -45.0000 7998.9536   14.2236
    7.5000  -45.0000  -45.0000 7657.4917   14.2370
   -7.5000  -37.5000  -45.0000 8177.3818   14.2451
    0.0000  -37.5000  -45.0000 8581.9756   14.2336
    7.5000  -37.5000  -45.0000 8200.0156   14.2465
   -7.5000  -30.0000  -45.0000 9040.7949   14.2565
    0.0000  -30.0000  -45.0000 9488.5010   14.2504
    7.5000  -30.0000  -45.0000 9054.0459   14.2632
   -7.5000  -22.5000  -45.0000 9804.6758   14.2564
    0.0000  -22.5000  -45.000010306.0020   14.2480
    7.5000  -22.5000  -45.0000 9804.6465   14.2621
   -7.5000  -15.0000  -45.000010471.3105   14.2451
    0.0000  -15.0000  -45.000010981.3584   14.2305
    7.5000  -15.0000  -45.000010454.2568   14.2469
   -7.5000   -7.5000  -45.000011061.9141   14.2378
    0.0000   -7.5000  -45.000011589.7441   14.2185
    7.5000   -7.5000  -45.000011037.0830   14.2341
   -7.5000    0.0000  -45.000011624.4521   14.2377
    0.0000    0.0000  -45.000012156.7666   14.2192
    7.5000    0.0000  -45.000011596.0195   14.2325
   -7.5000    7.5000  -45.000011251.8760   14.2451
    0.0000    7.5000  -45.000011751.2070   14.2335
    7.5000    7.5000  -45.000011217.6191   14.2465
   -7.5000   15.0000  -45.000010831.0820   14.2565
    0.0000   15.0000  -45.000011313.0693   14.2504
    7.5000   15.0000  -45.000010785.7764   14.2632
   -7.5000   22.5000  -45.000010332.0664   14.2545
    0.0000   22.5000  -45.000010797.4268   14.2460
    7.5000   22.5000  -45.000010273.9609   14.2601
   -7.5000   30.0000  -45.0000 9599.7852   14.0553
    0.0000   30.0000  -45.000010036.4014   14.0409
    7.5000   30.0000  -45.0000 9541.4160   14.0570
   -7.5000   37.5000  -45.0000 9117.2344   14.0481
    0.0000   37.5000  -45.0000 9521.4307   14.0290
    7.5000   37.5000  -45.0000 9058.6553   14.0444
   -7.5000   45.0000  -45.0000 8375.9473   13.6913
    0.0000   45.0000  -45.0000 8731.6650   13.6734
    7.5000   45.0000  -45.0000 8320.4707   13.6863
   -7.5000  -45.0000  -37.5000 8152.0054   14.2219
    0.0000  -45.0000  -37.5000 8564.9277   14.2003
    7.5000  -45.0000  -37.5000 8195.7402   14.2154
   -7.5000  -37.5000  -37.5000 8740.2236   14.2285
    0.0000  -37.5000  -37.5000 9171.5127   14.2116
    7.5000  -37.5000  -37.5000 8757.7842   14.2240
   -7.5000  -30.0000  -37.5000 9654.0947   14.2384
    0.0000  -30.0000  -37.500010127.7451   14.2268
    7.5000  -30.0000  -37.5000 9649.8730   14.2383
   -7.5000  -22.5000  -37.500010466.8838   14.2334
    0.0000  -22.5000  -37.500010983.4727   14.2217
    7.5000  -22.5000  -37.500010422.3350   14.2358
   -7.5000  -15.0000  -37.500011160.0469   14.2189
    0.0000  -15.0000  -37.500011695.8584   14.2028
    7.5000  -15.0000  -37.500011110.5225   14.2210
   -7.5000   -7.5000  -37.500011792.4492   14.2129
    0.0000   -7.5000  -37.500012341.7734   14.1923
    7.5000   -7.5000  -37.500011732.8955   14.2105
   -7.5000    0.0000  -37.500012361.2002   14.2175
    0.0000    0.0000  -37.500012949.5000   14.1959
    7.5000    0.0000  -37.500012320.3506   14.2110
   -7.5000    7.5000  -37.500011922.5811   14.2285
    0.0000    7.5000  -37.500012494.6602   14.2116
    7.5000    7.5000  -37.500011884.6035   14.2240
   -7.5000   15.0000  -37.500011437.5381   14.2384
    0.0000   15.0000  -37.500011963.1670   14.2268
    7.5000   15.0000  -37.500011368.0557   14.2383
   -7.5000   22.5000  -37.500010900.7090   14.2314
    0.0000   22.5000  -37.500011396.9639   14.2197
    7.5000   22.5000  -37.500010831.4453   14.2338
   -7.5000   30.0000  -37.500010119.2598   14.0294
    0.0000   30.0000  -37.500010585.5674   14.0136
    7.5000   30.0000  -37.500010056.6533   14.0314
   -7.5000   37.5000  -37.5000 9565.4092   14.0235
    0.0000   37.5000  -37.5000 9987.0840   14.0032
    7.5000   37.5000  -37.5000 9502.7432   14.0211
   -7.5000   45.0000  -37.5000 8751.7529   13.6719
    0.0000   45.0000  -37.5000 9131.3691   13.6510
    7.5000   45.0000  -37.5000 8703.2842   13.6656
   -7.5000  -45.0000  -30.0000 8816.4111   14.8089
    0.0000  -45.0000  -30.0000 9273.5859   14.7847
    7.5000  -45.0000  -30.0000 8840.8691   14.7993
   -7.5000  -37.5000  -30.0000 9432.7314   14.8123
    0.0000  -37.5000  -30.0000 9907.1904   14.7923
    7.5000  -37.5000  -30.0000 9448.2607   14.8060
   -7.5000  -30.0000  -30.000010387.4336   14.8140
    0.0000  -30.0000  -30.000010906.5664   14.8014
    7.5000  -30.0000  -30.000010375.8564   14.8164
   -7.5000  -22.5000  -30.000011248.6768   14.8035
    0.0000  -22.5000  -30.000011804.0654   14.7938
    7.5000  -22.5000  -30.000011225.6934   14.8121
   -7.5000  -15.0000  -30.000011975.4209   14.7918
    0.0000  -15.0000  -30.000012560.1357   14.7784
    7.5000  -15.0000  -30.000011950.2441   14.7989
   -7.5000   -7.5000  -30.000012665.9795   14.7943
    0.0000   -7.5000  -30.000013271.6045   14.7738
    7.5000   -7.5000  -30.000012622.0391   14.7921
   -7.5000    0.0000  -30.000013251.9014   14.8043
    0.0000    0.0000  -30.000013915.9199   14.7801
    7.5000    0.0000  -30.000013206.5938   14.7947
   -7.5000    7.5000  -30.000012780.1592   14.8123
    0.0000    7.5000  -30.000013421.2334   14.7923
    7.5000    7.5000  -30.000012741.4883   14.8059
   -7.5000   15.0000  -30.000012207.6855   14.8140
    0.0000   15.0000  -30.000012800.7285   14.8014
    7.5000   15.0000  -30.000012131.1797   14.8164
   -7.5000   22.5000  -30.000011603.7295   14.7999
    0.0000   22.5000  -30.000012149.9648   14.7902
    7.5000   22.5000  -30.000011538.8301   14.8085
   -7.5000   30.0000  -30.000010794.6250   14.5961
    0.0000   30.0000  -30.000011287.2793   14.5829
    7.5000   30.0000  -30.000010716.5566   14.6031
   -7.5000   37.5000  -30.000010167.8730   14.5985
    0.0000   37.5000  -30.000010608.3906   14.5783
    7.5000   37.5000  -30.000010093.7715   14.5964
   -7.5000   45.0000  -30.0000 9286.5146   14.2466
    0.0000   45.0000  -30.0000 9676.7588   14.2233
    7.5000   45.0000  -30.0000 9216.6553   14.2374
   -7.5000  -45.0000  -22.5000 9473.3633   15.3119
    0.0000  -45.0000  -22.5000 9941.1768   15.2873
    7.5000  -45.0000  -22.5000 9496.3350   15.2990
   -7.5000  -37.5000  -22.500010111.6367   15.3073
    0.0000  -37.5000  -22.500010601.5449   15.2892
    7.5000  -37.5000  -22.500010116.4180   15.3045
   -7.5000  -30.0000  -22.500011104.9736   15.2997
    0.0000  -30.0000  -22.500011661.2988   15.2919
    7.5000  -30.0000  -22.500011089.9795   15.3123
   -7.5000  -22.5000  -22.500012009.6992   15.2876
    0.0000  -22.5000  -22.500012598.5537   15.2838
    7.5000  -22.5000  -22.500011999.0117   15.3063
   -7.5000  -15.0000  -22.500012770.7891   15.2831
    0.0000  -15.0000  -22.500013380.1533   15.2740
    7.5000  -15.0000  -22.500012727.8311   15.2945
   -7.5000   -7.5000  -22.500013486.6494   15.2950
    0.0000   -7.5000  -22.500014145.3975   15.2756
    7.5000   -7.5000  -22.500013421.7246   15.2903
   -7.5000    0.0000  -22.500014117.6924   15.3071
    0.0000    0.0000  -22.500014841.2900   15.2825
    7.5000    0.0000  -22.500014029.3018   15.2942
   -7.5000    7.5000  -22.500013610.6992   15.3073
    0.0000    7.5000  -22.500014327.5029   15.2891
    7.5000    7.5000  -22.500013536.1699   15.3044
   -7.5000   15.0000  -22.500012960.8760   15.2997
    0.0000   15.0000  -22.500013621.5508   15.2919
    7.5000   15.0000  -22.500012879.4102   15.3123
   -7.5000   22.5000  -22.500012274.9463   15.2829
    0.0000   22.5000  -22.500012854.2568   15.2791
    7.5000   22.5000  -22.500012183.5352   15.3016
   -7.5000   30.0000  -22.500011415.0596   15.0832
    0.0000   30.0000  -22.500011915.6221   15.0743
    7.5000   30.0000  -22.500011299.0225   15.0944
   -7.5000   37.5000  -22.500010747.1260   15.0950
    0.0000   37.5000  -22.500011211.4111   15.0757
    7.5000   37.5000  -22.500010637.0166   15.0903
   -7.5000   45.0000  -22.5000 9810.0000   14.7415
    0.0000   45.0000  -22.500010236.3896   14.7178
    7.5000   45.0000  -22.5000 9723.1562   14.7291
   -7.5000  -45.0000  -15.000010101.9287   15.6840
    0.0000  -45.0000  -15.000010592.8857   15.6610
    7.5000  -45.0000  -15.000010122.5205   15.6701
   -7.5000  -37.5000  -15.000010770.0225   15.6742
    0.0000  -37.5000  -15.000011283.6250   15.6605
    7.5000  -37.5000  -15.000010777.1465   15.6762
   -7.5000  -30.0000  -15.000011795.2158   15.6649
    0.0000  -30.0000  -15.000012360.4648   15.6630
    7.5000  -30.0000  -15.000011766.2891   15.6851
   -7.5000  -22.5000  -15.000012751.6406   15.6561
    0.0000  -22.5000  -15.000013352.4814   15.6566
    7.5000  -22.5000  -15.000012719.2520   15.6796
   -7.5000  -15.0000  -15.000013533.9336   15.6562
    0.0000  -15.0000  -15.000014174.1387   15.6491
    7.5000  -15.0000  -15.000013487.3369   15.6677
   -7.5000   -7.5000  -15.000014260.4219   15.6701
    0.0000   -7.5000  -15.000014976.3506   15.6512
    7.5000   -7.5000  -15.000014192.2100   15.6623
   -7.5000    0.0000  -15.000014940.4365   15.6792
    0.0000    0.0000  -15.000015727.6924   15.6562
    7.5000    0.0000  -15.000014838.0850   15.6652
   -7.5000    7.5000  -15.000014428.2568   15.6742
    0.0000    7.5000  -15.000015188.4541   15.6604
    7.5000    7.5000  -15.000014331.3184   15.6761
   -7.5000   15.0000  -15.000013679.3135   15.6649
    0.0000   15.0000  -15.000014399.3525   15.6630
    7.5000   15.0000  -15.000013585.3984   15.6851
   -7.5000   22.5000  -15.000012926.2998   15.6505
    0.0000   22.5000  -15.000013532.2324   15.6511
    7.5000   22.5000  -15.000012800.4941   15.6740
   -7.5000   30.0000  -15.000011996.8457   15.4536
    0.0000   30.0000  -15.000012521.4160   15.4466
    7.5000   30.0000  -15.000011880.1836   15.4649
   -7.5000   37.5000  -15.000011276.3213   15.4673
    0.0000   37.5000  -15.000011785.7656   15.4486
    7.5000   37.5000  -15.000011192.3926   15.4596
   -7.5000   45.0000  -15.000010330.3223   15.1090
    0.0000   45.0000  -15.000010788.9814   15.0868
    7.5000   45.0000  -15.000010235.4004   15.0955
   -7.5000  -45.0000   -7.500010764.7744   15.8801
    0.0000  -45.0000   -7.500011264.2197   15.8595
    7.5000  -45.0000   -7.500010767.1914   15.8701
   -7.5000  -37.5000   -7.500011472.0352   15.8737
    0.0000  -37.5000   -7.500012001.7500   15.8631
    7.5000  -37.5000   -7.500011464.8828   15.8783
   -7.5000  -30.0000   -7.500012511.2080   15.8738
    0.0000  -30.0000   -7.500013080.1523   15.8726
    7.5000  -30.0000   -7.500012490.9980   15.8916
   -7.5000  -22.5000   -7.500013492.9678   15.8710
    0.0000  -22.5000   -7.500014096.8174   15.8687
    7.5000  -22.5000   -7.500013461.9766   15.8880
   -7.5000  -15.0000   -7.500014322.9102   15.8676
    0.0000  -15.0000   -7.500014970.8896   15.8568
    7.5000  -15.0000   -7.500014288.8203   15.8741
   -7.5000   -7.5000   -7.500015102.3340   15.8720
    0.0000   -7.5000   -7.500015833.8086   15.8522
    7.5000   -7.5000   -7.500015037.7275   15.8646
   -7.5000    0.0000   -7.500015830.5068   15.8752
    0.0000    0.0000   -7.500016612.0566   15.8546
    7.5000    0.0000   -7.500015699.3359   15.8652
   -7.5000    7.5000   -7.500015308.2129   15.8736
    0.0000    7.5000   -7.500016032.7139   15.8630
    7.5000    7.5000   -7.500015162.5107   15.8783
   -7.5000   15.0000   -7.500014462.1709   15.8738
    0.0000   15.0000   -7.500015131.1836   15.8726
    7.5000   15.0000   -7.500014338.4893   15.8916
   -7.5000   22.5000   -7.500013587.0918   15.8636
    0.0000   22.5000   -7.500014200.2090   15.8614
    7.5000   22.5000   -7.500013447.1016   15.8807
   -7.5000   30.0000   -7.500012570.4785   15.6618
    0.0000   30.0000   -7.500013123.4902   15.6512
    7.5000   30.0000   -7.500012434.7012   15.6682
   -7.5000   37.5000   -7.500011860.7285   15.6661
    0.0000   37.5000   -7.500012397.1445   15.6467
    7.5000   37.5000   -7.500011754.3340   15.6589
   -7.5000   45.0000   -7.500010851.9014   15.3007
    0.0000   45.0000   -7.500011332.8379   15.2808
    7.5000   45.0000   -7.500010740.1699   15.2910
   -7.5000  -45.0000    0.000011337.9629   15.9202
    0.0000  -45.0000    0.000011859.4971   15.8992
    7.5000  -45.0000    0.000011341.1670   15.9140
   -7.5000  -37.5000    0.000012072.5459   15.9227
    0.0000  -37.5000    0.000012616.0303   15.9097
    7.5000  -37.5000    0.000012063.1699   15.9242
   -7.5000  -30.0000    0.000013122.8818   15.9337
    0.0000  -30.0000    0.000013674.0439   15.9269
    7.5000  -30.0000    0.000013087.4668   15.9412
   -7.5000  -22.5000    0.000014117.4873   15.9328
    0.0000  -22.5000    0.000014703.1895   15.9233
    7.5000  -22.5000    0.000014100.9541   15.9390
   -7.5000  -15.0000    0.000015054.2695   15.9209
    0.0000  -15.0000    0.000015741.1172   15.9044
    7.5000  -15.0000    0.000015021.5869   15.9224
   -7.5000   -7.5000    0.000015991.6797   15.9144
    0.0000   -7.5000    0.000016799.9922   15.8925
    7.5000   -7.5000    0.000015898.4131   15.9097
   -7.5000    0.0000    0.000016753.4395   15.9153
    0.0000    0.0000    0.000017506.6953   15.8942
    7.5000    0.0000    0.000016611.5508   15.9091
   -7.5000    7.5000    0.000016120.9336   15.9227
    0.0000    7.5000    0.000016766.6836   15.9096
    7.5000    7.5000    0.000015975.4834   15.9241
   -7.5000   15.0000    0.000015199.5957   15.9337
    0.0000   15.0000    0.000015823.6406   15.9269
    7.5000   15.0000    0.000015078.9805   15.9412
   -7.5000   22.5000    0.000014220.1299   15.9255
    0.0000   22.5000    0.000014816.9570   15.9160
    7.5000   22.5000    0.000014096.0898   15.9316
   -7.5000   30.0000    0.000013132.9512   15.7149
    0.0000   30.0000    0.000013682.3477   15.6985
    7.5000   30.0000    0.000012993.2812   15.7164
   -7.5000   37.5000    0.000012403.1074   15.7085
    0.0000   37.5000    0.000012938.4961   15.6868
    7.5000   37.5000    0.000012267.6064   15.7038
   -7.5000   45.0000    0.000011316.2568   15.3405
    0.0000   45.0000    0.000011809.5947   15.3202
    7.5000   45.0000    0.000011207.3604   15.3345
   -7.5000  -45.0000    7.500011036.3398   15.9147
    0.0000  -45.0000    7.500011547.3018   15.8905
    7.5000  -45.0000    7.500011028.0889   15.9075
   -7.5000  -37.5000    7.500011713.9688   15.9221
    0.0000  -37.5000    7.500012255.5996   15.9032
    7.5000  -37.5000    7.500011714.2344   15.9171
   -7.5000  -30.0000    7.500012728.6064   15.9332
    0.0000  -30.0000    7.500013285.0508   15.9201
    7.5000  -30.0000    7.500012724.0322   15.9330
   -7.5000  -22.5000    7.500013695.3457   15.9275
    0.0000  -22.5000    7.500014257.1914   15.9144
    7.5000  -22.5000    7.500013680.8057   15.9302
   -7.5000  -15.0000    7.500014666.8857   15.9113
    0.0000  -15.0000    7.500015366.6689   15.8933
    7.5000  -15.0000    7.500014639.7236   15.9136
   -7.5000   -7.5000    7.500015625.8154   15.9047
    0.0000   -7.5000    7.500016436.8027   15.8816
    7.5000   -7.5000    7.500015596.7441   15.9019
   -7.5000    0.0000    7.500016330.3496   15.9098
    0.0000    0.0000    7.500017041.7754   15.8856
    7.5000    0.0000    7.500016287.9834   15.9025
   -7.5000    7.5000    7.500015662.6201   15.9221
    0.0000    7.5000    7.500016266.9062   15.9031
    7.5000    7.5000    7.500015574.7939   15.9170
   -7.5000   15.0000    7.500014753.6992   15.9332
    0.0000   15.0000    7.500015378.4062   15.9201
    7.5000   15.0000    7.500014654.6064   15.9330
   -7.5000   22.5000    7.500013726.6240   15.9202
    0.0000   22.5000    7.500014302.2588   15.9071
    7.5000   22.5000    7.500013611.1738   15.9229
   -7.5000   30.0000    7.500012658.2021   15.7054
    0.0000   30.0000    7.500013172.0137   15.6877
    7.5000   30.0000    7.500012531.2686   15.7077
   -7.5000   37.5000    7.500011953.3525   15.6988
    0.0000   37.5000    7.500012426.8857   15.6760
    7.5000   37.5000    7.500011832.4951   15.6961
   -7.5000   45.0000    7.500010923.9453   15.3352
    0.0000   45.0000    7.500011374.6582   15.3119
    7.5000   45.0000    7.500010825.9561   15.3282
   -7.5000  -45.0000   15.000010643.6445   15.9023
    0.0000  -45.0000   15.000011121.3906   15.8763
    7.5000  -45.0000   15.000010635.6094   15.8921
   -7.5000  -37.5000   15.000011270.7344   15.9060
    0.0000  -37.5000   15.000011777.3828   15.8845
    7.5000  -37.5000   15.000011282.8545   15.8992
   -7.5000  -30.0000   15.000012248.0225   15.9078
    0.0000  -30.0000   15.000012781.2803   15.8942
    7.5000  -30.0000   15.000012261.9688   15.9104
   -7.5000  -22.5000   15.000013163.9619   15.8965
    0.0000  -22.5000   15.000013717.9883   15.8861
    7.5000  -22.5000   15.000013165.3457   15.9057
   -7.5000  -15.0000   15.000014084.0537   15.8840
    0.0000  -15.0000   15.000014790.0029   15.8696
    7.5000  -15.0000   15.000014092.2236   15.8916
   -7.5000   -7.5000   15.000014972.0820   15.8866
    0.0000   -7.5000   15.000015814.4375   15.8646
    7.5000   -7.5000   15.000015009.9365   15.8843
   -7.5000    0.0000   15.000015666.8096   15.8974
    0.0000    0.0000   15.000016530.4668   15.8714
    7.5000    0.0000   15.000015719.9160   15.8871
   -7.5000    7.5000   15.000015061.5361   15.9060
    0.0000    7.5000   15.000015814.0967   15.8845
    7.5000    7.5000   15.000015045.6982   15.8991
   -7.5000   15.0000   15.000014182.3076   15.9078
    0.0000   15.0000   15.000014863.5342   15.8942
    7.5000   15.0000   15.000014122.9854   15.9104
   -7.5000   22.5000   15.000013132.1631   15.8892
    0.0000   22.5000   15.000013713.6377   15.8788
    7.5000   22.5000   15.000013069.7881   15.8984
   -7.5000   30.0000   15.000012102.6699   15.6784
    0.0000   30.0000   15.000012584.4131   15.6642
    7.5000   30.0000   15.000012020.4932   15.6859
   -7.5000   37.5000   15.000011478.8066   15.6810
    0.0000   37.5000   15.000011899.6982   15.6593
    7.5000   37.5000   15.000011398.0518   15.6787
   -7.5000   45.0000   15.000010498.3398   15.3233
    0.0000   45.0000   15.000010884.7842   15.2982
    7.5000   45.0000   15.000010427.9014   15.3134
   -7.5000  -45.0000   22.500010059.5381   15.8949
    0.0000  -45.0000   22.500010552.2900   15.8694
    7.5000  -45.0000   22.500010063.3164   15.8816
   -7.5000  -37.5000   22.500010695.3662   15.8902
    0.0000  -37.5000   22.500011196.2363   15.8714
    7.5000  -37.5000   22.500010690.7451   15.8873
   -7.5000  -30.0000   22.500011675.0615   15.8824
    0.0000  -30.0000   22.500012205.3047   15.8742
    7.5000  -30.0000   22.500011684.0840   15.8954
   -7.5000  -22.5000   22.500012586.5879   15.8698
    0.0000  -22.5000   22.500013159.2354   15.8658
    7.5000  -22.5000   22.500012587.5537   15.8892
   -7.5000  -15.0000   22.500013447.8008   15.8651
    0.0000  -15.0000   22.500014089.3857   15.8557
    7.5000  -15.0000   22.500013448.8086   15.8769
   -7.5000   -7.5000   22.500014217.4229   15.8775
    0.0000   -7.5000   22.500014851.3076   15.8573
    7.5000   -7.5000   22.500014213.3301   15.8725
   -7.5000    0.0000   22.500014841.2656   15.8900
    0.0000    0.0000   22.500015462.4648   15.8645
    7.5000    0.0000   22.500014854.2227   15.8766
   -7.5000    7.5000   22.500014305.0078   15.8902
    0.0000    7.5000   22.500014911.0293   15.8713
    7.5000    7.5000   22.500014318.9639   15.8873
   -7.5000   15.0000   22.500013534.8291   15.8824
    0.0000   15.0000   22.500014120.3477   15.8742
    7.5000   15.0000   22.500013553.3398   15.8954
   -7.5000   22.5000   22.500012558.3877   15.8625
    0.0000   22.5000   22.500013063.3848   15.8585
    7.5000   22.5000   22.500012557.1846   15.8819
   -7.5000   30.0000   22.500011550.9424   15.6598
    0.0000   30.0000   22.500012003.0684   15.6505
    7.5000   30.0000   22.500011510.9951   15.6715
   -7.5000   37.5000   22.500010921.1934   15.6720
    0.0000   37.5000   22.500011368.5303   15.6520
    7.5000   37.5000   22.500010884.9121   15.6671
   -7.5000   45.0000   22.5000 9960.0098   15.3162
    0.0000   45.0000   22.500010365.3379   15.2915
    7.5000   45.0000   22.5000 9921.8164   15.3032
   -7.5000  -45.0000   30.0000 9403.7383   15.8994
    0.0000  -45.0000   30.0000 9866.4131   15.8761
    7.5000  -45.0000   30.0000 9400.0068   15.8853
   -7.5000  -37.5000   30.000010004.0889   15.8895
    0.0000  -37.5000   30.000010485.2617   15.8756
    7.5000  -37.5000   30.0000 9994.2900   15.8915
   -7.5000  -30.0000   30.000010926.3418   15.8800
    0.0000  -30.0000   30.000011448.2266   15.8781
    7.5000  -30.0000   30.000010929.0879   15.9005
   -7.5000  -22.5000   30.000011822.3574   15.8711
    0.0000  -22.5000   30.000012368.4863   15.8716
    7.5000  -22.5000   30.000011830.1729   15.8949
   -7.5000  -15.0000   30.000012605.3018   15.8712
    0.0000  -15.0000   30.000013197.1416   15.8640
    7.5000  -15.0000   30.000012621.6689   15.8829
   -7.5000   -7.5000   30.000013296.4316   15.8853
    0.0000   -7.5000   30.000013859.7959   15.8661
    7.5000   -7.5000   30.000013300.7900   15.8774
   -7.5000    0.0000   30.000013862.2451   15.8945
    0.0000    0.0000   30.000014424.7090   15.8712
    7.5000    0.0000   30.000013871.3428   15.8803
   -7.5000    7.5000   30.000013359.9502   15.8894
    0.0000    7.5000   30.000013901.9678   15.8755
    7.5000    7.5000   30.000013383.5029   15.8914
   -7.5000   15.0000   30.000012697.8789   15.8800
    0.0000   15.0000   30.000013206.1514   15.8781
    7.5000   15.0000   30.000012706.4316   15.9005
   -7.5000   22.5000   30.000011836.4678   15.8638
    0.0000   22.5000   30.000012315.1807   15.8643
    7.5000   22.5000   30.000011821.8193   15.8876
   -7.5000   30.0000   30.000010906.6484   15.6658
    0.0000   30.0000   30.000011312.8330   15.6587
    7.5000   30.0000   30.000010847.9922   15.6773
   -7.5000   37.5000   30.000010333.4697   15.6797
    0.0000   37.5000   30.000010752.8477   15.6608
    7.5000   37.5000   30.000010287.7676   15.6719
   -7.5000   45.0000   30.0000 9403.1680   15.3205
    0.0000   45.0000   30.0000 9789.9795   15.2980
    7.5000   45.0000   30.0000 9365.5400   15.3068
   -7.5000  -45.0000   37.5000 9007.7021   15.9840
    0.0000  -45.0000   37.5000 9464.4902   15.9636
    7.5000  -45.0000   37.5000 9001.9307   15.9748
   -7.5000  -37.5000   37.5000 9603.8330   15.9775
    0.0000  -37.5000   37.500010091.4785   15.9672
    7.5000  -37.5000   37.5000 9598.0166   15.9831
   -7.5000  -30.0000   37.500010502.1465   15.9778
    0.0000  -30.0000   37.500011031.4551   15.9771
    7.5000  -30.0000   37.500010502.3623   15.9968
   -7.5000  -22.5000   37.500011374.9688   15.9750
    0.0000  -22.5000   37.500011940.8994   15.9732
    7.5000  -22.5000   37.500011372.7070   15.9932
   -7.5000  -15.0000   37.500012152.3730   15.9716
    0.0000  -15.0000   37.500012740.5039   15.9612
    7.5000  -15.0000   37.500012156.0957   15.9790
   -7.5000   -7.5000   37.500012825.6289   15.9759
    0.0000   -7.5000   37.500013394.5107   15.9564
    7.5000   -7.5000   37.500012834.7715   15.9693
   -7.5000    0.0000   37.500013360.9648   15.9790
    0.0000    0.0000   37.500013933.9326   15.9586
    7.5000    0.0000   37.500013365.2383   15.9698
   -7.5000    7.5000   37.500012907.7148   15.9775
    0.0000    7.5000   37.500013451.2549   15.9672
    7.5000    7.5000   37.500012906.0020   15.9831
   -7.5000   15.0000   37.500012305.2090   15.9778
    0.0000   15.0000   37.500012816.7500   15.9771
    7.5000   15.0000   37.500012299.9746   15.9968
   -7.5000   22.5000   37.500011477.3418   15.9677
    0.0000   22.5000   37.500011972.7236   15.9659
    7.5000   22.5000   37.500011465.8115   15.9858
   -7.5000   30.0000   37.500010550.6562   15.7649
    0.0000   30.0000   37.500010995.4678   15.7546
    7.5000   30.0000   37.500010518.0312   15.7722
   -7.5000   37.5000   37.500010017.9717   15.7691
    0.0000   37.5000   37.500010447.7861   15.7499
    7.5000   37.5000   37.5000 9982.9863   15.7627
   -7.5000   45.0000   37.5000 9121.8730   15.4019
    0.0000   45.0000   37.5000 9515.4209   15.3822
    7.5000   45.0000   37.5000 9090.1611   15.3930
   -7.5000  -45.0000   45.0000 8199.7295   16.0529
    0.0000  -45.0000   45.0000 8629.0508   16.0310
    7.5000  -45.0000   45.0000 8208.6377   16.0466
   -7.5000  -37.5000   45.0000 8759.8105   16.0566
    0.0000  -37.5000   45.0000 9211.9883   16.0430
    7.5000  -37.5000   45.0000 8748.7344   16.0583
   -7.5000  -30.0000   45.0000 9592.0654   16.0687
    0.0000  -30.0000   45.000010077.8926   16.0618
    7.5000  -30.0000   45.0000 9578.5527   16.0771
   -7.5000  -22.5000   45.000010401.5186   16.0675
    0.0000  -22.5000   45.000010922.1367   16.0581
    7.5000  -22.5000   45.000010399.7578   16.0747
   -7.5000  -15.0000   45.000011122.7598   16.0543
    0.0000  -15.0000   45.000011658.4922   16.0375
    7.5000  -15.0000   45.000011103.4238   16.0565
   -7.5000   -7.5000   45.000011727.6699   16.0468
    0.0000   -7.5000   45.000012258.2441   16.0242
    7.5000   -7.5000   45.000011718.3252   16.0422
   -7.5000    0.0000   45.000012225.7207   16.0479
    0.0000    0.0000   45.000012768.2871   16.0260
    7.5000    0.0000   45.000012223.3740   16.0415
   -7.5000    7.5000   45.000011826.8262   16.0565
    0.0000    7.5000   45.000012355.4160   16.0430
    7.5000    7.5000   45.000011837.2637   16.0583
   -7.5000   15.0000   45.000011305.0898   16.0687
    0.0000   15.0000   45.000011798.3877   16.0618
    7.5000   15.0000   45.000011310.7754   16.0771
   -7.5000   22.5000   45.000010578.4775   16.0600
    0.0000   22.5000   45.000011061.8584   16.0506
    7.5000   22.5000   45.000010567.6162   16.0673
   -7.5000   30.0000   45.0000 9720.7480   15.8451
    0.0000   30.0000   45.000010161.8975   15.8286
    7.5000   30.0000   45.0000 9696.7695   15.8473
   -7.5000   37.5000   45.0000 9214.0537   15.8378
    0.0000   37.5000   45.0000 9639.8066   15.8155
    7.5000   37.5000   45.0000 9196.1953   15.8332
   -7.5000   45.0000   45.0000 8386.5127   15.4753
    0.0000   45.0000   45.0000 8763.4102   15.4542
    7.5000   45.0000   45.0000 8370.5791   15.4692

---------------------------------------------------------------------
imgreg_4dfp /opt/freesurfer/average/711-2C_as_mni_average_305 /opt/freesurfer/average/711-2B_as_mni_average_305_mask talsrcimg_g11 none talsrcimg_to_711-2C_as_mni_average_305_t4 4355
---------------------------------------------------------------------

freesurfer imgreg_4dfp.c
/opt/freesurfer/average/711-2C_as_mni_average_305.4dfp.img
       256       256       256         1
  1.000000  1.000000  1.000000
orientation T byte_order littleendian
Reading image: /opt/freesurfer/average/711-2C_as_mni_average_305.4dfp.img
dimensions:      256       256       256
mmppix:       1.0000   -1.0000   -1.0000
center:     128.0000 -129.0000 -129.0000
/opt/freesurfer/average/711-2B_as_mni_average_305_mask.4dfp.img
       256       256       256         1
  1.000000  1.000000  1.000000
orientation T byte_order littleendian
Reading mask: /opt/freesurfer/average/711-2B_as_mni_average_305_mask.4dfp.img (2306576 pixels)
talsrcimg_g11.4dfp.img
       256       256       256         1
  1.000000  1.000000  1.000000
orientation T byte_order littleendian
Reading image: talsrcimg_g11.4dfp.img
dimensions:      256       256       256
mmppix:       1.0000   -1.0000   -1.0000
center:     128.0000 -129.0000 -129.0000
rotation matrix determinant  1.000000
image alignment mode   4355 decimal     1103 hex
   -7.5000  -45.0000  -45.0000 1971.2157   15.9695
    0.0000  -45.0000  -45.0000 1984.0278   15.8508
    7.5000  -45.0000  -45.0000 1975.2797   15.8779
   -7.5000  -37.5000  -45.0000 2067.7710   14.5418
    0.0000  -37.5000  -45.0000 2077.2402   14.4449
    7.5000  -37.5000  -45.0000 2070.2986   14.4682
   -7.5000  -30.0000  -45.0000 2141.0203   13.4912
    0.0000  -30.0000  -45.0000 2155.1069   13.4135
    7.5000  -30.0000  -45.0000 2146.7500   13.4230
   -7.5000  -22.5000  -45.0000 2182.3381   12.8149
    0.0000  -22.5000  -45.0000 2203.9846   12.7156
    7.5000  -22.5000  -45.0000 2190.5010   12.7558
   -7.5000  -15.0000  -45.0000 2207.2812   12.3875
    0.0000  -15.0000  -45.0000 2229.4932   12.2755
    7.5000  -15.0000  -45.0000 2213.5984   12.3249
   -7.5000   -7.5000  -45.0000 2210.7729   12.2403
    0.0000   -7.5000  -45.0000 2234.0959   12.1032
    7.5000   -7.5000  -45.0000 2221.7456   12.1547
   -7.5000    0.0000  -45.0000 2215.2578   12.2868
    0.0000    0.0000  -45.0000 2235.3013   12.1165
    7.5000    0.0000  -45.0000 2224.0068   12.1813
   -7.5000    7.5000  -45.0000 2195.2380   12.5675
    0.0000    7.5000  -45.0000 2216.5745   12.4432
    7.5000    7.5000  -45.0000 2202.3501   12.5121
   -7.5000   15.0000  -45.0000 2152.8552   13.1068
    0.0000   15.0000  -45.0000 2175.6028   12.9919
    7.5000   15.0000  -45.0000 2158.6367   13.0825
   -7.5000   22.5000  -45.0000 2095.1526   13.9277
    0.0000   22.5000  -45.0000 2118.3213   13.8000
    7.5000   22.5000  -45.0000 2097.9285   13.9098
   -7.5000   30.0000  -45.0000 2015.5492   15.0874
    0.0000   30.0000  -45.0000 2036.2200   14.9495
    7.5000   30.0000  -45.0000 2019.4731   15.0464
   -7.5000   37.5000  -45.0000 1921.9753   16.6722
    0.0000   37.5000  -45.0000 1939.6287   16.4835
    7.5000   37.5000  -45.0000 1924.0085   16.6129
   -7.5000   45.0000  -45.0000 1813.7322   18.9133
    0.0000   45.0000  -45.0000 1830.4918   18.6943
    7.5000   45.0000  -45.0000 1815.4459   18.7895
   -7.5000  -45.0000  -37.5000 2058.7021   14.7639
    0.0000  -45.0000  -37.5000 2075.3442   14.6707
    7.5000  -45.0000  -37.5000 2067.1189   14.6953
   -7.5000  -37.5000  -37.5000 2160.2124   13.4189
    0.0000  -37.5000  -37.5000 2174.0581   13.3375
    7.5000  -37.5000  -37.5000 2167.4321   13.3752
   -7.5000  -30.0000  -37.5000 2243.1335   12.4439
    0.0000  -30.0000  -37.5000 2258.4119   12.3608
    7.5000  -30.0000  -37.5000 2247.9065   12.3826
   -7.5000  -22.5000  -37.5000 2291.0813   11.8129
    0.0000  -22.5000  -37.5000 2308.8403   11.7270
    7.5000  -22.5000  -37.5000 2291.9961   11.7582
   -7.5000  -15.0000  -37.5000 2316.0881   11.4302
    0.0000  -15.0000  -37.5000 2338.2986   11.3203
    7.5000  -15.0000  -37.5000 2319.6111   11.3874
   -7.5000   -7.5000  -37.5000 2321.2493   11.2840
    0.0000   -7.5000  -37.5000 2345.8694   11.1617
    7.5000   -7.5000  -37.5000 2328.0264   11.2357
   -7.5000    0.0000  -37.5000 2318.3103   11.3114
    0.0000    0.0000  -37.5000 2341.5259   11.1774
    7.5000    0.0000  -37.5000 2326.3442   11.2689
   -7.5000    7.5000  -37.5000 2294.4431   11.5741
    0.0000    7.5000  -37.5000 2321.9551   11.4410
    7.5000    7.5000  -37.5000 2305.4575   11.5393
   -7.5000   15.0000  -37.5000 2253.0144   12.0604
    0.0000   15.0000  -37.5000 2277.4612   11.9428
    7.5000   15.0000  -37.5000 2258.9126   12.0502
   -7.5000   22.5000  -37.5000 2191.2803   12.8269
    0.0000   22.5000  -37.5000 2216.8035   12.6981
    7.5000   22.5000  -37.5000 2194.2078   12.8042
   -7.5000   30.0000  -37.5000 2106.0146   13.8441
    0.0000   30.0000  -37.5000 2130.7185   13.7029
    7.5000   30.0000  -37.5000 2111.5105   13.8210
   -7.5000   37.5000  -37.5000 2005.2340   15.2386
    0.0000   37.5000  -37.5000 2024.1071   15.0985
    7.5000   37.5000  -37.5000 2004.1631   15.2089
   -7.5000   45.0000  -37.5000 1890.0869   17.2362
    0.0000   45.0000  -37.5000 1908.5229   17.0643
    7.5000   45.0000  -37.5000 1888.8301   17.1575
   -7.5000  -45.0000  -30.0000 2181.1169   14.1781
    0.0000  -45.0000  -30.0000 2199.1904   14.0729
    7.5000  -45.0000  -30.0000 2188.1560   14.1394
   -7.5000  -37.5000  -30.0000 2289.3901   12.8687
    0.0000  -37.5000  -30.0000 2308.2302   12.7728
    7.5000  -37.5000  -30.0000 2294.5361   12.8256
   -7.5000  -30.0000  -30.0000 2375.0420   11.9072
    0.0000  -30.0000  -30.0000 2397.4617   11.8200
    7.5000  -30.0000  -30.0000 2381.4858   11.8625
   -7.5000  -22.5000  -30.0000 2434.7019   11.2574
    0.0000  -22.5000  -30.0000 2454.5630   11.1670
    7.5000  -22.5000  -30.0000 2438.5571   11.2180
   -7.5000  -15.0000  -30.0000 2467.3196   10.8976
    0.0000  -15.0000  -30.0000 2492.7305   10.7982
    7.5000  -15.0000  -30.0000 2473.3179   10.8724
   -7.5000   -7.5000  -30.0000 2482.4746   10.7658
    0.0000   -7.5000  -30.0000 2508.1921   10.6507
    7.5000   -7.5000  -30.0000 2487.5061   10.7364
   -7.5000    0.0000  -30.0000 2474.0156   10.8178
    0.0000    0.0000  -30.0000 2500.9868   10.7090
    7.5000    0.0000  -30.0000 2479.1318   10.8017
   -7.5000    7.5000  -30.0000 2448.7317   11.0741
    0.0000    7.5000  -30.0000 2479.4319   10.9589
    7.5000    7.5000  -30.0000 2456.3589   11.0632
   -7.5000   15.0000  -30.0000 2403.0469   11.5289
    0.0000   15.0000  -30.0000 2433.6255   11.4064
    7.5000   15.0000  -30.0000 2406.8796   11.5309
   -7.5000   22.5000  -30.0000 2333.2844   12.2344
    0.0000   22.5000  -30.0000 2362.7432   12.1130
    7.5000   22.5000  -30.0000 2337.1943   12.2341
   -7.5000   30.0000  -30.0000 2241.3083   13.1956
    0.0000   30.0000  -30.0000 2268.0078   13.0689
    7.5000   30.0000  -30.0000 2245.0417   13.1736
   -7.5000   37.5000  -30.0000 2127.9968   14.5047
    0.0000   37.5000  -30.0000 2148.2695   14.3566
    7.5000   37.5000  -30.0000 2130.2312   14.4707
   -7.5000   45.0000  -30.0000 2002.7717   16.3546
    0.0000   45.0000  -30.0000 2021.0314   16.1818
    7.5000   45.0000  -30.0000 2004.1089   16.2622
   -7.5000  -45.0000  -22.5000 2268.9087   13.5921
    0.0000  -45.0000  -22.5000 2290.4470   13.4509
    7.5000  -45.0000  -22.5000 2274.6531   13.5534
   -7.5000  -37.5000  -22.5000 2381.3379   12.2904
    0.0000  -37.5000  -22.5000 2402.8777   12.1539
    7.5000  -37.5000  -22.5000 2386.5620   12.2492
   -7.5000  -30.0000  -22.5000 2477.5828   11.3281
    0.0000  -30.0000  -22.5000 2501.7051   11.2192
    7.5000  -30.0000  -22.5000 2482.8386   11.3065
   -7.5000  -22.5000  -22.5000 2547.1250   10.6875
    0.0000  -22.5000  -22.5000 2568.5889   10.6149
    7.5000  -22.5000  -22.5000 2554.8108   10.6592
   -7.5000  -15.0000  -22.5000 2587.0959   10.3488
    0.0000  -15.0000  -22.5000 2610.7937   10.2676
    7.5000  -15.0000  -22.5000 2593.5095   10.3081
   -7.5000   -7.5000  -22.5000 2614.9963   10.1870
    0.0000   -7.5000  -22.5000 2643.9624   10.1006
    7.5000   -7.5000  -22.5000 2617.2563   10.1482
   -7.5000    0.0000  -22.5000 2610.5020   10.2336
    0.0000    0.0000  -22.5000 2640.1511   10.1556
    7.5000    0.0000  -22.5000 2611.9275   10.2305
   -7.5000    7.5000  -22.5000 2584.6860   10.4988
    0.0000    7.5000  -22.5000 2618.8992   10.4181
    7.5000    7.5000  -22.5000 2590.5012   10.5058
   -7.5000   15.0000  -22.5000 2535.2915   10.9498
    0.0000   15.0000  -22.5000 2571.2893   10.8414
    7.5000   15.0000  -22.5000 2540.3008   10.9532
   -7.5000   22.5000  -22.5000 2457.6560   11.6018
    0.0000   22.5000  -22.5000 2487.9207   11.4887
    7.5000   22.5000  -22.5000 2461.8740   11.6042
   -7.5000   30.0000  -22.5000 2353.7493   12.4958
    0.0000   30.0000  -22.5000 2376.2368   12.3755
    7.5000   30.0000  -22.5000 2357.7974   12.4918
   -7.5000   37.5000  -22.5000 2231.8381   13.7548
    0.0000   37.5000  -22.5000 2249.3123   13.6192
    7.5000   37.5000  -22.5000 2234.2632   13.7154
   -7.5000   45.0000  -22.5000 2098.2634   15.4731
    0.0000   45.0000  -22.5000 2115.5608   15.3253
    7.5000   45.0000  -22.5000 2099.2126   15.3972
   -7.5000  -45.0000  -15.0000 2323.0171   13.0704
    0.0000  -45.0000  -15.0000 2345.1006   12.9229
    7.5000  -45.0000  -15.0000 2328.3779   13.0299
   -7.5000  -37.5000  -15.0000 2440.4854   11.7904
    0.0000  -37.5000  -15.0000 2463.2932   11.6629
    7.5000  -37.5000  -15.0000 2448.6785   11.7788
   -7.5000  -30.0000  -15.0000 2543.2512   10.8413
    0.0000  -30.0000  -15.0000 2567.8281   10.7212
    7.5000  -30.0000  -15.0000 2546.8584   10.8332
   -7.5000  -22.5000  -15.0000 2625.1616   10.1889
    0.0000  -22.5000  -15.0000 2652.2830   10.0957
    7.5000  -22.5000  -15.0000 2633.8838   10.1833
   -7.5000  -15.0000  -15.0000 2676.8188    9.8201
    0.0000  -15.0000  -15.0000 2704.4187    9.7344
    7.5000  -15.0000  -15.0000 2685.8435    9.7968
   -7.5000   -7.5000  -15.0000 2707.8081    9.6530
    0.0000   -7.5000  -15.0000 2743.6885    9.5797
    7.5000   -7.5000  -15.0000 2713.6682    9.6272
   -7.5000    0.0000  -15.0000 2716.7363    9.7100
    0.0000    0.0000  -15.0000 2753.1804    9.6357
    7.5000    0.0000  -15.0000 2716.1538    9.7046
   -7.5000    7.5000  -15.0000 2698.1892    9.9732
    0.0000    7.5000  -15.0000 2732.6829    9.9076
    7.5000    7.5000  -15.0000 2699.2800    9.9891
   -7.5000   15.0000  -15.0000 2638.4829   10.3957
    0.0000   15.0000  -15.0000 2674.4646   10.3206
    7.5000   15.0000  -15.0000 2643.3979   10.4065
   -7.5000   22.5000  -15.0000 2552.6516   11.0162
    0.0000   22.5000  -15.0000 2582.9204   10.9169
    7.5000   22.5000  -15.0000 2555.4609   11.0230
   -7.5000   30.0000  -15.0000 2439.0754   11.8666
    0.0000   30.0000  -15.0000 2461.4097   11.7570
    7.5000   30.0000  -15.0000 2442.2219   11.8773
   -7.5000   37.5000  -15.0000 2304.8098   13.0932
    0.0000   37.5000  -15.0000 2328.3179   12.9563
    7.5000   37.5000  -15.0000 2309.6172   13.0615
   -7.5000   45.0000  -15.0000 2163.7554   14.7352
    0.0000   45.0000  -15.0000 2182.0498   14.5757
    7.5000   45.0000  -15.0000 2167.7744   14.6627
   -7.5000  -45.0000   -7.5000 2349.4995   12.6522
    0.0000  -45.0000   -7.5000 2372.8950   12.4732
    7.5000  -45.0000   -7.5000 2355.7390   12.6368
   -7.5000  -37.5000   -7.5000 2474.3831   11.4165
    0.0000  -37.5000   -7.5000 2498.9358   11.2504
    7.5000  -37.5000   -7.5000 2480.7383   11.3991
   -7.5000  -30.0000   -7.5000 2579.9473   10.4551
    0.0000  -30.0000   -7.5000 2605.1624   10.3229
    7.5000  -30.0000   -7.5000 2588.9775   10.4568
   -7.5000  -22.5000   -7.5000 2678.9739    9.7959
    0.0000  -22.5000   -7.5000 2708.7502    9.6824
    7.5000  -22.5000   -7.5000 2688.9041    9.8008
   -7.5000  -15.0000   -7.5000 2747.2676    9.3845
    0.0000  -15.0000   -7.5000 2782.1890    9.2799
    7.5000  -15.0000   -7.5000 2757.9944    9.3818
   -7.5000   -7.5000   -7.5000 2793.6865    9.2136
    0.0000   -7.5000   -7.5000 2834.5452    9.1183
    7.5000   -7.5000   -7.5000 2803.2158    9.2015
   -7.5000    0.0000   -7.5000 2808.2258    9.2572
    0.0000    0.0000   -7.5000 2852.5007    9.1647
    7.5000    0.0000   -7.5000 2805.4263    9.2647
   -7.5000    7.5000   -7.5000 2784.7080    9.5414
    0.0000    7.5000   -7.5000 2818.6797    9.4638
    7.5000    7.5000   -7.5000 2778.9751    9.5478
   -7.5000   15.0000   -7.5000 2715.3633    9.9326
    0.0000   15.0000   -7.5000 2747.7627    9.8553
    7.5000   15.0000   -7.5000 2715.6025    9.9506
   -7.5000   22.5000   -7.5000 2620.0520   10.5121
    0.0000   22.5000   -7.5000 2650.9548   10.3988
    7.5000   22.5000   -7.5000 2621.7820   10.5272
   -7.5000   30.0000   -7.5000 2498.3323   11.3522
    0.0000   30.0000   -7.5000 2522.6094   11.2233
    7.5000   30.0000   -7.5000 2495.8142   11.3624
   -7.5000   37.5000   -7.5000 2359.5457   12.5126
    0.0000   37.5000   -7.5000 2384.3186   12.3924
    7.5000   37.5000   -7.5000 2357.1553   12.5138
   -7.5000   45.0000   -7.5000 2210.8945   14.0819
    0.0000   45.0000   -7.5000 2231.6003   13.9390
    7.5000   45.0000   -7.5000 2210.2661   14.0382
   -7.5000  -45.0000    0.0000 2354.1299   12.3799
    0.0000  -45.0000    0.0000 2378.6948   12.1643
    7.5000  -45.0000    0.0000 2360.8662   12.3850
   -7.5000  -37.5000    0.0000 2483.4929   11.1679
    0.0000  -37.5000    0.0000 2510.6331   10.9638
    7.5000  -37.5000    0.0000 2490.6995   11.1542
   -7.5000  -30.0000    0.0000 2595.1863   10.2000
    0.0000  -30.0000    0.0000 2622.9424   10.0322
    7.5000  -30.0000    0.0000 2602.5085   10.2193
   -7.5000  -22.5000    0.0000 2707.8191    9.5343
    0.0000  -22.5000    0.0000 2742.0564    9.3802
    7.5000  -22.5000    0.0000 2716.8503    9.5351
   -7.5000  -15.0000    0.0000 2796.1428    9.0998
    0.0000  -15.0000    0.0000 2836.1865    8.9703
    7.5000  -15.0000    0.0000 2805.4380    9.1114
   -7.5000   -7.5000    0.0000 2859.6313    8.9412
    0.0000   -7.5000    0.0000 2910.2063    8.8198
    7.5000   -7.5000    0.0000 2868.5598    8.9321
   -7.5000    0.0000    0.0000 2877.5901    8.9803
    0.0000    0.0000    0.0000 2932.9290    8.8558
    7.5000    0.0000    0.0000 2871.8679    8.9988
   -7.5000    7.5000    0.0000 2848.2302    9.2358
    0.0000    7.5000    0.0000 2886.8706    9.1200
    7.5000    7.5000    0.0000 2834.5215    9.2692
   -7.5000   15.0000    0.0000 2765.5994    9.6271
    0.0000   15.0000    0.0000 2799.0977    9.5116
    7.5000   15.0000    0.0000 2759.0061    9.6656
   -7.5000   22.5000    0.0000 2665.7283   10.1888
    0.0000   22.5000    0.0000 2698.3926   10.0581
    7.5000   22.5000    0.0000 2665.3257   10.1976
   -7.5000   30.0000    0.0000 2533.2263   11.0038
    0.0000   30.0000    0.0000 2562.2441   10.8626
    7.5000   30.0000    0.0000 2533.2244   11.0018
   -7.5000   37.5000    0.0000 2391.1277   12.1360
    0.0000   37.5000    0.0000 2415.9617   12.0084
    7.5000   37.5000    0.0000 2389.1992   12.1280
   -7.5000   45.0000    0.0000 2235.0371   13.6188
    0.0000   45.0000    0.0000 2257.4314   13.4878
    7.5000   45.0000    0.0000 2235.7368   13.5891
   -7.5000  -45.0000    7.5000 2347.7329   12.2652
    0.0000  -45.0000    7.5000 2372.8022   12.0397
    7.5000  -45.0000    7.5000 2350.4788   12.2695
   -7.5000  -37.5000    7.5000 2476.4597   11.0205
    0.0000  -37.5000    7.5000 2502.9829   10.8171
    7.5000  -37.5000    7.5000 2480.3320   11.0286
   -7.5000  -30.0000    7.5000 2598.2314   10.0631
    0.0000  -30.0000    7.5000 2631.5574    9.8851
    7.5000  -30.0000    7.5000 2605.6514   10.0783
   -7.5000  -22.5000    7.5000 2724.2109    9.3692
    0.0000  -22.5000    7.5000 2760.9758    9.2076
    7.5000  -22.5000    7.5000 2731.2290    9.3870
   -7.5000  -15.0000    7.5000 2826.8955    8.9639
    0.0000  -15.0000    7.5000 2868.2783    8.8112
    7.5000  -15.0000    7.5000 2832.7712    8.9749
   -7.5000   -7.5000    7.5000 2899.3748    8.8111
    0.0000   -7.5000    7.5000 2953.6494    8.7071
    7.5000   -7.5000    7.5000 2904.9968    8.8103
   -7.5000    0.0000    7.5000 2922.2493    8.8115
    0.0000    0.0000    7.5000 2980.8267    8.7133
    7.5000    0.0000    7.5000 2914.9041    8.8516
   -7.5000    7.5000    7.5000 2882.2644    9.0167
    0.0000    7.5000    7.5000 2924.4814    8.8889
    7.5000    7.5000    7.5000 2867.7910    9.0773
   -7.5000   15.0000    7.5000 2794.4434    9.4094
    0.0000   15.0000    7.5000 2827.7180    9.3067
    7.5000   15.0000    7.5000 2784.2839    9.4418
   -7.5000   22.5000    7.5000 2680.4575    9.9822
    0.0000   22.5000    7.5000 2706.7695    9.8830
    7.5000   22.5000    7.5000 2675.8782    9.9900
   -7.5000   30.0000    7.5000 2545.1658   10.8125
    0.0000   30.0000    7.5000 2570.4983   10.7040
    7.5000   30.0000    7.5000 2545.7251   10.7862
   -7.5000   37.5000    7.5000 2401.5969   11.8958
    0.0000   37.5000    7.5000 2426.2234   11.7902
    7.5000   37.5000    7.5000 2399.4275   11.8786
   -7.5000   45.0000    7.5000 2243.7974   13.3384
    0.0000   45.0000    7.5000 2267.1375   13.2348
    7.5000   45.0000    7.5000 2244.6616   13.3134
   -7.5000  -45.0000   15.0000 2330.2290   12.3489
    0.0000  -45.0000   15.0000 2357.7632   12.1008
    7.5000  -45.0000   15.0000 2331.8291   12.3728
   -7.5000  -37.5000   15.0000 2456.0767   11.0613
    0.0000  -37.5000   15.0000 2483.6055   10.8474
    7.5000  -37.5000   15.0000 2458.3367   11.0855
   -7.5000  -30.0000   15.0000 2583.8625   10.0883
    0.0000  -30.0000   15.0000 2615.6975    9.9063
    7.5000  -30.0000   15.0000 2587.0996   10.1151
   -7.5000  -22.5000   15.0000 2708.2358    9.3986
    0.0000  -22.5000   15.0000 2746.5820    9.2265
    7.5000  -22.5000   15.0000 2712.1284    9.4338
   -7.5000  -15.0000   15.0000 2814.7827    8.9976
    0.0000  -15.0000   15.0000 2860.9182    8.8443
    7.5000  -15.0000   15.0000 2817.0608    9.0183
   -7.5000   -7.5000   15.0000 2895.4099    8.8257
    0.0000   -7.5000   15.0000 2949.0742    8.7357
    7.5000   -7.5000   15.0000 2893.2710    8.8537
   -7.5000    0.0000   15.0000 2918.0259    8.8106
    0.0000    0.0000   15.0000 2969.0315    8.7302
    7.5000    0.0000   15.0000 2910.1194    8.8694
   -7.5000    7.5000   15.0000 2876.4604    8.9977
    0.0000    7.5000   15.0000 2916.3997    8.9124
    7.5000    7.5000   15.0000 2867.3838    9.0405
   -7.5000   15.0000   15.0000 2787.6582    9.3775
    0.0000   15.0000   15.0000 2825.1838    9.2699
    7.5000   15.0000   15.0000 2780.6196    9.3858
   -7.5000   22.5000   15.0000 2665.2949    9.9871
    0.0000   22.5000   15.0000 2693.2073    9.8581
    7.5000   22.5000   15.0000 2661.6758    9.9622
   -7.5000   30.0000   15.0000 2532.9585   10.8154
    0.0000   30.0000   15.0000 2554.1113   10.6742
    7.5000   30.0000   15.0000 2530.1492   10.7745
   -7.5000   37.5000   15.0000 2390.3315   11.8810
    0.0000   37.5000   15.0000 2406.1235   11.7420
    7.5000   37.5000   15.0000 2386.4670   11.8527
   -7.5000   45.0000   15.0000 2234.5872   13.2770
    0.0000   45.0000   15.0000 2252.2935   13.1296
    7.5000   45.0000   15.0000 2229.5315   13.2378
   -7.5000  -45.0000   22.5000 2301.1367   12.6284
    0.0000  -45.0000   22.5000 2328.4653   12.4133
    7.5000  -45.0000   22.5000 2301.1470   12.6712
   -7.5000  -37.5000   22.5000 2425.5532   11.3346
    0.0000  -37.5000   22.5000 2450.9697   11.1374
    7.5000  -37.5000   22.5000 2421.4272   11.3924
   -7.5000  -30.0000   22.5000 2554.8748   10.3647
    0.0000  -30.0000   22.5000 2580.7449   10.2039
    7.5000  -30.0000   22.5000 2547.6777   10.4260
   -7.5000  -22.5000   22.5000 2675.4937    9.6688
    0.0000  -22.5000   22.5000 2705.9324    9.5247
    7.5000  -22.5000   22.5000 2667.2217    9.7134
   -7.5000  -15.0000   22.5000 2779.1753    9.2504
    0.0000  -15.0000   22.5000 2815.0208    9.1199
    7.5000  -15.0000   22.5000 2773.0815    9.2762
   -7.5000   -7.5000   22.5000 2848.9246    9.0573
    0.0000   -7.5000   22.5000 2894.9583    8.8982
    7.5000   -7.5000   22.5000 2843.1794    9.0695
   -7.5000    0.0000   22.5000 2868.4900    9.0144
    0.0000    0.0000   22.5000 2909.6328    8.8493
    7.5000    0.0000   22.5000 2860.1226    9.0325
   -7.5000    7.5000   22.5000 2828.6575    9.2132
    0.0000    7.5000   22.5000 2866.1431    9.0666
    7.5000    7.5000   22.5000 2819.6763    9.2285
   -7.5000   15.0000   22.5000 2741.7051    9.6185
    0.0000   15.0000   22.5000 2777.5955    9.4918
    7.5000   15.0000   22.5000 2738.4419    9.6238
   -7.5000   22.5000   22.5000 2626.1016   10.2014
    0.0000   22.5000   22.5000 2653.4280   10.0530
    7.5000   22.5000   22.5000 2623.3728   10.1960
   -7.5000   30.0000   22.5000 2496.6055   11.0123
    0.0000   30.0000   22.5000 2518.3748   10.8561
    7.5000   30.0000   22.5000 2495.3354   10.9834
   -7.5000   37.5000   22.5000 2358.3079   12.0301
    0.0000   37.5000   22.5000 2381.8215   11.8684
    7.5000   37.5000   22.5000 2356.5842   11.9873
   -7.5000   45.0000   22.5000 2205.5237   13.3783
    0.0000   45.0000   22.5000 2227.6321   13.2188
    7.5000   45.0000   22.5000 2206.7031   13.3167
   -7.5000  -45.0000   30.0000 2265.4058   13.1330
    0.0000  -45.0000   30.0000 2287.5796   12.9660
    7.5000  -45.0000   30.0000 2259.2554   13.2167
   -7.5000  -37.5000   30.0000 2390.5186   11.8144
    0.0000  -37.5000   30.0000 2413.2224   11.6503
    7.5000  -37.5000   30.0000 2378.1111   11.8853
   -7.5000  -30.0000   30.0000 2509.5359   10.8196
    0.0000  -30.0000   30.0000 2538.6023   10.6797
    7.5000  -30.0000   30.0000 2498.0273   10.9039
   -7.5000  -22.5000   30.0000 2627.6577   10.1310
    0.0000  -22.5000   30.0000 2655.8835    9.9839
    7.5000  -22.5000   30.0000 2617.0107   10.1783
   -7.5000  -15.0000   30.0000 2719.7568    9.6717
    0.0000  -15.0000   30.0000 2752.2197    9.5288
    7.5000  -15.0000   30.0000 2708.9338    9.7011
   -7.5000   -7.5000   30.0000 2776.0012    9.4328
    0.0000   -7.5000   30.0000 2810.3350    9.2735
    7.5000   -7.5000   30.0000 2761.1868    9.4457
   -7.5000    0.0000   30.0000 2788.7239    9.3782
    0.0000    0.0000   30.0000 2817.0500    9.2277
    7.5000    0.0000   30.0000 2775.4404    9.3872
   -7.5000    7.5000   30.0000 2742.8650    9.5827
    0.0000    7.5000   30.0000 2779.0078    9.4283
    7.5000    7.5000   30.0000 2739.1157    9.5809
   -7.5000   15.0000   30.0000 2668.1660    9.9974
    0.0000   15.0000   30.0000 2700.1982    9.8439
    7.5000   15.0000   30.0000 2666.1699    9.9837
   -7.5000   22.5000   30.0000 2566.6665   10.5751
    0.0000   22.5000   30.0000 2595.0918   10.4253
    7.5000   22.5000   30.0000 2564.4268   10.5615
   -7.5000   30.0000   30.0000 2445.3696   11.3655
    0.0000   30.0000   30.0000 2462.2668   11.2116
    7.5000   30.0000   30.0000 2442.0400   11.3463
   -7.5000   37.5000   30.0000 2312.7625   12.3709
    0.0000   37.5000   30.0000 2333.4919   12.2062
    7.5000   37.5000   30.0000 2312.7393   12.3256
   -7.5000   45.0000   30.0000 2162.3147   13.6916
    0.0000   45.0000   30.0000 2181.7195   13.5408
    7.5000   45.0000   30.0000 2164.5164   13.6430
   -7.5000  -45.0000   37.5000 2215.3113   13.8402
    0.0000  -45.0000   37.5000 2235.7065   13.6980
    7.5000  -45.0000   37.5000 2204.9048   13.9287
   -7.5000  -37.5000   37.5000 2341.7202   12.4794
    0.0000  -37.5000   37.5000 2365.2610   12.3447
    7.5000  -37.5000   37.5000 2325.8843   12.5581
   -7.5000  -30.0000   37.5000 2453.9133   11.4503
    0.0000  -30.0000   37.5000 2482.5676   11.3389
    7.5000  -30.0000   37.5000 2441.4963   11.5383
   -7.5000  -22.5000   37.5000 2563.8293   10.7332
    0.0000  -22.5000   37.5000 2594.7092   10.5976
    7.5000  -22.5000   37.5000 2548.6216   10.7884
   -7.5000  -15.0000   37.5000 2645.5969   10.2692
    0.0000  -15.0000   37.5000 2673.3953   10.1216
    7.5000  -15.0000   37.5000 2629.5076   10.2892
   -7.5000   -7.5000   37.5000 2689.5168   10.0036
    0.0000   -7.5000   37.5000 2718.2070    9.8529
    7.5000   -7.5000   37.5000 2674.8818   10.0083
   -7.5000    0.0000   37.5000 2690.5308    9.9389
    0.0000    0.0000   37.5000 2712.2505    9.7981
    7.5000    0.0000   37.5000 2676.3606    9.9388
   -7.5000    7.5000   37.5000 2643.1648   10.1427
    0.0000    7.5000   37.5000 2670.4736   10.0073
    7.5000    7.5000   37.5000 2634.6238   10.1416
   -7.5000   15.0000   37.5000 2583.3564   10.5282
    0.0000   15.0000   37.5000 2606.0950   10.3912
    7.5000   15.0000   37.5000 2575.4543   10.5341
   -7.5000   22.5000   37.5000 2493.1987   11.1085
    0.0000   22.5000   37.5000 2517.3337   10.9701
    7.5000   22.5000   37.5000 2484.5481   11.1009
   -7.5000   30.0000   37.5000 2380.8398   11.8539
    0.0000   30.0000   37.5000 2398.0356   11.7223
    7.5000   30.0000   37.5000 2374.7061   11.8314
   -7.5000   37.5000   37.5000 2256.7532   12.8423
    0.0000   37.5000   37.5000 2275.2126   12.6965
    7.5000   37.5000   37.5000 2253.5193   12.8423
   -7.5000   45.0000   37.5000 2110.9741   14.2051
    0.0000   45.0000   37.5000 2131.2952   14.0712
    7.5000   45.0000   37.5000 2108.6616   14.1720
   -7.5000  -45.0000   45.0000 2155.8760   14.7341
    0.0000  -45.0000   45.0000 2176.5706   14.6149
    7.5000  -45.0000   45.0000 2146.5801   14.8403
   -7.5000  -37.5000   45.0000 2280.3059   13.3155
    0.0000  -37.5000   45.0000 2302.7253   13.2107
    7.5000  -37.5000   45.0000 2265.4280   13.4104
   -7.5000  -30.0000   45.0000 2391.3452   12.2768
    0.0000  -30.0000   45.0000 2412.8706   12.1706
    7.5000  -30.0000   45.0000 2371.4343   12.3511
   -7.5000  -22.5000   45.0000 2486.7065   11.5319
    0.0000  -22.5000   45.0000 2509.6262   11.4079
    7.5000  -22.5000   45.0000 2470.1836   11.5685
   -7.5000  -15.0000   45.0000 2555.2031   11.0320
    0.0000  -15.0000   45.0000 2579.8081   10.8954
    7.5000  -15.0000   45.0000 2537.3647   11.0454
   -7.5000   -7.5000   45.0000 2590.2092   10.7277
    0.0000   -7.5000   45.0000 2611.3975   10.6107
    7.5000   -7.5000   45.0000 2575.2766   10.7392
   -7.5000    0.0000   45.0000 2586.3799   10.6589
    0.0000    0.0000   45.0000 2603.6216   10.5371
    7.5000    0.0000   45.0000 2571.2778   10.6671
   -7.5000    7.5000   45.0000 2542.1040   10.8656
    0.0000    7.5000   45.0000 2561.1907   10.7555
    7.5000    7.5000   45.0000 2532.8140   10.8693
   -7.5000   15.0000   45.0000 2486.1211   11.2647
    0.0000   15.0000   45.0000 2502.1389   11.1563
    7.5000   15.0000   45.0000 2476.9231   11.2730
   -7.5000   22.5000   45.0000 2413.3950   11.7870
    0.0000   22.5000   45.0000 2434.6838   11.6609
    7.5000   22.5000   45.0000 2403.4204   11.7704
   -7.5000   30.0000   45.0000 2307.9414   12.5513
    0.0000   30.0000   45.0000 2327.3923   12.4017
    7.5000   30.0000   45.0000 2298.1116   12.5170
   -7.5000   37.5000   45.0000 2188.3289   13.4969
    0.0000   37.5000   45.0000 2205.9739   13.3822
    7.5000   37.5000   45.0000 2181.1990   13.4934
   -7.5000   45.0000   45.0000 2047.0963   14.8698
    0.0000   45.0000   45.0000 2062.6189   14.7768
    7.5000   45.0000   45.0000 2042.5541   14.8622

---------------------------------------------------------------------
imgreg_4dfp /opt/freesurfer/average/711-2C_as_mni_average_305 /opt/freesurfer/average/711-2B_as_mni_average_305_mask talsrcimg_g11 none talsrcimg_to_711-2C_as_mni_average_305_t4 1283
---------------------------------------------------------------------

freesurfer imgreg_4dfp.c
/opt/freesurfer/average/711-2C_as_mni_average_305.4dfp.img
       256       256       256         1
  1.000000  1.000000  1.000000
orientation T byte_order littleendian
Reading image: /opt/freesurfer/average/711-2C_as_mni_average_305.4dfp.img
dimensions:      256       256       256
mmppix:       1.0000   -1.0000   -1.0000
center:     128.0000 -129.0000 -129.0000
/opt/freesurfer/average/711-2B_as_mni_average_305_mask.4dfp.img
       256       256       256         1
  1.000000  1.000000  1.000000
orientation T byte_order littleendian
Reading mask: /opt/freesurfer/average/711-2B_as_mni_average_305_mask.4dfp.img (2306576 pixels)
talsrcimg_g11.4dfp.img
       256       256       256         1
  1.000000  1.000000  1.000000
orientation T byte_order littleendian
Reading image: talsrcimg_g11.4dfp.img
dimensions:      256       256       256
mmppix:       1.0000   -1.0000   -1.0000
center:     128.0000 -129.0000 -129.0000
rotation matrix determinant  1.000000
fimgreg.f
image alignment mode   1283 decimal      503 hex
parameters
    0.0000    0.0000    7.5000    0.0000    0.0000    0.0000
eta,q 0.93493  8.72727
niter,ni,del,rscale     5    3   12.0000    1.2000
parameter  2  0.512804 ->  0.500000 qaram    1.1500
parameter  3 -0.556412 -> -0.500000 qaram    1.1500
parameters
   -0.1409   -3.4500   10.9500   -2.7095    1.8054   -0.6025
eta,q 0.93792  8.64714
  0.0807  0.0665  0.0734  0.0633  0.0733  0.0657
  0.0741  0.0658  0.0703  0.0630  0.0688  0.0636
  0.0690  0.0669  0.0681  0.0630  0.0653  0.0624
  0.0672  0.0671  0.0658  0.0634  0.0630  0.0621
  0.0689  0.0683  0.0637  0.0641  0.0621  0.0630
  0.0742  0.0726  0.0634  0.0654  0.0629  0.0649
  0.0828  0.0777  0.0657  0.0685  0.0659  0.0674
niter,ni,del,rscale     6    3   12.0000    1.2000
parameter  4  2.052346 ->  0.500000 qaram    1.1500
parameters
   -0.7449   -0.9544    9.7966   -6.1595    2.3794   -0.4206
eta,q 0.94294  8.59758
  0.0750  0.0790  0.0677  0.0559  0.0677  0.0637
  0.0677  0.0703  0.0637  0.0565  0.0628  0.0605
  0.0628  0.0655  0.0608  0.0583  0.0586  0.0580
  0.0621  0.0618  0.0610  0.0604  0.0570  0.0571
  0.0658  0.0610  0.0640  0.0633  0.0578  0.0576
  0.0728  0.0615  0.0682  0.0660  0.0601  0.0598
  0.0801  0.0645  0.0732  0.0683  0.0644  0.0631
niter,ni,del,rscale     6    3   12.0000    1.2000
parameters
   -0.9654    0.6972    9.1370   -8.6414    2.6402   -0.3048
eta,q 0.94528  8.62499
  0.0743  0.0754  0.0665  0.0587  0.0662  0.0613
  0.0658  0.0685  0.0620  0.0551  0.0607  0.0580
  0.0592  0.0610  0.0576  0.0547  0.0561  0.0554
  0.0571  0.0570  0.0566  0.0564  0.0547  0.0547
  0.0603  0.0569  0.0601  0.0590  0.0561  0.0556
  0.0683  0.0595  0.0652  0.0628  0.0594  0.0577
  0.0765  0.0642  0.0703  0.0667  0.0643  0.0607
niter,ni,del,rscale     5    3   12.0000    1.2000
parameters
   -0.9057    1.9126    8.5657   -9.9773    2.7543   -0.2705
eta,q 0.94574  8.67345
  0.0753  0.0743  0.0661  0.0594  0.0652  0.0605
  0.0665  0.0649  0.0613  0.0558  0.0596  0.0572
  0.0580  0.0569  0.0568  0.0541  0.0555  0.0547
  0.0547  0.0547  0.0551  0.0551  0.0542  0.0543
  0.0575  0.0561  0.0580  0.0570  0.0557  0.0553
  0.0657  0.0593  0.0639  0.0597  0.0592  0.0572
  0.0747  0.0631  0.0705  0.0638  0.0642  0.0600
niter,ni,del,rscale     4    3   12.0000    1.2000
parameters
   -0.9156    2.6796    8.0900  -10.8491    2.8198   -0.3116
eta,q 0.94592  8.69347
  0.0741  0.0707  0.0659  0.0602  0.0644  0.0599
  0.0651  0.0622  0.0608  0.0560  0.0589  0.0568
  0.0572  0.0558  0.0565  0.0540  0.0551  0.0545
  0.0543  0.0543  0.0545  0.0546  0.0541  0.0541
  0.0574  0.0558  0.0573  0.0567  0.0555  0.0551
  0.0655  0.0587  0.0630  0.0590  0.0588  0.0570
  0.0739  0.0640  0.0696  0.0626  0.0636  0.0598
niter,ni,del,rscale     3    3   12.0000    1.2000
parameters
   -0.9874    3.0544    7.7785  -11.2166    2.8943   -0.3207
eta,q 0.94599  8.69943
  0.0728  0.0690  0.0658  0.0616  0.0641  0.0598
  0.0639  0.0615  0.0606  0.0567  0.0586  0.0567
  0.0565  0.0555  0.0564  0.0538  0.0550  0.0544
  0.0541  0.0541  0.0541  0.0542  0.0540  0.0540
  0.0573  0.0552  0.0565  0.0563  0.0553  0.0549
  0.0651  0.0588  0.0618  0.0587  0.0585  0.0568
  0.0732  0.0662  0.0684  0.0619  0.0632  0.0597
niter,ni,del,rscale     2    3   12.0000    1.2000
parameters
   -1.0488    3.1957    7.6316  -11.3671    2.9485   -0.3166
eta,q 0.94601  8.70106
  0.0725  0.0684  0.0661  0.0623  0.0638  0.0598
  0.0635  0.0611  0.0607  0.0572  0.0584  0.0567
  0.0564  0.0553  0.0565  0.0538  0.0549  0.0544
  0.0540  0.0540  0.0540  0.0540  0.0540  0.0540
  0.0571  0.0551  0.0560  0.0561  0.0553  0.0548
  0.0647  0.0595  0.0611  0.0586  0.0585  0.0567
  0.0727  0.0677  0.0676  0.0617  0.0631  0.0596
niter,ni,del,rscale     1    3   12.0000    1.2000
parameters
   -1.0822    3.2574    7.5769  -11.4260    2.9758   -0.3113
eta,q 0.94602  8.70135
  0.0726  0.0683  0.0663  0.0626  0.0637  0.0598
  0.0635  0.0610  0.0609  0.0575  0.0583  0.0566
  0.0564  0.0553  0.0566  0.0539  0.0549  0.0544
  0.0540  0.0540  0.0540  0.0540  0.0540  0.0540
  0.0569  0.0551  0.0557  0.0560  0.0553  0.0548
  0.0644  0.0598  0.0608  0.0586  0.0585  0.0566
  0.0724  0.0683  0.0673  0.0616  0.0632  0.0596
registration optimization eta report
parameter search radius
    6.0000    6.9000    6.9000    6.9000    6.0000    6.0000
100000*second partial in parameter space
       50.       31.       26.       17.       26.       16.
  0.0726  0.0683  0.0663  0.0626  0.0637  0.0598
  0.0635  0.0610  0.0609  0.0575  0.0583  0.0566
  0.0564  0.0553  0.0566  0.0539  0.0549  0.0544
  0.0540  0.0540  0.0540  0.0540  0.0540  0.0540
  0.0569  0.0551  0.0557  0.0560  0.0553  0.0548
  0.0644  0.0598  0.0608  0.0586  0.0585  0.0566
  0.0724  0.0683  0.0673  0.0616  0.0632  0.0596
   -1.0822    3.2574    7.5769  -11.4260    2.9758   -0.3113
eta,q 0.94602  8.70135

---------------------------------------------------------------------
imgreg_4dfp /opt/freesurfer/average/711-2C_as_mni_average_305 /opt/freesurfer/average/711-2B_as_mni_average_305_mask talsrcimg_g11 none talsrcimg_to_711-2C_as_mni_average_305_t4 3335
---------------------------------------------------------------------

freesurfer imgreg_4dfp.c
/opt/freesurfer/average/711-2C_as_mni_average_305.4dfp.img
       256       256       256         1
  1.000000  1.000000  1.000000
orientation T byte_order littleendian
Reading image: /opt/freesurfer/average/711-2C_as_mni_average_305.4dfp.img
dimensions:      256       256       256
mmppix:       1.0000   -1.0000   -1.0000
center:     128.0000 -129.0000 -129.0000
/opt/freesurfer/average/711-2B_as_mni_average_305_mask.4dfp.img
       256       256       256         1
  1.000000  1.000000  1.000000
orientation T byte_order littleendian
Reading mask: /opt/freesurfer/average/711-2B_as_mni_average_305_mask.4dfp.img (2306576 pixels)
talsrcimg_g11.4dfp.img
       256       256       256         1
  1.000000  1.000000  1.000000
orientation T byte_order littleendian
Reading image: talsrcimg_g11.4dfp.img
dimensions:      256       256       256
mmppix:       1.0000   -1.0000   -1.0000
center:     128.0000 -129.0000 -129.0000
fimgreg.f
image alignment mode   3335 decimal      D07 hex
parameters
   -1.0822    3.2574    7.5769   -0.1363   -1.9889   -2.1140
    1.5610   -4.9808   -0.5427   19.8376    5.1914  -19.7835
eta,q 0.94581  8.74451
niter,ni,del,rscale     5    3    5.0000    1.2000
parameter  4  1.630815 ->  0.500000 qaram    1.1500
parameter  5  2.494992 ->  0.500000 qaram    1.1500
parameter  6  1.062951 ->  0.500000 qaram    1.1500
parameter 11  0.621549 ->  0.500000 qaram    1.1500
parameters
   -0.9875    3.3190    7.1296   -4.2763   -6.1289   -6.2540
    1.4895   -4.4984   -0.0551   16.7781    1.0514  -17.4569
eta,q 0.96032  8.22127
  0.0573  0.0557  0.0552  0.0476  0.0427  0.0399  0.0429  0.0453  0.0427  0.0414  0.0400  0.0421
  0.0557  0.0549  0.0545  0.0492  0.0444  0.0405  0.0417  0.0431  0.0417  0.0405  0.0398  0.0411
  0.0546  0.0544  0.0542  0.0513  0.0467  0.0420  0.0410  0.0415  0.0410  0.0402  0.0399  0.0403
  0.0542  0.0542  0.0542  0.0541  0.0497  0.0450  0.0408  0.0408  0.0408  0.0408  0.0402  0.0398
  0.0544  0.0543  0.0546  0.0578  0.0529  0.0489  0.0411  0.0411  0.0409  0.0422  0.0408  0.0397
  0.0553  0.0547  0.0553  0.0620  0.0561  0.0539  0.0418  0.0423  0.0414  0.0444  0.0416  0.0399
  0.0568  0.0556  0.0565  0.0666  0.0601  0.0594  0.0429  0.0443  0.0423  0.0469  0.0426  0.0403
niter,ni,del,rscale     7    3    5.0000    1.2000
parameter  4  1.138961 ->  0.500000 qaram    1.3225
parameter  5  1.185558 ->  0.500000 qaram    1.3225
parameter  6  0.799915 ->  0.500000 qaram    1.3225
parameters
   -0.6267    3.1570    7.0147   -9.0373  -10.8899  -11.0150
    0.4897   -3.5727   -0.2669   15.9538    0.6089  -17.4922
eta,q 0.96834  7.51745
  0.0435  0.0416  0.0413  0.0356  0.0329  0.0311  0.0339  0.0369  0.0337  0.0341  0.0329  0.0333
  0.0417  0.0404  0.0403  0.0365  0.0336  0.0316  0.0326  0.0345  0.0326  0.0326  0.0322  0.0324
  0.0403  0.0397  0.0397  0.0378  0.0349  0.0326  0.0319  0.0327  0.0319  0.0318  0.0318  0.0318
  0.0397  0.0396  0.0396  0.0396  0.0368  0.0339  0.0319  0.0318  0.0317  0.0317  0.0317  0.0317
  0.0397  0.0400  0.0399  0.0420  0.0393  0.0362  0.0325  0.0319  0.0320  0.0323  0.0318  0.0319
  0.0404  0.0408  0.0406  0.0453  0.0427  0.0401  0.0338  0.0329  0.0328  0.0336  0.0324  0.0324
  0.0418  0.0422  0.0416  0.0494  0.0465  0.0451  0.0353  0.0350  0.0340  0.0355  0.0333  0.0333
niter,ni,del,rscale     7    3    5.0000    1.2000
parameter  4  0.653175 ->  0.500000 qaram    1.5209
parameter  5  0.535255 ->  0.500000 qaram    1.5209
parameters
   -0.6176    2.8769    6.8776  -14.5124  -16.3650  -13.9905
    0.5409   -3.3760   -0.2778   14.9038    0.0533  -17.4962
eta,q 0.97161  6.88192
  0.0349  0.0337  0.0329  0.0306  0.0298  0.0308  0.0311  0.0328  0.0306  0.0308  0.0294  0.0297
  0.0331  0.0324  0.0322  0.0300  0.0292  0.0292  0.0297  0.0306  0.0294  0.0293  0.0288  0.0290
  0.0320  0.0317  0.0317  0.0303  0.0292  0.0285  0.0288  0.0291  0.0287  0.0285  0.0285  0.0285
  0.0317  0.0317  0.0316  0.0316  0.0300  0.0291  0.0285  0.0285  0.0285  0.0285  0.0284  0.0284
  0.0320  0.0322  0.0318  0.0336  0.0319  0.0306  0.0288  0.0289  0.0288  0.0293  0.0286  0.0286
  0.0331  0.0333  0.0324  0.0363  0.0344  0.0328  0.0296  0.0303  0.0295  0.0306  0.0290  0.0290
  0.0348  0.0348  0.0332  0.0398  0.0379  0.0365  0.0310  0.0324  0.0306  0.0324  0.0297  0.0296
niter,ni,del,rscale     7    3    5.0000    1.2000
parameters
   -0.7002    3.5156    5.9167  -15.0772  -16.9436  -15.3913
    0.6239   -3.3994   -0.0378   15.6568   -0.2904  -17.9585
eta,q 0.97212  6.79543
  0.0311  0.0317  0.0285  0.0317  0.0312  0.0315  0.0303  0.0317  0.0300  0.0314  0.0289  0.0290
  0.0296  0.0302  0.0281  0.0299  0.0297  0.0295  0.0291  0.0296  0.0289  0.0296  0.0283  0.0283
  0.0287  0.0290  0.0280  0.0285  0.0285  0.0282  0.0282  0.0283  0.0281  0.0284  0.0280  0.0280
  0.0284  0.0284  0.0282  0.0280  0.0280  0.0280  0.0279  0.0279  0.0279  0.0279  0.0279  0.0279
  0.0288  0.0283  0.0288  0.0286  0.0284  0.0294  0.0282  0.0284  0.0281  0.0281  0.0281  0.0281
  0.0298  0.0286  0.0296  0.0302  0.0299  0.0313  0.0290  0.0297  0.0287  0.0289  0.0285  0.0286
  0.0315  0.0294  0.0306  0.0328  0.0324  0.0341  0.0303  0.0317  0.0297  0.0301  0.0291  0.0292
niter,ni,del,rscale     6    3    5.0000    1.2000
parameters
   -0.7004    3.8573    5.3004  -15.1802  -17.2920  -16.3030
    0.6152   -3.4065    0.2497   16.4648   -0.3433  -18.0908
eta,q 0.97225  6.75287
  0.0306  0.0304  0.0286  0.0317  0.0308  0.0317  0.0301  0.0315  0.0297  0.0310  0.0289  0.0289
  0.0291  0.0291  0.0280  0.0298  0.0294  0.0297  0.0289  0.0294  0.0287  0.0293  0.0282  0.0282
  0.0282  0.0282  0.0278  0.0284  0.0283  0.0282  0.0280  0.0282  0.0280  0.0282  0.0278  0.0279
  0.0279  0.0279  0.0279  0.0278  0.0278  0.0278  0.0278  0.0278  0.0278  0.0278  0.0278  0.0278
  0.0282  0.0280  0.0283  0.0282  0.0280  0.0289  0.0280  0.0282  0.0279  0.0279  0.0279  0.0280
  0.0291  0.0284  0.0290  0.0297  0.0293  0.0309  0.0288  0.0295  0.0285  0.0286  0.0283  0.0284
  0.0307  0.0292  0.0299  0.0321  0.0316  0.0334  0.0301  0.0314  0.0294  0.0298  0.0289  0.0289
niter,ni,del,rscale     5    3    5.0000    1.2000
parameters
   -0.7086    4.2127    4.8026  -15.3294  -18.0003  -17.1984
    0.6032   -3.4692    0.3894   17.3949   -0.1349  -17.8990
eta,q 0.97232  6.69768
  0.0304  0.0301  0.0285  0.0316  0.0303  0.0315  0.0299  0.0312  0.0295  0.0307  0.0288  0.0288
  0.0290  0.0288  0.0280  0.0297  0.0291  0.0297  0.0288  0.0292  0.0285  0.0292  0.0282  0.0281
  0.0281  0.0281  0.0277  0.0283  0.0281  0.0282  0.0280  0.0280  0.0279  0.0282  0.0278  0.0278
  0.0278  0.0278  0.0277  0.0277  0.0277  0.0277  0.0277  0.0277  0.0277  0.0277  0.0277  0.0277
  0.0281  0.0278  0.0281  0.0281  0.0280  0.0287  0.0280  0.0282  0.0279  0.0278  0.0278  0.0278
  0.0290  0.0282  0.0287  0.0297  0.0293  0.0308  0.0287  0.0294  0.0284  0.0284  0.0281  0.0282
  0.0305  0.0290  0.0296  0.0320  0.0315  0.0333  0.0300  0.0312  0.0293  0.0295  0.0287  0.0286
niter,ni,del,rscale     4    3    5.0000    1.2000
parameters
   -0.7195    4.7031    4.1895  -15.5097  -19.2923  -18.3989
    0.6348   -3.5675    0.2144   18.8947    0.7846  -17.3041
eta,q 0.97254  6.61636
  0.0302  0.0300  0.0282  0.0315  0.0298  0.0310  0.0297  0.0307  0.0293  0.0306  0.0288  0.0285
  0.0288  0.0288  0.0277  0.0296  0.0286  0.0293  0.0286  0.0289  0.0283  0.0292  0.0281  0.0279
  0.0280  0.0281  0.0275  0.0282  0.0278  0.0280  0.0279  0.0279  0.0278  0.0282  0.0277  0.0276
  0.0277  0.0277  0.0276  0.0275  0.0275  0.0276  0.0276  0.0276  0.0276  0.0276  0.0275  0.0275
  0.0280  0.0276  0.0280  0.0280  0.0280  0.0285  0.0278  0.0280  0.0279  0.0275  0.0275  0.0275
  0.0288  0.0280  0.0286  0.0297  0.0294  0.0307  0.0285  0.0291  0.0285  0.0280  0.0278  0.0278
  0.0303  0.0286  0.0294  0.0319  0.0316  0.0334  0.0297  0.0308  0.0294  0.0289  0.0283  0.0282
niter,ni,del,rscale     3    3    5.0000    1.2000
parameters
   -0.7374    5.4978    3.2041  -15.7673  -21.1738  -20.1121
    0.7139   -3.6269   -0.3686   20.8614    2.0795  -16.8959
eta,q 0.97319  6.50959
  0.0298  0.0302  0.0275  0.0311  0.0293  0.0299  0.0290  0.0300  0.0288  0.0304  0.0284  0.0278
  0.0285  0.0289  0.0272  0.0292  0.0280  0.0284  0.0280  0.0283  0.0278  0.0290  0.0277  0.0273
  0.0277  0.0280  0.0271  0.0278  0.0272  0.0274  0.0274  0.0274  0.0272  0.0279  0.0271  0.0269
  0.0275  0.0275  0.0273  0.0271  0.0271  0.0271  0.0271  0.0271  0.0271  0.0271  0.0269  0.0268
  0.0277  0.0273  0.0277  0.0276  0.0278  0.0281  0.0273  0.0275  0.0275  0.0269  0.0268  0.0269
  0.0286  0.0275  0.0284  0.0294  0.0294  0.0304  0.0280  0.0285  0.0283  0.0272  0.0271  0.0272
  0.0299  0.0280  0.0292  0.0317  0.0317  0.0333  0.0290  0.0300  0.0294  0.0282  0.0277  0.0276
niter,ni,del,rscale     2    3    5.0000    1.2000
parameters
   -0.7338    6.2051    2.3730  -15.7760  -22.0110  -21.3300
    0.9756   -3.6272   -0.6873   21.6447    2.3674  -17.2644
eta,q 0.97348  6.45980
  0.0291  0.0297  0.0270  0.0308  0.0296  0.0296  0.0286  0.0295  0.0285  0.0296  0.0278  0.0273
  0.0278  0.0283  0.0266  0.0289  0.0280  0.0281  0.0275  0.0278  0.0274  0.0282  0.0272  0.0268
  0.0271  0.0274  0.0265  0.0274  0.0269  0.0269  0.0268  0.0269  0.0267  0.0271  0.0267  0.0266
  0.0268  0.0268  0.0266  0.0265  0.0265  0.0265  0.0266  0.0266  0.0266  0.0266  0.0265  0.0265
  0.0271  0.0266  0.0270  0.0268  0.0270  0.0272  0.0267  0.0269  0.0269  0.0266  0.0266  0.0267
  0.0278  0.0269  0.0276  0.0287  0.0286  0.0293  0.0273  0.0279  0.0277  0.0273  0.0270  0.0270
  0.0291  0.0276  0.0284  0.0311  0.0309  0.0322  0.0283  0.0294  0.0288  0.0286  0.0277  0.0275
niter,ni,del,rscale     1    3    5.0000    1.2000
parameters
   -0.7480    6.4050    1.9642  -15.6588  -22.0640  -21.9176
    1.1395   -3.6197   -0.7297   21.9776    2.4140  -17.5295
eta,q 0.97349  6.45244
  0.0287  0.0286  0.0272  0.0308  0.0299  0.0299  0.0285  0.0294  0.0286  0.0292  0.0277  0.0273
  0.0275  0.0275  0.0267  0.0289  0.0283  0.0283  0.0274  0.0278  0.0275  0.0279  0.0271  0.0268
  0.0268  0.0268  0.0265  0.0274  0.0271  0.0271  0.0268  0.0268  0.0267  0.0269  0.0267  0.0266
  0.0265  0.0265  0.0265  0.0265  0.0265  0.0265  0.0265  0.0265  0.0265  0.0265  0.0265  0.0265
  0.0268  0.0266  0.0268  0.0267  0.0267  0.0269  0.0267  0.0269  0.0268  0.0267  0.0266  0.0266
  0.0275  0.0272  0.0272  0.0285  0.0281  0.0286  0.0273  0.0278  0.0275  0.0275  0.0270  0.0269
  0.0287  0.0280  0.0279  0.0310  0.0303  0.0313  0.0283  0.0294  0.0286  0.0288  0.0278  0.0274
registration optimization eta report
parameter search radius
    2.4000    2.4000    2.4000   10.9503   10.9503    9.5220
    7.2000    7.2000    7.2000    7.2000    8.2800    7.2000
100000*second partial in parameter space
       38.       31.       18.        4.        3.        5.
        4.        6.        4.        5.        2.        2.
  0.0287  0.0286  0.0272  0.0308  0.0299  0.0299  0.0285  0.0294  0.0286  0.0292  0.0277  0.0273
  0.0275  0.0275  0.0267  0.0289  0.0283  0.0283  0.0274  0.0278  0.0275  0.0279  0.0271  0.0268
  0.0268  0.0268  0.0265  0.0274  0.0271  0.0271  0.0268  0.0268  0.0267  0.0269  0.0267  0.0266
  0.0265  0.0265  0.0265  0.0265  0.0265  0.0265  0.0265  0.0265  0.0265  0.0265  0.0265  0.0265
  0.0268  0.0266  0.0268  0.0267  0.0267  0.0269  0.0267  0.0269  0.0268  0.0267  0.0266  0.0266
  0.0275  0.0272  0.0272  0.0285  0.0281  0.0286  0.0273  0.0278  0.0275  0.0275  0.0270  0.0269
  0.0287  0.0280  0.0279  0.0310  0.0303  0.0313  0.0283  0.0294  0.0286  0.0288  0.0278  0.0274
   -0.7480    6.4050    1.9642  -15.6588  -22.0640  -21.9176
    1.1395   -3.6197   -0.7297   21.9776    2.4140  -17.5295
eta,q 0.97349  6.45244

---------------------------------------------------------------------
imgreg_4dfp /opt/freesurfer/average/711-2C_as_mni_average_305 /opt/freesurfer/average/711-2B_as_mni_average_305_mask talsrcimg_g11 none talsrcimg_to_711-2C_as_mni_average_305_t4 2311
---------------------------------------------------------------------

freesurfer imgreg_4dfp.c
/opt/freesurfer/average/711-2C_as_mni_average_305.4dfp.img
       256       256       256         1
  1.000000  1.000000  1.000000
orientation T byte_order littleendian
Reading image: /opt/freesurfer/average/711-2C_as_mni_average_305.4dfp.img
dimensions:      256       256       256
mmppix:       1.0000   -1.0000   -1.0000
center:     128.0000 -129.0000 -129.0000
/opt/freesurfer/average/711-2B_as_mni_average_305_mask.4dfp.img
       256       256       256         1
  1.000000  1.000000  1.000000
orientation T byte_order littleendian
Reading mask: /opt/freesurfer/average/711-2B_as_mni_average_305_mask.4dfp.img (2306576 pixels)
talsrcimg_g11.4dfp.img
       256       256       256         1
  1.000000  1.000000  1.000000
orientation T byte_order littleendian
Reading image: talsrcimg_g11.4dfp.img
dimensions:      256       256       256
mmppix:       1.0000   -1.0000   -1.0000
center:     128.0000 -129.0000 -129.0000
fimgreg.f
image alignment mode   2311 decimal      907 hex
parameters
   -0.7480    6.4050    1.9642  -15.6588  -22.0640  -21.9176
    1.1395   -3.6197   -0.7297   21.9776    2.4140  -17.5295
eta,q 0.97349  6.45245
niter,ni,del,rscale     5    3    5.0000    0.8000
parameters
   -0.7603    6.4440    1.7533  -14.8192  -21.3694  -21.6985
    1.2241   -3.6679   -0.7732   21.9579    2.5656  -17.7350
eta,q 0.97361  6.50165
  0.0274  0.0274  0.0268  0.0278  0.0274  0.0276  0.0273  0.0278  0.0274  0.0276  0.0269  0.0268
  0.0269  0.0269  0.0266  0.0272  0.0270  0.0270  0.0268  0.0270  0.0268  0.0270  0.0266  0.0265
  0.0266  0.0266  0.0265  0.0268  0.0266  0.0266  0.0265  0.0265  0.0265  0.0265  0.0265  0.0264
  0.0265  0.0265  0.0265  0.0265  0.0264  0.0264  0.0264  0.0264  0.0264  0.0264  0.0264  0.0264
  0.0266  0.0266  0.0266  0.0264  0.0264  0.0264  0.0265  0.0266  0.0265  0.0265  0.0264  0.0265
  0.0269  0.0269  0.0268  0.0266  0.0266  0.0268  0.0268  0.0270  0.0269  0.0270  0.0266  0.0266
  0.0275  0.0273  0.0271  0.0272  0.0270  0.0275  0.0273  0.0278  0.0274  0.0276  0.0268  0.0268
niter,ni,del,rscale     4    3    5.0000    0.7000
parameters
   -0.7858    6.4464    1.7879  -14.8887  -21.3421  -21.5560
    1.2964   -3.7357   -0.8056   21.9898    2.6273  -17.8178
eta,q 0.97361  6.50442
  0.0271  0.0270  0.0268  0.0272  0.0270  0.0273  0.0271  0.0274  0.0272  0.0274  0.0267  0.0267
  0.0267  0.0267  0.0266  0.0268  0.0267  0.0269  0.0267  0.0268  0.0267  0.0268  0.0265  0.0265
  0.0265  0.0265  0.0264  0.0265  0.0265  0.0265  0.0265  0.0265  0.0265  0.0265  0.0264  0.0264
  0.0264  0.0264  0.0264  0.0264  0.0264  0.0264  0.0264  0.0264  0.0264  0.0264  0.0264  0.0264
  0.0265  0.0265  0.0264  0.0265  0.0265  0.0264  0.0264  0.0265  0.0265  0.0265  0.0264  0.0264
  0.0268  0.0267  0.0265  0.0268  0.0267  0.0267  0.0267  0.0269  0.0268  0.0268  0.0265  0.0265
  0.0272  0.0270  0.0267  0.0273  0.0270  0.0273  0.0271  0.0275  0.0272  0.0273  0.0267  0.0267
niter,ni,del,rscale     3    3    5.0000    0.6000
parameters
   -0.8020    6.4434    1.8367  -14.8304  -21.3225  -21.4384
    1.3319   -3.7804   -0.8209   21.9942    2.6746  -17.8401
eta,q 0.97362  6.50966
  0.0269  0.0269  0.0267  0.0270  0.0268  0.0271  0.0269  0.0272  0.0270  0.0271  0.0267  0.0266
  0.0266  0.0266  0.0265  0.0267  0.0266  0.0267  0.0266  0.0267  0.0266  0.0267  0.0265  0.0265
  0.0264  0.0264  0.0264  0.0265  0.0264  0.0265  0.0264  0.0264  0.0264  0.0265  0.0264  0.0264
  0.0264  0.0264  0.0264  0.0264  0.0264  0.0264  0.0264  0.0264  0.0264  0.0264  0.0264  0.0264
  0.0265  0.0264  0.0264  0.0264  0.0264  0.0264  0.0264  0.0265  0.0264  0.0265  0.0264  0.0264
  0.0267  0.0266  0.0265  0.0266  0.0266  0.0266  0.0266  0.0268  0.0266  0.0267  0.0265  0.0265
  0.0270  0.0269  0.0266  0.0270  0.0269  0.0270  0.0269  0.0272  0.0270  0.0271  0.0266  0.0266
niter,ni,del,rscale     2    3    5.0000    0.5000
parameters
   -0.8140    6.4434    1.8752  -14.7766  -21.3387  -21.3353
    1.3553   -3.8143   -0.8358   21.9870    2.7118  -17.8644
eta,q 0.97363  6.51314
  0.0268  0.0267  0.0266  0.0268  0.0267  0.0269  0.0267  0.0269  0.0268  0.0269  0.0266  0.0265
  0.0265  0.0265  0.0265  0.0266  0.0265  0.0266  0.0265  0.0266  0.0266  0.0266  0.0265  0.0264
  0.0264  0.0264  0.0264  0.0264  0.0264  0.0265  0.0264  0.0264  0.0264  0.0264  0.0264  0.0264
  0.0264  0.0264  0.0264  0.0264  0.0264  0.0264  0.0264  0.0264  0.0264  0.0264  0.0264  0.0264
  0.0264  0.0264  0.0264  0.0264  0.0264  0.0264  0.0264  0.0264  0.0264  0.0264  0.0264  0.0264
  0.0266  0.0265  0.0265  0.0266  0.0265  0.0266  0.0265  0.0266  0.0266  0.0266  0.0264  0.0265
  0.0268  0.0267  0.0266  0.0268  0.0267  0.0268  0.0267  0.0269  0.0268  0.0269  0.0266  0.0265
niter,ni,del,rscale     1    3    5.0000    0.4000
parameters
   -0.8232    6.4379    1.9107  -14.7218  -21.3436  -21.2414
    1.3808   -3.8452   -0.8273   21.9725    2.7049  -17.8612
eta,q 0.97363  6.51658
  0.0266  0.0266  0.0265  0.0267  0.0266  0.0267  0.0266  0.0267  0.0266  0.0267  0.0265  0.0265
  0.0265  0.0265  0.0264  0.0265  0.0265  0.0265  0.0265  0.0265  0.0265  0.0265  0.0264  0.0264
  0.0264  0.0264  0.0264  0.0264  0.0264  0.0264  0.0264  0.0264  0.0264  0.0264  0.0264  0.0264
  0.0264  0.0264  0.0264  0.0264  0.0264  0.0264  0.0264  0.0264  0.0264  0.0264  0.0264  0.0264
  0.0264  0.0264  0.0264  0.0264  0.0264  0.0264  0.0264  0.0264  0.0264  0.0264  0.0264  0.0264
  0.0265  0.0265  0.0264  0.0265  0.0265  0.0265  0.0265  0.0265  0.0265  0.0265  0.0264  0.0264
  0.0266  0.0266  0.0265  0.0267  0.0266  0.0267  0.0266  0.0267  0.0266  0.0267  0.0265  0.0265
registration optimization eta report
parameter search radius
    0.8000    0.8000    0.8000    2.4000    2.4000    2.4000
    2.4000    2.4000    2.4000    2.4000    2.4000    2.4000
100000*second partial in parameter space
       41.       34.       19.        5.        4.        5.
        4.        6.        5.        6.        2.        2.
  0.0266  0.0266  0.0265  0.0267  0.0266  0.0267  0.0266  0.0267  0.0266  0.0267  0.0265  0.0265
  0.0265  0.0265  0.0264  0.0265  0.0265  0.0265  0.0265  0.0265  0.0265  0.0265  0.0264  0.0264
  0.0264  0.0264  0.0264  0.0264  0.0264  0.0264  0.0264  0.0264  0.0264  0.0264  0.0264  0.0264
  0.0264  0.0264  0.0264  0.0264  0.0264  0.0264  0.0264  0.0264  0.0264  0.0264  0.0264  0.0264
  0.0264  0.0264  0.0264  0.0264  0.0264  0.0264  0.0264  0.0264  0.0264  0.0264  0.0264  0.0264
  0.0265  0.0265  0.0264  0.0265  0.0265  0.0265  0.0265  0.0265  0.0265  0.0265  0.0264  0.0264
  0.0266  0.0266  0.0265  0.0267  0.0266  0.0267  0.0266  0.0267  0.0266  0.0267  0.0265  0.0265
   -0.8232    6.4379    1.9107  -14.7218  -21.3436  -21.2414
    1.3808   -3.8452   -0.8273   21.9725    2.7049  -17.8612
eta,q 0.97363  6.51658

---------------------------------------------------------------------
imgreg_4dfp /opt/freesurfer/average/711-2C_as_mni_average_305 /opt/freesurfer/average/711-2B_as_mni_average_305_mask talsrcimg_g11 none talsrcimg_to_711-2C_as_mni_average_305_t4 2311
---------------------------------------------------------------------

freesurfer imgreg_4dfp.c
/opt/freesurfer/average/711-2C_as_mni_average_305.4dfp.img
       256       256       256         1
  1.000000  1.000000  1.000000
orientation T byte_order littleendian
Reading image: /opt/freesurfer/average/711-2C_as_mni_average_305.4dfp.img
dimensions:      256       256       256
mmppix:       1.0000   -1.0000   -1.0000
center:     128.0000 -129.0000 -129.0000
/opt/freesurfer/average/711-2B_as_mni_average_305_mask.4dfp.img
       256       256       256         1
  1.000000  1.000000  1.000000
orientation T byte_order littleendian
Reading mask: /opt/freesurfer/average/711-2B_as_mni_average_305_mask.4dfp.img (2306576 pixels)
talsrcimg_g11.4dfp.img
       256       256       256         1
  1.000000  1.000000  1.000000
orientation T byte_order littleendian
Reading image: talsrcimg_g11.4dfp.img
dimensions:      256       256       256
mmppix:       1.0000   -1.0000   -1.0000
center:     128.0000 -129.0000 -129.0000
fimgreg.f
image alignment mode   2311 decimal      907 hex
parameters
   -0.8232    6.4379    1.9107  -14.7218  -21.3436  -21.2414
    1.3808   -3.8452   -0.8273   21.9725    2.7049  -17.8612
eta,q 0.97363  6.51658
niter,ni,del,rscale     5    3    5.0000    0.8000
parameters
   -0.8338    6.4482    1.9313  -15.0166  -21.4318  -21.4291
    1.3637   -3.7815   -0.8384   22.0179    2.6834  -17.7764
eta,q 0.97361  6.50130
  0.0274  0.0272  0.0269  0.0273  0.0272  0.0275  0.0273  0.0278  0.0274  0.0276  0.0268  0.0268
  0.0268  0.0268  0.0266  0.0268  0.0268  0.0269  0.0268  0.0270  0.0268  0.0270  0.0266  0.0266
  0.0265  0.0265  0.0264  0.0265  0.0265  0.0265  0.0265  0.0265  0.0265  0.0265  0.0264  0.0264
  0.0264  0.0264  0.0264  0.0264  0.0264  0.0264  0.0264  0.0264  0.0264  0.0264  0.0264  0.0264
  0.0265  0.0265  0.0264  0.0265  0.0265  0.0265  0.0265  0.0265  0.0265  0.0265  0.0264  0.0264
  0.0268  0.0268  0.0266  0.0270  0.0268  0.0269  0.0268  0.0270  0.0269  0.0269  0.0266  0.0266
  0.0274  0.0272  0.0268  0.0277  0.0272  0.0277  0.0273  0.0277  0.0274  0.0276  0.0269  0.0268
niter,ni,del,rscale     4    3    5.0000    0.7000
parameters
   -0.8161    6.4442    1.8903  -14.9133  -21.3914  -21.4330
    1.3527   -3.7751   -0.8322   21.9937    2.6760  -17.8034
eta,q 0.97362  6.50518
  0.0272  0.0270  0.0267  0.0273  0.0270  0.0273  0.0271  0.0275  0.0272  0.0273  0.0267  0.0267
  0.0267  0.0267  0.0265  0.0268  0.0267  0.0268  0.0267  0.0269  0.0267  0.0268  0.0265  0.0265
  0.0265  0.0265  0.0264  0.0265  0.0265  0.0265  0.0265  0.0265  0.0265  0.0265  0.0264  0.0264
  0.0264  0.0264  0.0264  0.0264  0.0264  0.0264  0.0264  0.0264  0.0264  0.0264  0.0264  0.0264
  0.0265  0.0265  0.0264  0.0264  0.0264  0.0264  0.0265  0.0265  0.0265  0.0265  0.0264  0.0264
  0.0267  0.0267  0.0266  0.0267  0.0266  0.0268  0.0267  0.0269  0.0267  0.0268  0.0265  0.0265
  0.0271  0.0270  0.0268  0.0272  0.0270  0.0273  0.0271  0.0275  0.0272  0.0274  0.0267  0.0267
niter,ni,del,rscale     3    3    5.0000    0.6000
parameters
   -0.8148    6.4394    1.8842  -14.8409  -21.3551  -21.3814
    1.3500   -3.7936   -0.8307   21.9834    2.6941  -17.8411
eta,q 0.97363  6.50961
  0.0270  0.0269  0.0266  0.0270  0.0269  0.0271  0.0269  0.0272  0.0270  0.0271  0.0266  0.0266
  0.0266  0.0266  0.0265  0.0267  0.0266  0.0267  0.0266  0.0267  0.0266  0.0267  0.0265  0.0265
  0.0264  0.0264  0.0264  0.0265  0.0264  0.0265  0.0264  0.0265  0.0264  0.0265  0.0264  0.0264
  0.0264  0.0264  0.0264  0.0264  0.0264  0.0264  0.0264  0.0264  0.0264  0.0264  0.0264  0.0264
  0.0264  0.0264  0.0264  0.0264  0.0264  0.0264  0.0264  0.0265  0.0264  0.0265  0.0264  0.0264
  0.0266  0.0266  0.0265  0.0266  0.0266  0.0266  0.0266  0.0267  0.0266  0.0267  0.0265  0.0265
  0.0270  0.0269  0.0267  0.0270  0.0268  0.0271  0.0269  0.0272  0.0270  0.0271  0.0266  0.0266
niter,ni,del,rscale     2    3    5.0000    0.5000
parameters
   -0.8175    6.4355    1.8963  -14.7789  -21.3407  -21.3151
    1.3704   -3.8166   -0.8309   21.9793    2.6919  -17.8536
eta,q 0.97363  6.51336
  0.0268  0.0267  0.0266  0.0268  0.0267  0.0269  0.0267  0.0269  0.0268  0.0269  0.0266  0.0265
  0.0266  0.0265  0.0265  0.0266  0.0265  0.0266  0.0265  0.0266  0.0266  0.0266  0.0265  0.0264
  0.0264  0.0264  0.0264  0.0265  0.0264  0.0264  0.0264  0.0264  0.0264  0.0264  0.0264  0.0264
  0.0264  0.0264  0.0264  0.0264  0.0264  0.0264  0.0264  0.0264  0.0264  0.0264  0.0264  0.0264
  0.0264  0.0264  0.0264  0.0264  0.0264  0.0264  0.0264  0.0264  0.0264  0.0264  0.0264  0.0264
  0.0266  0.0265  0.0265  0.0265  0.0265  0.0266  0.0265  0.0266  0.0266  0.0266  0.0265  0.0265
  0.0268  0.0267  0.0266  0.0268  0.0267  0.0268  0.0267  0.0269  0.0268  0.0269  0.0266  0.0265
niter,ni,del,rscale     1    3    5.0000    0.4000
parameters
   -0.8231    6.4327    1.9164  -14.7158  -21.3566  -21.2375
    1.3694   -3.8468   -0.8283   21.9742    2.7281  -17.8648
eta,q 0.97363  6.51650
  0.0266  0.0266  0.0265  0.0267  0.0266  0.0267  0.0266  0.0267  0.0266  0.0267  0.0265  0.0265
  0.0265  0.0265  0.0264  0.0265  0.0265  0.0265  0.0265  0.0265  0.0265  0.0265  0.0264  0.0264
  0.0264  0.0264  0.0264  0.0264  0.0264  0.0264  0.0264  0.0264  0.0264  0.0264  0.0264  0.0264
  0.0264  0.0264  0.0264  0.0264  0.0264  0.0264  0.0264  0.0264  0.0264  0.0264  0.0264  0.0264
  0.0264  0.0264  0.0264  0.0264  0.0264  0.0264  0.0264  0.0264  0.0264  0.0264  0.0264  0.0264
  0.0265  0.0265  0.0264  0.0265  0.0265  0.0265  0.0265  0.0265  0.0265  0.0265  0.0264  0.0264
  0.0266  0.0266  0.0265  0.0267  0.0266  0.0267  0.0266  0.0267  0.0266  0.0267  0.0265  0.0265
registration optimization eta report
parameter search radius
    0.8000    0.8000    0.8000    2.4000    2.4000    2.4000
    2.4000    2.4000    2.4000    2.4000    2.4000    2.4000
100000*second partial in parameter space
       40.       33.       19.        5.        4.        5.
        4.        6.        5.        6.        2.        2.
  0.0266  0.0266  0.0265  0.0267  0.0266  0.0267  0.0266  0.0267  0.0266  0.0267  0.0265  0.0265
  0.0265  0.0265  0.0264  0.0265  0.0265  0.0265  0.0265  0.0265  0.0265  0.0265  0.0264  0.0264
  0.0264  0.0264  0.0264  0.0264  0.0264  0.0264  0.0264  0.0264  0.0264  0.0264  0.0264  0.0264
  0.0264  0.0264  0.0264  0.0264  0.0264  0.0264  0.0264  0.0264  0.0264  0.0264  0.0264  0.0264
  0.0264  0.0264  0.0264  0.0264  0.0264  0.0264  0.0264  0.0264  0.0264  0.0264  0.0264  0.0264
  0.0265  0.0265  0.0264  0.0265  0.0265  0.0265  0.0265  0.0265  0.0265  0.0265  0.0264  0.0264
  0.0266  0.0266  0.0265  0.0267  0.0266  0.0267  0.0266  0.0267  0.0266  0.0267  0.0265  0.0265
   -0.8231    6.4327    1.9164  -14.7158  -21.3566  -21.2375
    1.3694   -3.8468   -0.8283   21.9742    2.7281  -17.8648
eta,q 0.97363  6.51650

---------------------------------------------------------------------
compute_vox2vox talsrcimg talsrcimg_to_711-2C_as_mni_average_305_t4 /opt/freesurfer/average/711-2C_as_mni_average_305
---------------------------------------------------------------------

freesurfer compute_vox2vox.c
Reading: talsrcimg.4dfp.ifh
Reading: talsrcimg_to_711-2C_as_mni_average_305_t4
Reading: /opt/freesurfer/average/711-2C_as_mni_average_305.4dfp.ifh
Writing: talsrcimg_to_711-2C_as_mni_average_305_t4_vox2vox.txt

start time Mon Mar 9 00:58:54 CET 2026
end		time Mon Mar 9 00:59:08 CET 2026

mpr2mni305 success

avi2talxfm orig_nu.mgz /opt/freesurfer/average/mni305.cor.mgz talsrcimg_to_711-2C_as_mni_average_305_t4_vox2vox.txt transforms/talairach.auto.xfm
avi2talxfm done
mv -f /out/sourcedata/freesurfer/sub-v1s17x0050236_ses-1/mri/talsrcimg_to_711-2C_as_mni_average_305_t4_vox2vox.txt /out/sourcedata/freesurfer/sub-v1s17x0050236_ses-1/mri/transforms/talsrcimg_to_711-2C_as_mni_average_305_t4_vox2vox.txt
lta_convert --src orig_nu.mgz --trg /opt/freesurfer/average/mni305.cor.mgz --inxfm transforms/talairach.auto.xfm --outlta transforms/talairach.auto.xfm.lta --subject fsaverage
7.3.2

--src: orig_nu.mgz src image (geometry).
--trg: /opt/freesurfer/average/mni305.cor.mgz trg image (geometry).
--inmni: transforms/talairach.auto.xfm input MNI/XFM transform.
--outlta: transforms/talairach.auto.xfm.lta output LTA.
--s: fsaverage subject name
 LTA read, type : 1
 1.17059   0.05911  -0.00696   1.35330;
-0.03550   1.19218   0.27144   1.81491;
 0.02225  -0.33249   1.19565  -8.94792;
 0.00000   0.00000   0.00000   1.00000;
setting subject to fsaverage
Writing  LTA to file transforms/talairach.auto.xfm.lta...
lta_convert successful.
 
 
Started at Mon Mar 9 00:58:53 CET 2026
Ended   at Mon Mar  9 00:59:08 CET 2026
talairach_avi done
