/out/sourcedata/freesurfer/sub-v1s17x0050267_ses-1/mri
/opt/freesurfer/bin/talairach_avi
--i orig_nu.mgz --xfm transforms/talairach.auto.xfm
talairach_avi 7.3.2
Linux dna058 5.14.0-427.37.1.el9_4.x86_64 #1 SMP PREEMPT_DYNAMIC Fri Sep 13 12:41:50 EDT 2024 x86_64 x86_64 x86_64 GNU/Linux
Mon Mar  9 02:40:07 CET 2026
mri_convert orig_nu.mgz talsrcimg.img 
reading from orig_nu.mgz...
TR=0.00, TE=0.00, TI=0.00, flip angle=0.00
i_ras = (-1, -1.44428e-09, 0)
j_ras = (0, 1.16415e-10, -1)
k_ras = (-2.30284e-09, 1, -2.91038e-11)
writing to talsrcimg.img...
Analyze Output Matrix
-1.00000   0.00000  -0.00000   130.02435;
-0.00000   0.00000   1.00000  -130.55276;
 0.00000  -1.00000  -0.00000   122.60922;
 0.00000   0.00000   0.00000   1.00000;
--------------------
INFO: set hdr.hist.orient to -1
mpr2mni305 talsrcimg
Mon Mar  9 02:40:07 CET 2026
/opt/freesurfer/bin/mpr2mni305 talsrcimg
mpr2mni305 7.3.2
target=711-2C_as_mni_average_305

---------------------------------------------------------------------
analyzeto4dfp talsrcimg -O0 -y
---------------------------------------------------------------------

freesurfer ifh2hdr.c
Mon Mar  9 02:40:07 2026
Writing: talsrcimg.4dfp.hdr
freesurfer analyzeto4dfp.c
Reading: talsrcimg.hdr
header size 348 bytes
hdr.dime.datatype	offset=70	value=2
hdr.dime.bitpix		offset=72	value=8
hdr.hist.orient		offset=252	value=-1
dimensionality     4
dimensions       256       256       256         1
Reading: talsrcimg.img
Writing: talsrcimg.4dfp.img
Writing: talsrcimg.4dfp.ifh
ifh2hdr talsrcimg -r0to255
ori=2

---------------------------------------------------------------------
gauss_4dfp talsrcimg 1.1
---------------------------------------------------------------------

freesurfer gauss_4dfp.c
Reading: talsrcimg.4dfp.img
Writing: talsrcimg_g11.4dfp.img
image dimensions 256 256 256 padded to 288 288 288
processing volume 1freesurfer ifh2hdr.c
Mon Mar  9 02:40:09 2026
Writing: talsrcimg_g11.4dfp.hdr

Writing: talsrcimg_g11.4dfp.ifh
including: talsrcimg.4dfp.img.rec in talsrcimg_g11.4dfp.img.rec

---------------------------------------------------------------------
imgreg_4dfp /opt/freesurfer/average/711-2C_as_mni_average_305 none talsrcimg_g11 none talsrcimg_to_711-2C_as_mni_average_305_t4 4355
---------------------------------------------------------------------

freesurfer imgreg_4dfp.c
/opt/freesurfer/average/711-2C_as_mni_average_305.4dfp.img
       256       256       256         1
  1.000000  1.000000  1.000000
orientation T byte_order littleendian
Reading image: /opt/freesurfer/average/711-2C_as_mni_average_305.4dfp.img
dimensions:      256       256       256
mmppix:       1.0000   -1.0000   -1.0000
center:     128.0000 -129.0000 -129.0000
talsrcimg_g11.4dfp.img
       256       256       256         1
  1.000000  1.000000  1.000000
orientation T byte_order littleendian
Reading image: talsrcimg_g11.4dfp.img
dimensions:      256       256       256
mmppix:       1.0000   -1.0000   -1.0000
center:     128.0000 -129.0000 -129.0000
t4_read: open error in t4_sub.f l:  41 t4_file(1:l)talsrcimg_to_711-2C_as_mni_average_305_t4 
t4_read: transform initialized to I4
rotation matrix determinant  1.000000
image alignment mode   4355 decimal     1103 hex
   -7.5000  -45.0000  -45.0000 8212.1152   13.4917
    0.0000  -45.0000  -45.0000 8598.4980   13.4816
    7.5000  -45.0000  -45.0000 8251.6104   13.4861
   -7.5000  -37.5000  -45.0000 8822.8672   13.4607
    0.0000  -37.5000  -45.0000 9225.5039   13.4540
    7.5000  -37.5000  -45.0000 8859.4053   13.4572
   -7.5000  -30.0000  -45.0000 9759.5830   13.4713
    0.0000  -30.0000  -45.000010219.2070   13.4661
    7.5000  -30.0000  -45.0000 9796.6562   13.4679
   -7.5000  -22.5000  -45.000010617.8789   13.4748
    0.0000  -22.5000  -45.000011123.4932   13.4686
    7.5000  -22.5000  -45.000010638.7158   13.4709
   -7.5000  -15.0000  -45.000011348.1553   13.4681
    0.0000  -15.0000  -45.000011898.7480   13.4593
    7.5000  -15.0000  -45.000011378.9951   13.4635
   -7.5000   -7.5000  -45.000012051.9932   13.4572
    0.0000   -7.5000  -45.000012617.0879   13.4463
    7.5000   -7.5000  -45.000012076.9141   13.4516
   -7.5000    0.0000  -45.000012719.1064   13.4530
    0.0000    0.0000  -45.000013303.7041   13.4431
    7.5000    0.0000  -45.000012735.3438   13.4478
   -7.5000    7.5000  -45.000012350.7139   13.4603
    0.0000    7.5000  -45.000012905.4756   13.4536
    7.5000    7.5000  -45.000012363.8350   13.4567
   -7.5000   15.0000  -45.000011818.0264   13.4712
    0.0000   15.0000  -45.000012339.4238   13.4660
    7.5000   15.0000  -45.000011797.6729   13.4679
   -7.5000   22.5000  -45.000011290.7949   13.4730
    0.0000   22.5000  -45.000011802.8086   13.4667
    7.5000   22.5000  -45.000011256.7588   13.4691
   -7.5000   30.0000  -45.000010551.1523   13.2886
    0.0000   30.0000  -45.000011016.7686   13.2799
    7.5000   30.0000  -45.000010520.4785   13.2841
   -7.5000   37.5000  -45.000010025.2891   13.2779
    0.0000   37.5000  -45.000010458.6631   13.2671
    7.5000   37.5000  -45.0000 9990.7256   13.2723
   -7.5000   45.0000  -45.0000 9177.1465   12.9367
    0.0000   45.0000  -45.0000 9556.6807   12.9271
    7.5000   45.0000  -45.0000 9127.5586   12.9317
   -7.5000  -45.0000  -37.5000 8696.2988   13.4952
    0.0000  -45.0000  -37.5000 9094.6602   13.4848
    7.5000  -45.0000  -37.5000 8725.3232   13.4789
   -7.5000  -37.5000  -37.5000 9327.8760   13.4576
    0.0000  -37.5000  -37.5000 9759.3623   13.4516
    7.5000  -37.5000  -37.5000 9359.7305   13.4460
   -7.5000  -30.0000  -37.500010309.8330   13.4607
    0.0000  -30.0000  -37.500010788.5010   13.4561
    7.5000  -30.0000  -37.500010328.4180   13.4506
   -7.5000  -22.5000  -37.500011223.6484   13.4634
    0.0000  -22.5000  -37.500011730.5547   13.4567
    7.5000  -22.5000  -37.500011231.0439   13.4521
   -7.5000  -15.0000  -37.500011985.1523   13.4630
    0.0000  -15.0000  -37.500012541.2842   13.4527
    7.5000  -15.0000  -37.500012011.7998   13.4486
   -7.5000   -7.5000  -37.500012733.2598   13.4595
    0.0000   -7.5000  -37.500013323.3584   13.4471
    7.5000   -7.5000  -37.500012758.9238   13.4423
   -7.5000    0.0000  -37.500013429.7705   13.4564
    0.0000    0.0000  -37.500014029.4932   13.4462
    7.5000    0.0000  -37.500013439.1602   13.4407
   -7.5000    7.5000  -37.500013023.3701   13.4571
    0.0000    7.5000  -37.500013581.3418   13.4511
    7.5000    7.5000  -37.500013027.2998   13.4455
   -7.5000   15.0000  -37.500012442.0850   13.4606
    0.0000   15.0000  -37.500012973.1553   13.4560
    7.5000   15.0000  -37.500012415.5498   13.4506
   -7.5000   22.5000  -37.500011868.9023   13.4616
    0.0000   22.5000  -37.500012384.3984   13.4548
    7.5000   22.5000  -37.500011833.7812   13.4502
   -7.5000   30.0000  -37.500011123.3906   13.2836
    0.0000   30.0000  -37.500011601.5713   13.2734
    7.5000   30.0000  -37.500011082.1934   13.2693
   -7.5000   37.5000  -37.500010549.4980   13.2801
    0.0000   37.5000  -37.500010979.3496   13.2679
    7.5000   37.5000  -37.500010507.3965   13.2631
   -7.5000   45.0000  -37.5000 9617.2031   12.9400
    0.0000   45.0000  -37.500010000.8818   12.9302
    7.5000   45.0000  -37.5000 9563.7520   12.9248
   -7.5000  -45.0000  -30.0000 9305.9668   14.0544
    0.0000  -45.0000  -30.0000 9744.2646   14.0439
    7.5000  -45.0000  -30.0000 9350.8896   14.0348
   -7.5000  -37.5000  -30.0000 9979.1006   14.0095
    0.0000  -37.5000  -30.000010444.9668   14.0026
    7.5000  -37.5000  -30.000010018.9678   13.9941
   -7.5000  -30.0000  -30.000011013.9814   14.0076
    0.0000  -30.0000  -30.000011505.0254   14.0015
    7.5000  -30.0000  -30.000011020.2207   13.9925
   -7.5000  -22.5000  -30.000011995.1523   14.0120
    0.0000  -22.5000  -30.000012519.8555   14.0039
    7.5000  -22.5000  -30.000011997.4316   13.9948
   -7.5000  -15.0000  -30.000012815.6045   14.0178
    0.0000  -15.0000  -30.000013396.7969   14.0069
    7.5000  -15.0000  -30.000012851.0176   13.9977
   -7.5000   -7.5000  -30.000013595.6963   14.0186
    0.0000   -7.5000  -30.000014206.0381   14.0062
    7.5000   -7.5000  -30.000013609.5781   13.9969
   -7.5000    0.0000  -30.000014306.9873   14.0141
    0.0000    0.0000  -30.000014939.4004   14.0039
    7.5000    0.0000  -30.000014314.6797   13.9951
   -7.5000    7.5000  -30.000013886.8496   14.0090
    0.0000    7.5000  -30.000014490.1289   14.0021
    7.5000    7.5000  -30.000013885.0303   13.9937
   -7.5000   15.0000  -30.000013250.3340   14.0076
    0.0000   15.0000  -30.000013816.5352   14.0014
    7.5000   15.0000  -30.000013223.8350   13.9924
   -7.5000   22.5000  -30.000012589.9199   14.0086
    0.0000   22.5000  -30.000013121.2354   14.0005
    7.5000   22.5000  -30.000012545.3525   13.9915
   -7.5000   30.0000  -30.000011811.5107   13.8323
    0.0000   30.0000  -30.000012294.9873   13.8216
    7.5000   30.0000  -30.000011747.7256   13.8125
   -7.5000   37.5000  -30.000011225.0557   13.8331
    0.0000   37.5000  -30.000011650.2432   13.8209
    7.5000   37.5000  -30.000011162.9697   13.8116
   -7.5000   45.0000  -30.000010218.7021   13.4862
    0.0000   45.0000  -30.000010593.8496   13.4763
    7.5000   45.0000  -30.000010137.7666   13.4679
   -7.5000  -45.0000  -22.5000 9893.4561   14.5173
    0.0000  -45.0000  -22.500010346.3877   14.5071
    7.5000  -45.0000  -22.5000 9926.6045   14.5065
   -7.5000  -37.5000  -22.500010616.8018   14.4721
    0.0000  -37.5000  -22.500011091.0830   14.4637
    7.5000  -37.5000  -22.500010638.1299   14.4624
   -7.5000  -30.0000  -22.500011705.5430   14.4742
    0.0000  -30.0000  -22.500012216.6553   14.4657
    7.5000  -30.0000  -22.500011704.3691   14.4616
   -7.5000  -22.5000  -22.500012742.9756   14.4822
    0.0000  -22.5000  -22.500013307.7578   14.4731
    7.5000  -22.5000  -22.500012747.1621   14.4673
   -7.5000  -15.0000  -22.500013624.4561   14.4879
    0.0000  -15.0000  -22.500014253.3818   14.4780
    7.5000  -15.0000  -22.500013641.4072   14.4728
   -7.5000   -7.5000  -22.500014408.8447   14.4841
    0.0000   -7.5000  -22.500015072.3975   14.4733
    7.5000   -7.5000  -22.500014422.8428   14.4707
   -7.5000    0.0000  -22.500015157.1914   14.4758
    0.0000    0.0000  -22.500015838.0098   14.4659
    7.5000    0.0000  -22.500015167.0977   14.4656
   -7.5000    7.5000  -22.500014754.3203   14.4716
    0.0000    7.5000  -22.500015405.6582   14.4632
    7.5000    7.5000  -22.500014747.1035   14.4619
   -7.5000   15.0000  -22.500014053.5322   14.4742
    0.0000   15.0000  -22.500014678.4189   14.4657
    7.5000   15.0000  -22.500014038.2080   14.4616
   -7.5000   22.5000  -22.500013284.8320   14.4778
    0.0000   22.5000  -22.500013852.4678   14.4687
    7.5000   22.5000  -22.500013246.1387   14.4628
   -7.5000   30.0000  -22.500012451.6230   14.2984
    0.0000   30.0000  -22.500012952.6338   14.2886
    7.5000   30.0000  -22.500012392.0918   14.2834
   -7.5000   37.5000  -22.500011859.8213   14.2947
    0.0000   37.5000  -22.500012303.0684   14.2840
    7.5000   37.5000  -22.500011791.8477   14.2814
   -7.5000   45.0000  -22.500010790.5684   13.9409
    0.0000   45.0000  -22.500011196.7148   13.9314
    7.5000   45.0000  -22.500010720.5889   13.9311
   -7.5000  -45.0000  -15.000010441.7432   14.8544
    0.0000  -45.0000  -15.000010903.2295   14.8440
    7.5000  -45.0000  -15.000010453.5420   14.8545
   -7.5000  -37.5000  -15.000011229.1240   14.8150
    0.0000  -37.5000  -15.000011717.0449   14.8053
    7.5000  -37.5000  -15.000011257.5869   14.8133
   -7.5000  -30.0000  -15.000012372.3594   14.8255
    0.0000  -30.0000  -15.000012922.8574   14.8155
    7.5000  -30.0000  -15.000012395.7207   14.8189
   -7.5000  -22.5000  -15.000013457.1025   14.8350
    0.0000  -22.5000  -15.000014056.2520   14.8255
    7.5000  -22.5000  -15.000013460.3262   14.8266
   -7.5000  -15.0000  -15.000014405.3809   14.8342
    0.0000  -15.0000  -15.000015053.9316   14.8252
    7.5000  -15.0000  -15.000014405.4131   14.8284
   -7.5000   -7.5000  -15.000015241.1035   14.8222
    0.0000   -7.5000  -15.000015909.6865   14.8123
    7.5000   -7.5000  -15.000015236.7031   14.8204
   -7.5000    0.0000  -15.000016000.9121   14.8120
    0.0000    0.0000  -15.000016714.3633   14.8019
    7.5000    0.0000  -15.000016008.1113   14.8126
   -7.5000    7.5000  -15.000015574.7148   14.8146
    0.0000    7.5000  -15.000016263.8516   14.8047
    7.5000    7.5000  -15.000015564.3086   14.8128
   -7.5000   15.0000  -15.000014838.9570   14.8255
    0.0000   15.0000  -15.000015497.8457   14.8154
    7.5000   15.0000  -15.000014832.0693   14.8188
   -7.5000   22.5000  -15.000013984.8467   14.8297
    0.0000   22.5000  -15.000014587.5693   14.8203
    7.5000   22.5000  -15.000013964.8135   14.8214
   -7.5000   30.0000  -15.000013089.6982   14.6423
    0.0000   30.0000  -15.000013627.1377   14.6333
    7.5000   30.0000  -15.000013035.2373   14.6365
   -7.5000   37.5000  -15.000012482.8457   14.6304
    0.0000   37.5000  -15.000012982.9102   14.6206
    7.5000   37.5000  -15.000012433.7803   14.6286
   -7.5000   45.0000  -15.000011347.7715   14.2733
    0.0000   45.0000  -15.000011800.9189   14.2636
    7.5000   45.0000  -15.000011283.1689   14.2739
   -7.5000  -45.0000   -7.500010986.7979   15.0396
    0.0000  -45.0000   -7.500011491.9072   15.0287
    7.5000  -45.0000   -7.500011009.1777   15.0416
   -7.5000  -37.5000   -7.500011807.1689   15.0059
    0.0000  -37.5000   -7.500012360.4941   14.9965
    7.5000  -37.5000   -7.500011841.9326   15.0067
   -7.5000  -30.0000   -7.500013021.7734   15.0206
    0.0000  -30.0000   -7.500013650.6943   15.0120
    7.5000  -30.0000   -7.500013047.9746   15.0182
   -7.5000  -22.5000   -7.500014173.2002   15.0275
    0.0000  -22.5000   -7.500014848.5908   15.0192
    7.5000  -22.5000   -7.500014178.6182   15.0244
   -7.5000  -15.0000   -7.500015196.9863   15.0200
    0.0000  -15.0000   -7.500015932.9551   15.0112
    7.5000  -15.0000   -7.500015205.7148   15.0194
   -7.5000   -7.5000   -7.500016142.5566   15.0043
    0.0000   -7.5000   -7.500016898.7715   14.9939
    7.5000   -7.5000   -7.500016124.8936   15.0060
   -7.5000    0.0000   -7.500017017.1699   14.9966
    0.0000    0.0000   -7.500017788.1387   14.9860
    7.5000    0.0000   -7.500016982.6758   14.9991
   -7.5000    7.5000   -7.500016504.4102   15.0054
    0.0000    7.5000   -7.500017244.4453   14.9960
    7.5000    7.5000   -7.500016456.7480   15.0062
   -7.5000   15.0000   -7.500015675.4316   15.0205
    0.0000   15.0000   -7.500016457.2090   15.0119
    7.5000   15.0000   -7.500015664.3047   15.0181
   -7.5000   22.5000   -7.500014718.3857   15.0205
    0.0000   22.5000   -7.500015462.2793   15.0122
    7.5000   22.5000   -7.500014714.7188   15.0174
   -7.5000   30.0000   -7.500013749.8916   14.8252
    0.0000   30.0000   -7.500014417.7539   14.8165
    7.5000   30.0000   -7.500013694.6328   14.8246
   -7.5000   37.5000   -7.500013104.9023   14.8098
    0.0000   37.5000   -7.500013710.8672   14.7994
    7.5000   37.5000   -7.500013030.3535   14.8114
   -7.5000   45.0000   -7.500011942.2100   14.4539
    0.0000   45.0000   -7.500012466.5186   14.4436
    7.5000   45.0000   -7.500011861.6133   14.4563
   -7.5000  -45.0000    0.000011449.9902   15.0911
    0.0000  -45.0000    0.000012005.0869   15.0798
    7.5000  -45.0000    0.000011483.8340   15.0847
   -7.5000  -37.5000    0.000012307.3447   15.0565
    0.0000  -37.5000    0.000012897.2393   15.0490
    7.5000  -37.5000    0.000012341.3594   15.0524
   -7.5000  -30.0000    0.000013604.0684   15.0683
    0.0000  -30.0000    0.000014240.2393   15.0625
    7.5000  -30.0000    0.000013614.9717   15.0646
   -7.5000  -22.5000    0.000014810.7598   15.0723
    0.0000  -22.5000    0.000015494.9521   15.0653
    7.5000  -22.5000    0.000014835.8018   15.0679
   -7.5000  -15.0000    0.000015875.9297   15.0647
    0.0000  -15.0000    0.000016669.2559   15.0548
    7.5000  -15.0000    0.000015925.9990   15.0596
   -7.5000   -7.5000    0.000016932.9434   15.0526
    0.0000   -7.5000    0.000017926.8730   15.0403
    7.5000   -7.5000    0.000016958.6699   15.0461
   -7.5000    0.0000    0.000017993.7773   15.0478
    0.0000    0.0000    0.000019150.0234   15.0367
    7.5000    0.0000    0.000017991.2129   15.0420
   -7.5000    7.5000    0.000017389.2285   15.0560
    0.0000    7.5000    0.000018473.8223   15.0485
    7.5000    7.5000    0.000017373.4961   15.0519
   -7.5000   15.0000    0.000016453.1504   15.0683
    0.0000   15.0000    0.000017455.5957   15.0625
    7.5000   15.0000    0.000016458.8965   15.0645
   -7.5000   22.5000    0.000015398.0117   15.0654
    0.0000   22.5000    0.000016269.9111   15.0583
    7.5000   22.5000    0.000015393.5830   15.0609
   -7.5000   30.0000    0.000014338.2920   14.8698
    0.0000   30.0000    0.000015074.6924   14.8600
    7.5000   30.0000    0.000014296.7148   14.8647
   -7.5000   37.5000    0.000013660.1514   14.8578
    0.0000   37.5000    0.000014295.9336   14.8456
    7.5000   37.5000    0.000013577.7744   14.8514
   -7.5000   45.0000    0.000012462.9004   14.5044
    0.0000   45.0000    0.000012996.2100   14.4937
    7.5000   45.0000    0.000012371.2305   14.4987
   -7.5000  -45.0000    7.500011039.7090   15.1015
    0.0000  -45.0000    7.500011540.5195   15.0898
    7.5000  -45.0000    7.500011049.2930   15.0832
   -7.5000  -37.5000    7.500011873.4072   15.0594
    0.0000  -37.5000    7.500012433.7451   15.0527
    7.5000  -37.5000    7.500011880.5508   15.0464
   -7.5000  -30.0000    7.500013133.3203   15.0628
    0.0000  -30.0000    7.500013782.5420   15.0577
    7.5000  -30.0000    7.500013153.0186   15.0516
   -7.5000  -22.5000    7.500014316.7510   15.0659
    0.0000  -22.5000    7.500015044.6953   15.0584
    7.5000  -22.5000    7.500014339.5830   15.0532
   -7.5000  -15.0000    7.500015345.8418   15.0654
    0.0000  -15.0000    7.500016153.7920   15.0539
    7.5000  -15.0000    7.500015386.1270   15.0493
   -7.5000   -7.5000    7.500016287.3975   15.0615
    0.0000   -7.5000    7.500017301.2676   15.0476
    7.5000   -7.5000    7.500016331.0244   15.0422
   -7.5000    0.0000    7.500017238.0156   15.0581
    0.0000    0.0000    7.500018316.8359   15.0467
    7.5000    0.0000    7.500017262.6602   15.0405
   -7.5000    7.5000    7.500016705.5156   15.0589
    0.0000    7.5000    7.500017731.7031   15.0521
    7.5000    7.5000    7.500016730.8750   15.0459
   -7.5000   15.0000    7.500015878.8037   15.0628
    0.0000   15.0000    7.500016846.0625   15.0577
    7.5000   15.0000    7.500015898.6650   15.0515
   -7.5000   22.5000    7.500014861.6631   15.0590
    0.0000   22.5000    7.500015684.5430   15.0514
    7.5000   22.5000    7.500014864.8438   15.0463
   -7.5000   30.0000    7.500013759.9746   14.8704
    0.0000   30.0000    7.500014466.9727   14.8591
    7.5000   30.0000    7.500013737.6436   14.8545
   -7.5000   37.5000    7.500013112.2266   14.8666
    0.0000   37.5000    7.500013723.1777   14.8529
    7.5000   37.5000    7.500013053.1904   14.8476
   -7.5000   45.0000    7.500011954.3174   14.5143
    0.0000   45.0000    7.500012481.2236   14.5033
    7.5000   45.0000    7.500011897.6416   14.4973
   -7.5000  -45.0000   15.000010503.4971   15.0923
    0.0000  -45.0000   15.000011015.8291   15.0810
    7.5000  -45.0000   15.000010528.9541   15.0712
   -7.5000  -37.5000   15.000011292.1836   15.0440
    0.0000  -37.5000   15.000011846.1064   15.0366
    7.5000  -37.5000   15.000011311.3291   15.0275
   -7.5000  -30.0000   15.000012482.7178   15.0420
    0.0000  -30.0000   15.000013089.6611   15.0354
    7.5000  -30.0000   15.000012502.5137   15.0258
   -7.5000  -22.5000   15.000013601.6250   15.0467
    0.0000  -22.5000   15.000014228.8770   15.0380
    7.5000  -22.5000   15.000013597.9590   15.0283
   -7.5000  -15.0000   15.000014585.0752   15.0529
    0.0000  -15.0000   15.000015276.2061   15.0413
    7.5000  -15.0000   15.000014585.8662   15.0314
   -7.5000   -7.5000   15.000015493.7617   15.0538
    0.0000   -7.5000   15.000016255.5459   15.0405
    7.5000   -7.5000   15.000015519.9170   15.0304
   -7.5000    0.0000   15.000016294.2842   15.0490
    0.0000    0.0000   15.000017053.1914   15.0380
    7.5000    0.0000   15.000016355.2773   15.0286
   -7.5000    7.5000   15.000015807.1045   15.0435
    0.0000    7.5000   15.000016532.9434   15.0361
    7.5000    7.5000   15.000015890.9023   15.0270
   -7.5000   15.0000   15.000015090.2695   15.0420
    0.0000   15.0000   15.000015818.0742   15.0353
    7.5000   15.0000   15.000015146.2070   15.0257
   -7.5000   22.5000   15.000014166.8848   15.0397
    0.0000   22.5000   15.000014842.2939   15.0311
    7.5000   22.5000   15.000014197.0234   15.0213
   -7.5000   30.0000   15.000013080.8574   14.8581
    0.0000   30.0000   15.000013665.3457   14.8466
    7.5000   30.0000   15.000013070.1543   14.8368
   -7.5000   37.5000   15.000012466.3350   14.8590
    0.0000   37.5000   15.000013011.7354   14.8458
    7.5000   37.5000   15.000012425.1387   14.8359
   -7.5000   45.0000   15.000011351.1377   14.5055
    0.0000   45.0000   15.000011855.0654   14.4949
    7.5000   45.0000   15.000011321.6367   14.4858
   -7.5000  -45.0000   22.5000 9828.3555   15.1306
    0.0000  -45.0000   22.500010311.8086   15.1201
    7.5000  -45.0000   22.5000 9864.4258   15.1195
   -7.5000  -37.5000   22.500010564.3184   15.0835
    0.0000  -37.5000   22.500011073.8516   15.0747
    7.5000  -37.5000   22.500010591.3447   15.0735
   -7.5000  -30.0000   22.500011677.9180   15.0859
    0.0000  -30.0000   22.500012212.3604   15.0771
    7.5000  -30.0000   22.500011690.8574   15.0729
   -7.5000  -22.5000   22.500012712.1006   15.0944
    0.0000  -22.5000   22.500013266.4482   15.0850
    7.5000  -22.5000   22.500012713.8584   15.0790
   -7.5000  -15.0000   22.500013630.2285   15.1001
    0.0000  -15.0000   22.500014253.5703   15.0899
    7.5000  -15.0000   22.500013648.9121   15.0846
   -7.5000   -7.5000   22.500014505.5156   15.0960
    0.0000   -7.5000   22.500015147.3320   15.0848
    7.5000   -7.5000   22.500014537.0801   15.0822
   -7.5000    0.0000   22.500015245.1641   15.0872
    0.0000    0.0000   22.500015878.5645   15.0770
    7.5000    0.0000   22.500015259.0527   15.0767
   -7.5000    7.5000   22.500014834.9004   15.0830
    0.0000    7.5000   22.500015449.4961   15.0742
    7.5000    7.5000   22.500014871.8633   15.0730
   -7.5000   15.0000   22.500014191.3428   15.0859
    0.0000   15.0000   22.500014804.2568   15.0771
    7.5000   15.0000   22.500014206.7881   15.0728
   -7.5000   22.5000   22.500013342.5879   15.0874
    0.0000   22.5000   22.500013931.8486   15.0780
    7.5000   22.5000   22.500013349.2256   15.0720
   -7.5000   30.0000   22.500012290.2451   14.9047
    0.0000   30.0000   22.500012803.6172   14.8946
    7.5000   30.0000   22.500012265.2676   14.8894
   -7.5000   37.5000   22.500011680.8252   14.9006
    0.0000   37.5000   22.500012194.9043   14.8896
    7.5000   37.5000   22.500011652.3486   14.8870
   -7.5000   45.0000   22.500010651.9814   14.5423
    0.0000   45.0000   22.500011122.1094   14.5325
    7.5000   45.0000   22.500010614.5781   14.5322
   -7.5000  -45.0000   30.0000 9063.2725   15.2517
    0.0000  -45.0000   30.0000 9495.9092   15.2410
    7.5000  -45.0000   30.0000 9091.8174   15.2515
   -7.5000  -37.5000   30.0000 9745.0244   15.2108
    0.0000  -37.5000   30.000010208.3652   15.2006
    7.5000  -37.5000   30.0000 9763.7090   15.2085
   -7.5000  -30.0000   30.000010776.8281   15.2223
    0.0000  -30.0000   30.000011268.9941   15.2119
    7.5000  -30.0000   30.000010797.5391   15.2149
   -7.5000  -22.5000   30.000011738.4346   15.2329
    0.0000  -22.5000   30.000012273.0654   15.2231
    7.5000  -22.5000   30.000011756.6035   15.2240
   -7.5000  -15.0000   30.000012623.5781   15.2322
    0.0000  -15.0000   30.000013196.8154   15.2229
    7.5000  -15.0000   30.000012643.8662   15.2262
   -7.5000   -7.5000   30.000013427.2334   15.2189
    0.0000   -7.5000   30.000013990.8760   15.2088
    7.5000   -7.5000   30.000013438.8115   15.2171
   -7.5000    0.0000   30.000014088.0938   15.2076
    0.0000    0.0000   30.000014660.8906   15.1972
    7.5000    0.0000   30.000014083.1367   15.2080
   -7.5000    7.5000   30.000013731.1885   15.2103
    0.0000    7.5000   30.000014294.5283   15.2001
    7.5000    7.5000   30.000013734.6270   15.2080
   -7.5000   15.0000   30.000013152.9551   15.2223
    0.0000   15.0000   30.000013694.7725   15.2118
    7.5000   15.0000   30.000013145.8672   15.2149
   -7.5000   22.5000   30.000012396.5264   15.2259
    0.0000   22.5000   30.000012918.2930   15.2161
    7.5000   22.5000   30.000012379.6562   15.2169
   -7.5000   30.0000   30.000011415.9600   15.0350
    0.0000   30.0000   30.000011883.7354   15.0259
    7.5000   30.0000   30.000011375.7129   15.0292
   -7.5000   37.5000   30.000010835.1592   15.0219
    0.0000   37.5000   30.000011297.5049   15.0120
    7.5000   37.5000   30.000010804.6230   15.0201
   -7.5000   45.0000   30.0000 9889.6152   14.6584
    0.0000   45.0000   30.000010306.9795   14.6484
    7.5000   45.0000   30.0000 9848.5410   14.6587
   -7.5000  -45.0000   37.5000 8656.8623   15.5752
    0.0000  -45.0000   37.5000 9075.8682   15.5638
    7.5000  -45.0000   37.5000 8684.6572   15.5762
   -7.5000  -37.5000   37.5000 9311.2959   15.5392
    0.0000  -37.5000   37.5000 9753.6562   15.5293
    7.5000  -37.5000   37.5000 9334.9043   15.5388
   -7.5000  -30.0000   37.500010301.0303   15.5549
    0.0000  -30.0000   37.500010788.6875   15.5458
    7.5000  -30.0000   37.500010321.1611   15.5512
   -7.5000  -22.5000   37.500011238.2764   15.5620
    0.0000  -22.5000   37.500011756.7959   15.5533
    7.5000  -22.5000   37.500011262.6455   15.5579
   -7.5000  -15.0000   37.500012104.5244   15.5538
    0.0000  -15.0000   37.500012657.0928   15.5447
    7.5000  -15.0000   37.500012129.6572   15.5525
   -7.5000   -7.5000   37.500012867.1416   15.5372
    0.0000   -7.5000   37.500013397.7451   15.5264
    7.5000   -7.5000   37.500012863.0713   15.5383
   -7.5000    0.0000   37.500013484.7178   15.5292
    0.0000    0.0000   37.500014027.6035   15.5180
    7.5000    0.0000   37.500013473.7100   15.5307
   -7.5000    7.5000   37.500013129.4326   15.5386
    0.0000    7.5000   37.500013664.7607   15.5288
    7.5000    7.5000   37.500013117.6553   15.5383
   -7.5000   15.0000   37.500012588.4424   15.5548
    0.0000   15.0000   37.500013109.6904   15.5457
    7.5000   15.0000   37.500012581.5781   15.5512
   -7.5000   22.5000   37.500011888.2822   15.5548
    0.0000   22.5000   37.500012388.4014   15.5462
    7.5000   22.5000   37.500011866.8691   15.5507
   -7.5000   30.0000   37.500010945.4580   15.3525
    0.0000   30.0000   37.500011405.9570   15.3435
    7.5000   30.0000   37.500010919.7783   15.3512
   -7.5000   37.5000   37.500010394.1445   15.3362
    0.0000   37.5000   37.500010833.1465   15.3254
    7.5000   37.5000   37.500010370.4697   15.3372
   -7.5000   45.0000   37.5000 9482.9668   14.9683
    0.0000   45.0000   37.5000 9884.5713   14.9576
    7.5000   45.0000   37.5000 9453.0762   14.9698
   -7.5000  -45.0000   45.0000 7907.2021   15.9689
    0.0000  -45.0000   45.0000 8277.7539   15.9544
    7.5000  -45.0000   45.0000 7929.2339   15.9572
   -7.5000  -37.5000   45.0000 8520.4902   15.9314
    0.0000  -37.5000   45.0000 8924.2832   15.9207
    7.5000  -37.5000   45.0000 8532.9287   15.9219
   -7.5000  -30.0000   45.0000 9426.2881   15.9466
    0.0000  -30.0000   45.0000 9872.2207   15.9378
    7.5000  -30.0000   45.0000 9428.6475   15.9374
   -7.5000  -22.5000   45.000010312.6016   15.9510
    0.0000  -22.5000   45.000010779.1309   15.9415
    7.5000  -22.5000   45.000010316.0234   15.9419
   -7.5000  -15.0000   45.000011098.1016   15.9410
    0.0000  -15.0000   45.000011578.7998   15.9288
    7.5000  -15.0000   45.000011085.3008   15.9317
   -7.5000   -7.5000   45.000011767.6387   15.9258
    0.0000   -7.5000   45.000012247.7002   15.9108
    7.5000   -7.5000   45.000011745.2314   15.9148
   -7.5000    0.0000   45.000012346.7744   15.9201
    0.0000    0.0000   45.000012849.5342   15.9059
    7.5000    0.0000   45.000012331.8838   15.9090
   -7.5000    7.5000   45.000012016.6787   15.9309
    0.0000    7.5000   45.000012515.9160   15.9202
    7.5000    7.5000   45.000012003.1533   15.9213
   -7.5000   15.0000   45.000011535.6904   15.9465
    0.0000   15.0000   45.000012011.2588   15.9377
    7.5000   15.0000   45.000011518.9658   15.9373
   -7.5000   22.5000   45.000010898.3125   15.9436
    0.0000   22.5000   45.000011347.8965   15.9341
    7.5000   22.5000   45.000010873.4902   15.9345
   -7.5000   30.0000   45.000010047.2080   15.7333
    0.0000   30.0000   45.000010486.1035   15.7213
    7.5000   30.0000   45.000010025.0586   15.7242
   -7.5000   37.5000   45.0000 9542.4062   15.7184
    0.0000   37.5000   45.0000 9954.2129   15.7035
    7.5000   37.5000   45.0000 9511.8965   15.7075
   -7.5000   45.0000   45.0000 8714.2373   15.3521
    0.0000   45.0000   45.0000 9079.3516   15.3384
    7.5000   45.0000   45.0000 8667.9453   15.3414

---------------------------------------------------------------------
imgreg_4dfp /opt/freesurfer/average/711-2C_as_mni_average_305 /opt/freesurfer/average/711-2B_as_mni_average_305_mask talsrcimg_g11 none talsrcimg_to_711-2C_as_mni_average_305_t4 4355
---------------------------------------------------------------------

freesurfer imgreg_4dfp.c
/opt/freesurfer/average/711-2C_as_mni_average_305.4dfp.img
       256       256       256         1
  1.000000  1.000000  1.000000
orientation T byte_order littleendian
Reading image: /opt/freesurfer/average/711-2C_as_mni_average_305.4dfp.img
dimensions:      256       256       256
mmppix:       1.0000   -1.0000   -1.0000
center:     128.0000 -129.0000 -129.0000
/opt/freesurfer/average/711-2B_as_mni_average_305_mask.4dfp.img
       256       256       256         1
  1.000000  1.000000  1.000000
orientation T byte_order littleendian
Reading mask: /opt/freesurfer/average/711-2B_as_mni_average_305_mask.4dfp.img (2306576 pixels)
talsrcimg_g11.4dfp.img
       256       256       256         1
  1.000000  1.000000  1.000000
orientation T byte_order littleendian
Reading image: talsrcimg_g11.4dfp.img
dimensions:      256       256       256
mmppix:       1.0000   -1.0000   -1.0000
center:     128.0000 -129.0000 -129.0000
rotation matrix determinant  1.000000
image alignment mode   4355 decimal     1103 hex
   -7.5000  -45.0000  -45.0000 2175.6331   15.1837
    0.0000  -45.0000  -45.0000 2192.0193   15.0851
    7.5000  -45.0000  -45.0000 2181.9211   15.2013
   -7.5000  -37.5000  -45.0000 2279.0168   13.8499
    0.0000  -37.5000  -45.0000 2295.2939   13.7546
    7.5000  -37.5000  -45.0000 2284.8804   13.8827
   -7.5000  -30.0000  -45.0000 2366.1187   12.8449
    0.0000  -30.0000  -45.0000 2384.1577   12.7798
    7.5000  -30.0000  -45.0000 2370.9026   12.9034
   -7.5000  -22.5000  -45.0000 2418.1626   12.1587
    0.0000  -22.5000  -45.0000 2438.5378   12.0730
    7.5000  -22.5000  -45.0000 2422.3235   12.2022
   -7.5000  -15.0000  -45.0000 2441.9780   11.7592
    0.0000  -15.0000  -45.0000 2467.0615   11.6407
    7.5000  -15.0000  -45.0000 2447.4580   11.7705
   -7.5000   -7.5000  -45.0000 2448.1780   11.5863
    0.0000   -7.5000  -45.0000 2472.9897   11.4532
    7.5000   -7.5000  -45.0000 2454.2715   11.5928
   -7.5000    0.0000  -45.0000 2443.7705   11.5975
    0.0000    0.0000  -45.0000 2461.5469   11.4779
    7.5000    0.0000  -45.0000 2446.8721   11.6041
   -7.5000    7.5000  -45.0000 2431.9648   11.8192
    0.0000    7.5000  -45.0000 2449.9302   11.6645
    7.5000    7.5000  -45.0000 2433.4182   11.8169
   -7.5000   15.0000  -45.0000 2396.9167   12.2287
    0.0000   15.0000  -45.0000 2413.1794   12.1093
    7.5000   15.0000  -45.0000 2393.2097   12.2545
   -7.5000   22.5000  -45.0000 2340.1055   12.8851
    0.0000   22.5000  -45.0000 2361.5615   12.7609
    7.5000   22.5000  -45.0000 2337.0786   12.9179
   -7.5000   30.0000  -45.0000 2262.4294   13.7521
    0.0000   30.0000  -45.0000 2278.6394   13.6346
    7.5000   30.0000  -45.0000 2258.5068   13.7944
   -7.5000   37.5000  -45.0000 2166.1897   14.9412
    0.0000   37.5000  -45.0000 2182.5376   14.7808
    7.5000   37.5000  -45.0000 2161.5481   14.9466
   -7.5000   45.0000  -45.0000 2058.6702   16.5101
    0.0000   45.0000  -45.0000 2069.6011   16.3475
    7.5000   45.0000  -45.0000 2051.5498   16.5170
   -7.5000  -45.0000  -37.5000 2247.8735   14.3333
    0.0000  -45.0000  -37.5000 2261.6650   14.2210
    7.5000  -45.0000  -37.5000 2252.1018   14.3435
   -7.5000  -37.5000  -37.5000 2358.9319   13.0290
    0.0000  -37.5000  -37.5000 2376.4883   12.9412
    7.5000  -37.5000  -37.5000 2362.3110   13.0532
   -7.5000  -30.0000  -37.5000 2446.3872   12.0368
    0.0000  -30.0000  -37.5000 2467.9492   11.9741
    7.5000  -30.0000  -37.5000 2451.6921   12.0906
   -7.5000  -22.5000  -37.5000 2507.8892   11.3511
    0.0000  -22.5000  -37.5000 2527.9434   11.2621
    7.5000  -22.5000  -37.5000 2512.8022   11.3678
   -7.5000  -15.0000  -37.5000 2536.8909   10.9457
    0.0000  -15.0000  -37.5000 2559.9490   10.8209
    7.5000  -15.0000  -37.5000 2543.3928   10.9556
   -7.5000   -7.5000  -37.5000 2552.9006   10.7609
    0.0000   -7.5000  -37.5000 2577.1458   10.6282
    7.5000   -7.5000  -37.5000 2557.8845   10.7743
   -7.5000    0.0000  -37.5000 2547.2749   10.7920
    0.0000    0.0000  -37.5000 2566.9917   10.6780
    7.5000    0.0000  -37.5000 2550.1973   10.8144
   -7.5000    7.5000  -37.5000 2532.7795   10.9799
    0.0000    7.5000  -37.5000 2551.8860   10.8474
    7.5000    7.5000  -37.5000 2531.7910   11.0090
   -7.5000   15.0000  -37.5000 2500.9351   11.3364
    0.0000   15.0000  -37.5000 2518.5173   11.2088
    7.5000   15.0000  -37.5000 2497.4668   11.3733
   -7.5000   22.5000  -37.5000 2443.3701   11.9053
    0.0000   22.5000  -37.5000 2464.3950   11.7890
    7.5000   22.5000  -37.5000 2440.8804   11.9557
   -7.5000   30.0000  -37.5000 2361.9851   12.7113
    0.0000   30.0000  -37.5000 2381.1306   12.5878
    7.5000   30.0000  -37.5000 2355.0251   12.7475
   -7.5000   37.5000  -37.5000 2255.4902   13.8114
    0.0000   37.5000  -37.5000 2272.1450   13.6491
    7.5000   37.5000  -37.5000 2252.0742   13.8111
   -7.5000   45.0000  -37.5000 2137.5168   15.2471
    0.0000   45.0000  -37.5000 2152.0144   15.0883
    7.5000   45.0000  -37.5000 2134.2810   15.2635
   -7.5000  -45.0000  -30.0000 2349.1907   14.0367
    0.0000  -45.0000  -30.0000 2365.8240   13.9491
    7.5000  -45.0000  -30.0000 2354.5063   14.0777
   -7.5000  -37.5000  -30.0000 2467.5029   12.7262
    0.0000  -37.5000  -30.0000 2488.2166   12.6374
    7.5000  -37.5000  -30.0000 2474.4788   12.7699
   -7.5000  -30.0000  -30.0000 2560.5066   11.7020
    0.0000  -30.0000  -30.0000 2582.8066   11.5988
    7.5000  -30.0000  -30.0000 2566.1431   11.7364
   -7.5000  -22.5000  -30.0000 2635.1616   10.9808
    0.0000  -22.5000  -30.0000 2653.3489   10.8630
    7.5000  -22.5000  -30.0000 2637.4495   10.9825
   -7.5000  -15.0000  -30.0000 2673.1494   10.5342
    0.0000  -15.0000  -30.0000 2694.9966   10.4309
    7.5000  -15.0000  -30.0000 2679.9880   10.5485
   -7.5000   -7.5000  -30.0000 2699.8970   10.3231
    0.0000   -7.5000  -30.0000 2720.0083   10.2113
    7.5000   -7.5000  -30.0000 2699.3567   10.3476
   -7.5000    0.0000  -30.0000 2699.6438   10.3592
    0.0000    0.0000  -30.0000 2720.1467   10.2526
    7.5000    0.0000  -30.0000 2698.6997   10.4016
   -7.5000    7.5000  -30.0000 2685.5295   10.5555
    0.0000    7.5000  -30.0000 2706.7039   10.4345
    7.5000    7.5000  -30.0000 2681.4067   10.5962
   -7.5000   15.0000  -30.0000 2651.2690   10.8991
    0.0000   15.0000  -30.0000 2671.8921   10.7793
    7.5000   15.0000  -30.0000 2647.4036   10.9530
   -7.5000   22.5000  -30.0000 2590.5190   11.4372
    0.0000   22.5000  -30.0000 2613.5862   11.3013
    7.5000   22.5000  -30.0000 2586.9385   11.4764
   -7.5000   30.0000  -30.0000 2500.8811   12.2145
    0.0000   30.0000  -30.0000 2520.4299   12.0838
    7.5000   30.0000  -30.0000 2493.5564   12.2321
   -7.5000   37.5000  -30.0000 2385.2249   13.2851
    0.0000   37.5000  -30.0000 2401.8586   13.1132
    7.5000   37.5000  -30.0000 2380.8599   13.2591
   -7.5000   45.0000  -30.0000 2255.8835   14.6962
    0.0000   45.0000  -30.0000 2270.8801   14.5145
    7.5000   45.0000  -30.0000 2251.5886   14.6545
   -7.5000  -45.0000  -22.5000 2410.7039   13.6848
    0.0000  -45.0000  -22.5000 2426.8225   13.5681
    7.5000  -45.0000  -22.5000 2417.5110   13.7143
   -7.5000  -37.5000  -22.5000 2535.3215   12.3596
    0.0000  -37.5000  -22.5000 2555.3647   12.2571
    7.5000  -37.5000  -22.5000 2544.6396   12.3962
   -7.5000  -30.0000  -22.5000 2636.9302   11.3235
    0.0000  -30.0000  -22.5000 2656.5186   11.2060
    7.5000  -30.0000  -22.5000 2641.6841   11.3453
   -7.5000  -22.5000  -22.5000 2719.4519   10.5755
    0.0000  -22.5000  -22.5000 2744.1199   10.4617
    7.5000  -22.5000  -22.5000 2727.0164   10.5948
   -7.5000  -15.0000  -22.5000 2770.2935   10.0766
    0.0000  -15.0000  -22.5000 2795.5969    9.9709
    7.5000  -15.0000  -22.5000 2775.4316   10.0957
   -7.5000   -7.5000  -22.5000 2806.3931    9.8349
    0.0000   -7.5000  -22.5000 2831.2966    9.7227
    7.5000   -7.5000  -22.5000 2806.4937    9.8535
   -7.5000    0.0000  -22.5000 2822.1394    9.8363
    0.0000    0.0000  -22.5000 2844.4856    9.7222
    7.5000    0.0000  -22.5000 2816.8696    9.8648
   -7.5000    7.5000  -22.5000 2812.5454   10.0573
    0.0000    7.5000  -22.5000 2835.1138    9.9257
    7.5000    7.5000  -22.5000 2803.8899   10.0848
   -7.5000   15.0000  -22.5000 2771.3157   10.4234
    0.0000   15.0000  -22.5000 2796.2700   10.2882
    7.5000   15.0000  -22.5000 2770.6025   10.4572
   -7.5000   22.5000  -22.5000 2703.7676   10.9405
    0.0000   22.5000  -22.5000 2725.9941   10.8023
    7.5000   22.5000  -22.5000 2699.0439   10.9670
   -7.5000   30.0000  -22.5000 2607.7261   11.6944
    0.0000   30.0000  -22.5000 2627.2527   11.5559
    7.5000   30.0000  -22.5000 2601.3977   11.7118
   -7.5000   37.5000  -22.5000 2486.7581   12.7217
    0.0000   37.5000  -22.5000 2504.2166   12.5603
    7.5000   37.5000  -22.5000 2481.8181   12.7192
   -7.5000   45.0000  -22.5000 2347.3567   14.1087
    0.0000   45.0000  -22.5000 2365.9482   13.9139
    7.5000   45.0000  -22.5000 2340.6458   14.0753
   -7.5000  -45.0000  -15.0000 2433.9375   13.4122
    0.0000  -45.0000  -15.0000 2455.8623   13.2401
    7.5000  -45.0000  -15.0000 2444.4756   13.4006
   -7.5000  -37.5000  -15.0000 2562.1812   12.0871
    0.0000  -37.5000  -15.0000 2588.3748   11.9430
    7.5000  -37.5000  -15.0000 2577.9526   12.0909
   -7.5000  -30.0000  -15.0000 2666.9561   11.0351
    0.0000  -30.0000  -15.0000 2692.9028   10.8960
    7.5000  -30.0000  -15.0000 2681.9368   11.0574
   -7.5000  -22.5000  -15.0000 2762.8308   10.2423
    0.0000  -22.5000  -15.0000 2788.6301   10.1240
    7.5000  -22.5000  -15.0000 2772.8828   10.2611
   -7.5000  -15.0000  -15.0000 2827.5032    9.6973
    0.0000  -15.0000  -15.0000 2851.7202    9.5885
    7.5000  -15.0000  -15.0000 2834.6704    9.7197
   -7.5000   -7.5000  -15.0000 2877.8259    9.4242
    0.0000   -7.5000  -15.0000 2902.5730    9.2904
    7.5000   -7.5000  -15.0000 2877.6189    9.4408
   -7.5000    0.0000  -15.0000 2898.7354    9.3898
    0.0000    0.0000  -15.0000 2927.3438    9.2486
    7.5000    0.0000  -15.0000 2891.6907    9.4230
   -7.5000    7.5000  -15.0000 2897.5869    9.5975
    0.0000    7.5000  -15.0000 2924.0486    9.4459
    7.5000    7.5000  -15.0000 2886.5996    9.6188
   -7.5000   15.0000  -15.0000 2854.6628    9.9757
    0.0000   15.0000  -15.0000 2881.9746    9.8234
    7.5000   15.0000  -15.0000 2851.2087    9.9952
   -7.5000   22.5000  -15.0000 2782.4670   10.4749
    0.0000   22.5000  -15.0000 2807.5225   10.3433
    7.5000   22.5000  -15.0000 2778.5168   10.5157
   -7.5000   30.0000  -15.0000 2676.5640   11.2189
    0.0000   30.0000  -15.0000 2699.4944   11.0713
    7.5000   30.0000  -15.0000 2670.7913   11.2475
   -7.5000   37.5000  -15.0000 2549.8506   12.2355
    0.0000   37.5000  -15.0000 2571.6685   12.0543
    7.5000   37.5000  -15.0000 2545.6091   12.2455
   -7.5000   45.0000  -15.0000 2403.9490   13.5786
    0.0000   45.0000  -15.0000 2425.9207   13.3802
    7.5000   45.0000  -15.0000 2398.4922   13.5757
   -7.5000  -45.0000   -7.5000 2434.7322   13.2262
    0.0000  -45.0000   -7.5000 2459.0181   13.0575
    7.5000  -45.0000   -7.5000 2450.3528   13.2074
   -7.5000  -37.5000   -7.5000 2563.5034   11.8981
    0.0000  -37.5000   -7.5000 2586.1562   11.7545
    7.5000  -37.5000   -7.5000 2577.8882   11.8887
   -7.5000  -30.0000   -7.5000 2675.0007   10.8251
    0.0000  -30.0000   -7.5000 2701.0286   10.7071
    7.5000  -30.0000   -7.5000 2687.1060   10.8307
   -7.5000  -22.5000   -7.5000 2777.3811   10.0039
    0.0000  -22.5000   -7.5000 2803.3474    9.8944
    7.5000  -22.5000   -7.5000 2786.4133   10.0156
   -7.5000  -15.0000   -7.5000 2855.1030    9.4420
    0.0000  -15.0000   -7.5000 2883.1143    9.3305
    7.5000  -15.0000   -7.5000 2865.7324    9.4509
   -7.5000   -7.5000   -7.5000 2920.2405    9.1291
    0.0000   -7.5000   -7.5000 2946.7002    9.0181
    7.5000   -7.5000   -7.5000 2925.5813    9.1345
   -7.5000    0.0000   -7.5000 2955.4734    9.0848
    0.0000    0.0000   -7.5000 2988.5715    8.9632
    7.5000    0.0000   -7.5000 2949.4062    9.0965
   -7.5000    7.5000   -7.5000 2957.4014    9.2536
    0.0000    7.5000   -7.5000 2990.4094    9.1085
    7.5000    7.5000   -7.5000 2941.9229    9.2690
   -7.5000   15.0000   -7.5000 2907.6924    9.6046
    0.0000   15.0000   -7.5000 2942.7800    9.4771
    7.5000   15.0000   -7.5000 2896.9485    9.6114
   -7.5000   22.5000   -7.5000 2833.0791   10.0802
    0.0000   22.5000   -7.5000 2860.0874    9.9642
    7.5000   22.5000   -7.5000 2825.9976   10.1048
   -7.5000   30.0000   -7.5000 2723.5571   10.7935
    0.0000   30.0000   -7.5000 2747.1577   10.6774
    7.5000   30.0000   -7.5000 2718.5422   10.8217
   -7.5000   37.5000   -7.5000 2589.2649   11.8170
    0.0000   37.5000   -7.5000 2611.6824   11.6673
    7.5000   37.5000   -7.5000 2584.2913   11.8157
   -7.5000   45.0000   -7.5000 2440.2595   13.1447
    0.0000   45.0000   -7.5000 2461.2026   12.9834
    7.5000   45.0000   -7.5000 2433.2856   13.1353
   -7.5000  -45.0000    0.0000 2418.4214   13.2613
    0.0000  -45.0000    0.0000 2444.4619   13.0908
    7.5000  -45.0000    0.0000 2433.7585   13.2265
   -7.5000  -37.5000    0.0000 2543.4324   11.8753
    0.0000  -37.5000    0.0000 2566.1069   11.7251
    7.5000  -37.5000    0.0000 2556.4998   11.8564
   -7.5000  -30.0000    0.0000 2659.0725   10.7884
    0.0000  -30.0000    0.0000 2682.3069   10.6382
    7.5000  -30.0000    0.0000 2669.6433   10.7583
   -7.5000  -22.5000    0.0000 2769.8499    9.9372
    0.0000  -22.5000    0.0000 2789.7048    9.8097
    7.5000  -22.5000    0.0000 2775.5742    9.9266
   -7.5000  -15.0000    0.0000 2859.4482    9.3283
    0.0000  -15.0000    0.0000 2884.7961    9.2198
    7.5000  -15.0000    0.0000 2866.8191    9.3397
   -7.5000   -7.5000    0.0000 2935.1594    9.0041
    0.0000   -7.5000    0.0000 2963.4934    8.9119
    7.5000   -7.5000    0.0000 2942.8228    8.9992
   -7.5000    0.0000    0.0000 2987.4661    8.9628
    0.0000    0.0000    0.0000 3026.7581    8.9077
    7.5000    0.0000    0.0000 2986.7366    8.9420
   -7.5000    7.5000    0.0000 2988.9963    9.1003
    0.0000    7.5000    0.0000 3035.1755    9.0313
    7.5000    7.5000    0.0000 2977.9207    9.0985
   -7.5000   15.0000    0.0000 2940.3447    9.3738
    0.0000   15.0000    0.0000 2979.0852    9.2918
    7.5000   15.0000    0.0000 2929.3748    9.3786
   -7.5000   22.5000    0.0000 2860.7869    9.8650
    0.0000   22.5000    0.0000 2886.5220    9.7468
    7.5000   22.5000    0.0000 2848.8242    9.8736
   -7.5000   30.0000    0.0000 2747.5244   10.5892
    0.0000   30.0000    0.0000 2767.9944   10.4560
    7.5000   30.0000    0.0000 2738.9944   10.5964
   -7.5000   37.5000    0.0000 2609.6382   11.6105
    0.0000   37.5000    0.0000 2629.6462   11.4502
    7.5000   37.5000    0.0000 2601.7087   11.6011
   -7.5000   45.0000    0.0000 2456.1987   12.9146
    0.0000   45.0000    0.0000 2474.5916   12.7508
    7.5000   45.0000    0.0000 2449.6201   12.9152
   -7.5000  -45.0000    7.5000 2395.0039   13.4887
    0.0000  -45.0000    7.5000 2417.3657   13.2738
    7.5000  -45.0000    7.5000 2405.2019   13.3866
   -7.5000  -37.5000    7.5000 2510.9983   12.0735
    0.0000  -37.5000    7.5000 2534.4619   11.8741
    7.5000  -37.5000    7.5000 2519.1917   12.0106
   -7.5000  -30.0000    7.5000 2627.8110   10.9387
    0.0000  -30.0000    7.5000 2648.5200   10.7904
    7.5000  -30.0000    7.5000 2633.0596   10.9082
   -7.5000  -22.5000    7.5000 2743.6167   10.0523
    0.0000  -22.5000    7.5000 2762.9355    9.9329
    7.5000  -22.5000    7.5000 2743.7986   10.0434
   -7.5000  -15.0000    7.5000 2846.4209    9.3941
    0.0000  -15.0000    7.5000 2866.9265    9.2922
    7.5000  -15.0000    7.5000 2844.4048    9.4038
   -7.5000   -7.5000    7.5000 2934.9839    9.0283
    0.0000   -7.5000    7.5000 2957.9812    8.9427
    7.5000   -7.5000    7.5000 2931.0610    9.0233
   -7.5000    0.0000    7.5000 2996.7305    8.9260
    0.0000    0.0000    7.5000 3034.7634    8.8655
    7.5000    0.0000    7.5000 2989.6318    8.9315
   -7.5000    7.5000    7.5000 2996.9075    9.0544
    0.0000    7.5000    7.5000 3043.1306    8.9548
    7.5000    7.5000    7.5000 2989.1306    9.0557
   -7.5000   15.0000    7.5000 2942.3303    9.3780
    0.0000   15.0000    7.5000 2983.6213    9.2525
    7.5000   15.0000    7.5000 2932.3010    9.3641
   -7.5000   22.5000    7.5000 2856.8164    9.8936
    0.0000   22.5000    7.5000 2880.7832    9.7626
    7.5000   22.5000    7.5000 2842.7944    9.8863
   -7.5000   30.0000    7.5000 2743.0095   10.6108
    0.0000   30.0000    7.5000 2761.0059   10.4727
    7.5000   30.0000    7.5000 2731.1343   10.6174
   -7.5000   37.5000    7.5000 2607.9631   11.5927
    0.0000   37.5000    7.5000 2620.8464   11.4430
    7.5000   37.5000    7.5000 2598.3462   11.5813
   -7.5000   45.0000    7.5000 2454.3193   12.8701
    0.0000   45.0000    7.5000 2468.1509   12.7033
    7.5000   45.0000    7.5000 2448.0886   12.8526
   -7.5000  -45.0000   15.0000 2362.9524   13.8535
    0.0000  -45.0000   15.0000 2383.2312   13.6574
    7.5000  -45.0000   15.0000 2370.4385   13.7776
   -7.5000  -37.5000   15.0000 2477.1768   12.3740
    0.0000  -37.5000   15.0000 2495.7375   12.2031
    7.5000  -37.5000   15.0000 2478.8528   12.3284
   -7.5000  -30.0000   15.0000 2593.1943   11.2145
    0.0000  -30.0000   15.0000 2610.0081   11.0570
    7.5000  -30.0000   15.0000 2592.1780   11.1880
   -7.5000  -22.5000   15.0000 2707.3755   10.3045
    0.0000  -22.5000   15.0000 2724.7371   10.1561
    7.5000  -22.5000   15.0000 2704.3391   10.2839
   -7.5000  -15.0000   15.0000 2813.5173    9.6344
    0.0000  -15.0000   15.0000 2833.2065    9.4805
    7.5000  -15.0000   15.0000 2808.2649    9.6245
   -7.5000   -7.5000   15.0000 2906.4968    9.2394
    0.0000   -7.5000   15.0000 2929.0295    9.1108
    7.5000   -7.5000   15.0000 2899.5342    9.2306
   -7.5000    0.0000   15.0000 2967.6809    9.0841
    0.0000    0.0000   15.0000 3001.9666    8.9743
    7.5000    0.0000   15.0000 2957.4795    9.1132
   -7.5000    7.5000   15.0000 2970.2207    9.1948
    0.0000    7.5000   15.0000 3002.9011    9.0359
    7.5000    7.5000   15.0000 2960.8105    9.2285
   -7.5000   15.0000   15.0000 2917.4758    9.5501
    0.0000   15.0000   15.0000 2952.0298    9.3830
    7.5000   15.0000   15.0000 2907.3782    9.5565
   -7.5000   22.5000   15.0000 2826.3892   10.1025
    0.0000   22.5000   15.0000 2854.1074    9.9426
    7.5000   22.5000   15.0000 2818.7759   10.1004
   -7.5000   30.0000   15.0000 2706.7019   10.8477
    0.0000   30.0000   15.0000 2724.9028   10.6963
    7.5000   30.0000   15.0000 2701.5627   10.8449
   -7.5000   37.5000   15.0000 2577.2014   11.8144
    0.0000   37.5000   15.0000 2589.8289   11.6559
    7.5000   37.5000   15.0000 2568.5732   11.7951
   -7.5000   45.0000   15.0000 2427.2161   13.0373
    0.0000   45.0000   15.0000 2441.8047   12.8853
    7.5000   45.0000   15.0000 2424.5164   13.0284
   -7.5000  -45.0000   22.5000 2322.1414   14.3242
    0.0000  -45.0000   22.5000 2342.6411   14.1411
    7.5000  -45.0000   22.5000 2328.6516   14.3007
   -7.5000  -37.5000   22.5000 2439.4763   12.7980
    0.0000  -37.5000   22.5000 2459.4785   12.6041
    7.5000  -37.5000   22.5000 2440.7915   12.7727
   -7.5000  -30.0000   22.5000 2557.0684   11.6072
    0.0000  -30.0000   22.5000 2573.1875   11.4201
    7.5000  -30.0000   22.5000 2554.0137   11.5898
   -7.5000  -22.5000   22.5000 2669.4639   10.6688
    0.0000  -22.5000   22.5000 2686.7959   10.4899
    7.5000  -22.5000   22.5000 2662.9683   10.6626
   -7.5000  -15.0000   22.5000 2773.2271    9.9950
    0.0000  -15.0000   22.5000 2789.0557    9.8334
    7.5000  -15.0000   22.5000 2762.0901   10.0120
   -7.5000   -7.5000   22.5000 2859.7800    9.6018
    0.0000   -7.5000   22.5000 2882.5320    9.4775
    7.5000   -7.5000   22.5000 2851.6941    9.6169
   -7.5000    0.0000   22.5000 2911.9690    9.4433
    0.0000    0.0000   22.5000 2940.0442    9.2937
    7.5000    0.0000   22.5000 2896.5479    9.4737
   -7.5000    7.5000   22.5000 2910.6602    9.5741
    0.0000    7.5000   22.5000 2933.3645    9.4172
    7.5000    7.5000   22.5000 2900.3584    9.6004
   -7.5000   15.0000   22.5000 2860.9497    9.9235
    0.0000   15.0000   22.5000 2884.4858    9.7802
    7.5000   15.0000   22.5000 2851.5674    9.9451
   -7.5000   22.5000   22.5000 2776.2346   10.4681
    0.0000   22.5000   22.5000 2803.4277   10.3115
    7.5000   22.5000   22.5000 2770.7300   10.4712
   -7.5000   30.0000   22.5000 2659.1450   11.1758
    0.0000   30.0000   22.5000 2675.3550   11.0352
    7.5000   30.0000   22.5000 2654.7786   11.2008
   -7.5000   37.5000   22.5000 2533.6440   12.1246
    0.0000   37.5000   22.5000 2546.9746   11.9995
    7.5000   37.5000   22.5000 2523.4983   12.1461
   -7.5000   45.0000   22.5000 2390.0796   13.3728
    0.0000   45.0000   22.5000 2404.2537   13.2230
    7.5000   45.0000   22.5000 2383.0801   13.3487
   -7.5000  -45.0000   30.0000 2271.3809   14.9572
    0.0000  -45.0000   30.0000 2289.9854   14.7329
    7.5000  -45.0000   30.0000 2270.2197   14.9661
   -7.5000  -37.5000   30.0000 2394.3352   13.3763
    0.0000  -37.5000   30.0000 2413.9336   13.1606
    7.5000  -37.5000   30.0000 2389.9512   13.3744
   -7.5000  -30.0000   30.0000 2511.4587   12.1523
    0.0000  -30.0000   30.0000 2527.8965   11.9384
    7.5000  -30.0000   30.0000 2505.1794   12.1450
   -7.5000  -22.5000   30.0000 2621.8472   11.2147
    0.0000  -22.5000   30.0000 2639.2549   11.0057
    7.5000  -22.5000   30.0000 2613.1638   11.2038
   -7.5000  -15.0000   30.0000 2718.0432   10.5353
    0.0000  -15.0000   30.0000 2733.7041   10.3650
    7.5000  -15.0000   30.0000 2705.5640   10.5382
   -7.5000   -7.5000   30.0000 2794.7500   10.1343
    0.0000   -7.5000   30.0000 2814.9612    9.9564
    7.5000   -7.5000   30.0000 2783.4893   10.1456
   -7.5000    0.0000   30.0000 2833.0410    9.9558
    0.0000    0.0000   30.0000 2854.1648    9.7974
    7.5000    0.0000   30.0000 2816.9573    9.9926
   -7.5000    7.5000   30.0000 2830.0103   10.0829
    0.0000    7.5000   30.0000 2849.9084    9.9351
    7.5000    7.5000   30.0000 2819.2771   10.1088
   -7.5000   15.0000   30.0000 2780.6052   10.4424
    0.0000   15.0000   30.0000 2799.9458   10.3032
    7.5000   15.0000   30.0000 2773.1006   10.4586
   -7.5000   22.5000   30.0000 2705.5579   10.9833
    0.0000   22.5000   30.0000 2727.4368   10.8284
    7.5000   22.5000   30.0000 2697.5698   10.9968
   -7.5000   30.0000   30.0000 2597.4756   11.6684
    0.0000   30.0000   30.0000 2611.9121   11.5188
    7.5000   30.0000   30.0000 2589.4148   11.7057
   -7.5000   37.5000   30.0000 2474.3716   12.5779
    0.0000   37.5000   30.0000 2487.9336   12.4507
    7.5000   37.5000   30.0000 2466.5276   12.6210
   -7.5000   45.0000   30.0000 2336.9761   13.8143
    0.0000   45.0000   30.0000 2349.5735   13.6723
    7.5000   45.0000   30.0000 2333.6277   13.7890
   -7.5000  -45.0000   37.5000 2214.4204   15.7969
    0.0000  -45.0000   37.5000 2229.8008   15.5796
    7.5000  -45.0000   37.5000 2210.4998   15.8248
   -7.5000  -37.5000   37.5000 2335.9900   14.1839
    0.0000  -37.5000   37.5000 2355.8345   13.9370
    7.5000  -37.5000   37.5000 2330.8218   14.1745
   -7.5000  -30.0000   37.5000 2451.4961   12.9064
    0.0000  -30.0000   37.5000 2471.7913   12.6816
    7.5000  -30.0000   37.5000 2444.5632   12.9072
   -7.5000  -22.5000   37.5000 2559.3716   11.9362
    0.0000  -22.5000   37.5000 2578.8267   11.7376
    7.5000  -22.5000   37.5000 2548.7493   11.9457
   -7.5000  -15.0000   37.5000 2648.1201   11.2332
    0.0000  -15.0000   37.5000 2668.5964   11.0536
    7.5000  -15.0000   37.5000 2639.0557   11.2444
   -7.5000   -7.5000   37.5000 2715.1572   10.8049
    0.0000   -7.5000   37.5000 2738.3887   10.6204
    7.5000   -7.5000   37.5000 2704.5186   10.8336
   -7.5000    0.0000   37.5000 2747.2554   10.6216
    0.0000    0.0000   37.5000 2764.2087   10.4725
    7.5000    0.0000   37.5000 2734.4453   10.6592
   -7.5000    7.5000   37.5000 2733.7559   10.7453
    0.0000    7.5000   37.5000 2753.8523   10.5946
    7.5000    7.5000   37.5000 2724.2861   10.7738
   -7.5000   15.0000   37.5000 2686.3743   11.1034
    0.0000   15.0000   37.5000 2705.9089   10.9580
    7.5000   15.0000   37.5000 2680.1243   11.1309
   -7.5000   22.5000   37.5000 2621.5273   11.5964
    0.0000   22.5000   37.5000 2639.4424   11.4377
    7.5000   22.5000   37.5000 2612.1743   11.6113
   -7.5000   30.0000   37.5000 2523.9929   12.2518
    0.0000   30.0000   37.5000 2538.6282   12.1020
    7.5000   30.0000   37.5000 2512.3303   12.2993
   -7.5000   37.5000   37.5000 2406.7451   13.1668
    0.0000   37.5000   37.5000 2420.8345   13.0418
    7.5000   37.5000   37.5000 2400.5581   13.2369
   -7.5000   45.0000   37.5000 2274.3650   14.4099
    0.0000   45.0000   37.5000 2287.4756   14.2721
    7.5000   45.0000   37.5000 2271.9592   14.4275
   -7.5000  -45.0000   45.0000 2147.5203   16.9120
    0.0000  -45.0000   45.0000 2162.9907   16.6791
    7.5000  -45.0000   45.0000 2144.3892   16.9465
   -7.5000  -37.5000   45.0000 2270.5879   15.1911
    0.0000  -37.5000   45.0000 2291.0608   14.9606
    7.5000  -37.5000   45.0000 2265.2549   15.2132
   -7.5000  -30.0000   45.0000 2382.6160   13.8724
    0.0000  -30.0000   45.0000 2403.2449   13.6458
    7.5000  -30.0000   45.0000 2373.0549   13.8858
   -7.5000  -22.5000   45.0000 2489.7380   12.8484
    0.0000  -22.5000   45.0000 2508.9873   12.6687
    7.5000  -22.5000   45.0000 2477.6365   12.8846
   -7.5000  -15.0000   45.0000 2567.7112   12.1124
    0.0000  -15.0000   45.0000 2586.6033   11.9240
    7.5000  -15.0000   45.0000 2555.1794   12.1426
   -7.5000   -7.5000   45.0000 2623.5645   11.6367
    0.0000   -7.5000   45.0000 2643.6995   11.4569
    7.5000   -7.5000   45.0000 2610.0312   11.6816
   -7.5000    0.0000   45.0000 2651.0430   11.4457
    0.0000    0.0000   45.0000 2663.5420   11.3159
    7.5000    0.0000   45.0000 2637.0669   11.5011
   -7.5000    7.5000   45.0000 2634.8057   11.5646
    0.0000    7.5000   45.0000 2653.1289   11.4416
    7.5000    7.5000   45.0000 2626.5740   11.6105
   -7.5000   15.0000   45.0000 2589.9597   11.9030
    0.0000   15.0000   45.0000 2605.0981   11.7780
    7.5000   15.0000   45.0000 2581.9929   11.9299
   -7.5000   22.5000   45.0000 2525.3154   12.3718
    0.0000   22.5000   45.0000 2540.0583   12.2212
    7.5000   22.5000   45.0000 2517.5869   12.4070
   -7.5000   30.0000   45.0000 2441.9263   12.9948
    0.0000   30.0000   45.0000 2459.5391   12.8491
    7.5000   30.0000   45.0000 2434.4453   13.0510
   -7.5000   37.5000   45.0000 2332.4807   13.9159
    0.0000   37.5000   45.0000 2347.5847   13.8036
    7.5000   37.5000   45.0000 2327.5303   13.9812
   -7.5000   45.0000   45.0000 2206.0752   15.1484
    0.0000   45.0000   45.0000 2216.7776   15.0378
    7.5000   45.0000   45.0000 2199.2722   15.1783

---------------------------------------------------------------------
imgreg_4dfp /opt/freesurfer/average/711-2C_as_mni_average_305 /opt/freesurfer/average/711-2B_as_mni_average_305_mask talsrcimg_g11 none talsrcimg_to_711-2C_as_mni_average_305_t4 1283
---------------------------------------------------------------------

freesurfer imgreg_4dfp.c
/opt/freesurfer/average/711-2C_as_mni_average_305.4dfp.img
       256       256       256         1
  1.000000  1.000000  1.000000
orientation T byte_order littleendian
Reading image: /opt/freesurfer/average/711-2C_as_mni_average_305.4dfp.img
dimensions:      256       256       256
mmppix:       1.0000   -1.0000   -1.0000
center:     128.0000 -129.0000 -129.0000
/opt/freesurfer/average/711-2B_as_mni_average_305_mask.4dfp.img
       256       256       256         1
  1.000000  1.000000  1.000000
orientation T byte_order littleendian
Reading mask: /opt/freesurfer/average/711-2B_as_mni_average_305_mask.4dfp.img (2306576 pixels)
talsrcimg_g11.4dfp.img
       256       256       256         1
  1.000000  1.000000  1.000000
orientation T byte_order littleendian
Reading image: talsrcimg_g11.4dfp.img
dimensions:      256       256       256
mmppix:       1.0000   -1.0000   -1.0000
center:     128.0000 -129.0000 -129.0000
rotation matrix determinant  1.000000
fimgreg.f
image alignment mode   1283 decimal      503 hex
parameters
    0.0000    7.5000    7.5000    0.0000    0.0000    0.0000
eta,q 0.95364  8.95926
niter,ni,del,rscale     5    3   12.0000    1.2000
parameter  4  1.590638 ->  0.500000 qaram    1.1500
parameter  6 -0.549967 -> -0.500000 qaram    1.1500
parameters
   -0.3332    4.9602    5.7030   -3.4500    2.1536    3.4500
eta,q 0.96234  8.85969
  0.0568  0.0474  0.0475  0.0388  0.0480  0.0460
  0.0499  0.0451  0.0453  0.0397  0.0452  0.0432
  0.0464  0.0445  0.0442  0.0414  0.0425  0.0406
  0.0463  0.0459  0.0446  0.0441  0.0401  0.0386
  0.0485  0.0494  0.0471  0.0474  0.0386  0.0377
  0.0526  0.0546  0.0507  0.0510  0.0394  0.0377
  0.0583  0.0610  0.0547  0.0547  0.0421  0.0385
niter,ni,del,rscale     6    3   12.0000    1.2000
parameter  4  1.095533 ->  0.500000 qaram    1.3225
parameters
   -1.0333    5.8560    5.1448   -7.4175    2.5245    2.6688
eta,q 0.96637  8.90638
  0.0491  0.0494  0.0426  0.0327  0.0419  0.0397
  0.0419  0.0435  0.0407  0.0335  0.0384  0.0362
  0.0375  0.0389  0.0383  0.0351  0.0355  0.0338
  0.0377  0.0370  0.0370  0.0371  0.0339  0.0339
  0.0418  0.0375  0.0379  0.0402  0.0346  0.0357
  0.0474  0.0400  0.0412  0.0444  0.0371  0.0390
  0.0536  0.0435  0.0468  0.0492  0.0404  0.0421
niter,ni,del,rscale     6    3   12.0000    1.2000
parameter  4  0.554301 ->  0.500000 qaram    1.5209
parameters
   -1.1690    7.6050    3.7612  -11.9801    2.1586    2.6397
eta,q 0.97115  8.91059
  0.0501  0.0468  0.0371  0.0322  0.0365  0.0376
  0.0410  0.0412  0.0341  0.0293  0.0328  0.0335
  0.0347  0.0365  0.0326  0.0291  0.0300  0.0301
  0.0336  0.0335  0.0326  0.0325  0.0288  0.0289
  0.0374  0.0327  0.0348  0.0367  0.0305  0.0302
  0.0435  0.0339  0.0392  0.0409  0.0343  0.0335
  0.0497  0.0375  0.0448  0.0467  0.0385  0.0378
niter,ni,del,rscale     6    3   12.0000    1.2000
parameters
   -1.0126    8.3915    2.4838  -12.1652    1.9274    2.7568
eta,q 0.97153  8.95417
  0.0477  0.0472  0.0334  0.0415  0.0364  0.0376
  0.0389  0.0383  0.0304  0.0355  0.0326  0.0336
  0.0317  0.0319  0.0286  0.0306  0.0297  0.0299
  0.0289  0.0289  0.0288  0.0284  0.0285  0.0285
  0.0316  0.0298  0.0312  0.0309  0.0297  0.0297
  0.0379  0.0339  0.0349  0.0363  0.0334  0.0330
  0.0455  0.0393  0.0392  0.0425  0.0379  0.0371
niter,ni,del,rscale     5    3   12.0000    1.2000
parameters
   -0.9460    8.4446    2.3887  -12.3042    1.8469    2.7909
eta,q 0.97146  8.95548
  0.0470  0.0423  0.0359  0.0416  0.0367  0.0374
  0.0386  0.0346  0.0322  0.0359  0.0329  0.0334
  0.0313  0.0298  0.0295  0.0308  0.0299  0.0298
  0.0285  0.0285  0.0285  0.0285  0.0285  0.0285
  0.0315  0.0307  0.0295  0.0309  0.0296  0.0298
  0.0381  0.0354  0.0325  0.0363  0.0330  0.0332
  0.0461  0.0408  0.0364  0.0425  0.0374  0.0373
niter,ni,del,rscale     4    3   12.0000    1.2000
parameters
   -0.9156    8.4955    2.3718  -12.3843    1.8086    2.8085
eta,q 0.97142  8.95626
  0.0468  0.0423  0.0361  0.0416  0.0367  0.0373
  0.0385  0.0346  0.0323  0.0361  0.0330  0.0334
  0.0312  0.0298  0.0296  0.0310  0.0300  0.0298
  0.0285  0.0285  0.0286  0.0286  0.0286  0.0286
  0.0316  0.0308  0.0295  0.0307  0.0296  0.0299
  0.0383  0.0354  0.0324  0.0361  0.0329  0.0332
  0.0462  0.0407  0.0362  0.0424  0.0373  0.0373
registration optimization eta report
parameter search radius
    6.0000    6.0000    6.0000    9.1253    6.0000    6.9000
100000*second partial in parameter space
       48.       35.       21.       16.       23.       18.
  0.0468  0.0423  0.0361  0.0416  0.0367  0.0373
  0.0385  0.0346  0.0323  0.0361  0.0330  0.0334
  0.0312  0.0298  0.0296  0.0310  0.0300  0.0298
  0.0285  0.0285  0.0286  0.0286  0.0286  0.0286
  0.0316  0.0308  0.0295  0.0307  0.0296  0.0299
  0.0383  0.0354  0.0324  0.0361  0.0329  0.0332
  0.0462  0.0407  0.0362  0.0424  0.0373  0.0373
   -0.9156    8.4955    2.3718  -12.3843    1.8086    2.8085
eta,q 0.97142  8.95626

---------------------------------------------------------------------
imgreg_4dfp /opt/freesurfer/average/711-2C_as_mni_average_305 /opt/freesurfer/average/711-2B_as_mni_average_305_mask talsrcimg_g11 none talsrcimg_to_711-2C_as_mni_average_305_t4 3335
---------------------------------------------------------------------

freesurfer imgreg_4dfp.c
/opt/freesurfer/average/711-2C_as_mni_average_305.4dfp.img
       256       256       256         1
  1.000000  1.000000  1.000000
orientation T byte_order littleendian
Reading image: /opt/freesurfer/average/711-2C_as_mni_average_305.4dfp.img
dimensions:      256       256       256
mmppix:       1.0000   -1.0000   -1.0000
center:     128.0000 -129.0000 -129.0000
/opt/freesurfer/average/711-2B_as_mni_average_305_mask.4dfp.img
       256       256       256         1
  1.000000  1.000000  1.000000
orientation T byte_order littleendian
Reading mask: /opt/freesurfer/average/711-2B_as_mni_average_305_mask.4dfp.img (2306576 pixels)
talsrcimg_g11.4dfp.img
       256       256       256         1
  1.000000  1.000000  1.000000
orientation T byte_order littleendian
Reading image: talsrcimg_g11.4dfp.img
dimensions:      256       256       256
mmppix:       1.0000   -1.0000   -1.0000
center:     128.0000 -129.0000 -129.0000
fimgreg.f
image alignment mode   3335 decimal      D07 hex
parameters
   -0.9156    8.4955    2.3718   -0.1699   -2.4110   -2.3756
   -4.1097   -4.1297    4.8973   21.2700    3.1560  -21.4361
eta,q 0.97141  8.97968
niter,ni,del,rscale     5    3    5.0000    1.2000
parameter  4  0.531529 ->  0.500000 qaram    1.1500
parameter  5  1.126176 ->  0.500000 qaram    1.1500
parameters
   -0.8611    8.7857    2.2419   -4.3099   -6.5510   -4.3634
   -3.5771   -4.5906    6.5086   19.3196    1.4817  -21.6911
eta,q 0.97456  8.55270
  0.0318  0.0313  0.0299  0.0282  0.0252  0.0266  0.0282  0.0282  0.0278  0.0267  0.0257  0.0266
  0.0301  0.0299  0.0292  0.0281  0.0256  0.0260  0.0270  0.0267  0.0269  0.0259  0.0255  0.0260
  0.0290  0.0290  0.0287  0.0282  0.0267  0.0258  0.0262  0.0259  0.0262  0.0255  0.0254  0.0256
  0.0286  0.0286  0.0286  0.0286  0.0281  0.0259  0.0258  0.0258  0.0257  0.0256  0.0255  0.0254
  0.0289  0.0287  0.0288  0.0298  0.0304  0.0263  0.0259  0.0262  0.0256  0.0263  0.0256  0.0256
  0.0299  0.0293  0.0294  0.0321  0.0333  0.0273  0.0266  0.0273  0.0259  0.0275  0.0258  0.0261
  0.0315  0.0302  0.0303  0.0352  0.0362  0.0293  0.0276  0.0289  0.0266  0.0294  0.0262  0.0268
niter,ni,del,rscale     6    3    5.0000    1.2000
parameters
   -1.0760    8.9558    2.4971   -5.9902  -10.3828   -5.0677
   -3.9025   -4.9282    6.5332   20.0686    0.9940  -22.0571
eta,q 0.97537  8.28974
  0.0274  0.0277  0.0269  0.0263  0.0255  0.0262  0.0266  0.0274  0.0261  0.0269  0.0251  0.0258
  0.0263  0.0265  0.0262  0.0256  0.0249  0.0253  0.0256  0.0258  0.0254  0.0259  0.0248  0.0252
  0.0256  0.0258  0.0257  0.0253  0.0248  0.0248  0.0249  0.0249  0.0249  0.0251  0.0247  0.0248
  0.0254  0.0254  0.0254  0.0254  0.0253  0.0248  0.0247  0.0247  0.0247  0.0247  0.0246  0.0246
  0.0258  0.0255  0.0255  0.0256  0.0267  0.0251  0.0250  0.0252  0.0248  0.0247  0.0247  0.0248
  0.0268  0.0261  0.0258  0.0264  0.0287  0.0257  0.0258  0.0262  0.0253  0.0252  0.0249  0.0253
  0.0283  0.0272  0.0264  0.0283  0.0317  0.0268  0.0269  0.0279  0.0262  0.0263  0.0252  0.0260
niter,ni,del,rscale     5    3    5.0000    1.2000
parameters
   -1.2566    9.1675    2.3763   -6.1370  -11.1244   -5.3004
   -3.7917   -5.1703    6.7993   20.6613    0.6964  -22.4179
eta,q 0.97546  8.25309
  0.0266  0.0270  0.0257  0.0260  0.0267  0.0263  0.0267  0.0274  0.0262  0.0267  0.0250  0.0257
  0.0255  0.0258  0.0251  0.0251  0.0256  0.0254  0.0256  0.0258  0.0254  0.0257  0.0247  0.0250
  0.0248  0.0250  0.0247  0.0246  0.0249  0.0248  0.0249  0.0248  0.0249  0.0250  0.0246  0.0247
  0.0246  0.0246  0.0246  0.0246  0.0246  0.0246  0.0246  0.0246  0.0246  0.0246  0.0245  0.0245
  0.0250  0.0247  0.0248  0.0248  0.0249  0.0249  0.0248  0.0251  0.0247  0.0246  0.0246  0.0247
  0.0259  0.0253  0.0252  0.0251  0.0261  0.0255  0.0255  0.0261  0.0252  0.0252  0.0248  0.0252
  0.0273  0.0263  0.0260  0.0261  0.0278  0.0265  0.0265  0.0277  0.0260  0.0262  0.0251  0.0259
niter,ni,del,rscale     4    3    5.0000    1.2000
parameters
   -1.3282    9.3088    2.2015   -6.2444  -11.3434   -5.4447
   -3.7175   -5.3146    6.9168   21.0397    0.5838  -22.7536
eta,q 0.97550  8.24158
  0.0268  0.0268  0.0256  0.0260  0.0268  0.0262  0.0266  0.0274  0.0261  0.0266  0.0250  0.0256
  0.0255  0.0256  0.0250  0.0250  0.0258  0.0253  0.0255  0.0258  0.0253  0.0255  0.0247  0.0250
  0.0248  0.0249  0.0246  0.0245  0.0249  0.0247  0.0248  0.0248  0.0247  0.0249  0.0245  0.0246
  0.0245  0.0245  0.0245  0.0245  0.0245  0.0245  0.0245  0.0245  0.0245  0.0245  0.0245  0.0245
  0.0249  0.0247  0.0247  0.0247  0.0247  0.0248  0.0247  0.0250  0.0247  0.0246  0.0246  0.0247
  0.0257  0.0253  0.0252  0.0250  0.0257  0.0254  0.0254  0.0260  0.0252  0.0252  0.0248  0.0251
  0.0271  0.0263  0.0260  0.0261  0.0273  0.0264  0.0265  0.0276  0.0260  0.0263  0.0250  0.0259
niter,ni,del,rscale     3    3    5.0000    1.2000
parameters
   -1.3603    9.3949    2.0751   -6.2817  -11.4661   -5.5384
   -3.6699   -5.3916    6.9983   21.2879    0.5378  -22.9835
eta,q 0.97551  8.23685
  0.0268  0.0267  0.0256  0.0260  0.0268  0.0262  0.0265  0.0274  0.0260  0.0265  0.0250  0.0256
  0.0256  0.0255  0.0250  0.0250  0.0258  0.0253  0.0255  0.0258  0.0253  0.0255  0.0247  0.0250
  0.0248  0.0248  0.0246  0.0245  0.0249  0.0247  0.0248  0.0248  0.0247  0.0248  0.0245  0.0246
  0.0245  0.0245  0.0245  0.0245  0.0245  0.0245  0.0245  0.0245  0.0245  0.0245  0.0245  0.0245
  0.0248  0.0247  0.0247  0.0247  0.0246  0.0247  0.0247  0.0249  0.0247  0.0246  0.0246  0.0246
  0.0256  0.0254  0.0252  0.0250  0.0256  0.0253  0.0254  0.0259  0.0252  0.0252  0.0247  0.0251
  0.0270  0.0264  0.0259  0.0260  0.0272  0.0263  0.0265  0.0275  0.0260  0.0263  0.0250  0.0258
niter,ni,del,rscale     2    3    5.0000    1.2000
parameters
   -1.3729    9.4539    1.9919   -6.2987  -11.5477   -5.6038
   -3.6376   -5.4325    7.0133   21.4614    0.5203  -23.1386
eta,q 0.97551  8.23414
  0.0269  0.0266  0.0257  0.0261  0.0268  0.0261  0.0265  0.0274  0.0260  0.0264  0.0250  0.0256
  0.0256  0.0255  0.0250  0.0251  0.0258  0.0253  0.0255  0.0258  0.0252  0.0254  0.0247  0.0250
  0.0248  0.0248  0.0246  0.0245  0.0250  0.0247  0.0248  0.0248  0.0247  0.0248  0.0245  0.0246
  0.0245  0.0245  0.0245  0.0245  0.0245  0.0245  0.0245  0.0245  0.0245  0.0245  0.0245  0.0245
  0.0248  0.0247  0.0247  0.0247  0.0246  0.0247  0.0247  0.0249  0.0247  0.0246  0.0246  0.0246
  0.0256  0.0254  0.0251  0.0250  0.0256  0.0252  0.0254  0.0259  0.0252  0.0252  0.0247  0.0251
  0.0269  0.0264  0.0258  0.0260  0.0272  0.0262  0.0265  0.0274  0.0260  0.0263  0.0250  0.0258
niter,ni,del,rscale     1    3    5.0000    1.2000
parameters
   -1.3797    9.4952    1.9362   -6.3098  -11.6008   -5.6611
   -3.6157   -5.4566    7.0167   21.5791    0.5035  -23.2432
eta,q 0.97551  8.23191
  0.0269  0.0266  0.0257  0.0261  0.0267  0.0261  0.0265  0.0274  0.0260  0.0264  0.0250  0.0256
  0.0256  0.0254  0.0250  0.0251  0.0258  0.0253  0.0255  0.0258  0.0252  0.0254  0.0247  0.0250
  0.0248  0.0247  0.0246  0.0245  0.0250  0.0247  0.0248  0.0248  0.0247  0.0248  0.0245  0.0246
  0.0245  0.0245  0.0245  0.0245  0.0245  0.0245  0.0245  0.0245  0.0245  0.0245  0.0245  0.0245
  0.0248  0.0247  0.0247  0.0247  0.0246  0.0247  0.0247  0.0249  0.0247  0.0246  0.0246  0.0246
  0.0256  0.0254  0.0251  0.0250  0.0255  0.0252  0.0254  0.0259  0.0252  0.0252  0.0247  0.0251
  0.0269  0.0264  0.0258  0.0260  0.0271  0.0262  0.0265  0.0274  0.0260  0.0263  0.0250  0.0257
registration optimization eta report
parameter search radius
    2.4000    2.4000    2.4000    8.2800    8.2800    7.2000
    7.2000    7.2000    7.2000    7.2000    7.2000    7.2000
100000*second partial in parameter space
       42.       35.       22.        2.        4.        3.
        4.        6.        3.        4.        1.        2.
  0.0269  0.0266  0.0257  0.0261  0.0267  0.0261  0.0265  0.0274  0.0260  0.0264  0.0250  0.0256
  0.0256  0.0254  0.0250  0.0251  0.0258  0.0253  0.0255  0.0258  0.0252  0.0254  0.0247  0.0250
  0.0248  0.0247  0.0246  0.0245  0.0250  0.0247  0.0248  0.0248  0.0247  0.0248  0.0245  0.0246
  0.0245  0.0245  0.0245  0.0245  0.0245  0.0245  0.0245  0.0245  0.0245  0.0245  0.0245  0.0245
  0.0248  0.0247  0.0247  0.0247  0.0246  0.0247  0.0247  0.0249  0.0247  0.0246  0.0246  0.0246
  0.0256  0.0254  0.0251  0.0250  0.0255  0.0252  0.0254  0.0259  0.0252  0.0252  0.0247  0.0251
  0.0269  0.0264  0.0258  0.0260  0.0271  0.0262  0.0265  0.0274  0.0260  0.0263  0.0250  0.0257
   -1.3797    9.4952    1.9362   -6.3098  -11.6008   -5.6611
   -3.6157   -5.4566    7.0167   21.5791    0.5035  -23.2432
eta,q 0.97551  8.23191

---------------------------------------------------------------------
imgreg_4dfp /opt/freesurfer/average/711-2C_as_mni_average_305 /opt/freesurfer/average/711-2B_as_mni_average_305_mask talsrcimg_g11 none talsrcimg_to_711-2C_as_mni_average_305_t4 2311
---------------------------------------------------------------------

freesurfer imgreg_4dfp.c
/opt/freesurfer/average/711-2C_as_mni_average_305.4dfp.img
       256       256       256         1
  1.000000  1.000000  1.000000
orientation T byte_order littleendian
Reading image: /opt/freesurfer/average/711-2C_as_mni_average_305.4dfp.img
dimensions:      256       256       256
mmppix:       1.0000   -1.0000   -1.0000
center:     128.0000 -129.0000 -129.0000
/opt/freesurfer/average/711-2B_as_mni_average_305_mask.4dfp.img
       256       256       256         1
  1.000000  1.000000  1.000000
orientation T byte_order littleendian
Reading mask: /opt/freesurfer/average/711-2B_as_mni_average_305_mask.4dfp.img (2306576 pixels)
talsrcimg_g11.4dfp.img
       256       256       256         1
  1.000000  1.000000  1.000000
orientation T byte_order littleendian
Reading image: talsrcimg_g11.4dfp.img
dimensions:      256       256       256
mmppix:       1.0000   -1.0000   -1.0000
center:     128.0000 -129.0000 -129.0000
fimgreg.f
image alignment mode   2311 decimal      907 hex
parameters
   -1.3797    9.4952    1.9362   -6.3098  -11.6008   -5.6611
   -3.6157   -5.4566    7.0167   21.5791    0.5035  -23.2432
eta,q 0.97551  8.23191
niter,ni,del,rscale     5    3    5.0000    0.8000
parameters
   -1.3835    9.4905    1.8916   -6.6421  -11.0535   -5.5660
   -3.6088   -5.5249    7.0648   21.6246    0.3413  -23.1532
eta,q 0.97557  8.24252
  0.0256  0.0254  0.0250  0.0249  0.0255  0.0252  0.0254  0.0258  0.0252  0.0253  0.0247  0.0250
  0.0250  0.0249  0.0247  0.0246  0.0250  0.0248  0.0249  0.0250  0.0248  0.0249  0.0245  0.0247
  0.0246  0.0246  0.0245  0.0245  0.0247  0.0245  0.0246  0.0246  0.0245  0.0246  0.0245  0.0245
  0.0245  0.0245  0.0245  0.0245  0.0245  0.0244  0.0244  0.0244  0.0244  0.0244  0.0244  0.0244
  0.0246  0.0246  0.0246  0.0246  0.0244  0.0245  0.0246  0.0246  0.0245  0.0245  0.0245  0.0245
  0.0250  0.0249  0.0248  0.0247  0.0247  0.0248  0.0249  0.0251  0.0248  0.0248  0.0246  0.0247
  0.0256  0.0254  0.0251  0.0249  0.0252  0.0251  0.0254  0.0258  0.0251  0.0253  0.0247  0.0250
niter,ni,del,rscale     4    3    5.0000    0.7000
parameters
   -1.3913    9.4975    1.9008   -6.5651  -10.9469   -5.4737
   -3.5973   -5.5673    7.1014   21.6500    0.2039  -23.1433
eta,q 0.97556  8.25466
  0.0253  0.0252  0.0249  0.0248  0.0252  0.0251  0.0252  0.0255  0.0250  0.0251  0.0246  0.0249
  0.0248  0.0248  0.0246  0.0246  0.0248  0.0247  0.0248  0.0249  0.0247  0.0248  0.0245  0.0246
  0.0245  0.0245  0.0245  0.0244  0.0246  0.0245  0.0245  0.0246  0.0245  0.0245  0.0244  0.0245
  0.0244  0.0244  0.0244  0.0244  0.0244  0.0244  0.0244  0.0244  0.0244  0.0244  0.0244  0.0244
  0.0245  0.0245  0.0245  0.0245  0.0245  0.0245  0.0245  0.0246  0.0245  0.0245  0.0245  0.0245
  0.0248  0.0248  0.0246  0.0246  0.0247  0.0247  0.0248  0.0250  0.0247  0.0247  0.0245  0.0246
  0.0253  0.0252  0.0249  0.0247  0.0252  0.0250  0.0252  0.0255  0.0250  0.0251  0.0246  0.0249
niter,ni,del,rscale     3    3    5.0000    0.6000
parameters
   -1.3928    9.5054    1.9218   -6.6072  -10.8622   -5.4503
   -3.6039   -5.5822    7.1138   21.6780    0.1605  -23.1079
eta,q 0.97557  8.25711
  0.0251  0.0250  0.0248  0.0247  0.0250  0.0249  0.0250  0.0252  0.0249  0.0249  0.0246  0.0248
  0.0247  0.0247  0.0246  0.0245  0.0247  0.0246  0.0247  0.0248  0.0246  0.0247  0.0245  0.0246
  0.0245  0.0245  0.0245  0.0244  0.0245  0.0245  0.0245  0.0245  0.0245  0.0245  0.0244  0.0245
  0.0244  0.0244  0.0244  0.0244  0.0244  0.0244  0.0244  0.0244  0.0244  0.0244  0.0244  0.0244
  0.0245  0.0245  0.0245  0.0245  0.0245  0.0245  0.0245  0.0245  0.0245  0.0245  0.0245  0.0245
  0.0247  0.0247  0.0246  0.0246  0.0246  0.0246  0.0247  0.0248  0.0246  0.0247  0.0245  0.0246
  0.0251  0.0250  0.0247  0.0247  0.0250  0.0249  0.0250  0.0252  0.0249  0.0250  0.0246  0.0248
niter,ni,del,rscale     2    3    5.0000    0.5000
parameters
   -1.3977    9.5104    1.9267   -6.7382  -10.7943   -5.4701
   -3.6127   -5.5840    7.1018   21.7030    0.2528  -23.0583
eta,q 0.97558  8.25285
  0.0249  0.0248  0.0247  0.0246  0.0248  0.0247  0.0248  0.0250  0.0247  0.0248  0.0245  0.0247
  0.0246  0.0246  0.0245  0.0245  0.0246  0.0246  0.0246  0.0247  0.0246  0.0246  0.0245  0.0245
  0.0245  0.0245  0.0245  0.0244  0.0245  0.0244  0.0245  0.0245  0.0245  0.0245  0.0244  0.0245
  0.0244  0.0244  0.0244  0.0244  0.0244  0.0244  0.0244  0.0244  0.0244  0.0244  0.0244  0.0244
  0.0245  0.0245  0.0245  0.0245  0.0244  0.0245  0.0245  0.0245  0.0245  0.0245  0.0244  0.0244
  0.0246  0.0246  0.0245  0.0245  0.0246  0.0246  0.0246  0.0247  0.0246  0.0246  0.0245  0.0245
  0.0249  0.0248  0.0247  0.0246  0.0248  0.0247  0.0248  0.0250  0.0247  0.0248  0.0245  0.0246
niter,ni,del,rscale     1    3    5.0000    0.4000
parameters
   -1.4032    9.5114    1.9263   -6.9020  -10.7409   -5.5951
   -3.6435   -5.5411    7.0657   21.7419    0.4753  -22.9520
eta,q 0.97558  8.24189
  0.0247  0.0247  0.0246  0.0245  0.0247  0.0246  0.0247  0.0248  0.0246  0.0247  0.0245  0.0246
  0.0246  0.0245  0.0245  0.0245  0.0246  0.0245  0.0245  0.0246  0.0245  0.0245  0.0245  0.0245
  0.0245  0.0245  0.0244  0.0244  0.0245  0.0244  0.0244  0.0245  0.0244  0.0244  0.0244  0.0244
  0.0244  0.0244  0.0244  0.0244  0.0244  0.0244  0.0244  0.0244  0.0244  0.0244  0.0244  0.0244
  0.0245  0.0245  0.0244  0.0245  0.0244  0.0245  0.0245  0.0245  0.0244  0.0244  0.0244  0.0244
  0.0246  0.0245  0.0245  0.0245  0.0245  0.0245  0.0245  0.0246  0.0245  0.0245  0.0244  0.0245
  0.0247  0.0247  0.0246  0.0246  0.0247  0.0246  0.0247  0.0248  0.0246  0.0247  0.0245  0.0246
registration optimization eta report
parameter search radius
    0.8000    0.8000    0.8000    2.4000    2.4000    2.4000
    2.4000    2.4000    2.4000    2.4000    2.4000    2.4000
100000*second partial in parameter space
       45.       39.       22.        2.        4.        4.
        4.        7.        3.        4.        1.        3.
  0.0247  0.0247  0.0246  0.0245  0.0247  0.0246  0.0247  0.0248  0.0246  0.0247  0.0245  0.0246
  0.0246  0.0245  0.0245  0.0245  0.0246  0.0245  0.0245  0.0246  0.0245  0.0245  0.0245  0.0245
  0.0245  0.0245  0.0244  0.0244  0.0245  0.0244  0.0244  0.0245  0.0244  0.0244  0.0244  0.0244
  0.0244  0.0244  0.0244  0.0244  0.0244  0.0244  0.0244  0.0244  0.0244  0.0244  0.0244  0.0244
  0.0245  0.0245  0.0244  0.0245  0.0244  0.0245  0.0245  0.0245  0.0244  0.0244  0.0244  0.0244
  0.0246  0.0245  0.0245  0.0245  0.0245  0.0245  0.0245  0.0246  0.0245  0.0245  0.0244  0.0245
  0.0247  0.0247  0.0246  0.0246  0.0247  0.0246  0.0247  0.0248  0.0246  0.0247  0.0245  0.0246
   -1.4032    9.5114    1.9263   -6.9020  -10.7409   -5.5951
   -3.6435   -5.5411    7.0657   21.7419    0.4753  -22.9520
eta,q 0.97558  8.24189

---------------------------------------------------------------------
imgreg_4dfp /opt/freesurfer/average/711-2C_as_mni_average_305 /opt/freesurfer/average/711-2B_as_mni_average_305_mask talsrcimg_g11 none talsrcimg_to_711-2C_as_mni_average_305_t4 2311
---------------------------------------------------------------------

freesurfer imgreg_4dfp.c
/opt/freesurfer/average/711-2C_as_mni_average_305.4dfp.img
       256       256       256         1
  1.000000  1.000000  1.000000
orientation T byte_order littleendian
Reading image: /opt/freesurfer/average/711-2C_as_mni_average_305.4dfp.img
dimensions:      256       256       256
mmppix:       1.0000   -1.0000   -1.0000
center:     128.0000 -129.0000 -129.0000
/opt/freesurfer/average/711-2B_as_mni_average_305_mask.4dfp.img
       256       256       256         1
  1.000000  1.000000  1.000000
orientation T byte_order littleendian
Reading mask: /opt/freesurfer/average/711-2B_as_mni_average_305_mask.4dfp.img (2306576 pixels)
talsrcimg_g11.4dfp.img
       256       256       256         1
  1.000000  1.000000  1.000000
orientation T byte_order littleendian
Reading image: talsrcimg_g11.4dfp.img
dimensions:      256       256       256
mmppix:       1.0000   -1.0000   -1.0000
center:     128.0000 -129.0000 -129.0000
fimgreg.f
image alignment mode   2311 decimal      907 hex
parameters
   -1.4032    9.5114    1.9263   -6.9020  -10.7409   -5.5951
   -3.6435   -5.5411    7.0657   21.7419    0.4753  -22.9520
eta,q 0.97558  8.24189
niter,ni,del,rscale     5    3    5.0000    0.8000
parameters
   -1.4107    9.5225    1.9176   -6.4495  -11.0147   -5.4598
   -3.6051   -5.5659    7.0706   21.6734    0.2200  -23.1743
eta,q 0.97555  8.25875
  0.0255  0.0254  0.0250  0.0250  0.0253  0.0252  0.0254  0.0258  0.0252  0.0253  0.0247  0.0249
  0.0249  0.0249  0.0247  0.0247  0.0249  0.0248  0.0249  0.0251  0.0248  0.0248  0.0245  0.0247
  0.0246  0.0245  0.0245  0.0245  0.0246  0.0245  0.0246  0.0246  0.0245  0.0246  0.0245  0.0245
  0.0244  0.0244  0.0244  0.0244  0.0244  0.0244  0.0244  0.0244  0.0244  0.0244  0.0244  0.0244
  0.0245  0.0245  0.0245  0.0245  0.0245  0.0245  0.0246  0.0246  0.0245  0.0245  0.0245  0.0245
  0.0249  0.0249  0.0247  0.0246  0.0249  0.0248  0.0249  0.0251  0.0248  0.0248  0.0246  0.0247
  0.0256  0.0254  0.0250  0.0248  0.0256  0.0251  0.0254  0.0258  0.0252  0.0254  0.0247  0.0251
niter,ni,del,rscale     4    3    5.0000    0.7000
parameters
   -1.3922    9.5110    1.9178   -6.4837  -10.9314   -5.3970
   -3.5799   -5.5982    7.1269   21.6674    0.0691  -23.1769
eta,q 0.97556  8.26274
  0.0253  0.0252  0.0249  0.0248  0.0252  0.0251  0.0252  0.0255  0.0250  0.0251  0.0246  0.0249
  0.0248  0.0248  0.0246  0.0246  0.0248  0.0247  0.0248  0.0249  0.0247  0.0248  0.0245  0.0246
  0.0246  0.0245  0.0245  0.0244  0.0246  0.0245  0.0245  0.0246  0.0245  0.0245  0.0245  0.0245
  0.0244  0.0244  0.0244  0.0244  0.0244  0.0244  0.0244  0.0244  0.0244  0.0244  0.0244  0.0244
  0.0245  0.0245  0.0245  0.0245  0.0245  0.0245  0.0245  0.0246  0.0245  0.0245  0.0245  0.0245
  0.0248  0.0248  0.0246  0.0246  0.0247  0.0247  0.0248  0.0250  0.0247  0.0247  0.0245  0.0246
  0.0253  0.0252  0.0249  0.0248  0.0252  0.0250  0.0252  0.0255  0.0250  0.0252  0.0246  0.0249
niter,ni,del,rscale     3    3    5.0000    0.6000
parameters
   -1.3933    9.5106    1.9219   -6.5164  -10.8510   -5.3721
   -3.5792   -5.6212    7.1629   21.6791    0.0217  -23.1572
eta,q 0.97557  8.26547
  0.0251  0.0250  0.0248  0.0247  0.0250  0.0249  0.0250  0.0252  0.0249  0.0249  0.0246  0.0248
  0.0247  0.0247  0.0246  0.0245  0.0247  0.0246  0.0247  0.0248  0.0246  0.0247  0.0245  0.0246
  0.0245  0.0245  0.0245  0.0244  0.0245  0.0245  0.0245  0.0245  0.0245  0.0245  0.0244  0.0245
  0.0244  0.0244  0.0244  0.0244  0.0244  0.0244  0.0244  0.0244  0.0244  0.0244  0.0244  0.0244
  0.0245  0.0245  0.0245  0.0245  0.0245  0.0245  0.0245  0.0245  0.0245  0.0245  0.0244  0.0245
  0.0247  0.0247  0.0246  0.0246  0.0246  0.0246  0.0247  0.0248  0.0246  0.0247  0.0245  0.0246
  0.0251  0.0250  0.0248  0.0247  0.0250  0.0249  0.0250  0.0252  0.0248  0.0250  0.0246  0.0248
niter,ni,del,rscale     2    3    5.0000    0.5000
parameters
   -1.4008    9.5153    1.9290   -6.6075  -10.7757   -5.3781
   -3.5811   -5.6306    7.1523   21.7171    0.0961  -23.1099
eta,q 0.97557  8.26415
  0.0249  0.0248  0.0247  0.0246  0.0248  0.0247  0.0248  0.0250  0.0247  0.0248  0.0245  0.0247
  0.0246  0.0246  0.0245  0.0245  0.0246  0.0246  0.0246  0.0247  0.0246  0.0246  0.0245  0.0245
  0.0245  0.0245  0.0245  0.0244  0.0245  0.0245  0.0245  0.0245  0.0245  0.0245  0.0244  0.0245
  0.0244  0.0244  0.0244  0.0244  0.0244  0.0244  0.0244  0.0244  0.0244  0.0244  0.0244  0.0244
  0.0245  0.0245  0.0245  0.0245  0.0244  0.0245  0.0245  0.0245  0.0245  0.0245  0.0244  0.0245
  0.0246  0.0246  0.0245  0.0245  0.0246  0.0246  0.0246  0.0247  0.0246  0.0246  0.0245  0.0245
  0.0249  0.0248  0.0247  0.0246  0.0248  0.0247  0.0248  0.0250  0.0247  0.0248  0.0245  0.0247
niter,ni,del,rscale     1    3    5.0000    0.4000
parameters
   -1.4043    9.5161    1.9368   -6.7541  -10.7093   -5.4715
   -3.6024   -5.6101    7.1202   21.7400    0.2105  -22.9964
eta,q 0.97558  8.25545
  0.0247  0.0247  0.0246  0.0245  0.0247  0.0246  0.0247  0.0248  0.0246  0.0247  0.0245  0.0246
  0.0246  0.0245  0.0245  0.0245  0.0246  0.0245  0.0245  0.0246  0.0245  0.0245  0.0245  0.0245
  0.0245  0.0245  0.0244  0.0244  0.0245  0.0244  0.0245  0.0245  0.0244  0.0245  0.0244  0.0244
  0.0244  0.0244  0.0244  0.0244  0.0244  0.0244  0.0244  0.0244  0.0244  0.0244  0.0244  0.0244
  0.0245  0.0245  0.0244  0.0245  0.0244  0.0245  0.0245  0.0245  0.0244  0.0244  0.0244  0.0244
  0.0246  0.0245  0.0245  0.0245  0.0245  0.0245  0.0245  0.0246  0.0245  0.0245  0.0244  0.0245
  0.0247  0.0247  0.0246  0.0246  0.0247  0.0246  0.0247  0.0248  0.0246  0.0247  0.0245  0.0246
registration optimization eta report
parameter search radius
    0.8000    0.8000    0.8000    2.4000    2.4000    2.4000
    2.4000    2.4000    2.4000    2.4000    2.4000    2.4000
100000*second partial in parameter space
       44.       39.       23.        2.        5.        3.
        4.        7.        3.        4.        1.        2.
  0.0247  0.0247  0.0246  0.0245  0.0247  0.0246  0.0247  0.0248  0.0246  0.0247  0.0245  0.0246
  0.0246  0.0245  0.0245  0.0245  0.0246  0.0245  0.0245  0.0246  0.0245  0.0245  0.0245  0.0245
  0.0245  0.0245  0.0244  0.0244  0.0245  0.0244  0.0245  0.0245  0.0244  0.0245  0.0244  0.0244
  0.0244  0.0244  0.0244  0.0244  0.0244  0.0244  0.0244  0.0244  0.0244  0.0244  0.0244  0.0244
  0.0245  0.0245  0.0244  0.0245  0.0244  0.0245  0.0245  0.0245  0.0244  0.0244  0.0244  0.0244
  0.0246  0.0245  0.0245  0.0245  0.0245  0.0245  0.0245  0.0246  0.0245  0.0245  0.0244  0.0245
  0.0247  0.0247  0.0246  0.0246  0.0247  0.0246  0.0247  0.0248  0.0246  0.0247  0.0245  0.0246
   -1.4043    9.5161    1.9368   -6.7541  -10.7093   -5.4715
   -3.6024   -5.6101    7.1202   21.7400    0.2105  -22.9964
eta,q 0.97558  8.25545

---------------------------------------------------------------------
compute_vox2vox talsrcimg talsrcimg_to_711-2C_as_mni_average_305_t4 /opt/freesurfer/average/711-2C_as_mni_average_305
---------------------------------------------------------------------

freesurfer compute_vox2vox.c
Reading: talsrcimg.4dfp.ifh
Reading: talsrcimg_to_711-2C_as_mni_average_305_t4
Reading: /opt/freesurfer/average/711-2C_as_mni_average_305.4dfp.ifh
Writing: talsrcimg_to_711-2C_as_mni_average_305_t4_vox2vox.txt

start time Mon Mar 9 02:40:07 CET 2026
end		time Mon Mar 9 02:41:41 CET 2026

mpr2mni305 success

avi2talxfm orig_nu.mgz /opt/freesurfer/average/mni305.cor.mgz talsrcimg_to_711-2C_as_mni_average_305_t4_vox2vox.txt transforms/talairach.auto.xfm
avi2talxfm done
mv -f /out/sourcedata/freesurfer/sub-v1s17x0050267_ses-1/mri/talsrcimg_to_711-2C_as_mni_average_305_t4_vox2vox.txt /out/sourcedata/freesurfer/sub-v1s17x0050267_ses-1/mri/transforms/talsrcimg_to_711-2C_as_mni_average_305_t4_vox2vox.txt
lta_convert --src orig_nu.mgz --trg /opt/freesurfer/average/mni305.cor.mgz --inxfm transforms/talairach.auto.xfm --outlta transforms/talairach.auto.xfm.lta --subject fsaverage
7.3.2

--src: orig_nu.mgz src image (geometry).
--trg: /opt/freesurfer/average/mni305.cor.mgz trg image (geometry).
--inmni: transforms/talairach.auto.xfm input MNI/XFM transform.
--outlta: transforms/talairach.auto.xfm.lta output LTA.
--s: fsaverage subject name
 LTA read, type : 1
 1.06804   0.05049   0.05609   0.26160;
-0.02181   0.99770   0.25607  -1.19411;
-0.07986  -0.24694   1.05312  -3.47383;
 0.00000   0.00000   0.00000   1.00000;
setting subject to fsaverage
Writing  LTA to file transforms/talairach.auto.xfm.lta...
lta_convert successful.
 
 
Started at Mon Mar 9 02:40:07 CET 2026
Ended   at Mon Mar  9 02:41:41 CET 2026
talairach_avi done
