status file for recon-all
Mon Mar  9 02:52:49 CET 2026
#@# MotionCor Mon Mar  9 02:52:51 CET 2026
#@# Talairach Mon Mar  9 02:52:59 CET 2026
#@# Talairach Failure Detection Mon Mar  9 02:57:32 CET 2026
#@# Nu Intensity Correction Mon Mar  9 02:57:32 CET 2026
#@# Intensity Normalization Mon Mar  9 03:00:47 CET 2026
recon-all -s sub-v1s17x0051135_ses-1 finished without error at Mon Mar  9 03:02:28 CET 2026



#New# invocation of recon-all 



status file for recon-all
Mon Mar  9 03:10:17 CET 2026
#@# EM Registration Mon Mar  9 03:10:17 CET 2026
recon-all -s sub-v1s17x0051135_ses-1 finished without error at Mon Mar  9 03:12:06 CET 2026



#New# invocation of recon-all 



status file for recon-all
Mon Mar  9 03:12:10 CET 2026
#@# CA Normalize Mon Mar  9 03:12:10 CET 2026
#@# CA Reg Mon Mar  9 03:13:36 CET 2026
#@# SubCort Seg Mon Mar  9 04:06:29 CET 2026
#@# CC Seg Mon Mar  9 04:40:07 CET 2026
#@# Merge ASeg Mon Mar  9 04:40:52 CET 2026
#@# Intensity Normalization2 Mon Mar  9 04:40:52 CET 2026
#@# Mask BFS Mon Mar  9 04:43:21 CET 2026
#@# WM Segmentation Mon Mar  9 04:43:22 CET 2026
#@# Fill Mon Mar  9 04:45:24 CET 2026
recon-all -s sub-v1s17x0051135_ses-1 finished without error at Mon Mar  9 04:46:30 CET 2026



#New# invocation of recon-all 



status file for recon-all
Mon Mar  9 05:44:50 CET 2026
#@# white curv lh Mon Mar  9 05:44:50 CET 2026
#@# white area lh Mon Mar  9 05:44:50 CET 2026
#@# pial curv lh Mon Mar  9 05:44:50 CET 2026
#@# pial area lh Mon Mar  9 05:44:50 CET 2026
#@# thickness lh Mon Mar  9 05:44:50 CET 2026
#@# area and vertex vol lh Mon Mar  9 05:44:50 CET 2026
#@# white curv rh Mon Mar  9 05:44:50 CET 2026
#@# white area rh Mon Mar  9 05:44:50 CET 2026
#@# pial curv rh Mon Mar  9 05:44:50 CET 2026
#@# pial area rh Mon Mar  9 05:44:50 CET 2026
#@# thickness rh Mon Mar  9 05:44:50 CET 2026
#@# area and vertex vol rh Mon Mar  9 05:44:50 CET 2026
#@# Cortical ribbon mask Mon Mar  9 05:44:50 CET 2026
recon-all -s sub-v1s17x0051135_ses-1 finished without error at Mon Mar  9 05:49:06 CET 2026



#New# invocation of recon-all 



status file for recon-all
Mon Mar  9 05:56:53 CET 2026
#@# white curv lh Mon Mar  9 05:56:53 CET 2026
#@# white area lh Mon Mar  9 05:56:53 CET 2026
#@# pial curv lh Mon Mar  9 05:56:53 CET 2026
#@# pial area lh Mon Mar  9 05:56:53 CET 2026
#@# thickness lh Mon Mar  9 05:56:53 CET 2026
#@# area and vertex vol lh Mon Mar  9 05:56:53 CET 2026
#@# white curv rh Mon Mar  9 05:56:53 CET 2026
#@# white area rh Mon Mar  9 05:56:53 CET 2026
#@# pial curv rh Mon Mar  9 05:56:53 CET 2026
#@# pial area rh Mon Mar  9 05:56:53 CET 2026
#@# thickness rh Mon Mar  9 05:56:53 CET 2026
#@# area and vertex vol rh Mon Mar  9 05:56:54 CET 2026
#@# Curvature Stats lh Mon Mar  9 05:56:54 CET 2026
#@# Curvature Stats rh Mon Mar  9 05:56:56 CET 2026
#@# Relabel Hypointensities Mon Mar  9 05:57:00 CET 2026
#@# APas-to-ASeg Mon Mar  9 05:57:18 CET 2026
#@# AParc-to-ASeg aparc Mon Mar  9 05:57:27 CET 2026
#@# AParc-to-ASeg aparc.a2009s Mon Mar  9 05:58:16 CET 2026
#@# AParc-to-ASeg aparc.DKTatlas Mon Mar  9 05:59:05 CET 2026
#@# WMParc Mon Mar  9 05:59:54 CET 2026
#@# ASeg Stats Mon Mar  9 06:04:57 CET 2026
recon-all -s sub-v1s17x0051135_ses-1 finished without error at Mon Mar  9 06:05:41 CET 2026
