status file for recon-all
Mon Mar  9 05:13:25 CET 2026
#@# Tessellate rh Mon Mar  9 05:13:25 CET 2026
#@# Smooth1 rh Mon Mar  9 05:13:29 CET 2026
#@# Inflation1 rh Mon Mar  9 05:13:32 CET 2026
#@# QSphere rh Mon Mar  9 05:13:47 CET 2026
#@# Fix Topology rh Mon Mar  9 05:15:12 CET 2026
#@# Smooth2 rh Mon Mar  9 05:25:55 CET 2026
#@# Inflation2 rh Mon Mar  9 05:25:59 CET 2026
#@# Curv .H and .K rh Mon Mar  9 05:26:15 CET 2026
#@# Sphere rh Mon Mar  9 05:27:09 CET 2026
#@# Surf Reg rh Mon Mar  9 05:31:26 CET 2026
#@# Jacobian white rh Mon Mar  9 05:35:55 CET 2026
#@# AvgCurv rh Mon Mar  9 05:35:57 CET 2026
#@# Cortical Parc rh Mon Mar  9 05:35:58 CET 2026
#@# white curv rh Mon Mar  9 05:43:25 CET 2026
#@# white area rh Mon Mar  9 05:43:28 CET 2026
#@# pial curv rh Mon Mar  9 05:43:29 CET 2026
#@# pial area rh Mon Mar  9 05:43:31 CET 2026
#@# thickness rh Mon Mar  9 05:43:32 CET 2026
#@# area and vertex vol rh Mon Mar  9 05:44:09 CET 2026
#@# Curvature Stats rh Mon Mar  9 05:44:11 CET 2026
#@# Cortical Parc 2 rh Mon Mar  9 05:44:15 CET 2026
#@# Cortical Parc 3 rh Mon Mar  9 05:44:29 CET 2026
#@# WM/GM Contrast rh Mon Mar  9 05:44:41 CET 2026
recon-all -s sub-v1s17x0051135_ses-1 finished without error at Mon Mar  9 05:44:45 CET 2026



#New# invocation of recon-all 



status file for recon-all
Mon Mar  9 05:53:04 CET 2026
#@# white curv rh Mon Mar  9 05:53:04 CET 2026
#@# white area rh Mon Mar  9 05:53:04 CET 2026
#@# pial curv rh Mon Mar  9 05:53:04 CET 2026
#@# pial area rh Mon Mar  9 05:53:04 CET 2026
#@# thickness rh Mon Mar  9 05:53:04 CET 2026
#@# area and vertex vol rh Mon Mar  9 05:53:04 CET 2026
#@# Parcellation Stats rh Mon Mar  9 05:53:04 CET 2026
#@# Parcellation Stats 2 rh Mon Mar  9 05:53:25 CET 2026
#@# Parcellation Stats 3 rh Mon Mar  9 05:53:37 CET 2026
#@# BA_exvivo Labels rh Mon Mar  9 05:53:48 CET 2026
recon-all -s sub-v1s17x0051135_ses-1 finished without error at Mon Mar  9 05:56:48 CET 2026
