status file for recon-all
Mon Mar  9 04:09:24 CET 2026
#@# Tessellate rh Mon Mar  9 04:09:24 CET 2026
#@# Smooth1 rh Mon Mar  9 04:09:28 CET 2026
#@# Inflation1 rh Mon Mar  9 04:09:31 CET 2026
#@# QSphere rh Mon Mar  9 04:09:49 CET 2026
#@# Fix Topology rh Mon Mar  9 04:11:15 CET 2026
#@# Smooth2 rh Mon Mar  9 04:18:06 CET 2026
#@# Inflation2 rh Mon Mar  9 04:18:09 CET 2026
#@# Curv .H and .K rh Mon Mar  9 04:18:25 CET 2026
#@# Sphere rh Mon Mar  9 04:19:18 CET 2026
#@# Surf Reg rh Mon Mar  9 04:22:51 CET 2026
#@# Jacobian white rh Mon Mar  9 04:27:12 CET 2026
#@# AvgCurv rh Mon Mar  9 04:27:13 CET 2026
#@# Cortical Parc rh Mon Mar  9 04:27:14 CET 2026
#@# white curv rh Mon Mar  9 04:34:29 CET 2026
#@# white area rh Mon Mar  9 04:34:31 CET 2026
#@# pial curv rh Mon Mar  9 04:34:32 CET 2026
#@# pial area rh Mon Mar  9 04:34:34 CET 2026
#@# thickness rh Mon Mar  9 04:34:35 CET 2026
#@# area and vertex vol rh Mon Mar  9 04:35:07 CET 2026
#@# Curvature Stats rh Mon Mar  9 04:35:09 CET 2026
#@# Cortical Parc 2 rh Mon Mar  9 04:35:12 CET 2026
#@# Cortical Parc 3 rh Mon Mar  9 04:35:28 CET 2026
#@# WM/GM Contrast rh Mon Mar  9 04:35:39 CET 2026
recon-all -s sub-v1s17x0050251_ses-1 finished without error at Mon Mar  9 04:35:43 CET 2026



#New# invocation of recon-all 



status file for recon-all
Mon Mar  9 04:46:48 CET 2026
#@# white curv rh Mon Mar  9 04:46:48 CET 2026
#@# white area rh Mon Mar  9 04:46:48 CET 2026
#@# pial curv rh Mon Mar  9 04:46:48 CET 2026
#@# pial area rh Mon Mar  9 04:46:48 CET 2026
#@# thickness rh Mon Mar  9 04:46:48 CET 2026
#@# area and vertex vol rh Mon Mar  9 04:46:48 CET 2026
#@# Parcellation Stats rh Mon Mar  9 04:46:48 CET 2026
#@# Parcellation Stats 2 rh Mon Mar  9 04:47:11 CET 2026
#@# Parcellation Stats 3 rh Mon Mar  9 04:47:23 CET 2026
#@# BA_exvivo Labels rh Mon Mar  9 04:47:35 CET 2026
recon-all -s sub-v1s17x0050251_ses-1 finished without error at Mon Mar  9 04:50:40 CET 2026
