status file for recon-all
Mon Mar  9 01:56:20 CET 2026
#@# MotionCor Mon Mar  9 01:56:21 CET 2026
#@# Talairach Mon Mar  9 01:56:29 CET 2026
#@# Talairach Failure Detection Mon Mar  9 02:00:55 CET 2026
#@# Nu Intensity Correction Mon Mar  9 02:00:55 CET 2026
#@# Intensity Normalization Mon Mar  9 02:04:09 CET 2026
recon-all -s sub-v1s17x0050251_ses-1 finished without error at Mon Mar  9 02:05:45 CET 2026



#New# invocation of recon-all 



status file for recon-all
Mon Mar  9 02:13:23 CET 2026
#@# EM Registration Mon Mar  9 02:13:23 CET 2026
recon-all -s sub-v1s17x0050251_ses-1 finished without error at Mon Mar  9 02:15:35 CET 2026



#New# invocation of recon-all 



status file for recon-all
Mon Mar  9 02:15:37 CET 2026
#@# CA Normalize Mon Mar  9 02:15:37 CET 2026
#@# CA Reg Mon Mar  9 02:17:00 CET 2026
#@# SubCort Seg Mon Mar  9 03:06:08 CET 2026
#@# CC Seg Mon Mar  9 03:35:28 CET 2026
#@# Merge ASeg Mon Mar  9 03:36:12 CET 2026
#@# Intensity Normalization2 Mon Mar  9 03:36:12 CET 2026
#@# Mask BFS Mon Mar  9 03:38:35 CET 2026
#@# WM Segmentation Mon Mar  9 03:38:36 CET 2026
#@# Fill Mon Mar  9 03:40:35 CET 2026
recon-all -s sub-v1s17x0050251_ses-1 finished without error at Mon Mar  9 03:41:37 CET 2026



#New# invocation of recon-all 



status file for recon-all
Mon Mar  9 04:35:48 CET 2026
#@# white curv lh Mon Mar  9 04:35:48 CET 2026
#@# white area lh Mon Mar  9 04:35:48 CET 2026
#@# pial curv lh Mon Mar  9 04:35:48 CET 2026
#@# pial area lh Mon Mar  9 04:35:48 CET 2026
#@# thickness lh Mon Mar  9 04:35:48 CET 2026
#@# area and vertex vol lh Mon Mar  9 04:35:48 CET 2026
#@# white curv rh Mon Mar  9 04:35:48 CET 2026
#@# white area rh Mon Mar  9 04:35:48 CET 2026
#@# pial curv rh Mon Mar  9 04:35:48 CET 2026
#@# pial area rh Mon Mar  9 04:35:48 CET 2026
#@# thickness rh Mon Mar  9 04:35:48 CET 2026
#@# area and vertex vol rh Mon Mar  9 04:35:48 CET 2026
#@# Cortical ribbon mask Mon Mar  9 04:35:48 CET 2026
recon-all -s sub-v1s17x0050251_ses-1 finished without error at Mon Mar  9 04:42:45 CET 2026



#New# invocation of recon-all 



status file for recon-all
Mon Mar  9 04:50:46 CET 2026
#@# white curv lh Mon Mar  9 04:50:46 CET 2026
#@# white area lh Mon Mar  9 04:50:46 CET 2026
#@# pial curv lh Mon Mar  9 04:50:46 CET 2026
#@# pial area lh Mon Mar  9 04:50:46 CET 2026
#@# thickness lh Mon Mar  9 04:50:46 CET 2026
#@# area and vertex vol lh Mon Mar  9 04:50:46 CET 2026
#@# white curv rh Mon Mar  9 04:50:46 CET 2026
#@# white area rh Mon Mar  9 04:50:46 CET 2026
#@# pial curv rh Mon Mar  9 04:50:46 CET 2026
#@# pial area rh Mon Mar  9 04:50:46 CET 2026
#@# thickness rh Mon Mar  9 04:50:46 CET 2026
#@# area and vertex vol rh Mon Mar  9 04:50:46 CET 2026
#@# Curvature Stats lh Mon Mar  9 04:50:46 CET 2026
#@# Curvature Stats rh Mon Mar  9 04:50:49 CET 2026
#@# Relabel Hypointensities Mon Mar  9 04:50:52 CET 2026
#@# APas-to-ASeg Mon Mar  9 04:51:08 CET 2026
#@# AParc-to-ASeg aparc Mon Mar  9 04:51:17 CET 2026
#@# AParc-to-ASeg aparc.a2009s Mon Mar  9 04:51:53 CET 2026
#@# AParc-to-ASeg aparc.DKTatlas Mon Mar  9 04:52:36 CET 2026
#@# WMParc Mon Mar  9 04:53:19 CET 2026
#@# ASeg Stats Mon Mar  9 04:57:24 CET 2026
recon-all -s sub-v1s17x0050251_ses-1 finished without error at Mon Mar  9 04:58:04 CET 2026
