status file for recon-all
Mon Mar  9 03:41:42 CET 2026
#@# Tessellate lh Mon Mar  9 03:41:42 CET 2026
#@# Smooth1 lh Mon Mar  9 03:41:45 CET 2026
#@# Inflation1 lh Mon Mar  9 03:41:49 CET 2026
#@# QSphere lh Mon Mar  9 03:42:03 CET 2026
#@# Fix Topology lh Mon Mar  9 03:43:22 CET 2026
#@# Smooth2 lh Mon Mar  9 03:50:54 CET 2026
#@# Inflation2 lh Mon Mar  9 03:50:58 CET 2026
#@# Curv .H and .K lh Mon Mar  9 03:51:15 CET 2026
#@# Sphere lh Mon Mar  9 03:52:06 CET 2026
#@# Surf Reg lh Mon Mar  9 03:55:37 CET 2026
#@# Jacobian white lh Mon Mar  9 04:00:03 CET 2026
#@# AvgCurv lh Mon Mar  9 04:00:04 CET 2026
#@# Cortical Parc lh Mon Mar  9 04:00:05 CET 2026
#@# white curv lh Mon Mar  9 04:08:04 CET 2026
#@# white area lh Mon Mar  9 04:08:06 CET 2026
#@# pial curv lh Mon Mar  9 04:08:07 CET 2026
#@# pial area lh Mon Mar  9 04:08:09 CET 2026
#@# thickness lh Mon Mar  9 04:08:10 CET 2026
#@# area and vertex vol lh Mon Mar  9 04:08:45 CET 2026
#@# Curvature Stats lh Mon Mar  9 04:08:47 CET 2026
#@# Cortical Parc 2 lh Mon Mar  9 04:08:50 CET 2026
#@# Cortical Parc 3 lh Mon Mar  9 04:09:05 CET 2026
#@# WM/GM Contrast lh Mon Mar  9 04:09:18 CET 2026
recon-all -s sub-v1s17x0050251_ses-1 finished without error at Mon Mar  9 04:09:22 CET 2026



#New# invocation of recon-all 



status file for recon-all
Mon Mar  9 04:42:51 CET 2026
#@# white curv lh Mon Mar  9 04:42:51 CET 2026
#@# white area lh Mon Mar  9 04:42:52 CET 2026
#@# pial curv lh Mon Mar  9 04:42:52 CET 2026
#@# pial area lh Mon Mar  9 04:42:52 CET 2026
#@# thickness lh Mon Mar  9 04:42:52 CET 2026
#@# area and vertex vol lh Mon Mar  9 04:42:52 CET 2026
#@# Parcellation Stats lh Mon Mar  9 04:42:52 CET 2026
#@# Parcellation Stats 2 lh Mon Mar  9 04:43:14 CET 2026
#@# Parcellation Stats 3 lh Mon Mar  9 04:43:26 CET 2026
#@# BA_exvivo Labels lh Mon Mar  9 04:43:37 CET 2026
recon-all -s sub-v1s17x0050251_ses-1 finished without error at Mon Mar  9 04:46:46 CET 2026
