status file for recon-all
Mon Mar  9 04:37:46 CET 2026
#@# Tessellate lh Mon Mar  9 04:37:46 CET 2026
#@# Smooth1 lh Mon Mar  9 04:37:49 CET 2026
#@# Inflation1 lh Mon Mar  9 04:37:52 CET 2026
#@# QSphere lh Mon Mar  9 04:38:04 CET 2026
#@# Fix Topology lh Mon Mar  9 04:39:17 CET 2026
#@# Smooth2 lh Mon Mar  9 04:47:57 CET 2026
#@# Inflation2 lh Mon Mar  9 04:47:59 CET 2026
#@# Curv .H and .K lh Mon Mar  9 04:48:13 CET 2026
#@# Sphere lh Mon Mar  9 04:48:57 CET 2026
#@# Surf Reg lh Mon Mar  9 04:56:01 CET 2026
#@# Jacobian white lh Mon Mar  9 05:03:13 CET 2026
#@# AvgCurv lh Mon Mar  9 05:03:14 CET 2026
#@# Cortical Parc lh Mon Mar  9 05:03:15 CET 2026
#@# white curv lh Mon Mar  9 05:10:25 CET 2026
#@# white area lh Mon Mar  9 05:10:26 CET 2026
#@# pial curv lh Mon Mar  9 05:10:27 CET 2026
#@# pial area lh Mon Mar  9 05:10:29 CET 2026
#@# thickness lh Mon Mar  9 05:10:30 CET 2026
#@# area and vertex vol lh Mon Mar  9 05:10:57 CET 2026
#@# Curvature Stats lh Mon Mar  9 05:10:59 CET 2026
#@# Cortical Parc 2 lh Mon Mar  9 05:11:01 CET 2026
#@# Cortical Parc 3 lh Mon Mar  9 05:11:13 CET 2026
#@# WM/GM Contrast lh Mon Mar  9 05:11:24 CET 2026
recon-all -s sub-v1s17x0051134_ses-1 finished without error at Mon Mar  9 05:11:27 CET 2026



#New# invocation of recon-all 



status file for recon-all
Mon Mar  9 05:38:58 CET 2026
#@# white curv lh Mon Mar  9 05:38:58 CET 2026
#@# white area lh Mon Mar  9 05:38:58 CET 2026
#@# pial curv lh Mon Mar  9 05:38:58 CET 2026
#@# pial area lh Mon Mar  9 05:38:58 CET 2026
#@# thickness lh Mon Mar  9 05:38:58 CET 2026
#@# area and vertex vol lh Mon Mar  9 05:38:59 CET 2026
#@# Parcellation Stats lh Mon Mar  9 05:38:59 CET 2026
#@# Parcellation Stats 2 lh Mon Mar  9 05:39:16 CET 2026
#@# Parcellation Stats 3 lh Mon Mar  9 05:39:25 CET 2026
#@# BA_exvivo Labels lh Mon Mar  9 05:39:33 CET 2026
recon-all -s sub-v1s17x0051134_ses-1 finished without error at Mon Mar  9 05:42:18 CET 2026
