status file for recon-all
Mon Mar  9 02:47:55 CET 2026
#@# MotionCor Mon Mar  9 02:47:57 CET 2026
#@# Talairach Mon Mar  9 02:48:04 CET 2026
#@# Talairach Failure Detection Mon Mar  9 02:52:26 CET 2026
#@# Nu Intensity Correction Mon Mar  9 02:52:26 CET 2026
#@# Intensity Normalization Mon Mar  9 02:55:41 CET 2026
recon-all -s sub-v1s17x0051134_ses-1 finished without error at Mon Mar  9 02:57:05 CET 2026



#New# invocation of recon-all 



status file for recon-all
Mon Mar  9 03:04:49 CET 2026
#@# EM Registration Mon Mar  9 03:04:49 CET 2026
recon-all -s sub-v1s17x0051134_ses-1 finished without error at Mon Mar  9 03:06:45 CET 2026



#New# invocation of recon-all 



status file for recon-all
Mon Mar  9 03:06:48 CET 2026
#@# CA Normalize Mon Mar  9 03:06:48 CET 2026
#@# CA Reg Mon Mar  9 03:08:08 CET 2026
#@# SubCort Seg Mon Mar  9 04:01:24 CET 2026
#@# CC Seg Mon Mar  9 04:31:51 CET 2026
#@# Merge ASeg Mon Mar  9 04:32:27 CET 2026
#@# Intensity Normalization2 Mon Mar  9 04:32:27 CET 2026
#@# Mask BFS Mon Mar  9 04:34:44 CET 2026
#@# WM Segmentation Mon Mar  9 04:34:45 CET 2026
#@# Fill Mon Mar  9 04:36:39 CET 2026
recon-all -s sub-v1s17x0051134_ses-1 finished without error at Mon Mar  9 04:37:39 CET 2026



#New# invocation of recon-all 



status file for recon-all
Mon Mar  9 05:33:52 CET 2026
#@# white curv lh Mon Mar  9 05:33:52 CET 2026
#@# white area lh Mon Mar  9 05:33:52 CET 2026
#@# pial curv lh Mon Mar  9 05:33:52 CET 2026
#@# pial area lh Mon Mar  9 05:33:52 CET 2026
#@# thickness lh Mon Mar  9 05:33:52 CET 2026
#@# area and vertex vol lh Mon Mar  9 05:33:52 CET 2026
#@# white curv rh Mon Mar  9 05:33:52 CET 2026
#@# white area rh Mon Mar  9 05:33:52 CET 2026
#@# pial curv rh Mon Mar  9 05:33:52 CET 2026
#@# pial area rh Mon Mar  9 05:33:52 CET 2026
#@# thickness rh Mon Mar  9 05:33:52 CET 2026
#@# area and vertex vol rh Mon Mar  9 05:33:52 CET 2026
#@# Cortical ribbon mask Mon Mar  9 05:33:52 CET 2026
recon-all -s sub-v1s17x0051134_ses-1 finished without error at Mon Mar  9 05:38:55 CET 2026



#New# invocation of recon-all 



status file for recon-all
Mon Mar  9 05:45:38 CET 2026
#@# white curv lh Mon Mar  9 05:45:38 CET 2026
#@# white area lh Mon Mar  9 05:45:38 CET 2026
#@# pial curv lh Mon Mar  9 05:45:38 CET 2026
#@# pial area lh Mon Mar  9 05:45:38 CET 2026
#@# thickness lh Mon Mar  9 05:45:38 CET 2026
#@# area and vertex vol lh Mon Mar  9 05:45:38 CET 2026
#@# white curv rh Mon Mar  9 05:45:38 CET 2026
#@# white area rh Mon Mar  9 05:45:38 CET 2026
#@# pial curv rh Mon Mar  9 05:45:38 CET 2026
#@# pial area rh Mon Mar  9 05:45:38 CET 2026
#@# thickness rh Mon Mar  9 05:45:38 CET 2026
#@# area and vertex vol rh Mon Mar  9 05:45:38 CET 2026
#@# Curvature Stats lh Mon Mar  9 05:45:39 CET 2026
#@# Curvature Stats rh Mon Mar  9 05:45:41 CET 2026
#@# Relabel Hypointensities Mon Mar  9 05:45:43 CET 2026
#@# APas-to-ASeg Mon Mar  9 05:45:58 CET 2026
#@# AParc-to-ASeg aparc Mon Mar  9 05:46:06 CET 2026
#@# AParc-to-ASeg aparc.a2009s Mon Mar  9 05:46:35 CET 2026
#@# AParc-to-ASeg aparc.DKTatlas Mon Mar  9 05:47:02 CET 2026
#@# WMParc Mon Mar  9 05:47:31 CET 2026
#@# ASeg Stats Mon Mar  9 05:51:52 CET 2026
recon-all -s sub-v1s17x0051134_ses-1 finished without error at Mon Mar  9 05:52:36 CET 2026
