status file for recon-all
Mon Mar  9 05:11:30 CET 2026
#@# Tessellate rh Mon Mar  9 05:11:30 CET 2026
#@# Smooth1 rh Mon Mar  9 05:11:34 CET 2026
#@# Inflation1 rh Mon Mar  9 05:11:37 CET 2026
#@# QSphere rh Mon Mar  9 05:11:50 CET 2026
#@# Fix Topology rh Mon Mar  9 05:13:21 CET 2026
#@# Smooth2 rh Mon Mar  9 05:19:32 CET 2026
#@# Inflation2 rh Mon Mar  9 05:19:35 CET 2026
#@# Curv .H and .K rh Mon Mar  9 05:19:49 CET 2026
#@# Sphere rh Mon Mar  9 05:20:35 CET 2026
#@# Surf Reg rh Mon Mar  9 05:23:01 CET 2026
#@# Jacobian white rh Mon Mar  9 05:26:35 CET 2026
#@# AvgCurv rh Mon Mar  9 05:26:36 CET 2026
#@# Cortical Parc rh Mon Mar  9 05:26:37 CET 2026
#@# white curv rh Mon Mar  9 05:32:39 CET 2026
#@# white area rh Mon Mar  9 05:32:41 CET 2026
#@# pial curv rh Mon Mar  9 05:32:42 CET 2026
#@# pial area rh Mon Mar  9 05:32:44 CET 2026
#@# thickness rh Mon Mar  9 05:32:45 CET 2026
#@# area and vertex vol rh Mon Mar  9 05:33:16 CET 2026
#@# Curvature Stats rh Mon Mar  9 05:33:17 CET 2026
#@# Cortical Parc 2 rh Mon Mar  9 05:33:20 CET 2026
#@# Cortical Parc 3 rh Mon Mar  9 05:33:34 CET 2026
#@# WM/GM Contrast rh Mon Mar  9 05:33:45 CET 2026
recon-all -s sub-v1s17x0051134_ses-1 finished without error at Mon Mar  9 05:33:48 CET 2026



#New# invocation of recon-all 



status file for recon-all
Mon Mar  9 05:42:22 CET 2026
#@# white curv rh Mon Mar  9 05:42:22 CET 2026
#@# white area rh Mon Mar  9 05:42:22 CET 2026
#@# pial curv rh Mon Mar  9 05:42:22 CET 2026
#@# pial area rh Mon Mar  9 05:42:22 CET 2026
#@# thickness rh Mon Mar  9 05:42:22 CET 2026
#@# area and vertex vol rh Mon Mar  9 05:42:22 CET 2026
#@# Parcellation Stats rh Mon Mar  9 05:42:22 CET 2026
#@# Parcellation Stats 2 rh Mon Mar  9 05:42:40 CET 2026
#@# Parcellation Stats 3 rh Mon Mar  9 05:42:48 CET 2026
#@# BA_exvivo Labels rh Mon Mar  9 05:42:57 CET 2026
recon-all -s sub-v1s17x0051134_ses-1 finished without error at Mon Mar  9 05:45:34 CET 2026
