/out/sourcedata/freesurfer/sub-v1s17x0050268_ses-1/mri
/opt/freesurfer/bin/talairach_avi
--i orig_nu.mgz --xfm transforms/talairach.auto.xfm
talairach_avi 7.3.2
Linux dna055 5.14.0-427.37.1.el9_4.x86_64 #1 SMP PREEMPT_DYNAMIC Fri Sep 13 12:41:50 EDT 2024 x86_64 x86_64 x86_64 GNU/Linux
Thu Mar 12 11:44:09 CET 2026
mri_convert orig_nu.mgz talsrcimg.img 
reading from orig_nu.mgz...
TR=0.00, TE=0.00, TI=0.00, flip angle=0.00
i_ras = (-1, -7.42148e-10, 0)
j_ras = (0, 2.32831e-10, -1)
k_ras = (-2.96859e-09, 1, 2.32831e-10)
writing to talsrcimg.img...
Analyze Output Matrix
-1.00000   0.00000  -0.00000   127.96408;
-0.00000   0.00000   1.00000  -123.17985;
 0.00000  -1.00000   0.00000   118.25855;
 0.00000   0.00000   0.00000   1.00000;
--------------------
INFO: set hdr.hist.orient to -1
mpr2mni305 talsrcimg
Thu Mar 12 11:44:10 CET 2026
/opt/freesurfer/bin/mpr2mni305 talsrcimg
mpr2mni305 7.3.2
target=711-2C_as_mni_average_305

---------------------------------------------------------------------
analyzeto4dfp talsrcimg -O0 -y
---------------------------------------------------------------------

freesurfer ifh2hdr.c
Thu Mar 12 11:44:10 2026
Writing: talsrcimg.4dfp.hdr
freesurfer analyzeto4dfp.c
Reading: talsrcimg.hdr
header size 348 bytes
hdr.dime.datatype	offset=70	value=2
hdr.dime.bitpix		offset=72	value=8
hdr.hist.orient		offset=252	value=-1
dimensionality     4
dimensions       256       256       256         1
Reading: talsrcimg.img
Writing: talsrcimg.4dfp.img
Writing: talsrcimg.4dfp.ifh
ifh2hdr talsrcimg -r0to249
ori=2

---------------------------------------------------------------------
gauss_4dfp talsrcimg 1.1
---------------------------------------------------------------------

freesurfer gauss_4dfp.c
Reading: talsrcimg.4dfp.img
Writing: talsrcimg_g11.4dfp.img
image dimensions 256 256 256 padded to 288 288 288
processing volume 1freesurfer ifh2hdr.c
Thu Mar 12 11:44:12 2026
Writing: talsrcimg_g11.4dfp.hdr

Writing: talsrcimg_g11.4dfp.ifh
including: talsrcimg.4dfp.img.rec in talsrcimg_g11.4dfp.img.rec

---------------------------------------------------------------------
imgreg_4dfp /opt/freesurfer/average/711-2C_as_mni_average_305 none talsrcimg_g11 none talsrcimg_to_711-2C_as_mni_average_305_t4 4355
---------------------------------------------------------------------

freesurfer imgreg_4dfp.c
/opt/freesurfer/average/711-2C_as_mni_average_305.4dfp.img
       256       256       256         1
  1.000000  1.000000  1.000000
orientation T byte_order littleendian
Reading image: /opt/freesurfer/average/711-2C_as_mni_average_305.4dfp.img
dimensions:      256       256       256
mmppix:       1.0000   -1.0000   -1.0000
center:     128.0000 -129.0000 -129.0000
talsrcimg_g11.4dfp.img
       256       256       256         1
  1.000000  1.000000  1.000000
orientation T byte_order littleendian
Reading image: talsrcimg_g11.4dfp.img
dimensions:      256       256       256
mmppix:       1.0000   -1.0000   -1.0000
center:     128.0000 -129.0000 -129.0000
t4_read: open error in t4_sub.f l:  41 t4_file(1:l)talsrcimg_to_711-2C_as_mni_average_305_t4 
t4_read: transform initialized to I4
rotation matrix determinant  1.000000
image alignment mode   4355 decimal     1103 hex
   -7.5000  -45.0000  -45.0000 8264.9502   12.6001
    0.0000  -45.0000  -45.0000 8619.0684   12.6066
    7.5000  -45.0000  -45.0000 8223.8135   12.6187
   -7.5000  -37.5000  -45.0000 8924.3916   12.5496
    0.0000  -37.5000  -45.0000 9302.5674   12.5531
    7.5000  -37.5000  -45.0000 8880.9092   12.5657
   -7.5000  -30.0000  -45.0000 9896.2324   12.5506
    0.0000  -30.0000  -45.000010306.5840   12.5554
    7.5000  -30.0000  -45.0000 9856.4365   12.5702
   -7.5000  -22.5000  -45.000010824.0713   12.5391
    0.0000  -22.5000  -45.000011274.4043   12.5492
    7.5000  -22.5000  -45.000010758.1250   12.5660
   -7.5000  -15.0000  -45.000011656.8848   12.5273
    0.0000  -15.0000  -45.000012148.1953   12.5403
    7.5000  -15.0000  -45.000011589.5381   12.5566
   -7.5000   -7.5000  -45.000012351.9746   12.5267
    0.0000   -7.5000  -45.000012871.7979   12.5375
    7.5000   -7.5000  -45.000012300.4932   12.5512
   -7.5000    0.0000  -45.000013021.5869   12.5363
    0.0000    0.0000  -45.000013549.5781   12.5427
    7.5000    0.0000  -45.000012960.5225   12.5548
   -7.5000    7.5000  -45.000012748.0283   12.5482
    0.0000    7.5000  -45.000013261.1279   12.5517
    7.5000    7.5000  -45.000012684.9336   12.5643
   -7.5000   15.0000  -45.000012260.5273   12.5505
    0.0000   15.0000  -45.000012755.0381   12.5554
    7.5000   15.0000  -45.000012208.0439   12.5702
   -7.5000   22.5000  -45.000011656.0576   12.5374
    0.0000   22.5000  -45.000012130.6035   12.5475
    7.5000   22.5000  -45.000011609.5869   12.5643
   -7.5000   30.0000  -45.000011025.7676   12.3603
    0.0000   30.0000  -45.000011466.5771   12.3732
    7.5000   30.0000  -45.000010968.6885   12.3892
   -7.5000   37.5000  -45.000010661.4697   12.3598
    0.0000   37.5000  -45.000011095.8789   12.3704
    7.5000   37.5000  -45.000010611.8105   12.3839
   -7.5000   45.0000  -45.0000 9724.2852   12.0552
    0.0000   45.0000  -45.000010112.9766   12.0613
    7.5000   45.0000  -45.0000 9666.3896   12.0730
   -7.5000  -45.0000  -37.5000 8667.7490   12.6269
    0.0000  -45.0000  -37.5000 9039.1982   12.6312
    7.5000  -45.0000  -37.5000 8628.0869   12.6430
   -7.5000  -37.5000  -37.5000 9366.9814   12.5731
    0.0000  -37.5000  -37.5000 9749.9043   12.5758
    7.5000  -37.5000  -37.5000 9308.1934   12.5865
   -7.5000  -30.0000  -37.500010383.7842   12.5647
    0.0000  -30.0000  -37.500010798.1367   12.5693
    7.5000  -30.0000  -37.500010318.0107   12.5816
   -7.5000  -22.5000  -37.500011327.0811   12.5470
    0.0000  -22.5000  -37.500011790.7773   12.5554
    7.5000  -22.5000  -37.500011265.8389   12.5707
   -7.5000  -15.0000  -37.500012203.8711   12.5371
    0.0000  -15.0000  -37.500012698.0449   12.5470
    7.5000  -15.0000  -37.500012140.3984   12.5635
   -7.5000   -7.5000  -37.500012928.6104   12.5462
    0.0000   -7.5000  -37.500013447.3438   12.5537
    7.5000   -7.5000  -37.500012874.6064   12.5682
   -7.5000    0.0000  -37.500013585.1553   12.5629
    0.0000    0.0000  -37.500014143.5645   12.5672
    7.5000    0.0000  -37.500013552.5146   12.5789
   -7.5000    7.5000  -37.500013286.3711   12.5716
    0.0000    7.5000  -37.500013832.3896   12.5743
    7.5000    7.5000  -37.500013239.2314   12.5850
   -7.5000   15.0000  -37.500012808.1816   12.5647
    0.0000   15.0000  -37.500013323.4736   12.5692
    7.5000   15.0000  -37.500012746.2949   12.5816
   -7.5000   22.5000  -37.500012158.2090   12.5452
    0.0000   22.5000  -37.500012641.6328   12.5536
    7.5000   22.5000  -37.500012102.1475   12.5690
   -7.5000   30.0000  -37.500011463.9102   12.3701
    0.0000   30.0000  -37.500011905.7939   12.3798
    7.5000   30.0000  -37.500011418.9590   12.3961
   -7.5000   37.5000  -37.500011080.1748   12.3790
    0.0000   37.5000  -37.500011505.1133   12.3864
    7.5000   37.5000  -37.500011031.2549   12.4007
   -7.5000   45.0000  -37.500010104.1162   12.0808
    0.0000   45.0000  -37.500010495.2305   12.0849
    7.5000   45.0000  -37.500010050.0996   12.0961
   -7.5000  -45.0000  -30.0000 9203.7227   13.1932
    0.0000  -45.0000  -30.0000 9585.0449   13.1934
    7.5000  -45.0000  -30.0000 9176.4541   13.2047
   -7.5000  -37.5000  -30.0000 9927.0576   13.1359
    0.0000  -37.5000  -30.000010348.3350   13.1346
    7.5000  -37.5000  -30.0000 9891.0840   13.1433
   -7.5000  -30.0000  -30.000010988.9014   13.1150
    0.0000  -30.0000  -30.000011446.6240   13.1150
    7.5000  -30.0000  -30.000010942.6777   13.1235
   -7.5000  -22.5000  -30.000011994.7627   13.0847
    0.0000  -22.5000  -30.000012501.6924   13.0878
    7.5000  -22.5000  -30.000011942.7930   13.0990
   -7.5000  -15.0000  -30.000012937.9023   13.0740
    0.0000  -15.0000  -30.000013478.6768   13.0783
    7.5000  -15.0000  -30.000012881.8398   13.0922
   -7.5000   -7.5000  -30.000013713.7383   13.0963
    0.0000   -7.5000  -30.000014280.9619   13.0988
    7.5000   -7.5000  -30.000013652.5840   13.1126
   -7.5000    0.0000  -30.000014382.0654   13.1264
    0.0000    0.0000  -30.000014967.2686   13.1264
    7.5000    0.0000  -30.000014333.5586   13.1377
   -7.5000    7.5000  -30.000014071.0557   13.1344
    0.0000    7.5000  -30.000014632.5605   13.1331
    7.5000    7.5000  -30.000013992.3008   13.1418
   -7.5000   15.0000  -30.000013567.7490   13.1149
    0.0000   15.0000  -30.000014124.4648   13.1150
    7.5000   15.0000  -30.000013495.8701   13.1235
   -7.5000   22.5000  -30.000012854.0381   13.0816
    0.0000   22.5000  -30.000013360.3857   13.0846
    7.5000   22.5000  -30.000012781.3975   13.0958
   -7.5000   30.0000  -30.000012070.6260   12.9010
    0.0000   30.0000  -30.000012534.1514   12.9053
    7.5000   30.0000  -30.000012007.6396   12.9190
   -7.5000   37.5000  -30.000011634.2578   12.9230
    0.0000   37.5000  -30.000012074.7246   12.9255
    7.5000   37.5000  -30.000011595.2920   12.9391
   -7.5000   45.0000  -30.000010603.5596   12.6318
    0.0000   45.0000  -30.000011020.3184   12.6319
    7.5000   45.0000  -30.000010586.8340   12.6427
   -7.5000  -45.0000  -22.5000 9699.8027   13.6524
    0.0000  -45.0000  -22.500010109.5576   13.6508
    7.5000  -45.0000  -22.5000 9673.7197   13.6628
   -7.5000  -37.5000  -22.500010457.4814   13.5966
    0.0000  -37.5000  -22.500010899.1992   13.5919
    7.5000  -37.5000  -22.500010417.2607   13.6012
   -7.5000  -30.0000  -22.500011589.2002   13.5734
    0.0000  -30.0000  -22.500012060.6807   13.5686
    7.5000  -30.0000  -22.500011516.7773   13.5759
   -7.5000  -22.5000  -22.500012622.6895   13.5372
    0.0000  -22.5000  -22.500013158.2852   13.5360
    7.5000  -22.5000  -22.500012572.4297   13.5443
   -7.5000  -15.0000  -22.500013605.8877   13.5227
    0.0000  -15.0000  -22.500014198.2861   13.5249
    7.5000  -15.0000  -22.500013584.0264   13.5356
   -7.5000   -7.5000  -22.500014449.5254   13.5473
    0.0000   -7.5000  -22.500015069.0322   13.5488
    7.5000   -7.5000  -22.500014394.4570   13.5611
   -7.5000    0.0000  -22.500015126.1953   13.5833
    0.0000    0.0000  -22.500015736.2246   13.5817
    7.5000    0.0000  -22.500015060.7295   13.5935
   -7.5000    7.5000  -22.500014793.8281   13.5950
    0.0000    7.5000  -22.500015373.8672   13.5903
    7.5000    7.5000  -22.500014699.0557   13.5996
   -7.5000   15.0000  -22.500014306.6221   13.5734
    0.0000   15.0000  -22.500014867.2451   13.5686
    7.5000   15.0000  -22.500014203.1992   13.5758
   -7.5000   22.5000  -22.500013533.4473   13.5330
    0.0000   22.5000  -22.500014062.0723   13.5319
    7.5000   22.5000  -22.500013428.6377   13.5401
   -7.5000   30.0000  -22.500012662.2598   13.3459
    0.0000   30.0000  -22.500013150.6016   13.3479
    7.5000   30.0000  -22.500012581.8867   13.3586
   -7.5000   37.5000  -22.500012183.0957   13.3701
    0.0000   37.5000  -22.500012662.9688   13.3715
    7.5000   37.5000  -22.500012130.6338   13.3837
   -7.5000   45.0000  -22.500011136.8877   13.0814
    0.0000   45.0000  -22.500011589.2217   13.0798
    7.5000   45.0000  -22.500011118.4717   13.0913
   -7.5000  -45.0000  -15.000010136.3418   13.9533
    0.0000  -45.0000  -15.000010577.1523   13.9538
    7.5000  -45.0000  -15.000010129.0449   13.9673
   -7.5000  -37.5000  -15.000010914.1777   13.9009
    0.0000  -37.5000  -15.000011400.5352   13.8966
    7.5000  -37.5000  -15.000010889.5186   13.9086
   -7.5000  -30.0000  -15.000012085.2471   13.8873
    0.0000  -30.0000  -15.000012619.8789   13.8823
    7.5000  -30.0000  -15.000012032.5615   13.8924
   -7.5000  -22.5000  -15.000013142.3828   13.8560
    0.0000  -22.5000  -15.000013737.6318   13.8563
    7.5000  -22.5000  -15.000013102.4824   13.8663
   -7.5000  -15.0000  -15.000014149.9854   13.8381
    0.0000  -15.0000  -15.000014826.0312   13.8437
    7.5000  -15.0000  -15.000014140.1582   13.8546
   -7.5000   -7.5000  -15.000015138.5352   13.8528
    0.0000   -7.5000  -15.000015867.2490   13.8578
    7.5000   -7.5000  -15.000015100.3779   13.8702
   -7.5000    0.0000  -15.000015948.0547   13.8828
    0.0000    0.0000  -15.000016662.6914   13.8832
    7.5000    0.0000  -15.000015856.2021   13.8966
   -7.5000    7.5000  -15.000015608.6240   13.8993
    0.0000    7.5000  -15.000016232.8662   13.8950
    7.5000    7.5000  -15.000015451.9336   13.9070
   -7.5000   15.0000  -15.000015048.1826   13.8873
    0.0000   15.0000  -15.000015649.8867   13.8823
    7.5000   15.0000  -15.000014858.1748   13.8924
   -7.5000   22.5000  -15.000014222.9463   13.8511
    0.0000   22.5000  -15.000014802.4053   13.8514
    7.5000   22.5000  -15.000014022.5459   13.8614
   -7.5000   30.0000  -15.000013304.8799   13.6590
    0.0000   30.0000  -15.000013849.3457   13.6645
    7.5000   30.0000  -15.000013137.8398   13.6753
   -7.5000   37.5000  -15.000012766.3145   13.6735
    0.0000   37.5000  -15.000013295.3672   13.6785
    7.5000   37.5000  -15.000012642.9473   13.6907
   -7.5000   45.0000  -15.000011680.3789   13.3779
    0.0000   45.0000  -15.000012177.0684   13.3783
    7.5000   45.0000  -15.000011617.2979   13.3912
   -7.5000  -45.0000   -7.500010539.5449   14.0811
    0.0000  -45.0000   -7.500011026.6826   14.0857
    7.5000  -45.0000   -7.500010548.0566   14.0995
   -7.5000  -37.5000   -7.500011392.6816   14.0281
    0.0000  -37.5000   -7.500011898.9287   14.0282
    7.5000  -37.5000   -7.500011394.7559   14.0422
   -7.5000  -30.0000   -7.500012619.8145   14.0263
    0.0000  -30.0000   -7.500013164.1260   14.0267
    7.5000  -30.0000   -7.500012580.4141   14.0411
   -7.5000  -22.5000   -7.500013713.3008   14.0070
    0.0000  -22.5000   -7.500014307.4141   14.0136
    7.5000  -22.5000   -7.500013672.1406   14.0285
   -7.5000  -15.0000   -7.500014721.1738   13.9899
    0.0000  -15.0000   -7.500015405.7930   14.0016
    7.5000  -15.0000   -7.500014721.0830   14.0161
   -7.5000   -7.5000   -7.500015878.0391   13.9925
    0.0000   -7.5000   -7.500016759.0645   14.0024
    7.5000   -7.5000   -7.500015820.2217   14.0161
   -7.5000    0.0000   -7.500016975.7695   14.0098
    0.0000    0.0000   -7.500017978.7480   14.0144
    7.5000    0.0000   -7.500016781.2891   14.0281
   -7.5000    7.5000   -7.500016644.8809   14.0265
    0.0000    7.5000   -7.500017544.4531   14.0266
    7.5000    7.5000   -7.500016381.4541   14.0406
   -7.5000   15.0000   -7.500015959.8574   14.0263
    0.0000   15.0000   -7.500016734.8809   14.0267
    7.5000   15.0000   -7.500015667.8438   14.0411
   -7.5000   22.5000   -7.500014986.7275   14.0005
    0.0000   22.5000   -7.500015680.3838   14.0071
    7.5000   22.5000   -7.500014735.2070   14.0221
   -7.5000   30.0000   -7.500013979.1436   13.8085
    0.0000   30.0000   -7.500014569.3389   13.8200
    7.5000   30.0000   -7.500013773.3232   13.8343
   -7.5000   37.5000   -7.500013419.3330   13.8111
    0.0000   37.5000   -7.500013957.5645   13.8208
    7.5000   37.5000   -7.500013249.8457   13.8343
   -7.5000   45.0000   -7.500012274.6182   13.5028
    0.0000   45.0000   -7.500012782.0605   13.5072
    7.5000   45.0000   -7.500012161.8701   13.5205
   -7.5000  -45.0000    0.000010876.7773   14.0995
    0.0000  -45.0000    0.000011365.6191   14.1067
    7.5000  -45.0000    0.000010879.0322   14.1202
   -7.5000  -37.5000    0.000011751.8105   14.0430
    0.0000  -37.5000    0.000012308.6562   14.0469
    7.5000  -37.5000    0.000011761.6689   14.0610
   -7.5000  -30.0000    0.000013017.9902   14.0440
    0.0000  -30.0000    0.000013625.9971   14.0495
    7.5000  -30.0000    0.000012982.2500   14.0659
   -7.5000  -22.5000    0.000014218.8740   14.0312
    0.0000  -22.5000    0.000014861.6680   14.0425
    7.5000  -22.5000    0.000014158.1123   14.0613
   -7.5000  -15.0000    0.000015386.4736   14.0179
    0.0000  -15.0000    0.000016077.5713   14.0325
    7.5000  -15.0000    0.000015328.8955   14.0507
   -7.5000   -7.5000    0.000016675.1797   14.0173
    0.0000   -7.5000    0.000017556.0645   14.0294
    7.5000   -7.5000    0.000016449.6230   14.0447
   -7.5000    0.0000    0.000017730.4941   14.0281
    0.0000    0.0000    0.000018735.4492   14.0352
    7.5000    0.0000    0.000017384.7363   14.0488
   -7.5000    7.5000    0.000017304.9492   14.0414
    0.0000    7.5000    0.000018270.7832   14.0453
    7.5000    7.5000    0.000016991.1523   14.0594
   -7.5000   15.0000    0.000016579.7207   14.0440
    0.0000   15.0000    0.000017466.3066   14.0494
    7.5000   15.0000    0.000016304.1582   14.0659
   -7.5000   22.5000    0.000015616.8057   14.0248
    0.0000   22.5000    0.000016428.4062   14.0360
    7.5000   22.5000    0.000015385.6162   14.0548
   -7.5000   30.0000    0.000014548.8213   13.8365
    0.0000   30.0000    0.000015247.0684   13.8509
    7.5000   30.0000    0.000014350.7959   13.8689
   -7.5000   37.5000    0.000013948.1279   13.8359
    0.0000   37.5000    0.000014560.0371   13.8478
    7.5000   37.5000    0.000013752.9160   13.8629
   -7.5000   45.0000    0.000012699.4268   13.5215
    0.0000   45.0000    0.000013234.6699   13.5283
    7.5000   45.0000    0.000012546.4580   13.5414
   -7.5000  -45.0000    7.500010422.9902   14.1298
    0.0000  -45.0000    7.500010898.7461   14.1347
    7.5000  -45.0000    7.500010365.3232   14.1478
   -7.5000  -37.5000    7.500011284.4932   14.0696
    0.0000  -37.5000    7.500011798.9268   14.0726
    7.5000  -37.5000    7.500011233.7129   14.0846
   -7.5000  -30.0000    7.500012502.3711   14.0603
    0.0000  -30.0000    7.500013054.2432   14.0653
    7.5000  -30.0000    7.500012434.6016   14.0791
   -7.5000  -22.5000    7.500013676.3418   14.0404
    0.0000  -22.5000    7.500014257.6270   14.0498
    7.5000  -22.5000    7.500013610.7627   14.0669
   -7.5000  -15.0000    7.500014819.9746   14.0294
    0.0000  -15.0000    7.500015445.7080   14.0404
    7.5000  -15.0000    7.500014706.4268   14.0589
   -7.5000   -7.5000    7.500015889.0068   14.0396
    0.0000   -7.5000    7.500016664.4395   14.0479
    7.5000   -7.5000    7.500015707.9072   14.0642
   -7.5000    0.0000    7.500016729.3750   14.0583
    0.0000    0.0000    7.500017518.9609   14.0630
    7.5000    0.0000    7.500016522.9434   14.0761
   -7.5000    7.5000    7.500016297.8018   14.0680
    0.0000    7.5000    7.500017003.2812   14.0710
    7.5000    7.5000    7.500016125.9629   14.0830
   -7.5000   15.0000    7.500015728.0684   14.0602
    0.0000   15.0000    7.500016425.9609   14.0653
    7.5000   15.0000    7.500015564.3145   14.0791
   -7.5000   22.5000    7.500014912.6328   14.0339
    0.0000   22.5000    7.500015621.8555   14.0433
    7.5000   22.5000    7.500014742.0645   14.0605
   -7.5000   30.0000    7.500013948.3750   13.8478
    0.0000   30.0000    7.500014587.0225   13.8587
    7.5000   30.0000    7.500013740.8105   13.8769
   -7.5000   37.5000    7.500013320.7822   13.8579
    0.0000   37.5000    7.500013926.7158   13.8661
    7.5000   37.5000    7.500013141.1465   13.8822
   -7.5000   45.0000    7.500012115.9580   13.5506
    0.0000   45.0000    7.500012661.6807   13.5551
    7.5000   45.0000    7.500011964.2471   13.5678
   -7.5000  -45.0000   15.0000 9813.0801   14.2045
    0.0000  -45.0000   15.000010256.3311   14.2047
    7.5000  -45.0000   15.0000 9734.4199   14.2169
   -7.5000  -37.5000   15.000010611.1387   14.1426
    0.0000  -37.5000   15.000011086.4111   14.1412
    7.5000  -37.5000   15.000010558.1240   14.1506
   -7.5000  -30.0000   15.000011734.3076   14.1200
    0.0000  -30.0000   15.000012254.8574   14.1199
    7.5000  -30.0000   15.000011656.9189   14.1291
   -7.5000  -22.5000   15.000012806.3145   14.0872
    0.0000  -22.5000   15.000013366.0801   14.0904
    7.5000  -22.5000   15.000012758.7471   14.1025
   -7.5000  -15.0000   15.000013831.5088   14.0757
    0.0000  -15.0000   15.000014474.3408   14.0802
    7.5000  -15.0000   15.000013784.6484   14.0952
   -7.5000   -7.5000   15.000014780.0938   14.0997
    0.0000   -7.5000   15.000015502.9639   14.1024
    7.5000   -7.5000   15.000014699.2988   14.1174
   -7.5000    0.0000   15.000015581.2256   14.1323
    0.0000    0.0000   15.000016265.7607   14.1324
    7.5000    0.0000   15.000015502.5732   14.1445
   -7.5000    7.5000   15.000015211.8896   14.1409
    0.0000    7.5000   15.000015843.2832   14.1395
    7.5000    7.5000   15.000015155.7109   14.1489
   -7.5000   15.0000   15.000014722.4189   14.1199
    0.0000   15.0000   15.000015337.0254   14.1199
    7.5000   15.0000   15.000014646.5938   14.1290
   -7.5000   22.5000   15.000014021.5479   14.0807
    0.0000   22.5000   15.000014619.1416   14.0839
    7.5000   22.5000   15.000013908.4824   14.0960
   -7.5000   30.0000   15.000013132.8643   13.8935
    0.0000   30.0000   15.000013712.3535   13.8980
    7.5000   30.0000   15.000012981.9219   13.9128
   -7.5000   37.5000   15.000012514.7207   13.9173
    0.0000   37.5000   15.000013088.5820   13.9199
    7.5000   37.5000   15.000012383.6191   13.9347
   -7.5000   45.0000   15.000011389.1533   13.6219
    0.0000   45.0000   15.000011908.6230   13.6220
    7.5000   45.0000   15.000011265.2275   13.6337
   -7.5000  -45.0000   22.5000 9049.6123   14.3323
    0.0000  -45.0000   22.5000 9463.4746   14.3305
    7.5000  -45.0000   22.5000 9007.7578   14.3431
   -7.5000  -37.5000   22.5000 9800.0244   14.2727
    0.0000  -37.5000   22.500010240.8662   14.2676
    7.5000  -37.5000   22.5000 9753.0039   14.2775
   -7.5000  -30.0000   22.500010853.7549   14.2475
    0.0000  -30.0000   22.500011332.0352   14.2424
    7.5000  -30.0000   22.500010801.2695   14.2503
   -7.5000  -22.5000   22.500011822.8711   14.2087
    0.0000  -22.5000   22.500012352.4102   14.2075
    7.5000  -22.5000   22.500011806.1289   14.2167
   -7.5000  -15.0000   22.500012759.3838   14.1937
    0.0000  -15.0000   22.500013359.2861   14.1959
    7.5000  -15.0000   22.500012764.3350   14.2076
   -7.5000   -7.5000   22.500013670.6680   14.2204
    0.0000   -7.5000   22.500014313.0391   14.2218
    7.5000   -7.5000   22.500013639.1299   14.2350
   -7.5000    0.0000   22.500014419.1328   14.2589
    0.0000    0.0000   22.500015028.2588   14.2571
    7.5000    0.0000   22.500014381.3076   14.2696
   -7.5000    7.5000   22.500014060.0293   14.2710
    0.0000    7.5000   22.500014642.0811   14.2659
    7.5000    7.5000   22.500014040.3721   14.2758
   -7.5000   15.0000   22.500013611.2773   14.2475
    0.0000   15.0000   22.500014176.4883   14.2423
    7.5000   15.0000   22.500013553.3633   14.2503
   -7.5000   22.5000   22.500012975.9922   14.2022
    0.0000   22.5000   22.500013525.9258   14.2010
    7.5000   22.5000   22.500012882.8740   14.2101
   -7.5000   30.0000   22.500012208.1777   14.0100
    0.0000   30.0000   22.500012713.2949   14.0121
    7.5000   30.0000   22.500012087.6387   14.0237
   -7.5000   37.5000   22.500011643.9639   14.0363
    0.0000   37.5000   22.500012142.7031   14.0378
    7.5000   37.5000   22.500011545.8008   14.0508
   -7.5000   45.0000   22.500010579.8896   13.7440
    0.0000   45.0000   22.500011056.5508   13.7422
    7.5000   45.0000   22.500010504.0488   13.7542
   -7.5000  -45.0000   30.0000 8254.7588   14.5871
    0.0000  -45.0000   30.0000 8658.0596   14.5879
    7.5000  -45.0000   30.0000 8253.7637   14.6028
   -7.5000  -37.5000   30.0000 8953.8428   14.5305
    0.0000  -37.5000   30.0000 9378.7832   14.5257
    7.5000  -37.5000   30.0000 8941.1807   14.5391
   -7.5000  -30.0000   30.0000 9918.3945   14.5181
    0.0000  -30.0000   30.000010376.0459   14.5123
    7.5000  -30.0000   30.0000 9905.8008   14.5241
   -7.5000  -22.5000   30.000010828.5254   14.4869
    0.0000  -22.5000   30.000011324.7832   14.4870
    7.5000  -22.5000   30.000010852.3145   14.4992
   -7.5000  -15.0000   30.000011735.0244   14.4680
    0.0000  -15.0000   30.000012273.8496   14.4743
    7.5000  -15.0000   30.000011751.7666   14.4875
   -7.5000   -7.5000   30.000012586.6699   14.4815
    0.0000   -7.5000   30.000013139.6689   14.4874
    7.5000   -7.5000   30.000012560.3506   14.5016
   -7.5000    0.0000   30.000013254.7646   14.5111
    0.0000    0.0000   30.000013799.1416   14.5118
    7.5000    0.0000   30.000013210.5889   14.5266
   -7.5000    7.5000   30.000012901.1338   14.5287
    0.0000    7.5000   30.000013439.5186   14.5239
    7.5000    7.5000   30.000012863.6982   14.5374
   -7.5000   15.0000   30.000012480.1191   14.5181
    0.0000   15.0000   30.000013003.3125   14.5123
    7.5000   15.0000   30.000012431.8877   14.5240
   -7.5000   22.5000   30.000011913.5078   14.4802
    0.0000   22.5000   30.000012409.2314   14.4803
    7.5000   22.5000   30.000011858.7021   14.4925
   -7.5000   30.0000   30.000011233.7549   14.2807
    0.0000   30.0000   30.000011690.2822   14.2870
    7.5000   30.0000   30.000011160.5215   14.3000
   -7.5000   37.5000   30.000010727.7969   14.2941
    0.0000   37.5000   30.000011171.4043   14.2999
    7.5000   37.5000   30.000010663.5166   14.3139
   -7.5000   45.0000   30.0000 9764.9248   13.9870
    0.0000   45.0000   30.000010174.9180   13.9877
    7.5000   45.0000   30.0000 9718.1670   14.0020
   -7.5000  -45.0000   37.5000 7875.5303   15.0521
    0.0000  -45.0000   37.5000 8263.5342   15.0567
    7.5000  -45.0000   37.5000 7874.1343   15.0734
   -7.5000  -37.5000   37.5000 8535.3721   14.9912
    0.0000  -37.5000   37.5000 8949.5576   14.9902
    7.5000  -37.5000   37.5000 8547.9941   15.0067
   -7.5000  -30.0000   37.5000 9454.4482   14.9923
    0.0000  -30.0000   37.5000 9907.6045   14.9911
    7.5000  -30.0000   37.5000 9475.0879   15.0079
   -7.5000  -22.5000   37.500010334.7939   14.9737
    0.0000  -22.5000   37.500010831.8076   14.9796
    7.5000  -22.5000   37.500010387.9580   14.9975
   -7.5000  -15.0000   37.500011221.5078   14.9550
    0.0000  -15.0000   37.500011743.3809   14.9669
    7.5000  -15.0000   37.500011253.5566   14.9848
   -7.5000   -7.5000   37.500012013.1689   14.9550
    0.0000   -7.5000   37.500012548.8369   14.9654
    7.5000   -7.5000   37.500012022.8379   14.9822
   -7.5000    0.0000   37.500012640.7090   14.9709
    0.0000    0.0000   37.500013192.6738   14.9754
    7.5000    0.0000   37.500012630.7422   14.9920
   -7.5000    7.5000   37.500012324.4307   14.9894
    0.0000    7.5000   37.500012856.9873   14.9884
    7.5000    7.5000   37.500012300.0732   15.0049
   -7.5000   15.0000   37.500011905.1719   14.9922
    0.0000   15.0000   37.500012410.7773   14.9911
    7.5000   15.0000   37.500011887.6182   15.0079
   -7.5000   22.5000   37.500011388.8184   14.9668
    0.0000   22.5000   37.500011873.6016   14.9727
    7.5000   22.5000   37.500011370.9287   14.9906
   -7.5000   30.0000   37.500010748.9902   14.7614
    0.0000   30.0000   37.500011220.5996   14.7732
    7.5000   30.0000   37.500010725.1201   14.7909
   -7.5000   37.5000   37.500010276.3047   14.7615
    0.0000   37.5000   37.500010717.4102   14.7717
    7.5000   37.5000   37.500010236.8721   14.7883
   -7.5000   45.0000   37.5000 9332.6748   14.4302
    0.0000   45.0000   37.5000 9750.2510   14.4345
    7.5000   45.0000   37.5000 9306.6221   14.4505
   -7.5000  -45.0000   45.0000 7178.2070   15.5665
    0.0000  -45.0000   45.0000 7529.2407   15.5705
    7.5000  -45.0000   45.0000 7178.0420   15.5842
   -7.5000  -37.5000   45.0000 7764.4697   15.4926
    0.0000  -37.5000   45.0000 8128.0469   15.4920
    7.5000  -37.5000   45.0000 7785.1016   15.5051
   -7.5000  -30.0000   45.0000 8607.7764   15.4897
    0.0000  -30.0000   45.0000 9014.2197   15.4893
    7.5000  -30.0000   45.0000 8638.7646   15.5047
   -7.5000  -22.5000   45.0000 9438.1279   15.4742
    0.0000  -22.5000   45.0000 9901.4229   15.4799
    7.5000  -22.5000   45.0000 9492.0039   15.4988
   -7.5000  -15.0000   45.000010256.0859   15.4619
    0.0000  -15.0000   45.000010742.8105   15.4722
    7.5000  -15.0000   45.000010280.8740   15.4916
   -7.5000   -7.5000   45.000010953.9434   15.4656
    0.0000   -7.5000   45.000011449.1738   15.4744
    7.5000   -7.5000   45.000010985.1201   15.4908
   -7.5000    0.0000   45.000011531.0439   15.4790
    0.0000    0.0000   45.000012055.2705   15.4829
    7.5000    0.0000   45.000011546.9980   15.4966
   -7.5000    7.5000   45.000011254.1748   15.4907
    0.0000    7.5000   45.000011764.0420   15.4900
    7.5000    7.5000   45.000011252.5410   15.5031
   -7.5000   15.0000   45.000010866.8506   15.4897
    0.0000   15.0000   45.000011356.3867   15.4893
    7.5000   15.0000   45.000010865.8818   15.5046
   -7.5000   22.5000   45.000010399.8652   15.4670
    0.0000   22.5000   45.000010865.4902   15.4728
    7.5000   22.5000   45.000010386.9395   15.4916
   -7.5000   30.0000   45.0000 9816.4248   15.2604
    0.0000   30.0000   45.000010266.8623   15.2706
    7.5000   30.0000   45.0000 9797.1084   15.2898
   -7.5000   37.5000   45.0000 9390.5361   15.2642
    0.0000   37.5000   45.0000 9817.3213   15.2728
    7.5000   37.5000   45.0000 9355.5762   15.2890
   -7.5000   45.0000   45.0000 8534.8994   14.9268
    0.0000   45.0000   45.0000 8943.4629   14.9305
    7.5000   45.0000   45.0000 8512.9688   14.9437

---------------------------------------------------------------------
imgreg_4dfp /opt/freesurfer/average/711-2C_as_mni_average_305 /opt/freesurfer/average/711-2B_as_mni_average_305_mask talsrcimg_g11 none talsrcimg_to_711-2C_as_mni_average_305_t4 4355
---------------------------------------------------------------------

freesurfer imgreg_4dfp.c
/opt/freesurfer/average/711-2C_as_mni_average_305.4dfp.img
       256       256       256         1
  1.000000  1.000000  1.000000
orientation T byte_order littleendian
Reading image: /opt/freesurfer/average/711-2C_as_mni_average_305.4dfp.img
dimensions:      256       256       256
mmppix:       1.0000   -1.0000   -1.0000
center:     128.0000 -129.0000 -129.0000
/opt/freesurfer/average/711-2B_as_mni_average_305_mask.4dfp.img
       256       256       256         1
  1.000000  1.000000  1.000000
orientation T byte_order littleendian
Reading mask: /opt/freesurfer/average/711-2B_as_mni_average_305_mask.4dfp.img (2306576 pixels)
talsrcimg_g11.4dfp.img
       256       256       256         1
  1.000000  1.000000  1.000000
orientation T byte_order littleendian
Reading image: talsrcimg_g11.4dfp.img
dimensions:      256       256       256
mmppix:       1.0000   -1.0000   -1.0000
center:     128.0000 -129.0000 -129.0000
rotation matrix determinant  1.000000
image alignment mode   4355 decimal     1103 hex
   -7.5000  -45.0000  -45.0000 2132.8381   14.0736
    0.0000  -45.0000  -45.0000 2148.2498   13.9822
    7.5000  -45.0000  -45.0000 2130.7642   14.1361
   -7.5000  -37.5000  -45.0000 2258.0249   12.6860
    0.0000  -37.5000  -45.0000 2271.0486   12.6139
    7.5000  -37.5000  -45.0000 2251.5273   12.7492
   -7.5000  -30.0000  -45.0000 2361.1992   11.5882
    0.0000  -30.0000  -45.0000 2374.3032   11.5119
    7.5000  -30.0000  -45.0000 2356.1108   11.6535
   -7.5000  -22.5000  -45.0000 2445.7366   10.7539
    0.0000  -22.5000  -45.0000 2458.6907   10.6855
    7.5000  -22.5000  -45.0000 2434.5862   10.8124
   -7.5000  -15.0000  -45.0000 2500.7422   10.1989
    0.0000  -15.0000  -45.0000 2514.7935   10.1156
    7.5000  -15.0000  -45.0000 2489.1335   10.2571
   -7.5000   -7.5000  -45.0000 2522.6746    9.9070
    0.0000   -7.5000  -45.0000 2542.5447    9.8174
    7.5000   -7.5000  -45.0000 2520.6543    9.9655
   -7.5000    0.0000  -45.0000 2532.6885    9.8247
    0.0000    0.0000  -45.0000 2549.8274    9.7280
    7.5000    0.0000  -45.0000 2530.5071    9.8988
   -7.5000    7.5000  -45.0000 2516.9731    9.9777
    0.0000    7.5000  -45.0000 2536.1819    9.8947
    7.5000    7.5000  -45.0000 2518.5676   10.0364
   -7.5000   15.0000  -45.0000 2483.1560   10.2893
    0.0000   15.0000  -45.0000 2505.1853   10.2040
    7.5000   15.0000  -45.0000 2487.8103   10.3559
   -7.5000   22.5000  -45.0000 2427.3743   10.8059
    0.0000   22.5000  -45.0000 2452.8838   10.7098
    7.5000   22.5000  -45.0000 2437.1340   10.8567
   -7.5000   30.0000  -45.0000 2355.5874   11.5182
    0.0000   30.0000  -45.0000 2378.8926   11.4190
    7.5000   30.0000  -45.0000 2362.9646   11.5569
   -7.5000   37.5000  -45.0000 2261.3892   12.4840
    0.0000   37.5000  -45.0000 2281.8396   12.3720
    7.5000   37.5000  -45.0000 2265.0166   12.4870
   -7.5000   45.0000  -45.0000 2149.5757   13.7427
    0.0000   45.0000  -45.0000 2168.4971   13.6454
    7.5000   45.0000  -45.0000 2152.5154   13.7715
   -7.5000  -45.0000  -37.5000 2185.6125   13.4422
    0.0000  -45.0000  -37.5000 2198.2795   13.3570
    7.5000  -45.0000  -37.5000 2184.3228   13.4966
   -7.5000  -37.5000  -37.5000 2315.8130   12.1165
    0.0000  -37.5000  -37.5000 2327.9041   12.0255
    7.5000  -37.5000  -37.5000 2308.4216   12.1589
   -7.5000  -30.0000  -37.5000 2425.2424   11.0292
    0.0000  -30.0000  -37.5000 2435.4348   10.9329
    7.5000  -30.0000  -37.5000 2413.1772   11.0720
   -7.5000  -22.5000  -37.5000 2513.1553   10.1837
    0.0000  -22.5000  -37.5000 2525.0276   10.1010
    7.5000  -22.5000  -37.5000 2503.0898   10.2330
   -7.5000  -15.0000  -37.5000 2579.5520    9.6246
    0.0000  -15.0000  -37.5000 2593.0869    9.5227
    7.5000  -15.0000  -37.5000 2573.8330    9.6575
   -7.5000   -7.5000  -37.5000 2612.8735    9.3398
    0.0000   -7.5000  -37.5000 2628.5898    9.2289
    7.5000   -7.5000  -37.5000 2611.5596    9.3513
   -7.5000    0.0000  -37.5000 2625.5759    9.2361
    0.0000    0.0000  -37.5000 2646.7488    9.1285
    7.5000    0.0000  -37.5000 2627.1770    9.2599
   -7.5000    7.5000  -37.5000 2614.4319    9.3596
    0.0000    7.5000  -37.5000 2635.1257    9.2822
    7.5000    7.5000  -37.5000 2612.5557    9.4167
   -7.5000   15.0000  -37.5000 2580.3982    9.6651
    0.0000   15.0000  -37.5000 2602.4443    9.5762
    7.5000   15.0000  -37.5000 2581.4014    9.7216
   -7.5000   22.5000  -37.5000 2522.8083   10.1597
    0.0000   22.5000  -37.5000 2549.1814   10.0352
    7.5000   22.5000  -37.5000 2528.0496   10.1880
   -7.5000   30.0000  -37.5000 2443.0854   10.8169
    0.0000   30.0000  -37.5000 2466.7488   10.6790
    7.5000   30.0000  -37.5000 2451.3406   10.8205
   -7.5000   37.5000  -37.5000 2337.9983   11.7028
    0.0000   37.5000  -37.5000 2360.2456   11.5674
    7.5000   37.5000  -37.5000 2344.9004   11.6865
   -7.5000   45.0000  -37.5000 2217.8044   12.8854
    0.0000   45.0000  -37.5000 2236.4924   12.7673
    7.5000   45.0000  -37.5000 2223.1394   12.8963
   -7.5000  -45.0000  -30.0000 2264.2471   13.3880
    0.0000  -45.0000  -30.0000 2275.2305   13.2438
    7.5000  -45.0000  -30.0000 2263.0732   13.4035
   -7.5000  -37.5000  -30.0000 2396.1445   12.0077
    0.0000  -37.5000  -30.0000 2409.9634   11.8882
    7.5000  -37.5000  -30.0000 2392.1968   12.0344
   -7.5000  -30.0000  -30.0000 2513.6252   10.8833
    0.0000  -30.0000  -30.0000 2527.3105   10.7927
    7.5000  -30.0000  -30.0000 2507.8003   10.9072
   -7.5000  -22.5000  -30.0000 2611.1907   10.0261
    0.0000  -22.5000  -30.0000 2628.3796    9.9280
    7.5000  -22.5000  -30.0000 2606.1284   10.0437
   -7.5000  -15.0000  -30.0000 2690.4109    9.4367
    0.0000  -15.0000  -30.0000 2710.8376    9.3336
    7.5000  -15.0000  -30.0000 2689.5063    9.4471
   -7.5000   -7.5000  -30.0000 2734.6082    9.1193
    0.0000   -7.5000  -30.0000 2761.5825    9.0039
    7.5000   -7.5000  -30.0000 2737.3572    9.1265
   -7.5000    0.0000  -30.0000 2755.6812    9.0079
    0.0000    0.0000  -30.0000 2783.4392    8.8836
    7.5000    0.0000  -30.0000 2762.4707    9.0069
   -7.5000    7.5000  -30.0000 2755.3169    9.1337
    0.0000    7.5000  -30.0000 2777.2341    9.0182
    7.5000    7.5000  -30.0000 2756.4946    9.1461
   -7.5000   15.0000  -30.0000 2721.5830    9.4365
    0.0000   15.0000  -30.0000 2748.5200    9.3247
    7.5000   15.0000  -30.0000 2725.4351    9.4546
   -7.5000   22.5000  -30.0000 2658.3887    9.8989
    0.0000   22.5000  -30.0000 2684.6631    9.7693
    7.5000   22.5000  -30.0000 2664.2312    9.8948
   -7.5000   30.0000  -30.0000 2570.9038   10.5313
    0.0000   30.0000  -30.0000 2595.4912   10.3913
    7.5000   30.0000  -30.0000 2574.4475   10.5218
   -7.5000   37.5000  -30.0000 2459.9666   11.3757
    0.0000   37.5000  -30.0000 2479.5540   11.2547
    7.5000   37.5000  -30.0000 2461.4944   11.3913
   -7.5000   45.0000  -30.0000 2327.5120   12.5558
    0.0000   45.0000  -30.0000 2350.5168   12.4302
    7.5000   45.0000  -30.0000 2335.0735   12.5795
   -7.5000  -45.0000  -22.5000 2301.0037   13.2204
    0.0000  -45.0000  -22.5000 2315.8108   13.1050
    7.5000  -45.0000  -22.5000 2299.6006   13.2401
   -7.5000  -37.5000  -22.5000 2436.8020   11.8309
    0.0000  -37.5000  -22.5000 2454.1553   11.6992
    7.5000  -37.5000  -22.5000 2432.1816   11.8245
   -7.5000  -30.0000  -22.5000 2564.0798   10.6980
    0.0000  -30.0000  -22.5000 2580.3313   10.5695
    7.5000  -30.0000  -22.5000 2556.0002   10.6934
   -7.5000  -22.5000  -22.5000 2668.7568    9.8162
    0.0000  -22.5000  -22.5000 2689.3210    9.6969
    7.5000  -22.5000  -22.5000 2666.8333    9.8168
   -7.5000  -15.0000  -22.5000 2757.5955    9.1998
    0.0000  -15.0000  -22.5000 2784.5264    9.1000
    7.5000  -15.0000  -22.5000 2765.6665    9.2105
   -7.5000   -7.5000  -22.5000 2815.0623    8.8494
    0.0000   -7.5000  -22.5000 2849.9478    8.7362
    7.5000   -7.5000  -22.5000 2823.4006    8.8658
   -7.5000    0.0000  -22.5000 2846.1348    8.7185
    0.0000    0.0000  -22.5000 2881.2031    8.5918
    7.5000    0.0000  -22.5000 2854.9529    8.7280
   -7.5000    7.5000  -22.5000 2852.3777    8.8221
    0.0000    7.5000  -22.5000 2883.1599    8.6898
    7.5000    7.5000  -22.5000 2857.5630    8.8384
   -7.5000   15.0000  -22.5000 2821.4473    9.1408
    0.0000   15.0000  -22.5000 2851.4719    9.0054
    7.5000   15.0000  -22.5000 2825.4207    9.1542
   -7.5000   22.5000  -22.5000 2754.1772    9.5945
    0.0000   22.5000  -22.5000 2784.2146    9.4503
    7.5000   22.5000  -22.5000 2760.5374    9.5684
   -7.5000   30.0000  -22.5000 2658.5566   10.1692
    0.0000   30.0000  -22.5000 2685.3967   10.0327
    7.5000   30.0000  -22.5000 2662.9810   10.1685
   -7.5000   37.5000  -22.5000 2542.2656   10.9972
    0.0000   37.5000  -22.5000 2566.5930   10.8624
    7.5000   37.5000  -22.5000 2545.3669   11.0108
   -7.5000   45.0000  -22.5000 2401.5613   12.1664
    0.0000   45.0000  -22.5000 2431.8071   12.0247
    7.5000   45.0000  -22.5000 2410.5999   12.1934
   -7.5000  -45.0000  -15.0000 2300.7981   13.0858
    0.0000  -45.0000  -15.0000 2313.6309   12.9513
    7.5000  -45.0000  -15.0000 2300.8555   13.1414
   -7.5000  -37.5000  -15.0000 2438.0708   11.6135
    0.0000  -37.5000  -15.0000 2455.1484   11.5232
    7.5000  -37.5000  -15.0000 2436.0242   11.6655
   -7.5000  -30.0000  -15.0000 2570.2793   10.4927
    0.0000  -30.0000  -15.0000 2586.0820   10.3900
    7.5000  -30.0000  -15.0000 2564.9297   10.5080
   -7.5000  -22.5000  -15.0000 2681.5540    9.6069
    0.0000  -22.5000  -15.0000 2702.9121    9.5109
    7.5000  -22.5000  -15.0000 2683.3706    9.6118
   -7.5000  -15.0000  -15.0000 2781.7200    8.9807
    0.0000  -15.0000  -15.0000 2811.1206    8.8987
    7.5000  -15.0000  -15.0000 2791.9644    8.9986
   -7.5000   -7.5000  -15.0000 2856.6575    8.6466
    0.0000   -7.5000  -15.0000 2891.0759    8.5657
    7.5000   -7.5000  -15.0000 2871.9724    8.6414
   -7.5000    0.0000  -15.0000 2903.8887    8.5147
    0.0000    0.0000  -15.0000 2944.4709    8.4159
    7.5000    0.0000  -15.0000 2915.8362    8.5190
   -7.5000    7.5000  -15.0000 2917.7905    8.5743
    0.0000    7.5000  -15.0000 2956.6931    8.4693
    7.5000    7.5000  -15.0000 2921.0984    8.5974
   -7.5000   15.0000  -15.0000 2884.0564    8.8564
    0.0000   15.0000  -15.0000 2917.8196    8.7634
    7.5000   15.0000  -15.0000 2884.5881    8.8762
   -7.5000   22.5000  -15.0000 2810.9836    9.2682
    0.0000   22.5000  -15.0000 2844.1670    9.1757
    7.5000   22.5000  -15.0000 2815.7122    9.2680
   -7.5000   30.0000  -15.0000 2712.7432    9.8040
    0.0000   30.0000  -15.0000 2742.6838    9.7080
    7.5000   30.0000  -15.0000 2719.7344    9.8111
   -7.5000   37.5000  -15.0000 2588.5867   10.6317
    0.0000   37.5000  -15.0000 2612.6646   10.5298
    7.5000   37.5000  -15.0000 2592.1892   10.6543
   -7.5000   45.0000  -15.0000 2445.9412   11.7971
    0.0000   45.0000  -15.0000 2471.5217   11.6902
    7.5000   45.0000  -15.0000 2453.0315   11.8446
   -7.5000  -45.0000   -7.5000 2278.7297   13.0248
    0.0000  -45.0000   -7.5000 2296.4341   12.9186
    7.5000  -45.0000   -7.5000 2282.5872   13.1234
   -7.5000  -37.5000   -7.5000 2419.2458   11.5563
    0.0000  -37.5000   -7.5000 2437.7471   11.4579
    7.5000  -37.5000   -7.5000 2422.1060   11.6493
   -7.5000  -30.0000   -7.5000 2547.2522   10.4148
    0.0000  -30.0000   -7.5000 2565.5542   10.3004
    7.5000  -30.0000   -7.5000 2549.8596   10.4610
   -7.5000  -22.5000   -7.5000 2666.0249    9.5141
    0.0000  -22.5000   -7.5000 2687.7288    9.4090
    7.5000  -22.5000   -7.5000 2673.2893    9.5379
   -7.5000  -15.0000   -7.5000 2775.8967    8.8977
    0.0000  -15.0000   -7.5000 2800.4385    8.8229
    7.5000  -15.0000   -7.5000 2787.5142    8.9206
   -7.5000   -7.5000   -7.5000 2870.8525    8.5603
    0.0000   -7.5000   -7.5000 2903.2844    8.5088
    7.5000   -7.5000   -7.5000 2883.1658    8.5599
   -7.5000    0.0000   -7.5000 2933.6243    8.4510
    0.0000    0.0000   -7.5000 2972.4834    8.4370
    7.5000    0.0000   -7.5000 2944.9280    8.4267
   -7.5000    7.5000   -7.5000 2952.9167    8.4880
    0.0000    7.5000   -7.5000 2998.7593    8.4534
    7.5000    7.5000   -7.5000 2959.1833    8.4706
   -7.5000   15.0000   -7.5000 2919.3232    8.6832
    0.0000   15.0000   -7.5000 2961.0725    8.6228
    7.5000   15.0000   -7.5000 2920.1533    8.6736
   -7.5000   22.5000   -7.5000 2839.6240    9.0153
    0.0000   22.5000   -7.5000 2875.0095    8.9431
    7.5000   22.5000   -7.5000 2848.0244    9.0395
   -7.5000   30.0000   -7.5000 2739.4961    9.5546
    0.0000   30.0000   -7.5000 2763.6208    9.4616
    7.5000   30.0000   -7.5000 2742.7029    9.6002
   -7.5000   37.5000   -7.5000 2608.9043   10.4083
    0.0000   37.5000   -7.5000 2631.1331   10.2822
    7.5000   37.5000   -7.5000 2615.0750   10.4359
   -7.5000   45.0000   -7.5000 2463.8289   11.5495
    0.0000   45.0000   -7.5000 2488.4783   11.4159
    7.5000   45.0000   -7.5000 2468.9292   11.5917
   -7.5000  -45.0000    0.0000 2258.2244   13.1611
    0.0000  -45.0000    0.0000 2272.7913   13.0433
    7.5000  -45.0000    0.0000 2260.6616   13.2654
   -7.5000  -37.5000    0.0000 2392.2986   11.6667
    0.0000  -37.5000    0.0000 2408.4495   11.5633
    7.5000  -37.5000    0.0000 2398.4905   11.7680
   -7.5000  -30.0000    0.0000 2513.7646   10.5272
    0.0000  -30.0000    0.0000 2531.1609   10.4286
    7.5000  -30.0000    0.0000 2519.8186   10.5878
   -7.5000  -22.5000    0.0000 2640.0791    9.6490
    0.0000  -22.5000    0.0000 2659.4722    9.5654
    7.5000  -22.5000    0.0000 2647.4417    9.6850
   -7.5000  -15.0000    0.0000 2757.8789    9.0245
    0.0000  -15.0000    0.0000 2782.2456    8.9588
    7.5000  -15.0000    0.0000 2765.4490    9.0521
   -7.5000   -7.5000    0.0000 2865.0513    8.6656
    0.0000   -7.5000    0.0000 2890.4592    8.6051
    7.5000   -7.5000    0.0000 2870.8689    8.6621
   -7.5000    0.0000    0.0000 2932.0852    8.5167
    0.0000    0.0000    0.0000 2967.6243    8.4729
    7.5000    0.0000    0.0000 2937.9644    8.4713
   -7.5000    7.5000    0.0000 2959.0603    8.5055
    0.0000    7.5000    0.0000 2997.0728    8.4562
    7.5000    7.5000    0.0000 2960.0542    8.4671
   -7.5000   15.0000    0.0000 2923.3484    8.6613
    0.0000   15.0000    0.0000 2961.6348    8.5953
    7.5000   15.0000    0.0000 2921.0347    8.6640
   -7.5000   22.5000    0.0000 2839.5015    9.0193
    0.0000   22.5000    0.0000 2877.8713    8.9322
    7.5000   22.5000    0.0000 2842.3386    9.0583
   -7.5000   30.0000    0.0000 2731.5952    9.5513
    0.0000   30.0000    0.0000 2755.7637    9.4580
    7.5000   30.0000    0.0000 2734.5005    9.6002
   -7.5000   37.5000    0.0000 2603.5837   10.3691
    0.0000   37.5000    0.0000 2623.3843   10.2411
    7.5000   37.5000    0.0000 2610.0820   10.3926
   -7.5000   45.0000    0.0000 2458.4272   11.4838
    0.0000   45.0000    0.0000 2478.2083   11.3407
    7.5000   45.0000    0.0000 2466.9182   11.4893
   -7.5000  -45.0000    7.5000 2234.3774   13.5706
    0.0000  -45.0000    7.5000 2246.4426   13.4350
    7.5000  -45.0000    7.5000 2233.3682   13.6414
   -7.5000  -37.5000    7.5000 2366.2976   12.0398
    0.0000  -37.5000    7.5000 2380.6807   11.9419
    7.5000  -37.5000    7.5000 2368.4802   12.1060
   -7.5000  -30.0000    7.5000 2484.4773   10.8497
    0.0000  -30.0000    7.5000 2500.8789   10.7356
    7.5000  -30.0000    7.5000 2487.8989   10.9000
   -7.5000  -22.5000    7.5000 2607.6306    9.9457
    0.0000  -22.5000    7.5000 2632.1680    9.8338
    7.5000  -22.5000    7.5000 2617.2534    9.9715
   -7.5000  -15.0000    7.5000 2726.2888    9.2767
    0.0000  -15.0000    7.5000 2750.8567    9.1696
    7.5000  -15.0000    7.5000 2736.5840    9.2980
   -7.5000   -7.5000    7.5000 2832.5154    8.8809
    0.0000   -7.5000    7.5000 2856.1277    8.7991
    7.5000   -7.5000    7.5000 2842.6479    8.8593
   -7.5000    0.0000    7.5000 2899.9753    8.6578
    0.0000    0.0000    7.5000 2932.0303    8.5849
    7.5000    0.0000    7.5000 2906.4280    8.6184
   -7.5000    7.5000    7.5000 2931.0659    8.6010
    0.0000    7.5000    7.5000 2961.6663    8.4994
    7.5000    7.5000    7.5000 2930.8586    8.5926
   -7.5000   15.0000    7.5000 2901.3960    8.7962
    0.0000   15.0000    7.5000 2936.3784    8.6585
    7.5000   15.0000    7.5000 2897.1675    8.8153
   -7.5000   22.5000    7.5000 2820.2532    9.1763
    0.0000   22.5000    7.5000 2856.6321    9.0481
    7.5000   22.5000    7.5000 2820.6533    9.2078
   -7.5000   30.0000    7.5000 2706.5403    9.7692
    0.0000   30.0000    7.5000 2727.9749    9.6558
    7.5000   30.0000    7.5000 2703.9976    9.8014
   -7.5000   37.5000    7.5000 2575.4719   10.5844
    0.0000   37.5000    7.5000 2594.1138   10.4584
    7.5000   37.5000    7.5000 2578.7417   10.6099
   -7.5000   45.0000    7.5000 2432.9536   11.6724
    0.0000   45.0000    7.5000 2452.0183   11.5375
    7.5000   45.0000    7.5000 2440.6372   11.6833
   -7.5000  -45.0000   15.0000 2192.0889   14.2031
    0.0000  -45.0000   15.0000 2205.2839   14.0890
    7.5000  -45.0000   15.0000 2190.5706   14.2629
   -7.5000  -37.5000   15.0000 2327.9158   12.5766
    0.0000  -37.5000   15.0000 2344.2175   12.4538
    7.5000  -37.5000   15.0000 2329.3877   12.6278
   -7.5000  -30.0000   15.0000 2448.8108   11.2930
    0.0000  -30.0000   15.0000 2466.8767   11.1546
    7.5000  -30.0000   15.0000 2446.8955   11.3211
   -7.5000  -22.5000   15.0000 2566.7268   10.3320
    0.0000  -22.5000   15.0000 2592.4846   10.1948
    7.5000  -22.5000   15.0000 2577.0498   10.3472
   -7.5000  -15.0000   15.0000 2680.7944    9.6425
    0.0000  -15.0000   15.0000 2707.9097    9.5219
    7.5000  -15.0000   15.0000 2696.2979    9.6553
   -7.5000   -7.5000   15.0000 2778.8486    9.2341
    0.0000   -7.5000   15.0000 2803.3279    9.1426
    7.5000   -7.5000   15.0000 2790.9399    9.2036
   -7.5000    0.0000   15.0000 2847.2034    8.9571
    0.0000    0.0000   15.0000 2875.3699    8.8598
    7.5000    0.0000   15.0000 2852.8306    8.9576
   -7.5000    7.5000   15.0000 2877.0022    8.9251
    0.0000    7.5000   15.0000 2900.1538    8.8095
    7.5000    7.5000   15.0000 2878.1741    8.9479
   -7.5000   15.0000   15.0000 2846.6270    9.1303
    0.0000   15.0000   15.0000 2870.2954    9.0139
    7.5000   15.0000   15.0000 2846.1970    9.1568
   -7.5000   22.5000   15.0000 2773.1365    9.5219
    0.0000   22.5000   15.0000 2795.9907    9.4004
    7.5000   22.5000   15.0000 2770.5630    9.5556
   -7.5000   30.0000   15.0000 2663.1658   10.1204
    0.0000   30.0000   15.0000 2686.4177    9.9825
    7.5000   30.0000   15.0000 2660.0198   10.1488
   -7.5000   37.5000   15.0000 2531.8843   10.9330
    0.0000   37.5000   15.0000 2552.4841   10.7962
    7.5000   37.5000   15.0000 2533.2405   10.9560
   -7.5000   45.0000   15.0000 2397.2808   12.0059
    0.0000   45.0000   15.0000 2418.6338   11.8667
    7.5000   45.0000   15.0000 2400.0972   12.0196
   -7.5000  -45.0000   22.5000 2136.9785   14.9663
    0.0000  -45.0000   22.5000 2154.6125   14.7912
    7.5000  -45.0000   22.5000 2143.3677   14.9840
   -7.5000  -37.5000   22.5000 2277.1885   13.2213
    0.0000  -37.5000   22.5000 2293.1470   13.0504
    7.5000  -37.5000   22.5000 2279.4368   13.2664
   -7.5000  -30.0000   22.5000 2404.1455   11.8526
    0.0000  -30.0000   22.5000 2420.7839   11.6958
    7.5000  -30.0000   22.5000 2401.6426   11.8852
   -7.5000  -22.5000   22.5000 2520.5083   10.8479
    0.0000  -22.5000   22.5000 2543.2520   10.6882
    7.5000  -22.5000   22.5000 2527.5608   10.8796
   -7.5000  -15.0000   22.5000 2628.2883   10.1376
    0.0000  -15.0000   22.5000 2652.5779    9.9983
    7.5000  -15.0000   22.5000 2642.6599   10.1505
   -7.5000   -7.5000   22.5000 2722.5332    9.6931
    0.0000   -7.5000   22.5000 2749.3704    9.5715
    7.5000   -7.5000   22.5000 2732.4822    9.6912
   -7.5000    0.0000   22.5000 2781.9590    9.4235
    0.0000    0.0000   22.5000 2810.3577    9.2791
    7.5000    0.0000   22.5000 2785.2166    9.4435
   -7.5000    7.5000   22.5000 2800.7805    9.3900
    0.0000    7.5000   22.5000 2823.6951    9.2552
    7.5000    7.5000   22.5000 2803.4321    9.4003
   -7.5000   15.0000   22.5000 2766.4419    9.6145
    0.0000   15.0000   22.5000 2789.1453    9.4731
    7.5000   15.0000   22.5000 2770.1699    9.5984
   -7.5000   22.5000   22.5000 2698.0667   10.0115
    0.0000   22.5000   22.5000 2721.5210    9.8893
    7.5000   22.5000   22.5000 2698.7263   10.0016
   -7.5000   30.0000   22.5000 2606.0408   10.6161
    0.0000   30.0000   22.5000 2626.6250   10.4728
    7.5000   30.0000   22.5000 2601.5400   10.6114
   -7.5000   37.5000   22.5000 2484.3796   11.4057
    0.0000   37.5000   22.5000 2499.6970   11.2647
    7.5000   37.5000   22.5000 2480.0039   11.4201
   -7.5000   45.0000   22.5000 2350.8862   12.4614
    0.0000   45.0000   22.5000 2369.4648   12.3225
    7.5000   45.0000   22.5000 2350.8206   12.4778
   -7.5000  -45.0000   30.0000 2074.1797   15.8190
    0.0000  -45.0000   30.0000 2096.9229   15.6312
    7.5000  -45.0000   30.0000 2088.6169   15.8847
   -7.5000  -37.5000   30.0000 2218.7820   13.9740
    0.0000  -37.5000   30.0000 2236.9160   13.7940
    7.5000  -37.5000   30.0000 2224.7129   14.0581
   -7.5000  -30.0000   30.0000 2344.8352   12.5478
    0.0000  -30.0000   30.0000 2363.5623   12.3794
    7.5000  -30.0000   30.0000 2346.9333   12.6225
   -7.5000  -22.5000   30.0000 2461.8235   11.4895
    0.0000  -22.5000   30.0000 2484.9800   11.3238
    7.5000  -22.5000   30.0000 2469.8787   11.5368
   -7.5000  -15.0000   30.0000 2569.3179   10.7726
    0.0000  -15.0000   30.0000 2589.4351   10.5972
    7.5000  -15.0000   30.0000 2578.4939   10.7875
   -7.5000   -7.5000   30.0000 2656.1174   10.2963
    0.0000   -7.5000   30.0000 2681.1416   10.1408
    7.5000   -7.5000   30.0000 2658.9395   10.3224
   -7.5000    0.0000   30.0000 2705.1348   10.0180
    0.0000    0.0000   30.0000 2729.3792    9.8612
    7.5000    0.0000   30.0000 2705.6431   10.0348
   -7.5000    7.5000   30.0000 2711.8025    9.9807
    0.0000    7.5000   30.0000 2734.5779    9.8373
    7.5000    7.5000   30.0000 2714.0015    9.9852
   -7.5000   15.0000   30.0000 2676.0703   10.1973
    0.0000   15.0000   30.0000 2697.6233   10.0497
    7.5000   15.0000   30.0000 2679.2830   10.1756
   -7.5000   22.5000   30.0000 2611.0361   10.5924
    0.0000   22.5000   30.0000 2631.5103   10.4452
    7.5000   22.5000   30.0000 2616.3257   10.5593
   -7.5000   30.0000   30.0000 2527.1492   11.1768
    0.0000   30.0000   30.0000 2544.0571   11.0250
    7.5000   30.0000   30.0000 2528.6248   11.1537
   -7.5000   37.5000   30.0000 2417.8679   11.9461
    0.0000   37.5000   30.0000 2432.6321   11.8115
    7.5000   37.5000   30.0000 2416.3191   11.9735
   -7.5000   45.0000   30.0000 2290.3489   12.9972
    0.0000   45.0000   30.0000 2305.7483   12.8649
    7.5000   45.0000   30.0000 2294.1697   13.0185
   -7.5000  -45.0000   37.5000 2020.0667   16.8306
    0.0000  -45.0000   37.5000 2037.5828   16.6474
    7.5000  -45.0000   37.5000 2026.1675   16.9650
   -7.5000  -37.5000   37.5000 2162.2742   14.8481
    0.0000  -37.5000   37.5000 2178.5674   14.6939
    7.5000  -37.5000   37.5000 2164.8596   15.0106
   -7.5000  -30.0000   37.5000 2284.4009   13.3432
    0.0000  -30.0000   37.5000 2304.1528   13.2026
    7.5000  -30.0000   37.5000 2283.5698   13.5008
   -7.5000  -22.5000   37.5000 2396.4314   12.2868
    0.0000  -22.5000   37.5000 2419.3474   12.1136
    7.5000  -22.5000   37.5000 2403.5667   12.3836
   -7.5000  -15.0000   37.5000 2498.1138   11.5503
    0.0000  -15.0000   37.5000 2520.1428   11.3770
    7.5000  -15.0000   37.5000 2504.8850   11.5947
   -7.5000   -7.5000   37.5000 2576.1663   11.0498
    0.0000   -7.5000   37.5000 2598.7498   10.8876
    7.5000   -7.5000   37.5000 2579.6316   11.0865
   -7.5000    0.0000   37.5000 2617.1504   10.7543
    0.0000    0.0000   37.5000 2638.8447   10.6069
    7.5000    0.0000   37.5000 2616.7090   10.7736
   -7.5000    7.5000   37.5000 2621.6318   10.7222
    0.0000    7.5000   37.5000 2645.0273   10.5760
    7.5000    7.5000   37.5000 2622.3118   10.7224
   -7.5000   15.0000   37.5000 2580.7971   10.9090
    0.0000   15.0000   37.5000 2602.5745   10.7616
    7.5000   15.0000   37.5000 2586.8867   10.9025
   -7.5000   22.5000   37.5000 2521.0291   11.2884
    0.0000   22.5000   37.5000 2542.8457   11.1475
    7.5000   22.5000   37.5000 2530.1482   11.2940
   -7.5000   30.0000   37.5000 2443.4021   11.8405
    0.0000   30.0000   37.5000 2467.4629   11.6872
    7.5000   30.0000   37.5000 2452.2327   11.8378
   -7.5000   37.5000   37.5000 2349.0952   12.5827
    0.0000   37.5000   37.5000 2366.3792   12.4271
    7.5000   37.5000   37.5000 2349.4858   12.5965
   -7.5000   45.0000   37.5000 2222.2390   13.6295
    0.0000   45.0000   37.5000 2238.1560   13.5182
    7.5000   45.0000   37.5000 2223.2759   13.6670
   -7.5000  -45.0000   45.0000 1953.3958   18.1197
    0.0000  -45.0000   45.0000 1970.1755   17.9691
    7.5000  -45.0000   45.0000 1954.9452   18.3141
   -7.5000  -37.5000   45.0000 2095.9180   15.9507
    0.0000  -37.5000   45.0000 2111.5400   15.8270
    7.5000  -37.5000   45.0000 2096.8069   16.1592
   -7.5000  -30.0000   45.0000 2216.1411   14.3982
    0.0000  -30.0000   45.0000 2236.6125   14.2263
    7.5000  -30.0000   45.0000 2214.9431   14.5659
   -7.5000  -22.5000   45.0000 2322.7017   13.2786
    0.0000  -22.5000   45.0000 2347.4189   13.1260
    7.5000  -22.5000   45.0000 2331.4482   13.4048
   -7.5000  -15.0000   45.0000 2421.8306   12.5227
    0.0000  -15.0000   45.0000 2443.5818   12.3537
    7.5000  -15.0000   45.0000 2423.8792   12.5817
   -7.5000   -7.5000   45.0000 2484.3440   11.9801
    0.0000   -7.5000   45.0000 2508.3430   11.8300
    7.5000   -7.5000   45.0000 2490.6453   12.0234
   -7.5000    0.0000   45.0000 2520.4973   11.6607
    0.0000    0.0000   45.0000 2541.0745   11.5276
    7.5000    0.0000   45.0000 2525.1038   11.6805
   -7.5000    7.5000   45.0000 2522.8809   11.6087
    0.0000    7.5000   45.0000 2545.3481   11.4838
    7.5000    7.5000   45.0000 2528.1721   11.6222
   -7.5000   15.0000   45.0000 2486.8169   11.7693
    0.0000   15.0000   45.0000 2507.2598   11.6572
    7.5000   15.0000   45.0000 2495.8755   11.7826
   -7.5000   22.5000   45.0000 2427.8306   12.1708
    0.0000   22.5000   45.0000 2449.7090   12.0499
    7.5000   22.5000   45.0000 2434.7603   12.1817
   -7.5000   30.0000   45.0000 2352.6929   12.6661
    0.0000   30.0000   45.0000 2378.7358   12.5292
    7.5000   30.0000   45.0000 2361.5081   12.6771
   -7.5000   37.5000   45.0000 2268.3394   13.3893
    0.0000   37.5000   45.0000 2289.4548   13.2256
    7.5000   37.5000   45.0000 2272.0010   13.3949
   -7.5000   45.0000   45.0000 2146.8132   14.4708
    0.0000   45.0000   45.0000 2169.3535   14.3381
    7.5000   45.0000   45.0000 2151.6309   14.4906

---------------------------------------------------------------------
imgreg_4dfp /opt/freesurfer/average/711-2C_as_mni_average_305 /opt/freesurfer/average/711-2B_as_mni_average_305_mask talsrcimg_g11 none talsrcimg_to_711-2C_as_mni_average_305_t4 1283
---------------------------------------------------------------------

freesurfer imgreg_4dfp.c
/opt/freesurfer/average/711-2C_as_mni_average_305.4dfp.img
       256       256       256         1
  1.000000  1.000000  1.000000
orientation T byte_order littleendian
Reading image: /opt/freesurfer/average/711-2C_as_mni_average_305.4dfp.img
dimensions:      256       256       256
mmppix:       1.0000   -1.0000   -1.0000
center:     128.0000 -129.0000 -129.0000
/opt/freesurfer/average/711-2B_as_mni_average_305_mask.4dfp.img
       256       256       256         1
  1.000000  1.000000  1.000000
orientation T byte_order littleendian
Reading mask: /opt/freesurfer/average/711-2B_as_mni_average_305_mask.4dfp.img (2306576 pixels)
talsrcimg_g11.4dfp.img
       256       256       256         1
  1.000000  1.000000  1.000000
orientation T byte_order littleendian
Reading image: talsrcimg_g11.4dfp.img
dimensions:      256       256       256
mmppix:       1.0000   -1.0000   -1.0000
center:     128.0000 -129.0000 -129.0000
rotation matrix determinant  1.000000
fimgreg.f
image alignment mode   1283 decimal      503 hex
parameters
    0.0000    7.5000   -7.5000    0.0000    0.0000    0.0000
eta,q 0.94085  8.46158
niter,ni,del,rscale     5    3   12.0000    1.2000
parameter  3 -0.555127 -> -0.500000 qaram    1.1500
parameter  4  2.163701 ->  0.500000 qaram    1.1500
parameter  6  0.895384 ->  0.500000 qaram    1.1500
parameters
    0.5997    7.0876   -4.0500   -3.4500   -1.7629   -3.4500
eta,q 0.95061  8.41697
  0.0702  0.0637  0.0686  0.0489  0.0535  0.0500
  0.0638  0.0610  0.0633  0.0513  0.0526  0.0493
  0.0598  0.0582  0.0597  0.0536  0.0520  0.0501
  0.0580  0.0575  0.0578  0.0566  0.0519  0.0519
  0.0580  0.0581  0.0567  0.0597  0.0530  0.0543
  0.0606  0.0613  0.0564  0.0637  0.0555  0.0566
  0.0664  0.0669  0.0568  0.0685  0.0585  0.0594
niter,ni,del,rscale     7    3   12.0000    1.2000
parameter  4  0.798204 ->  0.500000 qaram    1.3225
parameters
    0.0202    7.2121   -4.0745   -7.4175   -1.2023   -4.1557
eta,q 0.95549  8.44373
  0.0603  0.0606  0.0543  0.0469  0.0526  0.0497
  0.0540  0.0534  0.0508  0.0445  0.0498  0.0473
  0.0501  0.0496  0.0497  0.0464  0.0470  0.0452
  0.0494  0.0492  0.0492  0.0492  0.0448  0.0446
  0.0526  0.0511  0.0489  0.0528  0.0450  0.0465
  0.0582  0.0548  0.0508  0.0572  0.0473  0.0489
  0.0642  0.0579  0.0546  0.0614  0.0510  0.0519
niter,ni,del,rscale     7    3   12.0000    1.2000
parameters
   -0.1474    8.7556   -5.0049   -9.9080   -1.4228   -4.6812
eta,q 0.95809  8.47360
  0.0578  0.0606  0.0498  0.0480  0.0486  0.0481
  0.0508  0.0532  0.0460  0.0453  0.0451  0.0452
  0.0462  0.0473  0.0443  0.0419  0.0427  0.0429
  0.0445  0.0445  0.0446  0.0443  0.0419  0.0419
  0.0465  0.0448  0.0462  0.0484  0.0431  0.0437
  0.0523  0.0467  0.0489  0.0529  0.0458  0.0467
  0.0590  0.0494  0.0530  0.0578  0.0497  0.0501
niter,ni,del,rscale     6    3   12.0000    1.2000
parameters
   -0.1687    9.9523   -5.6339  -11.2564   -1.6418   -4.6363
eta,q 0.95950  8.46758
  0.0563  0.0557  0.0492  0.0491  0.0477  0.0485
  0.0484  0.0513  0.0442  0.0454  0.0435  0.0450
  0.0436  0.0460  0.0417  0.0412  0.0412  0.0420
  0.0419  0.0419  0.0416  0.0415  0.0405  0.0405
  0.0433  0.0421  0.0432  0.0452  0.0417  0.0417
  0.0488  0.0449  0.0470  0.0504  0.0443  0.0447
  0.0565  0.0491  0.0520  0.0554  0.0488  0.0484
niter,ni,del,rscale     5    3   12.0000    1.2000
parameters
   -0.2026   10.3656   -6.0893  -11.6577   -1.6506   -4.5563
eta,q 0.95997  8.46072
  0.0556  0.0537  0.0495  0.0516  0.0481  0.0483
  0.0474  0.0495  0.0438  0.0467  0.0436  0.0446
  0.0424  0.0443  0.0406  0.0421  0.0410  0.0415
  0.0405  0.0405  0.0404  0.0402  0.0400  0.0400
  0.0421  0.0420  0.0421  0.0436  0.0411  0.0413
  0.0478  0.0463  0.0460  0.0484  0.0436  0.0443
  0.0559  0.0517  0.0519  0.0535  0.0482  0.0481
niter,ni,del,rscale     4    3   12.0000    1.2000
parameters
   -0.2398   10.4832   -6.2237  -11.7829   -1.6138   -4.5375
eta,q 0.96006  8.45902
  0.0555  0.0531  0.0507  0.0524  0.0482  0.0482
  0.0473  0.0488  0.0443  0.0473  0.0437  0.0444
  0.0421  0.0434  0.0406  0.0426  0.0410  0.0413
  0.0400  0.0400  0.0400  0.0400  0.0399  0.0399
  0.0418  0.0423  0.0417  0.0432  0.0409  0.0413
  0.0477  0.0472  0.0452  0.0478  0.0435  0.0443
  0.0559  0.0531  0.0511  0.0530  0.0481  0.0481
niter,ni,del,rscale     3    3   12.0000    1.2000
parameters
   -0.2596   10.5222   -6.2654  -11.8254   -1.5953   -4.5350
eta,q 0.96009  8.45852
  0.0557  0.0529  0.0510  0.0526  0.0482  0.0481
  0.0474  0.0486  0.0445  0.0475  0.0437  0.0444
  0.0421  0.0432  0.0406  0.0427  0.0409  0.0412
  0.0399  0.0399  0.0399  0.0399  0.0399  0.0399
  0.0418  0.0424  0.0416  0.0431  0.0409  0.0413
  0.0477  0.0474  0.0450  0.0476  0.0435  0.0443
  0.0559  0.0535  0.0508  0.0528  0.0481  0.0481
registration optimization eta report
parameter search radius
    6.0000    6.0000    6.9000    7.9350    6.0000    6.9000
100000*second partial in parameter space
       44.       34.       23.       19.       23.       17.
  0.0557  0.0529  0.0510  0.0526  0.0482  0.0481
  0.0474  0.0486  0.0445  0.0475  0.0437  0.0444
  0.0421  0.0432  0.0406  0.0427  0.0409  0.0412
  0.0399  0.0399  0.0399  0.0399  0.0399  0.0399
  0.0418  0.0424  0.0416  0.0431  0.0409  0.0413
  0.0477  0.0474  0.0450  0.0476  0.0435  0.0443
  0.0559  0.0535  0.0508  0.0528  0.0481  0.0481
   -0.2596   10.5222   -6.2654  -11.8254   -1.5953   -4.5350
eta,q 0.96009  8.45852

---------------------------------------------------------------------
imgreg_4dfp /opt/freesurfer/average/711-2C_as_mni_average_305 /opt/freesurfer/average/711-2B_as_mni_average_305_mask talsrcimg_g11 none talsrcimg_to_711-2C_as_mni_average_305_t4 3335
---------------------------------------------------------------------

freesurfer imgreg_4dfp.c
/opt/freesurfer/average/711-2C_as_mni_average_305.4dfp.img
       256       256       256         1
  1.000000  1.000000  1.000000
orientation T byte_order littleendian
Reading image: /opt/freesurfer/average/711-2C_as_mni_average_305.4dfp.img
dimensions:      256       256       256
mmppix:       1.0000   -1.0000   -1.0000
center:     128.0000 -129.0000 -129.0000
/opt/freesurfer/average/711-2B_as_mni_average_305_mask.4dfp.img
       256       256       256         1
  1.000000  1.000000  1.000000
orientation T byte_order littleendian
Reading mask: /opt/freesurfer/average/711-2B_as_mni_average_305_mask.4dfp.img (2306576 pixels)
talsrcimg_g11.4dfp.img
       256       256       256         1
  1.000000  1.000000  1.000000
orientation T byte_order littleendian
Reading image: talsrcimg_g11.4dfp.img
dimensions:      256       256       256
mmppix:       1.0000   -1.0000   -1.0000
center:     128.0000 -129.0000 -129.0000
fimgreg.f
image alignment mode   3335 decimal      D07 hex
parameters
   -0.2596   10.5222   -6.2654   -0.3517   -2.3837   -2.1603
    7.1702    4.3366   -7.9037   20.2134   -2.7839  -20.4851
eta,q 0.95775  8.49453
niter,ni,del,rscale     5    3    5.0000    1.2000
parameter  4  0.806745 ->  0.500000 qaram    1.1500
parameter  5  3.060467 ->  0.500000 qaram    1.1500
parameter  6  0.525190 ->  0.500000 qaram    1.1500
parameter 10  0.684915 ->  0.500000 qaram    1.1500
parameter 11  0.511208 ->  0.500000 qaram    1.1500
parameters
   -0.2012   10.5527   -5.8538   -4.4917   -6.5237   -6.3003
    7.8204    2.3968   -6.5932   16.0734   -6.9239  -21.3166
eta,q 0.96555  7.95879
  0.0450  0.0444  0.0441  0.0406  0.0339  0.0364  0.0383  0.0377  0.0380  0.0352  0.0347  0.0354
  0.0435  0.0432  0.0432  0.0410  0.0361  0.0363  0.0374  0.0366  0.0370  0.0347  0.0345  0.0349
  0.0426  0.0424  0.0426  0.0415  0.0386  0.0365  0.0367  0.0361  0.0364  0.0350  0.0345  0.0345
  0.0423  0.0423  0.0423  0.0422  0.0412  0.0368  0.0364  0.0363  0.0361  0.0361  0.0347  0.0345
  0.0425  0.0426  0.0423  0.0435  0.0443  0.0374  0.0364  0.0372  0.0361  0.0374  0.0350  0.0348
  0.0433  0.0433  0.0426  0.0455  0.0478  0.0386  0.0369  0.0388  0.0364  0.0392  0.0354  0.0352
  0.0447  0.0442  0.0431  0.0484  0.0514  0.0410  0.0378  0.0408  0.0369  0.0416  0.0359  0.0359
niter,ni,del,rscale     7    3    5.0000    1.2000
parameter  4  0.651647 ->  0.500000 qaram    1.3225
parameter  5  1.600699 ->  0.500000 qaram    1.3225
parameters
   -0.2804   10.7491   -5.8998   -9.2527  -11.2847   -7.3235
    7.4381    2.6833   -6.5300   16.5605   -5.9018  -21.8874
eta,q 0.97030  7.53073
  0.0367  0.0370  0.0358  0.0337  0.0285  0.0321  0.0317  0.0336  0.0316  0.0337  0.0310  0.0306
  0.0354  0.0358  0.0351  0.0335  0.0296  0.0307  0.0307  0.0318  0.0307  0.0319  0.0304  0.0301
  0.0347  0.0349  0.0346  0.0338  0.0312  0.0299  0.0300  0.0305  0.0300  0.0305  0.0300  0.0298
  0.0344  0.0344  0.0344  0.0344  0.0335  0.0299  0.0298  0.0298  0.0298  0.0298  0.0297  0.0297
  0.0347  0.0346  0.0346  0.0352  0.0367  0.0309  0.0301  0.0300  0.0300  0.0299  0.0297  0.0299
  0.0356  0.0352  0.0351  0.0366  0.0399  0.0318  0.0310  0.0312  0.0306  0.0310  0.0300  0.0304
  0.0370  0.0363  0.0359  0.0387  0.0434  0.0329  0.0322  0.0332  0.0316  0.0332  0.0305  0.0310
niter,ni,del,rscale     7    3    5.0000    1.2000
parameter  5  0.839995 ->  0.500000 qaram    1.5209
parameters
   -0.4740   10.9639   -6.0057   -9.5731  -16.7598   -8.1249
    6.8173    2.6778   -7.0849   18.1495   -5.2248  -22.7331
eta,q 0.97271  7.27939
  0.0321  0.0323  0.0310  0.0323  0.0272  0.0302  0.0294  0.0311  0.0290  0.0319  0.0286  0.0283
  0.0306  0.0309  0.0302  0.0308  0.0274  0.0287  0.0283  0.0293  0.0281  0.0298  0.0280  0.0277
  0.0298  0.0300  0.0298  0.0298  0.0282  0.0278  0.0276  0.0281  0.0276  0.0283  0.0275  0.0273
  0.0297  0.0297  0.0297  0.0297  0.0296  0.0276  0.0275  0.0275  0.0275  0.0275  0.0273  0.0273
  0.0302  0.0298  0.0299  0.0303  0.0318  0.0285  0.0280  0.0279  0.0278  0.0273  0.0274  0.0275
  0.0313  0.0304  0.0304  0.0312  0.0351  0.0297  0.0288  0.0292  0.0285  0.0280  0.0277  0.0281
  0.0329  0.0315  0.0312  0.0324  0.0389  0.0309  0.0300  0.0313  0.0294  0.0295  0.0283  0.0289
niter,ni,del,rscale     7    3    5.0000    1.2000
parameters
   -0.5042   11.5245   -6.0496  -10.4207  -21.0353   -8.4816
    6.5717    2.8207   -7.0894   20.1116   -5.0113  -24.1832
eta,q 0.97361  7.09170
  0.0301  0.0304  0.0285  0.0299  0.0279  0.0293  0.0287  0.0301  0.0283  0.0304  0.0276  0.0271
  0.0285  0.0289  0.0278  0.0283  0.0269  0.0279  0.0275  0.0283  0.0274  0.0285  0.0270  0.0266
  0.0276  0.0279  0.0273  0.0273  0.0265  0.0269  0.0267  0.0271  0.0268  0.0272  0.0266  0.0264
  0.0273  0.0273  0.0272  0.0272  0.0271  0.0265  0.0265  0.0265  0.0265  0.0265  0.0265  0.0265
  0.0277  0.0272  0.0273  0.0281  0.0285  0.0271  0.0269  0.0268  0.0267  0.0265  0.0266  0.0268
  0.0287  0.0276  0.0278  0.0293  0.0309  0.0284  0.0277  0.0280  0.0274  0.0270  0.0269  0.0273
  0.0302  0.0284  0.0286  0.0306  0.0345  0.0297  0.0290  0.0300  0.0284  0.0278  0.0275  0.0280
niter,ni,del,rscale     6    3    5.0000    1.2000
parameters
   -0.5251   12.2467   -6.5911  -11.2772  -22.9260   -9.5216
    6.5383    2.9990   -7.1073   22.6979   -4.8412  -24.8572
eta,q 0.97419  6.99289
  0.0292  0.0296  0.0269  0.0291  0.0283  0.0283  0.0283  0.0294  0.0277  0.0297  0.0270  0.0267
  0.0276  0.0281  0.0264  0.0275  0.0270  0.0271  0.0271  0.0278  0.0268  0.0280  0.0263  0.0261
  0.0267  0.0270  0.0261  0.0264  0.0262  0.0263  0.0263  0.0266  0.0262  0.0268  0.0260  0.0258
  0.0264  0.0264  0.0262  0.0261  0.0261  0.0261  0.0261  0.0261  0.0260  0.0260  0.0258  0.0258
  0.0268  0.0262  0.0266  0.0270  0.0268  0.0268  0.0263  0.0263  0.0262  0.0258  0.0259  0.0261
  0.0277  0.0265  0.0272  0.0285  0.0284  0.0282  0.0271  0.0274  0.0268  0.0261  0.0263  0.0264
  0.0292  0.0272  0.0281  0.0301  0.0309  0.0297  0.0284  0.0293  0.0278  0.0269  0.0269  0.0270
niter,ni,del,rscale     5    3    5.0000    1.2000
parameters
   -0.4811   13.1119   -7.5565  -11.8144  -24.4016  -11.1376
    6.4465    3.1902   -7.2667   24.5214   -4.8154  -26.0399
eta,q 0.97501  6.90597
  0.0287  0.0291  0.0258  0.0286  0.0280  0.0272  0.0274  0.0286  0.0271  0.0291  0.0262  0.0258
  0.0271  0.0276  0.0254  0.0270  0.0264  0.0260  0.0263  0.0269  0.0261  0.0274  0.0255  0.0253
  0.0261  0.0265  0.0253  0.0258  0.0254  0.0253  0.0255  0.0257  0.0254  0.0260  0.0251  0.0250
  0.0258  0.0258  0.0255  0.0253  0.0253  0.0253  0.0252  0.0252  0.0252  0.0252  0.0250  0.0250
  0.0261  0.0255  0.0260  0.0259  0.0261  0.0262  0.0255  0.0254  0.0254  0.0251  0.0251  0.0253
  0.0270  0.0257  0.0268  0.0276  0.0276  0.0277  0.0263  0.0265  0.0262  0.0257  0.0255  0.0258
  0.0285  0.0264  0.0278  0.0294  0.0301  0.0295  0.0276  0.0284  0.0273  0.0268  0.0262  0.0264
niter,ni,del,rscale     4    3    5.0000    1.2000
parameters
   -0.4160   13.5273   -8.2741  -11.7738  -24.8201  -11.9070
    6.3343    3.3075   -7.2666   25.3704   -5.0088  -26.9485
eta,q 0.97524  6.88914
  0.0279  0.0280  0.0254  0.0285  0.0284  0.0273  0.0271  0.0283  0.0270  0.0285  0.0259  0.0256
  0.0263  0.0265  0.0250  0.0268  0.0265  0.0260  0.0259  0.0265  0.0258  0.0267  0.0253  0.0251
  0.0253  0.0255  0.0248  0.0255  0.0252  0.0251  0.0251  0.0253  0.0251  0.0254  0.0249  0.0248
  0.0250  0.0250  0.0249  0.0248  0.0248  0.0248  0.0248  0.0248  0.0248  0.0248  0.0248  0.0248
  0.0253  0.0250  0.0253  0.0252  0.0253  0.0254  0.0251  0.0251  0.0251  0.0250  0.0249  0.0250
  0.0261  0.0255  0.0260  0.0267  0.0267  0.0267  0.0259  0.0262  0.0258  0.0259  0.0254  0.0255
  0.0276  0.0265  0.0269  0.0286  0.0292  0.0285  0.0273  0.0282  0.0270  0.0272  0.0260  0.0261
niter,ni,del,rscale     3    3    5.0000    1.2000
parameters
   -0.3846   13.6569   -8.6233  -11.7034  -25.0117  -12.2524
    6.2277    3.3945   -7.2040   25.7838   -5.1073  -27.3670
eta,q 0.97527  6.88429
  0.0275  0.0273  0.0256  0.0284  0.0284  0.0275  0.0270  0.0282  0.0270  0.0282  0.0259  0.0257
  0.0260  0.0259  0.0251  0.0267  0.0266  0.0261  0.0258  0.0265  0.0258  0.0264  0.0253  0.0251
  0.0251  0.0251  0.0248  0.0254  0.0252  0.0251  0.0250  0.0253  0.0250  0.0252  0.0249  0.0248
  0.0248  0.0248  0.0248  0.0247  0.0247  0.0247  0.0247  0.0247  0.0247  0.0247  0.0247  0.0247
  0.0251  0.0250  0.0250  0.0251  0.0251  0.0252  0.0250  0.0250  0.0250  0.0251  0.0249  0.0249
  0.0259  0.0256  0.0255  0.0266  0.0265  0.0264  0.0259  0.0262  0.0258  0.0261  0.0253  0.0253
  0.0274  0.0268  0.0263  0.0285  0.0290  0.0281  0.0272  0.0282  0.0270  0.0275  0.0260  0.0260
niter,ni,del,rscale     2    3    5.0000    1.2000
parameters
   -0.3634   13.7176   -8.7901  -11.6676  -25.1143  -12.4295
    6.1528    3.4425   -7.1595   25.9807   -5.1570  -27.5533
eta,q 0.97526  6.88160
  0.0275  0.0271  0.0258  0.0284  0.0285  0.0276  0.0270  0.0282  0.0270  0.0281  0.0260  0.0258
  0.0260  0.0258  0.0252  0.0267  0.0266  0.0262  0.0258  0.0264  0.0258  0.0263  0.0253  0.0252
  0.0250  0.0250  0.0248  0.0254  0.0253  0.0252  0.0250  0.0253  0.0250  0.0251  0.0249  0.0248
  0.0247  0.0247  0.0247  0.0247  0.0247  0.0247  0.0247  0.0247  0.0247  0.0247  0.0247  0.0247
  0.0250  0.0250  0.0249  0.0251  0.0251  0.0251  0.0250  0.0250  0.0250  0.0252  0.0249  0.0249
  0.0259  0.0257  0.0254  0.0266  0.0264  0.0263  0.0259  0.0262  0.0258  0.0262  0.0253  0.0253
  0.0274  0.0268  0.0261  0.0285  0.0289  0.0279  0.0272  0.0283  0.0270  0.0276  0.0260  0.0259
niter,ni,del,rscale     1    3    5.0000    1.2000
parameters
   -0.3505   13.7476   -8.8752  -11.6513  -25.1648  -12.5234
    6.1086    3.4723   -7.1388   26.0750   -5.1860  -27.6451
eta,q 0.97525  6.88013
  0.0275  0.0270  0.0259  0.0284  0.0285  0.0276  0.0271  0.0282  0.0270  0.0280  0.0260  0.0258
  0.0260  0.0258  0.0252  0.0267  0.0267  0.0262  0.0259  0.0264  0.0258  0.0262  0.0253  0.0252
  0.0250  0.0250  0.0248  0.0254  0.0253  0.0252  0.0250  0.0253  0.0250  0.0251  0.0249  0.0248
  0.0247  0.0247  0.0247  0.0247  0.0247  0.0247  0.0247  0.0247  0.0247  0.0247  0.0247  0.0247
  0.0250  0.0250  0.0249  0.0251  0.0251  0.0251  0.0250  0.0251  0.0250  0.0252  0.0249  0.0249
  0.0260  0.0257  0.0253  0.0266  0.0264  0.0262  0.0259  0.0263  0.0258  0.0262  0.0253  0.0253
  0.0274  0.0269  0.0260  0.0285  0.0289  0.0279  0.0271  0.0283  0.0270  0.0277  0.0260  0.0259
registration optimization eta report
parameter search radius
    2.4000    2.4000    2.4000    9.5220   10.9503    8.2800
    7.2000    7.2000    7.2000    8.2800    8.2800    7.2000
100000*second partial in parameter space
       46.       38.       21.        4.        3.        4.
        5.        7.        4.        4.        2.        2.
  0.0275  0.0270  0.0259  0.0284  0.0285  0.0276  0.0271  0.0282  0.0270  0.0280  0.0260  0.0258
  0.0260  0.0258  0.0252  0.0267  0.0267  0.0262  0.0259  0.0264  0.0258  0.0262  0.0253  0.0252
  0.0250  0.0250  0.0248  0.0254  0.0253  0.0252  0.0250  0.0253  0.0250  0.0251  0.0249  0.0248
  0.0247  0.0247  0.0247  0.0247  0.0247  0.0247  0.0247  0.0247  0.0247  0.0247  0.0247  0.0247
  0.0250  0.0250  0.0249  0.0251  0.0251  0.0251  0.0250  0.0251  0.0250  0.0252  0.0249  0.0249
  0.0260  0.0257  0.0253  0.0266  0.0264  0.0262  0.0259  0.0263  0.0258  0.0262  0.0253  0.0253
  0.0274  0.0269  0.0260  0.0285  0.0289  0.0279  0.0271  0.0283  0.0270  0.0277  0.0260  0.0259
   -0.3505   13.7476   -8.8752  -11.6513  -25.1648  -12.5234
    6.1086    3.4723   -7.1388   26.0750   -5.1860  -27.6451
eta,q 0.97525  6.88013

---------------------------------------------------------------------
imgreg_4dfp /opt/freesurfer/average/711-2C_as_mni_average_305 /opt/freesurfer/average/711-2B_as_mni_average_305_mask talsrcimg_g11 none talsrcimg_to_711-2C_as_mni_average_305_t4 2311
---------------------------------------------------------------------

freesurfer imgreg_4dfp.c
/opt/freesurfer/average/711-2C_as_mni_average_305.4dfp.img
       256       256       256         1
  1.000000  1.000000  1.000000
orientation T byte_order littleendian
Reading image: /opt/freesurfer/average/711-2C_as_mni_average_305.4dfp.img
dimensions:      256       256       256
mmppix:       1.0000   -1.0000   -1.0000
center:     128.0000 -129.0000 -129.0000
/opt/freesurfer/average/711-2B_as_mni_average_305_mask.4dfp.img
       256       256       256         1
  1.000000  1.000000  1.000000
orientation T byte_order littleendian
Reading mask: /opt/freesurfer/average/711-2B_as_mni_average_305_mask.4dfp.img (2306576 pixels)
talsrcimg_g11.4dfp.img
       256       256       256         1
  1.000000  1.000000  1.000000
orientation T byte_order littleendian
Reading image: talsrcimg_g11.4dfp.img
dimensions:      256       256       256
mmppix:       1.0000   -1.0000   -1.0000
center:     128.0000 -129.0000 -129.0000
fimgreg.f
image alignment mode   2311 decimal      907 hex
parameters
   -0.3505   13.7476   -8.8752  -11.6513  -25.1648  -12.5234
    6.1086    3.4723   -7.1388   26.0750   -5.1860  -27.6451
eta,q 0.97525  6.88013
niter,ni,del,rscale     5    3    5.0000    0.8000
parameters
   -0.3501   13.7443   -8.9338  -11.3453  -24.6724  -12.4672
    6.1316    3.6049   -7.1542   25.9038   -5.2958  -27.5474
eta,q 0.97530  6.90510
  0.0260  0.0258  0.0252  0.0260  0.0257  0.0259  0.0259  0.0264  0.0258  0.0258  0.0251  0.0252
  0.0253  0.0252  0.0250  0.0254  0.0252  0.0253  0.0252  0.0256  0.0252  0.0252  0.0249  0.0249
  0.0249  0.0248  0.0248  0.0250  0.0249  0.0249  0.0249  0.0250  0.0248  0.0248  0.0248  0.0248
  0.0247  0.0247  0.0247  0.0247  0.0247  0.0247  0.0247  0.0247  0.0247  0.0247  0.0247  0.0247
  0.0249  0.0249  0.0248  0.0248  0.0248  0.0248  0.0248  0.0248  0.0248  0.0249  0.0248  0.0248
  0.0253  0.0252  0.0250  0.0251  0.0250  0.0252  0.0252  0.0254  0.0252  0.0253  0.0249  0.0249
  0.0260  0.0257  0.0253  0.0258  0.0253  0.0259  0.0258  0.0263  0.0258  0.0259  0.0252  0.0252
niter,ni,del,rscale     4    3    5.0000    0.7000
parameters
   -0.3363   13.6938   -8.9114  -11.3197  -24.6474  -12.4212
    6.1286    3.6704   -7.1479   25.7969   -5.3267  -27.4879
eta,q 0.97530  6.90581
  0.0257  0.0254  0.0251  0.0256  0.0253  0.0256  0.0256  0.0260  0.0255  0.0256  0.0250  0.0251
  0.0251  0.0250  0.0249  0.0252  0.0250  0.0252  0.0251  0.0253  0.0251  0.0251  0.0248  0.0249
  0.0248  0.0248  0.0248  0.0248  0.0248  0.0248  0.0248  0.0249  0.0248  0.0248  0.0247  0.0247
  0.0247  0.0247  0.0247  0.0247  0.0247  0.0247  0.0247  0.0247  0.0247  0.0247  0.0247  0.0247
  0.0248  0.0248  0.0248  0.0248  0.0248  0.0248  0.0248  0.0248  0.0248  0.0249  0.0247  0.0247
  0.0251  0.0251  0.0249  0.0251  0.0250  0.0251  0.0251  0.0252  0.0251  0.0252  0.0249  0.0249
  0.0256  0.0255  0.0251  0.0257  0.0253  0.0256  0.0256  0.0260  0.0255  0.0256  0.0250  0.0251
niter,ni,del,rscale     3    3    5.0000    0.6000
parameters
   -0.3249   13.6755   -8.8835  -11.2787  -24.6634  -12.3554
    6.1231    3.7201   -7.1479   25.7169   -5.3410  -27.4454
eta,q 0.97531  6.90652
  0.0254  0.0253  0.0250  0.0254  0.0251  0.0254  0.0253  0.0257  0.0253  0.0253  0.0249  0.0250
  0.0250  0.0249  0.0248  0.0250  0.0249  0.0250  0.0250  0.0252  0.0250  0.0250  0.0248  0.0248
  0.0248  0.0248  0.0247  0.0248  0.0247  0.0248  0.0248  0.0248  0.0248  0.0247  0.0247  0.0247
  0.0247  0.0247  0.0247  0.0247  0.0247  0.0247  0.0247  0.0247  0.0247  0.0247  0.0247  0.0247
  0.0248  0.0248  0.0247  0.0248  0.0248  0.0247  0.0248  0.0248  0.0248  0.0248  0.0247  0.0247
  0.0250  0.0250  0.0248  0.0250  0.0249  0.0250  0.0250  0.0251  0.0250  0.0250  0.0248  0.0248
  0.0254  0.0253  0.0250  0.0254  0.0251  0.0254  0.0253  0.0256  0.0253  0.0254  0.0249  0.0250
niter,ni,del,rscale     2    3    5.0000    0.5000
parameters
   -0.3218   13.6614   -8.8577  -11.2321  -24.6789  -12.2914
    6.1231    3.7510   -7.1554   25.6443   -5.3701  -27.4058
eta,q 0.97531  6.90759
  0.0252  0.0251  0.0249  0.0252  0.0250  0.0252  0.0251  0.0254  0.0251  0.0252  0.0249  0.0249
  0.0249  0.0249  0.0248  0.0249  0.0248  0.0249  0.0249  0.0250  0.0249  0.0249  0.0248  0.0248
  0.0247  0.0247  0.0247  0.0248  0.0247  0.0248  0.0247  0.0248  0.0247  0.0247  0.0247  0.0247
  0.0247  0.0247  0.0247  0.0247  0.0247  0.0247  0.0247  0.0247  0.0247  0.0247  0.0247  0.0247
  0.0247  0.0247  0.0247  0.0247  0.0247  0.0247  0.0247  0.0248  0.0247  0.0248  0.0247  0.0247
  0.0249  0.0249  0.0248  0.0249  0.0248  0.0249  0.0249  0.0250  0.0249  0.0249  0.0248  0.0248
  0.0252  0.0251  0.0249  0.0252  0.0250  0.0252  0.0251  0.0254  0.0251  0.0252  0.0249  0.0249
niter,ni,del,rscale     1    3    5.0000    0.4000
parameters
   -0.3228   13.6471   -8.8368  -11.1995  -24.6902  -12.2319
    6.1108    3.7725   -7.1440   25.5911   -5.3607  -27.3748
eta,q 0.97531  6.90846
  0.0250  0.0249  0.0248  0.0250  0.0249  0.0250  0.0250  0.0251  0.0250  0.0250  0.0248  0.0248
  0.0248  0.0248  0.0248  0.0249  0.0248  0.0248  0.0248  0.0249  0.0248  0.0248  0.0247  0.0248
  0.0247  0.0247  0.0247  0.0247  0.0247  0.0247  0.0247  0.0247  0.0247  0.0247  0.0247  0.0247
  0.0247  0.0247  0.0247  0.0247  0.0247  0.0247  0.0247  0.0247  0.0247  0.0247  0.0247  0.0247
  0.0247  0.0247  0.0247  0.0247  0.0247  0.0247  0.0247  0.0247  0.0247  0.0247  0.0247  0.0247
  0.0248  0.0248  0.0247  0.0248  0.0248  0.0248  0.0248  0.0249  0.0248  0.0249  0.0247  0.0247
  0.0250  0.0250  0.0248  0.0250  0.0249  0.0250  0.0250  0.0251  0.0250  0.0250  0.0248  0.0248
registration optimization eta report
parameter search radius
    0.8000    0.8000    0.8000    2.4000    2.4000    2.4000
    2.4000    2.4000    2.4000    2.4000    2.4000    2.4000
100000*second partial in parameter space
       50.       41.       21.        6.        4.        5.
        5.        8.        5.        5.        2.        2.
  0.0250  0.0249  0.0248  0.0250  0.0249  0.0250  0.0250  0.0251  0.0250  0.0250  0.0248  0.0248
  0.0248  0.0248  0.0248  0.0249  0.0248  0.0248  0.0248  0.0249  0.0248  0.0248  0.0247  0.0248
  0.0247  0.0247  0.0247  0.0247  0.0247  0.0247  0.0247  0.0247  0.0247  0.0247  0.0247  0.0247
  0.0247  0.0247  0.0247  0.0247  0.0247  0.0247  0.0247  0.0247  0.0247  0.0247  0.0247  0.0247
  0.0247  0.0247  0.0247  0.0247  0.0247  0.0247  0.0247  0.0247  0.0247  0.0247  0.0247  0.0247
  0.0248  0.0248  0.0247  0.0248  0.0248  0.0248  0.0248  0.0249  0.0248  0.0249  0.0247  0.0247
  0.0250  0.0250  0.0248  0.0250  0.0249  0.0250  0.0250  0.0251  0.0250  0.0250  0.0248  0.0248
   -0.3228   13.6471   -8.8368  -11.1995  -24.6902  -12.2319
    6.1108    3.7725   -7.1440   25.5911   -5.3607  -27.3748
eta,q 0.97531  6.90846

---------------------------------------------------------------------
imgreg_4dfp /opt/freesurfer/average/711-2C_as_mni_average_305 /opt/freesurfer/average/711-2B_as_mni_average_305_mask talsrcimg_g11 none talsrcimg_to_711-2C_as_mni_average_305_t4 2311
---------------------------------------------------------------------

freesurfer imgreg_4dfp.c
/opt/freesurfer/average/711-2C_as_mni_average_305.4dfp.img
       256       256       256         1
  1.000000  1.000000  1.000000
orientation T byte_order littleendian
Reading image: /opt/freesurfer/average/711-2C_as_mni_average_305.4dfp.img
dimensions:      256       256       256
mmppix:       1.0000   -1.0000   -1.0000
center:     128.0000 -129.0000 -129.0000
/opt/freesurfer/average/711-2B_as_mni_average_305_mask.4dfp.img
       256       256       256         1
  1.000000  1.000000  1.000000
orientation T byte_order littleendian
Reading mask: /opt/freesurfer/average/711-2B_as_mni_average_305_mask.4dfp.img (2306576 pixels)
talsrcimg_g11.4dfp.img
       256       256       256         1
  1.000000  1.000000  1.000000
orientation T byte_order littleendian
Reading image: talsrcimg_g11.4dfp.img
dimensions:      256       256       256
mmppix:       1.0000   -1.0000   -1.0000
center:     128.0000 -129.0000 -129.0000
fimgreg.f
image alignment mode   2311 decimal      907 hex
parameters
   -0.3228   13.6471   -8.8368  -11.1995  -24.6902  -12.2319
    6.1108    3.7725   -7.1440   25.5911   -5.3607  -27.3748
eta,q 0.97531  6.90846
niter,ni,del,rscale     5    3    5.0000    0.8000
parameters
   -0.3063   13.6511   -8.7957  -11.3861  -24.6504  -12.3335
    6.1149    3.6851   -7.1647   25.7341   -5.3498  -27.3965
eta,q 0.97530  6.90436
  0.0260  0.0257  0.0253  0.0258  0.0255  0.0258  0.0258  0.0263  0.0257  0.0259  0.0251  0.0252
  0.0253  0.0252  0.0250  0.0252  0.0251  0.0252  0.0252  0.0254  0.0252  0.0253  0.0249  0.0249
  0.0248  0.0248  0.0248  0.0248  0.0248  0.0249  0.0248  0.0249  0.0248  0.0248  0.0247  0.0248
  0.0247  0.0247  0.0247  0.0247  0.0247  0.0247  0.0247  0.0247  0.0247  0.0247  0.0247  0.0247
  0.0248  0.0248  0.0247  0.0248  0.0248  0.0248  0.0248  0.0249  0.0248  0.0249  0.0247  0.0248
  0.0252  0.0252  0.0249  0.0253  0.0250  0.0253  0.0252  0.0255  0.0252  0.0252  0.0249  0.0249
  0.0259  0.0257  0.0252  0.0260  0.0255  0.0260  0.0258  0.0265  0.0258  0.0258  0.0251  0.0252
niter,ni,del,rscale     4    3    5.0000    0.7000
parameters
   -0.3161   13.6719   -8.8400  -11.3324  -24.6470  -12.3526
    6.1182    3.6996   -7.1581   25.7247   -5.3564  -27.4172
eta,q 0.97530  6.90561
  0.0256  0.0255  0.0251  0.0256  0.0253  0.0256  0.0256  0.0260  0.0255  0.0256  0.0250  0.0251
  0.0251  0.0251  0.0249  0.0252  0.0250  0.0251  0.0251  0.0253  0.0251  0.0251  0.0248  0.0249
  0.0248  0.0248  0.0247  0.0248  0.0248  0.0248  0.0248  0.0249  0.0248  0.0248  0.0247  0.0247
  0.0247  0.0247  0.0247  0.0247  0.0247  0.0247  0.0247  0.0247  0.0247  0.0247  0.0247  0.0247
  0.0248  0.0248  0.0248  0.0248  0.0248  0.0248  0.0248  0.0248  0.0248  0.0248  0.0247  0.0247
  0.0251  0.0250  0.0249  0.0251  0.0250  0.0251  0.0251  0.0253  0.0251  0.0251  0.0248  0.0249
  0.0257  0.0255  0.0251  0.0256  0.0253  0.0257  0.0256  0.0260  0.0255  0.0256  0.0250  0.0251
niter,ni,del,rscale     3    3    5.0000    0.6000
parameters
   -0.3205   13.6665   -8.8530  -11.2834  -24.6585  -12.3325
    6.1271    3.7297   -7.1516   25.6892   -5.3575  -27.4168
eta,q 0.97531  6.90659
  0.0254  0.0253  0.0250  0.0254  0.0251  0.0254  0.0253  0.0257  0.0253  0.0254  0.0249  0.0250
  0.0250  0.0250  0.0248  0.0250  0.0249  0.0250  0.0250  0.0252  0.0250  0.0250  0.0248  0.0248
  0.0248  0.0248  0.0247  0.0248  0.0247  0.0248  0.0248  0.0248  0.0248  0.0248  0.0247  0.0247
  0.0247  0.0247  0.0247  0.0247  0.0247  0.0247  0.0247  0.0247  0.0247  0.0247  0.0247  0.0247
  0.0248  0.0248  0.0247  0.0248  0.0248  0.0247  0.0248  0.0248  0.0248  0.0248  0.0247  0.0247
  0.0250  0.0250  0.0248  0.0250  0.0249  0.0250  0.0250  0.0251  0.0250  0.0250  0.0248  0.0248
  0.0254  0.0253  0.0250  0.0254  0.0251  0.0254  0.0253  0.0256  0.0253  0.0254  0.0249  0.0250
niter,ni,del,rscale     2    3    5.0000    0.5000
parameters
   -0.3206   13.6582   -8.8480  -11.2416  -24.6717  -12.2801
    6.1180    3.7535   -7.1474   25.6412   -5.3539  -27.3992
eta,q 0.97531  6.90769
  0.0252  0.0251  0.0249  0.0252  0.0250  0.0252  0.0251  0.0254  0.0251  0.0252  0.0249  0.0249
  0.0249  0.0249  0.0248  0.0249  0.0248  0.0249  0.0249  0.0250  0.0249  0.0249  0.0248  0.0248
  0.0247  0.0247  0.0247  0.0248  0.0247  0.0248  0.0247  0.0248  0.0247  0.0247  0.0247  0.0247
  0.0247  0.0247  0.0247  0.0247  0.0247  0.0247  0.0247  0.0247  0.0247  0.0247  0.0247  0.0247
  0.0248  0.0247  0.0247  0.0247  0.0247  0.0247  0.0247  0.0248  0.0247  0.0248  0.0247  0.0247
  0.0249  0.0249  0.0248  0.0249  0.0248  0.0249  0.0249  0.0250  0.0249  0.0249  0.0248  0.0248
  0.0252  0.0251  0.0249  0.0252  0.0250  0.0252  0.0251  0.0254  0.0251  0.0252  0.0249  0.0249
niter,ni,del,rscale     1    3    5.0000    0.4000
parameters
   -0.3210   13.6481   -8.8268  -11.2046  -24.7035  -12.2159
    6.1138    3.7725   -7.1466   25.5840   -5.3583  -27.3728
eta,q 0.97531  6.90811
  0.0250  0.0249  0.0248  0.0250  0.0249  0.0250  0.0250  0.0251  0.0250  0.0250  0.0248  0.0248
  0.0248  0.0248  0.0248  0.0248  0.0248  0.0249  0.0248  0.0249  0.0248  0.0248  0.0247  0.0248
  0.0247  0.0247  0.0247  0.0247  0.0247  0.0247  0.0247  0.0247  0.0247  0.0247  0.0247  0.0247
  0.0247  0.0247  0.0247  0.0247  0.0247  0.0247  0.0247  0.0247  0.0247  0.0247  0.0247  0.0247
  0.0247  0.0247  0.0247  0.0247  0.0247  0.0247  0.0247  0.0247  0.0247  0.0247  0.0247  0.0247
  0.0248  0.0248  0.0247  0.0248  0.0248  0.0248  0.0248  0.0249  0.0248  0.0249  0.0247  0.0247
  0.0250  0.0250  0.0248  0.0250  0.0249  0.0250  0.0250  0.0251  0.0250  0.0250  0.0248  0.0248
registration optimization eta report
parameter search radius
    0.8000    0.8000    0.8000    2.4000    2.4000    2.4000
    2.4000    2.4000    2.4000    2.4000    2.4000    2.4000
100000*second partial in parameter space
       50.       41.       21.        6.        3.        5.
        5.        8.        5.        5.        2.        2.
  0.0250  0.0249  0.0248  0.0250  0.0249  0.0250  0.0250  0.0251  0.0250  0.0250  0.0248  0.0248
  0.0248  0.0248  0.0248  0.0248  0.0248  0.0249  0.0248  0.0249  0.0248  0.0248  0.0247  0.0248
  0.0247  0.0247  0.0247  0.0247  0.0247  0.0247  0.0247  0.0247  0.0247  0.0247  0.0247  0.0247
  0.0247  0.0247  0.0247  0.0247  0.0247  0.0247  0.0247  0.0247  0.0247  0.0247  0.0247  0.0247
  0.0247  0.0247  0.0247  0.0247  0.0247  0.0247  0.0247  0.0247  0.0247  0.0247  0.0247  0.0247
  0.0248  0.0248  0.0247  0.0248  0.0248  0.0248  0.0248  0.0249  0.0248  0.0249  0.0247  0.0247
  0.0250  0.0250  0.0248  0.0250  0.0249  0.0250  0.0250  0.0251  0.0250  0.0250  0.0248  0.0248
   -0.3210   13.6481   -8.8268  -11.2046  -24.7035  -12.2159
    6.1138    3.7725   -7.1466   25.5840   -5.3583  -27.3728
eta,q 0.97531  6.90811

---------------------------------------------------------------------
compute_vox2vox talsrcimg talsrcimg_to_711-2C_as_mni_average_305_t4 /opt/freesurfer/average/711-2C_as_mni_average_305
---------------------------------------------------------------------

freesurfer compute_vox2vox.c
Reading: talsrcimg.4dfp.ifh
Reading: talsrcimg_to_711-2C_as_mni_average_305_t4
Reading: /opt/freesurfer/average/711-2C_as_mni_average_305.4dfp.ifh
Writing: talsrcimg_to_711-2C_as_mni_average_305_t4_vox2vox.txt

start time Thu Mar 12 11:44:10 CET 2026
end		time Thu Mar 12 11:45:38 CET 2026

mpr2mni305 success

avi2talxfm orig_nu.mgz /opt/freesurfer/average/mni305.cor.mgz talsrcimg_to_711-2C_as_mni_average_305_t4_vox2vox.txt transforms/talairach.auto.xfm
avi2talxfm done
mv -f /out/sourcedata/freesurfer/sub-v1s17x0050268_ses-1/mri/talsrcimg_to_711-2C_as_mni_average_305_t4_vox2vox.txt /out/sourcedata/freesurfer/sub-v1s17x0050268_ses-1/mri/transforms/talsrcimg_to_711-2C_as_mni_average_305_t4_vox2vox.txt
lta_convert --src orig_nu.mgz --trg /opt/freesurfer/average/mni305.cor.mgz --inxfm transforms/talairach.auto.xfm --outlta transforms/talairach.auto.xfm.lta --subject fsaverage
7.3.2

--src: orig_nu.mgz src image (geometry).
--trg: /opt/freesurfer/average/mni305.cor.mgz trg image (geometry).
--inmni: transforms/talairach.auto.xfm input MNI/XFM transform.
--outlta: transforms/talairach.auto.xfm.lta output LTA.
--s: fsaverage subject name
 LTA read, type : 1
 1.11714  -0.01951  -0.09780   1.72200;
 0.09155   1.02843   0.36643   2.17966;
 0.07492  -0.35129   1.19430  -4.77724;
 0.00000   0.00000   0.00000   1.00000;
setting subject to fsaverage
Writing  LTA to file transforms/talairach.auto.xfm.lta...
lta_convert successful.
 
 
Started at Thu Mar 12 11:44:09 CET 2026
Ended   at Thu Mar 12 11:45:38 CET 2026
talairach_avi done
