/out/sourcedata/freesurfer/sub-v1s17x0050246_ses-1/mri
/opt/freesurfer/bin/talairach_avi
--i orig_nu.mgz --xfm transforms/talairach.auto.xfm
talairach_avi 7.3.2
Linux dna063 5.14.0-427.37.1.el9_4.x86_64 #1 SMP PREEMPT_DYNAMIC Fri Sep 13 12:41:50 EDT 2024 x86_64 x86_64 x86_64 GNU/Linux
Mon Mar  9 01:35:43 CET 2026
mri_convert orig_nu.mgz talsrcimg.img 
reading from orig_nu.mgz...
TR=0.00, TE=0.00, TI=0.00, flip angle=0.00
i_ras = (-1, -2.96859e-09, 0)
j_ras = (0, 0, -1)
k_ras = (-4.46744e-09, 1, 1.86265e-09)
writing to talsrcimg.img...
Analyze Output Matrix
-1.00000   0.00000  -0.00000   129.99161;
-0.00000   0.00000   1.00000  -135.43071;
 0.00000  -1.00000   0.00000   117.77168;
 0.00000   0.00000   0.00000   1.00000;
--------------------
INFO: set hdr.hist.orient to -1
mpr2mni305 talsrcimg
Mon Mar  9 01:35:44 CET 2026
/opt/freesurfer/bin/mpr2mni305 talsrcimg
mpr2mni305 7.3.2
target=711-2C_as_mni_average_305

---------------------------------------------------------------------
analyzeto4dfp talsrcimg -O0 -y
---------------------------------------------------------------------

freesurfer ifh2hdr.c
Mon Mar  9 01:35:44 2026
Writing: talsrcimg.4dfp.hdr
freesurfer analyzeto4dfp.c
Reading: talsrcimg.hdr
header size 348 bytes
hdr.dime.datatype	offset=70	value=2
hdr.dime.bitpix		offset=72	value=8
hdr.hist.orient		offset=252	value=-1
dimensionality     4
dimensions       256       256       256         1
Reading: talsrcimg.img
Writing: talsrcimg.4dfp.img
Writing: talsrcimg.4dfp.ifh
ifh2hdr talsrcimg -r0to255
ori=2

---------------------------------------------------------------------
gauss_4dfp talsrcimg 1.1
---------------------------------------------------------------------

freesurfer gauss_4dfp.c
Reading: talsrcimg.4dfp.img
Writing: talsrcimg_g11.4dfp.img
image dimensions 256 256 256 padded to 288 288 288
processing volume 1freesurfer ifh2hdr.c
Mon Mar  9 01:35:46 2026
Writing: talsrcimg_g11.4dfp.hdr

Writing: talsrcimg_g11.4dfp.ifh
including: talsrcimg.4dfp.img.rec in talsrcimg_g11.4dfp.img.rec

---------------------------------------------------------------------
imgreg_4dfp /opt/freesurfer/average/711-2C_as_mni_average_305 none talsrcimg_g11 none talsrcimg_to_711-2C_as_mni_average_305_t4 4355
---------------------------------------------------------------------

freesurfer imgreg_4dfp.c
/opt/freesurfer/average/711-2C_as_mni_average_305.4dfp.img
       256       256       256         1
  1.000000  1.000000  1.000000
orientation T byte_order littleendian
Reading image: /opt/freesurfer/average/711-2C_as_mni_average_305.4dfp.img
dimensions:      256       256       256
mmppix:       1.0000   -1.0000   -1.0000
center:     128.0000 -129.0000 -129.0000
talsrcimg_g11.4dfp.img
       256       256       256         1
  1.000000  1.000000  1.000000
orientation T byte_order littleendian
Reading image: talsrcimg_g11.4dfp.img
dimensions:      256       256       256
mmppix:       1.0000   -1.0000   -1.0000
center:     128.0000 -129.0000 -129.0000
t4_read: open error in t4_sub.f l:  41 t4_file(1:l)talsrcimg_to_711-2C_as_mni_average_305_t4 
t4_read: transform initialized to I4
rotation matrix determinant  1.000000
image alignment mode   4355 decimal     1103 hex
   -7.5000  -45.0000  -45.0000 7273.9883   11.8472
    0.0000  -45.0000  -45.0000 7614.3003   11.8582
    7.5000  -45.0000  -45.0000 7291.0566   11.8536
   -7.5000  -37.5000  -45.0000 7890.0210   11.7324
    0.0000  -37.5000  -45.0000 8258.5127   11.7398
    7.5000  -37.5000  -45.0000 7915.5420   11.7336
   -7.5000  -30.0000  -45.0000 8840.5244   11.6855
    0.0000  -30.0000  -45.0000 9272.8828   11.6901
    7.5000  -30.0000  -45.0000 8900.8975   11.6822
   -7.5000  -22.5000  -45.0000 9824.3027   11.6975
    0.0000  -22.5000  -45.000010284.6182   11.7041
    7.5000  -22.5000  -45.0000 9860.0635   11.6963
   -7.5000  -15.0000  -45.000010698.4336   11.7049
    0.0000  -15.0000  -45.000011195.9785   11.7152
    7.5000  -15.0000  -45.000010714.4834   11.7088
   -7.5000   -7.5000  -45.000011437.3721   11.6956
    0.0000   -7.5000  -45.000011983.4404   11.7079
    7.5000   -7.5000  -45.000011481.4141   11.7032
   -7.5000    0.0000  -45.000012124.2744   11.6809
    0.0000    0.0000  -45.000012685.9492   11.6921
    7.5000    0.0000  -45.000012142.9658   11.6879
   -7.5000    7.5000  -45.000011925.1709   11.6763
    0.0000    7.5000  -45.000012483.8232   11.6837
    7.5000    7.5000  -45.000011937.2051   11.6776
   -7.5000   15.0000  -45.000011611.3809   11.6836
    0.0000   15.0000  -45.000012157.2227   11.6883
    7.5000   15.0000  -45.000011619.6562   11.6803
   -7.5000   22.5000  -45.000011190.7080   11.6959
    0.0000   22.5000  -45.000011714.1084   11.7024
    7.5000   22.5000  -45.000011196.3271   11.6946
   -7.5000   30.0000  -45.000010687.2969   11.5490
    0.0000   30.0000  -45.000011162.3193   11.5591
    7.5000   30.0000  -45.000010679.2480   11.5527
   -7.5000   37.5000  -45.000010364.3838   11.5398
    0.0000   37.5000  -45.000010811.1377   11.5518
    7.5000   37.5000  -45.000010358.4775   11.5472
   -7.5000   45.0000  -45.0000 9577.3457   11.2326
    0.0000   45.0000  -45.0000 9992.9590   11.2433
    7.5000   45.0000  -45.0000 9571.4590   11.2393
   -7.5000  -45.0000  -37.5000 7682.7134   11.7972
    0.0000  -45.0000  -37.5000 8050.8037   11.8077
    7.5000  -45.0000  -37.5000 7721.6499   11.8033
   -7.5000  -37.5000  -37.5000 8361.3535   11.6795
    0.0000  -37.5000  -37.5000 8755.3135   11.6868
    7.5000  -37.5000  -37.5000 8403.9248   11.6816
   -7.5000  -30.0000  -37.5000 9387.6826   11.6316
    0.0000  -30.0000  -37.5000 9847.2803   11.6357
    7.5000  -30.0000  -37.5000 9440.7432   11.6295
   -7.5000  -22.5000  -37.500010418.2158   11.6458
    0.0000  -22.5000  -37.500010915.1963   11.6504
    7.5000  -22.5000  -37.500010447.9717   11.6443
   -7.5000  -15.0000  -37.500011337.6406   11.6565
    0.0000  -15.0000  -37.500011860.6357   11.6642
    7.5000  -15.0000  -37.500011339.7793   11.6588
   -7.5000   -7.5000  -37.500012130.0615   11.6484
    0.0000   -7.5000  -37.500012693.2881   11.6590
    7.5000   -7.5000  -37.500012162.2559   11.6544
   -7.5000    0.0000  -37.500012842.2627   11.6320
    0.0000    0.0000  -37.500013442.2305   11.6426
    7.5000    0.0000  -37.500012873.8789   11.6385
   -7.5000    7.5000  -37.500012633.2607   11.6241
    0.0000    7.5000  -37.500013227.2461   11.6313
    7.5000    7.5000  -37.500012657.2227   11.6262
   -7.5000   15.0000  -37.500012256.4014   11.6298
    0.0000   15.0000  -37.500012839.6309   11.6339
    7.5000   15.0000  -37.500012284.8525   11.6277
   -7.5000   22.5000  -37.500011818.9600   11.6441
    0.0000   22.5000  -37.500012363.1299   11.6488
    7.5000   22.5000  -37.500011806.1025   11.6427
   -7.5000   30.0000  -37.500011279.5176   11.5012
    0.0000   30.0000  -37.500011762.2168   11.5088
    7.5000   30.0000  -37.500011251.9326   11.5034
   -7.5000   37.5000  -37.500010943.3945   11.4932
    0.0000   37.5000  -37.500011401.0342   11.5036
    7.5000   37.5000  -37.500010912.5293   11.4991
   -7.5000   45.0000  -37.500010087.7256   11.1856
    0.0000   45.0000  -37.500010501.0010   11.1958
    7.5000   45.0000  -37.500010060.9824   11.1919
   -7.5000  -45.0000  -30.0000 8273.7061   12.2895
    0.0000  -45.0000  -30.0000 8652.8672   12.3024
    7.5000  -45.0000  -30.0000 8302.0117   12.2976
   -7.5000  -37.5000  -30.0000 9009.9961   12.1667
    0.0000  -37.5000  -30.0000 9429.2549   12.1766
    7.5000  -37.5000  -30.0000 9044.0352   12.1714
   -7.5000  -30.0000  -30.000010104.2959   12.1186
    0.0000  -30.0000  -30.000010585.8457   12.1234
    7.5000  -30.0000  -30.000010123.7891   12.1168
   -7.5000  -22.5000  -30.000011198.3057   12.1346
    0.0000  -22.5000  -30.000011721.6113   12.1376
    7.5000  -22.5000  -30.000011202.8018   12.1308
   -7.5000  -15.0000  -30.000012181.6045   12.1455
    0.0000  -15.0000  -30.000012741.2500   12.1512
    7.5000  -15.0000  -30.000012191.4863   12.1451
   -7.5000   -7.5000  -30.000013044.5957   12.1355
    0.0000   -7.5000  -30.000013663.9199   12.1461
    7.5000   -7.5000  -30.000013075.8564   12.1412
   -7.5000    0.0000  -30.000013815.5264   12.1172
    0.0000    0.0000  -30.000014478.4531   12.1300
    7.5000    0.0000  -30.000013848.1582   12.1257
   -7.5000    7.5000  -30.000013610.2217   12.1092
    0.0000    7.5000  -30.000014214.4453   12.1190
    7.5000    7.5000  -30.000013597.9951   12.1138
   -7.5000   15.0000  -30.000013183.5127   12.1166
    0.0000   15.0000  -30.000013781.0635   12.1215
    7.5000   15.0000  -30.000013182.8164   12.1149
   -7.5000   22.5000  -30.000012690.7842   12.1316
    0.0000   22.5000  -30.000013244.0752   12.1346
    7.5000   22.5000  -30.000012668.7607   12.1279
   -7.5000   30.0000  -30.000012101.6494   11.9848
    0.0000   30.0000  -30.000012589.0771   11.9904
    7.5000   30.0000  -30.000012045.1270   11.9844
   -7.5000   37.5000  -30.000011740.4023   11.9749
    0.0000   37.5000  -30.000012204.7373   11.9854
    7.5000   37.5000  -30.000011670.0996   11.9805
   -7.5000   45.0000  -30.000010802.7783   11.6607
    0.0000   45.0000  -30.000011208.0439   11.6730
    7.5000   45.0000  -30.000010736.7002   11.6689
   -7.5000  -45.0000  -22.5000 8840.1416   12.7070
    0.0000  -45.0000  -22.5000 9246.7598   12.7233
    7.5000  -45.0000  -22.5000 8860.5537   12.7177
   -7.5000  -37.5000  -22.5000 9626.3047   12.5840
    0.0000  -37.5000  -22.500010082.1221   12.5972
    7.5000  -37.5000  -22.5000 9653.8047   12.5906
   -7.5000  -30.0000  -22.500010798.4609   12.5377
    0.0000  -30.0000  -22.500011290.5977   12.5443
    7.5000  -30.0000  -22.500010805.7812   12.5351
   -7.5000  -22.5000  -22.500011962.9756   12.5532
    0.0000  -22.5000  -22.500012501.1533   12.5570
    7.5000  -22.5000  -22.500011942.3535   12.5473
   -7.5000  -15.0000  -22.500013024.9062   12.5604
    0.0000  -15.0000  -22.500013613.7305   12.5673
    7.5000  -15.0000  -22.500013014.6836   12.5592
   -7.5000   -7.5000  -22.500013965.4424   12.5472
    0.0000   -7.5000  -22.500014616.8799   12.5601
    7.5000   -7.5000  -22.500013976.8994   12.5541
   -7.5000    0.0000  -22.500014802.9619   12.5288
    0.0000    0.0000  -22.500015493.6025   12.5450
    7.5000    0.0000  -22.500014805.0039   12.5400
   -7.5000    7.5000  -22.500014576.4854   12.5246
    0.0000    7.5000  -22.500015203.8965   12.5376
    7.5000    7.5000  -22.500014512.3916   12.5311
   -7.5000   15.0000  -22.500014114.0889   12.5357
    0.0000   15.0000  -22.500014725.7285   12.5423
    7.5000   15.0000  -22.500014074.3818   12.5331
   -7.5000   22.5000  -22.500013558.8359   12.5492
    0.0000   22.5000  -22.500014128.1729   12.5530
    7.5000   22.5000  -22.500013521.7568   12.5434
   -7.5000   30.0000  -22.500012873.0244   12.3961
    0.0000   30.0000  -22.500013377.0029   12.4030
    7.5000   30.0000  -22.500012811.7568   12.3949
   -7.5000   37.5000  -22.500012492.0508   12.3830
    0.0000   37.5000  -22.500012974.0762   12.3958
    7.5000   37.5000  -22.500012416.9668   12.3899
   -7.5000   45.0000  -22.500011487.0479   12.0658
    0.0000   45.0000  -22.500011915.7861   12.0815
    7.5000   45.0000  -22.500011408.5068   12.0767
   -7.5000  -45.0000  -15.0000 9386.2988   13.0072
    0.0000  -45.0000  -15.0000 9818.9902   13.0247
    7.5000  -45.0000  -15.0000 9411.3877   13.0184
   -7.5000  -37.5000  -15.000010246.3438   12.8857
    0.0000  -37.5000  -15.000010715.5781   12.8999
    7.5000  -37.5000  -15.000010257.5928   12.8917
   -7.5000  -30.0000  -15.000011490.5625   12.8400
    0.0000  -30.0000  -15.000011998.6377   12.8479
    7.5000  -30.0000  -15.000011491.3750   12.8362
   -7.5000  -22.5000  -15.000012703.6367   12.8535
    0.0000  -22.5000  -15.000013272.0254   12.8598
    7.5000  -22.5000  -15.000012697.5176   12.8476
   -7.5000  -15.0000  -15.000013832.2021   12.8574
    0.0000  -15.0000  -15.000014455.3174   12.8672
    7.5000  -15.0000  -15.000013802.2158   12.8573
   -7.5000   -7.5000  -15.000014853.2246   12.8423
    0.0000   -7.5000  -15.000015555.5674   12.8573
    7.5000   -7.5000  -15.000014822.7383   12.8505
   -7.5000    0.0000  -15.000015768.3623   12.8251
    0.0000    0.0000  -15.000016534.2695   12.8426
    7.5000    0.0000  -15.000015749.0869   12.8371
   -7.5000    7.5000  -15.000015497.2012   12.8246
    0.0000    7.5000  -15.000016203.9141   12.8386
    7.5000    7.5000  -15.000015443.6797   12.8306
   -7.5000   15.0000  -15.000015005.5322   12.8379
    0.0000   15.0000  -15.000015664.1211   12.8459
    7.5000   15.0000  -15.000014954.3330   12.8342
   -7.5000   22.5000  -15.000014390.6670   12.8489
    0.0000   22.5000  -15.000015015.7617   12.8552
    7.5000   22.5000  -15.000014335.8457   12.8430
   -7.5000   30.0000  -15.000013635.0117   12.6910
    0.0000   30.0000  -15.000014193.1084   12.7006
    7.5000   30.0000  -15.000013554.6455   12.6909
   -7.5000   37.5000  -15.000013231.3857   12.6761
    0.0000   37.5000  -15.000013737.6641   12.6909
    7.5000   37.5000  -15.000013131.3662   12.6842
   -7.5000   45.0000  -15.000012161.4180   12.3587
    0.0000   45.0000  -15.000012625.9561   12.3755
    7.5000   45.0000  -15.000012081.9883   12.3702
   -7.5000  -45.0000   -7.5000 9904.6982   13.1608
    0.0000  -45.0000   -7.500010360.1006   13.1761
    7.5000  -45.0000   -7.5000 9927.2881   13.1700
   -7.5000  -37.5000   -7.500010840.8057   13.0375
    0.0000  -37.5000   -7.500011324.1260   13.0492
    7.5000  -37.5000   -7.500010840.3711   13.0410
   -7.5000  -30.0000   -7.500012178.0244   12.9886
    0.0000  -30.0000   -7.500012718.2285   12.9960
    7.5000  -30.0000   -7.500012166.5088   12.9848
   -7.5000  -22.5000   -7.500013469.4678   13.0009
    0.0000  -22.5000   -7.500014070.5020   13.0088
    7.5000  -22.5000   -7.500013439.2910   12.9976
   -7.5000  -15.0000   -7.500014632.0352   13.0057
    0.0000  -15.0000   -7.500015312.4463   13.0174
    7.5000  -15.0000   -7.500014599.8115   13.0084
   -7.5000   -7.5000   -7.500015721.0527   12.9928
    0.0000   -7.5000   -7.500016491.8340   13.0077
    7.5000   -7.5000   -7.500015666.9863   13.0015
   -7.5000    0.0000   -7.500016751.4141   12.9769
    0.0000    0.0000   -7.500017611.9121   12.9923
    7.5000    0.0000   -7.500016685.7266   12.9869
   -7.5000    7.5000   -7.500016489.3086   12.9755
    0.0000    7.5000   -7.500017320.3613   12.9871
    7.5000    7.5000   -7.500016445.9785   12.9791
   -7.5000   15.0000   -7.500015961.5078   12.9865
    0.0000   15.0000   -7.500016710.2656   12.9939
    7.5000   15.0000   -7.500015874.1211   12.9827
   -7.5000   22.5000   -7.500015280.0234   12.9948
    0.0000   22.5000   -7.500015962.6875   13.0027
    7.5000   22.5000   -7.500015153.5742   12.9915
   -7.5000   30.0000   -7.500014461.3359   12.8371
    0.0000   30.0000   -7.500015076.4209   12.8486
    7.5000   30.0000   -7.500014316.1260   12.8397
   -7.5000   37.5000   -7.500014024.8232   12.8243
    0.0000   37.5000   -7.500014571.9346   12.8390
    7.5000   37.5000   -7.500013871.1006   12.8329
   -7.5000   45.0000   -7.500012902.2568   12.5073
    0.0000   45.0000   -7.500013398.3359   12.5221
    7.5000   45.0000   -7.500012785.3867   12.5169
   -7.5000  -45.0000    0.000010381.0078   13.1929
    0.0000  -45.0000    0.000010860.2285   13.2053
    7.5000  -45.0000    0.000010395.3916   13.1999
   -7.5000  -37.5000    0.000011394.6582   13.0651
    0.0000  -37.5000    0.000011904.0332   13.0737
    7.5000  -37.5000    0.000011372.9746   13.0666
   -7.5000  -30.0000    0.000012808.2793   13.0123
    0.0000  -30.0000    0.000013370.1748   13.0179
    7.5000  -30.0000    0.000012766.9746   13.0092
   -7.5000  -22.5000    0.000014168.5986   13.0256
    0.0000  -22.5000    0.000014805.2598   13.0332
    7.5000  -22.5000    0.000014106.6084   13.0247
   -7.5000  -15.0000    0.000015373.4463   13.0344
    0.0000  -15.0000    0.000016091.1006   13.0459
    7.5000  -15.0000    0.000015335.7539   13.0389
   -7.5000   -7.5000    0.000016478.9023   13.0248
    0.0000   -7.5000    0.000017237.4941   13.0384
    7.5000   -7.5000    0.000016416.6230   13.0331
   -7.5000    0.0000    0.000017609.0176   13.0086
    0.0000    0.0000    0.000018466.8496   13.0212
    7.5000    0.0000    0.000017499.1328   13.0163
   -7.5000    7.5000    0.000017468.0488   13.0029
    0.0000    7.5000    0.000018382.3965   13.0115
    7.5000    7.5000    0.000017296.1504   13.0045
   -7.5000   15.0000    0.000017008.7168   13.0103
    0.0000   15.0000    0.000017819.7988   13.0159
    7.5000   15.0000    0.000016721.4102   13.0071
   -7.5000   22.5000    0.000016180.6738   13.0196
    0.0000   22.5000    0.000016899.2949   13.0271
    7.5000   22.5000    0.000015896.2949   13.0187
   -7.5000   30.0000    0.000015238.7275   12.8657
    0.0000   30.0000    0.000015893.1699   12.8770
    7.5000   30.0000    0.000014976.3975   12.8701
   -7.5000   37.5000    0.000014715.6670   12.8562
    0.0000   37.5000    0.000015307.7637   12.8696
    7.5000   37.5000    0.000014489.2930   12.8644
   -7.5000   45.0000    0.000013526.8721   12.5388
    0.0000   45.0000    0.000014057.3730   12.5509
    7.5000   45.0000    0.000013360.3906   12.5462
   -7.5000  -45.0000    7.500010066.1602   13.1973
    0.0000  -45.0000    7.500010513.4404   13.2090
    7.5000  -45.0000    7.500010050.8896   13.2041
   -7.5000  -37.5000    7.500011041.5869   13.0655
    0.0000  -37.5000    7.500011518.8193   13.0737
    7.5000  -37.5000    7.500010997.2617   13.0679
   -7.5000  -30.0000    7.500012396.1797   13.0119
    0.0000  -30.0000    7.500012935.1338   13.0165
    7.5000  -30.0000    7.500012350.4775   13.0096
   -7.5000  -22.5000    7.500013723.1094   13.0278
    0.0000  -22.5000    7.500014318.9824   13.0330
    7.5000  -22.5000    7.500013646.1875   13.0262
   -7.5000  -15.0000    7.500014931.0918   13.0398
    0.0000  -15.0000    7.500015580.5410   13.0485
    7.5000  -15.0000    7.500014845.5176   13.0424
   -7.5000   -7.5000    7.500016049.6738   13.0308
    0.0000   -7.5000    7.500016755.4824   13.0427
    7.5000   -7.5000    7.500015947.2207   13.0376
   -7.5000    0.0000    7.500017172.0527   13.0125
    0.0000    0.0000    7.500018020.7539   13.0244
    7.5000    0.0000    7.500017032.9844   13.0198
   -7.5000    7.5000    7.500017053.5664   13.0036
    0.0000    7.5000    7.500017979.2617   13.0117
    7.5000    7.5000    7.500016871.2559   13.0060
   -7.5000   15.0000    7.500016598.2695   13.0099
    0.0000   15.0000    7.500017415.5078   13.0145
    7.5000   15.0000    7.500016315.7012   13.0076
   -7.5000   22.5000    7.500015822.4482   13.0217
    0.0000   22.5000    7.500016506.6621   13.0269
    7.5000   22.5000    7.500015510.5918   13.0202
   -7.5000   30.0000    7.500014832.5674   12.8711
    0.0000   30.0000    7.500015468.6104   12.8796
    7.5000   30.0000    7.500014570.8145   12.8736
   -7.5000   37.5000    7.500014266.4473   12.8622
    0.0000   37.5000    7.500014841.1445   12.8739
    7.5000   37.5000    7.500014025.1074   12.8689
   -7.5000   45.0000    7.500013122.1904   12.5426
    0.0000   45.0000    7.500013635.2773   12.5540
    7.5000   45.0000    7.500012919.8867   12.5496
   -7.5000  -45.0000   15.0000 9626.8594   13.1971
    0.0000  -45.0000   15.000010050.0459   13.2109
    7.5000  -45.0000   15.0000 9594.3369   13.2058
   -7.5000  -37.5000   15.000010535.2979   13.0652
    0.0000  -37.5000   15.000010999.5664   13.0758
    7.5000  -37.5000   15.000010487.9062   13.0702
   -7.5000  -30.0000   15.000011824.2441   13.0135
    0.0000  -30.0000   15.000012340.6748   13.0187
    7.5000  -30.0000   15.000011774.1318   13.0116
   -7.5000  -22.5000   15.000013087.5762   13.0307
    0.0000  -22.5000   15.000013655.7549   13.0339
    7.5000  -22.5000   15.000013028.7148   13.0267
   -7.5000  -15.0000   15.000014229.5566   13.0424
    0.0000  -15.0000   15.000014851.6973   13.0485
    7.5000  -15.0000   15.000014188.5723   13.0420
   -7.5000   -7.5000   15.000015335.3975   13.0317
    0.0000   -7.5000   15.000016007.5791   13.0431
    7.5000   -7.5000   15.000015265.5088   13.0378
   -7.5000    0.0000   15.000016412.7500   13.0120
    0.0000    0.0000   15.000017203.7441   13.0258
    7.5000    0.0000   15.000016296.3242   13.0212
   -7.5000    7.5000   15.000016277.0918   13.0035
    0.0000    7.5000   15.000017037.1914   13.0140
    7.5000    7.5000   15.000016105.3271   13.0084
   -7.5000   15.0000   15.000015813.8223   13.0114
    0.0000   15.0000   15.000016491.0098   13.0166
    7.5000   15.0000   15.000015591.3125   13.0096
   -7.5000   22.5000   15.000015103.8252   13.0247
    0.0000   22.5000   15.000015672.7412   13.0279
    7.5000   22.5000   15.000014859.3184   13.0206
   -7.5000   30.0000   15.000014152.7383   12.8736
    0.0000   30.0000   15.000014701.9277   12.8797
    7.5000   30.0000   15.000013950.9932   12.8732
   -7.5000   37.5000   15.000013595.8818   12.8630
    0.0000   37.5000   15.000014121.4600   12.8743
    7.5000   37.5000   15.000013408.9404   12.8690
   -7.5000   45.0000   15.000012496.3193   12.5421
    0.0000   45.0000   15.000012983.6006   12.5554
    7.5000   45.0000   15.000012337.9180   12.5509
   -7.5000  -45.0000   22.5000 9086.5625   13.2365
    0.0000  -45.0000   22.5000 9503.0908   13.2534
    7.5000  -45.0000   22.5000 9056.0000   13.2475
   -7.5000  -37.5000   22.5000 9959.5576   13.1077
    0.0000  -37.5000   22.500010407.5771   13.1215
    7.5000  -37.5000   22.5000 9905.9844   13.1145
   -7.5000  -30.0000   22.500011162.5898   13.0590
    0.0000  -30.0000   22.500011669.2275   13.0658
    7.5000  -30.0000   22.500011114.1104   13.0562
   -7.5000  -22.5000   22.500012310.2510   13.0751
    0.0000  -22.5000   22.500012865.3809   13.0790
    7.5000  -22.5000   22.500012288.1221   13.0688
   -7.5000  -15.0000   22.500013378.9092   13.0829
    0.0000  -15.0000   22.500013964.9941   13.0900
    7.5000  -15.0000   22.500013361.5732   13.0814
   -7.5000   -7.5000   22.500014406.3770   13.0692
    0.0000   -7.5000   22.500015027.2451   13.0827
    7.5000   -7.5000   22.500014365.4785   13.0764
   -7.5000    0.0000   22.500015401.6338   13.0502
    0.0000    0.0000   22.500016113.4404   13.0671
    7.5000    0.0000   22.500015332.1855   13.0618
   -7.5000    7.5000   22.500015221.7979   13.0456
    0.0000    7.5000   22.500015888.6621   13.0592
    7.5000    7.5000   22.500015125.2217   13.0523
   -7.5000   15.0000   22.500014789.7031   13.0569
    0.0000   15.0000   22.500015416.3203   13.0638
    7.5000   15.0000   22.500014693.8066   13.0541
   -7.5000   22.5000   22.500014175.6240   13.0690
    0.0000   22.5000   22.500014743.3262   13.0729
    7.5000   22.5000   22.500014039.7354   13.0628
   -7.5000   30.0000   22.500013316.0068   12.9135
    0.0000   30.0000   22.500013860.2520   12.9206
    7.5000   30.0000   22.500013166.5410   12.9121
   -7.5000   37.5000   22.500012796.6807   12.9001
    0.0000   37.5000   22.500013297.5146   12.9134
    7.5000   37.5000   22.500012634.9961   12.9071
   -7.5000   45.0000   22.500011772.5361   12.5789
    0.0000   45.0000   22.500012215.7783   12.5952
    7.5000   45.0000   22.500011623.0566   12.5901
   -7.5000  -45.0000   30.0000 8461.3408   13.3370
    0.0000  -45.0000   30.0000 8854.4482   13.3543
    7.5000  -45.0000   30.0000 8426.1143   13.3475
   -7.5000  -37.5000   30.0000 9267.5752   13.2104
    0.0000  -37.5000   30.0000 9700.9092   13.2244
    7.5000  -37.5000   30.0000 9243.8203   13.2157
   -7.5000  -30.0000   30.000010370.6133   13.1627
    0.0000  -30.0000   30.000010848.3682   13.1703
    7.5000  -30.0000   30.000010360.9297   13.1579
   -7.5000  -22.5000   30.000011414.5479   13.1770
    0.0000  -22.5000   30.000011935.1689   13.1828
    7.5000  -22.5000   30.000011429.8896   13.1698
   -7.5000  -15.0000   30.000012423.1963   13.1816
    0.0000  -15.0000   30.000012965.2900   13.1910
    7.5000  -15.0000   30.000012426.2715   13.1804
   -7.5000   -7.5000   30.000013386.0020   13.1661
    0.0000   -7.5000   30.000013973.3164   13.1809
    7.5000   -7.5000   30.000013372.7822   13.1736
   -7.5000    0.0000   30.000014270.7031   13.1481
    0.0000    0.0000   30.000014903.9902   13.1655
    7.5000    0.0000   30.000014234.8770   13.1595
   -7.5000    7.5000   30.000014060.1094   13.1471
    0.0000    7.5000   30.000014635.2607   13.1610
    7.5000    7.5000   30.000014015.0254   13.1523
   -7.5000   15.0000   30.000013700.7646   13.1606
    0.0000   15.0000   30.000014257.3701   13.1682
    7.5000   15.0000   30.000013651.8789   13.1558
   -7.5000   22.5000   30.000013145.6377   13.1709
    0.0000   22.5000   30.000013686.7227   13.1767
    7.5000   22.5000   30.000013081.8799   13.1637
   -7.5000   30.0000   30.000012356.6865   13.0110
    0.0000   30.0000   30.000012861.8408   13.0202
    7.5000   30.0000   30.000012269.5127   13.0098
   -7.5000   37.5000   30.000011869.3057   12.9957
    0.0000   37.5000   30.000012347.6191   13.0103
    7.5000   37.5000   30.000011779.8330   13.0031
   -7.5000   45.0000   30.000010915.6826   12.6733
    0.0000   45.0000   30.000011342.7705   12.6900
    7.5000   45.0000   30.000010817.9971   12.6842
   -7.5000  -45.0000   37.5000 8115.1079   13.5462
    0.0000  -45.0000   37.5000 8500.4883   13.5633
    7.5000  -45.0000   37.5000 8100.3862   13.5598
   -7.5000  -37.5000   37.5000 8881.2588   13.4160
    0.0000  -37.5000   37.5000 9309.2549   13.4295
    7.5000  -37.5000   37.5000 8888.5205   13.4233
   -7.5000  -30.0000   37.5000 9944.6602   13.3639
    0.0000  -30.0000   37.500010418.2959   13.3728
    7.5000  -30.0000   37.5000 9958.1484   13.3636
   -7.5000  -22.5000   37.500010972.1807   13.3764
    0.0000  -22.5000   37.500011486.6025   13.3857
    7.5000  -22.5000   37.500010985.9150   13.3768
   -7.5000  -15.0000   37.500011937.1660   13.3813
    0.0000  -15.0000   37.500012492.6162   13.3945
    7.5000  -15.0000   37.500011951.6328   13.3882
   -7.5000   -7.5000   37.500012861.2422   13.3680
    0.0000   -7.5000   37.500013444.2715   13.3847
    7.5000   -7.5000   37.500012879.3477   13.3813
   -7.5000    0.0000   37.500013687.9287   13.3518
    0.0000    0.0000   37.500014278.3477   13.3691
    7.5000    0.0000   37.500013672.6191   13.3662
   -7.5000    7.5000   37.500013462.9238   13.3504
    0.0000    7.5000   37.500014020.9727   13.3638
    7.5000    7.5000   37.500013454.0820   13.3578
   -7.5000   15.0000   37.500013126.9688   13.3617
    0.0000   15.0000   37.500013659.0557   13.3706
    7.5000   15.0000   37.500013096.3301   13.3614
   -7.5000   22.5000   37.500012599.9023   13.3702
    0.0000   22.5000   37.500013124.2949   13.3795
    7.5000   22.5000   37.500012555.4365   13.3706
   -7.5000   30.0000   37.500011847.9639   13.2081
    0.0000   30.0000   37.500012334.1572   13.2211
    7.5000   30.0000   37.500011794.5303   13.2149
   -7.5000   37.5000   37.500011371.3350   13.1950
    0.0000   37.5000   37.500011824.6016   13.2114
    7.5000   37.5000   37.500011317.0205   13.2081
   -7.5000   45.0000   37.500010479.7725   12.8696
    0.0000   45.0000   37.500010897.8574   12.8862
    7.5000   45.0000   37.500010410.0684   12.8834
   -7.5000  -45.0000   45.0000 7464.0786   13.8133
    0.0000  -45.0000   45.0000 7822.7666   13.8314
    7.5000  -45.0000   45.0000 7458.6626   13.8306
   -7.5000  -37.5000   45.0000 8155.3164   13.6713
    0.0000  -37.5000   45.0000 8554.5186   13.6853
    7.5000  -37.5000   45.0000 8182.7632   13.6821
   -7.5000  -30.0000   45.0000 9137.5088   13.6125
    0.0000  -30.0000   45.0000 9580.5889   13.6230
    7.5000  -30.0000   45.0000 9165.0059   13.6175
   -7.5000  -22.5000   45.000010082.8398   13.6277
    0.0000  -22.5000   45.000010555.3262   13.6398
    7.5000  -22.5000   45.000010100.8389   13.6346
   -7.5000  -15.0000   45.000010987.3828   13.6383
    0.0000  -15.0000   45.000011487.2002   13.6545
    7.5000  -15.0000   45.000010991.2334   13.6513
   -7.5000   -7.5000   45.000011811.3154   13.6281
    0.0000   -7.5000   45.000012343.8398   13.6470
    7.5000   -7.5000   45.000011818.0732   13.6462
   -7.5000    0.0000   45.000012557.1895   13.6100
    0.0000    0.0000   45.000013095.6348   13.6282
    7.5000    0.0000   45.000012542.7891   13.6278
   -7.5000    7.5000   45.000012331.2188   13.6028
    0.0000    7.5000   45.000012858.0381   13.6167
    7.5000    7.5000   45.000012333.7207   13.6136
   -7.5000   15.0000   45.000012012.4756   13.6103
    0.0000   15.0000   45.000012525.1211   13.6208
    7.5000   15.0000   45.000012017.6230   13.6152
   -7.5000   22.5000   45.000011539.1924   13.6214
    0.0000   22.5000   45.000012027.7432   13.6334
    7.5000   22.5000   45.000011530.7744   13.6282
   -7.5000   30.0000   45.000010852.0000   13.4607
    0.0000   30.0000   45.000011308.8535   13.4766
    7.5000   30.0000   45.000010835.3281   13.4734
   -7.5000   37.5000   45.000010422.9551   13.4506
    0.0000   37.5000   45.000010844.1025   13.4692
    7.5000   37.5000   45.000010393.5625   13.4684
   -7.5000   45.0000   45.0000 9606.5244   13.1244
    0.0000   45.0000   45.000010000.1367   13.1420
    7.5000   45.0000   45.0000 9570.8984   13.1416

---------------------------------------------------------------------
imgreg_4dfp /opt/freesurfer/average/711-2C_as_mni_average_305 /opt/freesurfer/average/711-2B_as_mni_average_305_mask talsrcimg_g11 none talsrcimg_to_711-2C_as_mni_average_305_t4 4355
---------------------------------------------------------------------

freesurfer imgreg_4dfp.c
/opt/freesurfer/average/711-2C_as_mni_average_305.4dfp.img
       256       256       256         1
  1.000000  1.000000  1.000000
orientation T byte_order littleendian
Reading image: /opt/freesurfer/average/711-2C_as_mni_average_305.4dfp.img
dimensions:      256       256       256
mmppix:       1.0000   -1.0000   -1.0000
center:     128.0000 -129.0000 -129.0000
/opt/freesurfer/average/711-2B_as_mni_average_305_mask.4dfp.img
       256       256       256         1
  1.000000  1.000000  1.000000
orientation T byte_order littleendian
Reading mask: /opt/freesurfer/average/711-2B_as_mni_average_305_mask.4dfp.img (2306576 pixels)
talsrcimg_g11.4dfp.img
       256       256       256         1
  1.000000  1.000000  1.000000
orientation T byte_order littleendian
Reading image: talsrcimg_g11.4dfp.img
dimensions:      256       256       256
mmppix:       1.0000   -1.0000   -1.0000
center:     128.0000 -129.0000 -129.0000
rotation matrix determinant  1.000000
image alignment mode   4355 decimal     1103 hex
   -7.5000  -45.0000  -45.0000 2010.5823   15.9649
    0.0000  -45.0000  -45.0000 2021.9467   15.8658
    7.5000  -45.0000  -45.0000 2006.0031   15.9265
   -7.5000  -37.5000  -45.0000 2125.3179   14.2403
    0.0000  -37.5000  -45.0000 2136.4653   14.1262
    7.5000  -37.5000  -45.0000 2123.0742   14.1966
   -7.5000  -30.0000  -45.0000 2226.8613   12.9435
    0.0000  -30.0000  -45.0000 2245.1812   12.8493
    7.5000  -30.0000  -45.0000 2235.3555   12.9181
   -7.5000  -22.5000  -45.0000 2317.7808   12.0052
    0.0000  -22.5000  -45.0000 2329.4939   11.8865
    7.5000  -22.5000  -45.0000 2316.3315   11.9793
   -7.5000  -15.0000  -45.0000 2373.7722   11.2755
    0.0000  -15.0000  -45.0000 2389.6919   11.1797
    7.5000  -15.0000  -45.0000 2369.7168   11.2763
   -7.5000   -7.5000  -45.0000 2401.4507   10.8285
    0.0000   -7.5000  -45.0000 2424.9233   10.7043
    7.5000   -7.5000  -45.0000 2407.0215   10.7928
   -7.5000    0.0000  -45.0000 2415.2446   10.6094
    0.0000    0.0000  -45.0000 2437.4563   10.4732
    7.5000    0.0000  -45.0000 2420.5781   10.5502
   -7.5000    7.5000  -45.0000 2418.6121   10.5206
    0.0000    7.5000  -45.0000 2442.0913   10.3914
    7.5000    7.5000  -45.0000 2427.5740   10.4501
   -7.5000   15.0000  -45.0000 2409.2605   10.6455
    0.0000   15.0000  -45.0000 2437.7002   10.4837
    7.5000   15.0000  -45.0000 2418.0063   10.5723
   -7.5000   22.5000  -45.0000 2378.5774   10.9915
    0.0000   22.5000  -45.0000 2406.3672   10.8143
    7.5000   22.5000  -45.0000 2392.1501   10.8809
   -7.5000   30.0000  -45.0000 2331.6465   11.5038
    0.0000   30.0000  -45.0000 2357.1355   11.3342
    7.5000   30.0000  -45.0000 2343.6931   11.4056
   -7.5000   37.5000  -45.0000 2263.5903   12.2001
    0.0000   37.5000  -45.0000 2286.2634   12.0438
    7.5000   37.5000  -45.0000 2272.9080   12.1206
   -7.5000   45.0000  -45.0000 2176.0237   13.1796
    0.0000   45.0000  -45.0000 2196.9822   13.0232
    7.5000   45.0000  -45.0000 2181.6938   13.1062
   -7.5000  -45.0000  -37.5000 2062.8997   14.9755
    0.0000  -45.0000  -37.5000 2077.8340   14.8714
    7.5000  -45.0000  -37.5000 2065.7681   14.9486
   -7.5000  -37.5000  -37.5000 2189.2524   13.3501
    0.0000  -37.5000  -37.5000 2203.9182   13.2384
    7.5000  -37.5000  -37.5000 2190.8425   13.3278
   -7.5000  -30.0000  -37.5000 2305.0142   12.1099
    0.0000  -30.0000  -37.5000 2324.0994   12.0051
    7.5000  -30.0000  -37.5000 2308.6550   12.1035
   -7.5000  -22.5000  -37.5000 2397.1560   11.1856
    0.0000  -22.5000  -37.5000 2413.1772   11.0994
    7.5000  -22.5000  -37.5000 2397.7383   11.1838
   -7.5000  -15.0000  -37.5000 2455.9941   10.5338
    0.0000  -15.0000  -37.5000 2472.7986   10.4340
    7.5000  -15.0000  -37.5000 2454.1841   10.5112
   -7.5000   -7.5000  -37.5000 2495.4197   10.0798
    0.0000   -7.5000  -37.5000 2515.5686    9.9685
    7.5000   -7.5000  -37.5000 2502.2424   10.0556
   -7.5000    0.0000  -37.5000 2514.0886    9.8317
    0.0000    0.0000  -37.5000 2539.7871    9.7153
    7.5000    0.0000  -37.5000 2525.0051    9.8062
   -7.5000    7.5000  -37.5000 2518.9807    9.7745
    0.0000    7.5000  -37.5000 2546.8359    9.6429
    7.5000    7.5000  -37.5000 2528.8943    9.7187
   -7.5000   15.0000  -37.5000 2510.7632    9.8596
    0.0000   15.0000  -37.5000 2540.7515    9.7115
    7.5000   15.0000  -37.5000 2522.2822    9.7956
   -7.5000   22.5000  -37.5000 2480.2483   10.1546
    0.0000   22.5000  -37.5000 2511.5750   10.0020
    7.5000   22.5000  -37.5000 2496.5510   10.0696
   -7.5000   30.0000  -37.5000 2435.3167   10.6292
    0.0000   30.0000  -37.5000 2459.6370   10.4650
    7.5000   30.0000  -37.5000 2446.1885   10.5463
   -7.5000   37.5000  -37.5000 2358.4189   11.2796
    0.0000   37.5000  -37.5000 2384.4907   11.1108
    7.5000   37.5000  -37.5000 2371.2029   11.1997
   -7.5000   45.0000  -37.5000 2264.1377   12.1786
    0.0000   45.0000  -37.5000 2286.5227   12.0096
    7.5000   45.0000  -37.5000 2271.6780   12.1112
   -7.5000  -45.0000  -30.0000 2152.2480   14.6292
    0.0000  -45.0000  -30.0000 2170.1292   14.5231
    7.5000  -45.0000  -30.0000 2160.7300   14.6037
   -7.5000  -37.5000  -30.0000 2289.4575   13.0414
    0.0000  -37.5000  -30.0000 2306.4597   12.9028
    7.5000  -37.5000  -30.0000 2295.1313   12.9884
   -7.5000  -30.0000  -30.0000 2412.5432   11.7744
    0.0000  -30.0000  -30.0000 2430.0769   11.6824
    7.5000  -30.0000  -30.0000 2412.9778   11.7571
   -7.5000  -22.5000  -30.0000 2510.3206   10.8182
    0.0000  -22.5000  -30.0000 2528.5278   10.7261
    7.5000  -22.5000  -30.0000 2512.0278   10.8221
   -7.5000  -15.0000  -30.0000 2577.4099   10.1431
    0.0000  -15.0000  -30.0000 2594.8801   10.0471
    7.5000  -15.0000  -30.0000 2578.1326   10.1308
   -7.5000   -7.5000  -30.0000 2631.0461    9.6953
    0.0000   -7.5000  -30.0000 2652.1790    9.5943
    7.5000   -7.5000  -30.0000 2634.2922    9.6838
   -7.5000    0.0000  -30.0000 2659.9133    9.4324
    0.0000    0.0000  -30.0000 2687.6487    9.3335
    7.5000    0.0000  -30.0000 2669.4500    9.4274
   -7.5000    7.5000  -30.0000 2675.4609    9.3800
    0.0000    7.5000  -30.0000 2701.5061    9.2583
    7.5000    7.5000  -30.0000 2679.6257    9.3403
   -7.5000   15.0000  -30.0000 2665.8821    9.4654
    0.0000   15.0000  -30.0000 2694.8054    9.3260
    7.5000   15.0000  -30.0000 2673.3259    9.4031
   -7.5000   22.5000  -30.0000 2636.7012    9.7403
    0.0000   22.5000  -30.0000 2667.9014    9.5871
    7.5000   22.5000  -30.0000 2648.0308    9.6597
   -7.5000   30.0000  -30.0000 2584.8247   10.1921
    0.0000   30.0000  -30.0000 2611.7295   10.0225
    7.5000   30.0000  -30.0000 2591.7939   10.1214
   -7.5000   37.5000  -30.0000 2501.7571   10.8082
    0.0000   37.5000  -30.0000 2528.3342   10.6452
    7.5000   37.5000  -30.0000 2510.2771   10.7380
   -7.5000   45.0000  -30.0000 2398.3889   11.6602
    0.0000   45.0000  -30.0000 2419.7676   11.5158
    7.5000   45.0000  -30.0000 2402.7292   11.6127
   -7.5000  -45.0000  -22.5000 2214.3223   14.2451
    0.0000  -45.0000  -22.5000 2229.5779   14.1423
    7.5000  -45.0000  -22.5000 2222.6509   14.2397
   -7.5000  -37.5000  -22.5000 2354.6770   12.6430
    0.0000  -37.5000  -22.5000 2373.7905   12.5223
    7.5000  -37.5000  -22.5000 2363.1199   12.6089
   -7.5000  -30.0000  -22.5000 2478.7026   11.3797
    0.0000  -30.0000  -22.5000 2495.9417   11.2766
    7.5000  -30.0000  -22.5000 2486.2727   11.3593
   -7.5000  -22.5000  -22.5000 2585.6748   10.4221
    0.0000  -22.5000  -22.5000 2605.0344   10.3157
    7.5000  -22.5000  -22.5000 2589.8604   10.4067
   -7.5000  -15.0000  -22.5000 2666.8650    9.7208
    0.0000  -15.0000  -22.5000 2682.9570    9.6231
    7.5000  -15.0000  -22.5000 2670.0422    9.7016
   -7.5000   -7.5000  -22.5000 2729.5779    9.2470
    0.0000   -7.5000  -22.5000 2750.1978    9.1610
    7.5000   -7.5000  -22.5000 2731.8923    9.2545
   -7.5000    0.0000  -22.5000 2771.4041    8.9758
    0.0000    0.0000  -22.5000 2800.1738    8.8780
    7.5000    0.0000  -22.5000 2778.5488    8.9726
   -7.5000    7.5000  -22.5000 2795.9326    8.9139
    0.0000    7.5000  -22.5000 2824.4893    8.7906
    7.5000    7.5000  -22.5000 2794.7295    8.8885
   -7.5000   15.0000  -22.5000 2789.3965    9.0078
    0.0000   15.0000  -22.5000 2820.8699    8.8638
    7.5000   15.0000  -22.5000 2795.2078    8.9560
   -7.5000   22.5000  -22.5000 2761.8225    9.2752
    0.0000   22.5000  -22.5000 2795.1543    9.1151
    7.5000   22.5000  -22.5000 2772.3757    9.2008
   -7.5000   30.0000  -22.5000 2701.8840    9.6879
    0.0000   30.0000  -22.5000 2732.0942    9.5321
    7.5000   30.0000  -22.5000 2708.0391    9.6322
   -7.5000   37.5000  -22.5000 2614.5063   10.2882
    0.0000   37.5000  -22.5000 2642.9219   10.1381
    7.5000   37.5000  -22.5000 2619.4009   10.2452
   -7.5000   45.0000  -22.5000 2502.6218   11.1171
    0.0000   45.0000  -22.5000 2526.1631   10.9758
    7.5000   45.0000  -22.5000 2503.6719   11.0948
   -7.5000  -45.0000  -15.0000 2242.6738   13.9408
    0.0000  -45.0000  -15.0000 2260.8149   13.8103
    7.5000  -45.0000  -15.0000 2250.2207   13.9369
   -7.5000  -37.5000  -15.0000 2387.8274   12.3229
    0.0000  -37.5000  -15.0000 2408.9795   12.1804
    7.5000  -37.5000  -15.0000 2396.3616   12.2958
   -7.5000  -30.0000  -15.0000 2515.2268   11.0446
    0.0000  -30.0000  -15.0000 2535.3748   10.9051
    7.5000  -30.0000  -15.0000 2524.3445   11.0155
   -7.5000  -22.5000  -15.0000 2627.1580   10.0675
    0.0000  -22.5000  -15.0000 2648.9883    9.9538
    7.5000  -22.5000  -15.0000 2636.1140   10.0443
   -7.5000  -15.0000  -15.0000 2715.3093    9.3382
    0.0000  -15.0000  -15.0000 2738.5720    9.2435
    7.5000  -15.0000  -15.0000 2725.8567    9.3180
   -7.5000   -7.5000  -15.0000 2787.7600    8.8348
    0.0000   -7.5000  -15.0000 2812.7097    8.7598
    7.5000   -7.5000  -15.0000 2794.7844    8.8484
   -7.5000    0.0000  -15.0000 2843.5720    8.5440
    0.0000    0.0000  -15.0000 2876.7607    8.4558
    7.5000    0.0000  -15.0000 2854.3845    8.5525
   -7.5000    7.5000  -15.0000 2875.7825    8.4655
    0.0000    7.5000  -15.0000 2911.9907    8.3601
    7.5000    7.5000  -15.0000 2875.3540    8.4663
   -7.5000   15.0000  -15.0000 2879.1624    8.5453
    0.0000   15.0000  -15.0000 2913.1306    8.4120
    7.5000   15.0000  -15.0000 2879.8752    8.5359
   -7.5000   22.5000  -15.0000 2849.0928    8.8006
    0.0000   22.5000  -15.0000 2885.6660    8.6623
    7.5000   22.5000  -15.0000 2852.6257    8.7798
   -7.5000   30.0000  -15.0000 2782.7217    9.2161
    0.0000   30.0000  -15.0000 2815.8369    9.0801
    7.5000   30.0000  -15.0000 2785.4993    9.1875
   -7.5000   37.5000  -15.0000 2692.5005    9.7951
    0.0000   37.5000  -15.0000 2716.3167    9.6755
    7.5000   37.5000  -15.0000 2690.2910    9.7837
   -7.5000   45.0000  -15.0000 2568.4722   10.6254
    0.0000   45.0000  -15.0000 2593.6340   10.5048
    7.5000   45.0000  -15.0000 2568.0393   10.6359
   -7.5000  -45.0000   -7.5000 2250.6804   13.6673
    0.0000  -45.0000   -7.5000 2272.8003   13.4901
    7.5000  -45.0000   -7.5000 2266.7578   13.6479
   -7.5000  -37.5000   -7.5000 2397.1172   12.0324
    0.0000  -37.5000   -7.5000 2416.6521   11.8776
    7.5000  -37.5000   -7.5000 2410.1792   11.9905
   -7.5000  -30.0000   -7.5000 2529.0110   10.7623
    0.0000  -30.0000   -7.5000 2550.4041   10.6273
    7.5000  -30.0000   -7.5000 2542.0522   10.7308
   -7.5000  -22.5000   -7.5000 2647.3650    9.7698
    0.0000  -22.5000   -7.5000 2670.1902    9.6523
    7.5000  -22.5000   -7.5000 2657.3596    9.7500
   -7.5000  -15.0000   -7.5000 2742.9270    9.0232
    0.0000  -15.0000   -7.5000 2771.4868    8.9288
    7.5000  -15.0000   -7.5000 2756.6367    9.0185
   -7.5000   -7.5000   -7.5000 2827.9434    8.4837
    0.0000   -7.5000   -7.5000 2858.1624    8.4131
    7.5000   -7.5000   -7.5000 2844.2590    8.4971
   -7.5000    0.0000   -7.5000 2894.6582    8.1801
    0.0000    0.0000   -7.5000 2930.2144    8.1069
    7.5000    0.0000   -7.5000 2909.3542    8.1940
   -7.5000    7.5000   -7.5000 2933.1609    8.1005
    0.0000    7.5000   -7.5000 2974.4087    8.0241
    7.5000    7.5000   -7.5000 2943.3025    8.1140
   -7.5000   15.0000   -7.5000 2939.0864    8.1616
    0.0000   15.0000   -7.5000 2981.1067    8.0540
    7.5000   15.0000   -7.5000 2939.2522    8.1826
   -7.5000   22.5000   -7.5000 2907.0471    8.3880
    0.0000   22.5000   -7.5000 2944.6616    8.2778
    7.5000   22.5000   -7.5000 2903.9202    8.4041
   -7.5000   30.0000   -7.5000 2835.4568    8.8022
    0.0000   30.0000   -7.5000 2870.7766    8.6750
    7.5000   30.0000   -7.5000 2835.9570    8.7926
   -7.5000   37.5000   -7.5000 2736.1523    9.4010
    0.0000   37.5000   -7.5000 2766.2861    9.2770
    7.5000   37.5000   -7.5000 2736.2273    9.4054
   -7.5000   45.0000   -7.5000 2610.6694   10.2476
    0.0000   45.0000   -7.5000 2636.5906   10.1159
    7.5000   45.0000   -7.5000 2608.3167   10.2561
   -7.5000  -45.0000    0.0000 2251.4404   13.5827
    0.0000  -45.0000    0.0000 2273.5195   13.4188
    7.5000  -45.0000    0.0000 2271.3879   13.5652
   -7.5000  -37.5000    0.0000 2399.1619   11.9256
    0.0000  -37.5000    0.0000 2419.5913   11.7802
    7.5000  -37.5000    0.0000 2410.9993   11.8957
   -7.5000  -30.0000    0.0000 2528.7014   10.6295
    0.0000  -30.0000    0.0000 2551.2720   10.4914
    7.5000  -30.0000    0.0000 2543.3701   10.6101
   -7.5000  -22.5000    0.0000 2649.2573    9.6095
    0.0000  -22.5000    0.0000 2672.7893    9.4913
    7.5000  -22.5000    0.0000 2662.4705    9.5944
   -7.5000  -15.0000    0.0000 2752.6694    8.8361
    0.0000  -15.0000    0.0000 2784.2778    8.7443
    7.5000  -15.0000    0.0000 2772.9492    8.8365
   -7.5000   -7.5000    0.0000 2847.1995    8.2682
    0.0000   -7.5000    0.0000 2880.2327    8.1786
    7.5000   -7.5000    0.0000 2867.9395    8.2853
   -7.5000    0.0000    0.0000 2926.5784    7.9655
    0.0000    0.0000    0.0000 2964.2456    7.8812
    7.5000    0.0000    0.0000 2943.8586    7.9798
   -7.5000    7.5000    0.0000 2975.2385    7.8965
    0.0000    7.5000    0.0000 3019.1418    7.8238
    7.5000    7.5000    0.0000 2984.0996    7.9076
   -7.5000   15.0000    0.0000 2981.0579    7.9819
    0.0000   15.0000    0.0000 3026.7063    7.8914
    7.5000   15.0000    0.0000 2976.3835    7.9714
   -7.5000   22.5000    0.0000 2941.5549    8.1664
    0.0000   22.5000    0.0000 2978.8171    8.0636
    7.5000   22.5000    0.0000 2935.2781    8.1823
   -7.5000   30.0000    0.0000 2866.9414    8.5470
    0.0000   30.0000    0.0000 2903.2400    8.4305
    7.5000   30.0000    0.0000 2866.9441    8.5689
   -7.5000   37.5000    0.0000 2764.3940    9.1583
    0.0000   37.5000    0.0000 2794.9065    9.0319
    7.5000   37.5000    0.0000 2763.2837    9.1784
   -7.5000   45.0000    0.0000 2631.2646   10.0139
    0.0000   45.0000    0.0000 2657.9253    9.9031
    7.5000   45.0000    0.0000 2628.6206   10.0605
   -7.5000  -45.0000    7.5000 2253.5605   13.6583
    0.0000  -45.0000    7.5000 2277.4094   13.4854
    7.5000  -45.0000    7.5000 2267.7510   13.6489
   -7.5000  -37.5000    7.5000 2395.4736   11.9763
    0.0000  -37.5000    7.5000 2415.3420   11.8052
    7.5000  -37.5000    7.5000 2403.7444   11.9609
   -7.5000  -30.0000    7.5000 2516.2974   10.6414
    0.0000  -30.0000    7.5000 2538.8113   10.4971
    7.5000  -30.0000    7.5000 2531.6860   10.6356
   -7.5000  -22.5000    7.5000 2636.6196    9.5991
    0.0000  -22.5000    7.5000 2659.8782    9.4832
    7.5000  -22.5000    7.5000 2651.9954    9.5968
   -7.5000  -15.0000    7.5000 2744.6533    8.8195
    0.0000  -15.0000    7.5000 2770.2856    8.7094
    7.5000  -15.0000    7.5000 2763.5149    8.8105
   -7.5000   -7.5000    7.5000 2847.6548    8.2427
    0.0000   -7.5000    7.5000 2879.1929    8.1447
    7.5000   -7.5000    7.5000 2865.6946    8.2502
   -7.5000    0.0000    7.5000 2936.2202    7.9256
    0.0000    0.0000    7.5000 2970.8857    7.8438
    7.5000    0.0000    7.5000 2946.4575    7.9513
   -7.5000    7.5000    7.5000 2999.0752    7.8186
    0.0000    7.5000    7.5000 3041.0359    7.7705
    7.5000    7.5000    7.5000 2997.0027    7.8631
   -7.5000   15.0000    7.5000 3005.7869    7.9053
    0.0000   15.0000    7.5000 3052.6562    7.8302
    7.5000   15.0000    7.5000 2994.7146    7.9277
   -7.5000   22.5000    7.5000 2956.3374    8.1451
    0.0000   22.5000    7.5000 2992.6360    8.0363
    7.5000   22.5000    7.5000 2947.2744    8.1561
   -7.5000   30.0000    7.5000 2867.0762    8.5405
    0.0000   30.0000    7.5000 2903.4038    8.4151
    7.5000   30.0000    7.5000 2870.0198    8.5453
   -7.5000   37.5000    7.5000 2764.1931    9.1453
    0.0000   37.5000    7.5000 2792.5459    9.0225
    7.5000   37.5000    7.5000 2760.3540    9.1567
   -7.5000   45.0000    7.5000 2636.2544    9.9851
    0.0000   45.0000    7.5000 2659.4631    9.8680
    7.5000   45.0000    7.5000 2631.0510   10.0098
   -7.5000  -45.0000   15.0000 2250.2285   13.8538
    0.0000  -45.0000   15.0000 2273.7827   13.6661
    7.5000  -45.0000   15.0000 2259.0537   13.8396
   -7.5000  -37.5000   15.0000 2380.9817   12.1350
    0.0000  -37.5000   15.0000 2401.9792   11.9637
    7.5000  -37.5000   15.0000 2387.8228   12.1388
   -7.5000  -30.0000   15.0000 2495.8997   10.7873
    0.0000  -30.0000   15.0000 2516.4370   10.6467
    7.5000  -30.0000   15.0000 2506.6472   10.8143
   -7.5000  -22.5000   15.0000 2612.0037    9.7557
    0.0000  -22.5000   15.0000 2634.4165    9.6144
    7.5000  -22.5000   15.0000 2624.2141    9.7657
   -7.5000  -15.0000   15.0000 2718.9043    8.9480
    0.0000  -15.0000   15.0000 2747.5227    8.8310
    7.5000  -15.0000   15.0000 2736.8401    8.9748
   -7.5000   -7.5000   15.0000 2830.0608    8.3602
    0.0000   -7.5000   15.0000 2858.1528    8.2558
    7.5000   -7.5000   15.0000 2841.9036    8.3859
   -7.5000    0.0000   15.0000 2925.1172    8.0383
    0.0000    0.0000   15.0000 2954.1208    7.9519
    7.5000    0.0000   15.0000 2924.0710    8.0670
   -7.5000    7.5000   15.0000 2992.4487    7.9088
    0.0000    7.5000   15.0000 3029.2102    7.8492
    7.5000    7.5000   15.0000 2978.4858    7.9623
   -7.5000   15.0000   15.0000 2992.9062    7.9798
    0.0000   15.0000   15.0000 3036.9165    7.8804
    7.5000   15.0000   15.0000 2977.1050    8.0303
   -7.5000   22.5000   15.0000 2940.1897    8.2660
    0.0000   22.5000   15.0000 2972.3347    8.1333
    7.5000   22.5000   15.0000 2928.8499    8.2830
   -7.5000   30.0000   15.0000 2848.4368    8.6886
    0.0000   30.0000   15.0000 2878.7759    8.5624
    7.5000   30.0000   15.0000 2847.5916    8.6995
   -7.5000   37.5000   15.0000 2743.3359    9.2982
    0.0000   37.5000   15.0000 2769.3770    9.1772
    7.5000   37.5000   15.0000 2741.4290    9.3146
   -7.5000   45.0000   15.0000 2614.6543   10.1242
    0.0000   45.0000   15.0000 2633.1409   10.0022
    7.5000   45.0000   15.0000 2612.3665   10.1337
   -7.5000  -45.0000   22.5000 2229.5774   14.1764
    0.0000  -45.0000   22.5000 2251.9243   14.0034
    7.5000  -45.0000   22.5000 2233.5637   14.2139
   -7.5000  -37.5000   22.5000 2361.4812   12.4248
    0.0000  -37.5000   22.5000 2379.3523   12.2709
    7.5000  -37.5000   22.5000 2362.2642   12.4614
   -7.5000  -30.0000   22.5000 2472.7603   11.0764
    0.0000  -30.0000   22.5000 2492.6836   10.9407
    7.5000  -30.0000   22.5000 2476.0654   11.1178
   -7.5000  -22.5000   22.5000 2581.5867   10.0224
    0.0000  -22.5000   22.5000 2604.8777    9.8923
    7.5000  -22.5000   22.5000 2592.9446   10.0669
   -7.5000  -15.0000   22.5000 2691.0220    9.2098
    0.0000  -15.0000   22.5000 2716.1189    9.0880
    7.5000  -15.0000   22.5000 2704.0454    9.2505
   -7.5000   -7.5000   22.5000 2802.0149    8.6195
    0.0000   -7.5000   22.5000 2823.4624    8.5077
    7.5000   -7.5000   22.5000 2805.3838    8.6555
   -7.5000    0.0000   22.5000 2893.2136    8.2928
    0.0000    0.0000   22.5000 2921.5894    8.2072
    7.5000    0.0000   22.5000 2888.9019    8.3203
   -7.5000    7.5000   22.5000 2948.1951    8.1599
    0.0000    7.5000   22.5000 2979.5171    8.0877
    7.5000    7.5000   22.5000 2934.3499    8.2095
   -7.5000   15.0000   22.5000 2936.3650    8.2596
    0.0000   15.0000   22.5000 2975.7463    8.1355
    7.5000   15.0000   22.5000 2932.8591    8.2829
   -7.5000   22.5000   22.5000 2892.7324    8.5393
    0.0000   22.5000   22.5000 2924.6035    8.4199
    7.5000   22.5000   22.5000 2886.5574    8.5645
   -7.5000   30.0000   22.5000 2807.3311    8.9827
    0.0000   30.0000   22.5000 2837.1592    8.8595
    7.5000   30.0000   22.5000 2803.9102    8.9953
   -7.5000   37.5000   22.5000 2701.8977    9.5791
    0.0000   37.5000   22.5000 2726.6321    9.4529
    7.5000   37.5000   22.5000 2701.8584    9.5838
   -7.5000   45.0000   22.5000 2577.5632   10.3690
    0.0000   45.0000   22.5000 2593.3618   10.2547
    7.5000   45.0000   22.5000 2573.9180   10.3744
   -7.5000  -45.0000   30.0000 2189.7874   14.6151
    0.0000  -45.0000   30.0000 2208.0740   14.4916
    7.5000  -45.0000   30.0000 2187.4893   14.7279
   -7.5000  -37.5000   30.0000 2322.5635   12.8449
    0.0000  -37.5000   30.0000 2341.6753   12.7188
    7.5000  -37.5000   30.0000 2324.3069   12.9305
   -7.5000  -30.0000   30.0000 2436.5513   11.4671
    0.0000  -30.0000   30.0000 2457.5227   11.3339
    7.5000  -30.0000   30.0000 2441.7539   11.5417
   -7.5000  -22.5000   30.0000 2545.7617   10.3879
    0.0000  -22.5000   30.0000 2566.5779   10.2584
    7.5000  -22.5000   30.0000 2552.8884   10.4572
   -7.5000  -15.0000   30.0000 2657.7927    9.5844
    0.0000  -15.0000   30.0000 2677.3613    9.4506
    7.5000  -15.0000   30.0000 2659.7754    9.6461
   -7.5000   -7.5000   30.0000 2760.3643    9.0209
    0.0000   -7.5000   30.0000 2782.6294    8.9002
    7.5000   -7.5000   30.0000 2758.0667    9.0685
   -7.5000    0.0000   30.0000 2840.1357    8.6898
    0.0000    0.0000   30.0000 2868.4512    8.5817
    7.5000    0.0000   30.0000 2831.5229    8.7109
   -7.5000    7.5000   30.0000 2881.3313    8.5479
    0.0000    7.5000   30.0000 2909.5916    8.4233
    7.5000    7.5000   30.0000 2872.4319    8.5793
   -7.5000   15.0000   30.0000 2872.8674    8.6425
    0.0000   15.0000   30.0000 2898.3157    8.5316
    7.5000   15.0000   30.0000 2868.4104    8.6533
   -7.5000   22.5000   30.0000 2826.7722    8.9423
    0.0000   22.5000   30.0000 2853.7195    8.8374
    7.5000   22.5000   30.0000 2821.8071    8.9505
   -7.5000   30.0000   30.0000 2746.5771    9.3873
    0.0000   30.0000   30.0000 2771.7219    9.2733
    7.5000   30.0000   30.0000 2740.6763    9.3961
   -7.5000   37.5000   30.0000 2642.4231    9.9648
    0.0000   37.5000   30.0000 2665.3110    9.8543
    7.5000   37.5000   30.0000 2643.7969    9.9893
   -7.5000   45.0000   30.0000 2523.3145   10.7318
    0.0000   45.0000   30.0000 2538.8494   10.6164
    7.5000   45.0000   30.0000 2518.9233   10.7478
   -7.5000  -45.0000   37.5000 2137.2668   15.2142
    0.0000  -45.0000   37.5000 2154.2615   15.1051
    7.5000  -45.0000   37.5000 2138.2742   15.3775
   -7.5000  -37.5000   37.5000 2272.0767   13.3882
    0.0000  -37.5000   37.5000 2291.4746   13.2771
    7.5000  -37.5000   37.5000 2273.3857   13.5216
   -7.5000  -30.0000   37.5000 2390.6108   11.9858
    0.0000  -30.0000   37.5000 2413.5347   11.8550
    7.5000  -30.0000   37.5000 2391.9216   12.0881
   -7.5000  -22.5000   37.5000 2503.7310   10.9153
    0.0000  -22.5000   37.5000 2527.4561   10.7761
    7.5000  -22.5000   37.5000 2503.9780   10.9988
   -7.5000  -15.0000   37.5000 2612.0881   10.1021
    0.0000  -15.0000   37.5000 2635.6301    9.9668
    7.5000  -15.0000   37.5000 2607.4309   10.1772
   -7.5000   -7.5000   37.5000 2710.1660    9.5436
    0.0000   -7.5000   37.5000 2731.8284    9.4217
    7.5000   -7.5000   37.5000 2699.1182    9.5956
   -7.5000    0.0000   37.5000 2778.9641    9.1905
    0.0000    0.0000   37.5000 2803.8267    9.0628
    7.5000    0.0000   37.5000 2763.6309    9.2306
   -7.5000    7.5000   37.5000 2810.2996    9.0468
    0.0000    7.5000   37.5000 2836.7449    8.9131
    7.5000    7.5000   37.5000 2799.7659    9.0663
   -7.5000   15.0000   37.5000 2796.5217    9.1372
    0.0000   15.0000   37.5000 2817.0225    9.0207
    7.5000   15.0000   37.5000 2787.5693    9.1498
   -7.5000   22.5000   37.5000 2751.2639    9.4307
    0.0000   22.5000   37.5000 2774.3765    9.3051
    7.5000   22.5000   37.5000 2743.3738    9.4318
   -7.5000   30.0000   37.5000 2673.2239    9.8891
    0.0000   30.0000   37.5000 2696.2996    9.7508
    7.5000   30.0000   37.5000 2668.4360    9.8861
   -7.5000   37.5000   37.5000 2572.5986   10.4609
    0.0000   37.5000   37.5000 2592.2961   10.3255
    7.5000   37.5000   37.5000 2573.7905   10.4643
   -7.5000   45.0000   37.5000 2461.8511   11.2069
    0.0000   45.0000   37.5000 2477.4546   11.0874
    7.5000   45.0000   37.5000 2456.5210   11.2162
   -7.5000  -45.0000   45.0000 2086.5432   16.0382
    0.0000  -45.0000   45.0000 2098.6738   15.9504
    7.5000  -45.0000   45.0000 2081.4751   16.2181
   -7.5000  -37.5000   45.0000 2220.1401   14.1120
    0.0000  -37.5000   45.0000 2236.8625   14.0226
    7.5000  -37.5000   45.0000 2219.5073   14.2992
   -7.5000  -30.0000   45.0000 2338.8262   12.6712
    0.0000  -30.0000   45.0000 2358.6621   12.5462
    7.5000  -30.0000   45.0000 2334.7170   12.8073
   -7.5000  -22.5000   45.0000 2450.1077   11.5924
    0.0000  -22.5000   45.0000 2470.1492   11.4610
    7.5000  -22.5000   45.0000 2442.8352   11.6856
   -7.5000  -15.0000   45.0000 2556.1208   10.7622
    0.0000  -15.0000   45.0000 2573.8994   10.6495
    7.5000  -15.0000   45.0000 2541.6099   10.8612
   -7.5000   -7.5000   45.0000 2642.4963   10.1802
    0.0000   -7.5000   45.0000 2663.4260   10.0492
    7.5000   -7.5000   45.0000 2624.1301   10.2544
   -7.5000    0.0000   45.0000 2700.4124    9.8225
    0.0000    0.0000   45.0000 2722.7612    9.6923
    7.5000    0.0000   45.0000 2682.5120    9.8820
   -7.5000    7.5000   45.0000 2724.1738    9.6864
    0.0000    7.5000   45.0000 2748.2920    9.5597
    7.5000    7.5000   45.0000 2712.7493    9.7121
   -7.5000   15.0000   45.0000 2704.2002    9.7605
    0.0000   15.0000   45.0000 2724.3223    9.6561
    7.5000   15.0000   45.0000 2695.6550    9.7961
   -7.5000   22.5000   45.0000 2660.1375   10.0328
    0.0000   22.5000   45.0000 2681.1455    9.9076
    7.5000   22.5000   45.0000 2654.2405   10.0585
   -7.5000   30.0000   45.0000 2590.4204   10.4820
    0.0000   30.0000   45.0000 2610.2942   10.3484
    7.5000   30.0000   45.0000 2581.3870   10.4966
   -7.5000   37.5000   45.0000 2493.7905   11.0600
    0.0000   37.5000   45.0000 2511.0967   10.9333
    7.5000   37.5000   45.0000 2489.8813   11.0600
   -7.5000   45.0000   45.0000 2389.5784   11.7977
    0.0000   45.0000   45.0000 2402.8994   11.6893
    7.5000   45.0000   45.0000 2380.0396   11.8293

---------------------------------------------------------------------
imgreg_4dfp /opt/freesurfer/average/711-2C_as_mni_average_305 /opt/freesurfer/average/711-2B_as_mni_average_305_mask talsrcimg_g11 none talsrcimg_to_711-2C_as_mni_average_305_t4 1283
---------------------------------------------------------------------

freesurfer imgreg_4dfp.c
/opt/freesurfer/average/711-2C_as_mni_average_305.4dfp.img
       256       256       256         1
  1.000000  1.000000  1.000000
orientation T byte_order littleendian
Reading image: /opt/freesurfer/average/711-2C_as_mni_average_305.4dfp.img
dimensions:      256       256       256
mmppix:       1.0000   -1.0000   -1.0000
center:     128.0000 -129.0000 -129.0000
/opt/freesurfer/average/711-2B_as_mni_average_305_mask.4dfp.img
       256       256       256         1
  1.000000  1.000000  1.000000
orientation T byte_order littleendian
Reading mask: /opt/freesurfer/average/711-2B_as_mni_average_305_mask.4dfp.img (2306576 pixels)
talsrcimg_g11.4dfp.img
       256       256       256         1
  1.000000  1.000000  1.000000
orientation T byte_order littleendian
Reading image: talsrcimg_g11.4dfp.img
dimensions:      256       256       256
mmppix:       1.0000   -1.0000   -1.0000
center:     128.0000 -129.0000 -129.0000
rotation matrix determinant  1.000000
fimgreg.f
image alignment mode   1283 decimal      503 hex
parameters
    0.0000   15.0000    7.5000    0.0000    0.0000    0.0000
eta,q 0.95665  7.83351
niter,ni,del,rscale     5    3   12.0000    1.2000
parameter  4  1.778608 ->  0.500000 qaram    1.1500
parameter  6  0.881215 ->  0.500000 qaram    1.1500
parameters
   -0.1474   12.5855    8.0201   -3.4500    2.4406   -3.4500
eta,q 0.96357  7.80032
  0.0547  0.0446  0.0482  0.0379  0.0494  0.0368
  0.0482  0.0424  0.0446  0.0393  0.0456  0.0364
  0.0444  0.0419  0.0422  0.0405  0.0423  0.0370
  0.0431  0.0430  0.0416  0.0418  0.0396  0.0387
  0.0445  0.0458  0.0423  0.0437  0.0387  0.0415
  0.0490  0.0513  0.0439  0.0462  0.0392  0.0445
  0.0561  0.0574  0.0458  0.0489  0.0411  0.0473
niter,ni,del,rscale     6    3   12.0000    1.2000
parameter  4  0.609951 ->  0.500000 qaram    1.3225
parameters
   -1.1462   13.7148    7.2692   -7.4175    3.0416   -4.1574
eta,q 0.96720  7.79407
  0.0467  0.0473  0.0403  0.0345  0.0433  0.0391
  0.0395  0.0418  0.0366  0.0330  0.0385  0.0354
  0.0358  0.0376  0.0351  0.0335  0.0348  0.0332
  0.0364  0.0356  0.0355  0.0351  0.0330  0.0329
  0.0406  0.0358  0.0375  0.0380  0.0336  0.0344
  0.0470  0.0375  0.0396  0.0413  0.0358  0.0375
  0.0549  0.0409  0.0419  0.0453  0.0402  0.0420
niter,ni,del,rscale     6    3   12.0000    1.2000
parameters
   -1.3026   14.1552    6.6234   -7.2512    3.2096   -4.1586
eta,q 0.96759  7.80101
  0.0493  0.0451  0.0388  0.0415  0.0423  0.0404
  0.0403  0.0385  0.0348  0.0375  0.0373  0.0362
  0.0342  0.0344  0.0324  0.0340  0.0337  0.0335
  0.0328  0.0327  0.0328  0.0324  0.0324  0.0324
  0.0360  0.0339  0.0347  0.0337  0.0336  0.0333
  0.0421  0.0371  0.0374  0.0369  0.0365  0.0362
  0.0503  0.0415  0.0411  0.0408  0.0412  0.0404
niter,ni,del,rscale     5    3   12.0000    1.2000
parameters
   -1.2892   14.1149    6.6090   -7.2248    3.2144   -4.1588
eta,q 0.96760  7.80039
  0.0501  0.0430  0.0404  0.0412  0.0418  0.0403
  0.0410  0.0370  0.0360  0.0373  0.0369  0.0362
  0.0345  0.0334  0.0329  0.0338  0.0334  0.0335
  0.0324  0.0324  0.0324  0.0324  0.0324  0.0324
  0.0351  0.0342  0.0340  0.0339  0.0338  0.0333
  0.0411  0.0379  0.0364  0.0372  0.0369  0.0362
  0.0495  0.0426  0.0398  0.0411  0.0417  0.0404
registration optimization eta report
parameter search radius
    6.0000    6.0000    6.0000    7.9350    6.0000    6.9000
100000*second partial in parameter space
       47.       28.       21.       13.       26.       17.
  0.0501  0.0430  0.0404  0.0412  0.0418  0.0403
  0.0410  0.0370  0.0360  0.0373  0.0369  0.0362
  0.0345  0.0334  0.0329  0.0338  0.0334  0.0335
  0.0324  0.0324  0.0324  0.0324  0.0324  0.0324
  0.0351  0.0342  0.0340  0.0339  0.0338  0.0333
  0.0411  0.0379  0.0364  0.0372  0.0369  0.0362
  0.0495  0.0426  0.0398  0.0411  0.0417  0.0404
   -1.2892   14.1149    6.6090   -7.2248    3.2144   -4.1588
eta,q 0.96760  7.80039

---------------------------------------------------------------------
imgreg_4dfp /opt/freesurfer/average/711-2C_as_mni_average_305 /opt/freesurfer/average/711-2B_as_mni_average_305_mask talsrcimg_g11 none talsrcimg_to_711-2C_as_mni_average_305_t4 3335
---------------------------------------------------------------------

freesurfer imgreg_4dfp.c
/opt/freesurfer/average/711-2C_as_mni_average_305.4dfp.img
       256       256       256         1
  1.000000  1.000000  1.000000
orientation T byte_order littleendian
Reading image: /opt/freesurfer/average/711-2C_as_mni_average_305.4dfp.img
dimensions:      256       256       256
mmppix:       1.0000   -1.0000   -1.0000
center:     128.0000 -129.0000 -129.0000
/opt/freesurfer/average/711-2B_as_mni_average_305_mask.4dfp.img
       256       256       256         1
  1.000000  1.000000  1.000000
orientation T byte_order littleendian
Reading mask: /opt/freesurfer/average/711-2B_as_mni_average_305_mask.4dfp.img (2306576 pixels)
talsrcimg_g11.4dfp.img
       256       256       256         1
  1.000000  1.000000  1.000000
orientation T byte_order littleendian
Reading image: talsrcimg_g11.4dfp.img
dimensions:      256       256       256
mmppix:       1.0000   -1.0000   -1.0000
center:     128.0000 -129.0000 -129.0000
fimgreg.f
image alignment mode   3335 decimal      D07 hex
parameters
   -1.2892   14.1149    6.6090   -0.4202   -1.1063   -0.9500
    7.8978   -4.6360   -7.2407   12.9465    5.6072  -12.5564
eta,q 0.96845  7.83279
niter,ni,del,rscale     5    3    5.0000    1.2000
parameter  5  0.904003 ->  0.500000 qaram    1.1500
parameter 12  0.617015 ->  0.500000 qaram    1.1500
parameters
   -1.5830   14.1430    6.8902   -3.2762   -5.2463   -0.0264
    5.8604   -3.7899   -6.7592   13.0367    5.5153  -16.6964
eta,q 0.97057  7.59049
  0.0335  0.0335  0.0329  0.0317  0.0298  0.0318  0.0309  0.0336  0.0314  0.0322  0.0304  0.0297
  0.0323  0.0324  0.0322  0.0315  0.0300  0.0309  0.0302  0.0319  0.0306  0.0309  0.0301  0.0294
  0.0316  0.0318  0.0317  0.0314  0.0305  0.0303  0.0299  0.0307  0.0301  0.0302  0.0299  0.0295
  0.0316  0.0315  0.0315  0.0315  0.0314  0.0301  0.0301  0.0299  0.0299  0.0299  0.0299  0.0299
  0.0321  0.0317  0.0315  0.0320  0.0327  0.0302  0.0307  0.0300  0.0300  0.0300  0.0299  0.0304
  0.0331  0.0324  0.0318  0.0333  0.0343  0.0304  0.0316  0.0308  0.0303  0.0308  0.0301  0.0312
  0.0347  0.0334  0.0324  0.0355  0.0367  0.0312  0.0327  0.0324  0.0310  0.0321  0.0305  0.0321
niter,ni,del,rscale     6    3    5.0000    1.2000
parameters
   -1.4780   14.1457    6.6123   -3.7652   -8.5896    0.0707
    6.2864   -3.6670   -6.4047   13.8130    6.6538  -18.0034
eta,q 0.97108  7.45644
  0.0319  0.0315  0.0303  0.0303  0.0299  0.0306  0.0313  0.0321  0.0306  0.0315  0.0298  0.0300
  0.0306  0.0303  0.0298  0.0297  0.0292  0.0297  0.0302  0.0306  0.0298  0.0301  0.0295  0.0293
  0.0297  0.0296  0.0294  0.0294  0.0291  0.0292  0.0294  0.0296  0.0293  0.0293  0.0292  0.0290
  0.0294  0.0294  0.0294  0.0294  0.0294  0.0291  0.0291  0.0290  0.0290  0.0290  0.0290  0.0290
  0.0296  0.0297  0.0297  0.0294  0.0303  0.0292  0.0292  0.0293  0.0291  0.0291  0.0290  0.0294
  0.0303  0.0304  0.0301  0.0298  0.0317  0.0295  0.0298  0.0303  0.0295  0.0296  0.0291  0.0300
  0.0315  0.0314  0.0308  0.0308  0.0335  0.0306  0.0309  0.0321  0.0303  0.0306  0.0295  0.0309
niter,ni,del,rscale     5    3    5.0000    1.2000
parameters
   -1.3910   14.4867    6.4476   -4.3893   -9.2076   -0.0432
    6.3199   -3.6135   -6.7189   14.4721    6.9299  -18.5180
eta,q 0.97118  7.41363
  0.0314  0.0314  0.0299  0.0299  0.0307  0.0304  0.0309  0.0318  0.0301  0.0311  0.0295  0.0302
  0.0301  0.0301  0.0293  0.0291  0.0297  0.0295  0.0298  0.0304  0.0294  0.0298  0.0292  0.0294
  0.0292  0.0293  0.0290  0.0288  0.0290  0.0289  0.0291  0.0293  0.0290  0.0290  0.0290  0.0289
  0.0289  0.0289  0.0289  0.0289  0.0289  0.0288  0.0288  0.0288  0.0288  0.0288  0.0288  0.0288
  0.0291  0.0290  0.0291  0.0290  0.0292  0.0291  0.0290  0.0291  0.0290  0.0290  0.0289  0.0291
  0.0298  0.0294  0.0295  0.0294  0.0301  0.0295  0.0298  0.0301  0.0295  0.0295  0.0291  0.0297
  0.0310  0.0302  0.0302  0.0303  0.0314  0.0306  0.0309  0.0319  0.0304  0.0303  0.0295  0.0305
niter,ni,del,rscale     4    3    5.0000    1.2000
parameters
   -1.3215   14.7348    6.2847   -4.6703   -9.6227   -0.2202
    6.3385   -3.5078   -6.9233   14.9773    7.1616  -18.8750
eta,q 0.97123  7.38755
  0.0312  0.0310  0.0298  0.0299  0.0307  0.0304  0.0308  0.0317  0.0300  0.0308  0.0295  0.0302
  0.0299  0.0298  0.0292  0.0291  0.0297  0.0294  0.0298  0.0303  0.0294  0.0296  0.0292  0.0293
  0.0291  0.0291  0.0289  0.0288  0.0290  0.0289  0.0290  0.0293  0.0289  0.0289  0.0289  0.0289
  0.0288  0.0288  0.0288  0.0288  0.0288  0.0288  0.0288  0.0288  0.0288  0.0288  0.0288  0.0288
  0.0290  0.0289  0.0290  0.0290  0.0291  0.0291  0.0290  0.0290  0.0289  0.0289  0.0288  0.0290
  0.0297  0.0294  0.0295  0.0293  0.0299  0.0294  0.0297  0.0300  0.0294  0.0294  0.0290  0.0296
  0.0310  0.0302  0.0301  0.0300  0.0311  0.0306  0.0308  0.0317  0.0302  0.0301  0.0295  0.0303
niter,ni,del,rscale     3    3    5.0000    1.2000
parameters
   -1.2619   14.9362    6.1291   -4.9931  -10.0434   -0.4674
    6.3373   -3.4163   -7.1196   15.4526    7.3299  -19.1738
eta,q 0.97128  7.35643
  0.0311  0.0308  0.0298  0.0299  0.0305  0.0303  0.0308  0.0316  0.0300  0.0306  0.0294  0.0301
  0.0299  0.0297  0.0292  0.0291  0.0296  0.0294  0.0297  0.0302  0.0293  0.0294  0.0291  0.0293
  0.0291  0.0290  0.0288  0.0287  0.0289  0.0288  0.0290  0.0292  0.0289  0.0288  0.0289  0.0288
  0.0288  0.0288  0.0288  0.0288  0.0287  0.0287  0.0287  0.0287  0.0287  0.0287  0.0287  0.0287
  0.0290  0.0289  0.0290  0.0290  0.0290  0.0290  0.0289  0.0290  0.0289  0.0289  0.0288  0.0289
  0.0297  0.0294  0.0294  0.0293  0.0298  0.0294  0.0297  0.0300  0.0294  0.0293  0.0290  0.0295
  0.0309  0.0302  0.0301  0.0300  0.0310  0.0305  0.0308  0.0317  0.0302  0.0300  0.0294  0.0302
niter,ni,del,rscale     2    3    5.0000    1.2000
parameters
   -1.2015   15.1659    5.9669   -5.3339  -10.5729   -0.7958
    6.3198   -3.3152   -7.3373   16.0349    7.4928  -19.4963
eta,q 0.97135  7.31897
  0.0311  0.0307  0.0297  0.0299  0.0304  0.0302  0.0307  0.0316  0.0299  0.0304  0.0294  0.0300
  0.0298  0.0297  0.0291  0.0291  0.0295  0.0293  0.0296  0.0302  0.0292  0.0293  0.0290  0.0292
  0.0290  0.0290  0.0288  0.0287  0.0289  0.0287  0.0289  0.0291  0.0288  0.0288  0.0288  0.0287
  0.0287  0.0287  0.0287  0.0287  0.0287  0.0287  0.0287  0.0287  0.0286  0.0286  0.0287  0.0287
  0.0289  0.0288  0.0289  0.0290  0.0290  0.0290  0.0289  0.0289  0.0288  0.0288  0.0287  0.0289
  0.0296  0.0293  0.0293  0.0293  0.0297  0.0294  0.0296  0.0299  0.0293  0.0292  0.0289  0.0294
  0.0309  0.0301  0.0300  0.0300  0.0309  0.0305  0.0307  0.0315  0.0301  0.0298  0.0294  0.0301
niter,ni,del,rscale     1    3    5.0000    1.2000
parameters
   -1.1372   15.4771    5.7541   -5.7816  -11.3562   -1.3194
    6.2976   -3.2291   -7.5389   16.8694    7.5431  -19.8939
eta,q 0.97147  7.26389
  0.0310  0.0307  0.0296  0.0299  0.0301  0.0300  0.0306  0.0314  0.0298  0.0304  0.0292  0.0298
  0.0298  0.0296  0.0290  0.0290  0.0293  0.0291  0.0295  0.0300  0.0291  0.0293  0.0289  0.0290
  0.0290  0.0290  0.0287  0.0286  0.0287  0.0286  0.0288  0.0290  0.0287  0.0287  0.0287  0.0286
  0.0286  0.0286  0.0286  0.0286  0.0286  0.0286  0.0285  0.0285  0.0285  0.0285  0.0285  0.0285
  0.0288  0.0287  0.0288  0.0289  0.0289  0.0290  0.0288  0.0288  0.0287  0.0286  0.0286  0.0287
  0.0296  0.0291  0.0293  0.0294  0.0297  0.0294  0.0295  0.0298  0.0292  0.0290  0.0288  0.0293
  0.0308  0.0298  0.0300  0.0300  0.0308  0.0305  0.0306  0.0314  0.0300  0.0296  0.0293  0.0300
registration optimization eta report
parameter search radius
    2.4000    2.4000    2.4000    7.2000    8.2800    7.2000
    7.2000    7.2000    7.2000    7.2000    7.2000    8.2800
100000*second partial in parameter space
       39.       28.       20.        3.        3.        3.
        4.        6.        3.        3.        1.        2.
  0.0310  0.0307  0.0296  0.0299  0.0301  0.0300  0.0306  0.0314  0.0298  0.0304  0.0292  0.0298
  0.0298  0.0296  0.0290  0.0290  0.0293  0.0291  0.0295  0.0300  0.0291  0.0293  0.0289  0.0290
  0.0290  0.0290  0.0287  0.0286  0.0287  0.0286  0.0288  0.0290  0.0287  0.0287  0.0287  0.0286
  0.0286  0.0286  0.0286  0.0286  0.0286  0.0286  0.0285  0.0285  0.0285  0.0285  0.0285  0.0285
  0.0288  0.0287  0.0288  0.0289  0.0289  0.0290  0.0288  0.0288  0.0287  0.0286  0.0286  0.0287
  0.0296  0.0291  0.0293  0.0294  0.0297  0.0294  0.0295  0.0298  0.0292  0.0290  0.0288  0.0293
  0.0308  0.0298  0.0300  0.0300  0.0308  0.0305  0.0306  0.0314  0.0300  0.0296  0.0293  0.0300
   -1.1372   15.4771    5.7541   -5.7816  -11.3562   -1.3194
    6.2976   -3.2291   -7.5389   16.8694    7.5431  -19.8939
eta,q 0.97147  7.26389

---------------------------------------------------------------------
imgreg_4dfp /opt/freesurfer/average/711-2C_as_mni_average_305 /opt/freesurfer/average/711-2B_as_mni_average_305_mask talsrcimg_g11 none talsrcimg_to_711-2C_as_mni_average_305_t4 2311
---------------------------------------------------------------------

freesurfer imgreg_4dfp.c
/opt/freesurfer/average/711-2C_as_mni_average_305.4dfp.img
       256       256       256         1
  1.000000  1.000000  1.000000
orientation T byte_order littleendian
Reading image: /opt/freesurfer/average/711-2C_as_mni_average_305.4dfp.img
dimensions:      256       256       256
mmppix:       1.0000   -1.0000   -1.0000
center:     128.0000 -129.0000 -129.0000
/opt/freesurfer/average/711-2B_as_mni_average_305_mask.4dfp.img
       256       256       256         1
  1.000000  1.000000  1.000000
orientation T byte_order littleendian
Reading mask: /opt/freesurfer/average/711-2B_as_mni_average_305_mask.4dfp.img (2306576 pixels)
talsrcimg_g11.4dfp.img
       256       256       256         1
  1.000000  1.000000  1.000000
orientation T byte_order littleendian
Reading image: talsrcimg_g11.4dfp.img
dimensions:      256       256       256
mmppix:       1.0000   -1.0000   -1.0000
center:     128.0000 -129.0000 -129.0000
fimgreg.f
image alignment mode   2311 decimal      907 hex
parameters
   -1.1372   15.4771    5.7541   -5.7816  -11.3562   -1.3194
    6.2976   -3.2291   -7.5389   16.8694    7.5431  -19.8939
eta,q 0.97147  7.26389
niter,ni,del,rscale     5    3    5.0000    0.8000
parameters
   -1.0718   15.9531    5.4420   -6.8531  -12.3881   -2.3488
    6.3021   -3.1453   -7.6291   17.9335    7.1229  -20.5557
eta,q 0.97174  7.16204
  0.0296  0.0297  0.0288  0.0289  0.0288  0.0288  0.0293  0.0297  0.0290  0.0293  0.0285  0.0286
  0.0290  0.0291  0.0286  0.0285  0.0285  0.0285  0.0287  0.0290  0.0286  0.0288  0.0284  0.0284
  0.0287  0.0288  0.0285  0.0284  0.0284  0.0283  0.0284  0.0285  0.0284  0.0285  0.0283  0.0283
  0.0285  0.0285  0.0285  0.0284  0.0284  0.0283  0.0283  0.0283  0.0283  0.0283  0.0283  0.0283
  0.0286  0.0285  0.0286  0.0287  0.0285  0.0286  0.0284  0.0284  0.0284  0.0283  0.0283  0.0283
  0.0289  0.0286  0.0288  0.0290  0.0289  0.0290  0.0287  0.0289  0.0286  0.0284  0.0285  0.0285
  0.0295  0.0288  0.0292  0.0293  0.0293  0.0294  0.0293  0.0296  0.0290  0.0287  0.0287  0.0288
niter,ni,del,rscale     4    3    5.0000    0.7000
parameters
   -1.0429   16.6120    4.9310   -7.4676  -13.7471   -3.3025
    6.2652   -3.1868   -7.4272   19.3095    6.2717  -21.3844
eta,q 0.97211  7.07277
  0.0291  0.0293  0.0282  0.0286  0.0282  0.0284  0.0287  0.0290  0.0286  0.0291  0.0281  0.0281
  0.0286  0.0289  0.0281  0.0282  0.0281  0.0281  0.0283  0.0284  0.0283  0.0286  0.0280  0.0279
  0.0284  0.0285  0.0281  0.0281  0.0280  0.0280  0.0281  0.0281  0.0281  0.0282  0.0279  0.0279
  0.0283  0.0283  0.0281  0.0281  0.0280  0.0280  0.0280  0.0280  0.0280  0.0280  0.0279  0.0279
  0.0283  0.0281  0.0283  0.0282  0.0282  0.0282  0.0281  0.0281  0.0280  0.0279  0.0280  0.0280
  0.0286  0.0282  0.0285  0.0285  0.0285  0.0286  0.0283  0.0285  0.0282  0.0280  0.0281  0.0281
  0.0290  0.0283  0.0288  0.0289  0.0289  0.0290  0.0287  0.0290  0.0285  0.0282  0.0283  0.0283
niter,ni,del,rscale     3    3    5.0000    0.6000
parameter  2 -0.504520 -> -0.500000 qaram    1.1500
parameters
   -1.0417   17.3020    4.3578   -7.9054  -14.7907   -4.1380
    6.2061   -3.1731   -7.1883   20.3528    5.9227  -22.2636
eta,q 0.97239  7.00702
  0.0285  0.0287  0.0278  0.0281  0.0279  0.0280  0.0282  0.0285  0.0282  0.0286  0.0278  0.0277
  0.0282  0.0284  0.0277  0.0279  0.0277  0.0278  0.0279  0.0280  0.0279  0.0281  0.0277  0.0276
  0.0280  0.0281  0.0277  0.0277  0.0277  0.0277  0.0277  0.0277  0.0277  0.0278  0.0276  0.0276
  0.0279  0.0279  0.0278  0.0277  0.0277  0.0277  0.0277  0.0277  0.0277  0.0277  0.0276  0.0276
  0.0280  0.0278  0.0279  0.0278  0.0278  0.0278  0.0277  0.0278  0.0277  0.0276  0.0276  0.0277
  0.0282  0.0278  0.0280  0.0281  0.0280  0.0281  0.0279  0.0280  0.0278  0.0277  0.0277  0.0278
  0.0285  0.0279  0.0282  0.0284  0.0283  0.0285  0.0282  0.0285  0.0281  0.0279  0.0278  0.0279
niter,ni,del,rscale     3    3    5.0000    0.6000
parameters
   -0.9987   17.6044    3.9388   -8.0086  -15.1733   -4.5829
    6.0967   -3.0898   -7.1497   20.9197    5.8695  -22.6403
eta,q 0.97248  6.98409
  0.0282  0.0284  0.0276  0.0281  0.0278  0.0280  0.0280  0.0284  0.0280  0.0283  0.0277  0.0277
  0.0279  0.0280  0.0276  0.0278  0.0277  0.0277  0.0278  0.0279  0.0278  0.0279  0.0276  0.0276
  0.0277  0.0278  0.0275  0.0276  0.0276  0.0276  0.0276  0.0276  0.0276  0.0277  0.0275  0.0275
  0.0276  0.0276  0.0276  0.0275  0.0275  0.0275  0.0275  0.0275  0.0275  0.0275  0.0275  0.0275
  0.0277  0.0276  0.0277  0.0276  0.0276  0.0277  0.0276  0.0276  0.0276  0.0276  0.0275  0.0276
  0.0278  0.0277  0.0278  0.0278  0.0278  0.0279  0.0278  0.0279  0.0278  0.0277  0.0276  0.0276
  0.0282  0.0279  0.0280  0.0281  0.0280  0.0282  0.0281  0.0283  0.0280  0.0279  0.0277  0.0277
niter,ni,del,rscale     2    3    5.0000    0.5000
parameters
   -0.9500   17.7742    3.7379   -8.0561  -15.3343   -4.8127
    6.0464   -3.0287   -7.1988   21.1735    5.8649  -22.7427
eta,q 0.97249  6.97363
  0.0280  0.0280  0.0276  0.0279  0.0277  0.0278  0.0279  0.0281  0.0278  0.0280  0.0276  0.0276
  0.0277  0.0278  0.0275  0.0277  0.0276  0.0276  0.0277  0.0278  0.0276  0.0277  0.0276  0.0276
  0.0276  0.0276  0.0275  0.0276  0.0275  0.0275  0.0275  0.0276  0.0275  0.0276  0.0275  0.0275
  0.0275  0.0275  0.0275  0.0275  0.0275  0.0275  0.0275  0.0275  0.0275  0.0275  0.0275  0.0275
  0.0276  0.0275  0.0276  0.0276  0.0275  0.0276  0.0276  0.0276  0.0275  0.0275  0.0275  0.0275
  0.0277  0.0276  0.0276  0.0277  0.0276  0.0277  0.0277  0.0278  0.0277  0.0277  0.0276  0.0276
  0.0279  0.0278  0.0277  0.0279  0.0278  0.0280  0.0279  0.0281  0.0278  0.0278  0.0276  0.0276
niter,ni,del,rscale     1    3    5.0000    0.4000
parameters
   -0.9178   17.8536    3.6340   -8.0744  -15.4266   -4.9401
    6.0037   -3.0038   -7.2390   21.2752    5.9147  -22.7695
eta,q 0.97250  6.96764
  0.0278  0.0278  0.0276  0.0278  0.0276  0.0277  0.0277  0.0279  0.0277  0.0278  0.0276  0.0276
  0.0276  0.0276  0.0275  0.0276  0.0276  0.0276  0.0276  0.0277  0.0276  0.0276  0.0275  0.0275
  0.0275  0.0275  0.0275  0.0275  0.0275  0.0275  0.0275  0.0275  0.0275  0.0275  0.0275  0.0275
  0.0275  0.0275  0.0275  0.0275  0.0275  0.0275  0.0275  0.0275  0.0275  0.0275  0.0275  0.0275
  0.0275  0.0275  0.0275  0.0275  0.0275  0.0275  0.0275  0.0275  0.0275  0.0275  0.0275  0.0275
  0.0276  0.0276  0.0276  0.0276  0.0276  0.0276  0.0276  0.0277  0.0276  0.0276  0.0275  0.0275
  0.0277  0.0277  0.0276  0.0278  0.0277  0.0278  0.0277  0.0279  0.0277  0.0277  0.0276  0.0276
registration optimization eta report
parameter search radius
    0.8000    0.9200    0.8000    2.4000    2.4000    2.4000
    2.4000    2.4000    2.4000    2.4000    2.4000    2.4000
100000*second partial in parameter space
       41.       30.       17.        5.        3.        5.
        4.        7.        4.        5.        1.        2.
  0.0278  0.0278  0.0276  0.0278  0.0276  0.0277  0.0277  0.0279  0.0277  0.0278  0.0276  0.0276
  0.0276  0.0276  0.0275  0.0276  0.0276  0.0276  0.0276  0.0277  0.0276  0.0276  0.0275  0.0275
  0.0275  0.0275  0.0275  0.0275  0.0275  0.0275  0.0275  0.0275  0.0275  0.0275  0.0275  0.0275
  0.0275  0.0275  0.0275  0.0275  0.0275  0.0275  0.0275  0.0275  0.0275  0.0275  0.0275  0.0275
  0.0275  0.0275  0.0275  0.0275  0.0275  0.0275  0.0275  0.0275  0.0275  0.0275  0.0275  0.0275
  0.0276  0.0276  0.0276  0.0276  0.0276  0.0276  0.0276  0.0277  0.0276  0.0276  0.0275  0.0275
  0.0277  0.0277  0.0276  0.0278  0.0277  0.0278  0.0277  0.0279  0.0277  0.0277  0.0276  0.0276
   -0.9178   17.8536    3.6340   -8.0744  -15.4266   -4.9401
    6.0037   -3.0038   -7.2390   21.2752    5.9147  -22.7695
eta,q 0.97250  6.96764

---------------------------------------------------------------------
imgreg_4dfp /opt/freesurfer/average/711-2C_as_mni_average_305 /opt/freesurfer/average/711-2B_as_mni_average_305_mask talsrcimg_g11 none talsrcimg_to_711-2C_as_mni_average_305_t4 2311
---------------------------------------------------------------------

freesurfer imgreg_4dfp.c
/opt/freesurfer/average/711-2C_as_mni_average_305.4dfp.img
       256       256       256         1
  1.000000  1.000000  1.000000
orientation T byte_order littleendian
Reading image: /opt/freesurfer/average/711-2C_as_mni_average_305.4dfp.img
dimensions:      256       256       256
mmppix:       1.0000   -1.0000   -1.0000
center:     128.0000 -129.0000 -129.0000
/opt/freesurfer/average/711-2B_as_mni_average_305_mask.4dfp.img
       256       256       256         1
  1.000000  1.000000  1.000000
orientation T byte_order littleendian
Reading mask: /opt/freesurfer/average/711-2B_as_mni_average_305_mask.4dfp.img (2306576 pixels)
talsrcimg_g11.4dfp.img
       256       256       256         1
  1.000000  1.000000  1.000000
orientation T byte_order littleendian
Reading image: talsrcimg_g11.4dfp.img
dimensions:      256       256       256
mmppix:       1.0000   -1.0000   -1.0000
center:     128.0000 -129.0000 -129.0000
fimgreg.f
image alignment mode   2311 decimal      907 hex
parameters
   -0.9178   17.8536    3.6340   -8.0744  -15.4266   -4.9401
    6.0037   -3.0038   -7.2390   21.2752    5.9147  -22.7695
eta,q 0.97250  6.96763
niter,ni,del,rscale     5    3    5.0000    0.8000
parameters
   -0.9020   17.8974    3.6131   -8.0682  -15.6765   -4.9128
    6.0046   -2.9408   -7.2252   21.4869    5.8159  -22.8095
eta,q 0.97250  6.96234
  0.0286  0.0283  0.0279  0.0285  0.0280  0.0285  0.0285  0.0290  0.0284  0.0286  0.0278  0.0278
  0.0280  0.0279  0.0277  0.0280  0.0277  0.0279  0.0279  0.0282  0.0279  0.0280  0.0276  0.0276
  0.0276  0.0276  0.0275  0.0276  0.0276  0.0276  0.0276  0.0277  0.0276  0.0276  0.0275  0.0275
  0.0275  0.0275  0.0275  0.0275  0.0275  0.0275  0.0275  0.0275  0.0275  0.0275  0.0275  0.0275
  0.0276  0.0276  0.0276  0.0276  0.0276  0.0276  0.0276  0.0277  0.0276  0.0276  0.0275  0.0275
  0.0279  0.0278  0.0277  0.0280  0.0278  0.0280  0.0279  0.0281  0.0279  0.0279  0.0277  0.0277
  0.0285  0.0282  0.0279  0.0285  0.0282  0.0284  0.0284  0.0289  0.0283  0.0284  0.0279  0.0278
niter,ni,del,rscale     4    3    5.0000    0.7000
parameters
   -0.8905   17.9529    3.5959   -8.0967  -15.7219   -4.9539
    5.9601   -2.9178   -7.2349   21.5258    5.8103  -22.8444
eta,q 0.97250  6.95939
  0.0283  0.0281  0.0278  0.0282  0.0280  0.0282  0.0282  0.0286  0.0282  0.0283  0.0278  0.0277
  0.0279  0.0278  0.0276  0.0278  0.0277  0.0278  0.0278  0.0280  0.0278  0.0279  0.0276  0.0276
  0.0276  0.0276  0.0275  0.0276  0.0276  0.0276  0.0276  0.0276  0.0276  0.0276  0.0275  0.0275
  0.0275  0.0275  0.0275  0.0275  0.0275  0.0275  0.0275  0.0275  0.0275  0.0275  0.0275  0.0275
  0.0276  0.0275  0.0275  0.0276  0.0275  0.0276  0.0276  0.0276  0.0276  0.0276  0.0275  0.0275
  0.0278  0.0277  0.0277  0.0279  0.0277  0.0279  0.0278  0.0280  0.0278  0.0279  0.0276  0.0276
  0.0283  0.0280  0.0278  0.0283  0.0280  0.0282  0.0282  0.0286  0.0282  0.0283  0.0278  0.0277
niter,ni,del,rscale     3    3    5.0000    0.6000
parameters
   -0.8767   17.9691    3.5696   -8.1029  -15.7096   -5.0136
    5.9383   -2.9088   -7.2462   21.5164    5.8334  -22.8553
eta,q 0.97250  6.95797
  0.0281  0.0279  0.0277  0.0281  0.0278  0.0280  0.0280  0.0283  0.0280  0.0281  0.0277  0.0277
  0.0278  0.0277  0.0276  0.0278  0.0277  0.0278  0.0277  0.0279  0.0277  0.0278  0.0276  0.0276
  0.0276  0.0275  0.0275  0.0276  0.0275  0.0276  0.0276  0.0276  0.0275  0.0276  0.0275  0.0275
  0.0275  0.0275  0.0275  0.0275  0.0275  0.0275  0.0275  0.0275  0.0275  0.0275  0.0275  0.0275
  0.0276  0.0275  0.0275  0.0276  0.0275  0.0276  0.0276  0.0276  0.0276  0.0276  0.0275  0.0275
  0.0277  0.0277  0.0276  0.0278  0.0276  0.0278  0.0277  0.0279  0.0277  0.0278  0.0276  0.0276
  0.0281  0.0279  0.0277  0.0281  0.0279  0.0281  0.0280  0.0283  0.0280  0.0281  0.0277  0.0277
niter,ni,del,rscale     2    3    5.0000    0.5000
parameters
   -0.8675   17.9721    3.5380   -8.0978  -15.6719   -5.0572
    5.9274   -2.9154   -7.2589   21.4805    5.8176  -22.7949
eta,q 0.97250  6.95746
  0.0279  0.0278  0.0277  0.0279  0.0277  0.0279  0.0279  0.0281  0.0278  0.0279  0.0276  0.0276
  0.0277  0.0276  0.0276  0.0277  0.0276  0.0277  0.0277  0.0278  0.0276  0.0277  0.0276  0.0276
  0.0275  0.0275  0.0275  0.0275  0.0275  0.0275  0.0275  0.0276  0.0275  0.0275  0.0275  0.0275
  0.0275  0.0275  0.0275  0.0275  0.0275  0.0275  0.0275  0.0275  0.0275  0.0275  0.0275  0.0275
  0.0275  0.0275  0.0275  0.0275  0.0275  0.0275  0.0275  0.0276  0.0275  0.0276  0.0275  0.0275
  0.0277  0.0276  0.0276  0.0277  0.0276  0.0277  0.0277  0.0278  0.0277  0.0277  0.0276  0.0276
  0.0279  0.0278  0.0277  0.0279  0.0277  0.0279  0.0279  0.0281  0.0278  0.0279  0.0276  0.0276
niter,ni,del,rscale     1    3    5.0000    0.4000
parameters
   -0.8597   17.9590    3.5220   -8.0937  -15.5851   -5.0877
    5.9222   -2.9240   -7.2674   21.4251    5.8631  -22.8012
eta,q 0.97250  6.95920
  0.0278  0.0277  0.0276  0.0278  0.0277  0.0278  0.0277  0.0279  0.0277  0.0278  0.0276  0.0276
  0.0276  0.0276  0.0275  0.0276  0.0276  0.0276  0.0276  0.0277  0.0276  0.0276  0.0275  0.0275
  0.0275  0.0275  0.0275  0.0275  0.0275  0.0275  0.0275  0.0275  0.0275  0.0275  0.0275  0.0275
  0.0275  0.0275  0.0275  0.0275  0.0275  0.0275  0.0275  0.0275  0.0275  0.0275  0.0275  0.0275
  0.0275  0.0275  0.0275  0.0275  0.0275  0.0275  0.0275  0.0275  0.0275  0.0275  0.0275  0.0275
  0.0276  0.0276  0.0275  0.0276  0.0276  0.0276  0.0276  0.0277  0.0276  0.0276  0.0275  0.0275
  0.0278  0.0277  0.0276  0.0278  0.0276  0.0278  0.0277  0.0279  0.0277  0.0278  0.0276  0.0276
registration optimization eta report
parameter search radius
    0.8000    0.8000    0.8000    2.4000    2.4000    2.4000
    2.4000    2.4000    2.4000    2.4000    2.4000    2.4000
100000*second partial in parameter space
       40.       29.       17.        5.        3.        5.
        4.        7.        4.        5.        2.        1.
  0.0278  0.0277  0.0276  0.0278  0.0277  0.0278  0.0277  0.0279  0.0277  0.0278  0.0276  0.0276
  0.0276  0.0276  0.0275  0.0276  0.0276  0.0276  0.0276  0.0277  0.0276  0.0276  0.0275  0.0275
  0.0275  0.0275  0.0275  0.0275  0.0275  0.0275  0.0275  0.0275  0.0275  0.0275  0.0275  0.0275
  0.0275  0.0275  0.0275  0.0275  0.0275  0.0275  0.0275  0.0275  0.0275  0.0275  0.0275  0.0275
  0.0275  0.0275  0.0275  0.0275  0.0275  0.0275  0.0275  0.0275  0.0275  0.0275  0.0275  0.0275
  0.0276  0.0276  0.0275  0.0276  0.0276  0.0276  0.0276  0.0277  0.0276  0.0276  0.0275  0.0275
  0.0278  0.0277  0.0276  0.0278  0.0276  0.0278  0.0277  0.0279  0.0277  0.0278  0.0276  0.0276
   -0.8597   17.9590    3.5220   -8.0937  -15.5851   -5.0877
    5.9222   -2.9240   -7.2674   21.4251    5.8631  -22.8012
eta,q 0.97250  6.95920

---------------------------------------------------------------------
compute_vox2vox talsrcimg talsrcimg_to_711-2C_as_mni_average_305_t4 /opt/freesurfer/average/711-2C_as_mni_average_305
---------------------------------------------------------------------

freesurfer compute_vox2vox.c
Reading: talsrcimg.4dfp.ifh
Reading: talsrcimg_to_711-2C_as_mni_average_305_t4
Reading: /opt/freesurfer/average/711-2C_as_mni_average_305.4dfp.ifh
Writing: talsrcimg_to_711-2C_as_mni_average_305_t4_vox2vox.txt

start time Mon Mar 9 01:35:44 CET 2026
end		time Mon Mar 9 01:37:11 CET 2026

mpr2mni305 success

avi2talxfm orig_nu.mgz /opt/freesurfer/average/mni305.cor.mgz talsrcimg_to_711-2C_as_mni_average_305_t4_vox2vox.txt transforms/talairach.auto.xfm
avi2talxfm done
mv -f /out/sourcedata/freesurfer/sub-v1s17x0050246_ses-1/mri/talsrcimg_to_711-2C_as_mni_average_305_t4_vox2vox.txt /out/sourcedata/freesurfer/sub-v1s17x0050246_ses-1/mri/transforms/talsrcimg_to_711-2C_as_mni_average_305_t4_vox2vox.txt
lta_convert --src orig_nu.mgz --trg /opt/freesurfer/average/mni305.cor.mgz --inxfm transforms/talairach.auto.xfm --outlta transforms/talairach.auto.xfm.lta --subject fsaverage
7.3.2

--src: orig_nu.mgz src image (geometry).
--trg: /opt/freesurfer/average/mni305.cor.mgz trg image (geometry).
--inmni: transforms/talairach.auto.xfm input MNI/XFM transform.
--outlta: transforms/talairach.auto.xfm.lta output LTA.
--s: fsaverage subject name
 LTA read, type : 1
 1.08006   0.04748  -0.06295   0.46675;
-0.04183   0.99121   0.27067   1.05811;
 0.10360  -0.24749   1.11051  -8.45549;
 0.00000   0.00000   0.00000   1.00000;
setting subject to fsaverage
Writing  LTA to file transforms/talairach.auto.xfm.lta...
lta_convert successful.
 
 
Started at Mon Mar 9 01:35:43 CET 2026
Ended   at Mon Mar  9 01:37:11 CET 2026
talairach_avi done
