status file for recon-all
Mon Mar  9 04:16:51 CET 2026
#@# Tessellate rh Mon Mar  9 04:16:51 CET 2026
#@# Smooth1 rh Mon Mar  9 04:16:55 CET 2026
#@# Inflation1 rh Mon Mar  9 04:16:58 CET 2026
#@# QSphere rh Mon Mar  9 04:17:12 CET 2026
#@# Fix Topology rh Mon Mar  9 04:18:20 CET 2026
#@# Smooth2 rh Mon Mar  9 04:25:59 CET 2026
#@# Inflation2 rh Mon Mar  9 04:26:02 CET 2026
#@# Curv .H and .K rh Mon Mar  9 04:26:18 CET 2026
#@# Sphere rh Mon Mar  9 04:27:10 CET 2026
#@# Surf Reg rh Mon Mar  9 04:31:06 CET 2026
#@# Jacobian white rh Mon Mar  9 04:35:41 CET 2026
#@# AvgCurv rh Mon Mar  9 04:35:42 CET 2026
#@# Cortical Parc rh Mon Mar  9 04:35:43 CET 2026
#@# white curv rh Mon Mar  9 04:42:20 CET 2026
#@# white area rh Mon Mar  9 04:42:22 CET 2026
#@# pial curv rh Mon Mar  9 04:42:23 CET 2026
#@# pial area rh Mon Mar  9 04:42:25 CET 2026
#@# thickness rh Mon Mar  9 04:42:26 CET 2026
#@# area and vertex vol rh Mon Mar  9 04:42:59 CET 2026
#@# Curvature Stats rh Mon Mar  9 04:43:00 CET 2026
#@# Cortical Parc 2 rh Mon Mar  9 04:43:03 CET 2026
#@# Cortical Parc 3 rh Mon Mar  9 04:43:18 CET 2026
#@# WM/GM Contrast rh Mon Mar  9 04:43:29 CET 2026
recon-all -s sub-v1s17x0050253_ses-1 finished without error at Mon Mar  9 04:43:32 CET 2026



#New# invocation of recon-all 



status file for recon-all
Mon Mar  9 04:52:42 CET 2026
#@# white curv rh Mon Mar  9 04:52:42 CET 2026
#@# white area rh Mon Mar  9 04:52:42 CET 2026
#@# pial curv rh Mon Mar  9 04:52:42 CET 2026
#@# pial area rh Mon Mar  9 04:52:42 CET 2026
#@# thickness rh Mon Mar  9 04:52:42 CET 2026
#@# area and vertex vol rh Mon Mar  9 04:52:42 CET 2026
#@# Parcellation Stats rh Mon Mar  9 04:52:42 CET 2026
#@# Parcellation Stats 2 rh Mon Mar  9 04:53:04 CET 2026
#@# Parcellation Stats 3 rh Mon Mar  9 04:53:15 CET 2026
#@# BA_exvivo Labels rh Mon Mar  9 04:53:27 CET 2026
recon-all -s sub-v1s17x0050253_ses-1 finished without error at Mon Mar  9 04:56:09 CET 2026
