status file for recon-all
Mon Mar  9 02:00:44 CET 2026
#@# MotionCor Mon Mar  9 02:00:46 CET 2026
#@# Talairach Mon Mar  9 02:00:53 CET 2026
#@# Talairach Failure Detection Mon Mar  9 02:05:33 CET 2026
#@# Nu Intensity Correction Mon Mar  9 02:05:33 CET 2026
#@# Intensity Normalization Mon Mar  9 02:08:51 CET 2026
recon-all -s sub-v1s17x0050253_ses-1 finished without error at Mon Mar  9 02:10:20 CET 2026



#New# invocation of recon-all 



status file for recon-all
Mon Mar  9 02:18:11 CET 2026
#@# EM Registration Mon Mar  9 02:18:11 CET 2026
recon-all -s sub-v1s17x0050253_ses-1 finished without error at Mon Mar  9 02:20:16 CET 2026



#New# invocation of recon-all 



status file for recon-all
Mon Mar  9 02:20:19 CET 2026
#@# CA Normalize Mon Mar  9 02:20:19 CET 2026
#@# CA Reg Mon Mar  9 02:21:41 CET 2026
#@# SubCort Seg Mon Mar  9 03:14:28 CET 2026
#@# CC Seg Mon Mar  9 03:44:53 CET 2026
#@# Merge ASeg Mon Mar  9 03:45:32 CET 2026
#@# Intensity Normalization2 Mon Mar  9 03:45:32 CET 2026
#@# Mask BFS Mon Mar  9 03:47:49 CET 2026
#@# WM Segmentation Mon Mar  9 03:47:50 CET 2026
#@# Fill Mon Mar  9 03:49:53 CET 2026
recon-all -s sub-v1s17x0050253_ses-1 finished without error at Mon Mar  9 03:50:55 CET 2026



#New# invocation of recon-all 



status file for recon-all
Mon Mar  9 04:43:37 CET 2026
#@# white curv lh Mon Mar  9 04:43:37 CET 2026
#@# white area lh Mon Mar  9 04:43:37 CET 2026
#@# pial curv lh Mon Mar  9 04:43:37 CET 2026
#@# pial area lh Mon Mar  9 04:43:37 CET 2026
#@# thickness lh Mon Mar  9 04:43:37 CET 2026
#@# area and vertex vol lh Mon Mar  9 04:43:37 CET 2026
#@# white curv rh Mon Mar  9 04:43:37 CET 2026
#@# white area rh Mon Mar  9 04:43:37 CET 2026
#@# pial curv rh Mon Mar  9 04:43:37 CET 2026
#@# pial area rh Mon Mar  9 04:43:37 CET 2026
#@# thickness rh Mon Mar  9 04:43:37 CET 2026
#@# area and vertex vol rh Mon Mar  9 04:43:37 CET 2026
#@# Cortical ribbon mask Mon Mar  9 04:43:37 CET 2026
recon-all -s sub-v1s17x0050253_ses-1 finished without error at Mon Mar  9 04:49:03 CET 2026



#New# invocation of recon-all 



status file for recon-all
Mon Mar  9 04:56:13 CET 2026
#@# white curv lh Mon Mar  9 04:56:13 CET 2026
#@# white area lh Mon Mar  9 04:56:13 CET 2026
#@# pial curv lh Mon Mar  9 04:56:13 CET 2026
#@# pial area lh Mon Mar  9 04:56:13 CET 2026
#@# thickness lh Mon Mar  9 04:56:13 CET 2026
#@# area and vertex vol lh Mon Mar  9 04:56:14 CET 2026
#@# white curv rh Mon Mar  9 04:56:14 CET 2026
#@# white area rh Mon Mar  9 04:56:14 CET 2026
#@# pial curv rh Mon Mar  9 04:56:14 CET 2026
#@# pial area rh Mon Mar  9 04:56:14 CET 2026
#@# thickness rh Mon Mar  9 04:56:14 CET 2026
#@# area and vertex vol rh Mon Mar  9 04:56:14 CET 2026
#@# Curvature Stats lh Mon Mar  9 04:56:14 CET 2026
#@# Curvature Stats rh Mon Mar  9 04:56:16 CET 2026
#@# Relabel Hypointensities Mon Mar  9 04:56:19 CET 2026
#@# APas-to-ASeg Mon Mar  9 04:56:36 CET 2026
#@# AParc-to-ASeg aparc Mon Mar  9 04:56:44 CET 2026
#@# AParc-to-ASeg aparc.a2009s Mon Mar  9 04:57:45 CET 2026
#@# AParc-to-ASeg aparc.DKTatlas Mon Mar  9 04:58:34 CET 2026
#@# WMParc Mon Mar  9 04:59:23 CET 2026
#@# ASeg Stats Mon Mar  9 05:03:07 CET 2026
recon-all -s sub-v1s17x0050253_ses-1 finished without error at Mon Mar  9 05:03:48 CET 2026
