/out/sourcedata/freesurfer/sub-v1s17x0050243_ses-1/mri
/opt/freesurfer/bin/talairach_avi
--i orig_nu.mgz --xfm transforms/talairach.auto.xfm
talairach_avi 7.3.2
Linux dna028 5.14.0-427.37.1.el9_4.x86_64 #1 SMP PREEMPT_DYNAMIC Fri Sep 13 12:41:50 EDT 2024 x86_64 x86_64 x86_64 GNU/Linux
Mon Mar  9 01:18:44 CET 2026
mri_convert orig_nu.mgz talsrcimg.img 
reading from orig_nu.mgz...
TR=0.00, TE=0.00, TI=0.00, flip angle=0.00
i_ras = (-1, 2.14914e-09, 1.86265e-09)
j_ras = (-1.86265e-09, 0, -1)
k_ras = (1.57615e-09, 1, -1.16415e-10)
writing to talsrcimg.img...
Analyze Output Matrix
-1.00000  -0.00000   0.00000   130.54245;
 0.00000   0.00000   1.00000  -128.50513;
 0.00000  -1.00000  -0.00000   114.19193;
 0.00000   0.00000   0.00000   1.00000;
--------------------
INFO: set hdr.hist.orient to -1
mpr2mni305 talsrcimg
Mon Mar  9 01:18:44 CET 2026
/opt/freesurfer/bin/mpr2mni305 talsrcimg
mpr2mni305 7.3.2
target=711-2C_as_mni_average_305

---------------------------------------------------------------------
analyzeto4dfp talsrcimg -O0 -y
---------------------------------------------------------------------

freesurfer ifh2hdr.c
Mon Mar  9 01:18:44 2026
Writing: talsrcimg.4dfp.hdr
freesurfer analyzeto4dfp.c
Reading: talsrcimg.hdr
header size 348 bytes
hdr.dime.datatype	offset=70	value=2
hdr.dime.bitpix		offset=72	value=8
hdr.hist.orient		offset=252	value=-1
dimensionality     4
dimensions       256       256       256         1
Reading: talsrcimg.img
Writing: talsrcimg.4dfp.img
Writing: talsrcimg.4dfp.ifh
ifh2hdr talsrcimg -r0to255
ori=2

---------------------------------------------------------------------
gauss_4dfp talsrcimg 1.1
---------------------------------------------------------------------

freesurfer gauss_4dfp.c
Reading: talsrcimg.4dfp.img
Writing: talsrcimg_g11.4dfp.img
image dimensions 256 256 256 padded to 288 288 288
processing volume 1freesurfer ifh2hdr.c
Mon Mar  9 01:18:46 2026
Writing: talsrcimg_g11.4dfp.hdr

Writing: talsrcimg_g11.4dfp.ifh
including: talsrcimg.4dfp.img.rec in talsrcimg_g11.4dfp.img.rec

---------------------------------------------------------------------
imgreg_4dfp /opt/freesurfer/average/711-2C_as_mni_average_305 none talsrcimg_g11 none talsrcimg_to_711-2C_as_mni_average_305_t4 4355
---------------------------------------------------------------------

freesurfer imgreg_4dfp.c
/opt/freesurfer/average/711-2C_as_mni_average_305.4dfp.img
       256       256       256         1
  1.000000  1.000000  1.000000
orientation T byte_order littleendian
Reading image: /opt/freesurfer/average/711-2C_as_mni_average_305.4dfp.img
dimensions:      256       256       256
mmppix:       1.0000   -1.0000   -1.0000
center:     128.0000 -129.0000 -129.0000
talsrcimg_g11.4dfp.img
       256       256       256         1
  1.000000  1.000000  1.000000
orientation T byte_order littleendian
Reading image: talsrcimg_g11.4dfp.img
dimensions:      256       256       256
mmppix:       1.0000   -1.0000   -1.0000
center:     128.0000 -129.0000 -129.0000
t4_read: open error in t4_sub.f l:  41 t4_file(1:l)talsrcimg_to_711-2C_as_mni_average_305_t4 
t4_read: transform initialized to I4
rotation matrix determinant  1.000000
image alignment mode   4355 decimal     1103 hex
   -7.5000  -45.0000  -45.0000 7060.9365   12.8740
    0.0000  -45.0000  -45.0000 7401.2212   12.8686
    7.5000  -45.0000  -45.0000 7125.2407   12.8755
   -7.5000  -37.5000  -45.0000 7683.5576   12.7158
    0.0000  -37.5000  -45.0000 8056.2832   12.7068
    7.5000  -37.5000  -45.0000 7748.5078   12.7136
   -7.5000  -30.0000  -45.0000 8665.8018   12.6388
    0.0000  -30.0000  -45.0000 9087.7891   12.6282
    7.5000  -30.0000  -45.0000 8715.3252   12.6326
   -7.5000  -22.5000  -45.0000 9693.4424   12.6220
    0.0000  -22.5000  -45.000010148.5811   12.6124
    7.5000  -22.5000  -45.0000 9715.0303   12.6152
   -7.5000  -15.0000  -45.000010681.2510   12.6183
    0.0000  -15.0000  -45.000011163.5957   12.6111
    7.5000  -15.0000  -45.000010670.8232   12.6143
   -7.5000   -7.5000  -45.000011504.3486   12.6296
    0.0000   -7.5000  -45.000012032.9141   12.6244
    7.5000   -7.5000  -45.000011481.8271   12.6301
   -7.5000    0.0000  -45.000012236.2920   12.6447
    0.0000    0.0000  -45.000012804.4023   12.6390
    7.5000    0.0000  -45.000012223.3682   12.6464
   -7.5000    7.5000  -45.000012072.7285   12.6489
    0.0000    7.5000  -45.000012608.3242   12.6400
    7.5000    7.5000  -45.000012023.9014   12.6468
   -7.5000   15.0000  -45.000011818.1826   12.6374
    0.0000   15.0000  -45.000012327.4414   12.6268
    7.5000   15.0000  -45.000011761.9053   12.6312
   -7.5000   22.5000  -45.000011460.3740   12.6202
    0.0000   22.5000  -45.000011963.9629   12.6107
    7.5000   22.5000  -45.000011408.6064   12.6134
   -7.5000   30.0000  -45.000010980.8418   12.4502
    0.0000   30.0000  -45.000011466.0293   12.4430
    7.5000   30.0000  -45.000010908.6338   12.4462
   -7.5000   37.5000  -45.000010843.2090   12.4613
    0.0000   37.5000  -45.000011340.1777   12.4562
    7.5000   37.5000  -45.000010784.1777   12.4617
   -7.5000   45.0000  -45.000010093.0205   12.1594
    0.0000   45.0000  -45.000010542.2393   12.1539
    7.5000   45.0000  -45.000010015.8799   12.1611
   -7.5000  -45.0000  -37.5000 7447.9141   12.8696
    0.0000  -45.0000  -37.5000 7799.4331   12.8690
    7.5000  -45.0000  -37.5000 7477.0068   12.8760
   -7.5000  -37.5000  -37.5000 8125.7446   12.7104
    0.0000  -37.5000  -37.5000 8517.2510   12.7050
    7.5000  -37.5000  -37.5000 8153.8301   12.7109
   -7.5000  -30.0000  -37.5000 9177.8018   12.6359
    0.0000  -30.0000  -37.5000 9636.1787   12.6266
    7.5000  -30.0000  -37.5000 9218.1357   12.6313
   -7.5000  -22.5000  -37.500010255.7930   12.6224
    0.0000  -22.5000  -37.500010756.6064   12.6129
    7.5000  -22.5000  -37.500010286.0176   12.6180
   -7.5000  -15.0000  -37.500011269.7998   12.6193
    0.0000  -15.0000  -37.500011790.5146   12.6131
    7.5000  -15.0000  -37.500011273.7725   12.6200
   -7.5000   -7.5000  -37.500012139.8711   12.6281
    0.0000   -7.5000  -37.500012705.6709   12.6264
    7.5000   -7.5000  -37.500012146.1846   12.6345
   -7.5000    0.0000  -37.500012896.3252   12.6402
    0.0000    0.0000  -37.500013492.9453   12.6391
    7.5000    0.0000  -37.500012894.3604   12.6466
   -7.5000    7.5000  -37.500012714.0879   12.6434
    0.0000    7.5000  -37.500013280.8701   12.6381
    7.5000    7.5000  -37.500012666.7764   12.6440
   -7.5000   15.0000  -37.500012452.3887   12.6345
    0.0000   15.0000  -37.500012999.2461   12.6252
    7.5000   15.0000  -37.500012380.3281   12.6299
   -7.5000   22.5000  -37.500012055.4521   12.6207
    0.0000   22.5000  -37.500012590.5596   12.6111
    7.5000   22.5000  -37.500011990.3008   12.6162
   -7.5000   30.0000  -37.500011506.0244   12.4511
    0.0000   30.0000  -37.500012028.2871   12.4450
    7.5000   30.0000  -37.500011443.6357   12.4518
   -7.5000   37.5000  -37.500011367.8096   12.4598
    0.0000   37.5000  -37.500011875.0908   12.4581
    7.5000   37.5000  -37.500011299.2773   12.4661
   -7.5000   45.0000  -37.500010592.4883   12.1551
    0.0000   45.0000  -37.500011044.9014   12.1540
    7.5000   45.0000  -37.500010501.5449   12.1612
   -7.5000  -45.0000  -30.0000 7967.3291   13.4192
    0.0000  -45.0000  -30.0000 8354.6182   13.4216
    7.5000  -45.0000  -30.0000 7995.9546   13.4247
   -7.5000  -37.5000  -30.0000 8707.7910   13.2530
    0.0000  -37.5000  -30.0000 9131.0244   13.2485
    7.5000  -37.5000  -30.0000 8735.7812   13.2483
   -7.5000  -30.0000  -30.0000 9850.1074   13.1731
    0.0000  -30.0000  -30.000010325.9375   13.1632
    7.5000  -30.0000  -30.0000 9869.3086   13.1634
   -7.5000  -22.5000  -30.000010984.6367   13.1567
    0.0000  -22.5000  -30.000011495.4072   13.1471
    7.5000  -22.5000  -30.000010991.1953   13.1514
   -7.5000  -15.0000  -30.000012027.9824   13.1523
    0.0000  -15.0000  -30.000012576.4180   13.1484
    7.5000  -15.0000  -30.000012021.4971   13.1572
   -7.5000   -7.5000  -30.000012968.7451   13.1643
    0.0000   -7.5000  -30.000013567.1309   13.1662
    7.5000   -7.5000  -30.000012951.2646   13.1746
   -7.5000    0.0000  -30.000013753.0723   13.1798
    0.0000    0.0000  -30.000014367.1250   13.1816
    7.5000    0.0000  -30.000013724.2988   13.1854
   -7.5000    7.5000  -30.000013546.9902   13.1829
    0.0000    7.5000  -30.000014141.5029   13.1785
    7.5000    7.5000  -30.000013475.4023   13.1784
   -7.5000   15.0000  -30.000013288.2852   13.1717
    0.0000   15.0000  -30.000013865.4658   13.1618
    7.5000   15.0000  -30.000013184.5986   13.1620
   -7.5000   22.5000  -30.000012868.0342   13.1535
    0.0000   22.5000  -30.000013435.7920   13.1439
    7.5000   22.5000  -30.000012775.5791   13.1483
   -7.5000   30.0000  -30.000012256.6357   12.9783
    0.0000   30.0000  -30.000012796.2285   12.9744
    7.5000   30.0000  -30.000012171.5654   12.9831
   -7.5000   37.5000  -30.000012038.7344   12.9901
    0.0000   37.5000  -30.000012560.8340   12.9919
    7.5000   37.5000  -30.000011941.9111   13.0003
   -7.5000   45.0000  -30.000011190.6748   12.6833
    0.0000   45.0000  -30.000011653.8018   12.6850
    7.5000   45.0000  -30.000011104.6064   12.6886
   -7.5000  -45.0000  -22.5000 8441.0381   13.8940
    0.0000  -45.0000  -22.5000 8860.7402   13.8944
    7.5000  -45.0000  -22.5000 8496.2930   13.8933
   -7.5000  -37.5000  -22.5000 9263.5840   13.7226
    0.0000  -37.5000  -22.5000 9709.8105   13.7155
    7.5000  -37.5000  -22.5000 9294.7900   13.7101
   -7.5000  -30.0000  -22.500010488.2334   13.6348
    0.0000  -30.0000  -22.500010964.0508   13.6231
    7.5000  -30.0000  -22.500010489.4775   13.6184
   -7.5000  -22.5000  -22.500011649.8994   13.6112
    0.0000  -22.5000  -22.500012170.9023   13.6017
    7.5000  -22.5000  -22.500011644.3857   13.6025
   -7.5000  -15.0000  -22.500012745.8359   13.6050
    0.0000  -15.0000  -22.500013324.1660   13.6021
    7.5000  -15.0000  -22.500012720.0049   13.6084
   -7.5000   -7.5000  -22.500013758.4873   13.6234
    0.0000   -7.5000  -22.500014394.3125   13.6250
    7.5000   -7.5000  -22.500013702.0244   13.6308
   -7.5000    0.0000  -22.500014599.8213   13.6462
    0.0000    0.0000  -22.500015235.7812   13.6462
    7.5000    0.0000  -22.500014509.2373   13.6460
   -7.5000    7.5000  -22.500014357.0459   13.6501
    0.0000    7.5000  -22.500014973.5020   13.6431
    7.5000    7.5000  -22.500014247.7354   13.6378
   -7.5000   15.0000  -22.500014071.3242   13.6333
    0.0000   15.0000  -22.500014682.7656   13.6217
    7.5000   15.0000  -22.500013943.2539   13.6169
   -7.5000   22.5000  -22.500013640.4395   13.6070
    0.0000   22.5000  -22.500014257.8770   13.5975
    7.5000   22.5000  -22.500013519.0654   13.5983
   -7.5000   30.0000  -22.500012962.5537   13.4270
    0.0000   30.0000  -22.500013542.4072   13.4241
    7.5000   30.0000  -22.500012854.4033   13.4304
   -7.5000   37.5000  -22.500012699.8848   13.4452
    0.0000   37.5000  -22.500013227.7725   13.4468
    7.5000   37.5000  -22.500012575.8447   13.4525
   -7.5000   45.0000  -22.500011786.3174   13.1420
    0.0000   45.0000  -22.500012262.7783   13.1420
    7.5000   45.0000  -22.500011684.6650   13.1417
   -7.5000  -45.0000  -15.0000 8914.0352   14.2326
    0.0000  -45.0000  -15.0000 9342.6611   14.2281
    7.5000  -45.0000  -15.0000 8967.5371   14.2270
   -7.5000  -37.5000  -15.0000 9824.9219   14.0579
    0.0000  -37.5000  -15.000010288.7002   14.0471
    7.5000  -37.5000  -15.0000 9836.3750   14.0424
   -7.5000  -30.0000  -15.000011107.5684   13.9648
    0.0000  -30.0000  -15.000011614.9600   13.9518
    7.5000  -30.0000  -15.000011078.3604   13.9465
   -7.5000  -22.5000  -15.000012314.0195   13.9368
    0.0000  -22.5000  -15.000012874.9414   13.9274
    7.5000  -22.5000  -15.000012290.7207   13.9257
   -7.5000  -15.0000  -15.000013461.0596   13.9301
    0.0000  -15.0000  -15.000014081.4893   13.9262
    7.5000  -15.0000  -15.000013432.3652   13.9289
   -7.5000   -7.5000  -15.000014575.5898   13.9519
    0.0000   -7.5000  -15.000015241.0273   13.9501
    7.5000   -7.5000  -15.000014483.2666   13.9537
   -7.5000    0.0000  -15.000015493.1260   13.9791
    0.0000    0.0000  -15.000016152.6221   13.9743
    7.5000    0.0000  -15.000015327.2842   13.9741
   -7.5000    7.5000  -15.000015215.2354   13.9837
    0.0000    7.5000  -15.000015815.2139   13.9732
    7.5000    7.5000  -15.000015041.9580   13.9685
   -7.5000   15.0000  -15.000014875.7002   13.9633
    0.0000   15.0000  -15.000015491.9248   13.9503
    7.5000   15.0000  -15.000014678.9277   13.9450
   -7.5000   22.5000  -15.000014421.8643   13.9319
    0.0000   22.5000  -15.000015033.7783   13.9225
    7.5000   22.5000  -15.000014210.2266   13.9207
   -7.5000   30.0000  -15.000013666.9570   13.7498
    0.0000   30.0000  -15.000014232.2500   13.7459
    7.5000   30.0000  -15.000013484.3047   13.7486
   -7.5000   37.5000  -15.000013342.8799   13.7713
    0.0000   37.5000  -15.000013867.7598   13.7696
    7.5000   37.5000  -15.000013163.3555   13.7732
   -7.5000   45.0000  -15.000012351.8906   13.4707
    0.0000   45.0000  -15.000012848.4717   13.4661
    7.5000   45.0000  -15.000012225.4336   13.4659
   -7.5000  -45.0000   -7.5000 9441.9473   14.3906
    0.0000  -45.0000   -7.5000 9879.1445   14.3829
    7.5000  -45.0000   -7.5000 9456.1982   14.3861
   -7.5000  -37.5000   -7.500010401.2939   14.2144
    0.0000  -37.5000   -7.500010882.0312   14.2019
    7.5000  -37.5000   -7.500010374.2920   14.2035
   -7.5000  -30.0000   -7.500011708.4619   14.1229
    0.0000  -30.0000   -7.500012240.7715   14.1097
    7.5000  -30.0000   -7.500011663.2998   14.1091
   -7.5000  -22.5000   -7.500012962.5508   14.0976
    0.0000  -22.5000   -7.500013525.0576   14.0877
    7.5000  -22.5000   -7.500012906.4307   14.0871
   -7.5000  -15.0000   -7.500014175.5684   14.0920
    0.0000  -15.0000   -7.500014804.8438   14.0857
    7.5000  -15.0000   -7.500014096.9395   14.0872
   -7.5000   -7.5000   -7.500015375.7461   14.1106
    0.0000   -7.5000   -7.500016032.9180   14.1052
    7.5000   -7.5000   -7.500015222.9307   14.1091
   -7.5000    0.0000   -7.500016421.1328   14.1344
    0.0000    0.0000   -7.500017076.5801   14.1264
    7.5000    0.0000   -7.500016204.4248   14.1304
   -7.5000    7.5000   -7.500016225.8555   14.1395
    0.0000    7.5000   -7.500016827.4551   14.1273
    7.5000    7.5000   -7.500015964.4844   14.1289
   -7.5000   15.0000   -7.500015873.2158   14.1214
    0.0000   15.0000   -7.500016423.2734   14.1081
    7.5000   15.0000   -7.500015547.0635   14.1076
   -7.5000   22.5000   -7.500015337.5869   14.0911
    0.0000   22.5000   -7.500015864.7168   14.0811
    7.5000   22.5000   -7.500014980.3652   14.0806
   -7.5000   30.0000   -7.500014475.7871   13.9092
    0.0000   30.0000   -7.500014986.9004   13.9030
    7.5000   30.0000   -7.500014178.7715   13.9044
   -7.5000   37.5000   -7.500014082.8018   13.9276
    0.0000   37.5000   -7.500014590.0420   13.9223
    7.5000   37.5000   -7.500013793.5957   13.9261
   -7.5000   45.0000   -7.500012991.2822   13.6229
    0.0000   45.0000   -7.500013489.8574   13.6152
    7.5000   45.0000   -7.500012771.4922   13.6191
   -7.5000  -45.0000    0.0000 9866.8281   14.4062
    0.0000  -45.0000    0.000010336.5762   14.4002
    7.5000  -45.0000    0.0000 9847.1260   14.4079
   -7.5000  -37.5000    0.000010869.0342   14.2292
    0.0000  -37.5000    0.000011388.4551   14.2191
    7.5000  -37.5000    0.000010817.0928   14.2267
   -7.5000  -30.0000    0.000012192.3184   14.1430
    0.0000  -30.0000    0.000012751.0674   14.1312
    7.5000  -30.0000    0.000012149.0928   14.1361
   -7.5000  -22.5000    0.000013502.6133   14.1242
    0.0000  -22.5000    0.000014092.2998   14.1135
    7.5000  -22.5000    0.000013442.9990   14.1166
   -7.5000  -15.0000    0.000014776.5010   14.1201
    0.0000  -15.0000    0.000015369.8750   14.1120
    7.5000  -15.0000    0.000014656.9717   14.1156
   -7.5000   -7.5000    0.000016002.0293   14.1327
    0.0000   -7.5000    0.000016582.5645   14.1270
    7.5000   -7.5000    0.000015842.3623   14.1333
   -7.5000    0.0000    0.000017174.2188   14.1496
    0.0000    0.0000    0.000017852.2031   14.1432
    7.5000    0.0000    0.000016933.2930   14.1516
   -7.5000    7.5000    0.000017158.3477   14.1543
    0.0000    7.5000    0.000017823.7637   14.1444
    7.5000    7.5000    0.000016808.3984   14.1519
   -7.5000   15.0000    0.000016794.9590   14.1415
    0.0000   15.0000    0.000017446.0566   14.1296
    7.5000   15.0000    0.000016396.6523   14.1346
   -7.5000   22.5000    0.000016159.3213   14.1177
    0.0000   22.5000    0.000016752.4414   14.1070
    7.5000   22.5000    0.000015749.2100   14.1100
   -7.5000   30.0000    0.000015168.0449   13.9374
    0.0000   30.0000    0.000015708.5908   13.9294
    7.5000   30.0000    0.000014813.8076   13.9329
   -7.5000   37.5000    0.000014639.8877   13.9498
    0.0000   37.5000    0.000015192.4971   13.9441
    7.5000   37.5000    0.000014334.8076   13.9503
   -7.5000   45.0000    0.000013483.9834   13.6386
    0.0000   45.0000    0.000013996.5186   13.6325
    7.5000   45.0000    0.000013246.5430   13.6405
   -7.5000  -45.0000    7.5000 9500.9395   14.4015
    0.0000  -45.0000    7.5000 9936.0439   14.4008
    7.5000  -45.0000    7.5000 9458.7354   14.4086
   -7.5000  -37.5000    7.500010466.6729   14.2233
    0.0000  -37.5000    7.500010932.3193   14.2173
    7.5000  -37.5000    7.500010416.0605   14.2239
   -7.5000  -30.0000    7.500011748.2783   14.1399
    0.0000  -30.0000    7.500012244.7461   14.1294
    7.5000  -30.0000    7.500011722.8604   14.1348
   -7.5000  -22.5000    7.500013022.4795   14.1248
    0.0000  -22.5000    7.500013553.2227   14.1141
    7.5000  -22.5000    7.500012962.5527   14.1199
   -7.5000  -15.0000    7.500014261.9707   14.1213
    0.0000  -15.0000    7.500014814.6982   14.1144
    7.5000  -15.0000    7.500014175.8584   14.1221
   -7.5000   -7.5000    7.500015426.7568   14.1312
    0.0000   -7.5000    7.500016027.9775   14.1293
    7.5000   -7.5000    7.500015323.4014   14.1383
   -7.5000    0.0000    7.500016494.3125   14.1447
    0.0000    0.0000    7.500017223.6074   14.1434
    7.5000    0.0000    7.500016312.5879   14.1519
   -7.5000    7.5000    7.500016349.7910   14.1483
    0.0000    7.5000    7.500017138.3535   14.1424
    7.5000    7.5000    7.500016108.1865   14.1490
   -7.5000   15.0000    7.500015985.5684   14.1383
    0.0000   15.0000    7.500016813.0957   14.1279
    7.5000   15.0000    7.500015729.1318   14.1333
   -7.5000   22.5000    7.500015470.8379   14.1183
    0.0000   22.5000    7.500016206.6279   14.1076
    7.5000   22.5000    7.500015163.0127   14.1133
   -7.5000   30.0000    7.500014595.6113   13.9385
    0.0000   30.0000    7.500015196.7266   13.9317
    7.5000   30.0000    7.500014293.8936   13.9393
   -7.5000   37.5000    7.500014027.2334   13.9483
    0.0000   37.5000    7.500014573.5078   13.9464
    7.5000   37.5000    7.500013778.6543   13.9554
   -7.5000   45.0000    7.500012911.2500   13.6339
    0.0000   45.0000    7.500013403.0176   13.6326
    7.5000   45.0000    7.500012713.3848   13.6408
   -7.5000  -45.0000   15.0000 8974.7295   14.4102
    0.0000  -45.0000   15.0000 9389.2344   14.4127
    7.5000  -45.0000   15.0000 8951.8135   14.4160
   -7.5000  -37.5000   15.0000 9892.8828   14.2316
    0.0000  -37.5000   15.000010369.6338   14.2268
    7.5000  -37.5000   15.0000 9880.9912   14.2266
   -7.5000  -30.0000   15.000011142.8760   14.1459
    0.0000  -30.0000   15.000011675.6016   14.1352
    7.5000  -30.0000   15.000011140.3525   14.1355
   -7.5000  -22.5000   15.000012351.1934   14.1282
    0.0000  -22.5000   15.000012937.5469   14.1179
    7.5000  -22.5000   15.000012328.5127   14.1226
   -7.5000  -15.0000   15.000013502.6982   14.1235
    0.0000  -15.0000   15.000014130.2324   14.1193
    7.5000  -15.0000   15.000013496.1367   14.1288
   -7.5000   -7.5000   15.000014613.0234   14.1364
    0.0000   -7.5000   15.000015245.8877   14.1384
    7.5000   -7.5000   15.000014564.1191   14.1475
   -7.5000    0.0000   15.000015582.8984   14.1531
    0.0000    0.0000   15.000016282.1436   14.1550
    7.5000    0.0000   15.000015477.5049   14.1591
   -7.5000    7.5000   15.000015355.3135   14.1564
    0.0000    7.5000   15.000016013.3086   14.1516
    7.5000    7.5000   15.000015228.8457   14.1515
   -7.5000   15.0000   15.000014991.9492   14.1443
    0.0000   15.0000   15.000015632.0029   14.1337
    7.5000   15.0000   15.000014886.6279   14.1339
   -7.5000   22.5000   15.000014554.1084   14.1217
    0.0000   22.5000   15.000015163.5625   14.1114
    7.5000   22.5000   15.000014403.1660   14.1161
   -7.5000   30.0000   15.000013808.8350   13.9407
    0.0000   30.0000   15.000014366.7676   13.9365
    7.5000   30.0000   15.000013636.5566   13.9459
   -7.5000   37.5000   15.000013292.2920   13.9534
    0.0000   37.5000   15.000013820.9941   13.9554
    7.5000   37.5000   15.000013132.0898   13.9644
   -7.5000   45.0000   15.000012244.5811   13.6419
    0.0000   45.0000   15.000012731.7139   13.6438
    7.5000   45.0000   15.000012089.6445   13.6477
   -7.5000  -45.0000   22.5000 8339.8203   14.4570
    0.0000  -45.0000   22.5000 8745.6465   14.4574
    7.5000  -45.0000   22.5000 8334.0820   14.4563
   -7.5000  -37.5000   22.5000 9212.5010   14.2783
    0.0000  -37.5000   22.5000 9674.7734   14.2709
    7.5000  -37.5000   22.5000 9233.0977   14.2653
   -7.5000  -30.0000   22.500010384.0908   14.1867
    0.0000  -30.0000   22.500010892.6445   14.1745
    7.5000  -30.0000   22.500010417.3379   14.1696
   -7.5000  -22.5000   22.500011518.6504   14.1622
    0.0000  -22.5000   22.500012056.0488   14.1522
    7.5000  -22.5000   22.500011537.2559   14.1530
   -7.5000  -15.0000   22.500012613.7090   14.1557
    0.0000  -15.0000   22.500013184.0820   14.1527
    7.5000  -15.0000   22.500012620.2334   14.1591
   -7.5000   -7.5000   22.500013631.1875   14.1748
    0.0000   -7.5000   22.500014228.7559   14.1766
    7.5000   -7.5000   22.500013620.5576   14.1825
   -7.5000    0.0000   22.500014529.4121   14.1986
    0.0000    0.0000   22.500015152.7783   14.1986
    7.5000    0.0000   22.500014468.6699   14.1983
   -7.5000    7.5000   22.500014280.2549   14.2026
    0.0000    7.5000   22.500014869.9355   14.1953
    7.5000    7.5000   22.500014232.1416   14.1899
   -7.5000   15.0000   22.500013926.6357   14.1851
    0.0000   15.0000   22.500014499.8906   14.1730
    7.5000   15.0000   22.500013909.0947   14.1680
   -7.5000   22.5000   22.500013550.9336   14.1556
    0.0000   22.5000   22.500014100.1709   14.1457
    7.5000   22.5000   22.500013488.2227   14.1464
   -7.5000   30.0000   22.500012903.7627   13.9725
    0.0000   30.0000   22.500013416.7979   13.9695
    7.5000   30.0000   22.500012814.7227   13.9758
   -7.5000   37.5000   22.500012471.0234   13.9914
    0.0000   37.5000   22.500012951.2402   13.9931
    7.5000   37.5000   22.500012355.4443   13.9990
   -7.5000   45.0000   22.500011490.1797   13.6858
    0.0000   45.0000   22.500011936.7461   13.6858
    7.5000   45.0000   22.500011376.0859   13.6856
   -7.5000  -45.0000   30.0000 7669.9766   14.5938
    0.0000  -45.0000   30.0000 8027.5786   14.5892
    7.5000  -45.0000   30.0000 7653.2397   14.5881
   -7.5000  -37.5000   30.0000 8470.1592   14.4129
    0.0000  -37.5000   30.0000 8879.8760   14.4017
    7.5000  -37.5000   30.0000 8483.3193   14.3969
   -7.5000  -30.0000   30.0000 9546.7461   14.3166
    0.0000  -30.0000   30.000010008.9707   14.3032
    7.5000  -30.0000   30.0000 9579.2051   14.2978
   -7.5000  -22.5000   30.000010606.2383   14.2875
    0.0000  -22.5000   30.000011103.4189   14.2779
    7.5000  -22.5000   30.000010635.1797   14.2763
   -7.5000  -15.0000   30.000011607.9912   14.2803
    0.0000  -15.0000   30.000012138.8662   14.2764
    7.5000  -15.0000   30.000011632.9248   14.2794
   -7.5000   -7.5000   30.000012555.5400   14.3027
    0.0000   -7.5000   30.000013126.0791   14.3010
    7.5000   -7.5000   30.000012571.8750   14.3049
   -7.5000    0.0000   30.000013405.9219   14.3309
    0.0000    0.0000   30.000013987.0996   14.3260
    7.5000    0.0000   30.000013383.1191   14.3259
   -7.5000    7.5000   30.000013177.7002   14.3360
    0.0000    7.5000   30.000013719.6309   14.3251
    7.5000    7.5000   30.000013151.2676   14.3203
   -7.5000   15.0000   30.000012848.6416   14.3150
    0.0000   15.0000   30.000013373.2520   14.3016
    7.5000   15.0000   30.000012829.3086   14.2962
   -7.5000   22.5000   30.000012500.4834   14.2809
    0.0000   22.5000   30.000013014.7617   14.2713
    7.5000   22.5000   30.000012459.0049   14.2697
   -7.5000   30.0000   30.000011908.1104   14.0954
    0.0000   30.0000   30.000012387.9697   14.0916
    7.5000   30.0000   30.000011850.4678   14.0946
   -7.5000   37.5000   30.000011538.5625   14.1176
    0.0000   37.5000   30.000011993.8398   14.1159
    7.5000   37.5000   30.000011460.8096   14.1198
   -7.5000   45.0000   30.000010619.4414   13.8134
    0.0000   45.0000   30.000011064.5693   13.8086
    7.5000   45.0000   30.000010560.3027   13.8085
   -7.5000  -45.0000   37.5000 7317.4937   14.9078
    0.0000  -45.0000   37.5000 7642.0859   14.8999
    7.5000  -45.0000   37.5000 7302.9463   14.9034
   -7.5000  -37.5000   37.5000 8073.4048   14.7184
    0.0000  -37.5000   37.5000 8443.4639   14.7054
    7.5000  -37.5000   37.5000 8084.4971   14.7072
   -7.5000  -30.0000   37.5000 9119.4473   14.6209
    0.0000  -30.0000   37.5000 9550.2773   14.6078
    7.5000  -30.0000   37.5000 9131.8965   14.6078
   -7.5000  -22.5000   37.500010157.0459   14.5951
    0.0000  -22.5000   37.500010627.9824   14.5862
    7.5000  -22.5000   37.500010163.6758   14.5866
   -7.5000  -15.0000   37.500011118.3799   14.5900
    0.0000  -15.0000   37.500011626.9834   14.5851
    7.5000  -15.0000   37.500011127.3877   14.5877
   -7.5000   -7.5000   37.500011998.6865   14.6093
    0.0000   -7.5000   37.500012549.4951   14.6047
    7.5000   -7.5000   37.500012027.4824   14.6094
   -7.5000    0.0000   37.500012785.4482   14.6335
    0.0000    0.0000   37.500013355.4795   14.6253
    7.5000    0.0000   37.500012802.4668   14.6297
   -7.5000    7.5000   37.500012560.5703   14.6383
    0.0000    7.5000   37.500013115.5068   14.6255
    7.5000    7.5000   37.500012595.5176   14.6274
   -7.5000   15.0000   37.500012253.2920   14.6193
    0.0000   15.0000   37.500012789.5127   14.6061
    7.5000   15.0000   37.500012269.2656   14.6061
   -7.5000   22.5000   37.500011934.5732   14.5884
    0.0000   22.5000   37.500012449.8496   14.5795
    7.5000   22.5000   37.500011904.1797   14.5799
   -7.5000   30.0000   37.500011398.1768   14.4011
    0.0000   30.0000   37.500011885.3721   14.3963
    7.5000   30.0000   37.500011365.6396   14.3989
   -7.5000   37.5000   37.500011058.0723   14.4202
    0.0000   37.5000   37.500011535.1387   14.4157
    7.5000   37.5000   37.500010997.3105   14.4203
   -7.5000   45.0000   37.500010189.7246   14.1050
    0.0000   45.0000   37.500010636.4385   14.0971
    7.5000   45.0000   37.500010143.8662   14.1014
   -7.5000  -45.0000   45.0000 6657.9673   15.2825
    0.0000  -45.0000   45.0000 6977.4502   15.2763
    7.5000  -45.0000   45.0000 6658.9141   15.2851
   -7.5000  -37.5000   45.0000 7359.0776   15.0846
    0.0000  -37.5000   45.0000 7713.5874   15.0731
    7.5000  -37.5000   45.0000 7369.7842   15.0815
   -7.5000  -30.0000   45.0000 8339.1436   14.9922
    0.0000  -30.0000   45.0000 8734.3232   14.9783
    7.5000  -30.0000   45.0000 8334.1113   14.9837
   -7.5000  -22.5000   45.0000 9307.0723   14.9738
    0.0000  -22.5000   45.0000 9735.4062   14.9615
    7.5000  -22.5000   45.0000 9289.0977   14.9653
   -7.5000  -15.0000   45.000010184.1738   14.9671
    0.0000  -15.0000   45.000010659.4609   14.9583
    7.5000  -15.0000   45.000010177.3477   14.9632
   -7.5000   -7.5000   45.000010978.9590   14.9760
    0.0000   -7.5000   45.000011501.8027   14.9702
    7.5000   -7.5000   45.000010992.4951   14.9780
   -7.5000    0.0000   45.000011661.6230   14.9922
    0.0000    0.0000   45.000012198.0938   14.9855
    7.5000    0.0000   45.000011689.4502   14.9950
   -7.5000    7.5000   45.000011453.9434   14.9999
    0.0000    7.5000   45.000011976.1201   14.9886
    7.5000    7.5000   45.000011492.3213   14.9969
   -7.5000   15.0000   45.000011216.3594   14.9904
    0.0000   15.0000   45.000011707.9307   14.9765
    7.5000   15.0000   45.000011210.9092   14.9820
   -7.5000   22.5000   45.000010930.0029   14.9669
    0.0000   22.5000   45.000011397.0371   14.9545
    7.5000   22.5000   45.000010895.9600   14.9583
   -7.5000   30.0000   45.000010448.0527   14.7721
    0.0000   30.0000   45.000010899.2373   14.7634
    7.5000   30.0000   45.000010427.6650   14.7683
   -7.5000   37.5000   45.000010151.4150   14.7809
    0.0000   37.5000   45.000010589.5918   14.7751
    7.5000   37.5000   45.000010091.4775   14.7828
   -7.5000   45.0000   45.0000 9371.1807   14.4573
    0.0000   45.0000   45.0000 9762.9980   14.4508
    7.5000   45.0000   45.0000 9296.1445   14.4600

---------------------------------------------------------------------
imgreg_4dfp /opt/freesurfer/average/711-2C_as_mni_average_305 /opt/freesurfer/average/711-2B_as_mni_average_305_mask talsrcimg_g11 none talsrcimg_to_711-2C_as_mni_average_305_t4 4355
---------------------------------------------------------------------

freesurfer imgreg_4dfp.c
/opt/freesurfer/average/711-2C_as_mni_average_305.4dfp.img
       256       256       256         1
  1.000000  1.000000  1.000000
orientation T byte_order littleendian
Reading image: /opt/freesurfer/average/711-2C_as_mni_average_305.4dfp.img
dimensions:      256       256       256
mmppix:       1.0000   -1.0000   -1.0000
center:     128.0000 -129.0000 -129.0000
/opt/freesurfer/average/711-2B_as_mni_average_305_mask.4dfp.img
       256       256       256         1
  1.000000  1.000000  1.000000
orientation T byte_order littleendian
Reading mask: /opt/freesurfer/average/711-2B_as_mni_average_305_mask.4dfp.img (2306576 pixels)
talsrcimg_g11.4dfp.img
       256       256       256         1
  1.000000  1.000000  1.000000
orientation T byte_order littleendian
Reading image: talsrcimg_g11.4dfp.img
dimensions:      256       256       256
mmppix:       1.0000   -1.0000   -1.0000
center:     128.0000 -129.0000 -129.0000
rotation matrix determinant  1.000000
image alignment mode   4355 decimal     1103 hex
   -7.5000  -45.0000  -45.0000 1932.0089   17.0317
    0.0000  -45.0000  -45.0000 1946.6908   16.8950
    7.5000  -45.0000  -45.0000 1943.7057   16.9854
   -7.5000  -37.5000  -45.0000 2052.4387   15.1111
    0.0000  -37.5000  -45.0000 2070.4880   14.9811
    7.5000  -37.5000  -45.0000 2064.1191   15.0641
   -7.5000  -30.0000  -45.0000 2170.6907   13.6083
    0.0000  -30.0000  -45.0000 2189.9387   13.5040
    7.5000  -30.0000  -45.0000 2180.0967   13.5558
   -7.5000  -22.5000  -45.0000 2278.3323   12.4700
    0.0000  -22.5000  -45.0000 2295.8411   12.3697
    7.5000  -22.5000  -45.0000 2288.3022   12.4250
   -7.5000  -15.0000  -45.0000 2354.2722   11.6244
    0.0000  -15.0000  -45.0000 2374.5247   11.5343
    7.5000  -15.0000  -45.0000 2361.7529   11.5814
   -7.5000   -7.5000  -45.0000 2394.0425   11.0361
    0.0000   -7.5000  -45.0000 2415.2698   10.9310
    7.5000   -7.5000  -45.0000 2399.5090   11.0032
   -7.5000    0.0000  -45.0000 2414.2688   10.6653
    0.0000    0.0000  -45.0000 2438.0549   10.5587
    7.5000    0.0000  -45.0000 2423.6174   10.6662
   -7.5000    7.5000  -45.0000 2422.6597   10.5412
    0.0000    7.5000  -45.0000 2442.9395   10.4368
    7.5000    7.5000  -45.0000 2429.4336   10.5234
   -7.5000   15.0000  -45.0000 2413.0967   10.6268
    0.0000   15.0000  -45.0000 2435.1084   10.5028
    7.5000   15.0000  -45.0000 2420.6858   10.5860
   -7.5000   22.5000  -45.0000 2391.2917   10.8876
    0.0000   22.5000  -45.0000 2416.3525   10.7670
    7.5000   22.5000  -45.0000 2398.4702   10.8569
   -7.5000   30.0000  -45.0000 2349.4624   11.3574
    0.0000   30.0000  -45.0000 2373.9241   11.2323
    7.5000   30.0000  -45.0000 2353.8083   11.3331
   -7.5000   37.5000  -45.0000 2288.8936   12.0432
    0.0000   37.5000  -45.0000 2312.4927   11.9241
    7.5000   37.5000  -45.0000 2294.5896   12.0389
   -7.5000   45.0000  -45.0000 2210.2034   12.9965
    0.0000   45.0000  -45.0000 2228.1838   12.8822
    7.5000   45.0000  -45.0000 2209.0845   12.9939
   -7.5000  -45.0000  -37.5000 1987.3641   16.0688
    0.0000  -45.0000  -37.5000 2000.5789   15.9192
    7.5000  -45.0000  -37.5000 1997.2131   16.0009
   -7.5000  -37.5000  -37.5000 2117.6262   14.2380
    0.0000  -37.5000  -37.5000 2137.2185   14.1178
    7.5000  -37.5000  -37.5000 2127.0295   14.1802
   -7.5000  -30.0000  -37.5000 2247.5537   12.8094
    0.0000  -30.0000  -37.5000 2269.5881   12.7094
    7.5000  -30.0000  -37.5000 2253.5820   12.7449
   -7.5000  -22.5000  -37.5000 2356.5947   11.6928
    0.0000  -22.5000  -37.5000 2377.7715   11.6123
    7.5000  -22.5000  -37.5000 2366.2085   11.6673
   -7.5000  -15.0000  -37.5000 2432.0388   10.8512
    0.0000  -15.0000  -37.5000 2451.7832   10.7654
    7.5000  -15.0000  -37.5000 2441.8010   10.8418
   -7.5000   -7.5000  -37.5000 2477.9153   10.2749
    0.0000   -7.5000  -37.5000 2498.8252   10.1663
    7.5000   -7.5000  -37.5000 2487.7148   10.2544
   -7.5000    0.0000  -37.5000 2508.3977    9.9115
    0.0000    0.0000  -37.5000 2530.8953    9.7931
    7.5000    0.0000  -37.5000 2519.2322    9.8963
   -7.5000    7.5000  -37.5000 2530.8916    9.7396
    0.0000    7.5000  -37.5000 2551.3430    9.6399
    7.5000    7.5000  -37.5000 2533.9072    9.7483
   -7.5000   15.0000  -37.5000 2524.0308    9.8264
    0.0000   15.0000  -37.5000 2547.1304    9.7275
    7.5000   15.0000  -37.5000 2525.1899    9.8359
   -7.5000   22.5000  -37.5000 2498.6116   10.0781
    0.0000   22.5000  -37.5000 2523.9226    9.9670
    7.5000   22.5000  -37.5000 2501.4753   10.0767
   -7.5000   30.0000  -37.5000 2452.3027   10.5036
    0.0000   30.0000  -37.5000 2479.1189   10.3862
    7.5000   30.0000  -37.5000 2455.1279   10.5019
   -7.5000   37.5000  -37.5000 2389.9233   11.1255
    0.0000   37.5000  -37.5000 2413.8684   11.0206
    7.5000   37.5000  -37.5000 2390.4412   11.1394
   -7.5000   45.0000  -37.5000 2304.6201   12.0186
    0.0000   45.0000  -37.5000 2325.1997   11.9209
    7.5000   45.0000  -37.5000 2302.6816   12.0340
   -7.5000  -45.0000  -30.0000 2072.5137   15.8009
    0.0000  -45.0000  -30.0000 2090.3818   15.6629
    7.5000  -45.0000  -30.0000 2081.5059   15.7078
   -7.5000  -37.5000  -30.0000 2215.2632   13.9699
    0.0000  -37.5000  -30.0000 2233.1423   13.8534
    7.5000  -37.5000  -30.0000 2222.4248   13.9048
   -7.5000  -30.0000  -30.0000 2350.0571   12.5472
    0.0000  -30.0000  -30.0000 2372.6365   12.4447
    7.5000  -30.0000  -30.0000 2357.1431   12.4947
   -7.5000  -22.5000  -30.0000 2461.9490   11.4121
    0.0000  -22.5000  -30.0000 2482.6875   11.3109
    7.5000  -22.5000  -30.0000 2467.6240   11.3760
   -7.5000  -15.0000  -30.0000 2541.8259   10.5366
    0.0000  -15.0000  -30.0000 2562.7800   10.4252
    7.5000  -15.0000  -30.0000 2551.7761   10.5067
   -7.5000   -7.5000  -30.0000 2598.5693    9.9415
    0.0000   -7.5000  -30.0000 2623.0598    9.8207
    7.5000   -7.5000  -30.0000 2611.0640    9.9046
   -7.5000    0.0000  -30.0000 2642.0081    9.5465
    0.0000    0.0000  -30.0000 2663.1865    9.4351
    7.5000    0.0000  -30.0000 2653.6045    9.5304
   -7.5000    7.5000  -30.0000 2675.6038    9.3341
    0.0000    7.5000  -30.0000 2697.9607    9.2393
    7.5000    7.5000  -30.0000 2679.3831    9.3480
   -7.5000   15.0000  -30.0000 2675.0237    9.4126
    0.0000   15.0000  -30.0000 2698.3616    9.3217
    7.5000   15.0000  -30.0000 2675.6023    9.4406
   -7.5000   22.5000  -30.0000 2650.7146    9.6531
    0.0000   22.5000  -30.0000 2679.8220    9.5588
    7.5000   22.5000  -30.0000 2653.2202    9.6872
   -7.5000   30.0000  -30.0000 2605.9346   10.0999
    0.0000   30.0000  -30.0000 2634.0007    9.9703
    7.5000   30.0000  -30.0000 2605.8535   10.1050
   -7.5000   37.5000  -30.0000 2534.0300   10.7189
    0.0000   37.5000  -30.0000 2559.0525   10.5909
    7.5000   37.5000  -30.0000 2531.8684   10.7155
   -7.5000   45.0000  -30.0000 2435.6428   11.5586
    0.0000   45.0000  -30.0000 2458.4221   11.4460
    7.5000   45.0000  -30.0000 2432.8857   11.5724
   -7.5000  -45.0000  -22.5000 2128.4500   15.4501
    0.0000  -45.0000  -22.5000 2150.1462   15.3118
    7.5000  -45.0000  -22.5000 2140.4456   15.3712
   -7.5000  -37.5000  -22.5000 2277.3723   13.6683
    0.0000  -37.5000  -22.5000 2299.5823   13.5147
    7.5000  -37.5000  -22.5000 2285.5435   13.5741
   -7.5000  -30.0000  -22.5000 2416.8250   12.2536
    0.0000  -30.0000  -22.5000 2437.0039   12.1062
    7.5000  -30.0000  -22.5000 2424.1589   12.1637
   -7.5000  -22.5000  -22.5000 2525.6577   11.0926
    0.0000  -22.5000  -22.5000 2547.3069   10.9662
    7.5000  -22.5000  -22.5000 2538.2356   11.0262
   -7.5000  -15.0000  -22.5000 2614.2634   10.2014
    0.0000  -15.0000  -22.5000 2638.8335   10.0835
    7.5000  -15.0000  -22.5000 2628.1472   10.1495
   -7.5000   -7.5000  -22.5000 2686.8145    9.5601
    0.0000   -7.5000  -22.5000 2716.5178    9.4523
    7.5000   -7.5000  -22.5000 2702.2610    9.5246
   -7.5000    0.0000  -22.5000 2743.7698    9.1377
    0.0000    0.0000  -22.5000 2768.7241    9.0314
    7.5000    0.0000  -22.5000 2757.4258    9.1258
   -7.5000    7.5000  -22.5000 2786.9971    8.9148
    0.0000    7.5000  -22.5000 2817.0623    8.8137
    7.5000    7.5000  -22.5000 2795.8479    8.9222
   -7.5000   15.0000  -22.5000 2795.1975    8.9672
    0.0000   15.0000  -22.5000 2825.7075    8.8557
    7.5000   15.0000  -22.5000 2796.7249    8.9875
   -7.5000   22.5000  -22.5000 2776.0032    9.2005
    0.0000   22.5000  -22.5000 2809.7141    9.0903
    7.5000   22.5000  -22.5000 2778.9441    9.2198
   -7.5000   30.0000  -22.5000 2723.7922    9.6122
    0.0000   30.0000  -22.5000 2754.3640    9.5014
    7.5000   30.0000  -22.5000 2725.8784    9.6230
   -7.5000   37.5000  -22.5000 2644.8745   10.2217
    0.0000   37.5000  -22.5000 2666.1306   10.1052
    7.5000   37.5000  -22.5000 2642.3157   10.2337
   -7.5000   45.0000  -22.5000 2538.0725   11.0614
    0.0000   45.0000  -22.5000 2558.8320   10.9480
    7.5000   45.0000  -22.5000 2534.9333   11.0700
   -7.5000  -45.0000  -15.0000 2159.3806   15.1710
    0.0000  -45.0000  -15.0000 2178.6194   15.0102
    7.5000  -45.0000  -15.0000 2170.4141   15.1229
   -7.5000  -37.5000  -15.0000 2311.5342   13.4110
    0.0000  -37.5000  -15.0000 2332.7444   13.2379
    7.5000  -37.5000  -15.0000 2320.6313   13.3203
   -7.5000  -30.0000  -15.0000 2445.9319   11.9841
    0.0000  -30.0000  -15.0000 2468.2173   11.8046
    7.5000  -30.0000  -15.0000 2453.6316   11.8835
   -7.5000  -22.5000  -15.0000 2552.7356   10.7963
    0.0000  -22.5000  -15.0000 2579.3174   10.6639
    7.5000  -22.5000  -15.0000 2570.0427   10.7326
   -7.5000  -15.0000  -15.0000 2650.9241    9.8921
    0.0000  -15.0000  -15.0000 2679.3171    9.7647
    7.5000  -15.0000  -15.0000 2670.9341    9.8428
   -7.5000   -7.5000  -15.0000 2742.0505    9.2546
    0.0000   -7.5000  -15.0000 2775.3179    9.1327
    7.5000   -7.5000  -15.0000 2761.7292    9.2037
   -7.5000    0.0000  -15.0000 2816.3652    8.8047
    0.0000    0.0000  -15.0000 2846.8459    8.6819
    7.5000    0.0000  -15.0000 2830.8560    8.7562
   -7.5000    7.5000  -15.0000 2869.6587    8.5704
    0.0000    7.5000  -15.0000 2904.4216    8.4328
    7.5000    7.5000  -15.0000 2880.2432    8.5524
   -7.5000   15.0000  -15.0000 2889.1489    8.5896
    0.0000   15.0000  -15.0000 2925.5413    8.4501
    7.5000   15.0000  -15.0000 2886.5244    8.5842
   -7.5000   22.5000  -15.0000 2872.8562    8.7996
    0.0000   22.5000  -15.0000 2907.5198    8.6664
    7.5000   22.5000  -15.0000 2867.0000    8.7976
   -7.5000   30.0000  -15.0000 2809.2397    9.1798
    0.0000   30.0000  -15.0000 2840.4573    9.0497
    7.5000   30.0000  -15.0000 2807.5376    9.1918
   -7.5000   37.5000  -15.0000 2717.9451    9.7655
    0.0000   37.5000  -15.0000 2743.6272    9.6351
    7.5000   37.5000  -15.0000 2716.1011    9.7969
   -7.5000   45.0000  -15.0000 2602.3701   10.6172
    0.0000   45.0000  -15.0000 2627.0559   10.4840
    7.5000   45.0000  -15.0000 2599.8599   10.6479
   -7.5000  -45.0000   -7.5000 2177.6289   15.0402
    0.0000  -45.0000   -7.5000 2198.1409   14.8454
    7.5000  -45.0000   -7.5000 2187.4368   14.9846
   -7.5000  -37.5000   -7.5000 2322.2090   13.2549
    0.0000  -37.5000   -7.5000 2348.2017   13.0497
    7.5000  -37.5000   -7.5000 2333.9612   13.1647
   -7.5000  -30.0000   -7.5000 2446.7666   11.7673
    0.0000  -30.0000   -7.5000 2473.4365   11.5825
    7.5000  -30.0000   -7.5000 2460.4622   11.6881
   -7.5000  -22.5000   -7.5000 2556.1130   10.5489
    0.0000  -22.5000   -7.5000 2582.4929   10.3980
    7.5000  -22.5000   -7.5000 2573.1270   10.5106
   -7.5000  -15.0000   -7.5000 2664.7861    9.6448
    0.0000  -15.0000   -7.5000 2692.5520    9.4913
    7.5000  -15.0000   -7.5000 2681.8376    9.5986
   -7.5000   -7.5000   -7.5000 2771.2749    8.9933
    0.0000   -7.5000   -7.5000 2802.5754    8.8519
    7.5000   -7.5000   -7.5000 2783.0837    8.9446
   -7.5000    0.0000   -7.5000 2857.1982    8.5541
    0.0000    0.0000   -7.5000 2891.1240    8.4028
    7.5000    0.0000   -7.5000 2869.7600    8.4967
   -7.5000    7.5000   -7.5000 2927.9695    8.3621
    0.0000    7.5000   -7.5000 2970.7485    8.1791
    7.5000    7.5000   -7.5000 2935.8411    8.3038
   -7.5000   15.0000   -7.5000 2964.1636    8.3359
    0.0000   15.0000   -7.5000 3010.1172    8.1545
    7.5000   15.0000   -7.5000 2952.7036    8.3135
   -7.5000   22.5000   -7.5000 2946.0063    8.5166
    0.0000   22.5000   -7.5000 2984.3408    8.3369
    7.5000   22.5000   -7.5000 2921.9009    8.5035
   -7.5000   30.0000   -7.5000 2869.0081    8.8629
    0.0000   30.0000   -7.5000 2898.3950    8.7032
    7.5000   30.0000   -7.5000 2855.4277    8.8697
   -7.5000   37.5000   -7.5000 2769.9028    9.4068
    0.0000   37.5000   -7.5000 2796.8521    9.2626
    7.5000   37.5000   -7.5000 2759.1045    9.4356
   -7.5000   45.0000   -7.5000 2642.8037   10.2573
    0.0000   45.0000   -7.5000 2669.4983   10.1037
    7.5000   45.0000   -7.5000 2636.5710   10.2701
   -7.5000  -45.0000    0.0000 2180.9431   15.0990
    0.0000  -45.0000    0.0000 2206.2432   14.8751
    7.5000  -45.0000    0.0000 2191.2888   15.0278
   -7.5000  -37.5000    0.0000 2321.1875   13.2706
    0.0000  -37.5000    0.0000 2350.8330   13.0761
    7.5000  -37.5000    0.0000 2329.4783   13.1945
   -7.5000  -30.0000    0.0000 2431.0999   11.6999
    0.0000  -30.0000    0.0000 2458.6062   11.5148
    7.5000  -30.0000    0.0000 2444.1985   11.6689
   -7.5000  -22.5000    0.0000 2542.8484   10.4803
    0.0000  -22.5000    0.0000 2567.7849   10.2972
    7.5000  -22.5000    0.0000 2557.7683   10.4512
   -7.5000  -15.0000    0.0000 2658.1870    9.5623
    0.0000  -15.0000    0.0000 2682.5098    9.3780
    7.5000  -15.0000    0.0000 2669.0303    9.5162
   -7.5000   -7.5000    0.0000 2771.8496    8.8794
    0.0000   -7.5000    0.0000 2793.9089    8.7124
    7.5000   -7.5000    0.0000 2777.1914    8.8493
   -7.5000    0.0000    0.0000 2869.5684    8.4472
    0.0000    0.0000    0.0000 2900.1094    8.2731
    7.5000    0.0000    0.0000 2876.1204    8.4187
   -7.5000    7.5000    0.0000 2959.3220    8.2745
    0.0000    7.5000    0.0000 3001.9482    8.1181
    7.5000    7.5000    0.0000 2955.3193    8.2358
   -7.5000   15.0000    0.0000 3009.3916    8.2259
    0.0000   15.0000    0.0000 3067.0554    8.0914
    7.5000   15.0000    0.0000 2984.9971    8.2138
   -7.5000   22.5000    0.0000 2983.9441    8.3632
    0.0000   22.5000    0.0000 3029.9412    8.2262
    7.5000   22.5000    0.0000 2952.5312    8.3658
   -7.5000   30.0000    0.0000 2898.3408    8.7102
    0.0000   30.0000    0.0000 2926.4399    8.5541
    7.5000   30.0000    0.0000 2876.8335    8.7098
   -7.5000   37.5000    0.0000 2789.5942    9.2342
    0.0000   37.5000    0.0000 2813.8477    9.0957
    7.5000   37.5000    0.0000 2778.4875    9.2362
   -7.5000   45.0000    0.0000 2660.8760   10.0641
    0.0000   45.0000    0.0000 2680.8513    9.9181
    7.5000   45.0000    0.0000 2652.2153   10.0700
   -7.5000  -45.0000    7.5000 2168.5654   15.3394
    0.0000  -45.0000    7.5000 2195.1460   15.0842
    7.5000  -45.0000    7.5000 2174.4709   15.2758
   -7.5000  -37.5000    7.5000 2309.1804   13.4495
    0.0000  -37.5000    7.5000 2338.9722   13.1732
    7.5000  -37.5000    7.5000 2313.2964   13.3524
   -7.5000  -30.0000    7.5000 2414.2554   11.8153
    0.0000  -30.0000    7.5000 2438.3213   11.5670
    7.5000  -30.0000    7.5000 2428.0078   11.8120
   -7.5000  -22.5000    7.5000 2521.9019   10.6168
    0.0000  -22.5000    7.5000 2541.7800   10.3868
    7.5000  -22.5000    7.5000 2531.4719   10.5949
   -7.5000  -15.0000    7.5000 2638.4028    9.6801
    0.0000  -15.0000    7.5000 2656.2012    9.4921
    7.5000  -15.0000    7.5000 2644.7947    9.6659
   -7.5000   -7.5000    7.5000 2754.0396    8.9818
    0.0000   -7.5000    7.5000 2772.9536    8.8201
    7.5000   -7.5000    7.5000 2756.4463    8.9774
   -7.5000    0.0000    7.5000 2857.0803    8.5218
    0.0000    0.0000    7.5000 2883.3945    8.3956
    7.5000    0.0000    7.5000 2853.0593    8.5313
   -7.5000    7.5000    7.5000 2954.1697    8.2974
    0.0000    7.5000    7.5000 2986.9114    8.2060
    7.5000    7.5000    7.5000 2932.8867    8.3021
   -7.5000   15.0000    7.5000 3000.9717    8.2221
    0.0000   15.0000    7.5000 3046.1455    8.1450
    7.5000   15.0000    7.5000 2969.7725    8.2503
   -7.5000   22.5000    7.5000 2973.4663    8.4003
    0.0000   22.5000    7.5000 3011.1541    8.3065
    7.5000   22.5000    7.5000 2942.9133    8.4076
   -7.5000   30.0000    7.5000 2888.7170    8.7957
    0.0000   30.0000    7.5000 2914.6887    8.6740
    7.5000   30.0000    7.5000 2867.3430    8.7801
   -7.5000   37.5000    7.5000 2777.0120    9.3335
    0.0000   37.5000    7.5000 2798.9021    9.1888
    7.5000   37.5000    7.5000 2765.7966    9.3171
   -7.5000   45.0000    7.5000 2649.6294   10.1223
    0.0000   45.0000    7.5000 2667.7729    9.9673
    7.5000   45.0000    7.5000 2640.6697   10.0948
   -7.5000  -45.0000   15.0000 2130.7637   15.7357
    0.0000  -45.0000   15.0000 2153.4543   15.4564
    7.5000  -45.0000   15.0000 2134.7195   15.6855
   -7.5000  -37.5000   15.0000 2276.2534   13.7747
    0.0000  -37.5000   15.0000 2301.7341   13.5076
    7.5000  -37.5000   15.0000 2281.7378   13.7440
   -7.5000  -30.0000   15.0000 2388.8062   12.1391
    0.0000  -30.0000   15.0000 2408.5669   11.9303
    7.5000  -30.0000   15.0000 2394.9087   12.1614
   -7.5000  -22.5000   15.0000 2495.7861   10.8907
    0.0000  -22.5000   15.0000 2513.5186   10.7254
    7.5000  -22.5000   15.0000 2496.8667   10.9310
   -7.5000  -15.0000   15.0000 2609.9592    9.9303
    0.0000  -15.0000   15.0000 2626.2209    9.7813
    7.5000  -15.0000   15.0000 2609.1748    9.9653
   -7.5000   -7.5000   15.0000 2724.2168    9.2262
    0.0000   -7.5000   15.0000 2738.2725    9.0893
    7.5000   -7.5000   15.0000 2720.0120    9.2551
   -7.5000    0.0000   15.0000 2828.1941    8.7739
    0.0000    0.0000   15.0000 2846.0654    8.6442
    7.5000    0.0000   15.0000 2816.3008    8.7790
   -7.5000    7.5000   15.0000 2911.7095    8.5090
    0.0000    7.5000   15.0000 2939.4875    8.4003
    7.5000    7.5000   15.0000 2890.6511    8.5186
   -7.5000   15.0000   15.0000 2947.1799    8.4434
    0.0000   15.0000   15.0000 2981.8115    8.3162
    7.5000   15.0000   15.0000 2924.4023    8.4645
   -7.5000   22.5000   15.0000 2919.0225    8.6572
    0.0000   22.5000   15.0000 2952.9028    8.5173
    7.5000   22.5000   15.0000 2897.1824    8.6443
   -7.5000   30.0000   15.0000 2848.5962    9.0424
    0.0000   30.0000   15.0000 2875.0039    8.9005
    7.5000   30.0000   15.0000 2828.0952    9.0177
   -7.5000   37.5000   15.0000 2733.2671    9.6019
    0.0000   37.5000   15.0000 2754.0710    9.4573
    7.5000   37.5000   15.0000 2723.0793    9.5779
   -7.5000   45.0000   15.0000 2612.6318   10.3546
    0.0000   45.0000   15.0000 2628.9705   10.2230
    7.5000   45.0000   15.0000 2601.0935   10.3266
   -7.5000  -45.0000   22.5000 2080.2214   16.3676
    0.0000  -45.0000   22.5000 2094.0981   16.1381
    7.5000  -45.0000   22.5000 2079.9756   16.3844
   -7.5000  -37.5000   22.5000 2226.7549   14.2864
    0.0000  -37.5000   22.5000 2246.5020   14.1132
    7.5000  -37.5000   22.5000 2232.0010   14.3770
   -7.5000  -30.0000   22.5000 2346.3384   12.6088
    0.0000  -30.0000   22.5000 2365.2251   12.4523
    7.5000  -30.0000   22.5000 2351.6516   12.7089
   -7.5000  -22.5000   22.5000 2463.4683   11.2970
    0.0000  -22.5000   22.5000 2477.8455   11.1526
    7.5000  -22.5000   22.5000 2458.9304   11.3960
   -7.5000  -15.0000   22.5000 2579.3550   10.3258
    0.0000  -15.0000   22.5000 2594.9390   10.1772
    7.5000  -15.0000   22.5000 2571.7861   10.4054
   -7.5000   -7.5000   22.5000 2689.6492    9.6195
    0.0000   -7.5000   22.5000 2703.4104    9.4746
    7.5000   -7.5000   22.5000 2677.8667    9.6798
   -7.5000    0.0000   22.5000 2785.7539    9.1598
    0.0000    0.0000   22.5000 2799.7903    9.0170
    7.5000    0.0000   22.5000 2762.8562    9.1806
   -7.5000    7.5000   22.5000 2854.0566    8.8665
    0.0000    7.5000   22.5000 2871.4268    8.7350
    7.5000    7.5000   22.5000 2825.3469    8.9013
   -7.5000   15.0000   22.5000 2879.2898    8.8005
    0.0000   15.0000   22.5000 2900.5205    8.6619
    7.5000   15.0000   22.5000 2859.5588    8.8210
   -7.5000   22.5000   22.5000 2846.2893    9.0258
    0.0000   22.5000   22.5000 2872.3735    8.8902
    7.5000   22.5000   22.5000 2830.1160    9.0121
   -7.5000   30.0000   22.5000 2779.3945    9.4043
    0.0000   30.0000   22.5000 2799.8843    9.2740
    7.5000   30.0000   22.5000 2761.6335    9.3913
   -7.5000   37.5000   22.5000 2681.1772    9.9701
    0.0000   37.5000   22.5000 2696.3623    9.8210
    7.5000   37.5000   22.5000 2668.0994    9.9518
   -7.5000   45.0000   22.5000 2559.7559   10.7301
    0.0000   45.0000   22.5000 2575.4990   10.5934
    7.5000   45.0000   22.5000 2551.9460   10.7145
   -7.5000  -45.0000   30.0000 2021.1743   17.1074
    0.0000  -45.0000   30.0000 2031.7404   16.9500
    7.5000  -45.0000   30.0000 2019.1810   17.2335
   -7.5000  -37.5000   30.0000 2171.9810   14.9409
    0.0000  -37.5000   30.0000 2187.5022   14.7835
    7.5000  -37.5000   30.0000 2175.5366   15.0715
   -7.5000  -30.0000   30.0000 2297.8918   13.2102
    0.0000  -30.0000   30.0000 2314.6379   13.0671
    7.5000  -30.0000   30.0000 2299.8350   13.3562
   -7.5000  -22.5000   30.0000 2419.8853   11.8457
    0.0000  -22.5000   30.0000 2434.0266   11.7108
    7.5000  -22.5000   30.0000 2409.7432   11.9996
   -7.5000  -15.0000   30.0000 2529.6846   10.8509
    0.0000  -15.0000   30.0000 2545.7219   10.7101
    7.5000  -15.0000   30.0000 2519.1526   10.9781
   -7.5000   -7.5000   30.0000 2634.6296   10.1319
    0.0000   -7.5000   30.0000 2649.6023    9.9905
    7.5000   -7.5000   30.0000 2618.0703   10.2263
   -7.5000    0.0000   30.0000 2722.8999    9.6686
    0.0000    0.0000   30.0000 2737.1333    9.5259
    7.5000    0.0000   30.0000 2696.5479    9.7288
   -7.5000    7.5000   30.0000 2777.0266    9.3804
    0.0000    7.5000   30.0000 2794.9604    9.2368
    7.5000    7.5000   30.0000 2749.5630    9.4203
   -7.5000   15.0000   30.0000 2793.3337    9.3172
    0.0000   15.0000   30.0000 2809.7744    9.1775
    7.5000   15.0000   30.0000 2772.4312    9.3225
   -7.5000   22.5000   30.0000 2758.0115    9.5357
    0.0000   22.5000   30.0000 2779.7388    9.3963
    7.5000   22.5000   30.0000 2742.1785    9.5254
   -7.5000   30.0000   30.0000 2695.8210    9.8882
    0.0000   30.0000   30.0000 2713.1130    9.7481
    7.5000   30.0000   30.0000 2676.8438    9.8825
   -7.5000   37.5000   30.0000 2609.0432   10.4485
    0.0000   37.5000   30.0000 2620.9595   10.3207
    7.5000   37.5000   30.0000 2591.6187   10.4432
   -7.5000   45.0000   30.0000 2493.8069   11.1724
    0.0000   45.0000   30.0000 2507.3872   11.0653
    7.5000   45.0000   30.0000 2485.5049   11.1865
   -7.5000  -45.0000   37.5000 1964.3597   18.1160
    0.0000  -45.0000   37.5000 1975.7795   17.9615
    7.5000  -45.0000   37.5000 1961.5583   18.3156
   -7.5000  -37.5000   37.5000 2118.7136   15.7791
    0.0000  -37.5000   37.5000 2130.3997   15.6307
    7.5000  -37.5000   37.5000 2114.1145   15.9687
   -7.5000  -30.0000   37.5000 2247.9460   13.9684
    0.0000  -30.0000   37.5000 2261.9395   13.8300
    7.5000  -30.0000   37.5000 2239.5791   14.1579
   -7.5000  -22.5000   37.5000 2369.1008   12.5664
    0.0000  -22.5000   37.5000 2381.9912   12.4485
    7.5000  -22.5000   37.5000 2353.0820   12.7431
   -7.5000  -15.0000   37.5000 2472.5542   11.5498
    0.0000  -15.0000   37.5000 2485.1919   11.4165
    7.5000  -15.0000   37.5000 2456.7551   11.6953
   -7.5000   -7.5000   37.5000 2563.9458   10.8049
    0.0000   -7.5000   37.5000 2578.5083   10.6848
    7.5000   -7.5000   37.5000 2546.6641   10.9277
   -7.5000    0.0000   37.5000 2640.1499   10.3102
    0.0000    0.0000   37.5000 2657.1687   10.1839
    7.5000    0.0000   37.5000 2618.6416   10.4122
   -7.5000    7.5000   37.5000 2686.1030   10.0183
    0.0000    7.5000   37.5000 2704.5493    9.9022
    7.5000    7.5000   37.5000 2669.7598   10.0938
   -7.5000   15.0000   37.5000 2693.9399    9.9778
    0.0000   15.0000   37.5000 2708.8640    9.8614
    7.5000   15.0000   37.5000 2678.1196   10.0070
   -7.5000   22.5000   37.5000 2661.6829   10.1713
    0.0000   22.5000   37.5000 2676.4446   10.0537
    7.5000   22.5000   37.5000 2643.1409   10.1897
   -7.5000   30.0000   37.5000 2608.2881   10.4925
    0.0000   30.0000   37.5000 2621.4119   10.3782
    7.5000   30.0000   37.5000 2590.2983   10.5300
   -7.5000   37.5000   37.5000 2534.9490   11.0176
    0.0000   37.5000   37.5000 2547.0505   10.9122
    7.5000   37.5000   37.5000 2513.6631   11.0567
   -7.5000   45.0000   37.5000 2425.5640   11.7519
    0.0000   45.0000   37.5000 2437.6147   11.6566
    7.5000   45.0000   37.5000 2411.8716   11.7974
   -7.5000  -45.0000   45.0000 1897.2089   19.3497
    0.0000  -45.0000   45.0000 1910.3706   19.2590
    7.5000  -45.0000   45.0000 1890.3192   19.6502
   -7.5000  -37.5000   45.0000 2055.0520   16.8023
    0.0000  -37.5000   45.0000 2067.4441   16.7381
    7.5000  -37.5000   45.0000 2042.5674   17.1200
   -7.5000  -30.0000   45.0000 2186.7822   14.9092
    0.0000  -30.0000   45.0000 2198.2935   14.8349
    7.5000  -30.0000   45.0000 2170.5889   15.1812
   -7.5000  -22.5000   45.0000 2306.9011   13.4731
    0.0000  -22.5000   45.0000 2315.6907   13.3847
    7.5000  -22.5000   45.0000 2283.8521   13.6810
   -7.5000  -15.0000   45.0000 2403.6287   12.4242
    0.0000  -15.0000   45.0000 2413.6960   12.3192
    7.5000  -15.0000   45.0000 2381.3188   12.5824
   -7.5000   -7.5000   45.0000 2486.9514   11.6634
    0.0000   -7.5000   45.0000 2499.7656   11.5625
    7.5000   -7.5000   45.0000 2466.1516   11.7977
   -7.5000    0.0000   45.0000 2546.7229   11.1253
    0.0000    0.0000   45.0000 2559.7595   11.0264
    7.5000    0.0000   45.0000 2528.8005   11.2574
   -7.5000    7.5000   45.0000 2583.9004   10.8155
    0.0000    7.5000   45.0000 2595.0432   10.7303
    7.5000    7.5000   45.0000 2570.9148   10.9120
   -7.5000   15.0000   45.0000 2588.0950   10.8001
    0.0000   15.0000   45.0000 2600.6113   10.6994
    7.5000   15.0000   45.0000 2573.3389   10.8494
   -7.5000   22.5000   45.0000 2559.8379   10.9631
    0.0000   22.5000   45.0000 2571.2844   10.8659
    7.5000   22.5000   45.0000 2540.8672   11.0084
   -7.5000   30.0000   45.0000 2508.4985   11.3044
    0.0000   30.0000   45.0000 2517.9097   11.2080
    7.5000   30.0000   45.0000 2491.4067   11.3602
   -7.5000   37.5000   45.0000 2443.4172   11.8014
    0.0000   37.5000   45.0000 2455.0081   11.6964
    7.5000   37.5000   45.0000 2424.2832   11.8515
   -7.5000   45.0000   45.0000 2351.2856   12.5248
    0.0000   45.0000   45.0000 2356.7190   12.4288
    7.5000   45.0000   45.0000 2328.1677   12.5696

---------------------------------------------------------------------
imgreg_4dfp /opt/freesurfer/average/711-2C_as_mni_average_305 /opt/freesurfer/average/711-2B_as_mni_average_305_mask talsrcimg_g11 none talsrcimg_to_711-2C_as_mni_average_305_t4 1283
---------------------------------------------------------------------

freesurfer imgreg_4dfp.c
/opt/freesurfer/average/711-2C_as_mni_average_305.4dfp.img
       256       256       256         1
  1.000000  1.000000  1.000000
orientation T byte_order littleendian
Reading image: /opt/freesurfer/average/711-2C_as_mni_average_305.4dfp.img
dimensions:      256       256       256
mmppix:       1.0000   -1.0000   -1.0000
center:     128.0000 -129.0000 -129.0000
/opt/freesurfer/average/711-2B_as_mni_average_305_mask.4dfp.img
       256       256       256         1
  1.000000  1.000000  1.000000
orientation T byte_order littleendian
Reading mask: /opt/freesurfer/average/711-2B_as_mni_average_305_mask.4dfp.img (2306576 pixels)
talsrcimg_g11.4dfp.img
       256       256       256         1
  1.000000  1.000000  1.000000
orientation T byte_order littleendian
Reading image: talsrcimg_g11.4dfp.img
dimensions:      256       256       256
mmppix:       1.0000   -1.0000   -1.0000
center:     128.0000 -129.0000 -129.0000
rotation matrix determinant  1.000000
fimgreg.f
image alignment mode   1283 decimal      503 hex
parameters
    0.0000   15.0000    0.0000    0.0000    0.0000    0.0000
eta,q 0.96193  8.09803
niter,ni,del,rscale     5    3   12.0000    1.2000
parameter  4  0.723717 ->  0.500000 qaram    1.1500
parameters
   -0.7304   15.7255    2.0470   -3.4500    1.5801    0.0503
eta,q 0.96352  8.06255
  0.0538  0.0504  0.0510  0.0369  0.0486  0.0424
  0.0458  0.0445  0.0456  0.0370  0.0433  0.0398
  0.0405  0.0409  0.0418  0.0375  0.0395  0.0376
  0.0399  0.0394  0.0392  0.0383  0.0371  0.0365
  0.0445  0.0399  0.0383  0.0402  0.0365  0.0371
  0.0522  0.0417  0.0390  0.0428  0.0380  0.0394
  0.0612  0.0460  0.0416  0.0462  0.0408  0.0425
niter,ni,del,rscale     5    3   12.0000    1.2000
parameter  4  1.154740 ->  0.500000 qaram    1.3225
parameters
   -1.7659   17.5287    0.9409   -7.4175    3.0884   -1.6578
eta,q 0.97023  8.06592
  0.0483  0.0505  0.0398  0.0314  0.0439  0.0333
  0.0407  0.0427  0.0359  0.0308  0.0381  0.0307
  0.0361  0.0381  0.0345  0.0320  0.0338  0.0298
  0.0365  0.0356  0.0350  0.0346  0.0311  0.0304
  0.0419  0.0351  0.0366  0.0372  0.0305  0.0325
  0.0495  0.0365  0.0399  0.0397  0.0322  0.0358
  0.0577  0.0387  0.0451  0.0427  0.0355  0.0398
niter,ni,del,rscale     5    3   12.0000    1.2000
parameters
   -2.4245   18.9117    0.5895   -7.8308    3.7328   -1.5148
eta,q 0.97228  8.06928
  0.0472  0.0504  0.0382  0.0389  0.0403  0.0348
  0.0367  0.0398  0.0323  0.0315  0.0343  0.0313
  0.0299  0.0331  0.0289  0.0274  0.0298  0.0288
  0.0298  0.0290  0.0281  0.0281  0.0278  0.0277
  0.0355  0.0283  0.0298  0.0308  0.0284  0.0283
  0.0444  0.0314  0.0345  0.0350  0.0315  0.0306
  0.0543  0.0368  0.0405  0.0390  0.0358  0.0344
niter,ni,del,rscale     4    3   12.0000    1.2000
parameters
   -2.5229   19.0759    0.5328   -7.9395    3.7864   -1.4807
eta,q 0.97235  8.06863
  0.0505  0.0435  0.0390  0.0393  0.0382  0.0344
  0.0387  0.0349  0.0329  0.0322  0.0326  0.0311
  0.0301  0.0296  0.0289  0.0277  0.0287  0.0286
  0.0277  0.0277  0.0277  0.0277  0.0276  0.0277
  0.0318  0.0299  0.0291  0.0301  0.0291  0.0283
  0.0405  0.0347  0.0333  0.0341  0.0328  0.0307
  0.0510  0.0411  0.0393  0.0382  0.0374  0.0345
niter,ni,del,rscale     3    3   12.0000    1.2000
parameters
   -2.5253   19.1102    0.5237   -7.9784    3.7792   -1.4664
eta,q 0.97236  8.06846
  0.0512  0.0429  0.0392  0.0395  0.0380  0.0344
  0.0393  0.0344  0.0330  0.0325  0.0325  0.0310
  0.0304  0.0293  0.0289  0.0278  0.0287  0.0286
  0.0277  0.0277  0.0277  0.0277  0.0276  0.0276
  0.0314  0.0303  0.0289  0.0299  0.0292  0.0283
  0.0399  0.0351  0.0331  0.0340  0.0329  0.0307
  0.0505  0.0417  0.0391  0.0381  0.0376  0.0346
registration optimization eta report
parameter search radius
    6.0000    6.0000    6.0000    7.9350    6.0000    6.0000
100000*second partial in parameter space
       63.       40.       32.       18.       28.       19.
  0.0512  0.0429  0.0392  0.0395  0.0380  0.0344
  0.0393  0.0344  0.0330  0.0325  0.0325  0.0310
  0.0304  0.0293  0.0289  0.0278  0.0287  0.0286
  0.0277  0.0277  0.0277  0.0277  0.0276  0.0276
  0.0314  0.0303  0.0289  0.0299  0.0292  0.0283
  0.0399  0.0351  0.0331  0.0340  0.0329  0.0307
  0.0505  0.0417  0.0391  0.0381  0.0376  0.0346
   -2.5253   19.1102    0.5237   -7.9784    3.7792   -1.4664
eta,q 0.97236  8.06846

---------------------------------------------------------------------
imgreg_4dfp /opt/freesurfer/average/711-2C_as_mni_average_305 /opt/freesurfer/average/711-2B_as_mni_average_305_mask talsrcimg_g11 none talsrcimg_to_711-2C_as_mni_average_305_t4 3335
---------------------------------------------------------------------

freesurfer imgreg_4dfp.c
/opt/freesurfer/average/711-2C_as_mni_average_305.4dfp.img
       256       256       256         1
  1.000000  1.000000  1.000000
orientation T byte_order littleendian
Reading image: /opt/freesurfer/average/711-2C_as_mni_average_305.4dfp.img
dimensions:      256       256       256
mmppix:       1.0000   -1.0000   -1.0000
center:     128.0000 -129.0000 -129.0000
/opt/freesurfer/average/711-2B_as_mni_average_305_mask.4dfp.img
       256       256       256         1
  1.000000  1.000000  1.000000
orientation T byte_order littleendian
Reading mask: /opt/freesurfer/average/711-2B_as_mni_average_305_mask.4dfp.img (2306576 pixels)
talsrcimg_g11.4dfp.img
       256       256       256         1
  1.000000  1.000000  1.000000
orientation T byte_order littleendian
Reading image: talsrcimg_g11.4dfp.img
dimensions:      256       256       256
mmppix:       1.0000   -1.0000   -1.0000
center:     128.0000 -129.0000 -129.0000
fimgreg.f
image alignment mode   3335 decimal      D07 hex
parameters
   -2.5253   19.1102    0.5237   -0.2501   -1.0238   -1.1833
    3.4488   -6.1701   -2.5535   14.0425    6.5912  -13.8498
eta,q 0.97307  8.12239
niter,ni,del,rscale     5    3    5.0000    1.2000
parameter  4  0.522966 ->  0.500000 qaram    1.1500
parameter  5  0.978319 ->  0.500000 qaram    1.1500
parameters
   -2.4783   19.4485    0.1090   -4.3901   -5.1638   -3.0332
    2.3068   -6.1911   -2.2551   13.2670    4.0696  -12.8183
eta,q 0.97634  7.78185
  0.0311  0.0306  0.0283  0.0265  0.0233  0.0257  0.0257  0.0282  0.0260  0.0264  0.0241  0.0255
  0.0288  0.0289  0.0273  0.0259  0.0235  0.0248  0.0246  0.0259  0.0249  0.0249  0.0238  0.0246
  0.0274  0.0276  0.0268  0.0259  0.0244  0.0241  0.0239  0.0244  0.0241  0.0240  0.0237  0.0240
  0.0269  0.0269  0.0269  0.0268  0.0259  0.0237  0.0239  0.0239  0.0239  0.0239  0.0238  0.0237
  0.0273  0.0270  0.0274  0.0287  0.0282  0.0247  0.0245  0.0244  0.0240  0.0245  0.0242  0.0237
  0.0286  0.0277  0.0284  0.0320  0.0311  0.0274  0.0257  0.0259  0.0247  0.0258  0.0248  0.0241
  0.0307  0.0290  0.0298  0.0360  0.0342  0.0313  0.0273  0.0283  0.0257  0.0278  0.0256  0.0247
niter,ni,del,rscale     6    3    5.0000    1.2000
parameters
   -2.2438   19.5409   -0.2857   -4.1275   -7.4137   -3.7800
    2.1560   -5.7229   -1.9364   13.6187    3.6906  -13.0166
eta,q 0.97662  7.69609
  0.0275  0.0264  0.0248  0.0269  0.0252  0.0253  0.0260  0.0280  0.0254  0.0265  0.0240  0.0246
  0.0256  0.0249  0.0240  0.0254  0.0239  0.0246  0.0246  0.0257  0.0243  0.0249  0.0237  0.0239
  0.0243  0.0240  0.0236  0.0243  0.0233  0.0239  0.0237  0.0241  0.0237  0.0239  0.0235  0.0235
  0.0237  0.0236  0.0236  0.0236  0.0235  0.0232  0.0234  0.0234  0.0234  0.0234  0.0234  0.0234
  0.0238  0.0239  0.0240  0.0236  0.0246  0.0232  0.0238  0.0237  0.0235  0.0236  0.0235  0.0236
  0.0247  0.0247  0.0248  0.0245  0.0265  0.0246  0.0248  0.0249  0.0241  0.0245  0.0238  0.0240
  0.0263  0.0260  0.0258  0.0270  0.0296  0.0277  0.0262  0.0270  0.0251  0.0260  0.0242  0.0247
niter,ni,del,rscale     5    3    5.0000    1.2000
parameters
   -2.1447   19.7103   -0.4208   -3.8542   -7.6506   -3.9818
    2.0841   -5.5750   -1.9227   13.9351    3.7384  -13.1527
eta,q 0.97665  7.69432
  0.0268  0.0263  0.0247  0.0264  0.0265  0.0255  0.0260  0.0277  0.0252  0.0264  0.0241  0.0246
  0.0250  0.0248  0.0239  0.0250  0.0249  0.0247  0.0246  0.0254  0.0242  0.0249  0.0237  0.0239
  0.0239  0.0238  0.0235  0.0240  0.0238  0.0240  0.0237  0.0239  0.0236  0.0238  0.0235  0.0235
  0.0234  0.0234  0.0234  0.0234  0.0233  0.0233  0.0234  0.0234  0.0234  0.0234  0.0234  0.0234
  0.0236  0.0236  0.0236  0.0233  0.0238  0.0230  0.0237  0.0238  0.0236  0.0236  0.0234  0.0235
  0.0246  0.0243  0.0242  0.0242  0.0250  0.0240  0.0247  0.0252  0.0242  0.0245  0.0237  0.0240
  0.0263  0.0256  0.0250  0.0266  0.0271  0.0267  0.0261  0.0274  0.0252  0.0260  0.0241  0.0247
niter,ni,del,rscale     4    3    5.0000    1.2000
parameters
   -2.1151   19.7830   -0.4951   -3.8500   -7.7241   -4.0658
    2.0841   -5.5507   -1.9807   14.0952    3.8199  -13.2084
eta,q 0.97664  7.69078
  0.0266  0.0260  0.0248  0.0263  0.0267  0.0255  0.0260  0.0275  0.0251  0.0262  0.0241  0.0247
  0.0249  0.0246  0.0239  0.0249  0.0251  0.0247  0.0246  0.0253  0.0241  0.0248  0.0237  0.0239
  0.0238  0.0237  0.0235  0.0240  0.0238  0.0240  0.0237  0.0239  0.0235  0.0238  0.0235  0.0235
  0.0233  0.0233  0.0233  0.0233  0.0233  0.0233  0.0234  0.0234  0.0234  0.0234  0.0234  0.0234
  0.0237  0.0236  0.0236  0.0234  0.0238  0.0230  0.0237  0.0239  0.0236  0.0236  0.0234  0.0235
  0.0247  0.0244  0.0241  0.0243  0.0249  0.0239  0.0246  0.0252  0.0242  0.0246  0.0237  0.0240
  0.0265  0.0257  0.0249  0.0269  0.0270  0.0265  0.0260  0.0275  0.0252  0.0261  0.0241  0.0247
niter,ni,del,rscale     3    3    5.0000    1.2000
parameters
   -2.1036   19.8247   -0.5363   -3.8569   -7.7668   -4.1178
    2.0939   -5.5432   -2.0255   14.1896    3.8672  -13.2336
eta,q 0.97663  7.68823
  0.0266  0.0260  0.0248  0.0263  0.0267  0.0255  0.0260  0.0275  0.0251  0.0262  0.0241  0.0247
  0.0249  0.0246  0.0240  0.0249  0.0251  0.0247  0.0246  0.0253  0.0241  0.0247  0.0237  0.0239
  0.0238  0.0237  0.0235  0.0240  0.0239  0.0240  0.0237  0.0239  0.0236  0.0238  0.0235  0.0235
  0.0234  0.0234  0.0234  0.0234  0.0234  0.0234  0.0234  0.0234  0.0234  0.0234  0.0234  0.0234
  0.0237  0.0236  0.0236  0.0234  0.0238  0.0230  0.0237  0.0239  0.0236  0.0236  0.0234  0.0235
  0.0248  0.0244  0.0241  0.0244  0.0249  0.0239  0.0246  0.0253  0.0242  0.0246  0.0237  0.0240
  0.0266  0.0258  0.0249  0.0269  0.0270  0.0265  0.0260  0.0275  0.0252  0.0261  0.0241  0.0246
niter,ni,del,rscale     2    3    5.0000    1.2000
parameters
   -2.0980   19.8498   -0.5595   -3.8594   -7.7965   -4.1531
    2.1064   -5.5425   -2.0543   14.2456    3.8997  -13.2485
eta,q 0.97662  7.68648
  0.0265  0.0260  0.0248  0.0263  0.0267  0.0255  0.0260  0.0275  0.0251  0.0262  0.0241  0.0247
  0.0249  0.0245  0.0240  0.0249  0.0251  0.0247  0.0247  0.0253  0.0242  0.0247  0.0237  0.0239
  0.0238  0.0237  0.0235  0.0240  0.0239  0.0240  0.0237  0.0239  0.0236  0.0238  0.0235  0.0235
  0.0234  0.0234  0.0234  0.0234  0.0234  0.0234  0.0234  0.0234  0.0234  0.0234  0.0234  0.0234
  0.0237  0.0236  0.0236  0.0234  0.0238  0.0230  0.0237  0.0239  0.0236  0.0237  0.0234  0.0235
  0.0248  0.0245  0.0241  0.0244  0.0249  0.0239  0.0246  0.0253  0.0242  0.0246  0.0237  0.0240
  0.0266  0.0258  0.0249  0.0269  0.0270  0.0265  0.0260  0.0275  0.0252  0.0261  0.0241  0.0247
niter,ni,del,rscale     1    3    5.0000    1.2000
parameters
   -2.0954   19.8640   -0.5740   -3.8613   -7.8094   -4.1714
    2.1107   -5.5411   -2.0783   14.2762    3.9124  -13.2594
eta,q 0.97662  7.68566
  0.0265  0.0259  0.0248  0.0263  0.0267  0.0255  0.0260  0.0275  0.0251  0.0261  0.0241  0.0247
  0.0249  0.0245  0.0240  0.0250  0.0251  0.0247  0.0246  0.0253  0.0242  0.0247  0.0237  0.0239
  0.0238  0.0237  0.0235  0.0240  0.0239  0.0240  0.0237  0.0239  0.0236  0.0238  0.0235  0.0235
  0.0234  0.0234  0.0234  0.0234  0.0234  0.0234  0.0234  0.0234  0.0234  0.0234  0.0234  0.0234
  0.0237  0.0237  0.0236  0.0234  0.0238  0.0230  0.0237  0.0239  0.0236  0.0237  0.0234  0.0236
  0.0248  0.0245  0.0241  0.0244  0.0249  0.0239  0.0246  0.0253  0.0242  0.0246  0.0237  0.0240
  0.0266  0.0259  0.0248  0.0269  0.0269  0.0264  0.0260  0.0275  0.0252  0.0261  0.0241  0.0247
registration optimization eta report
parameter search radius
    2.4000    2.4000    2.4000    8.2800    8.2800    7.2000
    7.2000    7.2000    7.2000    7.2000    7.2000    7.2000
100000*second partial in parameter space
       55.       44.       25.        5.        5.        5.
        5.        8.        3.        5.        1.        2.
  0.0265  0.0259  0.0248  0.0263  0.0267  0.0255  0.0260  0.0275  0.0251  0.0261  0.0241  0.0247
  0.0249  0.0245  0.0240  0.0250  0.0251  0.0247  0.0246  0.0253  0.0242  0.0247  0.0237  0.0239
  0.0238  0.0237  0.0235  0.0240  0.0239  0.0240  0.0237  0.0239  0.0236  0.0238  0.0235  0.0235
  0.0234  0.0234  0.0234  0.0234  0.0234  0.0234  0.0234  0.0234  0.0234  0.0234  0.0234  0.0234
  0.0237  0.0237  0.0236  0.0234  0.0238  0.0230  0.0237  0.0239  0.0236  0.0237  0.0234  0.0236
  0.0248  0.0245  0.0241  0.0244  0.0249  0.0239  0.0246  0.0253  0.0242  0.0246  0.0237  0.0240
  0.0266  0.0259  0.0248  0.0269  0.0269  0.0264  0.0260  0.0275  0.0252  0.0261  0.0241  0.0247
   -2.0954   19.8640   -0.5740   -3.8613   -7.8094   -4.1714
    2.1107   -5.5411   -2.0783   14.2762    3.9124  -13.2594
eta,q 0.97662  7.68566

---------------------------------------------------------------------
imgreg_4dfp /opt/freesurfer/average/711-2C_as_mni_average_305 /opt/freesurfer/average/711-2B_as_mni_average_305_mask talsrcimg_g11 none talsrcimg_to_711-2C_as_mni_average_305_t4 2311
---------------------------------------------------------------------

freesurfer imgreg_4dfp.c
/opt/freesurfer/average/711-2C_as_mni_average_305.4dfp.img
       256       256       256         1
  1.000000  1.000000  1.000000
orientation T byte_order littleendian
Reading image: /opt/freesurfer/average/711-2C_as_mni_average_305.4dfp.img
dimensions:      256       256       256
mmppix:       1.0000   -1.0000   -1.0000
center:     128.0000 -129.0000 -129.0000
/opt/freesurfer/average/711-2B_as_mni_average_305_mask.4dfp.img
       256       256       256         1
  1.000000  1.000000  1.000000
orientation T byte_order littleendian
Reading mask: /opt/freesurfer/average/711-2B_as_mni_average_305_mask.4dfp.img (2306576 pixels)
talsrcimg_g11.4dfp.img
       256       256       256         1
  1.000000  1.000000  1.000000
orientation T byte_order littleendian
Reading image: talsrcimg_g11.4dfp.img
dimensions:      256       256       256
mmppix:       1.0000   -1.0000   -1.0000
center:     128.0000 -129.0000 -129.0000
fimgreg.f
image alignment mode   2311 decimal      907 hex
parameters
   -2.0954   19.8640   -0.5740   -3.8613   -7.8094   -4.1714
    2.1107   -5.5411   -2.0783   14.2762    3.9124  -13.2594
eta,q 0.97662  7.68566
niter,ni,del,rscale     5    3    5.0000    0.8000
parameters
   -2.0730   19.8684   -0.5997   -2.8324   -7.7049   -2.9983
    2.1206   -5.4239   -2.1589   14.1694    4.2779  -13.9885
eta,q 0.97697  7.76713
  0.0249  0.0245  0.0240  0.0247  0.0246  0.0247  0.0244  0.0255  0.0239  0.0244  0.0236  0.0235
  0.0241  0.0239  0.0237  0.0241  0.0239  0.0242  0.0237  0.0243  0.0234  0.0237  0.0233  0.0232
  0.0236  0.0235  0.0234  0.0237  0.0235  0.0238  0.0232  0.0234  0.0231  0.0232  0.0231  0.0230
  0.0234  0.0234  0.0234  0.0234  0.0233  0.0233  0.0231  0.0231  0.0231  0.0231  0.0231  0.0230
  0.0235  0.0235  0.0235  0.0233  0.0234  0.0230  0.0232  0.0233  0.0231  0.0232  0.0231  0.0232
  0.0240  0.0239  0.0237  0.0235  0.0239  0.0232  0.0237  0.0241  0.0234  0.0238  0.0232  0.0235
  0.0248  0.0245  0.0241  0.0240  0.0245  0.0240  0.0244  0.0253  0.0239  0.0246  0.0235  0.0239
niter,ni,del,rscale     4    3    5.0000    0.7000
parameters
   -2.1194   19.7847   -0.3901   -2.8868   -7.6908   -2.6036
    2.1785   -5.5297   -2.2352   14.0441    4.3003  -14.0676
eta,q 0.97706  7.77661
  0.0242  0.0238  0.0239  0.0239  0.0241  0.0243  0.0240  0.0248  0.0236  0.0240  0.0234  0.0235
  0.0235  0.0234  0.0234  0.0235  0.0235  0.0238  0.0235  0.0238  0.0232  0.0234  0.0231  0.0232
  0.0231  0.0231  0.0232  0.0231  0.0231  0.0234  0.0231  0.0231  0.0230  0.0231  0.0230  0.0230
  0.0230  0.0230  0.0230  0.0230  0.0230  0.0230  0.0229  0.0229  0.0229  0.0229  0.0229  0.0229
  0.0232  0.0232  0.0230  0.0231  0.0231  0.0229  0.0231  0.0232  0.0230  0.0231  0.0230  0.0230
  0.0236  0.0235  0.0232  0.0234  0.0235  0.0232  0.0234  0.0239  0.0233  0.0235  0.0231  0.0232
  0.0243  0.0241  0.0235  0.0240  0.0241  0.0242  0.0240  0.0250  0.0236  0.0242  0.0234  0.0235
niter,ni,del,rscale     3    3    5.0000    0.6000
parameters
   -2.1465   19.7369   -0.3128   -2.8663   -7.7035   -2.3198
    2.1961   -5.5518   -2.1986   13.9343    4.2799  -14.1534
eta,q 0.97710  7.78430
  0.0238  0.0236  0.0235  0.0236  0.0237  0.0240  0.0237  0.0243  0.0234  0.0237  0.0232  0.0233
  0.0233  0.0232  0.0232  0.0233  0.0233  0.0236  0.0233  0.0236  0.0231  0.0233  0.0231  0.0231
  0.0230  0.0230  0.0230  0.0230  0.0230  0.0232  0.0230  0.0231  0.0230  0.0230  0.0229  0.0229
  0.0229  0.0229  0.0229  0.0229  0.0229  0.0229  0.0229  0.0229  0.0229  0.0229  0.0229  0.0229
  0.0231  0.0230  0.0230  0.0230  0.0230  0.0229  0.0230  0.0231  0.0229  0.0230  0.0229  0.0229
  0.0234  0.0233  0.0231  0.0232  0.0233  0.0232  0.0233  0.0236  0.0231  0.0233  0.0231  0.0231
  0.0239  0.0237  0.0234  0.0237  0.0237  0.0239  0.0237  0.0244  0.0234  0.0239  0.0232  0.0233
niter,ni,del,rscale     2    3    5.0000    0.5000
parameters
   -2.1628   19.7074   -0.2591   -2.8463   -7.7222   -2.0816
    2.1912   -5.5504   -2.1778   13.8531    4.2712  -14.2505
eta,q 0.97713  7.79050
  0.0235  0.0234  0.0233  0.0234  0.0235  0.0237  0.0234  0.0239  0.0232  0.0235  0.0231  0.0231
  0.0232  0.0231  0.0231  0.0231  0.0232  0.0234  0.0231  0.0234  0.0230  0.0231  0.0230  0.0230
  0.0230  0.0229  0.0229  0.0230  0.0230  0.0231  0.0229  0.0230  0.0229  0.0229  0.0229  0.0229
  0.0229  0.0229  0.0229  0.0229  0.0229  0.0229  0.0229  0.0229  0.0229  0.0229  0.0229  0.0229
  0.0230  0.0230  0.0229  0.0229  0.0230  0.0229  0.0229  0.0230  0.0229  0.0230  0.0229  0.0229
  0.0232  0.0231  0.0230  0.0231  0.0232  0.0231  0.0231  0.0233  0.0230  0.0232  0.0230  0.0230
  0.0236  0.0234  0.0232  0.0234  0.0235  0.0236  0.0234  0.0239  0.0232  0.0236  0.0231  0.0232
niter,ni,del,rscale     1    3    5.0000    0.4000
parameters
   -2.1682   19.6799   -0.2137   -2.8517   -7.7255   -1.8762
    2.1790   -5.5408   -2.1504   13.7854    4.2361  -14.3318
eta,q 0.97715  7.79522
  0.0233  0.0232  0.0231  0.0232  0.0233  0.0235  0.0232  0.0236  0.0231  0.0232  0.0230  0.0230
  0.0230  0.0230  0.0230  0.0230  0.0230  0.0232  0.0230  0.0232  0.0230  0.0230  0.0229  0.0229
  0.0229  0.0229  0.0229  0.0229  0.0229  0.0230  0.0229  0.0229  0.0229  0.0229  0.0229  0.0229
  0.0229  0.0229  0.0229  0.0229  0.0229  0.0229  0.0228  0.0229  0.0229  0.0229  0.0229  0.0229
  0.0229  0.0229  0.0229  0.0229  0.0229  0.0229  0.0229  0.0229  0.0229  0.0229  0.0229  0.0229
  0.0231  0.0230  0.0230  0.0230  0.0230  0.0230  0.0230  0.0232  0.0230  0.0231  0.0229  0.0229
  0.0233  0.0232  0.0231  0.0232  0.0233  0.0234  0.0232  0.0235  0.0231  0.0233  0.0230  0.0230
registration optimization eta report
parameter search radius
    0.8000    0.8000    0.8000    2.4000    2.4000    2.4000
    2.4000    2.4000    2.4000    2.4000    2.4000    2.4000
100000*second partial in parameter space
       64.       48.       37.        6.        7.       10.
        6.       12.        4.        7.        3.        3.
  0.0233  0.0232  0.0231  0.0232  0.0233  0.0235  0.0232  0.0236  0.0231  0.0232  0.0230  0.0230
  0.0230  0.0230  0.0230  0.0230  0.0230  0.0232  0.0230  0.0232  0.0230  0.0230  0.0229  0.0229
  0.0229  0.0229  0.0229  0.0229  0.0229  0.0230  0.0229  0.0229  0.0229  0.0229  0.0229  0.0229
  0.0229  0.0229  0.0229  0.0229  0.0229  0.0229  0.0228  0.0229  0.0229  0.0229  0.0229  0.0229
  0.0229  0.0229  0.0229  0.0229  0.0229  0.0229  0.0229  0.0229  0.0229  0.0229  0.0229  0.0229
  0.0231  0.0230  0.0230  0.0230  0.0230  0.0230  0.0230  0.0232  0.0230  0.0231  0.0229  0.0229
  0.0233  0.0232  0.0231  0.0232  0.0233  0.0234  0.0232  0.0235  0.0231  0.0233  0.0230  0.0230
   -2.1682   19.6799   -0.2137   -2.8517   -7.7255   -1.8762
    2.1790   -5.5408   -2.1504   13.7854    4.2361  -14.3318
eta,q 0.97715  7.79522

---------------------------------------------------------------------
imgreg_4dfp /opt/freesurfer/average/711-2C_as_mni_average_305 /opt/freesurfer/average/711-2B_as_mni_average_305_mask talsrcimg_g11 none talsrcimg_to_711-2C_as_mni_average_305_t4 2311
---------------------------------------------------------------------

freesurfer imgreg_4dfp.c
/opt/freesurfer/average/711-2C_as_mni_average_305.4dfp.img
       256       256       256         1
  1.000000  1.000000  1.000000
orientation T byte_order littleendian
Reading image: /opt/freesurfer/average/711-2C_as_mni_average_305.4dfp.img
dimensions:      256       256       256
mmppix:       1.0000   -1.0000   -1.0000
center:     128.0000 -129.0000 -129.0000
/opt/freesurfer/average/711-2B_as_mni_average_305_mask.4dfp.img
       256       256       256         1
  1.000000  1.000000  1.000000
orientation T byte_order littleendian
Reading mask: /opt/freesurfer/average/711-2B_as_mni_average_305_mask.4dfp.img (2306576 pixels)
talsrcimg_g11.4dfp.img
       256       256       256         1
  1.000000  1.000000  1.000000
orientation T byte_order littleendian
Reading image: talsrcimg_g11.4dfp.img
dimensions:      256       256       256
mmppix:       1.0000   -1.0000   -1.0000
center:     128.0000 -129.0000 -129.0000
fimgreg.f
image alignment mode   2311 decimal      907 hex
parameters
   -2.1682   19.6799   -0.2137   -2.8517   -7.7255   -1.8762
    2.1790   -5.5408   -2.1504   13.7854    4.2361  -14.3318
eta,q 0.97715  7.79521
niter,ni,del,rscale     5    3    5.0000    0.8000
parameters
   -2.1742   19.6670   -0.1559   -3.1962   -7.6649   -2.4438
    2.1888   -5.6129   -2.1227   13.8490    4.1324  -13.9109
eta,q 0.97707  7.76878
  0.0245  0.0241  0.0239  0.0240  0.0243  0.0243  0.0243  0.0253  0.0238  0.0245  0.0235  0.0237
  0.0236  0.0234  0.0233  0.0234  0.0235  0.0237  0.0236  0.0240  0.0233  0.0237  0.0232  0.0233
  0.0230  0.0230  0.0230  0.0230  0.0230  0.0232  0.0231  0.0232  0.0230  0.0232  0.0230  0.0230
  0.0229  0.0228  0.0228  0.0228  0.0229  0.0229  0.0229  0.0229  0.0229  0.0229  0.0229  0.0229
  0.0230  0.0230  0.0229  0.0230  0.0230  0.0230  0.0231  0.0232  0.0230  0.0231  0.0230  0.0230
  0.0236  0.0234  0.0232  0.0235  0.0235  0.0240  0.0236  0.0241  0.0233  0.0236  0.0232  0.0232
  0.0245  0.0241  0.0237  0.0245  0.0242  0.0257  0.0243  0.0254  0.0238  0.0244  0.0235  0.0235
niter,ni,del,rscale     4    3    5.0000    0.7000
parameters
   -2.1625   19.6835   -0.2626   -2.9749   -7.6532   -2.4725
    2.1611   -5.5608   -2.1122   13.8471    4.1914  -13.9810
eta,q 0.97708  7.77670
  0.0242  0.0239  0.0235  0.0239  0.0240  0.0242  0.0240  0.0249  0.0236  0.0241  0.0234  0.0234
  0.0235  0.0234  0.0232  0.0235  0.0234  0.0237  0.0234  0.0238  0.0232  0.0235  0.0231  0.0231
  0.0231  0.0230  0.0230  0.0231  0.0231  0.0233  0.0230  0.0232  0.0230  0.0231  0.0230  0.0230
  0.0229  0.0229  0.0229  0.0229  0.0229  0.0229  0.0229  0.0229  0.0229  0.0229  0.0229  0.0229
  0.0231  0.0230  0.0230  0.0230  0.0231  0.0229  0.0231  0.0231  0.0230  0.0230  0.0230  0.0230
  0.0235  0.0233  0.0233  0.0232  0.0234  0.0234  0.0234  0.0238  0.0232  0.0235  0.0231  0.0232
  0.0241  0.0238  0.0237  0.0238  0.0240  0.0245  0.0240  0.0248  0.0236  0.0241  0.0234  0.0235
niter,ni,del,rscale     3    3    5.0000    0.6000
parameters
   -2.1595   19.6864   -0.2687   -2.8859   -7.6567   -2.2677
    2.1581   -5.5480   -2.1331   13.8300    4.2274  -14.1180
eta,q 0.97711  7.78566
  0.0238  0.0236  0.0234  0.0236  0.0237  0.0240  0.0237  0.0244  0.0234  0.0238  0.0232  0.0233
  0.0233  0.0232  0.0231  0.0233  0.0233  0.0236  0.0232  0.0236  0.0231  0.0233  0.0230  0.0230
  0.0230  0.0230  0.0230  0.0230  0.0230  0.0232  0.0230  0.0231  0.0229  0.0230  0.0229  0.0229
  0.0229  0.0229  0.0229  0.0229  0.0229  0.0229  0.0229  0.0229  0.0229  0.0229  0.0229  0.0229
  0.0230  0.0230  0.0230  0.0230  0.0230  0.0229  0.0230  0.0231  0.0229  0.0230  0.0229  0.0229
  0.0233  0.0232  0.0231  0.0232  0.0233  0.0232  0.0233  0.0236  0.0231  0.0233  0.0230  0.0231
  0.0238  0.0236  0.0234  0.0236  0.0237  0.0240  0.0237  0.0244  0.0234  0.0238  0.0232  0.0233
niter,ni,del,rscale     2    3    5.0000    0.5000
parameters
   -2.1661   19.6803   -0.2371   -2.8558   -7.6881   -2.0464
    2.1675   -5.5453   -2.1322   13.7983    4.2293  -14.2360
eta,q 0.97714  7.79166
  0.0235  0.0234  0.0233  0.0234  0.0235  0.0237  0.0234  0.0239  0.0232  0.0235  0.0231  0.0231
  0.0232  0.0231  0.0231  0.0231  0.0232  0.0234  0.0231  0.0234  0.0230  0.0232  0.0230  0.0230
  0.0230  0.0229  0.0229  0.0230  0.0230  0.0231  0.0229  0.0230  0.0229  0.0229  0.0229  0.0229
  0.0229  0.0229  0.0229  0.0229  0.0229  0.0229  0.0229  0.0229  0.0229  0.0229  0.0229  0.0229
  0.0230  0.0229  0.0229  0.0229  0.0230  0.0229  0.0229  0.0230  0.0229  0.0229  0.0229  0.0229
  0.0232  0.0231  0.0230  0.0231  0.0232  0.0231  0.0231  0.0233  0.0230  0.0232  0.0230  0.0230
  0.0235  0.0234  0.0232  0.0234  0.0235  0.0236  0.0234  0.0239  0.0232  0.0235  0.0231  0.0232
niter,ni,del,rscale     1    3    5.0000    0.4000
parameters
   -2.1720   19.6679   -0.1960   -2.8593   -7.7066   -1.8606
    2.1640   -5.5350   -2.1220   13.7635    4.2154  -14.3155
eta,q 0.97715  7.79576
  0.0233  0.0232  0.0231  0.0232  0.0232  0.0235  0.0232  0.0236  0.0231  0.0233  0.0230  0.0230
  0.0230  0.0230  0.0230  0.0230  0.0230  0.0232  0.0230  0.0232  0.0230  0.0230  0.0229  0.0229
  0.0229  0.0229  0.0229  0.0229  0.0229  0.0230  0.0229  0.0229  0.0229  0.0229  0.0229  0.0229
  0.0229  0.0229  0.0229  0.0229  0.0229  0.0229  0.0228  0.0228  0.0229  0.0228  0.0228  0.0229
  0.0229  0.0229  0.0229  0.0229  0.0229  0.0229  0.0229  0.0229  0.0229  0.0229  0.0229  0.0229
  0.0230  0.0230  0.0230  0.0230  0.0231  0.0230  0.0230  0.0232  0.0229  0.0230  0.0229  0.0229
  0.0233  0.0232  0.0231  0.0232  0.0233  0.0234  0.0232  0.0235  0.0231  0.0233  0.0230  0.0230
registration optimization eta report
parameter search radius
    0.8000    0.8000    0.8000    2.4000    2.4000    2.4000
    2.4000    2.4000    2.4000    2.4000    2.4000    2.4000
100000*second partial in parameter space
       64.       48.       37.        6.        7.       10.
        6.       12.        4.        7.        3.        3.
  0.0233  0.0232  0.0231  0.0232  0.0232  0.0235  0.0232  0.0236  0.0231  0.0233  0.0230  0.0230
  0.0230  0.0230  0.0230  0.0230  0.0230  0.0232  0.0230  0.0232  0.0230  0.0230  0.0229  0.0229
  0.0229  0.0229  0.0229  0.0229  0.0229  0.0230  0.0229  0.0229  0.0229  0.0229  0.0229  0.0229
  0.0229  0.0229  0.0229  0.0229  0.0229  0.0229  0.0228  0.0228  0.0229  0.0228  0.0228  0.0229
  0.0229  0.0229  0.0229  0.0229  0.0229  0.0229  0.0229  0.0229  0.0229  0.0229  0.0229  0.0229
  0.0230  0.0230  0.0230  0.0230  0.0231  0.0230  0.0230  0.0232  0.0229  0.0230  0.0229  0.0229
  0.0233  0.0232  0.0231  0.0232  0.0233  0.0234  0.0232  0.0235  0.0231  0.0233  0.0230  0.0230
   -2.1720   19.6679   -0.1960   -2.8593   -7.7066   -1.8606
    2.1640   -5.5350   -2.1220   13.7635    4.2154  -14.3155
eta,q 0.97715  7.79576

---------------------------------------------------------------------
compute_vox2vox talsrcimg talsrcimg_to_711-2C_as_mni_average_305_t4 /opt/freesurfer/average/711-2C_as_mni_average_305
---------------------------------------------------------------------

freesurfer compute_vox2vox.c
Reading: talsrcimg.4dfp.ifh
Reading: talsrcimg_to_711-2C_as_mni_average_305_t4
Reading: /opt/freesurfer/average/711-2C_as_mni_average_305.4dfp.ifh
Writing: talsrcimg_to_711-2C_as_mni_average_305_t4_vox2vox.txt

start time Mon Mar 9 01:18:44 CET 2026
end		time Mon Mar 9 01:20:10 CET 2026

mpr2mni305 success

avi2talxfm orig_nu.mgz /opt/freesurfer/average/mni305.cor.mgz talsrcimg_to_711-2C_as_mni_average_305_t4_vox2vox.txt transforms/talairach.auto.xfm
avi2talxfm done
mv -f /out/sourcedata/freesurfer/sub-v1s17x0050243_ses-1/mri/talsrcimg_to_711-2C_as_mni_average_305_t4_vox2vox.txt /out/sourcedata/freesurfer/sub-v1s17x0050243_ses-1/mri/transforms/talsrcimg_to_711-2C_as_mni_average_305_t4_vox2vox.txt
lta_convert --src orig_nu.mgz --trg /opt/freesurfer/average/mni305.cor.mgz --inxfm transforms/talairach.auto.xfm --outlta transforms/talairach.auto.xfm.lta --subject fsaverage
7.3.2

--src: orig_nu.mgz src image (geometry).
--trg: /opt/freesurfer/average/mni305.cor.mgz trg image (geometry).
--inmni: transforms/talairach.auto.xfm input MNI/XFM transform.
--outlta: transforms/talairach.auto.xfm.lta output LTA.
--s: fsaverage subject name
 LTA read, type : 1
 1.02651   0.05997  -0.01477   0.75999;
-0.03978   0.99494   0.15526  -1.08194;
 0.02953  -0.14699   1.06001  -5.23592;
 0.00000   0.00000   0.00000   1.00000;
setting subject to fsaverage
Writing  LTA to file transforms/talairach.auto.xfm.lta...
lta_convert successful.
 
 
Started at Mon Mar 9 01:18:44 CET 2026
Ended   at Mon Mar  9 01:20:10 CET 2026
talairach_avi done
