/out/sourcedata/freesurfer/sub-v1s17x0050239_ses-1/mri
/opt/freesurfer/bin/talairach_avi
--i orig_nu.mgz --xfm transforms/talairach.auto.xfm
talairach_avi 7.3.2
Linux dna056 5.14.0-427.37.1.el9_4.x86_64 #1 SMP PREEMPT_DYNAMIC Fri Sep 13 12:41:50 EDT 2024 x86_64 x86_64 x86_64 GNU/Linux
Mon Mar  9 01:11:20 CET 2026
mri_convert orig_nu.mgz talsrcimg.img 
reading from orig_nu.mgz...
TR=0.00, TE=0.00, TI=0.00, flip angle=0.00
i_ras = (-1, 1.4843e-09, 0)
j_ras = (0, -1.86265e-09, -1)
k_ras = (-1.4843e-09, 1, 0)
writing to talsrcimg.img...
Analyze Output Matrix
-1.00000   0.00000  -0.00000   126.88657;
 0.00000  -0.00000   1.00000  -143.76669;
 0.00000  -1.00000   0.00000   113.73728;
 0.00000   0.00000   0.00000   1.00000;
--------------------
INFO: set hdr.hist.orient to -1
mpr2mni305 talsrcimg
Mon Mar  9 01:11:20 CET 2026
/opt/freesurfer/bin/mpr2mni305 talsrcimg
mpr2mni305 7.3.2
target=711-2C_as_mni_average_305

---------------------------------------------------------------------
analyzeto4dfp talsrcimg -O0 -y
---------------------------------------------------------------------

freesurfer ifh2hdr.c
Mon Mar  9 01:11:20 2026
Writing: talsrcimg.4dfp.hdr
freesurfer analyzeto4dfp.c
Reading: talsrcimg.hdr
header size 348 bytes
hdr.dime.datatype	offset=70	value=2
hdr.dime.bitpix		offset=72	value=8
hdr.hist.orient		offset=252	value=-1
dimensionality     4
dimensions       256       256       256         1
Reading: talsrcimg.img
Writing: talsrcimg.4dfp.img
Writing: talsrcimg.4dfp.ifh
ifh2hdr talsrcimg -r0to255
ori=2

---------------------------------------------------------------------
gauss_4dfp talsrcimg 1.1
---------------------------------------------------------------------

freesurfer gauss_4dfp.c
Reading: talsrcimg.4dfp.img
Writing: talsrcimg_g11.4dfp.img
image dimensions 256 256 256 padded to 288 288 288
processing volume 1freesurfer ifh2hdr.c
Mon Mar  9 01:11:22 2026
Writing: talsrcimg_g11.4dfp.hdr

Writing: talsrcimg_g11.4dfp.ifh
including: talsrcimg.4dfp.img.rec in talsrcimg_g11.4dfp.img.rec

---------------------------------------------------------------------
imgreg_4dfp /opt/freesurfer/average/711-2C_as_mni_average_305 none talsrcimg_g11 none talsrcimg_to_711-2C_as_mni_average_305_t4 4355
---------------------------------------------------------------------

freesurfer imgreg_4dfp.c
/opt/freesurfer/average/711-2C_as_mni_average_305.4dfp.img
       256       256       256         1
  1.000000  1.000000  1.000000
orientation T byte_order littleendian
Reading image: /opt/freesurfer/average/711-2C_as_mni_average_305.4dfp.img
dimensions:      256       256       256
mmppix:       1.0000   -1.0000   -1.0000
center:     128.0000 -129.0000 -129.0000
talsrcimg_g11.4dfp.img
       256       256       256         1
  1.000000  1.000000  1.000000
orientation T byte_order littleendian
Reading image: talsrcimg_g11.4dfp.img
dimensions:      256       256       256
mmppix:       1.0000   -1.0000   -1.0000
center:     128.0000 -129.0000 -129.0000
t4_read: open error in t4_sub.f l:  41 t4_file(1:l)talsrcimg_to_711-2C_as_mni_average_305_t4 
t4_read: transform initialized to I4
rotation matrix determinant  1.000000
image alignment mode   4355 decimal     1103 hex
   -7.5000  -45.0000  -45.0000 6404.8823   11.3936
    0.0000  -45.0000  -45.0000 6682.9829   11.4006
    7.5000  -45.0000  -45.0000 6397.9092   11.4133
   -7.5000  -37.5000  -45.0000 6986.1499   11.2192
    0.0000  -37.5000  -45.0000 7311.5884   11.2265
    7.5000  -37.5000  -45.0000 6985.8906   11.2350
   -7.5000  -30.0000  -45.0000 7855.8447   11.0992
    0.0000  -30.0000  -45.0000 8233.5381   11.1034
    7.5000  -30.0000  -45.0000 7867.2593   11.1079
   -7.5000  -22.5000  -45.0000 8793.0781   11.0312
    0.0000  -22.5000  -45.0000 9203.2910   11.0331
    7.5000  -22.5000  -45.0000 8789.4834   11.0384
   -7.5000  -15.0000  -45.0000 9681.1973   11.0108
    0.0000  -15.0000  -45.000010132.5029   11.0134
    7.5000  -15.0000  -45.0000 9656.4434   11.0222
   -7.5000   -7.5000  -45.000010462.3477   11.0149
    0.0000   -7.5000  -45.000010943.3428   11.0205
    7.5000   -7.5000  -45.000010414.6055   11.0322
   -7.5000    0.0000  -45.000011168.0918   11.0339
    0.0000    0.0000  -45.000011691.1699   11.0417
    7.5000    0.0000  -45.000011113.4580   11.0531
   -7.5000    7.5000  -45.000011057.2139   11.0490
    0.0000    7.5000  -45.000011566.2422   11.0559
    7.5000    7.5000  -45.000011007.2324   11.0635
   -7.5000   15.0000  -45.000010834.2383   11.0473
    0.0000   15.0000  -45.000011330.9971   11.0513
    7.5000   15.0000  -45.000010797.1406   11.0557
   -7.5000   22.5000  -45.000010568.1172   11.0266
    0.0000   22.5000  -45.000011076.4492   11.0286
    7.5000   22.5000  -45.000010565.3037   11.0338
   -7.5000   30.0000  -45.000010180.2109   10.8641
    0.0000   30.0000  -45.000010669.1074   10.8666
    7.5000   30.0000  -45.000010145.3662   10.8752
   -7.5000   37.5000  -45.000010045.6318   10.8681
    0.0000   37.5000  -45.000010521.7725   10.8736
    7.5000   37.5000  -45.000010003.9658   10.8852
   -7.5000   45.0000  -45.0000 9354.3691   10.6104
    0.0000   45.0000  -45.0000 9799.8662   10.6179
    7.5000   45.0000  -45.0000 9339.0645   10.6289
   -7.5000  -45.0000  -37.5000 6805.2749   11.3096
    0.0000  -45.0000  -37.5000 7110.2485   11.3158
    7.5000  -45.0000  -37.5000 6800.8911   11.3278
   -7.5000  -37.5000  -37.5000 7435.6787   11.1368
    0.0000  -37.5000  -37.5000 7777.1836   11.1433
    7.5000  -37.5000  -37.5000 7428.2402   11.1517
   -7.5000  -30.0000  -37.5000 8374.7559   11.0178
    0.0000  -30.0000  -37.5000 8785.6963   11.0218
    7.5000  -30.0000  -37.5000 8368.8789   11.0261
   -7.5000  -22.5000  -37.5000 9395.1172   10.9493
    0.0000  -22.5000  -37.5000 9842.5732   10.9518
    7.5000  -22.5000  -37.5000 9385.1562   10.9561
   -7.5000  -15.0000  -37.500010343.7266   10.9291
    0.0000  -15.0000  -37.500010835.4219   10.9321
    7.5000  -15.0000  -37.500010324.8203   10.9395
   -7.5000   -7.5000  -37.500011163.3564   10.9345
    0.0000   -7.5000  -37.500011698.5801   10.9398
    7.5000   -7.5000  -37.500011127.2695   10.9502
   -7.5000    0.0000  -37.500011929.4531   10.9547
    0.0000    0.0000  -37.500012506.1904   10.9615
    7.5000    0.0000  -37.500011875.4648   10.9722
   -7.5000    7.5000  -37.500011799.4775   10.9696
    0.0000    7.5000  -37.500012363.0693   10.9754
    7.5000    7.5000  -37.500011752.4219   10.9829
   -7.5000   15.0000  -37.500011549.0996   10.9665
    0.0000   15.0000  -37.500012093.8047   10.9704
    7.5000   15.0000  -37.500011501.5938   10.9746
   -7.5000   22.5000  -37.500011247.9697   10.9447
    0.0000   22.5000  -37.500011795.0459   10.9472
    7.5000   22.5000  -37.500011230.6113   10.9516
   -7.5000   30.0000  -37.500010797.2793   10.7834
    0.0000   30.0000  -37.500011309.2979   10.7864
    7.5000   30.0000  -37.500010734.8887   10.7936
   -7.5000   37.5000  -37.500010662.5820   10.7887
    0.0000   37.5000  -37.500011166.4590   10.7940
    7.5000   37.5000  -37.500010606.5303   10.8043
   -7.5000   45.0000  -37.5000 9923.1748   10.5342
    0.0000   45.0000  -37.500010393.6191   10.5408
    7.5000   45.0000  -37.5000 9900.9238   10.5511
   -7.5000  -45.0000  -30.0000 7362.7778   11.7288
    0.0000  -45.0000  -30.0000 7710.9692   11.7324
    7.5000  -45.0000  -30.0000 7374.0977   11.7404
   -7.5000  -37.5000  -30.0000 8056.5708   11.5469
    0.0000  -37.5000  -30.0000 8438.3018   11.5514
    7.5000  -37.5000  -30.0000 8047.2305   11.5579
   -7.5000  -30.0000  -30.0000 9097.5840   11.4268
    0.0000  -30.0000  -30.0000 9545.0508   11.4293
    7.5000  -30.0000  -30.0000 9082.0352   11.4340
   -7.5000  -22.5000  -30.000010200.2500   11.3596
    0.0000  -22.5000  -30.000010694.3174   11.3606
    7.5000  -22.5000  -30.000010180.2939   11.3653
   -7.5000  -15.0000  -30.000011223.7617   11.3405
    0.0000  -15.0000  -30.000011747.9561   11.3416
    7.5000  -15.0000  -30.000011212.2197   11.3473
   -7.5000   -7.5000  -30.000012099.4873   11.3439
    0.0000   -7.5000  -30.000012656.7871   11.3468
    7.5000   -7.5000  -30.000012077.8525   11.3537
   -7.5000    0.0000  -30.000012932.5898   11.3610
    0.0000    0.0000  -30.000013543.7539   11.3652
    7.5000    0.0000  -30.000012871.7539   11.3722
   -7.5000    7.5000  -30.000012775.7881   11.3751
    0.0000    7.5000  -30.000013407.5459   11.3786
    7.5000    7.5000  -30.000012727.9424   11.3844
   -7.5000   15.0000  -30.000012489.4248   11.3740
    0.0000   15.0000  -30.000013084.7256   11.3761
    7.5000   15.0000  -30.000012451.8809   11.3808
   -7.5000   22.5000  -30.000012142.8770   11.3538
    0.0000   22.5000  -30.000012732.4766   11.3548
    7.5000   22.5000  -30.000012105.8867   11.3595
   -7.5000   30.0000  -30.000011622.4512   11.1904
    0.0000   30.0000  -30.000012166.2822   11.1915
    7.5000   30.0000  -30.000011562.3496   11.1971
   -7.5000   37.5000  -30.000011494.8281   11.1938
    0.0000   37.5000  -30.000012021.2422   11.1967
    7.5000   37.5000  -30.000011438.9727   11.2034
   -7.5000   45.0000  -30.000010667.9062   10.9330
    0.0000   45.0000  -30.000011167.8477   10.9370
    7.5000   45.0000  -30.000010635.3818   10.9437
   -7.5000  -45.0000  -22.5000 7941.5190   12.1317
    0.0000  -45.0000  -22.5000 8316.9443   12.1328
    7.5000  -45.0000  -22.5000 7944.3672   12.1362
   -7.5000  -37.5000  -22.5000 8688.3555   11.9415
    0.0000  -37.5000  -22.5000 9103.8105   11.9442
    7.5000  -37.5000  -22.5000 8681.1221   11.9482
   -7.5000  -30.0000  -22.5000 9833.2539   11.8202
    0.0000  -30.0000  -22.500010291.2588   11.8210
    7.5000  -30.0000  -22.5000 9822.2344   11.8257
   -7.5000  -22.5000  -22.500011000.7041   11.7546
    0.0000  -22.5000  -22.500011517.1309   11.7531
    7.5000  -22.5000  -22.500010989.5547   11.7581
   -7.5000  -15.0000  -22.500012096.5020   11.7364
    0.0000  -15.0000  -22.500012652.3916   11.7342
    7.5000  -15.0000  -22.500012084.5068   11.7383
   -7.5000   -7.5000  -22.500013028.2773   11.7368
    0.0000   -7.5000  -22.500013626.5029   11.7366
    7.5000   -7.5000  -22.500013037.2451   11.7399
   -7.5000    0.0000  -22.500013937.3242   11.7501
    0.0000    0.0000  -22.500014607.2217   11.7521
    7.5000    0.0000  -22.500013905.9863   11.7551
   -7.5000    7.5000  -22.500013769.9785   11.7639
    0.0000    7.5000  -22.500014445.7920   11.7659
    7.5000    7.5000  -22.500013727.2373   11.7694
   -7.5000   15.0000  -22.500013450.2041   11.7656
    0.0000   15.0000  -22.500014109.5039   11.7662
    7.5000   15.0000  -22.500013410.9111   11.7708
   -7.5000   22.5000  -22.500013072.4365   11.7478
    0.0000   22.5000  -22.500013713.8525   11.7463
    7.5000   22.5000  -22.500013034.1680   11.7513
   -7.5000   30.0000  -22.500012471.2842   11.5828
    0.0000   30.0000  -22.500013043.3916   11.5807
    7.5000   30.0000  -22.500012415.7725   11.5847
   -7.5000   37.5000  -22.500012311.5010   11.5833
    0.0000   37.5000  -22.500012872.5840   11.5831
    7.5000   37.5000  -22.500012263.1211   11.5863
   -7.5000   45.0000  -22.500011391.4990   11.3160
    0.0000   45.0000  -22.500011928.9395   11.3178
    7.5000   45.0000  -22.500011395.7656   11.3207
   -7.5000  -45.0000  -15.0000 8495.5947   12.4122
    0.0000  -45.0000  -15.0000 8910.8594   12.4135
    7.5000  -45.0000  -15.0000 8525.7354   12.4162
   -7.5000  -37.5000  -15.0000 9316.2715   12.2199
    0.0000  -37.5000  -15.0000 9770.8730   12.2230
    7.5000  -37.5000  -15.0000 9335.7285   12.2261
   -7.5000  -30.0000  -15.000010543.0098   12.0967
    0.0000  -30.0000  -15.000011057.3213   12.0973
    7.5000  -30.0000  -15.000010554.8301   12.1012
   -7.5000  -22.5000  -15.000011793.4678   12.0295
    0.0000  -22.5000  -15.000012346.4883   12.0268
    7.5000  -22.5000  -15.000011793.6836   12.0314
   -7.5000  -15.0000  -15.000012946.5713   12.0096
    0.0000  -15.0000  -15.000013568.9639   12.0060
    7.5000  -15.0000  -15.000012959.7705   12.0099
   -7.5000   -7.5000  -15.000013981.9424   12.0089
    0.0000   -7.5000  -15.000014675.5254   12.0082
    7.5000   -7.5000  -15.000014022.4189   12.0112
   -7.5000    0.0000  -15.000014967.0322   12.0225
    0.0000    0.0000  -15.000015719.5098   12.0250
    7.5000    0.0000  -15.000014981.2090   12.0274
   -7.5000    7.5000  -15.000014803.4424   12.0379
    0.0000    7.5000  -15.000015533.9238   12.0405
    7.5000    7.5000  -15.000014768.5713   12.0431
   -7.5000   15.0000  -15.000014459.2822   12.0409
    0.0000   15.0000  -15.000015180.4414   12.0414
    7.5000   15.0000  -15.000014420.0908   12.0451
   -7.5000   22.5000  -15.000014036.4971   12.0220
    0.0000   22.5000  -15.000014751.7559   12.0193
    7.5000   22.5000  -15.000014023.6035   12.0238
   -7.5000   30.0000  -15.000013336.8438   11.8542
    0.0000   30.0000  -15.000013998.8760   11.8506
    7.5000   30.0000  -15.000013323.1816   11.8544
   -7.5000   37.5000  -15.000013135.3594   11.8535
    0.0000   37.5000  -15.000013773.6260   11.8528
    7.5000   37.5000  -15.000013126.8086   11.8557
   -7.5000   45.0000  -15.000012162.8848   11.5853
    0.0000   45.0000  -15.000012748.5615   11.5876
    7.5000   45.0000  -15.000012206.2168   11.5900
   -7.5000  -45.0000   -7.5000 9077.7617   12.5459
    0.0000  -45.0000   -7.5000 9520.2891   12.5501
    7.5000  -45.0000   -7.5000 9101.5947   12.5575
   -7.5000  -37.5000   -7.5000 9988.0439   12.3556
    0.0000  -37.5000   -7.500010470.8027   12.3612
    7.5000  -37.5000   -7.500010000.3125   12.3664
   -7.5000  -30.0000   -7.500011275.1445   12.2276
    0.0000  -30.0000   -7.500011816.1963   12.2301
    7.5000  -30.0000   -7.500011297.1777   12.2336
   -7.5000  -22.5000   -7.500012585.2676   12.1552
    0.0000  -22.5000   -7.500013170.9941   12.1543
    7.5000  -22.5000   -7.500012607.5996   12.1587
   -7.5000  -15.0000   -7.500013851.0332   12.1328
    0.0000  -15.0000   -7.500014515.7227   12.1316
    7.5000  -15.0000   -7.500013870.1309   12.1376
   -7.5000   -7.5000   -7.500015024.4766   12.1352
    0.0000   -7.5000   -7.500015788.9453   12.1373
    7.5000   -7.5000   -7.500015055.3174   12.1445
   -7.5000    0.0000   -7.500016083.6221   12.1540
    0.0000    0.0000   -7.500016908.4570   12.1594
    7.5000    0.0000   -7.500016125.4355   12.1660
   -7.5000    7.5000   -7.500015885.3301   12.1710
    0.0000    7.5000   -7.500016703.8691   12.1763
    7.5000    7.5000   -7.500015894.7705   12.1808
   -7.5000   15.0000   -7.500015515.2871   12.1712
    0.0000   15.0000   -7.500016326.8701   12.1736
    7.5000   15.0000   -7.500015514.3418   12.1770
   -7.5000   22.5000   -7.500015085.1846   12.1462
    0.0000   22.5000   -7.500015846.9453   12.1453
    7.5000   22.5000   -7.500015084.2080   12.1497
   -7.5000   30.0000   -7.500014306.6592   11.9755
    0.0000   30.0000   -7.500015025.5625   11.9742
    7.5000   30.0000   -7.500014290.5996   11.9802
   -7.5000   37.5000   -7.500014055.0371   11.9778
    0.0000   37.5000   -7.500014758.0273   11.9799
    7.5000   37.5000   -7.500014061.3828   11.9870
   -7.5000   45.0000   -7.500013028.0127   11.7141
    0.0000   45.0000   -7.500013663.5928   11.7194
    7.5000   45.0000   -7.500013056.7383   11.7258
   -7.5000  -45.0000    0.0000 9638.3232   12.5702
    0.0000  -45.0000    0.000010108.4863   12.5773
    7.5000  -45.0000    0.0000 9657.5234   12.5904
   -7.5000  -37.5000    0.000010629.4482   12.3817
    0.0000  -37.5000    0.000011128.7627   12.3895
    7.5000  -37.5000    0.000010628.9814   12.3982
   -7.5000  -30.0000    0.000011977.7168   12.2497
    0.0000  -30.0000    0.000012545.4033   12.2544
    7.5000  -30.0000    0.000011982.6514   12.2588
   -7.5000  -22.5000    0.000013321.1621   12.1728
    0.0000  -22.5000    0.000013965.8262   12.1749
    7.5000  -22.5000    0.000013351.2090   12.1798
   -7.5000  -15.0000    0.000014671.3672   12.1492
    0.0000  -15.0000    0.000015372.8672   12.1516
    7.5000  -15.0000    0.000014679.7734   12.1601
   -7.5000   -7.5000    0.000015931.0312   12.1552
    0.0000   -7.5000    0.000016767.9609   12.1607
    7.5000   -7.5000    0.000015961.5156   12.1725
   -7.5000    0.0000    0.000017129.1387   12.1787
    0.0000    0.0000    0.000018046.5352   12.1868
    7.5000    0.0000    0.000017164.7559   12.1985
   -7.5000    7.5000    0.000016977.0176   12.1964
    0.0000    7.5000    0.000017881.7930   12.2037
    7.5000    7.5000    0.000017009.7363   12.2116
   -7.5000   15.0000    0.000016621.8926   12.1931
    0.0000   15.0000    0.000017493.5938   12.1977
    7.5000   15.0000    0.000016628.4160   12.2020
   -7.5000   22.5000    0.000016139.0459   12.1638
    0.0000   22.5000    0.000016924.8809   12.1659
    7.5000   22.5000    0.000016111.3818   12.1709
   -7.5000   30.0000    0.000015231.0918   11.9920
    0.0000   30.0000    0.000015965.6797   11.9943
    7.5000   30.0000    0.000015178.0332   12.0027
   -7.5000   37.5000    0.000014917.7207   11.9979
    0.0000   37.5000    0.000015658.2314   12.0033
    7.5000   37.5000    0.000014865.2275   12.0150
   -7.5000   45.0000    0.000013811.4834   11.7389
    0.0000   45.0000    0.000014515.7969   11.7467
    7.5000   45.0000    0.000013775.7412   11.7580
   -7.5000  -45.0000    7.5000 9476.2598   12.5816
    0.0000  -45.0000    7.5000 9948.9111   12.5884
    7.5000  -45.0000    7.5000 9490.2031   12.6018
   -7.5000  -37.5000    7.500010429.5430   12.3910
    0.0000  -37.5000    7.500010939.9297   12.3983
    7.5000  -37.5000    7.500010441.0596   12.4077
   -7.5000  -30.0000    7.500011739.0156   12.2592
    0.0000  -30.0000    7.500012300.5625   12.2638
    7.5000  -30.0000    7.500011774.5537   12.2688
   -7.5000  -22.5000    7.500013061.1514   12.1827
    0.0000  -22.5000    7.500013664.9297   12.1856
    7.5000  -22.5000    7.500013106.2617   12.1906
   -7.5000  -15.0000    7.500014358.9131   12.1598
    0.0000  -15.0000    7.500015012.5342   12.1632
    7.5000  -15.0000    7.500014390.9609   12.1715
   -7.5000   -7.5000    7.500015594.7949   12.1659
    0.0000   -7.5000    7.500016345.0156   12.1718
    7.5000   -7.5000    7.500015645.8369   12.1834
   -7.5000    0.0000    7.500016793.8828   12.1889
    0.0000    0.0000    7.500017650.9980   12.1965
    7.5000    0.0000    7.500016795.7227   12.2084
   -7.5000    7.5000    7.500016788.0664   12.2059
    0.0000    7.5000    7.500017799.5664   12.2125
    7.5000    7.5000    7.500016736.7832   12.2209
   -7.5000   15.0000    7.500016542.7539   12.2025
    0.0000   15.0000    7.500017592.7734   12.2069
    7.5000   15.0000    7.500016431.6895   12.2118
   -7.5000   22.5000    7.500015950.5986   12.1737
    0.0000   22.5000    7.500016841.9238   12.1766
    7.5000   22.5000    7.500015839.6533   12.1816
   -7.5000   30.0000    7.500014907.6592   12.0024
    0.0000   30.0000    7.500015638.1348   12.0058
    7.5000   30.0000    7.500014810.6133   12.0140
   -7.5000   37.5000    7.500014545.3623   12.0085
    0.0000   37.5000    7.500015254.2295   12.0143
    7.5000   37.5000    7.500014459.3633   12.0258
   -7.5000   45.0000    7.500013481.5010   11.7487
    0.0000   45.0000    7.500014127.3389   11.7560
    7.5000   45.0000    7.500013406.4521   11.7675
   -7.5000  -45.0000   15.0000 9174.7607   12.5937
    0.0000  -45.0000   15.0000 9612.4551   12.5975
    7.5000  -45.0000   15.0000 9173.1680   12.6061
   -7.5000  -37.5000   15.000010096.9414   12.3984
    0.0000  -37.5000   15.000010576.0645   12.4031
    7.5000  -37.5000   15.000010109.3086   12.4101
   -7.5000  -30.0000   15.000011356.4609   12.2694
    0.0000  -30.0000   15.000011892.8105   12.2720
    7.5000  -30.0000   15.000011402.7197   12.2771
   -7.5000  -22.5000   15.000012634.7861   12.1972
    0.0000  -22.5000   15.000013240.8516   12.1983
    7.5000  -22.5000   15.000012691.0332   12.2033
   -7.5000  -15.0000   15.000013919.4727   12.1768
    0.0000  -15.0000   15.000014591.3877   12.1779
    7.5000  -15.0000   15.000013948.1816   12.1840
   -7.5000   -7.5000   15.000015105.0723   12.1804
    0.0000   -7.5000   15.000015859.1182   12.1835
    7.5000   -7.5000   15.000015125.3740   12.1909
   -7.5000    0.0000   15.000016275.2305   12.1988
    0.0000    0.0000   15.000017139.6309   12.2032
    7.5000    0.0000   15.000016244.7539   12.2107
   -7.5000    7.5000   15.000016247.9033   12.2138
    0.0000    7.5000   15.000017265.8965   12.2177
    7.5000    7.5000   15.000016190.3955   12.2238
   -7.5000   15.0000   15.000016031.2949   12.2126
    0.0000   15.0000   15.000017105.6543   12.2150
    7.5000   15.0000   15.000015952.1836   12.2200
   -7.5000   22.5000   15.000015450.1328   12.1883
    0.0000   22.5000   15.000016407.8809   12.1893
    7.5000   22.5000   15.000015407.1250   12.1944
   -7.5000   30.0000   15.000014418.3232   12.0191
    0.0000   30.0000   15.000015180.8076   12.0203
    7.5000   30.0000   15.000014385.1016   12.0263
   -7.5000   37.5000   15.000014026.8965   12.0228
    0.0000   37.5000   15.000014717.3721   12.0258
    7.5000   37.5000   15.000013982.9111   12.0331
   -7.5000   45.0000   15.000013015.9951   11.7582
    0.0000   45.0000   15.000013647.9404   11.7625
    7.5000   45.0000   15.000012963.3428   11.7697
   -7.5000  -45.0000   22.5000 8726.2822   12.5956
    0.0000  -45.0000   22.5000 9174.7871   12.5967
    7.5000  -45.0000   22.5000 8728.6406   12.6002
   -7.5000  -37.5000   22.5000 9618.3359   12.3980
    0.0000  -37.5000   22.500010105.4443   12.4009
    7.5000  -37.5000   22.5000 9625.9287   12.4051
   -7.5000  -30.0000   22.500010822.5957   12.2721
    0.0000  -30.0000   22.500011350.9951   12.2730
    7.5000  -30.0000   22.500010844.4492   12.2778
   -7.5000  -22.5000   22.500012041.9482   12.2040
    0.0000  -22.5000   22.500012615.5996   12.2025
    7.5000  -22.5000   22.500012058.1514   12.2076
   -7.5000  -15.0000   22.500013212.9473   12.1850
    0.0000  -15.0000   22.500013858.1992   12.1828
    7.5000  -15.0000   22.500013250.6729   12.1871
   -7.5000   -7.5000   22.500014321.3662   12.1855
    0.0000   -7.5000   22.500015016.9072   12.1853
    7.5000   -7.5000   22.500014350.8633   12.1887
   -7.5000    0.0000   22.500015389.3701   12.1994
    0.0000    0.0000   22.500016158.5664   12.2014
    7.5000    0.0000   22.500015407.4824   12.2045
   -7.5000    7.5000   22.500015320.6826   12.2137
    0.0000    7.5000   22.500016112.2500   12.2157
    7.5000    7.5000   22.500015330.9707   12.2193
   -7.5000   15.0000   22.500015079.2334   12.2154
    0.0000   15.0000   22.500015884.1924   12.2161
    7.5000   15.0000   22.500015094.5713   12.2208
   -7.5000   22.5000   22.500014609.7412   12.1951
    0.0000   22.5000   22.500015390.2451   12.1935
    7.5000   22.5000   22.500014650.4150   12.1987
   -7.5000   30.0000   22.500013721.0039   12.0273
    0.0000   30.0000   22.500014411.9258   12.0251
    7.5000   30.0000   22.500013751.9883   12.0293
   -7.5000   37.5000   22.500013365.2412   12.0278
    0.0000   37.5000   22.500013986.1514   12.0276
    7.5000   37.5000   22.500013365.9072   12.0309
   -7.5000   45.0000   22.500012398.2832   11.7588
    0.0000   45.0000   22.500012964.3701   11.7607
    7.5000   45.0000   22.500012391.4336   11.7637
   -7.5000  -45.0000   30.0000 8152.8882   12.6524
    0.0000  -45.0000   30.0000 8575.8965   12.6537
    7.5000  -45.0000   30.0000 8161.2734   12.6568
   -7.5000  -37.5000   30.0000 9002.0020   12.4553
    0.0000  -37.5000   30.0000 9449.1074   12.4584
    7.5000  -37.5000   30.0000 8998.9043   12.4618
   -7.5000  -30.0000   30.000010148.8701   12.3290
    0.0000  -30.0000   30.000010632.3408   12.3295
    7.5000  -30.0000   30.000010159.9941   12.3336
   -7.5000  -22.5000   30.000011300.1807   12.2602
    0.0000  -22.5000   30.000011825.1328   12.2573
    7.5000  -22.5000   30.000011312.1396   12.2621
   -7.5000  -15.0000   30.000012398.8193   12.2398
    0.0000  -15.0000   30.000012986.9092   12.2361
    7.5000  -15.0000   30.000012432.5186   12.2403
   -7.5000   -7.5000   30.000013421.8223   12.2391
    0.0000   -7.5000   30.000014051.0527   12.2384
    7.5000   -7.5000   30.000013470.1797   12.2417
   -7.5000    0.0000   30.000014361.9893   12.2530
    0.0000    0.0000   30.000015040.8359   12.2555
    7.5000    0.0000   30.000014433.1953   12.2583
   -7.5000    7.5000   30.000014257.0000   12.2687
    0.0000    7.5000   30.000014909.1426   12.2714
    7.5000    7.5000   30.000014308.3555   12.2743
   -7.5000   15.0000   30.000014016.0752   12.2718
    0.0000   15.0000   30.000014651.2715   12.2722
    7.5000   15.0000   30.000014064.6123   12.2761
   -7.5000   22.5000   30.000013652.9844   12.2512
    0.0000   22.5000   30.000014279.4453   12.2483
    7.5000   22.5000   30.000013702.2598   12.2531
   -7.5000   30.0000   30.000012894.0947   12.0814
    0.0000   30.0000   30.000013474.2607   12.0777
    7.5000   30.0000   30.000012921.2939   12.0818
   -7.5000   37.5000   30.000012572.4932   12.0807
    0.0000   37.5000   30.000013120.1533   12.0800
    7.5000   37.5000   30.000012576.5889   12.0833
   -7.5000   45.0000   30.000011644.3086   11.8105
    0.0000   45.0000   30.000012159.6953   11.8129
    7.5000   45.0000   30.000011660.7852   11.8156
   -7.5000  -45.0000   37.5000 7858.3521   12.7868
    0.0000  -45.0000   37.5000 8251.8916   12.7913
    7.5000  -45.0000   37.5000 7896.4492   12.8000
   -7.5000  -37.5000   37.5000 8679.4229   12.5894
    0.0000  -37.5000   37.5000 9101.0791   12.5954
    7.5000  -37.5000   37.5000 8712.4688   12.6017
   -7.5000  -30.0000   37.5000 9799.2539   12.4563
    0.0000  -30.0000   37.500010277.2432   12.4591
    7.5000  -30.0000   37.5000 9838.3613   12.4637
   -7.5000  -22.5000   37.500010914.3193   12.3809
    0.0000  -22.5000   37.500011447.6299   12.3802
    7.5000  -22.5000   37.500010965.7910   12.3858
   -7.5000  -15.0000   37.500011995.1514   12.3578
    0.0000  -15.0000   37.500012577.9805   12.3567
    7.5000  -15.0000   37.500012049.8018   12.3641
   -7.5000   -7.5000   37.500012981.0439   12.3608
    0.0000   -7.5000   37.500013604.8262   12.3632
    7.5000   -7.5000   37.500013056.6660   12.3716
   -7.5000    0.0000   37.500013875.8506   12.3807
    0.0000    0.0000   37.500014533.7256   12.3865
    7.5000    0.0000   37.500013980.8730   12.3943
   -7.5000    7.5000   37.500013733.1328   12.3982
    0.0000    7.5000   37.500014348.4346   12.4038
    7.5000    7.5000   37.500013818.0059   12.4095
   -7.5000   15.0000   37.500013494.1152   12.3980
    0.0000   15.0000   37.500014099.0342   12.4006
    7.5000   15.0000   37.500013560.9756   12.4051
   -7.5000   22.5000   37.500013167.4326   12.3717
    0.0000   22.5000   37.500013759.4814   12.3710
    7.5000   22.5000   37.500013220.7422   12.3766
   -7.5000   30.0000   37.500012463.3721   12.1978
    0.0000   30.0000   37.500013008.2490   12.1968
    7.5000   30.0000   37.500012498.7441   12.2040
   -7.5000   37.5000   37.500012142.6162   12.2009
    0.0000   37.5000   37.500012678.7012   12.2032
    7.5000   37.5000   37.500012164.9980   12.2115
   -7.5000   45.0000   37.500011254.9590   11.9336
    0.0000   45.0000   37.500011757.7695   11.9391
    7.5000   45.0000   37.500011268.8613   11.9467
   -7.5000  -45.0000   45.0000 7263.2720   12.9604
    0.0000  -45.0000   45.0000 7638.8804   12.9683
    7.5000  -45.0000   45.0000 7321.7998   12.9831
   -7.5000  -37.5000   45.0000 8009.0659   12.7579
    0.0000  -37.5000   45.0000 8417.9121   12.7659
    7.5000  -37.5000   45.0000 8067.2407   12.7758
   -7.5000  -30.0000   45.0000 9049.3037   12.6156
    0.0000  -30.0000   45.0000 9517.7637   12.6203
    7.5000  -30.0000   45.0000 9116.7861   12.6259
   -7.5000  -22.5000   45.000010092.1660   12.5333
    0.0000  -22.5000   45.000010597.9629   12.5359
    7.5000  -22.5000   45.000010159.8340   12.5427
   -7.5000  -15.0000   45.000011079.9541   12.5090
    0.0000  -15.0000   45.000011620.3750   12.5126
    7.5000  -15.0000   45.000011165.2432   12.5235
   -7.5000   -7.5000   45.000011992.3154   12.5165
    0.0000   -7.5000   45.000012567.4570   12.5233
    7.5000   -7.5000   45.000012076.0010   12.5373
   -7.5000    0.0000   45.000012806.6514   12.5419
    0.0000    0.0000   45.000013421.8506   12.5509
    7.5000    0.0000   45.000012891.7656   12.5641
   -7.5000    7.5000   45.000012659.7539   12.5600
    0.0000    7.5000   45.000013234.7559   12.5675
    7.5000    7.5000   45.000012716.9727   12.5765
   -7.5000   15.0000   45.000012416.1641   12.5552
    0.0000   15.0000   45.000012976.0205   12.5598
    7.5000   15.0000   45.000012479.9658   12.5653
   -7.5000   22.5000   45.000012112.0225   12.5238
    0.0000   22.5000   45.000012654.5410   12.5265
    7.5000   22.5000   45.000012181.8398   12.5333
   -7.5000   30.0000   45.000011494.1787   12.3460
    0.0000   30.0000   45.000012004.9346   12.3495
    7.5000   30.0000   45.000011543.6934   12.3603
   -7.5000   37.5000   45.000011194.4170   12.3534
    0.0000   37.5000   45.000011691.9434   12.3601
    7.5000   37.5000   45.000011237.4805   12.3739
   -7.5000   45.0000   45.000010387.9775   12.0945
    0.0000   45.0000   45.000010860.0791   12.1031
    7.5000   45.0000   45.000010413.1514   12.1159

---------------------------------------------------------------------
imgreg_4dfp /opt/freesurfer/average/711-2C_as_mni_average_305 /opt/freesurfer/average/711-2B_as_mni_average_305_mask talsrcimg_g11 none talsrcimg_to_711-2C_as_mni_average_305_t4 4355
---------------------------------------------------------------------

freesurfer imgreg_4dfp.c
/opt/freesurfer/average/711-2C_as_mni_average_305.4dfp.img
       256       256       256         1
  1.000000  1.000000  1.000000
orientation T byte_order littleendian
Reading image: /opt/freesurfer/average/711-2C_as_mni_average_305.4dfp.img
dimensions:      256       256       256
mmppix:       1.0000   -1.0000   -1.0000
center:     128.0000 -129.0000 -129.0000
/opt/freesurfer/average/711-2B_as_mni_average_305_mask.4dfp.img
       256       256       256         1
  1.000000  1.000000  1.000000
orientation T byte_order littleendian
Reading mask: /opt/freesurfer/average/711-2B_as_mni_average_305_mask.4dfp.img (2306576 pixels)
talsrcimg_g11.4dfp.img
       256       256       256         1
  1.000000  1.000000  1.000000
orientation T byte_order littleendian
Reading image: talsrcimg_g11.4dfp.img
dimensions:      256       256       256
mmppix:       1.0000   -1.0000   -1.0000
center:     128.0000 -129.0000 -129.0000
rotation matrix determinant  1.000000
image alignment mode   4355 decimal     1103 hex
   -7.5000  -45.0000  -45.0000 1855.5746   17.6489
    0.0000  -45.0000  -45.0000 1869.4884   17.5712
    7.5000  -45.0000  -45.0000 1856.5602   17.6546
   -7.5000  -37.5000  -45.0000 1970.2372   15.6138
    0.0000  -37.5000  -45.0000 1987.2017   15.5499
    7.5000  -37.5000  -45.0000 1974.8628   15.6250
   -7.5000  -30.0000  -45.0000 2078.0713   13.9813
    0.0000  -30.0000  -45.0000 2094.5034   13.9430
    7.5000  -30.0000  -45.0000 2084.9302   13.9763
   -7.5000  -22.5000  -45.0000 2182.0725   12.7284
    0.0000  -22.5000  -45.0000 2195.5728   12.6956
    7.5000  -22.5000  -45.0000 2186.1992   12.7288
   -7.5000  -15.0000  -45.0000 2254.6467   11.8583
    0.0000  -15.0000  -45.0000 2266.2925   11.8218
    7.5000  -15.0000  -45.0000 2259.1838   11.8563
   -7.5000   -7.5000  -45.0000 2301.5774   11.2651
    0.0000   -7.5000  -45.0000 2315.6116   11.2223
    7.5000   -7.5000  -45.0000 2303.8149   11.2807
   -7.5000    0.0000  -45.0000 2322.8989   10.9273
    0.0000    0.0000  -45.0000 2339.0752   10.8933
    7.5000    0.0000  -45.0000 2322.8728   10.9511
   -7.5000    7.5000  -45.0000 2326.6860   10.7615
    0.0000    7.5000  -45.0000 2343.4685   10.7071
    7.5000    7.5000  -45.0000 2330.7236   10.7504
   -7.5000   15.0000  -45.0000 2320.1826   10.7352
    0.0000   15.0000  -45.0000 2334.4937   10.6458
    7.5000   15.0000  -45.0000 2324.5212   10.6926
   -7.5000   22.5000  -45.0000 2306.8574   10.8872
    0.0000   22.5000  -45.0000 2327.3762   10.8144
    7.5000   22.5000  -45.0000 2310.6091   10.8777
   -7.5000   30.0000  -45.0000 2274.5405   11.2836
    0.0000   30.0000  -45.0000 2299.5681   11.2017
    7.5000   30.0000  -45.0000 2280.1223   11.2578
   -7.5000   37.5000  -45.0000 2230.4375   11.8900
    0.0000   37.5000  -45.0000 2254.2786   11.7998
    7.5000   37.5000  -45.0000 2231.2761   11.8711
   -7.5000   45.0000  -45.0000 2159.3870   12.7231
    0.0000   45.0000  -45.0000 2180.2922   12.6193
    7.5000   45.0000  -45.0000 2163.3767   12.6860
   -7.5000  -45.0000  -37.5000 1910.7090   16.3954
    0.0000  -45.0000  -37.5000 1925.5767   16.3667
    7.5000  -45.0000  -37.5000 1918.2402   16.4826
   -7.5000  -37.5000  -37.5000 2039.5905   14.4957
    0.0000  -37.5000  -37.5000 2055.3743   14.4822
    7.5000  -37.5000  -37.5000 2044.7012   14.5474
   -7.5000  -30.0000  -37.5000 2157.6855   12.9874
    0.0000  -30.0000  -37.5000 2171.6743   12.9527
    7.5000  -30.0000  -37.5000 2159.2007   12.9849
   -7.5000  -22.5000  -37.5000 2273.0288   11.8353
    0.0000  -22.5000  -37.5000 2285.7168   11.8190
    7.5000  -22.5000  -37.5000 2272.9983   11.8452
   -7.5000  -15.0000  -37.5000 2350.5273   11.0032
    0.0000  -15.0000  -37.5000 2364.5706   11.0046
    7.5000  -15.0000  -37.5000 2351.3093   11.0327
   -7.5000   -7.5000  -37.5000 2398.5190   10.4536
    0.0000   -7.5000  -37.5000 2415.6453   10.4200
    7.5000   -7.5000  -37.5000 2399.2556   10.4639
   -7.5000    0.0000  -37.5000 2423.2922   10.1309
    0.0000    0.0000  -37.5000 2442.9250   10.0944
    7.5000    0.0000  -37.5000 2424.0129   10.1431
   -7.5000    7.5000  -37.5000 2431.4084    9.9544
    0.0000    7.5000  -37.5000 2451.5325    9.8959
    7.5000    7.5000  -37.5000 2434.7937    9.9477
   -7.5000   15.0000  -37.5000 2425.3560    9.9188
    0.0000   15.0000  -37.5000 2442.1587    9.8521
    7.5000   15.0000  -37.5000 2427.1995    9.9128
   -7.5000   22.5000  -37.5000 2406.2080   10.0629
    0.0000   22.5000  -37.5000 2432.5957    9.9883
    7.5000   22.5000  -37.5000 2412.3774   10.0499
   -7.5000   30.0000  -37.5000 2373.6985   10.4025
    0.0000   30.0000  -37.5000 2401.0605   10.3244
    7.5000   30.0000  -37.5000 2378.6328   10.3885
   -7.5000   37.5000  -37.5000 2330.4570   10.9158
    0.0000   37.5000  -37.5000 2355.9270   10.8361
    7.5000   37.5000  -37.5000 2332.3140   10.9156
   -7.5000   45.0000  -37.5000 2258.8601   11.6595
    0.0000   45.0000  -37.5000 2282.9946   11.5791
    7.5000   45.0000  -37.5000 2263.1453   11.6642
   -7.5000  -45.0000  -30.0000 2006.8312   15.8619
    0.0000  -45.0000  -30.0000 2019.0308   15.8513
    7.5000  -45.0000  -30.0000 2018.8187   15.9400
   -7.5000  -37.5000  -30.0000 2147.8896   14.0079
    0.0000  -37.5000  -30.0000 2161.4856   13.9850
    7.5000  -37.5000  -30.0000 2149.3313   14.0559
   -7.5000  -30.0000  -30.0000 2274.3127   12.5302
    0.0000  -30.0000  -30.0000 2292.4565   12.4934
    7.5000  -30.0000  -30.0000 2270.7539   12.5610
   -7.5000  -22.5000  -30.0000 2396.0222   11.4084
    0.0000  -22.5000  -30.0000 2410.9597   11.3631
    7.5000  -22.5000  -30.0000 2391.8601   11.4403
   -7.5000  -15.0000  -30.0000 2478.9648   10.5937
    0.0000  -15.0000  -30.0000 2494.9578   10.5603
    7.5000  -15.0000  -30.0000 2478.6086   10.6216
   -7.5000   -7.5000  -30.0000 2533.0637   10.0334
    0.0000   -7.5000  -30.0000 2548.4722    9.9852
    7.5000   -7.5000  -30.0000 2533.0017   10.0491
   -7.5000    0.0000  -30.0000 2569.3298    9.6943
    0.0000    0.0000  -30.0000 2587.1892    9.6332
    7.5000    0.0000  -30.0000 2566.3650    9.6952
   -7.5000    7.5000  -30.0000 2583.3760    9.5122
    0.0000    7.5000  -30.0000 2606.1616    9.4350
    7.5000    7.5000  -30.0000 2584.5156    9.5024
   -7.5000   15.0000  -30.0000 2577.3142    9.4784
    0.0000   15.0000  -30.0000 2596.8462    9.4199
    7.5000   15.0000  -30.0000 2579.1064    9.4816
   -7.5000   22.5000  -30.0000 2561.3147    9.6134
    0.0000   22.5000  -30.0000 2586.5129    9.5421
    7.5000   22.5000  -30.0000 2563.5220    9.6114
   -7.5000   30.0000  -30.0000 2525.8042    9.9219
    0.0000   30.0000  -30.0000 2552.1851    9.8386
    7.5000   30.0000  -30.0000 2526.9019    9.9178
   -7.5000   37.5000  -30.0000 2473.5256   10.4097
    0.0000   37.5000  -30.0000 2500.9360   10.3193
    7.5000   37.5000  -30.0000 2478.6096   10.4013
   -7.5000   45.0000  -30.0000 2400.2676   11.1034
    0.0000   45.0000  -30.0000 2427.5195   11.0168
    7.5000   45.0000  -30.0000 2404.4131   11.1012
   -7.5000  -45.0000  -22.5000 2079.9263   15.2642
    0.0000  -45.0000  -22.5000 2093.6035   15.2345
    7.5000  -45.0000  -22.5000 2087.5342   15.3078
   -7.5000  -37.5000  -22.5000 2222.3689   13.4215
    0.0000  -37.5000  -22.5000 2241.0017   13.3678
    7.5000  -37.5000  -22.5000 2225.8237   13.4804
   -7.5000  -30.0000  -22.5000 2355.7869   12.0202
    0.0000  -30.0000  -22.5000 2375.0588   11.9509
    7.5000  -30.0000  -22.5000 2356.5710   12.0513
   -7.5000  -22.5000  -22.5000 2480.7983   10.8990
    0.0000  -22.5000  -22.5000 2498.1399   10.8214
    7.5000  -22.5000  -22.5000 2480.2332   10.9344
   -7.5000  -15.0000  -22.5000 2572.0898   10.0804
    0.0000  -15.0000  -22.5000 2591.3647   10.0046
    7.5000  -15.0000  -22.5000 2572.5806   10.1101
   -7.5000   -7.5000  -22.5000 2628.1196    9.5360
    0.0000   -7.5000  -22.5000 2644.6597    9.4722
    7.5000   -7.5000  -22.5000 2632.2058    9.5523
   -7.5000    0.0000  -22.5000 2681.8120    9.1677
    0.0000    0.0000  -22.5000 2698.2812    9.1047
    7.5000    0.0000  -22.5000 2678.3137    9.1594
   -7.5000    7.5000  -22.5000 2708.0586    8.9624
    0.0000    7.5000  -22.5000 2731.9543    8.8895
    7.5000    7.5000  -22.5000 2706.2834    8.9590
   -7.5000   15.0000  -22.5000 2707.1521    8.9444
    0.0000   15.0000  -22.5000 2731.7173    8.8741
    7.5000   15.0000  -22.5000 2708.5576    8.9421
   -7.5000   22.5000  -22.5000 2693.7429    9.0912
    0.0000   22.5000  -22.5000 2722.4563    9.0029
    7.5000   22.5000  -22.5000 2694.5588    9.0814
   -7.5000   30.0000  -22.5000 2659.9185    9.3863
    0.0000   30.0000  -22.5000 2690.2534    9.2868
    7.5000   30.0000  -22.5000 2660.3630    9.3715
   -7.5000   37.5000  -22.5000 2599.3584    9.8441
    0.0000   37.5000  -22.5000 2630.4165    9.7306
    7.5000   37.5000  -22.5000 2603.7959    9.8134
   -7.5000   45.0000  -22.5000 2515.4766   10.5007
    0.0000   45.0000  -22.5000 2546.1282   10.3976
    7.5000   45.0000  -22.5000 2525.1865   10.4737
   -7.5000  -45.0000  -15.0000 2117.4353   14.6892
    0.0000  -45.0000  -15.0000 2133.5002   14.6369
    7.5000  -45.0000  -15.0000 2126.5046   14.7912
   -7.5000  -37.5000  -15.0000 2265.6045   12.9161
    0.0000  -37.5000  -15.0000 2286.2710   12.8434
    7.5000  -37.5000  -15.0000 2271.2515   12.9779
   -7.5000  -30.0000  -15.0000 2403.5903   11.5251
    0.0000  -30.0000  -15.0000 2423.6509   11.4378
    7.5000  -30.0000  -15.0000 2408.2136   11.5776
   -7.5000  -22.5000  -15.0000 2529.5325   10.4028
    0.0000  -22.5000  -15.0000 2551.1135   10.3321
    7.5000  -22.5000  -15.0000 2533.1313   10.4410
   -7.5000  -15.0000  -15.0000 2627.0586    9.5865
    0.0000  -15.0000  -15.0000 2648.4536    9.5082
    7.5000  -15.0000  -15.0000 2632.0544    9.6131
   -7.5000   -7.5000  -15.0000 2692.5366    9.0317
    0.0000   -7.5000  -15.0000 2721.4443    8.9643
    7.5000   -7.5000  -15.0000 2700.9517    9.0547
   -7.5000    0.0000  -15.0000 2756.4817    8.6491
    0.0000    0.0000  -15.0000 2783.1262    8.5903
    7.5000    0.0000  -15.0000 2758.8323    8.6660
   -7.5000    7.5000  -15.0000 2800.3992    8.4282
    0.0000    7.5000  -15.0000 2830.0845    8.3583
    7.5000    7.5000  -15.0000 2799.5535    8.4383
   -7.5000   15.0000  -15.0000 2810.4009    8.4022
    0.0000   15.0000  -15.0000 2838.7407    8.3110
    7.5000   15.0000  -15.0000 2810.8293    8.3919
   -7.5000   22.5000  -15.0000 2797.6875    8.5436
    0.0000   22.5000  -15.0000 2831.7852    8.4470
    7.5000   22.5000  -15.0000 2802.8408    8.5299
   -7.5000   30.0000  -15.0000 2758.6079    8.8397
    0.0000   30.0000  -15.0000 2795.0115    8.7413
    7.5000   30.0000  -15.0000 2764.2432    8.8131
   -7.5000   37.5000  -15.0000 2692.6260    9.2872
    0.0000   37.5000  -15.0000 2729.4075    9.1721
    7.5000   37.5000  -15.0000 2702.9004    9.2489
   -7.5000   45.0000  -15.0000 2604.9536    9.9468
    0.0000   45.0000  -15.0000 2636.5959    9.8334
    7.5000   45.0000  -15.0000 2616.1733    9.9057
   -7.5000  -45.0000   -7.5000 2143.1826   14.2679
    0.0000  -45.0000   -7.5000 2160.7393   14.1703
    7.5000  -45.0000   -7.5000 2150.7354   14.3501
   -7.5000  -37.5000   -7.5000 2293.8838   12.5277
    0.0000  -37.5000   -7.5000 2313.1514   12.4512
    7.5000  -37.5000   -7.5000 2296.9834   12.6021
   -7.5000  -30.0000   -7.5000 2427.0515   11.1391
    0.0000  -30.0000   -7.5000 2448.8677   11.0505
    7.5000  -30.0000   -7.5000 2430.8611   11.1871
   -7.5000  -22.5000   -7.5000 2550.2507   10.0110
    0.0000  -22.5000   -7.5000 2572.0632    9.9168
    7.5000  -22.5000   -7.5000 2558.1990   10.0430
   -7.5000  -15.0000   -7.5000 2658.2949    9.1666
    0.0000  -15.0000   -7.5000 2680.8616    9.0772
    7.5000  -15.0000   -7.5000 2665.7434    9.1864
   -7.5000   -7.5000   -7.5000 2740.9158    8.6043
    0.0000   -7.5000   -7.5000 2773.0293    8.5317
    7.5000   -7.5000   -7.5000 2749.9441    8.6099
   -7.5000    0.0000   -7.5000 2810.1206    8.2118
    0.0000    0.0000   -7.5000 2844.6899    8.1311
    7.5000    0.0000   -7.5000 2818.4175    8.2283
   -7.5000    7.5000   -7.5000 2867.1138    7.9853
    0.0000    7.5000   -7.5000 2902.0159    7.8876
    7.5000    7.5000   -7.5000 2867.1567    7.9982
   -7.5000   15.0000   -7.5000 2885.5032    7.9232
    0.0000   15.0000   -7.5000 2922.7427    7.8218
    7.5000   15.0000   -7.5000 2887.3911    7.9250
   -7.5000   22.5000   -7.5000 2879.3730    8.0370
    0.0000   22.5000   -7.5000 2916.8154    7.9341
    7.5000   22.5000   -7.5000 2885.0400    8.0373
   -7.5000   30.0000   -7.5000 2833.1255    8.3293
    0.0000   30.0000   -7.5000 2875.7681    8.2085
    7.5000   30.0000   -7.5000 2842.2156    8.3153
   -7.5000   37.5000   -7.5000 2762.8979    8.7848
    0.0000   37.5000   -7.5000 2801.4900    8.6606
    7.5000   37.5000   -7.5000 2775.4705    8.7635
   -7.5000   45.0000   -7.5000 2668.2024    9.4445
    0.0000   45.0000   -7.5000 2701.5029    9.3193
    7.5000   45.0000   -7.5000 2677.8857    9.4175
   -7.5000  -45.0000    0.0000 2164.8406   14.0396
    0.0000  -45.0000    0.0000 2187.4773   13.9083
    7.5000  -45.0000    0.0000 2174.2458   14.1107
   -7.5000  -37.5000    0.0000 2312.5569   12.3462
    0.0000  -37.5000    0.0000 2334.6536   12.2080
    7.5000  -37.5000    0.0000 2319.4941   12.3785
   -7.5000  -30.0000    0.0000 2437.7417   10.9275
    0.0000  -30.0000    0.0000 2460.7720   10.7853
    7.5000  -30.0000    0.0000 2444.7524   10.9369
   -7.5000  -22.5000    0.0000 2555.7402    9.7771
    0.0000  -22.5000    0.0000 2579.5742    9.6521
    7.5000  -22.5000    0.0000 2565.4758    9.7899
   -7.5000  -15.0000    0.0000 2673.3960    8.8889
    0.0000  -15.0000    0.0000 2698.8276    8.7978
    7.5000  -15.0000    0.0000 2682.2466    8.9150
   -7.5000   -7.5000    0.0000 2767.7842    8.2982
    0.0000   -7.5000    0.0000 2798.2520    8.2177
    7.5000   -7.5000    0.0000 2780.3000    8.3079
   -7.5000    0.0000    0.0000 2847.5632    7.9136
    0.0000    0.0000    0.0000 2883.6707    7.8194
    7.5000    0.0000    0.0000 2859.2471    7.9145
   -7.5000    7.5000    0.0000 2906.3074    7.7202
    0.0000    7.5000    0.0000 2949.4880    7.6087
    7.5000    7.5000    0.0000 2911.4941    7.7221
   -7.5000   15.0000    0.0000 2940.6548    7.6373
    0.0000   15.0000    0.0000 2994.1489    7.5208
    7.5000   15.0000    0.0000 2944.4316    7.6501
   -7.5000   22.5000    0.0000 2940.9502    7.7051
    0.0000   22.5000    0.0000 2989.9634    7.5824
    7.5000   22.5000    0.0000 2945.1387    7.7138
   -7.5000   30.0000    0.0000 2890.7373    7.9484
    0.0000   30.0000    0.0000 2934.7085    7.8199
    7.5000   30.0000    0.0000 2901.7971    7.9348
   -7.5000   37.5000    0.0000 2810.7061    8.4088
    0.0000   37.5000    0.0000 2851.5549    8.2916
    7.5000   37.5000    0.0000 2826.6399    8.3858
   -7.5000   45.0000    0.0000 2707.0964    9.0975
    0.0000   45.0000    0.0000 2745.2798    8.9848
    7.5000   45.0000    0.0000 2720.4094    9.0690
   -7.5000  -45.0000    7.5000 2180.6011   14.0158
    0.0000  -45.0000    7.5000 2202.4089   13.8448
    7.5000  -45.0000    7.5000 2185.4697   14.0553
   -7.5000  -37.5000    7.5000 2321.5444   12.2783
    0.0000  -37.5000    7.5000 2346.7583   12.1090
    7.5000  -37.5000    7.5000 2325.6445   12.2915
   -7.5000  -30.0000    7.5000 2440.4976   10.7932
    0.0000  -30.0000    7.5000 2464.4836   10.6367
    7.5000  -30.0000    7.5000 2449.1582   10.8259
   -7.5000  -22.5000    7.5000 2557.5530    9.6302
    0.0000  -22.5000    7.5000 2583.5779    9.4826
    7.5000  -22.5000    7.5000 2572.5208    9.6470
   -7.5000  -15.0000    7.5000 2674.7529    8.7650
    0.0000  -15.0000    7.5000 2698.2737    8.6312
    7.5000  -15.0000    7.5000 2687.2644    8.7666
   -7.5000   -7.5000    7.5000 2772.3989    8.1442
    0.0000   -7.5000    7.5000 2804.1882    8.0489
    7.5000   -7.5000    7.5000 2793.4922    8.1551
   -7.5000    0.0000    7.5000 2864.6206    7.7656
    0.0000    0.0000    7.5000 2897.5605    7.6606
    7.5000    0.0000    7.5000 2875.4150    7.7540
   -7.5000    7.5000    7.5000 2941.2820    7.5708
    0.0000    7.5000    7.5000 2987.3149    7.4789
    7.5000    7.5000    7.5000 2944.7246    7.5515
   -7.5000   15.0000    7.5000 2984.4868    7.5156
    0.0000   15.0000    7.5000 3047.0269    7.4532
    7.5000   15.0000    7.5000 2986.1672    7.4950
   -7.5000   22.5000    7.5000 2978.2681    7.5415
    0.0000   22.5000    7.5000 3038.6660    7.4727
    7.5000   22.5000    7.5000 2987.8403    7.5350
   -7.5000   30.0000    7.5000 2924.5955    7.7230
    0.0000   30.0000    7.5000 2971.7732    7.6131
    7.5000   30.0000    7.5000 2937.3296    7.7190
   -7.5000   37.5000    7.5000 2840.9434    8.1924
    0.0000   37.5000    7.5000 2881.6289    8.0690
    7.5000   37.5000    7.5000 2857.2119    8.1645
   -7.5000   45.0000    7.5000 2728.8342    8.9088
    0.0000   45.0000    7.5000 2765.4978    8.7881
    7.5000   45.0000    7.5000 2745.1226    8.8804
   -7.5000  -45.0000   15.0000 2182.4683   14.1057
    0.0000  -45.0000   15.0000 2205.7622   13.8683
    7.5000  -45.0000   15.0000 2183.4895   14.1113
   -7.5000  -37.5000   15.0000 2321.0959   12.3041
    0.0000  -37.5000   15.0000 2350.0371   12.0781
    7.5000  -37.5000   15.0000 2327.9827   12.3042
   -7.5000  -30.0000   15.0000 2432.0801   10.8034
    0.0000  -30.0000   15.0000 2457.6494   10.6060
    7.5000  -30.0000   15.0000 2445.8987   10.8164
   -7.5000  -22.5000   15.0000 2548.4343    9.6581
    0.0000  -22.5000   15.0000 2571.9351    9.4791
    7.5000  -22.5000   15.0000 2562.1897    9.6513
   -7.5000  -15.0000   15.0000 2666.4260    8.7880
    0.0000  -15.0000   15.0000 2688.0510    8.6521
    7.5000  -15.0000   15.0000 2677.1003    8.7739
   -7.5000   -7.5000   15.0000 2767.4211    8.1507
    0.0000   -7.5000   15.0000 2795.5266    8.0470
    7.5000   -7.5000   15.0000 2783.9148    8.1344
   -7.5000    0.0000   15.0000 2865.3384    7.7516
    0.0000    0.0000   15.0000 2900.2202    7.6503
    7.5000    0.0000   15.0000 2875.1624    7.7085
   -7.5000    7.5000   15.0000 2948.5125    7.5476
    0.0000    7.5000   15.0000 2997.4888    7.4566
    7.5000    7.5000   15.0000 2956.5830    7.5117
   -7.5000   15.0000   15.0000 3003.6577    7.4850
    0.0000   15.0000   15.0000 3077.0125    7.4097
    7.5000   15.0000   15.0000 3011.4109    7.4615
   -7.5000   22.5000   15.0000 2988.8884    7.5393
    0.0000   22.5000   15.0000 3061.6345    7.4566
    7.5000   22.5000   15.0000 3004.0286    7.5306
   -7.5000   30.0000   15.0000 2927.4683    7.7492
    0.0000   30.0000   15.0000 2978.1602    7.6336
    7.5000   30.0000   15.0000 2942.8479    7.7323
   -7.5000   37.5000   15.0000 2841.6038    8.1827
    0.0000   37.5000   15.0000 2881.9851    8.0774
    7.5000   37.5000   15.0000 2856.7783    8.1708
   -7.5000   45.0000   15.0000 2727.3066    8.8726
    0.0000   45.0000   15.0000 2761.1675    8.7589
    7.5000   45.0000   15.0000 2741.9841    8.8479
   -7.5000  -45.0000   22.5000 2159.8982   14.3114
    0.0000  -45.0000   22.5000 2185.0220   14.0533
    7.5000  -45.0000   22.5000 2160.9949   14.2656
   -7.5000  -37.5000   22.5000 2303.5505   12.4616
    0.0000  -37.5000   22.5000 2334.0403   12.2532
    7.5000  -37.5000   22.5000 2310.5769   12.4568
   -7.5000  -30.0000   22.5000 2418.3909   10.9371
    0.0000  -30.0000   22.5000 2442.8237   10.7437
    7.5000  -30.0000   22.5000 2429.7659   10.9215
   -7.5000  -22.5000   22.5000 2535.6851    9.7773
    0.0000  -22.5000   22.5000 2560.6018    9.6099
    7.5000  -22.5000   22.5000 2546.5598    9.7567
   -7.5000  -15.0000   22.5000 2647.7961    8.9069
    0.0000  -15.0000   22.5000 2676.7544    8.7572
    7.5000  -15.0000   22.5000 2663.1404    8.8854
   -7.5000   -7.5000   22.5000 2754.8982    8.2712
    0.0000   -7.5000   22.5000 2785.4954    8.1341
    7.5000   -7.5000   22.5000 2771.2810    8.2287
   -7.5000    0.0000   22.5000 2852.6328    7.8480
    0.0000    0.0000   22.5000 2888.7498    7.7124
    7.5000    0.0000   22.5000 2869.9663    7.8015
   -7.5000    7.5000   22.5000 2937.8264    7.6293
    0.0000    7.5000   22.5000 2981.2756    7.5267
    7.5000    7.5000   22.5000 2951.4128    7.5948
   -7.5000   15.0000   22.5000 2981.5212    7.5723
    0.0000   15.0000   22.5000 3046.2952    7.4629
    7.5000   15.0000   22.5000 2999.5239    7.5555
   -7.5000   22.5000   22.5000 2962.0784    7.7013
    0.0000   22.5000   22.5000 3028.2734    7.5584
    7.5000   22.5000   22.5000 2981.3154    7.6724
   -7.5000   30.0000   22.5000 2900.8228    7.9451
    0.0000   30.0000   22.5000 2953.1135    7.8040
    7.5000   30.0000   22.5000 2917.9849    7.9175
   -7.5000   37.5000   22.5000 2816.7388    8.3696
    0.0000   37.5000   22.5000 2853.1653    8.2544
    7.5000   37.5000   22.5000 2832.4229    8.3530
   -7.5000   45.0000   22.5000 2703.9419    9.0126
    0.0000   45.0000   22.5000 2733.0344    8.9104
    7.5000   45.0000   22.5000 2721.0205    8.9979
   -7.5000  -45.0000   30.0000 2116.3647   14.6450
    0.0000  -45.0000   30.0000 2140.2905   14.4016
    7.5000  -45.0000   30.0000 2124.4829   14.5922
   -7.5000  -37.5000   30.0000 2266.4500   12.7504
    0.0000  -37.5000   30.0000 2289.9453   12.5176
    7.5000  -37.5000   30.0000 2271.2083   12.7075
   -7.5000  -30.0000   30.0000 2393.1497   11.1921
    0.0000  -30.0000   30.0000 2416.5510   10.9908
    7.5000  -30.0000   30.0000 2399.6807   11.1721
   -7.5000  -22.5000   30.0000 2511.0818   10.0392
    0.0000  -22.5000   30.0000 2540.6504    9.8291
    7.5000  -22.5000   30.0000 2524.5000    9.9885
   -7.5000  -15.0000   30.0000 2626.8145    9.1651
    0.0000  -15.0000   30.0000 2661.6062    8.9736
    7.5000  -15.0000   30.0000 2643.7981    9.1084
   -7.5000   -7.5000   30.0000 2735.0154    8.5149
    0.0000   -7.5000   30.0000 2765.9849    8.3433
    7.5000   -7.5000   30.0000 2752.1147    8.4624
   -7.5000    0.0000   30.0000 2826.1907    8.0805
    0.0000    0.0000   30.0000 2860.2776    7.9328
    7.5000    0.0000   30.0000 2846.0603    8.0374
   -7.5000    7.5000   30.0000 2898.7441    7.8479
    0.0000    7.5000   30.0000 2941.4841    7.7103
    7.5000    7.5000   30.0000 2915.6211    7.8145
   -7.5000   15.0000   30.0000 2930.9790    7.7950
    0.0000   15.0000   30.0000 2985.4229    7.6511
    7.5000   15.0000   30.0000 2952.5920    7.7678
   -7.5000   22.5000   30.0000 2912.5679    7.9518
    0.0000   22.5000   30.0000 2960.8088    7.8151
    7.5000   22.5000   30.0000 2930.4565    7.9221
   -7.5000   30.0000   30.0000 2851.8616    8.2461
    0.0000   30.0000   30.0000 2891.3489    8.0975
    7.5000   30.0000   30.0000 2865.4570    8.2116
   -7.5000   37.5000   30.0000 2768.1042    8.6881
    0.0000   37.5000   30.0000 2802.6248    8.5482
    7.5000   37.5000   30.0000 2784.4448    8.6617
   -7.5000   45.0000   30.0000 2658.7842    9.3123
    0.0000   45.0000   30.0000 2688.0947    9.1878
    7.5000   45.0000   30.0000 2676.3467    9.3017
   -7.5000  -45.0000   37.5000 2069.9543   15.0705
    0.0000  -45.0000   37.5000 2094.6448   14.8263
    7.5000  -45.0000   37.5000 2085.4429   15.0450
   -7.5000  -37.5000   37.5000 2223.8267   13.1398
    0.0000  -37.5000   37.5000 2247.6331   12.9034
    7.5000  -37.5000   37.5000 2234.0918   13.1123
   -7.5000  -30.0000   37.5000 2358.0876   11.5792
    0.0000  -30.0000   37.5000 2384.9194   11.3405
    7.5000  -30.0000   37.5000 2367.5220   11.5464
   -7.5000  -22.5000   37.5000 2479.3760   10.3958
    0.0000  -22.5000   37.5000 2511.7053   10.1791
    7.5000  -22.5000   37.5000 2494.6851   10.3474
   -7.5000  -15.0000   37.5000 2599.3943    9.5071
    0.0000  -15.0000   37.5000 2635.5168    9.3119
    7.5000  -15.0000   37.5000 2613.2966    9.4529
   -7.5000   -7.5000   37.5000 2701.5271    8.8669
    0.0000   -7.5000   37.5000 2737.5671    8.6913
    7.5000   -7.5000   37.5000 2717.7390    8.8197
   -7.5000    0.0000   37.5000 2787.0637    8.4412
    0.0000    0.0000   37.5000 2823.5835    8.2877
    7.5000    0.0000   37.5000 2805.7703    8.4186
   -7.5000    7.5000   37.5000 2845.5952    8.1936
    0.0000    7.5000   37.5000 2888.8198    8.0428
    7.5000    7.5000   37.5000 2867.4165    8.1702
   -7.5000   15.0000   37.5000 2868.7981    8.1310
    0.0000   15.0000   37.5000 2920.0591    7.9896
    7.5000   15.0000   37.5000 2890.3137    8.1061
   -7.5000   22.5000   37.5000 2845.4246    8.2906
    0.0000   22.5000   37.5000 2888.1023    8.1750
    7.5000   22.5000   37.5000 2860.4524    8.2755
   -7.5000   30.0000   37.5000 2784.7852    8.6071
    0.0000   30.0000   37.5000 2815.6025    8.4715
    7.5000   30.0000   37.5000 2796.3589    8.5686
   -7.5000   37.5000   37.5000 2703.6831    9.0661
    0.0000   37.5000   37.5000 2732.6414    8.9139
    7.5000   37.5000   37.5000 2716.9617    9.0473
   -7.5000   45.0000   37.5000 2598.6965    9.6982
    0.0000   45.0000   37.5000 2626.7698    9.5657
    7.5000   45.0000   37.5000 2613.6082    9.6710
   -7.5000  -45.0000   45.0000 2032.2043   15.6884
    0.0000  -45.0000   45.0000 2060.4316   15.4097
    7.5000  -45.0000   45.0000 2046.8824   15.6709
   -7.5000  -37.5000   45.0000 2181.9685   13.6521
    0.0000  -37.5000   45.0000 2211.9316   13.4311
    7.5000  -37.5000   45.0000 2197.2898   13.6513
   -7.5000  -30.0000   45.0000 2316.3857   12.0716
    0.0000  -30.0000   45.0000 2351.3428   11.8499
    7.5000  -30.0000   45.0000 2331.5696   12.0369
   -7.5000  -22.5000   45.0000 2439.3853   10.8829
    0.0000  -22.5000   45.0000 2474.9570   10.6667
    7.5000  -22.5000   45.0000 2455.0796   10.8297
   -7.5000  -15.0000   45.0000 2553.3787    9.9810
    0.0000  -15.0000   45.0000 2589.5583    9.7872
    7.5000  -15.0000   45.0000 2570.6509    9.9370
   -7.5000   -7.5000   45.0000 2652.3442    9.3357
    0.0000   -7.5000   45.0000 2689.8274    9.1585
    7.5000   -7.5000   45.0000 2668.9705    9.2923
   -7.5000    0.0000   45.0000 2730.9719    8.9102
    0.0000    0.0000   45.0000 2769.0508    8.7559
    7.5000    0.0000   45.0000 2746.7886    8.8788
   -7.5000    7.5000   45.0000 2780.2671    8.6459
    0.0000    7.5000   45.0000 2822.9866    8.5035
    7.5000    7.5000   45.0000 2799.4028    8.6292
   -7.5000   15.0000   45.0000 2793.2864    8.5740
    0.0000   15.0000   45.0000 2837.5801    8.4478
    7.5000   15.0000   45.0000 2813.0901    8.5681
   -7.5000   22.5000   45.0000 2762.9543    8.7360
    0.0000   22.5000   45.0000 2796.9822    8.6364
    7.5000   22.5000   45.0000 2777.5623    8.7339
   -7.5000   30.0000   45.0000 2702.2551    9.0484
    0.0000   30.0000   45.0000 2729.2549    8.9319
    7.5000   30.0000   45.0000 2712.6946    9.0217
   -7.5000   37.5000   45.0000 2625.0706    9.5184
    0.0000   37.5000   45.0000 2656.0115    9.3773
    7.5000   37.5000   45.0000 2642.0254    9.4844
   -7.5000   45.0000   45.0000 2526.4836   10.1458
    0.0000   45.0000   45.0000 2556.6951   10.0024
    7.5000   45.0000   45.0000 2541.0557   10.1144

---------------------------------------------------------------------
imgreg_4dfp /opt/freesurfer/average/711-2C_as_mni_average_305 /opt/freesurfer/average/711-2B_as_mni_average_305_mask talsrcimg_g11 none talsrcimg_to_711-2C_as_mni_average_305_t4 1283
---------------------------------------------------------------------

freesurfer imgreg_4dfp.c
/opt/freesurfer/average/711-2C_as_mni_average_305.4dfp.img
       256       256       256         1
  1.000000  1.000000  1.000000
orientation T byte_order littleendian
Reading image: /opt/freesurfer/average/711-2C_as_mni_average_305.4dfp.img
dimensions:      256       256       256
mmppix:       1.0000   -1.0000   -1.0000
center:     128.0000 -129.0000 -129.0000
/opt/freesurfer/average/711-2B_as_mni_average_305_mask.4dfp.img
       256       256       256         1
  1.000000  1.000000  1.000000
orientation T byte_order littleendian
Reading mask: /opt/freesurfer/average/711-2B_as_mni_average_305_mask.4dfp.img (2306576 pixels)
talsrcimg_g11.4dfp.img
       256       256       256         1
  1.000000  1.000000  1.000000
orientation T byte_order littleendian
Reading image: talsrcimg_g11.4dfp.img
dimensions:      256       256       256
mmppix:       1.0000   -1.0000   -1.0000
center:     128.0000 -129.0000 -129.0000
rotation matrix determinant  1.000000
fimgreg.f
image alignment mode   1283 decimal      503 hex
parameters
    0.0000   15.0000   15.0000    0.0000    0.0000    0.0000
eta,q 0.96439  7.42693
niter,ni,del,rscale     5    3   12.0000    1.2000
parameter  2 -0.507929 -> -0.500000 qaram    1.1500
parameters
    0.3774   18.4500   14.7961   -1.6985   -1.5724   -1.7977
eta,q 0.96956  7.46298
  0.0577  0.0522  0.0387  0.0335  0.0363  0.0342
  0.0472  0.0448  0.0347  0.0331  0.0329  0.0318
  0.0393  0.0394  0.0319  0.0319  0.0312  0.0305
  0.0356  0.0353  0.0313  0.0312  0.0317  0.0311
  0.0373  0.0322  0.0329  0.0329  0.0348  0.0338
  0.0444  0.0317  0.0358  0.0365  0.0395  0.0377
  0.0527  0.0355  0.0392  0.0406  0.0451  0.0421
niter,ni,del,rscale     5    3   12.0000    1.2000
parameters
    0.7679   18.2790   14.0845   -2.1455   -1.8076   -1.8691
eta,q 0.96943  7.45783
  0.0551  0.0435  0.0362  0.0333  0.0393  0.0370
  0.0440  0.0365  0.0327  0.0323  0.0346  0.0341
  0.0346  0.0320  0.0307  0.0316  0.0316  0.0318
  0.0304  0.0304  0.0304  0.0302  0.0305  0.0305
  0.0325  0.0323  0.0321  0.0300  0.0320  0.0312
  0.0400  0.0376  0.0353  0.0320  0.0358  0.0340
  0.0498  0.0448  0.0395  0.0362  0.0406  0.0378
niter,ni,del,rscale     4    3   12.0000    1.2000
parameters
    0.8896   18.4777   13.9382   -2.3539   -1.9067   -1.8601
eta,q 0.96931  7.45838
  0.0538  0.0444  0.0377  0.0333  0.0397  0.0371
  0.0424  0.0374  0.0338  0.0323  0.0349  0.0342
  0.0336  0.0325  0.0314  0.0318  0.0319  0.0319
  0.0306  0.0306  0.0305  0.0305  0.0307  0.0307
  0.0335  0.0316  0.0315  0.0299  0.0319  0.0313
  0.0417  0.0362  0.0343  0.0314  0.0355  0.0339
  0.0515  0.0432  0.0385  0.0353  0.0402  0.0375
niter,ni,del,rscale     3    3   12.0000    1.2000
parameters
    0.9450   18.5928   13.8800   -2.4518   -1.9520   -1.8532
eta,q 0.96926  7.45891
  0.0534  0.0441  0.0381  0.0333  0.0398  0.0371
  0.0420  0.0370  0.0340  0.0322  0.0350  0.0342
  0.0334  0.0324  0.0315  0.0318  0.0320  0.0319
  0.0307  0.0307  0.0307  0.0307  0.0307  0.0307
  0.0338  0.0317  0.0315  0.0299  0.0318  0.0314
  0.0421  0.0364  0.0342  0.0312  0.0354  0.0339
  0.0519  0.0434  0.0384  0.0350  0.0400  0.0374
niter,ni,del,rscale     2    3   12.0000    1.2000
parameters
    0.9704   18.6499   13.8536   -2.5022   -1.9714   -1.8516
eta,q 0.96923  7.45922
  0.0532  0.0438  0.0382  0.0333  0.0399  0.0371
  0.0418  0.0368  0.0341  0.0322  0.0351  0.0342
  0.0334  0.0324  0.0316  0.0318  0.0320  0.0319
  0.0307  0.0307  0.0307  0.0307  0.0308  0.0308
  0.0340  0.0318  0.0315  0.0300  0.0318  0.0314
  0.0423  0.0365  0.0342  0.0311  0.0353  0.0339
  0.0521  0.0436  0.0384  0.0348  0.0400  0.0374
registration optimization eta report
parameter search radius
    6.0000    6.9000    6.0000    6.0000    6.0000    6.0000
100000*second partial in parameter space
       60.       27.       21.       10.       25.       18.
  0.0532  0.0438  0.0382  0.0333  0.0399  0.0371
  0.0418  0.0368  0.0341  0.0322  0.0351  0.0342
  0.0334  0.0324  0.0316  0.0318  0.0320  0.0319
  0.0307  0.0307  0.0307  0.0307  0.0308  0.0308
  0.0340  0.0318  0.0315  0.0300  0.0318  0.0314
  0.0423  0.0365  0.0342  0.0311  0.0353  0.0339
  0.0521  0.0436  0.0384  0.0348  0.0400  0.0374
    0.9704   18.6499   13.8536   -2.5022   -1.9714   -1.8516
eta,q 0.96923  7.45922

---------------------------------------------------------------------
imgreg_4dfp /opt/freesurfer/average/711-2C_as_mni_average_305 /opt/freesurfer/average/711-2B_as_mni_average_305_mask talsrcimg_g11 none talsrcimg_to_711-2C_as_mni_average_305_t4 3335
---------------------------------------------------------------------

freesurfer imgreg_4dfp.c
/opt/freesurfer/average/711-2C_as_mni_average_305.4dfp.img
       256       256       256         1
  1.000000  1.000000  1.000000
orientation T byte_order littleendian
Reading image: /opt/freesurfer/average/711-2C_as_mni_average_305.4dfp.img
dimensions:      256       256       256
mmppix:       1.0000   -1.0000   -1.0000
center:     128.0000 -129.0000 -129.0000
/opt/freesurfer/average/711-2B_as_mni_average_305_mask.4dfp.img
       256       256       256         1
  1.000000  1.000000  1.000000
orientation T byte_order littleendian
Reading mask: /opt/freesurfer/average/711-2B_as_mni_average_305_mask.4dfp.img (2306576 pixels)
talsrcimg_g11.4dfp.img
       256       256       256         1
  1.000000  1.000000  1.000000
orientation T byte_order littleendian
Reading image: talsrcimg_g11.4dfp.img
dimensions:      256       256       256
mmppix:       1.0000   -1.0000   -1.0000
center:     128.0000 -129.0000 -129.0000
fimgreg.f
image alignment mode   3335 decimal      D07 hex
parameters
    0.9704   18.6499   13.8536   -0.1114   -0.1427   -0.1545
    3.0779    3.5761   -3.2291    4.2525   -3.4401   -4.3632
eta,q 0.96972  7.44006
niter,ni,del,rscale     5    3    5.0000    1.2000
parameter  4  1.003611 ->  0.500000 qaram    1.1500
parameter  5  0.574458 ->  0.500000 qaram    1.1500
parameters
    0.7388   18.7224   14.2156   -4.2514   -4.2827    3.0140
    3.6202    3.0450   -3.9370    4.6347   -6.2302   -7.4692
eta,q 0.97311  7.25864
  0.0329  0.0324  0.0319  0.0274  0.0279  0.0305  0.0301  0.0299  0.0284  0.0291  0.0274  0.0273
  0.0313  0.0313  0.0311  0.0279  0.0276  0.0292  0.0287  0.0283  0.0277  0.0281  0.0272  0.0270
  0.0304  0.0305  0.0305  0.0288  0.0275  0.0282  0.0277  0.0275  0.0273  0.0275  0.0271  0.0269
  0.0303  0.0302  0.0302  0.0302  0.0281  0.0275  0.0273  0.0273  0.0273  0.0273  0.0272  0.0271
  0.0309  0.0304  0.0302  0.0324  0.0293  0.0273  0.0274  0.0278  0.0275  0.0272  0.0275  0.0275
  0.0321  0.0311  0.0305  0.0353  0.0307  0.0274  0.0281  0.0289  0.0281  0.0277  0.0280  0.0282
  0.0341  0.0322  0.0311  0.0387  0.0327  0.0277  0.0294  0.0308  0.0289  0.0289  0.0285  0.0290
niter,ni,del,rscale     6    3    5.0000    1.2000
parameter  4  0.617903 ->  0.500000 qaram    1.3225
parameters
    0.7520   19.3413   14.7989   -9.0124   -6.6442    3.0219
    3.5337    3.5026   -2.9356    7.4819   -5.7914   -7.9801
eta,q 0.97466  6.98023
  0.0300  0.0299  0.0288  0.0258  0.0265  0.0277  0.0280  0.0296  0.0274  0.0287  0.0263  0.0263
  0.0283  0.0285  0.0279  0.0257  0.0260  0.0267  0.0268  0.0278  0.0266  0.0274  0.0258  0.0257
  0.0272  0.0275  0.0272  0.0261  0.0258  0.0260  0.0260  0.0264  0.0260  0.0264  0.0255  0.0254
  0.0269  0.0269  0.0268  0.0267  0.0258  0.0258  0.0258  0.0258  0.0258  0.0257  0.0254  0.0253
  0.0272  0.0268  0.0267  0.0277  0.0261  0.0260  0.0261  0.0260  0.0258  0.0254  0.0254  0.0255
  0.0283  0.0271  0.0269  0.0298  0.0275  0.0267  0.0269  0.0271  0.0261  0.0255  0.0257  0.0259
  0.0300  0.0279  0.0275  0.0329  0.0292  0.0276  0.0280  0.0288  0.0267  0.0261  0.0261  0.0266
niter,ni,del,rscale     6    3    5.0000    1.2000
parameters
    0.6922   20.2676   14.5774  -10.7505   -8.8404    2.2372
    3.1523    3.6901   -3.3614    9.5505   -5.2975   -8.7572
eta,q 0.97559  6.80938
  0.0283  0.0288  0.0262  0.0270  0.0255  0.0264  0.0268  0.0286  0.0260  0.0279  0.0255  0.0253
  0.0266  0.0272  0.0255  0.0254  0.0249  0.0254  0.0256  0.0267  0.0253  0.0264  0.0250  0.0247
  0.0256  0.0261  0.0251  0.0247  0.0247  0.0248  0.0248  0.0252  0.0248  0.0253  0.0246  0.0244
  0.0253  0.0253  0.0251  0.0251  0.0248  0.0247  0.0246  0.0246  0.0246  0.0246  0.0244  0.0244
  0.0258  0.0251  0.0253  0.0259  0.0251  0.0251  0.0250  0.0250  0.0248  0.0244  0.0245  0.0246
  0.0269  0.0252  0.0259  0.0269  0.0260  0.0261  0.0260  0.0263  0.0255  0.0247  0.0248  0.0251
  0.0286  0.0258  0.0267  0.0289  0.0278  0.0272  0.0273  0.0283  0.0264  0.0256  0.0253  0.0257
niter,ni,del,rscale     5    3    5.0000    1.2000
parameters
    0.7740   21.0653   14.1109  -11.3056  -10.0915    1.5131
    3.0672    3.7854   -3.8122   11.1369   -5.0703   -9.4016
eta,q 0.97612  6.73065
  0.0280  0.0276  0.0251  0.0272  0.0252  0.0258  0.0265  0.0281  0.0255  0.0273  0.0249  0.0248
  0.0261  0.0261  0.0245  0.0254  0.0244  0.0248  0.0251  0.0260  0.0247  0.0257  0.0244  0.0242
  0.0248  0.0250  0.0242  0.0243  0.0240  0.0241  0.0243  0.0246  0.0241  0.0246  0.0241  0.0239
  0.0244  0.0244  0.0242  0.0241  0.0241  0.0240  0.0240  0.0240  0.0240  0.0240  0.0239  0.0239
  0.0247  0.0242  0.0245  0.0250  0.0244  0.0245  0.0243  0.0244  0.0243  0.0239  0.0240  0.0241
  0.0258  0.0244  0.0252  0.0262  0.0250  0.0254  0.0252  0.0258  0.0250  0.0244  0.0243  0.0245
  0.0275  0.0251  0.0261  0.0277  0.0263  0.0265  0.0266  0.0279  0.0260  0.0253  0.0248  0.0251
niter,ni,del,rscale     4    3    5.0000    1.2000
parameters
    0.8183   21.5684   13.7183  -11.5172  -10.6550    0.9468
    3.0746    3.8307   -4.0113   12.0820   -4.9444   -9.7443
eta,q 0.97632  6.69436
  0.0274  0.0267  0.0247  0.0273  0.0252  0.0255  0.0263  0.0277  0.0254  0.0267  0.0247  0.0246
  0.0255  0.0253  0.0241  0.0254  0.0244  0.0245  0.0249  0.0257  0.0245  0.0252  0.0242  0.0241
  0.0243  0.0244  0.0238  0.0241  0.0238  0.0239  0.0240  0.0242  0.0239  0.0242  0.0239  0.0238
  0.0239  0.0239  0.0238  0.0237  0.0237  0.0237  0.0237  0.0237  0.0237  0.0237  0.0237  0.0237
  0.0242  0.0238  0.0241  0.0246  0.0240  0.0241  0.0240  0.0242  0.0240  0.0238  0.0238  0.0239
  0.0253  0.0242  0.0247  0.0258  0.0246  0.0251  0.0249  0.0256  0.0246  0.0244  0.0241  0.0242
  0.0271  0.0250  0.0256  0.0273  0.0258  0.0261  0.0263  0.0277  0.0257  0.0254  0.0247  0.0248
niter,ni,del,rscale     3    3    5.0000    1.2000
parameters
    0.8340   21.8437   13.4508  -11.5906  -10.8983    0.5577
    3.0790    3.8461   -4.1050   12.5992   -4.8671   -9.9217
eta,q 0.97637  6.67747
  0.0271  0.0262  0.0247  0.0273  0.0253  0.0255  0.0262  0.0276  0.0254  0.0263  0.0246  0.0246
  0.0252  0.0249  0.0241  0.0254  0.0244  0.0245  0.0248  0.0256  0.0245  0.0249  0.0241  0.0241
  0.0241  0.0241  0.0237  0.0240  0.0238  0.0238  0.0239  0.0241  0.0239  0.0240  0.0238  0.0237
  0.0237  0.0237  0.0237  0.0236  0.0236  0.0236  0.0236  0.0236  0.0236  0.0236  0.0236  0.0236
  0.0241  0.0238  0.0239  0.0244  0.0239  0.0240  0.0239  0.0241  0.0239  0.0238  0.0237  0.0238
  0.0252  0.0243  0.0245  0.0257  0.0244  0.0249  0.0249  0.0255  0.0245  0.0245  0.0241  0.0241
  0.0270  0.0252  0.0253  0.0272  0.0256  0.0259  0.0262  0.0276  0.0255  0.0256  0.0246  0.0247
niter,ni,del,rscale     2    3    5.0000    1.2000
parameters
    0.8392   21.9936   13.2820  -11.6258  -11.0154    0.2941
    3.0887    3.8490   -4.1462   12.8888   -4.8018  -10.0122
eta,q 0.97638  6.66802
  0.0270  0.0259  0.0248  0.0274  0.0254  0.0255  0.0262  0.0276  0.0254  0.0261  0.0246  0.0246
  0.0251  0.0247  0.0241  0.0254  0.0244  0.0245  0.0248  0.0256  0.0245  0.0248  0.0241  0.0241
  0.0240  0.0239  0.0237  0.0241  0.0238  0.0238  0.0239  0.0241  0.0239  0.0239  0.0238  0.0237
  0.0236  0.0236  0.0236  0.0236  0.0236  0.0236  0.0236  0.0236  0.0236  0.0236  0.0236  0.0236
  0.0240  0.0238  0.0238  0.0244  0.0238  0.0239  0.0239  0.0241  0.0238  0.0239  0.0237  0.0238
  0.0251  0.0244  0.0244  0.0257  0.0244  0.0248  0.0248  0.0255  0.0245  0.0246  0.0241  0.0241
  0.0269  0.0254  0.0251  0.0272  0.0255  0.0258  0.0262  0.0276  0.0255  0.0257  0.0246  0.0247
niter,ni,del,rscale     1    3    5.0000    1.2000
parameters
    0.8388   22.0807   13.1744  -11.6359  -11.0737    0.1201
    3.0915    3.8437   -4.1710   13.0595   -4.7556  -10.0639
eta,q 0.97639  6.66286
  0.0269  0.0258  0.0248  0.0274  0.0254  0.0256  0.0262  0.0276  0.0254  0.0260  0.0246  0.0246
  0.0251  0.0246  0.0241  0.0254  0.0244  0.0245  0.0248  0.0256  0.0245  0.0247  0.0241  0.0241
  0.0240  0.0239  0.0237  0.0241  0.0238  0.0238  0.0239  0.0241  0.0239  0.0239  0.0238  0.0237
  0.0236  0.0236  0.0236  0.0236  0.0236  0.0236  0.0236  0.0236  0.0236  0.0236  0.0236  0.0236
  0.0240  0.0238  0.0238  0.0243  0.0238  0.0239  0.0239  0.0241  0.0238  0.0239  0.0237  0.0238
  0.0251  0.0244  0.0243  0.0257  0.0244  0.0247  0.0248  0.0255  0.0245  0.0246  0.0241  0.0241
  0.0269  0.0255  0.0251  0.0272  0.0255  0.0257  0.0262  0.0276  0.0255  0.0258  0.0246  0.0246
registration optimization eta report
parameter search radius
    2.4000    2.4000    2.4000    9.5220    8.2800    7.2000
    7.2000    7.2000    7.2000    7.2000    7.2000    7.2000
100000*second partial in parameter space
       57.       35.       23.        4.        3.        4.
        5.        8.        4.        4.        2.        2.
  0.0269  0.0258  0.0248  0.0274  0.0254  0.0256  0.0262  0.0276  0.0254  0.0260  0.0246  0.0246
  0.0251  0.0246  0.0241  0.0254  0.0244  0.0245  0.0248  0.0256  0.0245  0.0247  0.0241  0.0241
  0.0240  0.0239  0.0237  0.0241  0.0238  0.0238  0.0239  0.0241  0.0239  0.0239  0.0238  0.0237
  0.0236  0.0236  0.0236  0.0236  0.0236  0.0236  0.0236  0.0236  0.0236  0.0236  0.0236  0.0236
  0.0240  0.0238  0.0238  0.0243  0.0238  0.0239  0.0239  0.0241  0.0238  0.0239  0.0237  0.0238
  0.0251  0.0244  0.0243  0.0257  0.0244  0.0247  0.0248  0.0255  0.0245  0.0246  0.0241  0.0241
  0.0269  0.0255  0.0251  0.0272  0.0255  0.0257  0.0262  0.0276  0.0255  0.0258  0.0246  0.0246
    0.8388   22.0807   13.1744  -11.6359  -11.0737    0.1201
    3.0915    3.8437   -4.1710   13.0595   -4.7556  -10.0639
eta,q 0.97639  6.66286

---------------------------------------------------------------------
imgreg_4dfp /opt/freesurfer/average/711-2C_as_mni_average_305 /opt/freesurfer/average/711-2B_as_mni_average_305_mask talsrcimg_g11 none talsrcimg_to_711-2C_as_mni_average_305_t4 2311
---------------------------------------------------------------------

freesurfer imgreg_4dfp.c
/opt/freesurfer/average/711-2C_as_mni_average_305.4dfp.img
       256       256       256         1
  1.000000  1.000000  1.000000
orientation T byte_order littleendian
Reading image: /opt/freesurfer/average/711-2C_as_mni_average_305.4dfp.img
dimensions:      256       256       256
mmppix:       1.0000   -1.0000   -1.0000
center:     128.0000 -129.0000 -129.0000
/opt/freesurfer/average/711-2B_as_mni_average_305_mask.4dfp.img
       256       256       256         1
  1.000000  1.000000  1.000000
orientation T byte_order littleendian
Reading mask: /opt/freesurfer/average/711-2B_as_mni_average_305_mask.4dfp.img (2306576 pixels)
talsrcimg_g11.4dfp.img
       256       256       256         1
  1.000000  1.000000  1.000000
orientation T byte_order littleendian
Reading image: talsrcimg_g11.4dfp.img
dimensions:      256       256       256
mmppix:       1.0000   -1.0000   -1.0000
center:     128.0000 -129.0000 -129.0000
fimgreg.f
image alignment mode   2311 decimal      907 hex
parameters
    0.8388   22.0807   13.1744  -11.6359  -11.0737    0.1201
    3.0915    3.8437   -4.1710   13.0595   -4.7556  -10.0639
eta,q 0.97639  6.66286
niter,ni,del,rscale     5    3    5.0000    0.8000
parameters
    0.8292   22.1193   13.1161  -11.9845  -10.9343   -0.0081
    3.0913    3.8510   -4.1497   13.0280   -4.6858  -10.0799
eta,q 0.97639  6.65146
  0.0251  0.0246  0.0242  0.0247  0.0242  0.0246  0.0248  0.0255  0.0245  0.0246  0.0241  0.0241
  0.0243  0.0240  0.0239  0.0241  0.0239  0.0241  0.0242  0.0245  0.0240  0.0240  0.0238  0.0238
  0.0238  0.0237  0.0237  0.0237  0.0237  0.0237  0.0237  0.0238  0.0237  0.0237  0.0237  0.0237
  0.0236  0.0236  0.0236  0.0236  0.0236  0.0236  0.0236  0.0236  0.0236  0.0236  0.0236  0.0236
  0.0238  0.0237  0.0237  0.0238  0.0237  0.0237  0.0237  0.0238  0.0237  0.0238  0.0237  0.0237
  0.0243  0.0240  0.0239  0.0244  0.0238  0.0241  0.0242  0.0245  0.0240  0.0241  0.0238  0.0238
  0.0251  0.0245  0.0243  0.0250  0.0242  0.0247  0.0248  0.0255  0.0245  0.0246  0.0241  0.0241
niter,ni,del,rscale     4    3    5.0000    0.7000
parameters
    0.8319   22.1254   13.0822  -12.0154  -10.9455   -0.0433
    3.0802    3.8484   -4.1612   13.0101   -4.6464  -10.1025
eta,q 0.97639  6.64898
  0.0248  0.0243  0.0240  0.0246  0.0241  0.0244  0.0245  0.0251  0.0243  0.0244  0.0240  0.0240
  0.0241  0.0239  0.0238  0.0241  0.0238  0.0240  0.0240  0.0243  0.0239  0.0239  0.0238  0.0238
  0.0237  0.0237  0.0237  0.0237  0.0237  0.0237  0.0237  0.0238  0.0237  0.0237  0.0237  0.0236
  0.0236  0.0236  0.0236  0.0236  0.0236  0.0236  0.0236  0.0236  0.0236  0.0236  0.0236  0.0236
  0.0237  0.0237  0.0237  0.0237  0.0237  0.0237  0.0237  0.0238  0.0237  0.0237  0.0236  0.0237
  0.0241  0.0239  0.0238  0.0241  0.0238  0.0240  0.0240  0.0243  0.0239  0.0240  0.0238  0.0238
  0.0247  0.0243  0.0241  0.0246  0.0241  0.0244  0.0246  0.0251  0.0243  0.0244  0.0240  0.0240
niter,ni,del,rscale     3    3    5.0000    0.6000
parameters
    0.8327   22.1240   13.0747  -12.0226  -10.9578   -0.0290
    3.0846    3.8403   -4.1552   12.9861   -4.6318  -10.1052
eta,q 0.97639  6.64841
  0.0245  0.0241  0.0239  0.0243  0.0239  0.0242  0.0243  0.0247  0.0241  0.0242  0.0239  0.0239
  0.0240  0.0238  0.0238  0.0240  0.0238  0.0239  0.0239  0.0241  0.0238  0.0239  0.0237  0.0237
  0.0237  0.0237  0.0236  0.0237  0.0236  0.0237  0.0237  0.0237  0.0237  0.0237  0.0236  0.0236
  0.0236  0.0236  0.0236  0.0236  0.0236  0.0236  0.0236  0.0236  0.0236  0.0236  0.0236  0.0236
  0.0237  0.0237  0.0236  0.0237  0.0237  0.0237  0.0237  0.0237  0.0237  0.0237  0.0236  0.0236
  0.0240  0.0238  0.0238  0.0240  0.0238  0.0239  0.0239  0.0241  0.0238  0.0239  0.0237  0.0237
  0.0244  0.0241  0.0240  0.0244  0.0239  0.0242  0.0243  0.0247  0.0241  0.0242  0.0239  0.0239
registration optimization eta report
parameter search radius
    1.2000    1.2000    1.2000    3.6000    3.6000    3.6000
    3.6000    3.6000    3.6000    3.6000    3.6000    3.6000
100000*second partial in parameter space
       58.       35.       24.        6.        3.        5.
        5.        9.        4.        4.        2.        2.
  0.0245  0.0241  0.0239  0.0243  0.0239  0.0242  0.0243  0.0247  0.0241  0.0242  0.0239  0.0239
  0.0240  0.0238  0.0238  0.0240  0.0238  0.0239  0.0239  0.0241  0.0238  0.0239  0.0237  0.0237
  0.0237  0.0237  0.0236  0.0237  0.0236  0.0237  0.0237  0.0237  0.0237  0.0237  0.0236  0.0236
  0.0236  0.0236  0.0236  0.0236  0.0236  0.0236  0.0236  0.0236  0.0236  0.0236  0.0236  0.0236
  0.0237  0.0237  0.0236  0.0237  0.0237  0.0237  0.0237  0.0237  0.0237  0.0237  0.0236  0.0236
  0.0240  0.0238  0.0238  0.0240  0.0238  0.0239  0.0239  0.0241  0.0238  0.0239  0.0237  0.0237
  0.0244  0.0241  0.0240  0.0244  0.0239  0.0242  0.0243  0.0247  0.0241  0.0242  0.0239  0.0239
    0.8327   22.1240   13.0747  -12.0226  -10.9578   -0.0290
    3.0846    3.8403   -4.1552   12.9861   -4.6318  -10.1052
eta,q 0.97639  6.64841

---------------------------------------------------------------------
imgreg_4dfp /opt/freesurfer/average/711-2C_as_mni_average_305 /opt/freesurfer/average/711-2B_as_mni_average_305_mask talsrcimg_g11 none talsrcimg_to_711-2C_as_mni_average_305_t4 2311
---------------------------------------------------------------------

freesurfer imgreg_4dfp.c
/opt/freesurfer/average/711-2C_as_mni_average_305.4dfp.img
       256       256       256         1
  1.000000  1.000000  1.000000
orientation T byte_order littleendian
Reading image: /opt/freesurfer/average/711-2C_as_mni_average_305.4dfp.img
dimensions:      256       256       256
mmppix:       1.0000   -1.0000   -1.0000
center:     128.0000 -129.0000 -129.0000
/opt/freesurfer/average/711-2B_as_mni_average_305_mask.4dfp.img
       256       256       256         1
  1.000000  1.000000  1.000000
orientation T byte_order littleendian
Reading mask: /opt/freesurfer/average/711-2B_as_mni_average_305_mask.4dfp.img (2306576 pixels)
talsrcimg_g11.4dfp.img
       256       256       256         1
  1.000000  1.000000  1.000000
orientation T byte_order littleendian
Reading image: talsrcimg_g11.4dfp.img
dimensions:      256       256       256
mmppix:       1.0000   -1.0000   -1.0000
center:     128.0000 -129.0000 -129.0000
fimgreg.f
image alignment mode   2311 decimal      907 hex
parameters
    0.8327   22.1240   13.0747  -12.0226  -10.9578   -0.0290
    3.0846    3.8403   -4.1552   12.9861   -4.6318  -10.1052
eta,q 0.97639  6.64841
niter,ni,del,rscale     5    3    5.0000    0.8000
parameters
    0.8325   22.1286   13.0738  -12.0098  -10.9438   -0.0581
    3.0872    3.8432   -4.1685   13.0622   -4.6614  -10.0996
eta,q 0.97639  6.64930
  0.0251  0.0245  0.0242  0.0249  0.0242  0.0246  0.0248  0.0255  0.0245  0.0247  0.0241  0.0241
  0.0243  0.0240  0.0239  0.0242  0.0239  0.0241  0.0242  0.0245  0.0240  0.0241  0.0238  0.0238
  0.0238  0.0237  0.0237  0.0238  0.0237  0.0237  0.0237  0.0238  0.0237  0.0237  0.0237  0.0237
  0.0236  0.0236  0.0236  0.0236  0.0236  0.0236  0.0236  0.0236  0.0236  0.0236  0.0236  0.0236
  0.0238  0.0237  0.0237  0.0238  0.0237  0.0237  0.0237  0.0238  0.0237  0.0237  0.0237  0.0237
  0.0243  0.0240  0.0239  0.0242  0.0239  0.0241  0.0242  0.0245  0.0240  0.0241  0.0238  0.0238
  0.0251  0.0245  0.0242  0.0248  0.0242  0.0246  0.0248  0.0255  0.0245  0.0246  0.0241  0.0241
niter,ni,del,rscale     4    3    5.0000    0.7000
parameters
    0.8310   22.1382   13.0641  -12.0258  -10.9343   -0.0703
    3.0819    3.8442   -4.1676   13.0374   -4.6500  -10.0929
eta,q 0.97639  6.64852
  0.0248  0.0243  0.0241  0.0246  0.0241  0.0244  0.0245  0.0251  0.0243  0.0244  0.0240  0.0240
  0.0241  0.0239  0.0238  0.0241  0.0238  0.0240  0.0240  0.0243  0.0239  0.0239  0.0238  0.0238
  0.0237  0.0237  0.0237  0.0237  0.0237  0.0237  0.0237  0.0238  0.0237  0.0237  0.0237  0.0237
  0.0236  0.0236  0.0236  0.0236  0.0236  0.0236  0.0236  0.0236  0.0236  0.0236  0.0236  0.0236
  0.0237  0.0237  0.0237  0.0237  0.0237  0.0237  0.0237  0.0238  0.0237  0.0237  0.0236  0.0237
  0.0241  0.0239  0.0238  0.0241  0.0238  0.0240  0.0240  0.0243  0.0239  0.0240  0.0238  0.0238
  0.0248  0.0243  0.0241  0.0246  0.0240  0.0244  0.0246  0.0251  0.0243  0.0244  0.0240  0.0240
registration optimization eta report
parameter search radius
    1.4000    1.4000    1.4000    4.2000    4.2000    4.2000
    4.2000    4.2000    4.2000    4.2000    4.2000    4.2000
100000*second partial in parameter space
       58.       35.       24.        6.        3.        4.
        5.        8.        4.        4.        2.        2.
  0.0248  0.0243  0.0241  0.0246  0.0241  0.0244  0.0245  0.0251  0.0243  0.0244  0.0240  0.0240
  0.0241  0.0239  0.0238  0.0241  0.0238  0.0240  0.0240  0.0243  0.0239  0.0239  0.0238  0.0238
  0.0237  0.0237  0.0237  0.0237  0.0237  0.0237  0.0237  0.0238  0.0237  0.0237  0.0237  0.0237
  0.0236  0.0236  0.0236  0.0236  0.0236  0.0236  0.0236  0.0236  0.0236  0.0236  0.0236  0.0236
  0.0237  0.0237  0.0237  0.0237  0.0237  0.0237  0.0237  0.0238  0.0237  0.0237  0.0236  0.0237
  0.0241  0.0239  0.0238  0.0241  0.0238  0.0240  0.0240  0.0243  0.0239  0.0240  0.0238  0.0238
  0.0248  0.0243  0.0241  0.0246  0.0240  0.0244  0.0246  0.0251  0.0243  0.0244  0.0240  0.0240
    0.8310   22.1382   13.0641  -12.0258  -10.9343   -0.0703
    3.0819    3.8442   -4.1676   13.0374   -4.6500  -10.0929
eta,q 0.97639  6.64852

---------------------------------------------------------------------
compute_vox2vox talsrcimg talsrcimg_to_711-2C_as_mni_average_305_t4 /opt/freesurfer/average/711-2C_as_mni_average_305
---------------------------------------------------------------------

freesurfer compute_vox2vox.c
Reading: talsrcimg.4dfp.ifh
Reading: talsrcimg_to_711-2C_as_mni_average_305_t4
Reading: /opt/freesurfer/average/711-2C_as_mni_average_305.4dfp.ifh
Writing: talsrcimg_to_711-2C_as_mni_average_305_t4_vox2vox.txt

start time Mon Mar 9 01:11:20 CET 2026
end		time Mon Mar 9 01:12:55 CET 2026

mpr2mni305 success

avi2talxfm orig_nu.mgz /opt/freesurfer/average/mni305.cor.mgz talsrcimg_to_711-2C_as_mni_average_305_t4_vox2vox.txt transforms/talairach.auto.xfm
avi2talxfm done
mv -f /out/sourcedata/freesurfer/sub-v1s17x0050239_ses-1/mri/talsrcimg_to_711-2C_as_mni_average_305_t4_vox2vox.txt /out/sourcedata/freesurfer/sub-v1s17x0050239_ses-1/mri/transforms/talsrcimg_to_711-2C_as_mni_average_305_t4_vox2vox.txt
lta_convert --src orig_nu.mgz --trg /opt/freesurfer/average/mni305.cor.mgz --inxfm transforms/talairach.auto.xfm --outlta transforms/talairach.auto.xfm.lta --subject fsaverage
7.3.2

--src: orig_nu.mgz src image (geometry).
--trg: /opt/freesurfer/average/mni305.cor.mgz trg image (geometry).
--inmni: transforms/talairach.auto.xfm input MNI/XFM transform.
--outlta: transforms/talairach.auto.xfm.lta output LTA.
--s: fsaverage subject name
 LTA read, type : 1
 1.13263  -0.03790  -0.04349   1.64906;
 0.05721   0.98421   0.10955   0.98004;
 0.04462  -0.14584   1.10470  -7.93227;
 0.00000   0.00000   0.00000   1.00000;
setting subject to fsaverage
Writing  LTA to file transforms/talairach.auto.xfm.lta...
lta_convert successful.
 
 
Started at Mon Mar 9 01:11:20 CET 2026
Ended   at Mon Mar  9 01:12:56 CET 2026
talairach_avi done
