/out/sourcedata/freesurfer/sub-v1s17x0050262_ses-1/mri
/opt/freesurfer/bin/talairach_avi
--i orig_nu.mgz --xfm transforms/talairach.auto.xfm
talairach_avi 7.3.2
Linux dna020 5.14.0-427.37.1.el9_4.x86_64 #1 SMP PREEMPT_DYNAMIC Fri Sep 13 12:41:50 EDT 2024 x86_64 x86_64 x86_64 GNU/Linux
Mon Mar  9 02:35:33 CET 2026
mri_convert orig_nu.mgz talsrcimg.img 
reading from orig_nu.mgz...
TR=0.00, TE=0.00, TI=0.00, flip angle=0.00
i_ras = (-1, 2.91038e-11, 0)
j_ras = (0, 0, -1)
k_ras = (-5.82077e-11, 1, 0)
writing to talsrcimg.img...
Analyze Output Matrix
-1.00000   0.00000  -0.00000   131.09882;
 0.00000   0.00000   1.00000  -143.42569;
 0.00000  -1.00000   0.00000   102.30768;
 0.00000   0.00000   0.00000   1.00000;
--------------------
INFO: set hdr.hist.orient to -1
mpr2mni305 talsrcimg
Mon Mar  9 02:35:34 CET 2026
/opt/freesurfer/bin/mpr2mni305 talsrcimg
mpr2mni305 7.3.2
target=711-2C_as_mni_average_305

---------------------------------------------------------------------
analyzeto4dfp talsrcimg -O0 -y
---------------------------------------------------------------------

freesurfer ifh2hdr.c
Mon Mar  9 02:35:34 2026
Writing: talsrcimg.4dfp.hdr
freesurfer analyzeto4dfp.c
Reading: talsrcimg.hdr
header size 348 bytes
hdr.dime.datatype	offset=70	value=2
hdr.dime.bitpix		offset=72	value=8
hdr.hist.orient		offset=252	value=-1
dimensionality     4
dimensions       256       256       256         1
Reading: talsrcimg.img
Writing: talsrcimg.4dfp.img
Writing: talsrcimg.4dfp.ifh
ifh2hdr talsrcimg -r0to255
ori=2

---------------------------------------------------------------------
gauss_4dfp talsrcimg 1.1
---------------------------------------------------------------------

freesurfer gauss_4dfp.c
Reading: talsrcimg.4dfp.img
Writing: talsrcimg_g11.4dfp.img
image dimensions 256 256 256 padded to 288 288 288
processing volume 1freesurfer ifh2hdr.c
Mon Mar  9 02:35:36 2026
Writing: talsrcimg_g11.4dfp.hdr

Writing: talsrcimg_g11.4dfp.ifh
including: talsrcimg.4dfp.img.rec in talsrcimg_g11.4dfp.img.rec

---------------------------------------------------------------------
imgreg_4dfp /opt/freesurfer/average/711-2C_as_mni_average_305 none talsrcimg_g11 none talsrcimg_to_711-2C_as_mni_average_305_t4 4355
---------------------------------------------------------------------

freesurfer imgreg_4dfp.c
/opt/freesurfer/average/711-2C_as_mni_average_305.4dfp.img
       256       256       256         1
  1.000000  1.000000  1.000000
orientation T byte_order littleendian
Reading image: /opt/freesurfer/average/711-2C_as_mni_average_305.4dfp.img
dimensions:      256       256       256
mmppix:       1.0000   -1.0000   -1.0000
center:     128.0000 -129.0000 -129.0000
talsrcimg_g11.4dfp.img
       256       256       256         1
  1.000000  1.000000  1.000000
orientation T byte_order littleendian
Reading image: talsrcimg_g11.4dfp.img
dimensions:      256       256       256
mmppix:       1.0000   -1.0000   -1.0000
center:     128.0000 -129.0000 -129.0000
t4_read: open error in t4_sub.f l:  41 t4_file(1:l)talsrcimg_to_711-2C_as_mni_average_305_t4 
t4_read: transform initialized to I4
rotation matrix determinant  1.000000
image alignment mode   4355 decimal     1103 hex
   -7.5000  -45.0000  -45.0000 5604.0347   12.5957
    0.0000  -45.0000  -45.0000 5842.1045   12.6215
    7.5000  -45.0000  -45.0000 5585.1841   12.6565
   -7.5000  -37.5000  -45.0000 6192.8086   12.2634
    0.0000  -37.5000  -45.0000 6445.5527   12.2884
    7.5000  -37.5000  -45.0000 6169.7192   12.3223
   -7.5000  -30.0000  -45.0000 7079.8008   12.0888
    0.0000  -30.0000  -45.0000 7366.0640   12.1121
    7.5000  -30.0000  -45.0000 7058.9307   12.1473
   -7.5000  -22.5000  -45.0000 8000.9785   12.0068
    0.0000  -22.5000  -45.0000 8325.8398   12.0293
    7.5000  -22.5000  -45.0000 7969.9614   12.0661
   -7.5000  -15.0000  -45.0000 8949.0166   11.9953
    0.0000  -15.0000  -45.0000 9310.2949   12.0196
    7.5000  -15.0000  -45.0000 8882.3037   12.0579
   -7.5000   -7.5000  -45.0000 9904.7900   12.0056
    0.0000   -7.5000  -45.000010278.7959   12.0319
    7.5000   -7.5000  -45.0000 9811.0410   12.0686
   -7.5000    0.0000  -45.000010741.7725   12.0071
    0.0000    0.0000  -45.000011154.5010   12.0338
    7.5000    0.0000  -45.000010649.6299   12.0678
   -7.5000    7.5000  -45.000010688.1846   11.9954
    0.0000    7.5000  -45.000011097.9619   12.0204
    7.5000    7.5000  -45.000010596.0732   12.0536
   -7.5000   15.0000  -45.000010513.1826   11.9837
    0.0000   15.0000  -45.000010930.6064   12.0064
    7.5000   15.0000  -45.000010427.2549   12.0405
   -7.5000   22.5000  -45.000010340.3545   11.9830
    0.0000   22.5000  -45.000010745.3369   12.0054
    7.5000   22.5000  -45.000010237.1553   12.0419
   -7.5000   30.0000  -45.000010090.2305   11.8350
    0.0000   30.0000  -45.000010465.1348   11.8590
    7.5000   30.0000  -45.0000 9970.0684   11.8968
   -7.5000   37.5000  -45.000010079.6660   11.8456
    0.0000   37.5000  -45.000010457.4170   11.8716
    7.5000   37.5000  -45.0000 9968.4570   11.9077
   -7.5000   45.0000  -45.0000 9721.6709   11.5463
    0.0000   45.0000  -45.000010086.7051   11.5719
    7.5000   45.0000  -45.0000 9595.7285   11.6046
   -7.5000  -45.0000  -37.5000 5946.9258   12.5124
    0.0000  -45.0000  -37.5000 6197.0952   12.5394
    7.5000  -45.0000  -37.5000 5940.7881   12.5748
   -7.5000  -37.5000  -37.5000 6571.7290   12.1905
    0.0000  -37.5000  -37.5000 6837.0181   12.2159
    7.5000  -37.5000  -37.5000 6553.1333   12.2486
   -7.5000  -30.0000  -37.5000 7519.1748   12.0219
    0.0000  -30.0000  -37.5000 7812.5044   12.0460
    7.5000  -30.0000  -37.5000 7494.8213   12.0808
   -7.5000  -22.5000  -37.5000 8518.5713   11.9378
    0.0000  -22.5000  -37.5000 8852.7617   11.9623
    7.5000  -22.5000  -37.5000 8464.3359   12.0002
   -7.5000  -15.0000  -37.5000 9547.6562   11.9196
    0.0000  -15.0000  -37.5000 9923.9248   11.9461
    7.5000  -15.0000  -37.5000 9457.0977   11.9865
   -7.5000   -7.5000  -37.500010568.8857   11.9267
    0.0000   -7.5000  -37.500010972.7578   11.9544
    7.5000   -7.5000  -37.500010449.3320   11.9924
   -7.5000    0.0000  -37.500011463.4033   11.9308
    0.0000    0.0000  -37.500011910.7344   11.9579
    7.5000    0.0000  -37.500011334.8086   11.9916
   -7.5000    7.5000  -37.500011369.5830   11.9250
    0.0000    7.5000  -37.500011824.8926   11.9502
    7.5000    7.5000  -37.500011272.2773   11.9822
   -7.5000   15.0000  -37.500011183.5068   11.9176
    0.0000   15.0000  -37.500011645.0273   11.9412
    7.5000   15.0000  -37.500011071.6875   11.9748
   -7.5000   22.5000  -37.500010984.6230   11.9143
    0.0000   22.5000  -37.500011429.3359   11.9386
    7.5000   22.5000  -37.500010859.1719   11.9763
   -7.5000   30.0000  -37.500010702.8730   11.7604
    0.0000   30.0000  -37.500011121.4141   11.7865
    7.5000   30.0000  -37.500010569.2109   11.8263
   -7.5000   37.5000  -37.500010673.7861   11.7677
    0.0000   37.5000  -37.500011090.2812   11.7951
    7.5000   37.5000  -37.500010549.0439   11.8325
   -7.5000   45.0000  -37.500010276.7900   11.4729
    0.0000   45.0000  -37.500010667.5889   11.4990
    7.5000   45.0000  -37.500010120.1006   11.5313
   -7.5000  -45.0000  -30.0000 6399.0415   13.0256
    0.0000  -45.0000  -30.0000 6681.9346   13.0583
    7.5000  -45.0000  -30.0000 6395.5352   13.0998
   -7.5000  -37.5000  -30.0000 7087.3428   12.6925
    0.0000  -37.5000  -30.0000 7392.8032   12.7223
    7.5000  -37.5000  -30.0000 7067.6782   12.7585
   -7.5000  -30.0000  -30.0000 8120.8657   12.5188
    0.0000  -30.0000  -30.0000 8459.9141   12.5461
    7.5000  -30.0000  -30.0000 8076.6904   12.5829
   -7.5000  -22.5000  -30.0000 9234.2822   12.4316
    0.0000  -22.5000  -30.0000 9604.2451   12.4587
    7.5000  -22.5000  -30.0000 9165.5020   12.4996
   -7.5000  -15.0000  -30.000010342.7021   12.4115
    0.0000  -15.0000  -30.000010770.0312   12.4407
    7.5000  -15.0000  -30.000010248.7344   12.4859
   -7.5000   -7.5000  -30.000011426.5107   12.4175
    0.0000   -7.5000  -30.000011897.1572   12.4489
    7.5000   -7.5000  -30.000011314.1250   12.4926
   -7.5000    0.0000  -30.000012385.5088   12.4214
    0.0000    0.0000  -30.000012890.4258   12.4532
    7.5000    0.0000  -30.000012266.9424   12.4919
   -7.5000    7.5000  -30.000012287.7461   12.4161
    0.0000    7.5000  -30.000012772.2695   12.4455
    7.5000    7.5000  -30.000012170.2891   12.4807
   -7.5000   15.0000  -30.000012091.1016   12.4101
    0.0000   15.0000  -30.000012584.9043   12.4368
    7.5000   15.0000  -30.000011963.3330   12.4724
   -7.5000   22.5000  -30.000011851.5664   12.4059
    0.0000   22.5000  -30.000012339.6650   12.4328
    7.5000   22.5000  -30.000011719.4502   12.4734
   -7.5000   30.0000  -30.000011515.0469   12.2468
    0.0000   30.0000  -30.000011985.4551   12.2756
    7.5000   30.0000  -30.000011375.7168   12.3202
   -7.5000   37.5000  -30.000011466.4609   12.2532
    0.0000   37.5000  -30.000011928.5527   12.2842
    7.5000   37.5000  -30.000011342.7891   12.3273
   -7.5000   45.0000  -30.000011025.3936   11.9534
    0.0000   45.0000  -30.000011452.7461   11.9840
    7.5000   45.0000  -30.000010865.3857   12.0213
   -7.5000  -45.0000  -22.5000 6858.6499   13.4611
    0.0000  -45.0000  -22.5000 7159.1606   13.4977
    7.5000  -45.0000  -22.5000 6852.9131   13.5445
   -7.5000  -37.5000  -22.5000 7627.3589   13.1107
    0.0000  -37.5000  -22.5000 7950.1748   13.1443
    7.5000  -37.5000  -22.5000 7599.5610   13.1853
   -7.5000  -30.0000  -22.5000 8769.3789   12.9291
    0.0000  -30.0000  -22.5000 9125.6816   12.9589
    7.5000  -30.0000  -22.5000 8701.1729   12.9984
   -7.5000  -22.5000  -22.5000 9964.0859   12.8442
    0.0000  -22.5000  -22.500010374.4941   12.8723
    7.5000  -22.5000  -22.5000 9883.2744   12.9149
   -7.5000  -15.0000  -22.500011140.8125   12.8311
    0.0000  -15.0000  -22.500011603.5850   12.8610
    7.5000  -15.0000  -22.500011033.0439   12.9083
   -7.5000   -7.5000  -22.500012282.0137   12.8394
    0.0000   -7.5000  -22.500012791.7666   12.8728
    7.5000   -7.5000  -22.500012147.7500   12.9202
   -7.5000    0.0000  -22.500013325.1250   12.8387
    0.0000    0.0000  -22.500013874.4961   12.8742
    7.5000    0.0000  -22.500013180.0742   12.9180
   -7.5000    7.5000  -22.500013208.6074   12.8261
    0.0000    7.5000  -22.500013744.7178   12.8594
    7.5000    7.5000  -22.500013081.0156   12.8991
   -7.5000   15.0000  -22.500013000.0938   12.8170
    0.0000   15.0000  -22.500013534.4014   12.8463
    7.5000   15.0000  -22.500012847.2305   12.8846
   -7.5000   22.5000  -22.500012737.6084   12.8168
    0.0000   22.5000  -22.500013274.4258   12.8447
    7.5000   22.5000  -22.500012562.7100   12.8871
   -7.5000   30.0000  -22.500012361.8604   12.6628
    0.0000   30.0000  -22.500012888.9658   12.6923
    7.5000   30.0000  -22.500012185.5586   12.7389
   -7.5000   37.5000  -22.500012306.3135   12.6715
    0.0000   37.5000  -22.500012813.3633   12.7044
    7.5000   37.5000  -22.500012138.8271   12.7512
   -7.5000   45.0000  -22.500011777.1445   12.3643
    0.0000   45.0000  -22.500012219.6484   12.3985
    7.5000   45.0000  -22.500011579.3545   12.4406
   -7.5000  -45.0000  -15.0000 7344.3530   13.7795
    0.0000  -45.0000  -15.0000 7663.1851   13.8163
    7.5000  -45.0000  -15.0000 7338.3359   13.8639
   -7.5000  -37.5000  -15.0000 8194.3906   13.4138
    0.0000  -37.5000  -15.0000 8542.0420   13.4481
    7.5000  -37.5000  -15.0000 8152.4170   13.4912
   -7.5000  -30.0000  -15.0000 9401.1406   13.2251
    0.0000  -30.0000  -15.0000 9779.0732   13.2549
    7.5000  -30.0000  -15.0000 9334.3838   13.2955
   -7.5000  -22.5000  -15.000010663.9541   13.1434
    0.0000  -22.5000  -15.000011104.2822   13.1704
    7.5000  -22.5000  -15.000010572.7354   13.2123
   -7.5000  -15.0000  -15.000011912.4990   13.1381
    0.0000  -15.0000  -15.000012391.9043   13.1671
    7.5000  -15.0000  -15.000011780.9287   13.2128
   -7.5000   -7.5000  -15.000013108.1152   13.1489
    0.0000   -7.5000  -15.000013650.6475   13.1824
    7.5000   -7.5000  -15.000012960.8594   13.2293
   -7.5000    0.0000  -15.000014230.5234   13.1435
    0.0000    0.0000  -15.000014833.9336   13.1798
    7.5000    0.0000  -15.000014065.4629   13.2250
   -7.5000    7.5000  -15.000014129.3750   13.1237
    0.0000    7.5000  -15.000014733.8037   13.1578
    7.5000    7.5000  -15.000013985.3818   13.1996
   -7.5000   15.0000  -15.000013895.0859   13.1109
    0.0000   15.0000  -15.000014466.8066   13.1401
    7.5000   15.0000  -15.000013713.5811   13.1795
   -7.5000   22.5000  -15.000013606.7148   13.1147
    0.0000   22.5000  -15.000014150.9883   13.1416
    7.5000   22.5000  -15.000013380.7295   13.1832
   -7.5000   30.0000  -15.000013217.2900   12.9676
    0.0000   30.0000  -15.000013760.2080   12.9962
    7.5000   30.0000  -15.000013005.2695   13.0413
   -7.5000   37.5000  -15.000013164.6631   12.9788
    0.0000   37.5000  -15.000013705.3486   13.0117
    7.5000   37.5000  -15.000012970.2139   13.0581
   -7.5000   45.0000  -15.000012513.3779   12.6655
    0.0000   45.0000  -15.000013002.5410   12.7004
    7.5000   45.0000  -15.000012308.0303   12.7440
   -7.5000  -45.0000   -7.5000 7820.8789   13.9513
    0.0000  -45.0000   -7.5000 8152.7549   13.9837
    7.5000  -45.0000   -7.5000 7793.2139   14.0272
   -7.5000  -37.5000   -7.5000 8721.0234   13.5806
    0.0000  -37.5000   -7.5000 9081.6240   13.6115
    7.5000  -37.5000   -7.5000 8678.5957   13.6526
   -7.5000  -30.0000   -7.500010017.6426   13.3883
    0.0000  -30.0000   -7.500010406.3828   13.4156
    7.5000  -30.0000   -7.5000 9951.4609   13.4553
   -7.5000  -22.5000   -7.500011375.4131   13.3045
    0.0000  -22.5000   -7.500011830.1133   13.3293
    7.5000  -22.5000   -7.500011263.7676   13.3696
   -7.5000  -15.0000   -7.500012682.8604   13.2989
    0.0000  -15.0000   -7.500013175.8633   13.3260
    7.5000  -15.0000   -7.500012527.1738   13.3687
   -7.5000   -7.5000   -7.500013929.2441   13.3104
    0.0000   -7.5000   -7.500014496.2988   13.3414
    7.5000   -7.5000   -7.500013779.1523   13.3847
   -7.5000    0.0000   -7.500015135.1377   13.3060
    0.0000    0.0000   -7.500015774.4688   13.3390
    7.5000    0.0000   -7.500014978.1533   13.3810
   -7.5000    7.5000   -7.500015099.5645   13.2868
    0.0000    7.5000   -7.500015722.4482   13.3178
    7.5000    7.5000   -7.500014926.2402   13.3577
   -7.5000   15.0000   -7.500014828.8857   13.2729
    0.0000   15.0000   -7.500015408.6221   13.2995
    7.5000   15.0000   -7.500014642.2197   13.3380
   -7.5000   22.5000   -7.500014467.8574   13.2740
    0.0000   22.5000   -7.500015038.7627   13.2987
    7.5000   22.5000   -7.500014262.8975   13.3387
   -7.5000   30.0000   -7.500014066.1270   13.1260
    0.0000   30.0000   -7.500014637.6387   13.1526
    7.5000   30.0000   -7.500013867.4443   13.1948
   -7.5000   37.5000   -7.500014018.0000   13.1378
    0.0000   37.5000   -7.500014595.0908   13.1684
    7.5000   37.5000   -7.500013825.8145   13.2111
   -7.5000   45.0000   -7.500013277.5098   12.8245
    0.0000   45.0000   -7.500013810.3066   12.8563
    7.5000   45.0000   -7.500013089.9004   12.8968
   -7.5000  -45.0000    0.0000 8225.8350   13.9947
    0.0000  -45.0000    0.0000 8572.6025   14.0232
    7.5000  -45.0000    0.0000 8191.0615   14.0619
   -7.5000  -37.5000    0.0000 9180.5537   13.6281
    0.0000  -37.5000    0.0000 9543.7891   13.6557
    7.5000  -37.5000    0.0000 9144.1543   13.6933
   -7.5000  -30.0000    0.000010595.6064   13.4362
    0.0000  -30.0000    0.000011004.9473   13.4620
    7.5000  -30.0000    0.000010502.6982   13.5010
   -7.5000  -22.5000    0.000012042.1172   13.3465
    0.0000  -22.5000    0.000012512.7051   13.3714
    7.5000  -22.5000    0.000011903.9326   13.4120
   -7.5000  -15.0000    0.000013405.6787   13.3339
    0.0000  -15.0000    0.000013929.3262   13.3609
    7.5000  -15.0000    0.000013235.5977   13.4031
   -7.5000   -7.5000    0.000014702.1357   13.3444
    0.0000   -7.5000    0.000015301.0791   13.3736
    7.5000   -7.5000    0.000014534.8252   13.4140
   -7.5000    0.0000    0.000015936.3926   13.3452
    0.0000    0.0000    0.000016600.7324   13.3747
    7.5000    0.0000    0.000015770.1553   13.4122
   -7.5000    7.5000    0.000015954.7324   13.3322
    0.0000    7.5000    0.000016591.6699   13.3600
    7.5000    7.5000    0.000015747.0898   13.3967
   -7.5000   15.0000    0.000015741.5752   13.3202
    0.0000   15.0000    0.000016366.4189   13.3452
    7.5000   15.0000    0.000015546.2031   13.3830
   -7.5000   22.5000    0.000015357.8955   13.3159
    0.0000   22.5000    0.000015978.9355   13.3406
    7.5000   22.5000    0.000015191.9619   13.3810
   -7.5000   30.0000    0.000014918.6807   13.1609
    0.0000   30.0000    0.000015493.1836   13.1875
    7.5000   30.0000    0.000014760.2744   13.2291
   -7.5000   37.5000    0.000014836.6680   13.1717
    0.0000   37.5000    0.000015407.3047   13.2005
    7.5000   37.5000    0.000014653.7686   13.2404
   -7.5000   45.0000    0.000014015.2656   12.8632
    0.0000   45.0000    0.000014557.2236   12.8916
    7.5000   45.0000    0.000013797.5322   12.9279
   -7.5000  -45.0000    7.5000 7954.8462   13.9975
    0.0000  -45.0000    7.5000 8272.6816   14.0277
    7.5000  -45.0000    7.5000 7912.2705   14.0673
   -7.5000  -37.5000    7.5000 8943.7275   13.6376
    0.0000  -37.5000    7.5000 9306.5488   13.6660
    7.5000  -37.5000    7.5000 8896.1064   13.7025
   -7.5000  -30.0000    7.500010368.8467   13.4490
    0.0000  -30.0000    7.500010794.5703   13.4760
    7.5000  -30.0000    7.500010267.3623   13.5148
   -7.5000  -22.5000    7.500011764.0820   13.3549
    0.0000  -22.5000    7.500012243.4307   13.3823
    7.5000  -22.5000    7.500011635.1182   13.4247
   -7.5000  -15.0000    7.500013099.8447   13.3346
    0.0000  -15.0000    7.500013610.7891   13.3642
    7.5000  -15.0000    7.500012946.6689   13.4094
   -7.5000   -7.5000    7.500014387.5049   13.3424
    0.0000   -7.5000    7.500014930.0527   13.3734
    7.5000   -7.5000    7.500014189.5088   13.4158
   -7.5000    0.0000    7.500015543.5020   13.3470
    0.0000    0.0000    7.500016142.0518   13.3774
    7.5000    0.0000    7.500015398.8994   13.4149
   -7.5000    7.5000    7.500015507.6553   13.3405
    0.0000    7.5000    7.500016072.5254   13.3688
    7.5000    7.5000    7.500015377.3604   13.4045
   -7.5000   15.0000    7.500015425.5586   13.3324
    0.0000   15.0000    7.500016023.4297   13.3587
    7.5000   15.0000    7.500015185.8154   13.3964
   -7.5000   22.5000    7.500015262.8994   13.3243
    0.0000   22.5000    7.500015870.4912   13.3515
    7.5000   22.5000    7.500014931.1611   13.3936
   -7.5000   30.0000    7.500014839.4189   13.1615
    0.0000   30.0000    7.500015429.8789   13.1908
    7.5000   30.0000    7.500014511.4492   13.2353
   -7.5000   37.5000    7.500014672.7891   13.1697
    0.0000   37.5000    7.500015221.4775   13.2004
    7.5000   37.5000    7.500014364.3086   13.2422
   -7.5000   45.0000    7.500013751.0986   12.8650
    0.0000   45.0000    7.500014257.5449   12.8943
    7.5000   45.0000    7.500013474.1865   12.9304
   -7.5000  -45.0000   15.0000 7609.7212   13.9873
    0.0000  -45.0000   15.0000 7918.1646   14.0223
    7.5000  -45.0000   15.0000 7567.4165   14.0670
   -7.5000  -37.5000   15.0000 8616.9697   13.6296
    0.0000  -37.5000   15.0000 8958.9062   13.6615
    7.5000  -37.5000   15.0000 8542.9541   13.7004
   -7.5000  -30.0000   15.000010017.3408   13.4431
    0.0000  -30.0000   15.000010412.6533   13.4723
    7.5000  -30.0000   15.0000 9901.8525   13.5118
   -7.5000  -22.5000   15.000011344.5107   13.3494
    0.0000  -22.5000   15.000011788.1826   13.3785
    7.5000  -22.5000   15.000011233.2764   13.4224
   -7.5000  -15.0000   15.000012622.8623   13.3278
    0.0000  -15.0000   15.000013107.8545   13.3591
    7.5000  -15.0000   15.000012498.1670   13.4077
   -7.5000   -7.5000   15.000013895.8418   13.3343
    0.0000   -7.5000   15.000014409.5098   13.3680
    7.5000   -7.5000   15.000013724.8906   13.4149
   -7.5000    0.0000   15.000015009.2178   13.3384
    0.0000    0.0000   15.000015551.8223   13.3726
    7.5000    0.0000   15.000014864.7207   13.4142
   -7.5000    7.5000   15.000014953.0869   13.3327
    0.0000    7.5000   15.000015482.0928   13.3643
    7.5000    7.5000   15.000014823.0752   13.4021
   -7.5000   15.0000   15.000014855.0127   13.3263
    0.0000   15.0000   15.000015404.8311   13.3550
    7.5000   15.0000   15.000014630.6553   13.3932
   -7.5000   22.5000   15.000014646.0459   13.3189
    0.0000   22.5000   15.000015207.5430   13.3478
    7.5000   22.5000   15.000014379.1270   13.3914
   -7.5000   30.0000   15.000014252.0977   13.1548
    0.0000   30.0000   15.000014804.2881   13.1857
    7.5000   30.0000   15.000013969.8604   13.2336
   -7.5000   37.5000   15.000014138.7891   13.1617
    0.0000   37.5000   15.000014683.9160   13.1950
    7.5000   37.5000   15.000013864.5771   13.2413
   -7.5000   45.0000   15.000013239.9521   12.8567
    0.0000   45.0000   15.000013748.6182   12.8896
    7.5000   45.0000   15.000013008.5713   12.9297
   -7.5000  -45.0000   22.5000 7190.0796   13.9746
    0.0000  -45.0000   22.5000 7466.9468   14.0126
    7.5000  -45.0000   22.5000 7147.5269   14.0611
   -7.5000  -37.5000   22.5000 8169.1187   13.6108
    0.0000  -37.5000   22.5000 8483.4014   13.6458
    7.5000  -37.5000   22.5000 8081.4878   13.6882
   -7.5000  -30.0000   22.5000 9497.3711   13.4223
    0.0000  -30.0000   22.5000 9878.8525   13.4533
    7.5000  -30.0000   22.5000 9385.4336   13.4943
   -7.5000  -22.5000   22.500010782.3027   13.3342
    0.0000  -22.5000   22.500011219.3633   13.3634
    7.5000  -22.5000   22.500010655.9580   13.4076
   -7.5000  -15.0000   22.500012021.7930   13.3206
    0.0000  -15.0000   22.500012512.5635   13.3516
    7.5000  -15.0000   22.500011875.5146   13.4007
   -7.5000   -7.5000   22.500013194.2451   13.3292
    0.0000   -7.5000   22.500013726.2148   13.3639
    7.5000   -7.5000   22.500013048.1338   13.4130
   -7.5000    0.0000   22.500014223.0547   13.3284
    0.0000    0.0000   22.500014767.4668   13.3653
    7.5000    0.0000   22.500014123.8389   13.4107
   -7.5000    7.5000   22.500014180.4062   13.3154
    0.0000    7.5000   22.500014689.6719   13.3500
    7.5000    7.5000   22.500014073.1826   13.3911
   -7.5000   15.0000   22.500014041.4834   13.3060
    0.0000   15.0000   22.500014539.5225   13.3363
    7.5000   15.0000   22.500013913.7090   13.3761
   -7.5000   22.5000   22.500013744.6494   13.3037
    0.0000   22.5000   22.500014231.8389   13.3327
    7.5000   22.5000   22.500013634.6826   13.3766
   -7.5000   30.0000   22.500013360.9648   13.1477
    0.0000   30.0000   22.500013840.1865   13.1783
    7.5000   30.0000   22.500013232.6924   13.2267
   -7.5000   37.5000   22.500013342.4707   13.1567
    0.0000   37.5000   22.500013846.3350   13.1909
    7.5000   37.5000   22.500013177.5322   13.2394
   -7.5000   45.0000   22.500012547.8818   12.8471
    0.0000   45.0000   22.500013016.2793   12.8826
    7.5000   45.0000   22.500012388.9424   12.9264
   -7.5000  -45.0000   30.0000 6704.6499   14.0509
    0.0000  -45.0000   30.0000 6971.3125   14.0884
    7.5000  -45.0000   30.0000 6661.9487   14.1372
   -7.5000  -37.5000   30.0000 7606.5205   13.6759
    0.0000  -37.5000   30.0000 7914.2485   13.7109
    7.5000  -37.5000   30.0000 7537.0454   13.7551
   -7.5000  -30.0000   30.0000 8877.3828   13.4827
    0.0000  -30.0000   30.0000 9232.8018   13.5131
    7.5000  -30.0000   30.0000 8767.6055   13.5547
   -7.5000  -22.5000   30.000010095.1387   13.3991
    0.0000  -22.5000   30.000010499.0127   13.4266
    7.5000  -22.5000   30.0000 9966.9150   13.4695
   -7.5000  -15.0000   30.000011251.9990   13.3936
    0.0000  -15.0000   30.000011699.0654   13.4232
    7.5000  -15.0000   30.000011111.5000   13.4699
   -7.5000   -7.5000   30.000012311.5771   13.4044
    0.0000   -7.5000   30.000012803.8535   13.4385
    7.5000   -7.5000   30.000012198.5596   13.4865
   -7.5000    0.0000   30.000013303.8721   13.3987
    0.0000    0.0000   30.000013806.2910   13.4357
    7.5000    0.0000   30.000013208.8311   13.4820
   -7.5000    7.5000   30.000013274.6289   13.3785
    0.0000    7.5000   30.000013767.0117   13.4133
    7.5000    7.5000   30.000013176.3955   13.4561
   -7.5000   15.0000   30.000013098.5312   13.3656
    0.0000   15.0000   30.000013579.9814   13.3954
    7.5000   15.0000   30.000013013.2588   13.4357
   -7.5000   22.5000   30.000012801.5293   13.3683
    0.0000   22.5000   30.000013243.5830   13.3956
    7.5000   22.5000   30.000012714.9570   13.4383
   -7.5000   30.0000   30.000012453.0449   13.2198
    0.0000   30.0000   30.000012877.3945   13.2489
    7.5000   30.0000   30.000012364.3535   13.2950
   -7.5000   37.5000   30.000012476.6719   13.2310
    0.0000   37.5000   30.000012923.4531   13.2646
    7.5000   37.5000   30.000012370.9004   13.3120
   -7.5000   45.0000   30.000011757.4131   12.9148
    0.0000   45.0000   30.000012191.1426   12.9504
    7.5000   45.0000   30.000011655.5898   12.9951
   -7.5000  -45.0000   37.5000 6458.8433   14.2045
    0.0000  -45.0000   37.5000 6727.0391   14.2383
    7.5000  -45.0000   37.5000 6412.0220   14.2826
   -7.5000  -37.5000   37.5000 7311.3545   13.8210
    0.0000  -37.5000   37.5000 7621.4199   13.8535
    7.5000  -37.5000   37.5000 7260.2124   13.8957
   -7.5000  -30.0000   37.5000 8532.7510   13.6212
    0.0000  -30.0000   37.5000 8888.3838   13.6502
    7.5000  -30.0000   37.5000 8446.1367   13.6912
   -7.5000  -22.5000   37.5000 9705.6289   13.5336
    0.0000  -22.5000   37.500010103.7461   13.5600
    7.5000  -22.5000   37.5000 9607.8809   13.6013
   -7.5000  -15.0000   37.500010799.3154   13.5279
    0.0000  -15.0000   37.500011248.1719   13.5563
    7.5000  -15.0000   37.500010695.1973   13.5997
   -7.5000   -7.5000   37.500011844.3652   13.5409
    0.0000   -7.5000   37.500012331.0391   13.5731
    7.5000   -7.5000   37.500011737.1963   13.6170
   -7.5000    0.0000   37.500012840.5713   13.5374
    0.0000    0.0000   37.500013355.2168   13.5718
    7.5000    0.0000   37.500012716.0029   13.6145
   -7.5000    7.5000   37.500012834.9971   13.5174
    0.0000    7.5000   37.500013353.4326   13.5499
    7.5000    7.5000   37.500012725.6787   13.5909
   -7.5000   15.0000   37.500012628.3271   13.5020
    0.0000   15.0000   37.500013103.1650   13.5302
    7.5000   15.0000   37.500012526.2529   13.5700
   -7.5000   22.5000   37.500012325.4355   13.5022
    0.0000   22.5000   37.500012770.0645   13.5284
    7.5000   22.5000   37.500012231.1660   13.5695
   -7.5000   30.0000   37.500011972.8232   13.3523
    0.0000   30.0000   37.500012413.8965   13.3803
    7.5000   30.0000   37.500011876.4551   13.4232
   -7.5000   37.5000   37.500012032.2139   13.3657
    0.0000   37.5000   37.500012477.5645   13.3975
    7.5000   37.5000   37.500011922.9590   13.4408
   -7.5000   45.0000   37.500011373.9795   13.0485
    0.0000   45.0000   37.500011798.6934   13.0816
    7.5000   45.0000   37.500011291.7383   13.1228
   -7.5000  -45.0000   45.0000 5976.8872   14.4398
    0.0000  -45.0000   45.0000 6213.1309   14.4713
    7.5000  -45.0000   45.0000 5933.6201   14.5121
   -7.5000  -37.5000   45.0000 6751.2974   14.0474
    0.0000  -37.5000   45.0000 7041.1040   14.0779
    7.5000  -37.5000   45.0000 6716.3882   14.1182
   -7.5000  -30.0000   45.0000 7868.4546   13.8406
    0.0000  -30.0000   45.0000 8204.5205   13.8690
    7.5000  -30.0000   45.0000 7806.7349   13.9109
   -7.5000  -22.5000   45.0000 8949.8506   13.7431
    0.0000  -22.5000   45.0000 9335.0732   13.7704
    7.5000  -22.5000   45.0000 8875.4619   13.8133
   -7.5000  -15.0000   45.0000 9967.0371   13.7292
    0.0000  -15.0000   45.000010394.5615   13.7586
    7.5000  -15.0000   45.0000 9870.6123   13.8024
   -7.5000   -7.5000   45.000010931.4238   13.7420
    0.0000   -7.5000   45.000011388.2900   13.7739
    7.5000   -7.5000   45.000010826.3477   13.8157
   -7.5000    0.0000   45.000011861.0771   13.7450
    0.0000    0.0000   45.000012350.7188   13.7774
    7.5000    0.0000   45.000011750.7852   13.8168
   -7.5000    7.5000   45.000011850.0547   13.7313
    0.0000    7.5000   45.000012330.2412   13.7618
    7.5000    7.5000   45.000011748.5820   13.8011
   -7.5000   15.0000   45.000011665.7705   13.7167
    0.0000   15.0000   45.000012118.5029   13.7443
    7.5000   15.0000   45.000011574.3232   13.7849
   -7.5000   22.5000   45.000011375.1045   13.7107
    0.0000   22.5000   45.000011808.3574   13.7377
    7.5000   22.5000   45.000011290.0703   13.7804
   -7.5000   30.0000   45.000011041.2783   13.5498
    0.0000   30.0000   45.000011466.0303   13.5788
    7.5000   30.0000   45.000010951.8838   13.6220
   -7.5000   37.5000   45.000011100.4453   13.5629
    0.0000   37.5000   45.000011524.3340   13.5945
    7.5000   37.5000   45.000011007.9248   13.6357
   -7.5000   45.0000   45.000010510.1689   13.2546
    0.0000   45.0000   45.000010921.9170   13.2858
    7.5000   45.0000   45.000010445.7949   13.3239

---------------------------------------------------------------------
imgreg_4dfp /opt/freesurfer/average/711-2C_as_mni_average_305 /opt/freesurfer/average/711-2B_as_mni_average_305_mask talsrcimg_g11 none talsrcimg_to_711-2C_as_mni_average_305_t4 4355
---------------------------------------------------------------------

freesurfer imgreg_4dfp.c
/opt/freesurfer/average/711-2C_as_mni_average_305.4dfp.img
       256       256       256         1
  1.000000  1.000000  1.000000
orientation T byte_order littleendian
Reading image: /opt/freesurfer/average/711-2C_as_mni_average_305.4dfp.img
dimensions:      256       256       256
mmppix:       1.0000   -1.0000   -1.0000
center:     128.0000 -129.0000 -129.0000
/opt/freesurfer/average/711-2B_as_mni_average_305_mask.4dfp.img
       256       256       256         1
  1.000000  1.000000  1.000000
orientation T byte_order littleendian
Reading mask: /opt/freesurfer/average/711-2B_as_mni_average_305_mask.4dfp.img (2306576 pixels)
talsrcimg_g11.4dfp.img
       256       256       256         1
  1.000000  1.000000  1.000000
orientation T byte_order littleendian
Reading image: talsrcimg_g11.4dfp.img
dimensions:      256       256       256
mmppix:       1.0000   -1.0000   -1.0000
center:     128.0000 -129.0000 -129.0000
rotation matrix determinant  1.000000
image alignment mode   4355 decimal     1103 hex
   -7.5000  -45.0000  -45.0000 1648.0123   21.7017
    0.0000  -45.0000  -45.0000 1659.3192   21.7201
    7.5000  -45.0000  -45.0000 1642.4750   21.9615
   -7.5000  -37.5000  -45.0000 1766.6108   18.7288
    0.0000  -37.5000  -45.0000 1781.3674   18.7198
    7.5000  -37.5000  -45.0000 1761.6440   18.9739
   -7.5000  -30.0000  -45.0000 1884.1010   16.3683
    0.0000  -30.0000  -45.0000 1898.5916   16.3625
    7.5000  -30.0000  -45.0000 1877.2837   16.6133
   -7.5000  -22.5000  -45.0000 1998.5164   14.5349
    0.0000  -22.5000  -45.0000 2011.7709   14.4918
    7.5000  -22.5000  -45.0000 1990.0986   14.7381
   -7.5000  -15.0000  -45.0000 2105.8005   13.1582
    0.0000  -15.0000  -45.0000 2119.4539   13.1330
    7.5000  -15.0000  -45.0000 2096.0164   13.3241
   -7.5000   -7.5000  -45.0000 2205.3757   12.1621
    0.0000   -7.5000  -45.0000 2211.0049   12.1511
    7.5000   -7.5000  -45.0000 2191.1792   12.3421
   -7.5000    0.0000  -45.0000 2261.0356   11.4776
    0.0000    0.0000  -45.0000 2269.6721   11.4807
    7.5000    0.0000  -45.0000 2253.1682   11.6381
   -7.5000    7.5000  -45.0000 2296.4321   11.0029
    0.0000    7.5000  -45.0000 2305.0715   11.0141
    7.5000    7.5000  -45.0000 2282.6323   11.1718
   -7.5000   15.0000  -45.0000 2306.0415   10.7734
    0.0000   15.0000  -45.0000 2315.0798   10.7731
    7.5000   15.0000  -45.0000 2296.1311   10.9390
   -7.5000   22.5000  -45.0000 2304.0083   10.7513
    0.0000   22.5000  -45.0000 2311.7522   10.7274
    7.5000   22.5000  -45.0000 2287.4114   10.9077
   -7.5000   30.0000  -45.0000 2289.4473   10.9203
    0.0000   30.0000  -45.0000 2292.5107   10.8984
    7.5000   30.0000  -45.0000 2263.3350   11.1021
   -7.5000   37.5000  -45.0000 2257.8391   11.3250
    0.0000   37.5000  -45.0000 2263.7781   11.3016
    7.5000   37.5000  -45.0000 2229.6802   11.5302
   -7.5000   45.0000  -45.0000 2205.1980   11.9583
    0.0000   45.0000  -45.0000 2215.4321   11.9402
    7.5000   45.0000  -45.0000 2178.7483   12.1944
   -7.5000  -45.0000  -37.5000 1696.9043   20.3474
    0.0000  -45.0000  -37.5000 1708.7954   20.3057
    7.5000  -45.0000  -37.5000 1696.1259   20.6026
   -7.5000  -37.5000  -37.5000 1818.9800   17.4627
    0.0000  -37.5000  -37.5000 1833.4099   17.4482
    7.5000  -37.5000  -37.5000 1818.3387   17.7348
   -7.5000  -30.0000  -37.5000 1947.6484   15.2543
    0.0000  -30.0000  -37.5000 1958.4243   15.2373
    7.5000  -30.0000  -37.5000 1940.2059   15.4722
   -7.5000  -22.5000  -37.5000 2077.5222   13.5430
    0.0000  -22.5000  -37.5000 2086.1292   13.5171
    7.5000  -22.5000  -37.5000 2064.6460   13.7259
   -7.5000  -15.0000  -37.5000 2195.0149   12.2620
    0.0000  -15.0000  -37.5000 2205.2092   12.2479
    7.5000  -15.0000  -37.5000 2181.4536   12.4150
   -7.5000   -7.5000  -37.5000 2302.0293   11.3213
    0.0000   -7.5000  -37.5000 2306.9722   11.3239
    7.5000   -7.5000  -37.5000 2283.7190   11.4763
   -7.5000    0.0000  -37.5000 2368.4312   10.6465
    0.0000    0.0000  -37.5000 2373.5488   10.6546
    7.5000    0.0000  -37.5000 2349.0645   10.8010
   -7.5000    7.5000  -37.5000 2403.2988   10.1750
    0.0000    7.5000  -37.5000 2410.3721   10.1960
    7.5000    7.5000  -37.5000 2383.2656   10.3410
   -7.5000   15.0000  -37.5000 2414.1589    9.9477
    0.0000   15.0000  -37.5000 2424.5637    9.9595
    7.5000   15.0000  -37.5000 2396.6375   10.0991
   -7.5000   22.5000  -37.5000 2409.3833    9.9393
    0.0000   22.5000  -37.5000 2416.2117    9.9233
    7.5000   22.5000  -37.5000 2390.6304   10.0798
   -7.5000   30.0000  -37.5000 2394.0300   10.0922
    0.0000   30.0000  -37.5000 2398.4951   10.0823
    7.5000   30.0000  -37.5000 2365.8477   10.2667
   -7.5000   37.5000  -37.5000 2357.4397   10.4446
    0.0000   37.5000  -37.5000 2365.6577   10.4355
    7.5000   37.5000  -37.5000 2330.5566   10.6328
   -7.5000   45.0000  -37.5000 2302.8157   10.9789
    0.0000   45.0000  -37.5000 2314.5613   10.9810
    7.5000   45.0000  -37.5000 2274.1633   11.2131
   -7.5000  -45.0000  -30.0000 1774.2102   19.7622
    0.0000  -45.0000  -30.0000 1788.8998   19.7533
    7.5000  -45.0000  -30.0000 1775.4285   19.9832
   -7.5000  -37.5000  -30.0000 1908.7603   16.9229
    0.0000  -37.5000  -30.0000 1921.4708   16.9485
    7.5000  -37.5000  -30.0000 1906.8774   17.1787
   -7.5000  -30.0000  -30.0000 2047.1710   14.7480
    0.0000  -30.0000  -30.0000 2056.8906   14.7491
    7.5000  -30.0000  -30.0000 2037.1293   14.9826
   -7.5000  -22.5000  -30.0000 2190.7329   13.1047
    0.0000  -22.5000  -30.0000 2199.6187   13.1043
    7.5000  -22.5000  -30.0000 2173.9722   13.2681
   -7.5000  -15.0000  -30.0000 2317.9500   11.8379
    0.0000  -15.0000  -30.0000 2329.3455   11.8384
    7.5000  -15.0000  -30.0000 2300.1814   11.9977
   -7.5000   -7.5000  -30.0000 2429.2183   10.9038
    0.0000   -7.5000  -30.0000 2436.8533   10.9007
    7.5000   -7.5000  -30.0000 2409.2107   11.0553
   -7.5000    0.0000  -30.0000 2501.6323   10.2063
    0.0000    0.0000  -30.0000 2509.2258   10.2279
    7.5000    0.0000  -30.0000 2483.0828   10.3660
   -7.5000    7.5000  -30.0000 2543.3787    9.7373
    0.0000    7.5000  -30.0000 2550.7351    9.7525
    7.5000    7.5000  -30.0000 2523.0339    9.8952
   -7.5000   15.0000  -30.0000 2566.5254    9.5013
    0.0000   15.0000  -30.0000 2574.6484    9.4892
    7.5000   15.0000  -30.0000 2545.7249    9.6364
   -7.5000   22.5000  -30.0000 2566.3481    9.4812
    0.0000   22.5000  -30.0000 2572.9365    9.4836
    7.5000   22.5000  -30.0000 2544.3796    9.6233
   -7.5000   30.0000  -30.0000 2549.4919    9.6367
    0.0000   30.0000  -30.0000 2556.5818    9.6402
    7.5000   30.0000  -30.0000 2516.9561    9.8043
   -7.5000   37.5000  -30.0000 2508.0610    9.9672
    0.0000   37.5000  -30.0000 2516.8389    9.9718
    7.5000   37.5000  -30.0000 2479.2632   10.1457
   -7.5000   45.0000  -30.0000 2447.6460   10.4785
    0.0000   45.0000  -30.0000 2459.3977   10.4773
    7.5000   45.0000  -30.0000 2419.4446   10.6885
   -7.5000  -45.0000  -22.5000 1831.8546   19.1444
    0.0000  -45.0000  -22.5000 1846.7545   19.1293
    7.5000  -45.0000  -22.5000 1836.9622   19.4163
   -7.5000  -37.5000  -22.5000 1974.5748   16.3433
    0.0000  -37.5000  -22.5000 1990.2468   16.3602
    7.5000  -37.5000  -22.5000 1972.7156   16.5864
   -7.5000  -30.0000  -22.5000 2124.6938   14.2127
    0.0000  -30.0000  -22.5000 2134.7000   14.2022
    7.5000  -30.0000  -22.5000 2114.7109   14.4026
   -7.5000  -22.5000  -22.5000 2270.7646   12.6128
    0.0000  -22.5000  -22.5000 2282.8232   12.6166
    7.5000  -22.5000  -22.5000 2259.8247   12.7699
   -7.5000  -15.0000  -22.5000 2402.5728   11.3746
    0.0000  -15.0000  -22.5000 2411.1045   11.3750
    7.5000  -15.0000  -22.5000 2384.1282   11.5186
   -7.5000   -7.5000  -22.5000 2514.9958   10.4179
    0.0000   -7.5000  -22.5000 2524.8643   10.4183
    7.5000   -7.5000  -22.5000 2495.8938   10.5727
   -7.5000    0.0000  -22.5000 2599.3564    9.7179
    0.0000    0.0000  -22.5000 2607.2864    9.7308
    7.5000    0.0000  -22.5000 2580.7859    9.8605
   -7.5000    7.5000  -22.5000 2649.9414    9.2342
    0.0000    7.5000  -22.5000 2656.5239    9.2408
    7.5000    7.5000  -22.5000 2632.0574    9.3944
   -7.5000   15.0000  -22.5000 2690.1880    8.9661
    0.0000   15.0000  -22.5000 2697.5227    8.9763
    7.5000   15.0000  -22.5000 2663.2681    9.1146
   -7.5000   22.5000  -22.5000 2700.8843    8.9265
    0.0000   22.5000  -22.5000 2709.7898    8.9349
    7.5000   22.5000  -22.5000 2670.4832    9.0653
   -7.5000   30.0000  -22.5000 2682.0750    9.1032
    0.0000   30.0000  -22.5000 2693.7849    9.1136
    7.5000   30.0000  -22.5000 2645.3054    9.2551
   -7.5000   37.5000  -22.5000 2639.5413    9.4418
    0.0000   37.5000  -22.5000 2649.9785    9.4416
    7.5000   37.5000  -22.5000 2605.1123    9.6008
   -7.5000   45.0000  -22.5000 2574.5752    9.9132
    0.0000   45.0000  -22.5000 2582.2925    9.9109
    7.5000   45.0000  -22.5000 2538.6309   10.1029
   -7.5000  -45.0000  -15.0000 1873.7021   18.6323
    0.0000  -45.0000  -15.0000 1885.9574   18.5974
    7.5000  -45.0000  -15.0000 1874.7805   18.9303
   -7.5000  -37.5000  -15.0000 2024.0212   15.8801
    0.0000  -37.5000  -15.0000 2037.8995   15.8760
    7.5000  -37.5000  -15.0000 2017.5093   16.1711
   -7.5000  -30.0000  -15.0000 2166.2139   13.7381
    0.0000  -30.0000  -15.0000 2178.2083   13.7195
    7.5000  -30.0000  -15.0000 2155.4260   13.9550
   -7.5000  -22.5000  -15.0000 2311.4329   12.1492
    0.0000  -22.5000  -15.0000 2323.2996   12.1388
    7.5000  -22.5000  -15.0000 2301.5054   12.3177
   -7.5000  -15.0000  -15.0000 2443.4377   10.9125
    0.0000  -15.0000  -15.0000 2452.9343   10.9060
    7.5000  -15.0000  -15.0000 2425.6465   11.0729
   -7.5000   -7.5000  -15.0000 2561.5847    9.9693
    0.0000   -7.5000  -15.0000 2572.6489    9.9609
    7.5000   -7.5000  -15.0000 2542.9661   10.1167
   -7.5000    0.0000  -15.0000 2658.4729    9.2525
    0.0000    0.0000  -15.0000 2671.6716    9.2575
    7.5000    0.0000  -15.0000 2639.9971    9.4004
   -7.5000    7.5000  -15.0000 2722.4973    8.7601
    0.0000    7.5000  -15.0000 2735.8516    8.7667
    7.5000    7.5000  -15.0000 2703.7278    8.9169
   -7.5000   15.0000  -15.0000 2771.5183    8.4563
    0.0000   15.0000  -15.0000 2783.9905    8.4710
    7.5000   15.0000  -15.0000 2744.3120    8.6213
   -7.5000   22.5000  -15.0000 2803.6702    8.3824
    0.0000   22.5000  -15.0000 2810.7312    8.3916
    7.5000   22.5000  -15.0000 2763.7236    8.5330
   -7.5000   30.0000  -15.0000 2787.6746    8.5736
    0.0000   30.0000  -15.0000 2797.7668    8.5732
    7.5000   30.0000  -15.0000 2745.4133    8.7264
   -7.5000   37.5000  -15.0000 2743.6680    8.9008
    0.0000   37.5000  -15.0000 2753.6367    8.8997
    7.5000   37.5000  -15.0000 2704.6001    9.0561
   -7.5000   45.0000  -15.0000 2671.6948    9.3434
    0.0000   45.0000  -15.0000 2678.3015    9.3527
    7.5000   45.0000  -15.0000 2632.9143    9.5291
   -7.5000  -45.0000   -7.5000 1902.6796   18.1405
    0.0000  -45.0000   -7.5000 1914.4327   18.0963
    7.5000  -45.0000   -7.5000 1901.6326   18.4385
   -7.5000  -37.5000   -7.5000 2052.7251   15.4668
    0.0000  -37.5000   -7.5000 2065.4963   15.4624
    7.5000  -37.5000   -7.5000 2048.2017   15.7142
   -7.5000  -30.0000   -7.5000 2189.4089   13.3779
    0.0000  -30.0000   -7.5000 2201.2544   13.3276
    7.5000  -30.0000   -7.5000 2183.7688   13.5892
   -7.5000  -22.5000   -7.5000 2334.2854   11.7930
    0.0000  -22.5000   -7.5000 2345.1885   11.7489
    7.5000  -22.5000   -7.5000 2321.6157   11.9815
   -7.5000  -15.0000   -7.5000 2463.9470   10.5426
    0.0000  -15.0000   -7.5000 2473.9392   10.5279
    7.5000  -15.0000   -7.5000 2444.2546   10.7209
   -7.5000   -7.5000   -7.5000 2582.1040    9.5805
    0.0000   -7.5000   -7.5000 2594.0867    9.5718
    7.5000   -7.5000   -7.5000 2565.1084    9.7520
   -7.5000    0.0000   -7.5000 2691.7036    8.8607
    0.0000    0.0000   -7.5000 2704.9795    8.8688
    7.5000    0.0000   -7.5000 2675.6577    9.0154
   -7.5000    7.5000   -7.5000 2775.5430    8.3723
    0.0000    7.5000   -7.5000 2791.5601    8.3686
    7.5000    7.5000   -7.5000 2758.1370    8.5206
   -7.5000   15.0000   -7.5000 2836.6738    8.0537
    0.0000   15.0000   -7.5000 2853.4043    8.0386
    7.5000   15.0000   -7.5000 2808.9534    8.2084
   -7.5000   22.5000   -7.5000 2884.3354    7.9225
    0.0000   22.5000   -7.5000 2897.4399    7.9112
    7.5000   22.5000   -7.5000 2837.5857    8.1017
   -7.5000   30.0000   -7.5000 2871.6440    8.0951
    0.0000   30.0000   -7.5000 2882.7249    8.0914
    7.5000   30.0000   -7.5000 2822.2991    8.2714
   -7.5000   37.5000   -7.5000 2821.8271    8.4100
    0.0000   37.5000   -7.5000 2832.4265    8.4083
    7.5000   37.5000   -7.5000 2780.0266    8.5872
   -7.5000   45.0000   -7.5000 2740.7769    8.8542
    0.0000   45.0000   -7.5000 2750.4951    8.8606
    7.5000   45.0000   -7.5000 2703.6917    9.0549
   -7.5000  -45.0000    0.0000 1916.2760   17.8528
    0.0000  -45.0000    0.0000 1930.6497   17.7575
    7.5000  -45.0000    0.0000 1915.6276   18.1125
   -7.5000  -37.5000    0.0000 2066.2864   15.2319
    0.0000  -37.5000    0.0000 2080.8601   15.1772
    7.5000  -37.5000    0.0000 2067.9165   15.4883
   -7.5000  -30.0000    0.0000 2207.4727   13.1796
    0.0000  -30.0000    0.0000 2221.8555   13.1190
    7.5000  -30.0000    0.0000 2204.7896   13.3895
   -7.5000  -22.5000    0.0000 2346.0879   11.5856
    0.0000  -22.5000    0.0000 2358.5662   11.5256
    7.5000  -22.5000    0.0000 2337.4238   11.7776
   -7.5000  -15.0000    0.0000 2469.4011   10.3270
    0.0000  -15.0000    0.0000 2481.0154   10.2847
    7.5000  -15.0000    0.0000 2454.4075   10.5149
   -7.5000   -7.5000    0.0000 2590.0405    9.3464
    0.0000   -7.5000    0.0000 2606.0757    9.3240
    7.5000   -7.5000    0.0000 2572.2424    9.5222
   -7.5000    0.0000    0.0000 2706.0293    8.6003
    0.0000    0.0000    0.0000 2722.6765    8.5886
    7.5000    0.0000    0.0000 2688.6201    8.7689
   -7.5000    7.5000    0.0000 2807.9321    8.0950
    0.0000    7.5000    0.0000 2822.1428    8.0688
    7.5000    7.5000    0.0000 2784.5820    8.2477
   -7.5000   15.0000    0.0000 2883.6401    7.7962
    0.0000   15.0000    0.0000 2907.0925    7.7642
    7.5000   15.0000    0.0000 2856.1648    7.9390
   -7.5000   22.5000    0.0000 2947.7729    7.6659
    0.0000   22.5000    0.0000 2974.3611    7.6379
    7.5000   22.5000    0.0000 2897.4546    7.8556
   -7.5000   30.0000    0.0000 2945.0151    7.7885
    0.0000   30.0000    0.0000 2962.6980    7.7671
    7.5000   30.0000    0.0000 2885.2046    7.9941
   -7.5000   37.5000    0.0000 2882.4424    8.0774
    0.0000   37.5000    0.0000 2896.4758    8.0570
    7.5000   37.5000    0.0000 2832.1765    8.2644
   -7.5000   45.0000    0.0000 2792.3296    8.5149
    0.0000   45.0000    0.0000 2801.9443    8.5099
    7.5000   45.0000    0.0000 2747.8040    8.7096
   -7.5000  -45.0000    7.5000 1914.9316   17.7586
    0.0000  -45.0000    7.5000 1932.9133   17.5774
    7.5000  -45.0000    7.5000 1917.3296   17.9745
   -7.5000  -37.5000    7.5000 2073.0520   15.1849
    0.0000  -37.5000    7.5000 2091.7876   15.0641
    7.5000  -37.5000    7.5000 2076.2202   15.3937
   -7.5000  -30.0000    7.5000 2217.0725   13.1572
    0.0000  -30.0000    7.5000 2236.5818   13.0685
    7.5000  -30.0000    7.5000 2214.3879   13.3442
   -7.5000  -22.5000    7.5000 2347.7019   11.5061
    0.0000  -22.5000    7.5000 2365.8281   11.4520
    7.5000  -22.5000    7.5000 2341.2090   11.7197
   -7.5000  -15.0000    7.5000 2466.5320   10.2298
    0.0000  -15.0000    7.5000 2480.7507   10.1693
    7.5000  -15.0000    7.5000 2451.2712   10.4333
   -7.5000   -7.5000    7.5000 2590.2573    9.2381
    0.0000   -7.5000    7.5000 2604.7576    9.1753
    7.5000   -7.5000    7.5000 2568.3540    9.4163
   -7.5000    0.0000    7.5000 2707.0317    8.4781
    0.0000    0.0000    7.5000 2728.1816    8.4174
    7.5000    0.0000    7.5000 2687.6357    8.6528
   -7.5000    7.5000    7.5000 2819.0591    7.9353
    0.0000    7.5000    7.5000 2836.9692    7.8871
    7.5000    7.5000    7.5000 2795.7644    8.1210
   -7.5000   15.0000    7.5000 2915.0562    7.6509
    0.0000   15.0000    7.5000 2936.5334    7.5913
    7.5000   15.0000    7.5000 2880.2490    7.7944
   -7.5000   22.5000    7.5000 2991.5789    7.5895
    0.0000   22.5000    7.5000 3019.3677    7.5421
    7.5000   22.5000    7.5000 2931.3479    7.7223
   -7.5000   30.0000    7.5000 2994.3342    7.7019
    0.0000   30.0000    7.5000 3017.8933    7.6632
    7.5000   30.0000    7.5000 2922.3796    7.8517
   -7.5000   37.5000    7.5000 2925.3567    7.9186
    0.0000   37.5000    7.5000 2939.5479    7.8946
    7.5000   37.5000    7.5000 2865.3645    8.0838
   -7.5000   45.0000    7.5000 2825.2205    8.3093
    0.0000   45.0000    7.5000 2835.3325    8.2831
    7.5000   45.0000    7.5000 2776.3777    8.4835
   -7.5000  -45.0000   15.0000 1890.8903   17.8831
    0.0000  -45.0000   15.0000 1910.6918   17.7055
    7.5000  -45.0000   15.0000 1896.8311   18.1131
   -7.5000  -37.5000   15.0000 2062.6360   15.3097
    0.0000  -37.5000   15.0000 2083.7507   15.1562
    7.5000  -37.5000   15.0000 2063.2520   15.5352
   -7.5000  -30.0000   15.0000 2216.9465   13.2626
    0.0000  -30.0000   15.0000 2239.6462   13.1344
    7.5000  -30.0000   15.0000 2207.3677   13.4222
   -7.5000  -22.5000   15.0000 2342.9763   11.5525
    0.0000  -22.5000   15.0000 2363.6501   11.4388
    7.5000  -22.5000   15.0000 2333.3862   11.7573
   -7.5000  -15.0000   15.0000 2454.6672   10.2758
    0.0000  -15.0000   15.0000 2472.6240   10.1806
    7.5000  -15.0000   15.0000 2439.8550   10.4911
   -7.5000   -7.5000   15.0000 2576.6948    9.2974
    0.0000   -7.5000   15.0000 2589.9619    9.2094
    7.5000   -7.5000   15.0000 2558.3933    9.4905
   -7.5000    0.0000   15.0000 2694.9851    8.5230
    0.0000    0.0000   15.0000 2711.6755    8.4557
    7.5000    0.0000   15.0000 2674.1748    8.7196
   -7.5000    7.5000   15.0000 2809.4443    7.9550
    0.0000    7.5000   15.0000 2823.9355    7.8954
    7.5000    7.5000   15.0000 2782.5066    8.1458
   -7.5000   15.0000   15.0000 2912.7520    7.6449
    0.0000   15.0000   15.0000 2932.3472    7.5887
    7.5000   15.0000   15.0000 2873.6538    7.8080
   -7.5000   22.5000   15.0000 2999.8667    7.5606
    0.0000   22.5000   15.0000 3024.5615    7.5203
    7.5000   22.5000   15.0000 2934.4395    7.7175
   -7.5000   30.0000   15.0000 3002.8501    7.6723
    0.0000   30.0000   15.0000 3025.9390    7.6321
    7.5000   30.0000   15.0000 2929.5437    7.8263
   -7.5000   37.5000   15.0000 2931.9026    7.9213
    0.0000   37.5000   15.0000 2947.8591    7.8908
    7.5000   37.5000   15.0000 2871.8462    8.0750
   -7.5000   45.0000   15.0000 2823.1775    8.3232
    0.0000   45.0000   15.0000 2835.1763    8.3021
    7.5000   45.0000   15.0000 2775.7656    8.4904
   -7.5000  -45.0000   22.5000 1850.8652   18.2462
    0.0000  -45.0000   22.5000 1871.9778   18.0303
    7.5000  -45.0000   22.5000 1859.1354   18.5278
   -7.5000  -37.5000   22.5000 2033.6038   15.6165
    0.0000  -37.5000   22.5000 2052.8799   15.4467
    7.5000  -37.5000   22.5000 2028.7117   15.8502
   -7.5000  -30.0000   22.5000 2194.8176   13.4998
    0.0000  -30.0000   22.5000 2215.2988   13.3603
    7.5000  -30.0000   22.5000 2180.5566   13.6697
   -7.5000  -22.5000   22.5000 2324.2556   11.7564
    0.0000  -22.5000   22.5000 2342.3813   11.6565
    7.5000  -22.5000   22.5000 2310.1189   11.9897
   -7.5000  -15.0000   22.5000 2437.7917   10.4950
    0.0000  -15.0000   22.5000 2452.7527   10.4128
    7.5000  -15.0000   22.5000 2419.2246   10.7233
   -7.5000   -7.5000   22.5000 2556.3672    9.4983
    0.0000   -7.5000   22.5000 2569.5208    9.4282
    7.5000   -7.5000   22.5000 2533.5835    9.7217
   -7.5000    0.0000   22.5000 2672.9036    8.7105
    0.0000    0.0000   22.5000 2688.0837    8.6448
    7.5000    0.0000   22.5000 2648.4497    8.9233
   -7.5000    7.5000   22.5000 2790.6521    8.1187
    0.0000    7.5000   22.5000 2803.0967    8.0552
    7.5000    7.5000   22.5000 2758.9019    8.3225
   -7.5000   15.0000   22.5000 2897.0754    7.7908
    0.0000   15.0000   22.5000 2909.7312    7.7329
    7.5000   15.0000   22.5000 2852.3462    7.9819
   -7.5000   22.5000   22.5000 2965.3030    7.6855
    0.0000   22.5000   22.5000 2979.1387    7.6482
    7.5000   22.5000   22.5000 2905.7986    7.8842
   -7.5000   30.0000   22.5000 2956.9653    7.7901
    0.0000   30.0000   22.5000 2971.0198    7.7512
    7.5000   30.0000   22.5000 2898.0977    7.9679
   -7.5000   37.5000   22.5000 2896.0657    8.0917
    0.0000   37.5000   22.5000 2911.3362    8.0590
    7.5000   37.5000   22.5000 2842.8052    8.2551
   -7.5000   45.0000   22.5000 2791.7852    8.5220
    0.0000   45.0000   22.5000 2806.3616    8.4909
    7.5000   45.0000   22.5000 2747.8167    8.6926
   -7.5000  -45.0000   30.0000 1807.5972   18.9241
    0.0000  -45.0000   30.0000 1820.0853   18.7043
    7.5000  -45.0000   30.0000 1807.8828   19.1861
   -7.5000  -37.5000   30.0000 1986.0872   16.1199
    0.0000  -37.5000   30.0000 1999.5746   15.9663
    7.5000  -37.5000   30.0000 1979.1586   16.3462
   -7.5000  -30.0000   30.0000 2151.6716   13.9044
    0.0000  -30.0000   30.0000 2163.7292   13.7760
    7.5000  -30.0000   30.0000 2137.6899   14.1100
   -7.5000  -22.5000   30.0000 2289.2371   12.1392
    0.0000  -22.5000   30.0000 2301.3572   12.0390
    7.5000  -22.5000   30.0000 2272.1438   12.3808
   -7.5000  -15.0000   30.0000 2407.6934   10.8214
    0.0000  -15.0000   30.0000 2419.7095   10.7540
    7.5000  -15.0000   30.0000 2385.0647   11.0701
   -7.5000   -7.5000   30.0000 2524.5762    9.8107
    0.0000   -7.5000   30.0000 2535.9324    9.7436
    7.5000   -7.5000   30.0000 2498.4204   10.0334
   -7.5000    0.0000   30.0000 2643.3748    9.0006
    0.0000    0.0000   30.0000 2658.0476    8.9364
    7.5000    0.0000   30.0000 2615.6992    9.2365
   -7.5000    7.5000   30.0000 2758.0098    8.4105
    0.0000    7.5000   30.0000 2769.8972    8.3472
    7.5000    7.5000   30.0000 2723.2556    8.6230
   -7.5000   15.0000   30.0000 2849.9539    8.0909
    0.0000   15.0000   30.0000 2863.5325    8.0344
    7.5000   15.0000   30.0000 2807.8513    8.2699
   -7.5000   22.5000   30.0000 2898.9827    7.9668
    0.0000   22.5000   30.0000 2908.1753    7.9182
    7.5000   22.5000   30.0000 2846.2219    8.1598
   -7.5000   30.0000   30.0000 2884.1687    8.0842
    0.0000   30.0000   30.0000 2893.3994    8.0395
    7.5000   30.0000   30.0000 2840.5376    8.2464
   -7.5000   37.5000   30.0000 2833.1851    8.3911
    0.0000   37.5000   30.0000 2841.8232    8.3649
    7.5000   37.5000   30.0000 2789.1545    8.5572
   -7.5000   45.0000   30.0000 2740.9888    8.8323
    0.0000   45.0000   30.0000 2747.3533    8.8066
    7.5000   45.0000   30.0000 2697.1594    9.0073
   -7.5000  -45.0000   37.5000 1764.0012   19.8241
    0.0000  -45.0000   37.5000 1774.0699   19.6606
    7.5000  -45.0000   37.5000 1760.3741   20.0653
   -7.5000  -37.5000   37.5000 1939.4559   16.7844
    0.0000  -37.5000   37.5000 1950.3798   16.6535
    7.5000  -37.5000   37.5000 1935.2384   17.0082
   -7.5000  -30.0000   37.5000 2103.8923   14.4401
    0.0000  -30.0000   37.5000 2115.3928   14.3362
    7.5000  -30.0000   37.5000 2095.3245   14.6546
   -7.5000  -22.5000   37.5000 2245.4182   12.6370
    0.0000  -22.5000   37.5000 2253.2119   12.5495
    7.5000  -22.5000   37.5000 2231.2615   12.8640
   -7.5000  -15.0000   37.5000 2364.6780   11.2809
    0.0000  -15.0000   37.5000 2372.1980   11.2156
    7.5000  -15.0000   37.5000 2341.8240   11.5213
   -7.5000   -7.5000   37.5000 2483.3174   10.2402
    0.0000   -7.5000   37.5000 2495.0056   10.1720
    7.5000   -7.5000   37.5000 2456.4202   10.4570
   -7.5000    0.0000   37.5000 2605.9534    9.4296
    0.0000    0.0000   37.5000 2619.9502    9.3588
    7.5000    0.0000   37.5000 2572.1475    9.6355
   -7.5000    7.5000   37.5000 2714.2207    8.8540
    0.0000    7.5000   37.5000 2726.3403    8.7928
    7.5000    7.5000   37.5000 2675.8430    9.0344
   -7.5000   15.0000   37.5000 2788.0115    8.5125
    0.0000   15.0000   37.5000 2799.8298    8.4527
    7.5000   15.0000   37.5000 2743.2371    8.6981
   -7.5000   22.5000   37.5000 2821.9502    8.3901
    0.0000   22.5000   37.5000 2828.0825    8.3449
    7.5000   22.5000   37.5000 2774.9680    8.5747
   -7.5000   30.0000   37.5000 2798.8987    8.4942
    0.0000   30.0000   37.5000 2810.0864    8.4594
    7.5000   30.0000   37.5000 2758.8545    8.6579
   -7.5000   37.5000   37.5000 2751.5642    8.7943
    0.0000   37.5000   37.5000 2760.5962    8.7617
    7.5000   37.5000   37.5000 2711.3821    8.9530
   -7.5000   45.0000   37.5000 2666.2024    9.2459
    0.0000   45.0000   37.5000 2673.9827    9.2176
    7.5000   45.0000   37.5000 2631.6819    9.4157
   -7.5000  -45.0000   45.0000 1716.4045   20.9629
    0.0000  -45.0000   45.0000 1721.6718   20.7699
    7.5000  -45.0000   45.0000 1708.8601   21.1804
   -7.5000  -37.5000   45.0000 1891.6056   17.6153
    0.0000  -37.5000   45.0000 1900.9027   17.4855
    7.5000  -37.5000   45.0000 1882.9825   17.8624
   -7.5000  -30.0000   45.0000 2055.0437   15.1035
    0.0000  -30.0000   45.0000 2065.2080   15.0269
    7.5000  -30.0000   45.0000 2044.9197   15.3328
   -7.5000  -22.5000   45.0000 2195.2383   13.2526
    0.0000  -22.5000   45.0000 2206.0208   13.1852
    7.5000  -22.5000   45.0000 2181.2937   13.4797
   -7.5000  -15.0000   45.0000 2316.8267   11.8689
    0.0000  -15.0000   45.0000 2326.4639   11.8007
    7.5000  -15.0000   45.0000 2294.0322   12.0773
   -7.5000   -7.5000   45.0000 2432.5759   10.7914
    0.0000   -7.5000   45.0000 2444.8318   10.7354
    7.5000   -7.5000   45.0000 2407.6443   10.9992
   -7.5000    0.0000   45.0000 2553.0520    9.9804
    0.0000    0.0000   45.0000 2564.6318    9.9227
    7.5000    0.0000   45.0000 2520.0688   10.1738
   -7.5000    7.5000   45.0000 2649.1350    9.3963
    0.0000    7.5000   45.0000 2660.6274    9.3460
    7.5000    7.5000   45.0000 2612.1292    9.5795
   -7.5000   15.0000   45.0000 2708.2109    9.0694
    0.0000   15.0000   45.0000 2720.0820    9.0183
    7.5000   15.0000   45.0000 2668.3745    9.2490
   -7.5000   22.5000   45.0000 2729.6619    8.9545
    0.0000   22.5000   45.0000 2735.5820    8.9159
    7.5000   22.5000   45.0000 2690.2832    9.1303
   -7.5000   30.0000   45.0000 2708.1084    9.0274
    0.0000   30.0000   45.0000 2720.5808    8.9873
    7.5000   30.0000   45.0000 2672.7292    9.1976
   -7.5000   37.5000   45.0000 2663.5015    9.3085
    0.0000   37.5000   45.0000 2671.3926    9.2834
    7.5000   37.5000   45.0000 2626.1860    9.4719
   -7.5000   45.0000   45.0000 2583.4153    9.7363
    0.0000   45.0000   45.0000 2591.0388    9.7202
    7.5000   45.0000   45.0000 2552.0879    9.9200

---------------------------------------------------------------------
imgreg_4dfp /opt/freesurfer/average/711-2C_as_mni_average_305 /opt/freesurfer/average/711-2B_as_mni_average_305_mask talsrcimg_g11 none talsrcimg_to_711-2C_as_mni_average_305_t4 1283
---------------------------------------------------------------------

freesurfer imgreg_4dfp.c
/opt/freesurfer/average/711-2C_as_mni_average_305.4dfp.img
       256       256       256         1
  1.000000  1.000000  1.000000
orientation T byte_order littleendian
Reading image: /opt/freesurfer/average/711-2C_as_mni_average_305.4dfp.img
dimensions:      256       256       256
mmppix:       1.0000   -1.0000   -1.0000
center:     128.0000 -129.0000 -129.0000
/opt/freesurfer/average/711-2B_as_mni_average_305_mask.4dfp.img
       256       256       256         1
  1.000000  1.000000  1.000000
orientation T byte_order littleendian
Reading mask: /opt/freesurfer/average/711-2B_as_mni_average_305_mask.4dfp.img (2306576 pixels)
talsrcimg_g11.4dfp.img
       256       256       256         1
  1.000000  1.000000  1.000000
orientation T byte_order littleendian
Reading image: talsrcimg_g11.4dfp.img
dimensions:      256       256       256
mmppix:       1.0000   -1.0000   -1.0000
center:     128.0000 -129.0000 -129.0000
rotation matrix determinant  1.000000
fimgreg.f
image alignment mode   1283 decimal      503 hex
parameters
    0.0000   30.0000   15.0000    0.0000    0.0000    0.0000
eta,q 0.94995  7.62403
niter,ni,del,rscale     5    3   12.0000    1.2000
parameter  2  0.596300 ->  0.500000 qaram    1.1500
parameter  3  0.823341 ->  0.500000 qaram    1.1500
parameter  4  0.561650 ->  0.500000 qaram    1.1500
parameters
   -2.1955   26.5500   11.5500   -3.4500    1.5772    1.1679
eta,q 0.95869  7.53546
  0.0582  0.0494  0.0439  0.0430  0.0537  0.0494
  0.0532  0.0473  0.0434  0.0423  0.0498  0.0459
  0.0509  0.0480  0.0445  0.0421  0.0454  0.0431
  0.0536  0.0508  0.0470  0.0433  0.0421  0.0416
  0.0599  0.0546  0.0497  0.0462  0.0417  0.0414
  0.0674  0.0595  0.0533  0.0498  0.0431  0.0426
  0.0765  0.0666  0.0587  0.0539  0.0467  0.0453
niter,ni,del,rscale     7    3   12.0000    1.2000
parameters
   -2.5763   28.1911   10.4495   -5.3276    1.8888    1.1060
eta,q 0.96090  7.58568
  0.0573  0.0643  0.0472  0.0434  0.0492  0.0456
  0.0494  0.0527  0.0428  0.0391  0.0451  0.0422
  0.0432  0.0441  0.0406  0.0389  0.0413  0.0399
  0.0413  0.0412  0.0409  0.0405  0.0391  0.0391
  0.0449  0.0410  0.0431  0.0419  0.0398  0.0399
  0.0525  0.0432  0.0469  0.0449  0.0425  0.0423
  0.0617  0.0487  0.0524  0.0500  0.0484  0.0460
niter,ni,del,rscale     6    3   12.0000    1.2000
parameters
   -2.7947   28.9621   10.2696   -5.9126    2.0660    0.9743
eta,q 0.96134  7.60159
  0.0571  0.0598  0.0476  0.0459  0.0489  0.0452
  0.0480  0.0484  0.0426  0.0405  0.0446  0.0418
  0.0414  0.0416  0.0399  0.0382  0.0406  0.0395
  0.0391  0.0391  0.0391  0.0391  0.0387  0.0387
  0.0426  0.0406  0.0399  0.0410  0.0395  0.0395
  0.0503  0.0453  0.0433  0.0433  0.0425  0.0420
  0.0594  0.0510  0.0487  0.0471  0.0488  0.0460
niter,ni,del,rscale     5    3   12.0000    1.2000
parameters
   -2.8690   29.2198   10.2782   -6.1528    2.1429    0.9277
eta,q 0.96138  7.60478
  0.0582  0.0574  0.0479  0.0468  0.0488  0.0452
  0.0486  0.0468  0.0426  0.0412  0.0444  0.0418
  0.0415  0.0404  0.0398  0.0383  0.0404  0.0395
  0.0387  0.0387  0.0388  0.0388  0.0386  0.0386
  0.0418  0.0416  0.0395  0.0407  0.0396  0.0393
  0.0497  0.0466  0.0426  0.0431  0.0428  0.0418
  0.0589  0.0533  0.0479  0.0465  0.0493  0.0457
niter,ni,del,rscale     4    3   12.0000    1.2000
parameters
   -2.9015   29.3275   10.2737   -6.2624    2.1760    0.9115
eta,q 0.96137  7.60600
  0.0587  0.0569  0.0478  0.0472  0.0487  0.0453
  0.0489  0.0464  0.0425  0.0416  0.0444  0.0418
  0.0417  0.0400  0.0398  0.0383  0.0403  0.0395
  0.0386  0.0386  0.0387  0.0387  0.0386  0.0386
  0.0417  0.0419  0.0394  0.0405  0.0396  0.0393
  0.0497  0.0471  0.0426  0.0430  0.0430  0.0417
  0.0589  0.0542  0.0478  0.0463  0.0495  0.0456
niter,ni,del,rscale     3    3   12.0000    1.2000
parameters
   -2.9153   29.3758   10.2712   -6.3095    2.1886    0.9050
eta,q 0.96136  7.60650
  0.0590  0.0567  0.0477  0.0474  0.0487  0.0453
  0.0491  0.0463  0.0425  0.0417  0.0444  0.0418
  0.0417  0.0398  0.0397  0.0384  0.0403  0.0395
  0.0386  0.0386  0.0387  0.0387  0.0386  0.0386
  0.0417  0.0420  0.0394  0.0405  0.0396  0.0393
  0.0497  0.0474  0.0426  0.0429  0.0431  0.0416
  0.0589  0.0545  0.0478  0.0463  0.0497  0.0456
registration optimization eta report
parameter search radius
    6.0000    6.9000    6.9000    6.9000    6.0000    6.0000
100000*second partial in parameter space
       55.       35.       19.       17.       29.       19.
  0.0590  0.0567  0.0477  0.0474  0.0487  0.0453
  0.0491  0.0463  0.0425  0.0417  0.0444  0.0418
  0.0417  0.0398  0.0397  0.0384  0.0403  0.0395
  0.0386  0.0386  0.0387  0.0387  0.0386  0.0386
  0.0417  0.0420  0.0394  0.0405  0.0396  0.0393
  0.0497  0.0474  0.0426  0.0429  0.0431  0.0416
  0.0589  0.0545  0.0478  0.0463  0.0497  0.0456
   -2.9153   29.3758   10.2712   -6.3095    2.1886    0.9050
eta,q 0.96136  7.60650

---------------------------------------------------------------------
imgreg_4dfp /opt/freesurfer/average/711-2C_as_mni_average_305 /opt/freesurfer/average/711-2B_as_mni_average_305_mask talsrcimg_g11 none talsrcimg_to_711-2C_as_mni_average_305_t4 3335
---------------------------------------------------------------------

freesurfer imgreg_4dfp.c
/opt/freesurfer/average/711-2C_as_mni_average_305.4dfp.img
       256       256       256         1
  1.000000  1.000000  1.000000
orientation T byte_order littleendian
Reading image: /opt/freesurfer/average/711-2C_as_mni_average_305.4dfp.img
dimensions:      256       256       256
mmppix:       1.0000   -1.0000   -1.0000
center:     128.0000 -129.0000 -129.0000
/opt/freesurfer/average/711-2B_as_mni_average_305_mask.4dfp.img
       256       256       256         1
  1.000000  1.000000  1.000000
orientation T byte_order littleendian
Reading mask: /opt/freesurfer/average/711-2B_as_mni_average_305_mask.4dfp.img (2306576 pixels)
talsrcimg_g11.4dfp.img
       256       256       256         1
  1.000000  1.000000  1.000000
orientation T byte_order littleendian
Reading image: talsrcimg_g11.4dfp.img
dimensions:      256       256       256
mmppix:       1.0000   -1.0000   -1.0000
center:     128.0000 -129.0000 -129.0000
fimgreg.f
image alignment mode   3335 decimal      D07 hex
parameters
   -2.9153   29.3758   10.2712   -0.0854   -0.6115   -0.6782
   -1.1503   -3.9689    1.5784   10.9286    3.8189  -10.9819
eta,q 0.96274  7.60174
niter,ni,del,rscale     5    3    5.0000    1.2000
parameter  4  1.297138 ->  0.500000 qaram    1.1500
parameter  5  1.373998 ->  0.500000 qaram    1.1500
parameters
   -3.0522   29.3515   10.3022   -4.2254   -4.7515    1.2550
   -1.6545   -2.8482    1.4982   10.9320    1.1472   -8.6709
eta,q 0.97101  7.33897
  0.0402  0.0398  0.0385  0.0317  0.0286  0.0324  0.0320  0.0356  0.0315  0.0329  0.0295  0.0313
  0.0385  0.0385  0.0378  0.0327  0.0294  0.0312  0.0305  0.0328  0.0302  0.0309  0.0292  0.0303
  0.0375  0.0377  0.0374  0.0346  0.0308  0.0302  0.0296  0.0306  0.0295  0.0297  0.0291  0.0296
  0.0373  0.0373  0.0373  0.0373  0.0331  0.0297  0.0294  0.0294  0.0293  0.0293  0.0293  0.0291
  0.0378  0.0375  0.0374  0.0407  0.0362  0.0294  0.0300  0.0294  0.0296  0.0297  0.0296  0.0290
  0.0390  0.0385  0.0378  0.0449  0.0394  0.0295  0.0311  0.0306  0.0303  0.0310  0.0301  0.0291
  0.0409  0.0401  0.0385  0.0497  0.0432  0.0307  0.0328  0.0328  0.0315  0.0328  0.0310  0.0296
niter,ni,del,rscale     6    3    5.0000    1.2000
parameter  4  0.590101 ->  0.500000 qaram    1.3225
parameter  5  0.567734 ->  0.500000 qaram    1.3225
parameters
   -2.8319   29.5861   11.1312   -8.9864   -9.5125    0.9845
   -1.2519   -2.7712    1.9233   11.0911    0.2224   -8.7426
eta,q 0.97387  6.97248
  0.0336  0.0323  0.0314  0.0279  0.0268  0.0281  0.0290  0.0302  0.0282  0.0292  0.0268  0.0275
  0.0313  0.0305  0.0303  0.0274  0.0262  0.0270  0.0275  0.0281  0.0271  0.0276  0.0264  0.0268
  0.0297  0.0294  0.0295  0.0277  0.0263  0.0264  0.0266  0.0266  0.0264  0.0265  0.0262  0.0263
  0.0290  0.0290  0.0289  0.0287  0.0274  0.0261  0.0261  0.0261  0.0261  0.0261  0.0261  0.0261
  0.0292  0.0291  0.0287  0.0311  0.0292  0.0262  0.0263  0.0266  0.0263  0.0265  0.0263  0.0263
  0.0303  0.0298  0.0289  0.0346  0.0322  0.0270  0.0271  0.0279  0.0268  0.0274  0.0267  0.0268
  0.0322  0.0312  0.0294  0.0391  0.0359  0.0287  0.0285  0.0301  0.0277  0.0289  0.0272  0.0275
niter,ni,del,rscale     7    3    5.0000    1.2000
parameters
   -2.7839   29.8331   11.5407  -10.4227  -10.8626    1.1550
   -1.4268   -2.7484    2.0210   11.3526    0.1264   -8.8150
eta,q 0.97383  6.86920
  0.0296  0.0294  0.0280  0.0287  0.0287  0.0283  0.0285  0.0301  0.0277  0.0289  0.0269  0.0274
  0.0278  0.0277  0.0271  0.0272  0.0274  0.0273  0.0272  0.0280  0.0269  0.0274  0.0265  0.0268
  0.0266  0.0266  0.0265  0.0263  0.0265  0.0265  0.0264  0.0266  0.0264  0.0265  0.0263  0.0264
  0.0261  0.0261  0.0261  0.0261  0.0261  0.0262  0.0262  0.0262  0.0262  0.0262  0.0262  0.0262
  0.0264  0.0263  0.0261  0.0266  0.0267  0.0262  0.0265  0.0267  0.0263  0.0264  0.0263  0.0263
  0.0275  0.0270  0.0264  0.0284  0.0284  0.0269  0.0274  0.0280  0.0268  0.0272  0.0266  0.0268
  0.0294  0.0282  0.0271  0.0318  0.0314  0.0283  0.0287  0.0301  0.0276  0.0285  0.0270  0.0275
niter,ni,del,rscale     6    3    5.0000    1.2000
parameters
   -2.8157   29.9677   11.6670  -10.6010  -11.0971    1.1962
   -1.4429   -2.7794    2.0706   11.4827    0.0780   -8.8698
eta,q 0.97378  6.85588
  0.0293  0.0289  0.0277  0.0295  0.0293  0.0283  0.0286  0.0301  0.0277  0.0287  0.0270  0.0274
  0.0276  0.0274  0.0269  0.0277  0.0278  0.0273  0.0273  0.0280  0.0269  0.0273  0.0266  0.0268
  0.0265  0.0265  0.0264  0.0267  0.0268  0.0265  0.0265  0.0267  0.0264  0.0265  0.0263  0.0264
  0.0262  0.0262  0.0262  0.0262  0.0262  0.0262  0.0262  0.0262  0.0262  0.0262  0.0262  0.0262
  0.0266  0.0264  0.0263  0.0263  0.0264  0.0263  0.0265  0.0267  0.0264  0.0264  0.0263  0.0263
  0.0277  0.0271  0.0267  0.0275  0.0277  0.0270  0.0273  0.0280  0.0268  0.0272  0.0266  0.0268
  0.0295  0.0282  0.0275  0.0302  0.0300  0.0285  0.0286  0.0301  0.0276  0.0286  0.0270  0.0275
niter,ni,del,rscale     5    3    5.0000    1.2000
parameters
   -2.8316   30.0135   11.6730  -10.6272  -11.1512    1.1934
   -1.4339   -2.8025    2.1115   11.5425    0.0316   -8.9200
eta,q 0.97377  6.85347
  0.0294  0.0286  0.0276  0.0296  0.0294  0.0283  0.0286  0.0301  0.0277  0.0287  0.0270  0.0275
  0.0277  0.0272  0.0269  0.0278  0.0278  0.0273  0.0273  0.0280  0.0269  0.0273  0.0266  0.0268
  0.0266  0.0264  0.0264  0.0267  0.0268  0.0265  0.0265  0.0267  0.0264  0.0265  0.0263  0.0264
  0.0262  0.0262  0.0262  0.0262  0.0262  0.0262  0.0262  0.0262  0.0262  0.0262  0.0262  0.0262
  0.0266  0.0265  0.0264  0.0264  0.0263  0.0263  0.0265  0.0267  0.0264  0.0265  0.0263  0.0264
  0.0277  0.0272  0.0268  0.0274  0.0276  0.0270  0.0273  0.0280  0.0268  0.0272  0.0266  0.0268
  0.0295  0.0283  0.0276  0.0300  0.0298  0.0285  0.0286  0.0301  0.0276  0.0286  0.0270  0.0275
niter,ni,del,rscale     4    3    5.0000    1.2000
parameters
   -2.8372   30.0306   11.6629  -10.6398  -11.1725    1.1956
   -1.4289   -2.8154    2.1440   11.5716    0.0115   -8.9544
eta,q 0.97377  6.85263
  0.0294  0.0286  0.0276  0.0296  0.0294  0.0283  0.0286  0.0301  0.0277  0.0286  0.0270  0.0275
  0.0277  0.0272  0.0269  0.0278  0.0278  0.0273  0.0273  0.0280  0.0269  0.0273  0.0266  0.0268
  0.0266  0.0264  0.0264  0.0268  0.0268  0.0265  0.0265  0.0267  0.0264  0.0265  0.0263  0.0264
  0.0262  0.0262  0.0262  0.0262  0.0262  0.0262  0.0262  0.0262  0.0262  0.0262  0.0262  0.0262
  0.0266  0.0265  0.0264  0.0264  0.0263  0.0263  0.0265  0.0267  0.0264  0.0265  0.0263  0.0264
  0.0277  0.0273  0.0269  0.0274  0.0276  0.0270  0.0273  0.0280  0.0268  0.0272  0.0266  0.0268
  0.0295  0.0284  0.0277  0.0300  0.0298  0.0285  0.0286  0.0301  0.0276  0.0286  0.0270  0.0275
registration optimization eta report
parameter search radius
    2.4000    2.4000    2.4000    9.5220    9.5220    7.2000
    7.2000    7.2000    7.2000    7.2000    7.2000    7.2000
100000*second partial in parameter space
       56.       39.       24.        4.        4.        4.
        5.        7.        3.        5.        2.        2.
  0.0294  0.0286  0.0276  0.0296  0.0294  0.0283  0.0286  0.0301  0.0277  0.0286  0.0270  0.0275
  0.0277  0.0272  0.0269  0.0278  0.0278  0.0273  0.0273  0.0280  0.0269  0.0273  0.0266  0.0268
  0.0266  0.0264  0.0264  0.0268  0.0268  0.0265  0.0265  0.0267  0.0264  0.0265  0.0263  0.0264
  0.0262  0.0262  0.0262  0.0262  0.0262  0.0262  0.0262  0.0262  0.0262  0.0262  0.0262  0.0262
  0.0266  0.0265  0.0264  0.0264  0.0263  0.0263  0.0265  0.0267  0.0264  0.0265  0.0263  0.0264
  0.0277  0.0273  0.0269  0.0274  0.0276  0.0270  0.0273  0.0280  0.0268  0.0272  0.0266  0.0268
  0.0295  0.0284  0.0277  0.0300  0.0298  0.0285  0.0286  0.0301  0.0276  0.0286  0.0270  0.0275
   -2.8372   30.0306   11.6629  -10.6398  -11.1725    1.1956
   -1.4289   -2.8154    2.1440   11.5716    0.0115   -8.9544
eta,q 0.97377  6.85263

---------------------------------------------------------------------
imgreg_4dfp /opt/freesurfer/average/711-2C_as_mni_average_305 /opt/freesurfer/average/711-2B_as_mni_average_305_mask talsrcimg_g11 none talsrcimg_to_711-2C_as_mni_average_305_t4 2311
---------------------------------------------------------------------

freesurfer imgreg_4dfp.c
/opt/freesurfer/average/711-2C_as_mni_average_305.4dfp.img
       256       256       256         1
  1.000000  1.000000  1.000000
orientation T byte_order littleendian
Reading image: /opt/freesurfer/average/711-2C_as_mni_average_305.4dfp.img
dimensions:      256       256       256
mmppix:       1.0000   -1.0000   -1.0000
center:     128.0000 -129.0000 -129.0000
/opt/freesurfer/average/711-2B_as_mni_average_305_mask.4dfp.img
       256       256       256         1
  1.000000  1.000000  1.000000
orientation T byte_order littleendian
Reading mask: /opt/freesurfer/average/711-2B_as_mni_average_305_mask.4dfp.img (2306576 pixels)
talsrcimg_g11.4dfp.img
       256       256       256         1
  1.000000  1.000000  1.000000
orientation T byte_order littleendian
Reading image: talsrcimg_g11.4dfp.img
dimensions:      256       256       256
mmppix:       1.0000   -1.0000   -1.0000
center:     128.0000 -129.0000 -129.0000
fimgreg.f
image alignment mode   2311 decimal      907 hex
parameters
   -2.8372   30.0306   11.6629  -10.6398  -11.1725    1.1956
   -1.4289   -2.8154    2.1440   11.5716    0.0115   -8.9544
eta,q 0.97376  6.85263
niter,ni,del,rscale     5    3    5.0000    0.8000
parameters
   -2.8273   29.9782   11.6834   -9.7530  -10.1438    1.7966
   -1.3068   -2.8074    2.1984   11.5053    0.0689   -8.8107
eta,q 0.97394  6.94802
  0.0277  0.0272  0.0269  0.0272  0.0274  0.0273  0.0273  0.0280  0.0268  0.0272  0.0265  0.0267
  0.0269  0.0266  0.0265  0.0268  0.0269  0.0267  0.0266  0.0269  0.0264  0.0266  0.0263  0.0264
  0.0264  0.0263  0.0263  0.0264  0.0265  0.0263  0.0262  0.0263  0.0261  0.0262  0.0261  0.0262
  0.0262  0.0262  0.0262  0.0262  0.0262  0.0261  0.0261  0.0261  0.0261  0.0261  0.0261  0.0261
  0.0264  0.0264  0.0263  0.0262  0.0261  0.0261  0.0262  0.0263  0.0261  0.0262  0.0261  0.0261
  0.0269  0.0267  0.0265  0.0264  0.0263  0.0263  0.0265  0.0269  0.0264  0.0266  0.0262  0.0263
  0.0277  0.0273  0.0269  0.0267  0.0268  0.0268  0.0272  0.0279  0.0268  0.0273  0.0264  0.0266
niter,ni,del,rscale     4    3    5.0000    0.7000
parameters
   -2.7818   29.8480   11.6271   -9.4229   -9.9590    1.8899
   -1.3060   -2.7545    2.1528   11.3160    0.1768   -8.6719
eta,q 0.97398  6.96940
  0.0273  0.0268  0.0265  0.0268  0.0269  0.0268  0.0269  0.0275  0.0266  0.0269  0.0263  0.0265
  0.0266  0.0263  0.0263  0.0264  0.0265  0.0264  0.0264  0.0267  0.0263  0.0264  0.0262  0.0263
  0.0262  0.0261  0.0261  0.0262  0.0262  0.0261  0.0261  0.0262  0.0261  0.0261  0.0261  0.0261
  0.0261  0.0261  0.0260  0.0260  0.0260  0.0260  0.0260  0.0260  0.0260  0.0260  0.0260  0.0260
  0.0261  0.0262  0.0261  0.0261  0.0261  0.0261  0.0261  0.0262  0.0261  0.0262  0.0260  0.0261
  0.0265  0.0266  0.0263  0.0263  0.0263  0.0263  0.0264  0.0267  0.0263  0.0265  0.0261  0.0262
  0.0272  0.0271  0.0266  0.0266  0.0269  0.0268  0.0269  0.0274  0.0266  0.0271  0.0263  0.0265
niter,ni,del,rscale     3    3    5.0000    0.6000
parameters
   -2.7613   29.7858   11.6430   -9.3301   -9.7864    1.9540
   -1.3051   -2.7391    2.0860   11.1990    0.2935   -8.5182
eta,q 0.97400  6.98030
  0.0269  0.0266  0.0264  0.0265  0.0267  0.0266  0.0267  0.0271  0.0264  0.0267  0.0262  0.0264
  0.0264  0.0263  0.0262  0.0263  0.0264  0.0263  0.0263  0.0265  0.0262  0.0263  0.0261  0.0262
  0.0261  0.0261  0.0261  0.0261  0.0262  0.0261  0.0261  0.0261  0.0260  0.0261  0.0260  0.0261
  0.0260  0.0260  0.0260  0.0260  0.0260  0.0260  0.0260  0.0260  0.0260  0.0260  0.0260  0.0260
  0.0261  0.0261  0.0261  0.0261  0.0260  0.0260  0.0261  0.0261  0.0261  0.0261  0.0260  0.0260
  0.0264  0.0264  0.0262  0.0262  0.0263  0.0262  0.0263  0.0265  0.0262  0.0264  0.0261  0.0261
  0.0269  0.0267  0.0264  0.0265  0.0267  0.0266  0.0267  0.0271  0.0265  0.0268  0.0262  0.0263
niter,ni,del,rscale     2    3    5.0000    0.5000
parameters
   -2.7520   29.7411   11.6609   -9.2804   -9.6605    2.0092
   -1.3177   -2.7343    2.0151   11.1006    0.3975   -8.3833
eta,q 0.97401  6.98763
  0.0266  0.0264  0.0263  0.0264  0.0265  0.0264  0.0265  0.0268  0.0263  0.0265  0.0262  0.0263
  0.0263  0.0262  0.0261  0.0262  0.0263  0.0262  0.0262  0.0263  0.0261  0.0262  0.0261  0.0261
  0.0261  0.0260  0.0260  0.0260  0.0261  0.0260  0.0260  0.0261  0.0260  0.0260  0.0260  0.0260
  0.0260  0.0260  0.0260  0.0260  0.0260  0.0260  0.0260  0.0260  0.0260  0.0260  0.0260  0.0260
  0.0261  0.0261  0.0260  0.0260  0.0260  0.0260  0.0260  0.0261  0.0260  0.0261  0.0260  0.0260
  0.0263  0.0262  0.0261  0.0261  0.0262  0.0261  0.0262  0.0263  0.0261  0.0263  0.0261  0.0261
  0.0266  0.0265  0.0263  0.0263  0.0265  0.0264  0.0265  0.0267  0.0263  0.0266  0.0262  0.0262
niter,ni,del,rscale     1    3    5.0000    0.4000
parameters
   -2.7500   29.7046   11.6721   -9.2667   -9.5535    2.0453
   -1.3024   -2.7494    1.9741   11.0148    0.4924   -8.2891
eta,q 0.97402  6.99251
  0.0264  0.0263  0.0262  0.0262  0.0263  0.0262  0.0263  0.0265  0.0262  0.0263  0.0261  0.0262
  0.0262  0.0261  0.0261  0.0261  0.0262  0.0261  0.0261  0.0262  0.0261  0.0261  0.0260  0.0261
  0.0260  0.0260  0.0260  0.0260  0.0260  0.0260  0.0260  0.0260  0.0260  0.0260  0.0260  0.0260
  0.0260  0.0260  0.0260  0.0260  0.0260  0.0260  0.0260  0.0260  0.0260  0.0260  0.0260  0.0260
  0.0260  0.0260  0.0260  0.0260  0.0260  0.0260  0.0260  0.0260  0.0260  0.0260  0.0260  0.0260
  0.0262  0.0261  0.0261  0.0261  0.0261  0.0261  0.0261  0.0262  0.0261  0.0262  0.0260  0.0260
  0.0264  0.0263  0.0262  0.0262  0.0263  0.0262  0.0263  0.0265  0.0262  0.0264  0.0261  0.0261
registration optimization eta report
parameter search radius
    0.8000    0.8000    0.8000    2.4000    2.4000    2.4000
    2.4000    2.4000    2.4000    2.4000    2.4000    2.4000
100000*second partial in parameter space
       61.       50.       28.        4.        6.        4.
        5.        9.        4.        6.        2.        3.
  0.0264  0.0263  0.0262  0.0262  0.0263  0.0262  0.0263  0.0265  0.0262  0.0263  0.0261  0.0262
  0.0262  0.0261  0.0261  0.0261  0.0262  0.0261  0.0261  0.0262  0.0261  0.0261  0.0260  0.0261
  0.0260  0.0260  0.0260  0.0260  0.0260  0.0260  0.0260  0.0260  0.0260  0.0260  0.0260  0.0260
  0.0260  0.0260  0.0260  0.0260  0.0260  0.0260  0.0260  0.0260  0.0260  0.0260  0.0260  0.0260
  0.0260  0.0260  0.0260  0.0260  0.0260  0.0260  0.0260  0.0260  0.0260  0.0260  0.0260  0.0260
  0.0262  0.0261  0.0261  0.0261  0.0261  0.0261  0.0261  0.0262  0.0261  0.0262  0.0260  0.0260
  0.0264  0.0263  0.0262  0.0262  0.0263  0.0262  0.0263  0.0265  0.0262  0.0264  0.0261  0.0261
   -2.7500   29.7046   11.6721   -9.2667   -9.5535    2.0453
   -1.3024   -2.7494    1.9741   11.0148    0.4924   -8.2891
eta,q 0.97402  6.99251

---------------------------------------------------------------------
imgreg_4dfp /opt/freesurfer/average/711-2C_as_mni_average_305 /opt/freesurfer/average/711-2B_as_mni_average_305_mask talsrcimg_g11 none talsrcimg_to_711-2C_as_mni_average_305_t4 2311
---------------------------------------------------------------------

freesurfer imgreg_4dfp.c
/opt/freesurfer/average/711-2C_as_mni_average_305.4dfp.img
       256       256       256         1
  1.000000  1.000000  1.000000
orientation T byte_order littleendian
Reading image: /opt/freesurfer/average/711-2C_as_mni_average_305.4dfp.img
dimensions:      256       256       256
mmppix:       1.0000   -1.0000   -1.0000
center:     128.0000 -129.0000 -129.0000
/opt/freesurfer/average/711-2B_as_mni_average_305_mask.4dfp.img
       256       256       256         1
  1.000000  1.000000  1.000000
orientation T byte_order littleendian
Reading mask: /opt/freesurfer/average/711-2B_as_mni_average_305_mask.4dfp.img (2306576 pixels)
talsrcimg_g11.4dfp.img
       256       256       256         1
  1.000000  1.000000  1.000000
orientation T byte_order littleendian
Reading image: talsrcimg_g11.4dfp.img
dimensions:      256       256       256
mmppix:       1.0000   -1.0000   -1.0000
center:     128.0000 -129.0000 -129.0000
fimgreg.f
image alignment mode   2311 decimal      907 hex
parameters
   -2.7500   29.7046   11.6721   -9.2667   -9.5535    2.0453
   -1.3024   -2.7494    1.9741   11.0148    0.4924   -8.2891
eta,q 0.97402  6.99251
niter,ni,del,rscale     5    3    5.0000    0.8000
parameters
   -2.7640   29.7186   11.6745   -9.4286   -9.8871    1.7443
   -1.3654   -2.6869    1.9735   11.0921    0.3873   -8.4245
eta,q 0.97400  6.96409
  0.0275  0.0273  0.0267  0.0268  0.0270  0.0269  0.0272  0.0280  0.0268  0.0274  0.0264  0.0266
  0.0267  0.0265  0.0263  0.0264  0.0265  0.0264  0.0265  0.0269  0.0264  0.0266  0.0262  0.0263
  0.0261  0.0261  0.0261  0.0261  0.0261  0.0261  0.0261  0.0262  0.0261  0.0262  0.0261  0.0261
  0.0260  0.0260  0.0260  0.0260  0.0260  0.0260  0.0260  0.0260  0.0260  0.0260  0.0260  0.0260
  0.0261  0.0261  0.0261  0.0261  0.0261  0.0261  0.0261  0.0262  0.0261  0.0262  0.0260  0.0261
  0.0267  0.0265  0.0263  0.0264  0.0266  0.0265  0.0266  0.0269  0.0264  0.0266  0.0262  0.0263
  0.0276  0.0272  0.0267  0.0270  0.0274  0.0272  0.0272  0.0278  0.0268  0.0273  0.0264  0.0267
niter,ni,del,rscale     4    3    5.0000    0.7000
parameters
   -2.7581   29.7454   11.6840   -9.4177   -9.8471    1.8294
   -1.3434   -2.7014    1.9957   11.1212    0.3635   -8.4308
eta,q 0.97400  6.96920
  0.0272  0.0270  0.0265  0.0267  0.0269  0.0268  0.0269  0.0275  0.0266  0.0270  0.0263  0.0265
  0.0265  0.0264  0.0262  0.0263  0.0265  0.0264  0.0264  0.0266  0.0263  0.0265  0.0262  0.0262
  0.0261  0.0261  0.0261  0.0261  0.0262  0.0261  0.0261  0.0261  0.0261  0.0261  0.0260  0.0261
  0.0260  0.0260  0.0260  0.0260  0.0260  0.0260  0.0260  0.0260  0.0260  0.0260  0.0260  0.0260
  0.0261  0.0261  0.0261  0.0261  0.0261  0.0260  0.0261  0.0262  0.0261  0.0261  0.0260  0.0260
  0.0265  0.0264  0.0262  0.0263  0.0264  0.0263  0.0264  0.0267  0.0263  0.0265  0.0261  0.0262
  0.0272  0.0269  0.0265  0.0267  0.0269  0.0268  0.0269  0.0275  0.0266  0.0270  0.0263  0.0265
niter,ni,del,rscale     3    3    5.0000    0.6000
parameters
   -2.7556   29.7363   11.6853   -9.3458   -9.7477    1.9145
   -1.3333   -2.7107    1.9965   11.0932    0.3992   -8.3856
eta,q 0.97401  6.97844
  0.0269  0.0267  0.0264  0.0265  0.0267  0.0266  0.0267  0.0271  0.0265  0.0268  0.0262  0.0264
  0.0264  0.0263  0.0262  0.0262  0.0264  0.0263  0.0263  0.0265  0.0262  0.0263  0.0261  0.0262
  0.0261  0.0261  0.0260  0.0261  0.0261  0.0261  0.0261  0.0261  0.0260  0.0261  0.0260  0.0260
  0.0260  0.0260  0.0260  0.0260  0.0260  0.0260  0.0260  0.0260  0.0260  0.0260  0.0260  0.0260
  0.0261  0.0261  0.0260  0.0260  0.0260  0.0260  0.0261  0.0261  0.0261  0.0261  0.0260  0.0260
  0.0264  0.0263  0.0262  0.0262  0.0263  0.0262  0.0263  0.0265  0.0262  0.0264  0.0261  0.0261
  0.0269  0.0267  0.0264  0.0265  0.0267  0.0265  0.0267  0.0271  0.0265  0.0268  0.0262  0.0264
niter,ni,del,rscale     2    3    5.0000    0.5000
parameters
   -2.7510   29.7170   11.6833   -9.2877   -9.6391    1.9782
   -1.3249   -2.7249    1.9837   11.0441    0.4410   -8.3173
eta,q 0.97401  6.98648
  0.0266  0.0265  0.0263  0.0264  0.0265  0.0264  0.0265  0.0268  0.0263  0.0265  0.0262  0.0263
  0.0263  0.0262  0.0261  0.0262  0.0263  0.0262  0.0262  0.0263  0.0261  0.0262  0.0261  0.0261
  0.0261  0.0260  0.0260  0.0260  0.0261  0.0260  0.0260  0.0260  0.0260  0.0260  0.0260  0.0260
  0.0260  0.0260  0.0260  0.0260  0.0260  0.0260  0.0260  0.0260  0.0260  0.0260  0.0260  0.0260
  0.0261  0.0261  0.0260  0.0260  0.0260  0.0260  0.0260  0.0261  0.0260  0.0261  0.0260  0.0260
  0.0262  0.0262  0.0261  0.0261  0.0262  0.0261  0.0262  0.0263  0.0261  0.0263  0.0261  0.0261
  0.0266  0.0265  0.0263  0.0263  0.0265  0.0264  0.0265  0.0268  0.0263  0.0266  0.0262  0.0262
niter,ni,del,rscale     1    3    5.0000    0.4000
parameters
   -2.7466   29.6964   11.6874   -9.2537   -9.5373    2.0409
   -1.3064   -2.7374    1.9673   10.9887    0.5109   -8.2535
eta,q 0.97402  6.99316
  0.0264  0.0263  0.0262  0.0262  0.0263  0.0262  0.0263  0.0265  0.0262  0.0263  0.0261  0.0262
  0.0262  0.0261  0.0261  0.0261  0.0262  0.0261  0.0261  0.0262  0.0261  0.0261  0.0260  0.0261
  0.0260  0.0260  0.0260  0.0260  0.0260  0.0260  0.0260  0.0260  0.0260  0.0260  0.0260  0.0260
  0.0260  0.0260  0.0260  0.0260  0.0260  0.0260  0.0260  0.0260  0.0260  0.0260  0.0260  0.0260
  0.0260  0.0260  0.0260  0.0260  0.0260  0.0260  0.0260  0.0260  0.0260  0.0260  0.0260  0.0260
  0.0261  0.0261  0.0261  0.0261  0.0261  0.0261  0.0261  0.0262  0.0261  0.0262  0.0260  0.0260
  0.0264  0.0263  0.0262  0.0262  0.0263  0.0262  0.0263  0.0265  0.0262  0.0264  0.0261  0.0261
registration optimization eta report
parameter search radius
    0.8000    0.8000    0.8000    2.4000    2.4000    2.4000
    2.4000    2.4000    2.4000    2.4000    2.4000    2.4000
100000*second partial in parameter space
       61.       49.       28.        4.        6.        4.
        5.        9.        4.        6.        2.        3.
  0.0264  0.0263  0.0262  0.0262  0.0263  0.0262  0.0263  0.0265  0.0262  0.0263  0.0261  0.0262
  0.0262  0.0261  0.0261  0.0261  0.0262  0.0261  0.0261  0.0262  0.0261  0.0261  0.0260  0.0261
  0.0260  0.0260  0.0260  0.0260  0.0260  0.0260  0.0260  0.0260  0.0260  0.0260  0.0260  0.0260
  0.0260  0.0260  0.0260  0.0260  0.0260  0.0260  0.0260  0.0260  0.0260  0.0260  0.0260  0.0260
  0.0260  0.0260  0.0260  0.0260  0.0260  0.0260  0.0260  0.0260  0.0260  0.0260  0.0260  0.0260
  0.0261  0.0261  0.0261  0.0261  0.0261  0.0261  0.0261  0.0262  0.0261  0.0262  0.0260  0.0260
  0.0264  0.0263  0.0262  0.0262  0.0263  0.0262  0.0263  0.0265  0.0262  0.0264  0.0261  0.0261
   -2.7466   29.6964   11.6874   -9.2537   -9.5373    2.0409
   -1.3064   -2.7374    1.9673   10.9887    0.5109   -8.2535
eta,q 0.97402  6.99316

---------------------------------------------------------------------
compute_vox2vox talsrcimg talsrcimg_to_711-2C_as_mni_average_305_t4 /opt/freesurfer/average/711-2C_as_mni_average_305
---------------------------------------------------------------------

freesurfer compute_vox2vox.c
Reading: talsrcimg.4dfp.ifh
Reading: talsrcimg_to_711-2C_as_mni_average_305_t4
Reading: /opt/freesurfer/average/711-2C_as_mni_average_305.4dfp.ifh
Writing: talsrcimg_to_711-2C_as_mni_average_305_t4_vox2vox.txt

start time Mon Mar 9 02:35:34 CET 2026
end		time Mon Mar 9 02:36:58 CET 2026

mpr2mni305 success

avi2talxfm orig_nu.mgz /opt/freesurfer/average/mni305.cor.mgz talsrcimg_to_711-2C_as_mni_average_305_t4_vox2vox.txt transforms/talairach.auto.xfm
avi2talxfm done
mv -f /out/sourcedata/freesurfer/sub-v1s17x0050262_ses-1/mri/talsrcimg_to_711-2C_as_mni_average_305_t4_vox2vox.txt /out/sourcedata/freesurfer/sub-v1s17x0050262_ses-1/mri/transforms/talsrcimg_to_711-2C_as_mni_average_305_t4_vox2vox.txt
lta_convert --src orig_nu.mgz --trg /opt/freesurfer/average/mni305.cor.mgz --inxfm transforms/talairach.auto.xfm --outlta transforms/talairach.auto.xfm.lta --subject fsaverage
7.3.2

--src: orig_nu.mgz src image (geometry).
--trg: /opt/freesurfer/average/mni305.cor.mgz trg image (geometry).
--inmni: transforms/talairach.auto.xfm input MNI/XFM transform.
--outlta: transforms/talairach.auto.xfm.lta output LTA.
--s: fsaverage subject name
 LTA read, type : 1
 1.10142   0.02756   0.01842   0.76115;
-0.00738   0.97028   0.08842   2.35682;
-0.02306  -0.11846   1.09429  -3.74515;
 0.00000   0.00000   0.00000   1.00000;
setting subject to fsaverage
Writing  LTA to file transforms/talairach.auto.xfm.lta...
lta_convert successful.
 
 
Started at Mon Mar 9 02:35:33 CET 2026
Ended   at Mon Mar  9 02:36:58 CET 2026
talairach_avi done
