status file for recon-all
Mon Mar  9 01:21:42 CET 2026
#@# MotionCor Mon Mar  9 01:21:44 CET 2026
#@# Talairach Mon Mar  9 01:21:51 CET 2026
#@# Talairach Failure Detection Mon Mar  9 01:26:14 CET 2026
#@# Nu Intensity Correction Mon Mar  9 01:26:15 CET 2026
#@# Intensity Normalization Mon Mar  9 01:29:30 CET 2026
recon-all -s sub-v1s17x0050244_ses-1 finished without error at Mon Mar  9 01:31:09 CET 2026



#New# invocation of recon-all 



status file for recon-all
Mon Mar  9 01:38:33 CET 2026
#@# EM Registration Mon Mar  9 01:38:33 CET 2026
recon-all -s sub-v1s17x0050244_ses-1 finished without error at Mon Mar  9 01:40:01 CET 2026



#New# invocation of recon-all 



status file for recon-all
Mon Mar  9 01:40:06 CET 2026
#@# CA Normalize Mon Mar  9 01:40:06 CET 2026
#@# CA Reg Mon Mar  9 01:41:25 CET 2026
#@# SubCort Seg Mon Mar  9 02:18:24 CET 2026
#@# CC Seg Mon Mar  9 02:55:06 CET 2026
#@# Merge ASeg Mon Mar  9 02:55:46 CET 2026
#@# Intensity Normalization2 Mon Mar  9 02:55:46 CET 2026
#@# Mask BFS Mon Mar  9 02:58:11 CET 2026
#@# WM Segmentation Mon Mar  9 02:58:12 CET 2026
#@# Fill Mon Mar  9 03:00:20 CET 2026
recon-all -s sub-v1s17x0050244_ses-1 finished without error at Mon Mar  9 03:01:22 CET 2026



#New# invocation of recon-all 



status file for recon-all
Mon Mar  9 04:24:01 CET 2026
#@# white curv lh Mon Mar  9 04:24:01 CET 2026
#@# white area lh Mon Mar  9 04:24:01 CET 2026
#@# pial curv lh Mon Mar  9 04:24:01 CET 2026
#@# pial area lh Mon Mar  9 04:24:01 CET 2026
#@# thickness lh Mon Mar  9 04:24:01 CET 2026
#@# area and vertex vol lh Mon Mar  9 04:24:01 CET 2026
#@# white curv rh Mon Mar  9 04:24:01 CET 2026
#@# white area rh Mon Mar  9 04:24:01 CET 2026
#@# pial curv rh Mon Mar  9 04:24:01 CET 2026
#@# pial area rh Mon Mar  9 04:24:01 CET 2026
#@# thickness rh Mon Mar  9 04:24:01 CET 2026
#@# area and vertex vol rh Mon Mar  9 04:24:01 CET 2026
#@# Cortical ribbon mask Mon Mar  9 04:24:01 CET 2026
recon-all -s sub-v1s17x0050244_ses-1 finished without error at Mon Mar  9 04:32:37 CET 2026



#New# invocation of recon-all 



status file for recon-all
Mon Mar  9 04:40:02 CET 2026
#@# white curv lh Mon Mar  9 04:40:03 CET 2026
#@# white area lh Mon Mar  9 04:40:03 CET 2026
#@# pial curv lh Mon Mar  9 04:40:03 CET 2026
#@# pial area lh Mon Mar  9 04:40:03 CET 2026
#@# thickness lh Mon Mar  9 04:40:03 CET 2026
#@# area and vertex vol lh Mon Mar  9 04:40:03 CET 2026
#@# white curv rh Mon Mar  9 04:40:03 CET 2026
#@# white area rh Mon Mar  9 04:40:03 CET 2026
#@# pial curv rh Mon Mar  9 04:40:03 CET 2026
#@# pial area rh Mon Mar  9 04:40:03 CET 2026
#@# thickness rh Mon Mar  9 04:40:03 CET 2026
#@# area and vertex vol rh Mon Mar  9 04:40:03 CET 2026
#@# Curvature Stats lh Mon Mar  9 04:40:03 CET 2026
#@# Curvature Stats rh Mon Mar  9 04:40:05 CET 2026
#@# Relabel Hypointensities Mon Mar  9 04:40:08 CET 2026
#@# APas-to-ASeg Mon Mar  9 04:40:25 CET 2026
#@# AParc-to-ASeg aparc Mon Mar  9 04:40:33 CET 2026
#@# AParc-to-ASeg aparc.a2009s Mon Mar  9 04:41:18 CET 2026
#@# AParc-to-ASeg aparc.DKTatlas Mon Mar  9 04:42:03 CET 2026
#@# WMParc Mon Mar  9 04:42:48 CET 2026
#@# ASeg Stats Mon Mar  9 04:46:24 CET 2026
recon-all -s sub-v1s17x0050244_ses-1 finished without error at Mon Mar  9 04:46:54 CET 2026
