status file for recon-all
Mon Mar  9 03:01:26 CET 2026
#@# Tessellate lh Mon Mar  9 03:01:26 CET 2026
#@# Smooth1 lh Mon Mar  9 03:01:30 CET 2026
#@# Inflation1 lh Mon Mar  9 03:01:33 CET 2026
#@# QSphere lh Mon Mar  9 03:01:45 CET 2026
#@# Fix Topology lh Mon Mar  9 03:02:51 CET 2026
#@# Smooth2 lh Mon Mar  9 03:14:58 CET 2026
#@# Inflation2 lh Mon Mar  9 03:15:01 CET 2026
#@# Curv .H and .K lh Mon Mar  9 03:15:15 CET 2026
#@# Sphere lh Mon Mar  9 03:16:13 CET 2026
#@# Surf Reg lh Mon Mar  9 03:22:32 CET 2026
#@# Jacobian white lh Mon Mar  9 03:29:06 CET 2026
#@# AvgCurv lh Mon Mar  9 03:29:07 CET 2026
#@# Cortical Parc lh Mon Mar  9 03:29:07 CET 2026
#@# white curv lh Mon Mar  9 03:50:44 CET 2026
#@# white area lh Mon Mar  9 03:50:46 CET 2026
#@# pial curv lh Mon Mar  9 03:50:47 CET 2026
#@# pial area lh Mon Mar  9 03:50:49 CET 2026
#@# thickness lh Mon Mar  9 03:50:49 CET 2026
#@# area and vertex vol lh Mon Mar  9 03:51:26 CET 2026
#@# Curvature Stats lh Mon Mar  9 03:51:27 CET 2026
#@# Cortical Parc 2 lh Mon Mar  9 03:51:30 CET 2026
#@# Cortical Parc 3 lh Mon Mar  9 03:51:45 CET 2026
#@# WM/GM Contrast lh Mon Mar  9 03:51:57 CET 2026
recon-all -s sub-v1s17x0050244_ses-1 finished without error at Mon Mar  9 03:52:00 CET 2026



#New# invocation of recon-all 



status file for recon-all
Mon Mar  9 04:32:41 CET 2026
#@# white curv lh Mon Mar  9 04:32:41 CET 2026
#@# white area lh Mon Mar  9 04:32:41 CET 2026
#@# pial curv lh Mon Mar  9 04:32:41 CET 2026
#@# pial area lh Mon Mar  9 04:32:41 CET 2026
#@# thickness lh Mon Mar  9 04:32:41 CET 2026
#@# area and vertex vol lh Mon Mar  9 04:32:41 CET 2026
#@# Parcellation Stats lh Mon Mar  9 04:32:41 CET 2026
#@# Parcellation Stats 2 lh Mon Mar  9 04:33:07 CET 2026
#@# Parcellation Stats 3 lh Mon Mar  9 04:33:20 CET 2026
#@# BA_exvivo Labels lh Mon Mar  9 04:33:32 CET 2026
recon-all -s sub-v1s17x0050244_ses-1 finished without error at Mon Mar  9 04:36:18 CET 2026
