status file for recon-all
Mon Mar  9 00:52:11 CET 2026
#@# MotionCor Mon Mar  9 00:52:13 CET 2026
#@# Talairach Mon Mar  9 00:52:20 CET 2026
#@# Talairach Failure Detection Mon Mar  9 00:56:42 CET 2026
#@# Nu Intensity Correction Mon Mar  9 00:56:42 CET 2026
#@# Intensity Normalization Mon Mar  9 00:59:55 CET 2026
recon-all -s sub-v1s17x0050232_ses-1 finished without error at Mon Mar  9 01:01:28 CET 2026



#New# invocation of recon-all 



status file for recon-all
Mon Mar  9 01:08:55 CET 2026
#@# EM Registration Mon Mar  9 01:08:55 CET 2026
recon-all -s sub-v1s17x0050232_ses-1 finished without error at Mon Mar  9 01:10:43 CET 2026



#New# invocation of recon-all 



status file for recon-all
Mon Mar  9 01:10:48 CET 2026
#@# CA Normalize Mon Mar  9 01:10:48 CET 2026
#@# CA Reg Mon Mar  9 01:12:07 CET 2026
#@# SubCort Seg Mon Mar  9 01:53:25 CET 2026
#@# CC Seg Mon Mar  9 02:25:08 CET 2026
#@# Merge ASeg Mon Mar  9 02:25:41 CET 2026
#@# Intensity Normalization2 Mon Mar  9 02:25:41 CET 2026
#@# Mask BFS Mon Mar  9 02:28:06 CET 2026
#@# WM Segmentation Mon Mar  9 02:28:07 CET 2026
#@# Fill Mon Mar  9 02:30:09 CET 2026
recon-all -s sub-v1s17x0050232_ses-1 finished without error at Mon Mar  9 02:31:10 CET 2026



#New# invocation of recon-all 



status file for recon-all
Mon Mar  9 03:15:03 CET 2026
#@# white curv lh Mon Mar  9 03:15:03 CET 2026
#@# white area lh Mon Mar  9 03:15:03 CET 2026
#@# pial curv lh Mon Mar  9 03:15:03 CET 2026
#@# pial area lh Mon Mar  9 03:15:03 CET 2026
#@# thickness lh Mon Mar  9 03:15:03 CET 2026
#@# area and vertex vol lh Mon Mar  9 03:15:03 CET 2026
#@# white curv rh Mon Mar  9 03:15:03 CET 2026
#@# white area rh Mon Mar  9 03:15:03 CET 2026
#@# pial curv rh Mon Mar  9 03:15:03 CET 2026
#@# pial area rh Mon Mar  9 03:15:03 CET 2026
#@# thickness rh Mon Mar  9 03:15:03 CET 2026
#@# area and vertex vol rh Mon Mar  9 03:15:03 CET 2026
#@# Cortical ribbon mask Mon Mar  9 03:15:03 CET 2026
recon-all -s sub-v1s17x0050232_ses-1 finished without error at Mon Mar  9 03:23:33 CET 2026



#New# invocation of recon-all 



status file for recon-all
Mon Mar  9 03:30:16 CET 2026
#@# white curv lh Mon Mar  9 03:30:16 CET 2026
#@# white area lh Mon Mar  9 03:30:16 CET 2026
#@# pial curv lh Mon Mar  9 03:30:16 CET 2026
#@# pial area lh Mon Mar  9 03:30:16 CET 2026
#@# thickness lh Mon Mar  9 03:30:16 CET 2026
#@# area and vertex vol lh Mon Mar  9 03:30:16 CET 2026
#@# white curv rh Mon Mar  9 03:30:16 CET 2026
#@# white area rh Mon Mar  9 03:30:16 CET 2026
#@# pial curv rh Mon Mar  9 03:30:17 CET 2026
#@# pial area rh Mon Mar  9 03:30:17 CET 2026
#@# thickness rh Mon Mar  9 03:30:17 CET 2026
#@# area and vertex vol rh Mon Mar  9 03:30:17 CET 2026
#@# Curvature Stats lh Mon Mar  9 03:30:17 CET 2026
#@# Curvature Stats rh Mon Mar  9 03:30:19 CET 2026
#@# Relabel Hypointensities Mon Mar  9 03:30:21 CET 2026
#@# APas-to-ASeg Mon Mar  9 03:30:37 CET 2026
#@# AParc-to-ASeg aparc Mon Mar  9 03:30:44 CET 2026
#@# AParc-to-ASeg aparc.a2009s Mon Mar  9 03:31:20 CET 2026
#@# AParc-to-ASeg aparc.DKTatlas Mon Mar  9 03:31:55 CET 2026
#@# WMParc Mon Mar  9 03:32:31 CET 2026
#@# ASeg Stats Mon Mar  9 03:36:06 CET 2026
recon-all -s sub-v1s17x0050232_ses-1 finished without error at Mon Mar  9 03:36:38 CET 2026
