/out/sourcedata/freesurfer/sub-v1s17x0050244_ses-1/mri
/opt/freesurfer/bin/talairach_avi
--i orig_nu.mgz --xfm transforms/talairach.auto.xfm
talairach_avi 7.3.2
Linux dna018 5.14.0-427.37.1.el9_4.x86_64 #1 SMP PREEMPT_DYNAMIC Fri Sep 13 12:41:50 EDT 2024 x86_64 x86_64 x86_64 GNU/Linux
Mon Mar  9 01:24:47 CET 2026
mri_convert orig_nu.mgz talsrcimg.img 
reading from orig_nu.mgz...
TR=0.00, TE=0.00, TI=0.00, flip angle=0.00
i_ras = (-1, 5.52973e-10, 9.31323e-10)
j_ras = (0, 0, -1)
k_ras = (1.3024e-09, 1, 0)
writing to talsrcimg.img...
Analyze Output Matrix
-1.00000   0.00000   0.00000   129.48000;
 0.00000   0.00000   1.00000  -130.10696;
 0.00000  -1.00000   0.00000   118.99402;
 0.00000   0.00000   0.00000   1.00000;
--------------------
INFO: set hdr.hist.orient to -1
mpr2mni305 talsrcimg
Mon Mar  9 01:24:48 CET 2026
/opt/freesurfer/bin/mpr2mni305 talsrcimg
mpr2mni305 7.3.2
target=711-2C_as_mni_average_305

---------------------------------------------------------------------
analyzeto4dfp talsrcimg -O0 -y
---------------------------------------------------------------------

freesurfer ifh2hdr.c
Mon Mar  9 01:24:48 2026
Writing: talsrcimg.4dfp.hdr
freesurfer analyzeto4dfp.c
Reading: talsrcimg.hdr
header size 348 bytes
hdr.dime.datatype	offset=70	value=2
hdr.dime.bitpix		offset=72	value=8
hdr.hist.orient		offset=252	value=-1
dimensionality     4
dimensions       256       256       256         1
Reading: talsrcimg.img
Writing: talsrcimg.4dfp.img
Writing: talsrcimg.4dfp.ifh
ifh2hdr talsrcimg -r0to255
ori=2

---------------------------------------------------------------------
gauss_4dfp talsrcimg 1.1
---------------------------------------------------------------------

freesurfer gauss_4dfp.c
Reading: talsrcimg.4dfp.img
Writing: talsrcimg_g11.4dfp.img
image dimensions 256 256 256 padded to 288 288 288
processing volume 1freesurfer ifh2hdr.c
Mon Mar  9 01:24:50 2026
Writing: talsrcimg_g11.4dfp.hdr

Writing: talsrcimg_g11.4dfp.ifh
including: talsrcimg.4dfp.img.rec in talsrcimg_g11.4dfp.img.rec

---------------------------------------------------------------------
imgreg_4dfp /opt/freesurfer/average/711-2C_as_mni_average_305 none talsrcimg_g11 none talsrcimg_to_711-2C_as_mni_average_305_t4 4355
---------------------------------------------------------------------

freesurfer imgreg_4dfp.c
/opt/freesurfer/average/711-2C_as_mni_average_305.4dfp.img
       256       256       256         1
  1.000000  1.000000  1.000000
orientation T byte_order littleendian
Reading image: /opt/freesurfer/average/711-2C_as_mni_average_305.4dfp.img
dimensions:      256       256       256
mmppix:       1.0000   -1.0000   -1.0000
center:     128.0000 -129.0000 -129.0000
talsrcimg_g11.4dfp.img
       256       256       256         1
  1.000000  1.000000  1.000000
orientation T byte_order littleendian
Reading image: talsrcimg_g11.4dfp.img
dimensions:      256       256       256
mmppix:       1.0000   -1.0000   -1.0000
center:     128.0000 -129.0000 -129.0000
t4_read: open error in t4_sub.f l:  41 t4_file(1:l)talsrcimg_to_711-2C_as_mni_average_305_t4 
t4_read: transform initialized to I4
rotation matrix determinant  1.000000
image alignment mode   4355 decimal     1103 hex
   -7.5000  -45.0000  -45.0000 9018.2041    9.3357
    0.0000  -45.0000  -45.0000 9399.0830    9.3513
    7.5000  -45.0000  -45.0000 8957.2275    9.3557
   -7.5000  -37.5000  -45.0000 9593.0234    9.2272
    0.0000  -37.5000  -45.000010001.9395    9.2386
    7.5000  -37.5000  -45.0000 9531.0322    9.2404
   -7.5000  -30.0000  -45.000010542.8711    9.1731
    0.0000  -30.0000  -45.000010988.1797    9.1847
    7.5000  -30.0000  -45.000010491.6768    9.1834
   -7.5000  -22.5000  -45.000011504.5547    9.1678
    0.0000  -22.5000  -45.000011988.2920    9.1841
    7.5000  -22.5000  -45.000011443.9658    9.1816
   -7.5000  -15.0000  -45.000012342.9854    9.1583
    0.0000  -15.0000  -45.000012860.0322    9.1791
    7.5000  -15.0000  -45.000012282.5762    9.1780
   -7.5000   -7.5000  -45.000013078.6777    9.1507
    0.0000   -7.5000  -45.000013630.6738    9.1708
    7.5000   -7.5000  -45.000013023.4170    9.1734
   -7.5000    0.0000  -45.000013696.3613    9.1514
    0.0000    0.0000  -45.000014262.9600    9.1667
    7.5000    0.0000  -45.000013648.6514    9.1710
   -7.5000    7.5000  -45.000013212.8516    9.1601
    0.0000    7.5000  -45.000013767.8584    9.1714
    7.5000    7.5000  -45.000013165.7529    9.1734
   -7.5000   15.0000  -45.000012670.8184    9.1686
    0.0000   15.0000  -45.000013186.4766    9.1803
    7.5000   15.0000  -45.000012624.6338    9.1790
   -7.5000   22.5000  -45.000012003.4805    9.1662
    0.0000   22.5000  -45.000012481.0898    9.1825
    7.5000   22.5000  -45.000011974.6416    9.1800
   -7.5000   30.0000  -45.000011246.6914    9.0364
    0.0000   30.0000  -45.000011694.1143    9.0569
    7.5000   30.0000  -45.000011222.3828    9.0558
   -7.5000   37.5000  -45.000010812.5244    9.0466
    0.0000   37.5000  -45.000011232.1562    9.0665
    7.5000   37.5000  -45.000010783.7168    9.0691
   -7.5000   45.0000  -45.0000 9985.7148    8.8710
    0.0000   45.0000  -45.000010355.9482    8.8858
    7.5000   45.0000  -45.0000 9936.8311    8.8900
   -7.5000  -45.0000  -37.5000 9396.1641    9.3137
    0.0000  -45.0000  -37.5000 9783.3018    9.3281
    7.5000  -45.0000  -37.5000 9349.8262    9.3294
   -7.5000  -37.5000  -37.5000 9989.4268    9.2058
    0.0000  -37.5000  -37.500010410.1787    9.2164
    7.5000  -37.5000  -37.5000 9952.1348    9.2154
   -7.5000  -30.0000  -37.500010984.1963    9.1503
    0.0000  -30.0000  -37.500011438.4863    9.1608
    7.5000  -30.0000  -37.500010946.8818    9.1569
   -7.5000  -22.5000  -37.500011995.3242    9.1441
    0.0000  -22.5000  -37.500012487.7295    9.1583
    7.5000  -22.5000  -37.500011940.8545    9.1531
   -7.5000  -15.0000  -37.500012909.0986    9.1347
    0.0000  -15.0000  -37.500013431.1406    9.1530
    7.5000  -15.0000  -37.500012851.2236    9.1490
   -7.5000   -7.5000  -37.500013680.2646    9.1281
    0.0000   -7.5000  -37.500014237.9580    9.1463
    7.5000   -7.5000  -37.500013635.5898    9.1457
   -7.5000    0.0000  -37.500014290.8359    9.1300
    0.0000    0.0000  -37.500014875.1855    9.1442
    7.5000    0.0000  -37.500014262.7998    9.1456
   -7.5000    7.5000  -37.500013783.0400    9.1387
    0.0000    7.5000  -37.500014346.7441    9.1493
    7.5000    7.5000  -37.500013739.4766    9.1487
   -7.5000   15.0000  -37.500013210.8652    9.1459
    0.0000   15.0000  -37.500013736.9688    9.1564
    7.5000   15.0000  -37.500013179.2529    9.1525
   -7.5000   22.5000  -37.500012537.1914    9.1425
    0.0000   22.5000  -37.500013030.7334    9.1567
    7.5000   22.5000  -37.500012523.5645    9.1515
   -7.5000   30.0000  -37.500011755.9443    9.0131
    0.0000   30.0000  -37.500012198.3174    9.0312
    7.5000   30.0000  -37.500011722.5205    9.0272
   -7.5000   37.5000  -37.500011284.5977    9.0247
    0.0000   37.5000  -37.500011700.3740    9.0426
    7.5000   37.5000  -37.500011255.2227    9.0421
   -7.5000   45.0000  -37.500010385.6191    8.8505
    0.0000   45.0000  -37.500010757.6777    8.8642
    7.5000   45.0000  -37.500010352.3828    8.8653
   -7.5000  -45.0000  -30.0000 9928.1436    9.6939
    0.0000  -45.0000  -30.000010336.5869    9.7091
    7.5000  -45.0000  -30.0000 9885.0635    9.7101
   -7.5000  -37.5000  -30.000010548.1299    9.5843
    0.0000  -37.5000  -30.000010971.3242    9.5968
    7.5000  -37.5000  -30.000010511.5879    9.5967
   -7.5000  -30.0000  -30.000011613.3691    9.5255
    0.0000  -30.0000  -30.000012066.9072    9.5375
    7.5000  -30.0000  -30.000011567.3877    9.5353
   -7.5000  -22.5000  -30.000012706.3535    9.5153
    0.0000  -22.5000  -30.000013202.8643    9.5297
    7.5000  -22.5000  -30.000012650.4199    9.5257
   -7.5000  -15.0000  -30.000013709.1436    9.5033
    0.0000  -15.0000  -30.000014259.2930    9.5208
    7.5000  -15.0000  -30.000013656.0957    9.5167
   -7.5000   -7.5000  -30.000014575.3027    9.4977
    0.0000   -7.5000  -30.000015189.9121    9.5152
    7.5000   -7.5000  -30.000014530.7334    9.5139
   -7.5000    0.0000  -30.000015194.1074    9.5030
    0.0000    0.0000  -30.000015824.6357    9.5179
    7.5000    0.0000  -30.000015152.4326    9.5190
   -7.5000    7.5000  -30.000014627.0381    9.5145
    0.0000    7.5000  -30.000015228.5479    9.5270
    7.5000    7.5000  -30.000014591.7402    9.5272
   -7.5000   15.0000  -30.000014016.6055    9.5209
    0.0000   15.0000  -30.000014574.4053    9.5329
    7.5000   15.0000  -30.000013973.9619    9.5307
   -7.5000   22.5000  -30.000013312.5576    9.5126
    0.0000   22.5000  -30.000013834.3125    9.5271
    7.5000   22.5000  -30.000013259.8623    9.5231
   -7.5000   30.0000  -30.000012487.1025    9.3777
    0.0000   30.0000  -30.000012959.1270    9.3950
    7.5000   30.0000  -30.000012425.2793    9.3910
   -7.5000   37.5000  -30.000011997.6064    9.3912
    0.0000   37.5000  -30.000012436.1553    9.4085
    7.5000   37.5000  -30.000011938.1953    9.4073
   -7.5000   45.0000  -30.000011025.7969    9.2194
    0.0000   45.0000  -30.000011427.5664    9.2337
    7.5000   45.0000  -30.000010976.4570    9.2344
   -7.5000  -45.0000  -22.500010434.2812   10.0151
    0.0000  -45.0000  -22.500010846.9639   10.0321
    7.5000  -45.0000  -22.500010371.3496   10.0357
   -7.5000  -37.5000  -22.500011099.6621    9.9049
    0.0000  -37.5000  -22.500011530.2002    9.9200
    7.5000  -37.5000  -22.500011044.9150    9.9235
   -7.5000  -30.0000  -22.500012219.5234    9.8445
    0.0000  -30.0000  -22.500012701.0020    9.8590
    7.5000  -30.0000  -22.500012160.8770    9.8611
   -7.5000  -22.5000  -22.500013380.8477    9.8309
    0.0000  -22.5000  -22.500013932.6387    9.8470
    7.5000  -22.5000  -22.500013316.2754    9.8471
   -7.5000  -15.0000  -22.500014475.5117    9.8160
    0.0000  -15.0000  -22.500015099.3730    9.8342
    7.5000  -15.0000  -22.500014388.3896    9.8331
   -7.5000   -7.5000  -22.500015499.4541    9.8106
    0.0000   -7.5000  -22.500016204.2422    9.8288
    7.5000   -7.5000  -22.500015388.2148    9.8296
   -7.5000    0.0000  -22.500016218.7754    9.8183
    0.0000    0.0000  -22.500016931.5312    9.8350
    7.5000    0.0000  -22.500016060.4014    9.8385
   -7.5000    7.5000  -22.500015557.8096    9.8329
    0.0000    7.5000  -22.500016224.8496    9.8480
    7.5000    7.5000  -22.500015410.0781    9.8517
   -7.5000   15.0000  -22.500014862.9795    9.8398
    0.0000   15.0000  -22.500015466.4365    9.8543
    7.5000   15.0000  -22.500014720.3867    9.8563
   -7.5000   22.5000  -22.500014096.9639    9.8275
    0.0000   22.5000  -22.500014655.6309    9.8436
    7.5000   22.5000  -22.500013946.3418    9.8437
   -7.5000   30.0000  -22.500013248.8877    9.6879
    0.0000   30.0000  -22.500013755.6113    9.7058
    7.5000   30.0000  -22.500013087.7129    9.7048
   -7.5000   37.5000  -22.500012734.7578    9.7019
    0.0000   37.5000  -22.500013233.1895    9.7199
    7.5000   37.5000  -22.500012604.4414    9.7207
   -7.5000   45.0000  -22.500011693.4229    9.5327
    0.0000   45.0000  -22.500012146.6660    9.5485
    7.5000   45.0000  -22.500011607.4111    9.5516
   -7.5000  -45.0000  -15.000010917.8193   10.2515
    0.0000  -45.0000  -15.000011340.5205   10.2704
    7.5000  -45.0000  -15.000010866.1475   10.2769
   -7.5000  -37.5000  -15.000011655.6055   10.1387
    0.0000  -37.5000  -15.000012110.0479   10.1554
    7.5000  -37.5000  -15.000011593.3066   10.1618
   -7.5000  -30.0000  -15.000012841.5605   10.0784
    0.0000  -30.0000  -15.000013356.5049   10.0946
    7.5000  -30.0000  -15.000012742.8096   10.0997
   -7.5000  -22.5000  -15.000014057.4355   10.0655
    0.0000  -22.5000  -15.000014658.5430   10.0837
    7.5000  -22.5000  -15.000013953.1260   10.0867
   -7.5000  -15.0000  -15.000015241.5713   10.0503
    0.0000  -15.0000  -15.000015919.1885   10.0706
    7.5000  -15.0000  -15.000015079.7031   10.0725
   -7.5000   -7.5000  -15.000016405.2129   10.0438
    0.0000   -7.5000  -15.000017194.6289   10.0641
    7.5000   -7.5000  -15.000016154.6602   10.0676
   -7.5000    0.0000  -15.000017318.6113   10.0504
    0.0000    0.0000  -15.000018188.3711   10.0689
    7.5000    0.0000  -15.000016963.9902   10.0751
   -7.5000    7.5000  -15.000016620.6172   10.0653
    0.0000    7.5000  -15.000017439.5352   10.0819
    7.5000    7.5000  -15.000016289.7129   10.0884
   -7.5000   15.0000  -15.000015749.8320   10.0736
    0.0000   15.0000  -15.000016479.6035   10.0898
    7.5000   15.0000  -15.000015477.5830   10.0948
   -7.5000   22.5000  -15.000014845.8848   10.0616
    0.0000   22.5000  -15.000015483.3389   10.0797
    7.5000   22.5000  -15.000014609.8252   10.0828
   -7.5000   30.0000  -15.000013912.3369    9.9204
    0.0000   30.0000  -15.000014509.3887    9.9405
    7.5000   30.0000  -15.000013739.8965    9.9423
   -7.5000   37.5000  -15.000013363.3281    9.9334
    0.0000   37.5000  -15.000013930.9062    9.9535
    7.5000   37.5000  -15.000013265.9209    9.9570
   -7.5000   45.0000  -15.000012304.9043    9.7636
    0.0000   45.0000  -15.000012805.3809    9.7812
    7.5000   45.0000  -15.000012208.4141    9.7871
   -7.5000  -45.0000   -7.500011419.9561   10.3815
    0.0000  -45.0000   -7.500011869.9844   10.4000
    7.5000  -45.0000   -7.500011321.9531   10.4067
   -7.5000  -37.5000   -7.500012221.3750   10.2644
    0.0000  -37.5000   -7.500012721.8291   10.2794
    7.5000  -37.5000   -7.500012097.5332   10.2847
   -7.5000  -30.0000   -7.500013484.6416   10.2050
    0.0000  -30.0000   -7.500014045.3018   10.2202
    7.5000  -30.0000   -7.500013322.2656   10.2231
   -7.5000  -22.5000   -7.500014780.1260   10.1963
    0.0000  -22.5000   -7.500015417.6406   10.2153
    7.5000  -22.5000   -7.500014606.1611   10.2166
   -7.5000  -15.0000   -7.500015970.7744   10.1831
    0.0000  -15.0000   -7.500016677.4980   10.2057
    7.5000  -15.0000   -7.500015785.7471   10.2071
   -7.5000   -7.5000   -7.500017088.8301   10.1748
    0.0000   -7.5000   -7.500017835.5020   10.1967
    7.5000   -7.5000   -7.500016831.4082   10.2008
   -7.5000    0.0000   -7.500018052.0820   10.1776
    0.0000    0.0000   -7.500018965.5391   10.1957
    7.5000    0.0000   -7.500017707.9219   10.2022
   -7.5000    7.5000   -7.500017445.2363   10.1901
    0.0000    7.5000   -7.500018409.9766   10.2050
    7.5000    7.5000   -7.500017144.1602   10.2104
   -7.5000   15.0000   -7.500016549.3574   10.2001
    0.0000   15.0000   -7.500017454.6270   10.2153
    7.5000   15.0000   -7.500016331.9297   10.2182
   -7.5000   22.5000   -7.500015554.9346   10.1912
    0.0000   22.5000   -7.500016336.7852   10.2102
    7.5000   22.5000   -7.500015376.8008   10.2115
   -7.5000   30.0000   -7.500014529.8643   10.0512
    0.0000   30.0000   -7.500015216.5420   10.0735
    7.5000   30.0000   -7.500014422.4736   10.0749
   -7.5000   37.5000   -7.500013984.9902   10.0624
    0.0000   37.5000   -7.500014612.7578   10.0841
    7.5000   37.5000   -7.500013921.3525   10.0883
   -7.5000   45.0000   -7.500012901.0166    9.8885
    0.0000   45.0000   -7.500013454.9053    9.9059
    7.5000   45.0000   -7.500012846.0420    9.9120
   -7.5000  -45.0000    0.000011791.2881   10.4162
    0.0000  -45.0000    0.000012276.5176   10.4330
    7.5000  -45.0000    0.000011653.5088   10.4372
   -7.5000  -37.5000    0.000012653.1914   10.2958
    0.0000  -37.5000    0.000013181.5166   10.3080
    7.5000  -37.5000    0.000012494.2861   10.3095
   -7.5000  -30.0000    0.000013961.6631   10.2358
    0.0000  -30.0000    0.000014546.3018   10.2485
    7.5000  -30.0000    0.000013803.1201   10.2466
   -7.5000  -22.5000    0.000015290.5303   10.2300
    0.0000  -22.5000    0.000015957.0352   10.2478
    7.5000  -22.5000    0.000015137.8125   10.2445
   -7.5000  -15.0000    0.000016450.4844   10.2192
    0.0000  -15.0000    0.000017197.5469   10.2417
    7.5000  -15.0000    0.000016334.4150   10.2400
   -7.5000   -7.5000    0.000017488.8320   10.2105
    0.0000   -7.5000    0.000018237.6855   10.2322
    7.5000   -7.5000    0.000017409.6250   10.2344
   -7.5000    0.0000    0.000018479.8281   10.2112
    0.0000    0.0000    0.000019369.3418   10.2276
    7.5000    0.0000    0.000018352.2969   10.2318
   -7.5000    7.5000    0.000017989.0273   10.2211
    0.0000    7.5000    0.000018988.6309   10.2333
    7.5000    7.5000    0.000017852.4199   10.2350
   -7.5000   15.0000    0.000017169.7754   10.2309
    0.0000   15.0000    0.000018115.1934   10.2436
    7.5000   15.0000    0.000017059.6582   10.2417
   -7.5000   22.5000    0.000016179.4346   10.2249
    0.0000   22.5000    0.000017005.6660   10.2427
    7.5000   22.5000    0.000016094.7725   10.2394
   -7.5000   30.0000    0.000015135.6895   10.0871
    0.0000   30.0000    0.000015859.0732   10.1093
    7.5000   30.0000    0.000015061.4434   10.1076
   -7.5000   37.5000    0.000014576.0625   10.0982
    0.0000   37.5000    0.000015280.5518   10.1197
    7.5000   37.5000    0.000014530.4961   10.1219
   -7.5000   45.0000    0.000013451.1211    9.9215
    0.0000   45.0000    0.000014084.5713    9.9374
    7.5000   45.0000    0.000013396.4141    9.9414
   -7.5000  -45.0000    7.500011168.1475   10.4218
    0.0000  -45.0000    7.500011664.9873   10.4379
    7.5000  -45.0000    7.500011064.3555   10.4394
   -7.5000  -37.5000    7.500011977.5889   10.3010
    0.0000  -37.5000    7.500012500.5654   10.3129
    7.5000  -37.5000    7.500011874.2441   10.3119
   -7.5000  -30.0000    7.500013245.8936   10.2389
    0.0000  -30.0000    7.500013831.0771   10.2507
    7.5000  -30.0000    7.500013150.5508   10.2464
   -7.5000  -22.5000    7.500014490.3574   10.2319
    0.0000  -22.5000    7.500015179.1787   10.2479
    7.5000  -22.5000    7.500014396.0713   10.2420
   -7.5000  -15.0000    7.500015631.9834   10.2214
    0.0000  -15.0000    7.500016372.6436   10.2419
    7.5000  -15.0000    7.500015547.6318   10.2374
   -7.5000   -7.5000    7.500016718.8887   10.2141
    0.0000   -7.5000    7.500017464.9199   10.2344
    7.5000   -7.5000    7.500016656.3633   10.2338
   -7.5000    0.0000    7.500017720.1895   10.2163
    0.0000    0.0000    7.500018677.2910   10.2321
    7.5000    0.0000    7.500017615.4082   10.2338
   -7.5000    7.5000    7.500017266.1602   10.2260
    0.0000    7.5000    7.500018275.7285   10.2379
    7.5000    7.5000    7.500017141.6211   10.2372
   -7.5000   15.0000    7.500016395.0156   10.2340
    0.0000   15.0000    7.500017228.6270   10.2457
    7.5000   15.0000    7.500016301.6631   10.2415
   -7.5000   22.5000    7.500015424.7393   10.2268
    0.0000   22.5000    7.500016136.8574   10.2428
    7.5000   22.5000    7.500015365.9023   10.2369
   -7.5000   30.0000    7.500014472.7773   10.0893
    0.0000   30.0000    7.500015134.5098   10.1095
    7.5000   30.0000    7.500014403.4297   10.1051
   -7.5000   37.5000    7.500014012.1553   10.1023
    0.0000   37.5000    7.500014658.7480   10.1224
    7.5000   37.5000    7.500013922.3301   10.1218
   -7.5000   45.0000    7.500012936.7422    9.9268
    0.0000   45.0000    7.500013528.9619    9.9422
    7.5000   45.0000    7.500012850.4180    9.9435
   -7.5000  -45.0000   15.000010448.1270   10.5217
    0.0000  -45.0000   15.000010951.1172   10.5390
    7.5000  -45.0000   15.000010406.0615   10.5406
   -7.5000  -37.5000   15.000011216.4307   10.4019
    0.0000  -37.5000   15.000011747.0254   10.4162
    7.5000  -37.5000   15.000011178.8730   10.4163
   -7.5000  -30.0000   15.000012413.9131   10.3376
    0.0000  -30.0000   15.000012987.3467   10.3512
    7.5000  -30.0000   15.000012381.5400   10.3491
   -7.5000  -22.5000   15.000013611.7314   10.3261
    0.0000  -22.5000   15.000014261.5801   10.3424
    7.5000  -22.5000   15.000013564.5342   10.3385
   -7.5000  -15.0000   15.000014743.0996   10.3126
    0.0000  -15.0000   15.000015443.5547   10.3322
    7.5000  -15.0000   15.000014673.8320   10.3283
   -7.5000   -7.5000   15.000015813.9854   10.3063
    0.0000   -7.5000   15.000016563.7637   10.3260
    7.5000   -7.5000   15.000015741.5107   10.3251
   -7.5000    0.0000   15.000016786.1621   10.3123
    0.0000    0.0000   15.000017707.5430   10.3293
    7.5000    0.0000   15.000016681.0098   10.3309
   -7.5000    7.5000   15.000016311.3164   10.3254
    0.0000    7.5000   15.000017174.3594   10.3396
    7.5000    7.5000   15.000016242.1279   10.3401
   -7.5000   15.0000   15.000015471.9033   10.3325
    0.0000   15.0000   15.000016182.8281   10.3462
    7.5000   15.0000   15.000015420.5713   10.3441
   -7.5000   22.5000   15.000014581.1387   10.3209
    0.0000   22.5000   15.000015229.3096   10.3372
    7.5000   22.5000   15.000014519.0000   10.3333
   -7.5000   30.0000   15.000013695.6143   10.1793
    0.0000   30.0000   15.000014343.3408   10.1987
    7.5000   30.0000   15.000013625.7930   10.1949
   -7.5000   37.5000   15.000013254.8262   10.1940
    0.0000   37.5000   15.000013876.4277   10.2135
    7.5000   37.5000   15.000013162.4111   10.2127
   -7.5000   45.0000   15.000012221.7070   10.0216
    0.0000   45.0000   15.000012784.1006   10.0379
    7.5000   45.0000   15.000012139.2998   10.0391
   -7.5000  -45.0000   22.5000 9687.5342   10.6449
    0.0000  -45.0000   22.500010146.6396   10.6641
    7.5000  -45.0000   22.5000 9673.6094   10.6682
   -7.5000  -37.5000   22.500010427.0898   10.5262
    0.0000  -37.5000   22.500010911.3652   10.5432
    7.5000  -37.5000   22.500010411.9795   10.5470
   -7.5000  -30.0000   22.500011542.4609   10.4618
    0.0000  -30.0000   22.500012076.9609   10.4780
    7.5000  -30.0000   22.500011534.4434   10.4804
   -7.5000  -22.5000   22.500012657.4658   10.4470
    0.0000  -22.5000   22.500013245.4844   10.4650
    7.5000  -22.5000   22.500012623.1582   10.4655
   -7.5000  -15.0000   22.500013713.8916   10.4298
    0.0000  -15.0000   22.500014315.4385   10.4501
    7.5000  -15.0000   22.500013658.0088   10.4495
   -7.5000   -7.5000   22.500014734.2217   10.4227
    0.0000   -7.5000   22.500015390.2012   10.4432
    7.5000   -7.5000   22.500014679.3779   10.4444
   -7.5000    0.0000   22.500015635.0137   10.4309
    0.0000    0.0000   22.500016422.1328   10.4497
    7.5000    0.0000   22.500015579.7422   10.4537
   -7.5000    7.5000   22.500015202.9111   10.4479
    0.0000    7.5000   22.500015927.7354   10.4649
    7.5000    7.5000   22.500015160.7881   10.4690
   -7.5000   15.0000   22.500014513.3398   10.4566
    0.0000   15.0000   22.500015141.7354   10.4729
    7.5000   15.0000   22.500014462.9414   10.4753
   -7.5000   22.5000   22.500013701.4355   10.4418
    0.0000   22.5000   22.500014322.5293   10.4597
    7.5000   22.5000   22.500013644.5781   10.4603
   -7.5000   30.0000   22.500012847.8975   10.2951
    0.0000   30.0000   22.500013452.4180   10.3151
    7.5000   30.0000   22.500012760.8643   10.3145
   -7.5000   37.5000   22.500012389.0537   10.3091
    0.0000   37.5000   22.500012965.3232   10.3294
    7.5000   37.5000   22.500012299.1768   10.3307
   -7.5000   45.0000   22.500011411.9062   10.1381
    0.0000   45.0000   22.500011936.4971   10.1561
    7.5000   45.0000   22.500011352.0674   10.1596
   -7.5000  -45.0000   30.0000 8952.2539   10.8820
    0.0000  -45.0000   30.0000 9362.2588   10.9036
    7.5000  -45.0000   30.0000 8937.6514   10.9114
   -7.5000  -37.5000   30.0000 9635.1729   10.7562
    0.0000  -37.5000   30.000010079.9805   10.7755
    7.5000  -37.5000   30.0000 9628.2422   10.7836
   -7.5000  -30.0000   30.000010653.1855   10.6902
    0.0000  -30.0000   30.000011143.6504   10.7090
    7.5000  -30.0000   30.000010647.9258   10.7158
   -7.5000  -22.5000   30.000011667.8125   10.6771
    0.0000  -22.5000   30.000012186.4014   10.6980
    7.5000  -22.5000   30.000011657.2383   10.7023
   -7.5000  -15.0000   30.000012631.0010   10.6607
    0.0000  -15.0000   30.000013166.1191   10.6839
    7.5000  -15.0000   30.000012615.9033   10.6863
   -7.5000   -7.5000   30.000013596.7559   10.6527
    0.0000   -7.5000   30.000014190.9482   10.6757
    7.5000   -7.5000   30.000013575.0957   10.6798
   -7.5000    0.0000   30.000014436.5762   10.6586
    0.0000    0.0000   30.000015113.3955   10.6797
    7.5000    0.0000   30.000014413.7510   10.6872
   -7.5000    7.5000   30.000014036.0703   10.6747
    0.0000    7.5000   30.000014639.6484   10.6939
    7.5000    7.5000   30.000014007.2998   10.7021
   -7.5000   15.0000   30.000013469.4092   10.6848
    0.0000   15.0000   30.000014033.6035   10.7036
    7.5000   15.0000   30.000013425.9863   10.7104
   -7.5000   22.5000   30.000012739.7910   10.6717
    0.0000   22.5000   30.000013280.5713   10.6927
    7.5000   22.5000   30.000012686.3320   10.6969
   -7.5000   30.0000   30.000011926.9697   10.5229
    0.0000   30.0000   30.000012435.7314   10.5459
    7.5000   30.0000   30.000011850.7021   10.5482
   -7.5000   37.5000   30.000011480.6670   10.5365
    0.0000   37.5000   30.000011996.8447   10.5594
    7.5000   37.5000   30.000011412.1504   10.5635
   -7.5000   45.0000   30.000010589.3848   10.3608
    0.0000   45.0000   30.000011066.4199   10.3809
    7.5000   45.0000   30.000010521.3223   10.3880
   -7.5000  -45.0000   37.5000 8565.3809   11.2513
    0.0000  -45.0000   37.5000 8937.9639   11.2756
    7.5000  -45.0000   37.5000 8552.7803   11.2845
   -7.5000  -37.5000   37.5000 9233.3428   11.1112
    0.0000  -37.5000   37.5000 9644.8223   11.1320
    7.5000  -37.5000   37.5000 9220.5459   11.1401
   -7.5000  -30.0000   37.500010200.9473   11.0407
    0.0000  -30.0000   37.500010651.1230   11.0616
    7.5000  -30.0000   37.500010191.9004   11.0672
   -7.5000  -22.5000   37.500011170.5986   11.0323
    0.0000  -22.5000   37.500011657.4326   11.0570
    7.5000  -22.5000   37.500011161.4814   11.0601
   -7.5000  -15.0000   37.500012120.2344   11.0196
    0.0000  -15.0000   37.500012633.7246   11.0477
    7.5000  -15.0000   37.500012113.5400   11.0501
   -7.5000   -7.5000   37.500013054.7852   11.0109
    0.0000   -7.5000   37.500013626.7725   11.0383
    7.5000   -7.5000   37.500013047.9561   11.0436
   -7.5000    0.0000   37.500013839.0254   11.0126
    0.0000    0.0000   37.500014436.7490   11.0363
    7.5000    0.0000   37.500013806.8057   11.0449
   -7.5000    7.5000   37.500013441.4551   11.0244
    0.0000    7.5000   37.500014007.8320   11.0450
    7.5000    7.5000   37.500013402.4355   11.0531
   -7.5000   15.0000   37.500012917.1338   11.0350
    0.0000   15.0000   37.500013454.7412   11.0558
    7.5000   15.0000   37.500012878.1377   11.0614
   -7.5000   22.5000   37.500012245.6377   11.0268
    0.0000   22.5000   37.500012760.1592   11.0515
    7.5000   22.5000   37.500012200.3330   11.0546
   -7.5000   30.0000   37.500011443.7529   10.8770
    0.0000   30.0000   37.500011926.3311   10.9047
    7.5000   30.0000   37.500011398.2852   10.9071
   -7.5000   37.5000   37.500011022.6387   10.8882
    0.0000   37.5000   37.500011485.9658   10.9154
    7.5000   37.5000   37.500010960.2500   10.9207
   -7.5000   45.0000   37.500010190.6602   10.6936
    0.0000   45.0000   37.500010615.9199   10.7164
    7.5000   45.0000   37.500010115.8574   10.7246
   -7.5000  -45.0000   45.0000 7850.9097   11.6773
    0.0000  -45.0000   45.0000 8212.6133   11.7054
    7.5000  -45.0000   45.0000 7847.9541   11.7133
   -7.5000  -37.5000   45.0000 8452.2617   11.5227
    0.0000  -37.5000   45.0000 8840.0498   11.5461
    7.5000  -37.5000   45.0000 8439.6211   11.5520
   -7.5000  -30.0000   45.0000 9352.3047   11.4441
    0.0000  -30.0000   45.0000 9747.4395   11.4677
    7.5000  -30.0000   45.0000 9345.5430   11.4697
   -7.5000  -22.5000   45.000010249.0752   11.4360
    0.0000  -22.5000   45.000010683.2559   11.4643
    7.5000  -22.5000   45.000010245.2451   11.4634
   -7.5000  -15.0000   45.000011129.2871   11.4243
    0.0000  -15.0000   45.000011625.6387   11.4572
    7.5000  -15.0000   45.000011132.6172   11.4566
   -7.5000   -7.5000   45.000011982.8223   11.4166
    0.0000   -7.5000   45.000012537.1611   11.4489
    7.5000   -7.5000   45.000012001.3438   11.4529
   -7.5000    0.0000   45.000012676.6973   11.4186
    0.0000    0.0000   45.000013249.7461   11.4459
    7.5000    0.0000   45.000012678.8076   11.4536
   -7.5000    7.5000   45.000012325.7441   11.4286
    0.0000    7.5000   45.000012864.6035   11.4517
    7.5000    7.5000   45.000012305.7744   11.4578
   -7.5000   15.0000   45.000011874.1846   11.4379
    0.0000   15.0000   45.000012382.2666   11.4614
    7.5000   15.0000   45.000011838.2705   11.4635
   -7.5000   22.5000   45.000011268.2637   11.4302
    0.0000   22.5000   45.000011755.5938   11.4585
    7.5000   22.5000   45.000011228.4141   11.4576
   -7.5000   30.0000   45.000010515.8467   11.2755
    0.0000   30.0000   45.000010972.5596   11.3080
    7.5000   30.0000   45.000010488.5762   11.3073
   -7.5000   37.5000   45.000010121.1650   11.2750
    0.0000   37.5000   45.000010559.8008   11.3070
    7.5000   37.5000   45.000010074.3047   11.3109
   -7.5000   45.0000   45.0000 9350.9805   11.0667
    0.0000   45.0000   45.0000 9768.8867   11.0931
    7.5000   45.0000   45.0000 9315.8975   11.1005

---------------------------------------------------------------------
imgreg_4dfp /opt/freesurfer/average/711-2C_as_mni_average_305 /opt/freesurfer/average/711-2B_as_mni_average_305_mask talsrcimg_g11 none talsrcimg_to_711-2C_as_mni_average_305_t4 4355
---------------------------------------------------------------------

freesurfer imgreg_4dfp.c
/opt/freesurfer/average/711-2C_as_mni_average_305.4dfp.img
       256       256       256         1
  1.000000  1.000000  1.000000
orientation T byte_order littleendian
Reading image: /opt/freesurfer/average/711-2C_as_mni_average_305.4dfp.img
dimensions:      256       256       256
mmppix:       1.0000   -1.0000   -1.0000
center:     128.0000 -129.0000 -129.0000
/opt/freesurfer/average/711-2B_as_mni_average_305_mask.4dfp.img
       256       256       256         1
  1.000000  1.000000  1.000000
orientation T byte_order littleendian
Reading mask: /opt/freesurfer/average/711-2B_as_mni_average_305_mask.4dfp.img (2306576 pixels)
talsrcimg_g11.4dfp.img
       256       256       256         1
  1.000000  1.000000  1.000000
orientation T byte_order littleendian
Reading image: talsrcimg_g11.4dfp.img
dimensions:      256       256       256
mmppix:       1.0000   -1.0000   -1.0000
center:     128.0000 -129.0000 -129.0000
rotation matrix determinant  1.000000
image alignment mode   4355 decimal     1103 hex
   -7.5000  -45.0000  -45.0000 2425.2578   10.4971
    0.0000  -45.0000  -45.0000 2431.8936   10.4431
    7.5000  -45.0000  -45.0000 2411.3174   10.5914
   -7.5000  -37.5000  -45.0000 2503.4104    9.7296
    0.0000  -37.5000  -45.0000 2514.7639    9.6529
    7.5000  -37.5000  -45.0000 2488.6987    9.8061
   -7.5000  -30.0000  -45.0000 2553.8855    9.1947
    0.0000  -30.0000  -45.0000 2565.7976    9.1190
    7.5000  -30.0000  -45.0000 2542.3301    9.2775
   -7.5000  -22.5000  -45.0000 2593.4641    8.7972
    0.0000  -22.5000  -45.0000 2607.9792    8.7242
    7.5000  -22.5000  -45.0000 2580.3984    8.8749
   -7.5000  -15.0000  -45.0000 2607.4104    8.5471
    0.0000  -15.0000  -45.0000 2625.8574    8.4617
    7.5000  -15.0000  -45.0000 2600.4990    8.6138
   -7.5000   -7.5000  -45.0000 2628.3201    8.3665
    0.0000   -7.5000  -45.0000 2646.5647    8.2786
    7.5000   -7.5000  -45.0000 2618.1404    8.4417
   -7.5000    0.0000  -45.0000 2636.3120    8.3266
    0.0000    0.0000  -45.0000 2654.3396    8.2386
    7.5000    0.0000  -45.0000 2623.5486    8.4079
   -7.5000    7.5000  -45.0000 2630.3774    8.4175
    0.0000    7.5000  -45.0000 2647.8359    8.3373
    7.5000    7.5000  -45.0000 2618.6299    8.5102
   -7.5000   15.0000  -45.0000 2598.5127    8.6835
    0.0000   15.0000  -45.0000 2617.2295    8.5825
    7.5000   15.0000  -45.0000 2589.8252    8.7401
   -7.5000   22.5000  -45.0000 2544.7075    9.0201
    0.0000   22.5000  -45.0000 2563.4985    8.9139
    7.5000   22.5000  -45.0000 2537.8186    9.0685
   -7.5000   30.0000  -45.0000 2476.7974    9.4959
    0.0000   30.0000  -45.0000 2493.9561    9.3975
    7.5000   30.0000  -45.0000 2469.4231    9.5507
   -7.5000   37.5000  -45.0000 2391.3044   10.1726
    0.0000   37.5000  -45.0000 2404.2483   10.0832
    7.5000   37.5000  -45.0000 2384.6113   10.2484
   -7.5000   45.0000  -45.0000 2293.5615   11.0921
    0.0000   45.0000  -45.0000 2303.5427   10.9809
    7.5000   45.0000  -45.0000 2288.5703   11.1477
   -7.5000  -45.0000  -37.5000 2479.6526   10.0660
    0.0000  -45.0000  -37.5000 2490.9402    9.9916
    7.5000  -45.0000  -37.5000 2469.3279   10.1501
   -7.5000  -37.5000  -37.5000 2566.4849    9.2764
    0.0000  -37.5000  -37.5000 2580.2693    9.2030
    7.5000  -37.5000  -37.5000 2554.8828    9.3533
   -7.5000  -30.0000  -37.5000 2623.9915    8.7293
    0.0000  -30.0000  -37.5000 2639.7163    8.6465
    7.5000  -30.0000  -37.5000 2615.5388    8.8052
   -7.5000  -22.5000  -37.5000 2664.8730    8.3298
    0.0000  -22.5000  -37.5000 2679.3091    8.2573
    7.5000  -22.5000  -37.5000 2651.9690    8.4180
   -7.5000  -15.0000  -37.5000 2683.8977    8.0742
    0.0000  -15.0000  -37.5000 2699.7080    7.9881
    7.5000  -15.0000  -37.5000 2676.1804    8.1427
   -7.5000   -7.5000  -37.5000 2699.7734    7.9029
    0.0000   -7.5000  -37.5000 2721.2102    7.8133
    7.5000   -7.5000  -37.5000 2693.5232    7.9754
   -7.5000    0.0000  -37.5000 2714.2742    7.8309
    0.0000    0.0000  -37.5000 2738.5815    7.7391
    7.5000    0.0000  -37.5000 2706.7490    7.9140
   -7.5000    7.5000  -37.5000 2713.2168    7.8932
    0.0000    7.5000  -37.5000 2735.7451    7.8085
    7.5000    7.5000  -37.5000 2702.7085    7.9767
   -7.5000   15.0000  -37.5000 2686.9250    8.1156
    0.0000   15.0000  -37.5000 2706.5032    8.0093
    7.5000   15.0000  -37.5000 2679.5461    8.1639
   -7.5000   22.5000  -37.5000 2632.9397    8.4101
    0.0000   22.5000  -37.5000 2656.0969    8.2979
    7.5000   22.5000  -37.5000 2630.4382    8.4533
   -7.5000   30.0000  -37.5000 2565.9470    8.8550
    0.0000   30.0000  -37.5000 2587.8254    8.7503
    7.5000   30.0000  -37.5000 2561.2878    8.9046
   -7.5000   37.5000  -37.5000 2475.8628    9.4793
    0.0000   37.5000  -37.5000 2493.3909    9.3889
    7.5000   37.5000  -37.5000 2473.3982    9.5564
   -7.5000   45.0000  -37.5000 2371.2090   10.3226
    0.0000   45.0000  -37.5000 2383.4258   10.2292
    7.5000   45.0000  -37.5000 2366.9846   10.3977
   -7.5000  -45.0000  -30.0000 2568.5000   10.0408
    0.0000  -45.0000  -30.0000 2583.6719    9.9387
    7.5000  -45.0000  -30.0000 2558.5312   10.1268
   -7.5000  -37.5000  -30.0000 2658.5317    9.2215
    0.0000  -37.5000  -30.0000 2674.1025    9.1254
    7.5000  -37.5000  -30.0000 2648.4036    9.2934
   -7.5000  -30.0000  -30.0000 2731.1597    8.6188
    0.0000  -30.0000  -30.0000 2745.9595    8.5215
    7.5000  -30.0000  -30.0000 2720.2600    8.6735
   -7.5000  -22.5000  -30.0000 2774.7012    8.2183
    0.0000  -22.5000  -30.0000 2787.8965    8.1283
    7.5000  -22.5000  -30.0000 2763.3447    8.2764
   -7.5000  -15.0000  -30.0000 2802.6375    7.9337
    0.0000  -15.0000  -30.0000 2818.8625    7.8419
    7.5000  -15.0000  -30.0000 2795.3181    7.9878
   -7.5000   -7.5000  -30.0000 2819.2576    7.7770
    0.0000   -7.5000  -30.0000 2842.6824    7.6795
    7.5000   -7.5000  -30.0000 2815.4529    7.8223
   -7.5000    0.0000  -30.0000 2833.5972    7.6868
    0.0000    0.0000  -30.0000 2861.3750    7.5827
    7.5000    0.0000  -30.0000 2827.7214    7.7572
   -7.5000    7.5000  -30.0000 2837.1975    7.7254
    0.0000    7.5000  -30.0000 2863.4856    7.6253
    7.5000    7.5000  -30.0000 2825.2317    7.8067
   -7.5000   15.0000  -30.0000 2815.7405    7.9059
    0.0000   15.0000  -30.0000 2840.1541    7.7932
    7.5000   15.0000  -30.0000 2807.0806    7.9640
   -7.5000   22.5000  -30.0000 2766.5652    8.1659
    0.0000   22.5000  -30.0000 2792.7644    8.0512
    7.5000   22.5000  -30.0000 2761.8252    8.2092
   -7.5000   30.0000  -30.0000 2695.6199    8.5871
    0.0000   30.0000  -30.0000 2722.3557    8.4724
    7.5000   30.0000  -30.0000 2690.8647    8.6252
   -7.5000   37.5000  -30.0000 2604.5298    9.1903
    0.0000   37.5000  -30.0000 2625.7163    9.0884
    7.5000   37.5000  -30.0000 2598.2354    9.2546
   -7.5000   45.0000  -30.0000 2494.7917   10.0200
    0.0000   45.0000  -30.0000 2511.5652    9.9157
    7.5000   45.0000  -30.0000 2486.9480   10.0925
   -7.5000  -45.0000  -22.5000 2610.8396    9.9937
    0.0000  -45.0000  -22.5000 2623.9053    9.8844
    7.5000  -45.0000  -22.5000 2600.5159   10.0683
   -7.5000  -37.5000  -22.5000 2706.0874    9.1569
    0.0000  -37.5000  -22.5000 2717.0806    9.0573
    7.5000  -37.5000  -22.5000 2695.0664    9.2117
   -7.5000  -30.0000  -22.5000 2783.9050    8.4991
    0.0000  -30.0000  -22.5000 2794.5571    8.4084
    7.5000  -30.0000  -22.5000 2775.3921    8.5385
   -7.5000  -22.5000  -22.5000 2835.2339    8.0654
    0.0000  -22.5000  -22.5000 2849.4551    7.9872
    7.5000  -22.5000  -22.5000 2827.7913    8.1033
   -7.5000  -15.0000  -22.5000 2871.5933    7.7701
    0.0000  -15.0000  -22.5000 2887.8333    7.7019
    7.5000  -15.0000  -22.5000 2865.1301    7.8037
   -7.5000   -7.5000  -22.5000 2892.8328    7.6353
    0.0000   -7.5000  -22.5000 2914.2412    7.5674
    7.5000   -7.5000  -22.5000 2890.4526    7.6553
   -7.5000    0.0000  -22.5000 2911.5505    7.5629
    0.0000    0.0000  -22.5000 2936.7947    7.4830
    7.5000    0.0000  -22.5000 2905.9355    7.5843
   -7.5000    7.5000  -22.5000 2920.4868    7.5558
    0.0000    7.5000  -22.5000 2945.3901    7.4747
    7.5000    7.5000  -22.5000 2904.9231    7.5999
   -7.5000   15.0000  -22.5000 2899.2366    7.6858
    0.0000   15.0000  -22.5000 2924.8303    7.5915
    7.5000   15.0000  -22.5000 2888.0037    7.7117
   -7.5000   22.5000  -22.5000 2858.0686    7.9140
    0.0000   22.5000  -22.5000 2884.1802    7.8150
    7.5000   22.5000  -22.5000 2848.8357    7.9301
   -7.5000   30.0000  -22.5000 2788.6025    8.3061
    0.0000   30.0000  -22.5000 2816.7646    8.2053
    7.5000   30.0000  -22.5000 2780.3184    8.3233
   -7.5000   37.5000  -22.5000 2697.9834    8.9057
    0.0000   37.5000  -22.5000 2721.4170    8.8192
    7.5000   37.5000  -22.5000 2690.4067    8.9383
   -7.5000   45.0000  -22.5000 2584.3301    9.7335
    0.0000   45.0000  -22.5000 2605.3533    9.6361
    7.5000   45.0000  -22.5000 2579.0908    9.7690
   -7.5000  -45.0000  -15.0000 2610.0759   10.0002
    0.0000  -45.0000  -15.0000 2623.8423    9.8685
    7.5000  -45.0000  -15.0000 2604.9534   10.0569
   -7.5000  -37.5000  -15.0000 2709.2224    9.1123
    0.0000  -37.5000  -15.0000 2719.5364    9.0182
    7.5000  -37.5000  -15.0000 2704.1558    9.1748
   -7.5000  -30.0000  -15.0000 2787.4250    8.4354
    0.0000  -30.0000  -15.0000 2799.1472    8.3557
    7.5000  -30.0000  -15.0000 2782.7761    8.4690
   -7.5000  -22.5000  -15.0000 2847.0413    7.9705
    0.0000  -22.5000  -15.0000 2860.4941    7.9089
    7.5000  -22.5000  -15.0000 2845.8755    7.9888
   -7.5000  -15.0000  -15.0000 2893.2800    7.6572
    0.0000  -15.0000  -15.0000 2909.1306    7.6070
    7.5000  -15.0000  -15.0000 2886.8040    7.6726
   -7.5000   -7.5000  -15.0000 2924.8352    7.5055
    0.0000   -7.5000  -15.0000 2941.1616    7.4756
    7.5000   -7.5000  -15.0000 2917.1785    7.5049
   -7.5000    0.0000  -15.0000 2952.0017    7.4762
    0.0000    0.0000  -15.0000 2972.4465    7.4391
    7.5000    0.0000  -15.0000 2943.9280    7.4286
   -7.5000    7.5000  -15.0000 2963.3340    7.4556
    0.0000    7.5000  -15.0000 2990.3994    7.4097
    7.5000    7.5000  -15.0000 2952.1355    7.4178
   -7.5000   15.0000  -15.0000 2950.2888    7.4859
    0.0000   15.0000  -15.0000 2981.3696    7.4240
    7.5000   15.0000  -15.0000 2936.3330    7.4846
   -7.5000   22.5000  -15.0000 2912.4783    7.6869
    0.0000   22.5000  -15.0000 2940.9780    7.6175
    7.5000   22.5000  -15.0000 2899.8235    7.6945
   -7.5000   30.0000  -15.0000 2845.0964    8.0605
    0.0000   30.0000  -15.0000 2872.1414    7.9859
    7.5000   30.0000  -15.0000 2834.3401    8.0793
   -7.5000   37.5000  -15.0000 2750.8599    8.6431
    0.0000   37.5000  -15.0000 2773.5491    8.5667
    7.5000   37.5000  -15.0000 2744.5798    8.6727
   -7.5000   45.0000  -15.0000 2635.8420    9.4521
    0.0000   45.0000  -15.0000 2656.4399    9.3638
    7.5000   45.0000  -15.0000 2630.2988    9.4877
   -7.5000  -45.0000   -7.5000 2588.1501   10.0867
    0.0000  -45.0000   -7.5000 2600.6338    9.9867
    7.5000  -45.0000   -7.5000 2582.5181   10.1297
   -7.5000  -37.5000   -7.5000 2686.4272    9.1712
    0.0000  -37.5000   -7.5000 2698.3979    9.1020
    7.5000  -37.5000   -7.5000 2680.6663    9.2192
   -7.5000  -30.0000   -7.5000 2760.6223    8.4830
    0.0000  -30.0000   -7.5000 2770.9753    8.4301
    7.5000  -30.0000   -7.5000 2757.4702    8.4978
   -7.5000  -22.5000   -7.5000 2832.9351    7.9552
    0.0000  -22.5000   -7.5000 2844.7661    7.9213
    7.5000  -22.5000   -7.5000 2828.9766    7.9675
   -7.5000  -15.0000   -7.5000 2886.7075    7.5936
    0.0000  -15.0000   -7.5000 2899.6511    7.5636
    7.5000  -15.0000   -7.5000 2878.4824    7.6057
   -7.5000   -7.5000   -7.5000 2935.3257    7.3575
    0.0000   -7.5000   -7.5000 2948.5073    7.3385
    7.5000   -7.5000   -7.5000 2921.1992    7.3740
   -7.5000    0.0000   -7.5000 2965.5249    7.3215
    0.0000    0.0000   -7.5000 2984.1946    7.2939
    7.5000    0.0000   -7.5000 2950.2935    7.3036
   -7.5000    7.5000   -7.5000 2980.5125    7.3430
    0.0000    7.5000   -7.5000 3009.0337    7.3273
    7.5000    7.5000   -7.5000 2970.2354    7.2982
   -7.5000   15.0000   -7.5000 2974.2170    7.3732
    0.0000   15.0000   -7.5000 3010.6069    7.3320
    7.5000   15.0000   -7.5000 2963.9141    7.3644
   -7.5000   22.5000   -7.5000 2938.5281    7.5455
    0.0000   22.5000   -7.5000 2969.0901    7.4950
    7.5000   22.5000   -7.5000 2925.0845    7.5659
   -7.5000   30.0000   -7.5000 2873.5632    7.8768
    0.0000   30.0000   -7.5000 2896.0159    7.8233
    7.5000   30.0000   -7.5000 2863.4751    7.9123
   -7.5000   37.5000   -7.5000 2779.5283    8.4305
    0.0000   37.5000   -7.5000 2800.6719    8.3544
    7.5000   37.5000   -7.5000 2774.6770    8.4661
   -7.5000   45.0000   -7.5000 2666.3940    9.2073
    0.0000   45.0000   -7.5000 2686.9211    9.1112
    7.5000   45.0000   -7.5000 2663.7390    9.2441
   -7.5000  -45.0000    0.0000 2541.9556   10.3721
    0.0000  -45.0000    0.0000 2548.6357   10.2818
    7.5000  -45.0000    0.0000 2533.3369   10.3926
   -7.5000  -37.5000    0.0000 2644.9441    9.4061
    0.0000  -37.5000    0.0000 2650.9409    9.3401
    7.5000  -37.5000    0.0000 2634.3774    9.4124
   -7.5000  -30.0000    0.0000 2727.1777    8.6413
    0.0000  -30.0000    0.0000 2730.7949    8.5984
    7.5000  -30.0000    0.0000 2721.6550    8.6615
   -7.5000  -22.5000    0.0000 2810.0237    8.0351
    0.0000  -22.5000    0.0000 2818.0085    8.0039
    7.5000  -22.5000    0.0000 2805.6228    8.0614
   -7.5000  -15.0000    0.0000 2872.1836    7.6049
    0.0000  -15.0000    0.0000 2887.6619    7.5765
    7.5000  -15.0000    0.0000 2867.5642    7.6321
   -7.5000   -7.5000    0.0000 2930.9082    7.3118
    0.0000   -7.5000    0.0000 2948.1902    7.2750
    7.5000   -7.5000    0.0000 2924.7756    7.3496
   -7.5000    0.0000    0.0000 2971.9077    7.2135
    0.0000    0.0000    0.0000 2994.8943    7.1849
    7.5000    0.0000    0.0000 2962.1255    7.2460
   -7.5000    7.5000    0.0000 2988.6401    7.2517
    0.0000    7.5000    0.0000 3018.9443    7.2354
    7.5000    7.5000    0.0000 2982.1660    7.2567
   -7.5000   15.0000    0.0000 2975.9231    7.3408
    0.0000   15.0000    0.0000 3014.7786    7.2896
    7.5000   15.0000    0.0000 2970.3230    7.3519
   -7.5000   22.5000    0.0000 2939.9946    7.5324
    0.0000   22.5000    0.0000 2973.4851    7.4760
    7.5000   22.5000    0.0000 2934.9783    7.5554
   -7.5000   30.0000    0.0000 2876.5562    7.8738
    0.0000   30.0000    0.0000 2902.1404    7.8134
    7.5000   30.0000    0.0000 2870.6318    7.9139
   -7.5000   37.5000    0.0000 2786.6758    8.4126
    0.0000   37.5000    0.0000 2808.5500    8.3382
    7.5000   37.5000    0.0000 2783.1704    8.4649
   -7.5000   45.0000    0.0000 2673.6577    9.1580
    0.0000   45.0000    0.0000 2691.9871    9.0704
    7.5000   45.0000    0.0000 2670.4683    9.2083
   -7.5000  -45.0000    7.5000 2492.7297   10.7223
    0.0000  -45.0000    7.5000 2499.8779   10.6350
    7.5000  -45.0000    7.5000 2483.3325   10.7256
   -7.5000  -37.5000    7.5000 2597.2539    9.6947
    0.0000  -37.5000    7.5000 2601.1089    9.6218
    7.5000  -37.5000    7.5000 2589.6743    9.6953
   -7.5000  -30.0000    7.5000 2689.9558    8.8701
    0.0000  -30.0000    7.5000 2693.2788    8.8106
    7.5000  -30.0000    7.5000 2687.4170    8.8938
   -7.5000  -22.5000    7.5000 2776.1663    8.2011
    0.0000  -22.5000    7.5000 2787.2683    8.1646
    7.5000  -22.5000    7.5000 2774.3540    8.2385
   -7.5000  -15.0000    7.5000 2854.2915    7.7149
    0.0000  -15.0000    7.5000 2869.5173    7.6704
    7.5000  -15.0000    7.5000 2847.9841    7.7478
   -7.5000   -7.5000    7.5000 2923.6741    7.3971
    0.0000   -7.5000    7.5000 2938.3096    7.3453
    7.5000   -7.5000    7.5000 2915.0320    7.4366
   -7.5000    0.0000    7.5000 2967.1648    7.2494
    0.0000    0.0000    7.5000 2991.0334    7.2085
    7.5000    0.0000    7.5000 2963.9338    7.2794
   -7.5000    7.5000    7.5000 2983.1636    7.2749
    0.0000    7.5000    7.5000 3016.7476    7.2456
    7.5000    7.5000    7.5000 2984.5601    7.2828
   -7.5000   15.0000    7.5000 2970.2852    7.3404
    0.0000   15.0000    7.5000 3004.4873    7.2951
    7.5000   15.0000    7.5000 2964.2810    7.3674
   -7.5000   22.5000    7.5000 2931.8733    7.5424
    0.0000   22.5000    7.5000 2961.5071    7.4515
    7.5000   22.5000    7.5000 2928.0222    7.5774
   -7.5000   30.0000    7.5000 2866.1113    7.9395
    0.0000   30.0000    7.5000 2894.9563    7.8332
    7.5000   30.0000    7.5000 2863.5942    7.9738
   -7.5000   37.5000    7.5000 2775.4453    8.5078
    0.0000   37.5000    7.5000 2800.3137    8.4355
    7.5000   37.5000    7.5000 2771.3181    8.5613
   -7.5000   45.0000    7.5000 2662.5095    9.2670
    0.0000   45.0000    7.5000 2680.5195    9.1853
    7.5000   45.0000    7.5000 2661.1106    9.3076
   -7.5000  -45.0000   15.0000 2442.3296   11.1266
    0.0000  -45.0000   15.0000 2452.1733   11.0516
    7.5000  -45.0000   15.0000 2439.5286   11.1545
   -7.5000  -37.5000   15.0000 2547.8608   10.0274
    0.0000  -37.5000   15.0000 2555.1699    9.9635
    7.5000  -37.5000   15.0000 2546.7581   10.0639
   -7.5000  -30.0000   15.0000 2640.1653    9.1472
    0.0000  -30.0000   15.0000 2648.6499    9.0853
    7.5000  -30.0000   15.0000 2642.2185    9.1909
   -7.5000  -22.5000   15.0000 2732.6431    8.4469
    0.0000  -22.5000   15.0000 2745.4021    8.3792
    7.5000  -22.5000   15.0000 2730.5791    8.4905
   -7.5000  -15.0000   15.0000 2823.7422    7.9071
    0.0000  -15.0000   15.0000 2838.9248    7.8406
    7.5000  -15.0000   15.0000 2817.1699    7.9448
   -7.5000   -7.5000   15.0000 2897.2202    7.5718
    0.0000   -7.5000   15.0000 2915.0647    7.5173
    7.5000   -7.5000   15.0000 2887.7378    7.6189
   -7.5000    0.0000   15.0000 2945.4495    7.4060
    0.0000    0.0000   15.0000 2972.0051    7.3584
    7.5000    0.0000   15.0000 2938.0601    7.4376
   -7.5000    7.5000   15.0000 2960.8665    7.4003
    0.0000    7.5000   15.0000 2995.7004    7.3602
    7.5000    7.5000   15.0000 2961.4636    7.4245
   -7.5000   15.0000   15.0000 2940.7927    7.4380
    0.0000   15.0000   15.0000 2975.2507    7.3537
    7.5000   15.0000   15.0000 2938.1172    7.4879
   -7.5000   22.5000   15.0000 2905.6887    7.6660
    0.0000   22.5000   15.0000 2934.4800    7.5551
    7.5000   22.5000   15.0000 2901.7244    7.7059
   -7.5000   30.0000   15.0000 2844.1667    8.0790
    0.0000   30.0000   15.0000 2874.3169    7.9840
    7.5000   30.0000   15.0000 2840.8342    8.1091
   -7.5000   37.5000   15.0000 2747.8206    8.6822
    0.0000   37.5000   15.0000 2773.9302    8.6097
    7.5000   37.5000   15.0000 2745.9917    8.7288
   -7.5000   45.0000   15.0000 2630.6619    9.4702
    0.0000   45.0000   15.0000 2650.6807    9.3903
    7.5000   45.0000   15.0000 2631.8252    9.5011
   -7.5000  -45.0000   22.5000 2391.7134   11.5835
    0.0000  -45.0000   22.5000 2402.9683   11.5089
    7.5000  -45.0000   22.5000 2389.8918   11.6569
   -7.5000  -37.5000   22.5000 2497.7000   10.4265
    0.0000  -37.5000   22.5000 2506.6160   10.3392
    7.5000  -37.5000   22.5000 2497.0916   10.4932
   -7.5000  -30.0000   22.5000 2591.1558    9.4970
    0.0000  -30.0000   22.5000 2600.5049    9.4223
    7.5000  -30.0000   22.5000 2590.2488    9.5614
   -7.5000  -22.5000   22.5000 2686.3613    8.7514
    0.0000  -22.5000   22.5000 2697.7529    8.6695
    7.5000  -22.5000   22.5000 2680.4663    8.8078
   -7.5000  -15.0000   22.5000 2780.2427    8.1821
    0.0000  -15.0000   22.5000 2794.8909    8.0982
    7.5000  -15.0000   22.5000 2772.9690    8.2290
   -7.5000   -7.5000   22.5000 2857.4036    7.8342
    0.0000   -7.5000   22.5000 2872.4998    7.7572
    7.5000   -7.5000   22.5000 2845.9834    7.8852
   -7.5000    0.0000   22.5000 2905.1968    7.6807
    0.0000    0.0000   22.5000 2927.2144    7.6101
    7.5000    0.0000   22.5000 2897.2356    7.7205
   -7.5000    7.5000   22.5000 2922.4150    7.6433
    0.0000    7.5000   22.5000 2958.8889    7.5679
    7.5000    7.5000   22.5000 2922.2478    7.6860
   -7.5000   15.0000   22.5000 2904.1980    7.7014
    0.0000   15.0000   22.5000 2936.7329    7.5879
    7.5000   15.0000   22.5000 2899.9519    7.7587
   -7.5000   22.5000   22.5000 2866.3298    7.9440
    0.0000   22.5000   22.5000 2895.4634    7.8541
    7.5000   22.5000   22.5000 2865.6553    7.9895
   -7.5000   30.0000   22.5000 2805.8718    8.3635
    0.0000   30.0000   22.5000 2830.8425    8.2761
    7.5000   30.0000   22.5000 2800.0054    8.3869
   -7.5000   37.5000   22.5000 2714.9695    8.9623
    0.0000   37.5000   22.5000 2734.9443    8.8784
    7.5000   37.5000   22.5000 2708.2437    8.9918
   -7.5000   45.0000   22.5000 2591.0300    9.7523
    0.0000   45.0000   22.5000 2606.7849    9.6673
    7.5000   45.0000   22.5000 2590.2258    9.7853
   -7.5000  -45.0000   30.0000 2336.6216   12.1557
    0.0000  -45.0000   30.0000 2348.2781   12.0536
    7.5000  -45.0000   30.0000 2329.3374   12.2398
   -7.5000  -37.5000   30.0000 2442.8281   10.9308
    0.0000  -37.5000   30.0000 2457.7795   10.8325
    7.5000  -37.5000   30.0000 2441.5601   11.0206
   -7.5000  -30.0000   30.0000 2533.5256    9.9538
    0.0000  -30.0000   30.0000 2548.5103    9.8586
    7.5000  -30.0000   30.0000 2533.3738   10.0416
   -7.5000  -22.5000   30.0000 2626.5627    9.1731
    0.0000  -22.5000   30.0000 2641.7937    9.0804
    7.5000  -22.5000   30.0000 2623.3904    9.2352
   -7.5000  -15.0000   30.0000 2718.8914    8.5812
    0.0000  -15.0000   30.0000 2732.2698    8.4964
    7.5000  -15.0000   30.0000 2710.2810    8.6467
   -7.5000   -7.5000   30.0000 2796.4836    8.2197
    0.0000   -7.5000   30.0000 2810.3699    8.1399
    7.5000   -7.5000   30.0000 2788.9075    8.2740
   -7.5000    0.0000   30.0000 2842.2275    8.0688
    0.0000    0.0000   30.0000 2862.9407    7.9886
    7.5000    0.0000   30.0000 2837.7922    8.1109
   -7.5000    7.5000   30.0000 2859.9260    8.0104
    0.0000    7.5000   30.0000 2885.2341    7.9023
    7.5000    7.5000   30.0000 2859.3518    8.0629
   -7.5000   15.0000   30.0000 2843.3682    8.1026
    0.0000   15.0000   30.0000 2867.8362    7.9900
    7.5000   15.0000   30.0000 2842.2246    8.1581
   -7.5000   22.5000   30.0000 2806.9333    8.3567
    0.0000   22.5000   30.0000 2831.9482    8.2643
    7.5000   22.5000   30.0000 2807.5210    8.3954
   -7.5000   30.0000   30.0000 2749.4165    8.7515
    0.0000   30.0000   30.0000 2769.5806    8.6648
    7.5000   30.0000   30.0000 2742.8352    8.7841
   -7.5000   37.5000   30.0000 2663.2629    9.3552
    0.0000   37.5000   30.0000 2683.1934    9.2517
    7.5000   37.5000   30.0000 2658.2871    9.3737
   -7.5000   45.0000   30.0000 2543.5745   10.1223
    0.0000   45.0000   30.0000 2560.4614   10.0308
    7.5000   45.0000   30.0000 2540.6890   10.1544
   -7.5000  -45.0000   37.5000 2269.4946   12.8831
    0.0000  -45.0000   37.5000 2277.1746   12.7375
    7.5000  -45.0000   37.5000 2259.9502   12.9835
   -7.5000  -37.5000   37.5000 2378.5024   11.5777
    0.0000  -37.5000   37.5000 2392.1428   11.4563
    7.5000  -37.5000   37.5000 2374.7463   11.6824
   -7.5000  -30.0000   37.5000 2470.3774   10.5619
    0.0000  -30.0000   37.5000 2483.7947   10.4410
    7.5000  -30.0000   37.5000 2469.1677   10.6504
   -7.5000  -22.5000   37.5000 2563.4092    9.7368
    0.0000  -22.5000   37.5000 2581.0403    9.6259
    7.5000  -22.5000   37.5000 2561.9006    9.8100
   -7.5000  -15.0000   37.5000 2651.4419    9.1292
    0.0000  -15.0000   37.5000 2668.0212    9.0205
    7.5000  -15.0000   37.5000 2647.6150    9.1946
   -7.5000   -7.5000   37.5000 2727.2512    8.7213
    0.0000   -7.5000   37.5000 2744.7671    8.6371
    7.5000   -7.5000   37.5000 2723.5500    8.7877
   -7.5000    0.0000   37.5000 2768.0486    8.5567
    0.0000    0.0000   37.5000 2787.8428    8.4580
    7.5000    0.0000   37.5000 2765.6138    8.5950
   -7.5000    7.5000   37.5000 2779.7637    8.5091
    0.0000    7.5000   37.5000 2803.4490    8.3962
    7.5000    7.5000   37.5000 2776.9846    8.5585
   -7.5000   15.0000   37.5000 2763.8367    8.6165
    0.0000   15.0000   37.5000 2783.6765    8.5230
    7.5000   15.0000   37.5000 2764.6880    8.6688
   -7.5000   22.5000   37.5000 2729.9524    8.8877
    0.0000   22.5000   37.5000 2753.1418    8.7952
    7.5000   22.5000   37.5000 2732.3784    8.9241
   -7.5000   30.0000   37.5000 2671.7688    9.2762
    0.0000   30.0000   37.5000 2695.6021    9.1833
    7.5000   30.0000   37.5000 2673.6050    9.3050
   -7.5000   37.5000   37.5000 2594.5398    9.8404
    0.0000   37.5000   37.5000 2613.2976    9.7397
    7.5000   37.5000   37.5000 2589.5374    9.8746
   -7.5000   45.0000   37.5000 2486.5376   10.6014
    0.0000   45.0000   37.5000 2500.6943   10.5037
    7.5000   45.0000   37.5000 2478.7996   10.6312
   -7.5000  -45.0000   45.0000 2191.2649   13.8109
    0.0000  -45.0000   45.0000 2203.3787   13.6494
    7.5000  -45.0000   45.0000 2184.7019   13.9379
   -7.5000  -37.5000   45.0000 2303.5803   12.4221
    0.0000  -37.5000   45.0000 2319.0632   12.2683
    7.5000  -37.5000   45.0000 2295.0884   12.5255
   -7.5000  -30.0000   45.0000 2402.7122   11.3046
    0.0000  -30.0000   45.0000 2414.0234   11.1687
    7.5000  -30.0000   45.0000 2397.0085   11.3903
   -7.5000  -22.5000   45.0000 2494.6052   10.4419
    0.0000  -22.5000   45.0000 2510.9385   10.3126
    7.5000  -22.5000   45.0000 2491.8027   10.5285
   -7.5000  -15.0000   45.0000 2575.8381    9.7947
    0.0000  -15.0000   45.0000 2597.1814    9.6971
    7.5000  -15.0000   45.0000 2573.8809    9.8794
   -7.5000   -7.5000   45.0000 2646.0339    9.3766
    0.0000   -7.5000   45.0000 2669.2280    9.2951
    7.5000   -7.5000   45.0000 2644.7349    9.4461
   -7.5000    0.0000   45.0000 2681.2908    9.1837
    0.0000    0.0000   45.0000 2709.0278    9.0696
    7.5000    0.0000   45.0000 2681.9878    9.2339
   -7.5000    7.5000   45.0000 2694.6384    9.1246
    0.0000    7.5000   45.0000 2716.3228    9.0324
    7.5000    7.5000   45.0000 2691.6165    9.1808
   -7.5000   15.0000   45.0000 2678.6047    9.2661
    0.0000   15.0000   45.0000 2697.9653    9.1787
    7.5000   15.0000   45.0000 2678.2756    9.3044
   -7.5000   22.5000   45.0000 2641.8408    9.5243
    0.0000   22.5000   45.0000 2666.7573    9.4262
    7.5000   22.5000   45.0000 2645.4160    9.5430
   -7.5000   30.0000   45.0000 2585.4106    9.8861
    0.0000   30.0000   45.0000 2610.5295    9.8003
    7.5000   30.0000   45.0000 2590.4824    9.9206
   -7.5000   37.5000   45.0000 2511.6597   10.4393
    0.0000   37.5000   45.0000 2533.4851   10.3491
    7.5000   37.5000   45.0000 2510.4646   10.4632
   -7.5000   45.0000   45.0000 2409.5398   11.1837
    0.0000   45.0000   45.0000 2430.6443   11.0943
    7.5000   45.0000   45.0000 2406.8528   11.2183

---------------------------------------------------------------------
imgreg_4dfp /opt/freesurfer/average/711-2C_as_mni_average_305 /opt/freesurfer/average/711-2B_as_mni_average_305_mask talsrcimg_g11 none talsrcimg_to_711-2C_as_mni_average_305_t4 1283
---------------------------------------------------------------------

freesurfer imgreg_4dfp.c
/opt/freesurfer/average/711-2C_as_mni_average_305.4dfp.img
       256       256       256         1
  1.000000  1.000000  1.000000
orientation T byte_order littleendian
Reading image: /opt/freesurfer/average/711-2C_as_mni_average_305.4dfp.img
dimensions:      256       256       256
mmppix:       1.0000   -1.0000   -1.0000
center:     128.0000 -129.0000 -129.0000
/opt/freesurfer/average/711-2B_as_mni_average_305_mask.4dfp.img
       256       256       256         1
  1.000000  1.000000  1.000000
orientation T byte_order littleendian
Reading mask: /opt/freesurfer/average/711-2B_as_mni_average_305_mask.4dfp.img (2306576 pixels)
talsrcimg_g11.4dfp.img
       256       256       256         1
  1.000000  1.000000  1.000000
orientation T byte_order littleendian
Reading image: talsrcimg_g11.4dfp.img
dimensions:      256       256       256
mmppix:       1.0000   -1.0000   -1.0000
center:     128.0000 -129.0000 -129.0000
rotation matrix determinant  1.000000
fimgreg.f
image alignment mode   1283 decimal      503 hex
parameters
    0.0000    7.5000    0.0000    0.0000    0.0000    0.0000
eta,q 0.94704  7.22893
niter,ni,del,rscale     5    3   12.0000    1.2000
parameter  4  3.180807 ->  0.500000 qaram    1.1500
parameters
    0.2147    9.9064   -0.6616   -3.4500   -2.2378    0.3835
eta,q 0.95174  7.20552
  0.0615  0.0636  0.0546  0.0469  0.0498  0.0521
  0.0567  0.0608  0.0529  0.0485  0.0487  0.0503
  0.0547  0.0571  0.0522  0.0502  0.0483  0.0488
  0.0542  0.0541  0.0524  0.0522  0.0489  0.0482
  0.0548  0.0524  0.0530  0.0546  0.0502  0.0490
  0.0566  0.0531  0.0541  0.0574  0.0517  0.0502
  0.0601  0.0560  0.0552  0.0596  0.0541  0.0509
niter,ni,del,rscale     5    3   12.0000    1.2000
parameter  4  2.917440 ->  0.500000 qaram    1.3225
parameters
    1.0084    9.8180   -0.3289   -7.4175   -3.6897    0.3194
eta,q 0.95441  7.15856
  0.0598  0.0557  0.0501  0.0430  0.0468  0.0486
  0.0544  0.0523  0.0486  0.0451  0.0460  0.0471
  0.0505  0.0491  0.0483  0.0467  0.0457  0.0458
  0.0483  0.0481  0.0481  0.0481  0.0456  0.0456
  0.0488  0.0501  0.0482  0.0509  0.0461  0.0463
  0.0511  0.0530  0.0489  0.0537  0.0475  0.0473
  0.0552  0.0556  0.0494  0.0561  0.0496  0.0485
niter,ni,del,rscale     5    3   12.0000    1.2000
parameter  4-22.272861 ->  0.500000 qaram    1.5209
parameters
    1.1990    9.4478    1.8581  -11.9801   -3.7161    0.1777
eta,q 0.95930  7.16185
  0.0556  0.0496  0.0485  0.0381  0.0459  0.0448
  0.0504  0.0477  0.0467  0.0400  0.0427  0.0428
  0.0469  0.0463  0.0458  0.0430  0.0410  0.0414
  0.0456  0.0456  0.0456  0.0456  0.0407  0.0407
  0.0464  0.0464  0.0456  0.0477  0.0418  0.0411
  0.0494  0.0483  0.0456  0.0497  0.0434  0.0430
  0.0545  0.0509  0.0458  0.0525  0.0452  0.0455
niter,ni,del,rscale     5    3   12.0000    1.2000
parameter  4  2.438328 ->  0.500000 qaram    1.7490
parameters
    0.9619   10.1879    1.5169  -17.2272   -3.3246   -0.4676
eta,q 0.96436  7.22192
  0.0510  0.0474  0.0429  0.0351  0.0425  0.0397
  0.0452  0.0441  0.0411  0.0351  0.0392  0.0373
  0.0417  0.0419  0.0406  0.0374  0.0367  0.0359
  0.0407  0.0407  0.0405  0.0405  0.0357  0.0357
  0.0425  0.0405  0.0405  0.0442  0.0370  0.0367
  0.0468  0.0418  0.0415  0.0469  0.0389  0.0388
  0.0524  0.0451  0.0437  0.0492  0.0404  0.0418
niter,ni,del,rscale     5    3   12.0000    1.2000
parameters
    0.7326   11.7071    0.3402  -19.7015   -2.5318   -0.2650
eta,q 0.96733  7.19590
  0.0484  0.0451  0.0384  0.0402  0.0399  0.0398
  0.0419  0.0411  0.0358  0.0358  0.0365  0.0366
  0.0371  0.0381  0.0344  0.0327  0.0337  0.0339
  0.0356  0.0356  0.0347  0.0343  0.0326  0.0327
  0.0381  0.0347  0.0364  0.0380  0.0334  0.0334
  0.0433  0.0359  0.0392  0.0432  0.0348  0.0359
  0.0502  0.0393  0.0422  0.0471  0.0367  0.0391
niter,ni,del,rscale     4    3   12.0000    1.2000
parameters
    0.2863   11.9186   -0.4584  -20.5967   -2.2085   -0.4424
eta,q 0.96805  7.18100
  0.0452  0.0424  0.0378  0.0414  0.0385  0.0385
  0.0380  0.0379  0.0343  0.0376  0.0354  0.0352
  0.0333  0.0342  0.0322  0.0339  0.0329  0.0328
  0.0327  0.0324  0.0324  0.0321  0.0319  0.0320
  0.0359  0.0339  0.0345  0.0358  0.0329  0.0331
  0.0414  0.0368  0.0374  0.0399  0.0346  0.0358
  0.0484  0.0413  0.0405  0.0444  0.0371  0.0392
niter,ni,del,rscale     3    3   12.0000    1.2000
parameters
    0.1302   12.0752   -0.6139  -20.9732   -1.9982   -0.5813
eta,q 0.96802  7.17595
  0.0463  0.0424  0.0390  0.0421  0.0382  0.0384
  0.0384  0.0375  0.0352  0.0379  0.0353  0.0352
  0.0330  0.0334  0.0324  0.0349  0.0329  0.0327
  0.0319  0.0319  0.0319  0.0319  0.0319  0.0320
  0.0349  0.0338  0.0335  0.0347  0.0331  0.0330
  0.0401  0.0370  0.0362  0.0392  0.0347  0.0356
  0.0469  0.0410  0.0391  0.0434  0.0373  0.0390
niter,ni,del,rscale     2    3   12.0000    1.2000
parameters
    0.0660   12.1652   -0.6449  -21.1415   -1.8869   -0.6526
eta,q 0.96794  7.17419
  0.0467  0.0422  0.0392  0.0424  0.0381  0.0385
  0.0386  0.0373  0.0354  0.0380  0.0352  0.0352
  0.0331  0.0333  0.0325  0.0353  0.0328  0.0328
  0.0320  0.0319  0.0320  0.0320  0.0320  0.0321
  0.0347  0.0341  0.0334  0.0343  0.0332  0.0329
  0.0398  0.0372  0.0359  0.0390  0.0349  0.0355
  0.0463  0.0411  0.0388  0.0431  0.0375  0.0388
niter,ni,del,rscale     1    3   12.0000    1.2000
parameters
    0.0360   12.2136   -0.6474  -21.2201   -1.8291   -0.6872
eta,q 0.96790  7.17356
  0.0468  0.0421  0.0393  0.0425  0.0380  0.0386
  0.0387  0.0372  0.0355  0.0381  0.0352  0.0353
  0.0332  0.0332  0.0326  0.0355  0.0328  0.0329
  0.0321  0.0320  0.0321  0.0321  0.0321  0.0321
  0.0347  0.0342  0.0334  0.0341  0.0333  0.0330
  0.0396  0.0373  0.0359  0.0389  0.0350  0.0354
  0.0462  0.0412  0.0388  0.0429  0.0376  0.0387
registration optimization eta report
parameter search radius
    6.0000    6.0000    6.0000   10.4940    6.0000    6.0000
100000*second partial in parameter space
       40.       26.       19.        9.       15.       18.
  0.0468  0.0421  0.0393  0.0425  0.0380  0.0386
  0.0387  0.0372  0.0355  0.0381  0.0352  0.0353
  0.0332  0.0332  0.0326  0.0355  0.0328  0.0329
  0.0321  0.0320  0.0321  0.0321  0.0321  0.0321
  0.0347  0.0342  0.0334  0.0341  0.0333  0.0330
  0.0396  0.0373  0.0359  0.0389  0.0350  0.0354
  0.0462  0.0412  0.0388  0.0429  0.0376  0.0387
    0.0360   12.2136   -0.6474  -21.2201   -1.8291   -0.6872
eta,q 0.96790  7.17356

---------------------------------------------------------------------
imgreg_4dfp /opt/freesurfer/average/711-2C_as_mni_average_305 /opt/freesurfer/average/711-2B_as_mni_average_305_mask talsrcimg_g11 none talsrcimg_to_711-2C_as_mni_average_305_t4 3335
---------------------------------------------------------------------

freesurfer imgreg_4dfp.c
/opt/freesurfer/average/711-2C_as_mni_average_305.4dfp.img
       256       256       256         1
  1.000000  1.000000  1.000000
orientation T byte_order littleendian
Reading image: /opt/freesurfer/average/711-2C_as_mni_average_305.4dfp.img
dimensions:      256       256       256
mmppix:       1.0000   -1.0000   -1.0000
center:     128.0000 -129.0000 -129.0000
/opt/freesurfer/average/711-2B_as_mni_average_305_mask.4dfp.img
       256       256       256         1
  1.000000  1.000000  1.000000
orientation T byte_order littleendian
Reading mask: /opt/freesurfer/average/711-2B_as_mni_average_305_mask.4dfp.img (2306576 pixels)
talsrcimg_g11.4dfp.img
       256       256       256         1
  1.000000  1.000000  1.000000
orientation T byte_order littleendian
Reading image: talsrcimg_g11.4dfp.img
dimensions:      256       256       256
mmppix:       1.0000   -1.0000   -1.0000
center:     128.0000 -129.0000 -129.0000
fimgreg.f
image alignment mode   3335 decimal      D07 hex
parameters
    0.0360   12.2136   -0.6474   -0.0581   -6.7731   -6.8278
   -0.0373    3.4093   -1.1987   36.1569   -3.1919  -36.1767
eta,q 0.96834  7.17730
niter,ni,del,rscale     5    3    5.0000    1.2000
parameter  4  1.142814 ->  0.500000 qaram    1.1500
parameter 12  1.191965 ->  0.500000 qaram    1.1500
parameters
   -0.2647   11.7536   -0.3260   -4.1981   -6.4944   -5.2166
    0.1049    3.5170   -3.1257   33.5952   -2.8840  -40.3167
eta,q 0.97162  7.05390
  0.0334  0.0326  0.0325  0.0295  0.0318  0.0320  0.0321  0.0331  0.0305  0.0303  0.0299  0.0282
  0.0323  0.0319  0.0320  0.0297  0.0309  0.0311  0.0308  0.0314  0.0299  0.0296  0.0296  0.0283
  0.0317  0.0315  0.0317  0.0304  0.0302  0.0304  0.0300  0.0302  0.0296  0.0293  0.0294  0.0287
  0.0317  0.0316  0.0315  0.0315  0.0299  0.0299  0.0298  0.0298  0.0298  0.0296  0.0293  0.0293
  0.0322  0.0321  0.0315  0.0329  0.0301  0.0297  0.0300  0.0301  0.0302  0.0304  0.0294  0.0301
  0.0331  0.0328  0.0317  0.0345  0.0307  0.0300  0.0307  0.0312  0.0309  0.0318  0.0296  0.0311
  0.0346  0.0337  0.0321  0.0367  0.0315  0.0308  0.0319  0.0330  0.0318  0.0335  0.0298  0.0321
niter,ni,del,rscale     6    3    5.0000    1.2000
parameters
   -0.3386   11.4983   -0.2224   -7.6985   -6.6633   -5.0352
    0.2365    3.4370   -3.3171   33.8505   -3.1957  -43.1113
eta,q 0.97233  6.94083
  0.0310  0.0300  0.0296  0.0288  0.0298  0.0301  0.0303  0.0313  0.0295  0.0305  0.0285  0.0284
  0.0295  0.0290  0.0289  0.0281  0.0288  0.0291  0.0290  0.0295  0.0286  0.0292  0.0281  0.0279
  0.0286  0.0284  0.0285  0.0279  0.0281  0.0283  0.0282  0.0283  0.0281  0.0283  0.0279  0.0277
  0.0284  0.0284  0.0283  0.0283  0.0279  0.0279  0.0279  0.0279  0.0279  0.0279  0.0279  0.0279
  0.0288  0.0288  0.0284  0.0294  0.0282  0.0281  0.0281  0.0283  0.0282  0.0281  0.0280  0.0285
  0.0298  0.0296  0.0288  0.0309  0.0289  0.0288  0.0289  0.0296  0.0288  0.0289  0.0282  0.0293
  0.0313  0.0307  0.0294  0.0327  0.0299  0.0300  0.0301  0.0315  0.0296  0.0302  0.0286  0.0303
niter,ni,del,rscale     5    3    5.0000    1.2000
parameters
   -0.4447   11.7037   -0.5119   -7.8092   -7.1837   -5.3130
    0.3007    3.3971   -3.2751   34.4949   -3.2480  -43.8234
eta,q 0.97242  6.92934
  0.0302  0.0301  0.0286  0.0301  0.0293  0.0297  0.0300  0.0311  0.0293  0.0304  0.0283  0.0289
  0.0287  0.0288  0.0280  0.0288  0.0284  0.0287  0.0287  0.0293  0.0284  0.0291  0.0279  0.0281
  0.0279  0.0280  0.0277  0.0280  0.0278  0.0279  0.0279  0.0280  0.0278  0.0281  0.0277  0.0277
  0.0277  0.0277  0.0277  0.0276  0.0276  0.0276  0.0276  0.0276  0.0276  0.0276  0.0276  0.0276
  0.0281  0.0278  0.0279  0.0279  0.0280  0.0280  0.0279  0.0281  0.0278  0.0277  0.0277  0.0279
  0.0291  0.0284  0.0284  0.0289  0.0287  0.0289  0.0287  0.0293  0.0284  0.0284  0.0279  0.0285
  0.0306  0.0294  0.0291  0.0303  0.0298  0.0301  0.0299  0.0312  0.0293  0.0296  0.0283  0.0294
niter,ni,del,rscale     4    3    5.0000    1.2000
parameters
   -0.4687   11.7463   -0.6809   -7.8407   -7.3830   -5.4102
    0.2796    3.4031   -3.2789   34.7131   -3.4007  -44.1436
eta,q 0.97244  6.92593
  0.0303  0.0297  0.0286  0.0301  0.0294  0.0298  0.0299  0.0311  0.0292  0.0301  0.0282  0.0290
  0.0288  0.0285  0.0280  0.0288  0.0284  0.0287  0.0286  0.0293  0.0284  0.0288  0.0279  0.0282
  0.0279  0.0278  0.0277  0.0279  0.0278  0.0279  0.0278  0.0280  0.0278  0.0279  0.0276  0.0277
  0.0276  0.0276  0.0276  0.0276  0.0276  0.0276  0.0276  0.0276  0.0276  0.0276  0.0276  0.0276
  0.0279  0.0278  0.0278  0.0278  0.0279  0.0279  0.0279  0.0280  0.0278  0.0278  0.0276  0.0278
  0.0288  0.0285  0.0282  0.0288  0.0286  0.0287  0.0287  0.0292  0.0284  0.0286  0.0279  0.0284
  0.0304  0.0295  0.0289  0.0302  0.0295  0.0299  0.0299  0.0312  0.0292  0.0299  0.0283  0.0292
niter,ni,del,rscale     3    3    5.0000    1.2000
parameters
   -0.4745   11.7558   -0.7497   -7.8593   -7.4766   -5.4630
    0.2748    3.4227   -3.2877   34.8061   -3.4673  -44.2722
eta,q 0.97244  6.92355
  0.0303  0.0296  0.0287  0.0301  0.0294  0.0298  0.0299  0.0311  0.0292  0.0300  0.0282  0.0291
  0.0288  0.0285  0.0280  0.0288  0.0285  0.0287  0.0286  0.0293  0.0283  0.0288  0.0279  0.0282
  0.0279  0.0277  0.0277  0.0279  0.0278  0.0279  0.0278  0.0280  0.0277  0.0279  0.0276  0.0277
  0.0276  0.0276  0.0276  0.0276  0.0276  0.0276  0.0276  0.0276  0.0276  0.0276  0.0276  0.0276
  0.0279  0.0278  0.0277  0.0278  0.0279  0.0279  0.0278  0.0280  0.0278  0.0278  0.0276  0.0278
  0.0288  0.0285  0.0281  0.0288  0.0285  0.0287  0.0287  0.0292  0.0284  0.0286  0.0279  0.0283
  0.0303  0.0295  0.0288  0.0302  0.0295  0.0299  0.0299  0.0311  0.0292  0.0299  0.0283  0.0291
niter,ni,del,rscale     2    3    5.0000    1.2000
parameters
   -0.4743   11.7627   -0.7820   -7.8689   -7.5130   -5.4882
    0.2702    3.4335   -3.2881   34.8475   -3.4998  -44.3284
eta,q 0.97245  6.92258
  0.0303  0.0296  0.0287  0.0301  0.0294  0.0298  0.0299  0.0311  0.0292  0.0299  0.0282  0.0291
  0.0288  0.0284  0.0281  0.0288  0.0285  0.0287  0.0286  0.0293  0.0283  0.0287  0.0279  0.0283
  0.0279  0.0277  0.0277  0.0279  0.0278  0.0279  0.0278  0.0280  0.0277  0.0279  0.0276  0.0277
  0.0276  0.0276  0.0276  0.0276  0.0276  0.0276  0.0276  0.0276  0.0276  0.0276  0.0276  0.0276
  0.0279  0.0278  0.0277  0.0278  0.0279  0.0279  0.0278  0.0280  0.0278  0.0278  0.0276  0.0278
  0.0288  0.0285  0.0281  0.0287  0.0285  0.0287  0.0286  0.0292  0.0284  0.0287  0.0279  0.0283
  0.0303  0.0295  0.0288  0.0302  0.0294  0.0299  0.0299  0.0311  0.0292  0.0299  0.0283  0.0291
niter,ni,del,rscale     1    3    5.0000    1.2000
parameters
   -0.4748   11.7662   -0.7967   -7.8736   -7.5323   -5.5051
    0.2683    3.4348   -3.2916   34.8652   -3.5153  -44.3524
eta,q 0.97245  6.92185
  0.0303  0.0296  0.0287  0.0301  0.0294  0.0298  0.0299  0.0311  0.0292  0.0299  0.0283  0.0291
  0.0288  0.0284  0.0281  0.0288  0.0285  0.0287  0.0286  0.0293  0.0283  0.0287  0.0279  0.0283
  0.0278  0.0277  0.0277  0.0279  0.0278  0.0279  0.0278  0.0280  0.0277  0.0279  0.0276  0.0277
  0.0276  0.0276  0.0276  0.0276  0.0276  0.0276  0.0276  0.0276  0.0276  0.0276  0.0276  0.0276
  0.0279  0.0278  0.0277  0.0278  0.0279  0.0278  0.0278  0.0280  0.0278  0.0278  0.0276  0.0278
  0.0288  0.0285  0.0281  0.0287  0.0285  0.0287  0.0286  0.0292  0.0284  0.0287  0.0279  0.0283
  0.0303  0.0295  0.0287  0.0301  0.0294  0.0299  0.0299  0.0311  0.0292  0.0299  0.0283  0.0291
registration optimization eta report
parameter search radius
    2.4000    2.4000    2.4000    8.2800    7.2000    7.2000
    7.2000    7.2000    7.2000    7.2000    7.2000    8.2800
100000*second partial in parameter space
       47.       34.       21.        4.        4.        4.
        4.        7.        3.        5.        1.        2.
  0.0303  0.0296  0.0287  0.0301  0.0294  0.0298  0.0299  0.0311  0.0292  0.0299  0.0283  0.0291
  0.0288  0.0284  0.0281  0.0288  0.0285  0.0287  0.0286  0.0293  0.0283  0.0287  0.0279  0.0283
  0.0278  0.0277  0.0277  0.0279  0.0278  0.0279  0.0278  0.0280  0.0277  0.0279  0.0276  0.0277
  0.0276  0.0276  0.0276  0.0276  0.0276  0.0276  0.0276  0.0276  0.0276  0.0276  0.0276  0.0276
  0.0279  0.0278  0.0277  0.0278  0.0279  0.0278  0.0278  0.0280  0.0278  0.0278  0.0276  0.0278
  0.0288  0.0285  0.0281  0.0287  0.0285  0.0287  0.0286  0.0292  0.0284  0.0287  0.0279  0.0283
  0.0303  0.0295  0.0287  0.0301  0.0294  0.0299  0.0299  0.0311  0.0292  0.0299  0.0283  0.0291
   -0.4748   11.7662   -0.7967   -7.8736   -7.5323   -5.5051
    0.2683    3.4348   -3.2916   34.8652   -3.5153  -44.3524
eta,q 0.97245  6.92185

---------------------------------------------------------------------
imgreg_4dfp /opt/freesurfer/average/711-2C_as_mni_average_305 /opt/freesurfer/average/711-2B_as_mni_average_305_mask talsrcimg_g11 none talsrcimg_to_711-2C_as_mni_average_305_t4 2311
---------------------------------------------------------------------

freesurfer imgreg_4dfp.c
/opt/freesurfer/average/711-2C_as_mni_average_305.4dfp.img
       256       256       256         1
  1.000000  1.000000  1.000000
orientation T byte_order littleendian
Reading image: /opt/freesurfer/average/711-2C_as_mni_average_305.4dfp.img
dimensions:      256       256       256
mmppix:       1.0000   -1.0000   -1.0000
center:     128.0000 -129.0000 -129.0000
/opt/freesurfer/average/711-2B_as_mni_average_305_mask.4dfp.img
       256       256       256         1
  1.000000  1.000000  1.000000
orientation T byte_order littleendian
Reading mask: /opt/freesurfer/average/711-2B_as_mni_average_305_mask.4dfp.img (2306576 pixels)
talsrcimg_g11.4dfp.img
       256       256       256         1
  1.000000  1.000000  1.000000
orientation T byte_order littleendian
Reading image: talsrcimg_g11.4dfp.img
dimensions:      256       256       256
mmppix:       1.0000   -1.0000   -1.0000
center:     128.0000 -129.0000 -129.0000
fimgreg.f
image alignment mode   2311 decimal      907 hex
parameters
   -0.4748   11.7662   -0.7967   -7.8736   -7.5323   -5.5051
    0.2683    3.4348   -3.2916   34.8652   -3.5153  -44.3524
eta,q 0.97245  6.92185
niter,ni,del,rscale     5    3    5.0000    0.8000
parameters
   -0.4799   11.7130   -0.8227   -7.7204   -7.5848   -5.4855
    0.2488    3.4594   -3.3412   34.8987   -3.4260  -44.4527
eta,q 0.97246  6.92796
  0.0288  0.0284  0.0281  0.0285  0.0285  0.0287  0.0286  0.0293  0.0283  0.0287  0.0279  0.0281
  0.0281  0.0279  0.0278  0.0280  0.0280  0.0281  0.0280  0.0283  0.0279  0.0281  0.0277  0.0278
  0.0277  0.0276  0.0276  0.0277  0.0276  0.0277  0.0277  0.0278  0.0276  0.0277  0.0276  0.0276
  0.0276  0.0276  0.0275  0.0276  0.0275  0.0275  0.0275  0.0275  0.0275  0.0275  0.0275  0.0275
  0.0277  0.0277  0.0276  0.0276  0.0277  0.0277  0.0277  0.0277  0.0277  0.0277  0.0276  0.0276
  0.0281  0.0280  0.0278  0.0279  0.0280  0.0281  0.0280  0.0283  0.0279  0.0280  0.0277  0.0278
  0.0288  0.0285  0.0281  0.0284  0.0285  0.0287  0.0286  0.0292  0.0283  0.0287  0.0279  0.0281
niter,ni,del,rscale     4    3    5.0000    0.7000
parameters
   -0.4698   11.6948   -0.8325   -7.6786   -7.6485   -5.4668
    0.2573    3.4708   -3.3670   34.9202   -3.4122  -44.5163
eta,q 0.97246  6.92893
  0.0285  0.0282  0.0280  0.0283  0.0283  0.0285  0.0284  0.0289  0.0282  0.0284  0.0278  0.0280
  0.0280  0.0278  0.0277  0.0279  0.0279  0.0280  0.0279  0.0281  0.0278  0.0279  0.0276  0.0277
  0.0277  0.0276  0.0276  0.0276  0.0276  0.0277  0.0276  0.0277  0.0276  0.0276  0.0276  0.0276
  0.0275  0.0275  0.0275  0.0275  0.0275  0.0275  0.0275  0.0275  0.0275  0.0275  0.0275  0.0275
  0.0276  0.0276  0.0276  0.0276  0.0277  0.0276  0.0276  0.0277  0.0276  0.0276  0.0276  0.0276
  0.0280  0.0279  0.0277  0.0278  0.0279  0.0280  0.0279  0.0281  0.0278  0.0279  0.0276  0.0278
  0.0285  0.0283  0.0280  0.0283  0.0283  0.0285  0.0284  0.0289  0.0282  0.0284  0.0278  0.0280
niter,ni,del,rscale     3    3    5.0000    0.6000
parameters
   -0.4694   11.6841   -0.8369   -7.6291   -7.7013   -5.4456
    0.2650    3.4689   -3.3851   34.9503   -3.3838  -44.5462
eta,q 0.97246  6.93040
  0.0282  0.0281  0.0278  0.0281  0.0281  0.0282  0.0281  0.0285  0.0280  0.0282  0.0277  0.0279
  0.0278  0.0278  0.0277  0.0278  0.0278  0.0279  0.0278  0.0280  0.0277  0.0278  0.0276  0.0277
  0.0276  0.0276  0.0276  0.0276  0.0276  0.0276  0.0276  0.0276  0.0276  0.0276  0.0276  0.0276
  0.0275  0.0275  0.0275  0.0275  0.0275  0.0275  0.0275  0.0275  0.0275  0.0275  0.0275  0.0275
  0.0276  0.0276  0.0276  0.0276  0.0276  0.0276  0.0276  0.0277  0.0276  0.0276  0.0276  0.0276
  0.0278  0.0278  0.0277  0.0278  0.0278  0.0279  0.0278  0.0280  0.0278  0.0278  0.0276  0.0277
  0.0282  0.0281  0.0279  0.0281  0.0281  0.0282  0.0281  0.0285  0.0280  0.0282  0.0277  0.0279
niter,ni,del,rscale     2    3    5.0000    0.5000
parameters
   -0.4688   11.6760   -0.8457   -7.5993   -7.7498   -5.4257
    0.2762    3.4748   -3.3936   34.9685   -3.4092  -44.5869
eta,q 0.97247  6.93129
  0.0280  0.0279  0.0278  0.0279  0.0279  0.0280  0.0280  0.0282  0.0279  0.0280  0.0277  0.0278
  0.0278  0.0277  0.0276  0.0277  0.0277  0.0278  0.0277  0.0278  0.0277  0.0277  0.0276  0.0276
  0.0276  0.0276  0.0276  0.0276  0.0276  0.0276  0.0276  0.0276  0.0276  0.0276  0.0275  0.0276
  0.0275  0.0275  0.0275  0.0275  0.0275  0.0275  0.0275  0.0275  0.0275  0.0275  0.0275  0.0275
  0.0276  0.0276  0.0276  0.0276  0.0276  0.0276  0.0276  0.0276  0.0276  0.0276  0.0275  0.0276
  0.0278  0.0277  0.0276  0.0277  0.0277  0.0278  0.0277  0.0278  0.0277  0.0277  0.0276  0.0276
  0.0280  0.0279  0.0278  0.0279  0.0280  0.0280  0.0280  0.0282  0.0279  0.0280  0.0277  0.0278
niter,ni,del,rscale     1    3    5.0000    0.4000
parameters
   -0.4703   11.6655   -0.8376   -7.5639   -7.7927   -5.3932
    0.2785    3.4732   -3.4077   34.9799   -3.3985  -44.6073
eta,q 0.97246  6.93245
  0.0278  0.0278  0.0277  0.0278  0.0278  0.0279  0.0278  0.0280  0.0277  0.0278  0.0276  0.0277
  0.0277  0.0276  0.0276  0.0276  0.0276  0.0277  0.0277  0.0277  0.0276  0.0277  0.0276  0.0276
  0.0276  0.0276  0.0276  0.0276  0.0276  0.0276  0.0276  0.0276  0.0276  0.0276  0.0275  0.0276
  0.0275  0.0275  0.0275  0.0275  0.0275  0.0275  0.0275  0.0275  0.0275  0.0275  0.0275  0.0275
  0.0276  0.0276  0.0276  0.0276  0.0276  0.0276  0.0276  0.0276  0.0276  0.0276  0.0275  0.0276
  0.0277  0.0276  0.0276  0.0276  0.0277  0.0277  0.0277  0.0277  0.0276  0.0277  0.0276  0.0276
  0.0278  0.0278  0.0277  0.0278  0.0278  0.0279  0.0278  0.0280  0.0278  0.0278  0.0276  0.0277
registration optimization eta report
parameter search radius
    0.8000    0.8000    0.8000    2.4000    2.4000    2.4000
    2.4000    2.4000    2.4000    2.4000    2.4000    2.4000
100000*second partial in parameter space
       49.       38.       21.        4.        5.        6.
        5.        8.        4.        5.        1.        3.
  0.0278  0.0278  0.0277  0.0278  0.0278  0.0279  0.0278  0.0280  0.0277  0.0278  0.0276  0.0277
  0.0277  0.0276  0.0276  0.0276  0.0276  0.0277  0.0277  0.0277  0.0276  0.0277  0.0276  0.0276
  0.0276  0.0276  0.0276  0.0276  0.0276  0.0276  0.0276  0.0276  0.0276  0.0276  0.0275  0.0276
  0.0275  0.0275  0.0275  0.0275  0.0275  0.0275  0.0275  0.0275  0.0275  0.0275  0.0275  0.0275
  0.0276  0.0276  0.0276  0.0276  0.0276  0.0276  0.0276  0.0276  0.0276  0.0276  0.0275  0.0276
  0.0277  0.0276  0.0276  0.0276  0.0277  0.0277  0.0277  0.0277  0.0276  0.0277  0.0276  0.0276
  0.0278  0.0278  0.0277  0.0278  0.0278  0.0279  0.0278  0.0280  0.0278  0.0278  0.0276  0.0277
   -0.4703   11.6655   -0.8376   -7.5639   -7.7927   -5.3932
    0.2785    3.4732   -3.4077   34.9799   -3.3985  -44.6073
eta,q 0.97246  6.93245

---------------------------------------------------------------------
imgreg_4dfp /opt/freesurfer/average/711-2C_as_mni_average_305 /opt/freesurfer/average/711-2B_as_mni_average_305_mask talsrcimg_g11 none talsrcimg_to_711-2C_as_mni_average_305_t4 2311
---------------------------------------------------------------------

freesurfer imgreg_4dfp.c
/opt/freesurfer/average/711-2C_as_mni_average_305.4dfp.img
       256       256       256         1
  1.000000  1.000000  1.000000
orientation T byte_order littleendian
Reading image: /opt/freesurfer/average/711-2C_as_mni_average_305.4dfp.img
dimensions:      256       256       256
mmppix:       1.0000   -1.0000   -1.0000
center:     128.0000 -129.0000 -129.0000
/opt/freesurfer/average/711-2B_as_mni_average_305_mask.4dfp.img
       256       256       256         1
  1.000000  1.000000  1.000000
orientation T byte_order littleendian
Reading mask: /opt/freesurfer/average/711-2B_as_mni_average_305_mask.4dfp.img (2306576 pixels)
talsrcimg_g11.4dfp.img
       256       256       256         1
  1.000000  1.000000  1.000000
orientation T byte_order littleendian
Reading image: talsrcimg_g11.4dfp.img
dimensions:      256       256       256
mmppix:       1.0000   -1.0000   -1.0000
center:     128.0000 -129.0000 -129.0000
fimgreg.f
image alignment mode   2311 decimal      907 hex
parameters
   -0.4703   11.6655   -0.8376   -7.5639   -7.7927   -5.3932
    0.2785    3.4732   -3.4077   34.9799   -3.3985  -44.6073
eta,q 0.97247  6.93245
niter,ni,del,rscale     5    3    5.0000    0.8000
parameters
   -0.4666   11.7050   -0.8153   -7.7078   -7.6764   -5.4513
    0.2705    3.4689   -3.3556   34.9453   -3.4349  -44.4894
eta,q 0.97247  6.92735
  0.0288  0.0285  0.0281  0.0284  0.0285  0.0287  0.0286  0.0292  0.0284  0.0287  0.0279  0.0281
  0.0281  0.0280  0.0278  0.0279  0.0280  0.0281  0.0280  0.0283  0.0279  0.0281  0.0277  0.0278
  0.0277  0.0276  0.0276  0.0276  0.0277  0.0277  0.0277  0.0277  0.0276  0.0277  0.0276  0.0276
  0.0275  0.0275  0.0275  0.0275  0.0275  0.0275  0.0275  0.0275  0.0275  0.0275  0.0275  0.0275
  0.0277  0.0276  0.0276  0.0276  0.0277  0.0277  0.0277  0.0277  0.0276  0.0277  0.0276  0.0276
  0.0281  0.0279  0.0278  0.0280  0.0280  0.0281  0.0280  0.0283  0.0279  0.0281  0.0277  0.0278
  0.0288  0.0284  0.0281  0.0285  0.0284  0.0287  0.0286  0.0292  0.0283  0.0287  0.0279  0.0281
niter,ni,del,rscale     4    3    5.0000    0.7000
parameters
   -0.4707   11.6994   -0.8273   -7.6783   -7.6719   -5.4581
    0.2589    3.4742   -3.3773   34.9325   -3.4253  -44.5100
eta,q 0.97246  6.92854
  0.0285  0.0283  0.0280  0.0283  0.0283  0.0284  0.0284  0.0289  0.0282  0.0284  0.0278  0.0280
  0.0280  0.0278  0.0277  0.0279  0.0279  0.0280  0.0279  0.0281  0.0278  0.0279  0.0276  0.0277
  0.0276  0.0276  0.0276  0.0276  0.0276  0.0277  0.0276  0.0277  0.0276  0.0276  0.0276  0.0276
  0.0275  0.0275  0.0275  0.0275  0.0275  0.0275  0.0275  0.0275  0.0275  0.0275  0.0275  0.0275
  0.0276  0.0276  0.0276  0.0276  0.0276  0.0276  0.0276  0.0277  0.0276  0.0276  0.0276  0.0276
  0.0280  0.0279  0.0277  0.0278  0.0279  0.0280  0.0279  0.0281  0.0278  0.0279  0.0276  0.0277
  0.0285  0.0283  0.0280  0.0283  0.0283  0.0285  0.0284  0.0289  0.0282  0.0284  0.0278  0.0280
registration optimization eta report
parameter search radius
    1.4000    1.4000    1.4000    4.2000    4.2000    4.2000
    4.2000    4.2000    4.2000    4.2000    4.2000    4.2000
100000*second partial in parameter space
       48.       37.       21.        4.        4.        5.
        5.        7.        3.        5.        1.        2.
  0.0285  0.0283  0.0280  0.0283  0.0283  0.0284  0.0284  0.0289  0.0282  0.0284  0.0278  0.0280
  0.0280  0.0278  0.0277  0.0279  0.0279  0.0280  0.0279  0.0281  0.0278  0.0279  0.0276  0.0277
  0.0276  0.0276  0.0276  0.0276  0.0276  0.0277  0.0276  0.0277  0.0276  0.0276  0.0276  0.0276
  0.0275  0.0275  0.0275  0.0275  0.0275  0.0275  0.0275  0.0275  0.0275  0.0275  0.0275  0.0275
  0.0276  0.0276  0.0276  0.0276  0.0276  0.0276  0.0276  0.0277  0.0276  0.0276  0.0276  0.0276
  0.0280  0.0279  0.0277  0.0278  0.0279  0.0280  0.0279  0.0281  0.0278  0.0279  0.0276  0.0277
  0.0285  0.0283  0.0280  0.0283  0.0283  0.0285  0.0284  0.0289  0.0282  0.0284  0.0278  0.0280
   -0.4707   11.6994   -0.8273   -7.6783   -7.6719   -5.4581
    0.2589    3.4742   -3.3773   34.9325   -3.4253  -44.5100
eta,q 0.97246  6.92854

---------------------------------------------------------------------
compute_vox2vox talsrcimg talsrcimg_to_711-2C_as_mni_average_305_t4 /opt/freesurfer/average/711-2C_as_mni_average_305
---------------------------------------------------------------------

freesurfer compute_vox2vox.c
Reading: talsrcimg.4dfp.ifh
Reading: talsrcimg_to_711-2C_as_mni_average_305_t4
Reading: /opt/freesurfer/average/711-2C_as_mni_average_305.4dfp.ifh
Writing: talsrcimg_to_711-2C_as_mni_average_305_t4_vox2vox.txt

start time Mon Mar 9 01:24:48 CET 2026
end		time Mon Mar 9 01:26:12 CET 2026

mpr2mni305 success

avi2talxfm orig_nu.mgz /opt/freesurfer/average/mni305.cor.mgz talsrcimg_to_711-2C_as_mni_average_305_t4_vox2vox.txt transforms/talairach.auto.xfm
avi2talxfm done
mv -f /out/sourcedata/freesurfer/sub-v1s17x0050244_ses-1/mri/talsrcimg_to_711-2C_as_mni_average_305_t4_vox2vox.txt /out/sourcedata/freesurfer/sub-v1s17x0050244_ses-1/mri/transforms/talsrcimg_to_711-2C_as_mni_average_305_t4_vox2vox.txt
lta_convert --src orig_nu.mgz --trg /opt/freesurfer/average/mni305.cor.mgz --inxfm transforms/talairach.auto.xfm --outlta transforms/talairach.auto.xfm.lta --subject fsaverage
7.3.2

--src: orig_nu.mgz src image (geometry).
--trg: /opt/freesurfer/average/mni305.cor.mgz trg image (geometry).
--inmni: transforms/talairach.auto.xfm input MNI/XFM transform.
--outlta: transforms/talairach.auto.xfm.lta output LTA.
--s: fsaverage subject name
 LTA read, type : 1
 1.08126  -0.03278  -0.01883  -0.07431;
 0.04906   0.89632   0.43197   0.89813;
 0.02099  -0.34032   0.91897  -2.55495;
 0.00000   0.00000   0.00000   1.00000;
setting subject to fsaverage
Writing  LTA to file transforms/talairach.auto.xfm.lta...
lta_convert successful.
 
 
Started at Mon Mar 9 01:24:47 CET 2026
Ended   at Mon Mar  9 01:26:12 CET 2026
talairach_avi done
