status file for recon-all
Mon Mar  9 01:54:43 CET 2026
#@# MotionCor Mon Mar  9 01:54:45 CET 2026
#@# Talairach Mon Mar  9 01:54:50 CET 2026
#@# Talairach Failure Detection Mon Mar  9 01:57:39 CET 2026
#@# Nu Intensity Correction Mon Mar  9 01:57:39 CET 2026
#@# Intensity Normalization Mon Mar  9 02:00:24 CET 2026
recon-all -s sub-v1s17x0050249_ses-1 finished without error at Mon Mar  9 02:01:24 CET 2026



#New# invocation of recon-all 



status file for recon-all
Mon Mar  9 02:07:49 CET 2026
#@# EM Registration Mon Mar  9 02:07:49 CET 2026
recon-all -s sub-v1s17x0050249_ses-1 finished without error at Mon Mar  9 02:09:50 CET 2026



#New# invocation of recon-all 



status file for recon-all
Mon Mar  9 02:09:52 CET 2026
#@# CA Normalize Mon Mar  9 02:09:52 CET 2026
#@# CA Reg Mon Mar  9 02:10:45 CET 2026
#@# SubCort Seg Mon Mar  9 02:51:45 CET 2026
#@# CC Seg Mon Mar  9 03:14:33 CET 2026
#@# Merge ASeg Mon Mar  9 03:14:52 CET 2026
#@# Intensity Normalization2 Mon Mar  9 03:14:52 CET 2026
#@# Mask BFS Mon Mar  9 03:16:19 CET 2026
#@# WM Segmentation Mon Mar  9 03:16:20 CET 2026
#@# Fill Mon Mar  9 03:17:59 CET 2026
recon-all -s sub-v1s17x0050249_ses-1 finished without error at Mon Mar  9 03:18:37 CET 2026



#New# invocation of recon-all 



status file for recon-all
Mon Mar  9 04:08:38 CET 2026
#@# white curv lh Mon Mar  9 04:08:38 CET 2026
#@# white area lh Mon Mar  9 04:08:38 CET 2026
#@# pial curv lh Mon Mar  9 04:08:38 CET 2026
#@# pial area lh Mon Mar  9 04:08:38 CET 2026
#@# thickness lh Mon Mar  9 04:08:38 CET 2026
#@# area and vertex vol lh Mon Mar  9 04:08:38 CET 2026
#@# white curv rh Mon Mar  9 04:08:39 CET 2026
#@# white area rh Mon Mar  9 04:08:39 CET 2026
#@# pial curv rh Mon Mar  9 04:08:39 CET 2026
#@# pial area rh Mon Mar  9 04:08:39 CET 2026
#@# thickness rh Mon Mar  9 04:08:39 CET 2026
#@# area and vertex vol rh Mon Mar  9 04:08:39 CET 2026
#@# Cortical ribbon mask Mon Mar  9 04:08:39 CET 2026
recon-all -s sub-v1s17x0050249_ses-1 finished without error at Mon Mar  9 04:14:39 CET 2026



#New# invocation of recon-all 



status file for recon-all
Mon Mar  9 04:20:46 CET 2026
#@# white curv lh Mon Mar  9 04:20:47 CET 2026
#@# white area lh Mon Mar  9 04:20:47 CET 2026
#@# pial curv lh Mon Mar  9 04:20:47 CET 2026
#@# pial area lh Mon Mar  9 04:20:47 CET 2026
#@# thickness lh Mon Mar  9 04:20:47 CET 2026
#@# area and vertex vol lh Mon Mar  9 04:20:47 CET 2026
#@# white curv rh Mon Mar  9 04:20:47 CET 2026
#@# white area rh Mon Mar  9 04:20:47 CET 2026
#@# pial curv rh Mon Mar  9 04:20:47 CET 2026
#@# pial area rh Mon Mar  9 04:20:47 CET 2026
#@# thickness rh Mon Mar  9 04:20:47 CET 2026
#@# area and vertex vol rh Mon Mar  9 04:20:47 CET 2026
#@# Curvature Stats lh Mon Mar  9 04:20:47 CET 2026
#@# Curvature Stats rh Mon Mar  9 04:20:49 CET 2026
#@# Relabel Hypointensities Mon Mar  9 04:20:51 CET 2026
#@# APas-to-ASeg Mon Mar  9 04:21:04 CET 2026
#@# AParc-to-ASeg aparc Mon Mar  9 04:21:10 CET 2026
#@# AParc-to-ASeg aparc.a2009s Mon Mar  9 04:21:41 CET 2026
#@# AParc-to-ASeg aparc.DKTatlas Mon Mar  9 04:22:10 CET 2026
#@# WMParc Mon Mar  9 04:22:42 CET 2026
#@# ASeg Stats Mon Mar  9 04:24:35 CET 2026
recon-all -s sub-v1s17x0050249_ses-1 finished without error at Mon Mar  9 04:24:55 CET 2026
