status file for recon-all
Mon Mar  9 03:18:40 CET 2026
#@# Tessellate lh Mon Mar  9 03:18:40 CET 2026
#@# Smooth1 lh Mon Mar  9 03:18:43 CET 2026
#@# Inflation1 lh Mon Mar  9 03:18:45 CET 2026
#@# QSphere lh Mon Mar  9 03:19:00 CET 2026
#@# Fix Topology lh Mon Mar  9 03:19:54 CET 2026
#@# Smooth2 lh Mon Mar  9 03:25:35 CET 2026
#@# Inflation2 lh Mon Mar  9 03:25:37 CET 2026
#@# Curv .H and .K lh Mon Mar  9 03:25:52 CET 2026
#@# Sphere lh Mon Mar  9 03:26:34 CET 2026
#@# Surf Reg lh Mon Mar  9 03:30:11 CET 2026
#@# Jacobian white lh Mon Mar  9 03:34:26 CET 2026
#@# AvgCurv lh Mon Mar  9 03:34:27 CET 2026
#@# Cortical Parc lh Mon Mar  9 03:34:28 CET 2026
#@# white curv lh Mon Mar  9 03:41:09 CET 2026
#@# white area lh Mon Mar  9 03:41:11 CET 2026
#@# pial curv lh Mon Mar  9 03:41:11 CET 2026
#@# pial area lh Mon Mar  9 03:41:13 CET 2026
#@# thickness lh Mon Mar  9 03:41:14 CET 2026
#@# area and vertex vol lh Mon Mar  9 03:41:36 CET 2026
#@# Curvature Stats lh Mon Mar  9 03:41:37 CET 2026
#@# Cortical Parc 2 lh Mon Mar  9 03:41:40 CET 2026
#@# Cortical Parc 3 lh Mon Mar  9 03:41:51 CET 2026
#@# WM/GM Contrast lh Mon Mar  9 03:41:59 CET 2026
recon-all -s sub-v1s17x0050249_ses-1 finished without error at Mon Mar  9 03:42:02 CET 2026



#New# invocation of recon-all 



status file for recon-all
Mon Mar  9 04:14:43 CET 2026
#@# white curv lh Mon Mar  9 04:14:43 CET 2026
#@# white area lh Mon Mar  9 04:14:43 CET 2026
#@# pial curv lh Mon Mar  9 04:14:43 CET 2026
#@# pial area lh Mon Mar  9 04:14:43 CET 2026
#@# thickness lh Mon Mar  9 04:14:43 CET 2026
#@# area and vertex vol lh Mon Mar  9 04:14:43 CET 2026
#@# Parcellation Stats lh Mon Mar  9 04:14:43 CET 2026
#@# Parcellation Stats 2 lh Mon Mar  9 04:15:01 CET 2026
#@# Parcellation Stats 3 lh Mon Mar  9 04:15:11 CET 2026
#@# BA_exvivo Labels lh Mon Mar  9 04:15:20 CET 2026
recon-all -s sub-v1s17x0050249_ses-1 finished without error at Mon Mar  9 04:17:41 CET 2026
