status file for recon-all
Mon Mar  9 03:42:04 CET 2026
#@# Tessellate rh Mon Mar  9 03:42:04 CET 2026
#@# Smooth1 rh Mon Mar  9 03:42:07 CET 2026
#@# Inflation1 rh Mon Mar  9 03:42:10 CET 2026
#@# QSphere rh Mon Mar  9 03:42:25 CET 2026
#@# Fix Topology rh Mon Mar  9 03:43:21 CET 2026
#@# Smooth2 rh Mon Mar  9 03:49:42 CET 2026
#@# Inflation2 rh Mon Mar  9 03:49:44 CET 2026
#@# Curv .H and .K rh Mon Mar  9 03:49:59 CET 2026
#@# Sphere rh Mon Mar  9 03:50:41 CET 2026
#@# Surf Reg rh Mon Mar  9 03:55:36 CET 2026
#@# Jacobian white rh Mon Mar  9 04:01:04 CET 2026
#@# AvgCurv rh Mon Mar  9 04:01:05 CET 2026
#@# Cortical Parc rh Mon Mar  9 04:01:05 CET 2026
#@# white curv rh Mon Mar  9 04:07:39 CET 2026
#@# white area rh Mon Mar  9 04:07:40 CET 2026
#@# pial curv rh Mon Mar  9 04:07:41 CET 2026
#@# pial area rh Mon Mar  9 04:07:43 CET 2026
#@# thickness rh Mon Mar  9 04:07:44 CET 2026
#@# area and vertex vol rh Mon Mar  9 04:08:07 CET 2026
#@# Curvature Stats rh Mon Mar  9 04:08:08 CET 2026
#@# Cortical Parc 2 rh Mon Mar  9 04:08:10 CET 2026
#@# Cortical Parc 3 rh Mon Mar  9 04:08:23 CET 2026
#@# WM/GM Contrast rh Mon Mar  9 04:08:31 CET 2026
recon-all -s sub-v1s17x0050249_ses-1 finished without error at Mon Mar  9 04:08:34 CET 2026



#New# invocation of recon-all 



status file for recon-all
Mon Mar  9 04:17:43 CET 2026
#@# white curv rh Mon Mar  9 04:17:43 CET 2026
#@# white area rh Mon Mar  9 04:17:43 CET 2026
#@# pial curv rh Mon Mar  9 04:17:43 CET 2026
#@# pial area rh Mon Mar  9 04:17:43 CET 2026
#@# thickness rh Mon Mar  9 04:17:43 CET 2026
#@# area and vertex vol rh Mon Mar  9 04:17:43 CET 2026
#@# Parcellation Stats rh Mon Mar  9 04:17:43 CET 2026
#@# Parcellation Stats 2 rh Mon Mar  9 04:18:02 CET 2026
#@# Parcellation Stats 3 rh Mon Mar  9 04:18:12 CET 2026
#@# BA_exvivo Labels rh Mon Mar  9 04:18:22 CET 2026
recon-all -s sub-v1s17x0050249_ses-1 finished without error at Mon Mar  9 04:20:42 CET 2026
