/out/sourcedata/freesurfer/sub-v1s17x0050264_ses-1/mri
/opt/freesurfer/bin/talairach_avi
--i orig_nu.mgz --xfm transforms/talairach.auto.xfm
talairach_avi 7.3.2
Linux dna029 5.14.0-427.37.1.el9_4.x86_64 #1 SMP PREEMPT_DYNAMIC Fri Sep 13 12:41:50 EDT 2024 x86_64 x86_64 x86_64 GNU/Linux
Mon Mar  9 02:37:11 CET 2026
mri_convert orig_nu.mgz talsrcimg.img 
reading from orig_nu.mgz...
TR=0.00, TE=0.00, TI=0.00, flip angle=0.00
i_ras = (-1, 0, 0)
j_ras = (-7.45058e-09, 0, -1)
k_ras = (-5.82077e-11, 1, 9.31323e-10)
writing to talsrcimg.img...
Analyze Output Matrix
-1.00000  -0.00000  -0.00000   129.96219;
 0.00000   0.00000   1.00000  -126.34743;
 0.00000  -1.00000   0.00000   108.78789;
 0.00000   0.00000   0.00000   1.00000;
--------------------
INFO: set hdr.hist.orient to -1
mpr2mni305 talsrcimg
Mon Mar  9 02:37:11 CET 2026
/opt/freesurfer/bin/mpr2mni305 talsrcimg
mpr2mni305 7.3.2
target=711-2C_as_mni_average_305

---------------------------------------------------------------------
analyzeto4dfp talsrcimg -O0 -y
---------------------------------------------------------------------

freesurfer ifh2hdr.c
Mon Mar  9 02:37:11 2026
Writing: talsrcimg.4dfp.hdr
freesurfer analyzeto4dfp.c
Reading: talsrcimg.hdr
header size 348 bytes
hdr.dime.datatype	offset=70	value=2
hdr.dime.bitpix		offset=72	value=8
hdr.hist.orient		offset=252	value=-1
dimensionality     4
dimensions       256       256       256         1
Reading: talsrcimg.img
Writing: talsrcimg.4dfp.img
Writing: talsrcimg.4dfp.ifh
ifh2hdr talsrcimg -r0to255
ori=2

---------------------------------------------------------------------
gauss_4dfp talsrcimg 1.1
---------------------------------------------------------------------

freesurfer gauss_4dfp.c
Reading: talsrcimg.4dfp.img
Writing: talsrcimg_g11.4dfp.img
image dimensions 256 256 256 padded to 288 288 288
processing volume 1freesurfer ifh2hdr.c
Mon Mar  9 02:37:13 2026
Writing: talsrcimg_g11.4dfp.hdr

Writing: talsrcimg_g11.4dfp.ifh
including: talsrcimg.4dfp.img.rec in talsrcimg_g11.4dfp.img.rec

---------------------------------------------------------------------
imgreg_4dfp /opt/freesurfer/average/711-2C_as_mni_average_305 none talsrcimg_g11 none talsrcimg_to_711-2C_as_mni_average_305_t4 4355
---------------------------------------------------------------------

freesurfer imgreg_4dfp.c
/opt/freesurfer/average/711-2C_as_mni_average_305.4dfp.img
       256       256       256         1
  1.000000  1.000000  1.000000
orientation T byte_order littleendian
Reading image: /opt/freesurfer/average/711-2C_as_mni_average_305.4dfp.img
dimensions:      256       256       256
mmppix:       1.0000   -1.0000   -1.0000
center:     128.0000 -129.0000 -129.0000
talsrcimg_g11.4dfp.img
       256       256       256         1
  1.000000  1.000000  1.000000
orientation T byte_order littleendian
Reading image: talsrcimg_g11.4dfp.img
dimensions:      256       256       256
mmppix:       1.0000   -1.0000   -1.0000
center:     128.0000 -129.0000 -129.0000
t4_read: open error in t4_sub.f l:  41 t4_file(1:l)talsrcimg_to_711-2C_as_mni_average_305_t4 
t4_read: transform initialized to I4
rotation matrix determinant  1.000000
image alignment mode   4355 decimal     1103 hex
   -7.5000  -45.0000  -45.0000 7281.7139   12.7715
    0.0000  -45.0000  -45.0000 7582.1885   12.7588
    7.5000  -45.0000  -45.0000 7232.3999   12.7543
   -7.5000  -37.5000  -45.0000 7941.2754   12.5671
    0.0000  -37.5000  -45.0000 8279.4062   12.5583
    7.5000  -37.5000  -45.0000 7882.5552   12.5544
   -7.5000  -30.0000  -45.0000 8962.1475   12.4408
    0.0000  -30.0000  -45.0000 9338.1455   12.4320
    7.5000  -30.0000  -45.0000 8875.5850   12.4256
   -7.5000  -22.5000  -45.0000 9970.5098   12.3746
    0.0000  -22.5000  -45.000010388.7217   12.3623
    7.5000  -22.5000  -45.0000 9880.0820   12.3530
   -7.5000  -15.0000  -45.000010944.5527   12.3731
    0.0000  -15.0000  -45.000011411.6230   12.3584
    7.5000  -15.0000  -45.000010849.1182   12.3488
   -7.5000   -7.5000  -45.000011839.6064   12.3709
    0.0000   -7.5000  -45.000012351.1777   12.3575
    7.5000   -7.5000  -45.000011746.8203   12.3505
   -7.5000    0.0000  -45.000012666.3398   12.3686
    0.0000    0.0000  -45.000013191.5518   12.3576
    7.5000    0.0000  -45.000012553.7656   12.3534
   -7.5000    7.5000  -45.000012528.5811   12.3672
    0.0000    7.5000  -45.000013032.4902   12.3586
    7.5000    7.5000  -45.000012424.6865   12.3546
   -7.5000   15.0000  -45.000012239.7490   12.3688
    0.0000   15.0000  -45.000012735.0225   12.3602
    7.5000   15.0000  -45.000012127.2061   12.3538
   -7.5000   22.5000  -45.000011763.8154   12.3708
    0.0000   22.5000  -45.000012243.6201   12.3585
    7.5000   22.5000  -45.000011641.4033   12.3492
   -7.5000   30.0000  -45.000011227.5957   12.2082
    0.0000   30.0000  -45.000011671.3203   12.1937
    7.5000   30.0000  -45.000011113.7480   12.1843
   -7.5000   37.5000  -45.000011092.3770   12.2061
    0.0000   37.5000  -45.000011544.9834   12.1928
    7.5000   37.5000  -45.000011002.3281   12.1860
   -7.5000   45.0000  -45.000010397.9111   11.8939
    0.0000   45.0000  -45.000010831.0020   11.8833
    7.5000   45.0000  -45.000010327.0508   11.8793
   -7.5000  -45.0000  -37.5000 7608.1558   12.7731
    0.0000  -45.0000  -37.5000 7938.7188   12.7564
    7.5000  -45.0000  -37.5000 7551.4678   12.7488
   -7.5000  -37.5000  -37.5000 8321.3223   12.5704
    0.0000  -37.5000  -37.5000 8690.4541   12.5580
    7.5000  -37.5000  -37.5000 8262.2373   12.5516
   -7.5000  -30.0000  -37.5000 9407.2334   12.4439
    0.0000  -30.0000  -37.5000 9813.7461   12.4323
    7.5000  -30.0000  -37.5000 9333.5293   12.4245
   -7.5000  -22.5000  -37.500010464.1182   12.3745
    0.0000  -22.5000  -37.500010909.5352   12.3602
    7.5000  -22.5000  -37.500010390.5918   12.3505
   -7.5000  -15.0000  -37.500011488.8066   12.3715
    0.0000  -15.0000  -37.500011973.5957   12.3545
    7.5000  -15.0000  -37.500011397.9443   12.3443
   -7.5000   -7.5000  -37.500012460.8369   12.3711
    0.0000   -7.5000  -37.500012971.3125   12.3544
    7.5000   -7.5000  -37.500012359.6426   12.3453
   -7.5000    0.0000  -37.500013302.3389   12.3710
    0.0000    0.0000  -37.500013840.9824   12.3564
    7.5000    0.0000  -37.500013190.2578   12.3489
   -7.5000    7.5000  -37.500013148.9834   12.3709
    0.0000    7.5000  -37.500013698.5654   12.3588
    7.5000    7.5000  -37.500013040.2676   12.3522
   -7.5000   15.0000  -37.500012836.4883   12.3719
    0.0000   15.0000  -37.500013367.6953   12.3604
    7.5000   15.0000  -37.500012721.3623   12.3527
   -7.5000   22.5000  -37.500012327.9238   12.3706
    0.0000   22.5000  -37.500012841.9590   12.3563
    7.5000   22.5000  -37.500012203.2842   12.3467
   -7.5000   30.0000  -37.500011747.4092   12.2066
    0.0000   30.0000  -37.500012228.1699   12.1898
    7.5000   30.0000  -37.500011631.1094   12.1798
   -7.5000   37.5000  -37.500011606.3906   12.2063
    0.0000   37.5000  -37.500012081.2744   12.1897
    7.5000   37.5000  -37.500011484.8525   12.1808
   -7.5000   45.0000  -37.500010872.6396   11.8962
    0.0000   45.0000  -37.500011332.8711   11.8821
    7.5000   45.0000  -37.500010789.4199   11.8750
   -7.5000  -45.0000  -30.0000 8076.2124   13.3074
    0.0000  -45.0000  -30.0000 8411.2734   13.2945
    7.5000  -45.0000  -30.0000 8009.7485   13.2872
   -7.5000  -37.5000  -30.0000 8863.1201   13.0976
    0.0000  -37.5000  -30.0000 9238.6914   13.0883
    7.5000  -37.5000  -30.0000 8811.5459   13.0816
   -7.5000  -30.0000  -30.000010012.8008   12.9675
    0.0000  -30.0000  -30.000010447.3584   12.9586
    7.5000  -30.0000  -30.0000 9950.6631   12.9498
   -7.5000  -22.5000  -30.000011115.4854   12.8949
    0.0000  -22.5000  -30.000011604.9717   12.8840
    7.5000  -22.5000  -30.000011060.0605   12.8733
   -7.5000  -15.0000  -30.000012183.0537   12.8903
    0.0000  -15.0000  -30.000012724.6924   12.8777
    7.5000  -15.0000  -30.000012115.8545   12.8668
   -7.5000   -7.5000  -30.000013239.0527   12.8893
    0.0000   -7.5000  -30.000013821.8447   12.8767
    7.5000   -7.5000  -30.000013147.7275   12.8675
   -7.5000    0.0000  -30.000014149.0391   12.8890
    0.0000    0.0000  -30.000014758.0527   12.8780
    7.5000    0.0000  -30.000014028.5811   12.8707
   -7.5000    7.5000  -30.000013984.5615   12.8898
    0.0000    7.5000  -30.000014585.7441   12.8807
    7.5000    7.5000  -30.000013849.4512   12.8737
   -7.5000   15.0000  -30.000013628.0986   12.8924
    0.0000   15.0000  -30.000014209.8613   12.8835
    7.5000   15.0000  -30.000013482.8896   12.8748
   -7.5000   22.5000  -30.000013084.0557   12.8895
    0.0000   22.5000  -30.000013656.5820   12.8787
    7.5000   22.5000  -30.000012973.9375   12.8680
   -7.5000   30.0000  -30.000012441.1455   12.7197
    0.0000   30.0000  -30.000012999.8320   12.7073
    7.5000   30.0000  -30.000012341.8984   12.6965
   -7.5000   37.5000  -30.000012252.8457   12.7187
    0.0000   37.5000  -30.000012779.5977   12.7063
    7.5000   37.5000  -30.000012141.6016   12.6973
   -7.5000   45.0000  -30.000011481.6523   12.4035
    0.0000   45.0000  -30.000011973.1299   12.3928
    7.5000   45.0000  -30.000011392.8857   12.3858
   -7.5000  -45.0000  -22.5000 8508.6748   13.7383
    0.0000  -45.0000  -22.5000 8864.9678   13.7350
    7.5000  -45.0000  -22.5000 8457.7979   13.7325
   -7.5000  -37.5000  -22.5000 9346.8330   13.5207
    0.0000  -37.5000  -22.5000 9745.1748   13.5193
    7.5000  -37.5000  -22.5000 9296.2480   13.5160
   -7.5000  -30.0000  -22.500010560.7695   13.3888
    0.0000  -30.0000  -22.500011008.9424   13.3860
    7.5000  -30.0000  -22.500010505.2539   13.3779
   -7.5000  -22.5000  -22.500011730.4785   13.3186
    0.0000  -22.5000  -22.500012234.2529   13.3134
    7.5000  -22.5000  -22.500011681.0801   13.3018
   -7.5000  -15.0000  -22.500012850.7979   13.3152
    0.0000  -15.0000  -22.500013412.2871   13.3099
    7.5000  -15.0000  -22.500012806.3525   13.2990
   -7.5000   -7.5000  -22.500013981.9014   13.3109
    0.0000   -7.5000  -22.500014582.2510   13.3071
    7.5000   -7.5000  -22.500013889.3057   13.3008
   -7.5000    0.0000  -22.500014973.8867   13.3066
    0.0000    0.0000  -22.500015616.6797   13.3046
    7.5000    0.0000  -22.500014856.7627   13.3020
   -7.5000    7.5000  -22.500014811.8047   13.3060
    0.0000    7.5000  -22.500015445.7871   13.3046
    7.5000    7.5000  -22.500014656.1260   13.3009
   -7.5000   15.0000  -22.500014400.2930   13.3113
    0.0000   15.0000  -22.500015013.4121   13.3084
    7.5000   15.0000  -22.500014256.5752   13.3003
   -7.5000   22.5000  -22.500013833.2314   13.3122
    0.0000   22.5000  -22.500014437.3193   13.3070
    7.5000   22.5000  -22.500013723.3281   13.2954
   -7.5000   30.0000  -22.500013111.1680   13.1410
    0.0000   30.0000  -22.500013720.2695   13.1358
    7.5000   30.0000  -22.500013033.1436   13.1250
   -7.5000   37.5000  -22.500012867.1270   13.1368
    0.0000   37.5000  -22.500013435.1846   13.1331
    7.5000   37.5000  -22.500012751.4326   13.1268
   -7.5000   45.0000  -22.500012065.6777   12.8149
    0.0000   45.0000  -22.500012582.0059   12.8130
    7.5000   45.0000  -22.500011963.1123   12.8105
   -7.5000  -45.0000  -15.0000 8914.8242   14.0450
    0.0000  -45.0000  -15.0000 9284.3203   14.0470
    7.5000  -45.0000  -15.0000 8865.5332   14.0492
   -7.5000  -37.5000  -15.0000 9787.6426   13.8206
    0.0000  -37.5000  -15.000010189.9922   13.8237
    7.5000  -37.5000  -15.0000 9727.7471   13.8239
   -7.5000  -30.0000  -15.000011052.5186   13.6869
    0.0000  -30.0000  -15.000011538.7285   13.6873
    7.5000  -30.0000  -15.000011009.1035   13.6806
   -7.5000  -22.5000  -15.000012327.2354   13.6200
    0.0000  -22.5000  -15.000012860.7539   13.6170
    7.5000  -22.5000  -15.000012265.3105   13.6052
   -7.5000  -15.0000  -15.000013502.9404   13.6187
    0.0000  -15.0000  -15.000014089.4453   13.6161
    7.5000  -15.0000  -15.000013440.7266   13.6060
   -7.5000   -7.5000  -15.000014654.7979   13.6115
    0.0000   -7.5000  -15.000015276.2031   13.6120
    7.5000   -7.5000  -15.000014565.8467   13.6089
   -7.5000    0.0000  -15.000015704.0166   13.6034
    0.0000    0.0000  -15.000016391.9609   13.6063
    7.5000    0.0000  -15.000015582.7627   13.6084
   -7.5000    7.5000  -15.000015613.6377   13.6010
    0.0000    7.5000  -15.000016273.7568   13.6038
    7.5000    7.5000  -15.000015425.1914   13.6039
   -7.5000   15.0000  -15.000015228.9258   13.6079
    0.0000   15.0000  -15.000015873.6182   13.6081
    7.5000   15.0000  -15.000015054.6816   13.6014
   -7.5000   22.5000  -15.000014625.2627   13.6128
    0.0000   22.5000  -15.000015256.4385   13.6098
    7.5000   22.5000  -15.000014470.9473   13.5981
   -7.5000   30.0000  -15.000013826.3535   13.4425
    0.0000   30.0000  -15.000014459.7676   13.4399
    7.5000   30.0000  -15.000013710.0801   13.4299
   -7.5000   37.5000  -15.000013515.3389   13.4353
    0.0000   37.5000  -15.000014114.1533   13.4359
    7.5000   37.5000  -15.000013356.0898   13.4328
   -7.5000   45.0000  -15.000012671.2842   13.1087
    0.0000   45.0000  -15.000013220.4590   13.1115
    7.5000   45.0000  -15.000012519.3516   13.1135
   -7.5000  -45.0000   -7.5000 9287.0273   14.2178
    0.0000  -45.0000   -7.5000 9651.8408   14.2140
    7.5000  -45.0000   -7.5000 9222.7822   14.2145
   -7.5000  -37.5000   -7.500010219.9785   13.9901
    0.0000  -37.5000   -7.500010628.6104   13.9887
    7.5000  -37.5000   -7.500010147.7881   13.9880
   -7.5000  -30.0000   -7.500011577.1123   13.8526
    0.0000  -30.0000   -7.500012065.4561   13.8494
    7.5000  -30.0000   -7.500011519.2920   13.8431
   -7.5000  -22.5000   -7.500012921.6689   13.7838
    0.0000  -22.5000   -7.500013475.0684   13.7765
    7.5000  -22.5000   -7.500012848.1162   13.7656
   -7.5000  -15.0000   -7.500014161.2959   13.7830
    0.0000  -15.0000   -7.500014790.3057   13.7747
    7.5000  -15.0000   -7.500014111.9951   13.7648
   -7.5000   -7.5000   -7.500015339.9121   13.7769
    0.0000   -7.5000   -7.500016000.2285   13.7715
    7.5000   -7.5000   -7.500015296.4043   13.7674
   -7.5000    0.0000   -7.500016425.7285   13.7702
    0.0000    0.0000   -7.500017118.9922   13.7676
    7.5000    0.0000   -7.500016331.4238   13.7682
   -7.5000    7.5000   -7.500016428.4336   13.7677
    0.0000    7.5000   -7.500017121.3867   13.7662
    7.5000    7.5000   -7.500016183.5312   13.7654
   -7.5000   15.0000   -7.500016225.7832   13.7728
    0.0000   15.0000   -7.500016936.8398   13.7695
    7.5000   15.0000   -7.500015893.1846   13.7632
   -7.5000   22.5000   -7.500015608.6104   13.7750
    0.0000   22.5000   -7.500016271.0381   13.7677
    7.5000   22.5000   -7.500015270.6602   13.7569
   -7.5000   30.0000   -7.500014659.4395   13.6042
    0.0000   30.0000   -7.500015310.5977   13.5960
    7.5000   30.0000   -7.500014418.9980   13.5862
   -7.5000   37.5000   -7.500014226.0410   13.5983
    0.0000   37.5000   -7.500014852.7002   13.5929
    7.5000   37.5000   -7.500014007.3604   13.5889
   -7.5000   45.0000   -7.500013298.8525   13.2719
    0.0000   45.0000   -7.500013877.2529   13.2694
    7.5000   45.0000   -7.500013105.5020   13.2699
   -7.5000  -45.0000    0.0000 9579.8291   14.2738
    0.0000  -45.0000    0.0000 9971.1758   14.2595
    7.5000  -45.0000    0.0000 9534.1562   14.2546
   -7.5000  -37.5000    0.000010550.8105   14.0456
    0.0000  -37.5000    0.000010998.5156   14.0356
    7.5000  -37.5000    0.000010506.0674   14.0313
   -7.5000  -30.0000    0.000011972.5879   13.9045
    0.0000  -30.0000    0.000012490.3887   13.8946
    7.5000  -30.0000    0.000011892.1602   13.8874
   -7.5000  -22.5000    0.000013360.2324   13.8308
    0.0000  -22.5000    0.000013948.8203   13.8169
    7.5000  -22.5000    0.000013292.7520   13.8064
   -7.5000  -15.0000    0.000014697.4268   13.8292
    0.0000  -15.0000    0.000015355.8389   13.8126
    7.5000  -15.0000    0.000014644.2852   13.8019
   -7.5000   -7.5000    0.000015945.2588   13.8268
    0.0000   -7.5000    0.000016656.0273   13.8116
    7.5000   -7.5000    0.000015876.8418   13.8039
   -7.5000    0.0000    0.000017056.6074   13.8241
    0.0000    0.0000    0.000017768.8594   13.8117
    7.5000    0.0000    0.000016920.4414   13.8070
   -7.5000    7.5000    0.000017044.1680   13.8224
    0.0000    7.5000    0.000017819.3711   13.8127
    7.5000    7.5000    0.000016759.7754   13.8082
   -7.5000   15.0000    0.000016919.2031   13.8242
    0.0000   15.0000    0.000017732.0293   13.8144
    7.5000   15.0000    0.000016527.2402   13.8073
   -7.5000   22.5000    0.000016271.9678   13.8220
    0.0000   22.5000    0.000017045.0176   13.8081
    7.5000   22.5000    0.000015910.8750   13.7977
   -7.5000   30.0000    0.000015324.0381   13.6503
    0.0000   30.0000    0.000016054.9844   13.6339
    7.5000   30.0000    0.000015056.5312   13.6233
   -7.5000   37.5000    0.000014843.7979   13.6479
    0.0000   37.5000    0.000015522.8184   13.6329
    7.5000   37.5000    0.000014590.5381   13.6253
   -7.5000   45.0000    0.000013797.6123   13.3249
    0.0000   45.0000    0.000014380.1025   13.3129
    7.5000   45.0000    0.000013596.7285   13.3084
   -7.5000  -45.0000    7.5000 9140.2002   14.2935
    0.0000  -45.0000    7.5000 9541.9355   14.2748
    7.5000  -45.0000    7.5000 9100.0898   14.2663
   -7.5000  -37.5000    7.500010113.1719   14.0666
    0.0000  -37.5000    7.500010571.7783   14.0527
    7.5000  -37.5000    7.500010049.1689   14.0456
   -7.5000  -30.0000    7.500011483.8867   13.9251
    0.0000  -30.0000    7.500011976.6895   13.9121
    7.5000  -30.0000    7.500011379.4180   13.9033
   -7.5000  -22.5000    7.500012815.8047   13.8474
    0.0000  -22.5000    7.500013360.7129   13.8313
    7.5000  -22.5000    7.500012719.8594   13.8206
   -7.5000  -15.0000    7.500014104.9980   13.8440
    0.0000  -15.0000    7.500014695.9961   13.8250
    7.5000  -15.0000    7.500013991.6191   13.8136
   -7.5000   -7.5000    7.500015282.6816   13.8436
    0.0000   -7.5000    7.500015930.8447   13.8248
    7.5000   -7.5000    7.500015198.9600   13.8147
   -7.5000    0.0000    7.500016375.5273   13.8435
    0.0000    0.0000    7.500017066.0254   13.8271
    7.5000    0.0000    7.500016251.6426   13.8188
   -7.5000    7.5000    7.500016357.8105   13.8433
    0.0000    7.5000    7.500017084.7402   13.8299
    7.5000    7.5000    7.500016153.0361   13.8224
   -7.5000   15.0000    7.500016080.3926   13.8445
    0.0000   15.0000    7.500016785.0000   13.8316
    7.5000   15.0000    7.500015905.3516   13.8230
   -7.5000   22.5000    7.500015389.5381   13.8386
    0.0000   22.5000    7.500016054.8047   13.8226
    7.5000   22.5000    7.500015292.5176   13.8118
   -7.5000   30.0000    7.500014550.7021   13.6648
    0.0000   30.0000    7.500015236.2695   13.6460
    7.5000   30.0000    7.500014469.2012   13.6348
   -7.5000   37.5000    7.500014185.9648   13.6645
    0.0000   37.5000    7.500014845.6396   13.6459
    7.5000   37.5000    7.500014052.3564   13.6359
   -7.5000   45.0000    7.500013184.2432   13.3436
    0.0000   45.0000    7.500013750.1709   13.3277
    7.5000   45.0000    7.500013043.0098   13.3197
   -7.5000  -45.0000   15.0000 8614.0098   14.3115
    0.0000  -45.0000   15.0000 8992.6465   14.2976
    7.5000  -45.0000   15.0000 8549.3330   14.2897
   -7.5000  -37.5000   15.0000 9549.6074   14.0854
    0.0000  -37.5000   15.0000 9978.4971   14.0753
    7.5000  -37.5000   15.0000 9467.8301   14.0682
   -7.5000  -30.0000   15.000010828.9355   13.9453
    0.0000  -30.0000   15.000011298.6436   13.9356
    7.5000  -30.0000   15.000010730.2061   13.9262
   -7.5000  -22.5000   15.000012052.6328   13.8672
    0.0000  -22.5000   15.000012570.4365   13.8554
    7.5000  -22.5000   15.000011963.9639   13.8439
   -7.5000  -15.0000   15.000013248.6406   13.8623
    0.0000  -15.0000   15.000013797.8096   13.8487
    7.5000  -15.0000   15.000013148.9746   13.8370
   -7.5000   -7.5000   15.000014353.5312   13.8612
    0.0000   -7.5000   15.000014931.9766   13.8476
    7.5000   -7.5000   15.000014285.2178   13.8378
   -7.5000    0.0000   15.000015381.6758   13.8609
    0.0000    0.0000   15.000016020.0283   13.8489
    7.5000    0.0000   15.000015295.0068   13.8411
   -7.5000    7.5000   15.000015313.0674   13.8616
    0.0000    7.5000   15.000015979.0752   13.8517
    7.5000    7.5000   15.000015224.8271   13.8442
   -7.5000   15.0000   15.000015011.6045   13.8643
    0.0000   15.0000   15.000015643.6670   13.8548
    7.5000   15.0000   15.000014986.1377   13.8454
   -7.5000   22.5000   15.000014403.5430   13.8584
    0.0000   22.5000   15.000014988.5078   13.8466
    7.5000   22.5000   15.000014414.6826   13.8351
   -7.5000   30.0000   15.000013702.2490   13.6829
    0.0000   30.0000   15.000014275.4404   13.6694
    7.5000   30.0000   15.000013658.9248   13.6579
   -7.5000   37.5000   15.000013382.1797   13.6818
    0.0000   37.5000   15.000013942.0010   13.6684
    7.5000   37.5000   15.000013285.8516   13.6587
   -7.5000   45.0000   15.000012402.7490   13.3603
    0.0000   45.0000   15.000012898.8369   13.3488
    7.5000   45.0000   15.000012307.5557   13.3413
   -7.5000  -45.0000   22.5000 7990.5537   14.4065
    0.0000  -45.0000   22.5000 8332.9277   14.4026
    7.5000  -45.0000   22.5000 7923.8818   14.3996
   -7.5000  -37.5000   22.5000 8862.3350   14.1759
    0.0000  -37.5000   22.5000 9266.2930   14.1741
    7.5000  -37.5000   22.5000 8784.8252   14.1703
   -7.5000  -30.0000   22.500010033.4941   14.0361
    0.0000  -30.0000   22.500010503.0908   14.0328
    7.5000  -30.0000   22.5000 9979.7627   14.0241
   -7.5000  -22.5000   22.500011166.9600   13.9617
    0.0000  -22.5000   22.500011670.8857   13.9560
    7.5000  -22.5000   22.500011106.2744   13.9434
   -7.5000  -15.0000   22.500012277.8848   13.9583
    0.0000  -15.0000   22.500012791.9355   13.9523
    7.5000  -15.0000   22.500012191.7568   13.9405
   -7.5000   -7.5000   22.500013302.9346   13.9539
    0.0000   -7.5000   22.500013835.5020   13.9495
    7.5000   -7.5000   22.500013228.9385   13.9425
   -7.5000    0.0000   22.500014271.0088   13.9494
    0.0000    0.0000   22.500014870.8857   13.9468
    7.5000    0.0000   22.500014202.5391   13.9437
   -7.5000    7.5000   22.500014211.8086   13.9487
    0.0000    7.5000   22.500014782.8975   13.9467
    7.5000    7.5000   22.500014141.0400   13.9426
   -7.5000   15.0000   22.500013903.1094   13.9541
    0.0000   15.0000   22.500014435.1865   13.9507
    7.5000   15.0000   22.500013862.7588   13.9420
   -7.5000   22.5000   22.500013409.9072   13.9529
    0.0000   22.5000   22.500013911.1729   13.9471
    7.5000   22.5000   22.500013381.9580   13.9346
   -7.5000   30.0000   22.500012814.8652   13.7777
    0.0000   30.0000   22.500013314.2012   13.7717
    7.5000   30.0000   22.500012766.4844   13.7601
   -7.5000   37.5000   22.500012522.8926   13.7733
    0.0000   37.5000   22.500013009.3740   13.7690
    7.5000   37.5000   22.500012429.3359   13.7621
   -7.5000   45.0000   22.500011584.7266   13.4456
    0.0000   45.0000   22.500012020.5273   13.4431
    7.5000   45.0000   22.500011488.2266   13.4402
   -7.5000  -45.0000   30.0000 7312.6626   14.6312
    0.0000  -45.0000   30.0000 7632.0366   14.6331
    7.5000  -45.0000   30.0000 7264.6138   14.6347
   -7.5000  -37.5000   30.0000 8111.6309   14.3913
    0.0000  -37.5000   30.0000 8481.2969   14.3946
    7.5000  -37.5000   30.0000 8048.5693   14.3945
   -7.5000  -30.0000   30.0000 9206.0693   14.2488
    0.0000  -30.0000   30.0000 9617.2412   14.2492
    7.5000  -30.0000   30.0000 9142.6777   14.2422
   -7.5000  -22.5000   30.000010256.3242   14.1775
    0.0000  -22.5000   30.000010696.9326   14.1743
    7.5000  -22.5000   30.000010190.0254   14.1618
   -7.5000  -15.0000   30.000011274.0654   14.1761
    0.0000  -15.0000   30.000011744.8018   14.1733
    7.5000  -15.0000   30.000011205.0459   14.1619
   -7.5000   -7.5000   30.000012238.4336   14.1679
    0.0000   -7.5000   30.000012755.1621   14.1683
    7.5000   -7.5000   30.000012172.0684   14.1641
   -7.5000    0.0000   30.000013132.0498   14.1589
    0.0000    0.0000   30.000013709.7129   14.1618
    7.5000    0.0000   30.000013101.4600   14.1633
   -7.5000    7.5000   30.000013051.0381   14.1566
    0.0000    7.5000   30.000013578.8828   14.1595
    7.5000    7.5000   30.000013009.4648   14.1592
   -7.5000   15.0000   30.000012759.2910   14.1644
    0.0000   15.0000   30.000013245.5537   14.1646
    7.5000   15.0000   30.000012708.4238   14.1576
   -7.5000   22.5000   30.000012332.0654   14.1684
    0.0000   22.5000   30.000012804.2588   14.1653
    7.5000   22.5000   30.000012290.7314   14.1528
   -7.5000   30.0000   30.000011799.9453   13.9927
    0.0000   30.0000   30.000012279.3125   13.9898
    7.5000   30.0000   30.000011771.6602   13.9786
   -7.5000   37.5000   30.000011550.5400   13.9846
    0.0000   37.5000   30.000012029.4111   13.9850
    7.5000   37.5000   30.000011496.0137   13.9808
   -7.5000   45.0000   30.000010694.7285   13.6476
    0.0000   45.0000   30.000011118.5293   13.6504
    7.5000   45.0000   30.000010626.9883   13.6518
   -7.5000  -45.0000   37.5000 6969.5137   15.0813
    0.0000  -45.0000   37.5000 7269.7729   15.0768
    7.5000  -45.0000   37.5000 6932.1216   15.0777
   -7.5000  -37.5000   37.5000 7719.3696   14.8263
    0.0000  -37.5000   37.5000 8056.0000   14.8245
    7.5000  -37.5000   37.5000 7682.9810   14.8237
   -7.5000  -30.0000   37.5000 8761.1055   14.6749
    0.0000  -30.0000   37.5000 9137.2881   14.6706
    7.5000  -30.0000   37.5000 8708.8594   14.6632
   -7.5000  -22.5000   37.5000 9769.6807   14.6002
    0.0000  -22.5000   37.500010194.8877   14.5907
    7.5000  -22.5000   37.5000 9710.3984   14.5781
   -7.5000  -15.0000   37.500010755.4746   14.5994
    0.0000  -15.0000   37.500011221.5225   14.5887
    7.5000  -15.0000   37.500010689.9717   14.5776
   -7.5000   -7.5000   37.500011688.9443   14.5898
    0.0000   -7.5000   37.500012191.1719   14.5830
    7.5000   -7.5000   37.500011621.5195   14.5787
   -7.5000    0.0000   37.500012538.2764   14.5796
    0.0000    0.0000   37.500013085.1963   14.5767
    7.5000    0.0000   37.500012485.7129   14.5775
   -7.5000    7.5000   37.500012435.5723   14.5773
    0.0000    7.5000   37.500012959.7676   14.5754
    7.5000    7.5000   37.500012383.1514   14.5745
   -7.5000   15.0000   37.500012162.3086   14.5855
    0.0000   15.0000   37.500012660.6104   14.5811
    7.5000   15.0000   37.500012107.0117   14.5737
   -7.5000   22.5000   37.500011758.2051   14.5908
    0.0000   22.5000   37.500012242.3213   14.5813
    7.5000   22.5000   37.500011711.0010   14.5688
   -7.5000   30.0000   37.500011274.6670   14.4104
    0.0000   30.0000   37.500011747.1475   14.3999
    7.5000   30.0000   37.500011219.3926   14.3889
   -7.5000   37.5000   37.500011061.7539   14.4010
    0.0000   37.5000   37.500011516.8711   14.3943
    7.5000   37.5000   37.500010998.8438   14.3900
   -7.5000   45.0000   37.500010251.1328   14.0531
    0.0000   45.0000   37.500010665.3672   14.0502
    7.5000   45.0000   37.500010185.1631   14.0510
   -7.5000  -45.0000   45.0000 6367.4419   15.5960
    0.0000  -45.0000   45.0000 6632.1328   15.5803
    7.5000  -45.0000   45.0000 6327.8208   15.5753
   -7.5000  -37.5000   45.0000 7050.2134   15.3325
    0.0000  -37.5000   45.0000 7339.1445   15.3201
    7.5000  -37.5000   45.0000 7008.5288   15.3144
   -7.5000  -30.0000   45.0000 7985.9009   15.1716
    0.0000  -30.0000   45.0000 8294.7178   15.1580
    7.5000  -30.0000   45.0000 7917.6055   15.1473
   -7.5000  -22.5000   45.0000 8927.7539   15.0882
    0.0000  -22.5000   45.0000 9276.5586   15.0706
    7.5000  -22.5000   45.0000 8835.8945   15.0559
   -7.5000  -15.0000   45.0000 9842.0127   15.0839
    0.0000  -15.0000   45.000010240.7891   15.0649
    7.5000  -15.0000   45.0000 9731.2910   15.0511
   -7.5000   -7.5000   45.000010690.5195   15.0726
    0.0000   -7.5000   45.000011154.3066   15.0565
    7.5000   -7.5000   45.000010606.3213   15.0478
   -7.5000    0.0000   45.000011467.4580   15.0638
    0.0000    0.0000   45.000011971.1162   15.0505
    7.5000    0.0000   45.000011422.1797   15.0458
   -7.5000    7.5000   45.000011351.9336   15.0652
    0.0000    7.5000   45.000011824.2656   15.0532
    7.5000    7.5000   45.000011289.8955   15.0473
   -7.5000   15.0000   45.000011111.2539   15.0755
    0.0000   15.0000   45.000011546.1475   15.0620
    7.5000   15.0000   45.000011021.3887   15.0514
   -7.5000   22.5000   45.000010760.7129   15.0784
    0.0000   22.5000   45.000011187.7637   15.0608
    7.5000   22.5000   45.000010671.3252   15.0460
   -7.5000   30.0000   45.000010309.0576   14.8873
    0.0000   30.0000   45.000010725.1543   14.8687
    7.5000   30.0000   45.000010244.3086   14.8550
   -7.5000   37.5000   45.000010121.3369   14.8762
    0.0000   37.5000   45.000010540.6650   14.8604
    7.5000   37.5000   45.000010069.1533   14.8518
   -7.5000   45.0000   45.0000 9405.3691   14.5264
    0.0000   45.0000   45.0000 9819.2129   14.5135
    7.5000   45.0000   45.0000 9351.6826   14.5090

---------------------------------------------------------------------
imgreg_4dfp /opt/freesurfer/average/711-2C_as_mni_average_305 /opt/freesurfer/average/711-2B_as_mni_average_305_mask talsrcimg_g11 none talsrcimg_to_711-2C_as_mni_average_305_t4 4355
---------------------------------------------------------------------

freesurfer imgreg_4dfp.c
/opt/freesurfer/average/711-2C_as_mni_average_305.4dfp.img
       256       256       256         1
  1.000000  1.000000  1.000000
orientation T byte_order littleendian
Reading image: /opt/freesurfer/average/711-2C_as_mni_average_305.4dfp.img
dimensions:      256       256       256
mmppix:       1.0000   -1.0000   -1.0000
center:     128.0000 -129.0000 -129.0000
/opt/freesurfer/average/711-2B_as_mni_average_305_mask.4dfp.img
       256       256       256         1
  1.000000  1.000000  1.000000
orientation T byte_order littleendian
Reading mask: /opt/freesurfer/average/711-2B_as_mni_average_305_mask.4dfp.img (2306576 pixels)
talsrcimg_g11.4dfp.img
       256       256       256         1
  1.000000  1.000000  1.000000
orientation T byte_order littleendian
Reading image: talsrcimg_g11.4dfp.img
dimensions:      256       256       256
mmppix:       1.0000   -1.0000   -1.0000
center:     128.0000 -129.0000 -129.0000
rotation matrix determinant  1.000000
image alignment mode   4355 decimal     1103 hex
   -7.5000  -37.5000  -45.0000 2126.5881   14.6946
    0.0000  -37.5000  -45.0000 2132.7058   14.7445
    7.5000  -37.5000  -45.0000 2106.0193   14.9365
   -7.5000  -30.0000  -45.0000 2245.7480   13.2051
    0.0000  -30.0000  -45.0000 2249.2222   13.2414
    7.5000  -30.0000  -45.0000 2220.9866   13.3747
   -7.5000  -22.5000  -45.0000 2346.8843   12.0757
    0.0000  -22.5000  -45.0000 2350.2158   12.0914
    7.5000  -22.5000  -45.0000 2321.9790   12.2174
   -7.5000  -15.0000  -45.0000 2424.7031   11.2364
    0.0000  -15.0000  -45.0000 2430.3850   11.2305
    7.5000  -15.0000  -45.0000 2401.0039   11.3620
   -7.5000   -7.5000  -45.0000 2469.5610   10.6581
    0.0000   -7.5000  -45.0000 2480.7988   10.6357
    7.5000   -7.5000  -45.0000 2453.0361   10.7446
   -7.5000    0.0000  -45.0000 2505.0754   10.2979
    0.0000    0.0000  -45.0000 2510.5383   10.2412
    7.5000    0.0000  -45.0000 2482.6680   10.3801
   -7.5000    7.5000  -45.0000 2519.0186   10.1278
    0.0000    7.5000  -45.0000 2524.9976   10.0552
    7.5000    7.5000  -45.0000 2496.4246   10.2083
   -7.5000   15.0000  -45.0000 2521.3601   10.1049
    0.0000   15.0000  -45.0000 2525.9536   10.0558
    7.5000   15.0000  -45.0000 2494.5981   10.2277
   -7.5000   22.5000  -45.0000 2508.6968   10.2810
    0.0000   22.5000  -45.0000 2517.5742   10.2234
    7.5000   22.5000  -45.0000 2480.9304   10.4020
   -7.5000   30.0000  -45.0000 2473.0447   10.6088
    0.0000   30.0000  -45.0000 2479.1680   10.5597
    7.5000   30.0000  -45.0000 2445.7644   10.7321
   -7.5000   37.5000  -45.0000 2414.1868   11.1421
    0.0000   37.5000  -45.0000 2423.1079   11.0954
    7.5000   37.5000  -45.0000 2389.3726   11.2922
   -7.5000   45.0000  -45.0000 2333.8889   11.8807
    0.0000   45.0000  -45.0000 2341.6438   11.8332
    7.5000   45.0000  -45.0000 2308.8821   12.0492
   -7.5000   52.5000  -45.0000 2213.3652   12.7977
    0.0000   52.5000  -45.0000 2220.3655   12.7354
    7.5000   52.5000  -45.0000 2193.6804   12.9646
   -7.5000  -37.5000  -37.5000 2177.3044   14.0033
    0.0000  -37.5000  -37.5000 2181.0330   14.0625
    7.5000  -37.5000  -37.5000 2160.1572   14.2343
   -7.5000  -30.0000  -37.5000 2303.1528   12.6042
    0.0000  -30.0000  -37.5000 2310.4473   12.6405
    7.5000  -30.0000  -37.5000 2281.0996   12.7804
   -7.5000  -22.5000  -37.5000 2409.2847   11.4879
    0.0000  -22.5000  -37.5000 2416.9885   11.4835
    7.5000  -22.5000  -37.5000 2387.0330   11.6362
   -7.5000  -15.0000  -37.5000 2491.3401   10.6240
    0.0000  -15.0000  -37.5000 2503.1648   10.6020
    7.5000  -15.0000  -37.5000 2470.8181   10.7495
   -7.5000   -7.5000  -37.5000 2549.3257   10.0354
    0.0000   -7.5000  -37.5000 2558.9695   10.0060
    7.5000   -7.5000  -37.5000 2531.9568   10.1317
   -7.5000    0.0000  -37.5000 2588.8994    9.6702
    0.0000    0.0000  -37.5000 2593.3418    9.6247
    7.5000    0.0000  -37.5000 2567.6335    9.7413
   -7.5000    7.5000  -37.5000 2610.2285    9.5074
    0.0000    7.5000  -37.5000 2618.5613    9.4425
    7.5000    7.5000  -37.5000 2586.2922    9.5687
   -7.5000   15.0000  -37.5000 2614.5437    9.4770
    0.0000   15.0000  -37.5000 2618.9131    9.4437
    7.5000   15.0000  -37.5000 2586.4094    9.5898
   -7.5000   22.5000  -37.5000 2601.7581    9.6364
    0.0000   22.5000  -37.5000 2609.6726    9.5888
    7.5000   22.5000  -37.5000 2571.0444    9.7509
   -7.5000   30.0000  -37.5000 2566.6084    9.9365
    0.0000   30.0000  -37.5000 2573.3564    9.8844
    7.5000   30.0000  -37.5000 2541.6106   10.0532
   -7.5000   37.5000  -37.5000 2510.2439   10.4052
    0.0000   37.5000  -37.5000 2519.9050   10.3458
    7.5000   37.5000  -37.5000 2483.9404   10.5424
   -7.5000   45.0000  -37.5000 2424.4685   11.0926
    0.0000   45.0000  -37.5000 2431.0164   11.0304
    7.5000   45.0000  -37.5000 2398.5708   11.2166
   -7.5000   52.5000  -37.5000 2295.4976   11.9520
    0.0000   52.5000  -37.5000 2301.2234   11.8876
    7.5000   52.5000  -37.5000 2270.7556   12.0865
   -7.5000  -37.5000  -30.0000 2261.8767   13.9238
    0.0000  -37.5000  -30.0000 2267.2170   13.9531
    7.5000  -37.5000  -30.0000 2246.5222   14.1399
   -7.5000  -30.0000  -30.0000 2391.6426   12.4962
    0.0000  -30.0000  -30.0000 2399.3181   12.5085
    7.5000  -30.0000  -30.0000 2372.4822   12.6705
   -7.5000  -22.5000  -30.0000 2499.7207   11.3273
    0.0000  -22.5000  -30.0000 2511.6555   11.3357
    7.5000  -22.5000  -30.0000 2483.0938   11.4810
   -7.5000  -15.0000  -30.0000 2588.8486   10.4345
    0.0000  -15.0000  -30.0000 2600.3645   10.4131
    7.5000  -15.0000  -30.0000 2574.5293   10.5473
   -7.5000   -7.5000  -30.0000 2664.7615    9.7911
    0.0000   -7.5000  -30.0000 2676.1858    9.7658
    7.5000   -7.5000  -30.0000 2649.3567    9.8833
   -7.5000    0.0000  -30.0000 2713.5598    9.3961
    0.0000    0.0000  -30.0000 2719.6045    9.3731
    7.5000    0.0000  -30.0000 2690.3982    9.4711
   -7.5000    7.5000  -30.0000 2740.7336    9.2279
    0.0000    7.5000  -30.0000 2752.1326    9.1891
    7.5000    7.5000  -30.0000 2714.5000    9.2998
   -7.5000   15.0000  -30.0000 2754.3992    9.2001
    0.0000   15.0000  -30.0000 2762.5608    9.1568
    7.5000   15.0000  -30.0000 2723.2776    9.2980
   -7.5000   22.5000  -30.0000 2743.1953    9.3598
    0.0000   22.5000  -30.0000 2754.2810    9.3159
    7.5000   22.5000  -30.0000 2714.2136    9.4589
   -7.5000   30.0000  -30.0000 2705.9639    9.6605
    0.0000   30.0000  -30.0000 2720.1970    9.6041
    7.5000   30.0000  -30.0000 2680.9055    9.7619
   -7.5000   37.5000  -30.0000 2645.4856   10.1019
    0.0000   37.5000  -30.0000 2657.9910   10.0345
    7.5000   37.5000  -30.0000 2620.6907   10.2135
   -7.5000   45.0000  -30.0000 2554.9773   10.7583
    0.0000   45.0000  -30.0000 2564.6104   10.6909
    7.5000   45.0000  -30.0000 2527.5864   10.8692
   -7.5000   52.5000  -30.0000 2418.1743   11.5977
    0.0000   52.5000  -30.0000 2424.0769   11.5377
    7.5000   52.5000  -30.0000 2394.2434   11.7310
   -7.5000  -37.5000  -22.5000 2306.5808   13.7232
    0.0000  -37.5000  -22.5000 2316.1870   13.7319
    7.5000  -37.5000  -22.5000 2291.1445   13.9357
   -7.5000  -30.0000  -22.5000 2438.7302   12.2785
    0.0000  -30.0000  -22.5000 2450.7998   12.2520
    7.5000  -30.0000  -22.5000 2424.0864   12.4385
   -7.5000  -22.5000  -22.5000 2552.0408   11.0927
    0.0000  -22.5000  -22.5000 2566.4888   11.0680
    7.5000  -22.5000  -22.5000 2539.6335   11.2429
   -7.5000  -15.0000  -22.5000 2646.9138   10.1595
    0.0000  -15.0000  -22.5000 2663.2212   10.1299
    7.5000  -15.0000  -22.5000 2638.3694   10.2881
   -7.5000   -7.5000  -22.5000 2741.1982    9.5036
    0.0000   -7.5000  -22.5000 2752.7913    9.4586
    7.5000   -7.5000  -22.5000 2724.4729    9.5950
   -7.5000    0.0000  -22.5000 2798.8123    9.0756
    0.0000    0.0000  -22.5000 2808.9351    9.0346
    7.5000    0.0000  -22.5000 2780.5081    9.1588
   -7.5000    7.5000  -22.5000 2833.7227    8.9027
    0.0000    7.5000  -22.5000 2847.5999    8.8417
    7.5000    7.5000  -22.5000 2810.2761    8.9750
   -7.5000   15.0000  -22.5000 2856.6553    8.8520
    0.0000   15.0000  -22.5000 2870.4375    8.8014
    7.5000   15.0000  -22.5000 2824.5513    8.9456
   -7.5000   22.5000  -22.5000 2853.3569    9.0046
    0.0000   22.5000  -22.5000 2866.2268    8.9443
    7.5000   22.5000  -22.5000 2818.9702    9.1149
   -7.5000   30.0000  -22.5000 2808.0234    9.3115
    0.0000   30.0000  -22.5000 2831.3374    9.2488
    7.5000   30.0000  -22.5000 2782.7222    9.4330
   -7.5000   37.5000  -22.5000 2743.8040    9.7186
    0.0000   37.5000  -22.5000 2762.4250    9.6618
    7.5000   37.5000  -22.5000 2717.3896    9.8517
   -7.5000   45.0000  -22.5000 2647.8115   10.3383
    0.0000   45.0000  -22.5000 2662.1292   10.2899
    7.5000   45.0000  -22.5000 2620.6055   10.4863
   -7.5000   52.5000  -22.5000 2506.2676   11.1666
    0.0000   52.5000  -22.5000 2514.6128   11.1207
    7.5000   52.5000  -22.5000 2479.1714   11.3300
   -7.5000  -37.5000  -15.0000 2314.4958   13.5743
    0.0000  -37.5000  -15.0000 2324.4561   13.5226
    7.5000  -37.5000  -15.0000 2299.3777   13.7666
   -7.5000  -30.0000  -15.0000 2448.6284   12.0828
    0.0000  -30.0000  -15.0000 2465.0168   12.0181
    7.5000  -30.0000  -15.0000 2437.9290   12.2466
   -7.5000  -22.5000  -15.0000 2571.6584   10.8773
    0.0000  -22.5000  -15.0000 2586.9124   10.8290
    7.5000  -22.5000  -15.0000 2561.2976   11.0392
   -7.5000  -15.0000  -15.0000 2673.1411    9.9403
    0.0000  -15.0000  -15.0000 2689.9595    9.8963
    7.5000  -15.0000  -15.0000 2661.7424   10.0654
   -7.5000   -7.5000  -15.0000 2773.8254    9.2540
    0.0000   -7.5000  -15.0000 2786.4500    9.2108
    7.5000   -7.5000  -15.0000 2754.9321    9.3579
   -7.5000    0.0000  -15.0000 2840.7168    8.8091
    0.0000    0.0000  -15.0000 2860.5376    8.7419
    7.5000    0.0000  -15.0000 2822.1577    8.8961
   -7.5000    7.5000  -15.0000 2890.6848    8.6277
    0.0000    7.5000  -15.0000 2909.8271    8.5573
    7.5000    7.5000  -15.0000 2865.3779    8.6894
   -7.5000   15.0000  -15.0000 2921.0288    8.5866
    0.0000   15.0000  -15.0000 2939.0117    8.5279
    7.5000   15.0000  -15.0000 2887.4187    8.6744
   -7.5000   22.5000  -15.0000 2925.4136    8.7017
    0.0000   22.5000  -15.0000 2940.4309    8.6464
    7.5000   22.5000  -15.0000 2881.8516    8.8226
   -7.5000   30.0000  -15.0000 2880.0386    8.9850
    0.0000   30.0000  -15.0000 2898.5623    8.9349
    7.5000   30.0000  -15.0000 2842.2002    9.1062
   -7.5000   37.5000  -15.0000 2806.6226    9.3814
    0.0000   37.5000  -15.0000 2825.6243    9.3318
    7.5000   37.5000  -15.0000 2777.7458    9.5056
   -7.5000   45.0000  -15.0000 2702.9045    9.9888
    0.0000   45.0000  -15.0000 2719.2251    9.9389
    7.5000   45.0000  -15.0000 2675.7405   10.1332
   -7.5000   52.5000  -15.0000 2558.0654   10.8235
    0.0000   52.5000  -15.0000 2566.7681   10.7597
    7.5000   52.5000  -15.0000 2533.0701   10.9704
   -7.5000  -37.5000   -7.5000 2305.1433   13.5446
    0.0000  -37.5000   -7.5000 2309.1372   13.4434
    7.5000  -37.5000   -7.5000 2284.9863   13.6872
   -7.5000  -30.0000   -7.5000 2440.9644   11.9885
    0.0000  -30.0000   -7.5000 2450.9502   11.9332
    7.5000  -30.0000   -7.5000 2425.8550   12.1562
   -7.5000  -22.5000   -7.5000 2563.0637   10.7705
    0.0000  -22.5000   -7.5000 2571.1016   10.7108
    7.5000  -22.5000   -7.5000 2547.9688   10.9372
   -7.5000  -15.0000   -7.5000 2667.1982    9.8276
    0.0000  -15.0000   -7.5000 2682.1023    9.7747
    7.5000  -15.0000   -7.5000 2654.4504    9.9585
   -7.5000   -7.5000   -7.5000 2772.8447    9.1264
    0.0000   -7.5000   -7.5000 2787.9624    9.0504
    7.5000   -7.5000   -7.5000 2757.6807    9.2349
   -7.5000    0.0000   -7.5000 2856.0823    8.6574
    0.0000    0.0000   -7.5000 2877.4292    8.5796
    7.5000    0.0000   -7.5000 2839.7468    8.7474
   -7.5000    7.5000   -7.5000 2918.8323    8.4556
    0.0000    7.5000   -7.5000 2938.8835    8.3724
    7.5000    7.5000   -7.5000 2898.9819    8.4913
   -7.5000   15.0000   -7.5000 2953.7815    8.4860
    0.0000   15.0000   -7.5000 2975.6050    8.4255
    7.5000   15.0000   -7.5000 2926.9016    8.4980
   -7.5000   22.5000   -7.5000 2966.1760    8.5773
    0.0000   22.5000   -7.5000 2986.5500    8.5175
    7.5000   22.5000   -7.5000 2919.5266    8.6210
   -7.5000   30.0000   -7.5000 2922.3542    8.7828
    0.0000   30.0000   -7.5000 2939.1223    8.7170
    7.5000   30.0000   -7.5000 2879.1104    8.8601
   -7.5000   37.5000   -7.5000 2844.4160    9.1483
    0.0000   37.5000   -7.5000 2859.0144    9.0785
    7.5000   37.5000   -7.5000 2808.9907    9.2618
   -7.5000   45.0000   -7.5000 2735.4136    9.7391
    0.0000   45.0000   -7.5000 2745.5154    9.6729
    7.5000   45.0000   -7.5000 2705.6392    9.8795
   -7.5000   52.5000   -7.5000 2579.9187   10.5667
    0.0000   52.5000   -7.5000 2588.7505   10.5035
    7.5000   52.5000   -7.5000 2553.6404   10.7124
   -7.5000  -37.5000    0.0000 2284.0403   13.6755
    0.0000  -37.5000    0.0000 2293.7156   13.5668
    7.5000  -37.5000    0.0000 2268.2209   13.8266
   -7.5000  -30.0000    0.0000 2411.2478   12.1182
    0.0000  -30.0000    0.0000 2422.7407   12.0210
    7.5000  -30.0000    0.0000 2396.6394   12.2663
   -7.5000  -22.5000    0.0000 2530.3630   10.8881
    0.0000  -22.5000    0.0000 2536.8010   10.8067
    7.5000  -22.5000    0.0000 2515.3313   11.0245
   -7.5000  -15.0000    0.0000 2639.8418    9.9210
    0.0000  -15.0000    0.0000 2648.6328    9.8504
    7.5000  -15.0000    0.0000 2626.7253   10.0577
   -7.5000   -7.5000    0.0000 2750.2063    9.1825
    0.0000   -7.5000    0.0000 2762.5095    9.1118
    7.5000   -7.5000    0.0000 2734.9851    9.3051
   -7.5000    0.0000    0.0000 2845.2925    8.6792
    0.0000    0.0000    0.0000 2861.8516    8.6087
    7.5000    0.0000    0.0000 2823.1184    8.7643
   -7.5000    7.5000    0.0000 2922.8914    8.4390
    0.0000    7.5000    0.0000 2938.9292    8.3615
    7.5000    7.5000    0.0000 2899.1184    8.4770
   -7.5000   15.0000    0.0000 2969.2400    8.4532
    0.0000   15.0000    0.0000 2992.5056    8.3969
    7.5000   15.0000    0.0000 2938.1599    8.4627
   -7.5000   22.5000    0.0000 2975.9666    8.5599
    0.0000   22.5000    0.0000 2996.7703    8.4940
    7.5000   22.5000    0.0000 2929.2441    8.5743
   -7.5000   30.0000    0.0000 2927.4167    8.7656
    0.0000   30.0000    0.0000 2944.9939    8.6981
    7.5000   30.0000    0.0000 2880.2874    8.8290
   -7.5000   37.5000    0.0000 2849.1731    9.1413
    0.0000   37.5000    0.0000 2860.3132    9.0705
    7.5000   37.5000    0.0000 2805.1294    9.2456
   -7.5000   45.0000    0.0000 2737.0671    9.7162
    0.0000   45.0000    0.0000 2745.2874    9.6516
    7.5000   45.0000    0.0000 2709.1719    9.8342
   -7.5000   52.5000    0.0000 2581.0574   10.5053
    0.0000   52.5000    0.0000 2589.0569   10.4407
    7.5000   52.5000    0.0000 2560.1946   10.6419
   -7.5000  -37.5000    7.5000 2257.1348   14.0776
    0.0000  -37.5000    7.5000 2270.2483   13.9605
    7.5000  -37.5000    7.5000 2243.1355   14.2221
   -7.5000  -30.0000    7.5000 2376.8491   12.4997
    0.0000  -30.0000    7.5000 2386.6951   12.3943
    7.5000  -30.0000    7.5000 2359.6863   12.6066
   -7.5000  -22.5000    7.5000 2488.4937   11.1924
    0.0000  -22.5000    7.5000 2496.9004   11.0971
    7.5000  -22.5000    7.5000 2473.7122   11.3420
   -7.5000  -15.0000    7.5000 2603.4512   10.1705
    0.0000  -15.0000    7.5000 2607.8342   10.0776
    7.5000  -15.0000    7.5000 2583.6023   10.2979
   -7.5000   -7.5000    7.5000 2719.4219    9.3868
    0.0000   -7.5000    7.5000 2731.3564    9.2926
    7.5000   -7.5000    7.5000 2698.2029    9.5029
   -7.5000    0.0000    7.5000 2823.6953    8.8348
    0.0000    0.0000    7.5000 2837.3022    8.7464
    7.5000    0.0000    7.5000 2798.2083    8.9412
   -7.5000    7.5000    7.5000 2907.9355    8.5647
    0.0000    7.5000    7.5000 2927.2644    8.4715
    7.5000    7.5000    7.5000 2882.1592    8.6245
   -7.5000   15.0000    7.5000 2960.9912    8.5242
    0.0000   15.0000    7.5000 2986.5850    8.4396
    7.5000   15.0000    7.5000 2928.5125    8.5594
   -7.5000   22.5000    7.5000 2970.6284    8.5396
    0.0000   22.5000    7.5000 2990.6743    8.4557
    7.5000   22.5000    7.5000 2924.1870    8.6428
   -7.5000   30.0000    7.5000 2910.4377    8.7905
    0.0000   30.0000    7.5000 2932.9192    8.6953
    7.5000   30.0000    7.5000 2868.2734    8.9046
   -7.5000   37.5000    7.5000 2828.2231    9.2467
    0.0000   37.5000    7.5000 2841.2715    9.1657
    7.5000   37.5000    7.5000 2789.7029    9.3508
   -7.5000   45.0000    7.5000 2710.0854    9.8937
    0.0000   45.0000    7.5000 2720.2544    9.8146
    7.5000   45.0000    7.5000 2686.1152    9.9913
   -7.5000   52.5000    7.5000 2557.7698   10.6785
    0.0000   52.5000    7.5000 2562.7224   10.6114
    7.5000   52.5000    7.5000 2539.4646   10.8015
   -7.5000  -37.5000   15.0000 2219.1458   14.6782
    0.0000  -37.5000   15.0000 2231.7832   14.5750
    7.5000  -37.5000   15.0000 2203.5789   14.8204
   -7.5000  -30.0000   15.0000 2334.2231   12.9557
    0.0000  -30.0000   15.0000 2346.8330   12.8486
    7.5000  -30.0000   15.0000 2320.8657   13.1051
   -7.5000  -22.5000   15.0000 2443.5615   11.5916
    0.0000  -22.5000   15.0000 2454.3511   11.4864
    7.5000  -22.5000   15.0000 2427.9551   11.7410
   -7.5000  -15.0000   15.0000 2563.0703   10.5098
    0.0000  -15.0000   15.0000 2568.2852   10.4240
    7.5000  -15.0000   15.0000 2539.0730   10.6602
   -7.5000   -7.5000   15.0000 2677.4810    9.6839
    0.0000   -7.5000   15.0000 2687.4421    9.5891
    7.5000   -7.5000   15.0000 2655.6555    9.8364
   -7.5000    0.0000   15.0000 2780.5952    9.1056
    0.0000    0.0000   15.0000 2792.1543    9.0163
    7.5000    0.0000   15.0000 2752.9302    9.2505
   -7.5000    7.5000   15.0000 2866.4329    8.8160
    0.0000    7.5000   15.0000 2883.1497    8.7248
    7.5000    7.5000   15.0000 2838.8247    8.9099
   -7.5000   15.0000   15.0000 2920.2988    8.7086
    0.0000   15.0000   15.0000 2938.1658    8.6331
    7.5000   15.0000   15.0000 2884.2595    8.8226
   -7.5000   22.5000   15.0000 2922.7283    8.7300
    0.0000   22.5000   15.0000 2932.6399    8.6468
    7.5000   22.5000   15.0000 2880.3218    8.9012
   -7.5000   30.0000   15.0000 2867.6973    9.0133
    0.0000   30.0000   15.0000 2881.2019    8.9237
    7.5000   30.0000   15.0000 2828.0254    9.1548
   -7.5000   37.5000   15.0000 2788.3848    9.4985
    0.0000   37.5000   15.0000 2799.6353    9.3977
    7.5000   37.5000   15.0000 2751.9297    9.5984
   -7.5000   45.0000   15.0000 2666.4021   10.1651
    0.0000   45.0000   15.0000 2676.4187   10.0680
    7.5000   45.0000   15.0000 2645.5969   10.2568
   -7.5000   52.5000   15.0000 2519.2656   10.9466
    0.0000   52.5000   15.0000 2529.0232   10.8720
    7.5000   52.5000   15.0000 2500.3828   11.0594
   -7.5000  -37.5000   22.5000 2170.8198   15.3409
    0.0000  -37.5000   22.5000 2181.7009   15.2363
    7.5000  -37.5000   22.5000 2150.6797   15.5138
   -7.5000  -30.0000   22.5000 2290.0425   13.5086
    0.0000  -30.0000   22.5000 2305.6836   13.4191
    7.5000  -30.0000   22.5000 2277.8596   13.6902
   -7.5000  -22.5000   22.5000 2398.6987   12.0394
    0.0000  -22.5000   22.5000 2414.4224   11.9627
    7.5000  -22.5000   22.5000 2383.7188   12.2462
   -7.5000  -15.0000   22.5000 2518.8655   10.9282
    0.0000  -15.0000   22.5000 2530.3042   10.8396
    7.5000  -15.0000   22.5000 2494.4976   11.1258
   -7.5000   -7.5000   22.5000 2630.5256   10.0846
    0.0000   -7.5000   22.5000 2641.8833    9.9844
    7.5000   -7.5000   22.5000 2603.1152   10.2612
   -7.5000    0.0000   22.5000 2726.2815    9.5135
    0.0000    0.0000   22.5000 2737.8821    9.4342
    7.5000    0.0000   22.5000 2698.7703    9.6810
   -7.5000    7.5000   22.5000 2808.0830    9.2252
    0.0000    7.5000   22.5000 2821.0139    9.1381
    7.5000    7.5000   22.5000 2780.6145    9.3421
   -7.5000   15.0000   22.5000 2852.6101    9.0903
    0.0000   15.0000   22.5000 2861.5945    9.0005
    7.5000   15.0000   22.5000 2815.2732    9.2315
   -7.5000   22.5000   22.5000 2848.1353    9.1561
    0.0000   22.5000   22.5000 2852.7268    9.0797
    7.5000   22.5000   22.5000 2814.7874    9.3140
   -7.5000   30.0000   22.5000 2793.4663    9.4703
    0.0000   30.0000   22.5000 2807.8987    9.3870
    7.5000   30.0000   22.5000 2771.5698    9.5747
   -7.5000   37.5000   22.5000 2724.4399    9.9333
    0.0000   37.5000   22.5000 2734.6135    9.8521
    7.5000   37.5000   22.5000 2695.2234   10.0385
   -7.5000   45.0000   22.5000 2612.3855   10.5545
    0.0000   45.0000   22.5000 2620.7126   10.4721
    7.5000   45.0000   22.5000 2591.5312   10.6552
   -7.5000   52.5000   22.5000 2469.5530   11.3078
    0.0000   52.5000   22.5000 2478.9116   11.2401
    7.5000   52.5000   22.5000 2449.8835   11.4343
   -7.5000  -37.5000   30.0000 2109.5608   16.0842
    0.0000  -37.5000   30.0000 2118.7839   15.9729
    7.5000  -37.5000   30.0000 2092.2212   16.2607
   -7.5000  -30.0000   30.0000 2230.6758   14.1878
    0.0000  -30.0000   30.0000 2246.4314   14.0822
    7.5000  -30.0000   30.0000 2219.2817   14.3778
   -7.5000  -22.5000   30.0000 2348.9954   12.6777
    0.0000  -22.5000   30.0000 2363.5671   12.5775
    7.5000  -22.5000   30.0000 2330.0334   12.8874
   -7.5000  -15.0000   30.0000 2465.5144   11.5141
    0.0000  -15.0000   30.0000 2478.6235   11.4110
    7.5000  -15.0000   30.0000 2440.7556   11.7175
   -7.5000   -7.5000   30.0000 2570.4150   10.6618
    0.0000   -7.5000   30.0000 2584.2070   10.5648
    7.5000   -7.5000   30.0000 2545.3750   10.8491
   -7.5000    0.0000   30.0000 2662.1182   10.0827
    0.0000    0.0000   30.0000 2676.3049   10.0159
    7.5000    0.0000   30.0000 2640.1348   10.2552
   -7.5000    7.5000   30.0000 2732.8606    9.7466
    0.0000    7.5000   30.0000 2748.0920    9.6657
    7.5000    7.5000   30.0000 2707.5579    9.9099
   -7.5000   15.0000   30.0000 2766.2019    9.6105
    0.0000   15.0000   30.0000 2772.3723    9.5354
    7.5000   15.0000   30.0000 2733.6926    9.7564
   -7.5000   22.5000   30.0000 2755.8655    9.7198
    0.0000   22.5000   30.0000 2760.3337    9.6417
    7.5000   22.5000   30.0000 2728.5737    9.8562
   -7.5000   30.0000   30.0000 2706.6912   10.0386
    0.0000   30.0000   30.0000 2720.2117    9.9616
    7.5000   30.0000   30.0000 2691.2917   10.1370
   -7.5000   37.5000   30.0000 2641.8074   10.4989
    0.0000   37.5000   30.0000 2656.9531   10.4297
    7.5000   37.5000   30.0000 2620.9866   10.6092
   -7.5000   45.0000   30.0000 2541.0725   11.1040
    0.0000   45.0000   30.0000 2553.2664   11.0195
    7.5000   45.0000   30.0000 2522.2964   11.2172
   -7.5000   52.5000   30.0000 2407.0830   11.8185
    0.0000   52.5000   30.0000 2416.3086   11.7602
    7.5000   52.5000   30.0000 2390.3945   11.9603
   -7.5000  -37.5000   37.5000 2043.3610   17.0604
    0.0000  -37.5000   37.5000 2054.1055   16.9434
    7.5000  -37.5000   37.5000 2033.2312   17.2569
   -7.5000  -30.0000   37.5000 2167.2861   15.1068
    0.0000  -30.0000   37.5000 2183.2839   14.9515
    7.5000  -30.0000   37.5000 2157.3718   15.2787
   -7.5000  -22.5000   37.5000 2285.7646   13.5340
    0.0000  -22.5000   37.5000 2301.3975   13.4119
    7.5000  -22.5000   37.5000 2266.6492   13.7232
   -7.5000  -15.0000   37.5000 2398.9597   12.3275
    0.0000  -15.0000   37.5000 2415.8914   12.2147
    7.5000  -15.0000   37.5000 2378.4495   12.5261
   -7.5000   -7.5000   37.5000 2501.2141   11.4252
    0.0000   -7.5000   37.5000 2519.5256   11.3406
    7.5000   -7.5000   37.5000 2480.4387   11.6147
   -7.5000    0.0000   37.5000 2584.4041   10.8102
    0.0000    0.0000   37.5000 2602.9580   10.7402
    7.5000    0.0000   37.5000 2562.4187   10.9851
   -7.5000    7.5000   37.5000 2644.4832   10.4591
    0.0000    7.5000   37.5000 2664.4348   10.3823
    7.5000    7.5000   37.5000 2618.8137   10.6336
   -7.5000   15.0000   37.5000 2673.7097   10.3281
    0.0000   15.0000   37.5000 2683.4666   10.2695
    7.5000   15.0000   37.5000 2643.7996   10.4713
   -7.5000   22.5000   37.5000 2654.7522   10.4230
    0.0000   22.5000   37.5000 2666.4324   10.3569
    7.5000   22.5000   37.5000 2632.1240   10.5562
   -7.5000   30.0000   37.5000 2610.8157   10.7283
    0.0000   30.0000   37.5000 2626.4905   10.6526
    7.5000   30.0000   37.5000 2593.0720   10.8127
   -7.5000   37.5000   37.5000 2551.2241   11.1820
    0.0000   37.5000   37.5000 2564.4397   11.0930
    7.5000   37.5000   37.5000 2531.9692   11.2693
   -7.5000   45.0000   37.5000 2464.2954   11.7673
    0.0000   45.0000   37.5000 2475.7578   11.6692
    7.5000   45.0000   37.5000 2443.0764   11.8719
   -7.5000   52.5000   37.5000 2336.5979   12.4876
    0.0000   52.5000   37.5000 2343.9236   12.4330
    7.5000   52.5000   37.5000 2318.6714   12.6466
   -7.5000  -37.5000   45.0000 1977.5475   18.3690
    0.0000  -37.5000   45.0000 1987.4452   18.2226
    7.5000  -37.5000   45.0000 1964.7369   18.5995
   -7.5000  -30.0000   45.0000 2100.3860   16.2287
    0.0000  -30.0000   45.0000 2107.1057   16.0908
    7.5000  -30.0000   45.0000 2081.3662   16.4282
   -7.5000  -22.5000   45.0000 2218.9897   14.6061
    0.0000  -22.5000   45.0000 2231.2949   14.4716
    7.5000  -22.5000   45.0000 2193.1318   14.7999
   -7.5000  -15.0000   45.0000 2330.2488   13.3302
    0.0000  -15.0000   45.0000 2345.5542   13.2280
    7.5000  -15.0000   45.0000 2303.1555   13.5303
   -7.5000   -7.5000   45.0000 2427.1680   12.3797
    0.0000   -7.5000   45.0000 2445.7451   12.3013
    7.5000   -7.5000   45.0000 2404.9666   12.5674
   -7.5000    0.0000   45.0000 2499.8115   11.7395
    0.0000    0.0000   45.0000 2517.3970   11.6619
    7.5000    0.0000   45.0000 2479.4800   11.9165
   -7.5000    7.5000   45.0000 2551.0933   11.3556
    0.0000    7.5000   45.0000 2563.7183   11.2900
    7.5000    7.5000   45.0000 2525.3018   11.5141
   -7.5000   15.0000   45.0000 2573.4919   11.2030
    0.0000   15.0000   45.0000 2576.7136   11.1570
    7.5000   15.0000   45.0000 2544.3762   11.3463
   -7.5000   22.5000   45.0000 2555.8491   11.3033
    0.0000   22.5000   45.0000 2561.3811   11.2468
    7.5000   22.5000   45.0000 2530.0139   11.4226
   -7.5000   30.0000   45.0000 2507.6533   11.6033
    0.0000   30.0000   45.0000 2515.7817   11.5419
    7.5000   30.0000   45.0000 2490.7549   11.6865
   -7.5000   37.5000   45.0000 2455.9238   12.0106
    0.0000   37.5000   45.0000 2467.4614   11.9377
    7.5000   37.5000   45.0000 2440.4734   12.1108
   -7.5000   45.0000   45.0000 2385.6099   12.5582
    0.0000   45.0000   45.0000 2400.0352   12.4680
    7.5000   45.0000   45.0000 2360.7095   12.6929
   -7.5000   52.5000   45.0000 2263.6333   13.3262
    0.0000   52.5000   45.0000 2271.8748   13.2553
    7.5000   52.5000   45.0000 2241.0923   13.4694

---------------------------------------------------------------------
imgreg_4dfp /opt/freesurfer/average/711-2C_as_mni_average_305 /opt/freesurfer/average/711-2B_as_mni_average_305_mask talsrcimg_g11 none talsrcimg_to_711-2C_as_mni_average_305_t4 1283
---------------------------------------------------------------------

freesurfer imgreg_4dfp.c
/opt/freesurfer/average/711-2C_as_mni_average_305.4dfp.img
       256       256       256         1
  1.000000  1.000000  1.000000
orientation T byte_order littleendian
Reading image: /opt/freesurfer/average/711-2C_as_mni_average_305.4dfp.img
dimensions:      256       256       256
mmppix:       1.0000   -1.0000   -1.0000
center:     128.0000 -129.0000 -129.0000
/opt/freesurfer/average/711-2B_as_mni_average_305_mask.4dfp.img
       256       256       256         1
  1.000000  1.000000  1.000000
orientation T byte_order littleendian
Reading mask: /opt/freesurfer/average/711-2B_as_mni_average_305_mask.4dfp.img (2306576 pixels)
talsrcimg_g11.4dfp.img
       256       256       256         1
  1.000000  1.000000  1.000000
orientation T byte_order littleendian
Reading image: talsrcimg_g11.4dfp.img
dimensions:      256       256       256
mmppix:       1.0000   -1.0000   -1.0000
center:     128.0000 -129.0000 -129.0000
rotation matrix determinant  1.000000
fimgreg.f
image alignment mode   1283 decimal      503 hex
parameters
    0.0000   22.5000    0.0000    0.0000    0.0000    0.0000
eta,q 0.93884  8.51237
niter,ni,del,rscale     5    3   12.0000    1.2000
parameter  2  0.844031 ->  0.500000 qaram    1.1500
parameter  4  3.443028 ->  0.500000 qaram    1.1500
parameter  6 -0.504181 -> -0.500000 qaram    1.1500
parameters
   -2.5141   19.0500    1.0157   -3.4500    1.2487    3.4500
eta,q 0.95120  8.39577
  0.0658  0.0577  0.0594  0.0472  0.0586  0.0590
  0.0616  0.0560  0.0584  0.0494  0.0550  0.0553
  0.0604  0.0567  0.0575  0.0522  0.0522  0.0520
  0.0628  0.0602  0.0560  0.0557  0.0502  0.0499
  0.0686  0.0648  0.0557  0.0592  0.0500  0.0489
  0.0750  0.0690  0.0566  0.0631  0.0513  0.0489
  0.0817  0.0727  0.0583  0.0669  0.0541  0.0500
niter,ni,del,rscale     7    3   12.0000    1.2000
parameter  4  1.850297 ->  0.500000 qaram    1.3225
parameters
   -2.2740   19.7771    0.9653   -7.4175    1.1488    2.8599
eta,q 0.95650  8.41537
  0.0656  0.0629  0.0520  0.0430  0.0521  0.0501
  0.0563  0.0580  0.0514  0.0432  0.0481  0.0465
  0.0504  0.0513  0.0503  0.0453  0.0450  0.0442
  0.0488  0.0488  0.0491  0.0491  0.0435  0.0435
  0.0504  0.0506  0.0485  0.0530  0.0445  0.0449
  0.0558  0.0539  0.0499  0.0563  0.0484  0.0484
  0.0621  0.0585  0.0538  0.0599  0.0530  0.0526
niter,ni,del,rscale     7    3   12.0000    1.2000
parameter  4  1.532979 ->  0.500000 qaram    1.5209
parameters
   -2.2113   21.4264    0.0601  -11.9801    0.8373    3.2012
eta,q 0.96229  8.47124
  0.0623  0.0600  0.0479  0.0373  0.0463  0.0486
  0.0531  0.0532  0.0459  0.0370  0.0420  0.0441
  0.0460  0.0470  0.0441  0.0405  0.0390  0.0399
  0.0435  0.0435  0.0440  0.0438  0.0378  0.0378
  0.0463  0.0446  0.0452  0.0485  0.0392  0.0390
  0.0534  0.0465  0.0476  0.0533  0.0434  0.0427
  0.0608  0.0495  0.0520  0.0578  0.0484  0.0469
niter,ni,del,rscale     7    3   12.0000    1.2000
parameters
   -2.3194   22.6021   -0.9432  -13.7780    0.8206    3.2930
eta,q 0.96472  8.45825
  0.0585  0.0563  0.0428  0.0465  0.0455  0.0458
  0.0481  0.0493  0.0398  0.0389  0.0408  0.0411
  0.0401  0.0431  0.0376  0.0353  0.0370  0.0368
  0.0377  0.0377  0.0370  0.0370  0.0353  0.0353
  0.0416  0.0379  0.0391  0.0421  0.0365  0.0369
  0.0502  0.0420  0.0434  0.0482  0.0407  0.0406
  0.0589  0.0482  0.0489  0.0542  0.0459  0.0452
niter,ni,del,rscale     6    3   12.0000    1.2000
parameters
   -2.2558   22.8436   -1.4392  -14.2926    0.8025    3.2763
eta,q 0.96483  8.45353
  0.0589  0.0543  0.0430  0.0495  0.0454  0.0451
  0.0477  0.0461  0.0393  0.0418  0.0408  0.0406
  0.0386  0.0378  0.0364  0.0367  0.0370  0.0364
  0.0353  0.0353  0.0354  0.0354  0.0352  0.0352
  0.0387  0.0391  0.0371  0.0392  0.0364  0.0370
  0.0477  0.0456  0.0410  0.0450  0.0407  0.0406
  0.0573  0.0506  0.0462  0.0517  0.0459  0.0451
niter,ni,del,rscale     5    3   12.0000    1.2000
parameters
   -2.2104   22.9014   -1.6347  -14.5197    0.7891    3.2712
eta,q 0.96482  8.45068
  0.0589  0.0534  0.0437  0.0500  0.0454  0.0450
  0.0475  0.0445  0.0397  0.0427  0.0408  0.0406
  0.0384  0.0367  0.0365  0.0373  0.0370  0.0364
  0.0352  0.0352  0.0352  0.0352  0.0352  0.0352
  0.0387  0.0398  0.0367  0.0386  0.0364  0.0370
  0.0479  0.0463  0.0402  0.0441  0.0406  0.0405
  0.0575  0.0503  0.0452  0.0509  0.0459  0.0449
niter,ni,del,rscale     4    3   12.0000    1.2000
parameters
   -2.1903   22.9234   -1.7211  -14.6274    0.7819    3.2694
eta,q 0.96482  8.44922
  0.0588  0.0531  0.0440  0.0502  0.0454  0.0450
  0.0473  0.0439  0.0399  0.0431  0.0408  0.0405
  0.0382  0.0365  0.0366  0.0375  0.0370  0.0364
  0.0352  0.0352  0.0352  0.0352  0.0352  0.0352
  0.0388  0.0399  0.0365  0.0384  0.0364  0.0370
  0.0480  0.0464  0.0399  0.0437  0.0406  0.0404
  0.0576  0.0500  0.0448  0.0506  0.0458  0.0449
niter,ni,del,rscale     3    3   12.0000    1.2000
parameters
   -2.1827   22.9340   -1.7607  -14.6784    0.7791    3.2697
eta,q 0.96481  8.44859
  0.0587  0.0530  0.0441  0.0503  0.0454  0.0449
  0.0472  0.0437  0.0400  0.0433  0.0408  0.0405
  0.0382  0.0364  0.0367  0.0376  0.0370  0.0364
  0.0352  0.0352  0.0352  0.0352  0.0352  0.0352
  0.0389  0.0400  0.0365  0.0383  0.0364  0.0370
  0.0481  0.0463  0.0398  0.0435  0.0406  0.0404
  0.0577  0.0499  0.0447  0.0504  0.0458  0.0448
registration optimization eta report
parameter search radius
    6.0000    6.9000    6.0000    9.1253    6.0000    6.9000
100000*second partial in parameter space
       62.       33.       25.       17.       28.       20.
  0.0587  0.0530  0.0441  0.0503  0.0454  0.0449
  0.0472  0.0437  0.0400  0.0433  0.0408  0.0405
  0.0382  0.0364  0.0367  0.0376  0.0370  0.0364
  0.0352  0.0352  0.0352  0.0352  0.0352  0.0352
  0.0389  0.0400  0.0365  0.0383  0.0364  0.0370
  0.0481  0.0463  0.0398  0.0435  0.0406  0.0404
  0.0577  0.0499  0.0447  0.0504  0.0458  0.0448
   -2.1827   22.9340   -1.7607  -14.6784    0.7791    3.2697
eta,q 0.96481  8.44859

---------------------------------------------------------------------
imgreg_4dfp /opt/freesurfer/average/711-2C_as_mni_average_305 /opt/freesurfer/average/711-2B_as_mni_average_305_mask talsrcimg_g11 none talsrcimg_to_711-2C_as_mni_average_305_t4 3335
---------------------------------------------------------------------

freesurfer imgreg_4dfp.c
/opt/freesurfer/average/711-2C_as_mni_average_305.4dfp.img
       256       256       256         1
  1.000000  1.000000  1.000000
orientation T byte_order littleendian
Reading image: /opt/freesurfer/average/711-2C_as_mni_average_305.4dfp.img
dimensions:      256       256       256
mmppix:       1.0000   -1.0000   -1.0000
center:     128.0000 -129.0000 -129.0000
/opt/freesurfer/average/711-2B_as_mni_average_305_mask.4dfp.img
       256       256       256         1
  1.000000  1.000000  1.000000
orientation T byte_order littleendian
Reading mask: /opt/freesurfer/average/711-2B_as_mni_average_305_mask.4dfp.img (2306576 pixels)
talsrcimg_g11.4dfp.img
       256       256       256         1
  1.000000  1.000000  1.000000
orientation T byte_order littleendian
Reading image: talsrcimg_g11.4dfp.img
dimensions:      256       256       256
mmppix:       1.0000   -1.0000   -1.0000
center:     128.0000 -129.0000 -129.0000
fimgreg.f
image alignment mode   3335 decimal      D07 hex
parameters
   -2.1827   22.9340   -1.7607   -0.1720   -3.4015   -3.2726
   -5.1735   -2.7585    5.7031   25.2230    1.3598  -25.3370
eta,q 0.96337  8.47362
niter,ni,del,rscale     5    3    5.0000    1.2000
parameter  4  1.179579 ->  0.500000 qaram    1.1500
parameter  5  1.165892 ->  0.500000 qaram    1.1500
parameter 10  0.626860 ->  0.500000 qaram    1.1500
parameters
   -2.3198   23.0377   -1.7703   -4.3120   -7.5415   -6.4837
   -3.2320   -2.4068    7.8728   21.0830    0.1228  -28.1395
eta,q 0.96961  7.93145
  0.0394  0.0391  0.0379  0.0333  0.0317  0.0328  0.0351  0.0352  0.0335  0.0310  0.0312  0.0309
  0.0378  0.0377  0.0372  0.0340  0.0323  0.0321  0.0336  0.0335  0.0327  0.0306  0.0308  0.0305
  0.0368  0.0369  0.0368  0.0350  0.0332  0.0320  0.0326  0.0323  0.0321  0.0308  0.0306  0.0304
  0.0366  0.0366  0.0366  0.0366  0.0343  0.0325  0.0319  0.0318  0.0318  0.0316  0.0306  0.0306
  0.0371  0.0369  0.0367  0.0390  0.0361  0.0334  0.0318  0.0320  0.0316  0.0328  0.0308  0.0311
  0.0383  0.0376  0.0372  0.0417  0.0386  0.0342  0.0321  0.0330  0.0317  0.0344  0.0312  0.0320
  0.0401  0.0386  0.0379  0.0450  0.0411  0.0353  0.0329  0.0347  0.0322  0.0366  0.0318  0.0330
niter,ni,del,rscale     7    3    5.0000    1.2000
parameter  4  0.675782 ->  0.500000 qaram    1.3225
parameter  5  0.590673 ->  0.500000 qaram    1.3225
parameters
   -2.2366   23.0130   -2.4070   -9.0730  -12.3025   -7.4046
   -4.3890   -2.3598    6.1282   23.0013    0.5772  -29.6408
eta,q 0.97224  7.49773
  0.0335  0.0327  0.0312  0.0291  0.0284  0.0308  0.0299  0.0321  0.0289  0.0319  0.0290  0.0288
  0.0319  0.0314  0.0305  0.0289  0.0282  0.0294  0.0287  0.0302  0.0283  0.0299  0.0284  0.0281
  0.0308  0.0306  0.0303  0.0292  0.0284  0.0285  0.0282  0.0287  0.0280  0.0286  0.0280  0.0278
  0.0304  0.0304  0.0304  0.0303  0.0289  0.0282  0.0282  0.0281  0.0281  0.0280  0.0279  0.0278
  0.0306  0.0307  0.0309  0.0319  0.0300  0.0291  0.0289  0.0285  0.0285  0.0278  0.0279  0.0283
  0.0315  0.0315  0.0318  0.0343  0.0316  0.0307  0.0299  0.0300  0.0292  0.0282  0.0282  0.0290
  0.0332  0.0327  0.0329  0.0374  0.0338  0.0322  0.0311  0.0322  0.0302  0.0294  0.0288  0.0300
niter,ni,del,rscale     7    3    5.0000    1.2000
parameters
   -2.4972   23.6668   -2.6306  -12.0796  -14.6241   -7.8136
   -4.3686   -2.3483    5.6664   25.1165    0.4672  -30.6660
eta,q 0.97327  7.29052
  0.0302  0.0307  0.0290  0.0289  0.0288  0.0301  0.0297  0.0311  0.0285  0.0309  0.0276  0.0278
  0.0287  0.0293  0.0281  0.0277  0.0276  0.0286  0.0282  0.0290  0.0276  0.0291  0.0271  0.0271
  0.0279  0.0283  0.0276  0.0272  0.0270  0.0275  0.0273  0.0275  0.0271  0.0279  0.0269  0.0268
  0.0278  0.0277  0.0276  0.0276  0.0272  0.0270  0.0270  0.0270  0.0270  0.0270  0.0268  0.0268
  0.0284  0.0276  0.0279  0.0287  0.0281  0.0275  0.0274  0.0275  0.0273  0.0268  0.0269  0.0271
  0.0297  0.0279  0.0286  0.0306  0.0295  0.0291  0.0283  0.0289  0.0280  0.0272  0.0272  0.0277
  0.0315  0.0286  0.0296  0.0331  0.0314  0.0310  0.0296  0.0311  0.0289  0.0284  0.0277  0.0286
niter,ni,del,rscale     6    3    5.0000    1.2000
parameters
   -2.5853   24.6078   -3.2860  -13.0982  -16.6956   -8.6975
   -4.3303   -2.3095    5.3425   27.5113    0.7567  -31.4366
eta,q 0.97416  7.17548
  0.0295  0.0304  0.0271  0.0290  0.0280  0.0287  0.0287  0.0302  0.0277  0.0306  0.0267  0.0269
  0.0279  0.0288  0.0265  0.0274  0.0267  0.0274  0.0273  0.0280  0.0268  0.0287  0.0262  0.0262
  0.0270  0.0276  0.0262  0.0264  0.0261  0.0264  0.0264  0.0266  0.0262  0.0271  0.0260  0.0259
  0.0267  0.0267  0.0264  0.0262  0.0262  0.0260  0.0261  0.0261  0.0261  0.0261  0.0259  0.0259
  0.0272  0.0264  0.0269  0.0269  0.0271  0.0267  0.0264  0.0266  0.0264  0.0259  0.0259  0.0261
  0.0282  0.0266  0.0277  0.0284  0.0285  0.0285  0.0273  0.0280  0.0270  0.0263  0.0262  0.0267
  0.0299  0.0272  0.0288  0.0305  0.0305  0.0305  0.0286  0.0301  0.0280  0.0274  0.0266  0.0274
niter,ni,del,rscale     5    3    5.0000    1.2000
parameters
   -2.5294   25.5495   -4.0905  -13.7531  -18.3367   -9.8444
   -4.3317   -2.2788    5.1528   29.1170    0.8169  -32.2870
eta,q 0.97494  7.08244
  0.0289  0.0294  0.0260  0.0284  0.0275  0.0275  0.0278  0.0292  0.0271  0.0298  0.0259  0.0261
  0.0273  0.0278  0.0255  0.0267  0.0261  0.0263  0.0264  0.0271  0.0260  0.0277  0.0255  0.0254
  0.0262  0.0266  0.0253  0.0256  0.0253  0.0254  0.0255  0.0257  0.0254  0.0261  0.0252  0.0251
  0.0258  0.0258  0.0255  0.0253  0.0253  0.0252  0.0252  0.0252  0.0252  0.0252  0.0251  0.0251
  0.0261  0.0255  0.0260  0.0259  0.0262  0.0259  0.0255  0.0257  0.0255  0.0252  0.0252  0.0254
  0.0271  0.0256  0.0269  0.0273  0.0277  0.0277  0.0264  0.0270  0.0261  0.0259  0.0254  0.0259
  0.0287  0.0263  0.0280  0.0295  0.0297  0.0298  0.0277  0.0291  0.0272  0.0273  0.0259  0.0266
niter,ni,del,rscale     4    3    5.0000    1.2000
parameters
   -2.5051   26.0355   -4.6580  -13.9028  -18.8684  -10.6498
   -4.3359   -2.2645    5.1658   29.9872    0.9173  -32.8609
eta,q 0.97510  7.05343
  0.0281  0.0282  0.0257  0.0284  0.0280  0.0273  0.0275  0.0290  0.0270  0.0291  0.0258  0.0260
  0.0264  0.0267  0.0251  0.0267  0.0263  0.0261  0.0261  0.0268  0.0259  0.0270  0.0253  0.0253
  0.0254  0.0256  0.0249  0.0254  0.0252  0.0253  0.0252  0.0254  0.0252  0.0255  0.0250  0.0250
  0.0251  0.0251  0.0250  0.0249  0.0249  0.0249  0.0249  0.0249  0.0249  0.0249  0.0249  0.0249
  0.0254  0.0250  0.0254  0.0254  0.0254  0.0254  0.0253  0.0254  0.0252  0.0252  0.0250  0.0251
  0.0264  0.0255  0.0260  0.0267  0.0268  0.0270  0.0262  0.0268  0.0259  0.0261  0.0253  0.0256
  0.0280  0.0264  0.0270  0.0288  0.0288  0.0290  0.0275  0.0289  0.0270  0.0276  0.0258  0.0263
niter,ni,del,rscale     3    3    5.0000    1.2000
parameters
   -2.4882   26.2205   -5.0244  -13.9310  -19.0418  -11.2106
   -4.3597   -2.2714    5.1557   30.4469    1.0224  -33.1489
eta,q 0.97509  7.04136
  0.0279  0.0275  0.0258  0.0285  0.0282  0.0274  0.0275  0.0289  0.0270  0.0287  0.0258  0.0261
  0.0263  0.0261  0.0252  0.0267  0.0265  0.0262  0.0261  0.0268  0.0259  0.0267  0.0253  0.0254
  0.0253  0.0253  0.0249  0.0254  0.0253  0.0253  0.0252  0.0254  0.0251  0.0254  0.0250  0.0250
  0.0249  0.0249  0.0249  0.0249  0.0249  0.0249  0.0249  0.0249  0.0249  0.0249  0.0249  0.0249
  0.0252  0.0250  0.0252  0.0253  0.0253  0.0252  0.0252  0.0254  0.0251  0.0253  0.0250  0.0251
  0.0262  0.0257  0.0258  0.0266  0.0266  0.0267  0.0261  0.0268  0.0259  0.0263  0.0253  0.0255
  0.0278  0.0268  0.0266  0.0287  0.0285  0.0286  0.0275  0.0289  0.0270  0.0279  0.0258  0.0262
niter,ni,del,rscale     2    3    5.0000    1.2000
parameters
   -2.4764   26.3119   -5.2634  -13.9327  -19.1195  -11.5890
   -4.3650   -2.2792    5.1359   30.7092    1.1041  -33.3012
eta,q 0.97507  7.03438
  0.0279  0.0273  0.0259  0.0285  0.0282  0.0275  0.0275  0.0289  0.0270  0.0286  0.0258  0.0261
  0.0263  0.0260  0.0253  0.0268  0.0265  0.0263  0.0261  0.0268  0.0259  0.0266  0.0253  0.0254
  0.0253  0.0252  0.0250  0.0255  0.0254  0.0254  0.0252  0.0254  0.0252  0.0253  0.0250  0.0250
  0.0249  0.0249  0.0249  0.0249  0.0249  0.0249  0.0249  0.0249  0.0249  0.0249  0.0249  0.0249
  0.0252  0.0251  0.0251  0.0253  0.0253  0.0252  0.0253  0.0254  0.0252  0.0253  0.0250  0.0251
  0.0262  0.0258  0.0256  0.0266  0.0265  0.0265  0.0262  0.0268  0.0259  0.0264  0.0253  0.0255
  0.0278  0.0269  0.0264  0.0287  0.0285  0.0284  0.0275  0.0289  0.0271  0.0280  0.0258  0.0262
niter,ni,del,rscale     1    3    5.0000    1.2000
parameters
   -2.4707   26.3667   -5.4244  -13.9286  -19.1550  -11.8488
   -4.3677   -2.2864    5.1278   30.8706    1.1419  -33.3904
eta,q 0.97504  7.03008
  0.0279  0.0272  0.0260  0.0286  0.0283  0.0276  0.0275  0.0289  0.0271  0.0285  0.0258  0.0262
  0.0263  0.0260  0.0254  0.0268  0.0266  0.0264  0.0261  0.0268  0.0259  0.0265  0.0253  0.0255
  0.0253  0.0252  0.0250  0.0255  0.0254  0.0254  0.0252  0.0254  0.0252  0.0253  0.0251  0.0251
  0.0249  0.0249  0.0249  0.0249  0.0249  0.0249  0.0250  0.0250  0.0250  0.0250  0.0250  0.0250
  0.0253  0.0252  0.0251  0.0253  0.0253  0.0251  0.0253  0.0254  0.0252  0.0254  0.0250  0.0251
  0.0262  0.0259  0.0256  0.0266  0.0265  0.0264  0.0262  0.0268  0.0259  0.0265  0.0253  0.0255
  0.0278  0.0270  0.0263  0.0287  0.0284  0.0283  0.0275  0.0289  0.0271  0.0281  0.0258  0.0262
registration optimization eta report
parameter search radius
    2.4000    2.4000    2.4000    9.5220    9.5220    7.2000
    7.2000    7.2000    7.2000    8.2800    7.2000    7.2000
100000*second partial in parameter space
       51.       38.       22.        4.        4.        6.
        5.        8.        4.        5.        2.        2.
  0.0279  0.0272  0.0260  0.0286  0.0283  0.0276  0.0275  0.0289  0.0271  0.0285  0.0258  0.0262
  0.0263  0.0260  0.0254  0.0268  0.0266  0.0264  0.0261  0.0268  0.0259  0.0265  0.0253  0.0255
  0.0253  0.0252  0.0250  0.0255  0.0254  0.0254  0.0252  0.0254  0.0252  0.0253  0.0251  0.0251
  0.0249  0.0249  0.0249  0.0249  0.0249  0.0249  0.0250  0.0250  0.0250  0.0250  0.0250  0.0250
  0.0253  0.0252  0.0251  0.0253  0.0253  0.0251  0.0253  0.0254  0.0252  0.0254  0.0250  0.0251
  0.0262  0.0259  0.0256  0.0266  0.0265  0.0264  0.0262  0.0268  0.0259  0.0265  0.0253  0.0255
  0.0278  0.0270  0.0263  0.0287  0.0284  0.0283  0.0275  0.0289  0.0271  0.0281  0.0258  0.0262
   -2.4707   26.3667   -5.4244  -13.9286  -19.1550  -11.8488
   -4.3677   -2.2864    5.1278   30.8706    1.1419  -33.3904
eta,q 0.97504  7.03008

---------------------------------------------------------------------
imgreg_4dfp /opt/freesurfer/average/711-2C_as_mni_average_305 /opt/freesurfer/average/711-2B_as_mni_average_305_mask talsrcimg_g11 none talsrcimg_to_711-2C_as_mni_average_305_t4 2311
---------------------------------------------------------------------

freesurfer imgreg_4dfp.c
/opt/freesurfer/average/711-2C_as_mni_average_305.4dfp.img
       256       256       256         1
  1.000000  1.000000  1.000000
orientation T byte_order littleendian
Reading image: /opt/freesurfer/average/711-2C_as_mni_average_305.4dfp.img
dimensions:      256       256       256
mmppix:       1.0000   -1.0000   -1.0000
center:     128.0000 -129.0000 -129.0000
/opt/freesurfer/average/711-2B_as_mni_average_305_mask.4dfp.img
       256       256       256         1
  1.000000  1.000000  1.000000
orientation T byte_order littleendian
Reading mask: /opt/freesurfer/average/711-2B_as_mni_average_305_mask.4dfp.img (2306576 pixels)
talsrcimg_g11.4dfp.img
       256       256       256         1
  1.000000  1.000000  1.000000
orientation T byte_order littleendian
Reading image: talsrcimg_g11.4dfp.img
dimensions:      256       256       256
mmppix:       1.0000   -1.0000   -1.0000
center:     128.0000 -129.0000 -129.0000
fimgreg.f
image alignment mode   2311 decimal      907 hex
parameters
   -2.4707   26.3667   -5.4244  -13.9286  -19.1550  -11.8488
   -4.3677   -2.2864    5.1278   30.8706    1.1419  -33.3904
eta,q 0.97504  7.03008
niter,ni,del,rscale     5    3    5.0000    0.8000
parameters
   -2.4678   26.3884   -5.5511  -13.6804  -18.9810  -11.6962
   -4.4603   -2.3066    5.1112   30.7579    1.2902  -33.3245
eta,q 0.97508  7.04539
  0.0263  0.0260  0.0254  0.0261  0.0260  0.0264  0.0261  0.0268  0.0259  0.0261  0.0253  0.0255
  0.0255  0.0254  0.0251  0.0255  0.0254  0.0257  0.0254  0.0258  0.0254  0.0254  0.0251  0.0252
  0.0251  0.0251  0.0250  0.0251  0.0251  0.0252  0.0251  0.0251  0.0250  0.0250  0.0250  0.0250
  0.0250  0.0250  0.0250  0.0249  0.0249  0.0249  0.0249  0.0249  0.0249  0.0249  0.0249  0.0249
  0.0251  0.0251  0.0251  0.0250  0.0250  0.0250  0.0251  0.0251  0.0250  0.0251  0.0250  0.0250
  0.0255  0.0254  0.0253  0.0254  0.0253  0.0254  0.0255  0.0258  0.0254  0.0255  0.0251  0.0252
  0.0263  0.0259  0.0256  0.0259  0.0258  0.0264  0.0262  0.0269  0.0259  0.0261  0.0253  0.0255
niter,ni,del,rscale     4    3    5.0000    0.7000
parameters
   -2.4639   26.3426   -5.4879  -13.6664  -18.9234  -11.4914
   -4.4488   -2.3215    5.0904   30.6318    1.3189  -33.2572
eta,q 0.97510  7.05015
  0.0259  0.0256  0.0254  0.0258  0.0257  0.0261  0.0259  0.0264  0.0257  0.0258  0.0252  0.0254
  0.0254  0.0252  0.0251  0.0253  0.0253  0.0256  0.0253  0.0256  0.0252  0.0253  0.0250  0.0251
  0.0250  0.0250  0.0250  0.0250  0.0250  0.0252  0.0250  0.0251  0.0250  0.0250  0.0249  0.0250
  0.0249  0.0249  0.0249  0.0249  0.0249  0.0249  0.0249  0.0249  0.0249  0.0249  0.0249  0.0249
  0.0250  0.0250  0.0250  0.0250  0.0250  0.0249  0.0250  0.0251  0.0250  0.0250  0.0249  0.0249
  0.0254  0.0253  0.0251  0.0253  0.0252  0.0253  0.0253  0.0256  0.0253  0.0254  0.0250  0.0251
  0.0259  0.0257  0.0253  0.0258  0.0257  0.0260  0.0258  0.0264  0.0257  0.0259  0.0252  0.0253
niter,ni,del,rscale     3    3    5.0000    0.6000
parameters
   -2.4704   26.3133   -5.4030  -13.6677  -18.9004  -11.2627
   -4.4320   -2.3327    5.0910   30.5080    1.3441  -33.1899
eta,q 0.97511  7.05396
  0.0256  0.0254  0.0253  0.0255  0.0255  0.0258  0.0256  0.0260  0.0254  0.0255  0.0251  0.0252
  0.0252  0.0251  0.0251  0.0252  0.0252  0.0254  0.0252  0.0254  0.0251  0.0251  0.0250  0.0250
  0.0250  0.0250  0.0250  0.0250  0.0250  0.0251  0.0250  0.0250  0.0249  0.0249  0.0249  0.0249
  0.0249  0.0249  0.0249  0.0249  0.0249  0.0249  0.0249  0.0249  0.0249  0.0249  0.0249  0.0249
  0.0250  0.0250  0.0249  0.0250  0.0250  0.0249  0.0250  0.0250  0.0250  0.0250  0.0249  0.0249
  0.0252  0.0252  0.0250  0.0252  0.0251  0.0252  0.0252  0.0254  0.0251  0.0252  0.0250  0.0250
  0.0257  0.0255  0.0252  0.0255  0.0254  0.0257  0.0256  0.0260  0.0254  0.0256  0.0251  0.0252
niter,ni,del,rscale     2    3    5.0000    0.5000
parameters
   -2.4731   26.2846   -5.3067  -13.6747  -18.8704  -11.0280
   -4.4333   -2.3402    5.0822   30.3684    1.3502  -33.0923
eta,q 0.97513  7.05758
  0.0254  0.0253  0.0252  0.0253  0.0253  0.0255  0.0254  0.0256  0.0253  0.0253  0.0250  0.0251
  0.0251  0.0250  0.0250  0.0251  0.0251  0.0252  0.0251  0.0252  0.0250  0.0251  0.0249  0.0250
  0.0249  0.0249  0.0249  0.0249  0.0249  0.0250  0.0249  0.0250  0.0249  0.0249  0.0249  0.0249
  0.0249  0.0249  0.0249  0.0249  0.0249  0.0249  0.0249  0.0249  0.0249  0.0249  0.0249  0.0249
  0.0249  0.0249  0.0249  0.0249  0.0249  0.0249  0.0249  0.0250  0.0249  0.0249  0.0249  0.0249
  0.0251  0.0251  0.0250  0.0251  0.0250  0.0251  0.0251  0.0252  0.0250  0.0251  0.0249  0.0250
  0.0254  0.0253  0.0251  0.0253  0.0253  0.0254  0.0254  0.0256  0.0253  0.0254  0.0250  0.0251
niter,ni,del,rscale     1    3    5.0000    0.4000
parameters
   -2.4769   26.2567   -5.2170  -13.6812  -18.8578  -10.8283
   -4.4244   -2.3438    5.0816   30.2453    1.3211  -33.0069
eta,q 0.97514  7.06016
  0.0252  0.0251  0.0251  0.0252  0.0251  0.0253  0.0252  0.0254  0.0251  0.0251  0.0250  0.0250
  0.0250  0.0250  0.0250  0.0250  0.0250  0.0251  0.0250  0.0251  0.0250  0.0250  0.0249  0.0249
  0.0249  0.0249  0.0249  0.0249  0.0249  0.0250  0.0249  0.0249  0.0249  0.0249  0.0249  0.0249
  0.0249  0.0249  0.0249  0.0249  0.0249  0.0249  0.0249  0.0249  0.0249  0.0249  0.0249  0.0249
  0.0249  0.0249  0.0249  0.0249  0.0249  0.0249  0.0249  0.0249  0.0249  0.0249  0.0249  0.0249
  0.0250  0.0250  0.0249  0.0250  0.0250  0.0250  0.0250  0.0251  0.0250  0.0250  0.0249  0.0249
  0.0252  0.0251  0.0250  0.0252  0.0251  0.0252  0.0252  0.0254  0.0251  0.0252  0.0250  0.0250
registration optimization eta report
parameter search radius
    0.8000    0.8000    0.8000    2.4000    2.4000    2.4000
    2.4000    2.4000    2.4000    2.4000    2.4000    2.4000
100000*second partial in parameter space
       52.       39.       23.        5.        4.        7.
        5.        9.        4.        5.        2.        3.
  0.0252  0.0251  0.0251  0.0252  0.0251  0.0253  0.0252  0.0254  0.0251  0.0251  0.0250  0.0250
  0.0250  0.0250  0.0250  0.0250  0.0250  0.0251  0.0250  0.0251  0.0250  0.0250  0.0249  0.0249
  0.0249  0.0249  0.0249  0.0249  0.0249  0.0250  0.0249  0.0249  0.0249  0.0249  0.0249  0.0249
  0.0249  0.0249  0.0249  0.0249  0.0249  0.0249  0.0249  0.0249  0.0249  0.0249  0.0249  0.0249
  0.0249  0.0249  0.0249  0.0249  0.0249  0.0249  0.0249  0.0249  0.0249  0.0249  0.0249  0.0249
  0.0250  0.0250  0.0249  0.0250  0.0250  0.0250  0.0250  0.0251  0.0250  0.0250  0.0249  0.0249
  0.0252  0.0251  0.0250  0.0252  0.0251  0.0252  0.0252  0.0254  0.0251  0.0252  0.0250  0.0250
   -2.4769   26.2567   -5.2170  -13.6812  -18.8578  -10.8283
   -4.4244   -2.3438    5.0816   30.2453    1.3211  -33.0069
eta,q 0.97514  7.06016

---------------------------------------------------------------------
imgreg_4dfp /opt/freesurfer/average/711-2C_as_mni_average_305 /opt/freesurfer/average/711-2B_as_mni_average_305_mask talsrcimg_g11 none talsrcimg_to_711-2C_as_mni_average_305_t4 2311
---------------------------------------------------------------------

freesurfer imgreg_4dfp.c
/opt/freesurfer/average/711-2C_as_mni_average_305.4dfp.img
       256       256       256         1
  1.000000  1.000000  1.000000
orientation T byte_order littleendian
Reading image: /opt/freesurfer/average/711-2C_as_mni_average_305.4dfp.img
dimensions:      256       256       256
mmppix:       1.0000   -1.0000   -1.0000
center:     128.0000 -129.0000 -129.0000
/opt/freesurfer/average/711-2B_as_mni_average_305_mask.4dfp.img
       256       256       256         1
  1.000000  1.000000  1.000000
orientation T byte_order littleendian
Reading mask: /opt/freesurfer/average/711-2B_as_mni_average_305_mask.4dfp.img (2306576 pixels)
talsrcimg_g11.4dfp.img
       256       256       256         1
  1.000000  1.000000  1.000000
orientation T byte_order littleendian
Reading image: talsrcimg_g11.4dfp.img
dimensions:      256       256       256
mmppix:       1.0000   -1.0000   -1.0000
center:     128.0000 -129.0000 -129.0000
fimgreg.f
image alignment mode   2311 decimal      907 hex
parameters
   -2.4769   26.2567   -5.2170  -13.6812  -18.8578  -10.8283
   -4.4244   -2.3438    5.0816   30.2453    1.3211  -33.0069
eta,q 0.97514  7.06016
niter,ni,del,rscale     5    3    5.0000    0.8000
parameters
   -2.4819   26.2386   -5.1264  -13.7127  -18.9081  -11.0569
   -4.3993   -2.3391    5.1249   30.3259    1.2073  -33.1067
eta,q 0.97513  7.05455
  0.0262  0.0258  0.0255  0.0259  0.0258  0.0262  0.0261  0.0268  0.0259  0.0262  0.0252  0.0254
  0.0255  0.0253  0.0252  0.0254  0.0253  0.0256  0.0254  0.0257  0.0253  0.0254  0.0250  0.0251
  0.0250  0.0250  0.0249  0.0250  0.0250  0.0251  0.0250  0.0251  0.0250  0.0250  0.0249  0.0249
  0.0249  0.0249  0.0249  0.0249  0.0249  0.0249  0.0249  0.0249  0.0249  0.0249  0.0249  0.0249
  0.0250  0.0250  0.0249  0.0250  0.0250  0.0250  0.0250  0.0251  0.0250  0.0250  0.0249  0.0249
  0.0255  0.0253  0.0251  0.0254  0.0253  0.0256  0.0254  0.0257  0.0253  0.0254  0.0250  0.0252
  0.0262  0.0259  0.0254  0.0260  0.0259  0.0267  0.0261  0.0268  0.0258  0.0260  0.0253  0.0255
niter,ni,del,rscale     4    3    5.0000    0.7000
parameters
   -2.4836   26.2597   -5.2126  -13.6875  -18.8994  -11.0779
   -4.4270   -2.3298    5.1215   30.3692    1.2540  -33.1102
eta,q 0.97513  7.05554
  0.0259  0.0257  0.0253  0.0257  0.0256  0.0260  0.0258  0.0264  0.0256  0.0258  0.0252  0.0253
  0.0253  0.0252  0.0250  0.0253  0.0252  0.0255  0.0253  0.0255  0.0252  0.0253  0.0250  0.0251
  0.0250  0.0250  0.0249  0.0250  0.0250  0.0251  0.0250  0.0250  0.0250  0.0250  0.0249  0.0249
  0.0249  0.0249  0.0249  0.0249  0.0249  0.0249  0.0249  0.0249  0.0249  0.0249  0.0249  0.0249
  0.0250  0.0250  0.0249  0.0250  0.0250  0.0249  0.0250  0.0250  0.0250  0.0250  0.0249  0.0249
  0.0253  0.0252  0.0251  0.0253  0.0252  0.0253  0.0253  0.0255  0.0252  0.0253  0.0250  0.0251
  0.0259  0.0256  0.0254  0.0257  0.0256  0.0261  0.0258  0.0264  0.0256  0.0258  0.0252  0.0253
niter,ni,del,rscale     3    3    5.0000    0.6000
parameters
   -2.4779   26.2633   -5.2293  -13.6906  -18.8904  -11.0131
   -4.4388   -2.3368    5.1137   30.3394    1.2723  -33.0880
eta,q 0.97513  7.05655
  0.0256  0.0254  0.0252  0.0255  0.0254  0.0257  0.0256  0.0260  0.0254  0.0256  0.0251  0.0252
  0.0252  0.0251  0.0250  0.0252  0.0251  0.0253  0.0252  0.0254  0.0251  0.0252  0.0250  0.0250
  0.0250  0.0249  0.0249  0.0249  0.0249  0.0250  0.0250  0.0250  0.0249  0.0249  0.0249  0.0249
  0.0249  0.0249  0.0249  0.0249  0.0249  0.0249  0.0249  0.0249  0.0249  0.0249  0.0249  0.0249
  0.0250  0.0249  0.0249  0.0249  0.0249  0.0249  0.0249  0.0250  0.0249  0.0250  0.0249  0.0249
  0.0252  0.0251  0.0250  0.0252  0.0251  0.0252  0.0252  0.0254  0.0251  0.0252  0.0250  0.0250
  0.0256  0.0254  0.0252  0.0255  0.0254  0.0258  0.0256  0.0260  0.0254  0.0256  0.0251  0.0252
niter,ni,del,rscale     2    3    5.0000    0.5000
parameters
   -2.4755   26.2555   -5.2058  -13.6838  -18.8739  -10.8846
   -4.4497   -2.3387    5.1078   30.2612    1.2867  -33.0509
eta,q 0.97514  7.05898
  0.0254  0.0253  0.0251  0.0253  0.0253  0.0255  0.0253  0.0256  0.0253  0.0253  0.0250  0.0251
  0.0251  0.0250  0.0250  0.0251  0.0250  0.0252  0.0251  0.0252  0.0250  0.0251  0.0249  0.0250
  0.0249  0.0249  0.0249  0.0249  0.0249  0.0250  0.0249  0.0250  0.0249  0.0249  0.0249  0.0249
  0.0249  0.0249  0.0249  0.0249  0.0249  0.0249  0.0249  0.0249  0.0249  0.0249  0.0249  0.0249
  0.0249  0.0249  0.0249  0.0249  0.0249  0.0249  0.0249  0.0249  0.0249  0.0249  0.0249  0.0249
  0.0251  0.0250  0.0250  0.0251  0.0250  0.0251  0.0251  0.0252  0.0250  0.0251  0.0249  0.0250
  0.0254  0.0253  0.0251  0.0253  0.0253  0.0255  0.0254  0.0256  0.0253  0.0254  0.0250  0.0251
niter,ni,del,rscale     1    3    5.0000    0.4000
parameters
   -2.4772   26.2389   -5.1525  -13.6963  -18.8505  -10.7361
   -4.4231   -2.3370    5.0842   30.1919    1.2843  -32.9829
eta,q 0.97514  7.06135
  0.0252  0.0251  0.0250  0.0251  0.0251  0.0253  0.0252  0.0253  0.0251  0.0252  0.0250  0.0250
  0.0250  0.0250  0.0249  0.0250  0.0250  0.0251  0.0250  0.0251  0.0250  0.0250  0.0249  0.0249
  0.0249  0.0249  0.0249  0.0249  0.0249  0.0249  0.0249  0.0249  0.0249  0.0249  0.0249  0.0249
  0.0249  0.0249  0.0249  0.0249  0.0249  0.0249  0.0249  0.0249  0.0249  0.0249  0.0249  0.0249
  0.0249  0.0249  0.0249  0.0249  0.0249  0.0249  0.0249  0.0249  0.0249  0.0249  0.0249  0.0249
  0.0250  0.0250  0.0249  0.0250  0.0250  0.0250  0.0250  0.0251  0.0250  0.0250  0.0249  0.0249
  0.0252  0.0251  0.0250  0.0252  0.0251  0.0252  0.0252  0.0253  0.0251  0.0252  0.0250  0.0250
registration optimization eta report
parameter search radius
    0.8000    0.8000    0.8000    2.4000    2.4000    2.4000
    2.4000    2.4000    2.4000    2.4000    2.4000    2.4000
100000*second partial in parameter space
       53.       40.       23.        5.        4.        7.
        5.        9.        4.        5.        2.        3.
  0.0252  0.0251  0.0250  0.0251  0.0251  0.0253  0.0252  0.0253  0.0251  0.0252  0.0250  0.0250
  0.0250  0.0250  0.0249  0.0250  0.0250  0.0251  0.0250  0.0251  0.0250  0.0250  0.0249  0.0249
  0.0249  0.0249  0.0249  0.0249  0.0249  0.0249  0.0249  0.0249  0.0249  0.0249  0.0249  0.0249
  0.0249  0.0249  0.0249  0.0249  0.0249  0.0249  0.0249  0.0249  0.0249  0.0249  0.0249  0.0249
  0.0249  0.0249  0.0249  0.0249  0.0249  0.0249  0.0249  0.0249  0.0249  0.0249  0.0249  0.0249
  0.0250  0.0250  0.0249  0.0250  0.0250  0.0250  0.0250  0.0251  0.0250  0.0250  0.0249  0.0249
  0.0252  0.0251  0.0250  0.0252  0.0251  0.0252  0.0252  0.0253  0.0251  0.0252  0.0250  0.0250
   -2.4772   26.2389   -5.1525  -13.6963  -18.8505  -10.7361
   -4.4231   -2.3370    5.0842   30.1919    1.2843  -32.9829
eta,q 0.97514  7.06135

---------------------------------------------------------------------
compute_vox2vox talsrcimg talsrcimg_to_711-2C_as_mni_average_305_t4 /opt/freesurfer/average/711-2C_as_mni_average_305
---------------------------------------------------------------------

freesurfer compute_vox2vox.c
Reading: talsrcimg.4dfp.ifh
Reading: talsrcimg_to_711-2C_as_mni_average_305_t4
Reading: /opt/freesurfer/average/711-2C_as_mni_average_305.4dfp.ifh
Writing: talsrcimg_to_711-2C_as_mni_average_305_t4_vox2vox.txt

start time Mon Mar 9 02:37:11 CET 2026
end		time Mon Mar 9 02:38:36 CET 2026

mpr2mni305 success

avi2talxfm orig_nu.mgz /opt/freesurfer/average/mni305.cor.mgz talsrcimg_to_711-2C_as_mni_average_305_t4_vox2vox.txt transforms/talairach.auto.xfm
avi2talxfm done
mv -f /out/sourcedata/freesurfer/sub-v1s17x0050264_ses-1/mri/talsrcimg_to_711-2C_as_mni_average_305_t4_vox2vox.txt /out/sourcedata/freesurfer/sub-v1s17x0050264_ses-1/mri/transforms/talsrcimg_to_711-2C_as_mni_average_305_t4_vox2vox.txt
lta_convert --src orig_nu.mgz --trg /opt/freesurfer/average/mni305.cor.mgz --inxfm transforms/talairach.auto.xfm --outlta transforms/talairach.auto.xfm.lta --subject fsaverage
7.3.2

--src: orig_nu.mgz src image (geometry).
--trg: /opt/freesurfer/average/mni305.cor.mgz trg image (geometry).
--inmni: transforms/talairach.auto.xfm input MNI/XFM transform.
--outlta: transforms/talairach.auto.xfm.lta output LTA.
--s: fsaverage subject name
 LTA read, type : 1
 1.15469   0.00786   0.06613   1.37827;
-0.03811   0.98462   0.39812  -0.01096;
-0.05817  -0.36682   1.08003  -7.88107;
 0.00000   0.00000   0.00000   1.00000;
setting subject to fsaverage
Writing  LTA to file transforms/talairach.auto.xfm.lta...
lta_convert successful.
 
 
Started at Mon Mar 9 02:37:11 CET 2026
Ended   at Mon Mar  9 02:38:36 CET 2026
talairach_avi done
